[09:59:57] This is prokka 1.14-dev
[09:59:57] Written by Torsten Seemann <torsten.seemann@gmail.com>
[09:59:57] Homepage is https://github.com/tseemann/prokka
[09:59:57] Local time is Fri Jun 29 09:59:57 2018
[09:59:57] You are christian
[09:59:57] Operating system is linux
[09:59:57] You have BioPerl 1.007002
[09:59:57] System has 20 cores.
[09:59:57] Will use maximum of 20 cores.
[09:59:57] Annotating as >>> Bacteria <<<
[09:59:57] Generating locus_tag from 'plasmid_files/CP018426.1.fasta' contents.
[09:59:57] Setting --locustag OHOLGCAL from MD5 81850ca50cb4520516d2ddab28eae356
[09:59:57] Creating new output folder: plasmid_files/CP018426.1_results
[09:59:57] Running: mkdir -p plasmid_files\/CP018426\.1_results
[09:59:57] Using filename prefix: PROKKA_06292018.XXX
[09:59:57] Setting HMMER_NCPU=1
[09:59:57] Writing log to: plasmid_files/CP018426.1_results/PROKKA_06292018.log
[09:59:57] Command: /home/christian/install/prokka/bin/prokka plasmid_files/CP018426.1.fasta --outdir plasmid_files/CP018426.1_results --cpus 20
[09:59:57] Appending to PATH: /home/christian/install/prokka/bin/../binaries/linux
[09:59:57] Appending to PATH: /home/christian/install/prokka/bin/../binaries/linux/../common
[09:59:57] Appending to PATH: /home/christian/install/prokka/bin
[09:59:57] Looking for 'aragorn' - found /home/christian/install/prokka/bin/../binaries/linux/aragorn
[09:59:57] Determined aragorn version is 1.2
[09:59:57] Looking for 'blastp' - found /usr/bin/blastp
[09:59:57] Determined blastp version is 2.2
[09:59:57] Looking for 'cmpress' - found /usr/local/bin/cmpress
[09:59:57] Determined cmpress version is 1.1
[09:59:57] Looking for 'cmscan' - found /usr/local/bin/cmscan
[09:59:57] Determined cmscan version is 1.1
[09:59:57] Looking for 'egrep' - found /bin/egrep
[09:59:57] Looking for 'find' - found /usr/bin/find
[09:59:57] Looking for 'grep' - found /bin/grep
[09:59:57] Looking for 'hmmpress' - found /usr/local/bin/hmmpress
[09:59:57] Determined hmmpress version is 3.1
[09:59:57] Looking for 'hmmscan' - found /usr/local/bin/hmmscan
[09:59:57] Determined hmmscan version is 3.1
[09:59:57] Looking for 'java' - found /usr/bin/java
[09:59:57] Looking for 'less' - found /usr/bin/less
[09:59:57] Looking for 'makeblastdb' - found /usr/bin/makeblastdb
[09:59:57] Determined makeblastdb version is 2.2
[09:59:57] Looking for 'minced' - found /home/christian/install/prokka/bin/../binaries/linux/../common/minced
[09:59:57] Determined minced version is 2.0
[09:59:57] Looking for 'parallel' - found /usr/bin/parallel
[09:59:57] Determined parallel version is 20141022
[09:59:57] Looking for 'prodigal' - found /usr/local/bin/prodigal
[09:59:57] Determined prodigal version is 2.6
[09:59:57] Looking for 'prokka-genbank_to_fasta_db' - found /home/christian/install/prokka/bin/prokka-genbank_to_fasta_db
[09:59:57] Looking for 'sed' - found /bin/sed
[09:59:57] Looking for 'tbl2asn' - found /home/christian/install/prokka/bin/../binaries/linux/tbl2asn
[09:59:57] Determined tbl2asn version is 25.6
[09:59:57] Using genetic code table 11.
[09:59:57] Loading and checking input file: plasmid_files/CP018426.1.fasta
[09:59:57] Wrote 1 contigs totalling 52058 bp.
[09:59:57] Predicting tRNAs and tmRNAs
[09:59:57] Running: aragorn -l -gc11  -w plasmid_files\/CP018426\.1_results\/PROKKA_06292018\.fna
[09:59:57] Found 0 tRNAs
[09:59:57] Predicting Ribosomal RNAs
[09:59:57] You need either Barrnap or RNAmmer installed to predict rRNAs!
[09:59:57] Skipping ncRNA search, enable with --rfam if desired.
[09:59:57] Total of 0 tRNA + rRNA features
[09:59:57] Searching for CRISPR repeats
[09:59:57] Found 0 CRISPRs
[09:59:57] Predicting coding sequences
[09:59:57] Contigs total 52058 bp, so using meta mode
[09:59:57] Running: prodigal -i plasmid_files\/CP018426\.1_results\/PROKKA_06292018\.fna -c -m -g 11 -p meta -f sco -q
[09:59:58] Found 61 CDS
[09:59:58] Connecting features back to sequences
[09:59:58] Not using genus-specific database. Try --usegenus to enable it.
[09:59:58] Annotating CDS, please be patient.
[09:59:58] Will use 20 CPUs for similarity searching.
[09:59:58] There are still 61 unannotated CDS left (started with 61)
[09:59:58] Will use blast to search against /home/christian/install/prokka/db/kingdom/Bacteria/sprot with 20 CPUs
[09:59:58] Running: cat plasmid_files\/CP018426\.1_results\/sprot\.faa | parallel --gnu --plain -j 20 --block 365 --recstart '>' --pipe blastp -query - -db /home/christian/install/prokka/db/kingdom/Bacteria/sprot -evalue 1e-06 -num_threads 1 -num_descriptions 1 -num_alignments 1 -seg no > plasmid_files\/CP018426\.1_results\/sprot\.blast 2> /dev/null
[09:59:58] Modify product: Putative conjugal transfer protein Rv3659c => Putative conjugal transfer protein
[09:59:58] Modify product: Pentapeptide repeat protein VPA0095 => Pentapeptide repeat protein
[09:59:58] Cleaned 2 /product names
[09:59:58] Deleting unwanted file: plasmid_files/CP018426.1_results/sprot.faa
[09:59:58] Deleting unwanted file: plasmid_files/CP018426.1_results/sprot.blast
[09:59:58] There are still 47 unannotated CDS left (started with 61)
[09:59:58] Will use hmmer3 to search against /home/christian/install/prokka/db/hmm/HAMAP.hmm with 20 CPUs
[09:59:58] Running: cat plasmid_files\/CP018426\.1_results\/HAMAP\.hmm\.faa | parallel --gnu --plain -j 20 --block 268 --recstart '>' --pipe hmmscan --noali --notextw --acc -E 1e-06 --cpu 1 /home/christian/install/prokka/db/hmm/HAMAP.hmm /dev/stdin > plasmid_files\/CP018426\.1_results\/HAMAP\.hmm\.hmmer3 2> /dev/null
[09:59:59] Deleting unwanted file: plasmid_files/CP018426.1_results/HAMAP.hmm.faa
[09:59:59] Deleting unwanted file: plasmid_files/CP018426.1_results/HAMAP.hmm.hmmer3
[09:59:59] Labelling remaining 47 proteins as 'hypothetical protein'
[09:59:59] Found 9 unique /gene codes.
[09:59:59] Fixed 2 duplicate /gene - hin_1 hin_2
[09:59:59] Fixed 2 duplicate /gene - xerD_1 xerD_2
[09:59:59] Fixed 2 colliding /gene names.
[09:59:59] Adding /locus_tag identifiers
[09:59:59] Assigned 61 locus_tags to CDS and RNA features.
[09:59:59] Writing outputs to plasmid_files/CP018426.1_results/
[09:59:59] Generating annotation statistics file
[09:59:59] Generating Genbank and Sequin files
[09:59:59] Running: tbl2asn -V b -a r10k -l paired-ends -M n -N 1 -y 'Annotated using prokka 1.14-dev from https://github.com/tseemann/prokka' -Z plasmid_files\/CP018426\.1_results\/PROKKA_06292018\.err -i plasmid_files\/CP018426\.1_results\/PROKKA_06292018\.fsa 2> /dev/null
[09:59:59] Deleting unwanted file: plasmid_files/CP018426.1_results/errorsummary.val
[09:59:59] Deleting unwanted file: plasmid_files/CP018426.1_results/PROKKA_06292018.dr
[09:59:59] Deleting unwanted file: plasmid_files/CP018426.1_results/PROKKA_06292018.fixedproducts
[09:59:59] Deleting unwanted file: plasmid_files/CP018426.1_results/PROKKA_06292018.ecn
[09:59:59] Deleting unwanted file: plasmid_files/CP018426.1_results/PROKKA_06292018.val
[09:59:59] Repairing broken .GBK output that tbl2asn produces...
[09:59:59] Running: sed 's/COORDINATES: profile/COORDINATES:profile/' < plasmid_files\/CP018426\.1_results\/PROKKA_06292018\.gbf > plasmid_files\/CP018426\.1_results\/PROKKA_06292018\.gbk
[09:59:59] Deleting unwanted file: plasmid_files/CP018426.1_results/PROKKA_06292018.gbf
[09:59:59] Output files:
[09:59:59] plasmid_files/CP018426.1_results/PROKKA_06292018.sqn
[09:59:59] plasmid_files/CP018426.1_results/PROKKA_06292018.fsa
[09:59:59] plasmid_files/CP018426.1_results/PROKKA_06292018.tbl
[09:59:59] plasmid_files/CP018426.1_results/PROKKA_06292018.log
[09:59:59] plasmid_files/CP018426.1_results/PROKKA_06292018.gff
[09:59:59] plasmid_files/CP018426.1_results/PROKKA_06292018.txt
[09:59:59] plasmid_files/CP018426.1_results/PROKKA_06292018.gbk
[09:59:59] plasmid_files/CP018426.1_results/PROKKA_06292018.faa
[09:59:59] plasmid_files/CP018426.1_results/PROKKA_06292018.fna
[09:59:59] plasmid_files/CP018426.1_results/PROKKA_06292018.tsv
[09:59:59] plasmid_files/CP018426.1_results/PROKKA_06292018.ffn
[09:59:59] plasmid_files/CP018426.1_results/PROKKA_06292018.err
[09:59:59] Annotation finished successfully.
[09:59:59] Walltime used: 0.03 minutes
[09:59:59] If you use this result please cite the Prokka paper:
[09:59:59] Seemann T (2014) Prokka: rapid prokaryotic genome annotation. Bioinformatics. 30(14):2068-9.
[09:59:59] Type 'prokka --citation' for more details.
[09:59:59] Thank you, come again.
