Discrepancy Report Results

Summary
FATAL: MISSING_PROTEIN_ID:141 proteins have invalid IDs.
DISC_SOURCE_QUALS_ASNDISC:strain (all present, all unique)
DISC_SOURCE_QUALS_ASNDISC:taxname (all present, all unique)
DISC_FEATURE_COUNT:CDS: 141 present
DISC_COUNT_NUCLEOTIDES:1 nucleotide Bioseqs are present
FEATURE_LOCATION_CONFLICT:141 features have inconsistent gene locations.
SUSPECT_PRODUCT_NAMES:1 product_names contain suspect phrase or characters
	May contain database identifier more appropriate in note; remove from product name
		1 features Three or more numbers together
DISC_QUALITY_SCORES:Quality scores are missing on all sequences.
ONCALLER_COMMENT_PRESENT:1 comment descriptors were found (all same)
SHORT_PROT_SEQUENCES:3 protein sequences are shorter than 50 aa.
MISSING_GENOMEASSEMBLY_COMMENTS:1 bioseqs are missing GenomeAssembly structured comments
MOLTYPE_NOT_MRNA:1 molecule types are not set as mRNA.
TECHNIQUE_NOT_TSA:1 technique are not set as TSA
MISSING_STRUCTURED_COMMENT:1 sequences do not include structured comments.
MISSING_PROJECT:142 sequences do not include project.
DISC_INCONSISTENT_MOLINFO_TECH:Molinfo Technique Report (some missing, all same)


Detailed Report

FATAL: DiscRep_ALL:MISSING_PROTEIN_ID::141 proteins have invalid IDs.
plasmid_files/CP023443.1_results/PROKKA_06292018:CP023443.1_1 (length 92)
plasmid_files/CP023443.1_results/PROKKA_06292018:CP023443.1_2 (length 137)
plasmid_files/CP023443.1_results/PROKKA_06292018:CP023443.1_3 (length 71)
plasmid_files/CP023443.1_results/PROKKA_06292018:CP023443.1_4 (length 273)
plasmid_files/CP023443.1_results/PROKKA_06292018:CP023443.1_5 (length 104)
plasmid_files/CP023443.1_results/PROKKA_06292018:CP023443.1_6 (length 161)
plasmid_files/CP023443.1_results/PROKKA_06292018:CP023443.1_7 (length 132)
plasmid_files/CP023443.1_results/PROKKA_06292018:CP023443.1_8 (length 228)
plasmid_files/CP023443.1_results/PROKKA_06292018:CP023443.1_9 (length 128)
plasmid_files/CP023443.1_results/PROKKA_06292018:CP023443.1_10 (length 122)
plasmid_files/CP023443.1_results/PROKKA_06292018:CP023443.1_11 (length 101)
plasmid_files/CP023443.1_results/PROKKA_06292018:CP023443.1_12 (length 188)
plasmid_files/CP023443.1_results/PROKKA_06292018:CP023443.1_13 (length 246)
plasmid_files/CP023443.1_results/PROKKA_06292018:CP023443.1_14 (length 474)
plasmid_files/CP023443.1_results/PROKKA_06292018:CP023443.1_15 (length 190)
plasmid_files/CP023443.1_results/PROKKA_06292018:CP023443.1_16 (length 136)
plasmid_files/CP023443.1_results/PROKKA_06292018:CP023443.1_17 (length 72)
plasmid_files/CP023443.1_results/PROKKA_06292018:CP023443.1_18 (length 103)
plasmid_files/CP023443.1_results/PROKKA_06292018:CP023443.1_19 (length 129)
plasmid_files/CP023443.1_results/PROKKA_06292018:CP023443.1_20 (length 129)
plasmid_files/CP023443.1_results/PROKKA_06292018:CP023443.1_21 (length 879)
plasmid_files/CP023443.1_results/PROKKA_06292018:CP023443.1_22 (length 129)
plasmid_files/CP023443.1_results/PROKKA_06292018:CP023443.1_23 (length 208)
plasmid_files/CP023443.1_results/PROKKA_06292018:CP023443.1_24 (length 129)
plasmid_files/CP023443.1_results/PROKKA_06292018:CP023443.1_25 (length 329)
plasmid_files/CP023443.1_results/PROKKA_06292018:CP023443.1_26 (length 212)
plasmid_files/CP023443.1_results/PROKKA_06292018:CP023443.1_27 (length 651)
plasmid_files/CP023443.1_results/PROKKA_06292018:CP023443.1_28 (length 84)
plasmid_files/CP023443.1_results/PROKKA_06292018:CP023443.1_29 (length 88)
plasmid_files/CP023443.1_results/PROKKA_06292018:CP023443.1_30 (length 108)
plasmid_files/CP023443.1_results/PROKKA_06292018:CP023443.1_31 (length 250)
plasmid_files/CP023443.1_results/PROKKA_06292018:CP023443.1_32 (length 79)
plasmid_files/CP023443.1_results/PROKKA_06292018:CP023443.1_33 (length 185)
plasmid_files/CP023443.1_results/PROKKA_06292018:CP023443.1_34 (length 147)
plasmid_files/CP023443.1_results/PROKKA_06292018:CP023443.1_35 (length 455)
plasmid_files/CP023443.1_results/PROKKA_06292018:CP023443.1_36 (length 949)
plasmid_files/CP023443.1_results/PROKKA_06292018:CP023443.1_37 (length 182)
plasmid_files/CP023443.1_results/PROKKA_06292018:CP023443.1_38 (length 243)
plasmid_files/CP023443.1_results/PROKKA_06292018:CP023443.1_39 (length 229)
plasmid_files/CP023443.1_results/PROKKA_06292018:CP023443.1_40 (length 770)
plasmid_files/CP023443.1_results/PROKKA_06292018:CP023443.1_41 (length 1753)
plasmid_files/CP023443.1_results/PROKKA_06292018:CP023443.1_42 (length 241)
plasmid_files/CP023443.1_results/PROKKA_06292018:CP023443.1_43 (length 197)
plasmid_files/CP023443.1_results/PROKKA_06292018:CP023443.1_44 (length 73)
plasmid_files/CP023443.1_results/PROKKA_06292018:CP023443.1_45 (length 214)
plasmid_files/CP023443.1_results/PROKKA_06292018:CP023443.1_46 (length 216)
plasmid_files/CP023443.1_results/PROKKA_06292018:CP023443.1_47 (length 102)
plasmid_files/CP023443.1_results/PROKKA_06292018:CP023443.1_48 (length 186)
plasmid_files/CP023443.1_results/PROKKA_06292018:CP023443.1_49 (length 83)
plasmid_files/CP023443.1_results/PROKKA_06292018:CP023443.1_50 (length 285)
plasmid_files/CP023443.1_results/PROKKA_06292018:CP023443.1_51 (length 187)
plasmid_files/CP023443.1_results/PROKKA_06292018:CP023443.1_52 (length 203)
plasmid_files/CP023443.1_results/PROKKA_06292018:CP023443.1_53 (length 330)
plasmid_files/CP023443.1_results/PROKKA_06292018:CP023443.1_54 (length 51)
plasmid_files/CP023443.1_results/PROKKA_06292018:CP023443.1_55 (length 571)
plasmid_files/CP023443.1_results/PROKKA_06292018:CP023443.1_56 (length 1009)
plasmid_files/CP023443.1_results/PROKKA_06292018:CP023443.1_57 (length 341)
plasmid_files/CP023443.1_results/PROKKA_06292018:CP023443.1_58 (length 259)
plasmid_files/CP023443.1_results/PROKKA_06292018:CP023443.1_59 (length 79)
plasmid_files/CP023443.1_results/PROKKA_06292018:CP023443.1_60 (length 293)
plasmid_files/CP023443.1_results/PROKKA_06292018:CP023443.1_61 (length 439)
plasmid_files/CP023443.1_results/PROKKA_06292018:CP023443.1_62 (length 394)
plasmid_files/CP023443.1_results/PROKKA_06292018:CP023443.1_63 (length 70)
plasmid_files/CP023443.1_results/PROKKA_06292018:CP023443.1_64 (length 119)
plasmid_files/CP023443.1_results/PROKKA_06292018:CP023443.1_65 (length 38)
plasmid_files/CP023443.1_results/PROKKA_06292018:CP023443.1_66 (length 206)
plasmid_files/CP023443.1_results/PROKKA_06292018:CP023443.1_67 (length 965)
plasmid_files/CP023443.1_results/PROKKA_06292018:CP023443.1_68 (length 234)
plasmid_files/CP023443.1_results/PROKKA_06292018:CP023443.1_69 (length 111)
plasmid_files/CP023443.1_results/PROKKA_06292018:CP023443.1_70 (length 119)
plasmid_files/CP023443.1_results/PROKKA_06292018:CP023443.1_71 (length 83)
plasmid_files/CP023443.1_results/PROKKA_06292018:CP023443.1_72 (length 286)
plasmid_files/CP023443.1_results/PROKKA_06292018:CP023443.1_73 (length 136)
plasmid_files/CP023443.1_results/PROKKA_06292018:CP023443.1_74 (length 422)
plasmid_files/CP023443.1_results/PROKKA_06292018:CP023443.1_75 (length 235)
plasmid_files/CP023443.1_results/PROKKA_06292018:CP023443.1_76 (length 78)
plasmid_files/CP023443.1_results/PROKKA_06292018:CP023443.1_77 (length 120)
plasmid_files/CP023443.1_results/PROKKA_06292018:CP023443.1_78 (length 564)
plasmid_files/CP023443.1_results/PROKKA_06292018:CP023443.1_79 (length 140)
plasmid_files/CP023443.1_results/PROKKA_06292018:CP023443.1_80 (length 125)
plasmid_files/CP023443.1_results/PROKKA_06292018:CP023443.1_81 (length 91)
plasmid_files/CP023443.1_results/PROKKA_06292018:CP023443.1_82 (length 236)
plasmid_files/CP023443.1_results/PROKKA_06292018:CP023443.1_83 (length 133)
plasmid_files/CP023443.1_results/PROKKA_06292018:CP023443.1_84 (length 76)
plasmid_files/CP023443.1_results/PROKKA_06292018:CP023443.1_85 (length 72)
plasmid_files/CP023443.1_results/PROKKA_06292018:CP023443.1_86 (length 101)
plasmid_files/CP023443.1_results/PROKKA_06292018:CP023443.1_87 (length 131)
plasmid_files/CP023443.1_results/PROKKA_06292018:CP023443.1_88 (length 107)
plasmid_files/CP023443.1_results/PROKKA_06292018:CP023443.1_89 (length 338)
plasmid_files/CP023443.1_results/PROKKA_06292018:CP023443.1_90 (length 47)
plasmid_files/CP023443.1_results/PROKKA_06292018:CP023443.1_91 (length 422)
plasmid_files/CP023443.1_results/PROKKA_06292018:CP023443.1_92 (length 1085)
plasmid_files/CP023443.1_results/PROKKA_06292018:CP023443.1_93 (length 217)
plasmid_files/CP023443.1_results/PROKKA_06292018:CP023443.1_94 (length 675)
plasmid_files/CP023443.1_results/PROKKA_06292018:CP023443.1_95 (length 264)
plasmid_files/CP023443.1_results/PROKKA_06292018:CP023443.1_96 (length 65)
plasmid_files/CP023443.1_results/PROKKA_06292018:CP023443.1_97 (length 100)
plasmid_files/CP023443.1_results/PROKKA_06292018:CP023443.1_98 (length 208)
plasmid_files/CP023443.1_results/PROKKA_06292018:CP023443.1_99 (length 115)
plasmid_files/CP023443.1_results/PROKKA_06292018:CP023443.1_100 (length 512)
plasmid_files/CP023443.1_results/PROKKA_06292018:CP023443.1_101 (length 291)
plasmid_files/CP023443.1_results/PROKKA_06292018:CP023443.1_102 (length 423)
plasmid_files/CP023443.1_results/PROKKA_06292018:CP023443.1_103 (length 143)
plasmid_files/CP023443.1_results/PROKKA_06292018:CP023443.1_104 (length 323)
plasmid_files/CP023443.1_results/PROKKA_06292018:CP023443.1_105 (length 223)
plasmid_files/CP023443.1_results/PROKKA_06292018:CP023443.1_106 (length 76)
plasmid_files/CP023443.1_results/PROKKA_06292018:CP023443.1_107 (length 233)
plasmid_files/CP023443.1_results/PROKKA_06292018:CP023443.1_108 (length 73)
plasmid_files/CP023443.1_results/PROKKA_06292018:CP023443.1_109 (length 139)
plasmid_files/CP023443.1_results/PROKKA_06292018:CP023443.1_110 (length 254)
plasmid_files/CP023443.1_results/PROKKA_06292018:CP023443.1_111 (length 142)
plasmid_files/CP023443.1_results/PROKKA_06292018:CP023443.1_112 (length 168)
plasmid_files/CP023443.1_results/PROKKA_06292018:CP023443.1_113 (length 63)
plasmid_files/CP023443.1_results/PROKKA_06292018:CP023443.1_114 (length 84)
plasmid_files/CP023443.1_results/PROKKA_06292018:CP023443.1_115 (length 106)
plasmid_files/CP023443.1_results/PROKKA_06292018:CP023443.1_116 (length 58)
plasmid_files/CP023443.1_results/PROKKA_06292018:CP023443.1_117 (length 75)
plasmid_files/CP023443.1_results/PROKKA_06292018:CP023443.1_118 (length 76)
plasmid_files/CP023443.1_results/PROKKA_06292018:CP023443.1_119 (length 451)
plasmid_files/CP023443.1_results/PROKKA_06292018:CP023443.1_120 (length 187)
plasmid_files/CP023443.1_results/PROKKA_06292018:CP023443.1_121 (length 109)
plasmid_files/CP023443.1_results/PROKKA_06292018:CP023443.1_122 (length 180)
plasmid_files/CP023443.1_results/PROKKA_06292018:CP023443.1_123 (length 82)
plasmid_files/CP023443.1_results/PROKKA_06292018:CP023443.1_124 (length 685)
plasmid_files/CP023443.1_results/PROKKA_06292018:CP023443.1_125 (length 143)
plasmid_files/CP023443.1_results/PROKKA_06292018:CP023443.1_126 (length 242)
plasmid_files/CP023443.1_results/PROKKA_06292018:CP023443.1_127 (length 108)
plasmid_files/CP023443.1_results/PROKKA_06292018:CP023443.1_128 (length 115)
plasmid_files/CP023443.1_results/PROKKA_06292018:CP023443.1_129 (length 173)
plasmid_files/CP023443.1_results/PROKKA_06292018:CP023443.1_130 (length 347)
plasmid_files/CP023443.1_results/PROKKA_06292018:CP023443.1_131 (length 48)
plasmid_files/CP023443.1_results/PROKKA_06292018:CP023443.1_132 (length 90)
plasmid_files/CP023443.1_results/PROKKA_06292018:CP023443.1_133 (length 116)
plasmid_files/CP023443.1_results/PROKKA_06292018:CP023443.1_134 (length 105)
plasmid_files/CP023443.1_results/PROKKA_06292018:CP023443.1_135 (length 118)
plasmid_files/CP023443.1_results/PROKKA_06292018:CP023443.1_136 (length 70)
plasmid_files/CP023443.1_results/PROKKA_06292018:CP023443.1_137 (length 74)
plasmid_files/CP023443.1_results/PROKKA_06292018:CP023443.1_138 (length 77)
plasmid_files/CP023443.1_results/PROKKA_06292018:CP023443.1_139 (length 92)
plasmid_files/CP023443.1_results/PROKKA_06292018:CP023443.1_140 (length 137)
plasmid_files/CP023443.1_results/PROKKA_06292018:CP023443.1_141 (length 71)

DiscRep_ALL:DISC_SOURCE_QUALS_ASNDISC::strain (all present, all unique)
DiscRep_SUB:DISC_SOURCE_QUALS_ASNDISC::1 sources have unique values for strain
DiscRep_ALL:DISC_SOURCE_QUALS_ASNDISC::taxname (all present, all unique)
DiscRep_SUB:DISC_SOURCE_QUALS_ASNDISC::1 sources have unique values for taxname
DiscRep_ALL:DISC_FEATURE_COUNT::CDS: 141 present
DiscRep_ALL:DISC_COUNT_NUCLEOTIDES::1 nucleotide Bioseqs are present
plasmid_files/CP023443.1_results/PROKKA_06292018:CP023443.1 (length 117859)

DiscRep_ALL:FEATURE_LOCATION_CONFLICT::141 features have inconsistent gene locations.
DiscRep_SUB:FEATURE_LOCATION_CONFLICT::Coding region xref gene does not exist
plasmid_files/CP023443.1_results/PROKKA_06292018:CDS	Antitoxin HigA1	CP023443.1:115-393	OEFBPODN_00001

DiscRep_SUB:FEATURE_LOCATION_CONFLICT::Coding region xref gene does not exist
plasmid_files/CP023443.1_results/PROKKA_06292018:CDS	Antitoxin HigA	CP023443.1:394-807	OEFBPODN_00002

DiscRep_SUB:FEATURE_LOCATION_CONFLICT::Coding region xref gene does not exist
plasmid_files/CP023443.1_results/PROKKA_06292018:CDS	hypothetical protein	CP023443.1:c918-703	OEFBPODN_00003

DiscRep_SUB:FEATURE_LOCATION_CONFLICT::Coding region xref gene does not exist
plasmid_files/CP023443.1_results/PROKKA_06292018:CDS	hypothetical protein	CP023443.1:1636-2457	OEFBPODN_00004

DiscRep_SUB:FEATURE_LOCATION_CONFLICT::Coding region xref gene does not exist
plasmid_files/CP023443.1_results/PROKKA_06292018:CDS	hypothetical protein	CP023443.1:2505-2819	OEFBPODN_00005

DiscRep_SUB:FEATURE_LOCATION_CONFLICT::Coding region xref gene does not exist
plasmid_files/CP023443.1_results/PROKKA_06292018:CDS	hypothetical protein	CP023443.1:c3337-2852	OEFBPODN_00006

DiscRep_SUB:FEATURE_LOCATION_CONFLICT::Coding region xref gene does not exist
plasmid_files/CP023443.1_results/PROKKA_06292018:CDS	Relaxosome protein TraM	CP023443.1:3759-4157	OEFBPODN_00007

DiscRep_SUB:FEATURE_LOCATION_CONFLICT::Coding region xref gene does not exist
plasmid_files/CP023443.1_results/PROKKA_06292018:CDS	Protein TraJ	CP023443.1:4331-5017	OEFBPODN_00008

DiscRep_SUB:FEATURE_LOCATION_CONFLICT::Coding region xref gene does not exist
plasmid_files/CP023443.1_results/PROKKA_06292018:CDS	Relaxosome protein TraY	CP023443.1:5096-5482	OEFBPODN_00009

DiscRep_SUB:FEATURE_LOCATION_CONFLICT::Coding region xref gene does not exist
plasmid_files/CP023443.1_results/PROKKA_06292018:CDS	Pilin	CP023443.1:5536-5904	OEFBPODN_00010

DiscRep_SUB:FEATURE_LOCATION_CONFLICT::Coding region xref gene does not exist
plasmid_files/CP023443.1_results/PROKKA_06292018:CDS	hypothetical protein	CP023443.1:5918-6223	OEFBPODN_00011

DiscRep_SUB:FEATURE_LOCATION_CONFLICT::Coding region xref gene does not exist
plasmid_files/CP023443.1_results/PROKKA_06292018:CDS	hypothetical protein	CP023443.1:6243-6809	OEFBPODN_00012

DiscRep_SUB:FEATURE_LOCATION_CONFLICT::Coding region xref gene does not exist
plasmid_files/CP023443.1_results/PROKKA_06292018:CDS	hypothetical protein	CP023443.1:6796-7536	OEFBPODN_00013

DiscRep_SUB:FEATURE_LOCATION_CONFLICT::Coding region xref gene does not exist
plasmid_files/CP023443.1_results/PROKKA_06292018:CDS	hypothetical protein	CP023443.1:7536-8960	OEFBPODN_00014

DiscRep_SUB:FEATURE_LOCATION_CONFLICT::Coding region xref gene does not exist
plasmid_files/CP023443.1_results/PROKKA_06292018:CDS	Protein TraV	CP023443.1:9086-9658	OEFBPODN_00015

DiscRep_SUB:FEATURE_LOCATION_CONFLICT::Coding region xref gene does not exist
plasmid_files/CP023443.1_results/PROKKA_06292018:CDS	hypothetical protein	CP023443.1:9790-10200	OEFBPODN_00016

DiscRep_SUB:FEATURE_LOCATION_CONFLICT::Coding region xref gene does not exist
plasmid_files/CP023443.1_results/PROKKA_06292018:CDS	hypothetical protein	CP023443.1:10306-10524	OEFBPODN_00017

DiscRep_SUB:FEATURE_LOCATION_CONFLICT::Coding region xref gene does not exist
plasmid_files/CP023443.1_results/PROKKA_06292018:CDS	hypothetical protein	CP023443.1:10525-10836	OEFBPODN_00018

DiscRep_SUB:FEATURE_LOCATION_CONFLICT::Coding region xref gene does not exist
plasmid_files/CP023443.1_results/PROKKA_06292018:CDS	hypothetical protein	CP023443.1:11350-11739	OEFBPODN_00019

DiscRep_SUB:FEATURE_LOCATION_CONFLICT::Coding region xref gene does not exist
plasmid_files/CP023443.1_results/PROKKA_06292018:CDS	hypothetical protein	CP023443.1:11756-12145	OEFBPODN_00020

DiscRep_SUB:FEATURE_LOCATION_CONFLICT::Coding region xref gene does not exist
plasmid_files/CP023443.1_results/PROKKA_06292018:CDS	Protein TraC	CP023443.1:12217-14856	OEFBPODN_00021

DiscRep_SUB:FEATURE_LOCATION_CONFLICT::Coding region xref gene does not exist
plasmid_files/CP023443.1_results/PROKKA_06292018:CDS	hypothetical protein	CP023443.1:14856-15245	OEFBPODN_00022

DiscRep_SUB:FEATURE_LOCATION_CONFLICT::Coding region xref gene does not exist
plasmid_files/CP023443.1_results/PROKKA_06292018:CDS	hypothetical protein	CP023443.1:15245-15871	OEFBPODN_00023

DiscRep_SUB:FEATURE_LOCATION_CONFLICT::Coding region xref gene does not exist
plasmid_files/CP023443.1_results/PROKKA_06292018:CDS	hypothetical protein	CP023443.1:15913-16302	OEFBPODN_00024

DiscRep_SUB:FEATURE_LOCATION_CONFLICT::Coding region xref gene does not exist
plasmid_files/CP023443.1_results/PROKKA_06292018:CDS	hypothetical protein	CP023443.1:16299-17288	OEFBPODN_00025

DiscRep_SUB:FEATURE_LOCATION_CONFLICT::Coding region xref gene does not exist
plasmid_files/CP023443.1_results/PROKKA_06292018:CDS	hypothetical protein	CP023443.1:17301-17939	OEFBPODN_00026

DiscRep_SUB:FEATURE_LOCATION_CONFLICT::Coding region xref gene does not exist
plasmid_files/CP023443.1_results/PROKKA_06292018:CDS	hypothetical protein	CP023443.1:17998-19953	OEFBPODN_00027

DiscRep_SUB:FEATURE_LOCATION_CONFLICT::Coding region xref gene does not exist
plasmid_files/CP023443.1_results/PROKKA_06292018:CDS	hypothetical protein	CP023443.1:19985-20239	OEFBPODN_00028

DiscRep_SUB:FEATURE_LOCATION_CONFLICT::Coding region xref gene does not exist
plasmid_files/CP023443.1_results/PROKKA_06292018:CDS	hypothetical protein	CP023443.1:20199-20465	OEFBPODN_00029

DiscRep_SUB:FEATURE_LOCATION_CONFLICT::Coding region xref gene does not exist
plasmid_files/CP023443.1_results/PROKKA_06292018:CDS	hypothetical protein	CP023443.1:20478-20804	OEFBPODN_00030

DiscRep_SUB:FEATURE_LOCATION_CONFLICT::Coding region xref gene does not exist
plasmid_files/CP023443.1_results/PROKKA_06292018:CDS	hypothetical protein	CP023443.1:20825-21577	OEFBPODN_00031

DiscRep_SUB:FEATURE_LOCATION_CONFLICT::Coding region xref gene does not exist
plasmid_files/CP023443.1_results/PROKKA_06292018:CDS	Protein TraQ	CP023443.1:21588-21827	OEFBPODN_00032

DiscRep_SUB:FEATURE_LOCATION_CONFLICT::Coding region xref gene does not exist
plasmid_files/CP023443.1_results/PROKKA_06292018:CDS	hypothetical protein	CP023443.1:21799-22356	OEFBPODN_00033

DiscRep_SUB:FEATURE_LOCATION_CONFLICT::Coding region xref gene does not exist
plasmid_files/CP023443.1_results/PROKKA_06292018:CDS	hypothetical protein	CP023443.1:22402-22845	OEFBPODN_00034

DiscRep_SUB:FEATURE_LOCATION_CONFLICT::Coding region xref gene does not exist
plasmid_files/CP023443.1_results/PROKKA_06292018:CDS	hypothetical protein	CP023443.1:22835-24202	OEFBPODN_00035

DiscRep_SUB:FEATURE_LOCATION_CONFLICT::Coding region xref gene does not exist
plasmid_files/CP023443.1_results/PROKKA_06292018:CDS	hypothetical protein	CP023443.1:24202-27051	OEFBPODN_00036

DiscRep_SUB:FEATURE_LOCATION_CONFLICT::Coding region xref gene does not exist
plasmid_files/CP023443.1_results/PROKKA_06292018:CDS	Protein TraS	CP023443.1:27064-27612	OEFBPODN_00037

DiscRep_SUB:FEATURE_LOCATION_CONFLICT::Coding region xref gene does not exist
plasmid_files/CP023443.1_results/PROKKA_06292018:CDS	Lipoprotein YlpA	CP023443.1:27796-28527	OEFBPODN_00038

DiscRep_SUB:FEATURE_LOCATION_CONFLICT::Coding region xref gene does not exist
plasmid_files/CP023443.1_results/PROKKA_06292018:CDS	hypothetical protein	CP023443.1:28719-29408	OEFBPODN_00039

DiscRep_SUB:FEATURE_LOCATION_CONFLICT::Coding region xref gene does not exist
plasmid_files/CP023443.1_results/PROKKA_06292018:CDS	Coupling protein TraD	CP023443.1:29537-31849	OEFBPODN_00040

DiscRep_SUB:FEATURE_LOCATION_CONFLICT::Coding region xref gene does not exist
plasmid_files/CP023443.1_results/PROKKA_06292018:CDS	Multifunctional conjugation protein TraI	CP023443.1:31849-37110	OEFBPODN_00041

DiscRep_SUB:FEATURE_LOCATION_CONFLICT::Coding region xref gene does not exist
plasmid_files/CP023443.1_results/PROKKA_06292018:CDS	hypothetical protein	CP023443.1:37191-37916	OEFBPODN_00042

DiscRep_SUB:FEATURE_LOCATION_CONFLICT::Coding region xref gene does not exist
plasmid_files/CP023443.1_results/PROKKA_06292018:CDS	Fertility inhibition protein	CP023443.1:37988-38581	OEFBPODN_00043

DiscRep_SUB:FEATURE_LOCATION_CONFLICT::Coding region xref gene does not exist
plasmid_files/CP023443.1_results/PROKKA_06292018:CDS	hypothetical protein	CP023443.1:39123-39344	OEFBPODN_00044

DiscRep_SUB:FEATURE_LOCATION_CONFLICT::Coding region xref gene does not exist
plasmid_files/CP023443.1_results/PROKKA_06292018:CDS	hypothetical protein	CP023443.1:39394-40038	OEFBPODN_00045

DiscRep_SUB:FEATURE_LOCATION_CONFLICT::Coding region xref gene does not exist
plasmid_files/CP023443.1_results/PROKKA_06292018:CDS	hypothetical protein	CP023443.1:40094-40744	OEFBPODN_00046

DiscRep_SUB:FEATURE_LOCATION_CONFLICT::Coding region xref gene does not exist
plasmid_files/CP023443.1_results/PROKKA_06292018:CDS	hypothetical protein	CP023443.1:40741-41049	OEFBPODN_00047

DiscRep_SUB:FEATURE_LOCATION_CONFLICT::Coding region xref gene does not exist
plasmid_files/CP023443.1_results/PROKKA_06292018:CDS	Phospholipase D	CP023443.1:41144-41704	OEFBPODN_00048

DiscRep_SUB:FEATURE_LOCATION_CONFLICT::Coding region xref gene does not exist
plasmid_files/CP023443.1_results/PROKKA_06292018:CDS	hypothetical protein	CP023443.1:41840-42091	OEFBPODN_00049

DiscRep_SUB:FEATURE_LOCATION_CONFLICT::Coding region xref gene does not exist
plasmid_files/CP023443.1_results/PROKKA_06292018:CDS	hypothetical protein	CP023443.1:42393-43250	OEFBPODN_00050

DiscRep_SUB:FEATURE_LOCATION_CONFLICT::Coding region xref gene does not exist
plasmid_files/CP023443.1_results/PROKKA_06292018:CDS	RNA chaperone ProQ	CP023443.1:44469-45032	OEFBPODN_00051

DiscRep_SUB:FEATURE_LOCATION_CONFLICT::Coding region xref gene does not exist
plasmid_files/CP023443.1_results/PROKKA_06292018:CDS	hypothetical protein	CP023443.1:45016-45627	OEFBPODN_00052

DiscRep_SUB:FEATURE_LOCATION_CONFLICT::Coding region xref gene does not exist
plasmid_files/CP023443.1_results/PROKKA_06292018:CDS	hypothetical protein	CP023443.1:c47016-46024	OEFBPODN_00053

DiscRep_SUB:FEATURE_LOCATION_CONFLICT::Coding region xref gene does not exist
plasmid_files/CP023443.1_results/PROKKA_06292018:CDS	hypothetical protein	CP023443.1:c47220-47065	OEFBPODN_00054

DiscRep_SUB:FEATURE_LOCATION_CONFLICT::Coding region xref gene does not exist
plasmid_files/CP023443.1_results/PROKKA_06292018:CDS	Tyrosine recombinase XerD	CP023443.1:c49230-47515	OEFBPODN_00055

DiscRep_SUB:FEATURE_LOCATION_CONFLICT::Coding region xref gene does not exist
plasmid_files/CP023443.1_results/PROKKA_06292018:CDS	hypothetical protein	CP023443.1:49340-52369	OEFBPODN_00056

DiscRep_SUB:FEATURE_LOCATION_CONFLICT::Coding region xref gene does not exist
plasmid_files/CP023443.1_results/PROKKA_06292018:CDS	hypothetical protein	CP023443.1:52476-53501	OEFBPODN_00057

DiscRep_SUB:FEATURE_LOCATION_CONFLICT::Coding region xref gene does not exist
plasmid_files/CP023443.1_results/PROKKA_06292018:CDS	Insertion sequence IS5376 putative ATP-binding protein	CP023443.1:53498-54277	OEFBPODN_00058

DiscRep_SUB:FEATURE_LOCATION_CONFLICT::Coding region xref gene does not exist
plasmid_files/CP023443.1_results/PROKKA_06292018:CDS	hypothetical protein	CP023443.1:54274-54513	OEFBPODN_00059

DiscRep_SUB:FEATURE_LOCATION_CONFLICT::Coding region xref gene does not exist
plasmid_files/CP023443.1_results/PROKKA_06292018:CDS	Carbapenem-hydrolyzing beta-lactamase KPC	CP023443.1:54565-55446	OEFBPODN_00060

DiscRep_SUB:FEATURE_LOCATION_CONFLICT::Coding region xref gene does not exist
plasmid_files/CP023443.1_results/PROKKA_06292018:CDS	hypothetical protein	CP023443.1:c57015-55696	OEFBPODN_00061

DiscRep_SUB:FEATURE_LOCATION_CONFLICT::Coding region xref gene does not exist
plasmid_files/CP023443.1_results/PROKKA_06292018:CDS	hypothetical protein	CP023443.1:c58476-57292	OEFBPODN_00062

DiscRep_SUB:FEATURE_LOCATION_CONFLICT::Coding region xref gene does not exist
plasmid_files/CP023443.1_results/PROKKA_06292018:CDS	hypothetical protein	CP023443.1:58596-58808	OEFBPODN_00063

DiscRep_SUB:FEATURE_LOCATION_CONFLICT::Coding region xref gene does not exist
plasmid_files/CP023443.1_results/PROKKA_06292018:CDS	hypothetical protein	CP023443.1:58980-59339	OEFBPODN_00064

DiscRep_SUB:FEATURE_LOCATION_CONFLICT::Coding region xref gene does not exist
plasmid_files/CP023443.1_results/PROKKA_06292018:CDS	hypothetical protein	CP023443.1:c59582-59466	OEFBPODN_00065

DiscRep_SUB:FEATURE_LOCATION_CONFLICT::Coding region xref gene does not exist
plasmid_files/CP023443.1_results/PROKKA_06292018:CDS	Putative transposon Tn552 DNA-invertase bin3	CP023443.1:c61125-60505	OEFBPODN_00066

DiscRep_SUB:FEATURE_LOCATION_CONFLICT::Coding region xref gene does not exist
plasmid_files/CP023443.1_results/PROKKA_06292018:CDS	hypothetical protein	CP023443.1:c64111-61214	OEFBPODN_00067

DiscRep_SUB:FEATURE_LOCATION_CONFLICT::Coding region xref gene does not exist
plasmid_files/CP023443.1_results/PROKKA_06292018:CDS	hypothetical protein	CP023443.1:64184-64888	OEFBPODN_00068

DiscRep_SUB:FEATURE_LOCATION_CONFLICT::Coding region xref gene does not exist
plasmid_files/CP023443.1_results/PROKKA_06292018:CDS	Beta-lactamase OXA-18	CP023443.1:65108-65443	OEFBPODN_00069

DiscRep_SUB:FEATURE_LOCATION_CONFLICT::Coding region xref gene does not exist
plasmid_files/CP023443.1_results/PROKKA_06292018:CDS	Beta-lactamase OXA-18	CP023443.1:65573-65932	OEFBPODN_00070

DiscRep_SUB:FEATURE_LOCATION_CONFLICT::Coding region xref gene does not exist
plasmid_files/CP023443.1_results/PROKKA_06292018:CDS	Transposon Tn3 resolvase	CP023443.1:66198-66449	OEFBPODN_00071

DiscRep_SUB:FEATURE_LOCATION_CONFLICT::Coding region xref gene does not exist
plasmid_files/CP023443.1_results/PROKKA_06292018:CDS	Beta-lactamase TEM	CP023443.1:66632-67492	OEFBPODN_00072

DiscRep_SUB:FEATURE_LOCATION_CONFLICT::Coding region xref gene does not exist
plasmid_files/CP023443.1_results/PROKKA_06292018:CDS	hypothetical protein	CP023443.1:c68013-67603	OEFBPODN_00073

DiscRep_SUB:FEATURE_LOCATION_CONFLICT::Coding region xref gene does not exist
plasmid_files/CP023443.1_results/PROKKA_06292018:CDS	Transposon Tn7 transposition protein TnsB	CP023443.1:c69328-68060	OEFBPODN_00074

DiscRep_SUB:FEATURE_LOCATION_CONFLICT::Coding region xref gene does not exist
plasmid_files/CP023443.1_results/PROKKA_06292018:CDS	putative signaling protein	CP023443.1:c70110-69403	OEFBPODN_00075

DiscRep_SUB:FEATURE_LOCATION_CONFLICT::Coding region xref gene does not exist
plasmid_files/CP023443.1_results/PROKKA_06292018:CDS	hypothetical protein	CP023443.1:c70343-70107	OEFBPODN_00076

DiscRep_SUB:FEATURE_LOCATION_CONFLICT::Coding region xref gene does not exist
plasmid_files/CP023443.1_results/PROKKA_06292018:CDS	HTH-type transcriptional activator mta	CP023443.1:c70702-70340	OEFBPODN_00077

DiscRep_SUB:FEATURE_LOCATION_CONFLICT::Coding region xref gene does not exist
plasmid_files/CP023443.1_results/PROKKA_06292018:CDS	Mercuric reductase	CP023443.1:c72414-70720	OEFBPODN_00078

DiscRep_SUB:FEATURE_LOCATION_CONFLICT::Coding region xref gene does not exist
plasmid_files/CP023443.1_results/PROKKA_06292018:CDS	Mercuric transport protein MerC	CP023443.1:c72888-72466	OEFBPODN_00079

DiscRep_SUB:FEATURE_LOCATION_CONFLICT::Coding region xref gene does not exist
plasmid_files/CP023443.1_results/PROKKA_06292018:CDS	hypothetical protein	CP023443.1:c73427-73050	OEFBPODN_00080

DiscRep_SUB:FEATURE_LOCATION_CONFLICT::Coding region xref gene does not exist
plasmid_files/CP023443.1_results/PROKKA_06292018:CDS	hypothetical protein	CP023443.1:c73747-73472	OEFBPODN_00081

DiscRep_SUB:FEATURE_LOCATION_CONFLICT::Coding region xref gene does not exist
plasmid_files/CP023443.1_results/PROKKA_06292018:CDS	DNA replication and repair protein RecF	CP023443.1:c74491-73781	OEFBPODN_00082

DiscRep_SUB:FEATURE_LOCATION_CONFLICT::Coding region xref gene does not exist
plasmid_files/CP023443.1_results/PROKKA_06292018:CDS	tRNA(fMet)-specific endonuclease VapC	CP023443.1:c74966-74565	OEFBPODN_00083

DiscRep_SUB:FEATURE_LOCATION_CONFLICT::Coding region xref gene does not exist
plasmid_files/CP023443.1_results/PROKKA_06292018:CDS	Antitoxin VapB	CP023443.1:c75208-74978	OEFBPODN_00084

DiscRep_SUB:FEATURE_LOCATION_CONFLICT::Coding region xref gene does not exist
plasmid_files/CP023443.1_results/PROKKA_06292018:CDS	Antitoxin CcdA	CP023443.1:75796-76014	OEFBPODN_00085

DiscRep_SUB:FEATURE_LOCATION_CONFLICT::Coding region xref gene does not exist
plasmid_files/CP023443.1_results/PROKKA_06292018:CDS	Toxin CcdB	CP023443.1:76016-76321	OEFBPODN_00086

DiscRep_SUB:FEATURE_LOCATION_CONFLICT::Coding region xref gene does not exist
plasmid_files/CP023443.1_results/PROKKA_06292018:CDS	hypothetical protein	CP023443.1:76490-76885	OEFBPODN_00087

DiscRep_SUB:FEATURE_LOCATION_CONFLICT::Coding region xref gene does not exist
plasmid_files/CP023443.1_results/PROKKA_06292018:CDS	hypothetical protein	CP023443.1:76912-77235	OEFBPODN_00088

DiscRep_SUB:FEATURE_LOCATION_CONFLICT::Coding region xref gene does not exist
plasmid_files/CP023443.1_results/PROKKA_06292018:CDS	hypothetical protein	CP023443.1:77232-78248	OEFBPODN_00089

DiscRep_SUB:FEATURE_LOCATION_CONFLICT::Coding region xref gene does not exist
plasmid_files/CP023443.1_results/PROKKA_06292018:CDS	hypothetical protein	CP023443.1:c78386-78243	OEFBPODN_00090

DiscRep_SUB:FEATURE_LOCATION_CONFLICT::Coding region xref gene does not exist
plasmid_files/CP023443.1_results/PROKKA_06292018:CDS	hypothetical protein	CP023443.1:c79851-78583	OEFBPODN_00091

DiscRep_SUB:FEATURE_LOCATION_CONFLICT::Coding region xref gene does not exist
plasmid_files/CP023443.1_results/PROKKA_06292018:CDS	Type-1 restriction enzyme R protein	CP023443.1:c83113-79856	OEFBPODN_00092

DiscRep_SUB:FEATURE_LOCATION_CONFLICT::Coding region xref gene does not exist
plasmid_files/CP023443.1_results/PROKKA_06292018:CDS	hypothetical protein	CP023443.1:c83767-83114	OEFBPODN_00093

DiscRep_SUB:FEATURE_LOCATION_CONFLICT::Coding region xref gene does not exist
plasmid_files/CP023443.1_results/PROKKA_06292018:CDS	Type I restriction enzyme EcoKI M protein	CP023443.1:c85791-83764	OEFBPODN_00094

DiscRep_SUB:FEATURE_LOCATION_CONFLICT::Coding region xref gene does not exist
plasmid_files/CP023443.1_results/PROKKA_06292018:CDS	Tyrosine recombinase XerD	CP023443.1:85945-86739	OEFBPODN_00095

DiscRep_SUB:FEATURE_LOCATION_CONFLICT::Coding region xref gene does not exist
plasmid_files/CP023443.1_results/PROKKA_06292018:CDS	hypothetical protein	CP023443.1:c87023-86826	OEFBPODN_00096

DiscRep_SUB:FEATURE_LOCATION_CONFLICT::Coding region xref gene does not exist
plasmid_files/CP023443.1_results/PROKKA_06292018:CDS	hypothetical protein	CP023443.1:c87465-87163	OEFBPODN_00097

DiscRep_SUB:FEATURE_LOCATION_CONFLICT::Coding region xref gene does not exist
plasmid_files/CP023443.1_results/PROKKA_06292018:CDS	Chromosome-partitioning ATPase Soj	CP023443.1:c88088-87462	OEFBPODN_00098

DiscRep_SUB:FEATURE_LOCATION_CONFLICT::Coding region xref gene does not exist
plasmid_files/CP023443.1_results/PROKKA_06292018:CDS	hypothetical protein	CP023443.1:89053-89400	OEFBPODN_00099

DiscRep_SUB:FEATURE_LOCATION_CONFLICT::Coding region xref gene does not exist
plasmid_files/CP023443.1_results/PROKKA_06292018:CDS	hypothetical protein	CP023443.1:89450-90988	OEFBPODN_00100

DiscRep_SUB:FEATURE_LOCATION_CONFLICT::Coding region xref gene does not exist
plasmid_files/CP023443.1_results/PROKKA_06292018:CDS	Replication protein RepA	CP023443.1:c92070-91195	OEFBPODN_00101

DiscRep_SUB:FEATURE_LOCATION_CONFLICT::Coding region xref gene does not exist
plasmid_files/CP023443.1_results/PROKKA_06292018:CDS	Protein UmuC	CP023443.1:c93753-92482	OEFBPODN_00102

DiscRep_SUB:FEATURE_LOCATION_CONFLICT::Coding region xref gene does not exist
plasmid_files/CP023443.1_results/PROKKA_06292018:CDS	Protein UmuD	CP023443.1:c94184-93753	OEFBPODN_00103

DiscRep_SUB:FEATURE_LOCATION_CONFLICT::Coding region xref gene does not exist
plasmid_files/CP023443.1_results/PROKKA_06292018:CDS	Plasmid segregation protein ParM	CP023443.1:94417-95388	OEFBPODN_00104

DiscRep_SUB:FEATURE_LOCATION_CONFLICT::Coding region xref gene does not exist
plasmid_files/CP023443.1_results/PROKKA_06292018:CDS	hypothetical protein	CP023443.1:95391-96062	OEFBPODN_00105

DiscRep_SUB:FEATURE_LOCATION_CONFLICT::Coding region xref gene does not exist
plasmid_files/CP023443.1_results/PROKKA_06292018:CDS	hypothetical protein	CP023443.1:96125-96355	OEFBPODN_00106

DiscRep_SUB:FEATURE_LOCATION_CONFLICT::Coding region xref gene does not exist
plasmid_files/CP023443.1_results/PROKKA_06292018:CDS	DNA adenine methyltransferase YhdJ	CP023443.1:96792-97493	OEFBPODN_00107

DiscRep_SUB:FEATURE_LOCATION_CONFLICT::Coding region xref gene does not exist
plasmid_files/CP023443.1_results/PROKKA_06292018:CDS	hypothetical protein	CP023443.1:97493-97714	OEFBPODN_00108

DiscRep_SUB:FEATURE_LOCATION_CONFLICT::Coding region xref gene does not exist
plasmid_files/CP023443.1_results/PROKKA_06292018:CDS	hypothetical protein	CP023443.1:97724-98143	OEFBPODN_00109

DiscRep_SUB:FEATURE_LOCATION_CONFLICT::Coding region xref gene does not exist
plasmid_files/CP023443.1_results/PROKKA_06292018:CDS	hypothetical protein	CP023443.1:98200-98964	OEFBPODN_00110

DiscRep_SUB:FEATURE_LOCATION_CONFLICT::Coding region xref gene does not exist
plasmid_files/CP023443.1_results/PROKKA_06292018:CDS	Antirestriction protein KlcA	CP023443.1:99645-100073	OEFBPODN_00111

DiscRep_SUB:FEATURE_LOCATION_CONFLICT::Coding region xref gene does not exist
plasmid_files/CP023443.1_results/PROKKA_06292018:CDS	hypothetical protein	CP023443.1:100116-100622	OEFBPODN_00112

DiscRep_SUB:FEATURE_LOCATION_CONFLICT::Coding region xref gene does not exist
plasmid_files/CP023443.1_results/PROKKA_06292018:CDS	hypothetical protein	CP023443.1:100665-100856	OEFBPODN_00113

DiscRep_SUB:FEATURE_LOCATION_CONFLICT::Coding region xref gene does not exist
plasmid_files/CP023443.1_results/PROKKA_06292018:CDS	DNA polymerase III subunit theta	CP023443.1:101041-101295	OEFBPODN_00114

DiscRep_SUB:FEATURE_LOCATION_CONFLICT::Coding region xref gene does not exist
plasmid_files/CP023443.1_results/PROKKA_06292018:CDS	hypothetical protein	CP023443.1:101330-101650	OEFBPODN_00115

DiscRep_SUB:FEATURE_LOCATION_CONFLICT::Coding region xref gene does not exist
plasmid_files/CP023443.1_results/PROKKA_06292018:CDS	hypothetical protein	CP023443.1:101888-102064	OEFBPODN_00116

DiscRep_SUB:FEATURE_LOCATION_CONFLICT::Coding region xref gene does not exist
plasmid_files/CP023443.1_results/PROKKA_06292018:CDS	hypothetical protein	CP023443.1:102363-102590	OEFBPODN_00117

DiscRep_SUB:FEATURE_LOCATION_CONFLICT::Coding region xref gene does not exist
plasmid_files/CP023443.1_results/PROKKA_06292018:CDS	hypothetical protein	CP023443.1:102682-102912	OEFBPODN_00118

DiscRep_SUB:FEATURE_LOCATION_CONFLICT::Coding region xref gene does not exist
plasmid_files/CP023443.1_results/PROKKA_06292018:CDS	hypothetical protein	CP023443.1:102964-104319	OEFBPODN_00119

DiscRep_SUB:FEATURE_LOCATION_CONFLICT::Coding region xref gene does not exist
plasmid_files/CP023443.1_results/PROKKA_06292018:CDS	hypothetical protein	CP023443.1:104367-104930	OEFBPODN_00120

DiscRep_SUB:FEATURE_LOCATION_CONFLICT::Coding region xref gene does not exist
plasmid_files/CP023443.1_results/PROKKA_06292018:CDS	hypothetical protein	CP023443.1:c105154-104825	OEFBPODN_00121

DiscRep_SUB:FEATURE_LOCATION_CONFLICT::Coding region xref gene does not exist
plasmid_files/CP023443.1_results/PROKKA_06292018:CDS	Plasmid-derived single-stranded DNA-binding protein	CP023443.1:105764-106306	OEFBPODN_00122

DiscRep_SUB:FEATURE_LOCATION_CONFLICT::Coding region xref gene does not exist
plasmid_files/CP023443.1_results/PROKKA_06292018:CDS	hypothetical protein	CP023443.1:106355-106603	OEFBPODN_00123

DiscRep_SUB:FEATURE_LOCATION_CONFLICT::Coding region xref gene does not exist
plasmid_files/CP023443.1_results/PROKKA_06292018:CDS	Chromosome-partitioning protein Spo0J	CP023443.1:106673-108730	OEFBPODN_00124

DiscRep_SUB:FEATURE_LOCATION_CONFLICT::Coding region xref gene does not exist
plasmid_files/CP023443.1_results/PROKKA_06292018:CDS	Protein PsiB	CP023443.1:108775-109206	OEFBPODN_00125

DiscRep_SUB:FEATURE_LOCATION_CONFLICT::Coding region xref gene does not exist
plasmid_files/CP023443.1_results/PROKKA_06292018:CDS	hypothetical protein	CP023443.1:109203-109931	OEFBPODN_00126

DiscRep_SUB:FEATURE_LOCATION_CONFLICT::Coding region xref gene does not exist
plasmid_files/CP023443.1_results/PROKKA_06292018:CDS	hypothetical protein	CP023443.1:109928-110254	OEFBPODN_00127

DiscRep_SUB:FEATURE_LOCATION_CONFLICT::Coding region xref gene does not exist
plasmid_files/CP023443.1_results/PROKKA_06292018:CDS	hypothetical protein	CP023443.1:110337-110684	OEFBPODN_00128

DiscRep_SUB:FEATURE_LOCATION_CONFLICT::Coding region xref gene does not exist
plasmid_files/CP023443.1_results/PROKKA_06292018:CDS	hypothetical protein	CP023443.1:110888-111409	OEFBPODN_00129

DiscRep_SUB:FEATURE_LOCATION_CONFLICT::Coding region xref gene does not exist
plasmid_files/CP023443.1_results/PROKKA_06292018:CDS	hypothetical protein	CP023443.1:c112498-111455	OEFBPODN_00130

DiscRep_SUB:FEATURE_LOCATION_CONFLICT::Coding region xref gene does not exist
plasmid_files/CP023443.1_results/PROKKA_06292018:CDS	Stable plasmid inheritance protein	CP023443.1:112570-112716	OEFBPODN_00131

DiscRep_SUB:FEATURE_LOCATION_CONFLICT::Coding region xref gene does not exist
plasmid_files/CP023443.1_results/PROKKA_06292018:CDS	hypothetical protein	CP023443.1:113428-113700	OEFBPODN_00132

DiscRep_SUB:FEATURE_LOCATION_CONFLICT::Coding region xref gene does not exist
plasmid_files/CP023443.1_results/PROKKA_06292018:CDS	hypothetical protein	CP023443.1:113697-114047	OEFBPODN_00133

DiscRep_SUB:FEATURE_LOCATION_CONFLICT::Coding region xref gene does not exist
plasmid_files/CP023443.1_results/PROKKA_06292018:CDS	hypothetical protein	CP023443.1:114062-114379	OEFBPODN_00134

DiscRep_SUB:FEATURE_LOCATION_CONFLICT::Coding region xref gene does not exist
plasmid_files/CP023443.1_results/PROKKA_06292018:CDS	hypothetical protein	CP023443.1:115220-115576	OEFBPODN_00135

DiscRep_SUB:FEATURE_LOCATION_CONFLICT::Coding region xref gene does not exist
plasmid_files/CP023443.1_results/PROKKA_06292018:CDS	hypothetical protein	CP023443.1:115637-115849	OEFBPODN_00136

DiscRep_SUB:FEATURE_LOCATION_CONFLICT::Coding region xref gene does not exist
plasmid_files/CP023443.1_results/PROKKA_06292018:CDS	hypothetical protein	CP023443.1:115860-116084	OEFBPODN_00137

DiscRep_SUB:FEATURE_LOCATION_CONFLICT::Coding region xref gene does not exist
plasmid_files/CP023443.1_results/PROKKA_06292018:CDS	hypothetical protein	CP023443.1:116252-116485	OEFBPODN_00138

DiscRep_SUB:FEATURE_LOCATION_CONFLICT::Coding region xref gene does not exist
plasmid_files/CP023443.1_results/PROKKA_06292018:CDS	Antitoxin HigA1	CP023443.1:116475-116753	OEFBPODN_00139

DiscRep_SUB:FEATURE_LOCATION_CONFLICT::Coding region xref gene does not exist
plasmid_files/CP023443.1_results/PROKKA_06292018:CDS	Antitoxin HigA	CP023443.1:116754-117167	OEFBPODN_00140

DiscRep_SUB:FEATURE_LOCATION_CONFLICT::Coding region xref gene does not exist
plasmid_files/CP023443.1_results/PROKKA_06292018:CDS	hypothetical protein	CP023443.1:c117278-117063	OEFBPODN_00141

DiscRep_ALL:SUSPECT_PRODUCT_NAMES::1 product_names contain suspect phrase or characters
DiscRep_SUB:SUSPECT_PRODUCT_NAMES::May contain database identifier more appropriate in note; remove from product name
DiscRep_SUB:SUSPECT_PRODUCT_NAMES::1 features Three or more numbers together
plasmid_files/CP023443.1_results/PROKKA_06292018:CDS	Putative transposon Tn552 DNA-invertase bin3	CP023443.1:c61125-60505	OEFBPODN_00066

DiscRep_ALL:DISC_QUALITY_SCORES::Quality scores are missing on all sequences.

DiscRep_ALL:ONCALLER_COMMENT_PRESENT::1 comment descriptors were found (all same)
plasmid_files/CP023443.1_results/PROKKA_06292018:CP023443.1:Annotated using prokka 1.14-dev from https://github.com/tseemann/prokka

DiscRep_ALL:SHORT_PROT_SEQUENCES::3 protein sequences are shorter than 50 aa.
plasmid_files/CP023443.1_results/PROKKA_06292018:CP023443.1_65 (length 38)
plasmid_files/CP023443.1_results/PROKKA_06292018:CP023443.1_90 (length 47)
plasmid_files/CP023443.1_results/PROKKA_06292018:CP023443.1_131 (length 48)

DiscRep_ALL:MISSING_GENOMEASSEMBLY_COMMENTS::1 bioseqs are missing GenomeAssembly structured comments
plasmid_files/CP023443.1_results/PROKKA_06292018:CP023443.1 (length 117859)

DiscRep_ALL:MOLTYPE_NOT_MRNA::1 molecule types are not set as mRNA.
plasmid_files/CP023443.1_results/PROKKA_06292018:CP023443.1 (length 117859)

DiscRep_ALL:TECHNIQUE_NOT_TSA::1 technique are not set as TSA
plasmid_files/CP023443.1_results/PROKKA_06292018:CP023443.1 (length 117859)

DiscRep_ALL:MISSING_STRUCTURED_COMMENT::1 sequences do not include structured comments.
plasmid_files/CP023443.1_results/PROKKA_06292018:CP023443.1 (length 117859)

DiscRep_ALL:MISSING_PROJECT::142 sequences do not include project.
plasmid_files/CP023443.1_results/PROKKA_06292018:CP023443.1 (length 117859)
plasmid_files/CP023443.1_results/PROKKA_06292018:CP023443.1_1 (length 92)
plasmid_files/CP023443.1_results/PROKKA_06292018:CP023443.1_2 (length 137)
plasmid_files/CP023443.1_results/PROKKA_06292018:CP023443.1_3 (length 71)
plasmid_files/CP023443.1_results/PROKKA_06292018:CP023443.1_4 (length 273)
plasmid_files/CP023443.1_results/PROKKA_06292018:CP023443.1_5 (length 104)
plasmid_files/CP023443.1_results/PROKKA_06292018:CP023443.1_6 (length 161)
plasmid_files/CP023443.1_results/PROKKA_06292018:CP023443.1_7 (length 132)
plasmid_files/CP023443.1_results/PROKKA_06292018:CP023443.1_8 (length 228)
plasmid_files/CP023443.1_results/PROKKA_06292018:CP023443.1_9 (length 128)
plasmid_files/CP023443.1_results/PROKKA_06292018:CP023443.1_10 (length 122)
plasmid_files/CP023443.1_results/PROKKA_06292018:CP023443.1_11 (length 101)
plasmid_files/CP023443.1_results/PROKKA_06292018:CP023443.1_12 (length 188)
plasmid_files/CP023443.1_results/PROKKA_06292018:CP023443.1_13 (length 246)
plasmid_files/CP023443.1_results/PROKKA_06292018:CP023443.1_14 (length 474)
plasmid_files/CP023443.1_results/PROKKA_06292018:CP023443.1_15 (length 190)
plasmid_files/CP023443.1_results/PROKKA_06292018:CP023443.1_16 (length 136)
plasmid_files/CP023443.1_results/PROKKA_06292018:CP023443.1_17 (length 72)
plasmid_files/CP023443.1_results/PROKKA_06292018:CP023443.1_18 (length 103)
plasmid_files/CP023443.1_results/PROKKA_06292018:CP023443.1_19 (length 129)
plasmid_files/CP023443.1_results/PROKKA_06292018:CP023443.1_20 (length 129)
plasmid_files/CP023443.1_results/PROKKA_06292018:CP023443.1_21 (length 879)
plasmid_files/CP023443.1_results/PROKKA_06292018:CP023443.1_22 (length 129)
plasmid_files/CP023443.1_results/PROKKA_06292018:CP023443.1_23 (length 208)
plasmid_files/CP023443.1_results/PROKKA_06292018:CP023443.1_24 (length 129)
plasmid_files/CP023443.1_results/PROKKA_06292018:CP023443.1_25 (length 329)
plasmid_files/CP023443.1_results/PROKKA_06292018:CP023443.1_26 (length 212)
plasmid_files/CP023443.1_results/PROKKA_06292018:CP023443.1_27 (length 651)
plasmid_files/CP023443.1_results/PROKKA_06292018:CP023443.1_28 (length 84)
plasmid_files/CP023443.1_results/PROKKA_06292018:CP023443.1_29 (length 88)
plasmid_files/CP023443.1_results/PROKKA_06292018:CP023443.1_30 (length 108)
plasmid_files/CP023443.1_results/PROKKA_06292018:CP023443.1_31 (length 250)
plasmid_files/CP023443.1_results/PROKKA_06292018:CP023443.1_32 (length 79)
plasmid_files/CP023443.1_results/PROKKA_06292018:CP023443.1_33 (length 185)
plasmid_files/CP023443.1_results/PROKKA_06292018:CP023443.1_34 (length 147)
plasmid_files/CP023443.1_results/PROKKA_06292018:CP023443.1_35 (length 455)
plasmid_files/CP023443.1_results/PROKKA_06292018:CP023443.1_36 (length 949)
plasmid_files/CP023443.1_results/PROKKA_06292018:CP023443.1_37 (length 182)
plasmid_files/CP023443.1_results/PROKKA_06292018:CP023443.1_38 (length 243)
plasmid_files/CP023443.1_results/PROKKA_06292018:CP023443.1_39 (length 229)
plasmid_files/CP023443.1_results/PROKKA_06292018:CP023443.1_40 (length 770)
plasmid_files/CP023443.1_results/PROKKA_06292018:CP023443.1_41 (length 1753)
plasmid_files/CP023443.1_results/PROKKA_06292018:CP023443.1_42 (length 241)
plasmid_files/CP023443.1_results/PROKKA_06292018:CP023443.1_43 (length 197)
plasmid_files/CP023443.1_results/PROKKA_06292018:CP023443.1_44 (length 73)
plasmid_files/CP023443.1_results/PROKKA_06292018:CP023443.1_45 (length 214)
plasmid_files/CP023443.1_results/PROKKA_06292018:CP023443.1_46 (length 216)
plasmid_files/CP023443.1_results/PROKKA_06292018:CP023443.1_47 (length 102)
plasmid_files/CP023443.1_results/PROKKA_06292018:CP023443.1_48 (length 186)
plasmid_files/CP023443.1_results/PROKKA_06292018:CP023443.1_49 (length 83)
plasmid_files/CP023443.1_results/PROKKA_06292018:CP023443.1_50 (length 285)
plasmid_files/CP023443.1_results/PROKKA_06292018:CP023443.1_51 (length 187)
plasmid_files/CP023443.1_results/PROKKA_06292018:CP023443.1_52 (length 203)
plasmid_files/CP023443.1_results/PROKKA_06292018:CP023443.1_53 (length 330)
plasmid_files/CP023443.1_results/PROKKA_06292018:CP023443.1_54 (length 51)
plasmid_files/CP023443.1_results/PROKKA_06292018:CP023443.1_55 (length 571)
plasmid_files/CP023443.1_results/PROKKA_06292018:CP023443.1_56 (length 1009)
plasmid_files/CP023443.1_results/PROKKA_06292018:CP023443.1_57 (length 341)
plasmid_files/CP023443.1_results/PROKKA_06292018:CP023443.1_58 (length 259)
plasmid_files/CP023443.1_results/PROKKA_06292018:CP023443.1_59 (length 79)
plasmid_files/CP023443.1_results/PROKKA_06292018:CP023443.1_60 (length 293)
plasmid_files/CP023443.1_results/PROKKA_06292018:CP023443.1_61 (length 439)
plasmid_files/CP023443.1_results/PROKKA_06292018:CP023443.1_62 (length 394)
plasmid_files/CP023443.1_results/PROKKA_06292018:CP023443.1_63 (length 70)
plasmid_files/CP023443.1_results/PROKKA_06292018:CP023443.1_64 (length 119)
plasmid_files/CP023443.1_results/PROKKA_06292018:CP023443.1_65 (length 38)
plasmid_files/CP023443.1_results/PROKKA_06292018:CP023443.1_66 (length 206)
plasmid_files/CP023443.1_results/PROKKA_06292018:CP023443.1_67 (length 965)
plasmid_files/CP023443.1_results/PROKKA_06292018:CP023443.1_68 (length 234)
plasmid_files/CP023443.1_results/PROKKA_06292018:CP023443.1_69 (length 111)
plasmid_files/CP023443.1_results/PROKKA_06292018:CP023443.1_70 (length 119)
plasmid_files/CP023443.1_results/PROKKA_06292018:CP023443.1_71 (length 83)
plasmid_files/CP023443.1_results/PROKKA_06292018:CP023443.1_72 (length 286)
plasmid_files/CP023443.1_results/PROKKA_06292018:CP023443.1_73 (length 136)
plasmid_files/CP023443.1_results/PROKKA_06292018:CP023443.1_74 (length 422)
plasmid_files/CP023443.1_results/PROKKA_06292018:CP023443.1_75 (length 235)
plasmid_files/CP023443.1_results/PROKKA_06292018:CP023443.1_76 (length 78)
plasmid_files/CP023443.1_results/PROKKA_06292018:CP023443.1_77 (length 120)
plasmid_files/CP023443.1_results/PROKKA_06292018:CP023443.1_78 (length 564)
plasmid_files/CP023443.1_results/PROKKA_06292018:CP023443.1_79 (length 140)
plasmid_files/CP023443.1_results/PROKKA_06292018:CP023443.1_80 (length 125)
plasmid_files/CP023443.1_results/PROKKA_06292018:CP023443.1_81 (length 91)
plasmid_files/CP023443.1_results/PROKKA_06292018:CP023443.1_82 (length 236)
plasmid_files/CP023443.1_results/PROKKA_06292018:CP023443.1_83 (length 133)
plasmid_files/CP023443.1_results/PROKKA_06292018:CP023443.1_84 (length 76)
plasmid_files/CP023443.1_results/PROKKA_06292018:CP023443.1_85 (length 72)
plasmid_files/CP023443.1_results/PROKKA_06292018:CP023443.1_86 (length 101)
plasmid_files/CP023443.1_results/PROKKA_06292018:CP023443.1_87 (length 131)
plasmid_files/CP023443.1_results/PROKKA_06292018:CP023443.1_88 (length 107)
plasmid_files/CP023443.1_results/PROKKA_06292018:CP023443.1_89 (length 338)
plasmid_files/CP023443.1_results/PROKKA_06292018:CP023443.1_90 (length 47)
plasmid_files/CP023443.1_results/PROKKA_06292018:CP023443.1_91 (length 422)
plasmid_files/CP023443.1_results/PROKKA_06292018:CP023443.1_92 (length 1085)
plasmid_files/CP023443.1_results/PROKKA_06292018:CP023443.1_93 (length 217)
plasmid_files/CP023443.1_results/PROKKA_06292018:CP023443.1_94 (length 675)
plasmid_files/CP023443.1_results/PROKKA_06292018:CP023443.1_95 (length 264)
plasmid_files/CP023443.1_results/PROKKA_06292018:CP023443.1_96 (length 65)
plasmid_files/CP023443.1_results/PROKKA_06292018:CP023443.1_97 (length 100)
plasmid_files/CP023443.1_results/PROKKA_06292018:CP023443.1_98 (length 208)
plasmid_files/CP023443.1_results/PROKKA_06292018:CP023443.1_99 (length 115)
plasmid_files/CP023443.1_results/PROKKA_06292018:CP023443.1_100 (length 512)
plasmid_files/CP023443.1_results/PROKKA_06292018:CP023443.1_101 (length 291)
plasmid_files/CP023443.1_results/PROKKA_06292018:CP023443.1_102 (length 423)
plasmid_files/CP023443.1_results/PROKKA_06292018:CP023443.1_103 (length 143)
plasmid_files/CP023443.1_results/PROKKA_06292018:CP023443.1_104 (length 323)
plasmid_files/CP023443.1_results/PROKKA_06292018:CP023443.1_105 (length 223)
plasmid_files/CP023443.1_results/PROKKA_06292018:CP023443.1_106 (length 76)
plasmid_files/CP023443.1_results/PROKKA_06292018:CP023443.1_107 (length 233)
plasmid_files/CP023443.1_results/PROKKA_06292018:CP023443.1_108 (length 73)
plasmid_files/CP023443.1_results/PROKKA_06292018:CP023443.1_109 (length 139)
plasmid_files/CP023443.1_results/PROKKA_06292018:CP023443.1_110 (length 254)
plasmid_files/CP023443.1_results/PROKKA_06292018:CP023443.1_111 (length 142)
plasmid_files/CP023443.1_results/PROKKA_06292018:CP023443.1_112 (length 168)
plasmid_files/CP023443.1_results/PROKKA_06292018:CP023443.1_113 (length 63)
plasmid_files/CP023443.1_results/PROKKA_06292018:CP023443.1_114 (length 84)
plasmid_files/CP023443.1_results/PROKKA_06292018:CP023443.1_115 (length 106)
plasmid_files/CP023443.1_results/PROKKA_06292018:CP023443.1_116 (length 58)
plasmid_files/CP023443.1_results/PROKKA_06292018:CP023443.1_117 (length 75)
plasmid_files/CP023443.1_results/PROKKA_06292018:CP023443.1_118 (length 76)
plasmid_files/CP023443.1_results/PROKKA_06292018:CP023443.1_119 (length 451)
plasmid_files/CP023443.1_results/PROKKA_06292018:CP023443.1_120 (length 187)
plasmid_files/CP023443.1_results/PROKKA_06292018:CP023443.1_121 (length 109)
plasmid_files/CP023443.1_results/PROKKA_06292018:CP023443.1_122 (length 180)
plasmid_files/CP023443.1_results/PROKKA_06292018:CP023443.1_123 (length 82)
plasmid_files/CP023443.1_results/PROKKA_06292018:CP023443.1_124 (length 685)
plasmid_files/CP023443.1_results/PROKKA_06292018:CP023443.1_125 (length 143)
plasmid_files/CP023443.1_results/PROKKA_06292018:CP023443.1_126 (length 242)
plasmid_files/CP023443.1_results/PROKKA_06292018:CP023443.1_127 (length 108)
plasmid_files/CP023443.1_results/PROKKA_06292018:CP023443.1_128 (length 115)
plasmid_files/CP023443.1_results/PROKKA_06292018:CP023443.1_129 (length 173)
plasmid_files/CP023443.1_results/PROKKA_06292018:CP023443.1_130 (length 347)
plasmid_files/CP023443.1_results/PROKKA_06292018:CP023443.1_131 (length 48)
plasmid_files/CP023443.1_results/PROKKA_06292018:CP023443.1_132 (length 90)
plasmid_files/CP023443.1_results/PROKKA_06292018:CP023443.1_133 (length 116)
plasmid_files/CP023443.1_results/PROKKA_06292018:CP023443.1_134 (length 105)
plasmid_files/CP023443.1_results/PROKKA_06292018:CP023443.1_135 (length 118)
plasmid_files/CP023443.1_results/PROKKA_06292018:CP023443.1_136 (length 70)
plasmid_files/CP023443.1_results/PROKKA_06292018:CP023443.1_137 (length 74)
plasmid_files/CP023443.1_results/PROKKA_06292018:CP023443.1_138 (length 77)
plasmid_files/CP023443.1_results/PROKKA_06292018:CP023443.1_139 (length 92)
plasmid_files/CP023443.1_results/PROKKA_06292018:CP023443.1_140 (length 137)
plasmid_files/CP023443.1_results/PROKKA_06292018:CP023443.1_141 (length 71)

DiscRep_ALL:DISC_INCONSISTENT_MOLINFO_TECH::Molinfo Technique Report (some missing, all same)
DiscRep_SUB:DISC_INCONSISTENT_MOLINFO_TECH::technique (all missing)
DiscRep_SUB:DISC_INCONSISTENT_MOLINFO_TECH::1 Molinfos are missing field technique
plasmid_files/CP023443.1_results/PROKKA_06292018:CP023443.1 (length 117859)

