Discrepancy Report Results

Summary
FATAL: MISSING_PROTEIN_ID:105 proteins have invalid IDs.
DISC_SOURCE_QUALS_ASNDISC:strain (all present, all unique)
DISC_SOURCE_QUALS_ASNDISC:taxname (all present, all unique)
DISC_FEATURE_COUNT:CDS: 105 present
DISC_COUNT_NUCLEOTIDES:1 nucleotide Bioseqs are present
FEATURE_LOCATION_CONFLICT:105 features have inconsistent gene locations.
DISC_QUALITY_SCORES:Quality scores are missing on all sequences.
ONCALLER_COMMENT_PRESENT:1 comment descriptors were found (all same)
SHORT_PROT_SEQUENCES:3 protein sequences are shorter than 50 aa.
MISSING_GENOMEASSEMBLY_COMMENTS:1 bioseqs are missing GenomeAssembly structured comments
MOLTYPE_NOT_MRNA:1 molecule types are not set as mRNA.
TECHNIQUE_NOT_TSA:1 technique are not set as TSA
MISSING_STRUCTURED_COMMENT:1 sequences do not include structured comments.
MISSING_PROJECT:106 sequences do not include project.
DISC_INCONSISTENT_MOLINFO_TECH:Molinfo Technique Report (some missing, all same)


Detailed Report

FATAL: DiscRep_ALL:MISSING_PROTEIN_ID::105 proteins have invalid IDs.
plasmid_files/CP018669.1_results/PROKKA_06292018:CP018669.1_1 (length 39)
plasmid_files/CP018669.1_results/PROKKA_06292018:CP018669.1_2 (length 199)
plasmid_files/CP018669.1_results/PROKKA_06292018:CP018669.1_3 (length 86)
plasmid_files/CP018669.1_results/PROKKA_06292018:CP018669.1_4 (length 387)
plasmid_files/CP018669.1_results/PROKKA_06292018:CP018669.1_5 (length 259)
plasmid_files/CP018669.1_results/PROKKA_06292018:CP018669.1_6 (length 166)
plasmid_files/CP018669.1_results/PROKKA_06292018:CP018669.1_7 (length 659)
plasmid_files/CP018669.1_results/PROKKA_06292018:CP018669.1_8 (length 105)
plasmid_files/CP018669.1_results/PROKKA_06292018:CP018669.1_9 (length 121)
plasmid_files/CP018669.1_results/PROKKA_06292018:CP018669.1_10 (length 46)
plasmid_files/CP018669.1_results/PROKKA_06292018:CP018669.1_11 (length 178)
plasmid_files/CP018669.1_results/PROKKA_06292018:CP018669.1_12 (length 103)
plasmid_files/CP018669.1_results/PROKKA_06292018:CP018669.1_13 (length 144)
plasmid_files/CP018669.1_results/PROKKA_06292018:CP018669.1_14 (length 73)
plasmid_files/CP018669.1_results/PROKKA_06292018:CP018669.1_15 (length 94)
plasmid_files/CP018669.1_results/PROKKA_06292018:CP018669.1_16 (length 146)
plasmid_files/CP018669.1_results/PROKKA_06292018:CP018669.1_17 (length 101)
plasmid_files/CP018669.1_results/PROKKA_06292018:CP018669.1_18 (length 136)
plasmid_files/CP018669.1_results/PROKKA_06292018:CP018669.1_19 (length 71)
plasmid_files/CP018669.1_results/PROKKA_06292018:CP018669.1_20 (length 37)
plasmid_files/CP018669.1_results/PROKKA_06292018:CP018669.1_21 (length 76)
plasmid_files/CP018669.1_results/PROKKA_06292018:CP018669.1_22 (length 112)
plasmid_files/CP018669.1_results/PROKKA_06292018:CP018669.1_23 (length 286)
plasmid_files/CP018669.1_results/PROKKA_06292018:CP018669.1_24 (length 59)
plasmid_files/CP018669.1_results/PROKKA_06292018:CP018669.1_25 (length 88)
plasmid_files/CP018669.1_results/PROKKA_06292018:CP018669.1_26 (length 149)
plasmid_files/CP018669.1_results/PROKKA_06292018:CP018669.1_27 (length 120)
plasmid_files/CP018669.1_results/PROKKA_06292018:CP018669.1_28 (length 87)
plasmid_files/CP018669.1_results/PROKKA_06292018:CP018669.1_29 (length 136)
plasmid_files/CP018669.1_results/PROKKA_06292018:CP018669.1_30 (length 159)
plasmid_files/CP018669.1_results/PROKKA_06292018:CP018669.1_31 (length 168)
plasmid_files/CP018669.1_results/PROKKA_06292018:CP018669.1_32 (length 187)
plasmid_files/CP018669.1_results/PROKKA_06292018:CP018669.1_33 (length 147)
plasmid_files/CP018669.1_results/PROKKA_06292018:CP018669.1_34 (length 324)
plasmid_files/CP018669.1_results/PROKKA_06292018:CP018669.1_35 (length 246)
plasmid_files/CP018669.1_results/PROKKA_06292018:CP018669.1_36 (length 82)
plasmid_files/CP018669.1_results/PROKKA_06292018:CP018669.1_37 (length 161)
plasmid_files/CP018669.1_results/PROKKA_06292018:CP018669.1_38 (length 195)
plasmid_files/CP018669.1_results/PROKKA_06292018:CP018669.1_39 (length 82)
plasmid_files/CP018669.1_results/PROKKA_06292018:CP018669.1_40 (length 156)
plasmid_files/CP018669.1_results/PROKKA_06292018:CP018669.1_41 (length 181)
plasmid_files/CP018669.1_results/PROKKA_06292018:CP018669.1_42 (length 135)
plasmid_files/CP018669.1_results/PROKKA_06292018:CP018669.1_43 (length 192)
plasmid_files/CP018669.1_results/PROKKA_06292018:CP018669.1_44 (length 118)
plasmid_files/CP018669.1_results/PROKKA_06292018:CP018669.1_45 (length 424)
plasmid_files/CP018669.1_results/PROKKA_06292018:CP018669.1_46 (length 85)
plasmid_files/CP018669.1_results/PROKKA_06292018:CP018669.1_47 (length 227)
plasmid_files/CP018669.1_results/PROKKA_06292018:CP018669.1_48 (length 72)
plasmid_files/CP018669.1_results/PROKKA_06292018:CP018669.1_49 (length 69)
plasmid_files/CP018669.1_results/PROKKA_06292018:CP018669.1_50 (length 247)
plasmid_files/CP018669.1_results/PROKKA_06292018:CP018669.1_51 (length 181)
plasmid_files/CP018669.1_results/PROKKA_06292018:CP018669.1_52 (length 144)
plasmid_files/CP018669.1_results/PROKKA_06292018:CP018669.1_53 (length 110)
plasmid_files/CP018669.1_results/PROKKA_06292018:CP018669.1_54 (length 85)
plasmid_files/CP018669.1_results/PROKKA_06292018:CP018669.1_55 (length 217)
plasmid_files/CP018669.1_results/PROKKA_06292018:CP018669.1_56 (length 116)
plasmid_files/CP018669.1_results/PROKKA_06292018:CP018669.1_57 (length 131)
plasmid_files/CP018669.1_results/PROKKA_06292018:CP018669.1_58 (length 435)
plasmid_files/CP018669.1_results/PROKKA_06292018:CP018669.1_59 (length 316)
plasmid_files/CP018669.1_results/PROKKA_06292018:CP018669.1_60 (length 695)
plasmid_files/CP018669.1_results/PROKKA_06292018:CP018669.1_61 (length 201)
plasmid_files/CP018669.1_results/PROKKA_06292018:CP018669.1_62 (length 807)
plasmid_files/CP018669.1_results/PROKKA_06292018:CP018669.1_63 (length 334)
plasmid_files/CP018669.1_results/PROKKA_06292018:CP018669.1_64 (length 152)
plasmid_files/CP018669.1_results/PROKKA_06292018:CP018669.1_65 (length 253)
plasmid_files/CP018669.1_results/PROKKA_06292018:CP018669.1_66 (length 286)
plasmid_files/CP018669.1_results/PROKKA_06292018:CP018669.1_67 (length 307)
plasmid_files/CP018669.1_results/PROKKA_06292018:CP018669.1_68 (length 91)
plasmid_files/CP018669.1_results/PROKKA_06292018:CP018669.1_69 (length 141)
plasmid_files/CP018669.1_results/PROKKA_06292018:CP018669.1_70 (length 234)
plasmid_files/CP018669.1_results/PROKKA_06292018:CP018669.1_71 (length 301)
plasmid_files/CP018669.1_results/PROKKA_06292018:CP018669.1_72 (length 412)
plasmid_files/CP018669.1_results/PROKKA_06292018:CP018669.1_73 (length 194)
plasmid_files/CP018669.1_results/PROKKA_06292018:CP018669.1_74 (length 254)
plasmid_files/CP018669.1_results/PROKKA_06292018:CP018669.1_75 (length 101)
plasmid_files/CP018669.1_results/PROKKA_06292018:CP018669.1_76 (length 401)
plasmid_files/CP018669.1_results/PROKKA_06292018:CP018669.1_77 (length 334)
plasmid_files/CP018669.1_results/PROKKA_06292018:CP018669.1_78 (length 439)
plasmid_files/CP018669.1_results/PROKKA_06292018:CP018669.1_79 (length 293)
plasmid_files/CP018669.1_results/PROKKA_06292018:CP018669.1_80 (length 259)
plasmid_files/CP018669.1_results/PROKKA_06292018:CP018669.1_81 (length 341)
plasmid_files/CP018669.1_results/PROKKA_06292018:CP018669.1_82 (length 1009)
plasmid_files/CP018669.1_results/PROKKA_06292018:CP018669.1_83 (length 571)
plasmid_files/CP018669.1_results/PROKKA_06292018:CP018669.1_84 (length 90)
plasmid_files/CP018669.1_results/PROKKA_06292018:CP018669.1_85 (length 279)
plasmid_files/CP018669.1_results/PROKKA_06292018:CP018669.1_86 (length 115)
plasmid_files/CP018669.1_results/PROKKA_06292018:CP018669.1_87 (length 259)
plasmid_files/CP018669.1_results/PROKKA_06292018:CP018669.1_88 (length 165)
plasmid_files/CP018669.1_results/PROKKA_06292018:CP018669.1_89 (length 337)
plasmid_files/CP018669.1_results/PROKKA_06292018:CP018669.1_90 (length 351)
plasmid_files/CP018669.1_results/PROKKA_06292018:CP018669.1_91 (length 76)
plasmid_files/CP018669.1_results/PROKKA_06292018:CP018669.1_92 (length 217)
plasmid_files/CP018669.1_results/PROKKA_06292018:CP018669.1_93 (length 726)
plasmid_files/CP018669.1_results/PROKKA_06292018:CP018669.1_94 (length 216)
plasmid_files/CP018669.1_results/PROKKA_06292018:CP018669.1_95 (length 402)
plasmid_files/CP018669.1_results/PROKKA_06292018:CP018669.1_96 (length 1016)
plasmid_files/CP018669.1_results/PROKKA_06292018:CP018669.1_97 (length 164)
plasmid_files/CP018669.1_results/PROKKA_06292018:CP018669.1_98 (length 129)
plasmid_files/CP018669.1_results/PROKKA_06292018:CP018669.1_99 (length 176)
plasmid_files/CP018669.1_results/PROKKA_06292018:CP018669.1_100 (length 234)
plasmid_files/CP018669.1_results/PROKKA_06292018:CP018669.1_101 (length 449)
plasmid_files/CP018669.1_results/PROKKA_06292018:CP018669.1_102 (length 383)
plasmid_files/CP018669.1_results/PROKKA_06292018:CP018669.1_103 (length 237)
plasmid_files/CP018669.1_results/PROKKA_06292018:CP018669.1_104 (length 136)
plasmid_files/CP018669.1_results/PROKKA_06292018:CP018669.1_105 (length 65)

DiscRep_ALL:DISC_SOURCE_QUALS_ASNDISC::strain (all present, all unique)
DiscRep_SUB:DISC_SOURCE_QUALS_ASNDISC::1 sources have unique values for strain
DiscRep_ALL:DISC_SOURCE_QUALS_ASNDISC::taxname (all present, all unique)
DiscRep_SUB:DISC_SOURCE_QUALS_ASNDISC::1 sources have unique values for taxname
DiscRep_ALL:DISC_FEATURE_COUNT::CDS: 105 present
DiscRep_ALL:DISC_COUNT_NUCLEOTIDES::1 nucleotide Bioseqs are present
plasmid_files/CP018669.1_results/PROKKA_06292018:CP018669.1 (length 88688)

DiscRep_ALL:FEATURE_LOCATION_CONFLICT::105 features have inconsistent gene locations.
DiscRep_SUB:FEATURE_LOCATION_CONFLICT::Coding region xref gene does not exist
plasmid_files/CP018669.1_results/PROKKA_06292018:CDS	hypothetical protein	CP018669.1:110-229	PEKJKDJE_00001

DiscRep_SUB:FEATURE_LOCATION_CONFLICT::Coding region xref gene does not exist
plasmid_files/CP018669.1_results/PROKKA_06292018:CDS	hypothetical protein	CP018669.1:2333-2932	PEKJKDJE_00002

DiscRep_SUB:FEATURE_LOCATION_CONFLICT::Coding region xref gene does not exist
plasmid_files/CP018669.1_results/PROKKA_06292018:CDS	hypothetical protein	CP018669.1:c3559-3299	PEKJKDJE_00003

DiscRep_SUB:FEATURE_LOCATION_CONFLICT::Coding region xref gene does not exist
plasmid_files/CP018669.1_results/PROKKA_06292018:CDS	putative protein YggR	CP018669.1:c4712-3549	PEKJKDJE_00004

DiscRep_SUB:FEATURE_LOCATION_CONFLICT::Coding region xref gene does not exist
plasmid_files/CP018669.1_results/PROKKA_06292018:CDS	hypothetical protein	CP018669.1:c5502-4723	PEKJKDJE_00005

DiscRep_SUB:FEATURE_LOCATION_CONFLICT::Coding region xref gene does not exist
plasmid_files/CP018669.1_results/PROKKA_06292018:CDS	hypothetical protein	CP018669.1:c5999-5499	PEKJKDJE_00006

DiscRep_SUB:FEATURE_LOCATION_CONFLICT::Coding region xref gene does not exist
plasmid_files/CP018669.1_results/PROKKA_06292018:CDS	Protein TraI	CP018669.1:c7992-6013	PEKJKDJE_00007

DiscRep_SUB:FEATURE_LOCATION_CONFLICT::Coding region xref gene does not exist
plasmid_files/CP018669.1_results/PROKKA_06292018:CDS	hypothetical protein	CP018669.1:c8296-7979	PEKJKDJE_00008

DiscRep_SUB:FEATURE_LOCATION_CONFLICT::Coding region xref gene does not exist
plasmid_files/CP018669.1_results/PROKKA_06292018:CDS	hypothetical protein	CP018669.1:8572-8937	PEKJKDJE_00009

DiscRep_SUB:FEATURE_LOCATION_CONFLICT::Coding region xref gene does not exist
plasmid_files/CP018669.1_results/PROKKA_06292018:CDS	hypothetical protein	CP018669.1:c9368-9228	PEKJKDJE_00010

DiscRep_SUB:FEATURE_LOCATION_CONFLICT::Coding region xref gene does not exist
plasmid_files/CP018669.1_results/PROKKA_06292018:CDS	hypothetical protein	CP018669.1:c9974-9438	PEKJKDJE_00011

DiscRep_SUB:FEATURE_LOCATION_CONFLICT::Coding region xref gene does not exist
plasmid_files/CP018669.1_results/PROKKA_06292018:CDS	hypothetical protein	CP018669.1:c10418-10107	PEKJKDJE_00012

DiscRep_SUB:FEATURE_LOCATION_CONFLICT::Coding region xref gene does not exist
plasmid_files/CP018669.1_results/PROKKA_06292018:CDS	Single-stranded DNA-binding protein	CP018669.1:c10909-10475	PEKJKDJE_00013

DiscRep_SUB:FEATURE_LOCATION_CONFLICT::Coding region xref gene does not exist
plasmid_files/CP018669.1_results/PROKKA_06292018:CDS	hypothetical protein	CP018669.1:c11202-10981	PEKJKDJE_00014

DiscRep_SUB:FEATURE_LOCATION_CONFLICT::Coding region xref gene does not exist
plasmid_files/CP018669.1_results/PROKKA_06292018:CDS	hypothetical protein	CP018669.1:c11641-11357	PEKJKDJE_00015

DiscRep_SUB:FEATURE_LOCATION_CONFLICT::Coding region xref gene does not exist
plasmid_files/CP018669.1_results/PROKKA_06292018:CDS	Antirestriction protein KlcA	CP018669.1:c12125-11685	PEKJKDJE_00016

DiscRep_SUB:FEATURE_LOCATION_CONFLICT::Coding region xref gene does not exist
plasmid_files/CP018669.1_results/PROKKA_06292018:CDS	hypothetical protein	CP018669.1:c12631-12326	PEKJKDJE_00017

DiscRep_SUB:FEATURE_LOCATION_CONFLICT::Coding region xref gene does not exist
plasmid_files/CP018669.1_results/PROKKA_06292018:CDS	hypothetical protein	CP018669.1:c13103-12693	PEKJKDJE_00018

DiscRep_SUB:FEATURE_LOCATION_CONFLICT::Coding region xref gene does not exist
plasmid_files/CP018669.1_results/PROKKA_06292018:CDS	hypothetical protein	CP018669.1:c13390-13175	PEKJKDJE_00019

DiscRep_SUB:FEATURE_LOCATION_CONFLICT::Coding region xref gene does not exist
plasmid_files/CP018669.1_results/PROKKA_06292018:CDS	hypothetical protein	CP018669.1:c13609-13496	PEKJKDJE_00020

DiscRep_SUB:FEATURE_LOCATION_CONFLICT::Coding region xref gene does not exist
plasmid_files/CP018669.1_results/PROKKA_06292018:CDS	Modulating protein YmoA	CP018669.1:c13952-13722	PEKJKDJE_00021

DiscRep_SUB:FEATURE_LOCATION_CONFLICT::Coding region xref gene does not exist
plasmid_files/CP018669.1_results/PROKKA_06292018:CDS	hypothetical protein	CP018669.1:c14388-14050	PEKJKDJE_00022

DiscRep_SUB:FEATURE_LOCATION_CONFLICT::Coding region xref gene does not exist
plasmid_files/CP018669.1_results/PROKKA_06292018:CDS	hypothetical protein	CP018669.1:c15438-14578	PEKJKDJE_00023

DiscRep_SUB:FEATURE_LOCATION_CONFLICT::Coding region xref gene does not exist
plasmid_files/CP018669.1_results/PROKKA_06292018:CDS	hypothetical protein	CP018669.1:c15690-15511	PEKJKDJE_00024

DiscRep_SUB:FEATURE_LOCATION_CONFLICT::Coding region xref gene does not exist
plasmid_files/CP018669.1_results/PROKKA_06292018:CDS	hypothetical protein	CP018669.1:c16633-16367	PEKJKDJE_00025

DiscRep_SUB:FEATURE_LOCATION_CONFLICT::Coding region xref gene does not exist
plasmid_files/CP018669.1_results/PROKKA_06292018:CDS	hypothetical protein	CP018669.1:c17127-16678	PEKJKDJE_00026

DiscRep_SUB:FEATURE_LOCATION_CONFLICT::Coding region xref gene does not exist
plasmid_files/CP018669.1_results/PROKKA_06292018:CDS	hypothetical protein	CP018669.1:c17611-17249	PEKJKDJE_00027

DiscRep_SUB:FEATURE_LOCATION_CONFLICT::Coding region xref gene does not exist
plasmid_files/CP018669.1_results/PROKKA_06292018:CDS	hypothetical protein	CP018669.1:c17896-17633	PEKJKDJE_00028

DiscRep_SUB:FEATURE_LOCATION_CONFLICT::Coding region xref gene does not exist
plasmid_files/CP018669.1_results/PROKKA_06292018:CDS	hypothetical protein	CP018669.1:c18424-18014	PEKJKDJE_00029

DiscRep_SUB:FEATURE_LOCATION_CONFLICT::Coding region xref gene does not exist
plasmid_files/CP018669.1_results/PROKKA_06292018:CDS	hypothetical protein	CP018669.1:c18932-18453	PEKJKDJE_00030

DiscRep_SUB:FEATURE_LOCATION_CONFLICT::Coding region xref gene does not exist
plasmid_files/CP018669.1_results/PROKKA_06292018:CDS	hypothetical protein	CP018669.1:c19431-18925	PEKJKDJE_00031

DiscRep_SUB:FEATURE_LOCATION_CONFLICT::Coding region xref gene does not exist
plasmid_files/CP018669.1_results/PROKKA_06292018:CDS	Phospholipase D	CP018669.1:c20112-19549	PEKJKDJE_00032

DiscRep_SUB:FEATURE_LOCATION_CONFLICT::Coding region xref gene does not exist
plasmid_files/CP018669.1_results/PROKKA_06292018:CDS	Protein StbB	CP018669.1:c20565-20122	PEKJKDJE_00033

DiscRep_SUB:FEATURE_LOCATION_CONFLICT::Coding region xref gene does not exist
plasmid_files/CP018669.1_results/PROKKA_06292018:CDS	Plasmid segregation protein ParM	CP018669.1:c21542-20568	PEKJKDJE_00034

DiscRep_SUB:FEATURE_LOCATION_CONFLICT::Coding region xref gene does not exist
plasmid_files/CP018669.1_results/PROKKA_06292018:CDS	Tyrosine recombinase XerD	CP018669.1:c22523-21783	PEKJKDJE_00035

DiscRep_SUB:FEATURE_LOCATION_CONFLICT::Coding region xref gene does not exist
plasmid_files/CP018669.1_results/PROKKA_06292018:CDS	hypothetical protein	CP018669.1:c22790-22542	PEKJKDJE_00036

DiscRep_SUB:FEATURE_LOCATION_CONFLICT::Coding region xref gene does not exist
plasmid_files/CP018669.1_results/PROKKA_06292018:CDS	hypothetical protein	CP018669.1:c23272-22787	PEKJKDJE_00037

DiscRep_SUB:FEATURE_LOCATION_CONFLICT::Coding region xref gene does not exist
plasmid_files/CP018669.1_results/PROKKA_06292018:CDS	hypothetical protein	CP018669.1:c23856-23269	PEKJKDJE_00038

DiscRep_SUB:FEATURE_LOCATION_CONFLICT::Coding region xref gene does not exist
plasmid_files/CP018669.1_results/PROKKA_06292018:CDS	hypothetical protein	CP018669.1:c24097-23849	PEKJKDJE_00039

DiscRep_SUB:FEATURE_LOCATION_CONFLICT::Coding region xref gene does not exist
plasmid_files/CP018669.1_results/PROKKA_06292018:CDS	hypothetical protein	CP018669.1:c24554-24084	PEKJKDJE_00040

DiscRep_SUB:FEATURE_LOCATION_CONFLICT::Coding region xref gene does not exist
plasmid_files/CP018669.1_results/PROKKA_06292018:CDS	hypothetical protein	CP018669.1:24695-25240	PEKJKDJE_00041

DiscRep_SUB:FEATURE_LOCATION_CONFLICT::Coding region xref gene does not exist
plasmid_files/CP018669.1_results/PROKKA_06292018:CDS	hypothetical protein	CP018669.1:c25800-25393	PEKJKDJE_00042

DiscRep_SUB:FEATURE_LOCATION_CONFLICT::Coding region xref gene does not exist
plasmid_files/CP018669.1_results/PROKKA_06292018:CDS	hypothetical protein	CP018669.1:c26380-25802	PEKJKDJE_00043

DiscRep_SUB:FEATURE_LOCATION_CONFLICT::Coding region xref gene does not exist
plasmid_files/CP018669.1_results/PROKKA_06292018:CDS	hypothetical protein	CP018669.1:c26714-26358	PEKJKDJE_00044

DiscRep_SUB:FEATURE_LOCATION_CONFLICT::Coding region xref gene does not exist
plasmid_files/CP018669.1_results/PROKKA_06292018:CDS	hypothetical protein	CP018669.1:27242-28516	PEKJKDJE_00045

DiscRep_SUB:FEATURE_LOCATION_CONFLICT::Coding region xref gene does not exist
plasmid_files/CP018669.1_results/PROKKA_06292018:CDS	hypothetical protein	CP018669.1:28534-28791	PEKJKDJE_00046

DiscRep_SUB:FEATURE_LOCATION_CONFLICT::Coding region xref gene does not exist
plasmid_files/CP018669.1_results/PROKKA_06292018:CDS	hypothetical protein	CP018669.1:28792-29475	PEKJKDJE_00047

DiscRep_SUB:FEATURE_LOCATION_CONFLICT::Coding region xref gene does not exist
plasmid_files/CP018669.1_results/PROKKA_06292018:CDS	hypothetical protein	CP018669.1:29520-29738	PEKJKDJE_00048

DiscRep_SUB:FEATURE_LOCATION_CONFLICT::Coding region xref gene does not exist
plasmid_files/CP018669.1_results/PROKKA_06292018:CDS	hypothetical protein	CP018669.1:29741-29950	PEKJKDJE_00049

DiscRep_SUB:FEATURE_LOCATION_CONFLICT::Coding region xref gene does not exist
plasmid_files/CP018669.1_results/PROKKA_06292018:CDS	Protein UmuC	CP018669.1:c30816-30073	PEKJKDJE_00050

DiscRep_SUB:FEATURE_LOCATION_CONFLICT::Coding region xref gene does not exist
plasmid_files/CP018669.1_results/PROKKA_06292018:CDS	Protein UmuC	CP018669.1:c31376-30831	PEKJKDJE_00051

DiscRep_SUB:FEATURE_LOCATION_CONFLICT::Coding region xref gene does not exist
plasmid_files/CP018669.1_results/PROKKA_06292018:CDS	Protein UmuD	CP018669.1:c31759-31325	PEKJKDJE_00052

DiscRep_SUB:FEATURE_LOCATION_CONFLICT::Coding region xref gene does not exist
plasmid_files/CP018669.1_results/PROKKA_06292018:CDS	Endoribonuclease PemK	CP018669.1:c32184-31852	PEKJKDJE_00053

DiscRep_SUB:FEATURE_LOCATION_CONFLICT::Coding region xref gene does not exist
plasmid_files/CP018669.1_results/PROKKA_06292018:CDS	Antitoxin PemI	CP018669.1:c32443-32186	PEKJKDJE_00054

DiscRep_SUB:FEATURE_LOCATION_CONFLICT::Coding region xref gene does not exist
plasmid_files/CP018669.1_results/PROKKA_06292018:CDS	hypothetical protein	CP018669.1:c33188-32535	PEKJKDJE_00055

DiscRep_SUB:FEATURE_LOCATION_CONFLICT::Coding region xref gene does not exist
plasmid_files/CP018669.1_results/PROKKA_06292018:CDS	hypothetical protein	CP018669.1:33301-33651	PEKJKDJE_00056

DiscRep_SUB:FEATURE_LOCATION_CONFLICT::Coding region xref gene does not exist
plasmid_files/CP018669.1_results/PROKKA_06292018:CDS	hypothetical protein	CP018669.1:33756-34151	PEKJKDJE_00057

DiscRep_SUB:FEATURE_LOCATION_CONFLICT::Coding region xref gene does not exist
plasmid_files/CP018669.1_results/PROKKA_06292018:CDS	hypothetical protein	CP018669.1:34151-35458	PEKJKDJE_00058

DiscRep_SUB:FEATURE_LOCATION_CONFLICT::Coding region xref gene does not exist
plasmid_files/CP018669.1_results/PROKKA_06292018:CDS	hypothetical protein	CP018669.1:35469-36419	PEKJKDJE_00059

DiscRep_SUB:FEATURE_LOCATION_CONFLICT::Coding region xref gene does not exist
plasmid_files/CP018669.1_results/PROKKA_06292018:CDS	hypothetical protein	CP018669.1:36432-38519	PEKJKDJE_00060

DiscRep_SUB:FEATURE_LOCATION_CONFLICT::Coding region xref gene does not exist
plasmid_files/CP018669.1_results/PROKKA_06292018:CDS	Serine recombinase PinR	CP018669.1:c39707-39102	PEKJKDJE_00061

DiscRep_SUB:FEATURE_LOCATION_CONFLICT::Coding region xref gene does not exist
plasmid_files/CP018669.1_results/PROKKA_06292018:CDS	hypothetical protein	CP018669.1:39802-42225	PEKJKDJE_00062

DiscRep_SUB:FEATURE_LOCATION_CONFLICT::Coding region xref gene does not exist
plasmid_files/CP018669.1_results/PROKKA_06292018:CDS	hypothetical protein	CP018669.1:42290-43294	PEKJKDJE_00063

DiscRep_SUB:FEATURE_LOCATION_CONFLICT::Coding region xref gene does not exist
plasmid_files/CP018669.1_results/PROKKA_06292018:CDS	hypothetical protein	CP018669.1:43568-44026	PEKJKDJE_00064

DiscRep_SUB:FEATURE_LOCATION_CONFLICT::Coding region xref gene does not exist
plasmid_files/CP018669.1_results/PROKKA_06292018:CDS	Glycerol-3-phosphate regulon repressor	CP018669.1:44134-44895	PEKJKDJE_00065

DiscRep_SUB:FEATURE_LOCATION_CONFLICT::Coding region xref gene does not exist
plasmid_files/CP018669.1_results/PROKKA_06292018:CDS	Beta-lactamase SHV-2	CP018669.1:c45776-44916	PEKJKDJE_00066

DiscRep_SUB:FEATURE_LOCATION_CONFLICT::Coding region xref gene does not exist
plasmid_files/CP018669.1_results/PROKKA_06292018:CDS	hypothetical protein	CP018669.1:45942-46865	PEKJKDJE_00067

DiscRep_SUB:FEATURE_LOCATION_CONFLICT::Coding region xref gene does not exist
plasmid_files/CP018669.1_results/PROKKA_06292018:CDS	Mercuric transport protein periplasmic component	CP018669.1:46931-47206	PEKJKDJE_00068

DiscRep_SUB:FEATURE_LOCATION_CONFLICT::Coding region xref gene does not exist
plasmid_files/CP018669.1_results/PROKKA_06292018:CDS	Mercuric transport protein MerC	CP018669.1:47234-47659	PEKJKDJE_00069

DiscRep_SUB:FEATURE_LOCATION_CONFLICT::Coding region xref gene does not exist
plasmid_files/CP018669.1_results/PROKKA_06292018:CDS	hypothetical protein	CP018669.1:47855-48559	PEKJKDJE_00070

DiscRep_SUB:FEATURE_LOCATION_CONFLICT::Coding region xref gene does not exist
plasmid_files/CP018669.1_results/PROKKA_06292018:CDS	hypothetical protein	CP018669.1:48681-49586	PEKJKDJE_00071

DiscRep_SUB:FEATURE_LOCATION_CONFLICT::Coding region xref gene does not exist
plasmid_files/CP018669.1_results/PROKKA_06292018:CDS	putative multidrug-efflux transporter	CP018669.1:49583-50821	PEKJKDJE_00072

DiscRep_SUB:FEATURE_LOCATION_CONFLICT::Coding region xref gene does not exist
plasmid_files/CP018669.1_results/PROKKA_06292018:CDS	hypothetical protein	CP018669.1:50821-51405	PEKJKDJE_00073

DiscRep_SUB:FEATURE_LOCATION_CONFLICT::Coding region xref gene does not exist
plasmid_files/CP018669.1_results/PROKKA_06292018:CDS	hypothetical protein	CP018669.1:c52662-51898	PEKJKDJE_00074

DiscRep_SUB:FEATURE_LOCATION_CONFLICT::Coding region xref gene does not exist
plasmid_files/CP018669.1_results/PROKKA_06292018:CDS	hypothetical protein	CP018669.1:c53194-52889	PEKJKDJE_00075

DiscRep_SUB:FEATURE_LOCATION_CONFLICT::Coding region xref gene does not exist
plasmid_files/CP018669.1_results/PROKKA_06292018:CDS	putative chromate transport protein	CP018669.1:c54410-53205	PEKJKDJE_00076

DiscRep_SUB:FEATURE_LOCATION_CONFLICT::Coding region xref gene does not exist
plasmid_files/CP018669.1_results/PROKKA_06292018:CDS	hypothetical protein	CP018669.1:54638-55642	PEKJKDJE_00077

DiscRep_SUB:FEATURE_LOCATION_CONFLICT::Coding region xref gene does not exist
plasmid_files/CP018669.1_results/PROKKA_06292018:CDS	hypothetical protein	CP018669.1:56054-57373	PEKJKDJE_00078

DiscRep_SUB:FEATURE_LOCATION_CONFLICT::Coding region xref gene does not exist
plasmid_files/CP018669.1_results/PROKKA_06292018:CDS	Carbapenem-hydrolyzing beta-lactamase KPC	CP018669.1:c58504-57623	PEKJKDJE_00079

DiscRep_SUB:FEATURE_LOCATION_CONFLICT::Coding region xref gene does not exist
plasmid_files/CP018669.1_results/PROKKA_06292018:CDS	Insertion sequence IS5376 putative ATP-binding protein	CP018669.1:c59670-58891	PEKJKDJE_00080

DiscRep_SUB:FEATURE_LOCATION_CONFLICT::Coding region xref gene does not exist
plasmid_files/CP018669.1_results/PROKKA_06292018:CDS	hypothetical protein	CP018669.1:c60692-59667	PEKJKDJE_00081

DiscRep_SUB:FEATURE_LOCATION_CONFLICT::Coding region xref gene does not exist
plasmid_files/CP018669.1_results/PROKKA_06292018:CDS	hypothetical protein	CP018669.1:c63828-60799	PEKJKDJE_00082

DiscRep_SUB:FEATURE_LOCATION_CONFLICT::Coding region xref gene does not exist
plasmid_files/CP018669.1_results/PROKKA_06292018:CDS	Tyrosine recombinase XerD	CP018669.1:63938-65653	PEKJKDJE_00083

DiscRep_SUB:FEATURE_LOCATION_CONFLICT::Coding region xref gene does not exist
plasmid_files/CP018669.1_results/PROKKA_06292018:CDS	hypothetical protein	CP018669.1:c66108-65836	PEKJKDJE_00084

DiscRep_SUB:FEATURE_LOCATION_CONFLICT::Coding region xref gene does not exist
plasmid_files/CP018669.1_results/PROKKA_06292018:CDS	Dihydropteroate synthase	CP018669.1:c67075-66236	PEKJKDJE_00085

DiscRep_SUB:FEATURE_LOCATION_CONFLICT::Coding region xref gene does not exist
plasmid_files/CP018669.1_results/PROKKA_06292018:CDS	Multidrug transporter EmrE	CP018669.1:c67416-67069	PEKJKDJE_00086

DiscRep_SUB:FEATURE_LOCATION_CONFLICT::Coding region xref gene does not exist
plasmid_files/CP018669.1_results/PROKKA_06292018:CDS	Streptomycin 3''-adenylyltransferase	CP018669.1:c68359-67580	PEKJKDJE_00087

DiscRep_SUB:FEATURE_LOCATION_CONFLICT::Coding region xref gene does not exist
plasmid_files/CP018669.1_results/PROKKA_06292018:CDS	Dihydrofolate reductase	CP018669.1:c69276-68779	PEKJKDJE_00088

DiscRep_SUB:FEATURE_LOCATION_CONFLICT::Coding region xref gene does not exist
plasmid_files/CP018669.1_results/PROKKA_06292018:CDS	Tyrosine recombinase XerD	CP018669.1:69421-70434	PEKJKDJE_00089

DiscRep_SUB:FEATURE_LOCATION_CONFLICT::Coding region xref gene does not exist
plasmid_files/CP018669.1_results/PROKKA_06292018:CDS	Replication initiation protein	CP018669.1:c73737-72682	PEKJKDJE_00090

DiscRep_SUB:FEATURE_LOCATION_CONFLICT::Coding region xref gene does not exist
plasmid_files/CP018669.1_results/PROKKA_06292018:CDS	hypothetical protein	CP018669.1:c74264-74034	PEKJKDJE_00091

DiscRep_SUB:FEATURE_LOCATION_CONFLICT::Coding region xref gene does not exist
plasmid_files/CP018669.1_results/PROKKA_06292018:CDS	hypothetical protein	CP018669.1:c74991-74338	PEKJKDJE_00092

DiscRep_SUB:FEATURE_LOCATION_CONFLICT::Coding region xref gene does not exist
plasmid_files/CP018669.1_results/PROKKA_06292018:CDS	hypothetical protein	CP018669.1:c77174-74994	PEKJKDJE_00093

DiscRep_SUB:FEATURE_LOCATION_CONFLICT::Coding region xref gene does not exist
plasmid_files/CP018669.1_results/PROKKA_06292018:CDS	hypothetical protein	CP018669.1:c77817-77167	PEKJKDJE_00094

DiscRep_SUB:FEATURE_LOCATION_CONFLICT::Coding region xref gene does not exist
plasmid_files/CP018669.1_results/PROKKA_06292018:CDS	hypothetical protein	CP018669.1:c79022-77814	PEKJKDJE_00095

DiscRep_SUB:FEATURE_LOCATION_CONFLICT::Coding region xref gene does not exist
plasmid_files/CP018669.1_results/PROKKA_06292018:CDS	hypothetical protein	CP018669.1:c82069-79019	PEKJKDJE_00096

DiscRep_SUB:FEATURE_LOCATION_CONFLICT::Coding region xref gene does not exist
plasmid_files/CP018669.1_results/PROKKA_06292018:CDS	hypothetical protein	CP018669.1:c82560-82066	PEKJKDJE_00097

DiscRep_SUB:FEATURE_LOCATION_CONFLICT::Coding region xref gene does not exist
plasmid_files/CP018669.1_results/PROKKA_06292018:CDS	hypothetical protein	CP018669.1:c82995-82606	PEKJKDJE_00098

DiscRep_SUB:FEATURE_LOCATION_CONFLICT::Coding region xref gene does not exist
plasmid_files/CP018669.1_results/PROKKA_06292018:CDS	hypothetical protein	CP018669.1:c83542-83012	PEKJKDJE_00099

DiscRep_SUB:FEATURE_LOCATION_CONFLICT::Coding region xref gene does not exist
plasmid_files/CP018669.1_results/PROKKA_06292018:CDS	hypothetical protein	CP018669.1:c84270-83566	PEKJKDJE_00100

DiscRep_SUB:FEATURE_LOCATION_CONFLICT::Coding region xref gene does not exist
plasmid_files/CP018669.1_results/PROKKA_06292018:CDS	hypothetical protein	CP018669.1:c85631-84282	PEKJKDJE_00101

DiscRep_SUB:FEATURE_LOCATION_CONFLICT::Coding region xref gene does not exist
plasmid_files/CP018669.1_results/PROKKA_06292018:CDS	hypothetical protein	CP018669.1:c86794-85643	PEKJKDJE_00102

DiscRep_SUB:FEATURE_LOCATION_CONFLICT::Coding region xref gene does not exist
plasmid_files/CP018669.1_results/PROKKA_06292018:CDS	hypothetical protein	CP018669.1:c87516-86803	PEKJKDJE_00103

DiscRep_SUB:FEATURE_LOCATION_CONFLICT::Coding region xref gene does not exist
plasmid_files/CP018669.1_results/PROKKA_06292018:CDS	hypothetical protein	CP018669.1:87584-87994	PEKJKDJE_00104

DiscRep_SUB:FEATURE_LOCATION_CONFLICT::Coding region xref gene does not exist
plasmid_files/CP018669.1_results/PROKKA_06292018:CDS	hypothetical protein	CP018669.1:87981-88178	PEKJKDJE_00105

DiscRep_ALL:DISC_QUALITY_SCORES::Quality scores are missing on all sequences.

DiscRep_ALL:ONCALLER_COMMENT_PRESENT::1 comment descriptors were found (all same)
plasmid_files/CP018669.1_results/PROKKA_06292018:CP018669.1:Annotated using prokka 1.14-dev from https://github.com/tseemann/prokka

DiscRep_ALL:SHORT_PROT_SEQUENCES::3 protein sequences are shorter than 50 aa.
plasmid_files/CP018669.1_results/PROKKA_06292018:CP018669.1_1 (length 39)
plasmid_files/CP018669.1_results/PROKKA_06292018:CP018669.1_10 (length 46)
plasmid_files/CP018669.1_results/PROKKA_06292018:CP018669.1_20 (length 37)

DiscRep_ALL:MISSING_GENOMEASSEMBLY_COMMENTS::1 bioseqs are missing GenomeAssembly structured comments
plasmid_files/CP018669.1_results/PROKKA_06292018:CP018669.1 (length 88688)

DiscRep_ALL:MOLTYPE_NOT_MRNA::1 molecule types are not set as mRNA.
plasmid_files/CP018669.1_results/PROKKA_06292018:CP018669.1 (length 88688)

DiscRep_ALL:TECHNIQUE_NOT_TSA::1 technique are not set as TSA
plasmid_files/CP018669.1_results/PROKKA_06292018:CP018669.1 (length 88688)

DiscRep_ALL:MISSING_STRUCTURED_COMMENT::1 sequences do not include structured comments.
plasmid_files/CP018669.1_results/PROKKA_06292018:CP018669.1 (length 88688)

DiscRep_ALL:MISSING_PROJECT::106 sequences do not include project.
plasmid_files/CP018669.1_results/PROKKA_06292018:CP018669.1 (length 88688)
plasmid_files/CP018669.1_results/PROKKA_06292018:CP018669.1_1 (length 39)
plasmid_files/CP018669.1_results/PROKKA_06292018:CP018669.1_2 (length 199)
plasmid_files/CP018669.1_results/PROKKA_06292018:CP018669.1_3 (length 86)
plasmid_files/CP018669.1_results/PROKKA_06292018:CP018669.1_4 (length 387)
plasmid_files/CP018669.1_results/PROKKA_06292018:CP018669.1_5 (length 259)
plasmid_files/CP018669.1_results/PROKKA_06292018:CP018669.1_6 (length 166)
plasmid_files/CP018669.1_results/PROKKA_06292018:CP018669.1_7 (length 659)
plasmid_files/CP018669.1_results/PROKKA_06292018:CP018669.1_8 (length 105)
plasmid_files/CP018669.1_results/PROKKA_06292018:CP018669.1_9 (length 121)
plasmid_files/CP018669.1_results/PROKKA_06292018:CP018669.1_10 (length 46)
plasmid_files/CP018669.1_results/PROKKA_06292018:CP018669.1_11 (length 178)
plasmid_files/CP018669.1_results/PROKKA_06292018:CP018669.1_12 (length 103)
plasmid_files/CP018669.1_results/PROKKA_06292018:CP018669.1_13 (length 144)
plasmid_files/CP018669.1_results/PROKKA_06292018:CP018669.1_14 (length 73)
plasmid_files/CP018669.1_results/PROKKA_06292018:CP018669.1_15 (length 94)
plasmid_files/CP018669.1_results/PROKKA_06292018:CP018669.1_16 (length 146)
plasmid_files/CP018669.1_results/PROKKA_06292018:CP018669.1_17 (length 101)
plasmid_files/CP018669.1_results/PROKKA_06292018:CP018669.1_18 (length 136)
plasmid_files/CP018669.1_results/PROKKA_06292018:CP018669.1_19 (length 71)
plasmid_files/CP018669.1_results/PROKKA_06292018:CP018669.1_20 (length 37)
plasmid_files/CP018669.1_results/PROKKA_06292018:CP018669.1_21 (length 76)
plasmid_files/CP018669.1_results/PROKKA_06292018:CP018669.1_22 (length 112)
plasmid_files/CP018669.1_results/PROKKA_06292018:CP018669.1_23 (length 286)
plasmid_files/CP018669.1_results/PROKKA_06292018:CP018669.1_24 (length 59)
plasmid_files/CP018669.1_results/PROKKA_06292018:CP018669.1_25 (length 88)
plasmid_files/CP018669.1_results/PROKKA_06292018:CP018669.1_26 (length 149)
plasmid_files/CP018669.1_results/PROKKA_06292018:CP018669.1_27 (length 120)
plasmid_files/CP018669.1_results/PROKKA_06292018:CP018669.1_28 (length 87)
plasmid_files/CP018669.1_results/PROKKA_06292018:CP018669.1_29 (length 136)
plasmid_files/CP018669.1_results/PROKKA_06292018:CP018669.1_30 (length 159)
plasmid_files/CP018669.1_results/PROKKA_06292018:CP018669.1_31 (length 168)
plasmid_files/CP018669.1_results/PROKKA_06292018:CP018669.1_32 (length 187)
plasmid_files/CP018669.1_results/PROKKA_06292018:CP018669.1_33 (length 147)
plasmid_files/CP018669.1_results/PROKKA_06292018:CP018669.1_34 (length 324)
plasmid_files/CP018669.1_results/PROKKA_06292018:CP018669.1_35 (length 246)
plasmid_files/CP018669.1_results/PROKKA_06292018:CP018669.1_36 (length 82)
plasmid_files/CP018669.1_results/PROKKA_06292018:CP018669.1_37 (length 161)
plasmid_files/CP018669.1_results/PROKKA_06292018:CP018669.1_38 (length 195)
plasmid_files/CP018669.1_results/PROKKA_06292018:CP018669.1_39 (length 82)
plasmid_files/CP018669.1_results/PROKKA_06292018:CP018669.1_40 (length 156)
plasmid_files/CP018669.1_results/PROKKA_06292018:CP018669.1_41 (length 181)
plasmid_files/CP018669.1_results/PROKKA_06292018:CP018669.1_42 (length 135)
plasmid_files/CP018669.1_results/PROKKA_06292018:CP018669.1_43 (length 192)
plasmid_files/CP018669.1_results/PROKKA_06292018:CP018669.1_44 (length 118)
plasmid_files/CP018669.1_results/PROKKA_06292018:CP018669.1_45 (length 424)
plasmid_files/CP018669.1_results/PROKKA_06292018:CP018669.1_46 (length 85)
plasmid_files/CP018669.1_results/PROKKA_06292018:CP018669.1_47 (length 227)
plasmid_files/CP018669.1_results/PROKKA_06292018:CP018669.1_48 (length 72)
plasmid_files/CP018669.1_results/PROKKA_06292018:CP018669.1_49 (length 69)
plasmid_files/CP018669.1_results/PROKKA_06292018:CP018669.1_50 (length 247)
plasmid_files/CP018669.1_results/PROKKA_06292018:CP018669.1_51 (length 181)
plasmid_files/CP018669.1_results/PROKKA_06292018:CP018669.1_52 (length 144)
plasmid_files/CP018669.1_results/PROKKA_06292018:CP018669.1_53 (length 110)
plasmid_files/CP018669.1_results/PROKKA_06292018:CP018669.1_54 (length 85)
plasmid_files/CP018669.1_results/PROKKA_06292018:CP018669.1_55 (length 217)
plasmid_files/CP018669.1_results/PROKKA_06292018:CP018669.1_56 (length 116)
plasmid_files/CP018669.1_results/PROKKA_06292018:CP018669.1_57 (length 131)
plasmid_files/CP018669.1_results/PROKKA_06292018:CP018669.1_58 (length 435)
plasmid_files/CP018669.1_results/PROKKA_06292018:CP018669.1_59 (length 316)
plasmid_files/CP018669.1_results/PROKKA_06292018:CP018669.1_60 (length 695)
plasmid_files/CP018669.1_results/PROKKA_06292018:CP018669.1_61 (length 201)
plasmid_files/CP018669.1_results/PROKKA_06292018:CP018669.1_62 (length 807)
plasmid_files/CP018669.1_results/PROKKA_06292018:CP018669.1_63 (length 334)
plasmid_files/CP018669.1_results/PROKKA_06292018:CP018669.1_64 (length 152)
plasmid_files/CP018669.1_results/PROKKA_06292018:CP018669.1_65 (length 253)
plasmid_files/CP018669.1_results/PROKKA_06292018:CP018669.1_66 (length 286)
plasmid_files/CP018669.1_results/PROKKA_06292018:CP018669.1_67 (length 307)
plasmid_files/CP018669.1_results/PROKKA_06292018:CP018669.1_68 (length 91)
plasmid_files/CP018669.1_results/PROKKA_06292018:CP018669.1_69 (length 141)
plasmid_files/CP018669.1_results/PROKKA_06292018:CP018669.1_70 (length 234)
plasmid_files/CP018669.1_results/PROKKA_06292018:CP018669.1_71 (length 301)
plasmid_files/CP018669.1_results/PROKKA_06292018:CP018669.1_72 (length 412)
plasmid_files/CP018669.1_results/PROKKA_06292018:CP018669.1_73 (length 194)
plasmid_files/CP018669.1_results/PROKKA_06292018:CP018669.1_74 (length 254)
plasmid_files/CP018669.1_results/PROKKA_06292018:CP018669.1_75 (length 101)
plasmid_files/CP018669.1_results/PROKKA_06292018:CP018669.1_76 (length 401)
plasmid_files/CP018669.1_results/PROKKA_06292018:CP018669.1_77 (length 334)
plasmid_files/CP018669.1_results/PROKKA_06292018:CP018669.1_78 (length 439)
plasmid_files/CP018669.1_results/PROKKA_06292018:CP018669.1_79 (length 293)
plasmid_files/CP018669.1_results/PROKKA_06292018:CP018669.1_80 (length 259)
plasmid_files/CP018669.1_results/PROKKA_06292018:CP018669.1_81 (length 341)
plasmid_files/CP018669.1_results/PROKKA_06292018:CP018669.1_82 (length 1009)
plasmid_files/CP018669.1_results/PROKKA_06292018:CP018669.1_83 (length 571)
plasmid_files/CP018669.1_results/PROKKA_06292018:CP018669.1_84 (length 90)
plasmid_files/CP018669.1_results/PROKKA_06292018:CP018669.1_85 (length 279)
plasmid_files/CP018669.1_results/PROKKA_06292018:CP018669.1_86 (length 115)
plasmid_files/CP018669.1_results/PROKKA_06292018:CP018669.1_87 (length 259)
plasmid_files/CP018669.1_results/PROKKA_06292018:CP018669.1_88 (length 165)
plasmid_files/CP018669.1_results/PROKKA_06292018:CP018669.1_89 (length 337)
plasmid_files/CP018669.1_results/PROKKA_06292018:CP018669.1_90 (length 351)
plasmid_files/CP018669.1_results/PROKKA_06292018:CP018669.1_91 (length 76)
plasmid_files/CP018669.1_results/PROKKA_06292018:CP018669.1_92 (length 217)
plasmid_files/CP018669.1_results/PROKKA_06292018:CP018669.1_93 (length 726)
plasmid_files/CP018669.1_results/PROKKA_06292018:CP018669.1_94 (length 216)
plasmid_files/CP018669.1_results/PROKKA_06292018:CP018669.1_95 (length 402)
plasmid_files/CP018669.1_results/PROKKA_06292018:CP018669.1_96 (length 1016)
plasmid_files/CP018669.1_results/PROKKA_06292018:CP018669.1_97 (length 164)
plasmid_files/CP018669.1_results/PROKKA_06292018:CP018669.1_98 (length 129)
plasmid_files/CP018669.1_results/PROKKA_06292018:CP018669.1_99 (length 176)
plasmid_files/CP018669.1_results/PROKKA_06292018:CP018669.1_100 (length 234)
plasmid_files/CP018669.1_results/PROKKA_06292018:CP018669.1_101 (length 449)
plasmid_files/CP018669.1_results/PROKKA_06292018:CP018669.1_102 (length 383)
plasmid_files/CP018669.1_results/PROKKA_06292018:CP018669.1_103 (length 237)
plasmid_files/CP018669.1_results/PROKKA_06292018:CP018669.1_104 (length 136)
plasmid_files/CP018669.1_results/PROKKA_06292018:CP018669.1_105 (length 65)

DiscRep_ALL:DISC_INCONSISTENT_MOLINFO_TECH::Molinfo Technique Report (some missing, all same)
DiscRep_SUB:DISC_INCONSISTENT_MOLINFO_TECH::technique (all missing)
DiscRep_SUB:DISC_INCONSISTENT_MOLINFO_TECH::1 Molinfos are missing field technique
plasmid_files/CP018669.1_results/PROKKA_06292018:CP018669.1 (length 88688)

