Discrepancy Report Results

Summary
FATAL: MISSING_PROTEIN_ID:78 proteins have invalid IDs.
DISC_SOURCE_QUALS_ASNDISC:strain (all present, all unique)
DISC_SOURCE_QUALS_ASNDISC:taxname (all present, all unique)
DISC_FEATURE_COUNT:CDS: 78 present
DISC_COUNT_NUCLEOTIDES:1 nucleotide Bioseqs are present
FEATURE_LOCATION_CONFLICT:78 features have inconsistent gene locations.
DISC_QUALITY_SCORES:Quality scores are missing on all sequences.
ONCALLER_COMMENT_PRESENT:1 comment descriptors were found (all same)
SHORT_PROT_SEQUENCES:1 protein sequences are shorter than 50 aa.
MISSING_GENOMEASSEMBLY_COMMENTS:1 bioseqs are missing GenomeAssembly structured comments
MOLTYPE_NOT_MRNA:1 molecule types are not set as mRNA.
TECHNIQUE_NOT_TSA:1 technique are not set as TSA
MISSING_STRUCTURED_COMMENT:1 sequences do not include structured comments.
MISSING_PROJECT:79 sequences do not include project.
DISC_INCONSISTENT_MOLINFO_TECH:Molinfo Technique Report (some missing, all same)


Detailed Report

FATAL: DiscRep_ALL:MISSING_PROTEIN_ID::78 proteins have invalid IDs.
plasmid_files/CP028958.1_results/PROKKA_06292018:CP028958.1_1 (length 114)
plasmid_files/CP028958.1_results/PROKKA_06292018:CP028958.1_2 (length 106)
plasmid_files/CP028958.1_results/PROKKA_06292018:CP028958.1_3 (length 59)
plasmid_files/CP028958.1_results/PROKKA_06292018:CP028958.1_4 (length 169)
plasmid_files/CP028958.1_results/PROKKA_06292018:CP028958.1_5 (length 35)
plasmid_files/CP028958.1_results/PROKKA_06292018:CP028958.1_6 (length 110)
plasmid_files/CP028958.1_results/PROKKA_06292018:CP028958.1_7 (length 94)
plasmid_files/CP028958.1_results/PROKKA_06292018:CP028958.1_8 (length 119)
plasmid_files/CP028958.1_results/PROKKA_06292018:CP028958.1_9 (length 98)
plasmid_files/CP028958.1_results/PROKKA_06292018:CP028958.1_10 (length 181)
plasmid_files/CP028958.1_results/PROKKA_06292018:CP028958.1_11 (length 51)
plasmid_files/CP028958.1_results/PROKKA_06292018:CP028958.1_12 (length 79)
plasmid_files/CP028958.1_results/PROKKA_06292018:CP028958.1_13 (length 134)
plasmid_files/CP028958.1_results/PROKKA_06292018:CP028958.1_14 (length 141)
plasmid_files/CP028958.1_results/PROKKA_06292018:CP028958.1_15 (length 146)
plasmid_files/CP028958.1_results/PROKKA_06292018:CP028958.1_16 (length 421)
plasmid_files/CP028958.1_results/PROKKA_06292018:CP028958.1_17 (length 263)
plasmid_files/CP028958.1_results/PROKKA_06292018:CP028958.1_18 (length 113)
plasmid_files/CP028958.1_results/PROKKA_06292018:CP028958.1_19 (length 239)
plasmid_files/CP028958.1_results/PROKKA_06292018:CP028958.1_20 (length 592)
plasmid_files/CP028958.1_results/PROKKA_06292018:CP028958.1_21 (length 189)
plasmid_files/CP028958.1_results/PROKKA_06292018:CP028958.1_22 (length 337)
plasmid_files/CP028958.1_results/PROKKA_06292018:CP028958.1_23 (length 157)
plasmid_files/CP028958.1_results/PROKKA_06292018:CP028958.1_24 (length 94)
plasmid_files/CP028958.1_results/PROKKA_06292018:CP028958.1_25 (length 254)
plasmid_files/CP028958.1_results/PROKKA_06292018:CP028958.1_26 (length 402)
plasmid_files/CP028958.1_results/PROKKA_06292018:CP028958.1_27 (length 477)
plasmid_files/CP028958.1_results/PROKKA_06292018:CP028958.1_28 (length 88)
plasmid_files/CP028958.1_results/PROKKA_06292018:CP028958.1_29 (length 68)
plasmid_files/CP028958.1_results/PROKKA_06292018:CP028958.1_30 (length 499)
plasmid_files/CP028958.1_results/PROKKA_06292018:CP028958.1_31 (length 251)
plasmid_files/CP028958.1_results/PROKKA_06292018:CP028958.1_32 (length 192)
plasmid_files/CP028958.1_results/PROKKA_06292018:CP028958.1_33 (length 103)
plasmid_files/CP028958.1_results/PROKKA_06292018:CP028958.1_34 (length 104)
plasmid_files/CP028958.1_results/PROKKA_06292018:CP028958.1_35 (length 114)
plasmid_files/CP028958.1_results/PROKKA_06292018:CP028958.1_36 (length 101)
plasmid_files/CP028958.1_results/PROKKA_06292018:CP028958.1_37 (length 244)
plasmid_files/CP028958.1_results/PROKKA_06292018:CP028958.1_38 (length 93)
plasmid_files/CP028958.1_results/PROKKA_06292018:CP028958.1_39 (length 97)
plasmid_files/CP028958.1_results/PROKKA_06292018:CP028958.1_40 (length 105)
plasmid_files/CP028958.1_results/PROKKA_06292018:CP028958.1_41 (length 866)
plasmid_files/CP028958.1_results/PROKKA_06292018:CP028958.1_42 (length 237)
plasmid_files/CP028958.1_results/PROKKA_06292018:CP028958.1_43 (length 75)
plasmid_files/CP028958.1_results/PROKKA_06292018:CP028958.1_44 (length 346)
plasmid_files/CP028958.1_results/PROKKA_06292018:CP028958.1_45 (length 232)
plasmid_files/CP028958.1_results/PROKKA_06292018:CP028958.1_46 (length 294)
plasmid_files/CP028958.1_results/PROKKA_06292018:CP028958.1_47 (length 386)
plasmid_files/CP028958.1_results/PROKKA_06292018:CP028958.1_48 (length 331)
plasmid_files/CP028958.1_results/PROKKA_06292018:CP028958.1_49 (length 177)
plasmid_files/CP028958.1_results/PROKKA_06292018:CP028958.1_50 (length 65)
plasmid_files/CP028958.1_results/PROKKA_06292018:CP028958.1_51 (length 234)
plasmid_files/CP028958.1_results/PROKKA_06292018:CP028958.1_52 (length 144)
plasmid_files/CP028958.1_results/PROKKA_06292018:CP028958.1_53 (length 369)
plasmid_files/CP028958.1_results/PROKKA_06292018:CP028958.1_54 (length 394)
plasmid_files/CP028958.1_results/PROKKA_06292018:CP028958.1_55 (length 218)
plasmid_files/CP028958.1_results/PROKKA_06292018:CP028958.1_56 (length 218)
plasmid_files/CP028958.1_results/PROKKA_06292018:CP028958.1_57 (length 63)
plasmid_files/CP028958.1_results/PROKKA_06292018:CP028958.1_58 (length 201)
plasmid_files/CP028958.1_results/PROKKA_06292018:CP028958.1_59 (length 965)
plasmid_files/CP028958.1_results/PROKKA_06292018:CP028958.1_60 (length 596)
plasmid_files/CP028958.1_results/PROKKA_06292018:CP028958.1_61 (length 439)
plasmid_files/CP028958.1_results/PROKKA_06292018:CP028958.1_62 (length 293)
plasmid_files/CP028958.1_results/PROKKA_06292018:CP028958.1_63 (length 341)
plasmid_files/CP028958.1_results/PROKKA_06292018:CP028958.1_64 (length 259)
plasmid_files/CP028958.1_results/PROKKA_06292018:CP028958.1_65 (length 293)
plasmid_files/CP028958.1_results/PROKKA_06292018:CP028958.1_66 (length 439)
plasmid_files/CP028958.1_results/PROKKA_06292018:CP028958.1_67 (length 596)
plasmid_files/CP028958.1_results/PROKKA_06292018:CP028958.1_68 (length 965)
plasmid_files/CP028958.1_results/PROKKA_06292018:CP028958.1_69 (length 201)
plasmid_files/CP028958.1_results/PROKKA_06292018:CP028958.1_70 (length 63)
plasmid_files/CP028958.1_results/PROKKA_06292018:CP028958.1_71 (length 218)
plasmid_files/CP028958.1_results/PROKKA_06292018:CP028958.1_72 (length 142)
plasmid_files/CP028958.1_results/PROKKA_06292018:CP028958.1_73 (length 121)
plasmid_files/CP028958.1_results/PROKKA_06292018:CP028958.1_74 (length 1078)
plasmid_files/CP028958.1_results/PROKKA_06292018:CP028958.1_75 (length 509)
plasmid_files/CP028958.1_results/PROKKA_06292018:CP028958.1_76 (length 138)
plasmid_files/CP028958.1_results/PROKKA_06292018:CP028958.1_77 (length 139)
plasmid_files/CP028958.1_results/PROKKA_06292018:CP028958.1_78 (length 238)

DiscRep_ALL:DISC_SOURCE_QUALS_ASNDISC::strain (all present, all unique)
DiscRep_SUB:DISC_SOURCE_QUALS_ASNDISC::1 sources have unique values for strain
DiscRep_ALL:DISC_SOURCE_QUALS_ASNDISC::taxname (all present, all unique)
DiscRep_SUB:DISC_SOURCE_QUALS_ASNDISC::1 sources have unique values for taxname
DiscRep_ALL:DISC_FEATURE_COUNT::CDS: 78 present
DiscRep_ALL:DISC_COUNT_NUCLEOTIDES::1 nucleotide Bioseqs are present
plasmid_files/CP028958.1_results/PROKKA_06292018:CP028958.1 (length 71304)

DiscRep_ALL:FEATURE_LOCATION_CONFLICT::78 features have inconsistent gene locations.
DiscRep_SUB:FEATURE_LOCATION_CONFLICT::Coding region xref gene does not exist
plasmid_files/CP028958.1_results/PROKKA_06292018:CDS	hypothetical protein	CP028958.1:350-694	AJJFAACG_00001

DiscRep_SUB:FEATURE_LOCATION_CONFLICT::Coding region xref gene does not exist
plasmid_files/CP028958.1_results/PROKKA_06292018:CDS	hypothetical protein	CP028958.1:c1125-805	AJJFAACG_00002

DiscRep_SUB:FEATURE_LOCATION_CONFLICT::Coding region xref gene does not exist
plasmid_files/CP028958.1_results/PROKKA_06292018:CDS	hypothetical protein	CP028958.1:c1359-1180	AJJFAACG_00003

DiscRep_SUB:FEATURE_LOCATION_CONFLICT::Coding region xref gene does not exist
plasmid_files/CP028958.1_results/PROKKA_06292018:CDS	hypothetical protein	CP028958.1:c2595-2086	AJJFAACG_00004

DiscRep_SUB:FEATURE_LOCATION_CONFLICT::Coding region xref gene does not exist
plasmid_files/CP028958.1_results/PROKKA_06292018:CDS	hypothetical protein	CP028958.1:c3470-3363	AJJFAACG_00005

DiscRep_SUB:FEATURE_LOCATION_CONFLICT::Coding region xref gene does not exist
plasmid_files/CP028958.1_results/PROKKA_06292018:CDS	hypothetical protein	CP028958.1:c4280-3948	AJJFAACG_00006

DiscRep_SUB:FEATURE_LOCATION_CONFLICT::Coding region xref gene does not exist
plasmid_files/CP028958.1_results/PROKKA_06292018:CDS	hypothetical protein	CP028958.1:c4773-4489	AJJFAACG_00007

DiscRep_SUB:FEATURE_LOCATION_CONFLICT::Coding region xref gene does not exist
plasmid_files/CP028958.1_results/PROKKA_06292018:CDS	hypothetical protein	CP028958.1:c5201-4842	AJJFAACG_00008

DiscRep_SUB:FEATURE_LOCATION_CONFLICT::Coding region xref gene does not exist
plasmid_files/CP028958.1_results/PROKKA_06292018:CDS	hypothetical protein	CP028958.1:c5494-5198	AJJFAACG_00009

DiscRep_SUB:FEATURE_LOCATION_CONFLICT::Coding region xref gene does not exist
plasmid_files/CP028958.1_results/PROKKA_06292018:CDS	hypothetical protein	CP028958.1:c6152-5607	AJJFAACG_00010

DiscRep_SUB:FEATURE_LOCATION_CONFLICT::Coding region xref gene does not exist
plasmid_files/CP028958.1_results/PROKKA_06292018:CDS	hypothetical protein	CP028958.1:c6307-6152	AJJFAACG_00011

DiscRep_SUB:FEATURE_LOCATION_CONFLICT::Coding region xref gene does not exist
plasmid_files/CP028958.1_results/PROKKA_06292018:CDS	hypothetical protein	CP028958.1:c6619-6380	AJJFAACG_00012

DiscRep_SUB:FEATURE_LOCATION_CONFLICT::Coding region xref gene does not exist
plasmid_files/CP028958.1_results/PROKKA_06292018:CDS	hypothetical protein	CP028958.1:c7033-6629	AJJFAACG_00013

DiscRep_SUB:FEATURE_LOCATION_CONFLICT::Coding region xref gene does not exist
plasmid_files/CP028958.1_results/PROKKA_06292018:CDS	Antirestriction protein KlcA	CP028958.1:c7516-7091	AJJFAACG_00014

DiscRep_SUB:FEATURE_LOCATION_CONFLICT::Coding region xref gene does not exist
plasmid_files/CP028958.1_results/PROKKA_06292018:CDS	Protein UmuD	CP028958.1:7931-8371	AJJFAACG_00015

DiscRep_SUB:FEATURE_LOCATION_CONFLICT::Coding region xref gene does not exist
plasmid_files/CP028958.1_results/PROKKA_06292018:CDS	Protein UmuC	CP028958.1:8359-9624	AJJFAACG_00016

DiscRep_SUB:FEATURE_LOCATION_CONFLICT::Coding region xref gene does not exist
plasmid_files/CP028958.1_results/PROKKA_06292018:CDS	hypothetical protein	CP028958.1:9775-10566	AJJFAACG_00017

DiscRep_SUB:FEATURE_LOCATION_CONFLICT::Coding region xref gene does not exist
plasmid_files/CP028958.1_results/PROKKA_06292018:CDS	hypothetical protein	CP028958.1:c10922-10581	AJJFAACG_00018

DiscRep_SUB:FEATURE_LOCATION_CONFLICT::Coding region xref gene does not exist
plasmid_files/CP028958.1_results/PROKKA_06292018:CDS	Replication initiation protein	CP028958.1:11482-12201	AJJFAACG_00019

DiscRep_SUB:FEATURE_LOCATION_CONFLICT::Coding region xref gene does not exist
plasmid_files/CP028958.1_results/PROKKA_06292018:CDS	hypothetical protein	CP028958.1:c13790-12012	AJJFAACG_00020

DiscRep_SUB:FEATURE_LOCATION_CONFLICT::Coding region xref gene does not exist
plasmid_files/CP028958.1_results/PROKKA_06292018:CDS	DNA-invertase hin	CP028958.1:c14727-14158	AJJFAACG_00021

DiscRep_SUB:FEATURE_LOCATION_CONFLICT::Coding region xref gene does not exist
plasmid_files/CP028958.1_results/PROKKA_06292018:CDS	Tyrosine recombinase XerD	CP028958.1:c16133-15120	AJJFAACG_00022

DiscRep_SUB:FEATURE_LOCATION_CONFLICT::Coding region xref gene does not exist
plasmid_files/CP028958.1_results/PROKKA_06292018:CDS	Dihydrofolate reductase type 1	CP028958.1:16289-16762	AJJFAACG_00023

DiscRep_SUB:FEATURE_LOCATION_CONFLICT::Coding region xref gene does not exist
plasmid_files/CP028958.1_results/PROKKA_06292018:CDS	hypothetical protein	CP028958.1:c17213-16929	AJJFAACG_00024

DiscRep_SUB:FEATURE_LOCATION_CONFLICT::Coding region xref gene does not exist
plasmid_files/CP028958.1_results/PROKKA_06292018:CDS	hypothetical protein	CP028958.1:17392-18156	AJJFAACG_00025

DiscRep_SUB:FEATURE_LOCATION_CONFLICT::Coding region xref gene does not exist
plasmid_files/CP028958.1_results/PROKKA_06292018:CDS	Type-2 restriction enzyme EcoRII	CP028958.1:18423-19631	AJJFAACG_00026

DiscRep_SUB:FEATURE_LOCATION_CONFLICT::Coding region xref gene does not exist
plasmid_files/CP028958.1_results/PROKKA_06292018:CDS	DNA-cytosine methyltransferase	CP028958.1:c21098-19665	AJJFAACG_00027

DiscRep_SUB:FEATURE_LOCATION_CONFLICT::Coding region xref gene does not exist
plasmid_files/CP028958.1_results/PROKKA_06292018:CDS	hypothetical protein	CP028958.1:21203-21469	AJJFAACG_00028

DiscRep_SUB:FEATURE_LOCATION_CONFLICT::Coding region xref gene does not exist
plasmid_files/CP028958.1_results/PROKKA_06292018:CDS	hypothetical protein	CP028958.1:c21686-21480	AJJFAACG_00029

DiscRep_SUB:FEATURE_LOCATION_CONFLICT::Coding region xref gene does not exist
plasmid_files/CP028958.1_results/PROKKA_06292018:CDS	hypothetical protein	CP028958.1:21876-23375	AJJFAACG_00030

DiscRep_SUB:FEATURE_LOCATION_CONFLICT::Coding region xref gene does not exist
plasmid_files/CP028958.1_results/PROKKA_06292018:CDS	Insertion sequence IS5376 putative ATP-binding protein	CP028958.1:23372-24127	AJJFAACG_00031

DiscRep_SUB:FEATURE_LOCATION_CONFLICT::Coding region xref gene does not exist
plasmid_files/CP028958.1_results/PROKKA_06292018:CDS	hypothetical protein	CP028958.1:c24754-24176	AJJFAACG_00032

DiscRep_SUB:FEATURE_LOCATION_CONFLICT::Coding region xref gene does not exist
plasmid_files/CP028958.1_results/PROKKA_06292018:CDS	hypothetical protein	CP028958.1:c25115-24804	AJJFAACG_00033

DiscRep_SUB:FEATURE_LOCATION_CONFLICT::Coding region xref gene does not exist
plasmid_files/CP028958.1_results/PROKKA_06292018:CDS	hypothetical protein	CP028958.1:c25465-25151	AJJFAACG_00034

DiscRep_SUB:FEATURE_LOCATION_CONFLICT::Coding region xref gene does not exist
plasmid_files/CP028958.1_results/PROKKA_06292018:CDS	hypothetical protein	CP028958.1:c25806-25462	AJJFAACG_00035

DiscRep_SUB:FEATURE_LOCATION_CONFLICT::Coding region xref gene does not exist
plasmid_files/CP028958.1_results/PROKKA_06292018:CDS	Trans-acting regulatory protein HvrA	CP028958.1:c26127-25822	AJJFAACG_00036

DiscRep_SUB:FEATURE_LOCATION_CONFLICT::Coding region xref gene does not exist
plasmid_files/CP028958.1_results/PROKKA_06292018:CDS	Type IV secretion system protein virB1	CP028958.1:26236-26970	AJJFAACG_00037

DiscRep_SUB:FEATURE_LOCATION_CONFLICT::Coding region xref gene does not exist
plasmid_files/CP028958.1_results/PROKKA_06292018:CDS	hypothetical protein	CP028958.1:26979-27260	AJJFAACG_00038

DiscRep_SUB:FEATURE_LOCATION_CONFLICT::Coding region xref gene does not exist
plasmid_files/CP028958.1_results/PROKKA_06292018:CDS	hypothetical protein	CP028958.1:27270-27563	AJJFAACG_00039

DiscRep_SUB:FEATURE_LOCATION_CONFLICT::Coding region xref gene does not exist
plasmid_files/CP028958.1_results/PROKKA_06292018:CDS	hypothetical protein	CP028958.1:27613-27930	AJJFAACG_00040

DiscRep_SUB:FEATURE_LOCATION_CONFLICT::Coding region xref gene does not exist
plasmid_files/CP028958.1_results/PROKKA_06292018:CDS	Type IV secretion system protein virB4	CP028958.1:27930-30530	AJJFAACG_00041

DiscRep_SUB:FEATURE_LOCATION_CONFLICT::Coding region xref gene does not exist
plasmid_files/CP028958.1_results/PROKKA_06292018:CDS	Type IV secretion system protein virB5	CP028958.1:30548-31261	AJJFAACG_00042

DiscRep_SUB:FEATURE_LOCATION_CONFLICT::Coding region xref gene does not exist
plasmid_files/CP028958.1_results/PROKKA_06292018:CDS	hypothetical protein	CP028958.1:31269-31496	AJJFAACG_00043

DiscRep_SUB:FEATURE_LOCATION_CONFLICT::Coding region xref gene does not exist
plasmid_files/CP028958.1_results/PROKKA_06292018:CDS	Type IV secretion system protein VirB6	CP028958.1:31512-32552	AJJFAACG_00044

DiscRep_SUB:FEATURE_LOCATION_CONFLICT::Coding region xref gene does not exist
plasmid_files/CP028958.1_results/PROKKA_06292018:CDS	Type IV secretion system protein virB8	CP028958.1:32771-33469	AJJFAACG_00045

DiscRep_SUB:FEATURE_LOCATION_CONFLICT::Coding region xref gene does not exist
plasmid_files/CP028958.1_results/PROKKA_06292018:CDS	Type IV secretion system protein virB9	CP028958.1:33480-34364	AJJFAACG_00046

DiscRep_SUB:FEATURE_LOCATION_CONFLICT::Coding region xref gene does not exist
plasmid_files/CP028958.1_results/PROKKA_06292018:CDS	Protein virB10	CP028958.1:34364-35524	AJJFAACG_00047

DiscRep_SUB:FEATURE_LOCATION_CONFLICT::Coding region xref gene does not exist
plasmid_files/CP028958.1_results/PROKKA_06292018:CDS	Type IV secretion system protein VirB11	CP028958.1:35566-36561	AJJFAACG_00048

DiscRep_SUB:FEATURE_LOCATION_CONFLICT::Coding region xref gene does not exist
plasmid_files/CP028958.1_results/PROKKA_06292018:CDS	Phospholipase D	CP028958.1:36561-37094	AJJFAACG_00049

DiscRep_SUB:FEATURE_LOCATION_CONFLICT::Coding region xref gene does not exist
plasmid_files/CP028958.1_results/PROKKA_06292018:CDS	hypothetical protein	CP028958.1:37822-38019	AJJFAACG_00050

DiscRep_SUB:FEATURE_LOCATION_CONFLICT::Coding region xref gene does not exist
plasmid_files/CP028958.1_results/PROKKA_06292018:CDS	hypothetical protein	CP028958.1:38066-38770	AJJFAACG_00051

DiscRep_SUB:FEATURE_LOCATION_CONFLICT::Coding region xref gene does not exist
plasmid_files/CP028958.1_results/PROKKA_06292018:CDS	S-formylglutathione hydrolase FrmB	CP028958.1:c39238-38804	AJJFAACG_00052

DiscRep_SUB:FEATURE_LOCATION_CONFLICT::Coding region xref gene does not exist
plasmid_files/CP028958.1_results/PROKKA_06292018:CDS	S-(hydroxymethyl)glutathione dehydrogenase	CP028958.1:c40369-39260	AJJFAACG_00053

DiscRep_SUB:FEATURE_LOCATION_CONFLICT::Coding region xref gene does not exist
plasmid_files/CP028958.1_results/PROKKA_06292018:CDS	Tetracycline resistance protein, class B	CP028958.1:c41648-40464	AJJFAACG_00054

DiscRep_SUB:FEATURE_LOCATION_CONFLICT::Coding region xref gene does not exist
plasmid_files/CP028958.1_results/PROKKA_06292018:CDS	Tetracycline repressor protein class D	CP028958.1:41744-42400	AJJFAACG_00055

DiscRep_SUB:FEATURE_LOCATION_CONFLICT::Coding region xref gene does not exist
plasmid_files/CP028958.1_results/PROKKA_06292018:CDS	hypothetical protein	CP028958.1:42412-43068	AJJFAACG_00056

DiscRep_SUB:FEATURE_LOCATION_CONFLICT::Coding region xref gene does not exist
plasmid_files/CP028958.1_results/PROKKA_06292018:CDS	hypothetical protein	CP028958.1:c43183-42992	AJJFAACG_00057

DiscRep_SUB:FEATURE_LOCATION_CONFLICT::Coding region xref gene does not exist
plasmid_files/CP028958.1_results/PROKKA_06292018:CDS	Serine recombinase PinR	CP028958.1:c44029-43424	AJJFAACG_00058

DiscRep_SUB:FEATURE_LOCATION_CONFLICT::Coding region xref gene does not exist
plasmid_files/CP028958.1_results/PROKKA_06292018:CDS	hypothetical protein	CP028958.1:44124-47021	AJJFAACG_00059

DiscRep_SUB:FEATURE_LOCATION_CONFLICT::Coding region xref gene does not exist
plasmid_files/CP028958.1_results/PROKKA_06292018:CDS	hypothetical protein	CP028958.1:c48808-47018	AJJFAACG_00060

DiscRep_SUB:FEATURE_LOCATION_CONFLICT::Coding region xref gene does not exist
plasmid_files/CP028958.1_results/PROKKA_06292018:CDS	hypothetical protein	CP028958.1:49127-50446	AJJFAACG_00061

DiscRep_SUB:FEATURE_LOCATION_CONFLICT::Coding region xref gene does not exist
plasmid_files/CP028958.1_results/PROKKA_06292018:CDS	Carbapenem-hydrolyzing beta-lactamase KPC	CP028958.1:c51577-50696	AJJFAACG_00062

DiscRep_SUB:FEATURE_LOCATION_CONFLICT::Coding region xref gene does not exist
plasmid_files/CP028958.1_results/PROKKA_06292018:CDS	hypothetical protein	CP028958.1:51993-53018	AJJFAACG_00063

DiscRep_SUB:FEATURE_LOCATION_CONFLICT::Coding region xref gene does not exist
plasmid_files/CP028958.1_results/PROKKA_06292018:CDS	Insertion sequence IS5376 putative ATP-binding protein	CP028958.1:53015-53794	AJJFAACG_00064

DiscRep_SUB:FEATURE_LOCATION_CONFLICT::Coding region xref gene does not exist
plasmid_files/CP028958.1_results/PROKKA_06292018:CDS	Carbapenem-hydrolyzing beta-lactamase KPC	CP028958.1:54181-55062	AJJFAACG_00065

DiscRep_SUB:FEATURE_LOCATION_CONFLICT::Coding region xref gene does not exist
plasmid_files/CP028958.1_results/PROKKA_06292018:CDS	hypothetical protein	CP028958.1:c56631-55312	AJJFAACG_00066

DiscRep_SUB:FEATURE_LOCATION_CONFLICT::Coding region xref gene does not exist
plasmid_files/CP028958.1_results/PROKKA_06292018:CDS	hypothetical protein	CP028958.1:56950-58740	AJJFAACG_00067

DiscRep_SUB:FEATURE_LOCATION_CONFLICT::Coding region xref gene does not exist
plasmid_files/CP028958.1_results/PROKKA_06292018:CDS	hypothetical protein	CP028958.1:c61634-58737	AJJFAACG_00068

DiscRep_SUB:FEATURE_LOCATION_CONFLICT::Coding region xref gene does not exist
plasmid_files/CP028958.1_results/PROKKA_06292018:CDS	Serine recombinase PinR	CP028958.1:61729-62334	AJJFAACG_00069

DiscRep_SUB:FEATURE_LOCATION_CONFLICT::Coding region xref gene does not exist
plasmid_files/CP028958.1_results/PROKKA_06292018:CDS	hypothetical protein	CP028958.1:62575-62766	AJJFAACG_00070

DiscRep_SUB:FEATURE_LOCATION_CONFLICT::Coding region xref gene does not exist
plasmid_files/CP028958.1_results/PROKKA_06292018:CDS	hypothetical protein	CP028958.1:c63346-62690	AJJFAACG_00071

DiscRep_SUB:FEATURE_LOCATION_CONFLICT::Coding region xref gene does not exist
plasmid_files/CP028958.1_results/PROKKA_06292018:CDS	hypothetical protein	CP028958.1:63481-63909	AJJFAACG_00072

DiscRep_SUB:FEATURE_LOCATION_CONFLICT::Coding region xref gene does not exist
plasmid_files/CP028958.1_results/PROKKA_06292018:CDS	hypothetical protein	CP028958.1:c64284-63919	AJJFAACG_00073

DiscRep_SUB:FEATURE_LOCATION_CONFLICT::Coding region xref gene does not exist
plasmid_files/CP028958.1_results/PROKKA_06292018:CDS	Multifunctional conjugation protein TraI	CP028958.1:c67520-64284	AJJFAACG_00074

DiscRep_SUB:FEATURE_LOCATION_CONFLICT::Coding region xref gene does not exist
plasmid_files/CP028958.1_results/PROKKA_06292018:CDS	Coupling protein TraD	CP028958.1:c69049-67520	AJJFAACG_00075

DiscRep_SUB:FEATURE_LOCATION_CONFLICT::Coding region xref gene does not exist
plasmid_files/CP028958.1_results/PROKKA_06292018:CDS	hypothetical protein	CP028958.1:c69467-69051	AJJFAACG_00076

DiscRep_SUB:FEATURE_LOCATION_CONFLICT::Coding region xref gene does not exist
plasmid_files/CP028958.1_results/PROKKA_06292018:CDS	hypothetical protein	CP028958.1:69958-70377	AJJFAACG_00077

DiscRep_SUB:FEATURE_LOCATION_CONFLICT::Coding region xref gene does not exist
plasmid_files/CP028958.1_results/PROKKA_06292018:CDS	hypothetical protein	CP028958.1:70386-71102	AJJFAACG_00078

DiscRep_ALL:DISC_QUALITY_SCORES::Quality scores are missing on all sequences.

DiscRep_ALL:ONCALLER_COMMENT_PRESENT::1 comment descriptors were found (all same)
plasmid_files/CP028958.1_results/PROKKA_06292018:CP028958.1:Annotated using prokka 1.14-dev from https://github.com/tseemann/prokka

DiscRep_ALL:SHORT_PROT_SEQUENCES::1 protein sequences are shorter than 50 aa.
plasmid_files/CP028958.1_results/PROKKA_06292018:CP028958.1_5 (length 35)

DiscRep_ALL:MISSING_GENOMEASSEMBLY_COMMENTS::1 bioseqs are missing GenomeAssembly structured comments
plasmid_files/CP028958.1_results/PROKKA_06292018:CP028958.1 (length 71304)

DiscRep_ALL:MOLTYPE_NOT_MRNA::1 molecule types are not set as mRNA.
plasmid_files/CP028958.1_results/PROKKA_06292018:CP028958.1 (length 71304)

DiscRep_ALL:TECHNIQUE_NOT_TSA::1 technique are not set as TSA
plasmid_files/CP028958.1_results/PROKKA_06292018:CP028958.1 (length 71304)

DiscRep_ALL:MISSING_STRUCTURED_COMMENT::1 sequences do not include structured comments.
plasmid_files/CP028958.1_results/PROKKA_06292018:CP028958.1 (length 71304)

DiscRep_ALL:MISSING_PROJECT::79 sequences do not include project.
plasmid_files/CP028958.1_results/PROKKA_06292018:CP028958.1 (length 71304)
plasmid_files/CP028958.1_results/PROKKA_06292018:CP028958.1_1 (length 114)
plasmid_files/CP028958.1_results/PROKKA_06292018:CP028958.1_2 (length 106)
plasmid_files/CP028958.1_results/PROKKA_06292018:CP028958.1_3 (length 59)
plasmid_files/CP028958.1_results/PROKKA_06292018:CP028958.1_4 (length 169)
plasmid_files/CP028958.1_results/PROKKA_06292018:CP028958.1_5 (length 35)
plasmid_files/CP028958.1_results/PROKKA_06292018:CP028958.1_6 (length 110)
plasmid_files/CP028958.1_results/PROKKA_06292018:CP028958.1_7 (length 94)
plasmid_files/CP028958.1_results/PROKKA_06292018:CP028958.1_8 (length 119)
plasmid_files/CP028958.1_results/PROKKA_06292018:CP028958.1_9 (length 98)
plasmid_files/CP028958.1_results/PROKKA_06292018:CP028958.1_10 (length 181)
plasmid_files/CP028958.1_results/PROKKA_06292018:CP028958.1_11 (length 51)
plasmid_files/CP028958.1_results/PROKKA_06292018:CP028958.1_12 (length 79)
plasmid_files/CP028958.1_results/PROKKA_06292018:CP028958.1_13 (length 134)
plasmid_files/CP028958.1_results/PROKKA_06292018:CP028958.1_14 (length 141)
plasmid_files/CP028958.1_results/PROKKA_06292018:CP028958.1_15 (length 146)
plasmid_files/CP028958.1_results/PROKKA_06292018:CP028958.1_16 (length 421)
plasmid_files/CP028958.1_results/PROKKA_06292018:CP028958.1_17 (length 263)
plasmid_files/CP028958.1_results/PROKKA_06292018:CP028958.1_18 (length 113)
plasmid_files/CP028958.1_results/PROKKA_06292018:CP028958.1_19 (length 239)
plasmid_files/CP028958.1_results/PROKKA_06292018:CP028958.1_20 (length 592)
plasmid_files/CP028958.1_results/PROKKA_06292018:CP028958.1_21 (length 189)
plasmid_files/CP028958.1_results/PROKKA_06292018:CP028958.1_22 (length 337)
plasmid_files/CP028958.1_results/PROKKA_06292018:CP028958.1_23 (length 157)
plasmid_files/CP028958.1_results/PROKKA_06292018:CP028958.1_24 (length 94)
plasmid_files/CP028958.1_results/PROKKA_06292018:CP028958.1_25 (length 254)
plasmid_files/CP028958.1_results/PROKKA_06292018:CP028958.1_26 (length 402)
plasmid_files/CP028958.1_results/PROKKA_06292018:CP028958.1_27 (length 477)
plasmid_files/CP028958.1_results/PROKKA_06292018:CP028958.1_28 (length 88)
plasmid_files/CP028958.1_results/PROKKA_06292018:CP028958.1_29 (length 68)
plasmid_files/CP028958.1_results/PROKKA_06292018:CP028958.1_30 (length 499)
plasmid_files/CP028958.1_results/PROKKA_06292018:CP028958.1_31 (length 251)
plasmid_files/CP028958.1_results/PROKKA_06292018:CP028958.1_32 (length 192)
plasmid_files/CP028958.1_results/PROKKA_06292018:CP028958.1_33 (length 103)
plasmid_files/CP028958.1_results/PROKKA_06292018:CP028958.1_34 (length 104)
plasmid_files/CP028958.1_results/PROKKA_06292018:CP028958.1_35 (length 114)
plasmid_files/CP028958.1_results/PROKKA_06292018:CP028958.1_36 (length 101)
plasmid_files/CP028958.1_results/PROKKA_06292018:CP028958.1_37 (length 244)
plasmid_files/CP028958.1_results/PROKKA_06292018:CP028958.1_38 (length 93)
plasmid_files/CP028958.1_results/PROKKA_06292018:CP028958.1_39 (length 97)
plasmid_files/CP028958.1_results/PROKKA_06292018:CP028958.1_40 (length 105)
plasmid_files/CP028958.1_results/PROKKA_06292018:CP028958.1_41 (length 866)
plasmid_files/CP028958.1_results/PROKKA_06292018:CP028958.1_42 (length 237)
plasmid_files/CP028958.1_results/PROKKA_06292018:CP028958.1_43 (length 75)
plasmid_files/CP028958.1_results/PROKKA_06292018:CP028958.1_44 (length 346)
plasmid_files/CP028958.1_results/PROKKA_06292018:CP028958.1_45 (length 232)
plasmid_files/CP028958.1_results/PROKKA_06292018:CP028958.1_46 (length 294)
plasmid_files/CP028958.1_results/PROKKA_06292018:CP028958.1_47 (length 386)
plasmid_files/CP028958.1_results/PROKKA_06292018:CP028958.1_48 (length 331)
plasmid_files/CP028958.1_results/PROKKA_06292018:CP028958.1_49 (length 177)
plasmid_files/CP028958.1_results/PROKKA_06292018:CP028958.1_50 (length 65)
plasmid_files/CP028958.1_results/PROKKA_06292018:CP028958.1_51 (length 234)
plasmid_files/CP028958.1_results/PROKKA_06292018:CP028958.1_52 (length 144)
plasmid_files/CP028958.1_results/PROKKA_06292018:CP028958.1_53 (length 369)
plasmid_files/CP028958.1_results/PROKKA_06292018:CP028958.1_54 (length 394)
plasmid_files/CP028958.1_results/PROKKA_06292018:CP028958.1_55 (length 218)
plasmid_files/CP028958.1_results/PROKKA_06292018:CP028958.1_56 (length 218)
plasmid_files/CP028958.1_results/PROKKA_06292018:CP028958.1_57 (length 63)
plasmid_files/CP028958.1_results/PROKKA_06292018:CP028958.1_58 (length 201)
plasmid_files/CP028958.1_results/PROKKA_06292018:CP028958.1_59 (length 965)
plasmid_files/CP028958.1_results/PROKKA_06292018:CP028958.1_60 (length 596)
plasmid_files/CP028958.1_results/PROKKA_06292018:CP028958.1_61 (length 439)
plasmid_files/CP028958.1_results/PROKKA_06292018:CP028958.1_62 (length 293)
plasmid_files/CP028958.1_results/PROKKA_06292018:CP028958.1_63 (length 341)
plasmid_files/CP028958.1_results/PROKKA_06292018:CP028958.1_64 (length 259)
plasmid_files/CP028958.1_results/PROKKA_06292018:CP028958.1_65 (length 293)
plasmid_files/CP028958.1_results/PROKKA_06292018:CP028958.1_66 (length 439)
plasmid_files/CP028958.1_results/PROKKA_06292018:CP028958.1_67 (length 596)
plasmid_files/CP028958.1_results/PROKKA_06292018:CP028958.1_68 (length 965)
plasmid_files/CP028958.1_results/PROKKA_06292018:CP028958.1_69 (length 201)
plasmid_files/CP028958.1_results/PROKKA_06292018:CP028958.1_70 (length 63)
plasmid_files/CP028958.1_results/PROKKA_06292018:CP028958.1_71 (length 218)
plasmid_files/CP028958.1_results/PROKKA_06292018:CP028958.1_72 (length 142)
plasmid_files/CP028958.1_results/PROKKA_06292018:CP028958.1_73 (length 121)
plasmid_files/CP028958.1_results/PROKKA_06292018:CP028958.1_74 (length 1078)
plasmid_files/CP028958.1_results/PROKKA_06292018:CP028958.1_75 (length 509)
plasmid_files/CP028958.1_results/PROKKA_06292018:CP028958.1_76 (length 138)
plasmid_files/CP028958.1_results/PROKKA_06292018:CP028958.1_77 (length 139)
plasmid_files/CP028958.1_results/PROKKA_06292018:CP028958.1_78 (length 238)

DiscRep_ALL:DISC_INCONSISTENT_MOLINFO_TECH::Molinfo Technique Report (some missing, all same)
DiscRep_SUB:DISC_INCONSISTENT_MOLINFO_TECH::technique (all missing)
DiscRep_SUB:DISC_INCONSISTENT_MOLINFO_TECH::1 Molinfos are missing field technique
plasmid_files/CP028958.1_results/PROKKA_06292018:CP028958.1 (length 71304)

