Discrepancy Report Results

Summary
FATAL: MISSING_PROTEIN_ID:131 proteins have invalid IDs.
DISC_SOURCE_QUALS_ASNDISC:strain (all present, all unique)
DISC_SOURCE_QUALS_ASNDISC:taxname (all present, all unique)
DISC_FEATURE_COUNT:CDS: 131 present
DISC_COUNT_NUCLEOTIDES:1 nucleotide Bioseqs are present
FEATURE_LOCATION_CONFLICT:131 features have inconsistent gene locations.
SUSPECT_PRODUCT_NAMES:1 product_names contain suspect phrase or characters
	May contain database identifier more appropriate in note; remove from product name
		1 features Three or more numbers together
DISC_QUALITY_SCORES:Quality scores are missing on all sequences.
ONCALLER_COMMENT_PRESENT:1 comment descriptors were found (all same)
SHORT_PROT_SEQUENCES:1 protein sequences are shorter than 50 aa.
MISSING_GENOMEASSEMBLY_COMMENTS:1 bioseqs are missing GenomeAssembly structured comments
MOLTYPE_NOT_MRNA:1 molecule types are not set as mRNA.
TECHNIQUE_NOT_TSA:1 technique are not set as TSA
MISSING_STRUCTURED_COMMENT:1 sequences do not include structured comments.
MISSING_PROJECT:132 sequences do not include project.
DISC_INCONSISTENT_MOLINFO_TECH:Molinfo Technique Report (some missing, all same)


Detailed Report

FATAL: DiscRep_ALL:MISSING_PROTEIN_ID::131 proteins have invalid IDs.
plasmid_files/CP025010.1_results/PROKKA_06292018:CP025010.1_1 (length 298)
plasmid_files/CP025010.1_results/PROKKA_06292018:CP025010.1_2 (length 401)
plasmid_files/CP025010.1_results/PROKKA_06292018:CP025010.1_3 (length 324)
plasmid_files/CP025010.1_results/PROKKA_06292018:CP025010.1_4 (length 110)
plasmid_files/CP025010.1_results/PROKKA_06292018:CP025010.1_5 (length 57)
plasmid_files/CP025010.1_results/PROKKA_06292018:CP025010.1_6 (length 675)
plasmid_files/CP025010.1_results/PROKKA_06292018:CP025010.1_7 (length 438)
plasmid_files/CP025010.1_results/PROKKA_06292018:CP025010.1_8 (length 1085)
plasmid_files/CP025010.1_results/PROKKA_06292018:CP025010.1_9 (length 422)
plasmid_files/CP025010.1_results/PROKKA_06292018:CP025010.1_10 (length 157)
plasmid_files/CP025010.1_results/PROKKA_06292018:CP025010.1_11 (length 82)
plasmid_files/CP025010.1_results/PROKKA_06292018:CP025010.1_12 (length 260)
plasmid_files/CP025010.1_results/PROKKA_06292018:CP025010.1_13 (length 110)
plasmid_files/CP025010.1_results/PROKKA_06292018:CP025010.1_14 (length 132)
plasmid_files/CP025010.1_results/PROKKA_06292018:CP025010.1_15 (length 109)
plasmid_files/CP025010.1_results/PROKKA_06292018:CP025010.1_16 (length 102)
plasmid_files/CP025010.1_results/PROKKA_06292018:CP025010.1_17 (length 83)
plasmid_files/CP025010.1_results/PROKKA_06292018:CP025010.1_18 (length 76)
plasmid_files/CP025010.1_results/PROKKA_06292018:CP025010.1_19 (length 138)
plasmid_files/CP025010.1_results/PROKKA_06292018:CP025010.1_20 (length 236)
plasmid_files/CP025010.1_results/PROKKA_06292018:CP025010.1_21 (length 91)
plasmid_files/CP025010.1_results/PROKKA_06292018:CP025010.1_22 (length 125)
plasmid_files/CP025010.1_results/PROKKA_06292018:CP025010.1_23 (length 140)
plasmid_files/CP025010.1_results/PROKKA_06292018:CP025010.1_24 (length 564)
plasmid_files/CP025010.1_results/PROKKA_06292018:CP025010.1_25 (length 120)
plasmid_files/CP025010.1_results/PROKKA_06292018:CP025010.1_26 (length 78)
plasmid_files/CP025010.1_results/PROKKA_06292018:CP025010.1_27 (length 235)
plasmid_files/CP025010.1_results/PROKKA_06292018:CP025010.1_28 (length 422)
plasmid_files/CP025010.1_results/PROKKA_06292018:CP025010.1_29 (length 136)
plasmid_files/CP025010.1_results/PROKKA_06292018:CP025010.1_30 (length 286)
plasmid_files/CP025010.1_results/PROKKA_06292018:CP025010.1_31 (length 83)
plasmid_files/CP025010.1_results/PROKKA_06292018:CP025010.1_32 (length 119)
plasmid_files/CP025010.1_results/PROKKA_06292018:CP025010.1_33 (length 234)
plasmid_files/CP025010.1_results/PROKKA_06292018:CP025010.1_34 (length 965)
plasmid_files/CP025010.1_results/PROKKA_06292018:CP025010.1_35 (length 206)
plasmid_files/CP025010.1_results/PROKKA_06292018:CP025010.1_36 (length 87)
plasmid_files/CP025010.1_results/PROKKA_06292018:CP025010.1_37 (length 1001)
plasmid_files/CP025010.1_results/PROKKA_06292018:CP025010.1_38 (length 185)
plasmid_files/CP025010.1_results/PROKKA_06292018:CP025010.1_39 (length 201)
plasmid_files/CP025010.1_results/PROKKA_06292018:CP025010.1_40 (length 85)
plasmid_files/CP025010.1_results/PROKKA_06292018:CP025010.1_41 (length 234)
plasmid_files/CP025010.1_results/PROKKA_06292018:CP025010.1_42 (length 53)
plasmid_files/CP025010.1_results/PROKKA_06292018:CP025010.1_43 (length 394)
plasmid_files/CP025010.1_results/PROKKA_06292018:CP025010.1_44 (length 439)
plasmid_files/CP025010.1_results/PROKKA_06292018:CP025010.1_45 (length 293)
plasmid_files/CP025010.1_results/PROKKA_06292018:CP025010.1_46 (length 79)
plasmid_files/CP025010.1_results/PROKKA_06292018:CP025010.1_47 (length 259)
plasmid_files/CP025010.1_results/PROKKA_06292018:CP025010.1_48 (length 341)
plasmid_files/CP025010.1_results/PROKKA_06292018:CP025010.1_49 (length 1009)
plasmid_files/CP025010.1_results/PROKKA_06292018:CP025010.1_50 (length 571)
plasmid_files/CP025010.1_results/PROKKA_06292018:CP025010.1_51 (length 51)
plasmid_files/CP025010.1_results/PROKKA_06292018:CP025010.1_52 (length 318)
plasmid_files/CP025010.1_results/PROKKA_06292018:CP025010.1_53 (length 203)
plasmid_files/CP025010.1_results/PROKKA_06292018:CP025010.1_54 (length 187)
plasmid_files/CP025010.1_results/PROKKA_06292018:CP025010.1_55 (length 285)
plasmid_files/CP025010.1_results/PROKKA_06292018:CP025010.1_56 (length 83)
plasmid_files/CP025010.1_results/PROKKA_06292018:CP025010.1_57 (length 186)
plasmid_files/CP025010.1_results/PROKKA_06292018:CP025010.1_58 (length 102)
plasmid_files/CP025010.1_results/PROKKA_06292018:CP025010.1_59 (length 216)
plasmid_files/CP025010.1_results/PROKKA_06292018:CP025010.1_60 (length 214)
plasmid_files/CP025010.1_results/PROKKA_06292018:CP025010.1_61 (length 73)
plasmid_files/CP025010.1_results/PROKKA_06292018:CP025010.1_62 (length 197)
plasmid_files/CP025010.1_results/PROKKA_06292018:CP025010.1_63 (length 241)
plasmid_files/CP025010.1_results/PROKKA_06292018:CP025010.1_64 (length 1753)
plasmid_files/CP025010.1_results/PROKKA_06292018:CP025010.1_65 (length 770)
plasmid_files/CP025010.1_results/PROKKA_06292018:CP025010.1_66 (length 229)
plasmid_files/CP025010.1_results/PROKKA_06292018:CP025010.1_67 (length 243)
plasmid_files/CP025010.1_results/PROKKA_06292018:CP025010.1_68 (length 182)
plasmid_files/CP025010.1_results/PROKKA_06292018:CP025010.1_69 (length 949)
plasmid_files/CP025010.1_results/PROKKA_06292018:CP025010.1_70 (length 455)
plasmid_files/CP025010.1_results/PROKKA_06292018:CP025010.1_71 (length 147)
plasmid_files/CP025010.1_results/PROKKA_06292018:CP025010.1_72 (length 185)
plasmid_files/CP025010.1_results/PROKKA_06292018:CP025010.1_73 (length 79)
plasmid_files/CP025010.1_results/PROKKA_06292018:CP025010.1_74 (length 250)
plasmid_files/CP025010.1_results/PROKKA_06292018:CP025010.1_75 (length 108)
plasmid_files/CP025010.1_results/PROKKA_06292018:CP025010.1_76 (length 88)
plasmid_files/CP025010.1_results/PROKKA_06292018:CP025010.1_77 (length 84)
plasmid_files/CP025010.1_results/PROKKA_06292018:CP025010.1_78 (length 651)
plasmid_files/CP025010.1_results/PROKKA_06292018:CP025010.1_79 (length 212)
plasmid_files/CP025010.1_results/PROKKA_06292018:CP025010.1_80 (length 329)
plasmid_files/CP025010.1_results/PROKKA_06292018:CP025010.1_81 (length 129)
plasmid_files/CP025010.1_results/PROKKA_06292018:CP025010.1_82 (length 208)
plasmid_files/CP025010.1_results/PROKKA_06292018:CP025010.1_83 (length 129)
plasmid_files/CP025010.1_results/PROKKA_06292018:CP025010.1_84 (length 879)
plasmid_files/CP025010.1_results/PROKKA_06292018:CP025010.1_85 (length 130)
plasmid_files/CP025010.1_results/PROKKA_06292018:CP025010.1_86 (length 129)
plasmid_files/CP025010.1_results/PROKKA_06292018:CP025010.1_87 (length 103)
plasmid_files/CP025010.1_results/PROKKA_06292018:CP025010.1_88 (length 136)
plasmid_files/CP025010.1_results/PROKKA_06292018:CP025010.1_89 (length 190)
plasmid_files/CP025010.1_results/PROKKA_06292018:CP025010.1_90 (length 474)
plasmid_files/CP025010.1_results/PROKKA_06292018:CP025010.1_91 (length 246)
plasmid_files/CP025010.1_results/PROKKA_06292018:CP025010.1_92 (length 188)
plasmid_files/CP025010.1_results/PROKKA_06292018:CP025010.1_93 (length 101)
plasmid_files/CP025010.1_results/PROKKA_06292018:CP025010.1_94 (length 122)
plasmid_files/CP025010.1_results/PROKKA_06292018:CP025010.1_95 (length 128)
plasmid_files/CP025010.1_results/PROKKA_06292018:CP025010.1_96 (length 228)
plasmid_files/CP025010.1_results/PROKKA_06292018:CP025010.1_97 (length 132)
plasmid_files/CP025010.1_results/PROKKA_06292018:CP025010.1_98 (length 161)
plasmid_files/CP025010.1_results/PROKKA_06292018:CP025010.1_99 (length 104)
plasmid_files/CP025010.1_results/PROKKA_06292018:CP025010.1_100 (length 273)
plasmid_files/CP025010.1_results/PROKKA_06292018:CP025010.1_101 (length 277)
plasmid_files/CP025010.1_results/PROKKA_06292018:CP025010.1_102 (length 48)
plasmid_files/CP025010.1_results/PROKKA_06292018:CP025010.1_103 (length 115)
plasmid_files/CP025010.1_results/PROKKA_06292018:CP025010.1_104 (length 117)
plasmid_files/CP025010.1_results/PROKKA_06292018:CP025010.1_105 (length 116)
plasmid_files/CP025010.1_results/PROKKA_06292018:CP025010.1_106 (length 90)
plasmid_files/CP025010.1_results/PROKKA_06292018:CP025010.1_107 (length 118)
plasmid_files/CP025010.1_results/PROKKA_06292018:CP025010.1_108 (length 240)
plasmid_files/CP025010.1_results/PROKKA_06292018:CP025010.1_109 (length 143)
plasmid_files/CP025010.1_results/PROKKA_06292018:CP025010.1_110 (length 669)
plasmid_files/CP025010.1_results/PROKKA_06292018:CP025010.1_111 (length 80)
plasmid_files/CP025010.1_results/PROKKA_06292018:CP025010.1_112 (length 170)
plasmid_files/CP025010.1_results/PROKKA_06292018:CP025010.1_113 (length 106)
plasmid_files/CP025010.1_results/PROKKA_06292018:CP025010.1_114 (length 187)
plasmid_files/CP025010.1_results/PROKKA_06292018:CP025010.1_115 (length 451)
plasmid_files/CP025010.1_results/PROKKA_06292018:CP025010.1_116 (length 76)
plasmid_files/CP025010.1_results/PROKKA_06292018:CP025010.1_117 (length 75)
plasmid_files/CP025010.1_results/PROKKA_06292018:CP025010.1_118 (length 145)
plasmid_files/CP025010.1_results/PROKKA_06292018:CP025010.1_119 (length 84)
plasmid_files/CP025010.1_results/PROKKA_06292018:CP025010.1_120 (length 63)
plasmid_files/CP025010.1_results/PROKKA_06292018:CP025010.1_121 (length 168)
plasmid_files/CP025010.1_results/PROKKA_06292018:CP025010.1_122 (length 142)
plasmid_files/CP025010.1_results/PROKKA_06292018:CP025010.1_123 (length 255)
plasmid_files/CP025010.1_results/PROKKA_06292018:CP025010.1_124 (length 139)
plasmid_files/CP025010.1_results/PROKKA_06292018:CP025010.1_125 (length 73)
plasmid_files/CP025010.1_results/PROKKA_06292018:CP025010.1_126 (length 233)
plasmid_files/CP025010.1_results/PROKKA_06292018:CP025010.1_127 (length 76)
plasmid_files/CP025010.1_results/PROKKA_06292018:CP025010.1_128 (length 223)
plasmid_files/CP025010.1_results/PROKKA_06292018:CP025010.1_129 (length 323)
plasmid_files/CP025010.1_results/PROKKA_06292018:CP025010.1_130 (length 143)
plasmid_files/CP025010.1_results/PROKKA_06292018:CP025010.1_131 (length 423)

DiscRep_ALL:DISC_SOURCE_QUALS_ASNDISC::strain (all present, all unique)
DiscRep_SUB:DISC_SOURCE_QUALS_ASNDISC::1 sources have unique values for strain
DiscRep_ALL:DISC_SOURCE_QUALS_ASNDISC::taxname (all present, all unique)
DiscRep_SUB:DISC_SOURCE_QUALS_ASNDISC::1 sources have unique values for taxname
DiscRep_ALL:DISC_FEATURE_COUNT::CDS: 131 present
DiscRep_ALL:DISC_COUNT_NUCLEOTIDES::1 nucleotide Bioseqs are present
plasmid_files/CP025010.1_results/PROKKA_06292018:CP025010.1 (length 118202)

DiscRep_ALL:FEATURE_LOCATION_CONFLICT::131 features have inconsistent gene locations.
DiscRep_SUB:FEATURE_LOCATION_CONFLICT::Coding region xref gene does not exist
plasmid_files/CP025010.1_results/PROKKA_06292018:CDS	Replication protein RepA	CP025010.1:51-947	LBLPEEBG_00001

DiscRep_SUB:FEATURE_LOCATION_CONFLICT::Coding region xref gene does not exist
plasmid_files/CP025010.1_results/PROKKA_06292018:CDS	Plasmid partition protein A	CP025010.1:1269-2474	LBLPEEBG_00002

DiscRep_SUB:FEATURE_LOCATION_CONFLICT::Coding region xref gene does not exist
plasmid_files/CP025010.1_results/PROKKA_06292018:CDS	Virulence regulon transcriptional activator VirB	CP025010.1:2471-3445	LBLPEEBG_00003

DiscRep_SUB:FEATURE_LOCATION_CONFLICT::Coding region xref gene does not exist
plasmid_files/CP025010.1_results/PROKKA_06292018:CDS	hypothetical protein	CP025010.1:3822-4154	LBLPEEBG_00004

DiscRep_SUB:FEATURE_LOCATION_CONFLICT::Coding region xref gene does not exist
plasmid_files/CP025010.1_results/PROKKA_06292018:CDS	hypothetical protein	CP025010.1:4156-4329	LBLPEEBG_00005

DiscRep_SUB:FEATURE_LOCATION_CONFLICT::Coding region xref gene does not exist
plasmid_files/CP025010.1_results/PROKKA_06292018:CDS	Type I restriction enzyme EcoKI M protein	CP025010.1:4706-6733	LBLPEEBG_00006

DiscRep_SUB:FEATURE_LOCATION_CONFLICT::Coding region xref gene does not exist
plasmid_files/CP025010.1_results/PROKKA_06292018:CDS	hypothetical protein	CP025010.1:6730-8046	LBLPEEBG_00007

DiscRep_SUB:FEATURE_LOCATION_CONFLICT::Coding region xref gene does not exist
plasmid_files/CP025010.1_results/PROKKA_06292018:CDS	Type-1 restriction enzyme R protein	CP025010.1:8047-11304	LBLPEEBG_00008

DiscRep_SUB:FEATURE_LOCATION_CONFLICT::Coding region xref gene does not exist
plasmid_files/CP025010.1_results/PROKKA_06292018:CDS	hypothetical protein	CP025010.1:11309-12577	LBLPEEBG_00009

DiscRep_SUB:FEATURE_LOCATION_CONFLICT::Coding region xref gene does not exist
plasmid_files/CP025010.1_results/PROKKA_06292018:CDS	hypothetical protein	CP025010.1:12697-13170	LBLPEEBG_00010

DiscRep_SUB:FEATURE_LOCATION_CONFLICT::Coding region xref gene does not exist
plasmid_files/CP025010.1_results/PROKKA_06292018:CDS	hypothetical protein	CP025010.1:13870-14118	LBLPEEBG_00011

DiscRep_SUB:FEATURE_LOCATION_CONFLICT::Coding region xref gene does not exist
plasmid_files/CP025010.1_results/PROKKA_06292018:CDS	Tyrosine recombinase XerD	CP025010.1:c15166-14384	LBLPEEBG_00012

DiscRep_SUB:FEATURE_LOCATION_CONFLICT::Coding region xref gene does not exist
plasmid_files/CP025010.1_results/PROKKA_06292018:CDS	hypothetical protein	CP025010.1:c15498-15166	LBLPEEBG_00013

DiscRep_SUB:FEATURE_LOCATION_CONFLICT::Coding region xref gene does not exist
plasmid_files/CP025010.1_results/PROKKA_06292018:CDS	hypothetical protein	CP025010.1:c15903-15505	LBLPEEBG_00014

DiscRep_SUB:FEATURE_LOCATION_CONFLICT::Coding region xref gene does not exist
plasmid_files/CP025010.1_results/PROKKA_06292018:CDS	hypothetical protein	CP025010.1:c16258-15929	LBLPEEBG_00015

DiscRep_SUB:FEATURE_LOCATION_CONFLICT::Coding region xref gene does not exist
plasmid_files/CP025010.1_results/PROKKA_06292018:CDS	hypothetical protein	CP025010.1:c16594-16286	LBLPEEBG_00016

DiscRep_SUB:FEATURE_LOCATION_CONFLICT::Coding region xref gene does not exist
plasmid_files/CP025010.1_results/PROKKA_06292018:CDS	hypothetical protein	CP025010.1:c16891-16640	LBLPEEBG_00017

DiscRep_SUB:FEATURE_LOCATION_CONFLICT::Coding region xref gene does not exist
plasmid_files/CP025010.1_results/PROKKA_06292018:CDS	Antitoxin VapB	CP025010.1:17499-17729	LBLPEEBG_00018

DiscRep_SUB:FEATURE_LOCATION_CONFLICT::Coding region xref gene does not exist
plasmid_files/CP025010.1_results/PROKKA_06292018:CDS	tRNA(fMet)-specific endonuclease VapC	CP025010.1:17726-18142	LBLPEEBG_00019

DiscRep_SUB:FEATURE_LOCATION_CONFLICT::Coding region xref gene does not exist
plasmid_files/CP025010.1_results/PROKKA_06292018:CDS	DNA replication and repair protein RecF	CP025010.1:18216-18926	LBLPEEBG_00020

DiscRep_SUB:FEATURE_LOCATION_CONFLICT::Coding region xref gene does not exist
plasmid_files/CP025010.1_results/PROKKA_06292018:CDS	hypothetical protein	CP025010.1:18960-19235	LBLPEEBG_00021

DiscRep_SUB:FEATURE_LOCATION_CONFLICT::Coding region xref gene does not exist
plasmid_files/CP025010.1_results/PROKKA_06292018:CDS	hypothetical protein	CP025010.1:19280-19657	LBLPEEBG_00022

DiscRep_SUB:FEATURE_LOCATION_CONFLICT::Coding region xref gene does not exist
plasmid_files/CP025010.1_results/PROKKA_06292018:CDS	Mercuric transport protein MerC	CP025010.1:19819-20241	LBLPEEBG_00023

DiscRep_SUB:FEATURE_LOCATION_CONFLICT::Coding region xref gene does not exist
plasmid_files/CP025010.1_results/PROKKA_06292018:CDS	Mercuric reductase	CP025010.1:20293-21987	LBLPEEBG_00024

DiscRep_SUB:FEATURE_LOCATION_CONFLICT::Coding region xref gene does not exist
plasmid_files/CP025010.1_results/PROKKA_06292018:CDS	HTH-type transcriptional activator mta	CP025010.1:22005-22367	LBLPEEBG_00025

DiscRep_SUB:FEATURE_LOCATION_CONFLICT::Coding region xref gene does not exist
plasmid_files/CP025010.1_results/PROKKA_06292018:CDS	hypothetical protein	CP025010.1:22364-22600	LBLPEEBG_00026

DiscRep_SUB:FEATURE_LOCATION_CONFLICT::Coding region xref gene does not exist
plasmid_files/CP025010.1_results/PROKKA_06292018:CDS	putative signaling protein	CP025010.1:22597-23304	LBLPEEBG_00027

DiscRep_SUB:FEATURE_LOCATION_CONFLICT::Coding region xref gene does not exist
plasmid_files/CP025010.1_results/PROKKA_06292018:CDS	Transposon Tn7 transposition protein TnsB	CP025010.1:23379-24647	LBLPEEBG_00028

DiscRep_SUB:FEATURE_LOCATION_CONFLICT::Coding region xref gene does not exist
plasmid_files/CP025010.1_results/PROKKA_06292018:CDS	hypothetical protein	CP025010.1:24694-25104	LBLPEEBG_00029

DiscRep_SUB:FEATURE_LOCATION_CONFLICT::Coding region xref gene does not exist
plasmid_files/CP025010.1_results/PROKKA_06292018:CDS	Beta-lactamase TEM	CP025010.1:c26075-25215	LBLPEEBG_00030

DiscRep_SUB:FEATURE_LOCATION_CONFLICT::Coding region xref gene does not exist
plasmid_files/CP025010.1_results/PROKKA_06292018:CDS	Transposon Tn3 resolvase	CP025010.1:c26509-26258	LBLPEEBG_00031

DiscRep_SUB:FEATURE_LOCATION_CONFLICT::Coding region xref gene does not exist
plasmid_files/CP025010.1_results/PROKKA_06292018:CDS	Beta-lactamase OXA-18	CP025010.1:c27134-26775	LBLPEEBG_00032

DiscRep_SUB:FEATURE_LOCATION_CONFLICT::Coding region xref gene does not exist
plasmid_files/CP025010.1_results/PROKKA_06292018:CDS	hypothetical protein	CP025010.1:c28523-27819	LBLPEEBG_00033

DiscRep_SUB:FEATURE_LOCATION_CONFLICT::Coding region xref gene does not exist
plasmid_files/CP025010.1_results/PROKKA_06292018:CDS	hypothetical protein	CP025010.1:28596-31493	LBLPEEBG_00034

DiscRep_SUB:FEATURE_LOCATION_CONFLICT::Coding region xref gene does not exist
plasmid_files/CP025010.1_results/PROKKA_06292018:CDS	Putative transposon Tn552 DNA-invertase bin3	CP025010.1:31582-32202	LBLPEEBG_00035

DiscRep_SUB:FEATURE_LOCATION_CONFLICT::Coding region xref gene does not exist
plasmid_files/CP025010.1_results/PROKKA_06292018:CDS	hypothetical protein	CP025010.1:32352-32615	LBLPEEBG_00036

DiscRep_SUB:FEATURE_LOCATION_CONFLICT::Coding region xref gene does not exist
plasmid_files/CP025010.1_results/PROKKA_06292018:CDS	hypothetical protein	CP025010.1:c35617-32612	LBLPEEBG_00037

DiscRep_SUB:FEATURE_LOCATION_CONFLICT::Coding region xref gene does not exist
plasmid_files/CP025010.1_results/PROKKA_06292018:CDS	Transposon Tn3 resolvase	CP025010.1:35779-36336	LBLPEEBG_00038

DiscRep_SUB:FEATURE_LOCATION_CONFLICT::Coding region xref gene does not exist
plasmid_files/CP025010.1_results/PROKKA_06292018:CDS	Aminoglycoside N(6')-acetyltransferase type 1	CP025010.1:36519-37124	LBLPEEBG_00039

DiscRep_SUB:FEATURE_LOCATION_CONFLICT::Coding region xref gene does not exist
plasmid_files/CP025010.1_results/PROKKA_06292018:CDS	Streptomycin 3''-adenylyltransferase	CP025010.1:37206-37463	LBLPEEBG_00040

DiscRep_SUB:FEATURE_LOCATION_CONFLICT::Coding region xref gene does not exist
plasmid_files/CP025010.1_results/PROKKA_06292018:CDS	hypothetical protein	CP025010.1:37475-38179	LBLPEEBG_00041

DiscRep_SUB:FEATURE_LOCATION_CONFLICT::Coding region xref gene does not exist
plasmid_files/CP025010.1_results/PROKKA_06292018:CDS	hypothetical protein	CP025010.1:c38676-38515	LBLPEEBG_00042

DiscRep_SUB:FEATURE_LOCATION_CONFLICT::Coding region xref gene does not exist
plasmid_files/CP025010.1_results/PROKKA_06292018:CDS	hypothetical protein	CP025010.1:38796-39980	LBLPEEBG_00043

DiscRep_SUB:FEATURE_LOCATION_CONFLICT::Coding region xref gene does not exist
plasmid_files/CP025010.1_results/PROKKA_06292018:CDS	hypothetical protein	CP025010.1:40257-41576	LBLPEEBG_00044

DiscRep_SUB:FEATURE_LOCATION_CONFLICT::Coding region xref gene does not exist
plasmid_files/CP025010.1_results/PROKKA_06292018:CDS	Carbapenem-hydrolyzing beta-lactamase KPC	CP025010.1:c42707-41826	LBLPEEBG_00045

DiscRep_SUB:FEATURE_LOCATION_CONFLICT::Coding region xref gene does not exist
plasmid_files/CP025010.1_results/PROKKA_06292018:CDS	hypothetical protein	CP025010.1:c42998-42759	LBLPEEBG_00046

DiscRep_SUB:FEATURE_LOCATION_CONFLICT::Coding region xref gene does not exist
plasmid_files/CP025010.1_results/PROKKA_06292018:CDS	Insertion sequence IS5376 putative ATP-binding protein	CP025010.1:c43774-42995	LBLPEEBG_00047

DiscRep_SUB:FEATURE_LOCATION_CONFLICT::Coding region xref gene does not exist
plasmid_files/CP025010.1_results/PROKKA_06292018:CDS	hypothetical protein	CP025010.1:c44796-43771	LBLPEEBG_00048

DiscRep_SUB:FEATURE_LOCATION_CONFLICT::Coding region xref gene does not exist
plasmid_files/CP025010.1_results/PROKKA_06292018:CDS	hypothetical protein	CP025010.1:c47932-44903	LBLPEEBG_00049

DiscRep_SUB:FEATURE_LOCATION_CONFLICT::Coding region xref gene does not exist
plasmid_files/CP025010.1_results/PROKKA_06292018:CDS	Tyrosine recombinase XerD	CP025010.1:48042-49757	LBLPEEBG_00050

DiscRep_SUB:FEATURE_LOCATION_CONFLICT::Coding region xref gene does not exist
plasmid_files/CP025010.1_results/PROKKA_06292018:CDS	hypothetical protein	CP025010.1:50052-50207	LBLPEEBG_00051

DiscRep_SUB:FEATURE_LOCATION_CONFLICT::Coding region xref gene does not exist
plasmid_files/CP025010.1_results/PROKKA_06292018:CDS	hypothetical protein	CP025010.1:50291-51247	LBLPEEBG_00052

DiscRep_SUB:FEATURE_LOCATION_CONFLICT::Coding region xref gene does not exist
plasmid_files/CP025010.1_results/PROKKA_06292018:CDS	hypothetical protein	CP025010.1:c52255-51644	LBLPEEBG_00053

DiscRep_SUB:FEATURE_LOCATION_CONFLICT::Coding region xref gene does not exist
plasmid_files/CP025010.1_results/PROKKA_06292018:CDS	RNA chaperone ProQ	CP025010.1:c52802-52239	LBLPEEBG_00054

DiscRep_SUB:FEATURE_LOCATION_CONFLICT::Coding region xref gene does not exist
plasmid_files/CP025010.1_results/PROKKA_06292018:CDS	hypothetical protein	CP025010.1:c54878-54021	LBLPEEBG_00055

DiscRep_SUB:FEATURE_LOCATION_CONFLICT::Coding region xref gene does not exist
plasmid_files/CP025010.1_results/PROKKA_06292018:CDS	hypothetical protein	CP025010.1:c55431-55180	LBLPEEBG_00056

DiscRep_SUB:FEATURE_LOCATION_CONFLICT::Coding region xref gene does not exist
plasmid_files/CP025010.1_results/PROKKA_06292018:CDS	Phospholipase D	CP025010.1:c56127-55567	LBLPEEBG_00057

DiscRep_SUB:FEATURE_LOCATION_CONFLICT::Coding region xref gene does not exist
plasmid_files/CP025010.1_results/PROKKA_06292018:CDS	hypothetical protein	CP025010.1:c56530-56222	LBLPEEBG_00058

DiscRep_SUB:FEATURE_LOCATION_CONFLICT::Coding region xref gene does not exist
plasmid_files/CP025010.1_results/PROKKA_06292018:CDS	hypothetical protein	CP025010.1:c57177-56527	LBLPEEBG_00059

DiscRep_SUB:FEATURE_LOCATION_CONFLICT::Coding region xref gene does not exist
plasmid_files/CP025010.1_results/PROKKA_06292018:CDS	hypothetical protein	CP025010.1:c57877-57233	LBLPEEBG_00060

DiscRep_SUB:FEATURE_LOCATION_CONFLICT::Coding region xref gene does not exist
plasmid_files/CP025010.1_results/PROKKA_06292018:CDS	hypothetical protein	CP025010.1:c58148-57927	LBLPEEBG_00061

DiscRep_SUB:FEATURE_LOCATION_CONFLICT::Coding region xref gene does not exist
plasmid_files/CP025010.1_results/PROKKA_06292018:CDS	Fertility inhibition protein	CP025010.1:c59283-58690	LBLPEEBG_00062

DiscRep_SUB:FEATURE_LOCATION_CONFLICT::Coding region xref gene does not exist
plasmid_files/CP025010.1_results/PROKKA_06292018:CDS	hypothetical protein	CP025010.1:c60080-59355	LBLPEEBG_00063

DiscRep_SUB:FEATURE_LOCATION_CONFLICT::Coding region xref gene does not exist
plasmid_files/CP025010.1_results/PROKKA_06292018:CDS	Multifunctional conjugation protein TraI	CP025010.1:c65422-60161	LBLPEEBG_00064

DiscRep_SUB:FEATURE_LOCATION_CONFLICT::Coding region xref gene does not exist
plasmid_files/CP025010.1_results/PROKKA_06292018:CDS	Coupling protein TraD	CP025010.1:c67734-65422	LBLPEEBG_00065

DiscRep_SUB:FEATURE_LOCATION_CONFLICT::Coding region xref gene does not exist
plasmid_files/CP025010.1_results/PROKKA_06292018:CDS	hypothetical protein	CP025010.1:c68552-67863	LBLPEEBG_00066

DiscRep_SUB:FEATURE_LOCATION_CONFLICT::Coding region xref gene does not exist
plasmid_files/CP025010.1_results/PROKKA_06292018:CDS	Lipoprotein YlpA	CP025010.1:c69475-68744	LBLPEEBG_00067

DiscRep_SUB:FEATURE_LOCATION_CONFLICT::Coding region xref gene does not exist
plasmid_files/CP025010.1_results/PROKKA_06292018:CDS	Protein TraS	CP025010.1:c70207-69659	LBLPEEBG_00068

DiscRep_SUB:FEATURE_LOCATION_CONFLICT::Coding region xref gene does not exist
plasmid_files/CP025010.1_results/PROKKA_06292018:CDS	hypothetical protein	CP025010.1:c73069-70220	LBLPEEBG_00069

DiscRep_SUB:FEATURE_LOCATION_CONFLICT::Coding region xref gene does not exist
plasmid_files/CP025010.1_results/PROKKA_06292018:CDS	hypothetical protein	CP025010.1:c74436-73069	LBLPEEBG_00070

DiscRep_SUB:FEATURE_LOCATION_CONFLICT::Coding region xref gene does not exist
plasmid_files/CP025010.1_results/PROKKA_06292018:CDS	hypothetical protein	CP025010.1:c74869-74426	LBLPEEBG_00071

DiscRep_SUB:FEATURE_LOCATION_CONFLICT::Coding region xref gene does not exist
plasmid_files/CP025010.1_results/PROKKA_06292018:CDS	hypothetical protein	CP025010.1:c75472-74915	LBLPEEBG_00072

DiscRep_SUB:FEATURE_LOCATION_CONFLICT::Coding region xref gene does not exist
plasmid_files/CP025010.1_results/PROKKA_06292018:CDS	Protein TraQ	CP025010.1:c75683-75444	LBLPEEBG_00073

DiscRep_SUB:FEATURE_LOCATION_CONFLICT::Coding region xref gene does not exist
plasmid_files/CP025010.1_results/PROKKA_06292018:CDS	hypothetical protein	CP025010.1:c76446-75694	LBLPEEBG_00074

DiscRep_SUB:FEATURE_LOCATION_CONFLICT::Coding region xref gene does not exist
plasmid_files/CP025010.1_results/PROKKA_06292018:CDS	hypothetical protein	CP025010.1:c76793-76467	LBLPEEBG_00075

DiscRep_SUB:FEATURE_LOCATION_CONFLICT::Coding region xref gene does not exist
plasmid_files/CP025010.1_results/PROKKA_06292018:CDS	hypothetical protein	CP025010.1:c77072-76806	LBLPEEBG_00076

DiscRep_SUB:FEATURE_LOCATION_CONFLICT::Coding region xref gene does not exist
plasmid_files/CP025010.1_results/PROKKA_06292018:CDS	hypothetical protein	CP025010.1:c77286-77032	LBLPEEBG_00077

DiscRep_SUB:FEATURE_LOCATION_CONFLICT::Coding region xref gene does not exist
plasmid_files/CP025010.1_results/PROKKA_06292018:CDS	hypothetical protein	CP025010.1:c79273-77318	LBLPEEBG_00078

DiscRep_SUB:FEATURE_LOCATION_CONFLICT::Coding region xref gene does not exist
plasmid_files/CP025010.1_results/PROKKA_06292018:CDS	hypothetical protein	CP025010.1:c79970-79332	LBLPEEBG_00079

DiscRep_SUB:FEATURE_LOCATION_CONFLICT::Coding region xref gene does not exist
plasmid_files/CP025010.1_results/PROKKA_06292018:CDS	hypothetical protein	CP025010.1:c80972-79983	LBLPEEBG_00080

DiscRep_SUB:FEATURE_LOCATION_CONFLICT::Coding region xref gene does not exist
plasmid_files/CP025010.1_results/PROKKA_06292018:CDS	hypothetical protein	CP025010.1:c81358-80969	LBLPEEBG_00081

DiscRep_SUB:FEATURE_LOCATION_CONFLICT::Coding region xref gene does not exist
plasmid_files/CP025010.1_results/PROKKA_06292018:CDS	hypothetical protein	CP025010.1:c82026-81400	LBLPEEBG_00082

DiscRep_SUB:FEATURE_LOCATION_CONFLICT::Coding region xref gene does not exist
plasmid_files/CP025010.1_results/PROKKA_06292018:CDS	hypothetical protein	CP025010.1:c82415-82026	LBLPEEBG_00083

DiscRep_SUB:FEATURE_LOCATION_CONFLICT::Coding region xref gene does not exist
plasmid_files/CP025010.1_results/PROKKA_06292018:CDS	Protein TraC	CP025010.1:c85054-82415	LBLPEEBG_00084

DiscRep_SUB:FEATURE_LOCATION_CONFLICT::Coding region xref gene does not exist
plasmid_files/CP025010.1_results/PROKKA_06292018:CDS	hypothetical protein	CP025010.1:c85518-85126	LBLPEEBG_00085

DiscRep_SUB:FEATURE_LOCATION_CONFLICT::Coding region xref gene does not exist
plasmid_files/CP025010.1_results/PROKKA_06292018:CDS	hypothetical protein	CP025010.1:c85921-85532	LBLPEEBG_00086

DiscRep_SUB:FEATURE_LOCATION_CONFLICT::Coding region xref gene does not exist
plasmid_files/CP025010.1_results/PROKKA_06292018:CDS	hypothetical protein	CP025010.1:c86746-86435	LBLPEEBG_00087

DiscRep_SUB:FEATURE_LOCATION_CONFLICT::Coding region xref gene does not exist
plasmid_files/CP025010.1_results/PROKKA_06292018:CDS	hypothetical protein	CP025010.1:c87481-87071	LBLPEEBG_00088

DiscRep_SUB:FEATURE_LOCATION_CONFLICT::Coding region xref gene does not exist
plasmid_files/CP025010.1_results/PROKKA_06292018:CDS	Protein TraV	CP025010.1:c88185-87613	LBLPEEBG_00089

DiscRep_SUB:FEATURE_LOCATION_CONFLICT::Coding region xref gene does not exist
plasmid_files/CP025010.1_results/PROKKA_06292018:CDS	hypothetical protein	CP025010.1:c89735-88311	LBLPEEBG_00090

DiscRep_SUB:FEATURE_LOCATION_CONFLICT::Coding region xref gene does not exist
plasmid_files/CP025010.1_results/PROKKA_06292018:CDS	hypothetical protein	CP025010.1:c90475-89735	LBLPEEBG_00091

DiscRep_SUB:FEATURE_LOCATION_CONFLICT::Coding region xref gene does not exist
plasmid_files/CP025010.1_results/PROKKA_06292018:CDS	hypothetical protein	CP025010.1:c91028-90462	LBLPEEBG_00092

DiscRep_SUB:FEATURE_LOCATION_CONFLICT::Coding region xref gene does not exist
plasmid_files/CP025010.1_results/PROKKA_06292018:CDS	hypothetical protein	CP025010.1:c91353-91048	LBLPEEBG_00093

DiscRep_SUB:FEATURE_LOCATION_CONFLICT::Coding region xref gene does not exist
plasmid_files/CP025010.1_results/PROKKA_06292018:CDS	Pilin	CP025010.1:c91735-91367	LBLPEEBG_00094

DiscRep_SUB:FEATURE_LOCATION_CONFLICT::Coding region xref gene does not exist
plasmid_files/CP025010.1_results/PROKKA_06292018:CDS	Relaxosome protein TraY	CP025010.1:c92175-91789	LBLPEEBG_00095

DiscRep_SUB:FEATURE_LOCATION_CONFLICT::Coding region xref gene does not exist
plasmid_files/CP025010.1_results/PROKKA_06292018:CDS	Protein TraJ	CP025010.1:c92940-92254	LBLPEEBG_00096

DiscRep_SUB:FEATURE_LOCATION_CONFLICT::Coding region xref gene does not exist
plasmid_files/CP025010.1_results/PROKKA_06292018:CDS	Relaxosome protein TraM	CP025010.1:c93512-93114	LBLPEEBG_00097

DiscRep_SUB:FEATURE_LOCATION_CONFLICT::Coding region xref gene does not exist
plasmid_files/CP025010.1_results/PROKKA_06292018:CDS	hypothetical protein	CP025010.1:93934-94419	LBLPEEBG_00098

DiscRep_SUB:FEATURE_LOCATION_CONFLICT::Coding region xref gene does not exist
plasmid_files/CP025010.1_results/PROKKA_06292018:CDS	hypothetical protein	CP025010.1:c94766-94452	LBLPEEBG_00099

DiscRep_SUB:FEATURE_LOCATION_CONFLICT::Coding region xref gene does not exist
plasmid_files/CP025010.1_results/PROKKA_06292018:CDS	hypothetical protein	CP025010.1:c95635-94814	LBLPEEBG_00100

DiscRep_SUB:FEATURE_LOCATION_CONFLICT::Coding region xref gene does not exist
plasmid_files/CP025010.1_results/PROKKA_06292018:CDS	hypothetical protein	CP025010.1:c97288-96455	LBLPEEBG_00101

DiscRep_SUB:FEATURE_LOCATION_CONFLICT::Coding region xref gene does not exist
plasmid_files/CP025010.1_results/PROKKA_06292018:CDS	hypothetical protein	CP025010.1:c97485-97339	LBLPEEBG_00102

DiscRep_SUB:FEATURE_LOCATION_CONFLICT::Coding region xref gene does not exist
plasmid_files/CP025010.1_results/PROKKA_06292018:CDS	hypothetical protein	CP025010.1:c97927-97580	LBLPEEBG_00103

DiscRep_SUB:FEATURE_LOCATION_CONFLICT::Coding region xref gene does not exist
plasmid_files/CP025010.1_results/PROKKA_06292018:CDS	hypothetical protein	CP025010.1:c98337-97984	LBLPEEBG_00104

DiscRep_SUB:FEATURE_LOCATION_CONFLICT::Coding region xref gene does not exist
plasmid_files/CP025010.1_results/PROKKA_06292018:CDS	hypothetical protein	CP025010.1:c99317-98967	LBLPEEBG_00105

DiscRep_SUB:FEATURE_LOCATION_CONFLICT::Coding region xref gene does not exist
plasmid_files/CP025010.1_results/PROKKA_06292018:CDS	hypothetical protein	CP025010.1:c99586-99314	LBLPEEBG_00106

DiscRep_SUB:FEATURE_LOCATION_CONFLICT::Coding region xref gene does not exist
plasmid_files/CP025010.1_results/PROKKA_06292018:CDS	hypothetical protein	CP025010.1:c99990-99634	LBLPEEBG_00107

DiscRep_SUB:FEATURE_LOCATION_CONFLICT::Coding region xref gene does not exist
plasmid_files/CP025010.1_results/PROKKA_06292018:CDS	hypothetical protein	CP025010.1:c101153-100431	LBLPEEBG_00108

DiscRep_SUB:FEATURE_LOCATION_CONFLICT::Coding region xref gene does not exist
plasmid_files/CP025010.1_results/PROKKA_06292018:CDS	Protein PsiB	CP025010.1:c101581-101150	LBLPEEBG_00109

DiscRep_SUB:FEATURE_LOCATION_CONFLICT::Coding region xref gene does not exist
plasmid_files/CP025010.1_results/PROKKA_06292018:CDS	Chromosome-partitioning protein Spo0J	CP025010.1:c103636-101627	LBLPEEBG_00110

DiscRep_SUB:FEATURE_LOCATION_CONFLICT::Coding region xref gene does not exist
plasmid_files/CP025010.1_results/PROKKA_06292018:CDS	hypothetical protein	CP025010.1:c103947-103705	LBLPEEBG_00111

DiscRep_SUB:FEATURE_LOCATION_CONFLICT::Coding region xref gene does not exist
plasmid_files/CP025010.1_results/PROKKA_06292018:CDS	Single-stranded DNA-binding protein	CP025010.1:c104507-103995	LBLPEEBG_00112

DiscRep_SUB:FEATURE_LOCATION_CONFLICT::Coding region xref gene does not exist
plasmid_files/CP025010.1_results/PROKKA_06292018:CDS	hypothetical protein	CP025010.1:105123-105443	LBLPEEBG_00113

DiscRep_SUB:FEATURE_LOCATION_CONFLICT::Coding region xref gene does not exist
plasmid_files/CP025010.1_results/PROKKA_06292018:CDS	hypothetical protein	CP025010.1:c105901-105338	LBLPEEBG_00114

DiscRep_SUB:FEATURE_LOCATION_CONFLICT::Coding region xref gene does not exist
plasmid_files/CP025010.1_results/PROKKA_06292018:CDS	hypothetical protein	CP025010.1:c107304-105949	LBLPEEBG_00115

DiscRep_SUB:FEATURE_LOCATION_CONFLICT::Coding region xref gene does not exist
plasmid_files/CP025010.1_results/PROKKA_06292018:CDS	hypothetical protein	CP025010.1:c107586-107356	LBLPEEBG_00116

DiscRep_SUB:FEATURE_LOCATION_CONFLICT::Coding region xref gene does not exist
plasmid_files/CP025010.1_results/PROKKA_06292018:CDS	hypothetical protein	CP025010.1:c107905-107678	LBLPEEBG_00117

DiscRep_SUB:FEATURE_LOCATION_CONFLICT::Coding region xref gene does not exist
plasmid_files/CP025010.1_results/PROKKA_06292018:CDS	hypothetical protein	CP025010.1:108510-108947	LBLPEEBG_00118

DiscRep_SUB:FEATURE_LOCATION_CONFLICT::Coding region xref gene does not exist
plasmid_files/CP025010.1_results/PROKKA_06292018:CDS	DNA polymerase III subunit theta	CP025010.1:c109294-109040	LBLPEEBG_00119

DiscRep_SUB:FEATURE_LOCATION_CONFLICT::Coding region xref gene does not exist
plasmid_files/CP025010.1_results/PROKKA_06292018:CDS	hypothetical protein	CP025010.1:c109673-109482	LBLPEEBG_00120

DiscRep_SUB:FEATURE_LOCATION_CONFLICT::Coding region xref gene does not exist
plasmid_files/CP025010.1_results/PROKKA_06292018:CDS	hypothetical protein	CP025010.1:c110222-109716	LBLPEEBG_00121

DiscRep_SUB:FEATURE_LOCATION_CONFLICT::Coding region xref gene does not exist
plasmid_files/CP025010.1_results/PROKKA_06292018:CDS	Antirestriction protein KlcA	CP025010.1:c110693-110265	LBLPEEBG_00122

DiscRep_SUB:FEATURE_LOCATION_CONFLICT::Coding region xref gene does not exist
plasmid_files/CP025010.1_results/PROKKA_06292018:CDS	hypothetical protein	CP025010.1:c112140-111373	LBLPEEBG_00123

DiscRep_SUB:FEATURE_LOCATION_CONFLICT::Coding region xref gene does not exist
plasmid_files/CP025010.1_results/PROKKA_06292018:CDS	hypothetical protein	CP025010.1:c112613-112194	LBLPEEBG_00124

DiscRep_SUB:FEATURE_LOCATION_CONFLICT::Coding region xref gene does not exist
plasmid_files/CP025010.1_results/PROKKA_06292018:CDS	hypothetical protein	CP025010.1:c112844-112623	LBLPEEBG_00125

DiscRep_SUB:FEATURE_LOCATION_CONFLICT::Coding region xref gene does not exist
plasmid_files/CP025010.1_results/PROKKA_06292018:CDS	DNA adenine methyltransferase YhdJ	CP025010.1:c113545-112844	LBLPEEBG_00126

DiscRep_SUB:FEATURE_LOCATION_CONFLICT::Coding region xref gene does not exist
plasmid_files/CP025010.1_results/PROKKA_06292018:CDS	hypothetical protein	CP025010.1:c114212-113982	LBLPEEBG_00127

DiscRep_SUB:FEATURE_LOCATION_CONFLICT::Coding region xref gene does not exist
plasmid_files/CP025010.1_results/PROKKA_06292018:CDS	hypothetical protein	CP025010.1:c114944-114273	LBLPEEBG_00128

DiscRep_SUB:FEATURE_LOCATION_CONFLICT::Coding region xref gene does not exist
plasmid_files/CP025010.1_results/PROKKA_06292018:CDS	Plasmid segregation protein ParM	CP025010.1:c115918-114947	LBLPEEBG_00129

DiscRep_SUB:FEATURE_LOCATION_CONFLICT::Coding region xref gene does not exist
plasmid_files/CP025010.1_results/PROKKA_06292018:CDS	Protein UmuD	CP025010.1:116150-116581	LBLPEEBG_00130

DiscRep_SUB:FEATURE_LOCATION_CONFLICT::Coding region xref gene does not exist
plasmid_files/CP025010.1_results/PROKKA_06292018:CDS	Protein UmuC	CP025010.1:116581-117852	LBLPEEBG_00131

DiscRep_ALL:SUSPECT_PRODUCT_NAMES::1 product_names contain suspect phrase or characters
DiscRep_SUB:SUSPECT_PRODUCT_NAMES::May contain database identifier more appropriate in note; remove from product name
DiscRep_SUB:SUSPECT_PRODUCT_NAMES::1 features Three or more numbers together
plasmid_files/CP025010.1_results/PROKKA_06292018:CDS	Putative transposon Tn552 DNA-invertase bin3	CP025010.1:31582-32202	LBLPEEBG_00035

DiscRep_ALL:DISC_QUALITY_SCORES::Quality scores are missing on all sequences.

DiscRep_ALL:ONCALLER_COMMENT_PRESENT::1 comment descriptors were found (all same)
plasmid_files/CP025010.1_results/PROKKA_06292018:CP025010.1:Annotated using prokka 1.14-dev from https://github.com/tseemann/prokka

DiscRep_ALL:SHORT_PROT_SEQUENCES::1 protein sequences are shorter than 50 aa.
plasmid_files/CP025010.1_results/PROKKA_06292018:CP025010.1_102 (length 48)

DiscRep_ALL:MISSING_GENOMEASSEMBLY_COMMENTS::1 bioseqs are missing GenomeAssembly structured comments
plasmid_files/CP025010.1_results/PROKKA_06292018:CP025010.1 (length 118202)

DiscRep_ALL:MOLTYPE_NOT_MRNA::1 molecule types are not set as mRNA.
plasmid_files/CP025010.1_results/PROKKA_06292018:CP025010.1 (length 118202)

DiscRep_ALL:TECHNIQUE_NOT_TSA::1 technique are not set as TSA
plasmid_files/CP025010.1_results/PROKKA_06292018:CP025010.1 (length 118202)

DiscRep_ALL:MISSING_STRUCTURED_COMMENT::1 sequences do not include structured comments.
plasmid_files/CP025010.1_results/PROKKA_06292018:CP025010.1 (length 118202)

DiscRep_ALL:MISSING_PROJECT::132 sequences do not include project.
plasmid_files/CP025010.1_results/PROKKA_06292018:CP025010.1 (length 118202)
plasmid_files/CP025010.1_results/PROKKA_06292018:CP025010.1_1 (length 298)
plasmid_files/CP025010.1_results/PROKKA_06292018:CP025010.1_2 (length 401)
plasmid_files/CP025010.1_results/PROKKA_06292018:CP025010.1_3 (length 324)
plasmid_files/CP025010.1_results/PROKKA_06292018:CP025010.1_4 (length 110)
plasmid_files/CP025010.1_results/PROKKA_06292018:CP025010.1_5 (length 57)
plasmid_files/CP025010.1_results/PROKKA_06292018:CP025010.1_6 (length 675)
plasmid_files/CP025010.1_results/PROKKA_06292018:CP025010.1_7 (length 438)
plasmid_files/CP025010.1_results/PROKKA_06292018:CP025010.1_8 (length 1085)
plasmid_files/CP025010.1_results/PROKKA_06292018:CP025010.1_9 (length 422)
plasmid_files/CP025010.1_results/PROKKA_06292018:CP025010.1_10 (length 157)
plasmid_files/CP025010.1_results/PROKKA_06292018:CP025010.1_11 (length 82)
plasmid_files/CP025010.1_results/PROKKA_06292018:CP025010.1_12 (length 260)
plasmid_files/CP025010.1_results/PROKKA_06292018:CP025010.1_13 (length 110)
plasmid_files/CP025010.1_results/PROKKA_06292018:CP025010.1_14 (length 132)
plasmid_files/CP025010.1_results/PROKKA_06292018:CP025010.1_15 (length 109)
plasmid_files/CP025010.1_results/PROKKA_06292018:CP025010.1_16 (length 102)
plasmid_files/CP025010.1_results/PROKKA_06292018:CP025010.1_17 (length 83)
plasmid_files/CP025010.1_results/PROKKA_06292018:CP025010.1_18 (length 76)
plasmid_files/CP025010.1_results/PROKKA_06292018:CP025010.1_19 (length 138)
plasmid_files/CP025010.1_results/PROKKA_06292018:CP025010.1_20 (length 236)
plasmid_files/CP025010.1_results/PROKKA_06292018:CP025010.1_21 (length 91)
plasmid_files/CP025010.1_results/PROKKA_06292018:CP025010.1_22 (length 125)
plasmid_files/CP025010.1_results/PROKKA_06292018:CP025010.1_23 (length 140)
plasmid_files/CP025010.1_results/PROKKA_06292018:CP025010.1_24 (length 564)
plasmid_files/CP025010.1_results/PROKKA_06292018:CP025010.1_25 (length 120)
plasmid_files/CP025010.1_results/PROKKA_06292018:CP025010.1_26 (length 78)
plasmid_files/CP025010.1_results/PROKKA_06292018:CP025010.1_27 (length 235)
plasmid_files/CP025010.1_results/PROKKA_06292018:CP025010.1_28 (length 422)
plasmid_files/CP025010.1_results/PROKKA_06292018:CP025010.1_29 (length 136)
plasmid_files/CP025010.1_results/PROKKA_06292018:CP025010.1_30 (length 286)
plasmid_files/CP025010.1_results/PROKKA_06292018:CP025010.1_31 (length 83)
plasmid_files/CP025010.1_results/PROKKA_06292018:CP025010.1_32 (length 119)
plasmid_files/CP025010.1_results/PROKKA_06292018:CP025010.1_33 (length 234)
plasmid_files/CP025010.1_results/PROKKA_06292018:CP025010.1_34 (length 965)
plasmid_files/CP025010.1_results/PROKKA_06292018:CP025010.1_35 (length 206)
plasmid_files/CP025010.1_results/PROKKA_06292018:CP025010.1_36 (length 87)
plasmid_files/CP025010.1_results/PROKKA_06292018:CP025010.1_37 (length 1001)
plasmid_files/CP025010.1_results/PROKKA_06292018:CP025010.1_38 (length 185)
plasmid_files/CP025010.1_results/PROKKA_06292018:CP025010.1_39 (length 201)
plasmid_files/CP025010.1_results/PROKKA_06292018:CP025010.1_40 (length 85)
plasmid_files/CP025010.1_results/PROKKA_06292018:CP025010.1_41 (length 234)
plasmid_files/CP025010.1_results/PROKKA_06292018:CP025010.1_42 (length 53)
plasmid_files/CP025010.1_results/PROKKA_06292018:CP025010.1_43 (length 394)
plasmid_files/CP025010.1_results/PROKKA_06292018:CP025010.1_44 (length 439)
plasmid_files/CP025010.1_results/PROKKA_06292018:CP025010.1_45 (length 293)
plasmid_files/CP025010.1_results/PROKKA_06292018:CP025010.1_46 (length 79)
plasmid_files/CP025010.1_results/PROKKA_06292018:CP025010.1_47 (length 259)
plasmid_files/CP025010.1_results/PROKKA_06292018:CP025010.1_48 (length 341)
plasmid_files/CP025010.1_results/PROKKA_06292018:CP025010.1_49 (length 1009)
plasmid_files/CP025010.1_results/PROKKA_06292018:CP025010.1_50 (length 571)
plasmid_files/CP025010.1_results/PROKKA_06292018:CP025010.1_51 (length 51)
plasmid_files/CP025010.1_results/PROKKA_06292018:CP025010.1_52 (length 318)
plasmid_files/CP025010.1_results/PROKKA_06292018:CP025010.1_53 (length 203)
plasmid_files/CP025010.1_results/PROKKA_06292018:CP025010.1_54 (length 187)
plasmid_files/CP025010.1_results/PROKKA_06292018:CP025010.1_55 (length 285)
plasmid_files/CP025010.1_results/PROKKA_06292018:CP025010.1_56 (length 83)
plasmid_files/CP025010.1_results/PROKKA_06292018:CP025010.1_57 (length 186)
plasmid_files/CP025010.1_results/PROKKA_06292018:CP025010.1_58 (length 102)
plasmid_files/CP025010.1_results/PROKKA_06292018:CP025010.1_59 (length 216)
plasmid_files/CP025010.1_results/PROKKA_06292018:CP025010.1_60 (length 214)
plasmid_files/CP025010.1_results/PROKKA_06292018:CP025010.1_61 (length 73)
plasmid_files/CP025010.1_results/PROKKA_06292018:CP025010.1_62 (length 197)
plasmid_files/CP025010.1_results/PROKKA_06292018:CP025010.1_63 (length 241)
plasmid_files/CP025010.1_results/PROKKA_06292018:CP025010.1_64 (length 1753)
plasmid_files/CP025010.1_results/PROKKA_06292018:CP025010.1_65 (length 770)
plasmid_files/CP025010.1_results/PROKKA_06292018:CP025010.1_66 (length 229)
plasmid_files/CP025010.1_results/PROKKA_06292018:CP025010.1_67 (length 243)
plasmid_files/CP025010.1_results/PROKKA_06292018:CP025010.1_68 (length 182)
plasmid_files/CP025010.1_results/PROKKA_06292018:CP025010.1_69 (length 949)
plasmid_files/CP025010.1_results/PROKKA_06292018:CP025010.1_70 (length 455)
plasmid_files/CP025010.1_results/PROKKA_06292018:CP025010.1_71 (length 147)
plasmid_files/CP025010.1_results/PROKKA_06292018:CP025010.1_72 (length 185)
plasmid_files/CP025010.1_results/PROKKA_06292018:CP025010.1_73 (length 79)
plasmid_files/CP025010.1_results/PROKKA_06292018:CP025010.1_74 (length 250)
plasmid_files/CP025010.1_results/PROKKA_06292018:CP025010.1_75 (length 108)
plasmid_files/CP025010.1_results/PROKKA_06292018:CP025010.1_76 (length 88)
plasmid_files/CP025010.1_results/PROKKA_06292018:CP025010.1_77 (length 84)
plasmid_files/CP025010.1_results/PROKKA_06292018:CP025010.1_78 (length 651)
plasmid_files/CP025010.1_results/PROKKA_06292018:CP025010.1_79 (length 212)
plasmid_files/CP025010.1_results/PROKKA_06292018:CP025010.1_80 (length 329)
plasmid_files/CP025010.1_results/PROKKA_06292018:CP025010.1_81 (length 129)
plasmid_files/CP025010.1_results/PROKKA_06292018:CP025010.1_82 (length 208)
plasmid_files/CP025010.1_results/PROKKA_06292018:CP025010.1_83 (length 129)
plasmid_files/CP025010.1_results/PROKKA_06292018:CP025010.1_84 (length 879)
plasmid_files/CP025010.1_results/PROKKA_06292018:CP025010.1_85 (length 130)
plasmid_files/CP025010.1_results/PROKKA_06292018:CP025010.1_86 (length 129)
plasmid_files/CP025010.1_results/PROKKA_06292018:CP025010.1_87 (length 103)
plasmid_files/CP025010.1_results/PROKKA_06292018:CP025010.1_88 (length 136)
plasmid_files/CP025010.1_results/PROKKA_06292018:CP025010.1_89 (length 190)
plasmid_files/CP025010.1_results/PROKKA_06292018:CP025010.1_90 (length 474)
plasmid_files/CP025010.1_results/PROKKA_06292018:CP025010.1_91 (length 246)
plasmid_files/CP025010.1_results/PROKKA_06292018:CP025010.1_92 (length 188)
plasmid_files/CP025010.1_results/PROKKA_06292018:CP025010.1_93 (length 101)
plasmid_files/CP025010.1_results/PROKKA_06292018:CP025010.1_94 (length 122)
plasmid_files/CP025010.1_results/PROKKA_06292018:CP025010.1_95 (length 128)
plasmid_files/CP025010.1_results/PROKKA_06292018:CP025010.1_96 (length 228)
plasmid_files/CP025010.1_results/PROKKA_06292018:CP025010.1_97 (length 132)
plasmid_files/CP025010.1_results/PROKKA_06292018:CP025010.1_98 (length 161)
plasmid_files/CP025010.1_results/PROKKA_06292018:CP025010.1_99 (length 104)
plasmid_files/CP025010.1_results/PROKKA_06292018:CP025010.1_100 (length 273)
plasmid_files/CP025010.1_results/PROKKA_06292018:CP025010.1_101 (length 277)
plasmid_files/CP025010.1_results/PROKKA_06292018:CP025010.1_102 (length 48)
plasmid_files/CP025010.1_results/PROKKA_06292018:CP025010.1_103 (length 115)
plasmid_files/CP025010.1_results/PROKKA_06292018:CP025010.1_104 (length 117)
plasmid_files/CP025010.1_results/PROKKA_06292018:CP025010.1_105 (length 116)
plasmid_files/CP025010.1_results/PROKKA_06292018:CP025010.1_106 (length 90)
plasmid_files/CP025010.1_results/PROKKA_06292018:CP025010.1_107 (length 118)
plasmid_files/CP025010.1_results/PROKKA_06292018:CP025010.1_108 (length 240)
plasmid_files/CP025010.1_results/PROKKA_06292018:CP025010.1_109 (length 143)
plasmid_files/CP025010.1_results/PROKKA_06292018:CP025010.1_110 (length 669)
plasmid_files/CP025010.1_results/PROKKA_06292018:CP025010.1_111 (length 80)
plasmid_files/CP025010.1_results/PROKKA_06292018:CP025010.1_112 (length 170)
plasmid_files/CP025010.1_results/PROKKA_06292018:CP025010.1_113 (length 106)
plasmid_files/CP025010.1_results/PROKKA_06292018:CP025010.1_114 (length 187)
plasmid_files/CP025010.1_results/PROKKA_06292018:CP025010.1_115 (length 451)
plasmid_files/CP025010.1_results/PROKKA_06292018:CP025010.1_116 (length 76)
plasmid_files/CP025010.1_results/PROKKA_06292018:CP025010.1_117 (length 75)
plasmid_files/CP025010.1_results/PROKKA_06292018:CP025010.1_118 (length 145)
plasmid_files/CP025010.1_results/PROKKA_06292018:CP025010.1_119 (length 84)
plasmid_files/CP025010.1_results/PROKKA_06292018:CP025010.1_120 (length 63)
plasmid_files/CP025010.1_results/PROKKA_06292018:CP025010.1_121 (length 168)
plasmid_files/CP025010.1_results/PROKKA_06292018:CP025010.1_122 (length 142)
plasmid_files/CP025010.1_results/PROKKA_06292018:CP025010.1_123 (length 255)
plasmid_files/CP025010.1_results/PROKKA_06292018:CP025010.1_124 (length 139)
plasmid_files/CP025010.1_results/PROKKA_06292018:CP025010.1_125 (length 73)
plasmid_files/CP025010.1_results/PROKKA_06292018:CP025010.1_126 (length 233)
plasmid_files/CP025010.1_results/PROKKA_06292018:CP025010.1_127 (length 76)
plasmid_files/CP025010.1_results/PROKKA_06292018:CP025010.1_128 (length 223)
plasmid_files/CP025010.1_results/PROKKA_06292018:CP025010.1_129 (length 323)
plasmid_files/CP025010.1_results/PROKKA_06292018:CP025010.1_130 (length 143)
plasmid_files/CP025010.1_results/PROKKA_06292018:CP025010.1_131 (length 423)

DiscRep_ALL:DISC_INCONSISTENT_MOLINFO_TECH::Molinfo Technique Report (some missing, all same)
DiscRep_SUB:DISC_INCONSISTENT_MOLINFO_TECH::technique (all missing)
DiscRep_SUB:DISC_INCONSISTENT_MOLINFO_TECH::1 Molinfos are missing field technique
plasmid_files/CP025010.1_results/PROKKA_06292018:CP025010.1 (length 118202)

