[09:58:24] This is prokka 1.14-dev
[09:58:24] Written by Torsten Seemann <torsten.seemann@gmail.com>
[09:58:24] Homepage is https://github.com/tseemann/prokka
[09:58:24] Local time is Fri Jun 29 09:58:24 2018
[09:58:24] You are christian
[09:58:24] Operating system is linux
[09:58:24] You have BioPerl 1.007002
[09:58:24] System has 20 cores.
[09:58:24] Will use maximum of 20 cores.
[09:58:24] Annotating as >>> Bacteria <<<
[09:58:24] Generating locus_tag from 'plasmid_files/CP011635.1.fasta' contents.
[09:58:24] Setting --locustag DBOEFFHI from MD5 db8eff128a0bf717e91754a30fad6d5b
[09:58:24] Creating new output folder: plasmid_files/CP011635.1_results
[09:58:24] Running: mkdir -p plasmid_files\/CP011635\.1_results
[09:58:24] Using filename prefix: PROKKA_06292018.XXX
[09:58:24] Setting HMMER_NCPU=1
[09:58:24] Writing log to: plasmid_files/CP011635.1_results/PROKKA_06292018.log
[09:58:24] Command: /home/christian/install/prokka/bin/prokka plasmid_files/CP011635.1.fasta --outdir plasmid_files/CP011635.1_results --cpus 20
[09:58:24] Appending to PATH: /home/christian/install/prokka/bin/../binaries/linux
[09:58:24] Appending to PATH: /home/christian/install/prokka/bin/../binaries/linux/../common
[09:58:24] Appending to PATH: /home/christian/install/prokka/bin
[09:58:24] Looking for 'aragorn' - found /home/christian/install/prokka/bin/../binaries/linux/aragorn
[09:58:24] Determined aragorn version is 1.2
[09:58:24] Looking for 'blastp' - found /usr/bin/blastp
[09:58:24] Determined blastp version is 2.2
[09:58:24] Looking for 'cmpress' - found /usr/local/bin/cmpress
[09:58:24] Determined cmpress version is 1.1
[09:58:24] Looking for 'cmscan' - found /usr/local/bin/cmscan
[09:58:24] Determined cmscan version is 1.1
[09:58:24] Looking for 'egrep' - found /bin/egrep
[09:58:24] Looking for 'find' - found /usr/bin/find
[09:58:24] Looking for 'grep' - found /bin/grep
[09:58:24] Looking for 'hmmpress' - found /usr/local/bin/hmmpress
[09:58:24] Determined hmmpress version is 3.1
[09:58:24] Looking for 'hmmscan' - found /usr/local/bin/hmmscan
[09:58:24] Determined hmmscan version is 3.1
[09:58:24] Looking for 'java' - found /usr/bin/java
[09:58:24] Looking for 'less' - found /usr/bin/less
[09:58:24] Looking for 'makeblastdb' - found /usr/bin/makeblastdb
[09:58:24] Determined makeblastdb version is 2.2
[09:58:24] Looking for 'minced' - found /home/christian/install/prokka/bin/../binaries/linux/../common/minced
[09:58:24] Determined minced version is 2.0
[09:58:24] Looking for 'parallel' - found /usr/bin/parallel
[09:58:24] Determined parallel version is 20141022
[09:58:24] Looking for 'prodigal' - found /usr/local/bin/prodigal
[09:58:24] Determined prodigal version is 2.6
[09:58:24] Looking for 'prokka-genbank_to_fasta_db' - found /home/christian/install/prokka/bin/prokka-genbank_to_fasta_db
[09:58:24] Looking for 'sed' - found /bin/sed
[09:58:24] Looking for 'tbl2asn' - found /home/christian/install/prokka/bin/../binaries/linux/tbl2asn
[09:58:24] Determined tbl2asn version is 25.6
[09:58:24] Using genetic code table 11.
[09:58:24] Loading and checking input file: plasmid_files/CP011635.1.fasta
[09:58:24] Wrote 1 contigs totalling 332956 bp.
[09:58:24] Predicting tRNAs and tmRNAs
[09:58:24] Running: aragorn -l -gc11  -w plasmid_files\/CP011635\.1_results\/PROKKA_06292018\.fna
[09:58:24] Found 0 tRNAs
[09:58:24] Predicting Ribosomal RNAs
[09:58:24] You need either Barrnap or RNAmmer installed to predict rRNAs!
[09:58:24] Skipping ncRNA search, enable with --rfam if desired.
[09:58:24] Total of 0 tRNA + rRNA features
[09:58:24] Searching for CRISPR repeats
[09:58:25] Found 0 CRISPRs
[09:58:25] Predicting coding sequences
[09:58:25] Contigs total 332956 bp, so using single mode
[09:58:25] Running: prodigal -i plasmid_files\/CP011635\.1_results\/PROKKA_06292018\.fna -c -m -g 11 -p single -f sco -q
[09:58:25] Found 368 CDS
[09:58:25] Connecting features back to sequences
[09:58:25] Not using genus-specific database. Try --usegenus to enable it.
[09:58:25] Annotating CDS, please be patient.
[09:58:25] Will use 20 CPUs for similarity searching.
[09:58:25] There are still 368 unannotated CDS left (started with 368)
[09:58:25] Will use blast to search against /home/christian/install/prokka/db/kingdom/Bacteria/sprot with 20 CPUs
[09:58:25] Running: cat plasmid_files\/CP011635\.1_results\/sprot\.faa | parallel --gnu --plain -j 20 --block 2446 --recstart '>' --pipe blastp -query - -db /home/christian/install/prokka/db/kingdom/Bacteria/sprot -evalue 1e-06 -num_threads 1 -num_descriptions 1 -num_alignments 1 -seg no > plasmid_files\/CP011635\.1_results\/sprot\.blast 2> /dev/null
[09:58:27] Modify product: Probable phospholipid ABC transporter permease protein MlaE => putative phospholipid ABC transporter permease protein MlaE
[09:58:27] Modify product: Probable ribonucleotide transport ATP-binding protein mkl => putative ribonucleotide transport ATP-binding protein mkl
[09:58:27] Modify product: UPF0758 protein => hypothetical protein
[09:58:27] Modify product: UPF0401 protein YkfF => hypothetical protein
[09:58:27] Cleaned 4 /product names
[09:58:27] Deleting unwanted file: plasmid_files/CP011635.1_results/sprot.faa
[09:58:27] Deleting unwanted file: plasmid_files/CP011635.1_results/sprot.blast
[09:58:27] There are still 293 unannotated CDS left (started with 368)
[09:58:27] Will use hmmer3 to search against /home/christian/install/prokka/db/hmm/HAMAP.hmm with 20 CPUs
[09:58:27] Running: cat plasmid_files\/CP011635\.1_results\/HAMAP\.hmm\.faa | parallel --gnu --plain -j 20 --block 1793 --recstart '>' --pipe hmmscan --noali --notextw --acc -E 1e-06 --cpu 1 /home/christian/install/prokka/db/hmm/HAMAP.hmm /dev/stdin > plasmid_files\/CP011635\.1_results\/HAMAP\.hmm\.hmmer3 2> /dev/null
[09:58:29] Deleting unwanted file: plasmid_files/CP011635.1_results/HAMAP.hmm.faa
[09:58:29] Deleting unwanted file: plasmid_files/CP011635.1_results/HAMAP.hmm.hmmer3
[09:58:29] Labelling remaining 287 proteins as 'hypothetical protein'
[09:58:29] Possible /pseudo 'General stress protein 16U' at CP011635.1 position 253688
[09:58:29] Possible /pseudo 'General stress protein 16U' at CP011635.1 position 257082
[09:58:29] Possible /pseudo 'Polyamine aminopropyltransferase' at CP011635.1 position 318934
[09:58:29] Found 61 unique /gene codes.
[09:58:29] Fixed 2 duplicate /gene - bla_1 bla_2
[09:58:29] Fixed 2 duplicate /gene - yhcG_1 yhcG_2
[09:58:29] Fixed 2 duplicate /gene - soj_1 soj_2
[09:58:29] Fixed 2 duplicate /gene - ptlH_1 ptlH_2
[09:58:29] Fixed 2 duplicate /gene - speE_1 speE_2
[09:58:29] Fixed 2 duplicate /gene - ptlF_1 ptlF_2
[09:58:29] Fixed 2 duplicate /gene - virB4_1 virB4_2
[09:58:29] Fixed 2 duplicate /gene - repB_1 repB_2
[09:58:29] Fixed 2 duplicate /gene - sugE_1 sugE_2
[09:58:29] Fixed 2 duplicate /gene - traG_1 traG_2
[09:58:29] Fixed 2 duplicate /gene - spo0C_1 spo0C_2
[09:58:29] Fixed 6 duplicate /gene - yceD_1 yceD_2 yceD_3 yceD_4 yceD_5 yceD_6
[09:58:29] Fixed 12 colliding /gene names.
[09:58:29] Adding /locus_tag identifiers
[09:58:29] Assigned 368 locus_tags to CDS and RNA features.
[09:58:29] Writing outputs to plasmid_files/CP011635.1_results/
[09:58:29] Generating annotation statistics file
[09:58:29] Generating Genbank and Sequin files
[09:58:29] Running: tbl2asn -V b -a r10k -l paired-ends -M n -N 1 -y 'Annotated using prokka 1.14-dev from https://github.com/tseemann/prokka' -Z plasmid_files\/CP011635\.1_results\/PROKKA_06292018\.err -i plasmid_files\/CP011635\.1_results\/PROKKA_06292018\.fsa 2> /dev/null
[09:58:29] Deleting unwanted file: plasmid_files/CP011635.1_results/errorsummary.val
[09:58:29] Deleting unwanted file: plasmid_files/CP011635.1_results/PROKKA_06292018.dr
[09:58:29] Deleting unwanted file: plasmid_files/CP011635.1_results/PROKKA_06292018.fixedproducts
[09:58:29] Deleting unwanted file: plasmid_files/CP011635.1_results/PROKKA_06292018.ecn
[09:58:29] Deleting unwanted file: plasmid_files/CP011635.1_results/PROKKA_06292018.val
[09:58:29] Repairing broken .GBK output that tbl2asn produces...
[09:58:29] Running: sed 's/COORDINATES: profile/COORDINATES:profile/' < plasmid_files\/CP011635\.1_results\/PROKKA_06292018\.gbf > plasmid_files\/CP011635\.1_results\/PROKKA_06292018\.gbk
[09:58:29] Deleting unwanted file: plasmid_files/CP011635.1_results/PROKKA_06292018.gbf
[09:58:29] Output files:
[09:58:29] plasmid_files/CP011635.1_results/PROKKA_06292018.sqn
[09:58:29] plasmid_files/CP011635.1_results/PROKKA_06292018.fsa
[09:58:29] plasmid_files/CP011635.1_results/PROKKA_06292018.tbl
[09:58:29] plasmid_files/CP011635.1_results/PROKKA_06292018.log
[09:58:29] plasmid_files/CP011635.1_results/PROKKA_06292018.gff
[09:58:29] plasmid_files/CP011635.1_results/PROKKA_06292018.txt
[09:58:29] plasmid_files/CP011635.1_results/PROKKA_06292018.gbk
[09:58:29] plasmid_files/CP011635.1_results/PROKKA_06292018.faa
[09:58:29] plasmid_files/CP011635.1_results/PROKKA_06292018.fna
[09:58:29] plasmid_files/CP011635.1_results/PROKKA_06292018.tsv
[09:58:29] plasmid_files/CP011635.1_results/PROKKA_06292018.ffn
[09:58:29] plasmid_files/CP011635.1_results/PROKKA_06292018.err
[09:58:29] Annotation finished successfully.
[09:58:29] Walltime used: 0.08 minutes
[09:58:29] If you use this result please cite the Prokka paper:
[09:58:29] Seemann T (2014) Prokka: rapid prokaryotic genome annotation. Bioinformatics. 30(14):2068-9.
[09:58:29] Type 'prokka --citation' for more details.
[09:58:29] Share and enjoy!
