Discrepancy Report Results

Summary
FATAL: MISSING_PROTEIN_ID:148 proteins have invalid IDs.
DISC_SOURCE_QUALS_ASNDISC:strain (all present, all unique)
DISC_SOURCE_QUALS_ASNDISC:taxname (all present, all unique)
DISC_FEATURE_COUNT:CDS: 148 present
DISC_COUNT_NUCLEOTIDES:1 nucleotide Bioseqs are present
FEATURE_LOCATION_CONFLICT:148 features have inconsistent gene locations.
SUSPECT_PRODUCT_NAMES:1 product_names contain suspect phrase or characters
	May contain database identifier more appropriate in note; remove from product name
		1 features Three or more numbers together
DISC_QUALITY_SCORES:Quality scores are missing on all sequences.
ONCALLER_COMMENT_PRESENT:1 comment descriptors were found (all same)
SHORT_PROT_SEQUENCES:3 protein sequences are shorter than 50 aa.
MISSING_GENOMEASSEMBLY_COMMENTS:1 bioseqs are missing GenomeAssembly structured comments
MOLTYPE_NOT_MRNA:1 molecule types are not set as mRNA.
TECHNIQUE_NOT_TSA:1 technique are not set as TSA
MISSING_STRUCTURED_COMMENT:1 sequences do not include structured comments.
MISSING_PROJECT:149 sequences do not include project.
DISC_INCONSISTENT_MOLINFO_TECH:Molinfo Technique Report (some missing, all same)


Detailed Report

FATAL: DiscRep_ALL:MISSING_PROTEIN_ID::148 proteins have invalid IDs.
plasmid_files/CP023186.1_results/PROKKA_06292018:CP023186.1_1 (length 192)
plasmid_files/CP023186.1_results/PROKKA_06292018:CP023186.1_2 (length 51)
plasmid_files/CP023186.1_results/PROKKA_06292018:CP023186.1_3 (length 60)
plasmid_files/CP023186.1_results/PROKKA_06292018:CP023186.1_4 (length 105)
plasmid_files/CP023186.1_results/PROKKA_06292018:CP023186.1_5 (length 65)
plasmid_files/CP023186.1_results/PROKKA_06292018:CP023186.1_6 (length 112)
plasmid_files/CP023186.1_results/PROKKA_06292018:CP023186.1_7 (length 73)
plasmid_files/CP023186.1_results/PROKKA_06292018:CP023186.1_8 (length 58)
plasmid_files/CP023186.1_results/PROKKA_06292018:CP023186.1_9 (length 191)
plasmid_files/CP023186.1_results/PROKKA_06292018:CP023186.1_10 (length 79)
plasmid_files/CP023186.1_results/PROKKA_06292018:CP023186.1_11 (length 210)
plasmid_files/CP023186.1_results/PROKKA_06292018:CP023186.1_12 (length 101)
plasmid_files/CP023186.1_results/PROKKA_06292018:CP023186.1_13 (length 67)
plasmid_files/CP023186.1_results/PROKKA_06292018:CP023186.1_14 (length 61)
plasmid_files/CP023186.1_results/PROKKA_06292018:CP023186.1_15 (length 334)
plasmid_files/CP023186.1_results/PROKKA_06292018:CP023186.1_16 (length 988)
plasmid_files/CP023186.1_results/PROKKA_06292018:CP023186.1_17 (length 96)
plasmid_files/CP023186.1_results/PROKKA_06292018:CP023186.1_18 (length 133)
plasmid_files/CP023186.1_results/PROKKA_06292018:CP023186.1_19 (length 131)
plasmid_files/CP023186.1_results/PROKKA_06292018:CP023186.1_20 (length 104)
plasmid_files/CP023186.1_results/PROKKA_06292018:CP023186.1_21 (length 393)
plasmid_files/CP023186.1_results/PROKKA_06292018:CP023186.1_22 (length 201)
plasmid_files/CP023186.1_results/PROKKA_06292018:CP023186.1_23 (length 965)
plasmid_files/CP023186.1_results/PROKKA_06292018:CP023186.1_24 (length 207)
plasmid_files/CP023186.1_results/PROKKA_06292018:CP023186.1_25 (length 76)
plasmid_files/CP023186.1_results/PROKKA_06292018:CP023186.1_26 (length 81)
plasmid_files/CP023186.1_results/PROKKA_06292018:CP023186.1_27 (length 153)
plasmid_files/CP023186.1_results/PROKKA_06292018:CP023186.1_28 (length 424)
plasmid_files/CP023186.1_results/PROKKA_06292018:CP023186.1_29 (length 75)
plasmid_files/CP023186.1_results/PROKKA_06292018:CP023186.1_30 (length 208)
plasmid_files/CP023186.1_results/PROKKA_06292018:CP023186.1_31 (length 172)
plasmid_files/CP023186.1_results/PROKKA_06292018:CP023186.1_32 (length 198)
plasmid_files/CP023186.1_results/PROKKA_06292018:CP023186.1_33 (length 917)
plasmid_files/CP023186.1_results/PROKKA_06292018:CP023186.1_34 (length 221)
plasmid_files/CP023186.1_results/PROKKA_06292018:CP023186.1_35 (length 105)
plasmid_files/CP023186.1_results/PROKKA_06292018:CP023186.1_36 (length 335)
plasmid_files/CP023186.1_results/PROKKA_06292018:CP023186.1_37 (length 477)
plasmid_files/CP023186.1_results/PROKKA_06292018:CP023186.1_38 (length 206)
plasmid_files/CP023186.1_results/PROKKA_06292018:CP023186.1_39 (length 87)
plasmid_files/CP023186.1_results/PROKKA_06292018:CP023186.1_40 (length 317)
plasmid_files/CP023186.1_results/PROKKA_06292018:CP023186.1_41 (length 203)
plasmid_files/CP023186.1_results/PROKKA_06292018:CP023186.1_42 (length 92)
plasmid_files/CP023186.1_results/PROKKA_06292018:CP023186.1_43 (length 131)
plasmid_files/CP023186.1_results/PROKKA_06292018:CP023186.1_44 (length 1001)
plasmid_files/CP023186.1_results/PROKKA_06292018:CP023186.1_45 (length 185)
plasmid_files/CP023186.1_results/PROKKA_06292018:CP023186.1_46 (length 326)
plasmid_files/CP023186.1_results/PROKKA_06292018:CP023186.1_47 (length 293)
plasmid_files/CP023186.1_results/PROKKA_06292018:CP023186.1_48 (length 326)
plasmid_files/CP023186.1_results/PROKKA_06292018:CP023186.1_49 (length 98)
plasmid_files/CP023186.1_results/PROKKA_06292018:CP023186.1_50 (length 51)
plasmid_files/CP023186.1_results/PROKKA_06292018:CP023186.1_51 (length 141)
plasmid_files/CP023186.1_results/PROKKA_06292018:CP023186.1_52 (length 92)
plasmid_files/CP023186.1_results/PROKKA_06292018:CP023186.1_53 (length 186)
plasmid_files/CP023186.1_results/PROKKA_06292018:CP023186.1_54 (length 718)
plasmid_files/CP023186.1_results/PROKKA_06292018:CP023186.1_55 (length 339)
plasmid_files/CP023186.1_results/PROKKA_06292018:CP023186.1_56 (length 358)
plasmid_files/CP023186.1_results/PROKKA_06292018:CP023186.1_57 (length 597)
plasmid_files/CP023186.1_results/PROKKA_06292018:CP023186.1_58 (length 1071)
plasmid_files/CP023186.1_results/PROKKA_06292018:CP023186.1_59 (length 166)
plasmid_files/CP023186.1_results/PROKKA_06292018:CP023186.1_60 (length 935)
plasmid_files/CP023186.1_results/PROKKA_06292018:CP023186.1_61 (length 79)
plasmid_files/CP023186.1_results/PROKKA_06292018:CP023186.1_62 (length 73)
plasmid_files/CP023186.1_results/PROKKA_06292018:CP023186.1_63 (length 339)
plasmid_files/CP023186.1_results/PROKKA_06292018:CP023186.1_64 (length 88)
plasmid_files/CP023186.1_results/PROKKA_06292018:CP023186.1_65 (length 188)
plasmid_files/CP023186.1_results/PROKKA_06292018:CP023186.1_66 (length 208)
plasmid_files/CP023186.1_results/PROKKA_06292018:CP023186.1_67 (length 214)
plasmid_files/CP023186.1_results/PROKKA_06292018:CP023186.1_68 (length 198)
plasmid_files/CP023186.1_results/PROKKA_06292018:CP023186.1_69 (length 263)
plasmid_files/CP023186.1_results/PROKKA_06292018:CP023186.1_70 (length 127)
plasmid_files/CP023186.1_results/PROKKA_06292018:CP023186.1_71 (length 73)
plasmid_files/CP023186.1_results/PROKKA_06292018:CP023186.1_72 (length 239)
plasmid_files/CP023186.1_results/PROKKA_06292018:CP023186.1_73 (length 1752)
plasmid_files/CP023186.1_results/PROKKA_06292018:CP023186.1_74 (length 772)
plasmid_files/CP023186.1_results/PROKKA_06292018:CP023186.1_75 (length 230)
plasmid_files/CP023186.1_results/PROKKA_06292018:CP023186.1_76 (length 223)
plasmid_files/CP023186.1_results/PROKKA_06292018:CP023186.1_77 (length 951)
plasmid_files/CP023186.1_results/PROKKA_06292018:CP023186.1_78 (length 456)
plasmid_files/CP023186.1_results/PROKKA_06292018:CP023186.1_79 (length 186)
plasmid_files/CP023186.1_results/PROKKA_06292018:CP023186.1_80 (length 78)
plasmid_files/CP023186.1_results/PROKKA_06292018:CP023186.1_81 (length 250)
plasmid_files/CP023186.1_results/PROKKA_06292018:CP023186.1_82 (length 108)
plasmid_files/CP023186.1_results/PROKKA_06292018:CP023186.1_83 (length 80)
plasmid_files/CP023186.1_results/PROKKA_06292018:CP023186.1_84 (length 203)
plasmid_files/CP023186.1_results/PROKKA_06292018:CP023186.1_85 (length 86)
plasmid_files/CP023186.1_results/PROKKA_06292018:CP023186.1_86 (length 651)
plasmid_files/CP023186.1_results/PROKKA_06292018:CP023186.1_87 (length 208)
plasmid_files/CP023186.1_results/PROKKA_06292018:CP023186.1_88 (length 330)
plasmid_files/CP023186.1_results/PROKKA_06292018:CP023186.1_89 (length 208)
plasmid_files/CP023186.1_results/PROKKA_06292018:CP023186.1_90 (length 129)
plasmid_files/CP023186.1_results/PROKKA_06292018:CP023186.1_91 (length 879)
plasmid_files/CP023186.1_results/PROKKA_06292018:CP023186.1_92 (length 99)
plasmid_files/CP023186.1_results/PROKKA_06292018:CP023186.1_93 (length 133)
plasmid_files/CP023186.1_results/PROKKA_06292018:CP023186.1_94 (length 62)
plasmid_files/CP023186.1_results/PROKKA_06292018:CP023186.1_95 (length 92)
plasmid_files/CP023186.1_results/PROKKA_06292018:CP023186.1_96 (length 189)
plasmid_files/CP023186.1_results/PROKKA_06292018:CP023186.1_97 (length 198)
plasmid_files/CP023186.1_results/PROKKA_06292018:CP023186.1_98 (length 443)
plasmid_files/CP023186.1_results/PROKKA_06292018:CP023186.1_99 (length 35)
plasmid_files/CP023186.1_results/PROKKA_06292018:CP023186.1_100 (length 244)
plasmid_files/CP023186.1_results/PROKKA_06292018:CP023186.1_101 (length 188)
plasmid_files/CP023186.1_results/PROKKA_06292018:CP023186.1_102 (length 101)
plasmid_files/CP023186.1_results/PROKKA_06292018:CP023186.1_103 (length 122)
plasmid_files/CP023186.1_results/PROKKA_06292018:CP023186.1_104 (length 55)
plasmid_files/CP023186.1_results/PROKKA_06292018:CP023186.1_105 (length 224)
plasmid_files/CP023186.1_results/PROKKA_06292018:CP023186.1_106 (length 130)
plasmid_files/CP023186.1_results/PROKKA_06292018:CP023186.1_107 (length 164)
plasmid_files/CP023186.1_results/PROKKA_06292018:CP023186.1_108 (length 180)
plasmid_files/CP023186.1_results/PROKKA_06292018:CP023186.1_109 (length 277)
plasmid_files/CP023186.1_results/PROKKA_06292018:CP023186.1_110 (length 76)
plasmid_files/CP023186.1_results/PROKKA_06292018:CP023186.1_111 (length 41)
plasmid_files/CP023186.1_results/PROKKA_06292018:CP023186.1_112 (length 115)
plasmid_files/CP023186.1_results/PROKKA_06292018:CP023186.1_113 (length 112)
plasmid_files/CP023186.1_results/PROKKA_06292018:CP023186.1_114 (length 291)
plasmid_files/CP023186.1_results/PROKKA_06292018:CP023186.1_115 (length 76)
plasmid_files/CP023186.1_results/PROKKA_06292018:CP023186.1_116 (length 75)
plasmid_files/CP023186.1_results/PROKKA_06292018:CP023186.1_117 (length 87)
plasmid_files/CP023186.1_results/PROKKA_06292018:CP023186.1_118 (length 107)
plasmid_files/CP023186.1_results/PROKKA_06292018:CP023186.1_119 (length 242)
plasmid_files/CP023186.1_results/PROKKA_06292018:CP023186.1_120 (length 143)
plasmid_files/CP023186.1_results/PROKKA_06292018:CP023186.1_121 (length 666)
plasmid_files/CP023186.1_results/PROKKA_06292018:CP023186.1_122 (length 82)
plasmid_files/CP023186.1_results/PROKKA_06292018:CP023186.1_123 (length 185)
plasmid_files/CP023186.1_results/PROKKA_06292018:CP023186.1_124 (length 106)
plasmid_files/CP023186.1_results/PROKKA_06292018:CP023186.1_125 (length 105)
plasmid_files/CP023186.1_results/PROKKA_06292018:CP023186.1_126 (length 63)
plasmid_files/CP023186.1_results/PROKKA_06292018:CP023186.1_127 (length 193)
plasmid_files/CP023186.1_results/PROKKA_06292018:CP023186.1_128 (length 142)
plasmid_files/CP023186.1_results/PROKKA_06292018:CP023186.1_129 (length 254)
plasmid_files/CP023186.1_results/PROKKA_06292018:CP023186.1_130 (length 136)
plasmid_files/CP023186.1_results/PROKKA_06292018:CP023186.1_131 (length 73)
plasmid_files/CP023186.1_results/PROKKA_06292018:CP023186.1_132 (length 233)
plasmid_files/CP023186.1_results/PROKKA_06292018:CP023186.1_133 (length 111)
plasmid_files/CP023186.1_results/PROKKA_06292018:CP023186.1_134 (length 73)
plasmid_files/CP023186.1_results/PROKKA_06292018:CP023186.1_135 (length 108)
plasmid_files/CP023186.1_results/PROKKA_06292018:CP023186.1_136 (length 141)
plasmid_files/CP023186.1_results/PROKKA_06292018:CP023186.1_137 (length 424)
plasmid_files/CP023186.1_results/PROKKA_06292018:CP023186.1_138 (length 83)
plasmid_files/CP023186.1_results/PROKKA_06292018:CP023186.1_139 (length 95)
plasmid_files/CP023186.1_results/PROKKA_06292018:CP023186.1_140 (length 29)
plasmid_files/CP023186.1_results/PROKKA_06292018:CP023186.1_141 (length 62)
plasmid_files/CP023186.1_results/PROKKA_06292018:CP023186.1_142 (length 94)
plasmid_files/CP023186.1_results/PROKKA_06292018:CP023186.1_143 (length 166)
plasmid_files/CP023186.1_results/PROKKA_06292018:CP023186.1_144 (length 130)
plasmid_files/CP023186.1_results/PROKKA_06292018:CP023186.1_145 (length 324)
plasmid_files/CP023186.1_results/PROKKA_06292018:CP023186.1_146 (length 124)
plasmid_files/CP023186.1_results/PROKKA_06292018:CP023186.1_147 (length 210)
plasmid_files/CP023186.1_results/PROKKA_06292018:CP023186.1_148 (length 251)

DiscRep_ALL:DISC_SOURCE_QUALS_ASNDISC::strain (all present, all unique)
DiscRep_SUB:DISC_SOURCE_QUALS_ASNDISC::1 sources have unique values for strain
DiscRep_ALL:DISC_SOURCE_QUALS_ASNDISC::taxname (all present, all unique)
DiscRep_SUB:DISC_SOURCE_QUALS_ASNDISC::1 sources have unique values for taxname
DiscRep_ALL:DISC_FEATURE_COUNT::CDS: 148 present
DiscRep_ALL:DISC_COUNT_NUCLEOTIDES::1 nucleotide Bioseqs are present
plasmid_files/CP023186.1_results/PROKKA_06292018:CP023186.1 (length 126846)

DiscRep_ALL:FEATURE_LOCATION_CONFLICT::148 features have inconsistent gene locations.
DiscRep_SUB:FEATURE_LOCATION_CONFLICT::Coding region xref gene does not exist
plasmid_files/CP023186.1_results/PROKKA_06292018:CDS	hypothetical protein	CP023186.1:c750-172	MHKMCEJI_00001

DiscRep_SUB:FEATURE_LOCATION_CONFLICT::Coding region xref gene does not exist
plasmid_files/CP023186.1_results/PROKKA_06292018:CDS	hypothetical protein	CP023186.1:c902-747	MHKMCEJI_00002

DiscRep_SUB:FEATURE_LOCATION_CONFLICT::Coding region xref gene does not exist
plasmid_files/CP023186.1_results/PROKKA_06292018:CDS	hypothetical protein	CP023186.1:c1081-899	MHKMCEJI_00003

DiscRep_SUB:FEATURE_LOCATION_CONFLICT::Coding region xref gene does not exist
plasmid_files/CP023186.1_results/PROKKA_06292018:CDS	hypothetical protein	CP023186.1:c1520-1203	MHKMCEJI_00004

DiscRep_SUB:FEATURE_LOCATION_CONFLICT::Coding region xref gene does not exist
plasmid_files/CP023186.1_results/PROKKA_06292018:CDS	hypothetical protein	CP023186.1:2046-2243	MHKMCEJI_00005

DiscRep_SUB:FEATURE_LOCATION_CONFLICT::Coding region xref gene does not exist
plasmid_files/CP023186.1_results/PROKKA_06292018:CDS	hypothetical protein	CP023186.1:2201-2539	MHKMCEJI_00006

DiscRep_SUB:FEATURE_LOCATION_CONFLICT::Coding region xref gene does not exist
plasmid_files/CP023186.1_results/PROKKA_06292018:CDS	hypothetical protein	CP023186.1:2512-2733	MHKMCEJI_00007

DiscRep_SUB:FEATURE_LOCATION_CONFLICT::Coding region xref gene does not exist
plasmid_files/CP023186.1_results/PROKKA_06292018:CDS	hypothetical protein	CP023186.1:c2939-2763	MHKMCEJI_00008

DiscRep_SUB:FEATURE_LOCATION_CONFLICT::Coding region xref gene does not exist
plasmid_files/CP023186.1_results/PROKKA_06292018:CDS	hypothetical protein	CP023186.1:c3486-2911	MHKMCEJI_00009

DiscRep_SUB:FEATURE_LOCATION_CONFLICT::Coding region xref gene does not exist
plasmid_files/CP023186.1_results/PROKKA_06292018:CDS	hypothetical protein	CP023186.1:4115-4354	MHKMCEJI_00010

DiscRep_SUB:FEATURE_LOCATION_CONFLICT::Coding region xref gene does not exist
plasmid_files/CP023186.1_results/PROKKA_06292018:CDS	hypothetical protein	CP023186.1:4720-5352	MHKMCEJI_00011

DiscRep_SUB:FEATURE_LOCATION_CONFLICT::Coding region xref gene does not exist
plasmid_files/CP023186.1_results/PROKKA_06292018:CDS	hypothetical protein	CP023186.1:5321-5626	MHKMCEJI_00012

DiscRep_SUB:FEATURE_LOCATION_CONFLICT::Coding region xref gene does not exist
plasmid_files/CP023186.1_results/PROKKA_06292018:CDS	Modulating protein YmoA	CP023186.1:5660-5863	MHKMCEJI_00013

DiscRep_SUB:FEATURE_LOCATION_CONFLICT::Coding region xref gene does not exist
plasmid_files/CP023186.1_results/PROKKA_06292018:CDS	hypothetical protein	CP023186.1:5877-6062	MHKMCEJI_00014

DiscRep_SUB:FEATURE_LOCATION_CONFLICT::Coding region xref gene does not exist
plasmid_files/CP023186.1_results/PROKKA_06292018:CDS	hypothetical protein	CP023186.1:c7265-6261	MHKMCEJI_00015

DiscRep_SUB:FEATURE_LOCATION_CONFLICT::Coding region xref gene does not exist
plasmid_files/CP023186.1_results/PROKKA_06292018:CDS	hypothetical protein	CP023186.1:c10309-7343	MHKMCEJI_00016

DiscRep_SUB:FEATURE_LOCATION_CONFLICT::Coding region xref gene does not exist
plasmid_files/CP023186.1_results/PROKKA_06292018:CDS	hypothetical protein	CP023186.1:10384-10674	MHKMCEJI_00017

DiscRep_SUB:FEATURE_LOCATION_CONFLICT::Coding region xref gene does not exist
plasmid_files/CP023186.1_results/PROKKA_06292018:CDS	hypothetical protein	CP023186.1:10671-11072	MHKMCEJI_00018

DiscRep_SUB:FEATURE_LOCATION_CONFLICT::Coding region xref gene does not exist
plasmid_files/CP023186.1_results/PROKKA_06292018:CDS	hypothetical protein	CP023186.1:11023-11418	MHKMCEJI_00019

DiscRep_SUB:FEATURE_LOCATION_CONFLICT::Coding region xref gene does not exist
plasmid_files/CP023186.1_results/PROKKA_06292018:CDS	hypothetical protein	CP023186.1:11673-11987	MHKMCEJI_00020

DiscRep_SUB:FEATURE_LOCATION_CONFLICT::Coding region xref gene does not exist
plasmid_files/CP023186.1_results/PROKKA_06292018:CDS	Na(+)/H(+) antiporter NhaA	CP023186.1:c13595-12414	MHKMCEJI_00021

DiscRep_SUB:FEATURE_LOCATION_CONFLICT::Coding region xref gene does not exist
plasmid_files/CP023186.1_results/PROKKA_06292018:CDS	Serine recombinase PinR	CP023186.1:c14860-14255	MHKMCEJI_00022

DiscRep_SUB:FEATURE_LOCATION_CONFLICT::Coding region xref gene does not exist
plasmid_files/CP023186.1_results/PROKKA_06292018:CDS	hypothetical protein	CP023186.1:14955-17852	MHKMCEJI_00023

DiscRep_SUB:FEATURE_LOCATION_CONFLICT::Coding region xref gene does not exist
plasmid_files/CP023186.1_results/PROKKA_06292018:CDS	DNA adenine methyltransferase YhdJ	CP023186.1:c18472-17849	MHKMCEJI_00024

DiscRep_SUB:FEATURE_LOCATION_CONFLICT::Coding region xref gene does not exist
plasmid_files/CP023186.1_results/PROKKA_06292018:CDS	hypothetical protein	CP023186.1:c19137-18907	MHKMCEJI_00025

DiscRep_SUB:FEATURE_LOCATION_CONFLICT::Coding region xref gene does not exist
plasmid_files/CP023186.1_results/PROKKA_06292018:CDS	hypothetical protein	CP023186.1:19341-19586	MHKMCEJI_00026

DiscRep_SUB:FEATURE_LOCATION_CONFLICT::Coding region xref gene does not exist
plasmid_files/CP023186.1_results/PROKKA_06292018:CDS	Protein UmuD	CP023186.1:19571-20032	MHKMCEJI_00027

DiscRep_SUB:FEATURE_LOCATION_CONFLICT::Coding region xref gene does not exist
plasmid_files/CP023186.1_results/PROKKA_06292018:CDS	Protein UmuC	CP023186.1:20044-21318	MHKMCEJI_00028

DiscRep_SUB:FEATURE_LOCATION_CONFLICT::Coding region xref gene does not exist
plasmid_files/CP023186.1_results/PROKKA_06292018:CDS	hypothetical protein	CP023186.1:c21720-21493	MHKMCEJI_00029

DiscRep_SUB:FEATURE_LOCATION_CONFLICT::Coding region xref gene does not exist
plasmid_files/CP023186.1_results/PROKKA_06292018:CDS	hypothetical protein	CP023186.1:c22391-21765	MHKMCEJI_00030

DiscRep_SUB:FEATURE_LOCATION_CONFLICT::Coding region xref gene does not exist
plasmid_files/CP023186.1_results/PROKKA_06292018:CDS	hypothetical protein	CP023186.1:23296-23814	MHKMCEJI_00031

DiscRep_SUB:FEATURE_LOCATION_CONFLICT::Coding region xref gene does not exist
plasmid_files/CP023186.1_results/PROKKA_06292018:CDS	Serine recombinase PinR	CP023186.1:24067-24663	MHKMCEJI_00032

DiscRep_SUB:FEATURE_LOCATION_CONFLICT::Coding region xref gene does not exist
plasmid_files/CP023186.1_results/PROKKA_06292018:CDS	hypothetical protein	CP023186.1:c27522-24769	MHKMCEJI_00033

DiscRep_SUB:FEATURE_LOCATION_CONFLICT::Coding region xref gene does not exist
plasmid_files/CP023186.1_results/PROKKA_06292018:CDS	hypothetical protein	CP023186.1:c28549-27884	MHKMCEJI_00034

DiscRep_SUB:FEATURE_LOCATION_CONFLICT::Coding region xref gene does not exist
plasmid_files/CP023186.1_results/PROKKA_06292018:CDS	hypothetical protein	CP023186.1:c29049-28732	MHKMCEJI_00035

DiscRep_SUB:FEATURE_LOCATION_CONFLICT::Coding region xref gene does not exist
plasmid_files/CP023186.1_results/PROKKA_06292018:CDS	Type-2 restriction enzyme EcoRII	CP023186.1:29292-30299	MHKMCEJI_00036

DiscRep_SUB:FEATURE_LOCATION_CONFLICT::Coding region xref gene does not exist
plasmid_files/CP023186.1_results/PROKKA_06292018:CDS	DNA-cytosine methyltransferase	CP023186.1:c31767-30334	MHKMCEJI_00037

DiscRep_SUB:FEATURE_LOCATION_CONFLICT::Coding region xref gene does not exist
plasmid_files/CP023186.1_results/PROKKA_06292018:CDS	Putative transposon Tn552 DNA-invertase bin3	CP023186.1:32146-32766	MHKMCEJI_00038

DiscRep_SUB:FEATURE_LOCATION_CONFLICT::Coding region xref gene does not exist
plasmid_files/CP023186.1_results/PROKKA_06292018:CDS	hypothetical protein	CP023186.1:32786-33049	MHKMCEJI_00039

DiscRep_SUB:FEATURE_LOCATION_CONFLICT::Coding region xref gene does not exist
plasmid_files/CP023186.1_results/PROKKA_06292018:CDS	Recombination-promoting nuclease RpnA	CP023186.1:33174-34127	MHKMCEJI_00040

DiscRep_SUB:FEATURE_LOCATION_CONFLICT::Coding region xref gene does not exist
plasmid_files/CP023186.1_results/PROKKA_06292018:CDS	hypothetical protein	CP023186.1:c34735-34124	MHKMCEJI_00041

DiscRep_SUB:FEATURE_LOCATION_CONFLICT::Coding region xref gene does not exist
plasmid_files/CP023186.1_results/PROKKA_06292018:CDS	hypothetical protein	CP023186.1:c35331-35053	MHKMCEJI_00042

DiscRep_SUB:FEATURE_LOCATION_CONFLICT::Coding region xref gene does not exist
plasmid_files/CP023186.1_results/PROKKA_06292018:CDS	hypothetical protein	CP023186.1:c35764-35369	MHKMCEJI_00043

DiscRep_SUB:FEATURE_LOCATION_CONFLICT::Coding region xref gene does not exist
plasmid_files/CP023186.1_results/PROKKA_06292018:CDS	hypothetical protein	CP023186.1:c38762-35757	MHKMCEJI_00044

DiscRep_SUB:FEATURE_LOCATION_CONFLICT::Coding region xref gene does not exist
plasmid_files/CP023186.1_results/PROKKA_06292018:CDS	Transposon Tn3 resolvase	CP023186.1:38925-39482	MHKMCEJI_00045

DiscRep_SUB:FEATURE_LOCATION_CONFLICT::Coding region xref gene does not exist
plasmid_files/CP023186.1_results/PROKKA_06292018:CDS	hypothetical protein	CP023186.1:39605-40585	MHKMCEJI_00046

DiscRep_SUB:FEATURE_LOCATION_CONFLICT::Coding region xref gene does not exist
plasmid_files/CP023186.1_results/PROKKA_06292018:CDS	Carbapenem-hydrolyzing beta-lactamase KPC	CP023186.1:40861-41742	MHKMCEJI_00047

DiscRep_SUB:FEATURE_LOCATION_CONFLICT::Coding region xref gene does not exist
plasmid_files/CP023186.1_results/PROKKA_06292018:CDS	hypothetical protein	CP023186.1:c42972-41992	MHKMCEJI_00048

DiscRep_SUB:FEATURE_LOCATION_CONFLICT::Coding region xref gene does not exist
plasmid_files/CP023186.1_results/PROKKA_06292018:CDS	hypothetical protein	CP023186.1:c43273-42977	MHKMCEJI_00049

DiscRep_SUB:FEATURE_LOCATION_CONFLICT::Coding region xref gene does not exist
plasmid_files/CP023186.1_results/PROKKA_06292018:CDS	hypothetical protein	CP023186.1:c43474-43319	MHKMCEJI_00050

DiscRep_SUB:FEATURE_LOCATION_CONFLICT::Coding region xref gene does not exist
plasmid_files/CP023186.1_results/PROKKA_06292018:CDS	Antirestriction protein KlcA	CP023186.1:c44027-43602	MHKMCEJI_00051

DiscRep_SUB:FEATURE_LOCATION_CONFLICT::Coding region xref gene does not exist
plasmid_files/CP023186.1_results/PROKKA_06292018:CDS	hypothetical protein	CP023186.1:c44416-44138	MHKMCEJI_00052

DiscRep_SUB:FEATURE_LOCATION_CONFLICT::Coding region xref gene does not exist
plasmid_files/CP023186.1_results/PROKKA_06292018:CDS	hypothetical protein	CP023186.1:c45510-44950	MHKMCEJI_00053

DiscRep_SUB:FEATURE_LOCATION_CONFLICT::Coding region xref gene does not exist
plasmid_files/CP023186.1_results/PROKKA_06292018:CDS	hypothetical protein	CP023186.1:45907-48063	MHKMCEJI_00054

DiscRep_SUB:FEATURE_LOCATION_CONFLICT::Coding region xref gene does not exist
plasmid_files/CP023186.1_results/PROKKA_06292018:CDS	hypothetical protein	CP023186.1:48063-49082	MHKMCEJI_00055

DiscRep_SUB:FEATURE_LOCATION_CONFLICT::Coding region xref gene does not exist
plasmid_files/CP023186.1_results/PROKKA_06292018:CDS	hypothetical protein	CP023186.1:49089-50165	MHKMCEJI_00056

DiscRep_SUB:FEATURE_LOCATION_CONFLICT::Coding region xref gene does not exist
plasmid_files/CP023186.1_results/PROKKA_06292018:CDS	hypothetical protein	CP023186.1:50173-51966	MHKMCEJI_00057

DiscRep_SUB:FEATURE_LOCATION_CONFLICT::Coding region xref gene does not exist
plasmid_files/CP023186.1_results/PROKKA_06292018:CDS	hypothetical protein	CP023186.1:51977-55192	MHKMCEJI_00058

DiscRep_SUB:FEATURE_LOCATION_CONFLICT::Coding region xref gene does not exist
plasmid_files/CP023186.1_results/PROKKA_06292018:CDS	hypothetical protein	CP023186.1:55192-55692	MHKMCEJI_00059

DiscRep_SUB:FEATURE_LOCATION_CONFLICT::Coding region xref gene does not exist
plasmid_files/CP023186.1_results/PROKKA_06292018:CDS	RNA polymerase-associated protein RapA	CP023186.1:55702-58509	MHKMCEJI_00060

DiscRep_SUB:FEATURE_LOCATION_CONFLICT::Coding region xref gene does not exist
plasmid_files/CP023186.1_results/PROKKA_06292018:CDS	hypothetical protein	CP023186.1:58647-58886	MHKMCEJI_00061

DiscRep_SUB:FEATURE_LOCATION_CONFLICT::Coding region xref gene does not exist
plasmid_files/CP023186.1_results/PROKKA_06292018:CDS	Putative SOS response-associated peptidase YedK	CP023186.1:c59018-58797	MHKMCEJI_00062

DiscRep_SUB:FEATURE_LOCATION_CONFLICT::Coding region xref gene does not exist
plasmid_files/CP023186.1_results/PROKKA_06292018:CDS	Replication initiation protein	CP023186.1:c61022-60003	MHKMCEJI_00063

DiscRep_SUB:FEATURE_LOCATION_CONFLICT::Coding region xref gene does not exist
plasmid_files/CP023186.1_results/PROKKA_06292018:CDS	hypothetical protein	CP023186.1:c61582-61316	MHKMCEJI_00064

DiscRep_SUB:FEATURE_LOCATION_CONFLICT::Coding region xref gene does not exist
plasmid_files/CP023186.1_results/PROKKA_06292018:CDS	Phospholipase D	CP023186.1:c62281-61715	MHKMCEJI_00065

DiscRep_SUB:FEATURE_LOCATION_CONFLICT::Coding region xref gene does not exist
plasmid_files/CP023186.1_results/PROKKA_06292018:CDS	hypothetical protein	CP023186.1:c62904-62278	MHKMCEJI_00066

DiscRep_SUB:FEATURE_LOCATION_CONFLICT::Coding region xref gene does not exist
plasmid_files/CP023186.1_results/PROKKA_06292018:CDS	hypothetical protein	CP023186.1:c63604-62960	MHKMCEJI_00067

DiscRep_SUB:FEATURE_LOCATION_CONFLICT::Coding region xref gene does not exist
plasmid_files/CP023186.1_results/PROKKA_06292018:CDS	hypothetical protein	CP023186.1:c64270-63674	MHKMCEJI_00068

DiscRep_SUB:FEATURE_LOCATION_CONFLICT::Coding region xref gene does not exist
plasmid_files/CP023186.1_results/PROKKA_06292018:CDS	hypothetical protein	CP023186.1:c65191-64400	MHKMCEJI_00069

DiscRep_SUB:FEATURE_LOCATION_CONFLICT::Coding region xref gene does not exist
plasmid_files/CP023186.1_results/PROKKA_06292018:CDS	Fertility inhibition protein	CP023186.1:c65724-65341	MHKMCEJI_00070

DiscRep_SUB:FEATURE_LOCATION_CONFLICT::Coding region xref gene does not exist
plasmid_files/CP023186.1_results/PROKKA_06292018:CDS	hypothetical protein	CP023186.1:c65930-65709	MHKMCEJI_00071

DiscRep_SUB:FEATURE_LOCATION_CONFLICT::Coding region xref gene does not exist
plasmid_files/CP023186.1_results/PROKKA_06292018:CDS	hypothetical protein	CP023186.1:c66806-66087	MHKMCEJI_00072

DiscRep_SUB:FEATURE_LOCATION_CONFLICT::Coding region xref gene does not exist
plasmid_files/CP023186.1_results/PROKKA_06292018:CDS	Multifunctional conjugation protein TraI	CP023186.1:c72153-66895	MHKMCEJI_00073

DiscRep_SUB:FEATURE_LOCATION_CONFLICT::Coding region xref gene does not exist
plasmid_files/CP023186.1_results/PROKKA_06292018:CDS	Coupling protein TraD	CP023186.1:c74471-72153	MHKMCEJI_00074

DiscRep_SUB:FEATURE_LOCATION_CONFLICT::Coding region xref gene does not exist
plasmid_files/CP023186.1_results/PROKKA_06292018:CDS	hypothetical protein	CP023186.1:c75282-74590	MHKMCEJI_00075

DiscRep_SUB:FEATURE_LOCATION_CONFLICT::Coding region xref gene does not exist
plasmid_files/CP023186.1_results/PROKKA_06292018:CDS	Protein TraS	CP023186.1:c76199-75528	MHKMCEJI_00076

DiscRep_SUB:FEATURE_LOCATION_CONFLICT::Coding region xref gene does not exist
plasmid_files/CP023186.1_results/PROKKA_06292018:CDS	hypothetical protein	CP023186.1:c79071-76216	MHKMCEJI_00077

DiscRep_SUB:FEATURE_LOCATION_CONFLICT::Coding region xref gene does not exist
plasmid_files/CP023186.1_results/PROKKA_06292018:CDS	hypothetical protein	CP023186.1:c80441-79071	MHKMCEJI_00078

DiscRep_SUB:FEATURE_LOCATION_CONFLICT::Coding region xref gene does not exist
plasmid_files/CP023186.1_results/PROKKA_06292018:CDS	hypothetical protein	CP023186.1:c80988-80428	MHKMCEJI_00079

DiscRep_SUB:FEATURE_LOCATION_CONFLICT::Coding region xref gene does not exist
plasmid_files/CP023186.1_results/PROKKA_06292018:CDS	Protein TraQ	CP023186.1:c81199-80963	MHKMCEJI_00080

DiscRep_SUB:FEATURE_LOCATION_CONFLICT::Coding region xref gene does not exist
plasmid_files/CP023186.1_results/PROKKA_06292018:CDS	hypothetical protein	CP023186.1:c81962-81210	MHKMCEJI_00081

DiscRep_SUB:FEATURE_LOCATION_CONFLICT::Coding region xref gene does not exist
plasmid_files/CP023186.1_results/PROKKA_06292018:CDS	hypothetical protein	CP023186.1:c82309-81983	MHKMCEJI_00082

DiscRep_SUB:FEATURE_LOCATION_CONFLICT::Coding region xref gene does not exist
plasmid_files/CP023186.1_results/PROKKA_06292018:CDS	hypothetical protein	CP023186.1:c82597-82355	MHKMCEJI_00083

DiscRep_SUB:FEATURE_LOCATION_CONFLICT::Coding region xref gene does not exist
plasmid_files/CP023186.1_results/PROKKA_06292018:CDS	hypothetical protein	CP023186.1:c83198-82587	MHKMCEJI_00084

DiscRep_SUB:FEATURE_LOCATION_CONFLICT::Coding region xref gene does not exist
plasmid_files/CP023186.1_results/PROKKA_06292018:CDS	hypothetical protein	CP023186.1:c83451-83191	MHKMCEJI_00085

DiscRep_SUB:FEATURE_LOCATION_CONFLICT::Coding region xref gene does not exist
plasmid_files/CP023186.1_results/PROKKA_06292018:CDS	hypothetical protein	CP023186.1:c85438-83483	MHKMCEJI_00086

DiscRep_SUB:FEATURE_LOCATION_CONFLICT::Coding region xref gene does not exist
plasmid_files/CP023186.1_results/PROKKA_06292018:CDS	hypothetical protein	CP023186.1:c86061-85435	MHKMCEJI_00087

DiscRep_SUB:FEATURE_LOCATION_CONFLICT::Coding region xref gene does not exist
plasmid_files/CP023186.1_results/PROKKA_06292018:CDS	hypothetical protein	CP023186.1:c87066-86074	MHKMCEJI_00088

DiscRep_SUB:FEATURE_LOCATION_CONFLICT::Coding region xref gene does not exist
plasmid_files/CP023186.1_results/PROKKA_06292018:CDS	hypothetical protein	CP023186.1:c87703-87077	MHKMCEJI_00089

DiscRep_SUB:FEATURE_LOCATION_CONFLICT::Coding region xref gene does not exist
plasmid_files/CP023186.1_results/PROKKA_06292018:CDS	hypothetical protein	CP023186.1:c88089-87700	MHKMCEJI_00090

DiscRep_SUB:FEATURE_LOCATION_CONFLICT::Coding region xref gene does not exist
plasmid_files/CP023186.1_results/PROKKA_06292018:CDS	Protein TraC	CP023186.1:c90728-88089	MHKMCEJI_00091

DiscRep_SUB:FEATURE_LOCATION_CONFLICT::Coding region xref gene does not exist
plasmid_files/CP023186.1_results/PROKKA_06292018:CDS	hypothetical protein	CP023186.1:c91590-91291	MHKMCEJI_00092

DiscRep_SUB:FEATURE_LOCATION_CONFLICT::Coding region xref gene does not exist
plasmid_files/CP023186.1_results/PROKKA_06292018:CDS	hypothetical protein	CP023186.1:c91988-91587	MHKMCEJI_00093

DiscRep_SUB:FEATURE_LOCATION_CONFLICT::Coding region xref gene does not exist
plasmid_files/CP023186.1_results/PROKKA_06292018:CDS	hypothetical protein	CP023186.1:c92260-92072	MHKMCEJI_00094

DiscRep_SUB:FEATURE_LOCATION_CONFLICT::Coding region xref gene does not exist
plasmid_files/CP023186.1_results/PROKKA_06292018:CDS	hypothetical protein	CP023186.1:c92545-92267	MHKMCEJI_00095

DiscRep_SUB:FEATURE_LOCATION_CONFLICT::Coding region xref gene does not exist
plasmid_files/CP023186.1_results/PROKKA_06292018:CDS	Protein TraV	CP023186.1:c93226-92657	MHKMCEJI_00096

DiscRep_SUB:FEATURE_LOCATION_CONFLICT::Coding region xref gene does not exist
plasmid_files/CP023186.1_results/PROKKA_06292018:CDS	hypothetical protein	CP023186.1:c93845-93249	MHKMCEJI_00097

DiscRep_SUB:FEATURE_LOCATION_CONFLICT::Coding region xref gene does not exist
plasmid_files/CP023186.1_results/PROKKA_06292018:CDS	hypothetical protein	CP023186.1:c95169-93838	MHKMCEJI_00098

DiscRep_SUB:FEATURE_LOCATION_CONFLICT::Coding region xref gene does not exist
plasmid_files/CP023186.1_results/PROKKA_06292018:CDS	hypothetical protein	CP023186.1:c95258-95151	MHKMCEJI_00099

DiscRep_SUB:FEATURE_LOCATION_CONFLICT::Coding region xref gene does not exist
plasmid_files/CP023186.1_results/PROKKA_06292018:CDS	hypothetical protein	CP023186.1:c95992-95258	MHKMCEJI_00100

DiscRep_SUB:FEATURE_LOCATION_CONFLICT::Coding region xref gene does not exist
plasmid_files/CP023186.1_results/PROKKA_06292018:CDS	hypothetical protein	CP023186.1:c96545-95979	MHKMCEJI_00101

DiscRep_SUB:FEATURE_LOCATION_CONFLICT::Coding region xref gene does not exist
plasmid_files/CP023186.1_results/PROKKA_06292018:CDS	hypothetical protein	CP023186.1:c96870-96565	MHKMCEJI_00102

DiscRep_SUB:FEATURE_LOCATION_CONFLICT::Coding region xref gene does not exist
plasmid_files/CP023186.1_results/PROKKA_06292018:CDS	Pilin	CP023186.1:c97252-96884	MHKMCEJI_00103

DiscRep_SUB:FEATURE_LOCATION_CONFLICT::Coding region xref gene does not exist
plasmid_files/CP023186.1_results/PROKKA_06292018:CDS	Relaxosome protein TraY	CP023186.1:c97484-97317	MHKMCEJI_00104

DiscRep_SUB:FEATURE_LOCATION_CONFLICT::Coding region xref gene does not exist
plasmid_files/CP023186.1_results/PROKKA_06292018:CDS	hypothetical protein	CP023186.1:c98346-97672	MHKMCEJI_00105

DiscRep_SUB:FEATURE_LOCATION_CONFLICT::Coding region xref gene does not exist
plasmid_files/CP023186.1_results/PROKKA_06292018:CDS	Relaxosome protein TraM	CP023186.1:c98977-98585	MHKMCEJI_00106

DiscRep_SUB:FEATURE_LOCATION_CONFLICT::Coding region xref gene does not exist
plasmid_files/CP023186.1_results/PROKKA_06292018:CDS	hypothetical protein	CP023186.1:99411-99905	MHKMCEJI_00107

DiscRep_SUB:FEATURE_LOCATION_CONFLICT::Coding region xref gene does not exist
plasmid_files/CP023186.1_results/PROKKA_06292018:CDS	Antirestriction protein KlcA	CP023186.1:c100470-99928	MHKMCEJI_00108

DiscRep_SUB:FEATURE_LOCATION_CONFLICT::Coding region xref gene does not exist
plasmid_files/CP023186.1_results/PROKKA_06292018:CDS	hypothetical protein	CP023186.1:c101952-101119	MHKMCEJI_00109

DiscRep_SUB:FEATURE_LOCATION_CONFLICT::Coding region xref gene does not exist
plasmid_files/CP023186.1_results/PROKKA_06292018:CDS	hypothetical protein	CP023186.1:c102229-101999	MHKMCEJI_00110

DiscRep_SUB:FEATURE_LOCATION_CONFLICT::Coding region xref gene does not exist
plasmid_files/CP023186.1_results/PROKKA_06292018:CDS	hypothetical protein	CP023186.1:c102323-102198	MHKMCEJI_00111

DiscRep_SUB:FEATURE_LOCATION_CONFLICT::Coding region xref gene does not exist
plasmid_files/CP023186.1_results/PROKKA_06292018:CDS	hypothetical protein	CP023186.1:c102667-102320	MHKMCEJI_00112

DiscRep_SUB:FEATURE_LOCATION_CONFLICT::Coding region xref gene does not exist
plasmid_files/CP023186.1_results/PROKKA_06292018:CDS	hypothetical protein	CP023186.1:c103060-102722	MHKMCEJI_00113

DiscRep_SUB:FEATURE_LOCATION_CONFLICT::Coding region xref gene does not exist
plasmid_files/CP023186.1_results/PROKKA_06292018:CDS	hypothetical protein	CP023186.1:c104755-103880	MHKMCEJI_00114

DiscRep_SUB:FEATURE_LOCATION_CONFLICT::Coding region xref gene does not exist
plasmid_files/CP023186.1_results/PROKKA_06292018:CDS	hypothetical protein	CP023186.1:c105034-104804	MHKMCEJI_00115

DiscRep_SUB:FEATURE_LOCATION_CONFLICT::Coding region xref gene does not exist
plasmid_files/CP023186.1_results/PROKKA_06292018:CDS	hypothetical protein	CP023186.1:c105354-105127	MHKMCEJI_00116

DiscRep_SUB:FEATURE_LOCATION_CONFLICT::Coding region xref gene does not exist
plasmid_files/CP023186.1_results/PROKKA_06292018:CDS	hypothetical protein	CP023186.1:105896-106159	MHKMCEJI_00117

DiscRep_SUB:FEATURE_LOCATION_CONFLICT::Coding region xref gene does not exist
plasmid_files/CP023186.1_results/PROKKA_06292018:CDS	hypothetical protein	CP023186.1:c106473-106150	MHKMCEJI_00118

DiscRep_SUB:FEATURE_LOCATION_CONFLICT::Coding region xref gene does not exist
plasmid_files/CP023186.1_results/PROKKA_06292018:CDS	hypothetical protein	CP023186.1:c107198-106470	MHKMCEJI_00119

DiscRep_SUB:FEATURE_LOCATION_CONFLICT::Coding region xref gene does not exist
plasmid_files/CP023186.1_results/PROKKA_06292018:CDS	Protein PsiB	CP023186.1:c107626-107195	MHKMCEJI_00120

DiscRep_SUB:FEATURE_LOCATION_CONFLICT::Coding region xref gene does not exist
plasmid_files/CP023186.1_results/PROKKA_06292018:CDS	Chromosome-partitioning protein Spo0J	CP023186.1:c109670-107670	MHKMCEJI_00121

DiscRep_SUB:FEATURE_LOCATION_CONFLICT::Coding region xref gene does not exist
plasmid_files/CP023186.1_results/PROKKA_06292018:CDS	hypothetical protein	CP023186.1:c109989-109741	MHKMCEJI_00122

DiscRep_SUB:FEATURE_LOCATION_CONFLICT::Coding region xref gene does not exist
plasmid_files/CP023186.1_results/PROKKA_06292018:CDS	Plasmid-derived single-stranded DNA-binding protein	CP023186.1:c110595-110038	MHKMCEJI_00123

DiscRep_SUB:FEATURE_LOCATION_CONFLICT::Coding region xref gene does not exist
plasmid_files/CP023186.1_results/PROKKA_06292018:CDS	hypothetical protein	CP023186.1:c111560-111240	MHKMCEJI_00124

DiscRep_SUB:FEATURE_LOCATION_CONFLICT::Coding region xref gene does not exist
plasmid_files/CP023186.1_results/PROKKA_06292018:CDS	DNA polymerase III subunit theta	CP023186.1:c111902-111585	MHKMCEJI_00125

DiscRep_SUB:FEATURE_LOCATION_CONFLICT::Coding region xref gene does not exist
plasmid_files/CP023186.1_results/PROKKA_06292018:CDS	hypothetical protein	CP023186.1:c112240-112049	MHKMCEJI_00126

DiscRep_SUB:FEATURE_LOCATION_CONFLICT::Coding region xref gene does not exist
plasmid_files/CP023186.1_results/PROKKA_06292018:CDS	hypothetical protein	CP023186.1:c112864-112283	MHKMCEJI_00127

DiscRep_SUB:FEATURE_LOCATION_CONFLICT::Coding region xref gene does not exist
plasmid_files/CP023186.1_results/PROKKA_06292018:CDS	Antirestriction protein KlcA	CP023186.1:c113262-112834	MHKMCEJI_00128

DiscRep_SUB:FEATURE_LOCATION_CONFLICT::Coding region xref gene does not exist
plasmid_files/CP023186.1_results/PROKKA_06292018:CDS	hypothetical protein	CP023186.1:c114465-113701	MHKMCEJI_00129

DiscRep_SUB:FEATURE_LOCATION_CONFLICT::Coding region xref gene does not exist
plasmid_files/CP023186.1_results/PROKKA_06292018:CDS	hypothetical protein	CP023186.1:c114930-114520	MHKMCEJI_00130

DiscRep_SUB:FEATURE_LOCATION_CONFLICT::Coding region xref gene does not exist
plasmid_files/CP023186.1_results/PROKKA_06292018:CDS	hypothetical protein	CP023186.1:c115198-114977	MHKMCEJI_00131

DiscRep_SUB:FEATURE_LOCATION_CONFLICT::Coding region xref gene does not exist
plasmid_files/CP023186.1_results/PROKKA_06292018:CDS	DNA adenine methyltransferase YhdJ	CP023186.1:c115899-115198	MHKMCEJI_00132

DiscRep_SUB:FEATURE_LOCATION_CONFLICT::Coding region xref gene does not exist
plasmid_files/CP023186.1_results/PROKKA_06292018:CDS	hypothetical protein	CP023186.1:c116618-116283	MHKMCEJI_00133

DiscRep_SUB:FEATURE_LOCATION_CONFLICT::Coding region xref gene does not exist
plasmid_files/CP023186.1_results/PROKKA_06292018:CDS	hypothetical protein	CP023186.1:c116836-116615	MHKMCEJI_00134

DiscRep_SUB:FEATURE_LOCATION_CONFLICT::Coding region xref gene does not exist
plasmid_files/CP023186.1_results/PROKKA_06292018:CDS	hypothetical protein	CP023186.1:c117512-117186	MHKMCEJI_00135

DiscRep_SUB:FEATURE_LOCATION_CONFLICT::Coding region xref gene does not exist
plasmid_files/CP023186.1_results/PROKKA_06292018:CDS	Protein UmuD	CP023186.1:117722-118147	MHKMCEJI_00136

DiscRep_SUB:FEATURE_LOCATION_CONFLICT::Coding region xref gene does not exist
plasmid_files/CP023186.1_results/PROKKA_06292018:CDS	Protein UmuC	CP023186.1:118147-119421	MHKMCEJI_00137

DiscRep_SUB:FEATURE_LOCATION_CONFLICT::Coding region xref gene does not exist
plasmid_files/CP023186.1_results/PROKKA_06292018:CDS	Antitoxin YafN	CP023186.1:119588-119839	MHKMCEJI_00138

DiscRep_SUB:FEATURE_LOCATION_CONFLICT::Coding region xref gene does not exist
plasmid_files/CP023186.1_results/PROKKA_06292018:CDS	mRNA interferase toxin RelE	CP023186.1:119836-120123	MHKMCEJI_00139

DiscRep_SUB:FEATURE_LOCATION_CONFLICT::Coding region xref gene does not exist
plasmid_files/CP023186.1_results/PROKKA_06292018:CDS	hypothetical protein	CP023186.1:120127-120216	MHKMCEJI_00140

DiscRep_SUB:FEATURE_LOCATION_CONFLICT::Coding region xref gene does not exist
plasmid_files/CP023186.1_results/PROKKA_06292018:CDS	hypothetical protein	CP023186.1:120206-120394	MHKMCEJI_00141

DiscRep_SUB:FEATURE_LOCATION_CONFLICT::Coding region xref gene does not exist
plasmid_files/CP023186.1_results/PROKKA_06292018:CDS	hypothetical protein	CP023186.1:120720-121004	MHKMCEJI_00142

DiscRep_SUB:FEATURE_LOCATION_CONFLICT::Coding region xref gene does not exist
plasmid_files/CP023186.1_results/PROKKA_06292018:CDS	hypothetical protein	CP023186.1:121141-121641	MHKMCEJI_00143

DiscRep_SUB:FEATURE_LOCATION_CONFLICT::Coding region xref gene does not exist
plasmid_files/CP023186.1_results/PROKKA_06292018:CDS	hypothetical protein	CP023186.1:c122309-121917	MHKMCEJI_00144

DiscRep_SUB:FEATURE_LOCATION_CONFLICT::Coding region xref gene does not exist
plasmid_files/CP023186.1_results/PROKKA_06292018:CDS	Plasmid segregation protein ParM	CP023186.1:c123287-122313	MHKMCEJI_00145

DiscRep_SUB:FEATURE_LOCATION_CONFLICT::Coding region xref gene does not exist
plasmid_files/CP023186.1_results/PROKKA_06292018:CDS	hypothetical protein	CP023186.1:c123901-123527	MHKMCEJI_00146

DiscRep_SUB:FEATURE_LOCATION_CONFLICT::Coding region xref gene does not exist
plasmid_files/CP023186.1_results/PROKKA_06292018:CDS	hypothetical protein	CP023186.1:c124533-123901	MHKMCEJI_00147

DiscRep_SUB:FEATURE_LOCATION_CONFLICT::Coding region xref gene does not exist
plasmid_files/CP023186.1_results/PROKKA_06292018:CDS	Replication initiation protein	CP023186.1:c126276-125521	MHKMCEJI_00148

DiscRep_ALL:SUSPECT_PRODUCT_NAMES::1 product_names contain suspect phrase or characters
DiscRep_SUB:SUSPECT_PRODUCT_NAMES::May contain database identifier more appropriate in note; remove from product name
DiscRep_SUB:SUSPECT_PRODUCT_NAMES::1 features Three or more numbers together
plasmid_files/CP023186.1_results/PROKKA_06292018:CDS	Putative transposon Tn552 DNA-invertase bin3	CP023186.1:32146-32766	MHKMCEJI_00038

DiscRep_ALL:DISC_QUALITY_SCORES::Quality scores are missing on all sequences.

DiscRep_ALL:ONCALLER_COMMENT_PRESENT::1 comment descriptors were found (all same)
plasmid_files/CP023186.1_results/PROKKA_06292018:CP023186.1:Annotated using prokka 1.14-dev from https://github.com/tseemann/prokka

DiscRep_ALL:SHORT_PROT_SEQUENCES::3 protein sequences are shorter than 50 aa.
plasmid_files/CP023186.1_results/PROKKA_06292018:CP023186.1_99 (length 35)
plasmid_files/CP023186.1_results/PROKKA_06292018:CP023186.1_111 (length 41)
plasmid_files/CP023186.1_results/PROKKA_06292018:CP023186.1_140 (length 29)

DiscRep_ALL:MISSING_GENOMEASSEMBLY_COMMENTS::1 bioseqs are missing GenomeAssembly structured comments
plasmid_files/CP023186.1_results/PROKKA_06292018:CP023186.1 (length 126846)

DiscRep_ALL:MOLTYPE_NOT_MRNA::1 molecule types are not set as mRNA.
plasmid_files/CP023186.1_results/PROKKA_06292018:CP023186.1 (length 126846)

DiscRep_ALL:TECHNIQUE_NOT_TSA::1 technique are not set as TSA
plasmid_files/CP023186.1_results/PROKKA_06292018:CP023186.1 (length 126846)

DiscRep_ALL:MISSING_STRUCTURED_COMMENT::1 sequences do not include structured comments.
plasmid_files/CP023186.1_results/PROKKA_06292018:CP023186.1 (length 126846)

DiscRep_ALL:MISSING_PROJECT::149 sequences do not include project.
plasmid_files/CP023186.1_results/PROKKA_06292018:CP023186.1 (length 126846)
plasmid_files/CP023186.1_results/PROKKA_06292018:CP023186.1_1 (length 192)
plasmid_files/CP023186.1_results/PROKKA_06292018:CP023186.1_2 (length 51)
plasmid_files/CP023186.1_results/PROKKA_06292018:CP023186.1_3 (length 60)
plasmid_files/CP023186.1_results/PROKKA_06292018:CP023186.1_4 (length 105)
plasmid_files/CP023186.1_results/PROKKA_06292018:CP023186.1_5 (length 65)
plasmid_files/CP023186.1_results/PROKKA_06292018:CP023186.1_6 (length 112)
plasmid_files/CP023186.1_results/PROKKA_06292018:CP023186.1_7 (length 73)
plasmid_files/CP023186.1_results/PROKKA_06292018:CP023186.1_8 (length 58)
plasmid_files/CP023186.1_results/PROKKA_06292018:CP023186.1_9 (length 191)
plasmid_files/CP023186.1_results/PROKKA_06292018:CP023186.1_10 (length 79)
plasmid_files/CP023186.1_results/PROKKA_06292018:CP023186.1_11 (length 210)
plasmid_files/CP023186.1_results/PROKKA_06292018:CP023186.1_12 (length 101)
plasmid_files/CP023186.1_results/PROKKA_06292018:CP023186.1_13 (length 67)
plasmid_files/CP023186.1_results/PROKKA_06292018:CP023186.1_14 (length 61)
plasmid_files/CP023186.1_results/PROKKA_06292018:CP023186.1_15 (length 334)
plasmid_files/CP023186.1_results/PROKKA_06292018:CP023186.1_16 (length 988)
plasmid_files/CP023186.1_results/PROKKA_06292018:CP023186.1_17 (length 96)
plasmid_files/CP023186.1_results/PROKKA_06292018:CP023186.1_18 (length 133)
plasmid_files/CP023186.1_results/PROKKA_06292018:CP023186.1_19 (length 131)
plasmid_files/CP023186.1_results/PROKKA_06292018:CP023186.1_20 (length 104)
plasmid_files/CP023186.1_results/PROKKA_06292018:CP023186.1_21 (length 393)
plasmid_files/CP023186.1_results/PROKKA_06292018:CP023186.1_22 (length 201)
plasmid_files/CP023186.1_results/PROKKA_06292018:CP023186.1_23 (length 965)
plasmid_files/CP023186.1_results/PROKKA_06292018:CP023186.1_24 (length 207)
plasmid_files/CP023186.1_results/PROKKA_06292018:CP023186.1_25 (length 76)
plasmid_files/CP023186.1_results/PROKKA_06292018:CP023186.1_26 (length 81)
plasmid_files/CP023186.1_results/PROKKA_06292018:CP023186.1_27 (length 153)
plasmid_files/CP023186.1_results/PROKKA_06292018:CP023186.1_28 (length 424)
plasmid_files/CP023186.1_results/PROKKA_06292018:CP023186.1_29 (length 75)
plasmid_files/CP023186.1_results/PROKKA_06292018:CP023186.1_30 (length 208)
plasmid_files/CP023186.1_results/PROKKA_06292018:CP023186.1_31 (length 172)
plasmid_files/CP023186.1_results/PROKKA_06292018:CP023186.1_32 (length 198)
plasmid_files/CP023186.1_results/PROKKA_06292018:CP023186.1_33 (length 917)
plasmid_files/CP023186.1_results/PROKKA_06292018:CP023186.1_34 (length 221)
plasmid_files/CP023186.1_results/PROKKA_06292018:CP023186.1_35 (length 105)
plasmid_files/CP023186.1_results/PROKKA_06292018:CP023186.1_36 (length 335)
plasmid_files/CP023186.1_results/PROKKA_06292018:CP023186.1_37 (length 477)
plasmid_files/CP023186.1_results/PROKKA_06292018:CP023186.1_38 (length 206)
plasmid_files/CP023186.1_results/PROKKA_06292018:CP023186.1_39 (length 87)
plasmid_files/CP023186.1_results/PROKKA_06292018:CP023186.1_40 (length 317)
plasmid_files/CP023186.1_results/PROKKA_06292018:CP023186.1_41 (length 203)
plasmid_files/CP023186.1_results/PROKKA_06292018:CP023186.1_42 (length 92)
plasmid_files/CP023186.1_results/PROKKA_06292018:CP023186.1_43 (length 131)
plasmid_files/CP023186.1_results/PROKKA_06292018:CP023186.1_44 (length 1001)
plasmid_files/CP023186.1_results/PROKKA_06292018:CP023186.1_45 (length 185)
plasmid_files/CP023186.1_results/PROKKA_06292018:CP023186.1_46 (length 326)
plasmid_files/CP023186.1_results/PROKKA_06292018:CP023186.1_47 (length 293)
plasmid_files/CP023186.1_results/PROKKA_06292018:CP023186.1_48 (length 326)
plasmid_files/CP023186.1_results/PROKKA_06292018:CP023186.1_49 (length 98)
plasmid_files/CP023186.1_results/PROKKA_06292018:CP023186.1_50 (length 51)
plasmid_files/CP023186.1_results/PROKKA_06292018:CP023186.1_51 (length 141)
plasmid_files/CP023186.1_results/PROKKA_06292018:CP023186.1_52 (length 92)
plasmid_files/CP023186.1_results/PROKKA_06292018:CP023186.1_53 (length 186)
plasmid_files/CP023186.1_results/PROKKA_06292018:CP023186.1_54 (length 718)
plasmid_files/CP023186.1_results/PROKKA_06292018:CP023186.1_55 (length 339)
plasmid_files/CP023186.1_results/PROKKA_06292018:CP023186.1_56 (length 358)
plasmid_files/CP023186.1_results/PROKKA_06292018:CP023186.1_57 (length 597)
plasmid_files/CP023186.1_results/PROKKA_06292018:CP023186.1_58 (length 1071)
plasmid_files/CP023186.1_results/PROKKA_06292018:CP023186.1_59 (length 166)
plasmid_files/CP023186.1_results/PROKKA_06292018:CP023186.1_60 (length 935)
plasmid_files/CP023186.1_results/PROKKA_06292018:CP023186.1_61 (length 79)
plasmid_files/CP023186.1_results/PROKKA_06292018:CP023186.1_62 (length 73)
plasmid_files/CP023186.1_results/PROKKA_06292018:CP023186.1_63 (length 339)
plasmid_files/CP023186.1_results/PROKKA_06292018:CP023186.1_64 (length 88)
plasmid_files/CP023186.1_results/PROKKA_06292018:CP023186.1_65 (length 188)
plasmid_files/CP023186.1_results/PROKKA_06292018:CP023186.1_66 (length 208)
plasmid_files/CP023186.1_results/PROKKA_06292018:CP023186.1_67 (length 214)
plasmid_files/CP023186.1_results/PROKKA_06292018:CP023186.1_68 (length 198)
plasmid_files/CP023186.1_results/PROKKA_06292018:CP023186.1_69 (length 263)
plasmid_files/CP023186.1_results/PROKKA_06292018:CP023186.1_70 (length 127)
plasmid_files/CP023186.1_results/PROKKA_06292018:CP023186.1_71 (length 73)
plasmid_files/CP023186.1_results/PROKKA_06292018:CP023186.1_72 (length 239)
plasmid_files/CP023186.1_results/PROKKA_06292018:CP023186.1_73 (length 1752)
plasmid_files/CP023186.1_results/PROKKA_06292018:CP023186.1_74 (length 772)
plasmid_files/CP023186.1_results/PROKKA_06292018:CP023186.1_75 (length 230)
plasmid_files/CP023186.1_results/PROKKA_06292018:CP023186.1_76 (length 223)
plasmid_files/CP023186.1_results/PROKKA_06292018:CP023186.1_77 (length 951)
plasmid_files/CP023186.1_results/PROKKA_06292018:CP023186.1_78 (length 456)
plasmid_files/CP023186.1_results/PROKKA_06292018:CP023186.1_79 (length 186)
plasmid_files/CP023186.1_results/PROKKA_06292018:CP023186.1_80 (length 78)
plasmid_files/CP023186.1_results/PROKKA_06292018:CP023186.1_81 (length 250)
plasmid_files/CP023186.1_results/PROKKA_06292018:CP023186.1_82 (length 108)
plasmid_files/CP023186.1_results/PROKKA_06292018:CP023186.1_83 (length 80)
plasmid_files/CP023186.1_results/PROKKA_06292018:CP023186.1_84 (length 203)
plasmid_files/CP023186.1_results/PROKKA_06292018:CP023186.1_85 (length 86)
plasmid_files/CP023186.1_results/PROKKA_06292018:CP023186.1_86 (length 651)
plasmid_files/CP023186.1_results/PROKKA_06292018:CP023186.1_87 (length 208)
plasmid_files/CP023186.1_results/PROKKA_06292018:CP023186.1_88 (length 330)
plasmid_files/CP023186.1_results/PROKKA_06292018:CP023186.1_89 (length 208)
plasmid_files/CP023186.1_results/PROKKA_06292018:CP023186.1_90 (length 129)
plasmid_files/CP023186.1_results/PROKKA_06292018:CP023186.1_91 (length 879)
plasmid_files/CP023186.1_results/PROKKA_06292018:CP023186.1_92 (length 99)
plasmid_files/CP023186.1_results/PROKKA_06292018:CP023186.1_93 (length 133)
plasmid_files/CP023186.1_results/PROKKA_06292018:CP023186.1_94 (length 62)
plasmid_files/CP023186.1_results/PROKKA_06292018:CP023186.1_95 (length 92)
plasmid_files/CP023186.1_results/PROKKA_06292018:CP023186.1_96 (length 189)
plasmid_files/CP023186.1_results/PROKKA_06292018:CP023186.1_97 (length 198)
plasmid_files/CP023186.1_results/PROKKA_06292018:CP023186.1_98 (length 443)
plasmid_files/CP023186.1_results/PROKKA_06292018:CP023186.1_99 (length 35)
plasmid_files/CP023186.1_results/PROKKA_06292018:CP023186.1_100 (length 244)
plasmid_files/CP023186.1_results/PROKKA_06292018:CP023186.1_101 (length 188)
plasmid_files/CP023186.1_results/PROKKA_06292018:CP023186.1_102 (length 101)
plasmid_files/CP023186.1_results/PROKKA_06292018:CP023186.1_103 (length 122)
plasmid_files/CP023186.1_results/PROKKA_06292018:CP023186.1_104 (length 55)
plasmid_files/CP023186.1_results/PROKKA_06292018:CP023186.1_105 (length 224)
plasmid_files/CP023186.1_results/PROKKA_06292018:CP023186.1_106 (length 130)
plasmid_files/CP023186.1_results/PROKKA_06292018:CP023186.1_107 (length 164)
plasmid_files/CP023186.1_results/PROKKA_06292018:CP023186.1_108 (length 180)
plasmid_files/CP023186.1_results/PROKKA_06292018:CP023186.1_109 (length 277)
plasmid_files/CP023186.1_results/PROKKA_06292018:CP023186.1_110 (length 76)
plasmid_files/CP023186.1_results/PROKKA_06292018:CP023186.1_111 (length 41)
plasmid_files/CP023186.1_results/PROKKA_06292018:CP023186.1_112 (length 115)
plasmid_files/CP023186.1_results/PROKKA_06292018:CP023186.1_113 (length 112)
plasmid_files/CP023186.1_results/PROKKA_06292018:CP023186.1_114 (length 291)
plasmid_files/CP023186.1_results/PROKKA_06292018:CP023186.1_115 (length 76)
plasmid_files/CP023186.1_results/PROKKA_06292018:CP023186.1_116 (length 75)
plasmid_files/CP023186.1_results/PROKKA_06292018:CP023186.1_117 (length 87)
plasmid_files/CP023186.1_results/PROKKA_06292018:CP023186.1_118 (length 107)
plasmid_files/CP023186.1_results/PROKKA_06292018:CP023186.1_119 (length 242)
plasmid_files/CP023186.1_results/PROKKA_06292018:CP023186.1_120 (length 143)
plasmid_files/CP023186.1_results/PROKKA_06292018:CP023186.1_121 (length 666)
plasmid_files/CP023186.1_results/PROKKA_06292018:CP023186.1_122 (length 82)
plasmid_files/CP023186.1_results/PROKKA_06292018:CP023186.1_123 (length 185)
plasmid_files/CP023186.1_results/PROKKA_06292018:CP023186.1_124 (length 106)
plasmid_files/CP023186.1_results/PROKKA_06292018:CP023186.1_125 (length 105)
plasmid_files/CP023186.1_results/PROKKA_06292018:CP023186.1_126 (length 63)
plasmid_files/CP023186.1_results/PROKKA_06292018:CP023186.1_127 (length 193)
plasmid_files/CP023186.1_results/PROKKA_06292018:CP023186.1_128 (length 142)
plasmid_files/CP023186.1_results/PROKKA_06292018:CP023186.1_129 (length 254)
plasmid_files/CP023186.1_results/PROKKA_06292018:CP023186.1_130 (length 136)
plasmid_files/CP023186.1_results/PROKKA_06292018:CP023186.1_131 (length 73)
plasmid_files/CP023186.1_results/PROKKA_06292018:CP023186.1_132 (length 233)
plasmid_files/CP023186.1_results/PROKKA_06292018:CP023186.1_133 (length 111)
plasmid_files/CP023186.1_results/PROKKA_06292018:CP023186.1_134 (length 73)
plasmid_files/CP023186.1_results/PROKKA_06292018:CP023186.1_135 (length 108)
plasmid_files/CP023186.1_results/PROKKA_06292018:CP023186.1_136 (length 141)
plasmid_files/CP023186.1_results/PROKKA_06292018:CP023186.1_137 (length 424)
plasmid_files/CP023186.1_results/PROKKA_06292018:CP023186.1_138 (length 83)
plasmid_files/CP023186.1_results/PROKKA_06292018:CP023186.1_139 (length 95)
plasmid_files/CP023186.1_results/PROKKA_06292018:CP023186.1_140 (length 29)
plasmid_files/CP023186.1_results/PROKKA_06292018:CP023186.1_141 (length 62)
plasmid_files/CP023186.1_results/PROKKA_06292018:CP023186.1_142 (length 94)
plasmid_files/CP023186.1_results/PROKKA_06292018:CP023186.1_143 (length 166)
plasmid_files/CP023186.1_results/PROKKA_06292018:CP023186.1_144 (length 130)
plasmid_files/CP023186.1_results/PROKKA_06292018:CP023186.1_145 (length 324)
plasmid_files/CP023186.1_results/PROKKA_06292018:CP023186.1_146 (length 124)
plasmid_files/CP023186.1_results/PROKKA_06292018:CP023186.1_147 (length 210)
plasmid_files/CP023186.1_results/PROKKA_06292018:CP023186.1_148 (length 251)

DiscRep_ALL:DISC_INCONSISTENT_MOLINFO_TECH::Molinfo Technique Report (some missing, all same)
DiscRep_SUB:DISC_INCONSISTENT_MOLINFO_TECH::technique (all missing)
DiscRep_SUB:DISC_INCONSISTENT_MOLINFO_TECH::1 Molinfos are missing field technique
plasmid_files/CP023186.1_results/PROKKA_06292018:CP023186.1 (length 126846)

