Discrepancy Report Results

Summary
FATAL: MISSING_PROTEIN_ID:65 proteins have invalid IDs.
DISC_SOURCE_QUALS_ASNDISC:strain (all present, all unique)
DISC_SOURCE_QUALS_ASNDISC:taxname (all present, all unique)
DISC_FEATURE_COUNT:CDS: 65 present
DISC_COUNT_NUCLEOTIDES:1 nucleotide Bioseqs are present
FEATURE_LOCATION_CONFLICT:65 features have inconsistent gene locations.
DISC_QUALITY_SCORES:Quality scores are missing on all sequences.
ONCALLER_COMMENT_PRESENT:1 comment descriptors were found (all same)
SHORT_PROT_SEQUENCES:3 protein sequences are shorter than 50 aa.
MISSING_GENOMEASSEMBLY_COMMENTS:1 bioseqs are missing GenomeAssembly structured comments
MOLTYPE_NOT_MRNA:1 molecule types are not set as mRNA.
TECHNIQUE_NOT_TSA:1 technique are not set as TSA
MISSING_STRUCTURED_COMMENT:1 sequences do not include structured comments.
MISSING_PROJECT:66 sequences do not include project.
DISC_INCONSISTENT_MOLINFO_TECH:Molinfo Technique Report (some missing, all same)


Detailed Report

FATAL: DiscRep_ALL:MISSING_PROTEIN_ID::65 proteins have invalid IDs.
plasmid_files/MF156709.1_results/PROKKA_06292018:MF156709.1_1 (length 342)
plasmid_files/MF156709.1_results/PROKKA_06292018:MF156709.1_2 (length 150)
plasmid_files/MF156709.1_results/PROKKA_06292018:MF156709.1_3 (length 174)
plasmid_files/MF156709.1_results/PROKKA_06292018:MF156709.1_4 (length 140)
plasmid_files/MF156709.1_results/PROKKA_06292018:MF156709.1_5 (length 127)
plasmid_files/MF156709.1_results/PROKKA_06292018:MF156709.1_6 (length 46)
plasmid_files/MF156709.1_results/PROKKA_06292018:MF156709.1_7 (length 48)
plasmid_files/MF156709.1_results/PROKKA_06292018:MF156709.1_8 (length 100)
plasmid_files/MF156709.1_results/PROKKA_06292018:MF156709.1_9 (length 87)
plasmid_files/MF156709.1_results/PROKKA_06292018:MF156709.1_10 (length 211)
plasmid_files/MF156709.1_results/PROKKA_06292018:MF156709.1_11 (length 186)
plasmid_files/MF156709.1_results/PROKKA_06292018:MF156709.1_12 (length 92)
plasmid_files/MF156709.1_results/PROKKA_06292018:MF156709.1_13 (length 140)
plasmid_files/MF156709.1_results/PROKKA_06292018:MF156709.1_14 (length 51)
plasmid_files/MF156709.1_results/PROKKA_06292018:MF156709.1_15 (length 98)
plasmid_files/MF156709.1_results/PROKKA_06292018:MF156709.1_16 (length 326)
plasmid_files/MF156709.1_results/PROKKA_06292018:MF156709.1_17 (length 293)
plasmid_files/MF156709.1_results/PROKKA_06292018:MF156709.1_18 (length 124)
plasmid_files/MF156709.1_results/PROKKA_06292018:MF156709.1_19 (length 137)
plasmid_files/MF156709.1_results/PROKKA_06292018:MF156709.1_20 (length 185)
plasmid_files/MF156709.1_results/PROKKA_06292018:MF156709.1_21 (length 222)
plasmid_files/MF156709.1_results/PROKKA_06292018:MF156709.1_22 (length 756)
plasmid_files/MF156709.1_results/PROKKA_06292018:MF156709.1_23 (length 181)
plasmid_files/MF156709.1_results/PROKKA_06292018:MF156709.1_24 (length 190)
plasmid_files/MF156709.1_results/PROKKA_06292018:MF156709.1_25 (length 463)
plasmid_files/MF156709.1_results/PROKKA_06292018:MF156709.1_26 (length 62)
plasmid_files/MF156709.1_results/PROKKA_06292018:MF156709.1_27 (length 152)
plasmid_files/MF156709.1_results/PROKKA_06292018:MF156709.1_28 (length 69)
plasmid_files/MF156709.1_results/PROKKA_06292018:MF156709.1_29 (length 714)
plasmid_files/MF156709.1_results/PROKKA_06292018:MF156709.1_30 (length 191)
plasmid_files/MF156709.1_results/PROKKA_06292018:MF156709.1_31 (length 420)
plasmid_files/MF156709.1_results/PROKKA_06292018:MF156709.1_32 (length 74)
plasmid_files/MF156709.1_results/PROKKA_06292018:MF156709.1_33 (length 100)
plasmid_files/MF156709.1_results/PROKKA_06292018:MF156709.1_34 (length 105)
plasmid_files/MF156709.1_results/PROKKA_06292018:MF156709.1_35 (length 131)
plasmid_files/MF156709.1_results/PROKKA_06292018:MF156709.1_36 (length 104)
plasmid_files/MF156709.1_results/PROKKA_06292018:MF156709.1_37 (length 155)
plasmid_files/MF156709.1_results/PROKKA_06292018:MF156709.1_38 (length 608)
plasmid_files/MF156709.1_results/PROKKA_06292018:MF156709.1_39 (length 343)
plasmid_files/MF156709.1_results/PROKKA_06292018:MF156709.1_40 (length 429)
plasmid_files/MF156709.1_results/PROKKA_06292018:MF156709.1_41 (length 306)
plasmid_files/MF156709.1_results/PROKKA_06292018:MF156709.1_42 (length 228)
plasmid_files/MF156709.1_results/PROKKA_06292018:MF156709.1_43 (length 352)
plasmid_files/MF156709.1_results/PROKKA_06292018:MF156709.1_44 (length 140)
plasmid_files/MF156709.1_results/PROKKA_06292018:MF156709.1_45 (length 246)
plasmid_files/MF156709.1_results/PROKKA_06292018:MF156709.1_46 (length 921)
plasmid_files/MF156709.1_results/PROKKA_06292018:MF156709.1_47 (length 97)
plasmid_files/MF156709.1_results/PROKKA_06292018:MF156709.1_48 (length 209)
plasmid_files/MF156709.1_results/PROKKA_06292018:MF156709.1_49 (length 65)
plasmid_files/MF156709.1_results/PROKKA_06292018:MF156709.1_50 (length 164)
plasmid_files/MF156709.1_results/PROKKA_06292018:MF156709.1_51 (length 130)
plasmid_files/MF156709.1_results/PROKKA_06292018:MF156709.1_52 (length 389)
plasmid_files/MF156709.1_results/PROKKA_06292018:MF156709.1_53 (length 180)
plasmid_files/MF156709.1_results/PROKKA_06292018:MF156709.1_54 (length 94)
plasmid_files/MF156709.1_results/PROKKA_06292018:MF156709.1_55 (length 98)
plasmid_files/MF156709.1_results/PROKKA_06292018:MF156709.1_56 (length 45)
plasmid_files/MF156709.1_results/PROKKA_06292018:MF156709.1_57 (length 69)
plasmid_files/MF156709.1_results/PROKKA_06292018:MF156709.1_58 (length 70)
plasmid_files/MF156709.1_results/PROKKA_06292018:MF156709.1_59 (length 77)
plasmid_files/MF156709.1_results/PROKKA_06292018:MF156709.1_60 (length 85)
plasmid_files/MF156709.1_results/PROKKA_06292018:MF156709.1_61 (length 180)
plasmid_files/MF156709.1_results/PROKKA_06292018:MF156709.1_62 (length 68)
plasmid_files/MF156709.1_results/PROKKA_06292018:MF156709.1_63 (length 71)
plasmid_files/MF156709.1_results/PROKKA_06292018:MF156709.1_64 (length 173)
plasmid_files/MF156709.1_results/PROKKA_06292018:MF156709.1_65 (length 73)

DiscRep_ALL:DISC_SOURCE_QUALS_ASNDISC::strain (all present, all unique)
DiscRep_SUB:DISC_SOURCE_QUALS_ASNDISC::1 sources have unique values for strain
DiscRep_ALL:DISC_SOURCE_QUALS_ASNDISC::taxname (all present, all unique)
DiscRep_SUB:DISC_SOURCE_QUALS_ASNDISC::1 sources have unique values for taxname
DiscRep_ALL:DISC_FEATURE_COUNT::CDS: 65 present
DiscRep_ALL:DISC_COUNT_NUCLEOTIDES::1 nucleotide Bioseqs are present
plasmid_files/MF156709.1_results/PROKKA_06292018:MF156709.1 (length 45579)

DiscRep_ALL:FEATURE_LOCATION_CONFLICT::65 features have inconsistent gene locations.
DiscRep_SUB:FEATURE_LOCATION_CONFLICT::Coding region xref gene does not exist
plasmid_files/MF156709.1_results/PROKKA_06292018:CDS	hypothetical protein	MF156709.1:1-1029	DKOCLPHE_00001

DiscRep_SUB:FEATURE_LOCATION_CONFLICT::Coding region xref gene does not exist
plasmid_files/MF156709.1_results/PROKKA_06292018:CDS	hypothetical protein	MF156709.1:1034-1486	DKOCLPHE_00002

DiscRep_SUB:FEATURE_LOCATION_CONFLICT::Coding region xref gene does not exist
plasmid_files/MF156709.1_results/PROKKA_06292018:CDS	Phospholipase D	MF156709.1:1470-1994	DKOCLPHE_00003

DiscRep_SUB:FEATURE_LOCATION_CONFLICT::Coding region xref gene does not exist
plasmid_files/MF156709.1_results/PROKKA_06292018:CDS	hypothetical protein	MF156709.1:2082-2504	DKOCLPHE_00004

DiscRep_SUB:FEATURE_LOCATION_CONFLICT::Coding region xref gene does not exist
plasmid_files/MF156709.1_results/PROKKA_06292018:CDS	hypothetical protein	MF156709.1:2491-2874	DKOCLPHE_00005

DiscRep_SUB:FEATURE_LOCATION_CONFLICT::Coding region xref gene does not exist
plasmid_files/MF156709.1_results/PROKKA_06292018:CDS	hypothetical protein	MF156709.1:c2991-2851	DKOCLPHE_00006

DiscRep_SUB:FEATURE_LOCATION_CONFLICT::Coding region xref gene does not exist
plasmid_files/MF156709.1_results/PROKKA_06292018:CDS	hypothetical protein	MF156709.1:c3148-3002	DKOCLPHE_00007

DiscRep_SUB:FEATURE_LOCATION_CONFLICT::Coding region xref gene does not exist
plasmid_files/MF156709.1_results/PROKKA_06292018:CDS	hypothetical protein	MF156709.1:c3465-3163	DKOCLPHE_00008

DiscRep_SUB:FEATURE_LOCATION_CONFLICT::Coding region xref gene does not exist
plasmid_files/MF156709.1_results/PROKKA_06292018:CDS	hypothetical protein	MF156709.1:c3728-3465	DKOCLPHE_00009

DiscRep_SUB:FEATURE_LOCATION_CONFLICT::Coding region xref gene does not exist
plasmid_files/MF156709.1_results/PROKKA_06292018:CDS	hypothetical protein	MF156709.1:c4366-3731	DKOCLPHE_00010

DiscRep_SUB:FEATURE_LOCATION_CONFLICT::Coding region xref gene does not exist
plasmid_files/MF156709.1_results/PROKKA_06292018:CDS	hypothetical protein	MF156709.1:5448-6008	DKOCLPHE_00011

DiscRep_SUB:FEATURE_LOCATION_CONFLICT::Coding region xref gene does not exist
plasmid_files/MF156709.1_results/PROKKA_06292018:CDS	hypothetical protein	MF156709.1:6542-6820	DKOCLPHE_00012

DiscRep_SUB:FEATURE_LOCATION_CONFLICT::Coding region xref gene does not exist
plasmid_files/MF156709.1_results/PROKKA_06292018:CDS	Antirestriction protein KlcA	MF156709.1:6934-7356	DKOCLPHE_00013

DiscRep_SUB:FEATURE_LOCATION_CONFLICT::Coding region xref gene does not exist
plasmid_files/MF156709.1_results/PROKKA_06292018:CDS	hypothetical protein	MF156709.1:7484-7639	DKOCLPHE_00014

DiscRep_SUB:FEATURE_LOCATION_CONFLICT::Coding region xref gene does not exist
plasmid_files/MF156709.1_results/PROKKA_06292018:CDS	hypothetical protein	MF156709.1:7685-7981	DKOCLPHE_00015

DiscRep_SUB:FEATURE_LOCATION_CONFLICT::Coding region xref gene does not exist
plasmid_files/MF156709.1_results/PROKKA_06292018:CDS	hypothetical protein	MF156709.1:7986-8966	DKOCLPHE_00016

DiscRep_SUB:FEATURE_LOCATION_CONFLICT::Coding region xref gene does not exist
plasmid_files/MF156709.1_results/PROKKA_06292018:CDS	Carbapenem-hydrolyzing beta-lactamase KPC	MF156709.1:c10097-9216	DKOCLPHE_00017

DiscRep_SUB:FEATURE_LOCATION_CONFLICT::Coding region xref gene does not exist
plasmid_files/MF156709.1_results/PROKKA_06292018:CDS	hypothetical protein	MF156709.1:10640-11014	DKOCLPHE_00018

DiscRep_SUB:FEATURE_LOCATION_CONFLICT::Coding region xref gene does not exist
plasmid_files/MF156709.1_results/PROKKA_06292018:CDS	hypothetical protein	MF156709.1:11027-11440	DKOCLPHE_00019

DiscRep_SUB:FEATURE_LOCATION_CONFLICT::Coding region xref gene does not exist
plasmid_files/MF156709.1_results/PROKKA_06292018:CDS	Transposon Tn3 resolvase	MF156709.1:c12033-11476	DKOCLPHE_00020

DiscRep_SUB:FEATURE_LOCATION_CONFLICT::Coding region xref gene does not exist
plasmid_files/MF156709.1_results/PROKKA_06292018:CDS	hypothetical protein	MF156709.1:12196-12864	DKOCLPHE_00021

DiscRep_SUB:FEATURE_LOCATION_CONFLICT::Coding region xref gene does not exist
plasmid_files/MF156709.1_results/PROKKA_06292018:CDS	hypothetical protein	MF156709.1:12861-15131	DKOCLPHE_00022

DiscRep_SUB:FEATURE_LOCATION_CONFLICT::Coding region xref gene does not exist
plasmid_files/MF156709.1_results/PROKKA_06292018:CDS	hypothetical protein	MF156709.1:15310-15855	DKOCLPHE_00023

DiscRep_SUB:FEATURE_LOCATION_CONFLICT::Coding region xref gene does not exist
plasmid_files/MF156709.1_results/PROKKA_06292018:CDS	DNA-invertase hin	MF156709.1:15992-16564	DKOCLPHE_00024

DiscRep_SUB:FEATURE_LOCATION_CONFLICT::Coding region xref gene does not exist
plasmid_files/MF156709.1_results/PROKKA_06292018:CDS	hypothetical protein	MF156709.1:16601-17992	DKOCLPHE_00025

DiscRep_SUB:FEATURE_LOCATION_CONFLICT::Coding region xref gene does not exist
plasmid_files/MF156709.1_results/PROKKA_06292018:CDS	hypothetical protein	MF156709.1:c18468-18280	DKOCLPHE_00026

DiscRep_SUB:FEATURE_LOCATION_CONFLICT::Coding region xref gene does not exist
plasmid_files/MF156709.1_results/PROKKA_06292018:CDS	DNA-binding protein StpA	MF156709.1:c18926-18468	DKOCLPHE_00027

DiscRep_SUB:FEATURE_LOCATION_CONFLICT::Coding region xref gene does not exist
plasmid_files/MF156709.1_results/PROKKA_06292018:CDS	Hemolysin expression-modulating protein Hha	MF156709.1:c19153-18944	DKOCLPHE_00028

DiscRep_SUB:FEATURE_LOCATION_CONFLICT::Coding region xref gene does not exist
plasmid_files/MF156709.1_results/PROKKA_06292018:CDS	DNA topoisomerase 3	MF156709.1:c21304-19160	DKOCLPHE_00029

DiscRep_SUB:FEATURE_LOCATION_CONFLICT::Coding region xref gene does not exist
plasmid_files/MF156709.1_results/PROKKA_06292018:CDS	hypothetical protein	MF156709.1:c21883-21308	DKOCLPHE_00030

DiscRep_SUB:FEATURE_LOCATION_CONFLICT::Coding region xref gene does not exist
plasmid_files/MF156709.1_results/PROKKA_06292018:CDS	putative ATPase YjoB	MF156709.1:c23149-21887	DKOCLPHE_00031

DiscRep_SUB:FEATURE_LOCATION_CONFLICT::Coding region xref gene does not exist
plasmid_files/MF156709.1_results/PROKKA_06292018:CDS	hypothetical protein	MF156709.1:c23401-23177	DKOCLPHE_00032

DiscRep_SUB:FEATURE_LOCATION_CONFLICT::Coding region xref gene does not exist
plasmid_files/MF156709.1_results/PROKKA_06292018:CDS	hypothetical protein	MF156709.1:c23706-23404	DKOCLPHE_00033

DiscRep_SUB:FEATURE_LOCATION_CONFLICT::Coding region xref gene does not exist
plasmid_files/MF156709.1_results/PROKKA_06292018:CDS	hypothetical protein	MF156709.1:c24092-23775	DKOCLPHE_00034

DiscRep_SUB:FEATURE_LOCATION_CONFLICT::Coding region xref gene does not exist
plasmid_files/MF156709.1_results/PROKKA_06292018:CDS	hypothetical protein	MF156709.1:c24506-24111	DKOCLPHE_00035

DiscRep_SUB:FEATURE_LOCATION_CONFLICT::Coding region xref gene does not exist
plasmid_files/MF156709.1_results/PROKKA_06292018:CDS	hypothetical protein	MF156709.1:c24817-24503	DKOCLPHE_00036

DiscRep_SUB:FEATURE_LOCATION_CONFLICT::Coding region xref gene does not exist
plasmid_files/MF156709.1_results/PROKKA_06292018:CDS	hypothetical protein	MF156709.1:c25281-24814	DKOCLPHE_00037

DiscRep_SUB:FEATURE_LOCATION_CONFLICT::Coding region xref gene does not exist
plasmid_files/MF156709.1_results/PROKKA_06292018:CDS	Protein VirD4	MF156709.1:c27113-25287	DKOCLPHE_00038

DiscRep_SUB:FEATURE_LOCATION_CONFLICT::Coding region xref gene does not exist
plasmid_files/MF156709.1_results/PROKKA_06292018:CDS	Type IV secretion system protein VirB11	MF156709.1:c28131-27100	DKOCLPHE_00039

DiscRep_SUB:FEATURE_LOCATION_CONFLICT::Coding region xref gene does not exist
plasmid_files/MF156709.1_results/PROKKA_06292018:CDS	Protein virB10	MF156709.1:c29424-28135	DKOCLPHE_00040

DiscRep_SUB:FEATURE_LOCATION_CONFLICT::Coding region xref gene does not exist
plasmid_files/MF156709.1_results/PROKKA_06292018:CDS	Type IV secretion system protein virB9	MF156709.1:c30344-29424	DKOCLPHE_00041

DiscRep_SUB:FEATURE_LOCATION_CONFLICT::Coding region xref gene does not exist
plasmid_files/MF156709.1_results/PROKKA_06292018:CDS	Type IV secretion system protein PtlE	MF156709.1:c31027-30341	DKOCLPHE_00042

DiscRep_SUB:FEATURE_LOCATION_CONFLICT::Coding region xref gene does not exist
plasmid_files/MF156709.1_results/PROKKA_06292018:CDS	hypothetical protein	MF156709.1:c32289-31231	DKOCLPHE_00043

DiscRep_SUB:FEATURE_LOCATION_CONFLICT::Coding region xref gene does not exist
plasmid_files/MF156709.1_results/PROKKA_06292018:CDS	hypothetical protein	MF156709.1:c32751-32329	DKOCLPHE_00044

DiscRep_SUB:FEATURE_LOCATION_CONFLICT::Coding region xref gene does not exist
plasmid_files/MF156709.1_results/PROKKA_06292018:CDS	hypothetical protein	MF156709.1:c33488-32748	DKOCLPHE_00045

DiscRep_SUB:FEATURE_LOCATION_CONFLICT::Coding region xref gene does not exist
plasmid_files/MF156709.1_results/PROKKA_06292018:CDS	Type IV secretion system protein virB4	MF156709.1:c36265-33500	DKOCLPHE_00046

DiscRep_SUB:FEATURE_LOCATION_CONFLICT::Coding region xref gene does not exist
plasmid_files/MF156709.1_results/PROKKA_06292018:CDS	hypothetical protein	MF156709.1:c36572-36279	DKOCLPHE_00047

DiscRep_SUB:FEATURE_LOCATION_CONFLICT::Coding region xref gene does not exist
plasmid_files/MF156709.1_results/PROKKA_06292018:CDS	Type IV secretion system protein virB1	MF156709.1:c37219-36590	DKOCLPHE_00048

DiscRep_SUB:FEATURE_LOCATION_CONFLICT::Coding region xref gene does not exist
plasmid_files/MF156709.1_results/PROKKA_06292018:CDS	hypothetical protein	MF156709.1:c37423-37226	DKOCLPHE_00049

DiscRep_SUB:FEATURE_LOCATION_CONFLICT::Coding region xref gene does not exist
plasmid_files/MF156709.1_results/PROKKA_06292018:CDS	Transcription antitermination protein RfaH	MF156709.1:c37907-37413	DKOCLPHE_00050

DiscRep_SUB:FEATURE_LOCATION_CONFLICT::Coding region xref gene does not exist
plasmid_files/MF156709.1_results/PROKKA_06292018:CDS	HTH-type transcriptional regulator ImmR	MF156709.1:38314-38706	DKOCLPHE_00051

DiscRep_SUB:FEATURE_LOCATION_CONFLICT::Coding region xref gene does not exist
plasmid_files/MF156709.1_results/PROKKA_06292018:CDS	hypothetical protein	MF156709.1:c39872-38703	DKOCLPHE_00052

DiscRep_SUB:FEATURE_LOCATION_CONFLICT::Coding region xref gene does not exist
plasmid_files/MF156709.1_results/PROKKA_06292018:CDS	hypothetical protein	MF156709.1:c40418-39876	DKOCLPHE_00053

DiscRep_SUB:FEATURE_LOCATION_CONFLICT::Coding region xref gene does not exist
plasmid_files/MF156709.1_results/PROKKA_06292018:CDS	hypothetical protein	MF156709.1:c41051-40767	DKOCLPHE_00054

DiscRep_SUB:FEATURE_LOCATION_CONFLICT::Coding region xref gene does not exist
plasmid_files/MF156709.1_results/PROKKA_06292018:CDS	hypothetical protein	MF156709.1:c41349-41053	DKOCLPHE_00055

DiscRep_SUB:FEATURE_LOCATION_CONFLICT::Coding region xref gene does not exist
plasmid_files/MF156709.1_results/PROKKA_06292018:CDS	hypothetical protein	MF156709.1:c41610-41473	DKOCLPHE_00056

DiscRep_SUB:FEATURE_LOCATION_CONFLICT::Coding region xref gene does not exist
plasmid_files/MF156709.1_results/PROKKA_06292018:CDS	hypothetical protein	MF156709.1:c41897-41688	DKOCLPHE_00057

DiscRep_SUB:FEATURE_LOCATION_CONFLICT::Coding region xref gene does not exist
plasmid_files/MF156709.1_results/PROKKA_06292018:CDS	hypothetical protein	MF156709.1:c42084-41872	DKOCLPHE_00058

DiscRep_SUB:FEATURE_LOCATION_CONFLICT::Coding region xref gene does not exist
plasmid_files/MF156709.1_results/PROKKA_06292018:CDS	hypothetical protein	MF156709.1:c42723-42490	DKOCLPHE_00059

DiscRep_SUB:FEATURE_LOCATION_CONFLICT::Coding region xref gene does not exist
plasmid_files/MF156709.1_results/PROKKA_06292018:CDS	hypothetical protein	MF156709.1:c42970-42713	DKOCLPHE_00060

DiscRep_SUB:FEATURE_LOCATION_CONFLICT::Coding region xref gene does not exist
plasmid_files/MF156709.1_results/PROKKA_06292018:CDS	hypothetical protein	MF156709.1:c43509-42967	DKOCLPHE_00061

DiscRep_SUB:FEATURE_LOCATION_CONFLICT::Coding region xref gene does not exist
plasmid_files/MF156709.1_results/PROKKA_06292018:CDS	hypothetical protein	MF156709.1:c43715-43509	DKOCLPHE_00062

DiscRep_SUB:FEATURE_LOCATION_CONFLICT::Coding region xref gene does not exist
plasmid_files/MF156709.1_results/PROKKA_06292018:CDS	hypothetical protein	MF156709.1:c43942-43727	DKOCLPHE_00063

DiscRep_SUB:FEATURE_LOCATION_CONFLICT::Coding region xref gene does not exist
plasmid_files/MF156709.1_results/PROKKA_06292018:CDS	Chaperone protein DnaJ	MF156709.1:c44505-43984	DKOCLPHE_00064

DiscRep_SUB:FEATURE_LOCATION_CONFLICT::Coding region xref gene does not exist
plasmid_files/MF156709.1_results/PROKKA_06292018:CDS	hypothetical protein	MF156709.1:44618-44839	DKOCLPHE_00065

DiscRep_ALL:DISC_QUALITY_SCORES::Quality scores are missing on all sequences.

DiscRep_ALL:ONCALLER_COMMENT_PRESENT::1 comment descriptors were found (all same)
plasmid_files/MF156709.1_results/PROKKA_06292018:MF156709.1:Annotated using prokka 1.14-dev from https://github.com/tseemann/prokka

DiscRep_ALL:SHORT_PROT_SEQUENCES::3 protein sequences are shorter than 50 aa.
plasmid_files/MF156709.1_results/PROKKA_06292018:MF156709.1_6 (length 46)
plasmid_files/MF156709.1_results/PROKKA_06292018:MF156709.1_7 (length 48)
plasmid_files/MF156709.1_results/PROKKA_06292018:MF156709.1_56 (length 45)

DiscRep_ALL:MISSING_GENOMEASSEMBLY_COMMENTS::1 bioseqs are missing GenomeAssembly structured comments
plasmid_files/MF156709.1_results/PROKKA_06292018:MF156709.1 (length 45579)

DiscRep_ALL:MOLTYPE_NOT_MRNA::1 molecule types are not set as mRNA.
plasmid_files/MF156709.1_results/PROKKA_06292018:MF156709.1 (length 45579)

DiscRep_ALL:TECHNIQUE_NOT_TSA::1 technique are not set as TSA
plasmid_files/MF156709.1_results/PROKKA_06292018:MF156709.1 (length 45579)

DiscRep_ALL:MISSING_STRUCTURED_COMMENT::1 sequences do not include structured comments.
plasmid_files/MF156709.1_results/PROKKA_06292018:MF156709.1 (length 45579)

DiscRep_ALL:MISSING_PROJECT::66 sequences do not include project.
plasmid_files/MF156709.1_results/PROKKA_06292018:MF156709.1 (length 45579)
plasmid_files/MF156709.1_results/PROKKA_06292018:MF156709.1_1 (length 342)
plasmid_files/MF156709.1_results/PROKKA_06292018:MF156709.1_2 (length 150)
plasmid_files/MF156709.1_results/PROKKA_06292018:MF156709.1_3 (length 174)
plasmid_files/MF156709.1_results/PROKKA_06292018:MF156709.1_4 (length 140)
plasmid_files/MF156709.1_results/PROKKA_06292018:MF156709.1_5 (length 127)
plasmid_files/MF156709.1_results/PROKKA_06292018:MF156709.1_6 (length 46)
plasmid_files/MF156709.1_results/PROKKA_06292018:MF156709.1_7 (length 48)
plasmid_files/MF156709.1_results/PROKKA_06292018:MF156709.1_8 (length 100)
plasmid_files/MF156709.1_results/PROKKA_06292018:MF156709.1_9 (length 87)
plasmid_files/MF156709.1_results/PROKKA_06292018:MF156709.1_10 (length 211)
plasmid_files/MF156709.1_results/PROKKA_06292018:MF156709.1_11 (length 186)
plasmid_files/MF156709.1_results/PROKKA_06292018:MF156709.1_12 (length 92)
plasmid_files/MF156709.1_results/PROKKA_06292018:MF156709.1_13 (length 140)
plasmid_files/MF156709.1_results/PROKKA_06292018:MF156709.1_14 (length 51)
plasmid_files/MF156709.1_results/PROKKA_06292018:MF156709.1_15 (length 98)
plasmid_files/MF156709.1_results/PROKKA_06292018:MF156709.1_16 (length 326)
plasmid_files/MF156709.1_results/PROKKA_06292018:MF156709.1_17 (length 293)
plasmid_files/MF156709.1_results/PROKKA_06292018:MF156709.1_18 (length 124)
plasmid_files/MF156709.1_results/PROKKA_06292018:MF156709.1_19 (length 137)
plasmid_files/MF156709.1_results/PROKKA_06292018:MF156709.1_20 (length 185)
plasmid_files/MF156709.1_results/PROKKA_06292018:MF156709.1_21 (length 222)
plasmid_files/MF156709.1_results/PROKKA_06292018:MF156709.1_22 (length 756)
plasmid_files/MF156709.1_results/PROKKA_06292018:MF156709.1_23 (length 181)
plasmid_files/MF156709.1_results/PROKKA_06292018:MF156709.1_24 (length 190)
plasmid_files/MF156709.1_results/PROKKA_06292018:MF156709.1_25 (length 463)
plasmid_files/MF156709.1_results/PROKKA_06292018:MF156709.1_26 (length 62)
plasmid_files/MF156709.1_results/PROKKA_06292018:MF156709.1_27 (length 152)
plasmid_files/MF156709.1_results/PROKKA_06292018:MF156709.1_28 (length 69)
plasmid_files/MF156709.1_results/PROKKA_06292018:MF156709.1_29 (length 714)
plasmid_files/MF156709.1_results/PROKKA_06292018:MF156709.1_30 (length 191)
plasmid_files/MF156709.1_results/PROKKA_06292018:MF156709.1_31 (length 420)
plasmid_files/MF156709.1_results/PROKKA_06292018:MF156709.1_32 (length 74)
plasmid_files/MF156709.1_results/PROKKA_06292018:MF156709.1_33 (length 100)
plasmid_files/MF156709.1_results/PROKKA_06292018:MF156709.1_34 (length 105)
plasmid_files/MF156709.1_results/PROKKA_06292018:MF156709.1_35 (length 131)
plasmid_files/MF156709.1_results/PROKKA_06292018:MF156709.1_36 (length 104)
plasmid_files/MF156709.1_results/PROKKA_06292018:MF156709.1_37 (length 155)
plasmid_files/MF156709.1_results/PROKKA_06292018:MF156709.1_38 (length 608)
plasmid_files/MF156709.1_results/PROKKA_06292018:MF156709.1_39 (length 343)
plasmid_files/MF156709.1_results/PROKKA_06292018:MF156709.1_40 (length 429)
plasmid_files/MF156709.1_results/PROKKA_06292018:MF156709.1_41 (length 306)
plasmid_files/MF156709.1_results/PROKKA_06292018:MF156709.1_42 (length 228)
plasmid_files/MF156709.1_results/PROKKA_06292018:MF156709.1_43 (length 352)
plasmid_files/MF156709.1_results/PROKKA_06292018:MF156709.1_44 (length 140)
plasmid_files/MF156709.1_results/PROKKA_06292018:MF156709.1_45 (length 246)
plasmid_files/MF156709.1_results/PROKKA_06292018:MF156709.1_46 (length 921)
plasmid_files/MF156709.1_results/PROKKA_06292018:MF156709.1_47 (length 97)
plasmid_files/MF156709.1_results/PROKKA_06292018:MF156709.1_48 (length 209)
plasmid_files/MF156709.1_results/PROKKA_06292018:MF156709.1_49 (length 65)
plasmid_files/MF156709.1_results/PROKKA_06292018:MF156709.1_50 (length 164)
plasmid_files/MF156709.1_results/PROKKA_06292018:MF156709.1_51 (length 130)
plasmid_files/MF156709.1_results/PROKKA_06292018:MF156709.1_52 (length 389)
plasmid_files/MF156709.1_results/PROKKA_06292018:MF156709.1_53 (length 180)
plasmid_files/MF156709.1_results/PROKKA_06292018:MF156709.1_54 (length 94)
plasmid_files/MF156709.1_results/PROKKA_06292018:MF156709.1_55 (length 98)
plasmid_files/MF156709.1_results/PROKKA_06292018:MF156709.1_56 (length 45)
plasmid_files/MF156709.1_results/PROKKA_06292018:MF156709.1_57 (length 69)
plasmid_files/MF156709.1_results/PROKKA_06292018:MF156709.1_58 (length 70)
plasmid_files/MF156709.1_results/PROKKA_06292018:MF156709.1_59 (length 77)
plasmid_files/MF156709.1_results/PROKKA_06292018:MF156709.1_60 (length 85)
plasmid_files/MF156709.1_results/PROKKA_06292018:MF156709.1_61 (length 180)
plasmid_files/MF156709.1_results/PROKKA_06292018:MF156709.1_62 (length 68)
plasmid_files/MF156709.1_results/PROKKA_06292018:MF156709.1_63 (length 71)
plasmid_files/MF156709.1_results/PROKKA_06292018:MF156709.1_64 (length 173)
plasmid_files/MF156709.1_results/PROKKA_06292018:MF156709.1_65 (length 73)

DiscRep_ALL:DISC_INCONSISTENT_MOLINFO_TECH::Molinfo Technique Report (some missing, all same)
DiscRep_SUB:DISC_INCONSISTENT_MOLINFO_TECH::technique (all missing)
DiscRep_SUB:DISC_INCONSISTENT_MOLINFO_TECH::1 Molinfos are missing field technique
plasmid_files/MF156709.1_results/PROKKA_06292018:MF156709.1 (length 45579)

