Discrepancy Report Results

Summary
FATAL: MISSING_PROTEIN_ID:70 proteins have invalid IDs.
DISC_SOURCE_QUALS_ASNDISC:strain (all present, all unique)
DISC_SOURCE_QUALS_ASNDISC:taxname (all present, all unique)
DISC_FEATURE_COUNT:CDS: 70 present
DISC_COUNT_NUCLEOTIDES:1 nucleotide Bioseqs are present
FEATURE_LOCATION_CONFLICT:70 features have inconsistent gene locations.
DISC_QUALITY_SCORES:Quality scores are missing on all sequences.
ONCALLER_COMMENT_PRESENT:1 comment descriptors were found (all same)
SHORT_PROT_SEQUENCES:2 protein sequences are shorter than 50 aa.
MISSING_GENOMEASSEMBLY_COMMENTS:1 bioseqs are missing GenomeAssembly structured comments
MOLTYPE_NOT_MRNA:1 molecule types are not set as mRNA.
TECHNIQUE_NOT_TSA:1 technique are not set as TSA
MISSING_STRUCTURED_COMMENT:1 sequences do not include structured comments.
MISSING_PROJECT:71 sequences do not include project.
DISC_INCONSISTENT_MOLINFO_TECH:Molinfo Technique Report (some missing, all same)


Detailed Report

FATAL: DiscRep_ALL:MISSING_PROTEIN_ID::70 proteins have invalid IDs.
plasmid_files/CP019026.1_results/PROKKA_06292018:CP019026.1_1 (length 402)
plasmid_files/CP019026.1_results/PROKKA_06292018:CP019026.1_2 (length 254)
plasmid_files/CP019026.1_results/PROKKA_06292018:CP019026.1_3 (length 166)
plasmid_files/CP019026.1_results/PROKKA_06292018:CP019026.1_4 (length 279)
plasmid_files/CP019026.1_results/PROKKA_06292018:CP019026.1_5 (length 115)
plasmid_files/CP019026.1_results/PROKKA_06292018:CP019026.1_6 (length 34)
plasmid_files/CP019026.1_results/PROKKA_06292018:CP019026.1_7 (length 226)
plasmid_files/CP019026.1_results/PROKKA_06292018:CP019026.1_8 (length 302)
plasmid_files/CP019026.1_results/PROKKA_06292018:CP019026.1_9 (length 513)
plasmid_files/CP019026.1_results/PROKKA_06292018:CP019026.1_10 (length 279)
plasmid_files/CP019026.1_results/PROKKA_06292018:CP019026.1_11 (length 115)
plasmid_files/CP019026.1_results/PROKKA_06292018:CP019026.1_12 (length 281)
plasmid_files/CP019026.1_results/PROKKA_06292018:CP019026.1_13 (length 157)
plasmid_files/CP019026.1_results/PROKKA_06292018:CP019026.1_14 (length 150)
plasmid_files/CP019026.1_results/PROKKA_06292018:CP019026.1_15 (length 199)
plasmid_files/CP019026.1_results/PROKKA_06292018:CP019026.1_16 (length 337)
plasmid_files/CP019026.1_results/PROKKA_06292018:CP019026.1_17 (length 189)
plasmid_files/CP019026.1_results/PROKKA_06292018:CP019026.1_18 (length 530)
plasmid_files/CP019026.1_results/PROKKA_06292018:CP019026.1_19 (length 239)
plasmid_files/CP019026.1_results/PROKKA_06292018:CP019026.1_20 (length 113)
plasmid_files/CP019026.1_results/PROKKA_06292018:CP019026.1_21 (length 263)
plasmid_files/CP019026.1_results/PROKKA_06292018:CP019026.1_22 (length 421)
plasmid_files/CP019026.1_results/PROKKA_06292018:CP019026.1_23 (length 146)
plasmid_files/CP019026.1_results/PROKKA_06292018:CP019026.1_24 (length 141)
plasmid_files/CP019026.1_results/PROKKA_06292018:CP019026.1_25 (length 134)
plasmid_files/CP019026.1_results/PROKKA_06292018:CP019026.1_26 (length 79)
plasmid_files/CP019026.1_results/PROKKA_06292018:CP019026.1_27 (length 51)
plasmid_files/CP019026.1_results/PROKKA_06292018:CP019026.1_28 (length 181)
plasmid_files/CP019026.1_results/PROKKA_06292018:CP019026.1_29 (length 98)
plasmid_files/CP019026.1_results/PROKKA_06292018:CP019026.1_30 (length 119)
plasmid_files/CP019026.1_results/PROKKA_06292018:CP019026.1_31 (length 94)
plasmid_files/CP019026.1_results/PROKKA_06292018:CP019026.1_32 (length 110)
plasmid_files/CP019026.1_results/PROKKA_06292018:CP019026.1_33 (length 35)
plasmid_files/CP019026.1_results/PROKKA_06292018:CP019026.1_34 (length 169)
plasmid_files/CP019026.1_results/PROKKA_06292018:CP019026.1_35 (length 169)
plasmid_files/CP019026.1_results/PROKKA_06292018:CP019026.1_36 (length 59)
plasmid_files/CP019026.1_results/PROKKA_06292018:CP019026.1_37 (length 106)
plasmid_files/CP019026.1_results/PROKKA_06292018:CP019026.1_38 (length 114)
plasmid_files/CP019026.1_results/PROKKA_06292018:CP019026.1_39 (length 122)
plasmid_files/CP019026.1_results/PROKKA_06292018:CP019026.1_40 (length 238)
plasmid_files/CP019026.1_results/PROKKA_06292018:CP019026.1_41 (length 139)
plasmid_files/CP019026.1_results/PROKKA_06292018:CP019026.1_42 (length 138)
plasmid_files/CP019026.1_results/PROKKA_06292018:CP019026.1_43 (length 509)
plasmid_files/CP019026.1_results/PROKKA_06292018:CP019026.1_44 (length 1080)
plasmid_files/CP019026.1_results/PROKKA_06292018:CP019026.1_45 (length 57)
plasmid_files/CP019026.1_results/PROKKA_06292018:CP019026.1_46 (length 1002)
plasmid_files/CP019026.1_results/PROKKA_06292018:CP019026.1_47 (length 185)
plasmid_files/CP019026.1_results/PROKKA_06292018:CP019026.1_48 (length 160)
plasmid_files/CP019026.1_results/PROKKA_06292018:CP019026.1_49 (length 293)
plasmid_files/CP019026.1_results/PROKKA_06292018:CP019026.1_50 (length 84)
plasmid_files/CP019026.1_results/PROKKA_06292018:CP019026.1_51 (length 331)
plasmid_files/CP019026.1_results/PROKKA_06292018:CP019026.1_52 (length 386)
plasmid_files/CP019026.1_results/PROKKA_06292018:CP019026.1_53 (length 294)
plasmid_files/CP019026.1_results/PROKKA_06292018:CP019026.1_54 (length 232)
plasmid_files/CP019026.1_results/PROKKA_06292018:CP019026.1_55 (length 346)
plasmid_files/CP019026.1_results/PROKKA_06292018:CP019026.1_56 (length 75)
plasmid_files/CP019026.1_results/PROKKA_06292018:CP019026.1_57 (length 237)
plasmid_files/CP019026.1_results/PROKKA_06292018:CP019026.1_58 (length 866)
plasmid_files/CP019026.1_results/PROKKA_06292018:CP019026.1_59 (length 105)
plasmid_files/CP019026.1_results/PROKKA_06292018:CP019026.1_60 (length 97)
plasmid_files/CP019026.1_results/PROKKA_06292018:CP019026.1_61 (length 93)
plasmid_files/CP019026.1_results/PROKKA_06292018:CP019026.1_62 (length 244)
plasmid_files/CP019026.1_results/PROKKA_06292018:CP019026.1_63 (length 101)
plasmid_files/CP019026.1_results/PROKKA_06292018:CP019026.1_64 (length 114)
plasmid_files/CP019026.1_results/PROKKA_06292018:CP019026.1_65 (length 104)
plasmid_files/CP019026.1_results/PROKKA_06292018:CP019026.1_66 (length 103)
plasmid_files/CP019026.1_results/PROKKA_06292018:CP019026.1_67 (length 215)
plasmid_files/CP019026.1_results/PROKKA_06292018:CP019026.1_68 (length 68)
plasmid_files/CP019026.1_results/PROKKA_06292018:CP019026.1_69 (length 88)
plasmid_files/CP019026.1_results/PROKKA_06292018:CP019026.1_70 (length 477)

DiscRep_ALL:DISC_SOURCE_QUALS_ASNDISC::strain (all present, all unique)
DiscRep_SUB:DISC_SOURCE_QUALS_ASNDISC::1 sources have unique values for strain
DiscRep_ALL:DISC_SOURCE_QUALS_ASNDISC::taxname (all present, all unique)
DiscRep_SUB:DISC_SOURCE_QUALS_ASNDISC::1 sources have unique values for taxname
DiscRep_ALL:DISC_FEATURE_COUNT::CDS: 70 present
DiscRep_ALL:DISC_COUNT_NUCLEOTIDES::1 nucleotide Bioseqs are present
plasmid_files/CP019026.1_results/PROKKA_06292018:CP019026.1 (length 59373)

DiscRep_ALL:FEATURE_LOCATION_CONFLICT::70 features have inconsistent gene locations.
DiscRep_SUB:FEATURE_LOCATION_CONFLICT::Coding region xref gene does not exist
plasmid_files/CP019026.1_results/PROKKA_06292018:CDS	Type-2 restriction enzyme EcoRII	CP019026.1:c1209-1	AGPCFIEA_00001

DiscRep_SUB:FEATURE_LOCATION_CONFLICT::Coding region xref gene does not exist
plasmid_files/CP019026.1_results/PROKKA_06292018:CDS	hypothetical protein	CP019026.1:c2240-1476	AGPCFIEA_00002

DiscRep_SUB:FEATURE_LOCATION_CONFLICT::Coding region xref gene does not exist
plasmid_files/CP019026.1_results/PROKKA_06292018:CDS	hypothetical protein	CP019026.1:c3247-2747	AGPCFIEA_00003

DiscRep_SUB:FEATURE_LOCATION_CONFLICT::Coding region xref gene does not exist
plasmid_files/CP019026.1_results/PROKKA_06292018:CDS	Dihydropteroate synthase	CP019026.1:c4214-3375	AGPCFIEA_00004

DiscRep_SUB:FEATURE_LOCATION_CONFLICT::Coding region xref gene does not exist
plasmid_files/CP019026.1_results/PROKKA_06292018:CDS	Multidrug transporter EmrE	CP019026.1:c4555-4208	AGPCFIEA_00005

DiscRep_SUB:FEATURE_LOCATION_CONFLICT::Coding region xref gene does not exist
plasmid_files/CP019026.1_results/PROKKA_06292018:CDS	Psp operon transcriptional activator	CP019026.1:4587-4691	AGPCFIEA_00006

DiscRep_SUB:FEATURE_LOCATION_CONFLICT::Coding region xref gene does not exist
plasmid_files/CP019026.1_results/PROKKA_06292018:CDS	Pentapeptide repeat protein	CP019026.1:4750-5430	AGPCFIEA_00007

DiscRep_SUB:FEATURE_LOCATION_CONFLICT::Coding region xref gene does not exist
plasmid_files/CP019026.1_results/PROKKA_06292018:CDS	putative oxidoreductase YghA	CP019026.1:c6430-5522	AGPCFIEA_00008

DiscRep_SUB:FEATURE_LOCATION_CONFLICT::Coding region xref gene does not exist
plasmid_files/CP019026.1_results/PROKKA_06292018:CDS	hypothetical protein	CP019026.1:c8436-6895	AGPCFIEA_00009

DiscRep_SUB:FEATURE_LOCATION_CONFLICT::Coding region xref gene does not exist
plasmid_files/CP019026.1_results/PROKKA_06292018:CDS	Dihydropteroate synthase	CP019026.1:c9680-8841	AGPCFIEA_00010

DiscRep_SUB:FEATURE_LOCATION_CONFLICT::Coding region xref gene does not exist
plasmid_files/CP019026.1_results/PROKKA_06292018:CDS	Multidrug transporter EmrE	CP019026.1:c10021-9674	AGPCFIEA_00011

DiscRep_SUB:FEATURE_LOCATION_CONFLICT::Coding region xref gene does not exist
plasmid_files/CP019026.1_results/PROKKA_06292018:CDS	Streptomycin 3''-adenylyltransferase	CP019026.1:c10983-10138	AGPCFIEA_00012

DiscRep_SUB:FEATURE_LOCATION_CONFLICT::Coding region xref gene does not exist
plasmid_files/CP019026.1_results/PROKKA_06292018:CDS	Dihydrofolate reductase type 1	CP019026.1:c11637-11164	AGPCFIEA_00013

DiscRep_SUB:FEATURE_LOCATION_CONFLICT::Coding region xref gene does not exist
plasmid_files/CP019026.1_results/PROKKA_06292018:CDS	hypothetical protein	CP019026.1:c12222-11770	AGPCFIEA_00014

DiscRep_SUB:FEATURE_LOCATION_CONFLICT::Coding region xref gene does not exist
plasmid_files/CP019026.1_results/PROKKA_06292018:CDS	Aminoglycoside N(6')-acetyltransferase type 1	CP019026.1:c12918-12319	AGPCFIEA_00015

DiscRep_SUB:FEATURE_LOCATION_CONFLICT::Coding region xref gene does not exist
plasmid_files/CP019026.1_results/PROKKA_06292018:CDS	Tyrosine recombinase XerD	CP019026.1:13165-14178	AGPCFIEA_00016

DiscRep_SUB:FEATURE_LOCATION_CONFLICT::Coding region xref gene does not exist
plasmid_files/CP019026.1_results/PROKKA_06292018:CDS	DNA-invertase hin	CP019026.1:14571-15140	AGPCFIEA_00017

DiscRep_SUB:FEATURE_LOCATION_CONFLICT::Coding region xref gene does not exist
plasmid_files/CP019026.1_results/PROKKA_06292018:CDS	hypothetical protein	CP019026.1:15508-17100	AGPCFIEA_00018

DiscRep_SUB:FEATURE_LOCATION_CONFLICT::Coding region xref gene does not exist
plasmid_files/CP019026.1_results/PROKKA_06292018:CDS	Replication initiation protein	CP019026.1:c17630-16911	AGPCFIEA_00019

DiscRep_SUB:FEATURE_LOCATION_CONFLICT::Coding region xref gene does not exist
plasmid_files/CP019026.1_results/PROKKA_06292018:CDS	hypothetical protein	CP019026.1:18190-18531	AGPCFIEA_00020

DiscRep_SUB:FEATURE_LOCATION_CONFLICT::Coding region xref gene does not exist
plasmid_files/CP019026.1_results/PROKKA_06292018:CDS	hypothetical protein	CP019026.1:c19337-18546	AGPCFIEA_00021

DiscRep_SUB:FEATURE_LOCATION_CONFLICT::Coding region xref gene does not exist
plasmid_files/CP019026.1_results/PROKKA_06292018:CDS	Protein UmuC	CP019026.1:c20753-19488	AGPCFIEA_00022

DiscRep_SUB:FEATURE_LOCATION_CONFLICT::Coding region xref gene does not exist
plasmid_files/CP019026.1_results/PROKKA_06292018:CDS	Protein UmuD	CP019026.1:c21181-20741	AGPCFIEA_00023

DiscRep_SUB:FEATURE_LOCATION_CONFLICT::Coding region xref gene does not exist
plasmid_files/CP019026.1_results/PROKKA_06292018:CDS	Antirestriction protein KlcA	CP019026.1:21596-22021	AGPCFIEA_00024

DiscRep_SUB:FEATURE_LOCATION_CONFLICT::Coding region xref gene does not exist
plasmid_files/CP019026.1_results/PROKKA_06292018:CDS	hypothetical protein	CP019026.1:22079-22483	AGPCFIEA_00025

DiscRep_SUB:FEATURE_LOCATION_CONFLICT::Coding region xref gene does not exist
plasmid_files/CP019026.1_results/PROKKA_06292018:CDS	hypothetical protein	CP019026.1:22493-22732	AGPCFIEA_00026

DiscRep_SUB:FEATURE_LOCATION_CONFLICT::Coding region xref gene does not exist
plasmid_files/CP019026.1_results/PROKKA_06292018:CDS	hypothetical protein	CP019026.1:22805-22960	AGPCFIEA_00027

DiscRep_SUB:FEATURE_LOCATION_CONFLICT::Coding region xref gene does not exist
plasmid_files/CP019026.1_results/PROKKA_06292018:CDS	hypothetical protein	CP019026.1:22960-23505	AGPCFIEA_00028

DiscRep_SUB:FEATURE_LOCATION_CONFLICT::Coding region xref gene does not exist
plasmid_files/CP019026.1_results/PROKKA_06292018:CDS	hypothetical protein	CP019026.1:23618-23914	AGPCFIEA_00029

DiscRep_SUB:FEATURE_LOCATION_CONFLICT::Coding region xref gene does not exist
plasmid_files/CP019026.1_results/PROKKA_06292018:CDS	hypothetical protein	CP019026.1:23911-24270	AGPCFIEA_00030

DiscRep_SUB:FEATURE_LOCATION_CONFLICT::Coding region xref gene does not exist
plasmid_files/CP019026.1_results/PROKKA_06292018:CDS	hypothetical protein	CP019026.1:24339-24623	AGPCFIEA_00031

DiscRep_SUB:FEATURE_LOCATION_CONFLICT::Coding region xref gene does not exist
plasmid_files/CP019026.1_results/PROKKA_06292018:CDS	hypothetical protein	CP019026.1:24832-25164	AGPCFIEA_00032

DiscRep_SUB:FEATURE_LOCATION_CONFLICT::Coding region xref gene does not exist
plasmid_files/CP019026.1_results/PROKKA_06292018:CDS	hypothetical protein	CP019026.1:25642-25749	AGPCFIEA_00033

DiscRep_SUB:FEATURE_LOCATION_CONFLICT::Coding region xref gene does not exist
plasmid_files/CP019026.1_results/PROKKA_06292018:CDS	hypothetical protein	CP019026.1:26517-27026	AGPCFIEA_00034

DiscRep_SUB:FEATURE_LOCATION_CONFLICT::Coding region xref gene does not exist
plasmid_files/CP019026.1_results/PROKKA_06292018:CDS	hypothetical protein	CP019026.1:27754-28263	AGPCFIEA_00035

DiscRep_SUB:FEATURE_LOCATION_CONFLICT::Coding region xref gene does not exist
plasmid_files/CP019026.1_results/PROKKA_06292018:CDS	hypothetical protein	CP019026.1:28990-29169	AGPCFIEA_00036

DiscRep_SUB:FEATURE_LOCATION_CONFLICT::Coding region xref gene does not exist
plasmid_files/CP019026.1_results/PROKKA_06292018:CDS	hypothetical protein	CP019026.1:29224-29544	AGPCFIEA_00037

DiscRep_SUB:FEATURE_LOCATION_CONFLICT::Coding region xref gene does not exist
plasmid_files/CP019026.1_results/PROKKA_06292018:CDS	hypothetical protein	CP019026.1:c29999-29655	AGPCFIEA_00038

DiscRep_SUB:FEATURE_LOCATION_CONFLICT::Coding region xref gene does not exist
plasmid_files/CP019026.1_results/PROKKA_06292018:CDS	hypothetical protein	CP019026.1:c30549-30181	AGPCFIEA_00039

DiscRep_SUB:FEATURE_LOCATION_CONFLICT::Coding region xref gene does not exist
plasmid_files/CP019026.1_results/PROKKA_06292018:CDS	hypothetical protein	CP019026.1:c31267-30551	AGPCFIEA_00040

DiscRep_SUB:FEATURE_LOCATION_CONFLICT::Coding region xref gene does not exist
plasmid_files/CP019026.1_results/PROKKA_06292018:CDS	hypothetical protein	CP019026.1:c31695-31276	AGPCFIEA_00041

DiscRep_SUB:FEATURE_LOCATION_CONFLICT::Coding region xref gene does not exist
plasmid_files/CP019026.1_results/PROKKA_06292018:CDS	hypothetical protein	CP019026.1:32186-32602	AGPCFIEA_00042

DiscRep_SUB:FEATURE_LOCATION_CONFLICT::Coding region xref gene does not exist
plasmid_files/CP019026.1_results/PROKKA_06292018:CDS	Coupling protein TraD	CP019026.1:32604-34133	AGPCFIEA_00043

DiscRep_SUB:FEATURE_LOCATION_CONFLICT::Coding region xref gene does not exist
plasmid_files/CP019026.1_results/PROKKA_06292018:CDS	Multifunctional conjugation protein TraI	CP019026.1:34133-37375	AGPCFIEA_00044

DiscRep_SUB:FEATURE_LOCATION_CONFLICT::Coding region xref gene does not exist
plasmid_files/CP019026.1_results/PROKKA_06292018:CDS	hypothetical protein	CP019026.1:37375-37548	AGPCFIEA_00045

DiscRep_SUB:FEATURE_LOCATION_CONFLICT::Coding region xref gene does not exist
plasmid_files/CP019026.1_results/PROKKA_06292018:CDS	hypothetical protein	CP019026.1:c41008-38000	AGPCFIEA_00046

DiscRep_SUB:FEATURE_LOCATION_CONFLICT::Coding region xref gene does not exist
plasmid_files/CP019026.1_results/PROKKA_06292018:CDS	Transposon Tn3 resolvase	CP019026.1:41171-41728	AGPCFIEA_00047

DiscRep_SUB:FEATURE_LOCATION_CONFLICT::Coding region xref gene does not exist
plasmid_files/CP019026.1_results/PROKKA_06292018:CDS	Beta-lactamase TEM	CP019026.1:41988-42470	AGPCFIEA_00048

DiscRep_SUB:FEATURE_LOCATION_CONFLICT::Coding region xref gene does not exist
plasmid_files/CP019026.1_results/PROKKA_06292018:CDS	Carbapenem-hydrolyzing beta-lactamase KPC	CP019026.1:42692-43573	AGPCFIEA_00049

DiscRep_SUB:FEATURE_LOCATION_CONFLICT::Coding region xref gene does not exist
plasmid_files/CP019026.1_results/PROKKA_06292018:CDS	hypothetical protein	CP019026.1:c44860-44606	AGPCFIEA_00050

DiscRep_SUB:FEATURE_LOCATION_CONFLICT::Coding region xref gene does not exist
plasmid_files/CP019026.1_results/PROKKA_06292018:CDS	Type IV secretion system protein VirB11	CP019026.1:c45855-44860	AGPCFIEA_00051

DiscRep_SUB:FEATURE_LOCATION_CONFLICT::Coding region xref gene does not exist
plasmid_files/CP019026.1_results/PROKKA_06292018:CDS	Protein virB10	CP019026.1:c47057-45897	AGPCFIEA_00052

DiscRep_SUB:FEATURE_LOCATION_CONFLICT::Coding region xref gene does not exist
plasmid_files/CP019026.1_results/PROKKA_06292018:CDS	Type IV secretion system protein virB9	CP019026.1:c47941-47057	AGPCFIEA_00053

DiscRep_SUB:FEATURE_LOCATION_CONFLICT::Coding region xref gene does not exist
plasmid_files/CP019026.1_results/PROKKA_06292018:CDS	Type IV secretion system protein virB8	CP019026.1:c48650-47952	AGPCFIEA_00054

DiscRep_SUB:FEATURE_LOCATION_CONFLICT::Coding region xref gene does not exist
plasmid_files/CP019026.1_results/PROKKA_06292018:CDS	Type IV secretion system protein VirB6	CP019026.1:c49909-48869	AGPCFIEA_00055

DiscRep_SUB:FEATURE_LOCATION_CONFLICT::Coding region xref gene does not exist
plasmid_files/CP019026.1_results/PROKKA_06292018:CDS	hypothetical protein	CP019026.1:c50152-49925	AGPCFIEA_00056

DiscRep_SUB:FEATURE_LOCATION_CONFLICT::Coding region xref gene does not exist
plasmid_files/CP019026.1_results/PROKKA_06292018:CDS	Type IV secretion system protein virB5	CP019026.1:c50873-50160	AGPCFIEA_00057

DiscRep_SUB:FEATURE_LOCATION_CONFLICT::Coding region xref gene does not exist
plasmid_files/CP019026.1_results/PROKKA_06292018:CDS	Type IV secretion system protein virB4	CP019026.1:c53491-50891	AGPCFIEA_00058

DiscRep_SUB:FEATURE_LOCATION_CONFLICT::Coding region xref gene does not exist
plasmid_files/CP019026.1_results/PROKKA_06292018:CDS	hypothetical protein	CP019026.1:c53808-53491	AGPCFIEA_00059

DiscRep_SUB:FEATURE_LOCATION_CONFLICT::Coding region xref gene does not exist
plasmid_files/CP019026.1_results/PROKKA_06292018:CDS	hypothetical protein	CP019026.1:c54151-53858	AGPCFIEA_00060

DiscRep_SUB:FEATURE_LOCATION_CONFLICT::Coding region xref gene does not exist
plasmid_files/CP019026.1_results/PROKKA_06292018:CDS	hypothetical protein	CP019026.1:c54442-54161	AGPCFIEA_00061

DiscRep_SUB:FEATURE_LOCATION_CONFLICT::Coding region xref gene does not exist
plasmid_files/CP019026.1_results/PROKKA_06292018:CDS	Type IV secretion system protein virB1	CP019026.1:c55185-54451	AGPCFIEA_00062

DiscRep_SUB:FEATURE_LOCATION_CONFLICT::Coding region xref gene does not exist
plasmid_files/CP019026.1_results/PROKKA_06292018:CDS	Trans-acting regulatory protein HvrA	CP019026.1:55294-55599	AGPCFIEA_00063

DiscRep_SUB:FEATURE_LOCATION_CONFLICT::Coding region xref gene does not exist
plasmid_files/CP019026.1_results/PROKKA_06292018:CDS	hypothetical protein	CP019026.1:55615-55959	AGPCFIEA_00064

DiscRep_SUB:FEATURE_LOCATION_CONFLICT::Coding region xref gene does not exist
plasmid_files/CP019026.1_results/PROKKA_06292018:CDS	hypothetical protein	CP019026.1:55956-56270	AGPCFIEA_00065

DiscRep_SUB:FEATURE_LOCATION_CONFLICT::Coding region xref gene does not exist
plasmid_files/CP019026.1_results/PROKKA_06292018:CDS	hypothetical protein	CP019026.1:56306-56617	AGPCFIEA_00066

DiscRep_SUB:FEATURE_LOCATION_CONFLICT::Coding region xref gene does not exist
plasmid_files/CP019026.1_results/PROKKA_06292018:CDS	hypothetical protein	CP019026.1:56667-57314	AGPCFIEA_00067

DiscRep_SUB:FEATURE_LOCATION_CONFLICT::Coding region xref gene does not exist
plasmid_files/CP019026.1_results/PROKKA_06292018:CDS	hypothetical protein	CP019026.1:57319-57525	AGPCFIEA_00068

DiscRep_SUB:FEATURE_LOCATION_CONFLICT::Coding region xref gene does not exist
plasmid_files/CP019026.1_results/PROKKA_06292018:CDS	hypothetical protein	CP019026.1:c57802-57536	AGPCFIEA_00069

DiscRep_SUB:FEATURE_LOCATION_CONFLICT::Coding region xref gene does not exist
plasmid_files/CP019026.1_results/PROKKA_06292018:CDS	DNA-cytosine methyltransferase	CP019026.1:57907-59340	AGPCFIEA_00070

DiscRep_ALL:DISC_QUALITY_SCORES::Quality scores are missing on all sequences.

DiscRep_ALL:ONCALLER_COMMENT_PRESENT::1 comment descriptors were found (all same)
plasmid_files/CP019026.1_results/PROKKA_06292018:CP019026.1:Annotated using prokka 1.14-dev from https://github.com/tseemann/prokka

DiscRep_ALL:SHORT_PROT_SEQUENCES::2 protein sequences are shorter than 50 aa.
plasmid_files/CP019026.1_results/PROKKA_06292018:CP019026.1_6 (length 34)
plasmid_files/CP019026.1_results/PROKKA_06292018:CP019026.1_33 (length 35)

DiscRep_ALL:MISSING_GENOMEASSEMBLY_COMMENTS::1 bioseqs are missing GenomeAssembly structured comments
plasmid_files/CP019026.1_results/PROKKA_06292018:CP019026.1 (length 59373)

DiscRep_ALL:MOLTYPE_NOT_MRNA::1 molecule types are not set as mRNA.
plasmid_files/CP019026.1_results/PROKKA_06292018:CP019026.1 (length 59373)

DiscRep_ALL:TECHNIQUE_NOT_TSA::1 technique are not set as TSA
plasmid_files/CP019026.1_results/PROKKA_06292018:CP019026.1 (length 59373)

DiscRep_ALL:MISSING_STRUCTURED_COMMENT::1 sequences do not include structured comments.
plasmid_files/CP019026.1_results/PROKKA_06292018:CP019026.1 (length 59373)

DiscRep_ALL:MISSING_PROJECT::71 sequences do not include project.
plasmid_files/CP019026.1_results/PROKKA_06292018:CP019026.1 (length 59373)
plasmid_files/CP019026.1_results/PROKKA_06292018:CP019026.1_1 (length 402)
plasmid_files/CP019026.1_results/PROKKA_06292018:CP019026.1_2 (length 254)
plasmid_files/CP019026.1_results/PROKKA_06292018:CP019026.1_3 (length 166)
plasmid_files/CP019026.1_results/PROKKA_06292018:CP019026.1_4 (length 279)
plasmid_files/CP019026.1_results/PROKKA_06292018:CP019026.1_5 (length 115)
plasmid_files/CP019026.1_results/PROKKA_06292018:CP019026.1_6 (length 34)
plasmid_files/CP019026.1_results/PROKKA_06292018:CP019026.1_7 (length 226)
plasmid_files/CP019026.1_results/PROKKA_06292018:CP019026.1_8 (length 302)
plasmid_files/CP019026.1_results/PROKKA_06292018:CP019026.1_9 (length 513)
plasmid_files/CP019026.1_results/PROKKA_06292018:CP019026.1_10 (length 279)
plasmid_files/CP019026.1_results/PROKKA_06292018:CP019026.1_11 (length 115)
plasmid_files/CP019026.1_results/PROKKA_06292018:CP019026.1_12 (length 281)
plasmid_files/CP019026.1_results/PROKKA_06292018:CP019026.1_13 (length 157)
plasmid_files/CP019026.1_results/PROKKA_06292018:CP019026.1_14 (length 150)
plasmid_files/CP019026.1_results/PROKKA_06292018:CP019026.1_15 (length 199)
plasmid_files/CP019026.1_results/PROKKA_06292018:CP019026.1_16 (length 337)
plasmid_files/CP019026.1_results/PROKKA_06292018:CP019026.1_17 (length 189)
plasmid_files/CP019026.1_results/PROKKA_06292018:CP019026.1_18 (length 530)
plasmid_files/CP019026.1_results/PROKKA_06292018:CP019026.1_19 (length 239)
plasmid_files/CP019026.1_results/PROKKA_06292018:CP019026.1_20 (length 113)
plasmid_files/CP019026.1_results/PROKKA_06292018:CP019026.1_21 (length 263)
plasmid_files/CP019026.1_results/PROKKA_06292018:CP019026.1_22 (length 421)
plasmid_files/CP019026.1_results/PROKKA_06292018:CP019026.1_23 (length 146)
plasmid_files/CP019026.1_results/PROKKA_06292018:CP019026.1_24 (length 141)
plasmid_files/CP019026.1_results/PROKKA_06292018:CP019026.1_25 (length 134)
plasmid_files/CP019026.1_results/PROKKA_06292018:CP019026.1_26 (length 79)
plasmid_files/CP019026.1_results/PROKKA_06292018:CP019026.1_27 (length 51)
plasmid_files/CP019026.1_results/PROKKA_06292018:CP019026.1_28 (length 181)
plasmid_files/CP019026.1_results/PROKKA_06292018:CP019026.1_29 (length 98)
plasmid_files/CP019026.1_results/PROKKA_06292018:CP019026.1_30 (length 119)
plasmid_files/CP019026.1_results/PROKKA_06292018:CP019026.1_31 (length 94)
plasmid_files/CP019026.1_results/PROKKA_06292018:CP019026.1_32 (length 110)
plasmid_files/CP019026.1_results/PROKKA_06292018:CP019026.1_33 (length 35)
plasmid_files/CP019026.1_results/PROKKA_06292018:CP019026.1_34 (length 169)
plasmid_files/CP019026.1_results/PROKKA_06292018:CP019026.1_35 (length 169)
plasmid_files/CP019026.1_results/PROKKA_06292018:CP019026.1_36 (length 59)
plasmid_files/CP019026.1_results/PROKKA_06292018:CP019026.1_37 (length 106)
plasmid_files/CP019026.1_results/PROKKA_06292018:CP019026.1_38 (length 114)
plasmid_files/CP019026.1_results/PROKKA_06292018:CP019026.1_39 (length 122)
plasmid_files/CP019026.1_results/PROKKA_06292018:CP019026.1_40 (length 238)
plasmid_files/CP019026.1_results/PROKKA_06292018:CP019026.1_41 (length 139)
plasmid_files/CP019026.1_results/PROKKA_06292018:CP019026.1_42 (length 138)
plasmid_files/CP019026.1_results/PROKKA_06292018:CP019026.1_43 (length 509)
plasmid_files/CP019026.1_results/PROKKA_06292018:CP019026.1_44 (length 1080)
plasmid_files/CP019026.1_results/PROKKA_06292018:CP019026.1_45 (length 57)
plasmid_files/CP019026.1_results/PROKKA_06292018:CP019026.1_46 (length 1002)
plasmid_files/CP019026.1_results/PROKKA_06292018:CP019026.1_47 (length 185)
plasmid_files/CP019026.1_results/PROKKA_06292018:CP019026.1_48 (length 160)
plasmid_files/CP019026.1_results/PROKKA_06292018:CP019026.1_49 (length 293)
plasmid_files/CP019026.1_results/PROKKA_06292018:CP019026.1_50 (length 84)
plasmid_files/CP019026.1_results/PROKKA_06292018:CP019026.1_51 (length 331)
plasmid_files/CP019026.1_results/PROKKA_06292018:CP019026.1_52 (length 386)
plasmid_files/CP019026.1_results/PROKKA_06292018:CP019026.1_53 (length 294)
plasmid_files/CP019026.1_results/PROKKA_06292018:CP019026.1_54 (length 232)
plasmid_files/CP019026.1_results/PROKKA_06292018:CP019026.1_55 (length 346)
plasmid_files/CP019026.1_results/PROKKA_06292018:CP019026.1_56 (length 75)
plasmid_files/CP019026.1_results/PROKKA_06292018:CP019026.1_57 (length 237)
plasmid_files/CP019026.1_results/PROKKA_06292018:CP019026.1_58 (length 866)
plasmid_files/CP019026.1_results/PROKKA_06292018:CP019026.1_59 (length 105)
plasmid_files/CP019026.1_results/PROKKA_06292018:CP019026.1_60 (length 97)
plasmid_files/CP019026.1_results/PROKKA_06292018:CP019026.1_61 (length 93)
plasmid_files/CP019026.1_results/PROKKA_06292018:CP019026.1_62 (length 244)
plasmid_files/CP019026.1_results/PROKKA_06292018:CP019026.1_63 (length 101)
plasmid_files/CP019026.1_results/PROKKA_06292018:CP019026.1_64 (length 114)
plasmid_files/CP019026.1_results/PROKKA_06292018:CP019026.1_65 (length 104)
plasmid_files/CP019026.1_results/PROKKA_06292018:CP019026.1_66 (length 103)
plasmid_files/CP019026.1_results/PROKKA_06292018:CP019026.1_67 (length 215)
plasmid_files/CP019026.1_results/PROKKA_06292018:CP019026.1_68 (length 68)
plasmid_files/CP019026.1_results/PROKKA_06292018:CP019026.1_69 (length 88)
plasmid_files/CP019026.1_results/PROKKA_06292018:CP019026.1_70 (length 477)

DiscRep_ALL:DISC_INCONSISTENT_MOLINFO_TECH::Molinfo Technique Report (some missing, all same)
DiscRep_SUB:DISC_INCONSISTENT_MOLINFO_TECH::technique (all missing)
DiscRep_SUB:DISC_INCONSISTENT_MOLINFO_TECH::1 Molinfos are missing field technique
plasmid_files/CP019026.1_results/PROKKA_06292018:CP019026.1 (length 59373)

