Discrepancy Report Results

Summary
FATAL: MISSING_PROTEIN_ID:62 proteins have invalid IDs.
DISC_SOURCE_QUALS_ASNDISC:strain (all present, all unique)
DISC_SOURCE_QUALS_ASNDISC:taxname (all present, all unique)
DISC_FEATURE_COUNT:CDS: 62 present
DISC_COUNT_NUCLEOTIDES:1 nucleotide Bioseqs are present
FEATURE_LOCATION_CONFLICT:62 features have inconsistent gene locations.
DISC_QUALITY_SCORES:Quality scores are missing on all sequences.
ONCALLER_COMMENT_PRESENT:1 comment descriptors were found (all same)
SHORT_PROT_SEQUENCES:1 protein sequences are shorter than 50 aa.
MISSING_GENOMEASSEMBLY_COMMENTS:1 bioseqs are missing GenomeAssembly structured comments
MOLTYPE_NOT_MRNA:1 molecule types are not set as mRNA.
TECHNIQUE_NOT_TSA:1 technique are not set as TSA
MISSING_STRUCTURED_COMMENT:1 sequences do not include structured comments.
MISSING_PROJECT:63 sequences do not include project.
DISC_INCONSISTENT_MOLINFO_TECH:Molinfo Technique Report (some missing, all same)


Detailed Report

FATAL: DiscRep_ALL:MISSING_PROTEIN_ID::62 proteins have invalid IDs.
plasmid_files/CP018959.1_results/PROKKA_06292018:CP018959.1_1 (length 110)
plasmid_files/CP018959.1_results/PROKKA_06292018:CP018959.1_2 (length 94)
plasmid_files/CP018959.1_results/PROKKA_06292018:CP018959.1_3 (length 119)
plasmid_files/CP018959.1_results/PROKKA_06292018:CP018959.1_4 (length 98)
plasmid_files/CP018959.1_results/PROKKA_06292018:CP018959.1_5 (length 181)
plasmid_files/CP018959.1_results/PROKKA_06292018:CP018959.1_6 (length 51)
plasmid_files/CP018959.1_results/PROKKA_06292018:CP018959.1_7 (length 79)
plasmid_files/CP018959.1_results/PROKKA_06292018:CP018959.1_8 (length 134)
plasmid_files/CP018959.1_results/PROKKA_06292018:CP018959.1_9 (length 141)
plasmid_files/CP018959.1_results/PROKKA_06292018:CP018959.1_10 (length 146)
plasmid_files/CP018959.1_results/PROKKA_06292018:CP018959.1_11 (length 421)
plasmid_files/CP018959.1_results/PROKKA_06292018:CP018959.1_12 (length 263)
plasmid_files/CP018959.1_results/PROKKA_06292018:CP018959.1_13 (length 113)
plasmid_files/CP018959.1_results/PROKKA_06292018:CP018959.1_14 (length 239)
plasmid_files/CP018959.1_results/PROKKA_06292018:CP018959.1_15 (length 530)
plasmid_files/CP018959.1_results/PROKKA_06292018:CP018959.1_16 (length 189)
plasmid_files/CP018959.1_results/PROKKA_06292018:CP018959.1_17 (length 337)
plasmid_files/CP018959.1_results/PROKKA_06292018:CP018959.1_18 (length 199)
plasmid_files/CP018959.1_results/PROKKA_06292018:CP018959.1_19 (length 291)
plasmid_files/CP018959.1_results/PROKKA_06292018:CP018959.1_20 (length 210)
plasmid_files/CP018959.1_results/PROKKA_06292018:CP018959.1_21 (length 150)
plasmid_files/CP018959.1_results/PROKKA_06292018:CP018959.1_22 (length 115)
plasmid_files/CP018959.1_results/PROKKA_06292018:CP018959.1_23 (length 279)
plasmid_files/CP018959.1_results/PROKKA_06292018:CP018959.1_24 (length 166)
plasmid_files/CP018959.1_results/PROKKA_06292018:CP018959.1_25 (length 254)
plasmid_files/CP018959.1_results/PROKKA_06292018:CP018959.1_26 (length 402)
plasmid_files/CP018959.1_results/PROKKA_06292018:CP018959.1_27 (length 477)
plasmid_files/CP018959.1_results/PROKKA_06292018:CP018959.1_28 (length 88)
plasmid_files/CP018959.1_results/PROKKA_06292018:CP018959.1_29 (length 68)
plasmid_files/CP018959.1_results/PROKKA_06292018:CP018959.1_30 (length 215)
plasmid_files/CP018959.1_results/PROKKA_06292018:CP018959.1_31 (length 103)
plasmid_files/CP018959.1_results/PROKKA_06292018:CP018959.1_32 (length 104)
plasmid_files/CP018959.1_results/PROKKA_06292018:CP018959.1_33 (length 114)
plasmid_files/CP018959.1_results/PROKKA_06292018:CP018959.1_34 (length 101)
plasmid_files/CP018959.1_results/PROKKA_06292018:CP018959.1_35 (length 244)
plasmid_files/CP018959.1_results/PROKKA_06292018:CP018959.1_36 (length 93)
plasmid_files/CP018959.1_results/PROKKA_06292018:CP018959.1_37 (length 97)
plasmid_files/CP018959.1_results/PROKKA_06292018:CP018959.1_38 (length 105)
plasmid_files/CP018959.1_results/PROKKA_06292018:CP018959.1_39 (length 866)
plasmid_files/CP018959.1_results/PROKKA_06292018:CP018959.1_40 (length 237)
plasmid_files/CP018959.1_results/PROKKA_06292018:CP018959.1_41 (length 75)
plasmid_files/CP018959.1_results/PROKKA_06292018:CP018959.1_42 (length 346)
plasmid_files/CP018959.1_results/PROKKA_06292018:CP018959.1_43 (length 232)
plasmid_files/CP018959.1_results/PROKKA_06292018:CP018959.1_44 (length 294)
plasmid_files/CP018959.1_results/PROKKA_06292018:CP018959.1_45 (length 386)
plasmid_files/CP018959.1_results/PROKKA_06292018:CP018959.1_46 (length 331)
plasmid_files/CP018959.1_results/PROKKA_06292018:CP018959.1_47 (length 177)
plasmid_files/CP018959.1_results/PROKKA_06292018:CP018959.1_48 (length 164)
plasmid_files/CP018959.1_results/PROKKA_06292018:CP018959.1_49 (length 293)
plasmid_files/CP018959.1_results/PROKKA_06292018:CP018959.1_50 (length 160)
plasmid_files/CP018959.1_results/PROKKA_06292018:CP018959.1_51 (length 185)
plasmid_files/CP018959.1_results/PROKKA_06292018:CP018959.1_52 (length 1001)
plasmid_files/CP018959.1_results/PROKKA_06292018:CP018959.1_53 (length 1080)
plasmid_files/CP018959.1_results/PROKKA_06292018:CP018959.1_54 (length 509)
plasmid_files/CP018959.1_results/PROKKA_06292018:CP018959.1_55 (length 138)
plasmid_files/CP018959.1_results/PROKKA_06292018:CP018959.1_56 (length 139)
plasmid_files/CP018959.1_results/PROKKA_06292018:CP018959.1_57 (length 238)
plasmid_files/CP018959.1_results/PROKKA_06292018:CP018959.1_58 (length 122)
plasmid_files/CP018959.1_results/PROKKA_06292018:CP018959.1_59 (length 114)
plasmid_files/CP018959.1_results/PROKKA_06292018:CP018959.1_60 (length 106)
plasmid_files/CP018959.1_results/PROKKA_06292018:CP018959.1_61 (length 59)
plasmid_files/CP018959.1_results/PROKKA_06292018:CP018959.1_62 (length 35)

DiscRep_ALL:DISC_SOURCE_QUALS_ASNDISC::strain (all present, all unique)
DiscRep_SUB:DISC_SOURCE_QUALS_ASNDISC::1 sources have unique values for strain
DiscRep_ALL:DISC_SOURCE_QUALS_ASNDISC::taxname (all present, all unique)
DiscRep_SUB:DISC_SOURCE_QUALS_ASNDISC::1 sources have unique values for taxname
DiscRep_ALL:DISC_FEATURE_COUNT::CDS: 62 present
DiscRep_ALL:DISC_COUNT_NUCLEOTIDES::1 nucleotide Bioseqs are present
plasmid_files/CP018959.1_results/PROKKA_06292018:CP018959.1 (length 51885)

DiscRep_ALL:FEATURE_LOCATION_CONFLICT::62 features have inconsistent gene locations.
DiscRep_SUB:FEATURE_LOCATION_CONFLICT::Coding region xref gene does not exist
plasmid_files/CP018959.1_results/PROKKA_06292018:CDS	hypothetical protein	CP018959.1:c333-1	FBGHJPGH_00001

DiscRep_SUB:FEATURE_LOCATION_CONFLICT::Coding region xref gene does not exist
plasmid_files/CP018959.1_results/PROKKA_06292018:CDS	hypothetical protein	CP018959.1:c826-542	FBGHJPGH_00002

DiscRep_SUB:FEATURE_LOCATION_CONFLICT::Coding region xref gene does not exist
plasmid_files/CP018959.1_results/PROKKA_06292018:CDS	hypothetical protein	CP018959.1:c1254-895	FBGHJPGH_00003

DiscRep_SUB:FEATURE_LOCATION_CONFLICT::Coding region xref gene does not exist
plasmid_files/CP018959.1_results/PROKKA_06292018:CDS	hypothetical protein	CP018959.1:c1547-1251	FBGHJPGH_00004

DiscRep_SUB:FEATURE_LOCATION_CONFLICT::Coding region xref gene does not exist
plasmid_files/CP018959.1_results/PROKKA_06292018:CDS	hypothetical protein	CP018959.1:c2205-1660	FBGHJPGH_00005

DiscRep_SUB:FEATURE_LOCATION_CONFLICT::Coding region xref gene does not exist
plasmid_files/CP018959.1_results/PROKKA_06292018:CDS	hypothetical protein	CP018959.1:c2360-2205	FBGHJPGH_00006

DiscRep_SUB:FEATURE_LOCATION_CONFLICT::Coding region xref gene does not exist
plasmid_files/CP018959.1_results/PROKKA_06292018:CDS	hypothetical protein	CP018959.1:c2672-2433	FBGHJPGH_00007

DiscRep_SUB:FEATURE_LOCATION_CONFLICT::Coding region xref gene does not exist
plasmid_files/CP018959.1_results/PROKKA_06292018:CDS	hypothetical protein	CP018959.1:c3086-2682	FBGHJPGH_00008

DiscRep_SUB:FEATURE_LOCATION_CONFLICT::Coding region xref gene does not exist
plasmid_files/CP018959.1_results/PROKKA_06292018:CDS	Antirestriction protein KlcA	CP018959.1:c3569-3144	FBGHJPGH_00009

DiscRep_SUB:FEATURE_LOCATION_CONFLICT::Coding region xref gene does not exist
plasmid_files/CP018959.1_results/PROKKA_06292018:CDS	Protein UmuD	CP018959.1:3984-4424	FBGHJPGH_00010

DiscRep_SUB:FEATURE_LOCATION_CONFLICT::Coding region xref gene does not exist
plasmid_files/CP018959.1_results/PROKKA_06292018:CDS	Protein UmuC	CP018959.1:4412-5677	FBGHJPGH_00011

DiscRep_SUB:FEATURE_LOCATION_CONFLICT::Coding region xref gene does not exist
plasmid_files/CP018959.1_results/PROKKA_06292018:CDS	hypothetical protein	CP018959.1:5828-6619	FBGHJPGH_00012

DiscRep_SUB:FEATURE_LOCATION_CONFLICT::Coding region xref gene does not exist
plasmid_files/CP018959.1_results/PROKKA_06292018:CDS	hypothetical protein	CP018959.1:c6975-6634	FBGHJPGH_00013

DiscRep_SUB:FEATURE_LOCATION_CONFLICT::Coding region xref gene does not exist
plasmid_files/CP018959.1_results/PROKKA_06292018:CDS	Replication initiation protein	CP018959.1:7535-8254	FBGHJPGH_00014

DiscRep_SUB:FEATURE_LOCATION_CONFLICT::Coding region xref gene does not exist
plasmid_files/CP018959.1_results/PROKKA_06292018:CDS	hypothetical protein	CP018959.1:c9657-8065	FBGHJPGH_00015

DiscRep_SUB:FEATURE_LOCATION_CONFLICT::Coding region xref gene does not exist
plasmid_files/CP018959.1_results/PROKKA_06292018:CDS	DNA-invertase hin	CP018959.1:c10594-10025	FBGHJPGH_00016

DiscRep_SUB:FEATURE_LOCATION_CONFLICT::Coding region xref gene does not exist
plasmid_files/CP018959.1_results/PROKKA_06292018:CDS	Tyrosine recombinase XerD	CP018959.1:c12000-10987	FBGHJPGH_00017

DiscRep_SUB:FEATURE_LOCATION_CONFLICT::Coding region xref gene does not exist
plasmid_files/CP018959.1_results/PROKKA_06292018:CDS	Aminoglycoside N(6')-acetyltransferase type 1	CP018959.1:12247-12846	FBGHJPGH_00018

DiscRep_SUB:FEATURE_LOCATION_CONFLICT::Coding region xref gene does not exist
plasmid_files/CP018959.1_results/PROKKA_06292018:CDS	Beta-lactamase OXA-1	CP018959.1:12932-13807	FBGHJPGH_00019

DiscRep_SUB:FEATURE_LOCATION_CONFLICT::Coding region xref gene does not exist
plasmid_files/CP018959.1_results/PROKKA_06292018:CDS	Chloramphenicol acetyltransferase	CP018959.1:13945-14577	FBGHJPGH_00020

DiscRep_SUB:FEATURE_LOCATION_CONFLICT::Coding region xref gene does not exist
plasmid_files/CP018959.1_results/PROKKA_06292018:CDS	hypothetical protein	CP018959.1:14662-15114	FBGHJPGH_00021

DiscRep_SUB:FEATURE_LOCATION_CONFLICT::Coding region xref gene does not exist
plasmid_files/CP018959.1_results/PROKKA_06292018:CDS	Multidrug transporter EmrE	CP018959.1:15337-15684	FBGHJPGH_00022

DiscRep_SUB:FEATURE_LOCATION_CONFLICT::Coding region xref gene does not exist
plasmid_files/CP018959.1_results/PROKKA_06292018:CDS	Dihydropteroate synthase	CP018959.1:15678-16517	FBGHJPGH_00023

DiscRep_SUB:FEATURE_LOCATION_CONFLICT::Coding region xref gene does not exist
plasmid_files/CP018959.1_results/PROKKA_06292018:CDS	hypothetical protein	CP018959.1:16645-17145	FBGHJPGH_00024

DiscRep_SUB:FEATURE_LOCATION_CONFLICT::Coding region xref gene does not exist
plasmid_files/CP018959.1_results/PROKKA_06292018:CDS	hypothetical protein	CP018959.1:17652-18416	FBGHJPGH_00025

DiscRep_SUB:FEATURE_LOCATION_CONFLICT::Coding region xref gene does not exist
plasmid_files/CP018959.1_results/PROKKA_06292018:CDS	Type-2 restriction enzyme EcoRII	CP018959.1:18683-19891	FBGHJPGH_00026

DiscRep_SUB:FEATURE_LOCATION_CONFLICT::Coding region xref gene does not exist
plasmid_files/CP018959.1_results/PROKKA_06292018:CDS	DNA-cytosine methyltransferase	CP018959.1:c21358-19925	FBGHJPGH_00027

DiscRep_SUB:FEATURE_LOCATION_CONFLICT::Coding region xref gene does not exist
plasmid_files/CP018959.1_results/PROKKA_06292018:CDS	hypothetical protein	CP018959.1:21463-21729	FBGHJPGH_00028

DiscRep_SUB:FEATURE_LOCATION_CONFLICT::Coding region xref gene does not exist
plasmid_files/CP018959.1_results/PROKKA_06292018:CDS	hypothetical protein	CP018959.1:c21946-21740	FBGHJPGH_00029

DiscRep_SUB:FEATURE_LOCATION_CONFLICT::Coding region xref gene does not exist
plasmid_files/CP018959.1_results/PROKKA_06292018:CDS	hypothetical protein	CP018959.1:c22598-21951	FBGHJPGH_00030

DiscRep_SUB:FEATURE_LOCATION_CONFLICT::Coding region xref gene does not exist
plasmid_files/CP018959.1_results/PROKKA_06292018:CDS	hypothetical protein	CP018959.1:c22959-22648	FBGHJPGH_00031

DiscRep_SUB:FEATURE_LOCATION_CONFLICT::Coding region xref gene does not exist
plasmid_files/CP018959.1_results/PROKKA_06292018:CDS	hypothetical protein	CP018959.1:c23309-22995	FBGHJPGH_00032

DiscRep_SUB:FEATURE_LOCATION_CONFLICT::Coding region xref gene does not exist
plasmid_files/CP018959.1_results/PROKKA_06292018:CDS	hypothetical protein	CP018959.1:c23650-23306	FBGHJPGH_00033

DiscRep_SUB:FEATURE_LOCATION_CONFLICT::Coding region xref gene does not exist
plasmid_files/CP018959.1_results/PROKKA_06292018:CDS	Trans-acting regulatory protein HvrA	CP018959.1:c23971-23666	FBGHJPGH_00034

DiscRep_SUB:FEATURE_LOCATION_CONFLICT::Coding region xref gene does not exist
plasmid_files/CP018959.1_results/PROKKA_06292018:CDS	Type IV secretion system protein virB1	CP018959.1:24080-24814	FBGHJPGH_00035

DiscRep_SUB:FEATURE_LOCATION_CONFLICT::Coding region xref gene does not exist
plasmid_files/CP018959.1_results/PROKKA_06292018:CDS	hypothetical protein	CP018959.1:24823-25104	FBGHJPGH_00036

DiscRep_SUB:FEATURE_LOCATION_CONFLICT::Coding region xref gene does not exist
plasmid_files/CP018959.1_results/PROKKA_06292018:CDS	hypothetical protein	CP018959.1:25114-25407	FBGHJPGH_00037

DiscRep_SUB:FEATURE_LOCATION_CONFLICT::Coding region xref gene does not exist
plasmid_files/CP018959.1_results/PROKKA_06292018:CDS	hypothetical protein	CP018959.1:25457-25774	FBGHJPGH_00038

DiscRep_SUB:FEATURE_LOCATION_CONFLICT::Coding region xref gene does not exist
plasmid_files/CP018959.1_results/PROKKA_06292018:CDS	Type IV secretion system protein virB4	CP018959.1:25774-28374	FBGHJPGH_00039

DiscRep_SUB:FEATURE_LOCATION_CONFLICT::Coding region xref gene does not exist
plasmid_files/CP018959.1_results/PROKKA_06292018:CDS	Type IV secretion system protein virB5	CP018959.1:28392-29105	FBGHJPGH_00040

DiscRep_SUB:FEATURE_LOCATION_CONFLICT::Coding region xref gene does not exist
plasmid_files/CP018959.1_results/PROKKA_06292018:CDS	hypothetical protein	CP018959.1:29113-29340	FBGHJPGH_00041

DiscRep_SUB:FEATURE_LOCATION_CONFLICT::Coding region xref gene does not exist
plasmid_files/CP018959.1_results/PROKKA_06292018:CDS	Type IV secretion system protein VirB6	CP018959.1:29356-30396	FBGHJPGH_00042

DiscRep_SUB:FEATURE_LOCATION_CONFLICT::Coding region xref gene does not exist
plasmid_files/CP018959.1_results/PROKKA_06292018:CDS	Type IV secretion system protein virB8	CP018959.1:30615-31313	FBGHJPGH_00043

DiscRep_SUB:FEATURE_LOCATION_CONFLICT::Coding region xref gene does not exist
plasmid_files/CP018959.1_results/PROKKA_06292018:CDS	Type IV secretion system protein virB9	CP018959.1:31324-32208	FBGHJPGH_00044

DiscRep_SUB:FEATURE_LOCATION_CONFLICT::Coding region xref gene does not exist
plasmid_files/CP018959.1_results/PROKKA_06292018:CDS	Protein virB10	CP018959.1:32208-33368	FBGHJPGH_00045

DiscRep_SUB:FEATURE_LOCATION_CONFLICT::Coding region xref gene does not exist
plasmid_files/CP018959.1_results/PROKKA_06292018:CDS	Type IV secretion system protein VirB11	CP018959.1:33410-34405	FBGHJPGH_00046

DiscRep_SUB:FEATURE_LOCATION_CONFLICT::Coding region xref gene does not exist
plasmid_files/CP018959.1_results/PROKKA_06292018:CDS	Phospholipase D	CP018959.1:34405-34938	FBGHJPGH_00047

DiscRep_SUB:FEATURE_LOCATION_CONFLICT::Coding region xref gene does not exist
plasmid_files/CP018959.1_results/PROKKA_06292018:CDS	hypothetical protein	CP018959.1:c35606-35112	FBGHJPGH_00048

DiscRep_SUB:FEATURE_LOCATION_CONFLICT::Coding region xref gene does not exist
plasmid_files/CP018959.1_results/PROKKA_06292018:CDS	Carbapenem-hydrolyzing beta-lactamase KPC	CP018959.1:c37422-36541	FBGHJPGH_00049

DiscRep_SUB:FEATURE_LOCATION_CONFLICT::Coding region xref gene does not exist
plasmid_files/CP018959.1_results/PROKKA_06292018:CDS	Beta-lactamase TEM	CP018959.1:c38126-37644	FBGHJPGH_00050

DiscRep_SUB:FEATURE_LOCATION_CONFLICT::Coding region xref gene does not exist
plasmid_files/CP018959.1_results/PROKKA_06292018:CDS	Transposon Tn3 resolvase	CP018959.1:c38943-38386	FBGHJPGH_00051

DiscRep_SUB:FEATURE_LOCATION_CONFLICT::Coding region xref gene does not exist
plasmid_files/CP018959.1_results/PROKKA_06292018:CDS	hypothetical protein	CP018959.1:39106-42111	FBGHJPGH_00052

DiscRep_SUB:FEATURE_LOCATION_CONFLICT::Coding region xref gene does not exist
plasmid_files/CP018959.1_results/PROKKA_06292018:CDS	Multifunctional conjugation protein TraI	CP018959.1:c45443-42201	FBGHJPGH_00053

DiscRep_SUB:FEATURE_LOCATION_CONFLICT::Coding region xref gene does not exist
plasmid_files/CP018959.1_results/PROKKA_06292018:CDS	Coupling protein TraD	CP018959.1:c46972-45443	FBGHJPGH_00054

DiscRep_SUB:FEATURE_LOCATION_CONFLICT::Coding region xref gene does not exist
plasmid_files/CP018959.1_results/PROKKA_06292018:CDS	hypothetical protein	CP018959.1:c47390-46974	FBGHJPGH_00055

DiscRep_SUB:FEATURE_LOCATION_CONFLICT::Coding region xref gene does not exist
plasmid_files/CP018959.1_results/PROKKA_06292018:CDS	hypothetical protein	CP018959.1:47881-48300	FBGHJPGH_00056

DiscRep_SUB:FEATURE_LOCATION_CONFLICT::Coding region xref gene does not exist
plasmid_files/CP018959.1_results/PROKKA_06292018:CDS	hypothetical protein	CP018959.1:48309-49025	FBGHJPGH_00057

DiscRep_SUB:FEATURE_LOCATION_CONFLICT::Coding region xref gene does not exist
plasmid_files/CP018959.1_results/PROKKA_06292018:CDS	hypothetical protein	CP018959.1:49027-49395	FBGHJPGH_00058

DiscRep_SUB:FEATURE_LOCATION_CONFLICT::Coding region xref gene does not exist
plasmid_files/CP018959.1_results/PROKKA_06292018:CDS	hypothetical protein	CP018959.1:49577-49921	FBGHJPGH_00059

DiscRep_SUB:FEATURE_LOCATION_CONFLICT::Coding region xref gene does not exist
plasmid_files/CP018959.1_results/PROKKA_06292018:CDS	hypothetical protein	CP018959.1:c50352-50032	FBGHJPGH_00060

DiscRep_SUB:FEATURE_LOCATION_CONFLICT::Coding region xref gene does not exist
plasmid_files/CP018959.1_results/PROKKA_06292018:CDS	hypothetical protein	CP018959.1:c50586-50407	FBGHJPGH_00061

DiscRep_SUB:FEATURE_LOCATION_CONFLICT::Coding region xref gene does not exist
plasmid_files/CP018959.1_results/PROKKA_06292018:CDS	hypothetical protein	CP018959.1:c51460-51353	FBGHJPGH_00062

DiscRep_ALL:DISC_QUALITY_SCORES::Quality scores are missing on all sequences.

DiscRep_ALL:ONCALLER_COMMENT_PRESENT::1 comment descriptors were found (all same)
plasmid_files/CP018959.1_results/PROKKA_06292018:CP018959.1:Annotated using prokka 1.14-dev from https://github.com/tseemann/prokka

DiscRep_ALL:SHORT_PROT_SEQUENCES::1 protein sequences are shorter than 50 aa.
plasmid_files/CP018959.1_results/PROKKA_06292018:CP018959.1_62 (length 35)

DiscRep_ALL:MISSING_GENOMEASSEMBLY_COMMENTS::1 bioseqs are missing GenomeAssembly structured comments
plasmid_files/CP018959.1_results/PROKKA_06292018:CP018959.1 (length 51885)

DiscRep_ALL:MOLTYPE_NOT_MRNA::1 molecule types are not set as mRNA.
plasmid_files/CP018959.1_results/PROKKA_06292018:CP018959.1 (length 51885)

DiscRep_ALL:TECHNIQUE_NOT_TSA::1 technique are not set as TSA
plasmid_files/CP018959.1_results/PROKKA_06292018:CP018959.1 (length 51885)

DiscRep_ALL:MISSING_STRUCTURED_COMMENT::1 sequences do not include structured comments.
plasmid_files/CP018959.1_results/PROKKA_06292018:CP018959.1 (length 51885)

DiscRep_ALL:MISSING_PROJECT::63 sequences do not include project.
plasmid_files/CP018959.1_results/PROKKA_06292018:CP018959.1 (length 51885)
plasmid_files/CP018959.1_results/PROKKA_06292018:CP018959.1_1 (length 110)
plasmid_files/CP018959.1_results/PROKKA_06292018:CP018959.1_2 (length 94)
plasmid_files/CP018959.1_results/PROKKA_06292018:CP018959.1_3 (length 119)
plasmid_files/CP018959.1_results/PROKKA_06292018:CP018959.1_4 (length 98)
plasmid_files/CP018959.1_results/PROKKA_06292018:CP018959.1_5 (length 181)
plasmid_files/CP018959.1_results/PROKKA_06292018:CP018959.1_6 (length 51)
plasmid_files/CP018959.1_results/PROKKA_06292018:CP018959.1_7 (length 79)
plasmid_files/CP018959.1_results/PROKKA_06292018:CP018959.1_8 (length 134)
plasmid_files/CP018959.1_results/PROKKA_06292018:CP018959.1_9 (length 141)
plasmid_files/CP018959.1_results/PROKKA_06292018:CP018959.1_10 (length 146)
plasmid_files/CP018959.1_results/PROKKA_06292018:CP018959.1_11 (length 421)
plasmid_files/CP018959.1_results/PROKKA_06292018:CP018959.1_12 (length 263)
plasmid_files/CP018959.1_results/PROKKA_06292018:CP018959.1_13 (length 113)
plasmid_files/CP018959.1_results/PROKKA_06292018:CP018959.1_14 (length 239)
plasmid_files/CP018959.1_results/PROKKA_06292018:CP018959.1_15 (length 530)
plasmid_files/CP018959.1_results/PROKKA_06292018:CP018959.1_16 (length 189)
plasmid_files/CP018959.1_results/PROKKA_06292018:CP018959.1_17 (length 337)
plasmid_files/CP018959.1_results/PROKKA_06292018:CP018959.1_18 (length 199)
plasmid_files/CP018959.1_results/PROKKA_06292018:CP018959.1_19 (length 291)
plasmid_files/CP018959.1_results/PROKKA_06292018:CP018959.1_20 (length 210)
plasmid_files/CP018959.1_results/PROKKA_06292018:CP018959.1_21 (length 150)
plasmid_files/CP018959.1_results/PROKKA_06292018:CP018959.1_22 (length 115)
plasmid_files/CP018959.1_results/PROKKA_06292018:CP018959.1_23 (length 279)
plasmid_files/CP018959.1_results/PROKKA_06292018:CP018959.1_24 (length 166)
plasmid_files/CP018959.1_results/PROKKA_06292018:CP018959.1_25 (length 254)
plasmid_files/CP018959.1_results/PROKKA_06292018:CP018959.1_26 (length 402)
plasmid_files/CP018959.1_results/PROKKA_06292018:CP018959.1_27 (length 477)
plasmid_files/CP018959.1_results/PROKKA_06292018:CP018959.1_28 (length 88)
plasmid_files/CP018959.1_results/PROKKA_06292018:CP018959.1_29 (length 68)
plasmid_files/CP018959.1_results/PROKKA_06292018:CP018959.1_30 (length 215)
plasmid_files/CP018959.1_results/PROKKA_06292018:CP018959.1_31 (length 103)
plasmid_files/CP018959.1_results/PROKKA_06292018:CP018959.1_32 (length 104)
plasmid_files/CP018959.1_results/PROKKA_06292018:CP018959.1_33 (length 114)
plasmid_files/CP018959.1_results/PROKKA_06292018:CP018959.1_34 (length 101)
plasmid_files/CP018959.1_results/PROKKA_06292018:CP018959.1_35 (length 244)
plasmid_files/CP018959.1_results/PROKKA_06292018:CP018959.1_36 (length 93)
plasmid_files/CP018959.1_results/PROKKA_06292018:CP018959.1_37 (length 97)
plasmid_files/CP018959.1_results/PROKKA_06292018:CP018959.1_38 (length 105)
plasmid_files/CP018959.1_results/PROKKA_06292018:CP018959.1_39 (length 866)
plasmid_files/CP018959.1_results/PROKKA_06292018:CP018959.1_40 (length 237)
plasmid_files/CP018959.1_results/PROKKA_06292018:CP018959.1_41 (length 75)
plasmid_files/CP018959.1_results/PROKKA_06292018:CP018959.1_42 (length 346)
plasmid_files/CP018959.1_results/PROKKA_06292018:CP018959.1_43 (length 232)
plasmid_files/CP018959.1_results/PROKKA_06292018:CP018959.1_44 (length 294)
plasmid_files/CP018959.1_results/PROKKA_06292018:CP018959.1_45 (length 386)
plasmid_files/CP018959.1_results/PROKKA_06292018:CP018959.1_46 (length 331)
plasmid_files/CP018959.1_results/PROKKA_06292018:CP018959.1_47 (length 177)
plasmid_files/CP018959.1_results/PROKKA_06292018:CP018959.1_48 (length 164)
plasmid_files/CP018959.1_results/PROKKA_06292018:CP018959.1_49 (length 293)
plasmid_files/CP018959.1_results/PROKKA_06292018:CP018959.1_50 (length 160)
plasmid_files/CP018959.1_results/PROKKA_06292018:CP018959.1_51 (length 185)
plasmid_files/CP018959.1_results/PROKKA_06292018:CP018959.1_52 (length 1001)
plasmid_files/CP018959.1_results/PROKKA_06292018:CP018959.1_53 (length 1080)
plasmid_files/CP018959.1_results/PROKKA_06292018:CP018959.1_54 (length 509)
plasmid_files/CP018959.1_results/PROKKA_06292018:CP018959.1_55 (length 138)
plasmid_files/CP018959.1_results/PROKKA_06292018:CP018959.1_56 (length 139)
plasmid_files/CP018959.1_results/PROKKA_06292018:CP018959.1_57 (length 238)
plasmid_files/CP018959.1_results/PROKKA_06292018:CP018959.1_58 (length 122)
plasmid_files/CP018959.1_results/PROKKA_06292018:CP018959.1_59 (length 114)
plasmid_files/CP018959.1_results/PROKKA_06292018:CP018959.1_60 (length 106)
plasmid_files/CP018959.1_results/PROKKA_06292018:CP018959.1_61 (length 59)
plasmid_files/CP018959.1_results/PROKKA_06292018:CP018959.1_62 (length 35)

DiscRep_ALL:DISC_INCONSISTENT_MOLINFO_TECH::Molinfo Technique Report (some missing, all same)
DiscRep_SUB:DISC_INCONSISTENT_MOLINFO_TECH::technique (all missing)
DiscRep_SUB:DISC_INCONSISTENT_MOLINFO_TECH::1 Molinfos are missing field technique
plasmid_files/CP018959.1_results/PROKKA_06292018:CP018959.1 (length 51885)

