Discrepancy Report Results

Summary
FATAL: MISSING_PROTEIN_ID:54 proteins have invalid IDs.
DISC_SOURCE_QUALS_ASNDISC:strain (all present, all unique)
DISC_SOURCE_QUALS_ASNDISC:taxname (all present, all unique)
DISC_FEATURE_COUNT:CDS: 54 present
DISC_COUNT_NUCLEOTIDES:1 nucleotide Bioseqs are present
FEATURE_LOCATION_CONFLICT:54 features have inconsistent gene locations.
DISC_QUALITY_SCORES:Quality scores are missing on all sequences.
ONCALLER_COMMENT_PRESENT:1 comment descriptors were found (all same)
MISSING_GENOMEASSEMBLY_COMMENTS:1 bioseqs are missing GenomeAssembly structured comments
MOLTYPE_NOT_MRNA:1 molecule types are not set as mRNA.
TECHNIQUE_NOT_TSA:1 technique are not set as TSA
MISSING_STRUCTURED_COMMENT:1 sequences do not include structured comments.
MISSING_PROJECT:55 sequences do not include project.
DISC_INCONSISTENT_MOLINFO_TECH:Molinfo Technique Report (some missing, all same)


Detailed Report

FATAL: DiscRep_ALL:MISSING_PROTEIN_ID::54 proteins have invalid IDs.
plasmid_files/KR014106.1_results/PROKKA_06292018:KR014106.1_1 (length 224)
plasmid_files/KR014106.1_results/PROKKA_06292018:KR014106.1_2 (length 849)
plasmid_files/KR014106.1_results/PROKKA_06292018:KR014106.1_3 (length 422)
plasmid_files/KR014106.1_results/PROKKA_06292018:KR014106.1_4 (length 123)
plasmid_files/KR014106.1_results/PROKKA_06292018:KR014106.1_5 (length 424)
plasmid_files/KR014106.1_results/PROKKA_06292018:KR014106.1_6 (length 136)
plasmid_files/KR014106.1_results/PROKKA_06292018:KR014106.1_7 (length 185)
plasmid_files/KR014106.1_results/PROKKA_06292018:KR014106.1_8 (length 326)
plasmid_files/KR014106.1_results/PROKKA_06292018:KR014106.1_9 (length 216)
plasmid_files/KR014106.1_results/PROKKA_06292018:KR014106.1_10 (length 293)
plasmid_files/KR014106.1_results/PROKKA_06292018:KR014106.1_11 (length 326)
plasmid_files/KR014106.1_results/PROKKA_06292018:KR014106.1_12 (length 98)
plasmid_files/KR014106.1_results/PROKKA_06292018:KR014106.1_13 (length 51)
plasmid_files/KR014106.1_results/PROKKA_06292018:KR014106.1_14 (length 141)
plasmid_files/KR014106.1_results/PROKKA_06292018:KR014106.1_15 (length 92)
plasmid_files/KR014106.1_results/PROKKA_06292018:KR014106.1_16 (length 186)
plasmid_files/KR014106.1_results/PROKKA_06292018:KR014106.1_17 (length 140)
plasmid_files/KR014106.1_results/PROKKA_06292018:KR014106.1_18 (length 106)
plasmid_files/KR014106.1_results/PROKKA_06292018:KR014106.1_19 (length 92)
plasmid_files/KR014106.1_results/PROKKA_06292018:KR014106.1_20 (length 890)
plasmid_files/KR014106.1_results/PROKKA_06292018:KR014106.1_21 (length 106)
plasmid_files/KR014106.1_results/PROKKA_06292018:KR014106.1_22 (length 118)
plasmid_files/KR014106.1_results/PROKKA_06292018:KR014106.1_23 (length 227)
plasmid_files/KR014106.1_results/PROKKA_06292018:KR014106.1_24 (length 216)
plasmid_files/KR014106.1_results/PROKKA_06292018:KR014106.1_25 (length 240)
plasmid_files/KR014106.1_results/PROKKA_06292018:KR014106.1_26 (length 275)
plasmid_files/KR014106.1_results/PROKKA_06292018:KR014106.1_27 (length 63)
plasmid_files/KR014106.1_results/PROKKA_06292018:KR014106.1_28 (length 303)
plasmid_files/KR014106.1_results/PROKKA_06292018:KR014106.1_29 (length 53)
plasmid_files/KR014106.1_results/PROKKA_06292018:KR014106.1_30 (length 132)
plasmid_files/KR014106.1_results/PROKKA_06292018:KR014106.1_31 (length 58)
plasmid_files/KR014106.1_results/PROKKA_06292018:KR014106.1_32 (length 71)
plasmid_files/KR014106.1_results/PROKKA_06292018:KR014106.1_33 (length 91)
plasmid_files/KR014106.1_results/PROKKA_06292018:KR014106.1_34 (length 70)
plasmid_files/KR014106.1_results/PROKKA_06292018:KR014106.1_35 (length 997)
plasmid_files/KR014106.1_results/PROKKA_06292018:KR014106.1_36 (length 136)
plasmid_files/KR014106.1_results/PROKKA_06292018:KR014106.1_37 (length 79)
plasmid_files/KR014106.1_results/PROKKA_06292018:KR014106.1_38 (length 164)
plasmid_files/KR014106.1_results/PROKKA_06292018:KR014106.1_39 (length 961)
plasmid_files/KR014106.1_results/PROKKA_06292018:KR014106.1_40 (length 204)
plasmid_files/KR014106.1_results/PROKKA_06292018:KR014106.1_41 (length 139)
plasmid_files/KR014106.1_results/PROKKA_06292018:KR014106.1_42 (length 278)
plasmid_files/KR014106.1_results/PROKKA_06292018:KR014106.1_43 (length 158)
plasmid_files/KR014106.1_results/PROKKA_06292018:KR014106.1_44 (length 458)
plasmid_files/KR014106.1_results/PROKKA_06292018:KR014106.1_45 (length 128)
plasmid_files/KR014106.1_results/PROKKA_06292018:KR014106.1_46 (length 73)
plasmid_files/KR014106.1_results/PROKKA_06292018:KR014106.1_47 (length 212)
plasmid_files/KR014106.1_results/PROKKA_06292018:KR014106.1_48 (length 82)
plasmid_files/KR014106.1_results/PROKKA_06292018:KR014106.1_49 (length 170)
plasmid_files/KR014106.1_results/PROKKA_06292018:KR014106.1_50 (length 190)
plasmid_files/KR014106.1_results/PROKKA_06292018:KR014106.1_51 (length 322)
plasmid_files/KR014106.1_results/PROKKA_06292018:KR014106.1_52 (length 234)
plasmid_files/KR014106.1_results/PROKKA_06292018:KR014106.1_53 (length 179)
plasmid_files/KR014106.1_results/PROKKA_06292018:KR014106.1_54 (length 147)

DiscRep_ALL:DISC_SOURCE_QUALS_ASNDISC::strain (all present, all unique)
DiscRep_SUB:DISC_SOURCE_QUALS_ASNDISC::1 sources have unique values for strain
DiscRep_ALL:DISC_SOURCE_QUALS_ASNDISC::taxname (all present, all unique)
DiscRep_SUB:DISC_SOURCE_QUALS_ASNDISC::1 sources have unique values for taxname
DiscRep_ALL:DISC_FEATURE_COUNT::CDS: 54 present
DiscRep_ALL:DISC_COUNT_NUCLEOTIDES::1 nucleotide Bioseqs are present
plasmid_files/KR014106.1_results/PROKKA_06292018:KR014106.1 (length 44451)

DiscRep_ALL:FEATURE_LOCATION_CONFLICT::54 features have inconsistent gene locations.
DiscRep_SUB:FEATURE_LOCATION_CONFLICT::Coding region xref gene does not exist
plasmid_files/KR014106.1_results/PROKKA_06292018:CDS	hypothetical protein	KR014106.1:102-776	GJNPHCLJ_00001

DiscRep_SUB:FEATURE_LOCATION_CONFLICT::Coding region xref gene does not exist
plasmid_files/KR014106.1_results/PROKKA_06292018:CDS	hypothetical protein	KR014106.1:c3249-700	GJNPHCLJ_00002

DiscRep_SUB:FEATURE_LOCATION_CONFLICT::Coding region xref gene does not exist
plasmid_files/KR014106.1_results/PROKKA_06292018:CDS	hypothetical protein	KR014106.1:c4619-3351	GJNPHCLJ_00003

DiscRep_SUB:FEATURE_LOCATION_CONFLICT::Coding region xref gene does not exist
plasmid_files/KR014106.1_results/PROKKA_06292018:CDS	hypothetical protein	KR014106.1:c5308-4937	GJNPHCLJ_00004

DiscRep_SUB:FEATURE_LOCATION_CONFLICT::Coding region xref gene does not exist
plasmid_files/KR014106.1_results/PROKKA_06292018:CDS	hypothetical protein	KR014106.1:5465-6739	GJNPHCLJ_00005

DiscRep_SUB:FEATURE_LOCATION_CONFLICT::Coding region xref gene does not exist
plasmid_files/KR014106.1_results/PROKKA_06292018:CDS	hypothetical protein	KR014106.1:c7130-6720	GJNPHCLJ_00006

DiscRep_SUB:FEATURE_LOCATION_CONFLICT::Coding region xref gene does not exist
plasmid_files/KR014106.1_results/PROKKA_06292018:CDS	Transposon Tn3 resolvase	KR014106.1:7293-7850	GJNPHCLJ_00007

DiscRep_SUB:FEATURE_LOCATION_CONFLICT::Coding region xref gene does not exist
plasmid_files/KR014106.1_results/PROKKA_06292018:CDS	hypothetical protein	KR014106.1:7973-8953	GJNPHCLJ_00008

DiscRep_SUB:FEATURE_LOCATION_CONFLICT::Coding region xref gene does not exist
plasmid_files/KR014106.1_results/PROKKA_06292018:CDS	Beta-lactamase TEM	KR014106.1:9028-9678	GJNPHCLJ_00009

DiscRep_SUB:FEATURE_LOCATION_CONFLICT::Coding region xref gene does not exist
plasmid_files/KR014106.1_results/PROKKA_06292018:CDS	Carbapenem-hydrolyzing beta-lactamase KPC	KR014106.1:9900-10781	GJNPHCLJ_00010

DiscRep_SUB:FEATURE_LOCATION_CONFLICT::Coding region xref gene does not exist
plasmid_files/KR014106.1_results/PROKKA_06292018:CDS	hypothetical protein	KR014106.1:c12011-11031	GJNPHCLJ_00011

DiscRep_SUB:FEATURE_LOCATION_CONFLICT::Coding region xref gene does not exist
plasmid_files/KR014106.1_results/PROKKA_06292018:CDS	hypothetical protein	KR014106.1:c12312-12016	GJNPHCLJ_00012

DiscRep_SUB:FEATURE_LOCATION_CONFLICT::Coding region xref gene does not exist
plasmid_files/KR014106.1_results/PROKKA_06292018:CDS	hypothetical protein	KR014106.1:c12513-12358	GJNPHCLJ_00013

DiscRep_SUB:FEATURE_LOCATION_CONFLICT::Coding region xref gene does not exist
plasmid_files/KR014106.1_results/PROKKA_06292018:CDS	Antirestriction protein KlcA	KR014106.1:c13066-12641	GJNPHCLJ_00014

DiscRep_SUB:FEATURE_LOCATION_CONFLICT::Coding region xref gene does not exist
plasmid_files/KR014106.1_results/PROKKA_06292018:CDS	hypothetical protein	KR014106.1:c13455-13177	GJNPHCLJ_00015

DiscRep_SUB:FEATURE_LOCATION_CONFLICT::Coding region xref gene does not exist
plasmid_files/KR014106.1_results/PROKKA_06292018:CDS	hypothetical protein	KR014106.1:c14549-13989	GJNPHCLJ_00016

DiscRep_SUB:FEATURE_LOCATION_CONFLICT::Coding region xref gene does not exist
plasmid_files/KR014106.1_results/PROKKA_06292018:CDS	hypothetical protein	KR014106.1:c15635-15213	GJNPHCLJ_00017

DiscRep_SUB:FEATURE_LOCATION_CONFLICT::Coding region xref gene does not exist
plasmid_files/KR014106.1_results/PROKKA_06292018:CDS	hypothetical protein	KR014106.1:c15952-15632	GJNPHCLJ_00018

DiscRep_SUB:FEATURE_LOCATION_CONFLICT::Coding region xref gene does not exist
plasmid_files/KR014106.1_results/PROKKA_06292018:CDS	hypothetical protein	KR014106.1:c16190-15912	GJNPHCLJ_00019

DiscRep_SUB:FEATURE_LOCATION_CONFLICT::Coding region xref gene does not exist
plasmid_files/KR014106.1_results/PROKKA_06292018:CDS	Protein TraI	KR014106.1:c18904-16232	GJNPHCLJ_00020

DiscRep_SUB:FEATURE_LOCATION_CONFLICT::Coding region xref gene does not exist
plasmid_files/KR014106.1_results/PROKKA_06292018:CDS	hypothetical protein	KR014106.1:c19205-18885	GJNPHCLJ_00021

DiscRep_SUB:FEATURE_LOCATION_CONFLICT::Coding region xref gene does not exist
plasmid_files/KR014106.1_results/PROKKA_06292018:CDS	hypothetical protein	KR014106.1:19515-19871	GJNPHCLJ_00022

DiscRep_SUB:FEATURE_LOCATION_CONFLICT::Coding region xref gene does not exist
plasmid_files/KR014106.1_results/PROKKA_06292018:CDS	hypothetical protein	KR014106.1:19884-20567	GJNPHCLJ_00023

DiscRep_SUB:FEATURE_LOCATION_CONFLICT::Coding region xref gene does not exist
plasmid_files/KR014106.1_results/PROKKA_06292018:CDS	hypothetical protein	KR014106.1:20560-21210	GJNPHCLJ_00024

DiscRep_SUB:FEATURE_LOCATION_CONFLICT::Coding region xref gene does not exist
plasmid_files/KR014106.1_results/PROKKA_06292018:CDS	hypothetical protein	KR014106.1:21207-21929	GJNPHCLJ_00025

DiscRep_SUB:FEATURE_LOCATION_CONFLICT::Coding region xref gene does not exist
plasmid_files/KR014106.1_results/PROKKA_06292018:CDS	Putative bifunctional exonuclease/endonuclease protein	KR014106.1:c22781-21954	GJNPHCLJ_00026

DiscRep_SUB:FEATURE_LOCATION_CONFLICT::Coding region xref gene does not exist
plasmid_files/KR014106.1_results/PROKKA_06292018:CDS	hypothetical protein	KR014106.1:c23167-22976	GJNPHCLJ_00027

DiscRep_SUB:FEATURE_LOCATION_CONFLICT::Coding region xref gene does not exist
plasmid_files/KR014106.1_results/PROKKA_06292018:CDS	Chromosome partition protein Smc	KR014106.1:c24078-23167	GJNPHCLJ_00028

DiscRep_SUB:FEATURE_LOCATION_CONFLICT::Coding region xref gene does not exist
plasmid_files/KR014106.1_results/PROKKA_06292018:CDS	hypothetical protein	KR014106.1:c24545-24384	GJNPHCLJ_00029

DiscRep_SUB:FEATURE_LOCATION_CONFLICT::Coding region xref gene does not exist
plasmid_files/KR014106.1_results/PROKKA_06292018:CDS	Mercuric resistance operon regulatory protein	KR014106.1:c25050-24652	GJNPHCLJ_00030

DiscRep_SUB:FEATURE_LOCATION_CONFLICT::Coding region xref gene does not exist
plasmid_files/KR014106.1_results/PROKKA_06292018:CDS	Mercuric transport protein MerT	KR014106.1:25125-25301	GJNPHCLJ_00031

DiscRep_SUB:FEATURE_LOCATION_CONFLICT::Coding region xref gene does not exist
plasmid_files/KR014106.1_results/PROKKA_06292018:CDS	Mercuric transport protein MerT	KR014106.1:25551-25766	GJNPHCLJ_00032

DiscRep_SUB:FEATURE_LOCATION_CONFLICT::Coding region xref gene does not exist
plasmid_files/KR014106.1_results/PROKKA_06292018:CDS	Mercuric transport protein periplasmic component	KR014106.1:25779-26054	GJNPHCLJ_00033

DiscRep_SUB:FEATURE_LOCATION_CONFLICT::Coding region xref gene does not exist
plasmid_files/KR014106.1_results/PROKKA_06292018:CDS	hypothetical protein	KR014106.1:26062-26274	GJNPHCLJ_00034

DiscRep_SUB:FEATURE_LOCATION_CONFLICT::Coding region xref gene does not exist
plasmid_files/KR014106.1_results/PROKKA_06292018:CDS	hypothetical protein	KR014106.1:c29280-26287	GJNPHCLJ_00035

DiscRep_SUB:FEATURE_LOCATION_CONFLICT::Coding region xref gene does not exist
plasmid_files/KR014106.1_results/PROKKA_06292018:CDS	hypothetical protein	KR014106.1:c29694-29284	GJNPHCLJ_00036

DiscRep_SUB:FEATURE_LOCATION_CONFLICT::Coding region xref gene does not exist
plasmid_files/KR014106.1_results/PROKKA_06292018:CDS	hypothetical protein	KR014106.1:c29933-29694	GJNPHCLJ_00037

DiscRep_SUB:FEATURE_LOCATION_CONFLICT::Coding region xref gene does not exist
plasmid_files/KR014106.1_results/PROKKA_06292018:CDS	DNA-invertase hin	KR014106.1:30135-30629	GJNPHCLJ_00038

DiscRep_SUB:FEATURE_LOCATION_CONFLICT::Coding region xref gene does not exist
plasmid_files/KR014106.1_results/PROKKA_06292018:CDS	hypothetical protein	KR014106.1:c33511-30626	GJNPHCLJ_00039

DiscRep_SUB:FEATURE_LOCATION_CONFLICT::Coding region xref gene does not exist
plasmid_files/KR014106.1_results/PROKKA_06292018:CDS	DNA-invertase hin	KR014106.1:33637-34251	GJNPHCLJ_00040

DiscRep_SUB:FEATURE_LOCATION_CONFLICT::Coding region xref gene does not exist
plasmid_files/KR014106.1_results/PROKKA_06292018:CDS	Aminoglycoside 3'-phosphotransferase	KR014106.1:34701-35120	GJNPHCLJ_00041

DiscRep_SUB:FEATURE_LOCATION_CONFLICT::Coding region xref gene does not exist
plasmid_files/KR014106.1_results/PROKKA_06292018:CDS	hypothetical protein	KR014106.1:35120-35956	GJNPHCLJ_00042

DiscRep_SUB:FEATURE_LOCATION_CONFLICT::Coding region xref gene does not exist
plasmid_files/KR014106.1_results/PROKKA_06292018:CDS	hypothetical protein	KR014106.1:36063-36539	GJNPHCLJ_00043

DiscRep_SUB:FEATURE_LOCATION_CONFLICT::Coding region xref gene does not exist
plasmid_files/KR014106.1_results/PROKKA_06292018:CDS	hypothetical protein	KR014106.1:c38373-36997	GJNPHCLJ_00044

DiscRep_SUB:FEATURE_LOCATION_CONFLICT::Coding region xref gene does not exist
plasmid_files/KR014106.1_results/PROKKA_06292018:CDS	hypothetical protein	KR014106.1:c38916-38530	GJNPHCLJ_00045

DiscRep_SUB:FEATURE_LOCATION_CONFLICT::Coding region xref gene does not exist
plasmid_files/KR014106.1_results/PROKKA_06292018:CDS	hypothetical protein	KR014106.1:c39171-38950	GJNPHCLJ_00046

DiscRep_SUB:FEATURE_LOCATION_CONFLICT::Coding region xref gene does not exist
plasmid_files/KR014106.1_results/PROKKA_06292018:CDS	Chromosome-partitioning ATPase Soj	KR014106.1:c39831-39193	GJNPHCLJ_00047

DiscRep_SUB:FEATURE_LOCATION_CONFLICT::Coding region xref gene does not exist
plasmid_files/KR014106.1_results/PROKKA_06292018:CDS	hypothetical protein	KR014106.1:c40234-39986	GJNPHCLJ_00048

DiscRep_SUB:FEATURE_LOCATION_CONFLICT::Coding region xref gene does not exist
plasmid_files/KR014106.1_results/PROKKA_06292018:CDS	Type-2 restriction enzyme PaeR7I	KR014106.1:c40785-40273	GJNPHCLJ_00049

DiscRep_SUB:FEATURE_LOCATION_CONFLICT::Coding region xref gene does not exist
plasmid_files/KR014106.1_results/PROKKA_06292018:CDS	hypothetical protein	KR014106.1:c41554-40982	GJNPHCLJ_00050

DiscRep_SUB:FEATURE_LOCATION_CONFLICT::Coding region xref gene does not exist
plasmid_files/KR014106.1_results/PROKKA_06292018:CDS	Cobalt/magnesium transport protein CorA	KR014106.1:c42614-41646	GJNPHCLJ_00051

DiscRep_SUB:FEATURE_LOCATION_CONFLICT::Coding region xref gene does not exist
plasmid_files/KR014106.1_results/PROKKA_06292018:CDS	Disulfide-bond oxidoreductase YfcG	KR014106.1:c43315-42611	GJNPHCLJ_00052

DiscRep_SUB:FEATURE_LOCATION_CONFLICT::Coding region xref gene does not exist
plasmid_files/KR014106.1_results/PROKKA_06292018:CDS	Peptide methionine sulfoxide reductase MsrA	KR014106.1:c43987-43448	GJNPHCLJ_00053

DiscRep_SUB:FEATURE_LOCATION_CONFLICT::Coding region xref gene does not exist
plasmid_files/KR014106.1_results/PROKKA_06292018:CDS	Peptide methionine sulfoxide reductase MsrB	KR014106.1:c44432-43989	GJNPHCLJ_00054

DiscRep_ALL:DISC_QUALITY_SCORES::Quality scores are missing on all sequences.

DiscRep_ALL:ONCALLER_COMMENT_PRESENT::1 comment descriptors were found (all same)
plasmid_files/KR014106.1_results/PROKKA_06292018:KR014106.1:Annotated using prokka 1.14-dev from https://github.com/tseemann/prokka

DiscRep_ALL:MISSING_GENOMEASSEMBLY_COMMENTS::1 bioseqs are missing GenomeAssembly structured comments
plasmid_files/KR014106.1_results/PROKKA_06292018:KR014106.1 (length 44451)

DiscRep_ALL:MOLTYPE_NOT_MRNA::1 molecule types are not set as mRNA.
plasmid_files/KR014106.1_results/PROKKA_06292018:KR014106.1 (length 44451)

DiscRep_ALL:TECHNIQUE_NOT_TSA::1 technique are not set as TSA
plasmid_files/KR014106.1_results/PROKKA_06292018:KR014106.1 (length 44451)

DiscRep_ALL:MISSING_STRUCTURED_COMMENT::1 sequences do not include structured comments.
plasmid_files/KR014106.1_results/PROKKA_06292018:KR014106.1 (length 44451)

DiscRep_ALL:MISSING_PROJECT::55 sequences do not include project.
plasmid_files/KR014106.1_results/PROKKA_06292018:KR014106.1 (length 44451)
plasmid_files/KR014106.1_results/PROKKA_06292018:KR014106.1_1 (length 224)
plasmid_files/KR014106.1_results/PROKKA_06292018:KR014106.1_2 (length 849)
plasmid_files/KR014106.1_results/PROKKA_06292018:KR014106.1_3 (length 422)
plasmid_files/KR014106.1_results/PROKKA_06292018:KR014106.1_4 (length 123)
plasmid_files/KR014106.1_results/PROKKA_06292018:KR014106.1_5 (length 424)
plasmid_files/KR014106.1_results/PROKKA_06292018:KR014106.1_6 (length 136)
plasmid_files/KR014106.1_results/PROKKA_06292018:KR014106.1_7 (length 185)
plasmid_files/KR014106.1_results/PROKKA_06292018:KR014106.1_8 (length 326)
plasmid_files/KR014106.1_results/PROKKA_06292018:KR014106.1_9 (length 216)
plasmid_files/KR014106.1_results/PROKKA_06292018:KR014106.1_10 (length 293)
plasmid_files/KR014106.1_results/PROKKA_06292018:KR014106.1_11 (length 326)
plasmid_files/KR014106.1_results/PROKKA_06292018:KR014106.1_12 (length 98)
plasmid_files/KR014106.1_results/PROKKA_06292018:KR014106.1_13 (length 51)
plasmid_files/KR014106.1_results/PROKKA_06292018:KR014106.1_14 (length 141)
plasmid_files/KR014106.1_results/PROKKA_06292018:KR014106.1_15 (length 92)
plasmid_files/KR014106.1_results/PROKKA_06292018:KR014106.1_16 (length 186)
plasmid_files/KR014106.1_results/PROKKA_06292018:KR014106.1_17 (length 140)
plasmid_files/KR014106.1_results/PROKKA_06292018:KR014106.1_18 (length 106)
plasmid_files/KR014106.1_results/PROKKA_06292018:KR014106.1_19 (length 92)
plasmid_files/KR014106.1_results/PROKKA_06292018:KR014106.1_20 (length 890)
plasmid_files/KR014106.1_results/PROKKA_06292018:KR014106.1_21 (length 106)
plasmid_files/KR014106.1_results/PROKKA_06292018:KR014106.1_22 (length 118)
plasmid_files/KR014106.1_results/PROKKA_06292018:KR014106.1_23 (length 227)
plasmid_files/KR014106.1_results/PROKKA_06292018:KR014106.1_24 (length 216)
plasmid_files/KR014106.1_results/PROKKA_06292018:KR014106.1_25 (length 240)
plasmid_files/KR014106.1_results/PROKKA_06292018:KR014106.1_26 (length 275)
plasmid_files/KR014106.1_results/PROKKA_06292018:KR014106.1_27 (length 63)
plasmid_files/KR014106.1_results/PROKKA_06292018:KR014106.1_28 (length 303)
plasmid_files/KR014106.1_results/PROKKA_06292018:KR014106.1_29 (length 53)
plasmid_files/KR014106.1_results/PROKKA_06292018:KR014106.1_30 (length 132)
plasmid_files/KR014106.1_results/PROKKA_06292018:KR014106.1_31 (length 58)
plasmid_files/KR014106.1_results/PROKKA_06292018:KR014106.1_32 (length 71)
plasmid_files/KR014106.1_results/PROKKA_06292018:KR014106.1_33 (length 91)
plasmid_files/KR014106.1_results/PROKKA_06292018:KR014106.1_34 (length 70)
plasmid_files/KR014106.1_results/PROKKA_06292018:KR014106.1_35 (length 997)
plasmid_files/KR014106.1_results/PROKKA_06292018:KR014106.1_36 (length 136)
plasmid_files/KR014106.1_results/PROKKA_06292018:KR014106.1_37 (length 79)
plasmid_files/KR014106.1_results/PROKKA_06292018:KR014106.1_38 (length 164)
plasmid_files/KR014106.1_results/PROKKA_06292018:KR014106.1_39 (length 961)
plasmid_files/KR014106.1_results/PROKKA_06292018:KR014106.1_40 (length 204)
plasmid_files/KR014106.1_results/PROKKA_06292018:KR014106.1_41 (length 139)
plasmid_files/KR014106.1_results/PROKKA_06292018:KR014106.1_42 (length 278)
plasmid_files/KR014106.1_results/PROKKA_06292018:KR014106.1_43 (length 158)
plasmid_files/KR014106.1_results/PROKKA_06292018:KR014106.1_44 (length 458)
plasmid_files/KR014106.1_results/PROKKA_06292018:KR014106.1_45 (length 128)
plasmid_files/KR014106.1_results/PROKKA_06292018:KR014106.1_46 (length 73)
plasmid_files/KR014106.1_results/PROKKA_06292018:KR014106.1_47 (length 212)
plasmid_files/KR014106.1_results/PROKKA_06292018:KR014106.1_48 (length 82)
plasmid_files/KR014106.1_results/PROKKA_06292018:KR014106.1_49 (length 170)
plasmid_files/KR014106.1_results/PROKKA_06292018:KR014106.1_50 (length 190)
plasmid_files/KR014106.1_results/PROKKA_06292018:KR014106.1_51 (length 322)
plasmid_files/KR014106.1_results/PROKKA_06292018:KR014106.1_52 (length 234)
plasmid_files/KR014106.1_results/PROKKA_06292018:KR014106.1_53 (length 179)
plasmid_files/KR014106.1_results/PROKKA_06292018:KR014106.1_54 (length 147)

DiscRep_ALL:DISC_INCONSISTENT_MOLINFO_TECH::Molinfo Technique Report (some missing, all same)
DiscRep_SUB:DISC_INCONSISTENT_MOLINFO_TECH::technique (all missing)
DiscRep_SUB:DISC_INCONSISTENT_MOLINFO_TECH::1 Molinfos are missing field technique
plasmid_files/KR014106.1_results/PROKKA_06292018:KR014106.1 (length 44451)

