Discrepancy Report Results

Summary
FATAL: MISSING_PROTEIN_ID:71 proteins have invalid IDs.
DISC_SOURCE_QUALS_ASNDISC:strain (all present, all unique)
DISC_SOURCE_QUALS_ASNDISC:taxname (all present, all unique)
DISC_FEATURE_COUNT:CDS: 71 present
DISC_COUNT_NUCLEOTIDES:1 nucleotide Bioseqs are present
FEATURE_LOCATION_CONFLICT:71 features have inconsistent gene locations.
DISC_QUALITY_SCORES:Quality scores are missing on all sequences.
ONCALLER_COMMENT_PRESENT:1 comment descriptors were found (all same)
SHORT_PROT_SEQUENCES:1 protein sequences are shorter than 50 aa.
MISSING_GENOMEASSEMBLY_COMMENTS:1 bioseqs are missing GenomeAssembly structured comments
MOLTYPE_NOT_MRNA:1 molecule types are not set as mRNA.
TECHNIQUE_NOT_TSA:1 technique are not set as TSA
MISSING_STRUCTURED_COMMENT:1 sequences do not include structured comments.
MISSING_PROJECT:72 sequences do not include project.
DISC_INCONSISTENT_MOLINFO_TECH:Molinfo Technique Report (some missing, all same)


Detailed Report

FATAL: DiscRep_ALL:MISSING_PROTEIN_ID::71 proteins have invalid IDs.
plasmid_files/CP009864.1_results/PROKKA_06292018:CP009864.1_1 (length 615)
plasmid_files/CP009864.1_results/PROKKA_06292018:CP009864.1_2 (length 189)
plasmid_files/CP009864.1_results/PROKKA_06292018:CP009864.1_3 (length 337)
plasmid_files/CP009864.1_results/PROKKA_06292018:CP009864.1_4 (length 157)
plasmid_files/CP009864.1_results/PROKKA_06292018:CP009864.1_5 (length 94)
plasmid_files/CP009864.1_results/PROKKA_06292018:CP009864.1_6 (length 254)
plasmid_files/CP009864.1_results/PROKKA_06292018:CP009864.1_7 (length 402)
plasmid_files/CP009864.1_results/PROKKA_06292018:CP009864.1_8 (length 477)
plasmid_files/CP009864.1_results/PROKKA_06292018:CP009864.1_9 (length 88)
plasmid_files/CP009864.1_results/PROKKA_06292018:CP009864.1_10 (length 68)
plasmid_files/CP009864.1_results/PROKKA_06292018:CP009864.1_11 (length 215)
plasmid_files/CP009864.1_results/PROKKA_06292018:CP009864.1_12 (length 103)
plasmid_files/CP009864.1_results/PROKKA_06292018:CP009864.1_13 (length 104)
plasmid_files/CP009864.1_results/PROKKA_06292018:CP009864.1_14 (length 114)
plasmid_files/CP009864.1_results/PROKKA_06292018:CP009864.1_15 (length 101)
plasmid_files/CP009864.1_results/PROKKA_06292018:CP009864.1_16 (length 244)
plasmid_files/CP009864.1_results/PROKKA_06292018:CP009864.1_17 (length 93)
plasmid_files/CP009864.1_results/PROKKA_06292018:CP009864.1_18 (length 97)
plasmid_files/CP009864.1_results/PROKKA_06292018:CP009864.1_19 (length 105)
plasmid_files/CP009864.1_results/PROKKA_06292018:CP009864.1_20 (length 866)
plasmid_files/CP009864.1_results/PROKKA_06292018:CP009864.1_21 (length 237)
plasmid_files/CP009864.1_results/PROKKA_06292018:CP009864.1_22 (length 75)
plasmid_files/CP009864.1_results/PROKKA_06292018:CP009864.1_23 (length 346)
plasmid_files/CP009864.1_results/PROKKA_06292018:CP009864.1_24 (length 232)
plasmid_files/CP009864.1_results/PROKKA_06292018:CP009864.1_25 (length 294)
plasmid_files/CP009864.1_results/PROKKA_06292018:CP009864.1_26 (length 386)
plasmid_files/CP009864.1_results/PROKKA_06292018:CP009864.1_27 (length 331)
plasmid_files/CP009864.1_results/PROKKA_06292018:CP009864.1_28 (length 177)
plasmid_files/CP009864.1_results/PROKKA_06292018:CP009864.1_29 (length 65)
plasmid_files/CP009864.1_results/PROKKA_06292018:CP009864.1_30 (length 218)
plasmid_files/CP009864.1_results/PROKKA_06292018:CP009864.1_31 (length 715)
plasmid_files/CP009864.1_results/PROKKA_06292018:CP009864.1_32 (length 439)
plasmid_files/CP009864.1_results/PROKKA_06292018:CP009864.1_33 (length 293)
plasmid_files/CP009864.1_results/PROKKA_06292018:CP009864.1_34 (length 259)
plasmid_files/CP009864.1_results/PROKKA_06292018:CP009864.1_35 (length 341)
plasmid_files/CP009864.1_results/PROKKA_06292018:CP009864.1_36 (length 1009)
plasmid_files/CP009864.1_results/PROKKA_06292018:CP009864.1_37 (length 571)
plasmid_files/CP009864.1_results/PROKKA_06292018:CP009864.1_38 (length 302)
plasmid_files/CP009864.1_results/PROKKA_06292018:CP009864.1_39 (length 185)
plasmid_files/CP009864.1_results/PROKKA_06292018:CP009864.1_40 (length 201)
plasmid_files/CP009864.1_results/PROKKA_06292018:CP009864.1_41 (length 258)
plasmid_files/CP009864.1_results/PROKKA_06292018:CP009864.1_42 (length 274)
plasmid_files/CP009864.1_results/PROKKA_06292018:CP009864.1_43 (length 83)
plasmid_files/CP009864.1_results/PROKKA_06292018:CP009864.1_44 (length 202)
plasmid_files/CP009864.1_results/PROKKA_06292018:CP009864.1_45 (length 234)
plasmid_files/CP009864.1_results/PROKKA_06292018:CP009864.1_46 (length 142)
plasmid_files/CP009864.1_results/PROKKA_06292018:CP009864.1_47 (length 121)
plasmid_files/CP009864.1_results/PROKKA_06292018:CP009864.1_48 (length 1078)
plasmid_files/CP009864.1_results/PROKKA_06292018:CP009864.1_49 (length 509)
plasmid_files/CP009864.1_results/PROKKA_06292018:CP009864.1_50 (length 138)
plasmid_files/CP009864.1_results/PROKKA_06292018:CP009864.1_51 (length 139)
plasmid_files/CP009864.1_results/PROKKA_06292018:CP009864.1_52 (length 238)
plasmid_files/CP009864.1_results/PROKKA_06292018:CP009864.1_53 (length 122)
plasmid_files/CP009864.1_results/PROKKA_06292018:CP009864.1_54 (length 114)
plasmid_files/CP009864.1_results/PROKKA_06292018:CP009864.1_55 (length 106)
plasmid_files/CP009864.1_results/PROKKA_06292018:CP009864.1_56 (length 59)
plasmid_files/CP009864.1_results/PROKKA_06292018:CP009864.1_57 (length 169)
plasmid_files/CP009864.1_results/PROKKA_06292018:CP009864.1_58 (length 35)
plasmid_files/CP009864.1_results/PROKKA_06292018:CP009864.1_59 (length 110)
plasmid_files/CP009864.1_results/PROKKA_06292018:CP009864.1_60 (length 94)
plasmid_files/CP009864.1_results/PROKKA_06292018:CP009864.1_61 (length 119)
plasmid_files/CP009864.1_results/PROKKA_06292018:CP009864.1_62 (length 98)
plasmid_files/CP009864.1_results/PROKKA_06292018:CP009864.1_63 (length 158)
plasmid_files/CP009864.1_results/PROKKA_06292018:CP009864.1_64 (length 51)
plasmid_files/CP009864.1_results/PROKKA_06292018:CP009864.1_65 (length 79)
plasmid_files/CP009864.1_results/PROKKA_06292018:CP009864.1_66 (length 134)
plasmid_files/CP009864.1_results/PROKKA_06292018:CP009864.1_67 (length 141)
plasmid_files/CP009864.1_results/PROKKA_06292018:CP009864.1_68 (length 146)
plasmid_files/CP009864.1_results/PROKKA_06292018:CP009864.1_69 (length 421)
plasmid_files/CP009864.1_results/PROKKA_06292018:CP009864.1_70 (length 263)
plasmid_files/CP009864.1_results/PROKKA_06292018:CP009864.1_71 (length 113)

DiscRep_ALL:DISC_SOURCE_QUALS_ASNDISC::strain (all present, all unique)
DiscRep_SUB:DISC_SOURCE_QUALS_ASNDISC::1 sources have unique values for strain
DiscRep_ALL:DISC_SOURCE_QUALS_ASNDISC::taxname (all present, all unique)
DiscRep_SUB:DISC_SOURCE_QUALS_ASNDISC::1 sources have unique values for taxname
DiscRep_ALL:DISC_FEATURE_COUNT::CDS: 71 present
DiscRep_ALL:DISC_COUNT_NUCLEOTIDES::1 nucleotide Bioseqs are present
plasmid_files/CP009864.1_results/PROKKA_06292018:CP009864.1 (length 62589)

DiscRep_ALL:FEATURE_LOCATION_CONFLICT::71 features have inconsistent gene locations.
DiscRep_SUB:FEATURE_LOCATION_CONFLICT::Coding region xref gene does not exist
plasmid_files/CP009864.1_results/PROKKA_06292018:CDS	hypothetical protein	CP009864.1:c1956-109	FLKJPLKG_00001

DiscRep_SUB:FEATURE_LOCATION_CONFLICT::Coding region xref gene does not exist
plasmid_files/CP009864.1_results/PROKKA_06292018:CDS	DNA-invertase hin	CP009864.1:c2702-2133	FLKJPLKG_00002

DiscRep_SUB:FEATURE_LOCATION_CONFLICT::Coding region xref gene does not exist
plasmid_files/CP009864.1_results/PROKKA_06292018:CDS	Tyrosine recombinase XerD	CP009864.1:c4108-3095	FLKJPLKG_00003

DiscRep_SUB:FEATURE_LOCATION_CONFLICT::Coding region xref gene does not exist
plasmid_files/CP009864.1_results/PROKKA_06292018:CDS	Dihydrofolate reductase type 1	CP009864.1:4264-4737	FLKJPLKG_00004

DiscRep_SUB:FEATURE_LOCATION_CONFLICT::Coding region xref gene does not exist
plasmid_files/CP009864.1_results/PROKKA_06292018:CDS	hypothetical protein	CP009864.1:c5188-4904	FLKJPLKG_00005

DiscRep_SUB:FEATURE_LOCATION_CONFLICT::Coding region xref gene does not exist
plasmid_files/CP009864.1_results/PROKKA_06292018:CDS	hypothetical protein	CP009864.1:5367-6131	FLKJPLKG_00006

DiscRep_SUB:FEATURE_LOCATION_CONFLICT::Coding region xref gene does not exist
plasmid_files/CP009864.1_results/PROKKA_06292018:CDS	Type-2 restriction enzyme EcoRII	CP009864.1:6398-7606	FLKJPLKG_00007

DiscRep_SUB:FEATURE_LOCATION_CONFLICT::Coding region xref gene does not exist
plasmid_files/CP009864.1_results/PROKKA_06292018:CDS	DNA-cytosine methyltransferase	CP009864.1:c9073-7640	FLKJPLKG_00008

DiscRep_SUB:FEATURE_LOCATION_CONFLICT::Coding region xref gene does not exist
plasmid_files/CP009864.1_results/PROKKA_06292018:CDS	hypothetical protein	CP009864.1:9178-9444	FLKJPLKG_00009

DiscRep_SUB:FEATURE_LOCATION_CONFLICT::Coding region xref gene does not exist
plasmid_files/CP009864.1_results/PROKKA_06292018:CDS	hypothetical protein	CP009864.1:c9661-9455	FLKJPLKG_00010

DiscRep_SUB:FEATURE_LOCATION_CONFLICT::Coding region xref gene does not exist
plasmid_files/CP009864.1_results/PROKKA_06292018:CDS	hypothetical protein	CP009864.1:c10313-9666	FLKJPLKG_00011

DiscRep_SUB:FEATURE_LOCATION_CONFLICT::Coding region xref gene does not exist
plasmid_files/CP009864.1_results/PROKKA_06292018:CDS	hypothetical protein	CP009864.1:c10674-10363	FLKJPLKG_00012

DiscRep_SUB:FEATURE_LOCATION_CONFLICT::Coding region xref gene does not exist
plasmid_files/CP009864.1_results/PROKKA_06292018:CDS	hypothetical protein	CP009864.1:c11024-10710	FLKJPLKG_00013

DiscRep_SUB:FEATURE_LOCATION_CONFLICT::Coding region xref gene does not exist
plasmid_files/CP009864.1_results/PROKKA_06292018:CDS	hypothetical protein	CP009864.1:c11365-11021	FLKJPLKG_00014

DiscRep_SUB:FEATURE_LOCATION_CONFLICT::Coding region xref gene does not exist
plasmid_files/CP009864.1_results/PROKKA_06292018:CDS	Trans-acting regulatory protein HvrA	CP009864.1:c11686-11381	FLKJPLKG_00015

DiscRep_SUB:FEATURE_LOCATION_CONFLICT::Coding region xref gene does not exist
plasmid_files/CP009864.1_results/PROKKA_06292018:CDS	Type IV secretion system protein virB1	CP009864.1:11795-12529	FLKJPLKG_00016

DiscRep_SUB:FEATURE_LOCATION_CONFLICT::Coding region xref gene does not exist
plasmid_files/CP009864.1_results/PROKKA_06292018:CDS	hypothetical protein	CP009864.1:12538-12819	FLKJPLKG_00017

DiscRep_SUB:FEATURE_LOCATION_CONFLICT::Coding region xref gene does not exist
plasmid_files/CP009864.1_results/PROKKA_06292018:CDS	hypothetical protein	CP009864.1:12829-13122	FLKJPLKG_00018

DiscRep_SUB:FEATURE_LOCATION_CONFLICT::Coding region xref gene does not exist
plasmid_files/CP009864.1_results/PROKKA_06292018:CDS	hypothetical protein	CP009864.1:13172-13489	FLKJPLKG_00019

DiscRep_SUB:FEATURE_LOCATION_CONFLICT::Coding region xref gene does not exist
plasmid_files/CP009864.1_results/PROKKA_06292018:CDS	Type IV secretion system protein virB4	CP009864.1:13489-16089	FLKJPLKG_00020

DiscRep_SUB:FEATURE_LOCATION_CONFLICT::Coding region xref gene does not exist
plasmid_files/CP009864.1_results/PROKKA_06292018:CDS	Type IV secretion system protein virB5	CP009864.1:16107-16820	FLKJPLKG_00021

DiscRep_SUB:FEATURE_LOCATION_CONFLICT::Coding region xref gene does not exist
plasmid_files/CP009864.1_results/PROKKA_06292018:CDS	hypothetical protein	CP009864.1:16828-17055	FLKJPLKG_00022

DiscRep_SUB:FEATURE_LOCATION_CONFLICT::Coding region xref gene does not exist
plasmid_files/CP009864.1_results/PROKKA_06292018:CDS	Type IV secretion system protein VirB6	CP009864.1:17071-18111	FLKJPLKG_00023

DiscRep_SUB:FEATURE_LOCATION_CONFLICT::Coding region xref gene does not exist
plasmid_files/CP009864.1_results/PROKKA_06292018:CDS	Type IV secretion system protein virB8	CP009864.1:18330-19028	FLKJPLKG_00024

DiscRep_SUB:FEATURE_LOCATION_CONFLICT::Coding region xref gene does not exist
plasmid_files/CP009864.1_results/PROKKA_06292018:CDS	Type IV secretion system protein virB9	CP009864.1:19039-19923	FLKJPLKG_00025

DiscRep_SUB:FEATURE_LOCATION_CONFLICT::Coding region xref gene does not exist
plasmid_files/CP009864.1_results/PROKKA_06292018:CDS	Protein virB10	CP009864.1:19923-21083	FLKJPLKG_00026

DiscRep_SUB:FEATURE_LOCATION_CONFLICT::Coding region xref gene does not exist
plasmid_files/CP009864.1_results/PROKKA_06292018:CDS	Type IV secretion system protein VirB11	CP009864.1:21125-22120	FLKJPLKG_00027

DiscRep_SUB:FEATURE_LOCATION_CONFLICT::Coding region xref gene does not exist
plasmid_files/CP009864.1_results/PROKKA_06292018:CDS	Phospholipase D	CP009864.1:22120-22653	FLKJPLKG_00028

DiscRep_SUB:FEATURE_LOCATION_CONFLICT::Coding region xref gene does not exist
plasmid_files/CP009864.1_results/PROKKA_06292018:CDS	hypothetical protein	CP009864.1:23381-23578	FLKJPLKG_00029

DiscRep_SUB:FEATURE_LOCATION_CONFLICT::Coding region xref gene does not exist
plasmid_files/CP009864.1_results/PROKKA_06292018:CDS	hypothetical protein	CP009864.1:23625-24281	FLKJPLKG_00030

DiscRep_SUB:FEATURE_LOCATION_CONFLICT::Coding region xref gene does not exist
plasmid_files/CP009864.1_results/PROKKA_06292018:CDS	hypothetical protein	CP009864.1:c26352-24205	FLKJPLKG_00031

DiscRep_SUB:FEATURE_LOCATION_CONFLICT::Coding region xref gene does not exist
plasmid_files/CP009864.1_results/PROKKA_06292018:CDS	hypothetical protein	CP009864.1:26671-27990	FLKJPLKG_00032

DiscRep_SUB:FEATURE_LOCATION_CONFLICT::Coding region xref gene does not exist
plasmid_files/CP009864.1_results/PROKKA_06292018:CDS	Carbapenem-hydrolyzing beta-lactamase KPC	CP009864.1:c29121-28240	FLKJPLKG_00033

DiscRep_SUB:FEATURE_LOCATION_CONFLICT::Coding region xref gene does not exist
plasmid_files/CP009864.1_results/PROKKA_06292018:CDS	Insertion sequence IS5376 putative ATP-binding protein	CP009864.1:c30287-29508	FLKJPLKG_00034

DiscRep_SUB:FEATURE_LOCATION_CONFLICT::Coding region xref gene does not exist
plasmid_files/CP009864.1_results/PROKKA_06292018:CDS	hypothetical protein	CP009864.1:c31309-30284	FLKJPLKG_00035

DiscRep_SUB:FEATURE_LOCATION_CONFLICT::Coding region xref gene does not exist
plasmid_files/CP009864.1_results/PROKKA_06292018:CDS	hypothetical protein	CP009864.1:c34445-31416	FLKJPLKG_00036

DiscRep_SUB:FEATURE_LOCATION_CONFLICT::Coding region xref gene does not exist
plasmid_files/CP009864.1_results/PROKKA_06292018:CDS	Tyrosine recombinase XerD	CP009864.1:34555-36270	FLKJPLKG_00037

DiscRep_SUB:FEATURE_LOCATION_CONFLICT::Coding region xref gene does not exist
plasmid_files/CP009864.1_results/PROKKA_06292018:CDS	hypothetical protein	CP009864.1:c37221-36313	FLKJPLKG_00038

DiscRep_SUB:FEATURE_LOCATION_CONFLICT::Coding region xref gene does not exist
plasmid_files/CP009864.1_results/PROKKA_06292018:CDS	Transposon Tn3 resolvase	CP009864.1:37385-37942	FLKJPLKG_00039

DiscRep_SUB:FEATURE_LOCATION_CONFLICT::Coding region xref gene does not exist
plasmid_files/CP009864.1_results/PROKKA_06292018:CDS	Aminoglycoside N(6')-acetyltransferase type 1	CP009864.1:38125-38730	FLKJPLKG_00040

DiscRep_SUB:FEATURE_LOCATION_CONFLICT::Coding region xref gene does not exist
plasmid_files/CP009864.1_results/PROKKA_06292018:CDS	Streptomycin 3''-adenylyltransferase	CP009864.1:38812-39588	FLKJPLKG_00041

DiscRep_SUB:FEATURE_LOCATION_CONFLICT::Coding region xref gene does not exist
plasmid_files/CP009864.1_results/PROKKA_06292018:CDS	Beta-lactamase OXA-18	CP009864.1:39648-40472	FLKJPLKG_00042

DiscRep_SUB:FEATURE_LOCATION_CONFLICT::Coding region xref gene does not exist
plasmid_files/CP009864.1_results/PROKKA_06292018:CDS	Transposon Tn3 resolvase	CP009864.1:40738-40989	FLKJPLKG_00043

DiscRep_SUB:FEATURE_LOCATION_CONFLICT::Coding region xref gene does not exist
plasmid_files/CP009864.1_results/PROKKA_06292018:CDS	Beta-lactamase TEM	CP009864.1:41172-41780	FLKJPLKG_00044

DiscRep_SUB:FEATURE_LOCATION_CONFLICT::Coding region xref gene does not exist
plasmid_files/CP009864.1_results/PROKKA_06292018:CDS	hypothetical protein	CP009864.1:c42675-41971	FLKJPLKG_00045

DiscRep_SUB:FEATURE_LOCATION_CONFLICT::Coding region xref gene does not exist
plasmid_files/CP009864.1_results/PROKKA_06292018:CDS	hypothetical protein	CP009864.1:42810-43238	FLKJPLKG_00046

DiscRep_SUB:FEATURE_LOCATION_CONFLICT::Coding region xref gene does not exist
plasmid_files/CP009864.1_results/PROKKA_06292018:CDS	hypothetical protein	CP009864.1:c43613-43248	FLKJPLKG_00047

DiscRep_SUB:FEATURE_LOCATION_CONFLICT::Coding region xref gene does not exist
plasmid_files/CP009864.1_results/PROKKA_06292018:CDS	Multifunctional conjugation protein TraI	CP009864.1:c46849-43613	FLKJPLKG_00048

DiscRep_SUB:FEATURE_LOCATION_CONFLICT::Coding region xref gene does not exist
plasmid_files/CP009864.1_results/PROKKA_06292018:CDS	Coupling protein TraD	CP009864.1:c48378-46849	FLKJPLKG_00049

DiscRep_SUB:FEATURE_LOCATION_CONFLICT::Coding region xref gene does not exist
plasmid_files/CP009864.1_results/PROKKA_06292018:CDS	hypothetical protein	CP009864.1:c48796-48380	FLKJPLKG_00050

DiscRep_SUB:FEATURE_LOCATION_CONFLICT::Coding region xref gene does not exist
plasmid_files/CP009864.1_results/PROKKA_06292018:CDS	hypothetical protein	CP009864.1:49287-49706	FLKJPLKG_00051

DiscRep_SUB:FEATURE_LOCATION_CONFLICT::Coding region xref gene does not exist
plasmid_files/CP009864.1_results/PROKKA_06292018:CDS	hypothetical protein	CP009864.1:49715-50431	FLKJPLKG_00052

DiscRep_SUB:FEATURE_LOCATION_CONFLICT::Coding region xref gene does not exist
plasmid_files/CP009864.1_results/PROKKA_06292018:CDS	hypothetical protein	CP009864.1:50433-50801	FLKJPLKG_00053

DiscRep_SUB:FEATURE_LOCATION_CONFLICT::Coding region xref gene does not exist
plasmid_files/CP009864.1_results/PROKKA_06292018:CDS	hypothetical protein	CP009864.1:50983-51327	FLKJPLKG_00054

DiscRep_SUB:FEATURE_LOCATION_CONFLICT::Coding region xref gene does not exist
plasmid_files/CP009864.1_results/PROKKA_06292018:CDS	hypothetical protein	CP009864.1:c51758-51438	FLKJPLKG_00055

DiscRep_SUB:FEATURE_LOCATION_CONFLICT::Coding region xref gene does not exist
plasmid_files/CP009864.1_results/PROKKA_06292018:CDS	hypothetical protein	CP009864.1:c51992-51813	FLKJPLKG_00056

DiscRep_SUB:FEATURE_LOCATION_CONFLICT::Coding region xref gene does not exist
plasmid_files/CP009864.1_results/PROKKA_06292018:CDS	hypothetical protein	CP009864.1:c53228-52719	FLKJPLKG_00057

DiscRep_SUB:FEATURE_LOCATION_CONFLICT::Coding region xref gene does not exist
plasmid_files/CP009864.1_results/PROKKA_06292018:CDS	hypothetical protein	CP009864.1:c54103-53996	FLKJPLKG_00058

DiscRep_SUB:FEATURE_LOCATION_CONFLICT::Coding region xref gene does not exist
plasmid_files/CP009864.1_results/PROKKA_06292018:CDS	hypothetical protein	CP009864.1:c54913-54581	FLKJPLKG_00059

DiscRep_SUB:FEATURE_LOCATION_CONFLICT::Coding region xref gene does not exist
plasmid_files/CP009864.1_results/PROKKA_06292018:CDS	hypothetical protein	CP009864.1:c55406-55122	FLKJPLKG_00060

DiscRep_SUB:FEATURE_LOCATION_CONFLICT::Coding region xref gene does not exist
plasmid_files/CP009864.1_results/PROKKA_06292018:CDS	hypothetical protein	CP009864.1:c55834-55475	FLKJPLKG_00061

DiscRep_SUB:FEATURE_LOCATION_CONFLICT::Coding region xref gene does not exist
plasmid_files/CP009864.1_results/PROKKA_06292018:CDS	hypothetical protein	CP009864.1:c56127-55831	FLKJPLKG_00062

DiscRep_SUB:FEATURE_LOCATION_CONFLICT::Coding region xref gene does not exist
plasmid_files/CP009864.1_results/PROKKA_06292018:CDS	hypothetical protein	CP009864.1:c56716-56240	FLKJPLKG_00063

DiscRep_SUB:FEATURE_LOCATION_CONFLICT::Coding region xref gene does not exist
plasmid_files/CP009864.1_results/PROKKA_06292018:CDS	hypothetical protein	CP009864.1:c56871-56716	FLKJPLKG_00064

DiscRep_SUB:FEATURE_LOCATION_CONFLICT::Coding region xref gene does not exist
plasmid_files/CP009864.1_results/PROKKA_06292018:CDS	hypothetical protein	CP009864.1:c57183-56944	FLKJPLKG_00065

DiscRep_SUB:FEATURE_LOCATION_CONFLICT::Coding region xref gene does not exist
plasmid_files/CP009864.1_results/PROKKA_06292018:CDS	hypothetical protein	CP009864.1:c57597-57193	FLKJPLKG_00066

DiscRep_SUB:FEATURE_LOCATION_CONFLICT::Coding region xref gene does not exist
plasmid_files/CP009864.1_results/PROKKA_06292018:CDS	Antirestriction protein KlcA	CP009864.1:c58080-57655	FLKJPLKG_00067

DiscRep_SUB:FEATURE_LOCATION_CONFLICT::Coding region xref gene does not exist
plasmid_files/CP009864.1_results/PROKKA_06292018:CDS	Protein UmuD	CP009864.1:58495-58935	FLKJPLKG_00068

DiscRep_SUB:FEATURE_LOCATION_CONFLICT::Coding region xref gene does not exist
plasmid_files/CP009864.1_results/PROKKA_06292018:CDS	Protein UmuC	CP009864.1:58923-60188	FLKJPLKG_00069

DiscRep_SUB:FEATURE_LOCATION_CONFLICT::Coding region xref gene does not exist
plasmid_files/CP009864.1_results/PROKKA_06292018:CDS	hypothetical protein	CP009864.1:60339-61130	FLKJPLKG_00070

DiscRep_SUB:FEATURE_LOCATION_CONFLICT::Coding region xref gene does not exist
plasmid_files/CP009864.1_results/PROKKA_06292018:CDS	hypothetical protein	CP009864.1:c61486-61145	FLKJPLKG_00071

DiscRep_ALL:DISC_QUALITY_SCORES::Quality scores are missing on all sequences.

DiscRep_ALL:ONCALLER_COMMENT_PRESENT::1 comment descriptors were found (all same)
plasmid_files/CP009864.1_results/PROKKA_06292018:CP009864.1:Annotated using prokka 1.14-dev from https://github.com/tseemann/prokka

DiscRep_ALL:SHORT_PROT_SEQUENCES::1 protein sequences are shorter than 50 aa.
plasmid_files/CP009864.1_results/PROKKA_06292018:CP009864.1_58 (length 35)

DiscRep_ALL:MISSING_GENOMEASSEMBLY_COMMENTS::1 bioseqs are missing GenomeAssembly structured comments
plasmid_files/CP009864.1_results/PROKKA_06292018:CP009864.1 (length 62589)

DiscRep_ALL:MOLTYPE_NOT_MRNA::1 molecule types are not set as mRNA.
plasmid_files/CP009864.1_results/PROKKA_06292018:CP009864.1 (length 62589)

DiscRep_ALL:TECHNIQUE_NOT_TSA::1 technique are not set as TSA
plasmid_files/CP009864.1_results/PROKKA_06292018:CP009864.1 (length 62589)

DiscRep_ALL:MISSING_STRUCTURED_COMMENT::1 sequences do not include structured comments.
plasmid_files/CP009864.1_results/PROKKA_06292018:CP009864.1 (length 62589)

DiscRep_ALL:MISSING_PROJECT::72 sequences do not include project.
plasmid_files/CP009864.1_results/PROKKA_06292018:CP009864.1 (length 62589)
plasmid_files/CP009864.1_results/PROKKA_06292018:CP009864.1_1 (length 615)
plasmid_files/CP009864.1_results/PROKKA_06292018:CP009864.1_2 (length 189)
plasmid_files/CP009864.1_results/PROKKA_06292018:CP009864.1_3 (length 337)
plasmid_files/CP009864.1_results/PROKKA_06292018:CP009864.1_4 (length 157)
plasmid_files/CP009864.1_results/PROKKA_06292018:CP009864.1_5 (length 94)
plasmid_files/CP009864.1_results/PROKKA_06292018:CP009864.1_6 (length 254)
plasmid_files/CP009864.1_results/PROKKA_06292018:CP009864.1_7 (length 402)
plasmid_files/CP009864.1_results/PROKKA_06292018:CP009864.1_8 (length 477)
plasmid_files/CP009864.1_results/PROKKA_06292018:CP009864.1_9 (length 88)
plasmid_files/CP009864.1_results/PROKKA_06292018:CP009864.1_10 (length 68)
plasmid_files/CP009864.1_results/PROKKA_06292018:CP009864.1_11 (length 215)
plasmid_files/CP009864.1_results/PROKKA_06292018:CP009864.1_12 (length 103)
plasmid_files/CP009864.1_results/PROKKA_06292018:CP009864.1_13 (length 104)
plasmid_files/CP009864.1_results/PROKKA_06292018:CP009864.1_14 (length 114)
plasmid_files/CP009864.1_results/PROKKA_06292018:CP009864.1_15 (length 101)
plasmid_files/CP009864.1_results/PROKKA_06292018:CP009864.1_16 (length 244)
plasmid_files/CP009864.1_results/PROKKA_06292018:CP009864.1_17 (length 93)
plasmid_files/CP009864.1_results/PROKKA_06292018:CP009864.1_18 (length 97)
plasmid_files/CP009864.1_results/PROKKA_06292018:CP009864.1_19 (length 105)
plasmid_files/CP009864.1_results/PROKKA_06292018:CP009864.1_20 (length 866)
plasmid_files/CP009864.1_results/PROKKA_06292018:CP009864.1_21 (length 237)
plasmid_files/CP009864.1_results/PROKKA_06292018:CP009864.1_22 (length 75)
plasmid_files/CP009864.1_results/PROKKA_06292018:CP009864.1_23 (length 346)
plasmid_files/CP009864.1_results/PROKKA_06292018:CP009864.1_24 (length 232)
plasmid_files/CP009864.1_results/PROKKA_06292018:CP009864.1_25 (length 294)
plasmid_files/CP009864.1_results/PROKKA_06292018:CP009864.1_26 (length 386)
plasmid_files/CP009864.1_results/PROKKA_06292018:CP009864.1_27 (length 331)
plasmid_files/CP009864.1_results/PROKKA_06292018:CP009864.1_28 (length 177)
plasmid_files/CP009864.1_results/PROKKA_06292018:CP009864.1_29 (length 65)
plasmid_files/CP009864.1_results/PROKKA_06292018:CP009864.1_30 (length 218)
plasmid_files/CP009864.1_results/PROKKA_06292018:CP009864.1_31 (length 715)
plasmid_files/CP009864.1_results/PROKKA_06292018:CP009864.1_32 (length 439)
plasmid_files/CP009864.1_results/PROKKA_06292018:CP009864.1_33 (length 293)
plasmid_files/CP009864.1_results/PROKKA_06292018:CP009864.1_34 (length 259)
plasmid_files/CP009864.1_results/PROKKA_06292018:CP009864.1_35 (length 341)
plasmid_files/CP009864.1_results/PROKKA_06292018:CP009864.1_36 (length 1009)
plasmid_files/CP009864.1_results/PROKKA_06292018:CP009864.1_37 (length 571)
plasmid_files/CP009864.1_results/PROKKA_06292018:CP009864.1_38 (length 302)
plasmid_files/CP009864.1_results/PROKKA_06292018:CP009864.1_39 (length 185)
plasmid_files/CP009864.1_results/PROKKA_06292018:CP009864.1_40 (length 201)
plasmid_files/CP009864.1_results/PROKKA_06292018:CP009864.1_41 (length 258)
plasmid_files/CP009864.1_results/PROKKA_06292018:CP009864.1_42 (length 274)
plasmid_files/CP009864.1_results/PROKKA_06292018:CP009864.1_43 (length 83)
plasmid_files/CP009864.1_results/PROKKA_06292018:CP009864.1_44 (length 202)
plasmid_files/CP009864.1_results/PROKKA_06292018:CP009864.1_45 (length 234)
plasmid_files/CP009864.1_results/PROKKA_06292018:CP009864.1_46 (length 142)
plasmid_files/CP009864.1_results/PROKKA_06292018:CP009864.1_47 (length 121)
plasmid_files/CP009864.1_results/PROKKA_06292018:CP009864.1_48 (length 1078)
plasmid_files/CP009864.1_results/PROKKA_06292018:CP009864.1_49 (length 509)
plasmid_files/CP009864.1_results/PROKKA_06292018:CP009864.1_50 (length 138)
plasmid_files/CP009864.1_results/PROKKA_06292018:CP009864.1_51 (length 139)
plasmid_files/CP009864.1_results/PROKKA_06292018:CP009864.1_52 (length 238)
plasmid_files/CP009864.1_results/PROKKA_06292018:CP009864.1_53 (length 122)
plasmid_files/CP009864.1_results/PROKKA_06292018:CP009864.1_54 (length 114)
plasmid_files/CP009864.1_results/PROKKA_06292018:CP009864.1_55 (length 106)
plasmid_files/CP009864.1_results/PROKKA_06292018:CP009864.1_56 (length 59)
plasmid_files/CP009864.1_results/PROKKA_06292018:CP009864.1_57 (length 169)
plasmid_files/CP009864.1_results/PROKKA_06292018:CP009864.1_58 (length 35)
plasmid_files/CP009864.1_results/PROKKA_06292018:CP009864.1_59 (length 110)
plasmid_files/CP009864.1_results/PROKKA_06292018:CP009864.1_60 (length 94)
plasmid_files/CP009864.1_results/PROKKA_06292018:CP009864.1_61 (length 119)
plasmid_files/CP009864.1_results/PROKKA_06292018:CP009864.1_62 (length 98)
plasmid_files/CP009864.1_results/PROKKA_06292018:CP009864.1_63 (length 158)
plasmid_files/CP009864.1_results/PROKKA_06292018:CP009864.1_64 (length 51)
plasmid_files/CP009864.1_results/PROKKA_06292018:CP009864.1_65 (length 79)
plasmid_files/CP009864.1_results/PROKKA_06292018:CP009864.1_66 (length 134)
plasmid_files/CP009864.1_results/PROKKA_06292018:CP009864.1_67 (length 141)
plasmid_files/CP009864.1_results/PROKKA_06292018:CP009864.1_68 (length 146)
plasmid_files/CP009864.1_results/PROKKA_06292018:CP009864.1_69 (length 421)
plasmid_files/CP009864.1_results/PROKKA_06292018:CP009864.1_70 (length 263)
plasmid_files/CP009864.1_results/PROKKA_06292018:CP009864.1_71 (length 113)

DiscRep_ALL:DISC_INCONSISTENT_MOLINFO_TECH::Molinfo Technique Report (some missing, all same)
DiscRep_SUB:DISC_INCONSISTENT_MOLINFO_TECH::technique (all missing)
DiscRep_SUB:DISC_INCONSISTENT_MOLINFO_TECH::1 Molinfos are missing field technique
plasmid_files/CP009864.1_results/PROKKA_06292018:CP009864.1 (length 62589)

