Discrepancy Report Results

Summary
FATAL: MISSING_PROTEIN_ID:195 proteins have invalid IDs.
DISC_SOURCE_QUALS_ASNDISC:strain (all present, all unique)
DISC_SOURCE_QUALS_ASNDISC:taxname (all present, all unique)
DISC_FEATURE_COUNT:CDS: 195 present
DISC_FEATURE_COUNT:tRNA: 1 present
DISC_COUNT_NUCLEOTIDES:1 nucleotide Bioseqs are present
FEATURE_LOCATION_CONFLICT:196 features have inconsistent gene locations.
OVERLAPPING_CDS:2 coding regions overlap another coding region with a similar or identical name.
SUSPECT_PRODUCT_NAMES:1 product_names contain suspect phrase or characters
	May contain database identifier more appropriate in note; remove from product name
		1 features Three or more numbers together
DISC_QUALITY_SCORES:Quality scores are missing on all sequences.
ONCALLER_COMMENT_PRESENT:1 comment descriptors were found (all same)
SHORT_PROT_SEQUENCES:2 protein sequences are shorter than 50 aa.
MISSING_GENOMEASSEMBLY_COMMENTS:1 bioseqs are missing GenomeAssembly structured comments
MOLTYPE_NOT_MRNA:1 molecule types are not set as mRNA.
TECHNIQUE_NOT_TSA:1 technique are not set as TSA
MISSING_STRUCTURED_COMMENT:1 sequences do not include structured comments.
MISSING_PROJECT:196 sequences do not include project.
DISC_INCONSISTENT_MOLINFO_TECH:Molinfo Technique Report (some missing, all same)


Detailed Report

FATAL: DiscRep_ALL:MISSING_PROTEIN_ID::195 proteins have invalid IDs.
plasmid_files/CP029381.1_results/PROKKA_06292018:CP029381.1_1 (length 285)
plasmid_files/CP029381.1_results/PROKKA_06292018:CP029381.1_2 (length 189)
plasmid_files/CP029381.1_results/PROKKA_06292018:CP029381.1_3 (length 85)
plasmid_files/CP029381.1_results/PROKKA_06292018:CP029381.1_4 (length 110)
plasmid_files/CP029381.1_results/PROKKA_06292018:CP029381.1_5 (length 201)
plasmid_files/CP029381.1_results/PROKKA_06292018:CP029381.1_6 (length 234)
plasmid_files/CP029381.1_results/PROKKA_06292018:CP029381.1_7 (length 291)
plasmid_files/CP029381.1_results/PROKKA_06292018:CP029381.1_8 (length 322)
plasmid_files/CP029381.1_results/PROKKA_06292018:CP029381.1_9 (length 341)
plasmid_files/CP029381.1_results/PROKKA_06292018:CP029381.1_10 (length 234)
plasmid_files/CP029381.1_results/PROKKA_06292018:CP029381.1_11 (length 191)
plasmid_files/CP029381.1_results/PROKKA_06292018:CP029381.1_12 (length 234)
plasmid_files/CP029381.1_results/PROKKA_06292018:CP029381.1_13 (length 240)
plasmid_files/CP029381.1_results/PROKKA_06292018:CP029381.1_14 (length 62)
plasmid_files/CP029381.1_results/PROKKA_06292018:CP029381.1_15 (length 171)
plasmid_files/CP029381.1_results/PROKKA_06292018:CP029381.1_16 (length 286)
plasmid_files/CP029381.1_results/PROKKA_06292018:CP029381.1_17 (length 251)
plasmid_files/CP029381.1_results/PROKKA_06292018:CP029381.1_18 (length 93)
plasmid_files/CP029381.1_results/PROKKA_06292018:CP029381.1_19 (length 234)
plasmid_files/CP029381.1_results/PROKKA_06292018:CP029381.1_20 (length 78)
plasmid_files/CP029381.1_results/PROKKA_06292018:CP029381.1_21 (length 93)
plasmid_files/CP029381.1_results/PROKKA_06292018:CP029381.1_22 (length 117)
plasmid_files/CP029381.1_results/PROKKA_06292018:CP029381.1_23 (length 320)
plasmid_files/CP029381.1_results/PROKKA_06292018:CP029381.1_24 (length 141)
plasmid_files/CP029381.1_results/PROKKA_06292018:CP029381.1_25 (length 227)
plasmid_files/CP029381.1_results/PROKKA_06292018:CP029381.1_26 (length 73)
plasmid_files/CP029381.1_results/PROKKA_06292018:CP029381.1_27 (length 144)
plasmid_files/CP029381.1_results/PROKKA_06292018:CP029381.1_28 (length 258)
plasmid_files/CP029381.1_results/PROKKA_06292018:CP029381.1_29 (length 141)
plasmid_files/CP029381.1_results/PROKKA_06292018:CP029381.1_30 (length 140)
plasmid_files/CP029381.1_results/PROKKA_06292018:CP029381.1_31 (length 63)
plasmid_files/CP029381.1_results/PROKKA_06292018:CP029381.1_32 (length 555)
plasmid_files/CP029381.1_results/PROKKA_06292018:CP029381.1_33 (length 85)
plasmid_files/CP029381.1_results/PROKKA_06292018:CP029381.1_34 (length 76)
plasmid_files/CP029381.1_results/PROKKA_06292018:CP029381.1_35 (length 453)
plasmid_files/CP029381.1_results/PROKKA_06292018:CP029381.1_36 (length 187)
plasmid_files/CP029381.1_results/PROKKA_06292018:CP029381.1_37 (length 151)
plasmid_files/CP029381.1_results/PROKKA_06292018:CP029381.1_38 (length 78)
plasmid_files/CP029381.1_results/PROKKA_06292018:CP029381.1_39 (length 175)
plasmid_files/CP029381.1_results/PROKKA_06292018:CP029381.1_40 (length 77)
plasmid_files/CP029381.1_results/PROKKA_06292018:CP029381.1_41 (length 473)
plasmid_files/CP029381.1_results/PROKKA_06292018:CP029381.1_42 (length 153)
plasmid_files/CP029381.1_results/PROKKA_06292018:CP029381.1_43 (length 144)
plasmid_files/CP029381.1_results/PROKKA_06292018:CP029381.1_44 (length 239)
plasmid_files/CP029381.1_results/PROKKA_06292018:CP029381.1_45 (length 71)
plasmid_files/CP029381.1_results/PROKKA_06292018:CP029381.1_46 (length 125)
plasmid_files/CP029381.1_results/PROKKA_06292018:CP029381.1_47 (length 78)
plasmid_files/CP029381.1_results/PROKKA_06292018:CP029381.1_48 (length 98)
plasmid_files/CP029381.1_results/PROKKA_06292018:CP029381.1_49 (length 273)
plasmid_files/CP029381.1_results/PROKKA_06292018:CP029381.1_50 (length 215)
plasmid_files/CP029381.1_results/PROKKA_06292018:CP029381.1_51 (length 127)
plasmid_files/CP029381.1_results/PROKKA_06292018:CP029381.1_52 (length 228)
plasmid_files/CP029381.1_results/PROKKA_06292018:CP029381.1_53 (length 75)
plasmid_files/CP029381.1_results/PROKKA_06292018:CP029381.1_54 (length 121)
plasmid_files/CP029381.1_results/PROKKA_06292018:CP029381.1_55 (length 103)
plasmid_files/CP029381.1_results/PROKKA_06292018:CP029381.1_56 (length 188)
plasmid_files/CP029381.1_results/PROKKA_06292018:CP029381.1_57 (length 242)
plasmid_files/CP029381.1_results/PROKKA_06292018:CP029381.1_58 (length 475)
plasmid_files/CP029381.1_results/PROKKA_06292018:CP029381.1_59 (length 196)
plasmid_files/CP029381.1_results/PROKKA_06292018:CP029381.1_60 (length 65)
plasmid_files/CP029381.1_results/PROKKA_06292018:CP029381.1_61 (length 83)
plasmid_files/CP029381.1_results/PROKKA_06292018:CP029381.1_62 (length 171)
plasmid_files/CP029381.1_results/PROKKA_06292018:CP029381.1_63 (length 73)
plasmid_files/CP029381.1_results/PROKKA_06292018:CP029381.1_64 (length 875)
plasmid_files/CP029381.1_results/PROKKA_06292018:CP029381.1_65 (length 128)
plasmid_files/CP029381.1_results/PROKKA_06292018:CP029381.1_66 (length 210)
plasmid_files/CP029381.1_results/PROKKA_06292018:CP029381.1_67 (length 330)
plasmid_files/CP029381.1_results/PROKKA_06292018:CP029381.1_68 (length 102)
plasmid_files/CP029381.1_results/PROKKA_06292018:CP029381.1_69 (length 173)
plasmid_files/CP029381.1_results/PROKKA_06292018:CP029381.1_70 (length 212)
plasmid_files/CP029381.1_results/PROKKA_06292018:CP029381.1_71 (length 123)
plasmid_files/CP029381.1_results/PROKKA_06292018:CP029381.1_72 (length 140)
plasmid_files/CP029381.1_results/PROKKA_06292018:CP029381.1_73 (length 616)
plasmid_files/CP029381.1_results/PROKKA_06292018:CP029381.1_74 (length 86)
plasmid_files/CP029381.1_results/PROKKA_06292018:CP029381.1_75 (length 247)
plasmid_files/CP029381.1_results/PROKKA_06292018:CP029381.1_76 (length 93)
plasmid_files/CP029381.1_results/PROKKA_06292018:CP029381.1_77 (length 181)
plasmid_files/CP029381.1_results/PROKKA_06292018:CP029381.1_78 (length 104)
plasmid_files/CP029381.1_results/PROKKA_06292018:CP029381.1_79 (length 130)
plasmid_files/CP029381.1_results/PROKKA_06292018:CP029381.1_80 (length 938)
plasmid_files/CP029381.1_results/PROKKA_06292018:CP029381.1_81 (length 173)
plasmid_files/CP029381.1_results/PROKKA_06292018:CP029381.1_82 (length 244)
plasmid_files/CP029381.1_results/PROKKA_06292018:CP029381.1_83 (length 245)
plasmid_files/CP029381.1_results/PROKKA_06292018:CP029381.1_84 (length 738)
plasmid_files/CP029381.1_results/PROKKA_06292018:CP029381.1_85 (length 424)
plasmid_files/CP029381.1_results/PROKKA_06292018:CP029381.1_86 (length 234)
plasmid_files/CP029381.1_results/PROKKA_06292018:CP029381.1_87 (length 234)
plasmid_files/CP029381.1_results/PROKKA_06292018:CP029381.1_88 (length 228)
plasmid_files/CP029381.1_results/PROKKA_06292018:CP029381.1_89 (length 340)
plasmid_files/CP029381.1_results/PROKKA_06292018:CP029381.1_90 (length 91)
plasmid_files/CP029381.1_results/PROKKA_06292018:CP029381.1_91 (length 125)
plasmid_files/CP029381.1_results/PROKKA_06292018:CP029381.1_92 (length 126)
plasmid_files/CP029381.1_results/PROKKA_06292018:CP029381.1_93 (length 334)
plasmid_files/CP029381.1_results/PROKKA_06292018:CP029381.1_94 (length 144)
plasmid_files/CP029381.1_results/PROKKA_06292018:CP029381.1_95 (length 116)
plasmid_files/CP029381.1_results/PROKKA_06292018:CP029381.1_96 (length 91)
plasmid_files/CP029381.1_results/PROKKA_06292018:CP029381.1_97 (length 153)
plasmid_files/CP029381.1_results/PROKKA_06292018:CP029381.1_98 (length 564)
plasmid_files/CP029381.1_results/PROKKA_06292018:CP029381.1_99 (length 120)
plasmid_files/CP029381.1_results/PROKKA_06292018:CP029381.1_100 (length 78)
plasmid_files/CP029381.1_results/PROKKA_06292018:CP029381.1_101 (length 235)
plasmid_files/CP029381.1_results/PROKKA_06292018:CP029381.1_102 (length 396)
plasmid_files/CP029381.1_results/PROKKA_06292018:CP029381.1_103 (length 234)
plasmid_files/CP029381.1_results/PROKKA_06292018:CP029381.1_104 (length 131)
plasmid_files/CP029381.1_results/PROKKA_06292018:CP029381.1_105 (length 326)
plasmid_files/CP029381.1_results/PROKKA_06292018:CP029381.1_106 (length 293)
plasmid_files/CP029381.1_results/PROKKA_06292018:CP029381.1_107 (length 326)
plasmid_files/CP029381.1_results/PROKKA_06292018:CP029381.1_108 (length 98)
plasmid_files/CP029381.1_results/PROKKA_06292018:CP029381.1_109 (length 51)
plasmid_files/CP029381.1_results/PROKKA_06292018:CP029381.1_110 (length 140)
plasmid_files/CP029381.1_results/PROKKA_06292018:CP029381.1_111 (length 92)
plasmid_files/CP029381.1_results/PROKKA_06292018:CP029381.1_112 (length 186)
plasmid_files/CP029381.1_results/PROKKA_06292018:CP029381.1_113 (length 186)
plasmid_files/CP029381.1_results/PROKKA_06292018:CP029381.1_114 (length 988)
plasmid_files/CP029381.1_results/PROKKA_06292018:CP029381.1_115 (length 286)
plasmid_files/CP029381.1_results/PROKKA_06292018:CP029381.1_116 (length 253)
plasmid_files/CP029381.1_results/PROKKA_06292018:CP029381.1_117 (length 300)
plasmid_files/CP029381.1_results/PROKKA_06292018:CP029381.1_118 (length 210)
plasmid_files/CP029381.1_results/PROKKA_06292018:CP029381.1_119 (length 207)
plasmid_files/CP029381.1_results/PROKKA_06292018:CP029381.1_120 (length 143)
plasmid_files/CP029381.1_results/PROKKA_06292018:CP029381.1_121 (length 234)
plasmid_files/CP029381.1_results/PROKKA_06292018:CP029381.1_122 (length 262)
plasmid_files/CP029381.1_results/PROKKA_06292018:CP029381.1_123 (length 138)
plasmid_files/CP029381.1_results/PROKKA_06292018:CP029381.1_124 (length 76)
plasmid_files/CP029381.1_results/PROKKA_06292018:CP029381.1_125 (length 91)
plasmid_files/CP029381.1_results/PROKKA_06292018:CP029381.1_126 (length 314)
plasmid_files/CP029381.1_results/PROKKA_06292018:CP029381.1_127 (length 130)
plasmid_files/CP029381.1_results/PROKKA_06292018:CP029381.1_128 (length 173)
plasmid_files/CP029381.1_results/PROKKA_06292018:CP029381.1_129 (length 67)
plasmid_files/CP029381.1_results/PROKKA_06292018:CP029381.1_130 (length 334)
plasmid_files/CP029381.1_results/PROKKA_06292018:CP029381.1_131 (length 259)
plasmid_files/CP029381.1_results/PROKKA_06292018:CP029381.1_132 (length 85)
plasmid_files/CP029381.1_results/PROKKA_06292018:CP029381.1_133 (length 91)
plasmid_files/CP029381.1_results/PROKKA_06292018:CP029381.1_134 (length 288)
plasmid_files/CP029381.1_results/PROKKA_06292018:CP029381.1_135 (length 203)
plasmid_files/CP029381.1_results/PROKKA_06292018:CP029381.1_136 (length 401)
plasmid_files/CP029381.1_results/PROKKA_06292018:CP029381.1_137 (length 324)
plasmid_files/CP029381.1_results/PROKKA_06292018:CP029381.1_138 (length 423)
plasmid_files/CP029381.1_results/PROKKA_06292018:CP029381.1_139 (length 143)
plasmid_files/CP029381.1_results/PROKKA_06292018:CP029381.1_140 (length 494)
plasmid_files/CP029381.1_results/PROKKA_06292018:CP029381.1_141 (length 323)
plasmid_files/CP029381.1_results/PROKKA_06292018:CP029381.1_142 (length 223)
plasmid_files/CP029381.1_results/PROKKA_06292018:CP029381.1_143 (length 76)
plasmid_files/CP029381.1_results/PROKKA_06292018:CP029381.1_144 (length 233)
plasmid_files/CP029381.1_results/PROKKA_06292018:CP029381.1_145 (length 73)
plasmid_files/CP029381.1_results/PROKKA_06292018:CP029381.1_146 (length 139)
plasmid_files/CP029381.1_results/PROKKA_06292018:CP029381.1_147 (length 255)
plasmid_files/CP029381.1_results/PROKKA_06292018:CP029381.1_148 (length 142)
plasmid_files/CP029381.1_results/PROKKA_06292018:CP029381.1_149 (length 168)
plasmid_files/CP029381.1_results/PROKKA_06292018:CP029381.1_150 (length 63)
plasmid_files/CP029381.1_results/PROKKA_06292018:CP029381.1_151 (length 84)
plasmid_files/CP029381.1_results/PROKKA_06292018:CP029381.1_152 (length 106)
plasmid_files/CP029381.1_results/PROKKA_06292018:CP029381.1_153 (length 75)
plasmid_files/CP029381.1_results/PROKKA_06292018:CP029381.1_154 (length 76)
plasmid_files/CP029381.1_results/PROKKA_06292018:CP029381.1_155 (length 451)
plasmid_files/CP029381.1_results/PROKKA_06292018:CP029381.1_156 (length 187)
plasmid_files/CP029381.1_results/PROKKA_06292018:CP029381.1_157 (length 109)
plasmid_files/CP029381.1_results/PROKKA_06292018:CP029381.1_158 (length 180)
plasmid_files/CP029381.1_results/PROKKA_06292018:CP029381.1_159 (length 82)
plasmid_files/CP029381.1_results/PROKKA_06292018:CP029381.1_160 (length 685)
plasmid_files/CP029381.1_results/PROKKA_06292018:CP029381.1_161 (length 143)
plasmid_files/CP029381.1_results/PROKKA_06292018:CP029381.1_162 (length 242)
plasmid_files/CP029381.1_results/PROKKA_06292018:CP029381.1_163 (length 108)
plasmid_files/CP029381.1_results/PROKKA_06292018:CP029381.1_164 (length 124)
plasmid_files/CP029381.1_results/PROKKA_06292018:CP029381.1_165 (length 357)
plasmid_files/CP029381.1_results/PROKKA_06292018:CP029381.1_166 (length 52)
plasmid_files/CP029381.1_results/PROKKA_06292018:CP029381.1_167 (length 90)
plasmid_files/CP029381.1_results/PROKKA_06292018:CP029381.1_168 (length 116)
plasmid_files/CP029381.1_results/PROKKA_06292018:CP029381.1_169 (length 105)
plasmid_files/CP029381.1_results/PROKKA_06292018:CP029381.1_170 (length 118)
plasmid_files/CP029381.1_results/PROKKA_06292018:CP029381.1_171 (length 70)
plasmid_files/CP029381.1_results/PROKKA_06292018:CP029381.1_172 (length 74)
plasmid_files/CP029381.1_results/PROKKA_06292018:CP029381.1_173 (length 106)
plasmid_files/CP029381.1_results/PROKKA_06292018:CP029381.1_174 (length 92)
plasmid_files/CP029381.1_results/PROKKA_06292018:CP029381.1_175 (length 35)
plasmid_files/CP029381.1_results/PROKKA_06292018:CP029381.1_176 (length 273)
plasmid_files/CP029381.1_results/PROKKA_06292018:CP029381.1_177 (length 104)
plasmid_files/CP029381.1_results/PROKKA_06292018:CP029381.1_178 (length 161)
plasmid_files/CP029381.1_results/PROKKA_06292018:CP029381.1_179 (length 127)
plasmid_files/CP029381.1_results/PROKKA_06292018:CP029381.1_180 (length 129)
plasmid_files/CP029381.1_results/PROKKA_06292018:CP029381.1_181 (length 494)
plasmid_files/CP029381.1_results/PROKKA_06292018:CP029381.1_182 (length 144)
plasmid_files/CP029381.1_results/PROKKA_06292018:CP029381.1_183 (length 122)
plasmid_files/CP029381.1_results/PROKKA_06292018:CP029381.1_184 (length 101)
plasmid_files/CP029381.1_results/PROKKA_06292018:CP029381.1_185 (length 128)
plasmid_files/CP029381.1_results/PROKKA_06292018:CP029381.1_186 (length 109)
plasmid_files/CP029381.1_results/PROKKA_06292018:CP029381.1_187 (length 234)
plasmid_files/CP029381.1_results/PROKKA_06292018:CP029381.1_188 (length 66)
plasmid_files/CP029381.1_results/PROKKA_06292018:CP029381.1_189 (length 248)
plasmid_files/CP029381.1_results/PROKKA_06292018:CP029381.1_190 (length 186)
plasmid_files/CP029381.1_results/PROKKA_06292018:CP029381.1_191 (length 66)
plasmid_files/CP029381.1_results/PROKKA_06292018:CP029381.1_192 (length 199)
plasmid_files/CP029381.1_results/PROKKA_06292018:CP029381.1_193 (length 110)
plasmid_files/CP029381.1_results/PROKKA_06292018:CP029381.1_194 (length 49)
plasmid_files/CP029381.1_results/PROKKA_06292018:CP029381.1_195 (length 82)

DiscRep_ALL:DISC_SOURCE_QUALS_ASNDISC::strain (all present, all unique)
DiscRep_SUB:DISC_SOURCE_QUALS_ASNDISC::1 sources have unique values for strain
DiscRep_ALL:DISC_SOURCE_QUALS_ASNDISC::taxname (all present, all unique)
DiscRep_SUB:DISC_SOURCE_QUALS_ASNDISC::1 sources have unique values for taxname
DiscRep_ALL:DISC_FEATURE_COUNT::CDS: 195 present
DiscRep_ALL:DISC_FEATURE_COUNT::tRNA: 1 present
DiscRep_ALL:DISC_COUNT_NUCLEOTIDES::1 nucleotide Bioseqs are present
plasmid_files/CP029381.1_results/PROKKA_06292018:CP029381.1 (length 146790)

DiscRep_ALL:FEATURE_LOCATION_CONFLICT::196 features have inconsistent gene locations.
DiscRep_SUB:FEATURE_LOCATION_CONFLICT::Coding region xref gene does not exist
plasmid_files/CP029381.1_results/PROKKA_06292018:CDS	hypothetical protein	CP029381.1:1-858	DNDCEDPP_00001

DiscRep_SUB:FEATURE_LOCATION_CONFLICT::Coding region xref gene does not exist
plasmid_files/CP029381.1_results/PROKKA_06292018:CDS	hypothetical protein	CP029381.1:1881-2450	DNDCEDPP_00002

DiscRep_SUB:FEATURE_LOCATION_CONFLICT::Coding region xref gene does not exist
plasmid_files/CP029381.1_results/PROKKA_06292018:CDS	Antitoxin PemI	CP029381.1:2543-2800	DNDCEDPP_00003

DiscRep_SUB:FEATURE_LOCATION_CONFLICT::Coding region xref gene does not exist
plasmid_files/CP029381.1_results/PROKKA_06292018:CDS	Endoribonuclease PemK	CP029381.1:2802-3134	DNDCEDPP_00004

DiscRep_SUB:FEATURE_LOCATION_CONFLICT::Coding region xref gene does not exist
plasmid_files/CP029381.1_results/PROKKA_06292018:CDS	hypothetical protein	CP029381.1:c4439-3834	DNDCEDPP_00005

DiscRep_SUB:FEATURE_LOCATION_CONFLICT::Coding region xref gene does not exist
plasmid_files/CP029381.1_results/PROKKA_06292018:CDS	hypothetical protein	CP029381.1:c5149-4445	DNDCEDPP_00006

DiscRep_SUB:FEATURE_LOCATION_CONFLICT::Coding region xref gene does not exist
plasmid_files/CP029381.1_results/PROKKA_06292018:CDS	Beta-lactamase Toho-1	CP029381.1:5660-6535	DNDCEDPP_00007

DiscRep_SUB:FEATURE_LOCATION_CONFLICT::Coding region xref gene does not exist
plasmid_files/CP029381.1_results/PROKKA_06292018:CDS	hypothetical protein	CP029381.1:6570-7538	DNDCEDPP_00008

DiscRep_SUB:FEATURE_LOCATION_CONFLICT::Coding region xref gene does not exist
plasmid_files/CP029381.1_results/PROKKA_06292018:CDS	Catecholate siderophore receptor Fiu	CP029381.1:7667-8692	DNDCEDPP_00009

DiscRep_SUB:FEATURE_LOCATION_CONFLICT::Coding region xref gene does not exist
plasmid_files/CP029381.1_results/PROKKA_06292018:CDS	hypothetical protein	CP029381.1:c9993-9289	DNDCEDPP_00010

DiscRep_SUB:FEATURE_LOCATION_CONFLICT::Coding region xref gene does not exist
plasmid_files/CP029381.1_results/PROKKA_06292018:CDS	hypothetical protein	CP029381.1:10073-10648	DNDCEDPP_00011

DiscRep_SUB:FEATURE_LOCATION_CONFLICT::Coding region xref gene does not exist
plasmid_files/CP029381.1_results/PROKKA_06292018:CDS	hypothetical protein	CP029381.1:11104-11808	DNDCEDPP_00012

DiscRep_SUB:FEATURE_LOCATION_CONFLICT::Coding region xref gene does not exist
plasmid_files/CP029381.1_results/PROKKA_06292018:CDS	hypothetical protein	CP029381.1:c12476-11754	DNDCEDPP_00013

DiscRep_SUB:FEATURE_LOCATION_CONFLICT::Coding region xref gene does not exist
plasmid_files/CP029381.1_results/PROKKA_06292018:CDS	hypothetical protein	CP029381.1:c12674-12486	DNDCEDPP_00014

DiscRep_SUB:FEATURE_LOCATION_CONFLICT::Coding region xref gene does not exist
plasmid_files/CP029381.1_results/PROKKA_06292018:CDS	Transposon Tn3 resolvase	CP029381.1:12787-13302	DNDCEDPP_00015

DiscRep_SUB:FEATURE_LOCATION_CONFLICT::Coding region xref gene does not exist
plasmid_files/CP029381.1_results/PROKKA_06292018:CDS	Beta-lactamase TEM	CP029381.1:13485-14345	DNDCEDPP_00016

DiscRep_SUB:FEATURE_LOCATION_CONFLICT::Coding region xref gene does not exist
plasmid_files/CP029381.1_results/PROKKA_06292018:CDS	16S rRNA (guanine(1405)-N(7))-methyltransferase	CP029381.1:14515-15270	DNDCEDPP_00017

DiscRep_SUB:FEATURE_LOCATION_CONFLICT::Coding region xref gene does not exist
plasmid_files/CP029381.1_results/PROKKA_06292018:CDS	hypothetical protein	CP029381.1:c15632-15351	DNDCEDPP_00018

DiscRep_SUB:FEATURE_LOCATION_CONFLICT::Coding region xref gene does not exist
plasmid_files/CP029381.1_results/PROKKA_06292018:CDS	hypothetical protein	CP029381.1:c16424-15720	DNDCEDPP_00019

DiscRep_SUB:FEATURE_LOCATION_CONFLICT::Coding region xref gene does not exist
plasmid_files/CP029381.1_results/PROKKA_06292018:CDS	hypothetical protein	CP029381.1:c18337-18101	DNDCEDPP_00020

DiscRep_SUB:FEATURE_LOCATION_CONFLICT::Coding region xref gene does not exist
plasmid_files/CP029381.1_results/PROKKA_06292018:CDS	hypothetical protein	CP029381.1:18366-18647	DNDCEDPP_00021

DiscRep_SUB:FEATURE_LOCATION_CONFLICT::Coding region xref gene does not exist
plasmid_files/CP029381.1_results/PROKKA_06292018:CDS	Protein StbB	CP029381.1:c19123-18770	DNDCEDPP_00022

DiscRep_SUB:FEATURE_LOCATION_CONFLICT::Coding region xref gene does not exist
plasmid_files/CP029381.1_results/PROKKA_06292018:CDS	Plasmid segregation protein ParM	CP029381.1:c20085-19123	DNDCEDPP_00023

DiscRep_SUB:FEATURE_LOCATION_CONFLICT::Coding region xref gene does not exist
plasmid_files/CP029381.1_results/PROKKA_06292018:CDS	hypothetical protein	CP029381.1:20100-20525	DNDCEDPP_00024

DiscRep_SUB:FEATURE_LOCATION_CONFLICT::Coding region xref gene does not exist
plasmid_files/CP029381.1_results/PROKKA_06292018:CDS	DNA adenine methyltransferase YhdJ	CP029381.1:20602-21285	DNDCEDPP_00025

DiscRep_SUB:FEATURE_LOCATION_CONFLICT::Coding region xref gene does not exist
plasmid_files/CP029381.1_results/PROKKA_06292018:CDS	hypothetical protein	CP029381.1:21286-21507	DNDCEDPP_00026

DiscRep_SUB:FEATURE_LOCATION_CONFLICT::Coding region xref gene does not exist
plasmid_files/CP029381.1_results/PROKKA_06292018:CDS	hypothetical protein	CP029381.1:21521-21955	DNDCEDPP_00027

DiscRep_SUB:FEATURE_LOCATION_CONFLICT::Coding region xref gene does not exist
plasmid_files/CP029381.1_results/PROKKA_06292018:CDS	hypothetical protein	CP029381.1:22006-22782	DNDCEDPP_00028

DiscRep_SUB:FEATURE_LOCATION_CONFLICT::Coding region xref gene does not exist
plasmid_files/CP029381.1_results/PROKKA_06292018:CDS	Antirestriction protein KlcA	CP029381.1:23200-23625	DNDCEDPP_00029

DiscRep_SUB:FEATURE_LOCATION_CONFLICT::Coding region xref gene does not exist
plasmid_files/CP029381.1_results/PROKKA_06292018:CDS	hypothetical protein	CP029381.1:23672-24094	DNDCEDPP_00030

DiscRep_SUB:FEATURE_LOCATION_CONFLICT::Coding region xref gene does not exist
plasmid_files/CP029381.1_results/PROKKA_06292018:CDS	hypothetical protein	CP029381.1:24091-24282	DNDCEDPP_00031

DiscRep_SUB:FEATURE_LOCATION_CONFLICT::Coding region xref gene does not exist
plasmid_files/CP029381.1_results/PROKKA_06292018:CDS	Group II intron-encoded protein LtrA	CP029381.1:c26263-24596	DNDCEDPP_00032

DiscRep_SUB:FEATURE_LOCATION_CONFLICT::Coding region xref gene does not exist
plasmid_files/CP029381.1_results/PROKKA_06292018:CDS	hypothetical protein	CP029381.1:c27400-27143	DNDCEDPP_00033

DiscRep_SUB:FEATURE_LOCATION_CONFLICT::Coding region xref gene does not exist
plasmid_files/CP029381.1_results/PROKKA_06292018:CDS	hypothetical protein	CP029381.1:27663-27893	DNDCEDPP_00034

DiscRep_SUB:FEATURE_LOCATION_CONFLICT::Coding region xref gene does not exist
plasmid_files/CP029381.1_results/PROKKA_06292018:CDS	hypothetical protein	CP029381.1:27945-29306	DNDCEDPP_00035

DiscRep_SUB:FEATURE_LOCATION_CONFLICT::Coding region xref gene does not exist
plasmid_files/CP029381.1_results/PROKKA_06292018:CDS	Ribosomal RNA small subunit methyltransferase A	CP029381.1:29353-29916	DNDCEDPP_00036

DiscRep_SUB:FEATURE_LOCATION_CONFLICT::Coding region xref gene does not exist
plasmid_files/CP029381.1_results/PROKKA_06292018:CDS	hypothetical protein	CP029381.1:c30457-30002	DNDCEDPP_00037

DiscRep_SUB:FEATURE_LOCATION_CONFLICT::Coding region xref gene does not exist
plasmid_files/CP029381.1_results/PROKKA_06292018:CDS	hypothetical protein	CP029381.1:c30694-30458	DNDCEDPP_00038

DiscRep_SUB:FEATURE_LOCATION_CONFLICT::Coding region xref gene does not exist
plasmid_files/CP029381.1_results/PROKKA_06292018:CDS	Plasmid-derived single-stranded DNA-binding protein	CP029381.1:30759-31286	DNDCEDPP_00039

DiscRep_SUB:FEATURE_LOCATION_CONFLICT::Coding region xref gene does not exist
plasmid_files/CP029381.1_results/PROKKA_06292018:CDS	hypothetical protein	CP029381.1:31344-31577	DNDCEDPP_00040

DiscRep_SUB:FEATURE_LOCATION_CONFLICT::Coding region xref gene does not exist
plasmid_files/CP029381.1_results/PROKKA_06292018:CDS	Chromosome-partitioning protein Spo0J	CP029381.1:31638-33059	DNDCEDPP_00041

DiscRep_SUB:FEATURE_LOCATION_CONFLICT::Coding region xref gene does not exist
plasmid_files/CP029381.1_results/PROKKA_06292018:CDS	hypothetical protein	CP029381.1:33200-33661	DNDCEDPP_00042

DiscRep_SUB:FEATURE_LOCATION_CONFLICT::Coding region xref gene does not exist
plasmid_files/CP029381.1_results/PROKKA_06292018:CDS	Protein PsiB	CP029381.1:33730-34164	DNDCEDPP_00043

DiscRep_SUB:FEATURE_LOCATION_CONFLICT::Coding region xref gene does not exist
plasmid_files/CP029381.1_results/PROKKA_06292018:CDS	hypothetical protein	CP029381.1:34161-34880	DNDCEDPP_00044

DiscRep_SUB:FEATURE_LOCATION_CONFLICT::Coding region xref gene does not exist
plasmid_files/CP029381.1_results/PROKKA_06292018:CDS	hypothetical protein	CP029381.1:c35116-34901	DNDCEDPP_00045

DiscRep_SUB:FEATURE_LOCATION_CONFLICT::Coding region xref gene does not exist
plasmid_files/CP029381.1_results/PROKKA_06292018:CDS	hypothetical protein	CP029381.1:c35933-35556	DNDCEDPP_00046

DiscRep_SUB:FEATURE_LOCATION_CONFLICT::Coding region xref gene does not exist
plasmid_files/CP029381.1_results/PROKKA_06292018:CDS	hypothetical protein	CP029381.1:c36170-35934	DNDCEDPP_00047

DiscRep_SUB:FEATURE_LOCATION_CONFLICT::Coding region xref gene does not exist
plasmid_files/CP029381.1_results/PROKKA_06292018:CDS	hypothetical protein	CP029381.1:36233-36529	DNDCEDPP_00048

DiscRep_SUB:FEATURE_LOCATION_CONFLICT::Coding region xref gene does not exist
plasmid_files/CP029381.1_results/PROKKA_06292018:CDS	hypothetical protein	CP029381.1:36640-37461	DNDCEDPP_00049

DiscRep_SUB:FEATURE_LOCATION_CONFLICT::Coding region xref gene does not exist
plasmid_files/CP029381.1_results/PROKKA_06292018:CDS	hypothetical protein	CP029381.1:c38405-37758	DNDCEDPP_00050

DiscRep_SUB:FEATURE_LOCATION_CONFLICT::Coding region xref gene does not exist
plasmid_files/CP029381.1_results/PROKKA_06292018:CDS	Relaxosome protein TraM	CP029381.1:38682-39065	DNDCEDPP_00051

DiscRep_SUB:FEATURE_LOCATION_CONFLICT::Coding region xref gene does not exist
plasmid_files/CP029381.1_results/PROKKA_06292018:CDS	Protein TraJ	CP029381.1:39256-39942	DNDCEDPP_00052

DiscRep_SUB:FEATURE_LOCATION_CONFLICT::Coding region xref gene does not exist
plasmid_files/CP029381.1_results/PROKKA_06292018:CDS	Relaxosome protein TraY	CP029381.1:40036-40263	DNDCEDPP_00053

DiscRep_SUB:FEATURE_LOCATION_CONFLICT::Coding region xref gene does not exist
plasmid_files/CP029381.1_results/PROKKA_06292018:CDS	Pilin	CP029381.1:40297-40662	DNDCEDPP_00054

DiscRep_SUB:FEATURE_LOCATION_CONFLICT::Coding region xref gene does not exist
plasmid_files/CP029381.1_results/PROKKA_06292018:CDS	hypothetical protein	CP029381.1:40677-40988	DNDCEDPP_00055

DiscRep_SUB:FEATURE_LOCATION_CONFLICT::Coding region xref gene does not exist
plasmid_files/CP029381.1_results/PROKKA_06292018:CDS	hypothetical protein	CP029381.1:41010-41576	DNDCEDPP_00056

DiscRep_SUB:FEATURE_LOCATION_CONFLICT::Coding region xref gene does not exist
plasmid_files/CP029381.1_results/PROKKA_06292018:CDS	hypothetical protein	CP029381.1:41563-42291	DNDCEDPP_00057

DiscRep_SUB:FEATURE_LOCATION_CONFLICT::Coding region xref gene does not exist
plasmid_files/CP029381.1_results/PROKKA_06292018:CDS	hypothetical protein	CP029381.1:42291-43718	DNDCEDPP_00058

DiscRep_SUB:FEATURE_LOCATION_CONFLICT::Coding region xref gene does not exist
plasmid_files/CP029381.1_results/PROKKA_06292018:CDS	hypothetical protein	CP029381.1:43708-44298	DNDCEDPP_00059

DiscRep_SUB:FEATURE_LOCATION_CONFLICT::Coding region xref gene does not exist
plasmid_files/CP029381.1_results/PROKKA_06292018:CDS	hypothetical protein	CP029381.1:44285-44482	DNDCEDPP_00060

DiscRep_SUB:FEATURE_LOCATION_CONFLICT::Coding region xref gene does not exist
plasmid_files/CP029381.1_results/PROKKA_06292018:CDS	hypothetical protein	CP029381.1:44494-44745	DNDCEDPP_00061

DiscRep_SUB:FEATURE_LOCATION_CONFLICT::Coding region xref gene does not exist
plasmid_files/CP029381.1_results/PROKKA_06292018:CDS	Protein TraV	CP029381.1:44742-45257	DNDCEDPP_00062

DiscRep_SUB:FEATURE_LOCATION_CONFLICT::Coding region xref gene does not exist
plasmid_files/CP029381.1_results/PROKKA_06292018:CDS	Protein TraR	CP029381.1:45392-45613	DNDCEDPP_00063

DiscRep_SUB:FEATURE_LOCATION_CONFLICT::Coding region xref gene does not exist
plasmid_files/CP029381.1_results/PROKKA_06292018:CDS	Protein TraC	CP029381.1:45773-48400	DNDCEDPP_00064

DiscRep_SUB:FEATURE_LOCATION_CONFLICT::Coding region xref gene does not exist
plasmid_files/CP029381.1_results/PROKKA_06292018:CDS	hypothetical protein	CP029381.1:48397-48783	DNDCEDPP_00065

DiscRep_SUB:FEATURE_LOCATION_CONFLICT::Coding region xref gene does not exist
plasmid_files/CP029381.1_results/PROKKA_06292018:CDS	hypothetical protein	CP029381.1:48780-49412	DNDCEDPP_00066

DiscRep_SUB:FEATURE_LOCATION_CONFLICT::Coding region xref gene does not exist
plasmid_files/CP029381.1_results/PROKKA_06292018:CDS	hypothetical protein	CP029381.1:49409-50401	DNDCEDPP_00067

DiscRep_SUB:FEATURE_LOCATION_CONFLICT::Coding region xref gene does not exist
plasmid_files/CP029381.1_results/PROKKA_06292018:CDS	hypothetical protein	CP029381.1:50428-50736	DNDCEDPP_00068

DiscRep_SUB:FEATURE_LOCATION_CONFLICT::Coding region xref gene does not exist
plasmid_files/CP029381.1_results/PROKKA_06292018:CDS	hypothetical protein	CP029381.1:50799-51320	DNDCEDPP_00069

DiscRep_SUB:FEATURE_LOCATION_CONFLICT::Coding region xref gene does not exist
plasmid_files/CP029381.1_results/PROKKA_06292018:CDS	hypothetical protein	CP029381.1:51347-51985	DNDCEDPP_00070

DiscRep_SUB:FEATURE_LOCATION_CONFLICT::Coding region xref gene does not exist
plasmid_files/CP029381.1_results/PROKKA_06292018:CDS	hypothetical protein	CP029381.1:51982-52353	DNDCEDPP_00071

DiscRep_SUB:FEATURE_LOCATION_CONFLICT::Coding region xref gene does not exist
plasmid_files/CP029381.1_results/PROKKA_06292018:CDS	hypothetical protein	CP029381.1:52379-52801	DNDCEDPP_00072

DiscRep_SUB:FEATURE_LOCATION_CONFLICT::Coding region xref gene does not exist
plasmid_files/CP029381.1_results/PROKKA_06292018:CDS	hypothetical protein	CP029381.1:52798-54648	DNDCEDPP_00073

DiscRep_SUB:FEATURE_LOCATION_CONFLICT::Coding region xref gene does not exist
plasmid_files/CP029381.1_results/PROKKA_06292018:CDS	hypothetical protein	CP029381.1:54672-54932	DNDCEDPP_00074

DiscRep_SUB:FEATURE_LOCATION_CONFLICT::Coding region xref gene does not exist
plasmid_files/CP029381.1_results/PROKKA_06292018:CDS	hypothetical protein	CP029381.1:54925-55668	DNDCEDPP_00075

DiscRep_SUB:FEATURE_LOCATION_CONFLICT::Coding region xref gene does not exist
plasmid_files/CP029381.1_results/PROKKA_06292018:CDS	Protein TraQ	CP029381.1:55784-56065	DNDCEDPP_00076

DiscRep_SUB:FEATURE_LOCATION_CONFLICT::Coding region xref gene does not exist
plasmid_files/CP029381.1_results/PROKKA_06292018:CDS	hypothetical protein	CP029381.1:56052-56597	DNDCEDPP_00077

DiscRep_SUB:FEATURE_LOCATION_CONFLICT::Coding region xref gene does not exist
plasmid_files/CP029381.1_results/PROKKA_06292018:CDS	hypothetical protein	CP029381.1:56587-56901	DNDCEDPP_00078

DiscRep_SUB:FEATURE_LOCATION_CONFLICT::Coding region xref gene does not exist
plasmid_files/CP029381.1_results/PROKKA_06292018:CDS	hypothetical protein	CP029381.1:56855-57247	DNDCEDPP_00079

DiscRep_SUB:FEATURE_LOCATION_CONFLICT::Coding region xref gene does not exist
plasmid_files/CP029381.1_results/PROKKA_06292018:CDS	hypothetical protein	CP029381.1:58604-61420	DNDCEDPP_00081

DiscRep_SUB:FEATURE_LOCATION_CONFLICT::Coding region xref gene does not exist
plasmid_files/CP029381.1_results/PROKKA_06292018:CDS	Protein TraS	CP029381.1:61453-61974	DNDCEDPP_00082

DiscRep_SUB:FEATURE_LOCATION_CONFLICT::Coding region xref gene does not exist
plasmid_files/CP029381.1_results/PROKKA_06292018:CDS	Lipoprotein YlpA	CP029381.1:61996-62730	DNDCEDPP_00083

DiscRep_SUB:FEATURE_LOCATION_CONFLICT::Coding region xref gene does not exist
plasmid_files/CP029381.1_results/PROKKA_06292018:CDS	hypothetical protein	CP029381.1:62933-63670	DNDCEDPP_00084

DiscRep_SUB:FEATURE_LOCATION_CONFLICT::Coding region xref gene does not exist
plasmid_files/CP029381.1_results/PROKKA_06292018:CDS	Coupling protein TraD	CP029381.1:63721-65937	DNDCEDPP_00085

DiscRep_SUB:FEATURE_LOCATION_CONFLICT::Coding region xref gene does not exist
plasmid_files/CP029381.1_results/PROKKA_06292018:CDS	Multifunctional conjugation protein TraI	CP029381.1:65937-67211	DNDCEDPP_00086

DiscRep_SUB:FEATURE_LOCATION_CONFLICT::Coding region xref gene does not exist
plasmid_files/CP029381.1_results/PROKKA_06292018:CDS	hypothetical protein	CP029381.1:c67861-67157	DNDCEDPP_00087

DiscRep_SUB:FEATURE_LOCATION_CONFLICT::Coding region xref gene does not exist
plasmid_files/CP029381.1_results/PROKKA_06292018:CDS	hypothetical protein	CP029381.1:68275-68979	DNDCEDPP_00088

DiscRep_SUB:FEATURE_LOCATION_CONFLICT::Coding region xref gene does not exist
plasmid_files/CP029381.1_results/PROKKA_06292018:CDS	hypothetical protein	CP029381.1:69179-69865	DNDCEDPP_00089

DiscRep_SUB:FEATURE_LOCATION_CONFLICT::Coding region xref gene does not exist
plasmid_files/CP029381.1_results/PROKKA_06292018:CDS	hypothetical protein	CP029381.1:69850-70872	DNDCEDPP_00090

DiscRep_SUB:FEATURE_LOCATION_CONFLICT::Coding region xref gene does not exist
plasmid_files/CP029381.1_results/PROKKA_06292018:CDS	hypothetical protein	CP029381.1:71128-71403	DNDCEDPP_00091

DiscRep_SUB:FEATURE_LOCATION_CONFLICT::Coding region xref gene does not exist
plasmid_files/CP029381.1_results/PROKKA_06292018:CDS	hypothetical protein	CP029381.1:71448-71825	DNDCEDPP_00092

DiscRep_SUB:FEATURE_LOCATION_CONFLICT::Coding region xref gene does not exist
plasmid_files/CP029381.1_results/PROKKA_06292018:CDS	hypothetical protein	CP029381.1:71827-72207	DNDCEDPP_00093

DiscRep_SUB:FEATURE_LOCATION_CONFLICT::Coding region xref gene does not exist
plasmid_files/CP029381.1_results/PROKKA_06292018:CDS	hypothetical protein	CP029381.1:c73410-72406	DNDCEDPP_00094

DiscRep_SUB:FEATURE_LOCATION_CONFLICT::Coding region xref gene does not exist
plasmid_files/CP029381.1_results/PROKKA_06292018:CDS	Mercuric resistance operon regulatory protein	CP029381.1:c73923-73489	DNDCEDPP_00095

DiscRep_SUB:FEATURE_LOCATION_CONFLICT::Coding region xref gene does not exist
plasmid_files/CP029381.1_results/PROKKA_06292018:CDS	Mercuric transport protein MerT	CP029381.1:73995-74345	DNDCEDPP_00096

DiscRep_SUB:FEATURE_LOCATION_CONFLICT::Coding region xref gene does not exist
plasmid_files/CP029381.1_results/PROKKA_06292018:CDS	Mercuric transport protein periplasmic component	CP029381.1:74359-74634	DNDCEDPP_00097

DiscRep_SUB:FEATURE_LOCATION_CONFLICT::Coding region xref gene does not exist
plasmid_files/CP029381.1_results/PROKKA_06292018:CDS	Mercuric transport protein MerC	CP029381.1:74631-75092	DNDCEDPP_00098

DiscRep_SUB:FEATURE_LOCATION_CONFLICT::Coding region xref gene does not exist
plasmid_files/CP029381.1_results/PROKKA_06292018:CDS	Mercuric reductase	CP029381.1:75144-76838	DNDCEDPP_00099

DiscRep_SUB:FEATURE_LOCATION_CONFLICT::Coding region xref gene does not exist
plasmid_files/CP029381.1_results/PROKKA_06292018:CDS	HTH-type transcriptional activator mta	CP029381.1:76856-77218	DNDCEDPP_00100

DiscRep_SUB:FEATURE_LOCATION_CONFLICT::Coding region xref gene does not exist
plasmid_files/CP029381.1_results/PROKKA_06292018:CDS	hypothetical protein	CP029381.1:77215-77451	DNDCEDPP_00101

DiscRep_SUB:FEATURE_LOCATION_CONFLICT::Coding region xref gene does not exist
plasmid_files/CP029381.1_results/PROKKA_06292018:CDS	putative signaling protein	CP029381.1:77448-78155	DNDCEDPP_00102

DiscRep_SUB:FEATURE_LOCATION_CONFLICT::Coding region xref gene does not exist
plasmid_files/CP029381.1_results/PROKKA_06292018:CDS	Transposon Tn7 transposition protein TnsB	CP029381.1:78230-79420	DNDCEDPP_00103

DiscRep_SUB:FEATURE_LOCATION_CONFLICT::Coding region xref gene does not exist
plasmid_files/CP029381.1_results/PROKKA_06292018:CDS	hypothetical protein	CP029381.1:79467-80171	DNDCEDPP_00104

DiscRep_SUB:FEATURE_LOCATION_CONFLICT::Coding region xref gene does not exist
plasmid_files/CP029381.1_results/PROKKA_06292018:CDS	Transposon Tn3 resolvase	CP029381.1:80289-80684	DNDCEDPP_00105

DiscRep_SUB:FEATURE_LOCATION_CONFLICT::Coding region xref gene does not exist
plasmid_files/CP029381.1_results/PROKKA_06292018:CDS	hypothetical protein	CP029381.1:80807-81787	DNDCEDPP_00106

DiscRep_SUB:FEATURE_LOCATION_CONFLICT::Coding region xref gene does not exist
plasmid_files/CP029381.1_results/PROKKA_06292018:CDS	Carbapenem-hydrolyzing beta-lactamase KPC	CP029381.1:82063-82944	DNDCEDPP_00107

DiscRep_SUB:FEATURE_LOCATION_CONFLICT::Coding region xref gene does not exist
plasmid_files/CP029381.1_results/PROKKA_06292018:CDS	hypothetical protein	CP029381.1:c84174-83194	DNDCEDPP_00108

DiscRep_SUB:FEATURE_LOCATION_CONFLICT::Coding region xref gene does not exist
plasmid_files/CP029381.1_results/PROKKA_06292018:CDS	hypothetical protein	CP029381.1:c84475-84179	DNDCEDPP_00109

DiscRep_SUB:FEATURE_LOCATION_CONFLICT::Coding region xref gene does not exist
plasmid_files/CP029381.1_results/PROKKA_06292018:CDS	hypothetical protein	CP029381.1:c84676-84521	DNDCEDPP_00110

DiscRep_SUB:FEATURE_LOCATION_CONFLICT::Coding region xref gene does not exist
plasmid_files/CP029381.1_results/PROKKA_06292018:CDS	Antirestriction protein KlcA	CP029381.1:c85226-84804	DNDCEDPP_00111

DiscRep_SUB:FEATURE_LOCATION_CONFLICT::Coding region xref gene does not exist
plasmid_files/CP029381.1_results/PROKKA_06292018:CDS	hypothetical protein	CP029381.1:c85618-85340	DNDCEDPP_00112

DiscRep_SUB:FEATURE_LOCATION_CONFLICT::Coding region xref gene does not exist
plasmid_files/CP029381.1_results/PROKKA_06292018:CDS	hypothetical protein	CP029381.1:c86712-86152	DNDCEDPP_00113

DiscRep_SUB:FEATURE_LOCATION_CONFLICT::Coding region xref gene does not exist
plasmid_files/CP029381.1_results/PROKKA_06292018:CDS	DNA-invertase hin	CP029381.1:87161-87721	DNDCEDPP_00114

DiscRep_SUB:FEATURE_LOCATION_CONFLICT::Coding region xref gene does not exist
plasmid_files/CP029381.1_results/PROKKA_06292018:CDS	hypothetical protein	CP029381.1:87725-90691	DNDCEDPP_00115

DiscRep_SUB:FEATURE_LOCATION_CONFLICT::Coding region xref gene does not exist
plasmid_files/CP029381.1_results/PROKKA_06292018:CDS	Beta-lactamase SHV-2	CP029381.1:90932-91792	DNDCEDPP_00116

DiscRep_SUB:FEATURE_LOCATION_CONFLICT::Coding region xref gene does not exist
plasmid_files/CP029381.1_results/PROKKA_06292018:CDS	Glycerol-3-phosphate regulon repressor	CP029381.1:c92574-91813	DNDCEDPP_00117

DiscRep_SUB:FEATURE_LOCATION_CONFLICT::Coding region xref gene does not exist
plasmid_files/CP029381.1_results/PROKKA_06292018:CDS	L-threonate dehydrogenase	CP029381.1:92836-93738	DNDCEDPP_00118

DiscRep_SUB:FEATURE_LOCATION_CONFLICT::Coding region xref gene does not exist
plasmid_files/CP029381.1_results/PROKKA_06292018:CDS	3-oxo-tetronate kinase	CP029381.1:93750-94382	DNDCEDPP_00119

DiscRep_SUB:FEATURE_LOCATION_CONFLICT::Coding region xref gene does not exist
plasmid_files/CP029381.1_results/PROKKA_06292018:CDS	3-oxo-tetronate kinase	CP029381.1:94379-95002	DNDCEDPP_00120

DiscRep_SUB:FEATURE_LOCATION_CONFLICT::Coding region xref gene does not exist
plasmid_files/CP029381.1_results/PROKKA_06292018:CDS	3-oxo-tetronate 4-phosphate decarboxylase	CP029381.1:94995-95426	DNDCEDPP_00121

DiscRep_SUB:FEATURE_LOCATION_CONFLICT::Coding region xref gene does not exist
plasmid_files/CP029381.1_results/PROKKA_06292018:CDS	hypothetical protein	CP029381.1:c96076-95372	DNDCEDPP_00122

DiscRep_SUB:FEATURE_LOCATION_CONFLICT::Coding region xref gene does not exist
plasmid_files/CP029381.1_results/PROKKA_06292018:CDS	DNA replication and repair protein RecF	CP029381.1:c96876-96088	DNDCEDPP_00123

DiscRep_SUB:FEATURE_LOCATION_CONFLICT::Coding region xref gene does not exist
plasmid_files/CP029381.1_results/PROKKA_06292018:CDS	tRNA(fMet)-specific endonuclease VapC	CP029381.1:c97366-96950	DNDCEDPP_00124

DiscRep_SUB:FEATURE_LOCATION_CONFLICT::Coding region xref gene does not exist
plasmid_files/CP029381.1_results/PROKKA_06292018:CDS	Antitoxin VapB	CP029381.1:c97593-97363	DNDCEDPP_00125

DiscRep_SUB:FEATURE_LOCATION_CONFLICT::Coding region xref gene does not exist
plasmid_files/CP029381.1_results/PROKKA_06292018:CDS	hypothetical protein	CP029381.1:c98038-97763	DNDCEDPP_00126

DiscRep_SUB:FEATURE_LOCATION_CONFLICT::Coding region xref gene does not exist
plasmid_files/CP029381.1_results/PROKKA_06292018:CDS	hypothetical protein	CP029381.1:98172-99116	DNDCEDPP_00127

DiscRep_SUB:FEATURE_LOCATION_CONFLICT::Coding region xref gene does not exist
plasmid_files/CP029381.1_results/PROKKA_06292018:CDS	hypothetical protein	CP029381.1:99153-99545	DNDCEDPP_00128

DiscRep_SUB:FEATURE_LOCATION_CONFLICT::Coding region xref gene does not exist
plasmid_files/CP029381.1_results/PROKKA_06292018:CDS	hypothetical protein	CP029381.1:99603-100124	DNDCEDPP_00129

DiscRep_SUB:FEATURE_LOCATION_CONFLICT::Coding region xref gene does not exist
plasmid_files/CP029381.1_results/PROKKA_06292018:CDS	hypothetical protein	CP029381.1:100170-100373	DNDCEDPP_00130

DiscRep_SUB:FEATURE_LOCATION_CONFLICT::Coding region xref gene does not exist
plasmid_files/CP029381.1_results/PROKKA_06292018:CDS	hypothetical protein	CP029381.1:100403-101407	DNDCEDPP_00131

DiscRep_SUB:FEATURE_LOCATION_CONFLICT::Coding region xref gene does not exist
plasmid_files/CP029381.1_results/PROKKA_06292018:CDS	Tyrosine recombinase XerD	CP029381.1:101591-102370	DNDCEDPP_00132

DiscRep_SUB:FEATURE_LOCATION_CONFLICT::Coding region xref gene does not exist
plasmid_files/CP029381.1_results/PROKKA_06292018:CDS	hypothetical protein	CP029381.1:c102673-102416	DNDCEDPP_00133

DiscRep_SUB:FEATURE_LOCATION_CONFLICT::Coding region xref gene does not exist
plasmid_files/CP029381.1_results/PROKKA_06292018:CDS	hypothetical protein	CP029381.1:c103233-102958	DNDCEDPP_00134

DiscRep_SUB:FEATURE_LOCATION_CONFLICT::Coding region xref gene does not exist
plasmid_files/CP029381.1_results/PROKKA_06292018:CDS	Replication initiation protein	CP029381.1:103451-104317	DNDCEDPP_00135

DiscRep_SUB:FEATURE_LOCATION_CONFLICT::Coding region xref gene does not exist
plasmid_files/CP029381.1_results/PROKKA_06292018:CDS	hypothetical protein	CP029381.1:c105013-104402	DNDCEDPP_00136

DiscRep_SUB:FEATURE_LOCATION_CONFLICT::Coding region xref gene does not exist
plasmid_files/CP029381.1_results/PROKKA_06292018:CDS	Plasmid partition protein A	CP029381.1:105427-106632	DNDCEDPP_00137

DiscRep_SUB:FEATURE_LOCATION_CONFLICT::Coding region xref gene does not exist
plasmid_files/CP029381.1_results/PROKKA_06292018:CDS	Virulence regulon transcriptional activator VirB	CP029381.1:106632-107606	DNDCEDPP_00138

DiscRep_SUB:FEATURE_LOCATION_CONFLICT::Coding region xref gene does not exist
plasmid_files/CP029381.1_results/PROKKA_06292018:CDS	Protein UmuC	CP029381.1:c108959-107688	DNDCEDPP_00139

DiscRep_SUB:FEATURE_LOCATION_CONFLICT::Coding region xref gene does not exist
plasmid_files/CP029381.1_results/PROKKA_06292018:CDS	Protein UmuD	CP029381.1:c109390-108959	DNDCEDPP_00140

DiscRep_SUB:FEATURE_LOCATION_CONFLICT::Coding region xref gene does not exist
plasmid_files/CP029381.1_results/PROKKA_06292018:CDS	Group II intron-encoded protein LtrA	CP029381.1:109800-111284	DNDCEDPP_00141

DiscRep_SUB:FEATURE_LOCATION_CONFLICT::Coding region xref gene does not exist
plasmid_files/CP029381.1_results/PROKKA_06292018:CDS	Plasmid segregation protein ParM	CP029381.1:111533-112504	DNDCEDPP_00142

DiscRep_SUB:FEATURE_LOCATION_CONFLICT::Coding region xref gene does not exist
plasmid_files/CP029381.1_results/PROKKA_06292018:CDS	hypothetical protein	CP029381.1:112507-113178	DNDCEDPP_00143

DiscRep_SUB:FEATURE_LOCATION_CONFLICT::Coding region xref gene does not exist
plasmid_files/CP029381.1_results/PROKKA_06292018:CDS	hypothetical protein	CP029381.1:113241-113471	DNDCEDPP_00144

DiscRep_SUB:FEATURE_LOCATION_CONFLICT::Coding region xref gene does not exist
plasmid_files/CP029381.1_results/PROKKA_06292018:CDS	DNA adenine methyltransferase YhdJ	CP029381.1:113908-114609	DNDCEDPP_00145

DiscRep_SUB:FEATURE_LOCATION_CONFLICT::Coding region xref gene does not exist
plasmid_files/CP029381.1_results/PROKKA_06292018:CDS	hypothetical protein	CP029381.1:114609-114830	DNDCEDPP_00146

DiscRep_SUB:FEATURE_LOCATION_CONFLICT::Coding region xref gene does not exist
plasmid_files/CP029381.1_results/PROKKA_06292018:CDS	hypothetical protein	CP029381.1:114840-115259	DNDCEDPP_00147

DiscRep_SUB:FEATURE_LOCATION_CONFLICT::Coding region xref gene does not exist
plasmid_files/CP029381.1_results/PROKKA_06292018:CDS	hypothetical protein	CP029381.1:115313-116080	DNDCEDPP_00148

DiscRep_SUB:FEATURE_LOCATION_CONFLICT::Coding region xref gene does not exist
plasmid_files/CP029381.1_results/PROKKA_06292018:CDS	Antirestriction protein KlcA	CP029381.1:116761-117189	DNDCEDPP_00149

DiscRep_SUB:FEATURE_LOCATION_CONFLICT::Coding region xref gene does not exist
plasmid_files/CP029381.1_results/PROKKA_06292018:CDS	hypothetical protein	CP029381.1:117232-117738	DNDCEDPP_00150

DiscRep_SUB:FEATURE_LOCATION_CONFLICT::Coding region xref gene does not exist
plasmid_files/CP029381.1_results/PROKKA_06292018:CDS	hypothetical protein	CP029381.1:117781-117972	DNDCEDPP_00151

DiscRep_SUB:FEATURE_LOCATION_CONFLICT::Coding region xref gene does not exist
plasmid_files/CP029381.1_results/PROKKA_06292018:CDS	DNA polymerase III subunit theta	CP029381.1:118160-118414	DNDCEDPP_00152

DiscRep_SUB:FEATURE_LOCATION_CONFLICT::Coding region xref gene does not exist
plasmid_files/CP029381.1_results/PROKKA_06292018:CDS	hypothetical protein	CP029381.1:118449-118769	DNDCEDPP_00153

DiscRep_SUB:FEATURE_LOCATION_CONFLICT::Coding region xref gene does not exist
plasmid_files/CP029381.1_results/PROKKA_06292018:CDS	hypothetical protein	CP029381.1:119449-119676	DNDCEDPP_00154

DiscRep_SUB:FEATURE_LOCATION_CONFLICT::Coding region xref gene does not exist
plasmid_files/CP029381.1_results/PROKKA_06292018:CDS	hypothetical protein	CP029381.1:119768-119998	DNDCEDPP_00155

DiscRep_SUB:FEATURE_LOCATION_CONFLICT::Coding region xref gene does not exist
plasmid_files/CP029381.1_results/PROKKA_06292018:CDS	hypothetical protein	CP029381.1:120050-121405	DNDCEDPP_00156

DiscRep_SUB:FEATURE_LOCATION_CONFLICT::Coding region xref gene does not exist
plasmid_files/CP029381.1_results/PROKKA_06292018:CDS	hypothetical protein	CP029381.1:121453-122016	DNDCEDPP_00157

DiscRep_SUB:FEATURE_LOCATION_CONFLICT::Coding region xref gene does not exist
plasmid_files/CP029381.1_results/PROKKA_06292018:CDS	hypothetical protein	CP029381.1:c122240-121911	DNDCEDPP_00158

DiscRep_SUB:FEATURE_LOCATION_CONFLICT::Coding region xref gene does not exist
plasmid_files/CP029381.1_results/PROKKA_06292018:CDS	Plasmid-derived single-stranded DNA-binding protein	CP029381.1:122849-123391	DNDCEDPP_00159

DiscRep_SUB:FEATURE_LOCATION_CONFLICT::Coding region xref gene does not exist
plasmid_files/CP029381.1_results/PROKKA_06292018:CDS	hypothetical protein	CP029381.1:123440-123688	DNDCEDPP_00160

DiscRep_SUB:FEATURE_LOCATION_CONFLICT::Coding region xref gene does not exist
plasmid_files/CP029381.1_results/PROKKA_06292018:CDS	Chromosome-partitioning protein Spo0J	CP029381.1:123758-125815	DNDCEDPP_00161

DiscRep_SUB:FEATURE_LOCATION_CONFLICT::Coding region xref gene does not exist
plasmid_files/CP029381.1_results/PROKKA_06292018:CDS	Protein PsiB	CP029381.1:125860-126291	DNDCEDPP_00162

DiscRep_SUB:FEATURE_LOCATION_CONFLICT::Coding region xref gene does not exist
plasmid_files/CP029381.1_results/PROKKA_06292018:CDS	hypothetical protein	CP029381.1:126288-127016	DNDCEDPP_00163

DiscRep_SUB:FEATURE_LOCATION_CONFLICT::Coding region xref gene does not exist
plasmid_files/CP029381.1_results/PROKKA_06292018:CDS	hypothetical protein	CP029381.1:127013-127339	DNDCEDPP_00164

DiscRep_SUB:FEATURE_LOCATION_CONFLICT::Coding region xref gene does not exist
plasmid_files/CP029381.1_results/PROKKA_06292018:CDS	hypothetical protein	CP029381.1:127395-127769	DNDCEDPP_00165

DiscRep_SUB:FEATURE_LOCATION_CONFLICT::Coding region xref gene does not exist
plasmid_files/CP029381.1_results/PROKKA_06292018:CDS	hypothetical protein	CP029381.1:c129026-127953	DNDCEDPP_00166

DiscRep_SUB:FEATURE_LOCATION_CONFLICT::Coding region xref gene does not exist
plasmid_files/CP029381.1_results/PROKKA_06292018:CDS	Stable plasmid inheritance protein	CP029381.1:129098-129256	DNDCEDPP_00167

DiscRep_SUB:FEATURE_LOCATION_CONFLICT::Coding region xref gene does not exist
plasmid_files/CP029381.1_results/PROKKA_06292018:CDS	hypothetical protein	CP029381.1:129949-130221	DNDCEDPP_00168

DiscRep_SUB:FEATURE_LOCATION_CONFLICT::Coding region xref gene does not exist
plasmid_files/CP029381.1_results/PROKKA_06292018:CDS	hypothetical protein	CP029381.1:130218-130568	DNDCEDPP_00169

DiscRep_SUB:FEATURE_LOCATION_CONFLICT::Coding region xref gene does not exist
plasmid_files/CP029381.1_results/PROKKA_06292018:CDS	hypothetical protein	CP029381.1:130583-130900	DNDCEDPP_00170

DiscRep_SUB:FEATURE_LOCATION_CONFLICT::Coding region xref gene does not exist
plasmid_files/CP029381.1_results/PROKKA_06292018:CDS	hypothetical protein	CP029381.1:131741-132097	DNDCEDPP_00171

DiscRep_SUB:FEATURE_LOCATION_CONFLICT::Coding region xref gene does not exist
plasmid_files/CP029381.1_results/PROKKA_06292018:CDS	hypothetical protein	CP029381.1:132158-132370	DNDCEDPP_00172

DiscRep_SUB:FEATURE_LOCATION_CONFLICT::Coding region xref gene does not exist
plasmid_files/CP029381.1_results/PROKKA_06292018:CDS	hypothetical protein	CP029381.1:132381-132605	DNDCEDPP_00173

DiscRep_SUB:FEATURE_LOCATION_CONFLICT::Coding region xref gene does not exist
plasmid_files/CP029381.1_results/PROKKA_06292018:CDS	hypothetical protein	CP029381.1:132686-133006	DNDCEDPP_00174

DiscRep_SUB:FEATURE_LOCATION_CONFLICT::Coding region xref gene does not exist
plasmid_files/CP029381.1_results/PROKKA_06292018:CDS	Antitoxin HigA1	CP029381.1:132996-133274	DNDCEDPP_00175

DiscRep_SUB:FEATURE_LOCATION_CONFLICT::Coding region xref gene does not exist
plasmid_files/CP029381.1_results/PROKKA_06292018:CDS	Antitoxin HigA	CP029381.1:133275-133382	DNDCEDPP_00176

DiscRep_SUB:FEATURE_LOCATION_CONFLICT::Coding region xref gene does not exist
plasmid_files/CP029381.1_results/PROKKA_06292018:CDS	hypothetical protein	CP029381.1:134211-135032	DNDCEDPP_00177

DiscRep_SUB:FEATURE_LOCATION_CONFLICT::Coding region xref gene does not exist
plasmid_files/CP029381.1_results/PROKKA_06292018:CDS	hypothetical protein	CP029381.1:135080-135394	DNDCEDPP_00178

DiscRep_SUB:FEATURE_LOCATION_CONFLICT::Coding region xref gene does not exist
plasmid_files/CP029381.1_results/PROKKA_06292018:CDS	hypothetical protein	CP029381.1:c135912-135427	DNDCEDPP_00179

DiscRep_SUB:FEATURE_LOCATION_CONFLICT::Coding region xref gene does not exist
plasmid_files/CP029381.1_results/PROKKA_06292018:CDS	Relaxosome protein TraM	CP029381.1:136336-136719	DNDCEDPP_00180

DiscRep_SUB:FEATURE_LOCATION_CONFLICT::Coding region xref gene does not exist
plasmid_files/CP029381.1_results/PROKKA_06292018:CDS	hypothetical protein	CP029381.1:136919-137308	DNDCEDPP_00181

DiscRep_SUB:FEATURE_LOCATION_CONFLICT::Coding region xref gene does not exist
plasmid_files/CP029381.1_results/PROKKA_06292018:CDS	Group II intron-encoded protein LtrA	CP029381.1:137655-139139	DNDCEDPP_00182

DiscRep_SUB:FEATURE_LOCATION_CONFLICT::Coding region xref gene does not exist
plasmid_files/CP029381.1_results/PROKKA_06292018:CDS	hypothetical protein	CP029381.1:139132-139566	DNDCEDPP_00183

DiscRep_SUB:FEATURE_LOCATION_CONFLICT::Coding region xref gene does not exist
plasmid_files/CP029381.1_results/PROKKA_06292018:CDS	Pilin	CP029381.1:139949-140317	DNDCEDPP_00184

DiscRep_SUB:FEATURE_LOCATION_CONFLICT::Coding region xref gene does not exist
plasmid_files/CP029381.1_results/PROKKA_06292018:CDS	hypothetical protein	CP029381.1:140331-140636	DNDCEDPP_00185

DiscRep_SUB:FEATURE_LOCATION_CONFLICT::Coding region xref gene does not exist
plasmid_files/CP029381.1_results/PROKKA_06292018:CDS	hypothetical protein	CP029381.1:140656-141042	DNDCEDPP_00186

DiscRep_SUB:FEATURE_LOCATION_CONFLICT::Coding region xref gene does not exist
plasmid_files/CP029381.1_results/PROKKA_06292018:CDS	hypothetical protein	CP029381.1:c141405-141076	DNDCEDPP_00187

DiscRep_SUB:FEATURE_LOCATION_CONFLICT::Coding region xref gene does not exist
plasmid_files/CP029381.1_results/PROKKA_06292018:CDS	hypothetical protein	CP029381.1:c142176-141472	DNDCEDPP_00188

DiscRep_SUB:FEATURE_LOCATION_CONFLICT::Coding region xref gene does not exist
plasmid_files/CP029381.1_results/PROKKA_06292018:CDS	Multifunctional conjugation protein TraI	CP029381.1:142201-142401	DNDCEDPP_00189

DiscRep_SUB:FEATURE_LOCATION_CONFLICT::Coding region xref gene does not exist
plasmid_files/CP029381.1_results/PROKKA_06292018:CDS	hypothetical protein	CP029381.1:142421-143167	DNDCEDPP_00190

DiscRep_SUB:FEATURE_LOCATION_CONFLICT::Coding region xref gene does not exist
plasmid_files/CP029381.1_results/PROKKA_06292018:CDS	Fertility inhibition protein	CP029381.1:143222-143782	DNDCEDPP_00191

DiscRep_SUB:FEATURE_LOCATION_CONFLICT::Coding region xref gene does not exist
plasmid_files/CP029381.1_results/PROKKA_06292018:CDS	hypothetical protein	CP029381.1:143914-144114	DNDCEDPP_00192

DiscRep_SUB:FEATURE_LOCATION_CONFLICT::Coding region xref gene does not exist
plasmid_files/CP029381.1_results/PROKKA_06292018:CDS	hypothetical protein	CP029381.1:144500-145099	DNDCEDPP_00193

DiscRep_SUB:FEATURE_LOCATION_CONFLICT::Coding region xref gene does not exist
plasmid_files/CP029381.1_results/PROKKA_06292018:CDS	hypothetical protein	CP029381.1:145161-145493	DNDCEDPP_00194

DiscRep_SUB:FEATURE_LOCATION_CONFLICT::Coding region xref gene does not exist
plasmid_files/CP029381.1_results/PROKKA_06292018:CDS	Protein PndA	CP029381.1:145798-145947	DNDCEDPP_00195

DiscRep_SUB:FEATURE_LOCATION_CONFLICT::Coding region xref gene does not exist
plasmid_files/CP029381.1_results/PROKKA_06292018:CDS	hypothetical protein	CP029381.1:146231-146479	DNDCEDPP_00196

DiscRep_SUB:FEATURE_LOCATION_CONFLICT::RNA feature xref gene does not exist
plasmid_files/CP029381.1_results/PROKKA_06292018:tRNA	Thr	CP029381.1:c58055-57984	DNDCEDPP_00080

DiscRep_ALL:OVERLAPPING_CDS::2 coding regions overlap another coding region with a similar or identical name.
DiscRep_SUB:OVERLAPPING_CDS::2 coding regions overlap another coding region with a similar or identical name that do not have the appropriate note text
plasmid_files/CP029381.1_results/PROKKA_06292018:CDS	3-oxo-tetronate kinase	CP029381.1:93750-94382	DNDCEDPP_00119
plasmid_files/CP029381.1_results/PROKKA_06292018:CDS	3-oxo-tetronate kinase	CP029381.1:94379-95002	DNDCEDPP_00120

DiscRep_ALL:SUSPECT_PRODUCT_NAMES::1 product_names contain suspect phrase or characters
DiscRep_SUB:SUSPECT_PRODUCT_NAMES::May contain database identifier more appropriate in note; remove from product name
DiscRep_SUB:SUSPECT_PRODUCT_NAMES::1 features Three or more numbers together
plasmid_files/CP029381.1_results/PROKKA_06292018:CDS	16S rRNA (guanine(1405)-N(7))-methyltransferase	CP029381.1:14515-15270	DNDCEDPP_00017

DiscRep_ALL:DISC_QUALITY_SCORES::Quality scores are missing on all sequences.

DiscRep_ALL:ONCALLER_COMMENT_PRESENT::1 comment descriptors were found (all same)
plasmid_files/CP029381.1_results/PROKKA_06292018:CP029381.1:Annotated using prokka 1.14-dev from https://github.com/tseemann/prokka

DiscRep_ALL:SHORT_PROT_SEQUENCES::2 protein sequences are shorter than 50 aa.
plasmid_files/CP029381.1_results/PROKKA_06292018:CP029381.1_175 (length 35)
plasmid_files/CP029381.1_results/PROKKA_06292018:CP029381.1_194 (length 49)

DiscRep_ALL:MISSING_GENOMEASSEMBLY_COMMENTS::1 bioseqs are missing GenomeAssembly structured comments
plasmid_files/CP029381.1_results/PROKKA_06292018:CP029381.1 (length 146790)

DiscRep_ALL:MOLTYPE_NOT_MRNA::1 molecule types are not set as mRNA.
plasmid_files/CP029381.1_results/PROKKA_06292018:CP029381.1 (length 146790)

DiscRep_ALL:TECHNIQUE_NOT_TSA::1 technique are not set as TSA
plasmid_files/CP029381.1_results/PROKKA_06292018:CP029381.1 (length 146790)

DiscRep_ALL:MISSING_STRUCTURED_COMMENT::1 sequences do not include structured comments.
plasmid_files/CP029381.1_results/PROKKA_06292018:CP029381.1 (length 146790)

DiscRep_ALL:MISSING_PROJECT::196 sequences do not include project.
plasmid_files/CP029381.1_results/PROKKA_06292018:CP029381.1 (length 146790)
plasmid_files/CP029381.1_results/PROKKA_06292018:CP029381.1_1 (length 285)
plasmid_files/CP029381.1_results/PROKKA_06292018:CP029381.1_2 (length 189)
plasmid_files/CP029381.1_results/PROKKA_06292018:CP029381.1_3 (length 85)
plasmid_files/CP029381.1_results/PROKKA_06292018:CP029381.1_4 (length 110)
plasmid_files/CP029381.1_results/PROKKA_06292018:CP029381.1_5 (length 201)
plasmid_files/CP029381.1_results/PROKKA_06292018:CP029381.1_6 (length 234)
plasmid_files/CP029381.1_results/PROKKA_06292018:CP029381.1_7 (length 291)
plasmid_files/CP029381.1_results/PROKKA_06292018:CP029381.1_8 (length 322)
plasmid_files/CP029381.1_results/PROKKA_06292018:CP029381.1_9 (length 341)
plasmid_files/CP029381.1_results/PROKKA_06292018:CP029381.1_10 (length 234)
plasmid_files/CP029381.1_results/PROKKA_06292018:CP029381.1_11 (length 191)
plasmid_files/CP029381.1_results/PROKKA_06292018:CP029381.1_12 (length 234)
plasmid_files/CP029381.1_results/PROKKA_06292018:CP029381.1_13 (length 240)
plasmid_files/CP029381.1_results/PROKKA_06292018:CP029381.1_14 (length 62)
plasmid_files/CP029381.1_results/PROKKA_06292018:CP029381.1_15 (length 171)
plasmid_files/CP029381.1_results/PROKKA_06292018:CP029381.1_16 (length 286)
plasmid_files/CP029381.1_results/PROKKA_06292018:CP029381.1_17 (length 251)
plasmid_files/CP029381.1_results/PROKKA_06292018:CP029381.1_18 (length 93)
plasmid_files/CP029381.1_results/PROKKA_06292018:CP029381.1_19 (length 234)
plasmid_files/CP029381.1_results/PROKKA_06292018:CP029381.1_20 (length 78)
plasmid_files/CP029381.1_results/PROKKA_06292018:CP029381.1_21 (length 93)
plasmid_files/CP029381.1_results/PROKKA_06292018:CP029381.1_22 (length 117)
plasmid_files/CP029381.1_results/PROKKA_06292018:CP029381.1_23 (length 320)
plasmid_files/CP029381.1_results/PROKKA_06292018:CP029381.1_24 (length 141)
plasmid_files/CP029381.1_results/PROKKA_06292018:CP029381.1_25 (length 227)
plasmid_files/CP029381.1_results/PROKKA_06292018:CP029381.1_26 (length 73)
plasmid_files/CP029381.1_results/PROKKA_06292018:CP029381.1_27 (length 144)
plasmid_files/CP029381.1_results/PROKKA_06292018:CP029381.1_28 (length 258)
plasmid_files/CP029381.1_results/PROKKA_06292018:CP029381.1_29 (length 141)
plasmid_files/CP029381.1_results/PROKKA_06292018:CP029381.1_30 (length 140)
plasmid_files/CP029381.1_results/PROKKA_06292018:CP029381.1_31 (length 63)
plasmid_files/CP029381.1_results/PROKKA_06292018:CP029381.1_32 (length 555)
plasmid_files/CP029381.1_results/PROKKA_06292018:CP029381.1_33 (length 85)
plasmid_files/CP029381.1_results/PROKKA_06292018:CP029381.1_34 (length 76)
plasmid_files/CP029381.1_results/PROKKA_06292018:CP029381.1_35 (length 453)
plasmid_files/CP029381.1_results/PROKKA_06292018:CP029381.1_36 (length 187)
plasmid_files/CP029381.1_results/PROKKA_06292018:CP029381.1_37 (length 151)
plasmid_files/CP029381.1_results/PROKKA_06292018:CP029381.1_38 (length 78)
plasmid_files/CP029381.1_results/PROKKA_06292018:CP029381.1_39 (length 175)
plasmid_files/CP029381.1_results/PROKKA_06292018:CP029381.1_40 (length 77)
plasmid_files/CP029381.1_results/PROKKA_06292018:CP029381.1_41 (length 473)
plasmid_files/CP029381.1_results/PROKKA_06292018:CP029381.1_42 (length 153)
plasmid_files/CP029381.1_results/PROKKA_06292018:CP029381.1_43 (length 144)
plasmid_files/CP029381.1_results/PROKKA_06292018:CP029381.1_44 (length 239)
plasmid_files/CP029381.1_results/PROKKA_06292018:CP029381.1_45 (length 71)
plasmid_files/CP029381.1_results/PROKKA_06292018:CP029381.1_46 (length 125)
plasmid_files/CP029381.1_results/PROKKA_06292018:CP029381.1_47 (length 78)
plasmid_files/CP029381.1_results/PROKKA_06292018:CP029381.1_48 (length 98)
plasmid_files/CP029381.1_results/PROKKA_06292018:CP029381.1_49 (length 273)
plasmid_files/CP029381.1_results/PROKKA_06292018:CP029381.1_50 (length 215)
plasmid_files/CP029381.1_results/PROKKA_06292018:CP029381.1_51 (length 127)
plasmid_files/CP029381.1_results/PROKKA_06292018:CP029381.1_52 (length 228)
plasmid_files/CP029381.1_results/PROKKA_06292018:CP029381.1_53 (length 75)
plasmid_files/CP029381.1_results/PROKKA_06292018:CP029381.1_54 (length 121)
plasmid_files/CP029381.1_results/PROKKA_06292018:CP029381.1_55 (length 103)
plasmid_files/CP029381.1_results/PROKKA_06292018:CP029381.1_56 (length 188)
plasmid_files/CP029381.1_results/PROKKA_06292018:CP029381.1_57 (length 242)
plasmid_files/CP029381.1_results/PROKKA_06292018:CP029381.1_58 (length 475)
plasmid_files/CP029381.1_results/PROKKA_06292018:CP029381.1_59 (length 196)
plasmid_files/CP029381.1_results/PROKKA_06292018:CP029381.1_60 (length 65)
plasmid_files/CP029381.1_results/PROKKA_06292018:CP029381.1_61 (length 83)
plasmid_files/CP029381.1_results/PROKKA_06292018:CP029381.1_62 (length 171)
plasmid_files/CP029381.1_results/PROKKA_06292018:CP029381.1_63 (length 73)
plasmid_files/CP029381.1_results/PROKKA_06292018:CP029381.1_64 (length 875)
plasmid_files/CP029381.1_results/PROKKA_06292018:CP029381.1_65 (length 128)
plasmid_files/CP029381.1_results/PROKKA_06292018:CP029381.1_66 (length 210)
plasmid_files/CP029381.1_results/PROKKA_06292018:CP029381.1_67 (length 330)
plasmid_files/CP029381.1_results/PROKKA_06292018:CP029381.1_68 (length 102)
plasmid_files/CP029381.1_results/PROKKA_06292018:CP029381.1_69 (length 173)
plasmid_files/CP029381.1_results/PROKKA_06292018:CP029381.1_70 (length 212)
plasmid_files/CP029381.1_results/PROKKA_06292018:CP029381.1_71 (length 123)
plasmid_files/CP029381.1_results/PROKKA_06292018:CP029381.1_72 (length 140)
plasmid_files/CP029381.1_results/PROKKA_06292018:CP029381.1_73 (length 616)
plasmid_files/CP029381.1_results/PROKKA_06292018:CP029381.1_74 (length 86)
plasmid_files/CP029381.1_results/PROKKA_06292018:CP029381.1_75 (length 247)
plasmid_files/CP029381.1_results/PROKKA_06292018:CP029381.1_76 (length 93)
plasmid_files/CP029381.1_results/PROKKA_06292018:CP029381.1_77 (length 181)
plasmid_files/CP029381.1_results/PROKKA_06292018:CP029381.1_78 (length 104)
plasmid_files/CP029381.1_results/PROKKA_06292018:CP029381.1_79 (length 130)
plasmid_files/CP029381.1_results/PROKKA_06292018:CP029381.1_80 (length 938)
plasmid_files/CP029381.1_results/PROKKA_06292018:CP029381.1_81 (length 173)
plasmid_files/CP029381.1_results/PROKKA_06292018:CP029381.1_82 (length 244)
plasmid_files/CP029381.1_results/PROKKA_06292018:CP029381.1_83 (length 245)
plasmid_files/CP029381.1_results/PROKKA_06292018:CP029381.1_84 (length 738)
plasmid_files/CP029381.1_results/PROKKA_06292018:CP029381.1_85 (length 424)
plasmid_files/CP029381.1_results/PROKKA_06292018:CP029381.1_86 (length 234)
plasmid_files/CP029381.1_results/PROKKA_06292018:CP029381.1_87 (length 234)
plasmid_files/CP029381.1_results/PROKKA_06292018:CP029381.1_88 (length 228)
plasmid_files/CP029381.1_results/PROKKA_06292018:CP029381.1_89 (length 340)
plasmid_files/CP029381.1_results/PROKKA_06292018:CP029381.1_90 (length 91)
plasmid_files/CP029381.1_results/PROKKA_06292018:CP029381.1_91 (length 125)
plasmid_files/CP029381.1_results/PROKKA_06292018:CP029381.1_92 (length 126)
plasmid_files/CP029381.1_results/PROKKA_06292018:CP029381.1_93 (length 334)
plasmid_files/CP029381.1_results/PROKKA_06292018:CP029381.1_94 (length 144)
plasmid_files/CP029381.1_results/PROKKA_06292018:CP029381.1_95 (length 116)
plasmid_files/CP029381.1_results/PROKKA_06292018:CP029381.1_96 (length 91)
plasmid_files/CP029381.1_results/PROKKA_06292018:CP029381.1_97 (length 153)
plasmid_files/CP029381.1_results/PROKKA_06292018:CP029381.1_98 (length 564)
plasmid_files/CP029381.1_results/PROKKA_06292018:CP029381.1_99 (length 120)
plasmid_files/CP029381.1_results/PROKKA_06292018:CP029381.1_100 (length 78)
plasmid_files/CP029381.1_results/PROKKA_06292018:CP029381.1_101 (length 235)
plasmid_files/CP029381.1_results/PROKKA_06292018:CP029381.1_102 (length 396)
plasmid_files/CP029381.1_results/PROKKA_06292018:CP029381.1_103 (length 234)
plasmid_files/CP029381.1_results/PROKKA_06292018:CP029381.1_104 (length 131)
plasmid_files/CP029381.1_results/PROKKA_06292018:CP029381.1_105 (length 326)
plasmid_files/CP029381.1_results/PROKKA_06292018:CP029381.1_106 (length 293)
plasmid_files/CP029381.1_results/PROKKA_06292018:CP029381.1_107 (length 326)
plasmid_files/CP029381.1_results/PROKKA_06292018:CP029381.1_108 (length 98)
plasmid_files/CP029381.1_results/PROKKA_06292018:CP029381.1_109 (length 51)
plasmid_files/CP029381.1_results/PROKKA_06292018:CP029381.1_110 (length 140)
plasmid_files/CP029381.1_results/PROKKA_06292018:CP029381.1_111 (length 92)
plasmid_files/CP029381.1_results/PROKKA_06292018:CP029381.1_112 (length 186)
plasmid_files/CP029381.1_results/PROKKA_06292018:CP029381.1_113 (length 186)
plasmid_files/CP029381.1_results/PROKKA_06292018:CP029381.1_114 (length 988)
plasmid_files/CP029381.1_results/PROKKA_06292018:CP029381.1_115 (length 286)
plasmid_files/CP029381.1_results/PROKKA_06292018:CP029381.1_116 (length 253)
plasmid_files/CP029381.1_results/PROKKA_06292018:CP029381.1_117 (length 300)
plasmid_files/CP029381.1_results/PROKKA_06292018:CP029381.1_118 (length 210)
plasmid_files/CP029381.1_results/PROKKA_06292018:CP029381.1_119 (length 207)
plasmid_files/CP029381.1_results/PROKKA_06292018:CP029381.1_120 (length 143)
plasmid_files/CP029381.1_results/PROKKA_06292018:CP029381.1_121 (length 234)
plasmid_files/CP029381.1_results/PROKKA_06292018:CP029381.1_122 (length 262)
plasmid_files/CP029381.1_results/PROKKA_06292018:CP029381.1_123 (length 138)
plasmid_files/CP029381.1_results/PROKKA_06292018:CP029381.1_124 (length 76)
plasmid_files/CP029381.1_results/PROKKA_06292018:CP029381.1_125 (length 91)
plasmid_files/CP029381.1_results/PROKKA_06292018:CP029381.1_126 (length 314)
plasmid_files/CP029381.1_results/PROKKA_06292018:CP029381.1_127 (length 130)
plasmid_files/CP029381.1_results/PROKKA_06292018:CP029381.1_128 (length 173)
plasmid_files/CP029381.1_results/PROKKA_06292018:CP029381.1_129 (length 67)
plasmid_files/CP029381.1_results/PROKKA_06292018:CP029381.1_130 (length 334)
plasmid_files/CP029381.1_results/PROKKA_06292018:CP029381.1_131 (length 259)
plasmid_files/CP029381.1_results/PROKKA_06292018:CP029381.1_132 (length 85)
plasmid_files/CP029381.1_results/PROKKA_06292018:CP029381.1_133 (length 91)
plasmid_files/CP029381.1_results/PROKKA_06292018:CP029381.1_134 (length 288)
plasmid_files/CP029381.1_results/PROKKA_06292018:CP029381.1_135 (length 203)
plasmid_files/CP029381.1_results/PROKKA_06292018:CP029381.1_136 (length 401)
plasmid_files/CP029381.1_results/PROKKA_06292018:CP029381.1_137 (length 324)
plasmid_files/CP029381.1_results/PROKKA_06292018:CP029381.1_138 (length 423)
plasmid_files/CP029381.1_results/PROKKA_06292018:CP029381.1_139 (length 143)
plasmid_files/CP029381.1_results/PROKKA_06292018:CP029381.1_140 (length 494)
plasmid_files/CP029381.1_results/PROKKA_06292018:CP029381.1_141 (length 323)
plasmid_files/CP029381.1_results/PROKKA_06292018:CP029381.1_142 (length 223)
plasmid_files/CP029381.1_results/PROKKA_06292018:CP029381.1_143 (length 76)
plasmid_files/CP029381.1_results/PROKKA_06292018:CP029381.1_144 (length 233)
plasmid_files/CP029381.1_results/PROKKA_06292018:CP029381.1_145 (length 73)
plasmid_files/CP029381.1_results/PROKKA_06292018:CP029381.1_146 (length 139)
plasmid_files/CP029381.1_results/PROKKA_06292018:CP029381.1_147 (length 255)
plasmid_files/CP029381.1_results/PROKKA_06292018:CP029381.1_148 (length 142)
plasmid_files/CP029381.1_results/PROKKA_06292018:CP029381.1_149 (length 168)
plasmid_files/CP029381.1_results/PROKKA_06292018:CP029381.1_150 (length 63)
plasmid_files/CP029381.1_results/PROKKA_06292018:CP029381.1_151 (length 84)
plasmid_files/CP029381.1_results/PROKKA_06292018:CP029381.1_152 (length 106)
plasmid_files/CP029381.1_results/PROKKA_06292018:CP029381.1_153 (length 75)
plasmid_files/CP029381.1_results/PROKKA_06292018:CP029381.1_154 (length 76)
plasmid_files/CP029381.1_results/PROKKA_06292018:CP029381.1_155 (length 451)
plasmid_files/CP029381.1_results/PROKKA_06292018:CP029381.1_156 (length 187)
plasmid_files/CP029381.1_results/PROKKA_06292018:CP029381.1_157 (length 109)
plasmid_files/CP029381.1_results/PROKKA_06292018:CP029381.1_158 (length 180)
plasmid_files/CP029381.1_results/PROKKA_06292018:CP029381.1_159 (length 82)
plasmid_files/CP029381.1_results/PROKKA_06292018:CP029381.1_160 (length 685)
plasmid_files/CP029381.1_results/PROKKA_06292018:CP029381.1_161 (length 143)
plasmid_files/CP029381.1_results/PROKKA_06292018:CP029381.1_162 (length 242)
plasmid_files/CP029381.1_results/PROKKA_06292018:CP029381.1_163 (length 108)
plasmid_files/CP029381.1_results/PROKKA_06292018:CP029381.1_164 (length 124)
plasmid_files/CP029381.1_results/PROKKA_06292018:CP029381.1_165 (length 357)
plasmid_files/CP029381.1_results/PROKKA_06292018:CP029381.1_166 (length 52)
plasmid_files/CP029381.1_results/PROKKA_06292018:CP029381.1_167 (length 90)
plasmid_files/CP029381.1_results/PROKKA_06292018:CP029381.1_168 (length 116)
plasmid_files/CP029381.1_results/PROKKA_06292018:CP029381.1_169 (length 105)
plasmid_files/CP029381.1_results/PROKKA_06292018:CP029381.1_170 (length 118)
plasmid_files/CP029381.1_results/PROKKA_06292018:CP029381.1_171 (length 70)
plasmid_files/CP029381.1_results/PROKKA_06292018:CP029381.1_172 (length 74)
plasmid_files/CP029381.1_results/PROKKA_06292018:CP029381.1_173 (length 106)
plasmid_files/CP029381.1_results/PROKKA_06292018:CP029381.1_174 (length 92)
plasmid_files/CP029381.1_results/PROKKA_06292018:CP029381.1_175 (length 35)
plasmid_files/CP029381.1_results/PROKKA_06292018:CP029381.1_176 (length 273)
plasmid_files/CP029381.1_results/PROKKA_06292018:CP029381.1_177 (length 104)
plasmid_files/CP029381.1_results/PROKKA_06292018:CP029381.1_178 (length 161)
plasmid_files/CP029381.1_results/PROKKA_06292018:CP029381.1_179 (length 127)
plasmid_files/CP029381.1_results/PROKKA_06292018:CP029381.1_180 (length 129)
plasmid_files/CP029381.1_results/PROKKA_06292018:CP029381.1_181 (length 494)
plasmid_files/CP029381.1_results/PROKKA_06292018:CP029381.1_182 (length 144)
plasmid_files/CP029381.1_results/PROKKA_06292018:CP029381.1_183 (length 122)
plasmid_files/CP029381.1_results/PROKKA_06292018:CP029381.1_184 (length 101)
plasmid_files/CP029381.1_results/PROKKA_06292018:CP029381.1_185 (length 128)
plasmid_files/CP029381.1_results/PROKKA_06292018:CP029381.1_186 (length 109)
plasmid_files/CP029381.1_results/PROKKA_06292018:CP029381.1_187 (length 234)
plasmid_files/CP029381.1_results/PROKKA_06292018:CP029381.1_188 (length 66)
plasmid_files/CP029381.1_results/PROKKA_06292018:CP029381.1_189 (length 248)
plasmid_files/CP029381.1_results/PROKKA_06292018:CP029381.1_190 (length 186)
plasmid_files/CP029381.1_results/PROKKA_06292018:CP029381.1_191 (length 66)
plasmid_files/CP029381.1_results/PROKKA_06292018:CP029381.1_192 (length 199)
plasmid_files/CP029381.1_results/PROKKA_06292018:CP029381.1_193 (length 110)
plasmid_files/CP029381.1_results/PROKKA_06292018:CP029381.1_194 (length 49)
plasmid_files/CP029381.1_results/PROKKA_06292018:CP029381.1_195 (length 82)

DiscRep_ALL:DISC_INCONSISTENT_MOLINFO_TECH::Molinfo Technique Report (some missing, all same)
DiscRep_SUB:DISC_INCONSISTENT_MOLINFO_TECH::technique (all missing)
DiscRep_SUB:DISC_INCONSISTENT_MOLINFO_TECH::1 Molinfos are missing field technique
plasmid_files/CP029381.1_results/PROKKA_06292018:CP029381.1 (length 146790)

