Discrepancy Report Results

Summary
FATAL: MISSING_PROTEIN_ID:50 proteins have invalid IDs.
DISC_SOURCE_QUALS_ASNDISC:strain (all present, all unique)
DISC_SOURCE_QUALS_ASNDISC:taxname (all present, all unique)
DISC_FEATURE_COUNT:CDS: 50 present
DISC_COUNT_NUCLEOTIDES:1 nucleotide Bioseqs are present
FEATURE_LOCATION_CONFLICT:50 features have inconsistent gene locations.
DISC_QUALITY_SCORES:Quality scores are missing on all sequences.
ONCALLER_COMMENT_PRESENT:1 comment descriptors were found (all same)
MISSING_GENOMEASSEMBLY_COMMENTS:1 bioseqs are missing GenomeAssembly structured comments
MOLTYPE_NOT_MRNA:1 molecule types are not set as mRNA.
TECHNIQUE_NOT_TSA:1 technique are not set as TSA
MISSING_STRUCTURED_COMMENT:1 sequences do not include structured comments.
MISSING_PROJECT:51 sequences do not include project.
DISC_INCONSISTENT_MOLINFO_TECH:Molinfo Technique Report (some missing, all same)


Detailed Report

FATAL: DiscRep_ALL:MISSING_PROTEIN_ID::50 proteins have invalid IDs.
plasmid_files/CP021743.1_results/PROKKA_06292018:CP021743.1_1 (length 421)
plasmid_files/CP021743.1_results/PROKKA_06292018:CP021743.1_2 (length 178)
plasmid_files/CP021743.1_results/PROKKA_06292018:CP021743.1_3 (length 63)
plasmid_files/CP021743.1_results/PROKKA_06292018:CP021743.1_4 (length 228)
plasmid_files/CP021743.1_results/PROKKA_06292018:CP021743.1_5 (length 116)
plasmid_files/CP021743.1_results/PROKKA_06292018:CP021743.1_6 (length 73)
plasmid_files/CP021743.1_results/PROKKA_06292018:CP021743.1_7 (length 715)
plasmid_files/CP021743.1_results/PROKKA_06292018:CP021743.1_8 (length 439)
plasmid_files/CP021743.1_results/PROKKA_06292018:CP021743.1_9 (length 293)
plasmid_files/CP021743.1_results/PROKKA_06292018:CP021743.1_10 (length 112)
plasmid_files/CP021743.1_results/PROKKA_06292018:CP021743.1_11 (length 259)
plasmid_files/CP021743.1_results/PROKKA_06292018:CP021743.1_12 (length 341)
plasmid_files/CP021743.1_results/PROKKA_06292018:CP021743.1_13 (length 1009)
plasmid_files/CP021743.1_results/PROKKA_06292018:CP021743.1_14 (length 571)
plasmid_files/CP021743.1_results/PROKKA_06292018:CP021743.1_15 (length 302)
plasmid_files/CP021743.1_results/PROKKA_06292018:CP021743.1_16 (length 185)
plasmid_files/CP021743.1_results/PROKKA_06292018:CP021743.1_17 (length 286)
plasmid_files/CP021743.1_results/PROKKA_06292018:CP021743.1_18 (length 76)
plasmid_files/CP021743.1_results/PROKKA_06292018:CP021743.1_19 (length 79)
plasmid_files/CP021743.1_results/PROKKA_06292018:CP021743.1_20 (length 297)
plasmid_files/CP021743.1_results/PROKKA_06292018:CP021743.1_21 (length 149)
plasmid_files/CP021743.1_results/PROKKA_06292018:CP021743.1_22 (length 95)
plasmid_files/CP021743.1_results/PROKKA_06292018:CP021743.1_23 (length 91)
plasmid_files/CP021743.1_results/PROKKA_06292018:CP021743.1_24 (length 83)
plasmid_files/CP021743.1_results/PROKKA_06292018:CP021743.1_25 (length 215)
plasmid_files/CP021743.1_results/PROKKA_06292018:CP021743.1_26 (length 147)
plasmid_files/CP021743.1_results/PROKKA_06292018:CP021743.1_27 (length 255)
plasmid_files/CP021743.1_results/PROKKA_06292018:CP021743.1_28 (length 64)
plasmid_files/CP021743.1_results/PROKKA_06292018:CP021743.1_29 (length 129)
plasmid_files/CP021743.1_results/PROKKA_06292018:CP021743.1_30 (length 63)
plasmid_files/CP021743.1_results/PROKKA_06292018:CP021743.1_31 (length 107)
plasmid_files/CP021743.1_results/PROKKA_06292018:CP021743.1_32 (length 82)
plasmid_files/CP021743.1_results/PROKKA_06292018:CP021743.1_33 (length 154)
plasmid_files/CP021743.1_results/PROKKA_06292018:CP021743.1_34 (length 122)
plasmid_files/CP021743.1_results/PROKKA_06292018:CP021743.1_35 (length 142)
plasmid_files/CP021743.1_results/PROKKA_06292018:CP021743.1_36 (length 196)
plasmid_files/CP021743.1_results/PROKKA_06292018:CP021743.1_37 (length 152)
plasmid_files/CP021743.1_results/PROKKA_06292018:CP021743.1_38 (length 275)
plasmid_files/CP021743.1_results/PROKKA_06292018:CP021743.1_39 (length 661)
plasmid_files/CP021743.1_results/PROKKA_06292018:CP021743.1_40 (length 237)
plasmid_files/CP021743.1_results/PROKKA_06292018:CP021743.1_41 (length 340)
plasmid_files/CP021743.1_results/PROKKA_06292018:CP021743.1_42 (length 115)
plasmid_files/CP021743.1_results/PROKKA_06292018:CP021743.1_43 (length 78)
plasmid_files/CP021743.1_results/PROKKA_06292018:CP021743.1_44 (length 119)
plasmid_files/CP021743.1_results/PROKKA_06292018:CP021743.1_45 (length 859)
plasmid_files/CP021743.1_results/PROKKA_06292018:CP021743.1_46 (length 270)
plasmid_files/CP021743.1_results/PROKKA_06292018:CP021743.1_47 (length 152)
plasmid_files/CP021743.1_results/PROKKA_06292018:CP021743.1_48 (length 324)
plasmid_files/CP021743.1_results/PROKKA_06292018:CP021743.1_49 (length 241)
plasmid_files/CP021743.1_results/PROKKA_06292018:CP021743.1_50 (length 277)

DiscRep_ALL:DISC_SOURCE_QUALS_ASNDISC::strain (all present, all unique)
DiscRep_SUB:DISC_SOURCE_QUALS_ASNDISC::1 sources have unique values for strain
DiscRep_ALL:DISC_SOURCE_QUALS_ASNDISC::taxname (all present, all unique)
DiscRep_SUB:DISC_SOURCE_QUALS_ASNDISC::1 sources have unique values for taxname
DiscRep_ALL:DISC_FEATURE_COUNT::CDS: 50 present
DiscRep_ALL:DISC_COUNT_NUCLEOTIDES::1 nucleotide Bioseqs are present
plasmid_files/CP021743.1_results/PROKKA_06292018:CP021743.1 (length 43620)

DiscRep_ALL:FEATURE_LOCATION_CONFLICT::50 features have inconsistent gene locations.
DiscRep_SUB:FEATURE_LOCATION_CONFLICT::Coding region xref gene does not exist
plasmid_files/CP021743.1_results/PROKKA_06292018:CDS	hypothetical protein	CP021743.1:37-1302	BMNILMOD_00001

DiscRep_SUB:FEATURE_LOCATION_CONFLICT::Coding region xref gene does not exist
plasmid_files/CP021743.1_results/PROKKA_06292018:CDS	hypothetical protein	CP021743.1:1283-1819	BMNILMOD_00002

DiscRep_SUB:FEATURE_LOCATION_CONFLICT::Coding region xref gene does not exist
plasmid_files/CP021743.1_results/PROKKA_06292018:CDS	hypothetical protein	CP021743.1:1825-2016	BMNILMOD_00003

DiscRep_SUB:FEATURE_LOCATION_CONFLICT::Coding region xref gene does not exist
plasmid_files/CP021743.1_results/PROKKA_06292018:CDS	Soluble lytic murein transglycosylase	CP021743.1:2013-2699	BMNILMOD_00004

DiscRep_SUB:FEATURE_LOCATION_CONFLICT::Coding region xref gene does not exist
plasmid_files/CP021743.1_results/PROKKA_06292018:CDS	hypothetical protein	CP021743.1:2700-3050	BMNILMOD_00005

DiscRep_SUB:FEATURE_LOCATION_CONFLICT::Coding region xref gene does not exist
plasmid_files/CP021743.1_results/PROKKA_06292018:CDS	Single-stranded DNA-binding protein	CP021743.1:3092-3313	BMNILMOD_00006

DiscRep_SUB:FEATURE_LOCATION_CONFLICT::Coding region xref gene does not exist
plasmid_files/CP021743.1_results/PROKKA_06292018:CDS	hypothetical protein	CP021743.1:c5485-3338	BMNILMOD_00007

DiscRep_SUB:FEATURE_LOCATION_CONFLICT::Coding region xref gene does not exist
plasmid_files/CP021743.1_results/PROKKA_06292018:CDS	hypothetical protein	CP021743.1:5804-7123	BMNILMOD_00008

DiscRep_SUB:FEATURE_LOCATION_CONFLICT::Coding region xref gene does not exist
plasmid_files/CP021743.1_results/PROKKA_06292018:CDS	Carbapenem-hydrolyzing beta-lactamase KPC	CP021743.1:c8254-7373	BMNILMOD_00009

DiscRep_SUB:FEATURE_LOCATION_CONFLICT::Coding region xref gene does not exist
plasmid_files/CP021743.1_results/PROKKA_06292018:CDS	hypothetical protein	CP021743.1:c8644-8306	BMNILMOD_00010

DiscRep_SUB:FEATURE_LOCATION_CONFLICT::Coding region xref gene does not exist
plasmid_files/CP021743.1_results/PROKKA_06292018:CDS	Insertion sequence IS5376 putative ATP-binding protein	CP021743.1:c9420-8641	BMNILMOD_00011

DiscRep_SUB:FEATURE_LOCATION_CONFLICT::Coding region xref gene does not exist
plasmid_files/CP021743.1_results/PROKKA_06292018:CDS	hypothetical protein	CP021743.1:c10442-9417	BMNILMOD_00012

DiscRep_SUB:FEATURE_LOCATION_CONFLICT::Coding region xref gene does not exist
plasmid_files/CP021743.1_results/PROKKA_06292018:CDS	hypothetical protein	CP021743.1:c13578-10549	BMNILMOD_00013

DiscRep_SUB:FEATURE_LOCATION_CONFLICT::Coding region xref gene does not exist
plasmid_files/CP021743.1_results/PROKKA_06292018:CDS	Tyrosine recombinase XerD	CP021743.1:13688-15403	BMNILMOD_00014

DiscRep_SUB:FEATURE_LOCATION_CONFLICT::Coding region xref gene does not exist
plasmid_files/CP021743.1_results/PROKKA_06292018:CDS	hypothetical protein	CP021743.1:c16354-15446	BMNILMOD_00015

DiscRep_SUB:FEATURE_LOCATION_CONFLICT::Coding region xref gene does not exist
plasmid_files/CP021743.1_results/PROKKA_06292018:CDS	Transposon Tn3 resolvase	CP021743.1:16517-17074	BMNILMOD_00016

DiscRep_SUB:FEATURE_LOCATION_CONFLICT::Coding region xref gene does not exist
plasmid_files/CP021743.1_results/PROKKA_06292018:CDS	Beta-lactamase TEM	CP021743.1:17257-18117	BMNILMOD_00017

DiscRep_SUB:FEATURE_LOCATION_CONFLICT::Coding region xref gene does not exist
plasmid_files/CP021743.1_results/PROKKA_06292018:CDS	Single-stranded DNA-binding protein	CP021743.1:18288-18518	BMNILMOD_00018

DiscRep_SUB:FEATURE_LOCATION_CONFLICT::Coding region xref gene does not exist
plasmid_files/CP021743.1_results/PROKKA_06292018:CDS	hypothetical protein	CP021743.1:18822-19061	BMNILMOD_00019

DiscRep_SUB:FEATURE_LOCATION_CONFLICT::Coding region xref gene does not exist
plasmid_files/CP021743.1_results/PROKKA_06292018:CDS	hypothetical protein	CP021743.1:19463-20356	BMNILMOD_00020

DiscRep_SUB:FEATURE_LOCATION_CONFLICT::Coding region xref gene does not exist
plasmid_files/CP021743.1_results/PROKKA_06292018:CDS	hypothetical protein	CP021743.1:c21463-21014	BMNILMOD_00021

DiscRep_SUB:FEATURE_LOCATION_CONFLICT::Coding region xref gene does not exist
plasmid_files/CP021743.1_results/PROKKA_06292018:CDS	hypothetical protein	CP021743.1:c21829-21542	BMNILMOD_00022

DiscRep_SUB:FEATURE_LOCATION_CONFLICT::Coding region xref gene does not exist
plasmid_files/CP021743.1_results/PROKKA_06292018:CDS	hypothetical protein	CP021743.1:c22264-21989	BMNILMOD_00023

DiscRep_SUB:FEATURE_LOCATION_CONFLICT::Coding region xref gene does not exist
plasmid_files/CP021743.1_results/PROKKA_06292018:CDS	hypothetical protein	CP021743.1:c22591-22340	BMNILMOD_00024

DiscRep_SUB:FEATURE_LOCATION_CONFLICT::Coding region xref gene does not exist
plasmid_files/CP021743.1_results/PROKKA_06292018:CDS	hypothetical protein	CP021743.1:c23329-22682	BMNILMOD_00025

DiscRep_SUB:FEATURE_LOCATION_CONFLICT::Coding region xref gene does not exist
plasmid_files/CP021743.1_results/PROKKA_06292018:CDS	hypothetical protein	CP021743.1:c23934-23491	BMNILMOD_00026

DiscRep_SUB:FEATURE_LOCATION_CONFLICT::Coding region xref gene does not exist
plasmid_files/CP021743.1_results/PROKKA_06292018:CDS	Tyrosine recombinase XerD	CP021743.1:c24937-24170	BMNILMOD_00027

DiscRep_SUB:FEATURE_LOCATION_CONFLICT::Coding region xref gene does not exist
plasmid_files/CP021743.1_results/PROKKA_06292018:CDS	hypothetical protein	CP021743.1:c25445-25251	BMNILMOD_00028

DiscRep_SUB:FEATURE_LOCATION_CONFLICT::Coding region xref gene does not exist
plasmid_files/CP021743.1_results/PROKKA_06292018:CDS	hypothetical protein	CP021743.1:25551-25940	BMNILMOD_00029

DiscRep_SUB:FEATURE_LOCATION_CONFLICT::Coding region xref gene does not exist
plasmid_files/CP021743.1_results/PROKKA_06292018:CDS	hypothetical protein	CP021743.1:c26382-26191	BMNILMOD_00030

DiscRep_SUB:FEATURE_LOCATION_CONFLICT::Coding region xref gene does not exist
plasmid_files/CP021743.1_results/PROKKA_06292018:CDS	hypothetical protein	CP021743.1:c26867-26544	BMNILMOD_00031

DiscRep_SUB:FEATURE_LOCATION_CONFLICT::Coding region xref gene does not exist
plasmid_files/CP021743.1_results/PROKKA_06292018:CDS	hypothetical protein	CP021743.1:c27115-26867	BMNILMOD_00032

DiscRep_SUB:FEATURE_LOCATION_CONFLICT::Coding region xref gene does not exist
plasmid_files/CP021743.1_results/PROKKA_06292018:CDS	Thermonuclease	CP021743.1:c27677-27213	BMNILMOD_00033

DiscRep_SUB:FEATURE_LOCATION_CONFLICT::Coding region xref gene does not exist
plasmid_files/CP021743.1_results/PROKKA_06292018:CDS	hypothetical protein	CP021743.1:28077-28445	BMNILMOD_00034

DiscRep_SUB:FEATURE_LOCATION_CONFLICT::Coding region xref gene does not exist
plasmid_files/CP021743.1_results/PROKKA_06292018:CDS	Antirestriction protein KlcA	CP021743.1:28618-29046	BMNILMOD_00035

DiscRep_SUB:FEATURE_LOCATION_CONFLICT::Coding region xref gene does not exist
plasmid_files/CP021743.1_results/PROKKA_06292018:CDS	hypothetical protein	CP021743.1:c29668-29078	BMNILMOD_00036

DiscRep_SUB:FEATURE_LOCATION_CONFLICT::Coding region xref gene does not exist
plasmid_files/CP021743.1_results/PROKKA_06292018:CDS	hypothetical protein	CP021743.1:c30110-29652	BMNILMOD_00037

DiscRep_SUB:FEATURE_LOCATION_CONFLICT::Coding region xref gene does not exist
plasmid_files/CP021743.1_results/PROKKA_06292018:CDS	Nucleoid occlusion protein	CP021743.1:c30934-30107	BMNILMOD_00038

DiscRep_SUB:FEATURE_LOCATION_CONFLICT::Coding region xref gene does not exist
plasmid_files/CP021743.1_results/PROKKA_06292018:CDS	hypothetical protein	CP021743.1:c32922-30937	BMNILMOD_00039

DiscRep_SUB:FEATURE_LOCATION_CONFLICT::Coding region xref gene does not exist
plasmid_files/CP021743.1_results/PROKKA_06292018:CDS	hypothetical protein	CP021743.1:33999-34712	BMNILMOD_00040

DiscRep_SUB:FEATURE_LOCATION_CONFLICT::Coding region xref gene does not exist
plasmid_files/CP021743.1_results/PROKKA_06292018:CDS	Type IV secretion system protein VirB11	CP021743.1:34727-35749	BMNILMOD_00041

DiscRep_SUB:FEATURE_LOCATION_CONFLICT::Coding region xref gene does not exist
plasmid_files/CP021743.1_results/PROKKA_06292018:CDS	hypothetical protein	CP021743.1:c36299-35952	BMNILMOD_00042

DiscRep_SUB:FEATURE_LOCATION_CONFLICT::Coding region xref gene does not exist
plasmid_files/CP021743.1_results/PROKKA_06292018:CDS	hypothetical protein	CP021743.1:c36600-36364	BMNILMOD_00043

DiscRep_SUB:FEATURE_LOCATION_CONFLICT::Coding region xref gene does not exist
plasmid_files/CP021743.1_results/PROKKA_06292018:CDS	hypothetical protein	CP021743.1:36730-37089	BMNILMOD_00044

DiscRep_SUB:FEATURE_LOCATION_CONFLICT::Coding region xref gene does not exist
plasmid_files/CP021743.1_results/PROKKA_06292018:CDS	Type IV secretion system protein virB4	CP021743.1:37102-39681	BMNILMOD_00045

DiscRep_SUB:FEATURE_LOCATION_CONFLICT::Coding region xref gene does not exist
plasmid_files/CP021743.1_results/PROKKA_06292018:CDS	hypothetical protein	CP021743.1:39678-40490	BMNILMOD_00046

DiscRep_SUB:FEATURE_LOCATION_CONFLICT::Coding region xref gene does not exist
plasmid_files/CP021743.1_results/PROKKA_06292018:CDS	hypothetical protein	CP021743.1:40490-40948	BMNILMOD_00047

DiscRep_SUB:FEATURE_LOCATION_CONFLICT::Coding region xref gene does not exist
plasmid_files/CP021743.1_results/PROKKA_06292018:CDS	hypothetical protein	CP021743.1:40995-41969	BMNILMOD_00048

DiscRep_SUB:FEATURE_LOCATION_CONFLICT::Coding region xref gene does not exist
plasmid_files/CP021743.1_results/PROKKA_06292018:CDS	hypothetical protein	CP021743.1:41980-42705	BMNILMOD_00049

DiscRep_SUB:FEATURE_LOCATION_CONFLICT::Coding region xref gene does not exist
plasmid_files/CP021743.1_results/PROKKA_06292018:CDS	hypothetical protein	CP021743.1:42710-43543	BMNILMOD_00050

DiscRep_ALL:DISC_QUALITY_SCORES::Quality scores are missing on all sequences.

DiscRep_ALL:ONCALLER_COMMENT_PRESENT::1 comment descriptors were found (all same)
plasmid_files/CP021743.1_results/PROKKA_06292018:CP021743.1:Annotated using prokka 1.14-dev from https://github.com/tseemann/prokka

DiscRep_ALL:MISSING_GENOMEASSEMBLY_COMMENTS::1 bioseqs are missing GenomeAssembly structured comments
plasmid_files/CP021743.1_results/PROKKA_06292018:CP021743.1 (length 43620)

DiscRep_ALL:MOLTYPE_NOT_MRNA::1 molecule types are not set as mRNA.
plasmid_files/CP021743.1_results/PROKKA_06292018:CP021743.1 (length 43620)

DiscRep_ALL:TECHNIQUE_NOT_TSA::1 technique are not set as TSA
plasmid_files/CP021743.1_results/PROKKA_06292018:CP021743.1 (length 43620)

DiscRep_ALL:MISSING_STRUCTURED_COMMENT::1 sequences do not include structured comments.
plasmid_files/CP021743.1_results/PROKKA_06292018:CP021743.1 (length 43620)

DiscRep_ALL:MISSING_PROJECT::51 sequences do not include project.
plasmid_files/CP021743.1_results/PROKKA_06292018:CP021743.1 (length 43620)
plasmid_files/CP021743.1_results/PROKKA_06292018:CP021743.1_1 (length 421)
plasmid_files/CP021743.1_results/PROKKA_06292018:CP021743.1_2 (length 178)
plasmid_files/CP021743.1_results/PROKKA_06292018:CP021743.1_3 (length 63)
plasmid_files/CP021743.1_results/PROKKA_06292018:CP021743.1_4 (length 228)
plasmid_files/CP021743.1_results/PROKKA_06292018:CP021743.1_5 (length 116)
plasmid_files/CP021743.1_results/PROKKA_06292018:CP021743.1_6 (length 73)
plasmid_files/CP021743.1_results/PROKKA_06292018:CP021743.1_7 (length 715)
plasmid_files/CP021743.1_results/PROKKA_06292018:CP021743.1_8 (length 439)
plasmid_files/CP021743.1_results/PROKKA_06292018:CP021743.1_9 (length 293)
plasmid_files/CP021743.1_results/PROKKA_06292018:CP021743.1_10 (length 112)
plasmid_files/CP021743.1_results/PROKKA_06292018:CP021743.1_11 (length 259)
plasmid_files/CP021743.1_results/PROKKA_06292018:CP021743.1_12 (length 341)
plasmid_files/CP021743.1_results/PROKKA_06292018:CP021743.1_13 (length 1009)
plasmid_files/CP021743.1_results/PROKKA_06292018:CP021743.1_14 (length 571)
plasmid_files/CP021743.1_results/PROKKA_06292018:CP021743.1_15 (length 302)
plasmid_files/CP021743.1_results/PROKKA_06292018:CP021743.1_16 (length 185)
plasmid_files/CP021743.1_results/PROKKA_06292018:CP021743.1_17 (length 286)
plasmid_files/CP021743.1_results/PROKKA_06292018:CP021743.1_18 (length 76)
plasmid_files/CP021743.1_results/PROKKA_06292018:CP021743.1_19 (length 79)
plasmid_files/CP021743.1_results/PROKKA_06292018:CP021743.1_20 (length 297)
plasmid_files/CP021743.1_results/PROKKA_06292018:CP021743.1_21 (length 149)
plasmid_files/CP021743.1_results/PROKKA_06292018:CP021743.1_22 (length 95)
plasmid_files/CP021743.1_results/PROKKA_06292018:CP021743.1_23 (length 91)
plasmid_files/CP021743.1_results/PROKKA_06292018:CP021743.1_24 (length 83)
plasmid_files/CP021743.1_results/PROKKA_06292018:CP021743.1_25 (length 215)
plasmid_files/CP021743.1_results/PROKKA_06292018:CP021743.1_26 (length 147)
plasmid_files/CP021743.1_results/PROKKA_06292018:CP021743.1_27 (length 255)
plasmid_files/CP021743.1_results/PROKKA_06292018:CP021743.1_28 (length 64)
plasmid_files/CP021743.1_results/PROKKA_06292018:CP021743.1_29 (length 129)
plasmid_files/CP021743.1_results/PROKKA_06292018:CP021743.1_30 (length 63)
plasmid_files/CP021743.1_results/PROKKA_06292018:CP021743.1_31 (length 107)
plasmid_files/CP021743.1_results/PROKKA_06292018:CP021743.1_32 (length 82)
plasmid_files/CP021743.1_results/PROKKA_06292018:CP021743.1_33 (length 154)
plasmid_files/CP021743.1_results/PROKKA_06292018:CP021743.1_34 (length 122)
plasmid_files/CP021743.1_results/PROKKA_06292018:CP021743.1_35 (length 142)
plasmid_files/CP021743.1_results/PROKKA_06292018:CP021743.1_36 (length 196)
plasmid_files/CP021743.1_results/PROKKA_06292018:CP021743.1_37 (length 152)
plasmid_files/CP021743.1_results/PROKKA_06292018:CP021743.1_38 (length 275)
plasmid_files/CP021743.1_results/PROKKA_06292018:CP021743.1_39 (length 661)
plasmid_files/CP021743.1_results/PROKKA_06292018:CP021743.1_40 (length 237)
plasmid_files/CP021743.1_results/PROKKA_06292018:CP021743.1_41 (length 340)
plasmid_files/CP021743.1_results/PROKKA_06292018:CP021743.1_42 (length 115)
plasmid_files/CP021743.1_results/PROKKA_06292018:CP021743.1_43 (length 78)
plasmid_files/CP021743.1_results/PROKKA_06292018:CP021743.1_44 (length 119)
plasmid_files/CP021743.1_results/PROKKA_06292018:CP021743.1_45 (length 859)
plasmid_files/CP021743.1_results/PROKKA_06292018:CP021743.1_46 (length 270)
plasmid_files/CP021743.1_results/PROKKA_06292018:CP021743.1_47 (length 152)
plasmid_files/CP021743.1_results/PROKKA_06292018:CP021743.1_48 (length 324)
plasmid_files/CP021743.1_results/PROKKA_06292018:CP021743.1_49 (length 241)
plasmid_files/CP021743.1_results/PROKKA_06292018:CP021743.1_50 (length 277)

DiscRep_ALL:DISC_INCONSISTENT_MOLINFO_TECH::Molinfo Technique Report (some missing, all same)
DiscRep_SUB:DISC_INCONSISTENT_MOLINFO_TECH::technique (all missing)
DiscRep_SUB:DISC_INCONSISTENT_MOLINFO_TECH::1 Molinfos are missing field technique
plasmid_files/CP021743.1_results/PROKKA_06292018:CP021743.1 (length 43620)

