Discrepancy Report Results

Summary
FATAL: MISSING_PROTEIN_ID:52 proteins have invalid IDs.
DISC_SOURCE_QUALS_ASNDISC:strain (all present, all unique)
DISC_SOURCE_QUALS_ASNDISC:taxname (all present, all unique)
DISC_FEATURE_COUNT:CDS: 52 present
DISC_COUNT_NUCLEOTIDES:1 nucleotide Bioseqs are present
FEATURE_LOCATION_CONFLICT:52 features have inconsistent gene locations.
DISC_QUALITY_SCORES:Quality scores are missing on all sequences.
ONCALLER_COMMENT_PRESENT:1 comment descriptors were found (all same)
MISSING_GENOMEASSEMBLY_COMMENTS:1 bioseqs are missing GenomeAssembly structured comments
MOLTYPE_NOT_MRNA:1 molecule types are not set as mRNA.
TECHNIQUE_NOT_TSA:1 technique are not set as TSA
MISSING_STRUCTURED_COMMENT:1 sequences do not include structured comments.
MISSING_PROJECT:53 sequences do not include project.
DISC_INCONSISTENT_MOLINFO_TECH:Molinfo Technique Report (some missing, all same)


Detailed Report

FATAL: DiscRep_ALL:MISSING_PROTEIN_ID::52 proteins have invalid IDs.
plasmid_files/CP008826.1_results/PROKKA_06292018:CP008826.1_1 (length 76)
plasmid_files/CP008826.1_results/PROKKA_06292018:CP008826.1_2 (length 79)
plasmid_files/CP008826.1_results/PROKKA_06292018:CP008826.1_3 (length 297)
plasmid_files/CP008826.1_results/PROKKA_06292018:CP008826.1_4 (length 965)
plasmid_files/CP008826.1_results/PROKKA_06292018:CP008826.1_5 (length 201)
plasmid_files/CP008826.1_results/PROKKA_06292018:CP008826.1_6 (length 149)
plasmid_files/CP008826.1_results/PROKKA_06292018:CP008826.1_7 (length 95)
plasmid_files/CP008826.1_results/PROKKA_06292018:CP008826.1_8 (length 91)
plasmid_files/CP008826.1_results/PROKKA_06292018:CP008826.1_9 (length 83)
plasmid_files/CP008826.1_results/PROKKA_06292018:CP008826.1_10 (length 215)
plasmid_files/CP008826.1_results/PROKKA_06292018:CP008826.1_11 (length 147)
plasmid_files/CP008826.1_results/PROKKA_06292018:CP008826.1_12 (length 255)
plasmid_files/CP008826.1_results/PROKKA_06292018:CP008826.1_13 (length 64)
plasmid_files/CP008826.1_results/PROKKA_06292018:CP008826.1_14 (length 129)
plasmid_files/CP008826.1_results/PROKKA_06292018:CP008826.1_15 (length 63)
plasmid_files/CP008826.1_results/PROKKA_06292018:CP008826.1_16 (length 107)
plasmid_files/CP008826.1_results/PROKKA_06292018:CP008826.1_17 (length 82)
plasmid_files/CP008826.1_results/PROKKA_06292018:CP008826.1_18 (length 154)
plasmid_files/CP008826.1_results/PROKKA_06292018:CP008826.1_19 (length 122)
plasmid_files/CP008826.1_results/PROKKA_06292018:CP008826.1_20 (length 142)
plasmid_files/CP008826.1_results/PROKKA_06292018:CP008826.1_21 (length 196)
plasmid_files/CP008826.1_results/PROKKA_06292018:CP008826.1_22 (length 152)
plasmid_files/CP008826.1_results/PROKKA_06292018:CP008826.1_23 (length 275)
plasmid_files/CP008826.1_results/PROKKA_06292018:CP008826.1_24 (length 661)
plasmid_files/CP008826.1_results/PROKKA_06292018:CP008826.1_25 (length 237)
plasmid_files/CP008826.1_results/PROKKA_06292018:CP008826.1_26 (length 340)
plasmid_files/CP008826.1_results/PROKKA_06292018:CP008826.1_27 (length 115)
plasmid_files/CP008826.1_results/PROKKA_06292018:CP008826.1_28 (length 78)
plasmid_files/CP008826.1_results/PROKKA_06292018:CP008826.1_29 (length 119)
plasmid_files/CP008826.1_results/PROKKA_06292018:CP008826.1_30 (length 859)
plasmid_files/CP008826.1_results/PROKKA_06292018:CP008826.1_31 (length 270)
plasmid_files/CP008826.1_results/PROKKA_06292018:CP008826.1_32 (length 152)
plasmid_files/CP008826.1_results/PROKKA_06292018:CP008826.1_33 (length 324)
plasmid_files/CP008826.1_results/PROKKA_06292018:CP008826.1_34 (length 241)
plasmid_files/CP008826.1_results/PROKKA_06292018:CP008826.1_35 (length 277)
plasmid_files/CP008826.1_results/PROKKA_06292018:CP008826.1_36 (length 458)
plasmid_files/CP008826.1_results/PROKKA_06292018:CP008826.1_37 (length 178)
plasmid_files/CP008826.1_results/PROKKA_06292018:CP008826.1_38 (length 63)
plasmid_files/CP008826.1_results/PROKKA_06292018:CP008826.1_39 (length 228)
plasmid_files/CP008826.1_results/PROKKA_06292018:CP008826.1_40 (length 116)
plasmid_files/CP008826.1_results/PROKKA_06292018:CP008826.1_41 (length 73)
plasmid_files/CP008826.1_results/PROKKA_06292018:CP008826.1_42 (length 715)
plasmid_files/CP008826.1_results/PROKKA_06292018:CP008826.1_43 (length 439)
plasmid_files/CP008826.1_results/PROKKA_06292018:CP008826.1_44 (length 293)
plasmid_files/CP008826.1_results/PROKKA_06292018:CP008826.1_45 (length 112)
plasmid_files/CP008826.1_results/PROKKA_06292018:CP008826.1_46 (length 259)
plasmid_files/CP008826.1_results/PROKKA_06292018:CP008826.1_47 (length 341)
plasmid_files/CP008826.1_results/PROKKA_06292018:CP008826.1_48 (length 1009)
plasmid_files/CP008826.1_results/PROKKA_06292018:CP008826.1_49 (length 571)
plasmid_files/CP008826.1_results/PROKKA_06292018:CP008826.1_50 (length 302)
plasmid_files/CP008826.1_results/PROKKA_06292018:CP008826.1_51 (length 185)
plasmid_files/CP008826.1_results/PROKKA_06292018:CP008826.1_52 (length 286)

DiscRep_ALL:DISC_SOURCE_QUALS_ASNDISC::strain (all present, all unique)
DiscRep_SUB:DISC_SOURCE_QUALS_ASNDISC::1 sources have unique values for strain
DiscRep_ALL:DISC_SOURCE_QUALS_ASNDISC::taxname (all present, all unique)
DiscRep_SUB:DISC_SOURCE_QUALS_ASNDISC::1 sources have unique values for taxname
DiscRep_ALL:DISC_FEATURE_COUNT::CDS: 52 present
DiscRep_ALL:DISC_COUNT_NUCLEOTIDES::1 nucleotide Bioseqs are present
plasmid_files/CP008826.1_results/PROKKA_06292018:CP008826.1 (length 47290)

DiscRep_ALL:FEATURE_LOCATION_CONFLICT::52 features have inconsistent gene locations.
DiscRep_SUB:FEATURE_LOCATION_CONFLICT::Coding region xref gene does not exist
plasmid_files/CP008826.1_results/PROKKA_06292018:CDS	Single-stranded DNA-binding protein	CP008826.1:25-255	PFJLMBNP_00001

DiscRep_SUB:FEATURE_LOCATION_CONFLICT::Coding region xref gene does not exist
plasmid_files/CP008826.1_results/PROKKA_06292018:CDS	hypothetical protein	CP008826.1:559-798	PFJLMBNP_00002

DiscRep_SUB:FEATURE_LOCATION_CONFLICT::Coding region xref gene does not exist
plasmid_files/CP008826.1_results/PROKKA_06292018:CDS	hypothetical protein	CP008826.1:1200-2093	PFJLMBNP_00003

DiscRep_SUB:FEATURE_LOCATION_CONFLICT::Coding region xref gene does not exist
plasmid_files/CP008826.1_results/PROKKA_06292018:CDS	hypothetical protein	CP008826.1:c5538-2641	PFJLMBNP_00004

DiscRep_SUB:FEATURE_LOCATION_CONFLICT::Coding region xref gene does not exist
plasmid_files/CP008826.1_results/PROKKA_06292018:CDS	Serine recombinase PinR	CP008826.1:5633-6238	PFJLMBNP_00005

DiscRep_SUB:FEATURE_LOCATION_CONFLICT::Coding region xref gene does not exist
plasmid_files/CP008826.1_results/PROKKA_06292018:CDS	hypothetical protein	CP008826.1:c6869-6420	PFJLMBNP_00006

DiscRep_SUB:FEATURE_LOCATION_CONFLICT::Coding region xref gene does not exist
plasmid_files/CP008826.1_results/PROKKA_06292018:CDS	hypothetical protein	CP008826.1:c7235-6948	PFJLMBNP_00007

DiscRep_SUB:FEATURE_LOCATION_CONFLICT::Coding region xref gene does not exist
plasmid_files/CP008826.1_results/PROKKA_06292018:CDS	hypothetical protein	CP008826.1:c7670-7395	PFJLMBNP_00008

DiscRep_SUB:FEATURE_LOCATION_CONFLICT::Coding region xref gene does not exist
plasmid_files/CP008826.1_results/PROKKA_06292018:CDS	hypothetical protein	CP008826.1:c7997-7746	PFJLMBNP_00009

DiscRep_SUB:FEATURE_LOCATION_CONFLICT::Coding region xref gene does not exist
plasmid_files/CP008826.1_results/PROKKA_06292018:CDS	hypothetical protein	CP008826.1:c8735-8088	PFJLMBNP_00010

DiscRep_SUB:FEATURE_LOCATION_CONFLICT::Coding region xref gene does not exist
plasmid_files/CP008826.1_results/PROKKA_06292018:CDS	hypothetical protein	CP008826.1:c9340-8897	PFJLMBNP_00011

DiscRep_SUB:FEATURE_LOCATION_CONFLICT::Coding region xref gene does not exist
plasmid_files/CP008826.1_results/PROKKA_06292018:CDS	Tyrosine recombinase XerD	CP008826.1:c10343-9576	PFJLMBNP_00012

DiscRep_SUB:FEATURE_LOCATION_CONFLICT::Coding region xref gene does not exist
plasmid_files/CP008826.1_results/PROKKA_06292018:CDS	hypothetical protein	CP008826.1:c10851-10657	PFJLMBNP_00013

DiscRep_SUB:FEATURE_LOCATION_CONFLICT::Coding region xref gene does not exist
plasmid_files/CP008826.1_results/PROKKA_06292018:CDS	hypothetical protein	CP008826.1:10957-11346	PFJLMBNP_00014

DiscRep_SUB:FEATURE_LOCATION_CONFLICT::Coding region xref gene does not exist
plasmid_files/CP008826.1_results/PROKKA_06292018:CDS	hypothetical protein	CP008826.1:c11788-11597	PFJLMBNP_00015

DiscRep_SUB:FEATURE_LOCATION_CONFLICT::Coding region xref gene does not exist
plasmid_files/CP008826.1_results/PROKKA_06292018:CDS	hypothetical protein	CP008826.1:c12273-11950	PFJLMBNP_00016

DiscRep_SUB:FEATURE_LOCATION_CONFLICT::Coding region xref gene does not exist
plasmid_files/CP008826.1_results/PROKKA_06292018:CDS	hypothetical protein	CP008826.1:c12521-12273	PFJLMBNP_00017

DiscRep_SUB:FEATURE_LOCATION_CONFLICT::Coding region xref gene does not exist
plasmid_files/CP008826.1_results/PROKKA_06292018:CDS	Thermonuclease	CP008826.1:c13083-12619	PFJLMBNP_00018

DiscRep_SUB:FEATURE_LOCATION_CONFLICT::Coding region xref gene does not exist
plasmid_files/CP008826.1_results/PROKKA_06292018:CDS	hypothetical protein	CP008826.1:13483-13851	PFJLMBNP_00019

DiscRep_SUB:FEATURE_LOCATION_CONFLICT::Coding region xref gene does not exist
plasmid_files/CP008826.1_results/PROKKA_06292018:CDS	Antirestriction protein KlcA	CP008826.1:14024-14452	PFJLMBNP_00020

DiscRep_SUB:FEATURE_LOCATION_CONFLICT::Coding region xref gene does not exist
plasmid_files/CP008826.1_results/PROKKA_06292018:CDS	hypothetical protein	CP008826.1:c15074-14484	PFJLMBNP_00021

DiscRep_SUB:FEATURE_LOCATION_CONFLICT::Coding region xref gene does not exist
plasmid_files/CP008826.1_results/PROKKA_06292018:CDS	hypothetical protein	CP008826.1:c15516-15058	PFJLMBNP_00022

DiscRep_SUB:FEATURE_LOCATION_CONFLICT::Coding region xref gene does not exist
plasmid_files/CP008826.1_results/PROKKA_06292018:CDS	Nucleoid occlusion protein	CP008826.1:c16340-15513	PFJLMBNP_00023

DiscRep_SUB:FEATURE_LOCATION_CONFLICT::Coding region xref gene does not exist
plasmid_files/CP008826.1_results/PROKKA_06292018:CDS	hypothetical protein	CP008826.1:c18328-16343	PFJLMBNP_00024

DiscRep_SUB:FEATURE_LOCATION_CONFLICT::Coding region xref gene does not exist
plasmid_files/CP008826.1_results/PROKKA_06292018:CDS	hypothetical protein	CP008826.1:19406-20119	PFJLMBNP_00025

DiscRep_SUB:FEATURE_LOCATION_CONFLICT::Coding region xref gene does not exist
plasmid_files/CP008826.1_results/PROKKA_06292018:CDS	Type IV secretion system protein VirB11	CP008826.1:20134-21156	PFJLMBNP_00026

DiscRep_SUB:FEATURE_LOCATION_CONFLICT::Coding region xref gene does not exist
plasmid_files/CP008826.1_results/PROKKA_06292018:CDS	hypothetical protein	CP008826.1:c21706-21359	PFJLMBNP_00027

DiscRep_SUB:FEATURE_LOCATION_CONFLICT::Coding region xref gene does not exist
plasmid_files/CP008826.1_results/PROKKA_06292018:CDS	hypothetical protein	CP008826.1:c22007-21771	PFJLMBNP_00028

DiscRep_SUB:FEATURE_LOCATION_CONFLICT::Coding region xref gene does not exist
plasmid_files/CP008826.1_results/PROKKA_06292018:CDS	hypothetical protein	CP008826.1:22137-22496	PFJLMBNP_00029

DiscRep_SUB:FEATURE_LOCATION_CONFLICT::Coding region xref gene does not exist
plasmid_files/CP008826.1_results/PROKKA_06292018:CDS	Type IV secretion system protein virB4	CP008826.1:22509-25088	PFJLMBNP_00030

DiscRep_SUB:FEATURE_LOCATION_CONFLICT::Coding region xref gene does not exist
plasmid_files/CP008826.1_results/PROKKA_06292018:CDS	hypothetical protein	CP008826.1:25085-25897	PFJLMBNP_00031

DiscRep_SUB:FEATURE_LOCATION_CONFLICT::Coding region xref gene does not exist
plasmid_files/CP008826.1_results/PROKKA_06292018:CDS	hypothetical protein	CP008826.1:25897-26355	PFJLMBNP_00032

DiscRep_SUB:FEATURE_LOCATION_CONFLICT::Coding region xref gene does not exist
plasmid_files/CP008826.1_results/PROKKA_06292018:CDS	hypothetical protein	CP008826.1:26402-27376	PFJLMBNP_00033

DiscRep_SUB:FEATURE_LOCATION_CONFLICT::Coding region xref gene does not exist
plasmid_files/CP008826.1_results/PROKKA_06292018:CDS	hypothetical protein	CP008826.1:27387-28112	PFJLMBNP_00034

DiscRep_SUB:FEATURE_LOCATION_CONFLICT::Coding region xref gene does not exist
plasmid_files/CP008826.1_results/PROKKA_06292018:CDS	hypothetical protein	CP008826.1:28117-28950	PFJLMBNP_00035

DiscRep_SUB:FEATURE_LOCATION_CONFLICT::Coding region xref gene does not exist
plasmid_files/CP008826.1_results/PROKKA_06292018:CDS	hypothetical protein	CP008826.1:28953-30329	PFJLMBNP_00036

DiscRep_SUB:FEATURE_LOCATION_CONFLICT::Coding region xref gene does not exist
plasmid_files/CP008826.1_results/PROKKA_06292018:CDS	hypothetical protein	CP008826.1:30310-30846	PFJLMBNP_00037

DiscRep_SUB:FEATURE_LOCATION_CONFLICT::Coding region xref gene does not exist
plasmid_files/CP008826.1_results/PROKKA_06292018:CDS	hypothetical protein	CP008826.1:30852-31043	PFJLMBNP_00038

DiscRep_SUB:FEATURE_LOCATION_CONFLICT::Coding region xref gene does not exist
plasmid_files/CP008826.1_results/PROKKA_06292018:CDS	Soluble lytic murein transglycosylase	CP008826.1:31040-31726	PFJLMBNP_00039

DiscRep_SUB:FEATURE_LOCATION_CONFLICT::Coding region xref gene does not exist
plasmid_files/CP008826.1_results/PROKKA_06292018:CDS	hypothetical protein	CP008826.1:31727-32077	PFJLMBNP_00040

DiscRep_SUB:FEATURE_LOCATION_CONFLICT::Coding region xref gene does not exist
plasmid_files/CP008826.1_results/PROKKA_06292018:CDS	Single-stranded DNA-binding protein	CP008826.1:32119-32340	PFJLMBNP_00041

DiscRep_SUB:FEATURE_LOCATION_CONFLICT::Coding region xref gene does not exist
plasmid_files/CP008826.1_results/PROKKA_06292018:CDS	hypothetical protein	CP008826.1:c34512-32365	PFJLMBNP_00042

DiscRep_SUB:FEATURE_LOCATION_CONFLICT::Coding region xref gene does not exist
plasmid_files/CP008826.1_results/PROKKA_06292018:CDS	hypothetical protein	CP008826.1:34831-36150	PFJLMBNP_00043

DiscRep_SUB:FEATURE_LOCATION_CONFLICT::Coding region xref gene does not exist
plasmid_files/CP008826.1_results/PROKKA_06292018:CDS	Carbapenem-hydrolyzing beta-lactamase KPC	CP008826.1:c37281-36400	PFJLMBNP_00044

DiscRep_SUB:FEATURE_LOCATION_CONFLICT::Coding region xref gene does not exist
plasmid_files/CP008826.1_results/PROKKA_06292018:CDS	hypothetical protein	CP008826.1:c37671-37333	PFJLMBNP_00045

DiscRep_SUB:FEATURE_LOCATION_CONFLICT::Coding region xref gene does not exist
plasmid_files/CP008826.1_results/PROKKA_06292018:CDS	Insertion sequence IS5376 putative ATP-binding protein	CP008826.1:c38447-37668	PFJLMBNP_00046

DiscRep_SUB:FEATURE_LOCATION_CONFLICT::Coding region xref gene does not exist
plasmid_files/CP008826.1_results/PROKKA_06292018:CDS	hypothetical protein	CP008826.1:c39469-38444	PFJLMBNP_00047

DiscRep_SUB:FEATURE_LOCATION_CONFLICT::Coding region xref gene does not exist
plasmid_files/CP008826.1_results/PROKKA_06292018:CDS	hypothetical protein	CP008826.1:c42605-39576	PFJLMBNP_00048

DiscRep_SUB:FEATURE_LOCATION_CONFLICT::Coding region xref gene does not exist
plasmid_files/CP008826.1_results/PROKKA_06292018:CDS	Tyrosine recombinase XerD	CP008826.1:42715-44430	PFJLMBNP_00049

DiscRep_SUB:FEATURE_LOCATION_CONFLICT::Coding region xref gene does not exist
plasmid_files/CP008826.1_results/PROKKA_06292018:CDS	hypothetical protein	CP008826.1:c45381-44473	PFJLMBNP_00050

DiscRep_SUB:FEATURE_LOCATION_CONFLICT::Coding region xref gene does not exist
plasmid_files/CP008826.1_results/PROKKA_06292018:CDS	Transposon Tn3 resolvase	CP008826.1:45544-46101	PFJLMBNP_00051

DiscRep_SUB:FEATURE_LOCATION_CONFLICT::Coding region xref gene does not exist
plasmid_files/CP008826.1_results/PROKKA_06292018:CDS	Beta-lactamase TEM	CP008826.1:46284-47144	PFJLMBNP_00052

DiscRep_ALL:DISC_QUALITY_SCORES::Quality scores are missing on all sequences.

DiscRep_ALL:ONCALLER_COMMENT_PRESENT::1 comment descriptors were found (all same)
plasmid_files/CP008826.1_results/PROKKA_06292018:CP008826.1:Annotated using prokka 1.14-dev from https://github.com/tseemann/prokka

DiscRep_ALL:MISSING_GENOMEASSEMBLY_COMMENTS::1 bioseqs are missing GenomeAssembly structured comments
plasmid_files/CP008826.1_results/PROKKA_06292018:CP008826.1 (length 47290)

DiscRep_ALL:MOLTYPE_NOT_MRNA::1 molecule types are not set as mRNA.
plasmid_files/CP008826.1_results/PROKKA_06292018:CP008826.1 (length 47290)

DiscRep_ALL:TECHNIQUE_NOT_TSA::1 technique are not set as TSA
plasmid_files/CP008826.1_results/PROKKA_06292018:CP008826.1 (length 47290)

DiscRep_ALL:MISSING_STRUCTURED_COMMENT::1 sequences do not include structured comments.
plasmid_files/CP008826.1_results/PROKKA_06292018:CP008826.1 (length 47290)

DiscRep_ALL:MISSING_PROJECT::53 sequences do not include project.
plasmid_files/CP008826.1_results/PROKKA_06292018:CP008826.1 (length 47290)
plasmid_files/CP008826.1_results/PROKKA_06292018:CP008826.1_1 (length 76)
plasmid_files/CP008826.1_results/PROKKA_06292018:CP008826.1_2 (length 79)
plasmid_files/CP008826.1_results/PROKKA_06292018:CP008826.1_3 (length 297)
plasmid_files/CP008826.1_results/PROKKA_06292018:CP008826.1_4 (length 965)
plasmid_files/CP008826.1_results/PROKKA_06292018:CP008826.1_5 (length 201)
plasmid_files/CP008826.1_results/PROKKA_06292018:CP008826.1_6 (length 149)
plasmid_files/CP008826.1_results/PROKKA_06292018:CP008826.1_7 (length 95)
plasmid_files/CP008826.1_results/PROKKA_06292018:CP008826.1_8 (length 91)
plasmid_files/CP008826.1_results/PROKKA_06292018:CP008826.1_9 (length 83)
plasmid_files/CP008826.1_results/PROKKA_06292018:CP008826.1_10 (length 215)
plasmid_files/CP008826.1_results/PROKKA_06292018:CP008826.1_11 (length 147)
plasmid_files/CP008826.1_results/PROKKA_06292018:CP008826.1_12 (length 255)
plasmid_files/CP008826.1_results/PROKKA_06292018:CP008826.1_13 (length 64)
plasmid_files/CP008826.1_results/PROKKA_06292018:CP008826.1_14 (length 129)
plasmid_files/CP008826.1_results/PROKKA_06292018:CP008826.1_15 (length 63)
plasmid_files/CP008826.1_results/PROKKA_06292018:CP008826.1_16 (length 107)
plasmid_files/CP008826.1_results/PROKKA_06292018:CP008826.1_17 (length 82)
plasmid_files/CP008826.1_results/PROKKA_06292018:CP008826.1_18 (length 154)
plasmid_files/CP008826.1_results/PROKKA_06292018:CP008826.1_19 (length 122)
plasmid_files/CP008826.1_results/PROKKA_06292018:CP008826.1_20 (length 142)
plasmid_files/CP008826.1_results/PROKKA_06292018:CP008826.1_21 (length 196)
plasmid_files/CP008826.1_results/PROKKA_06292018:CP008826.1_22 (length 152)
plasmid_files/CP008826.1_results/PROKKA_06292018:CP008826.1_23 (length 275)
plasmid_files/CP008826.1_results/PROKKA_06292018:CP008826.1_24 (length 661)
plasmid_files/CP008826.1_results/PROKKA_06292018:CP008826.1_25 (length 237)
plasmid_files/CP008826.1_results/PROKKA_06292018:CP008826.1_26 (length 340)
plasmid_files/CP008826.1_results/PROKKA_06292018:CP008826.1_27 (length 115)
plasmid_files/CP008826.1_results/PROKKA_06292018:CP008826.1_28 (length 78)
plasmid_files/CP008826.1_results/PROKKA_06292018:CP008826.1_29 (length 119)
plasmid_files/CP008826.1_results/PROKKA_06292018:CP008826.1_30 (length 859)
plasmid_files/CP008826.1_results/PROKKA_06292018:CP008826.1_31 (length 270)
plasmid_files/CP008826.1_results/PROKKA_06292018:CP008826.1_32 (length 152)
plasmid_files/CP008826.1_results/PROKKA_06292018:CP008826.1_33 (length 324)
plasmid_files/CP008826.1_results/PROKKA_06292018:CP008826.1_34 (length 241)
plasmid_files/CP008826.1_results/PROKKA_06292018:CP008826.1_35 (length 277)
plasmid_files/CP008826.1_results/PROKKA_06292018:CP008826.1_36 (length 458)
plasmid_files/CP008826.1_results/PROKKA_06292018:CP008826.1_37 (length 178)
plasmid_files/CP008826.1_results/PROKKA_06292018:CP008826.1_38 (length 63)
plasmid_files/CP008826.1_results/PROKKA_06292018:CP008826.1_39 (length 228)
plasmid_files/CP008826.1_results/PROKKA_06292018:CP008826.1_40 (length 116)
plasmid_files/CP008826.1_results/PROKKA_06292018:CP008826.1_41 (length 73)
plasmid_files/CP008826.1_results/PROKKA_06292018:CP008826.1_42 (length 715)
plasmid_files/CP008826.1_results/PROKKA_06292018:CP008826.1_43 (length 439)
plasmid_files/CP008826.1_results/PROKKA_06292018:CP008826.1_44 (length 293)
plasmid_files/CP008826.1_results/PROKKA_06292018:CP008826.1_45 (length 112)
plasmid_files/CP008826.1_results/PROKKA_06292018:CP008826.1_46 (length 259)
plasmid_files/CP008826.1_results/PROKKA_06292018:CP008826.1_47 (length 341)
plasmid_files/CP008826.1_results/PROKKA_06292018:CP008826.1_48 (length 1009)
plasmid_files/CP008826.1_results/PROKKA_06292018:CP008826.1_49 (length 571)
plasmid_files/CP008826.1_results/PROKKA_06292018:CP008826.1_50 (length 302)
plasmid_files/CP008826.1_results/PROKKA_06292018:CP008826.1_51 (length 185)
plasmid_files/CP008826.1_results/PROKKA_06292018:CP008826.1_52 (length 286)

DiscRep_ALL:DISC_INCONSISTENT_MOLINFO_TECH::Molinfo Technique Report (some missing, all same)
DiscRep_SUB:DISC_INCONSISTENT_MOLINFO_TECH::technique (all missing)
DiscRep_SUB:DISC_INCONSISTENT_MOLINFO_TECH::1 Molinfos are missing field technique
plasmid_files/CP008826.1_results/PROKKA_06292018:CP008826.1 (length 47290)

