Discrepancy Report Results

Summary
FATAL: MISSING_PROTEIN_ID:21 proteins have invalid IDs.
DISC_SOURCE_QUALS_ASNDISC:strain (all present, all unique)
DISC_SOURCE_QUALS_ASNDISC:taxname (all present, all unique)
DISC_FEATURE_COUNT:CDS: 21 present
DISC_COUNT_NUCLEOTIDES:1 nucleotide Bioseqs are present
FEATURE_LOCATION_CONFLICT:21 features have inconsistent gene locations.
DISC_QUALITY_SCORES:Quality scores are missing on all sequences.
ONCALLER_COMMENT_PRESENT:1 comment descriptors were found (all same)
SHORT_PROT_SEQUENCES:1 protein sequences are shorter than 50 aa.
MISSING_GENOMEASSEMBLY_COMMENTS:1 bioseqs are missing GenomeAssembly structured comments
MOLTYPE_NOT_MRNA:1 molecule types are not set as mRNA.
TECHNIQUE_NOT_TSA:1 technique are not set as TSA
MISSING_STRUCTURED_COMMENT:1 sequences do not include structured comments.
MISSING_PROJECT:22 sequences do not include project.
DISC_INCONSISTENT_MOLINFO_TECH:Molinfo Technique Report (some missing, all same)


Detailed Report

FATAL: DiscRep_ALL:MISSING_PROTEIN_ID::21 proteins have invalid IDs.
plasmid_files/CP021756.1_results/PROKKA_06292018:CP021756.1_1 (length 260)
plasmid_files/CP021756.1_results/PROKKA_06292018:CP021756.1_2 (length 87)
plasmid_files/CP021756.1_results/PROKKA_06292018:CP021756.1_3 (length 99)
plasmid_files/CP021756.1_results/PROKKA_06292018:CP021756.1_4 (length 125)
plasmid_files/CP021756.1_results/PROKKA_06292018:CP021756.1_5 (length 59)
plasmid_files/CP021756.1_results/PROKKA_06292018:CP021756.1_6 (length 176)
plasmid_files/CP021756.1_results/PROKKA_06292018:CP021756.1_7 (length 243)
plasmid_files/CP021756.1_results/PROKKA_06292018:CP021756.1_8 (length 654)
plasmid_files/CP021756.1_results/PROKKA_06292018:CP021756.1_9 (length 42)
plasmid_files/CP021756.1_results/PROKKA_06292018:CP021756.1_10 (length 85)
plasmid_files/CP021756.1_results/PROKKA_06292018:CP021756.1_11 (length 561)
plasmid_files/CP021756.1_results/PROKKA_06292018:CP021756.1_12 (length 234)
plasmid_files/CP021756.1_results/PROKKA_06292018:CP021756.1_13 (length 85)
plasmid_files/CP021756.1_results/PROKKA_06292018:CP021756.1_14 (length 201)
plasmid_files/CP021756.1_results/PROKKA_06292018:CP021756.1_15 (length 185)
plasmid_files/CP021756.1_results/PROKKA_06292018:CP021756.1_16 (length 302)
plasmid_files/CP021756.1_results/PROKKA_06292018:CP021756.1_17 (length 571)
plasmid_files/CP021756.1_results/PROKKA_06292018:CP021756.1_18 (length 1009)
plasmid_files/CP021756.1_results/PROKKA_06292018:CP021756.1_19 (length 341)
plasmid_files/CP021756.1_results/PROKKA_06292018:CP021756.1_20 (length 259)
plasmid_files/CP021756.1_results/PROKKA_06292018:CP021756.1_21 (length 293)

DiscRep_ALL:DISC_SOURCE_QUALS_ASNDISC::strain (all present, all unique)
DiscRep_SUB:DISC_SOURCE_QUALS_ASNDISC::1 sources have unique values for strain
DiscRep_ALL:DISC_SOURCE_QUALS_ASNDISC::taxname (all present, all unique)
DiscRep_SUB:DISC_SOURCE_QUALS_ASNDISC::1 sources have unique values for taxname
DiscRep_ALL:DISC_FEATURE_COUNT::CDS: 21 present
DiscRep_ALL:DISC_COUNT_NUCLEOTIDES::1 nucleotide Bioseqs are present
plasmid_files/CP021756.1_results/PROKKA_06292018:CP021756.1 (length 22632)

DiscRep_ALL:FEATURE_LOCATION_CONFLICT::21 features have inconsistent gene locations.
DiscRep_SUB:FEATURE_LOCATION_CONFLICT::Coding region xref gene does not exist
plasmid_files/CP021756.1_results/PROKKA_06292018:CDS	hypothetical protein	CP021756.1:28-810	MAOHAJLE_00001

DiscRep_SUB:FEATURE_LOCATION_CONFLICT::Coding region xref gene does not exist
plasmid_files/CP021756.1_results/PROKKA_06292018:CDS	hypothetical protein	CP021756.1:1760-2023	MAOHAJLE_00002

DiscRep_SUB:FEATURE_LOCATION_CONFLICT::Coding region xref gene does not exist
plasmid_files/CP021756.1_results/PROKKA_06292018:CDS	hypothetical protein	CP021756.1:2013-2312	MAOHAJLE_00003

DiscRep_SUB:FEATURE_LOCATION_CONFLICT::Coding region xref gene does not exist
plasmid_files/CP021756.1_results/PROKKA_06292018:CDS	hypothetical protein	CP021756.1:c2751-2374	MAOHAJLE_00004

DiscRep_SUB:FEATURE_LOCATION_CONFLICT::Coding region xref gene does not exist
plasmid_files/CP021756.1_results/PROKKA_06292018:CDS	Regulatory protein rop	CP021756.1:2820-2999	MAOHAJLE_00005

DiscRep_SUB:FEATURE_LOCATION_CONFLICT::Coding region xref gene does not exist
plasmid_files/CP021756.1_results/PROKKA_06292018:CDS	hypothetical protein	CP021756.1:c3557-3027	MAOHAJLE_00006

DiscRep_SUB:FEATURE_LOCATION_CONFLICT::Coding region xref gene does not exist
plasmid_files/CP021756.1_results/PROKKA_06292018:CDS	hypothetical protein	CP021756.1:c4295-3564	MAOHAJLE_00007

DiscRep_SUB:FEATURE_LOCATION_CONFLICT::Coding region xref gene does not exist
plasmid_files/CP021756.1_results/PROKKA_06292018:CDS	hypothetical protein	CP021756.1:c6259-4295	MAOHAJLE_00008

DiscRep_SUB:FEATURE_LOCATION_CONFLICT::Coding region xref gene does not exist
plasmid_files/CP021756.1_results/PROKKA_06292018:CDS	hypothetical protein	CP021756.1:c7099-6971	MAOHAJLE_00009

DiscRep_SUB:FEATURE_LOCATION_CONFLICT::Coding region xref gene does not exist
plasmid_files/CP021756.1_results/PROKKA_06292018:CDS	Cloacin immunity protein	CP021756.1:c8231-7974	MAOHAJLE_00010

DiscRep_SUB:FEATURE_LOCATION_CONFLICT::Coding region xref gene does not exist
plasmid_files/CP021756.1_results/PROKKA_06292018:CDS	Colicin-E3	CP021756.1:c9926-8241	MAOHAJLE_00011

DiscRep_SUB:FEATURE_LOCATION_CONFLICT::Coding region xref gene does not exist
plasmid_files/CP021756.1_results/PROKKA_06292018:CDS	hypothetical protein	CP021756.1:c11366-10662	MAOHAJLE_00012

DiscRep_SUB:FEATURE_LOCATION_CONFLICT::Coding region xref gene does not exist
plasmid_files/CP021756.1_results/PROKKA_06292018:CDS	Streptomycin 3''-adenylyltransferase	CP021756.1:c11635-11378	MAOHAJLE_00013

DiscRep_SUB:FEATURE_LOCATION_CONFLICT::Coding region xref gene does not exist
plasmid_files/CP021756.1_results/PROKKA_06292018:CDS	Aminoglycoside N(6')-acetyltransferase type 1	CP021756.1:c12322-11717	MAOHAJLE_00014

DiscRep_SUB:FEATURE_LOCATION_CONFLICT::Coding region xref gene does not exist
plasmid_files/CP021756.1_results/PROKKA_06292018:CDS	Transposon Tn3 resolvase	CP021756.1:c13062-12505	MAOHAJLE_00015

DiscRep_SUB:FEATURE_LOCATION_CONFLICT::Coding region xref gene does not exist
plasmid_files/CP021756.1_results/PROKKA_06292018:CDS	hypothetical protein	CP021756.1:13226-14134	MAOHAJLE_00016

DiscRep_SUB:FEATURE_LOCATION_CONFLICT::Coding region xref gene does not exist
plasmid_files/CP021756.1_results/PROKKA_06292018:CDS	Tyrosine recombinase XerD	CP021756.1:c15892-14177	MAOHAJLE_00017

DiscRep_SUB:FEATURE_LOCATION_CONFLICT::Coding region xref gene does not exist
plasmid_files/CP021756.1_results/PROKKA_06292018:CDS	hypothetical protein	CP021756.1:16002-19031	MAOHAJLE_00018

DiscRep_SUB:FEATURE_LOCATION_CONFLICT::Coding region xref gene does not exist
plasmid_files/CP021756.1_results/PROKKA_06292018:CDS	hypothetical protein	CP021756.1:19138-20163	MAOHAJLE_00019

DiscRep_SUB:FEATURE_LOCATION_CONFLICT::Coding region xref gene does not exist
plasmid_files/CP021756.1_results/PROKKA_06292018:CDS	Insertion sequence IS5376 putative ATP-binding protein	CP021756.1:20160-20939	MAOHAJLE_00020

DiscRep_SUB:FEATURE_LOCATION_CONFLICT::Coding region xref gene does not exist
plasmid_files/CP021756.1_results/PROKKA_06292018:CDS	Carbapenem-hydrolyzing beta-lactamase KPC	CP021756.1:21326-22207	MAOHAJLE_00021

DiscRep_ALL:DISC_QUALITY_SCORES::Quality scores are missing on all sequences.

DiscRep_ALL:ONCALLER_COMMENT_PRESENT::1 comment descriptors were found (all same)
plasmid_files/CP021756.1_results/PROKKA_06292018:CP021756.1:Annotated using prokka 1.14-dev from https://github.com/tseemann/prokka

DiscRep_ALL:SHORT_PROT_SEQUENCES::1 protein sequences are shorter than 50 aa.
plasmid_files/CP021756.1_results/PROKKA_06292018:CP021756.1_9 (length 42)

DiscRep_ALL:MISSING_GENOMEASSEMBLY_COMMENTS::1 bioseqs are missing GenomeAssembly structured comments
plasmid_files/CP021756.1_results/PROKKA_06292018:CP021756.1 (length 22632)

DiscRep_ALL:MOLTYPE_NOT_MRNA::1 molecule types are not set as mRNA.
plasmid_files/CP021756.1_results/PROKKA_06292018:CP021756.1 (length 22632)

DiscRep_ALL:TECHNIQUE_NOT_TSA::1 technique are not set as TSA
plasmid_files/CP021756.1_results/PROKKA_06292018:CP021756.1 (length 22632)

DiscRep_ALL:MISSING_STRUCTURED_COMMENT::1 sequences do not include structured comments.
plasmid_files/CP021756.1_results/PROKKA_06292018:CP021756.1 (length 22632)

DiscRep_ALL:MISSING_PROJECT::22 sequences do not include project.
plasmid_files/CP021756.1_results/PROKKA_06292018:CP021756.1 (length 22632)
plasmid_files/CP021756.1_results/PROKKA_06292018:CP021756.1_1 (length 260)
plasmid_files/CP021756.1_results/PROKKA_06292018:CP021756.1_2 (length 87)
plasmid_files/CP021756.1_results/PROKKA_06292018:CP021756.1_3 (length 99)
plasmid_files/CP021756.1_results/PROKKA_06292018:CP021756.1_4 (length 125)
plasmid_files/CP021756.1_results/PROKKA_06292018:CP021756.1_5 (length 59)
plasmid_files/CP021756.1_results/PROKKA_06292018:CP021756.1_6 (length 176)
plasmid_files/CP021756.1_results/PROKKA_06292018:CP021756.1_7 (length 243)
plasmid_files/CP021756.1_results/PROKKA_06292018:CP021756.1_8 (length 654)
plasmid_files/CP021756.1_results/PROKKA_06292018:CP021756.1_9 (length 42)
plasmid_files/CP021756.1_results/PROKKA_06292018:CP021756.1_10 (length 85)
plasmid_files/CP021756.1_results/PROKKA_06292018:CP021756.1_11 (length 561)
plasmid_files/CP021756.1_results/PROKKA_06292018:CP021756.1_12 (length 234)
plasmid_files/CP021756.1_results/PROKKA_06292018:CP021756.1_13 (length 85)
plasmid_files/CP021756.1_results/PROKKA_06292018:CP021756.1_14 (length 201)
plasmid_files/CP021756.1_results/PROKKA_06292018:CP021756.1_15 (length 185)
plasmid_files/CP021756.1_results/PROKKA_06292018:CP021756.1_16 (length 302)
plasmid_files/CP021756.1_results/PROKKA_06292018:CP021756.1_17 (length 571)
plasmid_files/CP021756.1_results/PROKKA_06292018:CP021756.1_18 (length 1009)
plasmid_files/CP021756.1_results/PROKKA_06292018:CP021756.1_19 (length 341)
plasmid_files/CP021756.1_results/PROKKA_06292018:CP021756.1_20 (length 259)
plasmid_files/CP021756.1_results/PROKKA_06292018:CP021756.1_21 (length 293)

DiscRep_ALL:DISC_INCONSISTENT_MOLINFO_TECH::Molinfo Technique Report (some missing, all same)
DiscRep_SUB:DISC_INCONSISTENT_MOLINFO_TECH::technique (all missing)
DiscRep_SUB:DISC_INCONSISTENT_MOLINFO_TECH::1 Molinfos are missing field technique
plasmid_files/CP021756.1_results/PROKKA_06292018:CP021756.1 (length 22632)

