Discrepancy Report Results

Summary
FATAL: MISSING_PROTEIN_ID:123 proteins have invalid IDs.
DISC_SOURCE_QUALS_ASNDISC:strain (all present, all unique)
DISC_SOURCE_QUALS_ASNDISC:taxname (all present, all unique)
DISC_FEATURE_COUNT:CDS: 123 present
DISC_COUNT_NUCLEOTIDES:1 nucleotide Bioseqs are present
FEATURE_LOCATION_CONFLICT:123 features have inconsistent gene locations.
DISC_QUALITY_SCORES:Quality scores are missing on all sequences.
ONCALLER_COMMENT_PRESENT:1 comment descriptors were found (all same)
SHORT_PROT_SEQUENCES:2 protein sequences are shorter than 50 aa.
MISSING_GENOMEASSEMBLY_COMMENTS:1 bioseqs are missing GenomeAssembly structured comments
MOLTYPE_NOT_MRNA:1 molecule types are not set as mRNA.
TECHNIQUE_NOT_TSA:1 technique are not set as TSA
MISSING_STRUCTURED_COMMENT:1 sequences do not include structured comments.
MISSING_PROJECT:124 sequences do not include project.
DISC_INCONSISTENT_MOLINFO_TECH:Molinfo Technique Report (some missing, all same)


Detailed Report

FATAL: DiscRep_ALL:MISSING_PROTEIN_ID::123 proteins have invalid IDs.
plasmid_files/KY093014.1_results/PROKKA_06292018:KY093014.1_1 (length 198)
plasmid_files/KY093014.1_results/PROKKA_06292018:KY093014.1_2 (length 214)
plasmid_files/KY093014.1_results/PROKKA_06292018:KY093014.1_3 (length 216)
plasmid_files/KY093014.1_results/PROKKA_06292018:KY093014.1_4 (length 102)
plasmid_files/KY093014.1_results/PROKKA_06292018:KY093014.1_5 (length 186)
plasmid_files/KY093014.1_results/PROKKA_06292018:KY093014.1_6 (length 67)
plasmid_files/KY093014.1_results/PROKKA_06292018:KY093014.1_7 (length 109)
plasmid_files/KY093014.1_results/PROKKA_06292018:KY093014.1_8 (length 337)
plasmid_files/KY093014.1_results/PROKKA_06292018:KY093014.1_9 (length 463)
plasmid_files/KY093014.1_results/PROKKA_06292018:KY093014.1_10 (length 190)
plasmid_files/KY093014.1_results/PROKKA_06292018:KY093014.1_11 (length 181)
plasmid_files/KY093014.1_results/PROKKA_06292018:KY093014.1_12 (length 302)
plasmid_files/KY093014.1_results/PROKKA_06292018:KY093014.1_13 (length 571)
plasmid_files/KY093014.1_results/PROKKA_06292018:KY093014.1_14 (length 1009)
plasmid_files/KY093014.1_results/PROKKA_06292018:KY093014.1_15 (length 341)
plasmid_files/KY093014.1_results/PROKKA_06292018:KY093014.1_16 (length 259)
plasmid_files/KY093014.1_results/PROKKA_06292018:KY093014.1_17 (length 293)
plasmid_files/KY093014.1_results/PROKKA_06292018:KY093014.1_18 (length 439)
plasmid_files/KY093014.1_results/PROKKA_06292018:KY093014.1_19 (length 965)
plasmid_files/KY093014.1_results/PROKKA_06292018:KY093014.1_20 (length 201)
plasmid_files/KY093014.1_results/PROKKA_06292018:KY093014.1_21 (length 365)
plasmid_files/KY093014.1_results/PROKKA_06292018:KY093014.1_22 (length 104)
plasmid_files/KY093014.1_results/PROKKA_06292018:KY093014.1_23 (length 131)
plasmid_files/KY093014.1_results/PROKKA_06292018:KY093014.1_24 (length 133)
plasmid_files/KY093014.1_results/PROKKA_06292018:KY093014.1_25 (length 96)
plasmid_files/KY093014.1_results/PROKKA_06292018:KY093014.1_26 (length 65)
plasmid_files/KY093014.1_results/PROKKA_06292018:KY093014.1_27 (length 936)
plasmid_files/KY093014.1_results/PROKKA_06292018:KY093014.1_28 (length 334)
plasmid_files/KY093014.1_results/PROKKA_06292018:KY093014.1_29 (length 67)
plasmid_files/KY093014.1_results/PROKKA_06292018:KY093014.1_30 (length 67)
plasmid_files/KY093014.1_results/PROKKA_06292018:KY093014.1_31 (length 122)
plasmid_files/KY093014.1_results/PROKKA_06292018:KY093014.1_32 (length 164)
plasmid_files/KY093014.1_results/PROKKA_06292018:KY093014.1_33 (length 190)
plasmid_files/KY093014.1_results/PROKKA_06292018:KY093014.1_34 (length 82)
plasmid_files/KY093014.1_results/PROKKA_06292018:KY093014.1_35 (length 229)
plasmid_files/KY093014.1_results/PROKKA_06292018:KY093014.1_36 (length 229)
plasmid_files/KY093014.1_results/PROKKA_06292018:KY093014.1_37 (length 72)
plasmid_files/KY093014.1_results/PROKKA_06292018:KY093014.1_38 (length 101)
plasmid_files/KY093014.1_results/PROKKA_06292018:KY093014.1_39 (length 131)
plasmid_files/KY093014.1_results/PROKKA_06292018:KY093014.1_40 (length 104)
plasmid_files/KY093014.1_results/PROKKA_06292018:KY093014.1_41 (length 338)
plasmid_files/KY093014.1_results/PROKKA_06292018:KY093014.1_42 (length 47)
plasmid_files/KY093014.1_results/PROKKA_06292018:KY093014.1_43 (length 264)
plasmid_files/KY093014.1_results/PROKKA_06292018:KY093014.1_44 (length 100)
plasmid_files/KY093014.1_results/PROKKA_06292018:KY093014.1_45 (length 208)
plasmid_files/KY093014.1_results/PROKKA_06292018:KY093014.1_46 (length 291)
plasmid_files/KY093014.1_results/PROKKA_06292018:KY093014.1_47 (length 423)
plasmid_files/KY093014.1_results/PROKKA_06292018:KY093014.1_48 (length 143)
plasmid_files/KY093014.1_results/PROKKA_06292018:KY093014.1_49 (length 323)
plasmid_files/KY093014.1_results/PROKKA_06292018:KY093014.1_50 (length 223)
plasmid_files/KY093014.1_results/PROKKA_06292018:KY093014.1_51 (length 76)
plasmid_files/KY093014.1_results/PROKKA_06292018:KY093014.1_52 (length 233)
plasmid_files/KY093014.1_results/PROKKA_06292018:KY093014.1_53 (length 73)
plasmid_files/KY093014.1_results/PROKKA_06292018:KY093014.1_54 (length 139)
plasmid_files/KY093014.1_results/PROKKA_06292018:KY093014.1_55 (length 255)
plasmid_files/KY093014.1_results/PROKKA_06292018:KY093014.1_56 (length 142)
plasmid_files/KY093014.1_results/PROKKA_06292018:KY093014.1_57 (length 168)
plasmid_files/KY093014.1_results/PROKKA_06292018:KY093014.1_58 (length 63)
plasmid_files/KY093014.1_results/PROKKA_06292018:KY093014.1_59 (length 84)
plasmid_files/KY093014.1_results/PROKKA_06292018:KY093014.1_60 (length 106)
plasmid_files/KY093014.1_results/PROKKA_06292018:KY093014.1_61 (length 58)
plasmid_files/KY093014.1_results/PROKKA_06292018:KY093014.1_62 (length 75)
plasmid_files/KY093014.1_results/PROKKA_06292018:KY093014.1_63 (length 76)
plasmid_files/KY093014.1_results/PROKKA_06292018:KY093014.1_64 (length 451)
plasmid_files/KY093014.1_results/PROKKA_06292018:KY093014.1_65 (length 187)
plasmid_files/KY093014.1_results/PROKKA_06292018:KY093014.1_66 (length 106)
plasmid_files/KY093014.1_results/PROKKA_06292018:KY093014.1_67 (length 180)
plasmid_files/KY093014.1_results/PROKKA_06292018:KY093014.1_68 (length 82)
plasmid_files/KY093014.1_results/PROKKA_06292018:KY093014.1_69 (length 685)
plasmid_files/KY093014.1_results/PROKKA_06292018:KY093014.1_70 (length 143)
plasmid_files/KY093014.1_results/PROKKA_06292018:KY093014.1_71 (length 242)
plasmid_files/KY093014.1_results/PROKKA_06292018:KY093014.1_72 (length 108)
plasmid_files/KY093014.1_results/PROKKA_06292018:KY093014.1_73 (length 124)
plasmid_files/KY093014.1_results/PROKKA_06292018:KY093014.1_74 (length 334)
plasmid_files/KY093014.1_results/PROKKA_06292018:KY093014.1_75 (length 173)
plasmid_files/KY093014.1_results/PROKKA_06292018:KY093014.1_76 (length 348)
plasmid_files/KY093014.1_results/PROKKA_06292018:KY093014.1_77 (length 370)
plasmid_files/KY093014.1_results/PROKKA_06292018:KY093014.1_78 (length 46)
plasmid_files/KY093014.1_results/PROKKA_06292018:KY093014.1_79 (length 90)
plasmid_files/KY093014.1_results/PROKKA_06292018:KY093014.1_80 (length 116)
plasmid_files/KY093014.1_results/PROKKA_06292018:KY093014.1_81 (length 105)
plasmid_files/KY093014.1_results/PROKKA_06292018:KY093014.1_82 (length 118)
plasmid_files/KY093014.1_results/PROKKA_06292018:KY093014.1_83 (length 70)
plasmid_files/KY093014.1_results/PROKKA_06292018:KY093014.1_84 (length 74)
plasmid_files/KY093014.1_results/PROKKA_06292018:KY093014.1_85 (length 92)
plasmid_files/KY093014.1_results/PROKKA_06292018:KY093014.1_86 (length 133)
plasmid_files/KY093014.1_results/PROKKA_06292018:KY093014.1_87 (length 273)
plasmid_files/KY093014.1_results/PROKKA_06292018:KY093014.1_88 (length 104)
plasmid_files/KY093014.1_results/PROKKA_06292018:KY093014.1_89 (length 161)
plasmid_files/KY093014.1_results/PROKKA_06292018:KY093014.1_90 (length 127)
plasmid_files/KY093014.1_results/PROKKA_06292018:KY093014.1_91 (length 239)
plasmid_files/KY093014.1_results/PROKKA_06292018:KY093014.1_92 (length 122)
plasmid_files/KY093014.1_results/PROKKA_06292018:KY093014.1_93 (length 101)
plasmid_files/KY093014.1_results/PROKKA_06292018:KY093014.1_94 (length 188)
plasmid_files/KY093014.1_results/PROKKA_06292018:KY093014.1_95 (length 246)
plasmid_files/KY093014.1_results/PROKKA_06292018:KY093014.1_96 (length 474)
plasmid_files/KY093014.1_results/PROKKA_06292018:KY093014.1_97 (length 194)
plasmid_files/KY093014.1_results/PROKKA_06292018:KY093014.1_98 (length 72)
plasmid_files/KY093014.1_results/PROKKA_06292018:KY093014.1_99 (length 103)
plasmid_files/KY093014.1_results/PROKKA_06292018:KY093014.1_100 (length 130)
plasmid_files/KY093014.1_results/PROKKA_06292018:KY093014.1_101 (length 879)
plasmid_files/KY093014.1_results/PROKKA_06292018:KY093014.1_102 (length 129)
plasmid_files/KY093014.1_results/PROKKA_06292018:KY093014.1_103 (length 208)
plasmid_files/KY093014.1_results/PROKKA_06292018:KY093014.1_104 (length 129)
plasmid_files/KY093014.1_results/PROKKA_06292018:KY093014.1_105 (length 329)
plasmid_files/KY093014.1_results/PROKKA_06292018:KY093014.1_106 (length 212)
plasmid_files/KY093014.1_results/PROKKA_06292018:KY093014.1_107 (length 651)
plasmid_files/KY093014.1_results/PROKKA_06292018:KY093014.1_108 (length 84)
plasmid_files/KY093014.1_results/PROKKA_06292018:KY093014.1_109 (length 82)
plasmid_files/KY093014.1_results/PROKKA_06292018:KY093014.1_110 (length 108)
plasmid_files/KY093014.1_results/PROKKA_06292018:KY093014.1_111 (length 250)
plasmid_files/KY093014.1_results/PROKKA_06292018:KY093014.1_112 (length 79)
plasmid_files/KY093014.1_results/PROKKA_06292018:KY093014.1_113 (length 185)
plasmid_files/KY093014.1_results/PROKKA_06292018:KY093014.1_114 (length 147)
plasmid_files/KY093014.1_results/PROKKA_06292018:KY093014.1_115 (length 455)
plasmid_files/KY093014.1_results/PROKKA_06292018:KY093014.1_116 (length 949)
plasmid_files/KY093014.1_results/PROKKA_06292018:KY093014.1_117 (length 179)
plasmid_files/KY093014.1_results/PROKKA_06292018:KY093014.1_118 (length 243)
plasmid_files/KY093014.1_results/PROKKA_06292018:KY093014.1_119 (length 229)
plasmid_files/KY093014.1_results/PROKKA_06292018:KY093014.1_120 (length 770)
plasmid_files/KY093014.1_results/PROKKA_06292018:KY093014.1_121 (length 1752)
plasmid_files/KY093014.1_results/PROKKA_06292018:KY093014.1_122 (length 241)
plasmid_files/KY093014.1_results/PROKKA_06292018:KY093014.1_123 (length 197)

DiscRep_ALL:DISC_SOURCE_QUALS_ASNDISC::strain (all present, all unique)
DiscRep_SUB:DISC_SOURCE_QUALS_ASNDISC::1 sources have unique values for strain
DiscRep_ALL:DISC_SOURCE_QUALS_ASNDISC::taxname (all present, all unique)
DiscRep_SUB:DISC_SOURCE_QUALS_ASNDISC::1 sources have unique values for taxname
DiscRep_ALL:DISC_FEATURE_COUNT::CDS: 123 present
DiscRep_ALL:DISC_COUNT_NUCLEOTIDES::1 nucleotide Bioseqs are present
plasmid_files/KY093014.1_results/PROKKA_06292018:KY093014.1 (length 108772)

DiscRep_ALL:FEATURE_LOCATION_CONFLICT::123 features have inconsistent gene locations.
DiscRep_SUB:FEATURE_LOCATION_CONFLICT::Coding region xref gene does not exist
plasmid_files/KY093014.1_results/PROKKA_06292018:CDS	hypothetical protein	KY093014.1:167-763	COCFHKJJ_00001

DiscRep_SUB:FEATURE_LOCATION_CONFLICT::Coding region xref gene does not exist
plasmid_files/KY093014.1_results/PROKKA_06292018:CDS	hypothetical protein	KY093014.1:813-1457	COCFHKJJ_00002

DiscRep_SUB:FEATURE_LOCATION_CONFLICT::Coding region xref gene does not exist
plasmid_files/KY093014.1_results/PROKKA_06292018:CDS	hypothetical protein	KY093014.1:1513-2163	COCFHKJJ_00003

DiscRep_SUB:FEATURE_LOCATION_CONFLICT::Coding region xref gene does not exist
plasmid_files/KY093014.1_results/PROKKA_06292018:CDS	hypothetical protein	KY093014.1:2160-2468	COCFHKJJ_00004

DiscRep_SUB:FEATURE_LOCATION_CONFLICT::Coding region xref gene does not exist
plasmid_files/KY093014.1_results/PROKKA_06292018:CDS	Phospholipase D	KY093014.1:2563-3123	COCFHKJJ_00005

DiscRep_SUB:FEATURE_LOCATION_CONFLICT::Coding region xref gene does not exist
plasmid_files/KY093014.1_results/PROKKA_06292018:CDS	hypothetical protein	KY093014.1:3259-3462	COCFHKJJ_00006

DiscRep_SUB:FEATURE_LOCATION_CONFLICT::Coding region xref gene does not exist
plasmid_files/KY093014.1_results/PROKKA_06292018:CDS	hypothetical protein	KY093014.1:4031-4360	COCFHKJJ_00007

DiscRep_SUB:FEATURE_LOCATION_CONFLICT::Coding region xref gene does not exist
plasmid_files/KY093014.1_results/PROKKA_06292018:CDS	Replication initiation protein	KY093014.1:4353-5366	COCFHKJJ_00008

DiscRep_SUB:FEATURE_LOCATION_CONFLICT::Coding region xref gene does not exist
plasmid_files/KY093014.1_results/PROKKA_06292018:CDS	hypothetical protein	KY093014.1:c8164-6773	COCFHKJJ_00009

DiscRep_SUB:FEATURE_LOCATION_CONFLICT::Coding region xref gene does not exist
plasmid_files/KY093014.1_results/PROKKA_06292018:CDS	DNA-invertase hin	KY093014.1:c8773-8201	COCFHKJJ_00010

DiscRep_SUB:FEATURE_LOCATION_CONFLICT::Coding region xref gene does not exist
plasmid_files/KY093014.1_results/PROKKA_06292018:CDS	hypothetical protein	KY093014.1:c9455-8910	COCFHKJJ_00011

DiscRep_SUB:FEATURE_LOCATION_CONFLICT::Coding region xref gene does not exist
plasmid_files/KY093014.1_results/PROKKA_06292018:CDS	hypothetical protein	KY093014.1:9769-10677	COCFHKJJ_00012

DiscRep_SUB:FEATURE_LOCATION_CONFLICT::Coding region xref gene does not exist
plasmid_files/KY093014.1_results/PROKKA_06292018:CDS	Tyrosine recombinase XerD	KY093014.1:c12435-10720	COCFHKJJ_00013

DiscRep_SUB:FEATURE_LOCATION_CONFLICT::Coding region xref gene does not exist
plasmid_files/KY093014.1_results/PROKKA_06292018:CDS	hypothetical protein	KY093014.1:12545-15574	COCFHKJJ_00014

DiscRep_SUB:FEATURE_LOCATION_CONFLICT::Coding region xref gene does not exist
plasmid_files/KY093014.1_results/PROKKA_06292018:CDS	hypothetical protein	KY093014.1:15681-16706	COCFHKJJ_00015

DiscRep_SUB:FEATURE_LOCATION_CONFLICT::Coding region xref gene does not exist
plasmid_files/KY093014.1_results/PROKKA_06292018:CDS	Insertion sequence IS5376 putative ATP-binding protein	KY093014.1:16703-17482	COCFHKJJ_00016

DiscRep_SUB:FEATURE_LOCATION_CONFLICT::Coding region xref gene does not exist
plasmid_files/KY093014.1_results/PROKKA_06292018:CDS	Carbapenem-hydrolyzing beta-lactamase KPC	KY093014.1:17869-18750	COCFHKJJ_00017

DiscRep_SUB:FEATURE_LOCATION_CONFLICT::Coding region xref gene does not exist
plasmid_files/KY093014.1_results/PROKKA_06292018:CDS	hypothetical protein	KY093014.1:c20319-19000	COCFHKJJ_00018

DiscRep_SUB:FEATURE_LOCATION_CONFLICT::Coding region xref gene does not exist
plasmid_files/KY093014.1_results/PROKKA_06292018:CDS	hypothetical protein	KY093014.1:c23304-20407	COCFHKJJ_00019

DiscRep_SUB:FEATURE_LOCATION_CONFLICT::Coding region xref gene does not exist
plasmid_files/KY093014.1_results/PROKKA_06292018:CDS	Serine recombinase PinR	KY093014.1:23399-24004	COCFHKJJ_00020

DiscRep_SUB:FEATURE_LOCATION_CONFLICT::Coding region xref gene does not exist
plasmid_files/KY093014.1_results/PROKKA_06292018:CDS	Na(+)/H(+) antiporter NhaA	KY093014.1:24748-25845	COCFHKJJ_00021

DiscRep_SUB:FEATURE_LOCATION_CONFLICT::Coding region xref gene does not exist
plasmid_files/KY093014.1_results/PROKKA_06292018:CDS	hypothetical protein	KY093014.1:c26586-26272	COCFHKJJ_00022

DiscRep_SUB:FEATURE_LOCATION_CONFLICT::Coding region xref gene does not exist
plasmid_files/KY093014.1_results/PROKKA_06292018:CDS	hypothetical protein	KY093014.1:c27236-26841	COCFHKJJ_00023

DiscRep_SUB:FEATURE_LOCATION_CONFLICT::Coding region xref gene does not exist
plasmid_files/KY093014.1_results/PROKKA_06292018:CDS	hypothetical protein	KY093014.1:c27588-27187	COCFHKJJ_00024

DiscRep_SUB:FEATURE_LOCATION_CONFLICT::Coding region xref gene does not exist
plasmid_files/KY093014.1_results/PROKKA_06292018:CDS	hypothetical protein	KY093014.1:c27875-27585	COCFHKJJ_00025

DiscRep_SUB:FEATURE_LOCATION_CONFLICT::Coding region xref gene does not exist
plasmid_files/KY093014.1_results/PROKKA_06292018:CDS	hypothetical protein	KY093014.1:27950-28147	COCFHKJJ_00026

DiscRep_SUB:FEATURE_LOCATION_CONFLICT::Coding region xref gene does not exist
plasmid_files/KY093014.1_results/PROKKA_06292018:CDS	hypothetical protein	KY093014.1:28101-30911	COCFHKJJ_00027

DiscRep_SUB:FEATURE_LOCATION_CONFLICT::Coding region xref gene does not exist
plasmid_files/KY093014.1_results/PROKKA_06292018:CDS	hypothetical protein	KY093014.1:30990-31994	COCFHKJJ_00028

DiscRep_SUB:FEATURE_LOCATION_CONFLICT::Coding region xref gene does not exist
plasmid_files/KY093014.1_results/PROKKA_06292018:CDS	hypothetical protein	KY093014.1:c32379-32176	COCFHKJJ_00029

DiscRep_SUB:FEATURE_LOCATION_CONFLICT::Coding region xref gene does not exist
plasmid_files/KY093014.1_results/PROKKA_06292018:CDS	Modulating protein YmoA	KY093014.1:c32596-32393	COCFHKJJ_00030

DiscRep_SUB:FEATURE_LOCATION_CONFLICT::Coding region xref gene does not exist
plasmid_files/KY093014.1_results/PROKKA_06292018:CDS	hypothetical protein	KY093014.1:c32998-32630	COCFHKJJ_00031

DiscRep_SUB:FEATURE_LOCATION_CONFLICT::Coding region xref gene does not exist
plasmid_files/KY093014.1_results/PROKKA_06292018:CDS	hypothetical protein	KY093014.1:c33536-33042	COCFHKJJ_00032

DiscRep_SUB:FEATURE_LOCATION_CONFLICT::Coding region xref gene does not exist
plasmid_files/KY093014.1_results/PROKKA_06292018:CDS	hypothetical protein	KY093014.1:c34139-33567	COCFHKJJ_00033

DiscRep_SUB:FEATURE_LOCATION_CONFLICT::Coding region xref gene does not exist
plasmid_files/KY093014.1_results/PROKKA_06292018:CDS	hypothetical protein	KY093014.1:c34384-34136	COCFHKJJ_00034

DiscRep_SUB:FEATURE_LOCATION_CONFLICT::Coding region xref gene does not exist
plasmid_files/KY093014.1_results/PROKKA_06292018:CDS	hypothetical protein	KY093014.1:34821-35510	COCFHKJJ_00035

DiscRep_SUB:FEATURE_LOCATION_CONFLICT::Coding region xref gene does not exist
plasmid_files/KY093014.1_results/PROKKA_06292018:CDS	hypothetical protein	KY093014.1:c36231-35542	COCFHKJJ_00036

DiscRep_SUB:FEATURE_LOCATION_CONFLICT::Coding region xref gene does not exist
plasmid_files/KY093014.1_results/PROKKA_06292018:CDS	Antitoxin CcdA	KY093014.1:36786-37004	COCFHKJJ_00037

DiscRep_SUB:FEATURE_LOCATION_CONFLICT::Coding region xref gene does not exist
plasmid_files/KY093014.1_results/PROKKA_06292018:CDS	Toxin CcdB	KY093014.1:37006-37311	COCFHKJJ_00038

DiscRep_SUB:FEATURE_LOCATION_CONFLICT::Coding region xref gene does not exist
plasmid_files/KY093014.1_results/PROKKA_06292018:CDS	hypothetical protein	KY093014.1:37480-37875	COCFHKJJ_00039

DiscRep_SUB:FEATURE_LOCATION_CONFLICT::Coding region xref gene does not exist
plasmid_files/KY093014.1_results/PROKKA_06292018:CDS	hypothetical protein	KY093014.1:37902-38216	COCFHKJJ_00040

DiscRep_SUB:FEATURE_LOCATION_CONFLICT::Coding region xref gene does not exist
plasmid_files/KY093014.1_results/PROKKA_06292018:CDS	hypothetical protein	KY093014.1:38227-39243	COCFHKJJ_00041

DiscRep_SUB:FEATURE_LOCATION_CONFLICT::Coding region xref gene does not exist
plasmid_files/KY093014.1_results/PROKKA_06292018:CDS	hypothetical protein	KY093014.1:c39381-39238	COCFHKJJ_00042

DiscRep_SUB:FEATURE_LOCATION_CONFLICT::Coding region xref gene does not exist
plasmid_files/KY093014.1_results/PROKKA_06292018:CDS	Tyrosine recombinase XerD	KY093014.1:39441-40235	COCFHKJJ_00043

DiscRep_SUB:FEATURE_LOCATION_CONFLICT::Coding region xref gene does not exist
plasmid_files/KY093014.1_results/PROKKA_06292018:CDS	hypothetical protein	KY093014.1:c41033-40731	COCFHKJJ_00044

DiscRep_SUB:FEATURE_LOCATION_CONFLICT::Coding region xref gene does not exist
plasmid_files/KY093014.1_results/PROKKA_06292018:CDS	Chromosome-partitioning ATPase Soj	KY093014.1:c41656-41030	COCFHKJJ_00045

DiscRep_SUB:FEATURE_LOCATION_CONFLICT::Coding region xref gene does not exist
plasmid_files/KY093014.1_results/PROKKA_06292018:CDS	Replication protein RepA	KY093014.1:c43164-42289	COCFHKJJ_00046

DiscRep_SUB:FEATURE_LOCATION_CONFLICT::Coding region xref gene does not exist
plasmid_files/KY093014.1_results/PROKKA_06292018:CDS	Protein UmuC	KY093014.1:c44847-43576	COCFHKJJ_00047

DiscRep_SUB:FEATURE_LOCATION_CONFLICT::Coding region xref gene does not exist
plasmid_files/KY093014.1_results/PROKKA_06292018:CDS	Protein UmuD	KY093014.1:c45278-44847	COCFHKJJ_00048

DiscRep_SUB:FEATURE_LOCATION_CONFLICT::Coding region xref gene does not exist
plasmid_files/KY093014.1_results/PROKKA_06292018:CDS	Plasmid segregation protein ParM	KY093014.1:45512-46483	COCFHKJJ_00049

DiscRep_SUB:FEATURE_LOCATION_CONFLICT::Coding region xref gene does not exist
plasmid_files/KY093014.1_results/PROKKA_06292018:CDS	hypothetical protein	KY093014.1:46486-47157	COCFHKJJ_00050

DiscRep_SUB:FEATURE_LOCATION_CONFLICT::Coding region xref gene does not exist
plasmid_files/KY093014.1_results/PROKKA_06292018:CDS	hypothetical protein	KY093014.1:47221-47451	COCFHKJJ_00051

DiscRep_SUB:FEATURE_LOCATION_CONFLICT::Coding region xref gene does not exist
plasmid_files/KY093014.1_results/PROKKA_06292018:CDS	DNA adenine methyltransferase YhdJ	KY093014.1:47888-48589	COCFHKJJ_00052

DiscRep_SUB:FEATURE_LOCATION_CONFLICT::Coding region xref gene does not exist
plasmid_files/KY093014.1_results/PROKKA_06292018:CDS	hypothetical protein	KY093014.1:48589-48810	COCFHKJJ_00053

DiscRep_SUB:FEATURE_LOCATION_CONFLICT::Coding region xref gene does not exist
plasmid_files/KY093014.1_results/PROKKA_06292018:CDS	hypothetical protein	KY093014.1:48820-49239	COCFHKJJ_00054

DiscRep_SUB:FEATURE_LOCATION_CONFLICT::Coding region xref gene does not exist
plasmid_files/KY093014.1_results/PROKKA_06292018:CDS	hypothetical protein	KY093014.1:49293-50060	COCFHKJJ_00055

DiscRep_SUB:FEATURE_LOCATION_CONFLICT::Coding region xref gene does not exist
plasmid_files/KY093014.1_results/PROKKA_06292018:CDS	Antirestriction protein KlcA	KY093014.1:50741-51169	COCFHKJJ_00056

DiscRep_SUB:FEATURE_LOCATION_CONFLICT::Coding region xref gene does not exist
plasmid_files/KY093014.1_results/PROKKA_06292018:CDS	hypothetical protein	KY093014.1:51212-51718	COCFHKJJ_00057

DiscRep_SUB:FEATURE_LOCATION_CONFLICT::Coding region xref gene does not exist
plasmid_files/KY093014.1_results/PROKKA_06292018:CDS	hypothetical protein	KY093014.1:51761-51952	COCFHKJJ_00058

DiscRep_SUB:FEATURE_LOCATION_CONFLICT::Coding region xref gene does not exist
plasmid_files/KY093014.1_results/PROKKA_06292018:CDS	DNA polymerase III subunit theta	KY093014.1:52137-52391	COCFHKJJ_00059

DiscRep_SUB:FEATURE_LOCATION_CONFLICT::Coding region xref gene does not exist
plasmid_files/KY093014.1_results/PROKKA_06292018:CDS	hypothetical protein	KY093014.1:52426-52746	COCFHKJJ_00060

DiscRep_SUB:FEATURE_LOCATION_CONFLICT::Coding region xref gene does not exist
plasmid_files/KY093014.1_results/PROKKA_06292018:CDS	hypothetical protein	KY093014.1:52950-53126	COCFHKJJ_00061

DiscRep_SUB:FEATURE_LOCATION_CONFLICT::Coding region xref gene does not exist
plasmid_files/KY093014.1_results/PROKKA_06292018:CDS	hypothetical protein	KY093014.1:53426-53653	COCFHKJJ_00062

DiscRep_SUB:FEATURE_LOCATION_CONFLICT::Coding region xref gene does not exist
plasmid_files/KY093014.1_results/PROKKA_06292018:CDS	hypothetical protein	KY093014.1:53745-53975	COCFHKJJ_00063

DiscRep_SUB:FEATURE_LOCATION_CONFLICT::Coding region xref gene does not exist
plasmid_files/KY093014.1_results/PROKKA_06292018:CDS	hypothetical protein	KY093014.1:54027-55382	COCFHKJJ_00064

DiscRep_SUB:FEATURE_LOCATION_CONFLICT::Coding region xref gene does not exist
plasmid_files/KY093014.1_results/PROKKA_06292018:CDS	hypothetical protein	KY093014.1:55430-55993	COCFHKJJ_00065

DiscRep_SUB:FEATURE_LOCATION_CONFLICT::Coding region xref gene does not exist
plasmid_files/KY093014.1_results/PROKKA_06292018:CDS	hypothetical protein	KY093014.1:c56208-55888	COCFHKJJ_00066

DiscRep_SUB:FEATURE_LOCATION_CONFLICT::Coding region xref gene does not exist
plasmid_files/KY093014.1_results/PROKKA_06292018:CDS	Plasmid-derived single-stranded DNA-binding protein	KY093014.1:56824-57366	COCFHKJJ_00067

DiscRep_SUB:FEATURE_LOCATION_CONFLICT::Coding region xref gene does not exist
plasmid_files/KY093014.1_results/PROKKA_06292018:CDS	hypothetical protein	KY093014.1:57415-57663	COCFHKJJ_00068

DiscRep_SUB:FEATURE_LOCATION_CONFLICT::Coding region xref gene does not exist
plasmid_files/KY093014.1_results/PROKKA_06292018:CDS	Chromosome-partitioning protein Spo0J	KY093014.1:57733-59790	COCFHKJJ_00069

DiscRep_SUB:FEATURE_LOCATION_CONFLICT::Coding region xref gene does not exist
plasmid_files/KY093014.1_results/PROKKA_06292018:CDS	Protein PsiB	KY093014.1:59835-60266	COCFHKJJ_00070

DiscRep_SUB:FEATURE_LOCATION_CONFLICT::Coding region xref gene does not exist
plasmid_files/KY093014.1_results/PROKKA_06292018:CDS	hypothetical protein	KY093014.1:60263-60991	COCFHKJJ_00071

DiscRep_SUB:FEATURE_LOCATION_CONFLICT::Coding region xref gene does not exist
plasmid_files/KY093014.1_results/PROKKA_06292018:CDS	hypothetical protein	KY093014.1:60988-61314	COCFHKJJ_00072

DiscRep_SUB:FEATURE_LOCATION_CONFLICT::Coding region xref gene does not exist
plasmid_files/KY093014.1_results/PROKKA_06292018:CDS	hypothetical protein	KY093014.1:61370-61744	COCFHKJJ_00073

DiscRep_SUB:FEATURE_LOCATION_CONFLICT::Coding region xref gene does not exist
plasmid_files/KY093014.1_results/PROKKA_06292018:CDS	hypothetical protein	KY093014.1:c63146-62142	COCFHKJJ_00074

DiscRep_SUB:FEATURE_LOCATION_CONFLICT::Coding region xref gene does not exist
plasmid_files/KY093014.1_results/PROKKA_06292018:CDS	hypothetical protein	KY093014.1:63289-63810	COCFHKJJ_00075

DiscRep_SUB:FEATURE_LOCATION_CONFLICT::Coding region xref gene does not exist
plasmid_files/KY093014.1_results/PROKKA_06292018:CDS	hypothetical protein	KY093014.1:c64871-63825	COCFHKJJ_00076

DiscRep_SUB:FEATURE_LOCATION_CONFLICT::Coding region xref gene does not exist
plasmid_files/KY093014.1_results/PROKKA_06292018:CDS	hypothetical protein	KY093014.1:65180-66292	COCFHKJJ_00077

DiscRep_SUB:FEATURE_LOCATION_CONFLICT::Coding region xref gene does not exist
plasmid_files/KY093014.1_results/PROKKA_06292018:CDS	hypothetical protein	KY093014.1:66315-66455	COCFHKJJ_00078

DiscRep_SUB:FEATURE_LOCATION_CONFLICT::Coding region xref gene does not exist
plasmid_files/KY093014.1_results/PROKKA_06292018:CDS	hypothetical protein	KY093014.1:67143-67415	COCFHKJJ_00079

DiscRep_SUB:FEATURE_LOCATION_CONFLICT::Coding region xref gene does not exist
plasmid_files/KY093014.1_results/PROKKA_06292018:CDS	hypothetical protein	KY093014.1:67412-67762	COCFHKJJ_00080

DiscRep_SUB:FEATURE_LOCATION_CONFLICT::Coding region xref gene does not exist
plasmid_files/KY093014.1_results/PROKKA_06292018:CDS	hypothetical protein	KY093014.1:67777-68094	COCFHKJJ_00081

DiscRep_SUB:FEATURE_LOCATION_CONFLICT::Coding region xref gene does not exist
plasmid_files/KY093014.1_results/PROKKA_06292018:CDS	hypothetical protein	KY093014.1:68935-69291	COCFHKJJ_00082

DiscRep_SUB:FEATURE_LOCATION_CONFLICT::Coding region xref gene does not exist
plasmid_files/KY093014.1_results/PROKKA_06292018:CDS	hypothetical protein	KY093014.1:69352-69564	COCFHKJJ_00083

DiscRep_SUB:FEATURE_LOCATION_CONFLICT::Coding region xref gene does not exist
plasmid_files/KY093014.1_results/PROKKA_06292018:CDS	hypothetical protein	KY093014.1:69575-69799	COCFHKJJ_00084

DiscRep_SUB:FEATURE_LOCATION_CONFLICT::Coding region xref gene does not exist
plasmid_files/KY093014.1_results/PROKKA_06292018:CDS	Antitoxin HigA1	KY093014.1:70190-70468	COCFHKJJ_00085

DiscRep_SUB:FEATURE_LOCATION_CONFLICT::Coding region xref gene does not exist
plasmid_files/KY093014.1_results/PROKKA_06292018:CDS	Antitoxin HigA	KY093014.1:70469-70870	COCFHKJJ_00086

DiscRep_SUB:FEATURE_LOCATION_CONFLICT::Coding region xref gene does not exist
plasmid_files/KY093014.1_results/PROKKA_06292018:CDS	hypothetical protein	KY093014.1:71699-72520	COCFHKJJ_00087

DiscRep_SUB:FEATURE_LOCATION_CONFLICT::Coding region xref gene does not exist
plasmid_files/KY093014.1_results/PROKKA_06292018:CDS	hypothetical protein	KY093014.1:72568-72882	COCFHKJJ_00088

DiscRep_SUB:FEATURE_LOCATION_CONFLICT::Coding region xref gene does not exist
plasmid_files/KY093014.1_results/PROKKA_06292018:CDS	hypothetical protein	KY093014.1:c73400-72915	COCFHKJJ_00089

DiscRep_SUB:FEATURE_LOCATION_CONFLICT::Coding region xref gene does not exist
plasmid_files/KY093014.1_results/PROKKA_06292018:CDS	Relaxosome protein TraM	KY093014.1:73824-74207	COCFHKJJ_00090

DiscRep_SUB:FEATURE_LOCATION_CONFLICT::Coding region xref gene does not exist
plasmid_files/KY093014.1_results/PROKKA_06292018:CDS	hypothetical protein	KY093014.1:74407-75126	COCFHKJJ_00091

DiscRep_SUB:FEATURE_LOCATION_CONFLICT::Coding region xref gene does not exist
plasmid_files/KY093014.1_results/PROKKA_06292018:CDS	Pilin	KY093014.1:75527-75895	COCFHKJJ_00092

DiscRep_SUB:FEATURE_LOCATION_CONFLICT::Coding region xref gene does not exist
plasmid_files/KY093014.1_results/PROKKA_06292018:CDS	hypothetical protein	KY093014.1:75909-76214	COCFHKJJ_00093

DiscRep_SUB:FEATURE_LOCATION_CONFLICT::Coding region xref gene does not exist
plasmid_files/KY093014.1_results/PROKKA_06292018:CDS	hypothetical protein	KY093014.1:76234-76800	COCFHKJJ_00094

DiscRep_SUB:FEATURE_LOCATION_CONFLICT::Coding region xref gene does not exist
plasmid_files/KY093014.1_results/PROKKA_06292018:CDS	hypothetical protein	KY093014.1:76787-77527	COCFHKJJ_00095

DiscRep_SUB:FEATURE_LOCATION_CONFLICT::Coding region xref gene does not exist
plasmid_files/KY093014.1_results/PROKKA_06292018:CDS	hypothetical protein	KY093014.1:77527-78951	COCFHKJJ_00096

DiscRep_SUB:FEATURE_LOCATION_CONFLICT::Coding region xref gene does not exist
plasmid_files/KY093014.1_results/PROKKA_06292018:CDS	Protein TraV	KY093014.1:79025-79609	COCFHKJJ_00097

DiscRep_SUB:FEATURE_LOCATION_CONFLICT::Coding region xref gene does not exist
plasmid_files/KY093014.1_results/PROKKA_06292018:CDS	hypothetical protein	KY093014.1:80505-80723	COCFHKJJ_00098

DiscRep_SUB:FEATURE_LOCATION_CONFLICT::Coding region xref gene does not exist
plasmid_files/KY093014.1_results/PROKKA_06292018:CDS	hypothetical protein	KY093014.1:80724-81035	COCFHKJJ_00099

DiscRep_SUB:FEATURE_LOCATION_CONFLICT::Coding region xref gene does not exist
plasmid_files/KY093014.1_results/PROKKA_06292018:CDS	hypothetical protein	KY093014.1:81888-82280	COCFHKJJ_00100

DiscRep_SUB:FEATURE_LOCATION_CONFLICT::Coding region xref gene does not exist
plasmid_files/KY093014.1_results/PROKKA_06292018:CDS	Protein TraC	KY093014.1:82352-84991	COCFHKJJ_00101

DiscRep_SUB:FEATURE_LOCATION_CONFLICT::Coding region xref gene does not exist
plasmid_files/KY093014.1_results/PROKKA_06292018:CDS	hypothetical protein	KY093014.1:84991-85380	COCFHKJJ_00102

DiscRep_SUB:FEATURE_LOCATION_CONFLICT::Coding region xref gene does not exist
plasmid_files/KY093014.1_results/PROKKA_06292018:CDS	hypothetical protein	KY093014.1:85380-86006	COCFHKJJ_00103

DiscRep_SUB:FEATURE_LOCATION_CONFLICT::Coding region xref gene does not exist
plasmid_files/KY093014.1_results/PROKKA_06292018:CDS	hypothetical protein	KY093014.1:86048-86437	COCFHKJJ_00104

DiscRep_SUB:FEATURE_LOCATION_CONFLICT::Coding region xref gene does not exist
plasmid_files/KY093014.1_results/PROKKA_06292018:CDS	hypothetical protein	KY093014.1:86434-87423	COCFHKJJ_00105

DiscRep_SUB:FEATURE_LOCATION_CONFLICT::Coding region xref gene does not exist
plasmid_files/KY093014.1_results/PROKKA_06292018:CDS	hypothetical protein	KY093014.1:87436-88074	COCFHKJJ_00106

DiscRep_SUB:FEATURE_LOCATION_CONFLICT::Coding region xref gene does not exist
plasmid_files/KY093014.1_results/PROKKA_06292018:CDS	hypothetical protein	KY093014.1:88133-90088	COCFHKJJ_00107

DiscRep_SUB:FEATURE_LOCATION_CONFLICT::Coding region xref gene does not exist
plasmid_files/KY093014.1_results/PROKKA_06292018:CDS	hypothetical protein	KY093014.1:90120-90374	COCFHKJJ_00108

DiscRep_SUB:FEATURE_LOCATION_CONFLICT::Coding region xref gene does not exist
plasmid_files/KY093014.1_results/PROKKA_06292018:CDS	hypothetical protein	KY093014.1:90352-90600	COCFHKJJ_00109

DiscRep_SUB:FEATURE_LOCATION_CONFLICT::Coding region xref gene does not exist
plasmid_files/KY093014.1_results/PROKKA_06292018:CDS	hypothetical protein	KY093014.1:90613-90939	COCFHKJJ_00110

DiscRep_SUB:FEATURE_LOCATION_CONFLICT::Coding region xref gene does not exist
plasmid_files/KY093014.1_results/PROKKA_06292018:CDS	hypothetical protein	KY093014.1:90960-91712	COCFHKJJ_00111

DiscRep_SUB:FEATURE_LOCATION_CONFLICT::Coding region xref gene does not exist
plasmid_files/KY093014.1_results/PROKKA_06292018:CDS	Protein TraQ	KY093014.1:91723-91962	COCFHKJJ_00112

DiscRep_SUB:FEATURE_LOCATION_CONFLICT::Coding region xref gene does not exist
plasmid_files/KY093014.1_results/PROKKA_06292018:CDS	hypothetical protein	KY093014.1:91934-92491	COCFHKJJ_00113

DiscRep_SUB:FEATURE_LOCATION_CONFLICT::Coding region xref gene does not exist
plasmid_files/KY093014.1_results/PROKKA_06292018:CDS	hypothetical protein	KY093014.1:92537-92980	COCFHKJJ_00114

DiscRep_SUB:FEATURE_LOCATION_CONFLICT::Coding region xref gene does not exist
plasmid_files/KY093014.1_results/PROKKA_06292018:CDS	hypothetical protein	KY093014.1:92970-94337	COCFHKJJ_00115

DiscRep_SUB:FEATURE_LOCATION_CONFLICT::Coding region xref gene does not exist
plasmid_files/KY093014.1_results/PROKKA_06292018:CDS	hypothetical protein	KY093014.1:94337-97186	COCFHKJJ_00116

DiscRep_SUB:FEATURE_LOCATION_CONFLICT::Coding region xref gene does not exist
plasmid_files/KY093014.1_results/PROKKA_06292018:CDS	Protein TraS	KY093014.1:97183-97722	COCFHKJJ_00117

DiscRep_SUB:FEATURE_LOCATION_CONFLICT::Coding region xref gene does not exist
plasmid_files/KY093014.1_results/PROKKA_06292018:CDS	Lipoprotein YlpA	KY093014.1:97908-98639	COCFHKJJ_00118

DiscRep_SUB:FEATURE_LOCATION_CONFLICT::Coding region xref gene does not exist
plasmid_files/KY093014.1_results/PROKKA_06292018:CDS	hypothetical protein	KY093014.1:98832-99521	COCFHKJJ_00119

DiscRep_SUB:FEATURE_LOCATION_CONFLICT::Coding region xref gene does not exist
plasmid_files/KY093014.1_results/PROKKA_06292018:CDS	Coupling protein TraD	KY093014.1:99648-101960	COCFHKJJ_00120

DiscRep_SUB:FEATURE_LOCATION_CONFLICT::Coding region xref gene does not exist
plasmid_files/KY093014.1_results/PROKKA_06292018:CDS	Multifunctional conjugation protein TraI	KY093014.1:101960-107218	COCFHKJJ_00121

DiscRep_SUB:FEATURE_LOCATION_CONFLICT::Coding region xref gene does not exist
plasmid_files/KY093014.1_results/PROKKA_06292018:CDS	hypothetical protein	KY093014.1:107298-108023	COCFHKJJ_00122

DiscRep_SUB:FEATURE_LOCATION_CONFLICT::Coding region xref gene does not exist
plasmid_files/KY093014.1_results/PROKKA_06292018:CDS	Fertility inhibition protein	KY093014.1:108179-108772	COCFHKJJ_00123

DiscRep_ALL:DISC_QUALITY_SCORES::Quality scores are missing on all sequences.

DiscRep_ALL:ONCALLER_COMMENT_PRESENT::1 comment descriptors were found (all same)
plasmid_files/KY093014.1_results/PROKKA_06292018:KY093014.1:Annotated using prokka 1.14-dev from https://github.com/tseemann/prokka

DiscRep_ALL:SHORT_PROT_SEQUENCES::2 protein sequences are shorter than 50 aa.
plasmid_files/KY093014.1_results/PROKKA_06292018:KY093014.1_42 (length 47)
plasmid_files/KY093014.1_results/PROKKA_06292018:KY093014.1_78 (length 46)

DiscRep_ALL:MISSING_GENOMEASSEMBLY_COMMENTS::1 bioseqs are missing GenomeAssembly structured comments
plasmid_files/KY093014.1_results/PROKKA_06292018:KY093014.1 (length 108772)

DiscRep_ALL:MOLTYPE_NOT_MRNA::1 molecule types are not set as mRNA.
plasmid_files/KY093014.1_results/PROKKA_06292018:KY093014.1 (length 108772)

DiscRep_ALL:TECHNIQUE_NOT_TSA::1 technique are not set as TSA
plasmid_files/KY093014.1_results/PROKKA_06292018:KY093014.1 (length 108772)

DiscRep_ALL:MISSING_STRUCTURED_COMMENT::1 sequences do not include structured comments.
plasmid_files/KY093014.1_results/PROKKA_06292018:KY093014.1 (length 108772)

DiscRep_ALL:MISSING_PROJECT::124 sequences do not include project.
plasmid_files/KY093014.1_results/PROKKA_06292018:KY093014.1 (length 108772)
plasmid_files/KY093014.1_results/PROKKA_06292018:KY093014.1_1 (length 198)
plasmid_files/KY093014.1_results/PROKKA_06292018:KY093014.1_2 (length 214)
plasmid_files/KY093014.1_results/PROKKA_06292018:KY093014.1_3 (length 216)
plasmid_files/KY093014.1_results/PROKKA_06292018:KY093014.1_4 (length 102)
plasmid_files/KY093014.1_results/PROKKA_06292018:KY093014.1_5 (length 186)
plasmid_files/KY093014.1_results/PROKKA_06292018:KY093014.1_6 (length 67)
plasmid_files/KY093014.1_results/PROKKA_06292018:KY093014.1_7 (length 109)
plasmid_files/KY093014.1_results/PROKKA_06292018:KY093014.1_8 (length 337)
plasmid_files/KY093014.1_results/PROKKA_06292018:KY093014.1_9 (length 463)
plasmid_files/KY093014.1_results/PROKKA_06292018:KY093014.1_10 (length 190)
plasmid_files/KY093014.1_results/PROKKA_06292018:KY093014.1_11 (length 181)
plasmid_files/KY093014.1_results/PROKKA_06292018:KY093014.1_12 (length 302)
plasmid_files/KY093014.1_results/PROKKA_06292018:KY093014.1_13 (length 571)
plasmid_files/KY093014.1_results/PROKKA_06292018:KY093014.1_14 (length 1009)
plasmid_files/KY093014.1_results/PROKKA_06292018:KY093014.1_15 (length 341)
plasmid_files/KY093014.1_results/PROKKA_06292018:KY093014.1_16 (length 259)
plasmid_files/KY093014.1_results/PROKKA_06292018:KY093014.1_17 (length 293)
plasmid_files/KY093014.1_results/PROKKA_06292018:KY093014.1_18 (length 439)
plasmid_files/KY093014.1_results/PROKKA_06292018:KY093014.1_19 (length 965)
plasmid_files/KY093014.1_results/PROKKA_06292018:KY093014.1_20 (length 201)
plasmid_files/KY093014.1_results/PROKKA_06292018:KY093014.1_21 (length 365)
plasmid_files/KY093014.1_results/PROKKA_06292018:KY093014.1_22 (length 104)
plasmid_files/KY093014.1_results/PROKKA_06292018:KY093014.1_23 (length 131)
plasmid_files/KY093014.1_results/PROKKA_06292018:KY093014.1_24 (length 133)
plasmid_files/KY093014.1_results/PROKKA_06292018:KY093014.1_25 (length 96)
plasmid_files/KY093014.1_results/PROKKA_06292018:KY093014.1_26 (length 65)
plasmid_files/KY093014.1_results/PROKKA_06292018:KY093014.1_27 (length 936)
plasmid_files/KY093014.1_results/PROKKA_06292018:KY093014.1_28 (length 334)
plasmid_files/KY093014.1_results/PROKKA_06292018:KY093014.1_29 (length 67)
plasmid_files/KY093014.1_results/PROKKA_06292018:KY093014.1_30 (length 67)
plasmid_files/KY093014.1_results/PROKKA_06292018:KY093014.1_31 (length 122)
plasmid_files/KY093014.1_results/PROKKA_06292018:KY093014.1_32 (length 164)
plasmid_files/KY093014.1_results/PROKKA_06292018:KY093014.1_33 (length 190)
plasmid_files/KY093014.1_results/PROKKA_06292018:KY093014.1_34 (length 82)
plasmid_files/KY093014.1_results/PROKKA_06292018:KY093014.1_35 (length 229)
plasmid_files/KY093014.1_results/PROKKA_06292018:KY093014.1_36 (length 229)
plasmid_files/KY093014.1_results/PROKKA_06292018:KY093014.1_37 (length 72)
plasmid_files/KY093014.1_results/PROKKA_06292018:KY093014.1_38 (length 101)
plasmid_files/KY093014.1_results/PROKKA_06292018:KY093014.1_39 (length 131)
plasmid_files/KY093014.1_results/PROKKA_06292018:KY093014.1_40 (length 104)
plasmid_files/KY093014.1_results/PROKKA_06292018:KY093014.1_41 (length 338)
plasmid_files/KY093014.1_results/PROKKA_06292018:KY093014.1_42 (length 47)
plasmid_files/KY093014.1_results/PROKKA_06292018:KY093014.1_43 (length 264)
plasmid_files/KY093014.1_results/PROKKA_06292018:KY093014.1_44 (length 100)
plasmid_files/KY093014.1_results/PROKKA_06292018:KY093014.1_45 (length 208)
plasmid_files/KY093014.1_results/PROKKA_06292018:KY093014.1_46 (length 291)
plasmid_files/KY093014.1_results/PROKKA_06292018:KY093014.1_47 (length 423)
plasmid_files/KY093014.1_results/PROKKA_06292018:KY093014.1_48 (length 143)
plasmid_files/KY093014.1_results/PROKKA_06292018:KY093014.1_49 (length 323)
plasmid_files/KY093014.1_results/PROKKA_06292018:KY093014.1_50 (length 223)
plasmid_files/KY093014.1_results/PROKKA_06292018:KY093014.1_51 (length 76)
plasmid_files/KY093014.1_results/PROKKA_06292018:KY093014.1_52 (length 233)
plasmid_files/KY093014.1_results/PROKKA_06292018:KY093014.1_53 (length 73)
plasmid_files/KY093014.1_results/PROKKA_06292018:KY093014.1_54 (length 139)
plasmid_files/KY093014.1_results/PROKKA_06292018:KY093014.1_55 (length 255)
plasmid_files/KY093014.1_results/PROKKA_06292018:KY093014.1_56 (length 142)
plasmid_files/KY093014.1_results/PROKKA_06292018:KY093014.1_57 (length 168)
plasmid_files/KY093014.1_results/PROKKA_06292018:KY093014.1_58 (length 63)
plasmid_files/KY093014.1_results/PROKKA_06292018:KY093014.1_59 (length 84)
plasmid_files/KY093014.1_results/PROKKA_06292018:KY093014.1_60 (length 106)
plasmid_files/KY093014.1_results/PROKKA_06292018:KY093014.1_61 (length 58)
plasmid_files/KY093014.1_results/PROKKA_06292018:KY093014.1_62 (length 75)
plasmid_files/KY093014.1_results/PROKKA_06292018:KY093014.1_63 (length 76)
plasmid_files/KY093014.1_results/PROKKA_06292018:KY093014.1_64 (length 451)
plasmid_files/KY093014.1_results/PROKKA_06292018:KY093014.1_65 (length 187)
plasmid_files/KY093014.1_results/PROKKA_06292018:KY093014.1_66 (length 106)
plasmid_files/KY093014.1_results/PROKKA_06292018:KY093014.1_67 (length 180)
plasmid_files/KY093014.1_results/PROKKA_06292018:KY093014.1_68 (length 82)
plasmid_files/KY093014.1_results/PROKKA_06292018:KY093014.1_69 (length 685)
plasmid_files/KY093014.1_results/PROKKA_06292018:KY093014.1_70 (length 143)
plasmid_files/KY093014.1_results/PROKKA_06292018:KY093014.1_71 (length 242)
plasmid_files/KY093014.1_results/PROKKA_06292018:KY093014.1_72 (length 108)
plasmid_files/KY093014.1_results/PROKKA_06292018:KY093014.1_73 (length 124)
plasmid_files/KY093014.1_results/PROKKA_06292018:KY093014.1_74 (length 334)
plasmid_files/KY093014.1_results/PROKKA_06292018:KY093014.1_75 (length 173)
plasmid_files/KY093014.1_results/PROKKA_06292018:KY093014.1_76 (length 348)
plasmid_files/KY093014.1_results/PROKKA_06292018:KY093014.1_77 (length 370)
plasmid_files/KY093014.1_results/PROKKA_06292018:KY093014.1_78 (length 46)
plasmid_files/KY093014.1_results/PROKKA_06292018:KY093014.1_79 (length 90)
plasmid_files/KY093014.1_results/PROKKA_06292018:KY093014.1_80 (length 116)
plasmid_files/KY093014.1_results/PROKKA_06292018:KY093014.1_81 (length 105)
plasmid_files/KY093014.1_results/PROKKA_06292018:KY093014.1_82 (length 118)
plasmid_files/KY093014.1_results/PROKKA_06292018:KY093014.1_83 (length 70)
plasmid_files/KY093014.1_results/PROKKA_06292018:KY093014.1_84 (length 74)
plasmid_files/KY093014.1_results/PROKKA_06292018:KY093014.1_85 (length 92)
plasmid_files/KY093014.1_results/PROKKA_06292018:KY093014.1_86 (length 133)
plasmid_files/KY093014.1_results/PROKKA_06292018:KY093014.1_87 (length 273)
plasmid_files/KY093014.1_results/PROKKA_06292018:KY093014.1_88 (length 104)
plasmid_files/KY093014.1_results/PROKKA_06292018:KY093014.1_89 (length 161)
plasmid_files/KY093014.1_results/PROKKA_06292018:KY093014.1_90 (length 127)
plasmid_files/KY093014.1_results/PROKKA_06292018:KY093014.1_91 (length 239)
plasmid_files/KY093014.1_results/PROKKA_06292018:KY093014.1_92 (length 122)
plasmid_files/KY093014.1_results/PROKKA_06292018:KY093014.1_93 (length 101)
plasmid_files/KY093014.1_results/PROKKA_06292018:KY093014.1_94 (length 188)
plasmid_files/KY093014.1_results/PROKKA_06292018:KY093014.1_95 (length 246)
plasmid_files/KY093014.1_results/PROKKA_06292018:KY093014.1_96 (length 474)
plasmid_files/KY093014.1_results/PROKKA_06292018:KY093014.1_97 (length 194)
plasmid_files/KY093014.1_results/PROKKA_06292018:KY093014.1_98 (length 72)
plasmid_files/KY093014.1_results/PROKKA_06292018:KY093014.1_99 (length 103)
plasmid_files/KY093014.1_results/PROKKA_06292018:KY093014.1_100 (length 130)
plasmid_files/KY093014.1_results/PROKKA_06292018:KY093014.1_101 (length 879)
plasmid_files/KY093014.1_results/PROKKA_06292018:KY093014.1_102 (length 129)
plasmid_files/KY093014.1_results/PROKKA_06292018:KY093014.1_103 (length 208)
plasmid_files/KY093014.1_results/PROKKA_06292018:KY093014.1_104 (length 129)
plasmid_files/KY093014.1_results/PROKKA_06292018:KY093014.1_105 (length 329)
plasmid_files/KY093014.1_results/PROKKA_06292018:KY093014.1_106 (length 212)
plasmid_files/KY093014.1_results/PROKKA_06292018:KY093014.1_107 (length 651)
plasmid_files/KY093014.1_results/PROKKA_06292018:KY093014.1_108 (length 84)
plasmid_files/KY093014.1_results/PROKKA_06292018:KY093014.1_109 (length 82)
plasmid_files/KY093014.1_results/PROKKA_06292018:KY093014.1_110 (length 108)
plasmid_files/KY093014.1_results/PROKKA_06292018:KY093014.1_111 (length 250)
plasmid_files/KY093014.1_results/PROKKA_06292018:KY093014.1_112 (length 79)
plasmid_files/KY093014.1_results/PROKKA_06292018:KY093014.1_113 (length 185)
plasmid_files/KY093014.1_results/PROKKA_06292018:KY093014.1_114 (length 147)
plasmid_files/KY093014.1_results/PROKKA_06292018:KY093014.1_115 (length 455)
plasmid_files/KY093014.1_results/PROKKA_06292018:KY093014.1_116 (length 949)
plasmid_files/KY093014.1_results/PROKKA_06292018:KY093014.1_117 (length 179)
plasmid_files/KY093014.1_results/PROKKA_06292018:KY093014.1_118 (length 243)
plasmid_files/KY093014.1_results/PROKKA_06292018:KY093014.1_119 (length 229)
plasmid_files/KY093014.1_results/PROKKA_06292018:KY093014.1_120 (length 770)
plasmid_files/KY093014.1_results/PROKKA_06292018:KY093014.1_121 (length 1752)
plasmid_files/KY093014.1_results/PROKKA_06292018:KY093014.1_122 (length 241)
plasmid_files/KY093014.1_results/PROKKA_06292018:KY093014.1_123 (length 197)

DiscRep_ALL:DISC_INCONSISTENT_MOLINFO_TECH::Molinfo Technique Report (some missing, all same)
DiscRep_SUB:DISC_INCONSISTENT_MOLINFO_TECH::technique (all missing)
DiscRep_SUB:DISC_INCONSISTENT_MOLINFO_TECH::1 Molinfos are missing field technique
plasmid_files/KY093014.1_results/PROKKA_06292018:KY093014.1 (length 108772)

