Discrepancy Report Results

Summary
FATAL: MISSING_PROTEIN_ID:76 proteins have invalid IDs.
DISC_SOURCE_QUALS_ASNDISC:strain (all present, all unique)
DISC_SOURCE_QUALS_ASNDISC:taxname (all present, all unique)
DISC_FEATURE_COUNT:CDS: 76 present
DISC_COUNT_NUCLEOTIDES:1 nucleotide Bioseqs are present
FEATURE_LOCATION_CONFLICT:76 features have inconsistent gene locations.
SUSPECT_PRODUCT_NAMES:1 product_names contain suspect phrase or characters
	May contain database identifier more appropriate in note; remove from product name
		1 features Three or more numbers together
DISC_QUALITY_SCORES:Quality scores are missing on all sequences.
ONCALLER_COMMENT_PRESENT:1 comment descriptors were found (all same)
SHORT_PROT_SEQUENCES:3 protein sequences are shorter than 50 aa.
MISSING_GENOMEASSEMBLY_COMMENTS:1 bioseqs are missing GenomeAssembly structured comments
MOLTYPE_NOT_MRNA:1 molecule types are not set as mRNA.
TECHNIQUE_NOT_TSA:1 technique are not set as TSA
MISSING_STRUCTURED_COMMENT:1 sequences do not include structured comments.
MISSING_PROJECT:77 sequences do not include project.
DISC_INCONSISTENT_MOLINFO_TECH:Molinfo Technique Report (some missing, all same)


Detailed Report

FATAL: DiscRep_ALL:MISSING_PROTEIN_ID::76 proteins have invalid IDs.
plasmid_files/CP016402.1_results/PROKKA_06292018:CP016402.1_1 (length 234)
plasmid_files/CP016402.1_results/PROKKA_06292018:CP016402.1_2 (length 124)
plasmid_files/CP016402.1_results/PROKKA_06292018:CP016402.1_3 (length 119)
plasmid_files/CP016402.1_results/PROKKA_06292018:CP016402.1_4 (length 107)
plasmid_files/CP016402.1_results/PROKKA_06292018:CP016402.1_5 (length 242)
plasmid_files/CP016402.1_results/PROKKA_06292018:CP016402.1_6 (length 143)
plasmid_files/CP016402.1_results/PROKKA_06292018:CP016402.1_7 (length 432)
plasmid_files/CP016402.1_results/PROKKA_06292018:CP016402.1_8 (length 220)
plasmid_files/CP016402.1_results/PROKKA_06292018:CP016402.1_9 (length 76)
plasmid_files/CP016402.1_results/PROKKA_06292018:CP016402.1_10 (length 39)
plasmid_files/CP016402.1_results/PROKKA_06292018:CP016402.1_11 (length 86)
plasmid_files/CP016402.1_results/PROKKA_06292018:CP016402.1_12 (length 63)
plasmid_files/CP016402.1_results/PROKKA_06292018:CP016402.1_13 (length 168)
plasmid_files/CP016402.1_results/PROKKA_06292018:CP016402.1_14 (length 259)
plasmid_files/CP016402.1_results/PROKKA_06292018:CP016402.1_15 (length 139)
plasmid_files/CP016402.1_results/PROKKA_06292018:CP016402.1_16 (length 73)
plasmid_files/CP016402.1_results/PROKKA_06292018:CP016402.1_17 (length 225)
plasmid_files/CP016402.1_results/PROKKA_06292018:CP016402.1_18 (length 223)
plasmid_files/CP016402.1_results/PROKKA_06292018:CP016402.1_19 (length 140)
plasmid_files/CP016402.1_results/PROKKA_06292018:CP016402.1_20 (length 423)
plasmid_files/CP016402.1_results/PROKKA_06292018:CP016402.1_21 (length 323)
plasmid_files/CP016402.1_results/PROKKA_06292018:CP016402.1_22 (length 380)
plasmid_files/CP016402.1_results/PROKKA_06292018:CP016402.1_23 (length 210)
plasmid_files/CP016402.1_results/PROKKA_06292018:CP016402.1_24 (length 66)
plasmid_files/CP016402.1_results/PROKKA_06292018:CP016402.1_25 (length 316)
plasmid_files/CP016402.1_results/PROKKA_06292018:CP016402.1_26 (length 219)
plasmid_files/CP016402.1_results/PROKKA_06292018:CP016402.1_27 (length 131)
plasmid_files/CP016402.1_results/PROKKA_06292018:CP016402.1_28 (length 135)
plasmid_files/CP016402.1_results/PROKKA_06292018:CP016402.1_29 (length 326)
plasmid_files/CP016402.1_results/PROKKA_06292018:CP016402.1_30 (length 96)
plasmid_files/CP016402.1_results/PROKKA_06292018:CP016402.1_31 (length 125)
plasmid_files/CP016402.1_results/PROKKA_06292018:CP016402.1_32 (length 109)
plasmid_files/CP016402.1_results/PROKKA_06292018:CP016402.1_33 (length 118)
plasmid_files/CP016402.1_results/PROKKA_06292018:CP016402.1_34 (length 56)
plasmid_files/CP016402.1_results/PROKKA_06292018:CP016402.1_35 (length 93)
plasmid_files/CP016402.1_results/PROKKA_06292018:CP016402.1_36 (length 234)
plasmid_files/CP016402.1_results/PROKKA_06292018:CP016402.1_37 (length 97)
plasmid_files/CP016402.1_results/PROKKA_06292018:CP016402.1_38 (length 96)
plasmid_files/CP016402.1_results/PROKKA_06292018:CP016402.1_39 (length 39)
plasmid_files/CP016402.1_results/PROKKA_06292018:CP016402.1_40 (length 291)
plasmid_files/CP016402.1_results/PROKKA_06292018:CP016402.1_41 (length 109)
plasmid_files/CP016402.1_results/PROKKA_06292018:CP016402.1_42 (length 78)
plasmid_files/CP016402.1_results/PROKKA_06292018:CP016402.1_43 (length 177)
plasmid_files/CP016402.1_results/PROKKA_06292018:CP016402.1_44 (length 71)
plasmid_files/CP016402.1_results/PROKKA_06292018:CP016402.1_45 (length 86)
plasmid_files/CP016402.1_results/PROKKA_06292018:CP016402.1_46 (length 85)
plasmid_files/CP016402.1_results/PROKKA_06292018:CP016402.1_47 (length 217)
plasmid_files/CP016402.1_results/PROKKA_06292018:CP016402.1_48 (length 285)
plasmid_files/CP016402.1_results/PROKKA_06292018:CP016402.1_49 (length 82)
plasmid_files/CP016402.1_results/PROKKA_06292018:CP016402.1_50 (length 49)
plasmid_files/CP016402.1_results/PROKKA_06292018:CP016402.1_51 (length 125)
plasmid_files/CP016402.1_results/PROKKA_06292018:CP016402.1_52 (length 199)
plasmid_files/CP016402.1_results/PROKKA_06292018:CP016402.1_53 (length 66)
plasmid_files/CP016402.1_results/PROKKA_06292018:CP016402.1_54 (length 186)
plasmid_files/CP016402.1_results/PROKKA_06292018:CP016402.1_55 (length 248)
plasmid_files/CP016402.1_results/PROKKA_06292018:CP016402.1_56 (length 234)
plasmid_files/CP016402.1_results/PROKKA_06292018:CP016402.1_57 (length 143)
plasmid_files/CP016402.1_results/PROKKA_06292018:CP016402.1_58 (length 175)
plasmid_files/CP016402.1_results/PROKKA_06292018:CP016402.1_59 (length 210)
plasmid_files/CP016402.1_results/PROKKA_06292018:CP016402.1_60 (length 300)
plasmid_files/CP016402.1_results/PROKKA_06292018:CP016402.1_61 (length 125)
plasmid_files/CP016402.1_results/PROKKA_06292018:CP016402.1_62 (length 109)
plasmid_files/CP016402.1_results/PROKKA_06292018:CP016402.1_63 (length 285)
plasmid_files/CP016402.1_results/PROKKA_06292018:CP016402.1_64 (length 114)
plasmid_files/CP016402.1_results/PROKKA_06292018:CP016402.1_65 (length 878)
plasmid_files/CP016402.1_results/PROKKA_06292018:CP016402.1_66 (length 186)
plasmid_files/CP016402.1_results/PROKKA_06292018:CP016402.1_67 (length 186)
plasmid_files/CP016402.1_results/PROKKA_06292018:CP016402.1_68 (length 92)
plasmid_files/CP016402.1_results/PROKKA_06292018:CP016402.1_69 (length 141)
plasmid_files/CP016402.1_results/PROKKA_06292018:CP016402.1_70 (length 51)
plasmid_files/CP016402.1_results/PROKKA_06292018:CP016402.1_71 (length 98)
plasmid_files/CP016402.1_results/PROKKA_06292018:CP016402.1_72 (length 326)
plasmid_files/CP016402.1_results/PROKKA_06292018:CP016402.1_73 (length 293)
plasmid_files/CP016402.1_results/PROKKA_06292018:CP016402.1_74 (length 125)
plasmid_files/CP016402.1_results/PROKKA_06292018:CP016402.1_75 (length 340)
plasmid_files/CP016402.1_results/PROKKA_06292018:CP016402.1_76 (length 313)

DiscRep_ALL:DISC_SOURCE_QUALS_ASNDISC::strain (all present, all unique)
DiscRep_SUB:DISC_SOURCE_QUALS_ASNDISC::1 sources have unique values for strain
DiscRep_ALL:DISC_SOURCE_QUALS_ASNDISC::taxname (all present, all unique)
DiscRep_SUB:DISC_SOURCE_QUALS_ASNDISC::1 sources have unique values for taxname
DiscRep_ALL:DISC_FEATURE_COUNT::CDS: 76 present
DiscRep_ALL:DISC_COUNT_NUCLEOTIDES::1 nucleotide Bioseqs are present
plasmid_files/CP016402.1_results/PROKKA_06292018:CP016402.1 (length 57009)

DiscRep_ALL:FEATURE_LOCATION_CONFLICT::76 features have inconsistent gene locations.
DiscRep_SUB:FEATURE_LOCATION_CONFLICT::Coding region xref gene does not exist
plasmid_files/CP016402.1_results/PROKKA_06292018:CDS	hypothetical protein	CP016402.1:c1133-429	JJECLFMD_00001

DiscRep_SUB:FEATURE_LOCATION_CONFLICT::Coding region xref gene does not exist
plasmid_files/CP016402.1_results/PROKKA_06292018:CDS	hypothetical protein	CP016402.1:c1633-1259	JJECLFMD_00002

DiscRep_SUB:FEATURE_LOCATION_CONFLICT::Coding region xref gene does not exist
plasmid_files/CP016402.1_results/PROKKA_06292018:CDS	hypothetical protein	CP016402.1:c2618-2259	JJECLFMD_00003

DiscRep_SUB:FEATURE_LOCATION_CONFLICT::Coding region xref gene does not exist
plasmid_files/CP016402.1_results/PROKKA_06292018:CDS	hypothetical protein	CP016402.1:c3003-2680	JJECLFMD_00004

DiscRep_SUB:FEATURE_LOCATION_CONFLICT::Coding region xref gene does not exist
plasmid_files/CP016402.1_results/PROKKA_06292018:CDS	hypothetical protein	CP016402.1:c3728-3000	JJECLFMD_00005

DiscRep_SUB:FEATURE_LOCATION_CONFLICT::Coding region xref gene does not exist
plasmid_files/CP016402.1_results/PROKKA_06292018:CDS	Protein PsiB	CP016402.1:c4156-3725	JJECLFMD_00006

DiscRep_SUB:FEATURE_LOCATION_CONFLICT::Coding region xref gene does not exist
plasmid_files/CP016402.1_results/PROKKA_06292018:CDS	hypothetical protein	CP016402.1:c5497-4199	JJECLFMD_00007

DiscRep_SUB:FEATURE_LOCATION_CONFLICT::Coding region xref gene does not exist
plasmid_files/CP016402.1_results/PROKKA_06292018:CDS	Chromosome-partitioning protein Spo0J	CP016402.1:c6208-5546	JJECLFMD_00008

DiscRep_SUB:FEATURE_LOCATION_CONFLICT::Coding region xref gene does not exist
plasmid_files/CP016402.1_results/PROKKA_06292018:CDS	hypothetical protein	CP016402.1:c6509-6279	JJECLFMD_00009

DiscRep_SUB:FEATURE_LOCATION_CONFLICT::Coding region xref gene does not exist
plasmid_files/CP016402.1_results/PROKKA_06292018:CDS	hypothetical protein	CP016402.1:c7451-7332	JJECLFMD_00010

DiscRep_SUB:FEATURE_LOCATION_CONFLICT::Coding region xref gene does not exist
plasmid_files/CP016402.1_results/PROKKA_06292018:CDS	DNA polymerase III subunit theta	CP016402.1:c7746-7486	JJECLFMD_00011

DiscRep_SUB:FEATURE_LOCATION_CONFLICT::Coding region xref gene does not exist
plasmid_files/CP016402.1_results/PROKKA_06292018:CDS	hypothetical protein	CP016402.1:c8124-7933	JJECLFMD_00012

DiscRep_SUB:FEATURE_LOCATION_CONFLICT::Coding region xref gene does not exist
plasmid_files/CP016402.1_results/PROKKA_06292018:CDS	hypothetical protein	CP016402.1:c8673-8167	JJECLFMD_00013

DiscRep_SUB:FEATURE_LOCATION_CONFLICT::Coding region xref gene does not exist
plasmid_files/CP016402.1_results/PROKKA_06292018:CDS	hypothetical protein	CP016402.1:c9857-9078	JJECLFMD_00014

DiscRep_SUB:FEATURE_LOCATION_CONFLICT::Coding region xref gene does not exist
plasmid_files/CP016402.1_results/PROKKA_06292018:CDS	hypothetical protein	CP016402.1:c10330-9911	JJECLFMD_00015

DiscRep_SUB:FEATURE_LOCATION_CONFLICT::Coding region xref gene does not exist
plasmid_files/CP016402.1_results/PROKKA_06292018:CDS	hypothetical protein	CP016402.1:c10562-10341	JJECLFMD_00016

DiscRep_SUB:FEATURE_LOCATION_CONFLICT::Coding region xref gene does not exist
plasmid_files/CP016402.1_results/PROKKA_06292018:CDS	DNA adenine methyltransferase YhdJ	CP016402.1:c11239-10562	JJECLFMD_00017

DiscRep_SUB:FEATURE_LOCATION_CONFLICT::Coding region xref gene does not exist
plasmid_files/CP016402.1_results/PROKKA_06292018:CDS	Putative SOS response-associated peptidase YedK	CP016402.1:11598-12269	JJECLFMD_00018

DiscRep_SUB:FEATURE_LOCATION_CONFLICT::Coding region xref gene does not exist
plasmid_files/CP016402.1_results/PROKKA_06292018:CDS	Protein UmuD	CP016402.1:12449-12871	JJECLFMD_00019

DiscRep_SUB:FEATURE_LOCATION_CONFLICT::Coding region xref gene does not exist
plasmid_files/CP016402.1_results/PROKKA_06292018:CDS	Protein UmuC	CP016402.1:12871-14142	JJECLFMD_00020

DiscRep_SUB:FEATURE_LOCATION_CONFLICT::Coding region xref gene does not exist
plasmid_files/CP016402.1_results/PROKKA_06292018:CDS	Virulence regulon transcriptional activator VirB	CP016402.1:c15249-14278	JJECLFMD_00021

DiscRep_SUB:FEATURE_LOCATION_CONFLICT::Coding region xref gene does not exist
plasmid_files/CP016402.1_results/PROKKA_06292018:CDS	Plasmid partition protein A	CP016402.1:c16388-15246	JJECLFMD_00022

DiscRep_SUB:FEATURE_LOCATION_CONFLICT::Coding region xref gene does not exist
plasmid_files/CP016402.1_results/PROKKA_06292018:CDS	Putative transposon Tn552 DNA-invertase bin3	CP016402.1:16813-17445	JJECLFMD_00023

DiscRep_SUB:FEATURE_LOCATION_CONFLICT::Coding region xref gene does not exist
plasmid_files/CP016402.1_results/PROKKA_06292018:CDS	hypothetical protein	CP016402.1:17499-17699	JJECLFMD_00024

DiscRep_SUB:FEATURE_LOCATION_CONFLICT::Coding region xref gene does not exist
plasmid_files/CP016402.1_results/PROKKA_06292018:CDS	Recombination-promoting nuclease RpnA	CP016402.1:17846-18796	JJECLFMD_00025

DiscRep_SUB:FEATURE_LOCATION_CONFLICT::Coding region xref gene does not exist
plasmid_files/CP016402.1_results/PROKKA_06292018:CDS	hypothetical protein	CP016402.1:c19403-18744	JJECLFMD_00026

DiscRep_SUB:FEATURE_LOCATION_CONFLICT::Coding region xref gene does not exist
plasmid_files/CP016402.1_results/PROKKA_06292018:CDS	hypothetical protein	CP016402.1:c19795-19400	JJECLFMD_00027

DiscRep_SUB:FEATURE_LOCATION_CONFLICT::Coding region xref gene does not exist
plasmid_files/CP016402.1_results/PROKKA_06292018:CDS	Ribonuclease T	CP016402.1:c20255-19848	JJECLFMD_00028

DiscRep_SUB:FEATURE_LOCATION_CONFLICT::Coding region xref gene does not exist
plasmid_files/CP016402.1_results/PROKKA_06292018:CDS	hypothetical protein	CP016402.1:20309-21289	JJECLFMD_00029

DiscRep_SUB:FEATURE_LOCATION_CONFLICT::Coding region xref gene does not exist
plasmid_files/CP016402.1_results/PROKKA_06292018:CDS	Heat shock protein C	CP016402.1:21936-22226	JJECLFMD_00030

DiscRep_SUB:FEATURE_LOCATION_CONFLICT::Coding region xref gene does not exist
plasmid_files/CP016402.1_results/PROKKA_06292018:CDS	hypothetical protein	CP016402.1:22966-23343	JJECLFMD_00031

DiscRep_SUB:FEATURE_LOCATION_CONFLICT::Coding region xref gene does not exist
plasmid_files/CP016402.1_results/PROKKA_06292018:CDS	hypothetical protein	CP016402.1:23340-23669	JJECLFMD_00032

DiscRep_SUB:FEATURE_LOCATION_CONFLICT::Coding region xref gene does not exist
plasmid_files/CP016402.1_results/PROKKA_06292018:CDS	Chloramphenicol acetyltransferase 2	CP016402.1:c24445-24089	JJECLFMD_00033

DiscRep_SUB:FEATURE_LOCATION_CONFLICT::Coding region xref gene does not exist
plasmid_files/CP016402.1_results/PROKKA_06292018:CDS	hypothetical protein	CP016402.1:c24765-24595	JJECLFMD_00034

DiscRep_SUB:FEATURE_LOCATION_CONFLICT::Coding region xref gene does not exist
plasmid_files/CP016402.1_results/PROKKA_06292018:CDS	hypothetical protein	CP016402.1:c25019-24738	JJECLFMD_00035

DiscRep_SUB:FEATURE_LOCATION_CONFLICT::Coding region xref gene does not exist
plasmid_files/CP016402.1_results/PROKKA_06292018:CDS	hypothetical protein	CP016402.1:25163-25867	JJECLFMD_00036

DiscRep_SUB:FEATURE_LOCATION_CONFLICT::Coding region xref gene does not exist
plasmid_files/CP016402.1_results/PROKKA_06292018:CDS	hypothetical protein	CP016402.1:c26753-26460	JJECLFMD_00037

DiscRep_SUB:FEATURE_LOCATION_CONFLICT::Coding region xref gene does not exist
plasmid_files/CP016402.1_results/PROKKA_06292018:CDS	hypothetical protein	CP016402.1:c27069-26779	JJECLFMD_00038

DiscRep_SUB:FEATURE_LOCATION_CONFLICT::Coding region xref gene does not exist
plasmid_files/CP016402.1_results/PROKKA_06292018:CDS	hypothetical protein	CP016402.1:c27784-27665	JJECLFMD_00039

DiscRep_SUB:FEATURE_LOCATION_CONFLICT::Coding region xref gene does not exist
plasmid_files/CP016402.1_results/PROKKA_06292018:CDS	Beta-lactamase Toho-1	CP016402.1:c29504-28629	JJECLFMD_00040

DiscRep_SUB:FEATURE_LOCATION_CONFLICT::Coding region xref gene does not exist
plasmid_files/CP016402.1_results/PROKKA_06292018:CDS	hypothetical protein	CP016402.1:30009-30338	JJECLFMD_00041

DiscRep_SUB:FEATURE_LOCATION_CONFLICT::Coding region xref gene does not exist
plasmid_files/CP016402.1_results/PROKKA_06292018:CDS	hypothetical protein	CP016402.1:30382-30618	JJECLFMD_00042

DiscRep_SUB:FEATURE_LOCATION_CONFLICT::Coding region xref gene does not exist
plasmid_files/CP016402.1_results/PROKKA_06292018:CDS	hypothetical protein	CP016402.1:30787-31320	JJECLFMD_00043

DiscRep_SUB:FEATURE_LOCATION_CONFLICT::Coding region xref gene does not exist
plasmid_files/CP016402.1_results/PROKKA_06292018:CDS	hypothetical protein	CP016402.1:31523-31738	JJECLFMD_00044

DiscRep_SUB:FEATURE_LOCATION_CONFLICT::Coding region xref gene does not exist
plasmid_files/CP016402.1_results/PROKKA_06292018:CDS	Endoribonuclease PemK	CP016402.1:c32280-32020	JJECLFMD_00045

DiscRep_SUB:FEATURE_LOCATION_CONFLICT::Coding region xref gene does not exist
plasmid_files/CP016402.1_results/PROKKA_06292018:CDS	Antitoxin PemI	CP016402.1:c32610-32353	JJECLFMD_00046

DiscRep_SUB:FEATURE_LOCATION_CONFLICT::Coding region xref gene does not exist
plasmid_files/CP016402.1_results/PROKKA_06292018:CDS	hypothetical protein	CP016402.1:c33356-32703	JJECLFMD_00047

DiscRep_SUB:FEATURE_LOCATION_CONFLICT::Coding region xref gene does not exist
plasmid_files/CP016402.1_results/PROKKA_06292018:CDS	hypothetical protein	CP016402.1:c35151-34294	JJECLFMD_00048

DiscRep_SUB:FEATURE_LOCATION_CONFLICT::Coding region xref gene does not exist
plasmid_files/CP016402.1_results/PROKKA_06292018:CDS	hypothetical protein	CP016402.1:c35711-35463	JJECLFMD_00049

DiscRep_SUB:FEATURE_LOCATION_CONFLICT::Coding region xref gene does not exist
plasmid_files/CP016402.1_results/PROKKA_06292018:CDS	Protein PndA	CP016402.1:c36144-35995	JJECLFMD_00050

DiscRep_SUB:FEATURE_LOCATION_CONFLICT::Coding region xref gene does not exist
plasmid_files/CP016402.1_results/PROKKA_06292018:CDS	hypothetical protein	CP016402.1:c36826-36449	JJECLFMD_00051

DiscRep_SUB:FEATURE_LOCATION_CONFLICT::Coding region xref gene does not exist
plasmid_files/CP016402.1_results/PROKKA_06292018:CDS	hypothetical protein	CP016402.1:c37441-36842	JJECLFMD_00052

DiscRep_SUB:FEATURE_LOCATION_CONFLICT::Coding region xref gene does not exist
plasmid_files/CP016402.1_results/PROKKA_06292018:CDS	hypothetical protein	CP016402.1:c38025-37825	JJECLFMD_00053

DiscRep_SUB:FEATURE_LOCATION_CONFLICT::Coding region xref gene does not exist
plasmid_files/CP016402.1_results/PROKKA_06292018:CDS	Fertility inhibition protein	CP016402.1:c38717-38157	JJECLFMD_00054

DiscRep_SUB:FEATURE_LOCATION_CONFLICT::Coding region xref gene does not exist
plasmid_files/CP016402.1_results/PROKKA_06292018:CDS	hypothetical protein	CP016402.1:c39518-38772	JJECLFMD_00055

DiscRep_SUB:FEATURE_LOCATION_CONFLICT::Coding region xref gene does not exist
plasmid_files/CP016402.1_results/PROKKA_06292018:CDS	hypothetical protein	CP016402.1:39763-40467	JJECLFMD_00056

DiscRep_SUB:FEATURE_LOCATION_CONFLICT::Coding region xref gene does not exist
plasmid_files/CP016402.1_results/PROKKA_06292018:CDS	3-oxo-tetronate 4-phosphate decarboxylase	CP016402.1:c40844-40413	JJECLFMD_00057

DiscRep_SUB:FEATURE_LOCATION_CONFLICT::Coding region xref gene does not exist
plasmid_files/CP016402.1_results/PROKKA_06292018:CDS	3-oxo-tetronate kinase	CP016402.1:c41364-40837	JJECLFMD_00058

DiscRep_SUB:FEATURE_LOCATION_CONFLICT::Coding region xref gene does not exist
plasmid_files/CP016402.1_results/PROKKA_06292018:CDS	3-oxo-tetronate kinase	CP016402.1:c42088-41456	JJECLFMD_00059

DiscRep_SUB:FEATURE_LOCATION_CONFLICT::Coding region xref gene does not exist
plasmid_files/CP016402.1_results/PROKKA_06292018:CDS	L-threonate dehydrogenase	CP016402.1:c43002-42100	JJECLFMD_00060

DiscRep_SUB:FEATURE_LOCATION_CONFLICT::Coding region xref gene does not exist
plasmid_files/CP016402.1_results/PROKKA_06292018:CDS	Glycerol-3-phosphate regulon repressor	CP016402.1:43264-43641	JJECLFMD_00061

DiscRep_SUB:FEATURE_LOCATION_CONFLICT::Coding region xref gene does not exist
plasmid_files/CP016402.1_results/PROKKA_06292018:CDS	hypothetical protein	CP016402.1:43674-44003	JJECLFMD_00062

DiscRep_SUB:FEATURE_LOCATION_CONFLICT::Coding region xref gene does not exist
plasmid_files/CP016402.1_results/PROKKA_06292018:CDS	Beta-lactamase SHV-2	CP016402.1:c44881-44024	JJECLFMD_00063

DiscRep_SUB:FEATURE_LOCATION_CONFLICT::Coding region xref gene does not exist
plasmid_files/CP016402.1_results/PROKKA_06292018:CDS	hypothetical protein	CP016402.1:c45466-45122	JJECLFMD_00064

DiscRep_SUB:FEATURE_LOCATION_CONFLICT::Coding region xref gene does not exist
plasmid_files/CP016402.1_results/PROKKA_06292018:CDS	hypothetical protein	CP016402.1:c48087-45451	JJECLFMD_00065

DiscRep_SUB:FEATURE_LOCATION_CONFLICT::Coding region xref gene does not exist
plasmid_files/CP016402.1_results/PROKKA_06292018:CDS	DNA-invertase hin	CP016402.1:c48651-48091	JJECLFMD_00066

DiscRep_SUB:FEATURE_LOCATION_CONFLICT::Coding region xref gene does not exist
plasmid_files/CP016402.1_results/PROKKA_06292018:CDS	hypothetical protein	CP016402.1:49100-49660	JJECLFMD_00067

DiscRep_SUB:FEATURE_LOCATION_CONFLICT::Coding region xref gene does not exist
plasmid_files/CP016402.1_results/PROKKA_06292018:CDS	hypothetical protein	CP016402.1:50194-50472	JJECLFMD_00068

DiscRep_SUB:FEATURE_LOCATION_CONFLICT::Coding region xref gene does not exist
plasmid_files/CP016402.1_results/PROKKA_06292018:CDS	Antirestriction protein KlcA	CP016402.1:50583-51008	JJECLFMD_00069

DiscRep_SUB:FEATURE_LOCATION_CONFLICT::Coding region xref gene does not exist
plasmid_files/CP016402.1_results/PROKKA_06292018:CDS	hypothetical protein	CP016402.1:51136-51291	JJECLFMD_00070

DiscRep_SUB:FEATURE_LOCATION_CONFLICT::Coding region xref gene does not exist
plasmid_files/CP016402.1_results/PROKKA_06292018:CDS	hypothetical protein	CP016402.1:51337-51633	JJECLFMD_00071

DiscRep_SUB:FEATURE_LOCATION_CONFLICT::Coding region xref gene does not exist
plasmid_files/CP016402.1_results/PROKKA_06292018:CDS	hypothetical protein	CP016402.1:51638-52618	JJECLFMD_00072

DiscRep_SUB:FEATURE_LOCATION_CONFLICT::Coding region xref gene does not exist
plasmid_files/CP016402.1_results/PROKKA_06292018:CDS	Carbapenem-hydrolyzing beta-lactamase KPC	CP016402.1:c53749-52868	JJECLFMD_00073

DiscRep_SUB:FEATURE_LOCATION_CONFLICT::Coding region xref gene does not exist
plasmid_files/CP016402.1_results/PROKKA_06292018:CDS	hypothetical protein	CP016402.1:c54452-54075	JJECLFMD_00074

DiscRep_SUB:FEATURE_LOCATION_CONFLICT::Coding region xref gene does not exist
plasmid_files/CP016402.1_results/PROKKA_06292018:CDS	hypothetical protein	CP016402.1:c56050-55028	JJECLFMD_00075

DiscRep_SUB:FEATURE_LOCATION_CONFLICT::Coding region xref gene does not exist
plasmid_files/CP016402.1_results/PROKKA_06292018:CDS	hypothetical protein	CP016402.1:c56976-56035	JJECLFMD_00076

DiscRep_ALL:SUSPECT_PRODUCT_NAMES::1 product_names contain suspect phrase or characters
DiscRep_SUB:SUSPECT_PRODUCT_NAMES::May contain database identifier more appropriate in note; remove from product name
DiscRep_SUB:SUSPECT_PRODUCT_NAMES::1 features Three or more numbers together
plasmid_files/CP016402.1_results/PROKKA_06292018:CDS	Putative transposon Tn552 DNA-invertase bin3	CP016402.1:16813-17445	JJECLFMD_00023

DiscRep_ALL:DISC_QUALITY_SCORES::Quality scores are missing on all sequences.

DiscRep_ALL:ONCALLER_COMMENT_PRESENT::1 comment descriptors were found (all same)
plasmid_files/CP016402.1_results/PROKKA_06292018:CP016402.1:Annotated using prokka 1.14-dev from https://github.com/tseemann/prokka

DiscRep_ALL:SHORT_PROT_SEQUENCES::3 protein sequences are shorter than 50 aa.
plasmid_files/CP016402.1_results/PROKKA_06292018:CP016402.1_10 (length 39)
plasmid_files/CP016402.1_results/PROKKA_06292018:CP016402.1_39 (length 39)
plasmid_files/CP016402.1_results/PROKKA_06292018:CP016402.1_50 (length 49)

DiscRep_ALL:MISSING_GENOMEASSEMBLY_COMMENTS::1 bioseqs are missing GenomeAssembly structured comments
plasmid_files/CP016402.1_results/PROKKA_06292018:CP016402.1 (length 57009)

DiscRep_ALL:MOLTYPE_NOT_MRNA::1 molecule types are not set as mRNA.
plasmid_files/CP016402.1_results/PROKKA_06292018:CP016402.1 (length 57009)

DiscRep_ALL:TECHNIQUE_NOT_TSA::1 technique are not set as TSA
plasmid_files/CP016402.1_results/PROKKA_06292018:CP016402.1 (length 57009)

DiscRep_ALL:MISSING_STRUCTURED_COMMENT::1 sequences do not include structured comments.
plasmid_files/CP016402.1_results/PROKKA_06292018:CP016402.1 (length 57009)

DiscRep_ALL:MISSING_PROJECT::77 sequences do not include project.
plasmid_files/CP016402.1_results/PROKKA_06292018:CP016402.1 (length 57009)
plasmid_files/CP016402.1_results/PROKKA_06292018:CP016402.1_1 (length 234)
plasmid_files/CP016402.1_results/PROKKA_06292018:CP016402.1_2 (length 124)
plasmid_files/CP016402.1_results/PROKKA_06292018:CP016402.1_3 (length 119)
plasmid_files/CP016402.1_results/PROKKA_06292018:CP016402.1_4 (length 107)
plasmid_files/CP016402.1_results/PROKKA_06292018:CP016402.1_5 (length 242)
plasmid_files/CP016402.1_results/PROKKA_06292018:CP016402.1_6 (length 143)
plasmid_files/CP016402.1_results/PROKKA_06292018:CP016402.1_7 (length 432)
plasmid_files/CP016402.1_results/PROKKA_06292018:CP016402.1_8 (length 220)
plasmid_files/CP016402.1_results/PROKKA_06292018:CP016402.1_9 (length 76)
plasmid_files/CP016402.1_results/PROKKA_06292018:CP016402.1_10 (length 39)
plasmid_files/CP016402.1_results/PROKKA_06292018:CP016402.1_11 (length 86)
plasmid_files/CP016402.1_results/PROKKA_06292018:CP016402.1_12 (length 63)
plasmid_files/CP016402.1_results/PROKKA_06292018:CP016402.1_13 (length 168)
plasmid_files/CP016402.1_results/PROKKA_06292018:CP016402.1_14 (length 259)
plasmid_files/CP016402.1_results/PROKKA_06292018:CP016402.1_15 (length 139)
plasmid_files/CP016402.1_results/PROKKA_06292018:CP016402.1_16 (length 73)
plasmid_files/CP016402.1_results/PROKKA_06292018:CP016402.1_17 (length 225)
plasmid_files/CP016402.1_results/PROKKA_06292018:CP016402.1_18 (length 223)
plasmid_files/CP016402.1_results/PROKKA_06292018:CP016402.1_19 (length 140)
plasmid_files/CP016402.1_results/PROKKA_06292018:CP016402.1_20 (length 423)
plasmid_files/CP016402.1_results/PROKKA_06292018:CP016402.1_21 (length 323)
plasmid_files/CP016402.1_results/PROKKA_06292018:CP016402.1_22 (length 380)
plasmid_files/CP016402.1_results/PROKKA_06292018:CP016402.1_23 (length 210)
plasmid_files/CP016402.1_results/PROKKA_06292018:CP016402.1_24 (length 66)
plasmid_files/CP016402.1_results/PROKKA_06292018:CP016402.1_25 (length 316)
plasmid_files/CP016402.1_results/PROKKA_06292018:CP016402.1_26 (length 219)
plasmid_files/CP016402.1_results/PROKKA_06292018:CP016402.1_27 (length 131)
plasmid_files/CP016402.1_results/PROKKA_06292018:CP016402.1_28 (length 135)
plasmid_files/CP016402.1_results/PROKKA_06292018:CP016402.1_29 (length 326)
plasmid_files/CP016402.1_results/PROKKA_06292018:CP016402.1_30 (length 96)
plasmid_files/CP016402.1_results/PROKKA_06292018:CP016402.1_31 (length 125)
plasmid_files/CP016402.1_results/PROKKA_06292018:CP016402.1_32 (length 109)
plasmid_files/CP016402.1_results/PROKKA_06292018:CP016402.1_33 (length 118)
plasmid_files/CP016402.1_results/PROKKA_06292018:CP016402.1_34 (length 56)
plasmid_files/CP016402.1_results/PROKKA_06292018:CP016402.1_35 (length 93)
plasmid_files/CP016402.1_results/PROKKA_06292018:CP016402.1_36 (length 234)
plasmid_files/CP016402.1_results/PROKKA_06292018:CP016402.1_37 (length 97)
plasmid_files/CP016402.1_results/PROKKA_06292018:CP016402.1_38 (length 96)
plasmid_files/CP016402.1_results/PROKKA_06292018:CP016402.1_39 (length 39)
plasmid_files/CP016402.1_results/PROKKA_06292018:CP016402.1_40 (length 291)
plasmid_files/CP016402.1_results/PROKKA_06292018:CP016402.1_41 (length 109)
plasmid_files/CP016402.1_results/PROKKA_06292018:CP016402.1_42 (length 78)
plasmid_files/CP016402.1_results/PROKKA_06292018:CP016402.1_43 (length 177)
plasmid_files/CP016402.1_results/PROKKA_06292018:CP016402.1_44 (length 71)
plasmid_files/CP016402.1_results/PROKKA_06292018:CP016402.1_45 (length 86)
plasmid_files/CP016402.1_results/PROKKA_06292018:CP016402.1_46 (length 85)
plasmid_files/CP016402.1_results/PROKKA_06292018:CP016402.1_47 (length 217)
plasmid_files/CP016402.1_results/PROKKA_06292018:CP016402.1_48 (length 285)
plasmid_files/CP016402.1_results/PROKKA_06292018:CP016402.1_49 (length 82)
plasmid_files/CP016402.1_results/PROKKA_06292018:CP016402.1_50 (length 49)
plasmid_files/CP016402.1_results/PROKKA_06292018:CP016402.1_51 (length 125)
plasmid_files/CP016402.1_results/PROKKA_06292018:CP016402.1_52 (length 199)
plasmid_files/CP016402.1_results/PROKKA_06292018:CP016402.1_53 (length 66)
plasmid_files/CP016402.1_results/PROKKA_06292018:CP016402.1_54 (length 186)
plasmid_files/CP016402.1_results/PROKKA_06292018:CP016402.1_55 (length 248)
plasmid_files/CP016402.1_results/PROKKA_06292018:CP016402.1_56 (length 234)
plasmid_files/CP016402.1_results/PROKKA_06292018:CP016402.1_57 (length 143)
plasmid_files/CP016402.1_results/PROKKA_06292018:CP016402.1_58 (length 175)
plasmid_files/CP016402.1_results/PROKKA_06292018:CP016402.1_59 (length 210)
plasmid_files/CP016402.1_results/PROKKA_06292018:CP016402.1_60 (length 300)
plasmid_files/CP016402.1_results/PROKKA_06292018:CP016402.1_61 (length 125)
plasmid_files/CP016402.1_results/PROKKA_06292018:CP016402.1_62 (length 109)
plasmid_files/CP016402.1_results/PROKKA_06292018:CP016402.1_63 (length 285)
plasmid_files/CP016402.1_results/PROKKA_06292018:CP016402.1_64 (length 114)
plasmid_files/CP016402.1_results/PROKKA_06292018:CP016402.1_65 (length 878)
plasmid_files/CP016402.1_results/PROKKA_06292018:CP016402.1_66 (length 186)
plasmid_files/CP016402.1_results/PROKKA_06292018:CP016402.1_67 (length 186)
plasmid_files/CP016402.1_results/PROKKA_06292018:CP016402.1_68 (length 92)
plasmid_files/CP016402.1_results/PROKKA_06292018:CP016402.1_69 (length 141)
plasmid_files/CP016402.1_results/PROKKA_06292018:CP016402.1_70 (length 51)
plasmid_files/CP016402.1_results/PROKKA_06292018:CP016402.1_71 (length 98)
plasmid_files/CP016402.1_results/PROKKA_06292018:CP016402.1_72 (length 326)
plasmid_files/CP016402.1_results/PROKKA_06292018:CP016402.1_73 (length 293)
plasmid_files/CP016402.1_results/PROKKA_06292018:CP016402.1_74 (length 125)
plasmid_files/CP016402.1_results/PROKKA_06292018:CP016402.1_75 (length 340)
plasmid_files/CP016402.1_results/PROKKA_06292018:CP016402.1_76 (length 313)

DiscRep_ALL:DISC_INCONSISTENT_MOLINFO_TECH::Molinfo Technique Report (some missing, all same)
DiscRep_SUB:DISC_INCONSISTENT_MOLINFO_TECH::technique (all missing)
DiscRep_SUB:DISC_INCONSISTENT_MOLINFO_TECH::1 Molinfos are missing field technique
plasmid_files/CP016402.1_results/PROKKA_06292018:CP016402.1 (length 57009)

