Discrepancy Report Results

Summary
FATAL: MISSING_PROTEIN_ID:113 proteins have invalid IDs.
DISC_SOURCE_QUALS_ASNDISC:strain (all present, all unique)
DISC_SOURCE_QUALS_ASNDISC:taxname (all present, all unique)
DISC_FEATURE_COUNT:CDS: 113 present
DISC_COUNT_NUCLEOTIDES:1 nucleotide Bioseqs are present
FEATURE_LOCATION_CONFLICT:113 features have inconsistent gene locations.
SUSPECT_PRODUCT_NAMES:1 product_names contain suspect phrase or characters
	May contain database identifier more appropriate in note; remove from product name
		1 features Three or more numbers together
DISC_QUALITY_SCORES:Quality scores are missing on all sequences.
ONCALLER_COMMENT_PRESENT:1 comment descriptors were found (all same)
SHORT_PROT_SEQUENCES:2 protein sequences are shorter than 50 aa.
MISSING_GENOMEASSEMBLY_COMMENTS:1 bioseqs are missing GenomeAssembly structured comments
MOLTYPE_NOT_MRNA:1 molecule types are not set as mRNA.
TECHNIQUE_NOT_TSA:1 technique are not set as TSA
MISSING_STRUCTURED_COMMENT:1 sequences do not include structured comments.
MISSING_PROJECT:114 sequences do not include project.
DISC_INCONSISTENT_MOLINFO_TECH:Molinfo Technique Report (some missing, all same)


Detailed Report

FATAL: DiscRep_ALL:MISSING_PROTEIN_ID::113 proteins have invalid IDs.
plasmid_files/KC405622.1_results/PROKKA_06292018:KC405622.1_1 (length 274)
plasmid_files/KC405622.1_results/PROKKA_06292018:KC405622.1_2 (length 203)
plasmid_files/KC405622.1_results/PROKKA_06292018:KC405622.1_3 (length 401)
plasmid_files/KC405622.1_results/PROKKA_06292018:KC405622.1_4 (length 324)
plasmid_files/KC405622.1_results/PROKKA_06292018:KC405622.1_5 (length 423)
plasmid_files/KC405622.1_results/PROKKA_06292018:KC405622.1_6 (length 143)
plasmid_files/KC405622.1_results/PROKKA_06292018:KC405622.1_7 (length 495)
plasmid_files/KC405622.1_results/PROKKA_06292018:KC405622.1_8 (length 323)
plasmid_files/KC405622.1_results/PROKKA_06292018:KC405622.1_9 (length 223)
plasmid_files/KC405622.1_results/PROKKA_06292018:KC405622.1_10 (length 76)
plasmid_files/KC405622.1_results/PROKKA_06292018:KC405622.1_11 (length 233)
plasmid_files/KC405622.1_results/PROKKA_06292018:KC405622.1_12 (length 73)
plasmid_files/KC405622.1_results/PROKKA_06292018:KC405622.1_13 (length 139)
plasmid_files/KC405622.1_results/PROKKA_06292018:KC405622.1_14 (length 255)
plasmid_files/KC405622.1_results/PROKKA_06292018:KC405622.1_15 (length 142)
plasmid_files/KC405622.1_results/PROKKA_06292018:KC405622.1_16 (length 168)
plasmid_files/KC405622.1_results/PROKKA_06292018:KC405622.1_17 (length 63)
plasmid_files/KC405622.1_results/PROKKA_06292018:KC405622.1_18 (length 84)
plasmid_files/KC405622.1_results/PROKKA_06292018:KC405622.1_19 (length 106)
plasmid_files/KC405622.1_results/PROKKA_06292018:KC405622.1_20 (length 75)
plasmid_files/KC405622.1_results/PROKKA_06292018:KC405622.1_21 (length 76)
plasmid_files/KC405622.1_results/PROKKA_06292018:KC405622.1_22 (length 451)
plasmid_files/KC405622.1_results/PROKKA_06292018:KC405622.1_23 (length 187)
plasmid_files/KC405622.1_results/PROKKA_06292018:KC405622.1_24 (length 180)
plasmid_files/KC405622.1_results/PROKKA_06292018:KC405622.1_25 (length 82)
plasmid_files/KC405622.1_results/PROKKA_06292018:KC405622.1_26 (length 685)
plasmid_files/KC405622.1_results/PROKKA_06292018:KC405622.1_27 (length 143)
plasmid_files/KC405622.1_results/PROKKA_06292018:KC405622.1_28 (length 242)
plasmid_files/KC405622.1_results/PROKKA_06292018:KC405622.1_29 (length 108)
plasmid_files/KC405622.1_results/PROKKA_06292018:KC405622.1_30 (length 124)
plasmid_files/KC405622.1_results/PROKKA_06292018:KC405622.1_31 (length 61)
plasmid_files/KC405622.1_results/PROKKA_06292018:KC405622.1_32 (length 90)
plasmid_files/KC405622.1_results/PROKKA_06292018:KC405622.1_33 (length 116)
plasmid_files/KC405622.1_results/PROKKA_06292018:KC405622.1_34 (length 105)
plasmid_files/KC405622.1_results/PROKKA_06292018:KC405622.1_35 (length 118)
plasmid_files/KC405622.1_results/PROKKA_06292018:KC405622.1_36 (length 70)
plasmid_files/KC405622.1_results/PROKKA_06292018:KC405622.1_37 (length 74)
plasmid_files/KC405622.1_results/PROKKA_06292018:KC405622.1_38 (length 106)
plasmid_files/KC405622.1_results/PROKKA_06292018:KC405622.1_39 (length 92)
plasmid_files/KC405622.1_results/PROKKA_06292018:KC405622.1_40 (length 35)
plasmid_files/KC405622.1_results/PROKKA_06292018:KC405622.1_41 (length 234)
plasmid_files/KC405622.1_results/PROKKA_06292018:KC405622.1_42 (length 124)
plasmid_files/KC405622.1_results/PROKKA_06292018:KC405622.1_43 (length 119)
plasmid_files/KC405622.1_results/PROKKA_06292018:KC405622.1_44 (length 107)
plasmid_files/KC405622.1_results/PROKKA_06292018:KC405622.1_45 (length 242)
plasmid_files/KC405622.1_results/PROKKA_06292018:KC405622.1_46 (length 143)
plasmid_files/KC405622.1_results/PROKKA_06292018:KC405622.1_47 (length 432)
plasmid_files/KC405622.1_results/PROKKA_06292018:KC405622.1_48 (length 215)
plasmid_files/KC405622.1_results/PROKKA_06292018:KC405622.1_49 (length 76)
plasmid_files/KC405622.1_results/PROKKA_06292018:KC405622.1_50 (length 50)
plasmid_files/KC405622.1_results/PROKKA_06292018:KC405622.1_51 (length 86)
plasmid_files/KC405622.1_results/PROKKA_06292018:KC405622.1_52 (length 63)
plasmid_files/KC405622.1_results/PROKKA_06292018:KC405622.1_53 (length 168)
plasmid_files/KC405622.1_results/PROKKA_06292018:KC405622.1_54 (length 259)
plasmid_files/KC405622.1_results/PROKKA_06292018:KC405622.1_55 (length 139)
plasmid_files/KC405622.1_results/PROKKA_06292018:KC405622.1_56 (length 73)
plasmid_files/KC405622.1_results/PROKKA_06292018:KC405622.1_57 (length 225)
plasmid_files/KC405622.1_results/PROKKA_06292018:KC405622.1_58 (length 223)
plasmid_files/KC405622.1_results/PROKKA_06292018:KC405622.1_59 (length 140)
plasmid_files/KC405622.1_results/PROKKA_06292018:KC405622.1_60 (length 423)
plasmid_files/KC405622.1_results/PROKKA_06292018:KC405622.1_61 (length 323)
plasmid_files/KC405622.1_results/PROKKA_06292018:KC405622.1_62 (length 401)
plasmid_files/KC405622.1_results/PROKKA_06292018:KC405622.1_63 (length 164)
plasmid_files/KC405622.1_results/PROKKA_06292018:KC405622.1_64 (length 66)
plasmid_files/KC405622.1_results/PROKKA_06292018:KC405622.1_65 (length 316)
plasmid_files/KC405622.1_results/PROKKA_06292018:KC405622.1_66 (length 203)
plasmid_files/KC405622.1_results/PROKKA_06292018:KC405622.1_67 (length 131)
plasmid_files/KC405622.1_results/PROKKA_06292018:KC405622.1_68 (length 135)
plasmid_files/KC405622.1_results/PROKKA_06292018:KC405622.1_69 (length 326)
plasmid_files/KC405622.1_results/PROKKA_06292018:KC405622.1_70 (length 187)
plasmid_files/KC405622.1_results/PROKKA_06292018:KC405622.1_71 (length 234)
plasmid_files/KC405622.1_results/PROKKA_06292018:KC405622.1_72 (length 113)
plasmid_files/KC405622.1_results/PROKKA_06292018:KC405622.1_73 (length 175)
plasmid_files/KC405622.1_results/PROKKA_06292018:KC405622.1_74 (length 211)
plasmid_files/KC405622.1_results/PROKKA_06292018:KC405622.1_75 (length 300)
plasmid_files/KC405622.1_results/PROKKA_06292018:KC405622.1_76 (length 253)
plasmid_files/KC405622.1_results/PROKKA_06292018:KC405622.1_77 (length 286)
plasmid_files/KC405622.1_results/PROKKA_06292018:KC405622.1_78 (length 988)
plasmid_files/KC405622.1_results/PROKKA_06292018:KC405622.1_79 (length 186)
plasmid_files/KC405622.1_results/PROKKA_06292018:KC405622.1_80 (length 186)
plasmid_files/KC405622.1_results/PROKKA_06292018:KC405622.1_81 (length 92)
plasmid_files/KC405622.1_results/PROKKA_06292018:KC405622.1_82 (length 141)
plasmid_files/KC405622.1_results/PROKKA_06292018:KC405622.1_83 (length 51)
plasmid_files/KC405622.1_results/PROKKA_06292018:KC405622.1_84 (length 98)
plasmid_files/KC405622.1_results/PROKKA_06292018:KC405622.1_85 (length 326)
plasmid_files/KC405622.1_results/PROKKA_06292018:KC405622.1_86 (length 293)
plasmid_files/KC405622.1_results/PROKKA_06292018:KC405622.1_87 (length 326)
plasmid_files/KC405622.1_results/PROKKA_06292018:KC405622.1_88 (length 133)
plasmid_files/KC405622.1_results/PROKKA_06292018:KC405622.1_89 (length 234)
plasmid_files/KC405622.1_results/PROKKA_06292018:KC405622.1_90 (length 407)
plasmid_files/KC405622.1_results/PROKKA_06292018:KC405622.1_91 (length 235)
plasmid_files/KC405622.1_results/PROKKA_06292018:KC405622.1_92 (length 78)
plasmid_files/KC405622.1_results/PROKKA_06292018:KC405622.1_93 (length 120)
plasmid_files/KC405622.1_results/PROKKA_06292018:KC405622.1_94 (length 564)
plasmid_files/KC405622.1_results/PROKKA_06292018:KC405622.1_95 (length 153)
plasmid_files/KC405622.1_results/PROKKA_06292018:KC405622.1_96 (length 91)
plasmid_files/KC405622.1_results/PROKKA_06292018:KC405622.1_97 (length 116)
plasmid_files/KC405622.1_results/PROKKA_06292018:KC405622.1_98 (length 144)
plasmid_files/KC405622.1_results/PROKKA_06292018:KC405622.1_99 (length 334)
plasmid_files/KC405622.1_results/PROKKA_06292018:KC405622.1_100 (length 125)
plasmid_files/KC405622.1_results/PROKKA_06292018:KC405622.1_101 (length 340)
plasmid_files/KC405622.1_results/PROKKA_06292018:KC405622.1_102 (length 520)
plasmid_files/KC405622.1_results/PROKKA_06292018:KC405622.1_103 (length 138)
plasmid_files/KC405622.1_results/PROKKA_06292018:KC405622.1_104 (length 76)
plasmid_files/KC405622.1_results/PROKKA_06292018:KC405622.1_105 (length 215)
plasmid_files/KC405622.1_results/PROKKA_06292018:KC405622.1_106 (length 81)
plasmid_files/KC405622.1_results/PROKKA_06292018:KC405622.1_107 (length 130)
plasmid_files/KC405622.1_results/PROKKA_06292018:KC405622.1_108 (length 173)
plasmid_files/KC405622.1_results/PROKKA_06292018:KC405622.1_109 (length 67)
plasmid_files/KC405622.1_results/PROKKA_06292018:KC405622.1_110 (length 334)
plasmid_files/KC405622.1_results/PROKKA_06292018:KC405622.1_111 (length 259)
plasmid_files/KC405622.1_results/PROKKA_06292018:KC405622.1_112 (length 85)
plasmid_files/KC405622.1_results/PROKKA_06292018:KC405622.1_113 (length 31)

DiscRep_ALL:DISC_SOURCE_QUALS_ASNDISC::strain (all present, all unique)
DiscRep_SUB:DISC_SOURCE_QUALS_ASNDISC::1 sources have unique values for strain
DiscRep_ALL:DISC_SOURCE_QUALS_ASNDISC::taxname (all present, all unique)
DiscRep_SUB:DISC_SOURCE_QUALS_ASNDISC::1 sources have unique values for taxname
DiscRep_ALL:DISC_FEATURE_COUNT::CDS: 113 present
DiscRep_ALL:DISC_COUNT_NUCLEOTIDES::1 nucleotide Bioseqs are present
plasmid_files/KC405622.1_results/PROKKA_06292018:KC405622.1 (length 86518)

DiscRep_ALL:FEATURE_LOCATION_CONFLICT::113 features have inconsistent gene locations.
DiscRep_SUB:FEATURE_LOCATION_CONFLICT::Coding region xref gene does not exist
plasmid_files/KC405622.1_results/PROKKA_06292018:CDS	Replication initiation protein	KC405622.1:10-834	OLIBMADL_00001

DiscRep_SUB:FEATURE_LOCATION_CONFLICT::Coding region xref gene does not exist
plasmid_files/KC405622.1_results/PROKKA_06292018:CDS	hypothetical protein	KC405622.1:c1523-912	OLIBMADL_00002

DiscRep_SUB:FEATURE_LOCATION_CONFLICT::Coding region xref gene does not exist
plasmid_files/KC405622.1_results/PROKKA_06292018:CDS	Plasmid partition protein A	KC405622.1:1937-3142	OLIBMADL_00003

DiscRep_SUB:FEATURE_LOCATION_CONFLICT::Coding region xref gene does not exist
plasmid_files/KC405622.1_results/PROKKA_06292018:CDS	Virulence regulon transcriptional activator VirB	KC405622.1:3142-4116	OLIBMADL_00004

DiscRep_SUB:FEATURE_LOCATION_CONFLICT::Coding region xref gene does not exist
plasmid_files/KC405622.1_results/PROKKA_06292018:CDS	Protein UmuC	KC405622.1:c5469-4198	OLIBMADL_00005

DiscRep_SUB:FEATURE_LOCATION_CONFLICT::Coding region xref gene does not exist
plasmid_files/KC405622.1_results/PROKKA_06292018:CDS	Protein UmuD	KC405622.1:c5900-5469	OLIBMADL_00006

DiscRep_SUB:FEATURE_LOCATION_CONFLICT::Coding region xref gene does not exist
plasmid_files/KC405622.1_results/PROKKA_06292018:CDS	Group II intron-encoded protein LtrA	KC405622.1:6307-7794	OLIBMADL_00007

DiscRep_SUB:FEATURE_LOCATION_CONFLICT::Coding region xref gene does not exist
plasmid_files/KC405622.1_results/PROKKA_06292018:CDS	Plasmid segregation protein ParM	KC405622.1:8043-9014	OLIBMADL_00008

DiscRep_SUB:FEATURE_LOCATION_CONFLICT::Coding region xref gene does not exist
plasmid_files/KC405622.1_results/PROKKA_06292018:CDS	hypothetical protein	KC405622.1:9017-9688	OLIBMADL_00009

DiscRep_SUB:FEATURE_LOCATION_CONFLICT::Coding region xref gene does not exist
plasmid_files/KC405622.1_results/PROKKA_06292018:CDS	hypothetical protein	KC405622.1:9751-9981	OLIBMADL_00010

DiscRep_SUB:FEATURE_LOCATION_CONFLICT::Coding region xref gene does not exist
plasmid_files/KC405622.1_results/PROKKA_06292018:CDS	DNA adenine methyltransferase YhdJ	KC405622.1:10418-11119	OLIBMADL_00011

DiscRep_SUB:FEATURE_LOCATION_CONFLICT::Coding region xref gene does not exist
plasmid_files/KC405622.1_results/PROKKA_06292018:CDS	hypothetical protein	KC405622.1:11119-11340	OLIBMADL_00012

DiscRep_SUB:FEATURE_LOCATION_CONFLICT::Coding region xref gene does not exist
plasmid_files/KC405622.1_results/PROKKA_06292018:CDS	hypothetical protein	KC405622.1:11350-11769	OLIBMADL_00013

DiscRep_SUB:FEATURE_LOCATION_CONFLICT::Coding region xref gene does not exist
plasmid_files/KC405622.1_results/PROKKA_06292018:CDS	hypothetical protein	KC405622.1:11823-12590	OLIBMADL_00014

DiscRep_SUB:FEATURE_LOCATION_CONFLICT::Coding region xref gene does not exist
plasmid_files/KC405622.1_results/PROKKA_06292018:CDS	Antirestriction protein KlcA	KC405622.1:13271-13699	OLIBMADL_00015

DiscRep_SUB:FEATURE_LOCATION_CONFLICT::Coding region xref gene does not exist
plasmid_files/KC405622.1_results/PROKKA_06292018:CDS	hypothetical protein	KC405622.1:13742-14248	OLIBMADL_00016

DiscRep_SUB:FEATURE_LOCATION_CONFLICT::Coding region xref gene does not exist
plasmid_files/KC405622.1_results/PROKKA_06292018:CDS	hypothetical protein	KC405622.1:14291-14482	OLIBMADL_00017

DiscRep_SUB:FEATURE_LOCATION_CONFLICT::Coding region xref gene does not exist
plasmid_files/KC405622.1_results/PROKKA_06292018:CDS	DNA polymerase III subunit theta	KC405622.1:14670-14924	OLIBMADL_00018

DiscRep_SUB:FEATURE_LOCATION_CONFLICT::Coding region xref gene does not exist
plasmid_files/KC405622.1_results/PROKKA_06292018:CDS	hypothetical protein	KC405622.1:14959-15279	OLIBMADL_00019

DiscRep_SUB:FEATURE_LOCATION_CONFLICT::Coding region xref gene does not exist
plasmid_files/KC405622.1_results/PROKKA_06292018:CDS	hypothetical protein	KC405622.1:15961-16188	OLIBMADL_00020

DiscRep_SUB:FEATURE_LOCATION_CONFLICT::Coding region xref gene does not exist
plasmid_files/KC405622.1_results/PROKKA_06292018:CDS	hypothetical protein	KC405622.1:16280-16510	OLIBMADL_00021

DiscRep_SUB:FEATURE_LOCATION_CONFLICT::Coding region xref gene does not exist
plasmid_files/KC405622.1_results/PROKKA_06292018:CDS	hypothetical protein	KC405622.1:16562-17917	OLIBMADL_00022

DiscRep_SUB:FEATURE_LOCATION_CONFLICT::Coding region xref gene does not exist
plasmid_files/KC405622.1_results/PROKKA_06292018:CDS	hypothetical protein	KC405622.1:17965-18528	OLIBMADL_00023

DiscRep_SUB:FEATURE_LOCATION_CONFLICT::Coding region xref gene does not exist
plasmid_files/KC405622.1_results/PROKKA_06292018:CDS	Plasmid-derived single-stranded DNA-binding protein	KC405622.1:19362-19904	OLIBMADL_00024

DiscRep_SUB:FEATURE_LOCATION_CONFLICT::Coding region xref gene does not exist
plasmid_files/KC405622.1_results/PROKKA_06292018:CDS	hypothetical protein	KC405622.1:19953-20201	OLIBMADL_00025

DiscRep_SUB:FEATURE_LOCATION_CONFLICT::Coding region xref gene does not exist
plasmid_files/KC405622.1_results/PROKKA_06292018:CDS	Chromosome-partitioning protein Spo0J	KC405622.1:20271-22328	OLIBMADL_00026

DiscRep_SUB:FEATURE_LOCATION_CONFLICT::Coding region xref gene does not exist
plasmid_files/KC405622.1_results/PROKKA_06292018:CDS	Protein PsiB	KC405622.1:22373-22804	OLIBMADL_00027

DiscRep_SUB:FEATURE_LOCATION_CONFLICT::Coding region xref gene does not exist
plasmid_files/KC405622.1_results/PROKKA_06292018:CDS	hypothetical protein	KC405622.1:22801-23529	OLIBMADL_00028

DiscRep_SUB:FEATURE_LOCATION_CONFLICT::Coding region xref gene does not exist
plasmid_files/KC405622.1_results/PROKKA_06292018:CDS	hypothetical protein	KC405622.1:23526-23852	OLIBMADL_00029

DiscRep_SUB:FEATURE_LOCATION_CONFLICT::Coding region xref gene does not exist
plasmid_files/KC405622.1_results/PROKKA_06292018:CDS	hypothetical protein	KC405622.1:23908-24282	OLIBMADL_00030

DiscRep_SUB:FEATURE_LOCATION_CONFLICT::Coding region xref gene does not exist
plasmid_files/KC405622.1_results/PROKKA_06292018:CDS	Stable plasmid inheritance protein	KC405622.1:24483-24668	OLIBMADL_00031

DiscRep_SUB:FEATURE_LOCATION_CONFLICT::Coding region xref gene does not exist
plasmid_files/KC405622.1_results/PROKKA_06292018:CDS	hypothetical protein	KC405622.1:25359-25631	OLIBMADL_00032

DiscRep_SUB:FEATURE_LOCATION_CONFLICT::Coding region xref gene does not exist
plasmid_files/KC405622.1_results/PROKKA_06292018:CDS	hypothetical protein	KC405622.1:25628-25978	OLIBMADL_00033

DiscRep_SUB:FEATURE_LOCATION_CONFLICT::Coding region xref gene does not exist
plasmid_files/KC405622.1_results/PROKKA_06292018:CDS	hypothetical protein	KC405622.1:25993-26310	OLIBMADL_00034

DiscRep_SUB:FEATURE_LOCATION_CONFLICT::Coding region xref gene does not exist
plasmid_files/KC405622.1_results/PROKKA_06292018:CDS	hypothetical protein	KC405622.1:27151-27507	OLIBMADL_00035

DiscRep_SUB:FEATURE_LOCATION_CONFLICT::Coding region xref gene does not exist
plasmid_files/KC405622.1_results/PROKKA_06292018:CDS	hypothetical protein	KC405622.1:27568-27780	OLIBMADL_00036

DiscRep_SUB:FEATURE_LOCATION_CONFLICT::Coding region xref gene does not exist
plasmid_files/KC405622.1_results/PROKKA_06292018:CDS	hypothetical protein	KC405622.1:27791-28015	OLIBMADL_00037

DiscRep_SUB:FEATURE_LOCATION_CONFLICT::Coding region xref gene does not exist
plasmid_files/KC405622.1_results/PROKKA_06292018:CDS	hypothetical protein	KC405622.1:28096-28416	OLIBMADL_00038

DiscRep_SUB:FEATURE_LOCATION_CONFLICT::Coding region xref gene does not exist
plasmid_files/KC405622.1_results/PROKKA_06292018:CDS	Antitoxin HigA1	KC405622.1:28406-28684	OLIBMADL_00039

DiscRep_SUB:FEATURE_LOCATION_CONFLICT::Coding region xref gene does not exist
plasmid_files/KC405622.1_results/PROKKA_06292018:CDS	Antitoxin HigA	KC405622.1:28685-28792	OLIBMADL_00040

DiscRep_SUB:FEATURE_LOCATION_CONFLICT::Coding region xref gene does not exist
plasmid_files/KC405622.1_results/PROKKA_06292018:CDS	hypothetical protein	KC405622.1:c30300-29596	OLIBMADL_00041

DiscRep_SUB:FEATURE_LOCATION_CONFLICT::Coding region xref gene does not exist
plasmid_files/KC405622.1_results/PROKKA_06292018:CDS	hypothetical protein	KC405622.1:c30801-30427	OLIBMADL_00042

DiscRep_SUB:FEATURE_LOCATION_CONFLICT::Coding region xref gene does not exist
plasmid_files/KC405622.1_results/PROKKA_06292018:CDS	hypothetical protein	KC405622.1:c31786-31427	OLIBMADL_00043

DiscRep_SUB:FEATURE_LOCATION_CONFLICT::Coding region xref gene does not exist
plasmid_files/KC405622.1_results/PROKKA_06292018:CDS	hypothetical protein	KC405622.1:c32171-31848	OLIBMADL_00044

DiscRep_SUB:FEATURE_LOCATION_CONFLICT::Coding region xref gene does not exist
plasmid_files/KC405622.1_results/PROKKA_06292018:CDS	hypothetical protein	KC405622.1:c32896-32168	OLIBMADL_00045

DiscRep_SUB:FEATURE_LOCATION_CONFLICT::Coding region xref gene does not exist
plasmid_files/KC405622.1_results/PROKKA_06292018:CDS	Protein PsiB	KC405622.1:c33324-32893	OLIBMADL_00046

DiscRep_SUB:FEATURE_LOCATION_CONFLICT::Coding region xref gene does not exist
plasmid_files/KC405622.1_results/PROKKA_06292018:CDS	hypothetical protein	KC405622.1:c34665-33367	OLIBMADL_00047

DiscRep_SUB:FEATURE_LOCATION_CONFLICT::Coding region xref gene does not exist
plasmid_files/KC405622.1_results/PROKKA_06292018:CDS	Chromosome-partitioning protein Spo0J	KC405622.1:c35361-34714	OLIBMADL_00048

DiscRep_SUB:FEATURE_LOCATION_CONFLICT::Coding region xref gene does not exist
plasmid_files/KC405622.1_results/PROKKA_06292018:CDS	hypothetical protein	KC405622.1:c35675-35445	OLIBMADL_00049

DiscRep_SUB:FEATURE_LOCATION_CONFLICT::Coding region xref gene does not exist
plasmid_files/KC405622.1_results/PROKKA_06292018:CDS	hypothetical protein	KC405622.1:c36618-36466	OLIBMADL_00050

DiscRep_SUB:FEATURE_LOCATION_CONFLICT::Coding region xref gene does not exist
plasmid_files/KC405622.1_results/PROKKA_06292018:CDS	DNA polymerase III subunit theta	KC405622.1:c36913-36653	OLIBMADL_00051

DiscRep_SUB:FEATURE_LOCATION_CONFLICT::Coding region xref gene does not exist
plasmid_files/KC405622.1_results/PROKKA_06292018:CDS	hypothetical protein	KC405622.1:c37291-37100	OLIBMADL_00052

DiscRep_SUB:FEATURE_LOCATION_CONFLICT::Coding region xref gene does not exist
plasmid_files/KC405622.1_results/PROKKA_06292018:CDS	hypothetical protein	KC405622.1:c37840-37334	OLIBMADL_00053

DiscRep_SUB:FEATURE_LOCATION_CONFLICT::Coding region xref gene does not exist
plasmid_files/KC405622.1_results/PROKKA_06292018:CDS	hypothetical protein	KC405622.1:c39024-38245	OLIBMADL_00054

DiscRep_SUB:FEATURE_LOCATION_CONFLICT::Coding region xref gene does not exist
plasmid_files/KC405622.1_results/PROKKA_06292018:CDS	hypothetical protein	KC405622.1:c39497-39078	OLIBMADL_00055

DiscRep_SUB:FEATURE_LOCATION_CONFLICT::Coding region xref gene does not exist
plasmid_files/KC405622.1_results/PROKKA_06292018:CDS	hypothetical protein	KC405622.1:c39729-39508	OLIBMADL_00056

DiscRep_SUB:FEATURE_LOCATION_CONFLICT::Coding region xref gene does not exist
plasmid_files/KC405622.1_results/PROKKA_06292018:CDS	DNA adenine methyltransferase YhdJ	KC405622.1:c40406-39729	OLIBMADL_00057

DiscRep_SUB:FEATURE_LOCATION_CONFLICT::Coding region xref gene does not exist
plasmid_files/KC405622.1_results/PROKKA_06292018:CDS	Putative SOS response-associated peptidase YedK	KC405622.1:40765-41436	OLIBMADL_00058

DiscRep_SUB:FEATURE_LOCATION_CONFLICT::Coding region xref gene does not exist
plasmid_files/KC405622.1_results/PROKKA_06292018:CDS	Protein UmuD	KC405622.1:41616-42038	OLIBMADL_00059

DiscRep_SUB:FEATURE_LOCATION_CONFLICT::Coding region xref gene does not exist
plasmid_files/KC405622.1_results/PROKKA_06292018:CDS	Protein UmuC	KC405622.1:42038-43309	OLIBMADL_00060

DiscRep_SUB:FEATURE_LOCATION_CONFLICT::Coding region xref gene does not exist
plasmid_files/KC405622.1_results/PROKKA_06292018:CDS	Virulence regulon transcriptional activator VirB	KC405622.1:c44416-43445	OLIBMADL_00061

DiscRep_SUB:FEATURE_LOCATION_CONFLICT::Coding region xref gene does not exist
plasmid_files/KC405622.1_results/PROKKA_06292018:CDS	Plasmid partition protein A	KC405622.1:c45618-44413	OLIBMADL_00062

DiscRep_SUB:FEATURE_LOCATION_CONFLICT::Coding region xref gene does not exist
plasmid_files/KC405622.1_results/PROKKA_06292018:CDS	Putative transposon Tn552 DNA-invertase bin3	KC405622.1:46118-46612	OLIBMADL_00063

DiscRep_SUB:FEATURE_LOCATION_CONFLICT::Coding region xref gene does not exist
plasmid_files/KC405622.1_results/PROKKA_06292018:CDS	hypothetical protein	KC405622.1:46666-46866	OLIBMADL_00064

DiscRep_SUB:FEATURE_LOCATION_CONFLICT::Coding region xref gene does not exist
plasmid_files/KC405622.1_results/PROKKA_06292018:CDS	Recombination-promoting nuclease RpnA	KC405622.1:47013-47963	OLIBMADL_00065

DiscRep_SUB:FEATURE_LOCATION_CONFLICT::Coding region xref gene does not exist
plasmid_files/KC405622.1_results/PROKKA_06292018:CDS	hypothetical protein	KC405622.1:c48571-47960	OLIBMADL_00066

DiscRep_SUB:FEATURE_LOCATION_CONFLICT::Coding region xref gene does not exist
plasmid_files/KC405622.1_results/PROKKA_06292018:CDS	hypothetical protein	KC405622.1:c48963-48568	OLIBMADL_00067

DiscRep_SUB:FEATURE_LOCATION_CONFLICT::Coding region xref gene does not exist
plasmid_files/KC405622.1_results/PROKKA_06292018:CDS	Ribonuclease T	KC405622.1:c49423-49016	OLIBMADL_00068

DiscRep_SUB:FEATURE_LOCATION_CONFLICT::Coding region xref gene does not exist
plasmid_files/KC405622.1_results/PROKKA_06292018:CDS	hypothetical protein	KC405622.1:49477-50457	OLIBMADL_00069

DiscRep_SUB:FEATURE_LOCATION_CONFLICT::Coding region xref gene does not exist
plasmid_files/KC405622.1_results/PROKKA_06292018:CDS	Heat shock protein C	KC405622.1:51102-51665	OLIBMADL_00070

DiscRep_SUB:FEATURE_LOCATION_CONFLICT::Coding region xref gene does not exist
plasmid_files/KC405622.1_results/PROKKA_06292018:CDS	hypothetical protein	KC405622.1:52134-52838	OLIBMADL_00071

DiscRep_SUB:FEATURE_LOCATION_CONFLICT::Coding region xref gene does not exist
plasmid_files/KC405622.1_results/PROKKA_06292018:CDS	3-oxo-tetronate 4-phosphate decarboxylase	KC405622.1:c53213-52872	OLIBMADL_00072

DiscRep_SUB:FEATURE_LOCATION_CONFLICT::Coding region xref gene does not exist
plasmid_files/KC405622.1_results/PROKKA_06292018:CDS	3-oxo-tetronate kinase	KC405622.1:c53733-53206	OLIBMADL_00073

DiscRep_SUB:FEATURE_LOCATION_CONFLICT::Coding region xref gene does not exist
plasmid_files/KC405622.1_results/PROKKA_06292018:CDS	3-oxo-tetronate kinase	KC405622.1:c54462-53827	OLIBMADL_00074

DiscRep_SUB:FEATURE_LOCATION_CONFLICT::Coding region xref gene does not exist
plasmid_files/KC405622.1_results/PROKKA_06292018:CDS	L-threonate dehydrogenase	KC405622.1:c55376-54474	OLIBMADL_00075

DiscRep_SUB:FEATURE_LOCATION_CONFLICT::Coding region xref gene does not exist
plasmid_files/KC405622.1_results/PROKKA_06292018:CDS	Glycerol-3-phosphate regulon repressor	KC405622.1:55637-56398	OLIBMADL_00076

DiscRep_SUB:FEATURE_LOCATION_CONFLICT::Coding region xref gene does not exist
plasmid_files/KC405622.1_results/PROKKA_06292018:CDS	Beta-lactamase SHV-1	KC405622.1:c57279-56419	OLIBMADL_00077

DiscRep_SUB:FEATURE_LOCATION_CONFLICT::Coding region xref gene does not exist
plasmid_files/KC405622.1_results/PROKKA_06292018:CDS	hypothetical protein	KC405622.1:c60486-57520	OLIBMADL_00078

DiscRep_SUB:FEATURE_LOCATION_CONFLICT::Coding region xref gene does not exist
plasmid_files/KC405622.1_results/PROKKA_06292018:CDS	DNA-invertase hin	KC405622.1:c61050-60490	OLIBMADL_00079

DiscRep_SUB:FEATURE_LOCATION_CONFLICT::Coding region xref gene does not exist
plasmid_files/KC405622.1_results/PROKKA_06292018:CDS	hypothetical protein	KC405622.1:61499-62059	OLIBMADL_00080

DiscRep_SUB:FEATURE_LOCATION_CONFLICT::Coding region xref gene does not exist
plasmid_files/KC405622.1_results/PROKKA_06292018:CDS	hypothetical protein	KC405622.1:62593-62871	OLIBMADL_00081

DiscRep_SUB:FEATURE_LOCATION_CONFLICT::Coding region xref gene does not exist
plasmid_files/KC405622.1_results/PROKKA_06292018:CDS	Antirestriction protein KlcA	KC405622.1:62982-63407	OLIBMADL_00082

DiscRep_SUB:FEATURE_LOCATION_CONFLICT::Coding region xref gene does not exist
plasmid_files/KC405622.1_results/PROKKA_06292018:CDS	hypothetical protein	KC405622.1:63535-63690	OLIBMADL_00083

DiscRep_SUB:FEATURE_LOCATION_CONFLICT::Coding region xref gene does not exist
plasmid_files/KC405622.1_results/PROKKA_06292018:CDS	hypothetical protein	KC405622.1:63736-64032	OLIBMADL_00084

DiscRep_SUB:FEATURE_LOCATION_CONFLICT::Coding region xref gene does not exist
plasmid_files/KC405622.1_results/PROKKA_06292018:CDS	hypothetical protein	KC405622.1:64037-65017	OLIBMADL_00085

DiscRep_SUB:FEATURE_LOCATION_CONFLICT::Coding region xref gene does not exist
plasmid_files/KC405622.1_results/PROKKA_06292018:CDS	Carbapenem-hydrolyzing beta-lactamase KPC	KC405622.1:c66148-65267	OLIBMADL_00086

DiscRep_SUB:FEATURE_LOCATION_CONFLICT::Coding region xref gene does not exist
plasmid_files/KC405622.1_results/PROKKA_06292018:CDS	hypothetical protein	KC405622.1:c67404-66424	OLIBMADL_00087

DiscRep_SUB:FEATURE_LOCATION_CONFLICT::Coding region xref gene does not exist
plasmid_files/KC405622.1_results/PROKKA_06292018:CDS	Transposon Tn3 resolvase	KC405622.1:c67928-67527	OLIBMADL_00088

DiscRep_SUB:FEATURE_LOCATION_CONFLICT::Coding region xref gene does not exist
plasmid_files/KC405622.1_results/PROKKA_06292018:CDS	hypothetical protein	KC405622.1:c68744-68040	OLIBMADL_00089

DiscRep_SUB:FEATURE_LOCATION_CONFLICT::Coding region xref gene does not exist
plasmid_files/KC405622.1_results/PROKKA_06292018:CDS	Transposon Tn7 transposition protein TnsB	KC405622.1:c69979-68756	OLIBMADL_00090

DiscRep_SUB:FEATURE_LOCATION_CONFLICT::Coding region xref gene does not exist
plasmid_files/KC405622.1_results/PROKKA_06292018:CDS	putative signaling protein	KC405622.1:c70761-70054	OLIBMADL_00091

DiscRep_SUB:FEATURE_LOCATION_CONFLICT::Coding region xref gene does not exist
plasmid_files/KC405622.1_results/PROKKA_06292018:CDS	hypothetical protein	KC405622.1:c70994-70758	OLIBMADL_00092

DiscRep_SUB:FEATURE_LOCATION_CONFLICT::Coding region xref gene does not exist
plasmid_files/KC405622.1_results/PROKKA_06292018:CDS	HTH-type transcriptional activator mta	KC405622.1:c71353-70991	OLIBMADL_00093

DiscRep_SUB:FEATURE_LOCATION_CONFLICT::Coding region xref gene does not exist
plasmid_files/KC405622.1_results/PROKKA_06292018:CDS	Mercuric reductase	KC405622.1:c73065-71371	OLIBMADL_00094

DiscRep_SUB:FEATURE_LOCATION_CONFLICT::Coding region xref gene does not exist
plasmid_files/KC405622.1_results/PROKKA_06292018:CDS	Mercuric transport protein MerC	KC405622.1:c73578-73117	OLIBMADL_00095

DiscRep_SUB:FEATURE_LOCATION_CONFLICT::Coding region xref gene does not exist
plasmid_files/KC405622.1_results/PROKKA_06292018:CDS	Mercuric transport protein periplasmic component	KC405622.1:c73850-73575	OLIBMADL_00096

DiscRep_SUB:FEATURE_LOCATION_CONFLICT::Coding region xref gene does not exist
plasmid_files/KC405622.1_results/PROKKA_06292018:CDS	Mercuric transport protein MerT	KC405622.1:c74214-73864	OLIBMADL_00097

DiscRep_SUB:FEATURE_LOCATION_CONFLICT::Coding region xref gene does not exist
plasmid_files/KC405622.1_results/PROKKA_06292018:CDS	Mercuric resistance operon regulatory protein	KC405622.1:74286-74720	OLIBMADL_00098

DiscRep_SUB:FEATURE_LOCATION_CONFLICT::Coding region xref gene does not exist
plasmid_files/KC405622.1_results/PROKKA_06292018:CDS	hypothetical protein	KC405622.1:74799-75803	OLIBMADL_00099

DiscRep_SUB:FEATURE_LOCATION_CONFLICT::Coding region xref gene does not exist
plasmid_files/KC405622.1_results/PROKKA_06292018:CDS	hypothetical protein	KC405622.1:c76761-76384	OLIBMADL_00100

DiscRep_SUB:FEATURE_LOCATION_CONFLICT::Coding region xref gene does not exist
plasmid_files/KC405622.1_results/PROKKA_06292018:CDS	hypothetical protein	KC405622.1:c78359-77337	OLIBMADL_00101

DiscRep_SUB:FEATURE_LOCATION_CONFLICT::Coding region xref gene does not exist
plasmid_files/KC405622.1_results/PROKKA_06292018:CDS	DNA replication and repair protein RecF	KC405622.1:c79906-78344	OLIBMADL_00102

DiscRep_SUB:FEATURE_LOCATION_CONFLICT::Coding region xref gene does not exist
plasmid_files/KC405622.1_results/PROKKA_06292018:CDS	tRNA(fMet)-specific endonuclease VapC	KC405622.1:c80396-79980	OLIBMADL_00103

DiscRep_SUB:FEATURE_LOCATION_CONFLICT::Coding region xref gene does not exist
plasmid_files/KC405622.1_results/PROKKA_06292018:CDS	Antitoxin VapB	KC405622.1:c80623-80393	OLIBMADL_00104

DiscRep_SUB:FEATURE_LOCATION_CONFLICT::Coding region xref gene does not exist
plasmid_files/KC405622.1_results/PROKKA_06292018:CDS	hypothetical protein	KC405622.1:81202-81849	OLIBMADL_00105

DiscRep_SUB:FEATURE_LOCATION_CONFLICT::Coding region xref gene does not exist
plasmid_files/KC405622.1_results/PROKKA_06292018:CDS	hypothetical protein	KC405622.1:81900-82145	OLIBMADL_00106

DiscRep_SUB:FEATURE_LOCATION_CONFLICT::Coding region xref gene does not exist
plasmid_files/KC405622.1_results/PROKKA_06292018:CDS	hypothetical protein	KC405622.1:82182-82574	OLIBMADL_00107

DiscRep_SUB:FEATURE_LOCATION_CONFLICT::Coding region xref gene does not exist
plasmid_files/KC405622.1_results/PROKKA_06292018:CDS	hypothetical protein	KC405622.1:82632-83153	OLIBMADL_00108

DiscRep_SUB:FEATURE_LOCATION_CONFLICT::Coding region xref gene does not exist
plasmid_files/KC405622.1_results/PROKKA_06292018:CDS	hypothetical protein	KC405622.1:83199-83402	OLIBMADL_00109

DiscRep_SUB:FEATURE_LOCATION_CONFLICT::Coding region xref gene does not exist
plasmid_files/KC405622.1_results/PROKKA_06292018:CDS	hypothetical protein	KC405622.1:83432-84436	OLIBMADL_00110

DiscRep_SUB:FEATURE_LOCATION_CONFLICT::Coding region xref gene does not exist
plasmid_files/KC405622.1_results/PROKKA_06292018:CDS	Tyrosine recombinase XerD	KC405622.1:84620-85399	OLIBMADL_00111

DiscRep_SUB:FEATURE_LOCATION_CONFLICT::Coding region xref gene does not exist
plasmid_files/KC405622.1_results/PROKKA_06292018:CDS	hypothetical protein	KC405622.1:c85702-85445	OLIBMADL_00112

DiscRep_SUB:FEATURE_LOCATION_CONFLICT::Coding region xref gene does not exist
plasmid_files/KC405622.1_results/PROKKA_06292018:CDS	hypothetical protein	KC405622.1:c85926-85831	OLIBMADL_00113

DiscRep_ALL:SUSPECT_PRODUCT_NAMES::1 product_names contain suspect phrase or characters
DiscRep_SUB:SUSPECT_PRODUCT_NAMES::May contain database identifier more appropriate in note; remove from product name
DiscRep_SUB:SUSPECT_PRODUCT_NAMES::1 features Three or more numbers together
plasmid_files/KC405622.1_results/PROKKA_06292018:CDS	Putative transposon Tn552 DNA-invertase bin3	KC405622.1:46118-46612	OLIBMADL_00063

DiscRep_ALL:DISC_QUALITY_SCORES::Quality scores are missing on all sequences.

DiscRep_ALL:ONCALLER_COMMENT_PRESENT::1 comment descriptors were found (all same)
plasmid_files/KC405622.1_results/PROKKA_06292018:KC405622.1:Annotated using prokka 1.14-dev from https://github.com/tseemann/prokka

DiscRep_ALL:SHORT_PROT_SEQUENCES::2 protein sequences are shorter than 50 aa.
plasmid_files/KC405622.1_results/PROKKA_06292018:KC405622.1_40 (length 35)
plasmid_files/KC405622.1_results/PROKKA_06292018:KC405622.1_113 (length 31)

DiscRep_ALL:MISSING_GENOMEASSEMBLY_COMMENTS::1 bioseqs are missing GenomeAssembly structured comments
plasmid_files/KC405622.1_results/PROKKA_06292018:KC405622.1 (length 86518)

DiscRep_ALL:MOLTYPE_NOT_MRNA::1 molecule types are not set as mRNA.
plasmid_files/KC405622.1_results/PROKKA_06292018:KC405622.1 (length 86518)

DiscRep_ALL:TECHNIQUE_NOT_TSA::1 technique are not set as TSA
plasmid_files/KC405622.1_results/PROKKA_06292018:KC405622.1 (length 86518)

DiscRep_ALL:MISSING_STRUCTURED_COMMENT::1 sequences do not include structured comments.
plasmid_files/KC405622.1_results/PROKKA_06292018:KC405622.1 (length 86518)

DiscRep_ALL:MISSING_PROJECT::114 sequences do not include project.
plasmid_files/KC405622.1_results/PROKKA_06292018:KC405622.1 (length 86518)
plasmid_files/KC405622.1_results/PROKKA_06292018:KC405622.1_1 (length 274)
plasmid_files/KC405622.1_results/PROKKA_06292018:KC405622.1_2 (length 203)
plasmid_files/KC405622.1_results/PROKKA_06292018:KC405622.1_3 (length 401)
plasmid_files/KC405622.1_results/PROKKA_06292018:KC405622.1_4 (length 324)
plasmid_files/KC405622.1_results/PROKKA_06292018:KC405622.1_5 (length 423)
plasmid_files/KC405622.1_results/PROKKA_06292018:KC405622.1_6 (length 143)
plasmid_files/KC405622.1_results/PROKKA_06292018:KC405622.1_7 (length 495)
plasmid_files/KC405622.1_results/PROKKA_06292018:KC405622.1_8 (length 323)
plasmid_files/KC405622.1_results/PROKKA_06292018:KC405622.1_9 (length 223)
plasmid_files/KC405622.1_results/PROKKA_06292018:KC405622.1_10 (length 76)
plasmid_files/KC405622.1_results/PROKKA_06292018:KC405622.1_11 (length 233)
plasmid_files/KC405622.1_results/PROKKA_06292018:KC405622.1_12 (length 73)
plasmid_files/KC405622.1_results/PROKKA_06292018:KC405622.1_13 (length 139)
plasmid_files/KC405622.1_results/PROKKA_06292018:KC405622.1_14 (length 255)
plasmid_files/KC405622.1_results/PROKKA_06292018:KC405622.1_15 (length 142)
plasmid_files/KC405622.1_results/PROKKA_06292018:KC405622.1_16 (length 168)
plasmid_files/KC405622.1_results/PROKKA_06292018:KC405622.1_17 (length 63)
plasmid_files/KC405622.1_results/PROKKA_06292018:KC405622.1_18 (length 84)
plasmid_files/KC405622.1_results/PROKKA_06292018:KC405622.1_19 (length 106)
plasmid_files/KC405622.1_results/PROKKA_06292018:KC405622.1_20 (length 75)
plasmid_files/KC405622.1_results/PROKKA_06292018:KC405622.1_21 (length 76)
plasmid_files/KC405622.1_results/PROKKA_06292018:KC405622.1_22 (length 451)
plasmid_files/KC405622.1_results/PROKKA_06292018:KC405622.1_23 (length 187)
plasmid_files/KC405622.1_results/PROKKA_06292018:KC405622.1_24 (length 180)
plasmid_files/KC405622.1_results/PROKKA_06292018:KC405622.1_25 (length 82)
plasmid_files/KC405622.1_results/PROKKA_06292018:KC405622.1_26 (length 685)
plasmid_files/KC405622.1_results/PROKKA_06292018:KC405622.1_27 (length 143)
plasmid_files/KC405622.1_results/PROKKA_06292018:KC405622.1_28 (length 242)
plasmid_files/KC405622.1_results/PROKKA_06292018:KC405622.1_29 (length 108)
plasmid_files/KC405622.1_results/PROKKA_06292018:KC405622.1_30 (length 124)
plasmid_files/KC405622.1_results/PROKKA_06292018:KC405622.1_31 (length 61)
plasmid_files/KC405622.1_results/PROKKA_06292018:KC405622.1_32 (length 90)
plasmid_files/KC405622.1_results/PROKKA_06292018:KC405622.1_33 (length 116)
plasmid_files/KC405622.1_results/PROKKA_06292018:KC405622.1_34 (length 105)
plasmid_files/KC405622.1_results/PROKKA_06292018:KC405622.1_35 (length 118)
plasmid_files/KC405622.1_results/PROKKA_06292018:KC405622.1_36 (length 70)
plasmid_files/KC405622.1_results/PROKKA_06292018:KC405622.1_37 (length 74)
plasmid_files/KC405622.1_results/PROKKA_06292018:KC405622.1_38 (length 106)
plasmid_files/KC405622.1_results/PROKKA_06292018:KC405622.1_39 (length 92)
plasmid_files/KC405622.1_results/PROKKA_06292018:KC405622.1_40 (length 35)
plasmid_files/KC405622.1_results/PROKKA_06292018:KC405622.1_41 (length 234)
plasmid_files/KC405622.1_results/PROKKA_06292018:KC405622.1_42 (length 124)
plasmid_files/KC405622.1_results/PROKKA_06292018:KC405622.1_43 (length 119)
plasmid_files/KC405622.1_results/PROKKA_06292018:KC405622.1_44 (length 107)
plasmid_files/KC405622.1_results/PROKKA_06292018:KC405622.1_45 (length 242)
plasmid_files/KC405622.1_results/PROKKA_06292018:KC405622.1_46 (length 143)
plasmid_files/KC405622.1_results/PROKKA_06292018:KC405622.1_47 (length 432)
plasmid_files/KC405622.1_results/PROKKA_06292018:KC405622.1_48 (length 215)
plasmid_files/KC405622.1_results/PROKKA_06292018:KC405622.1_49 (length 76)
plasmid_files/KC405622.1_results/PROKKA_06292018:KC405622.1_50 (length 50)
plasmid_files/KC405622.1_results/PROKKA_06292018:KC405622.1_51 (length 86)
plasmid_files/KC405622.1_results/PROKKA_06292018:KC405622.1_52 (length 63)
plasmid_files/KC405622.1_results/PROKKA_06292018:KC405622.1_53 (length 168)
plasmid_files/KC405622.1_results/PROKKA_06292018:KC405622.1_54 (length 259)
plasmid_files/KC405622.1_results/PROKKA_06292018:KC405622.1_55 (length 139)
plasmid_files/KC405622.1_results/PROKKA_06292018:KC405622.1_56 (length 73)
plasmid_files/KC405622.1_results/PROKKA_06292018:KC405622.1_57 (length 225)
plasmid_files/KC405622.1_results/PROKKA_06292018:KC405622.1_58 (length 223)
plasmid_files/KC405622.1_results/PROKKA_06292018:KC405622.1_59 (length 140)
plasmid_files/KC405622.1_results/PROKKA_06292018:KC405622.1_60 (length 423)
plasmid_files/KC405622.1_results/PROKKA_06292018:KC405622.1_61 (length 323)
plasmid_files/KC405622.1_results/PROKKA_06292018:KC405622.1_62 (length 401)
plasmid_files/KC405622.1_results/PROKKA_06292018:KC405622.1_63 (length 164)
plasmid_files/KC405622.1_results/PROKKA_06292018:KC405622.1_64 (length 66)
plasmid_files/KC405622.1_results/PROKKA_06292018:KC405622.1_65 (length 316)
plasmid_files/KC405622.1_results/PROKKA_06292018:KC405622.1_66 (length 203)
plasmid_files/KC405622.1_results/PROKKA_06292018:KC405622.1_67 (length 131)
plasmid_files/KC405622.1_results/PROKKA_06292018:KC405622.1_68 (length 135)
plasmid_files/KC405622.1_results/PROKKA_06292018:KC405622.1_69 (length 326)
plasmid_files/KC405622.1_results/PROKKA_06292018:KC405622.1_70 (length 187)
plasmid_files/KC405622.1_results/PROKKA_06292018:KC405622.1_71 (length 234)
plasmid_files/KC405622.1_results/PROKKA_06292018:KC405622.1_72 (length 113)
plasmid_files/KC405622.1_results/PROKKA_06292018:KC405622.1_73 (length 175)
plasmid_files/KC405622.1_results/PROKKA_06292018:KC405622.1_74 (length 211)
plasmid_files/KC405622.1_results/PROKKA_06292018:KC405622.1_75 (length 300)
plasmid_files/KC405622.1_results/PROKKA_06292018:KC405622.1_76 (length 253)
plasmid_files/KC405622.1_results/PROKKA_06292018:KC405622.1_77 (length 286)
plasmid_files/KC405622.1_results/PROKKA_06292018:KC405622.1_78 (length 988)
plasmid_files/KC405622.1_results/PROKKA_06292018:KC405622.1_79 (length 186)
plasmid_files/KC405622.1_results/PROKKA_06292018:KC405622.1_80 (length 186)
plasmid_files/KC405622.1_results/PROKKA_06292018:KC405622.1_81 (length 92)
plasmid_files/KC405622.1_results/PROKKA_06292018:KC405622.1_82 (length 141)
plasmid_files/KC405622.1_results/PROKKA_06292018:KC405622.1_83 (length 51)
plasmid_files/KC405622.1_results/PROKKA_06292018:KC405622.1_84 (length 98)
plasmid_files/KC405622.1_results/PROKKA_06292018:KC405622.1_85 (length 326)
plasmid_files/KC405622.1_results/PROKKA_06292018:KC405622.1_86 (length 293)
plasmid_files/KC405622.1_results/PROKKA_06292018:KC405622.1_87 (length 326)
plasmid_files/KC405622.1_results/PROKKA_06292018:KC405622.1_88 (length 133)
plasmid_files/KC405622.1_results/PROKKA_06292018:KC405622.1_89 (length 234)
plasmid_files/KC405622.1_results/PROKKA_06292018:KC405622.1_90 (length 407)
plasmid_files/KC405622.1_results/PROKKA_06292018:KC405622.1_91 (length 235)
plasmid_files/KC405622.1_results/PROKKA_06292018:KC405622.1_92 (length 78)
plasmid_files/KC405622.1_results/PROKKA_06292018:KC405622.1_93 (length 120)
plasmid_files/KC405622.1_results/PROKKA_06292018:KC405622.1_94 (length 564)
plasmid_files/KC405622.1_results/PROKKA_06292018:KC405622.1_95 (length 153)
plasmid_files/KC405622.1_results/PROKKA_06292018:KC405622.1_96 (length 91)
plasmid_files/KC405622.1_results/PROKKA_06292018:KC405622.1_97 (length 116)
plasmid_files/KC405622.1_results/PROKKA_06292018:KC405622.1_98 (length 144)
plasmid_files/KC405622.1_results/PROKKA_06292018:KC405622.1_99 (length 334)
plasmid_files/KC405622.1_results/PROKKA_06292018:KC405622.1_100 (length 125)
plasmid_files/KC405622.1_results/PROKKA_06292018:KC405622.1_101 (length 340)
plasmid_files/KC405622.1_results/PROKKA_06292018:KC405622.1_102 (length 520)
plasmid_files/KC405622.1_results/PROKKA_06292018:KC405622.1_103 (length 138)
plasmid_files/KC405622.1_results/PROKKA_06292018:KC405622.1_104 (length 76)
plasmid_files/KC405622.1_results/PROKKA_06292018:KC405622.1_105 (length 215)
plasmid_files/KC405622.1_results/PROKKA_06292018:KC405622.1_106 (length 81)
plasmid_files/KC405622.1_results/PROKKA_06292018:KC405622.1_107 (length 130)
plasmid_files/KC405622.1_results/PROKKA_06292018:KC405622.1_108 (length 173)
plasmid_files/KC405622.1_results/PROKKA_06292018:KC405622.1_109 (length 67)
plasmid_files/KC405622.1_results/PROKKA_06292018:KC405622.1_110 (length 334)
plasmid_files/KC405622.1_results/PROKKA_06292018:KC405622.1_111 (length 259)
plasmid_files/KC405622.1_results/PROKKA_06292018:KC405622.1_112 (length 85)
plasmid_files/KC405622.1_results/PROKKA_06292018:KC405622.1_113 (length 31)

DiscRep_ALL:DISC_INCONSISTENT_MOLINFO_TECH::Molinfo Technique Report (some missing, all same)
DiscRep_SUB:DISC_INCONSISTENT_MOLINFO_TECH::technique (all missing)
DiscRep_SUB:DISC_INCONSISTENT_MOLINFO_TECH::1 Molinfos are missing field technique
plasmid_files/KC405622.1_results/PROKKA_06292018:KC405622.1 (length 86518)

