Discrepancy Report Results

Summary
FATAL: MISSING_PROTEIN_ID:127 proteins have invalid IDs.
DISC_SOURCE_QUALS_ASNDISC:strain (all present, all unique)
DISC_SOURCE_QUALS_ASNDISC:taxname (all present, all unique)
DISC_FEATURE_COUNT:CDS: 127 present
DISC_COUNT_NUCLEOTIDES:1 nucleotide Bioseqs are present
FEATURE_LOCATION_CONFLICT:127 features have inconsistent gene locations.
SUSPECT_PRODUCT_NAMES:1 product_names contain suspect phrase or characters
	May contain database identifier more appropriate in note; remove from product name
		1 features Three or more numbers together
DISC_QUALITY_SCORES:Quality scores are missing on all sequences.
ONCALLER_COMMENT_PRESENT:1 comment descriptors were found (all same)
SHORT_PROT_SEQUENCES:2 protein sequences are shorter than 50 aa.
MISSING_GENOMEASSEMBLY_COMMENTS:1 bioseqs are missing GenomeAssembly structured comments
MOLTYPE_NOT_MRNA:1 molecule types are not set as mRNA.
TECHNIQUE_NOT_TSA:1 technique are not set as TSA
MISSING_STRUCTURED_COMMENT:1 sequences do not include structured comments.
MISSING_PROJECT:128 sequences do not include project.
DISC_INCONSISTENT_MOLINFO_TECH:Molinfo Technique Report (some missing, all same)


Detailed Report

FATAL: DiscRep_ALL:MISSING_PROTEIN_ID::127 proteins have invalid IDs.
plasmid_files/CP008833.1_results/PROKKA_06292018:CP008833.1_1 (length 73)
plasmid_files/CP008833.1_results/PROKKA_06292018:CP008833.1_2 (length 214)
plasmid_files/CP008833.1_results/PROKKA_06292018:CP008833.1_3 (length 216)
plasmid_files/CP008833.1_results/PROKKA_06292018:CP008833.1_4 (length 102)
plasmid_files/CP008833.1_results/PROKKA_06292018:CP008833.1_5 (length 186)
plasmid_files/CP008833.1_results/PROKKA_06292018:CP008833.1_6 (length 285)
plasmid_files/CP008833.1_results/PROKKA_06292018:CP008833.1_7 (length 187)
plasmid_files/CP008833.1_results/PROKKA_06292018:CP008833.1_8 (length 203)
plasmid_files/CP008833.1_results/PROKKA_06292018:CP008833.1_9 (length 330)
plasmid_files/CP008833.1_results/PROKKA_06292018:CP008833.1_10 (length 51)
plasmid_files/CP008833.1_results/PROKKA_06292018:CP008833.1_11 (length 571)
plasmid_files/CP008833.1_results/PROKKA_06292018:CP008833.1_12 (length 1009)
plasmid_files/CP008833.1_results/PROKKA_06292018:CP008833.1_13 (length 341)
plasmid_files/CP008833.1_results/PROKKA_06292018:CP008833.1_14 (length 259)
plasmid_files/CP008833.1_results/PROKKA_06292018:CP008833.1_15 (length 79)
plasmid_files/CP008833.1_results/PROKKA_06292018:CP008833.1_16 (length 293)
plasmid_files/CP008833.1_results/PROKKA_06292018:CP008833.1_17 (length 439)
plasmid_files/CP008833.1_results/PROKKA_06292018:CP008833.1_18 (length 394)
plasmid_files/CP008833.1_results/PROKKA_06292018:CP008833.1_19 (length 70)
plasmid_files/CP008833.1_results/PROKKA_06292018:CP008833.1_20 (length 119)
plasmid_files/CP008833.1_results/PROKKA_06292018:CP008833.1_21 (length 38)
plasmid_files/CP008833.1_results/PROKKA_06292018:CP008833.1_22 (length 119)
plasmid_files/CP008833.1_results/PROKKA_06292018:CP008833.1_23 (length 206)
plasmid_files/CP008833.1_results/PROKKA_06292018:CP008833.1_24 (length 965)
plasmid_files/CP008833.1_results/PROKKA_06292018:CP008833.1_25 (length 234)
plasmid_files/CP008833.1_results/PROKKA_06292018:CP008833.1_26 (length 111)
plasmid_files/CP008833.1_results/PROKKA_06292018:CP008833.1_27 (length 119)
plasmid_files/CP008833.1_results/PROKKA_06292018:CP008833.1_28 (length 286)
plasmid_files/CP008833.1_results/PROKKA_06292018:CP008833.1_29 (length 136)
plasmid_files/CP008833.1_results/PROKKA_06292018:CP008833.1_30 (length 422)
plasmid_files/CP008833.1_results/PROKKA_06292018:CP008833.1_31 (length 235)
plasmid_files/CP008833.1_results/PROKKA_06292018:CP008833.1_32 (length 78)
plasmid_files/CP008833.1_results/PROKKA_06292018:CP008833.1_33 (length 120)
plasmid_files/CP008833.1_results/PROKKA_06292018:CP008833.1_34 (length 564)
plasmid_files/CP008833.1_results/PROKKA_06292018:CP008833.1_35 (length 140)
plasmid_files/CP008833.1_results/PROKKA_06292018:CP008833.1_36 (length 125)
plasmid_files/CP008833.1_results/PROKKA_06292018:CP008833.1_37 (length 91)
plasmid_files/CP008833.1_results/PROKKA_06292018:CP008833.1_38 (length 236)
plasmid_files/CP008833.1_results/PROKKA_06292018:CP008833.1_39 (length 138)
plasmid_files/CP008833.1_results/PROKKA_06292018:CP008833.1_40 (length 76)
plasmid_files/CP008833.1_results/PROKKA_06292018:CP008833.1_41 (length 83)
plasmid_files/CP008833.1_results/PROKKA_06292018:CP008833.1_42 (length 102)
plasmid_files/CP008833.1_results/PROKKA_06292018:CP008833.1_43 (length 109)
plasmid_files/CP008833.1_results/PROKKA_06292018:CP008833.1_44 (length 132)
plasmid_files/CP008833.1_results/PROKKA_06292018:CP008833.1_45 (length 110)
plasmid_files/CP008833.1_results/PROKKA_06292018:CP008833.1_46 (length 260)
plasmid_files/CP008833.1_results/PROKKA_06292018:CP008833.1_47 (length 82)
plasmid_files/CP008833.1_results/PROKKA_06292018:CP008833.1_48 (length 157)
plasmid_files/CP008833.1_results/PROKKA_06292018:CP008833.1_49 (length 422)
plasmid_files/CP008833.1_results/PROKKA_06292018:CP008833.1_50 (length 1085)
plasmid_files/CP008833.1_results/PROKKA_06292018:CP008833.1_51 (length 438)
plasmid_files/CP008833.1_results/PROKKA_06292018:CP008833.1_52 (length 675)
plasmid_files/CP008833.1_results/PROKKA_06292018:CP008833.1_53 (length 57)
plasmid_files/CP008833.1_results/PROKKA_06292018:CP008833.1_54 (length 110)
plasmid_files/CP008833.1_results/PROKKA_06292018:CP008833.1_55 (length 324)
plasmid_files/CP008833.1_results/PROKKA_06292018:CP008833.1_56 (length 401)
plasmid_files/CP008833.1_results/PROKKA_06292018:CP008833.1_57 (length 298)
plasmid_files/CP008833.1_results/PROKKA_06292018:CP008833.1_58 (length 423)
plasmid_files/CP008833.1_results/PROKKA_06292018:CP008833.1_59 (length 143)
plasmid_files/CP008833.1_results/PROKKA_06292018:CP008833.1_60 (length 323)
plasmid_files/CP008833.1_results/PROKKA_06292018:CP008833.1_61 (length 223)
plasmid_files/CP008833.1_results/PROKKA_06292018:CP008833.1_62 (length 76)
plasmid_files/CP008833.1_results/PROKKA_06292018:CP008833.1_63 (length 233)
plasmid_files/CP008833.1_results/PROKKA_06292018:CP008833.1_64 (length 73)
plasmid_files/CP008833.1_results/PROKKA_06292018:CP008833.1_65 (length 139)
plasmid_files/CP008833.1_results/PROKKA_06292018:CP008833.1_66 (length 255)
plasmid_files/CP008833.1_results/PROKKA_06292018:CP008833.1_67 (length 142)
plasmid_files/CP008833.1_results/PROKKA_06292018:CP008833.1_68 (length 168)
plasmid_files/CP008833.1_results/PROKKA_06292018:CP008833.1_69 (length 63)
plasmid_files/CP008833.1_results/PROKKA_06292018:CP008833.1_70 (length 84)
plasmid_files/CP008833.1_results/PROKKA_06292018:CP008833.1_71 (length 105)
plasmid_files/CP008833.1_results/PROKKA_06292018:CP008833.1_72 (length 75)
plasmid_files/CP008833.1_results/PROKKA_06292018:CP008833.1_73 (length 76)
plasmid_files/CP008833.1_results/PROKKA_06292018:CP008833.1_74 (length 451)
plasmid_files/CP008833.1_results/PROKKA_06292018:CP008833.1_75 (length 187)
plasmid_files/CP008833.1_results/PROKKA_06292018:CP008833.1_76 (length 106)
plasmid_files/CP008833.1_results/PROKKA_06292018:CP008833.1_77 (length 170)
plasmid_files/CP008833.1_results/PROKKA_06292018:CP008833.1_78 (length 80)
plasmid_files/CP008833.1_results/PROKKA_06292018:CP008833.1_79 (length 669)
plasmid_files/CP008833.1_results/PROKKA_06292018:CP008833.1_80 (length 143)
plasmid_files/CP008833.1_results/PROKKA_06292018:CP008833.1_81 (length 240)
plasmid_files/CP008833.1_results/PROKKA_06292018:CP008833.1_82 (length 118)
plasmid_files/CP008833.1_results/PROKKA_06292018:CP008833.1_83 (length 90)
plasmid_files/CP008833.1_results/PROKKA_06292018:CP008833.1_84 (length 116)
plasmid_files/CP008833.1_results/PROKKA_06292018:CP008833.1_85 (length 117)
plasmid_files/CP008833.1_results/PROKKA_06292018:CP008833.1_86 (length 115)
plasmid_files/CP008833.1_results/PROKKA_06292018:CP008833.1_87 (length 48)
plasmid_files/CP008833.1_results/PROKKA_06292018:CP008833.1_88 (length 277)
plasmid_files/CP008833.1_results/PROKKA_06292018:CP008833.1_89 (length 273)
plasmid_files/CP008833.1_results/PROKKA_06292018:CP008833.1_90 (length 104)
plasmid_files/CP008833.1_results/PROKKA_06292018:CP008833.1_91 (length 161)
plasmid_files/CP008833.1_results/PROKKA_06292018:CP008833.1_92 (length 132)
plasmid_files/CP008833.1_results/PROKKA_06292018:CP008833.1_93 (length 228)
plasmid_files/CP008833.1_results/PROKKA_06292018:CP008833.1_94 (length 128)
plasmid_files/CP008833.1_results/PROKKA_06292018:CP008833.1_95 (length 122)
plasmid_files/CP008833.1_results/PROKKA_06292018:CP008833.1_96 (length 101)
plasmid_files/CP008833.1_results/PROKKA_06292018:CP008833.1_97 (length 188)
plasmid_files/CP008833.1_results/PROKKA_06292018:CP008833.1_98 (length 246)
plasmid_files/CP008833.1_results/PROKKA_06292018:CP008833.1_99 (length 474)
plasmid_files/CP008833.1_results/PROKKA_06292018:CP008833.1_100 (length 190)
plasmid_files/CP008833.1_results/PROKKA_06292018:CP008833.1_101 (length 136)
plasmid_files/CP008833.1_results/PROKKA_06292018:CP008833.1_102 (length 103)
plasmid_files/CP008833.1_results/PROKKA_06292018:CP008833.1_103 (length 129)
plasmid_files/CP008833.1_results/PROKKA_06292018:CP008833.1_104 (length 130)
plasmid_files/CP008833.1_results/PROKKA_06292018:CP008833.1_105 (length 879)
plasmid_files/CP008833.1_results/PROKKA_06292018:CP008833.1_106 (length 129)
plasmid_files/CP008833.1_results/PROKKA_06292018:CP008833.1_107 (length 208)
plasmid_files/CP008833.1_results/PROKKA_06292018:CP008833.1_108 (length 129)
plasmid_files/CP008833.1_results/PROKKA_06292018:CP008833.1_109 (length 329)
plasmid_files/CP008833.1_results/PROKKA_06292018:CP008833.1_110 (length 212)
plasmid_files/CP008833.1_results/PROKKA_06292018:CP008833.1_111 (length 651)
plasmid_files/CP008833.1_results/PROKKA_06292018:CP008833.1_112 (length 84)
plasmid_files/CP008833.1_results/PROKKA_06292018:CP008833.1_113 (length 88)
plasmid_files/CP008833.1_results/PROKKA_06292018:CP008833.1_114 (length 108)
plasmid_files/CP008833.1_results/PROKKA_06292018:CP008833.1_115 (length 250)
plasmid_files/CP008833.1_results/PROKKA_06292018:CP008833.1_116 (length 79)
plasmid_files/CP008833.1_results/PROKKA_06292018:CP008833.1_117 (length 185)
plasmid_files/CP008833.1_results/PROKKA_06292018:CP008833.1_118 (length 147)
plasmid_files/CP008833.1_results/PROKKA_06292018:CP008833.1_119 (length 455)
plasmid_files/CP008833.1_results/PROKKA_06292018:CP008833.1_120 (length 949)
plasmid_files/CP008833.1_results/PROKKA_06292018:CP008833.1_121 (length 182)
plasmid_files/CP008833.1_results/PROKKA_06292018:CP008833.1_122 (length 243)
plasmid_files/CP008833.1_results/PROKKA_06292018:CP008833.1_123 (length 229)
plasmid_files/CP008833.1_results/PROKKA_06292018:CP008833.1_124 (length 770)
plasmid_files/CP008833.1_results/PROKKA_06292018:CP008833.1_125 (length 1753)
plasmid_files/CP008833.1_results/PROKKA_06292018:CP008833.1_126 (length 241)
plasmid_files/CP008833.1_results/PROKKA_06292018:CP008833.1_127 (length 197)

DiscRep_ALL:DISC_SOURCE_QUALS_ASNDISC::strain (all present, all unique)
DiscRep_SUB:DISC_SOURCE_QUALS_ASNDISC::1 sources have unique values for strain
DiscRep_ALL:DISC_SOURCE_QUALS_ASNDISC::taxname (all present, all unique)
DiscRep_SUB:DISC_SOURCE_QUALS_ASNDISC::1 sources have unique values for taxname
DiscRep_ALL:DISC_FEATURE_COUNT::CDS: 127 present
DiscRep_ALL:DISC_COUNT_NUCLEOTIDES::1 nucleotide Bioseqs are present
plasmid_files/CP008833.1_results/PROKKA_06292018:CP008833.1 (length 113639)

DiscRep_ALL:FEATURE_LOCATION_CONFLICT::127 features have inconsistent gene locations.
DiscRep_SUB:FEATURE_LOCATION_CONFLICT::Coding region xref gene does not exist
plasmid_files/CP008833.1_results/PROKKA_06292018:CDS	hypothetical protein	CP008833.1:542-763	BLHFGFCM_00001

DiscRep_SUB:FEATURE_LOCATION_CONFLICT::Coding region xref gene does not exist
plasmid_files/CP008833.1_results/PROKKA_06292018:CDS	hypothetical protein	CP008833.1:813-1457	BLHFGFCM_00002

DiscRep_SUB:FEATURE_LOCATION_CONFLICT::Coding region xref gene does not exist
plasmid_files/CP008833.1_results/PROKKA_06292018:CDS	hypothetical protein	CP008833.1:1513-2163	BLHFGFCM_00003

DiscRep_SUB:FEATURE_LOCATION_CONFLICT::Coding region xref gene does not exist
plasmid_files/CP008833.1_results/PROKKA_06292018:CDS	hypothetical protein	CP008833.1:2160-2468	BLHFGFCM_00004

DiscRep_SUB:FEATURE_LOCATION_CONFLICT::Coding region xref gene does not exist
plasmid_files/CP008833.1_results/PROKKA_06292018:CDS	Phospholipase D	CP008833.1:2563-3123	BLHFGFCM_00005

DiscRep_SUB:FEATURE_LOCATION_CONFLICT::Coding region xref gene does not exist
plasmid_files/CP008833.1_results/PROKKA_06292018:CDS	hypothetical protein	CP008833.1:3812-4669	BLHFGFCM_00006

DiscRep_SUB:FEATURE_LOCATION_CONFLICT::Coding region xref gene does not exist
plasmid_files/CP008833.1_results/PROKKA_06292018:CDS	RNA chaperone ProQ	CP008833.1:5888-6451	BLHFGFCM_00007

DiscRep_SUB:FEATURE_LOCATION_CONFLICT::Coding region xref gene does not exist
plasmid_files/CP008833.1_results/PROKKA_06292018:CDS	hypothetical protein	CP008833.1:6435-7046	BLHFGFCM_00008

DiscRep_SUB:FEATURE_LOCATION_CONFLICT::Coding region xref gene does not exist
plasmid_files/CP008833.1_results/PROKKA_06292018:CDS	hypothetical protein	CP008833.1:c8435-7443	BLHFGFCM_00009

DiscRep_SUB:FEATURE_LOCATION_CONFLICT::Coding region xref gene does not exist
plasmid_files/CP008833.1_results/PROKKA_06292018:CDS	hypothetical protein	CP008833.1:c8639-8484	BLHFGFCM_00010

DiscRep_SUB:FEATURE_LOCATION_CONFLICT::Coding region xref gene does not exist
plasmid_files/CP008833.1_results/PROKKA_06292018:CDS	Tyrosine recombinase XerD	CP008833.1:c10649-8934	BLHFGFCM_00011

DiscRep_SUB:FEATURE_LOCATION_CONFLICT::Coding region xref gene does not exist
plasmid_files/CP008833.1_results/PROKKA_06292018:CDS	hypothetical protein	CP008833.1:10759-13788	BLHFGFCM_00012

DiscRep_SUB:FEATURE_LOCATION_CONFLICT::Coding region xref gene does not exist
plasmid_files/CP008833.1_results/PROKKA_06292018:CDS	hypothetical protein	CP008833.1:13895-14920	BLHFGFCM_00013

DiscRep_SUB:FEATURE_LOCATION_CONFLICT::Coding region xref gene does not exist
plasmid_files/CP008833.1_results/PROKKA_06292018:CDS	Insertion sequence IS5376 putative ATP-binding protein	CP008833.1:14917-15696	BLHFGFCM_00014

DiscRep_SUB:FEATURE_LOCATION_CONFLICT::Coding region xref gene does not exist
plasmid_files/CP008833.1_results/PROKKA_06292018:CDS	hypothetical protein	CP008833.1:15693-15932	BLHFGFCM_00015

DiscRep_SUB:FEATURE_LOCATION_CONFLICT::Coding region xref gene does not exist
plasmid_files/CP008833.1_results/PROKKA_06292018:CDS	Carbapenem-hydrolyzing beta-lactamase KPC	CP008833.1:15984-16865	BLHFGFCM_00016

DiscRep_SUB:FEATURE_LOCATION_CONFLICT::Coding region xref gene does not exist
plasmid_files/CP008833.1_results/PROKKA_06292018:CDS	hypothetical protein	CP008833.1:c18434-17115	BLHFGFCM_00017

DiscRep_SUB:FEATURE_LOCATION_CONFLICT::Coding region xref gene does not exist
plasmid_files/CP008833.1_results/PROKKA_06292018:CDS	hypothetical protein	CP008833.1:c19895-18711	BLHFGFCM_00018

DiscRep_SUB:FEATURE_LOCATION_CONFLICT::Coding region xref gene does not exist
plasmid_files/CP008833.1_results/PROKKA_06292018:CDS	hypothetical protein	CP008833.1:20015-20227	BLHFGFCM_00019

DiscRep_SUB:FEATURE_LOCATION_CONFLICT::Coding region xref gene does not exist
plasmid_files/CP008833.1_results/PROKKA_06292018:CDS	hypothetical protein	CP008833.1:20399-20758	BLHFGFCM_00020

DiscRep_SUB:FEATURE_LOCATION_CONFLICT::Coding region xref gene does not exist
plasmid_files/CP008833.1_results/PROKKA_06292018:CDS	hypothetical protein	CP008833.1:c21001-20885	BLHFGFCM_00021

DiscRep_SUB:FEATURE_LOCATION_CONFLICT::Coding region xref gene does not exist
plasmid_files/CP008833.1_results/PROKKA_06292018:CDS	hypothetical protein	CP008833.1:c21774-21415	BLHFGFCM_00022

DiscRep_SUB:FEATURE_LOCATION_CONFLICT::Coding region xref gene does not exist
plasmid_files/CP008833.1_results/PROKKA_06292018:CDS	Putative transposon Tn552 DNA-invertase bin3	CP008833.1:c22544-21924	BLHFGFCM_00023

DiscRep_SUB:FEATURE_LOCATION_CONFLICT::Coding region xref gene does not exist
plasmid_files/CP008833.1_results/PROKKA_06292018:CDS	hypothetical protein	CP008833.1:c25530-22633	BLHFGFCM_00024

DiscRep_SUB:FEATURE_LOCATION_CONFLICT::Coding region xref gene does not exist
plasmid_files/CP008833.1_results/PROKKA_06292018:CDS	hypothetical protein	CP008833.1:25603-26307	BLHFGFCM_00025

DiscRep_SUB:FEATURE_LOCATION_CONFLICT::Coding region xref gene does not exist
plasmid_files/CP008833.1_results/PROKKA_06292018:CDS	Beta-lactamase OXA-18	CP008833.1:26527-26862	BLHFGFCM_00026

DiscRep_SUB:FEATURE_LOCATION_CONFLICT::Coding region xref gene does not exist
plasmid_files/CP008833.1_results/PROKKA_06292018:CDS	Beta-lactamase OXA-18	CP008833.1:26992-27351	BLHFGFCM_00027

DiscRep_SUB:FEATURE_LOCATION_CONFLICT::Coding region xref gene does not exist
plasmid_files/CP008833.1_results/PROKKA_06292018:CDS	Beta-lactamase TEM	CP008833.1:28051-28911	BLHFGFCM_00028

DiscRep_SUB:FEATURE_LOCATION_CONFLICT::Coding region xref gene does not exist
plasmid_files/CP008833.1_results/PROKKA_06292018:CDS	hypothetical protein	CP008833.1:c29432-29022	BLHFGFCM_00029

DiscRep_SUB:FEATURE_LOCATION_CONFLICT::Coding region xref gene does not exist
plasmid_files/CP008833.1_results/PROKKA_06292018:CDS	Transposon Tn7 transposition protein TnsB	CP008833.1:c30747-29479	BLHFGFCM_00030

DiscRep_SUB:FEATURE_LOCATION_CONFLICT::Coding region xref gene does not exist
plasmid_files/CP008833.1_results/PROKKA_06292018:CDS	putative signaling protein	CP008833.1:c31529-30822	BLHFGFCM_00031

DiscRep_SUB:FEATURE_LOCATION_CONFLICT::Coding region xref gene does not exist
plasmid_files/CP008833.1_results/PROKKA_06292018:CDS	hypothetical protein	CP008833.1:c31762-31526	BLHFGFCM_00032

DiscRep_SUB:FEATURE_LOCATION_CONFLICT::Coding region xref gene does not exist
plasmid_files/CP008833.1_results/PROKKA_06292018:CDS	HTH-type transcriptional activator mta	CP008833.1:c32121-31759	BLHFGFCM_00033

DiscRep_SUB:FEATURE_LOCATION_CONFLICT::Coding region xref gene does not exist
plasmid_files/CP008833.1_results/PROKKA_06292018:CDS	Mercuric reductase	CP008833.1:c33833-32139	BLHFGFCM_00034

DiscRep_SUB:FEATURE_LOCATION_CONFLICT::Coding region xref gene does not exist
plasmid_files/CP008833.1_results/PROKKA_06292018:CDS	Mercuric transport protein MerC	CP008833.1:c34307-33885	BLHFGFCM_00035

DiscRep_SUB:FEATURE_LOCATION_CONFLICT::Coding region xref gene does not exist
plasmid_files/CP008833.1_results/PROKKA_06292018:CDS	hypothetical protein	CP008833.1:c34846-34469	BLHFGFCM_00036

DiscRep_SUB:FEATURE_LOCATION_CONFLICT::Coding region xref gene does not exist
plasmid_files/CP008833.1_results/PROKKA_06292018:CDS	hypothetical protein	CP008833.1:c35166-34891	BLHFGFCM_00037

DiscRep_SUB:FEATURE_LOCATION_CONFLICT::Coding region xref gene does not exist
plasmid_files/CP008833.1_results/PROKKA_06292018:CDS	DNA replication and repair protein RecF	CP008833.1:c35910-35200	BLHFGFCM_00038

DiscRep_SUB:FEATURE_LOCATION_CONFLICT::Coding region xref gene does not exist
plasmid_files/CP008833.1_results/PROKKA_06292018:CDS	tRNA(fMet)-specific endonuclease VapC	CP008833.1:c36400-35984	BLHFGFCM_00039

DiscRep_SUB:FEATURE_LOCATION_CONFLICT::Coding region xref gene does not exist
plasmid_files/CP008833.1_results/PROKKA_06292018:CDS	Antitoxin VapB	CP008833.1:c36627-36397	BLHFGFCM_00040

DiscRep_SUB:FEATURE_LOCATION_CONFLICT::Coding region xref gene does not exist
plasmid_files/CP008833.1_results/PROKKA_06292018:CDS	hypothetical protein	CP008833.1:37235-37486	BLHFGFCM_00041

DiscRep_SUB:FEATURE_LOCATION_CONFLICT::Coding region xref gene does not exist
plasmid_files/CP008833.1_results/PROKKA_06292018:CDS	hypothetical protein	CP008833.1:37532-37840	BLHFGFCM_00042

DiscRep_SUB:FEATURE_LOCATION_CONFLICT::Coding region xref gene does not exist
plasmid_files/CP008833.1_results/PROKKA_06292018:CDS	hypothetical protein	CP008833.1:37868-38197	BLHFGFCM_00043

DiscRep_SUB:FEATURE_LOCATION_CONFLICT::Coding region xref gene does not exist
plasmid_files/CP008833.1_results/PROKKA_06292018:CDS	hypothetical protein	CP008833.1:38223-38621	BLHFGFCM_00044

DiscRep_SUB:FEATURE_LOCATION_CONFLICT::Coding region xref gene does not exist
plasmid_files/CP008833.1_results/PROKKA_06292018:CDS	hypothetical protein	CP008833.1:38628-38960	BLHFGFCM_00045

DiscRep_SUB:FEATURE_LOCATION_CONFLICT::Coding region xref gene does not exist
plasmid_files/CP008833.1_results/PROKKA_06292018:CDS	Tyrosine recombinase XerD	CP008833.1:38960-39742	BLHFGFCM_00046

DiscRep_SUB:FEATURE_LOCATION_CONFLICT::Coding region xref gene does not exist
plasmid_files/CP008833.1_results/PROKKA_06292018:CDS	hypothetical protein	CP008833.1:c40256-40008	BLHFGFCM_00047

DiscRep_SUB:FEATURE_LOCATION_CONFLICT::Coding region xref gene does not exist
plasmid_files/CP008833.1_results/PROKKA_06292018:CDS	hypothetical protein	CP008833.1:c41429-40956	BLHFGFCM_00048

DiscRep_SUB:FEATURE_LOCATION_CONFLICT::Coding region xref gene does not exist
plasmid_files/CP008833.1_results/PROKKA_06292018:CDS	hypothetical protein	CP008833.1:c42817-41549	BLHFGFCM_00049

DiscRep_SUB:FEATURE_LOCATION_CONFLICT::Coding region xref gene does not exist
plasmid_files/CP008833.1_results/PROKKA_06292018:CDS	Type-1 restriction enzyme R protein	CP008833.1:c46079-42822	BLHFGFCM_00050

DiscRep_SUB:FEATURE_LOCATION_CONFLICT::Coding region xref gene does not exist
plasmid_files/CP008833.1_results/PROKKA_06292018:CDS	hypothetical protein	CP008833.1:c47396-46080	BLHFGFCM_00051

DiscRep_SUB:FEATURE_LOCATION_CONFLICT::Coding region xref gene does not exist
plasmid_files/CP008833.1_results/PROKKA_06292018:CDS	Type I restriction enzyme EcoKI M protein	CP008833.1:c49420-47393	BLHFGFCM_00052

DiscRep_SUB:FEATURE_LOCATION_CONFLICT::Coding region xref gene does not exist
plasmid_files/CP008833.1_results/PROKKA_06292018:CDS	hypothetical protein	CP008833.1:c49970-49797	BLHFGFCM_00053

DiscRep_SUB:FEATURE_LOCATION_CONFLICT::Coding region xref gene does not exist
plasmid_files/CP008833.1_results/PROKKA_06292018:CDS	hypothetical protein	CP008833.1:c50304-49972	BLHFGFCM_00054

DiscRep_SUB:FEATURE_LOCATION_CONFLICT::Coding region xref gene does not exist
plasmid_files/CP008833.1_results/PROKKA_06292018:CDS	Virulence regulon transcriptional activator VirB	CP008833.1:c51655-50681	BLHFGFCM_00055

DiscRep_SUB:FEATURE_LOCATION_CONFLICT::Coding region xref gene does not exist
plasmid_files/CP008833.1_results/PROKKA_06292018:CDS	Plasmid partition protein A	CP008833.1:c52857-51652	BLHFGFCM_00056

DiscRep_SUB:FEATURE_LOCATION_CONFLICT::Coding region xref gene does not exist
plasmid_files/CP008833.1_results/PROKKA_06292018:CDS	Replication protein RepA	CP008833.1:c54075-53179	BLHFGFCM_00057

DiscRep_SUB:FEATURE_LOCATION_CONFLICT::Coding region xref gene does not exist
plasmid_files/CP008833.1_results/PROKKA_06292018:CDS	Protein UmuC	CP008833.1:c55747-54476	BLHFGFCM_00058

DiscRep_SUB:FEATURE_LOCATION_CONFLICT::Coding region xref gene does not exist
plasmid_files/CP008833.1_results/PROKKA_06292018:CDS	Protein UmuD	CP008833.1:c56178-55747	BLHFGFCM_00059

DiscRep_SUB:FEATURE_LOCATION_CONFLICT::Coding region xref gene does not exist
plasmid_files/CP008833.1_results/PROKKA_06292018:CDS	Plasmid segregation protein ParM	CP008833.1:56410-57381	BLHFGFCM_00060

DiscRep_SUB:FEATURE_LOCATION_CONFLICT::Coding region xref gene does not exist
plasmid_files/CP008833.1_results/PROKKA_06292018:CDS	hypothetical protein	CP008833.1:57384-58055	BLHFGFCM_00061

DiscRep_SUB:FEATURE_LOCATION_CONFLICT::Coding region xref gene does not exist
plasmid_files/CP008833.1_results/PROKKA_06292018:CDS	hypothetical protein	CP008833.1:58116-58346	BLHFGFCM_00062

DiscRep_SUB:FEATURE_LOCATION_CONFLICT::Coding region xref gene does not exist
plasmid_files/CP008833.1_results/PROKKA_06292018:CDS	DNA adenine methyltransferase YhdJ	CP008833.1:58783-59484	BLHFGFCM_00063

DiscRep_SUB:FEATURE_LOCATION_CONFLICT::Coding region xref gene does not exist
plasmid_files/CP008833.1_results/PROKKA_06292018:CDS	hypothetical protein	CP008833.1:59484-59705	BLHFGFCM_00064

DiscRep_SUB:FEATURE_LOCATION_CONFLICT::Coding region xref gene does not exist
plasmid_files/CP008833.1_results/PROKKA_06292018:CDS	hypothetical protein	CP008833.1:59715-60134	BLHFGFCM_00065

DiscRep_SUB:FEATURE_LOCATION_CONFLICT::Coding region xref gene does not exist
plasmid_files/CP008833.1_results/PROKKA_06292018:CDS	hypothetical protein	CP008833.1:60188-60955	BLHFGFCM_00066

DiscRep_SUB:FEATURE_LOCATION_CONFLICT::Coding region xref gene does not exist
plasmid_files/CP008833.1_results/PROKKA_06292018:CDS	Antirestriction protein KlcA	CP008833.1:61635-62063	BLHFGFCM_00067

DiscRep_SUB:FEATURE_LOCATION_CONFLICT::Coding region xref gene does not exist
plasmid_files/CP008833.1_results/PROKKA_06292018:CDS	hypothetical protein	CP008833.1:62106-62612	BLHFGFCM_00068

DiscRep_SUB:FEATURE_LOCATION_CONFLICT::Coding region xref gene does not exist
plasmid_files/CP008833.1_results/PROKKA_06292018:CDS	hypothetical protein	CP008833.1:62655-62846	BLHFGFCM_00069

DiscRep_SUB:FEATURE_LOCATION_CONFLICT::Coding region xref gene does not exist
plasmid_files/CP008833.1_results/PROKKA_06292018:CDS	DNA polymerase III subunit theta	CP008833.1:63034-63288	BLHFGFCM_00070

DiscRep_SUB:FEATURE_LOCATION_CONFLICT::Coding region xref gene does not exist
plasmid_files/CP008833.1_results/PROKKA_06292018:CDS	hypothetical protein	CP008833.1:63323-63640	BLHFGFCM_00071

DiscRep_SUB:FEATURE_LOCATION_CONFLICT::Coding region xref gene does not exist
plasmid_files/CP008833.1_results/PROKKA_06292018:CDS	hypothetical protein	CP008833.1:64424-64651	BLHFGFCM_00072

DiscRep_SUB:FEATURE_LOCATION_CONFLICT::Coding region xref gene does not exist
plasmid_files/CP008833.1_results/PROKKA_06292018:CDS	hypothetical protein	CP008833.1:64743-64973	BLHFGFCM_00073

DiscRep_SUB:FEATURE_LOCATION_CONFLICT::Coding region xref gene does not exist
plasmid_files/CP008833.1_results/PROKKA_06292018:CDS	hypothetical protein	CP008833.1:65025-66380	BLHFGFCM_00074

DiscRep_SUB:FEATURE_LOCATION_CONFLICT::Coding region xref gene does not exist
plasmid_files/CP008833.1_results/PROKKA_06292018:CDS	hypothetical protein	CP008833.1:66428-66991	BLHFGFCM_00075

DiscRep_SUB:FEATURE_LOCATION_CONFLICT::Coding region xref gene does not exist
plasmid_files/CP008833.1_results/PROKKA_06292018:CDS	hypothetical protein	CP008833.1:c67206-66886	BLHFGFCM_00076

DiscRep_SUB:FEATURE_LOCATION_CONFLICT::Coding region xref gene does not exist
plasmid_files/CP008833.1_results/PROKKA_06292018:CDS	Single-stranded DNA-binding protein	CP008833.1:67822-68334	BLHFGFCM_00077

DiscRep_SUB:FEATURE_LOCATION_CONFLICT::Coding region xref gene does not exist
plasmid_files/CP008833.1_results/PROKKA_06292018:CDS	hypothetical protein	CP008833.1:68382-68624	BLHFGFCM_00078

DiscRep_SUB:FEATURE_LOCATION_CONFLICT::Coding region xref gene does not exist
plasmid_files/CP008833.1_results/PROKKA_06292018:CDS	Chromosome-partitioning protein Spo0J	CP008833.1:68693-70702	BLHFGFCM_00079

DiscRep_SUB:FEATURE_LOCATION_CONFLICT::Coding region xref gene does not exist
plasmid_files/CP008833.1_results/PROKKA_06292018:CDS	Protein PsiB	CP008833.1:70748-71179	BLHFGFCM_00080

DiscRep_SUB:FEATURE_LOCATION_CONFLICT::Coding region xref gene does not exist
plasmid_files/CP008833.1_results/PROKKA_06292018:CDS	hypothetical protein	CP008833.1:71176-71898	BLHFGFCM_00081

DiscRep_SUB:FEATURE_LOCATION_CONFLICT::Coding region xref gene does not exist
plasmid_files/CP008833.1_results/PROKKA_06292018:CDS	hypothetical protein	CP008833.1:72339-72695	BLHFGFCM_00082

DiscRep_SUB:FEATURE_LOCATION_CONFLICT::Coding region xref gene does not exist
plasmid_files/CP008833.1_results/PROKKA_06292018:CDS	hypothetical protein	CP008833.1:72743-73015	BLHFGFCM_00083

DiscRep_SUB:FEATURE_LOCATION_CONFLICT::Coding region xref gene does not exist
plasmid_files/CP008833.1_results/PROKKA_06292018:CDS	hypothetical protein	CP008833.1:73012-73362	BLHFGFCM_00084

DiscRep_SUB:FEATURE_LOCATION_CONFLICT::Coding region xref gene does not exist
plasmid_files/CP008833.1_results/PROKKA_06292018:CDS	hypothetical protein	CP008833.1:73992-74345	BLHFGFCM_00085

DiscRep_SUB:FEATURE_LOCATION_CONFLICT::Coding region xref gene does not exist
plasmid_files/CP008833.1_results/PROKKA_06292018:CDS	hypothetical protein	CP008833.1:74402-74749	BLHFGFCM_00086

DiscRep_SUB:FEATURE_LOCATION_CONFLICT::Coding region xref gene does not exist
plasmid_files/CP008833.1_results/PROKKA_06292018:CDS	hypothetical protein	CP008833.1:74844-74990	BLHFGFCM_00087

DiscRep_SUB:FEATURE_LOCATION_CONFLICT::Coding region xref gene does not exist
plasmid_files/CP008833.1_results/PROKKA_06292018:CDS	hypothetical protein	CP008833.1:75041-75874	BLHFGFCM_00088

DiscRep_SUB:FEATURE_LOCATION_CONFLICT::Coding region xref gene does not exist
plasmid_files/CP008833.1_results/PROKKA_06292018:CDS	hypothetical protein	CP008833.1:76694-77515	BLHFGFCM_00089

DiscRep_SUB:FEATURE_LOCATION_CONFLICT::Coding region xref gene does not exist
plasmid_files/CP008833.1_results/PROKKA_06292018:CDS	hypothetical protein	CP008833.1:77563-77877	BLHFGFCM_00090

DiscRep_SUB:FEATURE_LOCATION_CONFLICT::Coding region xref gene does not exist
plasmid_files/CP008833.1_results/PROKKA_06292018:CDS	hypothetical protein	CP008833.1:c78395-77910	BLHFGFCM_00091

DiscRep_SUB:FEATURE_LOCATION_CONFLICT::Coding region xref gene does not exist
plasmid_files/CP008833.1_results/PROKKA_06292018:CDS	Relaxosome protein TraM	CP008833.1:78817-79215	BLHFGFCM_00092

DiscRep_SUB:FEATURE_LOCATION_CONFLICT::Coding region xref gene does not exist
plasmid_files/CP008833.1_results/PROKKA_06292018:CDS	Protein TraJ	CP008833.1:79389-80075	BLHFGFCM_00093

DiscRep_SUB:FEATURE_LOCATION_CONFLICT::Coding region xref gene does not exist
plasmid_files/CP008833.1_results/PROKKA_06292018:CDS	Relaxosome protein TraY	CP008833.1:80154-80540	BLHFGFCM_00094

DiscRep_SUB:FEATURE_LOCATION_CONFLICT::Coding region xref gene does not exist
plasmid_files/CP008833.1_results/PROKKA_06292018:CDS	Pilin	CP008833.1:80594-80962	BLHFGFCM_00095

DiscRep_SUB:FEATURE_LOCATION_CONFLICT::Coding region xref gene does not exist
plasmid_files/CP008833.1_results/PROKKA_06292018:CDS	hypothetical protein	CP008833.1:80976-81281	BLHFGFCM_00096

DiscRep_SUB:FEATURE_LOCATION_CONFLICT::Coding region xref gene does not exist
plasmid_files/CP008833.1_results/PROKKA_06292018:CDS	hypothetical protein	CP008833.1:81301-81867	BLHFGFCM_00097

DiscRep_SUB:FEATURE_LOCATION_CONFLICT::Coding region xref gene does not exist
plasmid_files/CP008833.1_results/PROKKA_06292018:CDS	hypothetical protein	CP008833.1:81854-82594	BLHFGFCM_00098

DiscRep_SUB:FEATURE_LOCATION_CONFLICT::Coding region xref gene does not exist
plasmid_files/CP008833.1_results/PROKKA_06292018:CDS	hypothetical protein	CP008833.1:82594-84018	BLHFGFCM_00099

DiscRep_SUB:FEATURE_LOCATION_CONFLICT::Coding region xref gene does not exist
plasmid_files/CP008833.1_results/PROKKA_06292018:CDS	Protein TraV	CP008833.1:84144-84716	BLHFGFCM_00100

DiscRep_SUB:FEATURE_LOCATION_CONFLICT::Coding region xref gene does not exist
plasmid_files/CP008833.1_results/PROKKA_06292018:CDS	hypothetical protein	CP008833.1:84848-85258	BLHFGFCM_00101

DiscRep_SUB:FEATURE_LOCATION_CONFLICT::Coding region xref gene does not exist
plasmid_files/CP008833.1_results/PROKKA_06292018:CDS	hypothetical protein	CP008833.1:85583-85894	BLHFGFCM_00102

DiscRep_SUB:FEATURE_LOCATION_CONFLICT::Coding region xref gene does not exist
plasmid_files/CP008833.1_results/PROKKA_06292018:CDS	hypothetical protein	CP008833.1:86408-86797	BLHFGFCM_00103

DiscRep_SUB:FEATURE_LOCATION_CONFLICT::Coding region xref gene does not exist
plasmid_files/CP008833.1_results/PROKKA_06292018:CDS	hypothetical protein	CP008833.1:86811-87203	BLHFGFCM_00104

DiscRep_SUB:FEATURE_LOCATION_CONFLICT::Coding region xref gene does not exist
plasmid_files/CP008833.1_results/PROKKA_06292018:CDS	Protein TraC	CP008833.1:87275-89914	BLHFGFCM_00105

DiscRep_SUB:FEATURE_LOCATION_CONFLICT::Coding region xref gene does not exist
plasmid_files/CP008833.1_results/PROKKA_06292018:CDS	hypothetical protein	CP008833.1:89914-90303	BLHFGFCM_00106

DiscRep_SUB:FEATURE_LOCATION_CONFLICT::Coding region xref gene does not exist
plasmid_files/CP008833.1_results/PROKKA_06292018:CDS	hypothetical protein	CP008833.1:90303-90929	BLHFGFCM_00107

DiscRep_SUB:FEATURE_LOCATION_CONFLICT::Coding region xref gene does not exist
plasmid_files/CP008833.1_results/PROKKA_06292018:CDS	hypothetical protein	CP008833.1:90971-91360	BLHFGFCM_00108

DiscRep_SUB:FEATURE_LOCATION_CONFLICT::Coding region xref gene does not exist
plasmid_files/CP008833.1_results/PROKKA_06292018:CDS	hypothetical protein	CP008833.1:91357-92346	BLHFGFCM_00109

DiscRep_SUB:FEATURE_LOCATION_CONFLICT::Coding region xref gene does not exist
plasmid_files/CP008833.1_results/PROKKA_06292018:CDS	hypothetical protein	CP008833.1:92359-92997	BLHFGFCM_00110

DiscRep_SUB:FEATURE_LOCATION_CONFLICT::Coding region xref gene does not exist
plasmid_files/CP008833.1_results/PROKKA_06292018:CDS	hypothetical protein	CP008833.1:93056-95011	BLHFGFCM_00111

DiscRep_SUB:FEATURE_LOCATION_CONFLICT::Coding region xref gene does not exist
plasmid_files/CP008833.1_results/PROKKA_06292018:CDS	hypothetical protein	CP008833.1:95043-95297	BLHFGFCM_00112

DiscRep_SUB:FEATURE_LOCATION_CONFLICT::Coding region xref gene does not exist
plasmid_files/CP008833.1_results/PROKKA_06292018:CDS	hypothetical protein	CP008833.1:95257-95523	BLHFGFCM_00113

DiscRep_SUB:FEATURE_LOCATION_CONFLICT::Coding region xref gene does not exist
plasmid_files/CP008833.1_results/PROKKA_06292018:CDS	hypothetical protein	CP008833.1:95536-95862	BLHFGFCM_00114

DiscRep_SUB:FEATURE_LOCATION_CONFLICT::Coding region xref gene does not exist
plasmid_files/CP008833.1_results/PROKKA_06292018:CDS	hypothetical protein	CP008833.1:95883-96635	BLHFGFCM_00115

DiscRep_SUB:FEATURE_LOCATION_CONFLICT::Coding region xref gene does not exist
plasmid_files/CP008833.1_results/PROKKA_06292018:CDS	Protein TraQ	CP008833.1:96646-96885	BLHFGFCM_00116

DiscRep_SUB:FEATURE_LOCATION_CONFLICT::Coding region xref gene does not exist
plasmid_files/CP008833.1_results/PROKKA_06292018:CDS	hypothetical protein	CP008833.1:96857-97414	BLHFGFCM_00117

DiscRep_SUB:FEATURE_LOCATION_CONFLICT::Coding region xref gene does not exist
plasmid_files/CP008833.1_results/PROKKA_06292018:CDS	hypothetical protein	CP008833.1:97460-97903	BLHFGFCM_00118

DiscRep_SUB:FEATURE_LOCATION_CONFLICT::Coding region xref gene does not exist
plasmid_files/CP008833.1_results/PROKKA_06292018:CDS	hypothetical protein	CP008833.1:97893-99260	BLHFGFCM_00119

DiscRep_SUB:FEATURE_LOCATION_CONFLICT::Coding region xref gene does not exist
plasmid_files/CP008833.1_results/PROKKA_06292018:CDS	hypothetical protein	CP008833.1:99260-102109	BLHFGFCM_00120

DiscRep_SUB:FEATURE_LOCATION_CONFLICT::Coding region xref gene does not exist
plasmid_files/CP008833.1_results/PROKKA_06292018:CDS	Protein TraS	CP008833.1:102122-102670	BLHFGFCM_00121

DiscRep_SUB:FEATURE_LOCATION_CONFLICT::Coding region xref gene does not exist
plasmid_files/CP008833.1_results/PROKKA_06292018:CDS	Lipoprotein YlpA	CP008833.1:102854-103585	BLHFGFCM_00122

DiscRep_SUB:FEATURE_LOCATION_CONFLICT::Coding region xref gene does not exist
plasmid_files/CP008833.1_results/PROKKA_06292018:CDS	hypothetical protein	CP008833.1:103777-104466	BLHFGFCM_00123

DiscRep_SUB:FEATURE_LOCATION_CONFLICT::Coding region xref gene does not exist
plasmid_files/CP008833.1_results/PROKKA_06292018:CDS	Coupling protein TraD	CP008833.1:104595-106907	BLHFGFCM_00124

DiscRep_SUB:FEATURE_LOCATION_CONFLICT::Coding region xref gene does not exist
plasmid_files/CP008833.1_results/PROKKA_06292018:CDS	Multifunctional conjugation protein TraI	CP008833.1:106907-112168	BLHFGFCM_00125

DiscRep_SUB:FEATURE_LOCATION_CONFLICT::Coding region xref gene does not exist
plasmid_files/CP008833.1_results/PROKKA_06292018:CDS	hypothetical protein	CP008833.1:112249-112974	BLHFGFCM_00126

DiscRep_SUB:FEATURE_LOCATION_CONFLICT::Coding region xref gene does not exist
plasmid_files/CP008833.1_results/PROKKA_06292018:CDS	Fertility inhibition protein	CP008833.1:113046-113639	BLHFGFCM_00127

DiscRep_ALL:SUSPECT_PRODUCT_NAMES::1 product_names contain suspect phrase or characters
DiscRep_SUB:SUSPECT_PRODUCT_NAMES::May contain database identifier more appropriate in note; remove from product name
DiscRep_SUB:SUSPECT_PRODUCT_NAMES::1 features Three or more numbers together
plasmid_files/CP008833.1_results/PROKKA_06292018:CDS	Putative transposon Tn552 DNA-invertase bin3	CP008833.1:c22544-21924	BLHFGFCM_00023

DiscRep_ALL:DISC_QUALITY_SCORES::Quality scores are missing on all sequences.

DiscRep_ALL:ONCALLER_COMMENT_PRESENT::1 comment descriptors were found (all same)
plasmid_files/CP008833.1_results/PROKKA_06292018:CP008833.1:Annotated using prokka 1.14-dev from https://github.com/tseemann/prokka

DiscRep_ALL:SHORT_PROT_SEQUENCES::2 protein sequences are shorter than 50 aa.
plasmid_files/CP008833.1_results/PROKKA_06292018:CP008833.1_21 (length 38)
plasmid_files/CP008833.1_results/PROKKA_06292018:CP008833.1_87 (length 48)

DiscRep_ALL:MISSING_GENOMEASSEMBLY_COMMENTS::1 bioseqs are missing GenomeAssembly structured comments
plasmid_files/CP008833.1_results/PROKKA_06292018:CP008833.1 (length 113639)

DiscRep_ALL:MOLTYPE_NOT_MRNA::1 molecule types are not set as mRNA.
plasmid_files/CP008833.1_results/PROKKA_06292018:CP008833.1 (length 113639)

DiscRep_ALL:TECHNIQUE_NOT_TSA::1 technique are not set as TSA
plasmid_files/CP008833.1_results/PROKKA_06292018:CP008833.1 (length 113639)

DiscRep_ALL:MISSING_STRUCTURED_COMMENT::1 sequences do not include structured comments.
plasmid_files/CP008833.1_results/PROKKA_06292018:CP008833.1 (length 113639)

DiscRep_ALL:MISSING_PROJECT::128 sequences do not include project.
plasmid_files/CP008833.1_results/PROKKA_06292018:CP008833.1 (length 113639)
plasmid_files/CP008833.1_results/PROKKA_06292018:CP008833.1_1 (length 73)
plasmid_files/CP008833.1_results/PROKKA_06292018:CP008833.1_2 (length 214)
plasmid_files/CP008833.1_results/PROKKA_06292018:CP008833.1_3 (length 216)
plasmid_files/CP008833.1_results/PROKKA_06292018:CP008833.1_4 (length 102)
plasmid_files/CP008833.1_results/PROKKA_06292018:CP008833.1_5 (length 186)
plasmid_files/CP008833.1_results/PROKKA_06292018:CP008833.1_6 (length 285)
plasmid_files/CP008833.1_results/PROKKA_06292018:CP008833.1_7 (length 187)
plasmid_files/CP008833.1_results/PROKKA_06292018:CP008833.1_8 (length 203)
plasmid_files/CP008833.1_results/PROKKA_06292018:CP008833.1_9 (length 330)
plasmid_files/CP008833.1_results/PROKKA_06292018:CP008833.1_10 (length 51)
plasmid_files/CP008833.1_results/PROKKA_06292018:CP008833.1_11 (length 571)
plasmid_files/CP008833.1_results/PROKKA_06292018:CP008833.1_12 (length 1009)
plasmid_files/CP008833.1_results/PROKKA_06292018:CP008833.1_13 (length 341)
plasmid_files/CP008833.1_results/PROKKA_06292018:CP008833.1_14 (length 259)
plasmid_files/CP008833.1_results/PROKKA_06292018:CP008833.1_15 (length 79)
plasmid_files/CP008833.1_results/PROKKA_06292018:CP008833.1_16 (length 293)
plasmid_files/CP008833.1_results/PROKKA_06292018:CP008833.1_17 (length 439)
plasmid_files/CP008833.1_results/PROKKA_06292018:CP008833.1_18 (length 394)
plasmid_files/CP008833.1_results/PROKKA_06292018:CP008833.1_19 (length 70)
plasmid_files/CP008833.1_results/PROKKA_06292018:CP008833.1_20 (length 119)
plasmid_files/CP008833.1_results/PROKKA_06292018:CP008833.1_21 (length 38)
plasmid_files/CP008833.1_results/PROKKA_06292018:CP008833.1_22 (length 119)
plasmid_files/CP008833.1_results/PROKKA_06292018:CP008833.1_23 (length 206)
plasmid_files/CP008833.1_results/PROKKA_06292018:CP008833.1_24 (length 965)
plasmid_files/CP008833.1_results/PROKKA_06292018:CP008833.1_25 (length 234)
plasmid_files/CP008833.1_results/PROKKA_06292018:CP008833.1_26 (length 111)
plasmid_files/CP008833.1_results/PROKKA_06292018:CP008833.1_27 (length 119)
plasmid_files/CP008833.1_results/PROKKA_06292018:CP008833.1_28 (length 286)
plasmid_files/CP008833.1_results/PROKKA_06292018:CP008833.1_29 (length 136)
plasmid_files/CP008833.1_results/PROKKA_06292018:CP008833.1_30 (length 422)
plasmid_files/CP008833.1_results/PROKKA_06292018:CP008833.1_31 (length 235)
plasmid_files/CP008833.1_results/PROKKA_06292018:CP008833.1_32 (length 78)
plasmid_files/CP008833.1_results/PROKKA_06292018:CP008833.1_33 (length 120)
plasmid_files/CP008833.1_results/PROKKA_06292018:CP008833.1_34 (length 564)
plasmid_files/CP008833.1_results/PROKKA_06292018:CP008833.1_35 (length 140)
plasmid_files/CP008833.1_results/PROKKA_06292018:CP008833.1_36 (length 125)
plasmid_files/CP008833.1_results/PROKKA_06292018:CP008833.1_37 (length 91)
plasmid_files/CP008833.1_results/PROKKA_06292018:CP008833.1_38 (length 236)
plasmid_files/CP008833.1_results/PROKKA_06292018:CP008833.1_39 (length 138)
plasmid_files/CP008833.1_results/PROKKA_06292018:CP008833.1_40 (length 76)
plasmid_files/CP008833.1_results/PROKKA_06292018:CP008833.1_41 (length 83)
plasmid_files/CP008833.1_results/PROKKA_06292018:CP008833.1_42 (length 102)
plasmid_files/CP008833.1_results/PROKKA_06292018:CP008833.1_43 (length 109)
plasmid_files/CP008833.1_results/PROKKA_06292018:CP008833.1_44 (length 132)
plasmid_files/CP008833.1_results/PROKKA_06292018:CP008833.1_45 (length 110)
plasmid_files/CP008833.1_results/PROKKA_06292018:CP008833.1_46 (length 260)
plasmid_files/CP008833.1_results/PROKKA_06292018:CP008833.1_47 (length 82)
plasmid_files/CP008833.1_results/PROKKA_06292018:CP008833.1_48 (length 157)
plasmid_files/CP008833.1_results/PROKKA_06292018:CP008833.1_49 (length 422)
plasmid_files/CP008833.1_results/PROKKA_06292018:CP008833.1_50 (length 1085)
plasmid_files/CP008833.1_results/PROKKA_06292018:CP008833.1_51 (length 438)
plasmid_files/CP008833.1_results/PROKKA_06292018:CP008833.1_52 (length 675)
plasmid_files/CP008833.1_results/PROKKA_06292018:CP008833.1_53 (length 57)
plasmid_files/CP008833.1_results/PROKKA_06292018:CP008833.1_54 (length 110)
plasmid_files/CP008833.1_results/PROKKA_06292018:CP008833.1_55 (length 324)
plasmid_files/CP008833.1_results/PROKKA_06292018:CP008833.1_56 (length 401)
plasmid_files/CP008833.1_results/PROKKA_06292018:CP008833.1_57 (length 298)
plasmid_files/CP008833.1_results/PROKKA_06292018:CP008833.1_58 (length 423)
plasmid_files/CP008833.1_results/PROKKA_06292018:CP008833.1_59 (length 143)
plasmid_files/CP008833.1_results/PROKKA_06292018:CP008833.1_60 (length 323)
plasmid_files/CP008833.1_results/PROKKA_06292018:CP008833.1_61 (length 223)
plasmid_files/CP008833.1_results/PROKKA_06292018:CP008833.1_62 (length 76)
plasmid_files/CP008833.1_results/PROKKA_06292018:CP008833.1_63 (length 233)
plasmid_files/CP008833.1_results/PROKKA_06292018:CP008833.1_64 (length 73)
plasmid_files/CP008833.1_results/PROKKA_06292018:CP008833.1_65 (length 139)
plasmid_files/CP008833.1_results/PROKKA_06292018:CP008833.1_66 (length 255)
plasmid_files/CP008833.1_results/PROKKA_06292018:CP008833.1_67 (length 142)
plasmid_files/CP008833.1_results/PROKKA_06292018:CP008833.1_68 (length 168)
plasmid_files/CP008833.1_results/PROKKA_06292018:CP008833.1_69 (length 63)
plasmid_files/CP008833.1_results/PROKKA_06292018:CP008833.1_70 (length 84)
plasmid_files/CP008833.1_results/PROKKA_06292018:CP008833.1_71 (length 105)
plasmid_files/CP008833.1_results/PROKKA_06292018:CP008833.1_72 (length 75)
plasmid_files/CP008833.1_results/PROKKA_06292018:CP008833.1_73 (length 76)
plasmid_files/CP008833.1_results/PROKKA_06292018:CP008833.1_74 (length 451)
plasmid_files/CP008833.1_results/PROKKA_06292018:CP008833.1_75 (length 187)
plasmid_files/CP008833.1_results/PROKKA_06292018:CP008833.1_76 (length 106)
plasmid_files/CP008833.1_results/PROKKA_06292018:CP008833.1_77 (length 170)
plasmid_files/CP008833.1_results/PROKKA_06292018:CP008833.1_78 (length 80)
plasmid_files/CP008833.1_results/PROKKA_06292018:CP008833.1_79 (length 669)
plasmid_files/CP008833.1_results/PROKKA_06292018:CP008833.1_80 (length 143)
plasmid_files/CP008833.1_results/PROKKA_06292018:CP008833.1_81 (length 240)
plasmid_files/CP008833.1_results/PROKKA_06292018:CP008833.1_82 (length 118)
plasmid_files/CP008833.1_results/PROKKA_06292018:CP008833.1_83 (length 90)
plasmid_files/CP008833.1_results/PROKKA_06292018:CP008833.1_84 (length 116)
plasmid_files/CP008833.1_results/PROKKA_06292018:CP008833.1_85 (length 117)
plasmid_files/CP008833.1_results/PROKKA_06292018:CP008833.1_86 (length 115)
plasmid_files/CP008833.1_results/PROKKA_06292018:CP008833.1_87 (length 48)
plasmid_files/CP008833.1_results/PROKKA_06292018:CP008833.1_88 (length 277)
plasmid_files/CP008833.1_results/PROKKA_06292018:CP008833.1_89 (length 273)
plasmid_files/CP008833.1_results/PROKKA_06292018:CP008833.1_90 (length 104)
plasmid_files/CP008833.1_results/PROKKA_06292018:CP008833.1_91 (length 161)
plasmid_files/CP008833.1_results/PROKKA_06292018:CP008833.1_92 (length 132)
plasmid_files/CP008833.1_results/PROKKA_06292018:CP008833.1_93 (length 228)
plasmid_files/CP008833.1_results/PROKKA_06292018:CP008833.1_94 (length 128)
plasmid_files/CP008833.1_results/PROKKA_06292018:CP008833.1_95 (length 122)
plasmid_files/CP008833.1_results/PROKKA_06292018:CP008833.1_96 (length 101)
plasmid_files/CP008833.1_results/PROKKA_06292018:CP008833.1_97 (length 188)
plasmid_files/CP008833.1_results/PROKKA_06292018:CP008833.1_98 (length 246)
plasmid_files/CP008833.1_results/PROKKA_06292018:CP008833.1_99 (length 474)
plasmid_files/CP008833.1_results/PROKKA_06292018:CP008833.1_100 (length 190)
plasmid_files/CP008833.1_results/PROKKA_06292018:CP008833.1_101 (length 136)
plasmid_files/CP008833.1_results/PROKKA_06292018:CP008833.1_102 (length 103)
plasmid_files/CP008833.1_results/PROKKA_06292018:CP008833.1_103 (length 129)
plasmid_files/CP008833.1_results/PROKKA_06292018:CP008833.1_104 (length 130)
plasmid_files/CP008833.1_results/PROKKA_06292018:CP008833.1_105 (length 879)
plasmid_files/CP008833.1_results/PROKKA_06292018:CP008833.1_106 (length 129)
plasmid_files/CP008833.1_results/PROKKA_06292018:CP008833.1_107 (length 208)
plasmid_files/CP008833.1_results/PROKKA_06292018:CP008833.1_108 (length 129)
plasmid_files/CP008833.1_results/PROKKA_06292018:CP008833.1_109 (length 329)
plasmid_files/CP008833.1_results/PROKKA_06292018:CP008833.1_110 (length 212)
plasmid_files/CP008833.1_results/PROKKA_06292018:CP008833.1_111 (length 651)
plasmid_files/CP008833.1_results/PROKKA_06292018:CP008833.1_112 (length 84)
plasmid_files/CP008833.1_results/PROKKA_06292018:CP008833.1_113 (length 88)
plasmid_files/CP008833.1_results/PROKKA_06292018:CP008833.1_114 (length 108)
plasmid_files/CP008833.1_results/PROKKA_06292018:CP008833.1_115 (length 250)
plasmid_files/CP008833.1_results/PROKKA_06292018:CP008833.1_116 (length 79)
plasmid_files/CP008833.1_results/PROKKA_06292018:CP008833.1_117 (length 185)
plasmid_files/CP008833.1_results/PROKKA_06292018:CP008833.1_118 (length 147)
plasmid_files/CP008833.1_results/PROKKA_06292018:CP008833.1_119 (length 455)
plasmid_files/CP008833.1_results/PROKKA_06292018:CP008833.1_120 (length 949)
plasmid_files/CP008833.1_results/PROKKA_06292018:CP008833.1_121 (length 182)
plasmid_files/CP008833.1_results/PROKKA_06292018:CP008833.1_122 (length 243)
plasmid_files/CP008833.1_results/PROKKA_06292018:CP008833.1_123 (length 229)
plasmid_files/CP008833.1_results/PROKKA_06292018:CP008833.1_124 (length 770)
plasmid_files/CP008833.1_results/PROKKA_06292018:CP008833.1_125 (length 1753)
plasmid_files/CP008833.1_results/PROKKA_06292018:CP008833.1_126 (length 241)
plasmid_files/CP008833.1_results/PROKKA_06292018:CP008833.1_127 (length 197)

DiscRep_ALL:DISC_INCONSISTENT_MOLINFO_TECH::Molinfo Technique Report (some missing, all same)
DiscRep_SUB:DISC_INCONSISTENT_MOLINFO_TECH::technique (all missing)
DiscRep_SUB:DISC_INCONSISTENT_MOLINFO_TECH::1 Molinfos are missing field technique
plasmid_files/CP008833.1_results/PROKKA_06292018:CP008833.1 (length 113639)

