Discrepancy Report Results

Summary
FATAL: MISSING_PROTEIN_ID:135 proteins have invalid IDs.
DISC_SOURCE_QUALS_ASNDISC:strain (all present, all unique)
DISC_SOURCE_QUALS_ASNDISC:taxname (all present, all unique)
DISC_FEATURE_COUNT:CDS: 135 present
DISC_COUNT_NUCLEOTIDES:1 nucleotide Bioseqs are present
FEATURE_LOCATION_CONFLICT:135 features have inconsistent gene locations.
DISC_QUALITY_SCORES:Quality scores are missing on all sequences.
ONCALLER_COMMENT_PRESENT:1 comment descriptors were found (all same)
SHORT_PROT_SEQUENCES:2 protein sequences are shorter than 50 aa.
MISSING_GENOMEASSEMBLY_COMMENTS:1 bioseqs are missing GenomeAssembly structured comments
MOLTYPE_NOT_MRNA:1 molecule types are not set as mRNA.
TECHNIQUE_NOT_TSA:1 technique are not set as TSA
MISSING_STRUCTURED_COMMENT:1 sequences do not include structured comments.
MISSING_PROJECT:136 sequences do not include project.
DISC_INCONSISTENT_MOLINFO_TECH:Molinfo Technique Report (some missing, all same)


Detailed Report

FATAL: DiscRep_ALL:MISSING_PROTEIN_ID::135 proteins have invalid IDs.
plasmid_files/CP021195.1_results/PROKKA_06292018:CP021195.1_1 (length 194)
plasmid_files/CP021195.1_results/PROKKA_06292018:CP021195.1_2 (length 72)
plasmid_files/CP021195.1_results/PROKKA_06292018:CP021195.1_3 (length 103)
plasmid_files/CP021195.1_results/PROKKA_06292018:CP021195.1_4 (length 134)
plasmid_files/CP021195.1_results/PROKKA_06292018:CP021195.1_5 (length 61)
plasmid_files/CP021195.1_results/PROKKA_06292018:CP021195.1_6 (length 130)
plasmid_files/CP021195.1_results/PROKKA_06292018:CP021195.1_7 (length 879)
plasmid_files/CP021195.1_results/PROKKA_06292018:CP021195.1_8 (length 129)
plasmid_files/CP021195.1_results/PROKKA_06292018:CP021195.1_9 (length 211)
plasmid_files/CP021195.1_results/PROKKA_06292018:CP021195.1_10 (length 133)
plasmid_files/CP021195.1_results/PROKKA_06292018:CP021195.1_11 (length 329)
plasmid_files/CP021195.1_results/PROKKA_06292018:CP021195.1_12 (length 212)
plasmid_files/CP021195.1_results/PROKKA_06292018:CP021195.1_13 (length 651)
plasmid_files/CP021195.1_results/PROKKA_06292018:CP021195.1_14 (length 84)
plasmid_files/CP021195.1_results/PROKKA_06292018:CP021195.1_15 (length 88)
plasmid_files/CP021195.1_results/PROKKA_06292018:CP021195.1_16 (length 108)
plasmid_files/CP021195.1_results/PROKKA_06292018:CP021195.1_17 (length 250)
plasmid_files/CP021195.1_results/PROKKA_06292018:CP021195.1_18 (length 79)
plasmid_files/CP021195.1_results/PROKKA_06292018:CP021195.1_19 (length 185)
plasmid_files/CP021195.1_results/PROKKA_06292018:CP021195.1_20 (length 147)
plasmid_files/CP021195.1_results/PROKKA_06292018:CP021195.1_21 (length 455)
plasmid_files/CP021195.1_results/PROKKA_06292018:CP021195.1_22 (length 949)
plasmid_files/CP021195.1_results/PROKKA_06292018:CP021195.1_23 (length 207)
plasmid_files/CP021195.1_results/PROKKA_06292018:CP021195.1_24 (length 243)
plasmid_files/CP021195.1_results/PROKKA_06292018:CP021195.1_25 (length 229)
plasmid_files/CP021195.1_results/PROKKA_06292018:CP021195.1_26 (length 770)
plasmid_files/CP021195.1_results/PROKKA_06292018:CP021195.1_27 (length 1753)
plasmid_files/CP021195.1_results/PROKKA_06292018:CP021195.1_28 (length 241)
plasmid_files/CP021195.1_results/PROKKA_06292018:CP021195.1_29 (length 197)
plasmid_files/CP021195.1_results/PROKKA_06292018:CP021195.1_30 (length 73)
plasmid_files/CP021195.1_results/PROKKA_06292018:CP021195.1_31 (length 214)
plasmid_files/CP021195.1_results/PROKKA_06292018:CP021195.1_32 (length 216)
plasmid_files/CP021195.1_results/PROKKA_06292018:CP021195.1_33 (length 102)
plasmid_files/CP021195.1_results/PROKKA_06292018:CP021195.1_34 (length 186)
plasmid_files/CP021195.1_results/PROKKA_06292018:CP021195.1_35 (length 85)
plasmid_files/CP021195.1_results/PROKKA_06292018:CP021195.1_36 (length 287)
plasmid_files/CP021195.1_results/PROKKA_06292018:CP021195.1_37 (length 413)
plasmid_files/CP021195.1_results/PROKKA_06292018:CP021195.1_38 (length 297)
plasmid_files/CP021195.1_results/PROKKA_06292018:CP021195.1_39 (length 665)
plasmid_files/CP021195.1_results/PROKKA_06292018:CP021195.1_40 (length 303)
plasmid_files/CP021195.1_results/PROKKA_06292018:CP021195.1_41 (length 110)
plasmid_files/CP021195.1_results/PROKKA_06292018:CP021195.1_42 (length 167)
plasmid_files/CP021195.1_results/PROKKA_06292018:CP021195.1_43 (length 104)
plasmid_files/CP021195.1_results/PROKKA_06292018:CP021195.1_44 (length 157)
plasmid_files/CP021195.1_results/PROKKA_06292018:CP021195.1_45 (length 64)
plasmid_files/CP021195.1_results/PROKKA_06292018:CP021195.1_46 (length 988)
plasmid_files/CP021195.1_results/PROKKA_06292018:CP021195.1_47 (length 186)
plasmid_files/CP021195.1_results/PROKKA_06292018:CP021195.1_48 (length 186)
plasmid_files/CP021195.1_results/PROKKA_06292018:CP021195.1_49 (length 92)
plasmid_files/CP021195.1_results/PROKKA_06292018:CP021195.1_50 (length 141)
plasmid_files/CP021195.1_results/PROKKA_06292018:CP021195.1_51 (length 51)
plasmid_files/CP021195.1_results/PROKKA_06292018:CP021195.1_52 (length 98)
plasmid_files/CP021195.1_results/PROKKA_06292018:CP021195.1_53 (length 326)
plasmid_files/CP021195.1_results/PROKKA_06292018:CP021195.1_54 (length 293)
plasmid_files/CP021195.1_results/PROKKA_06292018:CP021195.1_55 (length 326)
plasmid_files/CP021195.1_results/PROKKA_06292018:CP021195.1_56 (length 133)
plasmid_files/CP021195.1_results/PROKKA_06292018:CP021195.1_57 (length 234)
plasmid_files/CP021195.1_results/PROKKA_06292018:CP021195.1_58 (length 422)
plasmid_files/CP021195.1_results/PROKKA_06292018:CP021195.1_59 (length 235)
plasmid_files/CP021195.1_results/PROKKA_06292018:CP021195.1_60 (length 78)
plasmid_files/CP021195.1_results/PROKKA_06292018:CP021195.1_61 (length 120)
plasmid_files/CP021195.1_results/PROKKA_06292018:CP021195.1_62 (length 564)
plasmid_files/CP021195.1_results/PROKKA_06292018:CP021195.1_63 (length 153)
plasmid_files/CP021195.1_results/PROKKA_06292018:CP021195.1_64 (length 91)
plasmid_files/CP021195.1_results/PROKKA_06292018:CP021195.1_65 (length 116)
plasmid_files/CP021195.1_results/PROKKA_06292018:CP021195.1_66 (length 144)
plasmid_files/CP021195.1_results/PROKKA_06292018:CP021195.1_67 (length 334)
plasmid_files/CP021195.1_results/PROKKA_06292018:CP021195.1_68 (length 125)
plasmid_files/CP021195.1_results/PROKKA_06292018:CP021195.1_69 (length 340)
plasmid_files/CP021195.1_results/PROKKA_06292018:CP021195.1_70 (length 520)
plasmid_files/CP021195.1_results/PROKKA_06292018:CP021195.1_71 (length 138)
plasmid_files/CP021195.1_results/PROKKA_06292018:CP021195.1_72 (length 76)
plasmid_files/CP021195.1_results/PROKKA_06292018:CP021195.1_73 (length 135)
plasmid_files/CP021195.1_results/PROKKA_06292018:CP021195.1_74 (length 292)
plasmid_files/CP021195.1_results/PROKKA_06292018:CP021195.1_75 (length 130)
plasmid_files/CP021195.1_results/PROKKA_06292018:CP021195.1_76 (length 173)
plasmid_files/CP021195.1_results/PROKKA_06292018:CP021195.1_77 (length 67)
plasmid_files/CP021195.1_results/PROKKA_06292018:CP021195.1_78 (length 321)
plasmid_files/CP021195.1_results/PROKKA_06292018:CP021195.1_79 (length 48)
plasmid_files/CP021195.1_results/PROKKA_06292018:CP021195.1_80 (length 209)
plasmid_files/CP021195.1_results/PROKKA_06292018:CP021195.1_81 (length 59)
plasmid_files/CP021195.1_results/PROKKA_06292018:CP021195.1_82 (length 85)
plasmid_files/CP021195.1_results/PROKKA_06292018:CP021195.1_83 (length 31)
plasmid_files/CP021195.1_results/PROKKA_06292018:CP021195.1_84 (length 91)
plasmid_files/CP021195.1_results/PROKKA_06292018:CP021195.1_85 (length 288)
plasmid_files/CP021195.1_results/PROKKA_06292018:CP021195.1_86 (length 203)
plasmid_files/CP021195.1_results/PROKKA_06292018:CP021195.1_87 (length 401)
plasmid_files/CP021195.1_results/PROKKA_06292018:CP021195.1_88 (length 324)
plasmid_files/CP021195.1_results/PROKKA_06292018:CP021195.1_89 (length 423)
plasmid_files/CP021195.1_results/PROKKA_06292018:CP021195.1_90 (length 143)
plasmid_files/CP021195.1_results/PROKKA_06292018:CP021195.1_91 (length 286)
plasmid_files/CP021195.1_results/PROKKA_06292018:CP021195.1_92 (length 223)
plasmid_files/CP021195.1_results/PROKKA_06292018:CP021195.1_93 (length 76)
plasmid_files/CP021195.1_results/PROKKA_06292018:CP021195.1_94 (length 233)
plasmid_files/CP021195.1_results/PROKKA_06292018:CP021195.1_95 (length 73)
plasmid_files/CP021195.1_results/PROKKA_06292018:CP021195.1_96 (length 139)
plasmid_files/CP021195.1_results/PROKKA_06292018:CP021195.1_97 (length 255)
plasmid_files/CP021195.1_results/PROKKA_06292018:CP021195.1_98 (length 142)
plasmid_files/CP021195.1_results/PROKKA_06292018:CP021195.1_99 (length 168)
plasmid_files/CP021195.1_results/PROKKA_06292018:CP021195.1_100 (length 63)
plasmid_files/CP021195.1_results/PROKKA_06292018:CP021195.1_101 (length 84)
plasmid_files/CP021195.1_results/PROKKA_06292018:CP021195.1_102 (length 106)
plasmid_files/CP021195.1_results/PROKKA_06292018:CP021195.1_103 (length 75)
plasmid_files/CP021195.1_results/PROKKA_06292018:CP021195.1_104 (length 76)
plasmid_files/CP021195.1_results/PROKKA_06292018:CP021195.1_105 (length 451)
plasmid_files/CP021195.1_results/PROKKA_06292018:CP021195.1_106 (length 187)
plasmid_files/CP021195.1_results/PROKKA_06292018:CP021195.1_107 (length 106)
plasmid_files/CP021195.1_results/PROKKA_06292018:CP021195.1_108 (length 58)
plasmid_files/CP021195.1_results/PROKKA_06292018:CP021195.1_109 (length 180)
plasmid_files/CP021195.1_results/PROKKA_06292018:CP021195.1_110 (length 82)
plasmid_files/CP021195.1_results/PROKKA_06292018:CP021195.1_111 (length 685)
plasmid_files/CP021195.1_results/PROKKA_06292018:CP021195.1_112 (length 143)
plasmid_files/CP021195.1_results/PROKKA_06292018:CP021195.1_113 (length 242)
plasmid_files/CP021195.1_results/PROKKA_06292018:CP021195.1_114 (length 108)
plasmid_files/CP021195.1_results/PROKKA_06292018:CP021195.1_115 (length 124)
plasmid_files/CP021195.1_results/PROKKA_06292018:CP021195.1_116 (length 357)
plasmid_files/CP021195.1_results/PROKKA_06292018:CP021195.1_117 (length 52)
plasmid_files/CP021195.1_results/PROKKA_06292018:CP021195.1_118 (length 90)
plasmid_files/CP021195.1_results/PROKKA_06292018:CP021195.1_119 (length 116)
plasmid_files/CP021195.1_results/PROKKA_06292018:CP021195.1_120 (length 118)
plasmid_files/CP021195.1_results/PROKKA_06292018:CP021195.1_121 (length 70)
plasmid_files/CP021195.1_results/PROKKA_06292018:CP021195.1_122 (length 74)
plasmid_files/CP021195.1_results/PROKKA_06292018:CP021195.1_123 (length 106)
plasmid_files/CP021195.1_results/PROKKA_06292018:CP021195.1_124 (length 92)
plasmid_files/CP021195.1_results/PROKKA_06292018:CP021195.1_125 (length 137)
plasmid_files/CP021195.1_results/PROKKA_06292018:CP021195.1_126 (length 58)
plasmid_files/CP021195.1_results/PROKKA_06292018:CP021195.1_127 (length 273)
plasmid_files/CP021195.1_results/PROKKA_06292018:CP021195.1_128 (length 161)
plasmid_files/CP021195.1_results/PROKKA_06292018:CP021195.1_129 (length 130)
plasmid_files/CP021195.1_results/PROKKA_06292018:CP021195.1_130 (length 233)
plasmid_files/CP021195.1_results/PROKKA_06292018:CP021195.1_131 (length 122)
plasmid_files/CP021195.1_results/PROKKA_06292018:CP021195.1_132 (length 101)
plasmid_files/CP021195.1_results/PROKKA_06292018:CP021195.1_133 (length 188)
plasmid_files/CP021195.1_results/PROKKA_06292018:CP021195.1_134 (length 246)
plasmid_files/CP021195.1_results/PROKKA_06292018:CP021195.1_135 (length 97)

DiscRep_ALL:DISC_SOURCE_QUALS_ASNDISC::strain (all present, all unique)
DiscRep_SUB:DISC_SOURCE_QUALS_ASNDISC::1 sources have unique values for strain
DiscRep_ALL:DISC_SOURCE_QUALS_ASNDISC::taxname (all present, all unique)
DiscRep_SUB:DISC_SOURCE_QUALS_ASNDISC::1 sources have unique values for taxname
DiscRep_ALL:DISC_FEATURE_COUNT::CDS: 135 present
DiscRep_ALL:DISC_COUNT_NUCLEOTIDES::1 nucleotide Bioseqs are present
plasmid_files/CP021195.1_results/PROKKA_06292018:CP021195.1 (length 107793)

DiscRep_ALL:FEATURE_LOCATION_CONFLICT::135 features have inconsistent gene locations.
DiscRep_SUB:FEATURE_LOCATION_CONFLICT::Coding region xref gene does not exist
plasmid_files/CP021195.1_results/PROKKA_06292018:CDS	Protein TraV	CP021195.1:108-692	GIKEOHNB_00001

DiscRep_SUB:FEATURE_LOCATION_CONFLICT::Coding region xref gene does not exist
plasmid_files/CP021195.1_results/PROKKA_06292018:CDS	hypothetical protein	CP021195.1:1015-1233	GIKEOHNB_00002

DiscRep_SUB:FEATURE_LOCATION_CONFLICT::Coding region xref gene does not exist
plasmid_files/CP021195.1_results/PROKKA_06292018:CDS	hypothetical protein	CP021195.1:1234-1545	GIKEOHNB_00003

DiscRep_SUB:FEATURE_LOCATION_CONFLICT::Coding region xref gene does not exist
plasmid_files/CP021195.1_results/PROKKA_06292018:CDS	hypothetical protein	CP021195.1:1612-2016	GIKEOHNB_00004

DiscRep_SUB:FEATURE_LOCATION_CONFLICT::Coding region xref gene does not exist
plasmid_files/CP021195.1_results/PROKKA_06292018:CDS	hypothetical protein	CP021195.1:2059-2244	GIKEOHNB_00005

DiscRep_SUB:FEATURE_LOCATION_CONFLICT::Coding region xref gene does not exist
plasmid_files/CP021195.1_results/PROKKA_06292018:CDS	hypothetical protein	CP021195.1:2401-2793	GIKEOHNB_00006

DiscRep_SUB:FEATURE_LOCATION_CONFLICT::Coding region xref gene does not exist
plasmid_files/CP021195.1_results/PROKKA_06292018:CDS	Protein TraC	CP021195.1:2865-5504	GIKEOHNB_00007

DiscRep_SUB:FEATURE_LOCATION_CONFLICT::Coding region xref gene does not exist
plasmid_files/CP021195.1_results/PROKKA_06292018:CDS	hypothetical protein	CP021195.1:5504-5893	GIKEOHNB_00008

DiscRep_SUB:FEATURE_LOCATION_CONFLICT::Coding region xref gene does not exist
plasmid_files/CP021195.1_results/PROKKA_06292018:CDS	hypothetical protein	CP021195.1:5893-6528	GIKEOHNB_00009

DiscRep_SUB:FEATURE_LOCATION_CONFLICT::Coding region xref gene does not exist
plasmid_files/CP021195.1_results/PROKKA_06292018:CDS	hypothetical protein	CP021195.1:6563-6964	GIKEOHNB_00010

DiscRep_SUB:FEATURE_LOCATION_CONFLICT::Coding region xref gene does not exist
plasmid_files/CP021195.1_results/PROKKA_06292018:CDS	hypothetical protein	CP021195.1:6961-7950	GIKEOHNB_00011

DiscRep_SUB:FEATURE_LOCATION_CONFLICT::Coding region xref gene does not exist
plasmid_files/CP021195.1_results/PROKKA_06292018:CDS	hypothetical protein	CP021195.1:7963-8601	GIKEOHNB_00012

DiscRep_SUB:FEATURE_LOCATION_CONFLICT::Coding region xref gene does not exist
plasmid_files/CP021195.1_results/PROKKA_06292018:CDS	hypothetical protein	CP021195.1:8660-10615	GIKEOHNB_00013

DiscRep_SUB:FEATURE_LOCATION_CONFLICT::Coding region xref gene does not exist
plasmid_files/CP021195.1_results/PROKKA_06292018:CDS	hypothetical protein	CP021195.1:10647-10901	GIKEOHNB_00014

DiscRep_SUB:FEATURE_LOCATION_CONFLICT::Coding region xref gene does not exist
plasmid_files/CP021195.1_results/PROKKA_06292018:CDS	hypothetical protein	CP021195.1:10861-11127	GIKEOHNB_00015

DiscRep_SUB:FEATURE_LOCATION_CONFLICT::Coding region xref gene does not exist
plasmid_files/CP021195.1_results/PROKKA_06292018:CDS	hypothetical protein	CP021195.1:11140-11466	GIKEOHNB_00016

DiscRep_SUB:FEATURE_LOCATION_CONFLICT::Coding region xref gene does not exist
plasmid_files/CP021195.1_results/PROKKA_06292018:CDS	hypothetical protein	CP021195.1:11487-12239	GIKEOHNB_00017

DiscRep_SUB:FEATURE_LOCATION_CONFLICT::Coding region xref gene does not exist
plasmid_files/CP021195.1_results/PROKKA_06292018:CDS	Protein TraQ	CP021195.1:12250-12489	GIKEOHNB_00018

DiscRep_SUB:FEATURE_LOCATION_CONFLICT::Coding region xref gene does not exist
plasmid_files/CP021195.1_results/PROKKA_06292018:CDS	hypothetical protein	CP021195.1:12461-13018	GIKEOHNB_00019

DiscRep_SUB:FEATURE_LOCATION_CONFLICT::Coding region xref gene does not exist
plasmid_files/CP021195.1_results/PROKKA_06292018:CDS	hypothetical protein	CP021195.1:13064-13507	GIKEOHNB_00020

DiscRep_SUB:FEATURE_LOCATION_CONFLICT::Coding region xref gene does not exist
plasmid_files/CP021195.1_results/PROKKA_06292018:CDS	hypothetical protein	CP021195.1:13497-14864	GIKEOHNB_00021

DiscRep_SUB:FEATURE_LOCATION_CONFLICT::Coding region xref gene does not exist
plasmid_files/CP021195.1_results/PROKKA_06292018:CDS	hypothetical protein	CP021195.1:14864-17713	GIKEOHNB_00022

DiscRep_SUB:FEATURE_LOCATION_CONFLICT::Coding region xref gene does not exist
plasmid_files/CP021195.1_results/PROKKA_06292018:CDS	Protein TraS	CP021195.1:17710-18333	GIKEOHNB_00023

DiscRep_SUB:FEATURE_LOCATION_CONFLICT::Coding region xref gene does not exist
plasmid_files/CP021195.1_results/PROKKA_06292018:CDS	Lipoprotein YlpA	CP021195.1:18434-19165	GIKEOHNB_00024

DiscRep_SUB:FEATURE_LOCATION_CONFLICT::Coding region xref gene does not exist
plasmid_files/CP021195.1_results/PROKKA_06292018:CDS	hypothetical protein	CP021195.1:19358-20047	GIKEOHNB_00025

DiscRep_SUB:FEATURE_LOCATION_CONFLICT::Coding region xref gene does not exist
plasmid_files/CP021195.1_results/PROKKA_06292018:CDS	Coupling protein TraD	CP021195.1:20176-22488	GIKEOHNB_00026

DiscRep_SUB:FEATURE_LOCATION_CONFLICT::Coding region xref gene does not exist
plasmid_files/CP021195.1_results/PROKKA_06292018:CDS	Multifunctional conjugation protein TraI	CP021195.1:22488-27749	GIKEOHNB_00027

DiscRep_SUB:FEATURE_LOCATION_CONFLICT::Coding region xref gene does not exist
plasmid_files/CP021195.1_results/PROKKA_06292018:CDS	hypothetical protein	CP021195.1:27793-28518	GIKEOHNB_00028

DiscRep_SUB:FEATURE_LOCATION_CONFLICT::Coding region xref gene does not exist
plasmid_files/CP021195.1_results/PROKKA_06292018:CDS	Fertility inhibition protein	CP021195.1:28590-29183	GIKEOHNB_00029

DiscRep_SUB:FEATURE_LOCATION_CONFLICT::Coding region xref gene does not exist
plasmid_files/CP021195.1_results/PROKKA_06292018:CDS	hypothetical protein	CP021195.1:29725-29946	GIKEOHNB_00030

DiscRep_SUB:FEATURE_LOCATION_CONFLICT::Coding region xref gene does not exist
plasmid_files/CP021195.1_results/PROKKA_06292018:CDS	hypothetical protein	CP021195.1:29996-30640	GIKEOHNB_00031

DiscRep_SUB:FEATURE_LOCATION_CONFLICT::Coding region xref gene does not exist
plasmid_files/CP021195.1_results/PROKKA_06292018:CDS	hypothetical protein	CP021195.1:30696-31346	GIKEOHNB_00032

DiscRep_SUB:FEATURE_LOCATION_CONFLICT::Coding region xref gene does not exist
plasmid_files/CP021195.1_results/PROKKA_06292018:CDS	hypothetical protein	CP021195.1:31343-31651	GIKEOHNB_00033

DiscRep_SUB:FEATURE_LOCATION_CONFLICT::Coding region xref gene does not exist
plasmid_files/CP021195.1_results/PROKKA_06292018:CDS	Phospholipase D	CP021195.1:31746-32306	GIKEOHNB_00034

DiscRep_SUB:FEATURE_LOCATION_CONFLICT::Coding region xref gene does not exist
plasmid_files/CP021195.1_results/PROKKA_06292018:CDS	hypothetical protein	CP021195.1:32438-32695	GIKEOHNB_00035

DiscRep_SUB:FEATURE_LOCATION_CONFLICT::Coding region xref gene does not exist
plasmid_files/CP021195.1_results/PROKKA_06292018:CDS	hypothetical protein	CP021195.1:33005-33868	GIKEOHNB_00036

DiscRep_SUB:FEATURE_LOCATION_CONFLICT::Coding region xref gene does not exist
plasmid_files/CP021195.1_results/PROKKA_06292018:CDS	tRNA1(Val) (adenine(37)-N6)-methyltransferase	CP021195.1:35187-36428	GIKEOHNB_00037

DiscRep_SUB:FEATURE_LOCATION_CONFLICT::Coding region xref gene does not exist
plasmid_files/CP021195.1_results/PROKKA_06292018:CDS	hypothetical protein	CP021195.1:36436-37329	GIKEOHNB_00038

DiscRep_SUB:FEATURE_LOCATION_CONFLICT::Coding region xref gene does not exist
plasmid_files/CP021195.1_results/PROKKA_06292018:CDS	hypothetical protein	CP021195.1:37333-39330	GIKEOHNB_00039

DiscRep_SUB:FEATURE_LOCATION_CONFLICT::Coding region xref gene does not exist
plasmid_files/CP021195.1_results/PROKKA_06292018:CDS	hypothetical protein	CP021195.1:39327-40238	GIKEOHNB_00040

DiscRep_SUB:FEATURE_LOCATION_CONFLICT::Coding region xref gene does not exist
plasmid_files/CP021195.1_results/PROKKA_06292018:CDS	hypothetical protein	CP021195.1:40624-40956	GIKEOHNB_00041

DiscRep_SUB:FEATURE_LOCATION_CONFLICT::Coding region xref gene does not exist
plasmid_files/CP021195.1_results/PROKKA_06292018:CDS	hypothetical protein	CP021195.1:40969-41472	GIKEOHNB_00042

DiscRep_SUB:FEATURE_LOCATION_CONFLICT::Coding region xref gene does not exist
plasmid_files/CP021195.1_results/PROKKA_06292018:CDS	hypothetical protein	CP021195.1:41488-41802	GIKEOHNB_00043

DiscRep_SUB:FEATURE_LOCATION_CONFLICT::Coding region xref gene does not exist
plasmid_files/CP021195.1_results/PROKKA_06292018:CDS	hypothetical protein	CP021195.1:41892-42365	GIKEOHNB_00044

DiscRep_SUB:FEATURE_LOCATION_CONFLICT::Coding region xref gene does not exist
plasmid_files/CP021195.1_results/PROKKA_06292018:CDS	hypothetical protein	CP021195.1:c42761-42567	GIKEOHNB_00045

DiscRep_SUB:FEATURE_LOCATION_CONFLICT::Coding region xref gene does not exist
plasmid_files/CP021195.1_results/PROKKA_06292018:CDS	hypothetical protein	CP021195.1:c45869-42903	GIKEOHNB_00046

DiscRep_SUB:FEATURE_LOCATION_CONFLICT::Coding region xref gene does not exist
plasmid_files/CP021195.1_results/PROKKA_06292018:CDS	DNA-invertase hin	CP021195.1:c46433-45873	GIKEOHNB_00047

DiscRep_SUB:FEATURE_LOCATION_CONFLICT::Coding region xref gene does not exist
plasmid_files/CP021195.1_results/PROKKA_06292018:CDS	hypothetical protein	CP021195.1:46882-47442	GIKEOHNB_00048

DiscRep_SUB:FEATURE_LOCATION_CONFLICT::Coding region xref gene does not exist
plasmid_files/CP021195.1_results/PROKKA_06292018:CDS	hypothetical protein	CP021195.1:47976-48254	GIKEOHNB_00049

DiscRep_SUB:FEATURE_LOCATION_CONFLICT::Coding region xref gene does not exist
plasmid_files/CP021195.1_results/PROKKA_06292018:CDS	Antirestriction protein KlcA	CP021195.1:48365-48790	GIKEOHNB_00050

DiscRep_SUB:FEATURE_LOCATION_CONFLICT::Coding region xref gene does not exist
plasmid_files/CP021195.1_results/PROKKA_06292018:CDS	hypothetical protein	CP021195.1:48918-49073	GIKEOHNB_00051

DiscRep_SUB:FEATURE_LOCATION_CONFLICT::Coding region xref gene does not exist
plasmid_files/CP021195.1_results/PROKKA_06292018:CDS	hypothetical protein	CP021195.1:49119-49415	GIKEOHNB_00052

DiscRep_SUB:FEATURE_LOCATION_CONFLICT::Coding region xref gene does not exist
plasmid_files/CP021195.1_results/PROKKA_06292018:CDS	hypothetical protein	CP021195.1:49420-50400	GIKEOHNB_00053

DiscRep_SUB:FEATURE_LOCATION_CONFLICT::Coding region xref gene does not exist
plasmid_files/CP021195.1_results/PROKKA_06292018:CDS	Carbapenem-hydrolyzing beta-lactamase KPC	CP021195.1:c51531-50650	GIKEOHNB_00054

DiscRep_SUB:FEATURE_LOCATION_CONFLICT::Coding region xref gene does not exist
plasmid_files/CP021195.1_results/PROKKA_06292018:CDS	hypothetical protein	CP021195.1:c52787-51807	GIKEOHNB_00055

DiscRep_SUB:FEATURE_LOCATION_CONFLICT::Coding region xref gene does not exist
plasmid_files/CP021195.1_results/PROKKA_06292018:CDS	Transposon Tn3 resolvase	CP021195.1:c53311-52910	GIKEOHNB_00056

DiscRep_SUB:FEATURE_LOCATION_CONFLICT::Coding region xref gene does not exist
plasmid_files/CP021195.1_results/PROKKA_06292018:CDS	hypothetical protein	CP021195.1:c54127-53423	GIKEOHNB_00057

DiscRep_SUB:FEATURE_LOCATION_CONFLICT::Coding region xref gene does not exist
plasmid_files/CP021195.1_results/PROKKA_06292018:CDS	Transposon Tn7 transposition protein TnsB	CP021195.1:c55442-54174	GIKEOHNB_00058

DiscRep_SUB:FEATURE_LOCATION_CONFLICT::Coding region xref gene does not exist
plasmid_files/CP021195.1_results/PROKKA_06292018:CDS	putative signaling protein	CP021195.1:c56224-55517	GIKEOHNB_00059

DiscRep_SUB:FEATURE_LOCATION_CONFLICT::Coding region xref gene does not exist
plasmid_files/CP021195.1_results/PROKKA_06292018:CDS	hypothetical protein	CP021195.1:c56457-56221	GIKEOHNB_00060

DiscRep_SUB:FEATURE_LOCATION_CONFLICT::Coding region xref gene does not exist
plasmid_files/CP021195.1_results/PROKKA_06292018:CDS	HTH-type transcriptional activator mta	CP021195.1:c56816-56454	GIKEOHNB_00061

DiscRep_SUB:FEATURE_LOCATION_CONFLICT::Coding region xref gene does not exist
plasmid_files/CP021195.1_results/PROKKA_06292018:CDS	Mercuric reductase	CP021195.1:c58528-56834	GIKEOHNB_00062

DiscRep_SUB:FEATURE_LOCATION_CONFLICT::Coding region xref gene does not exist
plasmid_files/CP021195.1_results/PROKKA_06292018:CDS	Mercuric transport protein MerC	CP021195.1:c59041-58580	GIKEOHNB_00063

DiscRep_SUB:FEATURE_LOCATION_CONFLICT::Coding region xref gene does not exist
plasmid_files/CP021195.1_results/PROKKA_06292018:CDS	Mercuric transport protein periplasmic component	CP021195.1:c59313-59038	GIKEOHNB_00064

DiscRep_SUB:FEATURE_LOCATION_CONFLICT::Coding region xref gene does not exist
plasmid_files/CP021195.1_results/PROKKA_06292018:CDS	Mercuric transport protein MerT	CP021195.1:c59677-59327	GIKEOHNB_00065

DiscRep_SUB:FEATURE_LOCATION_CONFLICT::Coding region xref gene does not exist
plasmid_files/CP021195.1_results/PROKKA_06292018:CDS	Mercuric resistance operon regulatory protein	CP021195.1:59749-60183	GIKEOHNB_00066

DiscRep_SUB:FEATURE_LOCATION_CONFLICT::Coding region xref gene does not exist
plasmid_files/CP021195.1_results/PROKKA_06292018:CDS	hypothetical protein	CP021195.1:60262-61266	GIKEOHNB_00067

DiscRep_SUB:FEATURE_LOCATION_CONFLICT::Coding region xref gene does not exist
plasmid_files/CP021195.1_results/PROKKA_06292018:CDS	hypothetical protein	CP021195.1:c62224-61847	GIKEOHNB_00068

DiscRep_SUB:FEATURE_LOCATION_CONFLICT::Coding region xref gene does not exist
plasmid_files/CP021195.1_results/PROKKA_06292018:CDS	hypothetical protein	CP021195.1:c63822-62800	GIKEOHNB_00069

DiscRep_SUB:FEATURE_LOCATION_CONFLICT::Coding region xref gene does not exist
plasmid_files/CP021195.1_results/PROKKA_06292018:CDS	DNA replication and repair protein RecF	CP021195.1:c65369-63807	GIKEOHNB_00070

DiscRep_SUB:FEATURE_LOCATION_CONFLICT::Coding region xref gene does not exist
plasmid_files/CP021195.1_results/PROKKA_06292018:CDS	tRNA(fMet)-specific endonuclease VapC	CP021195.1:c65859-65443	GIKEOHNB_00071

DiscRep_SUB:FEATURE_LOCATION_CONFLICT::Coding region xref gene does not exist
plasmid_files/CP021195.1_results/PROKKA_06292018:CDS	Antitoxin VapB	CP021195.1:c66086-65856	GIKEOHNB_00072

DiscRep_SUB:FEATURE_LOCATION_CONFLICT::Coding region xref gene does not exist
plasmid_files/CP021195.1_results/PROKKA_06292018:CDS	hypothetical protein	CP021195.1:c66530-66123	GIKEOHNB_00073

DiscRep_SUB:FEATURE_LOCATION_CONFLICT::Coding region xref gene does not exist
plasmid_files/CP021195.1_results/PROKKA_06292018:CDS	hypothetical protein	CP021195.1:66664-67542	GIKEOHNB_00074

DiscRep_SUB:FEATURE_LOCATION_CONFLICT::Coding region xref gene does not exist
plasmid_files/CP021195.1_results/PROKKA_06292018:CDS	hypothetical protein	CP021195.1:67644-68036	GIKEOHNB_00075

DiscRep_SUB:FEATURE_LOCATION_CONFLICT::Coding region xref gene does not exist
plasmid_files/CP021195.1_results/PROKKA_06292018:CDS	hypothetical protein	CP021195.1:68094-68615	GIKEOHNB_00076

DiscRep_SUB:FEATURE_LOCATION_CONFLICT::Coding region xref gene does not exist
plasmid_files/CP021195.1_results/PROKKA_06292018:CDS	hypothetical protein	CP021195.1:68661-68864	GIKEOHNB_00077

DiscRep_SUB:FEATURE_LOCATION_CONFLICT::Coding region xref gene does not exist
plasmid_files/CP021195.1_results/PROKKA_06292018:CDS	hypothetical protein	CP021195.1:68894-69859	GIKEOHNB_00078

DiscRep_SUB:FEATURE_LOCATION_CONFLICT::Coding region xref gene does not exist
plasmid_files/CP021195.1_results/PROKKA_06292018:CDS	hypothetical protein	CP021195.1:c70021-69875	GIKEOHNB_00079

DiscRep_SUB:FEATURE_LOCATION_CONFLICT::Coding region xref gene does not exist
plasmid_files/CP021195.1_results/PROKKA_06292018:CDS	hypothetical protein	CP021195.1:70081-70710	GIKEOHNB_00080

DiscRep_SUB:FEATURE_LOCATION_CONFLICT::Coding region xref gene does not exist
plasmid_files/CP021195.1_results/PROKKA_06292018:CDS	Tyrosine recombinase XerD	CP021195.1:70680-70859	GIKEOHNB_00081

DiscRep_SUB:FEATURE_LOCATION_CONFLICT::Coding region xref gene does not exist
plasmid_files/CP021195.1_results/PROKKA_06292018:CDS	hypothetical protein	CP021195.1:c71162-70905	GIKEOHNB_00082

DiscRep_SUB:FEATURE_LOCATION_CONFLICT::Coding region xref gene does not exist
plasmid_files/CP021195.1_results/PROKKA_06292018:CDS	hypothetical protein	CP021195.1:c71386-71291	GIKEOHNB_00083

DiscRep_SUB:FEATURE_LOCATION_CONFLICT::Coding region xref gene does not exist
plasmid_files/CP021195.1_results/PROKKA_06292018:CDS	hypothetical protein	CP021195.1:c71722-71447	GIKEOHNB_00084

DiscRep_SUB:FEATURE_LOCATION_CONFLICT::Coding region xref gene does not exist
plasmid_files/CP021195.1_results/PROKKA_06292018:CDS	Replication initiation protein	CP021195.1:71939-72805	GIKEOHNB_00085

DiscRep_SUB:FEATURE_LOCATION_CONFLICT::Coding region xref gene does not exist
plasmid_files/CP021195.1_results/PROKKA_06292018:CDS	hypothetical protein	CP021195.1:c73501-72890	GIKEOHNB_00086

DiscRep_SUB:FEATURE_LOCATION_CONFLICT::Coding region xref gene does not exist
plasmid_files/CP021195.1_results/PROKKA_06292018:CDS	Plasmid partition protein A	CP021195.1:73915-75120	GIKEOHNB_00087

DiscRep_SUB:FEATURE_LOCATION_CONFLICT::Coding region xref gene does not exist
plasmid_files/CP021195.1_results/PROKKA_06292018:CDS	Virulence regulon transcriptional activator VirB	CP021195.1:75120-76094	GIKEOHNB_00088

DiscRep_SUB:FEATURE_LOCATION_CONFLICT::Coding region xref gene does not exist
plasmid_files/CP021195.1_results/PROKKA_06292018:CDS	Protein UmuC	CP021195.1:c77447-76176	GIKEOHNB_00089

DiscRep_SUB:FEATURE_LOCATION_CONFLICT::Coding region xref gene does not exist
plasmid_files/CP021195.1_results/PROKKA_06292018:CDS	Protein UmuD	CP021195.1:c77878-77447	GIKEOHNB_00090

DiscRep_SUB:FEATURE_LOCATION_CONFLICT::Coding region xref gene does not exist
plasmid_files/CP021195.1_results/PROKKA_06292018:CDS	Plasmid segregation protein ParM	CP021195.1:78112-78972	GIKEOHNB_00091

DiscRep_SUB:FEATURE_LOCATION_CONFLICT::Coding region xref gene does not exist
plasmid_files/CP021195.1_results/PROKKA_06292018:CDS	hypothetical protein	CP021195.1:79085-79756	GIKEOHNB_00092

DiscRep_SUB:FEATURE_LOCATION_CONFLICT::Coding region xref gene does not exist
plasmid_files/CP021195.1_results/PROKKA_06292018:CDS	hypothetical protein	CP021195.1:79819-80049	GIKEOHNB_00093

DiscRep_SUB:FEATURE_LOCATION_CONFLICT::Coding region xref gene does not exist
plasmid_files/CP021195.1_results/PROKKA_06292018:CDS	DNA adenine methyltransferase YhdJ	CP021195.1:80486-81187	GIKEOHNB_00094

DiscRep_SUB:FEATURE_LOCATION_CONFLICT::Coding region xref gene does not exist
plasmid_files/CP021195.1_results/PROKKA_06292018:CDS	hypothetical protein	CP021195.1:81187-81408	GIKEOHNB_00095

DiscRep_SUB:FEATURE_LOCATION_CONFLICT::Coding region xref gene does not exist
plasmid_files/CP021195.1_results/PROKKA_06292018:CDS	hypothetical protein	CP021195.1:81418-81837	GIKEOHNB_00096

DiscRep_SUB:FEATURE_LOCATION_CONFLICT::Coding region xref gene does not exist
plasmid_files/CP021195.1_results/PROKKA_06292018:CDS	hypothetical protein	CP021195.1:81891-82658	GIKEOHNB_00097

DiscRep_SUB:FEATURE_LOCATION_CONFLICT::Coding region xref gene does not exist
plasmid_files/CP021195.1_results/PROKKA_06292018:CDS	Antirestriction protein KlcA	CP021195.1:83339-83767	GIKEOHNB_00098

DiscRep_SUB:FEATURE_LOCATION_CONFLICT::Coding region xref gene does not exist
plasmid_files/CP021195.1_results/PROKKA_06292018:CDS	hypothetical protein	CP021195.1:83810-84316	GIKEOHNB_00099

DiscRep_SUB:FEATURE_LOCATION_CONFLICT::Coding region xref gene does not exist
plasmid_files/CP021195.1_results/PROKKA_06292018:CDS	hypothetical protein	CP021195.1:84359-84550	GIKEOHNB_00100

DiscRep_SUB:FEATURE_LOCATION_CONFLICT::Coding region xref gene does not exist
plasmid_files/CP021195.1_results/PROKKA_06292018:CDS	DNA polymerase III subunit theta	CP021195.1:84738-84992	GIKEOHNB_00101

DiscRep_SUB:FEATURE_LOCATION_CONFLICT::Coding region xref gene does not exist
plasmid_files/CP021195.1_results/PROKKA_06292018:CDS	hypothetical protein	CP021195.1:85027-85347	GIKEOHNB_00102

DiscRep_SUB:FEATURE_LOCATION_CONFLICT::Coding region xref gene does not exist
plasmid_files/CP021195.1_results/PROKKA_06292018:CDS	hypothetical protein	CP021195.1:86080-86307	GIKEOHNB_00103

DiscRep_SUB:FEATURE_LOCATION_CONFLICT::Coding region xref gene does not exist
plasmid_files/CP021195.1_results/PROKKA_06292018:CDS	hypothetical protein	CP021195.1:86399-86629	GIKEOHNB_00104

DiscRep_SUB:FEATURE_LOCATION_CONFLICT::Coding region xref gene does not exist
plasmid_files/CP021195.1_results/PROKKA_06292018:CDS	hypothetical protein	CP021195.1:86681-88036	GIKEOHNB_00105

DiscRep_SUB:FEATURE_LOCATION_CONFLICT::Coding region xref gene does not exist
plasmid_files/CP021195.1_results/PROKKA_06292018:CDS	hypothetical protein	CP021195.1:88084-88647	GIKEOHNB_00106

DiscRep_SUB:FEATURE_LOCATION_CONFLICT::Coding region xref gene does not exist
plasmid_files/CP021195.1_results/PROKKA_06292018:CDS	hypothetical protein	CP021195.1:c88862-88542	GIKEOHNB_00107

DiscRep_SUB:FEATURE_LOCATION_CONFLICT::Coding region xref gene does not exist
plasmid_files/CP021195.1_results/PROKKA_06292018:CDS	hypothetical protein	CP021195.1:88990-89166	GIKEOHNB_00108

DiscRep_SUB:FEATURE_LOCATION_CONFLICT::Coding region xref gene does not exist
plasmid_files/CP021195.1_results/PROKKA_06292018:CDS	Plasmid-derived single-stranded DNA-binding protein	CP021195.1:89478-90020	GIKEOHNB_00109

DiscRep_SUB:FEATURE_LOCATION_CONFLICT::Coding region xref gene does not exist
plasmid_files/CP021195.1_results/PROKKA_06292018:CDS	hypothetical protein	CP021195.1:90069-90317	GIKEOHNB_00110

DiscRep_SUB:FEATURE_LOCATION_CONFLICT::Coding region xref gene does not exist
plasmid_files/CP021195.1_results/PROKKA_06292018:CDS	Chromosome-partitioning protein Spo0J	CP021195.1:90387-92444	GIKEOHNB_00111

DiscRep_SUB:FEATURE_LOCATION_CONFLICT::Coding region xref gene does not exist
plasmid_files/CP021195.1_results/PROKKA_06292018:CDS	Protein PsiB	CP021195.1:92489-92920	GIKEOHNB_00112

DiscRep_SUB:FEATURE_LOCATION_CONFLICT::Coding region xref gene does not exist
plasmid_files/CP021195.1_results/PROKKA_06292018:CDS	hypothetical protein	CP021195.1:92917-93645	GIKEOHNB_00113

DiscRep_SUB:FEATURE_LOCATION_CONFLICT::Coding region xref gene does not exist
plasmid_files/CP021195.1_results/PROKKA_06292018:CDS	hypothetical protein	CP021195.1:93642-93968	GIKEOHNB_00114

DiscRep_SUB:FEATURE_LOCATION_CONFLICT::Coding region xref gene does not exist
plasmid_files/CP021195.1_results/PROKKA_06292018:CDS	hypothetical protein	CP021195.1:94024-94398	GIKEOHNB_00115

DiscRep_SUB:FEATURE_LOCATION_CONFLICT::Coding region xref gene does not exist
plasmid_files/CP021195.1_results/PROKKA_06292018:CDS	hypothetical protein	CP021195.1:c95655-94582	GIKEOHNB_00116

DiscRep_SUB:FEATURE_LOCATION_CONFLICT::Coding region xref gene does not exist
plasmid_files/CP021195.1_results/PROKKA_06292018:CDS	Stable plasmid inheritance protein	CP021195.1:95725-95883	GIKEOHNB_00117

DiscRep_SUB:FEATURE_LOCATION_CONFLICT::Coding region xref gene does not exist
plasmid_files/CP021195.1_results/PROKKA_06292018:CDS	hypothetical protein	CP021195.1:96577-96849	GIKEOHNB_00118

DiscRep_SUB:FEATURE_LOCATION_CONFLICT::Coding region xref gene does not exist
plasmid_files/CP021195.1_results/PROKKA_06292018:CDS	hypothetical protein	CP021195.1:96846-97196	GIKEOHNB_00119

DiscRep_SUB:FEATURE_LOCATION_CONFLICT::Coding region xref gene does not exist
plasmid_files/CP021195.1_results/PROKKA_06292018:CDS	hypothetical protein	CP021195.1:97828-98184	GIKEOHNB_00120

DiscRep_SUB:FEATURE_LOCATION_CONFLICT::Coding region xref gene does not exist
plasmid_files/CP021195.1_results/PROKKA_06292018:CDS	hypothetical protein	CP021195.1:98245-98457	GIKEOHNB_00121

DiscRep_SUB:FEATURE_LOCATION_CONFLICT::Coding region xref gene does not exist
plasmid_files/CP021195.1_results/PROKKA_06292018:CDS	hypothetical protein	CP021195.1:98468-98692	GIKEOHNB_00122

DiscRep_SUB:FEATURE_LOCATION_CONFLICT::Coding region xref gene does not exist
plasmid_files/CP021195.1_results/PROKKA_06292018:CDS	hypothetical protein	CP021195.1:98773-99093	GIKEOHNB_00123

DiscRep_SUB:FEATURE_LOCATION_CONFLICT::Coding region xref gene does not exist
plasmid_files/CP021195.1_results/PROKKA_06292018:CDS	Antitoxin HigA1	CP021195.1:99083-99361	GIKEOHNB_00124

DiscRep_SUB:FEATURE_LOCATION_CONFLICT::Coding region xref gene does not exist
plasmid_files/CP021195.1_results/PROKKA_06292018:CDS	Antitoxin HigA	CP021195.1:99362-99775	GIKEOHNB_00125

DiscRep_SUB:FEATURE_LOCATION_CONFLICT::Coding region xref gene does not exist
plasmid_files/CP021195.1_results/PROKKA_06292018:CDS	hypothetical protein	CP021195.1:100123-100299	GIKEOHNB_00126

DiscRep_SUB:FEATURE_LOCATION_CONFLICT::Coding region xref gene does not exist
plasmid_files/CP021195.1_results/PROKKA_06292018:CDS	hypothetical protein	CP021195.1:100605-101426	GIKEOHNB_00127

DiscRep_SUB:FEATURE_LOCATION_CONFLICT::Coding region xref gene does not exist
plasmid_files/CP021195.1_results/PROKKA_06292018:CDS	hypothetical protein	CP021195.1:c102306-101821	GIKEOHNB_00128

DiscRep_SUB:FEATURE_LOCATION_CONFLICT::Coding region xref gene does not exist
plasmid_files/CP021195.1_results/PROKKA_06292018:CDS	Relaxosome protein TraM	CP021195.1:102738-103130	GIKEOHNB_00129

DiscRep_SUB:FEATURE_LOCATION_CONFLICT::Coding region xref gene does not exist
plasmid_files/CP021195.1_results/PROKKA_06292018:CDS	Protein TraJ	CP021195.1:103360-104061	GIKEOHNB_00130

DiscRep_SUB:FEATURE_LOCATION_CONFLICT::Coding region xref gene does not exist
plasmid_files/CP021195.1_results/PROKKA_06292018:CDS	Pilin	CP021195.1:104416-104784	GIKEOHNB_00131

DiscRep_SUB:FEATURE_LOCATION_CONFLICT::Coding region xref gene does not exist
plasmid_files/CP021195.1_results/PROKKA_06292018:CDS	hypothetical protein	CP021195.1:104798-105103	GIKEOHNB_00132

DiscRep_SUB:FEATURE_LOCATION_CONFLICT::Coding region xref gene does not exist
plasmid_files/CP021195.1_results/PROKKA_06292018:CDS	hypothetical protein	CP021195.1:105123-105689	GIKEOHNB_00133

DiscRep_SUB:FEATURE_LOCATION_CONFLICT::Coding region xref gene does not exist
plasmid_files/CP021195.1_results/PROKKA_06292018:CDS	hypothetical protein	CP021195.1:105676-106416	GIKEOHNB_00134

DiscRep_SUB:FEATURE_LOCATION_CONFLICT::Coding region xref gene does not exist
plasmid_files/CP021195.1_results/PROKKA_06292018:CDS	hypothetical protein	CP021195.1:c107723-107430	GIKEOHNB_00135

DiscRep_ALL:DISC_QUALITY_SCORES::Quality scores are missing on all sequences.

DiscRep_ALL:ONCALLER_COMMENT_PRESENT::1 comment descriptors were found (all same)
plasmid_files/CP021195.1_results/PROKKA_06292018:CP021195.1:Annotated using prokka 1.14-dev from https://github.com/tseemann/prokka

DiscRep_ALL:SHORT_PROT_SEQUENCES::2 protein sequences are shorter than 50 aa.
plasmid_files/CP021195.1_results/PROKKA_06292018:CP021195.1_79 (length 48)
plasmid_files/CP021195.1_results/PROKKA_06292018:CP021195.1_83 (length 31)

DiscRep_ALL:MISSING_GENOMEASSEMBLY_COMMENTS::1 bioseqs are missing GenomeAssembly structured comments
plasmid_files/CP021195.1_results/PROKKA_06292018:CP021195.1 (length 107793)

DiscRep_ALL:MOLTYPE_NOT_MRNA::1 molecule types are not set as mRNA.
plasmid_files/CP021195.1_results/PROKKA_06292018:CP021195.1 (length 107793)

DiscRep_ALL:TECHNIQUE_NOT_TSA::1 technique are not set as TSA
plasmid_files/CP021195.1_results/PROKKA_06292018:CP021195.1 (length 107793)

DiscRep_ALL:MISSING_STRUCTURED_COMMENT::1 sequences do not include structured comments.
plasmid_files/CP021195.1_results/PROKKA_06292018:CP021195.1 (length 107793)

DiscRep_ALL:MISSING_PROJECT::136 sequences do not include project.
plasmid_files/CP021195.1_results/PROKKA_06292018:CP021195.1 (length 107793)
plasmid_files/CP021195.1_results/PROKKA_06292018:CP021195.1_1 (length 194)
plasmid_files/CP021195.1_results/PROKKA_06292018:CP021195.1_2 (length 72)
plasmid_files/CP021195.1_results/PROKKA_06292018:CP021195.1_3 (length 103)
plasmid_files/CP021195.1_results/PROKKA_06292018:CP021195.1_4 (length 134)
plasmid_files/CP021195.1_results/PROKKA_06292018:CP021195.1_5 (length 61)
plasmid_files/CP021195.1_results/PROKKA_06292018:CP021195.1_6 (length 130)
plasmid_files/CP021195.1_results/PROKKA_06292018:CP021195.1_7 (length 879)
plasmid_files/CP021195.1_results/PROKKA_06292018:CP021195.1_8 (length 129)
plasmid_files/CP021195.1_results/PROKKA_06292018:CP021195.1_9 (length 211)
plasmid_files/CP021195.1_results/PROKKA_06292018:CP021195.1_10 (length 133)
plasmid_files/CP021195.1_results/PROKKA_06292018:CP021195.1_11 (length 329)
plasmid_files/CP021195.1_results/PROKKA_06292018:CP021195.1_12 (length 212)
plasmid_files/CP021195.1_results/PROKKA_06292018:CP021195.1_13 (length 651)
plasmid_files/CP021195.1_results/PROKKA_06292018:CP021195.1_14 (length 84)
plasmid_files/CP021195.1_results/PROKKA_06292018:CP021195.1_15 (length 88)
plasmid_files/CP021195.1_results/PROKKA_06292018:CP021195.1_16 (length 108)
plasmid_files/CP021195.1_results/PROKKA_06292018:CP021195.1_17 (length 250)
plasmid_files/CP021195.1_results/PROKKA_06292018:CP021195.1_18 (length 79)
plasmid_files/CP021195.1_results/PROKKA_06292018:CP021195.1_19 (length 185)
plasmid_files/CP021195.1_results/PROKKA_06292018:CP021195.1_20 (length 147)
plasmid_files/CP021195.1_results/PROKKA_06292018:CP021195.1_21 (length 455)
plasmid_files/CP021195.1_results/PROKKA_06292018:CP021195.1_22 (length 949)
plasmid_files/CP021195.1_results/PROKKA_06292018:CP021195.1_23 (length 207)
plasmid_files/CP021195.1_results/PROKKA_06292018:CP021195.1_24 (length 243)
plasmid_files/CP021195.1_results/PROKKA_06292018:CP021195.1_25 (length 229)
plasmid_files/CP021195.1_results/PROKKA_06292018:CP021195.1_26 (length 770)
plasmid_files/CP021195.1_results/PROKKA_06292018:CP021195.1_27 (length 1753)
plasmid_files/CP021195.1_results/PROKKA_06292018:CP021195.1_28 (length 241)
plasmid_files/CP021195.1_results/PROKKA_06292018:CP021195.1_29 (length 197)
plasmid_files/CP021195.1_results/PROKKA_06292018:CP021195.1_30 (length 73)
plasmid_files/CP021195.1_results/PROKKA_06292018:CP021195.1_31 (length 214)
plasmid_files/CP021195.1_results/PROKKA_06292018:CP021195.1_32 (length 216)
plasmid_files/CP021195.1_results/PROKKA_06292018:CP021195.1_33 (length 102)
plasmid_files/CP021195.1_results/PROKKA_06292018:CP021195.1_34 (length 186)
plasmid_files/CP021195.1_results/PROKKA_06292018:CP021195.1_35 (length 85)
plasmid_files/CP021195.1_results/PROKKA_06292018:CP021195.1_36 (length 287)
plasmid_files/CP021195.1_results/PROKKA_06292018:CP021195.1_37 (length 413)
plasmid_files/CP021195.1_results/PROKKA_06292018:CP021195.1_38 (length 297)
plasmid_files/CP021195.1_results/PROKKA_06292018:CP021195.1_39 (length 665)
plasmid_files/CP021195.1_results/PROKKA_06292018:CP021195.1_40 (length 303)
plasmid_files/CP021195.1_results/PROKKA_06292018:CP021195.1_41 (length 110)
plasmid_files/CP021195.1_results/PROKKA_06292018:CP021195.1_42 (length 167)
plasmid_files/CP021195.1_results/PROKKA_06292018:CP021195.1_43 (length 104)
plasmid_files/CP021195.1_results/PROKKA_06292018:CP021195.1_44 (length 157)
plasmid_files/CP021195.1_results/PROKKA_06292018:CP021195.1_45 (length 64)
plasmid_files/CP021195.1_results/PROKKA_06292018:CP021195.1_46 (length 988)
plasmid_files/CP021195.1_results/PROKKA_06292018:CP021195.1_47 (length 186)
plasmid_files/CP021195.1_results/PROKKA_06292018:CP021195.1_48 (length 186)
plasmid_files/CP021195.1_results/PROKKA_06292018:CP021195.1_49 (length 92)
plasmid_files/CP021195.1_results/PROKKA_06292018:CP021195.1_50 (length 141)
plasmid_files/CP021195.1_results/PROKKA_06292018:CP021195.1_51 (length 51)
plasmid_files/CP021195.1_results/PROKKA_06292018:CP021195.1_52 (length 98)
plasmid_files/CP021195.1_results/PROKKA_06292018:CP021195.1_53 (length 326)
plasmid_files/CP021195.1_results/PROKKA_06292018:CP021195.1_54 (length 293)
plasmid_files/CP021195.1_results/PROKKA_06292018:CP021195.1_55 (length 326)
plasmid_files/CP021195.1_results/PROKKA_06292018:CP021195.1_56 (length 133)
plasmid_files/CP021195.1_results/PROKKA_06292018:CP021195.1_57 (length 234)
plasmid_files/CP021195.1_results/PROKKA_06292018:CP021195.1_58 (length 422)
plasmid_files/CP021195.1_results/PROKKA_06292018:CP021195.1_59 (length 235)
plasmid_files/CP021195.1_results/PROKKA_06292018:CP021195.1_60 (length 78)
plasmid_files/CP021195.1_results/PROKKA_06292018:CP021195.1_61 (length 120)
plasmid_files/CP021195.1_results/PROKKA_06292018:CP021195.1_62 (length 564)
plasmid_files/CP021195.1_results/PROKKA_06292018:CP021195.1_63 (length 153)
plasmid_files/CP021195.1_results/PROKKA_06292018:CP021195.1_64 (length 91)
plasmid_files/CP021195.1_results/PROKKA_06292018:CP021195.1_65 (length 116)
plasmid_files/CP021195.1_results/PROKKA_06292018:CP021195.1_66 (length 144)
plasmid_files/CP021195.1_results/PROKKA_06292018:CP021195.1_67 (length 334)
plasmid_files/CP021195.1_results/PROKKA_06292018:CP021195.1_68 (length 125)
plasmid_files/CP021195.1_results/PROKKA_06292018:CP021195.1_69 (length 340)
plasmid_files/CP021195.1_results/PROKKA_06292018:CP021195.1_70 (length 520)
plasmid_files/CP021195.1_results/PROKKA_06292018:CP021195.1_71 (length 138)
plasmid_files/CP021195.1_results/PROKKA_06292018:CP021195.1_72 (length 76)
plasmid_files/CP021195.1_results/PROKKA_06292018:CP021195.1_73 (length 135)
plasmid_files/CP021195.1_results/PROKKA_06292018:CP021195.1_74 (length 292)
plasmid_files/CP021195.1_results/PROKKA_06292018:CP021195.1_75 (length 130)
plasmid_files/CP021195.1_results/PROKKA_06292018:CP021195.1_76 (length 173)
plasmid_files/CP021195.1_results/PROKKA_06292018:CP021195.1_77 (length 67)
plasmid_files/CP021195.1_results/PROKKA_06292018:CP021195.1_78 (length 321)
plasmid_files/CP021195.1_results/PROKKA_06292018:CP021195.1_79 (length 48)
plasmid_files/CP021195.1_results/PROKKA_06292018:CP021195.1_80 (length 209)
plasmid_files/CP021195.1_results/PROKKA_06292018:CP021195.1_81 (length 59)
plasmid_files/CP021195.1_results/PROKKA_06292018:CP021195.1_82 (length 85)
plasmid_files/CP021195.1_results/PROKKA_06292018:CP021195.1_83 (length 31)
plasmid_files/CP021195.1_results/PROKKA_06292018:CP021195.1_84 (length 91)
plasmid_files/CP021195.1_results/PROKKA_06292018:CP021195.1_85 (length 288)
plasmid_files/CP021195.1_results/PROKKA_06292018:CP021195.1_86 (length 203)
plasmid_files/CP021195.1_results/PROKKA_06292018:CP021195.1_87 (length 401)
plasmid_files/CP021195.1_results/PROKKA_06292018:CP021195.1_88 (length 324)
plasmid_files/CP021195.1_results/PROKKA_06292018:CP021195.1_89 (length 423)
plasmid_files/CP021195.1_results/PROKKA_06292018:CP021195.1_90 (length 143)
plasmid_files/CP021195.1_results/PROKKA_06292018:CP021195.1_91 (length 286)
plasmid_files/CP021195.1_results/PROKKA_06292018:CP021195.1_92 (length 223)
plasmid_files/CP021195.1_results/PROKKA_06292018:CP021195.1_93 (length 76)
plasmid_files/CP021195.1_results/PROKKA_06292018:CP021195.1_94 (length 233)
plasmid_files/CP021195.1_results/PROKKA_06292018:CP021195.1_95 (length 73)
plasmid_files/CP021195.1_results/PROKKA_06292018:CP021195.1_96 (length 139)
plasmid_files/CP021195.1_results/PROKKA_06292018:CP021195.1_97 (length 255)
plasmid_files/CP021195.1_results/PROKKA_06292018:CP021195.1_98 (length 142)
plasmid_files/CP021195.1_results/PROKKA_06292018:CP021195.1_99 (length 168)
plasmid_files/CP021195.1_results/PROKKA_06292018:CP021195.1_100 (length 63)
plasmid_files/CP021195.1_results/PROKKA_06292018:CP021195.1_101 (length 84)
plasmid_files/CP021195.1_results/PROKKA_06292018:CP021195.1_102 (length 106)
plasmid_files/CP021195.1_results/PROKKA_06292018:CP021195.1_103 (length 75)
plasmid_files/CP021195.1_results/PROKKA_06292018:CP021195.1_104 (length 76)
plasmid_files/CP021195.1_results/PROKKA_06292018:CP021195.1_105 (length 451)
plasmid_files/CP021195.1_results/PROKKA_06292018:CP021195.1_106 (length 187)
plasmid_files/CP021195.1_results/PROKKA_06292018:CP021195.1_107 (length 106)
plasmid_files/CP021195.1_results/PROKKA_06292018:CP021195.1_108 (length 58)
plasmid_files/CP021195.1_results/PROKKA_06292018:CP021195.1_109 (length 180)
plasmid_files/CP021195.1_results/PROKKA_06292018:CP021195.1_110 (length 82)
plasmid_files/CP021195.1_results/PROKKA_06292018:CP021195.1_111 (length 685)
plasmid_files/CP021195.1_results/PROKKA_06292018:CP021195.1_112 (length 143)
plasmid_files/CP021195.1_results/PROKKA_06292018:CP021195.1_113 (length 242)
plasmid_files/CP021195.1_results/PROKKA_06292018:CP021195.1_114 (length 108)
plasmid_files/CP021195.1_results/PROKKA_06292018:CP021195.1_115 (length 124)
plasmid_files/CP021195.1_results/PROKKA_06292018:CP021195.1_116 (length 357)
plasmid_files/CP021195.1_results/PROKKA_06292018:CP021195.1_117 (length 52)
plasmid_files/CP021195.1_results/PROKKA_06292018:CP021195.1_118 (length 90)
plasmid_files/CP021195.1_results/PROKKA_06292018:CP021195.1_119 (length 116)
plasmid_files/CP021195.1_results/PROKKA_06292018:CP021195.1_120 (length 118)
plasmid_files/CP021195.1_results/PROKKA_06292018:CP021195.1_121 (length 70)
plasmid_files/CP021195.1_results/PROKKA_06292018:CP021195.1_122 (length 74)
plasmid_files/CP021195.1_results/PROKKA_06292018:CP021195.1_123 (length 106)
plasmid_files/CP021195.1_results/PROKKA_06292018:CP021195.1_124 (length 92)
plasmid_files/CP021195.1_results/PROKKA_06292018:CP021195.1_125 (length 137)
plasmid_files/CP021195.1_results/PROKKA_06292018:CP021195.1_126 (length 58)
plasmid_files/CP021195.1_results/PROKKA_06292018:CP021195.1_127 (length 273)
plasmid_files/CP021195.1_results/PROKKA_06292018:CP021195.1_128 (length 161)
plasmid_files/CP021195.1_results/PROKKA_06292018:CP021195.1_129 (length 130)
plasmid_files/CP021195.1_results/PROKKA_06292018:CP021195.1_130 (length 233)
plasmid_files/CP021195.1_results/PROKKA_06292018:CP021195.1_131 (length 122)
plasmid_files/CP021195.1_results/PROKKA_06292018:CP021195.1_132 (length 101)
plasmid_files/CP021195.1_results/PROKKA_06292018:CP021195.1_133 (length 188)
plasmid_files/CP021195.1_results/PROKKA_06292018:CP021195.1_134 (length 246)
plasmid_files/CP021195.1_results/PROKKA_06292018:CP021195.1_135 (length 97)

DiscRep_ALL:DISC_INCONSISTENT_MOLINFO_TECH::Molinfo Technique Report (some missing, all same)
DiscRep_SUB:DISC_INCONSISTENT_MOLINFO_TECH::technique (all missing)
DiscRep_SUB:DISC_INCONSISTENT_MOLINFO_TECH::1 Molinfos are missing field technique
plasmid_files/CP021195.1_results/PROKKA_06292018:CP021195.1 (length 107793)

