Discrepancy Report Results

Summary
FATAL: MISSING_PROTEIN_ID:16 proteins have invalid IDs.
DISC_SOURCE_QUALS_ASNDISC:strain (all present, all unique)
DISC_SOURCE_QUALS_ASNDISC:taxname (all present, all unique)
DISC_FEATURE_COUNT:CDS: 16 present
DISC_COUNT_NUCLEOTIDES:1 nucleotide Bioseqs are present
FEATURE_LOCATION_CONFLICT:16 features have inconsistent gene locations.
DISC_QUALITY_SCORES:Quality scores are missing on all sequences.
ONCALLER_COMMENT_PRESENT:1 comment descriptors were found (all same)
MISSING_GENOMEASSEMBLY_COMMENTS:1 bioseqs are missing GenomeAssembly structured comments
MOLTYPE_NOT_MRNA:1 molecule types are not set as mRNA.
TECHNIQUE_NOT_TSA:1 technique are not set as TSA
MISSING_STRUCTURED_COMMENT:1 sequences do not include structured comments.
MISSING_PROJECT:17 sequences do not include project.
DISC_INCONSISTENT_MOLINFO_TECH:Molinfo Technique Report (some missing, all same)


Detailed Report

FATAL: DiscRep_ALL:MISSING_PROTEIN_ID::16 proteins have invalid IDs.
plasmid_files/CP018949.1_results/PROKKA_06292018:CP018949.1_1 (length 785)
plasmid_files/CP018949.1_results/PROKKA_06292018:CP018949.1_2 (length 341)
plasmid_files/CP018949.1_results/PROKKA_06292018:CP018949.1_3 (length 259)
plasmid_files/CP018949.1_results/PROKKA_06292018:CP018949.1_4 (length 293)
plasmid_files/CP018949.1_results/PROKKA_06292018:CP018949.1_5 (length 439)
plasmid_files/CP018949.1_results/PROKKA_06292018:CP018949.1_6 (length 210)
plasmid_files/CP018949.1_results/PROKKA_06292018:CP018949.1_7 (length 112)
plasmid_files/CP018949.1_results/PROKKA_06292018:CP018949.1_8 (length 63)
plasmid_files/CP018949.1_results/PROKKA_06292018:CP018949.1_9 (length 113)
plasmid_files/CP018949.1_results/PROKKA_06292018:CP018949.1_10 (length 522)
plasmid_files/CP018949.1_results/PROKKA_06292018:CP018949.1_11 (length 145)
plasmid_files/CP018949.1_results/PROKKA_06292018:CP018949.1_12 (length 139)
plasmid_files/CP018949.1_results/PROKKA_06292018:CP018949.1_13 (length 53)
plasmid_files/CP018949.1_results/PROKKA_06292018:CP018949.1_14 (length 77)
plasmid_files/CP018949.1_results/PROKKA_06292018:CP018949.1_15 (length 571)
plasmid_files/CP018949.1_results/PROKKA_06292018:CP018949.1_16 (length 91)

DiscRep_ALL:DISC_SOURCE_QUALS_ASNDISC::strain (all present, all unique)
DiscRep_SUB:DISC_SOURCE_QUALS_ASNDISC::1 sources have unique values for strain
DiscRep_ALL:DISC_SOURCE_QUALS_ASNDISC::taxname (all present, all unique)
DiscRep_SUB:DISC_SOURCE_QUALS_ASNDISC::1 sources have unique values for taxname
DiscRep_ALL:DISC_FEATURE_COUNT::CDS: 16 present
DiscRep_ALL:DISC_COUNT_NUCLEOTIDES::1 nucleotide Bioseqs are present
plasmid_files/CP018949.1_results/PROKKA_06292018:CP018949.1 (length 16559)

DiscRep_ALL:FEATURE_LOCATION_CONFLICT::16 features have inconsistent gene locations.
DiscRep_SUB:FEATURE_LOCATION_CONFLICT::Coding region xref gene does not exist
plasmid_files/CP018949.1_results/PROKKA_06292018:CDS	hypothetical protein	CP018949.1:76-2433	EKPGLEPF_00001

DiscRep_SUB:FEATURE_LOCATION_CONFLICT::Coding region xref gene does not exist
plasmid_files/CP018949.1_results/PROKKA_06292018:CDS	hypothetical protein	CP018949.1:2540-3565	EKPGLEPF_00002

DiscRep_SUB:FEATURE_LOCATION_CONFLICT::Coding region xref gene does not exist
plasmid_files/CP018949.1_results/PROKKA_06292018:CDS	Insertion sequence IS5376 putative ATP-binding protein	CP018949.1:3562-4341	EKPGLEPF_00003

DiscRep_SUB:FEATURE_LOCATION_CONFLICT::Coding region xref gene does not exist
plasmid_files/CP018949.1_results/PROKKA_06292018:CDS	Carbapenem-hydrolyzing beta-lactamase KPC	CP018949.1:4629-5510	EKPGLEPF_00004

DiscRep_SUB:FEATURE_LOCATION_CONFLICT::Coding region xref gene does not exist
plasmid_files/CP018949.1_results/PROKKA_06292018:CDS	hypothetical protein	CP018949.1:c7079-5760	EKPGLEPF_00005

DiscRep_SUB:FEATURE_LOCATION_CONFLICT::Coding region xref gene does not exist
plasmid_files/CP018949.1_results/PROKKA_06292018:CDS	hypothetical protein	CP018949.1:c7893-7261	EKPGLEPF_00006

DiscRep_SUB:FEATURE_LOCATION_CONFLICT::Coding region xref gene does not exist
plasmid_files/CP018949.1_results/PROKKA_06292018:CDS	Mobilization protein MbeC	CP018949.1:c8909-8571	EKPGLEPF_00007

DiscRep_SUB:FEATURE_LOCATION_CONFLICT::Coding region xref gene does not exist
plasmid_files/CP018949.1_results/PROKKA_06292018:CDS	Regulatory protein rop	CP018949.1:8958-9149	EKPGLEPF_00008

DiscRep_SUB:FEATURE_LOCATION_CONFLICT::Coding region xref gene does not exist
plasmid_files/CP018949.1_results/PROKKA_06292018:CDS	hypothetical protein	CP018949.1:10361-10702	EKPGLEPF_00009

DiscRep_SUB:FEATURE_LOCATION_CONFLICT::Coding region xref gene does not exist
plasmid_files/CP018949.1_results/PROKKA_06292018:CDS	Colicin-E1	CP018949.1:c12267-10699	EKPGLEPF_00010

DiscRep_SUB:FEATURE_LOCATION_CONFLICT::Coding region xref gene does not exist
plasmid_files/CP018949.1_results/PROKKA_06292018:CDS	hypothetical protein	CP018949.1:12527-12964	EKPGLEPF_00011

DiscRep_SUB:FEATURE_LOCATION_CONFLICT::Coding region xref gene does not exist
plasmid_files/CP018949.1_results/PROKKA_06292018:CDS	hypothetical protein	CP018949.1:13045-13464	EKPGLEPF_00012

DiscRep_SUB:FEATURE_LOCATION_CONFLICT::Coding region xref gene does not exist
plasmid_files/CP018949.1_results/PROKKA_06292018:CDS	hypothetical protein	CP018949.1:c13751-13590	EKPGLEPF_00013

DiscRep_SUB:FEATURE_LOCATION_CONFLICT::Coding region xref gene does not exist
plasmid_files/CP018949.1_results/PROKKA_06292018:CDS	hypothetical protein	CP018949.1:c14015-13782	EKPGLEPF_00014

DiscRep_SUB:FEATURE_LOCATION_CONFLICT::Coding region xref gene does not exist
plasmid_files/CP018949.1_results/PROKKA_06292018:CDS	Tyrosine recombinase XerD	CP018949.1:c15853-14138	EKPGLEPF_00015

DiscRep_SUB:FEATURE_LOCATION_CONFLICT::Coding region xref gene does not exist
plasmid_files/CP018949.1_results/PROKKA_06292018:CDS	hypothetical protein	CP018949.1:c16268-15993	EKPGLEPF_00016

DiscRep_ALL:DISC_QUALITY_SCORES::Quality scores are missing on all sequences.

DiscRep_ALL:ONCALLER_COMMENT_PRESENT::1 comment descriptors were found (all same)
plasmid_files/CP018949.1_results/PROKKA_06292018:CP018949.1:Annotated using prokka 1.14-dev from https://github.com/tseemann/prokka

DiscRep_ALL:MISSING_GENOMEASSEMBLY_COMMENTS::1 bioseqs are missing GenomeAssembly structured comments
plasmid_files/CP018949.1_results/PROKKA_06292018:CP018949.1 (length 16559)

DiscRep_ALL:MOLTYPE_NOT_MRNA::1 molecule types are not set as mRNA.
plasmid_files/CP018949.1_results/PROKKA_06292018:CP018949.1 (length 16559)

DiscRep_ALL:TECHNIQUE_NOT_TSA::1 technique are not set as TSA
plasmid_files/CP018949.1_results/PROKKA_06292018:CP018949.1 (length 16559)

DiscRep_ALL:MISSING_STRUCTURED_COMMENT::1 sequences do not include structured comments.
plasmid_files/CP018949.1_results/PROKKA_06292018:CP018949.1 (length 16559)

DiscRep_ALL:MISSING_PROJECT::17 sequences do not include project.
plasmid_files/CP018949.1_results/PROKKA_06292018:CP018949.1 (length 16559)
plasmid_files/CP018949.1_results/PROKKA_06292018:CP018949.1_1 (length 785)
plasmid_files/CP018949.1_results/PROKKA_06292018:CP018949.1_2 (length 341)
plasmid_files/CP018949.1_results/PROKKA_06292018:CP018949.1_3 (length 259)
plasmid_files/CP018949.1_results/PROKKA_06292018:CP018949.1_4 (length 293)
plasmid_files/CP018949.1_results/PROKKA_06292018:CP018949.1_5 (length 439)
plasmid_files/CP018949.1_results/PROKKA_06292018:CP018949.1_6 (length 210)
plasmid_files/CP018949.1_results/PROKKA_06292018:CP018949.1_7 (length 112)
plasmid_files/CP018949.1_results/PROKKA_06292018:CP018949.1_8 (length 63)
plasmid_files/CP018949.1_results/PROKKA_06292018:CP018949.1_9 (length 113)
plasmid_files/CP018949.1_results/PROKKA_06292018:CP018949.1_10 (length 522)
plasmid_files/CP018949.1_results/PROKKA_06292018:CP018949.1_11 (length 145)
plasmid_files/CP018949.1_results/PROKKA_06292018:CP018949.1_12 (length 139)
plasmid_files/CP018949.1_results/PROKKA_06292018:CP018949.1_13 (length 53)
plasmid_files/CP018949.1_results/PROKKA_06292018:CP018949.1_14 (length 77)
plasmid_files/CP018949.1_results/PROKKA_06292018:CP018949.1_15 (length 571)
plasmid_files/CP018949.1_results/PROKKA_06292018:CP018949.1_16 (length 91)

DiscRep_ALL:DISC_INCONSISTENT_MOLINFO_TECH::Molinfo Technique Report (some missing, all same)
DiscRep_SUB:DISC_INCONSISTENT_MOLINFO_TECH::technique (all missing)
DiscRep_SUB:DISC_INCONSISTENT_MOLINFO_TECH::1 Molinfos are missing field technique
plasmid_files/CP018949.1_results/PROKKA_06292018:CP018949.1 (length 16559)

