Discrepancy Report Results

Summary
FATAL: MISSING_PROTEIN_ID:160 proteins have invalid IDs.
DISC_SOURCE_QUALS_ASNDISC:strain (all present, all unique)
DISC_SOURCE_QUALS_ASNDISC:taxname (all present, all unique)
DISC_FEATURE_COUNT:CDS: 160 present
DISC_COUNT_NUCLEOTIDES:1 nucleotide Bioseqs are present
FEATURE_LOCATION_CONFLICT:160 features have inconsistent gene locations.
DISC_QUALITY_SCORES:Quality scores are missing on all sequences.
ONCALLER_COMMENT_PRESENT:1 comment descriptors were found (all same)
SHORT_PROT_SEQUENCES:2 protein sequences are shorter than 50 aa.
MISSING_GENOMEASSEMBLY_COMMENTS:1 bioseqs are missing GenomeAssembly structured comments
MOLTYPE_NOT_MRNA:1 molecule types are not set as mRNA.
TECHNIQUE_NOT_TSA:1 technique are not set as TSA
MISSING_STRUCTURED_COMMENT:1 sequences do not include structured comments.
MISSING_PROJECT:161 sequences do not include project.
DISC_INCONSISTENT_MOLINFO_TECH:Molinfo Technique Report (some missing, all same)


Detailed Report

FATAL: DiscRep_ALL:MISSING_PROTEIN_ID::160 proteins have invalid IDs.
plasmid_files/CP026272.1_results/PROKKA_06292018:CP026272.1_1 (length 101)
plasmid_files/CP026272.1_results/PROKKA_06292018:CP026272.1_2 (length 131)
plasmid_files/CP026272.1_results/PROKKA_06292018:CP026272.1_3 (length 104)
plasmid_files/CP026272.1_results/PROKKA_06292018:CP026272.1_4 (length 338)
plasmid_files/CP026272.1_results/PROKKA_06292018:CP026272.1_5 (length 264)
plasmid_files/CP026272.1_results/PROKKA_06292018:CP026272.1_6 (length 208)
plasmid_files/CP026272.1_results/PROKKA_06292018:CP026272.1_7 (length 291)
plasmid_files/CP026272.1_results/PROKKA_06292018:CP026272.1_8 (length 345)
plasmid_files/CP026272.1_results/PROKKA_06292018:CP026272.1_9 (length 234)
plasmid_files/CP026272.1_results/PROKKA_06292018:CP026272.1_10 (length 592)
plasmid_files/CP026272.1_results/PROKKA_06292018:CP026272.1_11 (length 334)
plasmid_files/CP026272.1_results/PROKKA_06292018:CP026272.1_12 (length 58)
plasmid_files/CP026272.1_results/PROKKA_06292018:CP026272.1_13 (length 271)
plasmid_files/CP026272.1_results/PROKKA_06292018:CP026272.1_14 (length 267)
plasmid_files/CP026272.1_results/PROKKA_06292018:CP026272.1_15 (length 278)
plasmid_files/CP026272.1_results/PROKKA_06292018:CP026272.1_16 (length 195)
plasmid_files/CP026272.1_results/PROKKA_06292018:CP026272.1_17 (length 334)
plasmid_files/CP026272.1_results/PROKKA_06292018:CP026272.1_18 (length 990)
plasmid_files/CP026272.1_results/PROKKA_06292018:CP026272.1_19 (length 185)
plasmid_files/CP026272.1_results/PROKKA_06292018:CP026272.1_20 (length 70)
plasmid_files/CP026272.1_results/PROKKA_06292018:CP026272.1_21 (length 78)
plasmid_files/CP026272.1_results/PROKKA_06292018:CP026272.1_22 (length 121)
plasmid_files/CP026272.1_results/PROKKA_06292018:CP026272.1_23 (length 560)
plasmid_files/CP026272.1_results/PROKKA_06292018:CP026272.1_24 (length 135)
plasmid_files/CP026272.1_results/PROKKA_06292018:CP026272.1_25 (length 91)
plasmid_files/CP026272.1_results/PROKKA_06292018:CP026272.1_26 (length 116)
plasmid_files/CP026272.1_results/PROKKA_06292018:CP026272.1_27 (length 151)
plasmid_files/CP026272.1_results/PROKKA_06292018:CP026272.1_28 (length 169)
plasmid_files/CP026272.1_results/PROKKA_06292018:CP026272.1_29 (length 286)
plasmid_files/CP026272.1_results/PROKKA_06292018:CP026272.1_30 (length 274)
plasmid_files/CP026272.1_results/PROKKA_06292018:CP026272.1_31 (length 262)
plasmid_files/CP026272.1_results/PROKKA_06292018:CP026272.1_32 (length 201)
plasmid_files/CP026272.1_results/PROKKA_06292018:CP026272.1_33 (length 185)
plasmid_files/CP026272.1_results/PROKKA_06292018:CP026272.1_34 (length 302)
plasmid_files/CP026272.1_results/PROKKA_06292018:CP026272.1_35 (length 571)
plasmid_files/CP026272.1_results/PROKKA_06292018:CP026272.1_36 (length 1009)
plasmid_files/CP026272.1_results/PROKKA_06292018:CP026272.1_37 (length 341)
plasmid_files/CP026272.1_results/PROKKA_06292018:CP026272.1_38 (length 259)
plasmid_files/CP026272.1_results/PROKKA_06292018:CP026272.1_39 (length 112)
plasmid_files/CP026272.1_results/PROKKA_06292018:CP026272.1_40 (length 293)
plasmid_files/CP026272.1_results/PROKKA_06292018:CP026272.1_41 (length 439)
plasmid_files/CP026272.1_results/PROKKA_06292018:CP026272.1_42 (length 401)
plasmid_files/CP026272.1_results/PROKKA_06292018:CP026272.1_43 (length 181)
plasmid_files/CP026272.1_results/PROKKA_06292018:CP026272.1_44 (length 375)
plasmid_files/CP026272.1_results/PROKKA_06292018:CP026272.1_45 (length 55)
plasmid_files/CP026272.1_results/PROKKA_06292018:CP026272.1_46 (length 331)
plasmid_files/CP026272.1_results/PROKKA_06292018:CP026272.1_47 (length 211)
plasmid_files/CP026272.1_results/PROKKA_06292018:CP026272.1_48 (length 268)
plasmid_files/CP026272.1_results/PROKKA_06292018:CP026272.1_49 (length 89)
plasmid_files/CP026272.1_results/PROKKA_06292018:CP026272.1_50 (length 168)
plasmid_files/CP026272.1_results/PROKKA_06292018:CP026272.1_51 (length 113)
plasmid_files/CP026272.1_results/PROKKA_06292018:CP026272.1_52 (length 263)
plasmid_files/CP026272.1_results/PROKKA_06292018:CP026272.1_53 (length 197)
plasmid_files/CP026272.1_results/PROKKA_06292018:CP026272.1_54 (length 239)
plasmid_files/CP026272.1_results/PROKKA_06292018:CP026272.1_55 (length 1752)
plasmid_files/CP026272.1_results/PROKKA_06292018:CP026272.1_56 (length 764)
plasmid_files/CP026272.1_results/PROKKA_06292018:CP026272.1_57 (length 175)
plasmid_files/CP026272.1_results/PROKKA_06292018:CP026272.1_58 (length 947)
plasmid_files/CP026272.1_results/PROKKA_06292018:CP026272.1_59 (length 456)
plasmid_files/CP026272.1_results/PROKKA_06292018:CP026272.1_60 (length 191)
plasmid_files/CP026272.1_results/PROKKA_06292018:CP026272.1_61 (length 78)
plasmid_files/CP026272.1_results/PROKKA_06292018:CP026272.1_62 (length 250)
plasmid_files/CP026272.1_results/PROKKA_06292018:CP026272.1_63 (length 108)
plasmid_files/CP026272.1_results/PROKKA_06292018:CP026272.1_64 (length 61)
plasmid_files/CP026272.1_results/PROKKA_06292018:CP026272.1_65 (length 78)
plasmid_files/CP026272.1_results/PROKKA_06292018:CP026272.1_66 (length 203)
plasmid_files/CP026272.1_results/PROKKA_06292018:CP026272.1_67 (length 647)
plasmid_files/CP026272.1_results/PROKKA_06292018:CP026272.1_68 (length 208)
plasmid_files/CP026272.1_results/PROKKA_06292018:CP026272.1_69 (length 330)
plasmid_files/CP026272.1_results/PROKKA_06292018:CP026272.1_70 (length 208)
plasmid_files/CP026272.1_results/PROKKA_06292018:CP026272.1_71 (length 129)
plasmid_files/CP026272.1_results/PROKKA_06292018:CP026272.1_72 (length 730)
plasmid_files/CP026272.1_results/PROKKA_06292018:CP026272.1_73 (length 96)
plasmid_files/CP026272.1_results/PROKKA_06292018:CP026272.1_74 (length 91)
plasmid_files/CP026272.1_results/PROKKA_06292018:CP026272.1_75 (length 97)
plasmid_files/CP026272.1_results/PROKKA_06292018:CP026272.1_76 (length 322)
plasmid_files/CP026272.1_results/PROKKA_06292018:CP026272.1_77 (length 97)
plasmid_files/CP026272.1_results/PROKKA_06292018:CP026272.1_78 (length 91)
plasmid_files/CP026272.1_results/PROKKA_06292018:CP026272.1_79 (length 96)
plasmid_files/CP026272.1_results/PROKKA_06292018:CP026272.1_80 (length 118)
plasmid_files/CP026272.1_results/PROKKA_06292018:CP026272.1_81 (length 127)
plasmid_files/CP026272.1_results/PROKKA_06292018:CP026272.1_82 (length 99)
plasmid_files/CP026272.1_results/PROKKA_06292018:CP026272.1_83 (length 133)
plasmid_files/CP026272.1_results/PROKKA_06292018:CP026272.1_84 (length 92)
plasmid_files/CP026272.1_results/PROKKA_06292018:CP026272.1_85 (length 184)
plasmid_files/CP026272.1_results/PROKKA_06292018:CP026272.1_86 (length 473)
plasmid_files/CP026272.1_results/PROKKA_06292018:CP026272.1_87 (length 244)
plasmid_files/CP026272.1_results/PROKKA_06292018:CP026272.1_88 (length 188)
plasmid_files/CP026272.1_results/PROKKA_06292018:CP026272.1_89 (length 965)
plasmid_files/CP026272.1_results/PROKKA_06292018:CP026272.1_90 (length 201)
plasmid_files/CP026272.1_results/PROKKA_06292018:CP026272.1_91 (length 169)
plasmid_files/CP026272.1_results/PROKKA_06292018:CP026272.1_92 (length 97)
plasmid_files/CP026272.1_results/PROKKA_06292018:CP026272.1_93 (length 91)
plasmid_files/CP026272.1_results/PROKKA_06292018:CP026272.1_94 (length 96)
plasmid_files/CP026272.1_results/PROKKA_06292018:CP026272.1_95 (length 35)
plasmid_files/CP026272.1_results/PROKKA_06292018:CP026272.1_96 (length 121)
plasmid_files/CP026272.1_results/PROKKA_06292018:CP026272.1_97 (length 740)
plasmid_files/CP026272.1_results/PROKKA_06292018:CP026272.1_98 (length 269)
plasmid_files/CP026272.1_results/PROKKA_06292018:CP026272.1_99 (length 80)
plasmid_files/CP026272.1_results/PROKKA_06292018:CP026272.1_100 (length 96)
plasmid_files/CP026272.1_results/PROKKA_06292018:CP026272.1_101 (length 91)
plasmid_files/CP026272.1_results/PROKKA_06292018:CP026272.1_102 (length 97)
plasmid_files/CP026272.1_results/PROKKA_06292018:CP026272.1_103 (length 322)
plasmid_files/CP026272.1_results/PROKKA_06292018:CP026272.1_104 (length 97)
plasmid_files/CP026272.1_results/PROKKA_06292018:CP026272.1_105 (length 91)
plasmid_files/CP026272.1_results/PROKKA_06292018:CP026272.1_106 (length 96)
plasmid_files/CP026272.1_results/PROKKA_06292018:CP026272.1_107 (length 86)
plasmid_files/CP026272.1_results/PROKKA_06292018:CP026272.1_108 (length 96)
plasmid_files/CP026272.1_results/PROKKA_06292018:CP026272.1_109 (length 53)
plasmid_files/CP026272.1_results/PROKKA_06292018:CP026272.1_110 (length 107)
plasmid_files/CP026272.1_results/PROKKA_06292018:CP026272.1_111 (length 182)
plasmid_files/CP026272.1_results/PROKKA_06292018:CP026272.1_112 (length 893)
plasmid_files/CP026272.1_results/PROKKA_06292018:CP026272.1_113 (length 96)
plasmid_files/CP026272.1_results/PROKKA_06292018:CP026272.1_114 (length 91)
plasmid_files/CP026272.1_results/PROKKA_06292018:CP026272.1_115 (length 97)
plasmid_files/CP026272.1_results/PROKKA_06292018:CP026272.1_116 (length 322)
plasmid_files/CP026272.1_results/PROKKA_06292018:CP026272.1_117 (length 97)
plasmid_files/CP026272.1_results/PROKKA_06292018:CP026272.1_118 (length 91)
plasmid_files/CP026272.1_results/PROKKA_06292018:CP026272.1_119 (length 96)
plasmid_files/CP026272.1_results/PROKKA_06292018:CP026272.1_120 (length 310)
plasmid_files/CP026272.1_results/PROKKA_06292018:CP026272.1_121 (length 331)
plasmid_files/CP026272.1_results/PROKKA_06292018:CP026272.1_122 (length 124)
plasmid_files/CP026272.1_results/PROKKA_06292018:CP026272.1_123 (length 730)
plasmid_files/CP026272.1_results/PROKKA_06292018:CP026272.1_124 (length 427)
plasmid_files/CP026272.1_results/PROKKA_06292018:CP026272.1_125 (length 468)
plasmid_files/CP026272.1_results/PROKKA_06292018:CP026272.1_126 (length 790)
plasmid_files/CP026272.1_results/PROKKA_06292018:CP026272.1_127 (length 547)
plasmid_files/CP026272.1_results/PROKKA_06292018:CP026272.1_128 (length 96)
plasmid_files/CP026272.1_results/PROKKA_06292018:CP026272.1_129 (length 91)
plasmid_files/CP026272.1_results/PROKKA_06292018:CP026272.1_130 (length 97)
plasmid_files/CP026272.1_results/PROKKA_06292018:CP026272.1_131 (length 322)
plasmid_files/CP026272.1_results/PROKKA_06292018:CP026272.1_132 (length 97)
plasmid_files/CP026272.1_results/PROKKA_06292018:CP026272.1_133 (length 91)
plasmid_files/CP026272.1_results/PROKKA_06292018:CP026272.1_134 (length 96)
plasmid_files/CP026272.1_results/PROKKA_06292018:CP026272.1_135 (length 158)
plasmid_files/CP026272.1_results/PROKKA_06292018:CP026272.1_136 (length 92)
plasmid_files/CP026272.1_results/PROKKA_06292018:CP026272.1_137 (length 167)
plasmid_files/CP026272.1_results/PROKKA_06292018:CP026272.1_138 (length 174)
plasmid_files/CP026272.1_results/PROKKA_06292018:CP026272.1_139 (length 425)
plasmid_files/CP026272.1_results/PROKKA_06292018:CP026272.1_140 (length 213)
plasmid_files/CP026272.1_results/PROKKA_06292018:CP026272.1_141 (length 312)
plasmid_files/CP026272.1_results/PROKKA_06292018:CP026272.1_142 (length 263)
plasmid_files/CP026272.1_results/PROKKA_06292018:CP026272.1_143 (length 381)
plasmid_files/CP026272.1_results/PROKKA_06292018:CP026272.1_144 (length 234)
plasmid_files/CP026272.1_results/PROKKA_06292018:CP026272.1_145 (length 209)
plasmid_files/CP026272.1_results/PROKKA_06292018:CP026272.1_146 (length 96)
plasmid_files/CP026272.1_results/PROKKA_06292018:CP026272.1_147 (length 133)
plasmid_files/CP026272.1_results/PROKKA_06292018:CP026272.1_148 (length 131)
plasmid_files/CP026272.1_results/PROKKA_06292018:CP026272.1_149 (length 108)
plasmid_files/CP026272.1_results/PROKKA_06292018:CP026272.1_150 (length 166)
plasmid_files/CP026272.1_results/PROKKA_06292018:CP026272.1_151 (length 123)
plasmid_files/CP026272.1_results/PROKKA_06292018:CP026272.1_152 (length 185)
plasmid_files/CP026272.1_results/PROKKA_06292018:CP026272.1_153 (length 334)
plasmid_files/CP026272.1_results/PROKKA_06292018:CP026272.1_154 (length 67)
plasmid_files/CP026272.1_results/PROKKA_06292018:CP026272.1_155 (length 67)
plasmid_files/CP026272.1_results/PROKKA_06292018:CP026272.1_156 (length 122)
plasmid_files/CP026272.1_results/PROKKA_06292018:CP026272.1_157 (length 164)
plasmid_files/CP026272.1_results/PROKKA_06292018:CP026272.1_158 (length 190)
plasmid_files/CP026272.1_results/PROKKA_06292018:CP026272.1_159 (length 82)
plasmid_files/CP026272.1_results/PROKKA_06292018:CP026272.1_160 (length 49)

DiscRep_ALL:DISC_SOURCE_QUALS_ASNDISC::strain (all present, all unique)
DiscRep_SUB:DISC_SOURCE_QUALS_ASNDISC::1 sources have unique values for strain
DiscRep_ALL:DISC_SOURCE_QUALS_ASNDISC::taxname (all present, all unique)
DiscRep_SUB:DISC_SOURCE_QUALS_ASNDISC::1 sources have unique values for taxname
DiscRep_ALL:DISC_FEATURE_COUNT::CDS: 160 present
DiscRep_ALL:DISC_COUNT_NUCLEOTIDES::1 nucleotide Bioseqs are present
plasmid_files/CP026272.1_results/PROKKA_06292018:CP026272.1 (length 144055)

DiscRep_ALL:FEATURE_LOCATION_CONFLICT::160 features have inconsistent gene locations.
DiscRep_SUB:FEATURE_LOCATION_CONFLICT::Coding region xref gene does not exist
plasmid_files/CP026272.1_results/PROKKA_06292018:CDS	Toxin CcdB	CP026272.1:119-424	CANELEFC_00001

DiscRep_SUB:FEATURE_LOCATION_CONFLICT::Coding region xref gene does not exist
plasmid_files/CP026272.1_results/PROKKA_06292018:CDS	hypothetical protein	CP026272.1:593-988	CANELEFC_00002

DiscRep_SUB:FEATURE_LOCATION_CONFLICT::Coding region xref gene does not exist
plasmid_files/CP026272.1_results/PROKKA_06292018:CDS	hypothetical protein	CP026272.1:1015-1329	CANELEFC_00003

DiscRep_SUB:FEATURE_LOCATION_CONFLICT::Coding region xref gene does not exist
plasmid_files/CP026272.1_results/PROKKA_06292018:CDS	hypothetical protein	CP026272.1:1340-2356	CANELEFC_00004

DiscRep_SUB:FEATURE_LOCATION_CONFLICT::Coding region xref gene does not exist
plasmid_files/CP026272.1_results/PROKKA_06292018:CDS	Tyrosine recombinase XerD	CP026272.1:2554-3348	CANELEFC_00005

DiscRep_SUB:FEATURE_LOCATION_CONFLICT::Coding region xref gene does not exist
plasmid_files/CP026272.1_results/PROKKA_06292018:CDS	Chromosome-partitioning ATPase Soj	CP026272.1:c4769-4143	CANELEFC_00006

DiscRep_SUB:FEATURE_LOCATION_CONFLICT::Coding region xref gene does not exist
plasmid_files/CP026272.1_results/PROKKA_06292018:CDS	Replication protein RepA	CP026272.1:c6277-5402	CANELEFC_00007

DiscRep_SUB:FEATURE_LOCATION_CONFLICT::Coding region xref gene does not exist
plasmid_files/CP026272.1_results/PROKKA_06292018:CDS	Protein UmuC	CP026272.1:c7726-6689	CANELEFC_00008

DiscRep_SUB:FEATURE_LOCATION_CONFLICT::Coding region xref gene does not exist
plasmid_files/CP026272.1_results/PROKKA_06292018:CDS	hypothetical protein	CP026272.1:7913-8617	CANELEFC_00009

DiscRep_SUB:FEATURE_LOCATION_CONFLICT::Coding region xref gene does not exist
plasmid_files/CP026272.1_results/PROKKA_06292018:CDS	hypothetical protein	CP026272.1:8657-10435	CANELEFC_00010

DiscRep_SUB:FEATURE_LOCATION_CONFLICT::Coding region xref gene does not exist
plasmid_files/CP026272.1_results/PROKKA_06292018:CDS	hypothetical protein	CP026272.1:10514-11518	CANELEFC_00011

DiscRep_SUB:FEATURE_LOCATION_CONFLICT::Coding region xref gene does not exist
plasmid_files/CP026272.1_results/PROKKA_06292018:CDS	hypothetical protein	CP026272.1:c11876-11700	CANELEFC_00012

DiscRep_SUB:FEATURE_LOCATION_CONFLICT::Coding region xref gene does not exist
plasmid_files/CP026272.1_results/PROKKA_06292018:CDS	Dihydropteroate synthase	CP026272.1:12206-13021	CANELEFC_00013

DiscRep_SUB:FEATURE_LOCATION_CONFLICT::Coding region xref gene does not exist
plasmid_files/CP026272.1_results/PROKKA_06292018:CDS	Aminoglycoside 3'-phosphotransferase	CP026272.1:13082-13885	CANELEFC_00014

DiscRep_SUB:FEATURE_LOCATION_CONFLICT::Coding region xref gene does not exist
plasmid_files/CP026272.1_results/PROKKA_06292018:CDS	hypothetical protein	CP026272.1:13885-14721	CANELEFC_00015

DiscRep_SUB:FEATURE_LOCATION_CONFLICT::Coding region xref gene does not exist
plasmid_files/CP026272.1_results/PROKKA_06292018:CDS	hypothetical protein	CP026272.1:14879-15466	CANELEFC_00016

DiscRep_SUB:FEATURE_LOCATION_CONFLICT::Coding region xref gene does not exist
plasmid_files/CP026272.1_results/PROKKA_06292018:CDS	hypothetical protein	CP026272.1:c16652-15648	CANELEFC_00017

DiscRep_SUB:FEATURE_LOCATION_CONFLICT::Coding region xref gene does not exist
plasmid_files/CP026272.1_results/PROKKA_06292018:CDS	hypothetical protein	CP026272.1:c19703-16731	CANELEFC_00018

DiscRep_SUB:FEATURE_LOCATION_CONFLICT::Coding region xref gene does not exist
plasmid_files/CP026272.1_results/PROKKA_06292018:CDS	DNA-invertase hin	CP026272.1:c20263-19706	CANELEFC_00019

DiscRep_SUB:FEATURE_LOCATION_CONFLICT::Coding region xref gene does not exist
plasmid_files/CP026272.1_results/PROKKA_06292018:CDS	hypothetical protein	CP026272.1:c20605-20393	CANELEFC_00020

DiscRep_SUB:FEATURE_LOCATION_CONFLICT::Coding region xref gene does not exist
plasmid_files/CP026272.1_results/PROKKA_06292018:CDS	hypothetical protein	CP026272.1:c20907-20671	CANELEFC_00021

DiscRep_SUB:FEATURE_LOCATION_CONFLICT::Coding region xref gene does not exist
plasmid_files/CP026272.1_results/PROKKA_06292018:CDS	hypothetical protein	CP026272.1:c21269-20904	CANELEFC_00022

DiscRep_SUB:FEATURE_LOCATION_CONFLICT::Coding region xref gene does not exist
plasmid_files/CP026272.1_results/PROKKA_06292018:CDS	Mercuric reductase	CP026272.1:c22969-21287	CANELEFC_00023

DiscRep_SUB:FEATURE_LOCATION_CONFLICT::Coding region xref gene does not exist
plasmid_files/CP026272.1_results/PROKKA_06292018:CDS	Mercuric transport protein MerC	CP026272.1:c23415-23008	CANELEFC_00024

DiscRep_SUB:FEATURE_LOCATION_CONFLICT::Coding region xref gene does not exist
plasmid_files/CP026272.1_results/PROKKA_06292018:CDS	Mercuric transport protein periplasmic component	CP026272.1:c23718-23443	CANELEFC_00025

DiscRep_SUB:FEATURE_LOCATION_CONFLICT::Coding region xref gene does not exist
plasmid_files/CP026272.1_results/PROKKA_06292018:CDS	Mercuric transport protein MerT	CP026272.1:c24084-23734	CANELEFC_00026

DiscRep_SUB:FEATURE_LOCATION_CONFLICT::Coding region xref gene does not exist
plasmid_files/CP026272.1_results/PROKKA_06292018:CDS	Mercuric resistance operon regulatory protein	CP026272.1:24156-24611	CANELEFC_00027

DiscRep_SUB:FEATURE_LOCATION_CONFLICT::Coding region xref gene does not exist
plasmid_files/CP026272.1_results/PROKKA_06292018:CDS	hypothetical protein	CP026272.1:c25874-25365	CANELEFC_00028

DiscRep_SUB:FEATURE_LOCATION_CONFLICT::Coding region xref gene does not exist
plasmid_files/CP026272.1_results/PROKKA_06292018:CDS	Beta-lactamase TEM	CP026272.1:c26944-26084	CANELEFC_00029

DiscRep_SUB:FEATURE_LOCATION_CONFLICT::Coding region xref gene does not exist
plasmid_files/CP026272.1_results/PROKKA_06292018:CDS	Beta-lactamase OXA-18	CP026272.1:c28468-27644	CANELEFC_00030

DiscRep_SUB:FEATURE_LOCATION_CONFLICT::Coding region xref gene does not exist
plasmid_files/CP026272.1_results/PROKKA_06292018:CDS	Streptomycin 3''-adenylyltransferase	CP026272.1:c29316-28528	CANELEFC_00031

DiscRep_SUB:FEATURE_LOCATION_CONFLICT::Coding region xref gene does not exist
plasmid_files/CP026272.1_results/PROKKA_06292018:CDS	Aminoglycoside N(6')-acetyltransferase type 1	CP026272.1:c29991-29386	CANELEFC_00032

DiscRep_SUB:FEATURE_LOCATION_CONFLICT::Coding region xref gene does not exist
plasmid_files/CP026272.1_results/PROKKA_06292018:CDS	Transposon Tn3 resolvase	CP026272.1:c30731-30174	CANELEFC_00033

DiscRep_SUB:FEATURE_LOCATION_CONFLICT::Coding region xref gene does not exist
plasmid_files/CP026272.1_results/PROKKA_06292018:CDS	hypothetical protein	CP026272.1:30895-31803	CANELEFC_00034

DiscRep_SUB:FEATURE_LOCATION_CONFLICT::Coding region xref gene does not exist
plasmid_files/CP026272.1_results/PROKKA_06292018:CDS	Tyrosine recombinase XerD	CP026272.1:c33561-31846	CANELEFC_00035

DiscRep_SUB:FEATURE_LOCATION_CONFLICT::Coding region xref gene does not exist
plasmid_files/CP026272.1_results/PROKKA_06292018:CDS	hypothetical protein	CP026272.1:33671-36700	CANELEFC_00036

DiscRep_SUB:FEATURE_LOCATION_CONFLICT::Coding region xref gene does not exist
plasmid_files/CP026272.1_results/PROKKA_06292018:CDS	hypothetical protein	CP026272.1:36807-37832	CANELEFC_00037

DiscRep_SUB:FEATURE_LOCATION_CONFLICT::Coding region xref gene does not exist
plasmid_files/CP026272.1_results/PROKKA_06292018:CDS	Insertion sequence IS5376 putative ATP-binding protein	CP026272.1:37829-38608	CANELEFC_00038

DiscRep_SUB:FEATURE_LOCATION_CONFLICT::Coding region xref gene does not exist
plasmid_files/CP026272.1_results/PROKKA_06292018:CDS	hypothetical protein	CP026272.1:38605-38943	CANELEFC_00039

DiscRep_SUB:FEATURE_LOCATION_CONFLICT::Coding region xref gene does not exist
plasmid_files/CP026272.1_results/PROKKA_06292018:CDS	Carbapenem-hydrolyzing beta-lactamase KPC	CP026272.1:38995-39876	CANELEFC_00040

DiscRep_SUB:FEATURE_LOCATION_CONFLICT::Coding region xref gene does not exist
plasmid_files/CP026272.1_results/PROKKA_06292018:CDS	hypothetical protein	CP026272.1:c41445-40126	CANELEFC_00041

DiscRep_SUB:FEATURE_LOCATION_CONFLICT::Coding region xref gene does not exist
plasmid_files/CP026272.1_results/PROKKA_06292018:CDS	hypothetical protein	CP026272.1:41711-42916	CANELEFC_00042

DiscRep_SUB:FEATURE_LOCATION_CONFLICT::Coding region xref gene does not exist
plasmid_files/CP026272.1_results/PROKKA_06292018:CDS	hypothetical protein	CP026272.1:c43466-42921	CANELEFC_00043

DiscRep_SUB:FEATURE_LOCATION_CONFLICT::Coding region xref gene does not exist
plasmid_files/CP026272.1_results/PROKKA_06292018:CDS	Aliphatic amidase expression-regulating protein	CP026272.1:c44590-43463	CANELEFC_00044

DiscRep_SUB:FEATURE_LOCATION_CONFLICT::Coding region xref gene does not exist
plasmid_files/CP026272.1_results/PROKKA_06292018:CDS	hypothetical protein	CP026272.1:c45042-44875	CANELEFC_00045

DiscRep_SUB:FEATURE_LOCATION_CONFLICT::Coding region xref gene does not exist
plasmid_files/CP026272.1_results/PROKKA_06292018:CDS	hypothetical protein	CP026272.1:46044-47039	CANELEFC_00046

DiscRep_SUB:FEATURE_LOCATION_CONFLICT::Coding region xref gene does not exist
plasmid_files/CP026272.1_results/PROKKA_06292018:CDS	hypothetical protein	CP026272.1:c47810-47175	CANELEFC_00047

DiscRep_SUB:FEATURE_LOCATION_CONFLICT::Coding region xref gene does not exist
plasmid_files/CP026272.1_results/PROKKA_06292018:CDS	hypothetical protein	CP026272.1:c49855-49049	CANELEFC_00048

DiscRep_SUB:FEATURE_LOCATION_CONFLICT::Coding region xref gene does not exist
plasmid_files/CP026272.1_results/PROKKA_06292018:CDS	hypothetical protein	CP026272.1:c50472-50203	CANELEFC_00049

DiscRep_SUB:FEATURE_LOCATION_CONFLICT::Coding region xref gene does not exist
plasmid_files/CP026272.1_results/PROKKA_06292018:CDS	Phospholipase D	CP026272.1:c51116-50610	CANELEFC_00050

DiscRep_SUB:FEATURE_LOCATION_CONFLICT::Coding region xref gene does not exist
plasmid_files/CP026272.1_results/PROKKA_06292018:CDS	hypothetical protein	CP026272.1:c51596-51255	CANELEFC_00051

DiscRep_SUB:FEATURE_LOCATION_CONFLICT::Coding region xref gene does not exist
plasmid_files/CP026272.1_results/PROKKA_06292018:CDS	hypothetical protein	CP026272.1:c52427-51636	CANELEFC_00052

DiscRep_SUB:FEATURE_LOCATION_CONFLICT::Coding region xref gene does not exist
plasmid_files/CP026272.1_results/PROKKA_06292018:CDS	Fertility inhibition protein	CP026272.1:c53133-52540	CANELEFC_00053

DiscRep_SUB:FEATURE_LOCATION_CONFLICT::Coding region xref gene does not exist
plasmid_files/CP026272.1_results/PROKKA_06292018:CDS	hypothetical protein	CP026272.1:c54013-53294	CANELEFC_00054

DiscRep_SUB:FEATURE_LOCATION_CONFLICT::Coding region xref gene does not exist
plasmid_files/CP026272.1_results/PROKKA_06292018:CDS	Multifunctional conjugation protein TraI	CP026272.1:c59355-54097	CANELEFC_00055

DiscRep_SUB:FEATURE_LOCATION_CONFLICT::Coding region xref gene does not exist
plasmid_files/CP026272.1_results/PROKKA_06292018:CDS	Coupling protein TraD	CP026272.1:c61649-59355	CANELEFC_00056

DiscRep_SUB:FEATURE_LOCATION_CONFLICT::Coding region xref gene does not exist
plasmid_files/CP026272.1_results/PROKKA_06292018:CDS	Protein TraS	CP026272.1:c62383-61856	CANELEFC_00057

DiscRep_SUB:FEATURE_LOCATION_CONFLICT::Coding region xref gene does not exist
plasmid_files/CP026272.1_results/PROKKA_06292018:CDS	hypothetical protein	CP026272.1:c65237-62394	CANELEFC_00058

DiscRep_SUB:FEATURE_LOCATION_CONFLICT::Coding region xref gene does not exist
plasmid_files/CP026272.1_results/PROKKA_06292018:CDS	hypothetical protein	CP026272.1:c66607-65237	CANELEFC_00059

DiscRep_SUB:FEATURE_LOCATION_CONFLICT::Coding region xref gene does not exist
plasmid_files/CP026272.1_results/PROKKA_06292018:CDS	hypothetical protein	CP026272.1:c67169-66594	CANELEFC_00060

DiscRep_SUB:FEATURE_LOCATION_CONFLICT::Coding region xref gene does not exist
plasmid_files/CP026272.1_results/PROKKA_06292018:CDS	Protein TraQ	CP026272.1:c67380-67144	CANELEFC_00061

DiscRep_SUB:FEATURE_LOCATION_CONFLICT::Coding region xref gene does not exist
plasmid_files/CP026272.1_results/PROKKA_06292018:CDS	hypothetical protein	CP026272.1:c68143-67391	CANELEFC_00062

DiscRep_SUB:FEATURE_LOCATION_CONFLICT::Coding region xref gene does not exist
plasmid_files/CP026272.1_results/PROKKA_06292018:CDS	hypothetical protein	CP026272.1:c68490-68164	CANELEFC_00063

DiscRep_SUB:FEATURE_LOCATION_CONFLICT::Coding region xref gene does not exist
plasmid_files/CP026272.1_results/PROKKA_06292018:CDS	hypothetical protein	CP026272.1:c68722-68537	CANELEFC_00064

DiscRep_SUB:FEATURE_LOCATION_CONFLICT::Coding region xref gene does not exist
plasmid_files/CP026272.1_results/PROKKA_06292018:CDS	hypothetical protein	CP026272.1:c68955-68719	CANELEFC_00065

DiscRep_SUB:FEATURE_LOCATION_CONFLICT::Coding region xref gene does not exist
plasmid_files/CP026272.1_results/PROKKA_06292018:CDS	hypothetical protein	CP026272.1:c69556-68945	CANELEFC_00066

DiscRep_SUB:FEATURE_LOCATION_CONFLICT::Coding region xref gene does not exist
plasmid_files/CP026272.1_results/PROKKA_06292018:CDS	hypothetical protein	CP026272.1:c71613-69670	CANELEFC_00067

DiscRep_SUB:FEATURE_LOCATION_CONFLICT::Coding region xref gene does not exist
plasmid_files/CP026272.1_results/PROKKA_06292018:CDS	hypothetical protein	CP026272.1:c72236-71610	CANELEFC_00068

DiscRep_SUB:FEATURE_LOCATION_CONFLICT::Coding region xref gene does not exist
plasmid_files/CP026272.1_results/PROKKA_06292018:CDS	hypothetical protein	CP026272.1:c73241-72249	CANELEFC_00069

DiscRep_SUB:FEATURE_LOCATION_CONFLICT::Coding region xref gene does not exist
plasmid_files/CP026272.1_results/PROKKA_06292018:CDS	hypothetical protein	CP026272.1:c73878-73252	CANELEFC_00070

DiscRep_SUB:FEATURE_LOCATION_CONFLICT::Coding region xref gene does not exist
plasmid_files/CP026272.1_results/PROKKA_06292018:CDS	hypothetical protein	CP026272.1:c74264-73875	CANELEFC_00071

DiscRep_SUB:FEATURE_LOCATION_CONFLICT::Coding region xref gene does not exist
plasmid_files/CP026272.1_results/PROKKA_06292018:CDS	Protein TraC	CP026272.1:c76456-74264	CANELEFC_00072

DiscRep_SUB:FEATURE_LOCATION_CONFLICT::Coding region xref gene does not exist
plasmid_files/CP026272.1_results/PROKKA_06292018:CDS	hypothetical protein	CP026272.1:c76916-76626	CANELEFC_00073

DiscRep_SUB:FEATURE_LOCATION_CONFLICT::Coding region xref gene does not exist
plasmid_files/CP026272.1_results/PROKKA_06292018:CDS	hypothetical protein	CP026272.1:76918-77193	CANELEFC_00074

DiscRep_SUB:FEATURE_LOCATION_CONFLICT::Coding region xref gene does not exist
plasmid_files/CP026272.1_results/PROKKA_06292018:CDS	hypothetical protein	CP026272.1:c77492-77199	CANELEFC_00075

DiscRep_SUB:FEATURE_LOCATION_CONFLICT::Coding region xref gene does not exist
plasmid_files/CP026272.1_results/PROKKA_06292018:CDS	hypothetical protein	CP026272.1:77973-78941	CANELEFC_00076

DiscRep_SUB:FEATURE_LOCATION_CONFLICT::Coding region xref gene does not exist
plasmid_files/CP026272.1_results/PROKKA_06292018:CDS	hypothetical protein	CP026272.1:79446-79739	CANELEFC_00077

DiscRep_SUB:FEATURE_LOCATION_CONFLICT::Coding region xref gene does not exist
plasmid_files/CP026272.1_results/PROKKA_06292018:CDS	hypothetical protein	CP026272.1:c80020-79745	CANELEFC_00078

DiscRep_SUB:FEATURE_LOCATION_CONFLICT::Coding region xref gene does not exist
plasmid_files/CP026272.1_results/PROKKA_06292018:CDS	hypothetical protein	CP026272.1:80022-80312	CANELEFC_00079

DiscRep_SUB:FEATURE_LOCATION_CONFLICT::Coding region xref gene does not exist
plasmid_files/CP026272.1_results/PROKKA_06292018:CDS	Protein TraC	CP026272.1:c80717-80361	CANELEFC_00080

DiscRep_SUB:FEATURE_LOCATION_CONFLICT::Coding region xref gene does not exist
plasmid_files/CP026272.1_results/PROKKA_06292018:CDS	hypothetical protein	CP026272.1:c81193-80810	CANELEFC_00081

DiscRep_SUB:FEATURE_LOCATION_CONFLICT::Coding region xref gene does not exist
plasmid_files/CP026272.1_results/PROKKA_06292018:CDS	hypothetical protein	CP026272.1:c81579-81280	CANELEFC_00082

DiscRep_SUB:FEATURE_LOCATION_CONFLICT::Coding region xref gene does not exist
plasmid_files/CP026272.1_results/PROKKA_06292018:CDS	hypothetical protein	CP026272.1:c81977-81576	CANELEFC_00083

DiscRep_SUB:FEATURE_LOCATION_CONFLICT::Coding region xref gene does not exist
plasmid_files/CP026272.1_results/PROKKA_06292018:CDS	hypothetical protein	CP026272.1:c82340-82062	CANELEFC_00084

DiscRep_SUB:FEATURE_LOCATION_CONFLICT::Coding region xref gene does not exist
plasmid_files/CP026272.1_results/PROKKA_06292018:CDS	Protein TraV	CP026272.1:c83006-82452	CANELEFC_00085

DiscRep_SUB:FEATURE_LOCATION_CONFLICT::Coding region xref gene does not exist
plasmid_files/CP026272.1_results/PROKKA_06292018:CDS	hypothetical protein	CP026272.1:c84616-83195	CANELEFC_00086

DiscRep_SUB:FEATURE_LOCATION_CONFLICT::Coding region xref gene does not exist
plasmid_files/CP026272.1_results/PROKKA_06292018:CDS	hypothetical protein	CP026272.1:c85350-84616	CANELEFC_00087

DiscRep_SUB:FEATURE_LOCATION_CONFLICT::Coding region xref gene does not exist
plasmid_files/CP026272.1_results/PROKKA_06292018:CDS	hypothetical protein	CP026272.1:c85903-85337	CANELEFC_00088

DiscRep_SUB:FEATURE_LOCATION_CONFLICT::Coding region xref gene does not exist
plasmid_files/CP026272.1_results/PROKKA_06292018:CDS	hypothetical protein	CP026272.1:c89090-86193	CANELEFC_00089

DiscRep_SUB:FEATURE_LOCATION_CONFLICT::Coding region xref gene does not exist
plasmid_files/CP026272.1_results/PROKKA_06292018:CDS	Serine recombinase PinR	CP026272.1:89185-89790	CANELEFC_00090

DiscRep_SUB:FEATURE_LOCATION_CONFLICT::Coding region xref gene does not exist
plasmid_files/CP026272.1_results/PROKKA_06292018:CDS	hypothetical protein	CP026272.1:c90304-89795	CANELEFC_00091

DiscRep_SUB:FEATURE_LOCATION_CONFLICT::Coding region xref gene does not exist
plasmid_files/CP026272.1_results/PROKKA_06292018:CDS	hypothetical protein	CP026272.1:90785-91078	CANELEFC_00092

DiscRep_SUB:FEATURE_LOCATION_CONFLICT::Coding region xref gene does not exist
plasmid_files/CP026272.1_results/PROKKA_06292018:CDS	hypothetical protein	CP026272.1:c91359-91084	CANELEFC_00093

DiscRep_SUB:FEATURE_LOCATION_CONFLICT::Coding region xref gene does not exist
plasmid_files/CP026272.1_results/PROKKA_06292018:CDS	hypothetical protein	CP026272.1:91361-91651	CANELEFC_00094

DiscRep_SUB:FEATURE_LOCATION_CONFLICT::Coding region xref gene does not exist
plasmid_files/CP026272.1_results/PROKKA_06292018:CDS	hypothetical protein	CP026272.1:c91728-91621	CANELEFC_00095

DiscRep_SUB:FEATURE_LOCATION_CONFLICT::Coding region xref gene does not exist
plasmid_files/CP026272.1_results/PROKKA_06292018:CDS	hypothetical protein	CP026272.1:c92146-91781	CANELEFC_00096

DiscRep_SUB:FEATURE_LOCATION_CONFLICT::Coding region xref gene does not exist
plasmid_files/CP026272.1_results/PROKKA_06292018:CDS	Putative glycosyltransferase EpsE	CP026272.1:c94847-92625	CANELEFC_00097

DiscRep_SUB:FEATURE_LOCATION_CONFLICT::Coding region xref gene does not exist
plasmid_files/CP026272.1_results/PROKKA_06292018:CDS	hypothetical protein	CP026272.1:94945-95754	CANELEFC_00098

DiscRep_SUB:FEATURE_LOCATION_CONFLICT::Coding region xref gene does not exist
plasmid_files/CP026272.1_results/PROKKA_06292018:CDS	hypothetical protein	CP026272.1:c96263-96021	CANELEFC_00099

DiscRep_SUB:FEATURE_LOCATION_CONFLICT::Coding region xref gene does not exist
plasmid_files/CP026272.1_results/PROKKA_06292018:CDS	hypothetical protein	CP026272.1:c97160-96870	CANELEFC_00100

DiscRep_SUB:FEATURE_LOCATION_CONFLICT::Coding region xref gene does not exist
plasmid_files/CP026272.1_results/PROKKA_06292018:CDS	hypothetical protein	CP026272.1:97162-97437	CANELEFC_00101

DiscRep_SUB:FEATURE_LOCATION_CONFLICT::Coding region xref gene does not exist
plasmid_files/CP026272.1_results/PROKKA_06292018:CDS	hypothetical protein	CP026272.1:c97736-97443	CANELEFC_00102

DiscRep_SUB:FEATURE_LOCATION_CONFLICT::Coding region xref gene does not exist
plasmid_files/CP026272.1_results/PROKKA_06292018:CDS	hypothetical protein	CP026272.1:c99209-98241	CANELEFC_00103

DiscRep_SUB:FEATURE_LOCATION_CONFLICT::Coding region xref gene does not exist
plasmid_files/CP026272.1_results/PROKKA_06292018:CDS	hypothetical protein	CP026272.1:99690-99983	CANELEFC_00104

DiscRep_SUB:FEATURE_LOCATION_CONFLICT::Coding region xref gene does not exist
plasmid_files/CP026272.1_results/PROKKA_06292018:CDS	hypothetical protein	CP026272.1:c100264-99989	CANELEFC_00105

DiscRep_SUB:FEATURE_LOCATION_CONFLICT::Coding region xref gene does not exist
plasmid_files/CP026272.1_results/PROKKA_06292018:CDS	hypothetical protein	CP026272.1:100266-100556	CANELEFC_00106

DiscRep_SUB:FEATURE_LOCATION_CONFLICT::Coding region xref gene does not exist
plasmid_files/CP026272.1_results/PROKKA_06292018:CDS	hypothetical protein	CP026272.1:c100865-100605	CANELEFC_00107

DiscRep_SUB:FEATURE_LOCATION_CONFLICT::Coding region xref gene does not exist
plasmid_files/CP026272.1_results/PROKKA_06292018:CDS	hypothetical protein	CP026272.1:101035-101325	CANELEFC_00108

DiscRep_SUB:FEATURE_LOCATION_CONFLICT::Coding region xref gene does not exist
plasmid_files/CP026272.1_results/PROKKA_06292018:CDS	hypothetical protein	CP026272.1:c101675-101514	CANELEFC_00109

DiscRep_SUB:FEATURE_LOCATION_CONFLICT::Coding region xref gene does not exist
plasmid_files/CP026272.1_results/PROKKA_06292018:CDS	hypothetical protein	CP026272.1:102174-102497	CANELEFC_00110

DiscRep_SUB:FEATURE_LOCATION_CONFLICT::Coding region xref gene does not exist
plasmid_files/CP026272.1_results/PROKKA_06292018:CDS	hypothetical protein	CP026272.1:102481-103029	CANELEFC_00111

DiscRep_SUB:FEATURE_LOCATION_CONFLICT::Coding region xref gene does not exist
plasmid_files/CP026272.1_results/PROKKA_06292018:CDS	hypothetical protein	CP026272.1:c106213-103532	CANELEFC_00112

DiscRep_SUB:FEATURE_LOCATION_CONFLICT::Coding region xref gene does not exist
plasmid_files/CP026272.1_results/PROKKA_06292018:CDS	hypothetical protein	CP026272.1:c106854-106564	CANELEFC_00113

DiscRep_SUB:FEATURE_LOCATION_CONFLICT::Coding region xref gene does not exist
plasmid_files/CP026272.1_results/PROKKA_06292018:CDS	hypothetical protein	CP026272.1:106856-107131	CANELEFC_00114

DiscRep_SUB:FEATURE_LOCATION_CONFLICT::Coding region xref gene does not exist
plasmid_files/CP026272.1_results/PROKKA_06292018:CDS	hypothetical protein	CP026272.1:c107430-107137	CANELEFC_00115

DiscRep_SUB:FEATURE_LOCATION_CONFLICT::Coding region xref gene does not exist
plasmid_files/CP026272.1_results/PROKKA_06292018:CDS	hypothetical protein	CP026272.1:c108903-107935	CANELEFC_00116

DiscRep_SUB:FEATURE_LOCATION_CONFLICT::Coding region xref gene does not exist
plasmid_files/CP026272.1_results/PROKKA_06292018:CDS	hypothetical protein	CP026272.1:109384-109677	CANELEFC_00117

DiscRep_SUB:FEATURE_LOCATION_CONFLICT::Coding region xref gene does not exist
plasmid_files/CP026272.1_results/PROKKA_06292018:CDS	hypothetical protein	CP026272.1:c109958-109683	CANELEFC_00118

DiscRep_SUB:FEATURE_LOCATION_CONFLICT::Coding region xref gene does not exist
plasmid_files/CP026272.1_results/PROKKA_06292018:CDS	hypothetical protein	CP026272.1:109960-110250	CANELEFC_00119

DiscRep_SUB:FEATURE_LOCATION_CONFLICT::Coding region xref gene does not exist
plasmid_files/CP026272.1_results/PROKKA_06292018:CDS	hypothetical protein	CP026272.1:c111245-110313	CANELEFC_00120

DiscRep_SUB:FEATURE_LOCATION_CONFLICT::Coding region xref gene does not exist
plasmid_files/CP026272.1_results/PROKKA_06292018:CDS	hypothetical protein	CP026272.1:c112244-111249	CANELEFC_00121

DiscRep_SUB:FEATURE_LOCATION_CONFLICT::Coding region xref gene does not exist
plasmid_files/CP026272.1_results/PROKKA_06292018:CDS	hypothetical protein	CP026272.1:c112865-112491	CANELEFC_00122

DiscRep_SUB:FEATURE_LOCATION_CONFLICT::Coding region xref gene does not exist
plasmid_files/CP026272.1_results/PROKKA_06292018:CDS	1,4-alpha-glucan branching enzyme GlgB	CP026272.1:113749-115941	CANELEFC_00123

DiscRep_SUB:FEATURE_LOCATION_CONFLICT::Coding region xref gene does not exist
plasmid_files/CP026272.1_results/PROKKA_06292018:CDS	Glucose-1-phosphate adenylyltransferase	CP026272.1:116071-117354	CANELEFC_00124

DiscRep_SUB:FEATURE_LOCATION_CONFLICT::Coding region xref gene does not exist
plasmid_files/CP026272.1_results/PROKKA_06292018:CDS	Glycogen synthase	CP026272.1:117471-118877	CANELEFC_00125

DiscRep_SUB:FEATURE_LOCATION_CONFLICT::Coding region xref gene does not exist
plasmid_files/CP026272.1_results/PROKKA_06292018:CDS	Maltodextrin phosphorylase	CP026272.1:118971-121343	CANELEFC_00126

DiscRep_SUB:FEATURE_LOCATION_CONFLICT::Coding region xref gene does not exist
plasmid_files/CP026272.1_results/PROKKA_06292018:CDS	Phosphoglucomutase	CP026272.1:121448-123091	CANELEFC_00127

DiscRep_SUB:FEATURE_LOCATION_CONFLICT::Coding region xref gene does not exist
plasmid_files/CP026272.1_results/PROKKA_06292018:CDS	hypothetical protein	CP026272.1:c123880-123590	CANELEFC_00128

DiscRep_SUB:FEATURE_LOCATION_CONFLICT::Coding region xref gene does not exist
plasmid_files/CP026272.1_results/PROKKA_06292018:CDS	hypothetical protein	CP026272.1:123882-124157	CANELEFC_00129

DiscRep_SUB:FEATURE_LOCATION_CONFLICT::Coding region xref gene does not exist
plasmid_files/CP026272.1_results/PROKKA_06292018:CDS	hypothetical protein	CP026272.1:c124456-124163	CANELEFC_00130

DiscRep_SUB:FEATURE_LOCATION_CONFLICT::Coding region xref gene does not exist
plasmid_files/CP026272.1_results/PROKKA_06292018:CDS	hypothetical protein	CP026272.1:c125929-124961	CANELEFC_00131

DiscRep_SUB:FEATURE_LOCATION_CONFLICT::Coding region xref gene does not exist
plasmid_files/CP026272.1_results/PROKKA_06292018:CDS	hypothetical protein	CP026272.1:126410-126703	CANELEFC_00132

DiscRep_SUB:FEATURE_LOCATION_CONFLICT::Coding region xref gene does not exist
plasmid_files/CP026272.1_results/PROKKA_06292018:CDS	hypothetical protein	CP026272.1:c126984-126709	CANELEFC_00133

DiscRep_SUB:FEATURE_LOCATION_CONFLICT::Coding region xref gene does not exist
plasmid_files/CP026272.1_results/PROKKA_06292018:CDS	hypothetical protein	CP026272.1:126986-127276	CANELEFC_00134

DiscRep_SUB:FEATURE_LOCATION_CONFLICT::Coding region xref gene does not exist
plasmid_files/CP026272.1_results/PROKKA_06292018:CDS	Transcriptional regulatory protein RcsA	CP026272.1:127358-127834	CANELEFC_00135

DiscRep_SUB:FEATURE_LOCATION_CONFLICT::Coding region xref gene does not exist
plasmid_files/CP026272.1_results/PROKKA_06292018:CDS	hypothetical protein	CP026272.1:128169-128447	CANELEFC_00136

DiscRep_SUB:FEATURE_LOCATION_CONFLICT::Coding region xref gene does not exist
plasmid_files/CP026272.1_results/PROKKA_06292018:CDS	hypothetical protein	CP026272.1:c128995-128492	CANELEFC_00137

DiscRep_SUB:FEATURE_LOCATION_CONFLICT::Coding region xref gene does not exist
plasmid_files/CP026272.1_results/PROKKA_06292018:CDS	Cystathionine beta-lyase	CP026272.1:c129764-129240	CANELEFC_00138

DiscRep_SUB:FEATURE_LOCATION_CONFLICT::Coding region xref gene does not exist
plasmid_files/CP026272.1_results/PROKKA_06292018:CDS	hypothetical protein	CP026272.1:c131123-129846	CANELEFC_00139

DiscRep_SUB:FEATURE_LOCATION_CONFLICT::Coding region xref gene does not exist
plasmid_files/CP026272.1_results/PROKKA_06292018:CDS	hypothetical protein	CP026272.1:c132112-131471	CANELEFC_00140

DiscRep_SUB:FEATURE_LOCATION_CONFLICT::Coding region xref gene does not exist
plasmid_files/CP026272.1_results/PROKKA_06292018:CDS	hypothetical protein	CP026272.1:c133050-132112	CANELEFC_00141

DiscRep_SUB:FEATURE_LOCATION_CONFLICT::Coding region xref gene does not exist
plasmid_files/CP026272.1_results/PROKKA_06292018:CDS	putative ribonucleotide transport ATP-binding protein mkl	CP026272.1:c133843-133052	CANELEFC_00142

DiscRep_SUB:FEATURE_LOCATION_CONFLICT::Coding region xref gene does not exist
plasmid_files/CP026272.1_results/PROKKA_06292018:CDS	putative phospholipid ABC transporter permease protein MlaE	CP026272.1:c134994-133849	CANELEFC_00143

DiscRep_SUB:FEATURE_LOCATION_CONFLICT::Coding region xref gene does not exist
plasmid_files/CP026272.1_results/PROKKA_06292018:CDS	hypothetical protein	CP026272.1:135237-135941	CANELEFC_00144

DiscRep_SUB:FEATURE_LOCATION_CONFLICT::Coding region xref gene does not exist
plasmid_files/CP026272.1_results/PROKKA_06292018:CDS	hypothetical protein	CP026272.1:c136695-136066	CANELEFC_00145

DiscRep_SUB:FEATURE_LOCATION_CONFLICT::Coding region xref gene does not exist
plasmid_files/CP026272.1_results/PROKKA_06292018:CDS	hypothetical protein	CP026272.1:136854-137144	CANELEFC_00146

DiscRep_SUB:FEATURE_LOCATION_CONFLICT::Coding region xref gene does not exist
plasmid_files/CP026272.1_results/PROKKA_06292018:CDS	hypothetical protein	CP026272.1:137141-137542	CANELEFC_00147

DiscRep_SUB:FEATURE_LOCATION_CONFLICT::Coding region xref gene does not exist
plasmid_files/CP026272.1_results/PROKKA_06292018:CDS	hypothetical protein	CP026272.1:137493-137888	CANELEFC_00148

DiscRep_SUB:FEATURE_LOCATION_CONFLICT::Coding region xref gene does not exist
plasmid_files/CP026272.1_results/PROKKA_06292018:CDS	hypothetical protein	CP026272.1:138143-138469	CANELEFC_00149

DiscRep_SUB:FEATURE_LOCATION_CONFLICT::Coding region xref gene does not exist
plasmid_files/CP026272.1_results/PROKKA_06292018:CDS	hypothetical protein	CP026272.1:138466-138966	CANELEFC_00150

DiscRep_SUB:FEATURE_LOCATION_CONFLICT::Coding region xref gene does not exist
plasmid_files/CP026272.1_results/PROKKA_06292018:CDS	hypothetical protein	CP026272.1:138963-139334	CANELEFC_00151

DiscRep_SUB:FEATURE_LOCATION_CONFLICT::Coding region xref gene does not exist
plasmid_files/CP026272.1_results/PROKKA_06292018:CDS	DNA-invertase hin	CP026272.1:139328-139885	CANELEFC_00152

DiscRep_SUB:FEATURE_LOCATION_CONFLICT::Coding region xref gene does not exist
plasmid_files/CP026272.1_results/PROKKA_06292018:CDS	hypothetical protein	CP026272.1:139964-140968	CANELEFC_00153

DiscRep_SUB:FEATURE_LOCATION_CONFLICT::Coding region xref gene does not exist
plasmid_files/CP026272.1_results/PROKKA_06292018:CDS	hypothetical protein	CP026272.1:c141353-141150	CANELEFC_00154

DiscRep_SUB:FEATURE_LOCATION_CONFLICT::Coding region xref gene does not exist
plasmid_files/CP026272.1_results/PROKKA_06292018:CDS	Modulating protein YmoA	CP026272.1:c141570-141367	CANELEFC_00155

DiscRep_SUB:FEATURE_LOCATION_CONFLICT::Coding region xref gene does not exist
plasmid_files/CP026272.1_results/PROKKA_06292018:CDS	hypothetical protein	CP026272.1:c141972-141604	CANELEFC_00156

DiscRep_SUB:FEATURE_LOCATION_CONFLICT::Coding region xref gene does not exist
plasmid_files/CP026272.1_results/PROKKA_06292018:CDS	hypothetical protein	CP026272.1:c142510-142016	CANELEFC_00157

DiscRep_SUB:FEATURE_LOCATION_CONFLICT::Coding region xref gene does not exist
plasmid_files/CP026272.1_results/PROKKA_06292018:CDS	hypothetical protein	CP026272.1:c143113-142541	CANELEFC_00158

DiscRep_SUB:FEATURE_LOCATION_CONFLICT::Coding region xref gene does not exist
plasmid_files/CP026272.1_results/PROKKA_06292018:CDS	hypothetical protein	CP026272.1:c143358-143110	CANELEFC_00159

DiscRep_SUB:FEATURE_LOCATION_CONFLICT::Coding region xref gene does not exist
plasmid_files/CP026272.1_results/PROKKA_06292018:CDS	hypothetical protein	CP026272.1:143462-143611	CANELEFC_00160

DiscRep_ALL:DISC_QUALITY_SCORES::Quality scores are missing on all sequences.

DiscRep_ALL:ONCALLER_COMMENT_PRESENT::1 comment descriptors were found (all same)
plasmid_files/CP026272.1_results/PROKKA_06292018:CP026272.1:Annotated using prokka 1.14-dev from https://github.com/tseemann/prokka

DiscRep_ALL:SHORT_PROT_SEQUENCES::2 protein sequences are shorter than 50 aa.
plasmid_files/CP026272.1_results/PROKKA_06292018:CP026272.1_95 (length 35)
plasmid_files/CP026272.1_results/PROKKA_06292018:CP026272.1_160 (length 49)

DiscRep_ALL:MISSING_GENOMEASSEMBLY_COMMENTS::1 bioseqs are missing GenomeAssembly structured comments
plasmid_files/CP026272.1_results/PROKKA_06292018:CP026272.1 (length 144055)

DiscRep_ALL:MOLTYPE_NOT_MRNA::1 molecule types are not set as mRNA.
plasmid_files/CP026272.1_results/PROKKA_06292018:CP026272.1 (length 144055)

DiscRep_ALL:TECHNIQUE_NOT_TSA::1 technique are not set as TSA
plasmid_files/CP026272.1_results/PROKKA_06292018:CP026272.1 (length 144055)

DiscRep_ALL:MISSING_STRUCTURED_COMMENT::1 sequences do not include structured comments.
plasmid_files/CP026272.1_results/PROKKA_06292018:CP026272.1 (length 144055)

DiscRep_ALL:MISSING_PROJECT::161 sequences do not include project.
plasmid_files/CP026272.1_results/PROKKA_06292018:CP026272.1 (length 144055)
plasmid_files/CP026272.1_results/PROKKA_06292018:CP026272.1_1 (length 101)
plasmid_files/CP026272.1_results/PROKKA_06292018:CP026272.1_2 (length 131)
plasmid_files/CP026272.1_results/PROKKA_06292018:CP026272.1_3 (length 104)
plasmid_files/CP026272.1_results/PROKKA_06292018:CP026272.1_4 (length 338)
plasmid_files/CP026272.1_results/PROKKA_06292018:CP026272.1_5 (length 264)
plasmid_files/CP026272.1_results/PROKKA_06292018:CP026272.1_6 (length 208)
plasmid_files/CP026272.1_results/PROKKA_06292018:CP026272.1_7 (length 291)
plasmid_files/CP026272.1_results/PROKKA_06292018:CP026272.1_8 (length 345)
plasmid_files/CP026272.1_results/PROKKA_06292018:CP026272.1_9 (length 234)
plasmid_files/CP026272.1_results/PROKKA_06292018:CP026272.1_10 (length 592)
plasmid_files/CP026272.1_results/PROKKA_06292018:CP026272.1_11 (length 334)
plasmid_files/CP026272.1_results/PROKKA_06292018:CP026272.1_12 (length 58)
plasmid_files/CP026272.1_results/PROKKA_06292018:CP026272.1_13 (length 271)
plasmid_files/CP026272.1_results/PROKKA_06292018:CP026272.1_14 (length 267)
plasmid_files/CP026272.1_results/PROKKA_06292018:CP026272.1_15 (length 278)
plasmid_files/CP026272.1_results/PROKKA_06292018:CP026272.1_16 (length 195)
plasmid_files/CP026272.1_results/PROKKA_06292018:CP026272.1_17 (length 334)
plasmid_files/CP026272.1_results/PROKKA_06292018:CP026272.1_18 (length 990)
plasmid_files/CP026272.1_results/PROKKA_06292018:CP026272.1_19 (length 185)
plasmid_files/CP026272.1_results/PROKKA_06292018:CP026272.1_20 (length 70)
plasmid_files/CP026272.1_results/PROKKA_06292018:CP026272.1_21 (length 78)
plasmid_files/CP026272.1_results/PROKKA_06292018:CP026272.1_22 (length 121)
plasmid_files/CP026272.1_results/PROKKA_06292018:CP026272.1_23 (length 560)
plasmid_files/CP026272.1_results/PROKKA_06292018:CP026272.1_24 (length 135)
plasmid_files/CP026272.1_results/PROKKA_06292018:CP026272.1_25 (length 91)
plasmid_files/CP026272.1_results/PROKKA_06292018:CP026272.1_26 (length 116)
plasmid_files/CP026272.1_results/PROKKA_06292018:CP026272.1_27 (length 151)
plasmid_files/CP026272.1_results/PROKKA_06292018:CP026272.1_28 (length 169)
plasmid_files/CP026272.1_results/PROKKA_06292018:CP026272.1_29 (length 286)
plasmid_files/CP026272.1_results/PROKKA_06292018:CP026272.1_30 (length 274)
plasmid_files/CP026272.1_results/PROKKA_06292018:CP026272.1_31 (length 262)
plasmid_files/CP026272.1_results/PROKKA_06292018:CP026272.1_32 (length 201)
plasmid_files/CP026272.1_results/PROKKA_06292018:CP026272.1_33 (length 185)
plasmid_files/CP026272.1_results/PROKKA_06292018:CP026272.1_34 (length 302)
plasmid_files/CP026272.1_results/PROKKA_06292018:CP026272.1_35 (length 571)
plasmid_files/CP026272.1_results/PROKKA_06292018:CP026272.1_36 (length 1009)
plasmid_files/CP026272.1_results/PROKKA_06292018:CP026272.1_37 (length 341)
plasmid_files/CP026272.1_results/PROKKA_06292018:CP026272.1_38 (length 259)
plasmid_files/CP026272.1_results/PROKKA_06292018:CP026272.1_39 (length 112)
plasmid_files/CP026272.1_results/PROKKA_06292018:CP026272.1_40 (length 293)
plasmid_files/CP026272.1_results/PROKKA_06292018:CP026272.1_41 (length 439)
plasmid_files/CP026272.1_results/PROKKA_06292018:CP026272.1_42 (length 401)
plasmid_files/CP026272.1_results/PROKKA_06292018:CP026272.1_43 (length 181)
plasmid_files/CP026272.1_results/PROKKA_06292018:CP026272.1_44 (length 375)
plasmid_files/CP026272.1_results/PROKKA_06292018:CP026272.1_45 (length 55)
plasmid_files/CP026272.1_results/PROKKA_06292018:CP026272.1_46 (length 331)
plasmid_files/CP026272.1_results/PROKKA_06292018:CP026272.1_47 (length 211)
plasmid_files/CP026272.1_results/PROKKA_06292018:CP026272.1_48 (length 268)
plasmid_files/CP026272.1_results/PROKKA_06292018:CP026272.1_49 (length 89)
plasmid_files/CP026272.1_results/PROKKA_06292018:CP026272.1_50 (length 168)
plasmid_files/CP026272.1_results/PROKKA_06292018:CP026272.1_51 (length 113)
plasmid_files/CP026272.1_results/PROKKA_06292018:CP026272.1_52 (length 263)
plasmid_files/CP026272.1_results/PROKKA_06292018:CP026272.1_53 (length 197)
plasmid_files/CP026272.1_results/PROKKA_06292018:CP026272.1_54 (length 239)
plasmid_files/CP026272.1_results/PROKKA_06292018:CP026272.1_55 (length 1752)
plasmid_files/CP026272.1_results/PROKKA_06292018:CP026272.1_56 (length 764)
plasmid_files/CP026272.1_results/PROKKA_06292018:CP026272.1_57 (length 175)
plasmid_files/CP026272.1_results/PROKKA_06292018:CP026272.1_58 (length 947)
plasmid_files/CP026272.1_results/PROKKA_06292018:CP026272.1_59 (length 456)
plasmid_files/CP026272.1_results/PROKKA_06292018:CP026272.1_60 (length 191)
plasmid_files/CP026272.1_results/PROKKA_06292018:CP026272.1_61 (length 78)
plasmid_files/CP026272.1_results/PROKKA_06292018:CP026272.1_62 (length 250)
plasmid_files/CP026272.1_results/PROKKA_06292018:CP026272.1_63 (length 108)
plasmid_files/CP026272.1_results/PROKKA_06292018:CP026272.1_64 (length 61)
plasmid_files/CP026272.1_results/PROKKA_06292018:CP026272.1_65 (length 78)
plasmid_files/CP026272.1_results/PROKKA_06292018:CP026272.1_66 (length 203)
plasmid_files/CP026272.1_results/PROKKA_06292018:CP026272.1_67 (length 647)
plasmid_files/CP026272.1_results/PROKKA_06292018:CP026272.1_68 (length 208)
plasmid_files/CP026272.1_results/PROKKA_06292018:CP026272.1_69 (length 330)
plasmid_files/CP026272.1_results/PROKKA_06292018:CP026272.1_70 (length 208)
plasmid_files/CP026272.1_results/PROKKA_06292018:CP026272.1_71 (length 129)
plasmid_files/CP026272.1_results/PROKKA_06292018:CP026272.1_72 (length 730)
plasmid_files/CP026272.1_results/PROKKA_06292018:CP026272.1_73 (length 96)
plasmid_files/CP026272.1_results/PROKKA_06292018:CP026272.1_74 (length 91)
plasmid_files/CP026272.1_results/PROKKA_06292018:CP026272.1_75 (length 97)
plasmid_files/CP026272.1_results/PROKKA_06292018:CP026272.1_76 (length 322)
plasmid_files/CP026272.1_results/PROKKA_06292018:CP026272.1_77 (length 97)
plasmid_files/CP026272.1_results/PROKKA_06292018:CP026272.1_78 (length 91)
plasmid_files/CP026272.1_results/PROKKA_06292018:CP026272.1_79 (length 96)
plasmid_files/CP026272.1_results/PROKKA_06292018:CP026272.1_80 (length 118)
plasmid_files/CP026272.1_results/PROKKA_06292018:CP026272.1_81 (length 127)
plasmid_files/CP026272.1_results/PROKKA_06292018:CP026272.1_82 (length 99)
plasmid_files/CP026272.1_results/PROKKA_06292018:CP026272.1_83 (length 133)
plasmid_files/CP026272.1_results/PROKKA_06292018:CP026272.1_84 (length 92)
plasmid_files/CP026272.1_results/PROKKA_06292018:CP026272.1_85 (length 184)
plasmid_files/CP026272.1_results/PROKKA_06292018:CP026272.1_86 (length 473)
plasmid_files/CP026272.1_results/PROKKA_06292018:CP026272.1_87 (length 244)
plasmid_files/CP026272.1_results/PROKKA_06292018:CP026272.1_88 (length 188)
plasmid_files/CP026272.1_results/PROKKA_06292018:CP026272.1_89 (length 965)
plasmid_files/CP026272.1_results/PROKKA_06292018:CP026272.1_90 (length 201)
plasmid_files/CP026272.1_results/PROKKA_06292018:CP026272.1_91 (length 169)
plasmid_files/CP026272.1_results/PROKKA_06292018:CP026272.1_92 (length 97)
plasmid_files/CP026272.1_results/PROKKA_06292018:CP026272.1_93 (length 91)
plasmid_files/CP026272.1_results/PROKKA_06292018:CP026272.1_94 (length 96)
plasmid_files/CP026272.1_results/PROKKA_06292018:CP026272.1_95 (length 35)
plasmid_files/CP026272.1_results/PROKKA_06292018:CP026272.1_96 (length 121)
plasmid_files/CP026272.1_results/PROKKA_06292018:CP026272.1_97 (length 740)
plasmid_files/CP026272.1_results/PROKKA_06292018:CP026272.1_98 (length 269)
plasmid_files/CP026272.1_results/PROKKA_06292018:CP026272.1_99 (length 80)
plasmid_files/CP026272.1_results/PROKKA_06292018:CP026272.1_100 (length 96)
plasmid_files/CP026272.1_results/PROKKA_06292018:CP026272.1_101 (length 91)
plasmid_files/CP026272.1_results/PROKKA_06292018:CP026272.1_102 (length 97)
plasmid_files/CP026272.1_results/PROKKA_06292018:CP026272.1_103 (length 322)
plasmid_files/CP026272.1_results/PROKKA_06292018:CP026272.1_104 (length 97)
plasmid_files/CP026272.1_results/PROKKA_06292018:CP026272.1_105 (length 91)
plasmid_files/CP026272.1_results/PROKKA_06292018:CP026272.1_106 (length 96)
plasmid_files/CP026272.1_results/PROKKA_06292018:CP026272.1_107 (length 86)
plasmid_files/CP026272.1_results/PROKKA_06292018:CP026272.1_108 (length 96)
plasmid_files/CP026272.1_results/PROKKA_06292018:CP026272.1_109 (length 53)
plasmid_files/CP026272.1_results/PROKKA_06292018:CP026272.1_110 (length 107)
plasmid_files/CP026272.1_results/PROKKA_06292018:CP026272.1_111 (length 182)
plasmid_files/CP026272.1_results/PROKKA_06292018:CP026272.1_112 (length 893)
plasmid_files/CP026272.1_results/PROKKA_06292018:CP026272.1_113 (length 96)
plasmid_files/CP026272.1_results/PROKKA_06292018:CP026272.1_114 (length 91)
plasmid_files/CP026272.1_results/PROKKA_06292018:CP026272.1_115 (length 97)
plasmid_files/CP026272.1_results/PROKKA_06292018:CP026272.1_116 (length 322)
plasmid_files/CP026272.1_results/PROKKA_06292018:CP026272.1_117 (length 97)
plasmid_files/CP026272.1_results/PROKKA_06292018:CP026272.1_118 (length 91)
plasmid_files/CP026272.1_results/PROKKA_06292018:CP026272.1_119 (length 96)
plasmid_files/CP026272.1_results/PROKKA_06292018:CP026272.1_120 (length 310)
plasmid_files/CP026272.1_results/PROKKA_06292018:CP026272.1_121 (length 331)
plasmid_files/CP026272.1_results/PROKKA_06292018:CP026272.1_122 (length 124)
plasmid_files/CP026272.1_results/PROKKA_06292018:CP026272.1_123 (length 730)
plasmid_files/CP026272.1_results/PROKKA_06292018:CP026272.1_124 (length 427)
plasmid_files/CP026272.1_results/PROKKA_06292018:CP026272.1_125 (length 468)
plasmid_files/CP026272.1_results/PROKKA_06292018:CP026272.1_126 (length 790)
plasmid_files/CP026272.1_results/PROKKA_06292018:CP026272.1_127 (length 547)
plasmid_files/CP026272.1_results/PROKKA_06292018:CP026272.1_128 (length 96)
plasmid_files/CP026272.1_results/PROKKA_06292018:CP026272.1_129 (length 91)
plasmid_files/CP026272.1_results/PROKKA_06292018:CP026272.1_130 (length 97)
plasmid_files/CP026272.1_results/PROKKA_06292018:CP026272.1_131 (length 322)
plasmid_files/CP026272.1_results/PROKKA_06292018:CP026272.1_132 (length 97)
plasmid_files/CP026272.1_results/PROKKA_06292018:CP026272.1_133 (length 91)
plasmid_files/CP026272.1_results/PROKKA_06292018:CP026272.1_134 (length 96)
plasmid_files/CP026272.1_results/PROKKA_06292018:CP026272.1_135 (length 158)
plasmid_files/CP026272.1_results/PROKKA_06292018:CP026272.1_136 (length 92)
plasmid_files/CP026272.1_results/PROKKA_06292018:CP026272.1_137 (length 167)
plasmid_files/CP026272.1_results/PROKKA_06292018:CP026272.1_138 (length 174)
plasmid_files/CP026272.1_results/PROKKA_06292018:CP026272.1_139 (length 425)
plasmid_files/CP026272.1_results/PROKKA_06292018:CP026272.1_140 (length 213)
plasmid_files/CP026272.1_results/PROKKA_06292018:CP026272.1_141 (length 312)
plasmid_files/CP026272.1_results/PROKKA_06292018:CP026272.1_142 (length 263)
plasmid_files/CP026272.1_results/PROKKA_06292018:CP026272.1_143 (length 381)
plasmid_files/CP026272.1_results/PROKKA_06292018:CP026272.1_144 (length 234)
plasmid_files/CP026272.1_results/PROKKA_06292018:CP026272.1_145 (length 209)
plasmid_files/CP026272.1_results/PROKKA_06292018:CP026272.1_146 (length 96)
plasmid_files/CP026272.1_results/PROKKA_06292018:CP026272.1_147 (length 133)
plasmid_files/CP026272.1_results/PROKKA_06292018:CP026272.1_148 (length 131)
plasmid_files/CP026272.1_results/PROKKA_06292018:CP026272.1_149 (length 108)
plasmid_files/CP026272.1_results/PROKKA_06292018:CP026272.1_150 (length 166)
plasmid_files/CP026272.1_results/PROKKA_06292018:CP026272.1_151 (length 123)
plasmid_files/CP026272.1_results/PROKKA_06292018:CP026272.1_152 (length 185)
plasmid_files/CP026272.1_results/PROKKA_06292018:CP026272.1_153 (length 334)
plasmid_files/CP026272.1_results/PROKKA_06292018:CP026272.1_154 (length 67)
plasmid_files/CP026272.1_results/PROKKA_06292018:CP026272.1_155 (length 67)
plasmid_files/CP026272.1_results/PROKKA_06292018:CP026272.1_156 (length 122)
plasmid_files/CP026272.1_results/PROKKA_06292018:CP026272.1_157 (length 164)
plasmid_files/CP026272.1_results/PROKKA_06292018:CP026272.1_158 (length 190)
plasmid_files/CP026272.1_results/PROKKA_06292018:CP026272.1_159 (length 82)
plasmid_files/CP026272.1_results/PROKKA_06292018:CP026272.1_160 (length 49)

DiscRep_ALL:DISC_INCONSISTENT_MOLINFO_TECH::Molinfo Technique Report (some missing, all same)
DiscRep_SUB:DISC_INCONSISTENT_MOLINFO_TECH::technique (all missing)
DiscRep_SUB:DISC_INCONSISTENT_MOLINFO_TECH::1 Molinfos are missing field technique
plasmid_files/CP026272.1_results/PROKKA_06292018:CP026272.1 (length 144055)

