Discrepancy Report Results

Summary
FATAL: MISSING_PROTEIN_ID:65 proteins have invalid IDs.
DISC_SOURCE_QUALS_ASNDISC:strain (all present, all unique)
DISC_SOURCE_QUALS_ASNDISC:taxname (all present, all unique)
DISC_FEATURE_COUNT:CDS: 65 present
DISC_COUNT_NUCLEOTIDES:1 nucleotide Bioseqs are present
FEATURE_LOCATION_CONFLICT:65 features have inconsistent gene locations.
DISC_QUALITY_SCORES:Quality scores are missing on all sequences.
ONCALLER_COMMENT_PRESENT:1 comment descriptors were found (all same)
SHORT_PROT_SEQUENCES:3 protein sequences are shorter than 50 aa.
MISSING_GENOMEASSEMBLY_COMMENTS:1 bioseqs are missing GenomeAssembly structured comments
MOLTYPE_NOT_MRNA:1 molecule types are not set as mRNA.
TECHNIQUE_NOT_TSA:1 technique are not set as TSA
MISSING_STRUCTURED_COMMENT:1 sequences do not include structured comments.
MISSING_PROJECT:66 sequences do not include project.
DISC_INCONSISTENT_MOLINFO_TECH:Molinfo Technique Report (some missing, all same)


Detailed Report

FATAL: DiscRep_ALL:MISSING_PROTEIN_ID::65 proteins have invalid IDs.
plasmid_files/MF156712.1_results/PROKKA_06292018:MF156712.1_1 (length 342)
plasmid_files/MF156712.1_results/PROKKA_06292018:MF156712.1_2 (length 150)
plasmid_files/MF156712.1_results/PROKKA_06292018:MF156712.1_3 (length 174)
plasmid_files/MF156712.1_results/PROKKA_06292018:MF156712.1_4 (length 140)
plasmid_files/MF156712.1_results/PROKKA_06292018:MF156712.1_5 (length 127)
plasmid_files/MF156712.1_results/PROKKA_06292018:MF156712.1_6 (length 46)
plasmid_files/MF156712.1_results/PROKKA_06292018:MF156712.1_7 (length 48)
plasmid_files/MF156712.1_results/PROKKA_06292018:MF156712.1_8 (length 100)
plasmid_files/MF156712.1_results/PROKKA_06292018:MF156712.1_9 (length 87)
plasmid_files/MF156712.1_results/PROKKA_06292018:MF156712.1_10 (length 211)
plasmid_files/MF156712.1_results/PROKKA_06292018:MF156712.1_11 (length 186)
plasmid_files/MF156712.1_results/PROKKA_06292018:MF156712.1_12 (length 92)
plasmid_files/MF156712.1_results/PROKKA_06292018:MF156712.1_13 (length 140)
plasmid_files/MF156712.1_results/PROKKA_06292018:MF156712.1_14 (length 51)
plasmid_files/MF156712.1_results/PROKKA_06292018:MF156712.1_15 (length 98)
plasmid_files/MF156712.1_results/PROKKA_06292018:MF156712.1_16 (length 326)
plasmid_files/MF156712.1_results/PROKKA_06292018:MF156712.1_17 (length 293)
plasmid_files/MF156712.1_results/PROKKA_06292018:MF156712.1_18 (length 216)
plasmid_files/MF156712.1_results/PROKKA_06292018:MF156712.1_19 (length 124)
plasmid_files/MF156712.1_results/PROKKA_06292018:MF156712.1_20 (length 137)
plasmid_files/MF156712.1_results/PROKKA_06292018:MF156712.1_21 (length 185)
plasmid_files/MF156712.1_results/PROKKA_06292018:MF156712.1_22 (length 1001)
plasmid_files/MF156712.1_results/PROKKA_06292018:MF156712.1_23 (length 181)
plasmid_files/MF156712.1_results/PROKKA_06292018:MF156712.1_24 (length 190)
plasmid_files/MF156712.1_results/PROKKA_06292018:MF156712.1_25 (length 463)
plasmid_files/MF156712.1_results/PROKKA_06292018:MF156712.1_26 (length 62)
plasmid_files/MF156712.1_results/PROKKA_06292018:MF156712.1_27 (length 152)
plasmid_files/MF156712.1_results/PROKKA_06292018:MF156712.1_28 (length 69)
plasmid_files/MF156712.1_results/PROKKA_06292018:MF156712.1_29 (length 714)
plasmid_files/MF156712.1_results/PROKKA_06292018:MF156712.1_30 (length 191)
plasmid_files/MF156712.1_results/PROKKA_06292018:MF156712.1_31 (length 420)
plasmid_files/MF156712.1_results/PROKKA_06292018:MF156712.1_32 (length 74)
plasmid_files/MF156712.1_results/PROKKA_06292018:MF156712.1_33 (length 100)
plasmid_files/MF156712.1_results/PROKKA_06292018:MF156712.1_34 (length 105)
plasmid_files/MF156712.1_results/PROKKA_06292018:MF156712.1_35 (length 131)
plasmid_files/MF156712.1_results/PROKKA_06292018:MF156712.1_36 (length 104)
plasmid_files/MF156712.1_results/PROKKA_06292018:MF156712.1_37 (length 155)
plasmid_files/MF156712.1_results/PROKKA_06292018:MF156712.1_38 (length 608)
plasmid_files/MF156712.1_results/PROKKA_06292018:MF156712.1_39 (length 343)
plasmid_files/MF156712.1_results/PROKKA_06292018:MF156712.1_40 (length 429)
plasmid_files/MF156712.1_results/PROKKA_06292018:MF156712.1_41 (length 306)
plasmid_files/MF156712.1_results/PROKKA_06292018:MF156712.1_42 (length 228)
plasmid_files/MF156712.1_results/PROKKA_06292018:MF156712.1_43 (length 352)
plasmid_files/MF156712.1_results/PROKKA_06292018:MF156712.1_44 (length 140)
plasmid_files/MF156712.1_results/PROKKA_06292018:MF156712.1_45 (length 246)
plasmid_files/MF156712.1_results/PROKKA_06292018:MF156712.1_46 (length 921)
plasmid_files/MF156712.1_results/PROKKA_06292018:MF156712.1_47 (length 97)
plasmid_files/MF156712.1_results/PROKKA_06292018:MF156712.1_48 (length 209)
plasmid_files/MF156712.1_results/PROKKA_06292018:MF156712.1_49 (length 65)
plasmid_files/MF156712.1_results/PROKKA_06292018:MF156712.1_50 (length 164)
plasmid_files/MF156712.1_results/PROKKA_06292018:MF156712.1_51 (length 90)
plasmid_files/MF156712.1_results/PROKKA_06292018:MF156712.1_52 (length 389)
plasmid_files/MF156712.1_results/PROKKA_06292018:MF156712.1_53 (length 180)
plasmid_files/MF156712.1_results/PROKKA_06292018:MF156712.1_54 (length 94)
plasmid_files/MF156712.1_results/PROKKA_06292018:MF156712.1_55 (length 98)
plasmid_files/MF156712.1_results/PROKKA_06292018:MF156712.1_56 (length 45)
plasmid_files/MF156712.1_results/PROKKA_06292018:MF156712.1_57 (length 69)
plasmid_files/MF156712.1_results/PROKKA_06292018:MF156712.1_58 (length 70)
plasmid_files/MF156712.1_results/PROKKA_06292018:MF156712.1_59 (length 77)
plasmid_files/MF156712.1_results/PROKKA_06292018:MF156712.1_60 (length 85)
plasmid_files/MF156712.1_results/PROKKA_06292018:MF156712.1_61 (length 180)
plasmid_files/MF156712.1_results/PROKKA_06292018:MF156712.1_62 (length 68)
plasmid_files/MF156712.1_results/PROKKA_06292018:MF156712.1_63 (length 71)
plasmid_files/MF156712.1_results/PROKKA_06292018:MF156712.1_64 (length 173)
plasmid_files/MF156712.1_results/PROKKA_06292018:MF156712.1_65 (length 73)

DiscRep_ALL:DISC_SOURCE_QUALS_ASNDISC::strain (all present, all unique)
DiscRep_SUB:DISC_SOURCE_QUALS_ASNDISC::1 sources have unique values for strain
DiscRep_ALL:DISC_SOURCE_QUALS_ASNDISC::taxname (all present, all unique)
DiscRep_SUB:DISC_SOURCE_QUALS_ASNDISC::1 sources have unique values for taxname
DiscRep_ALL:DISC_FEATURE_COUNT::CDS: 65 present
DiscRep_ALL:DISC_COUNT_NUCLEOTIDES::1 nucleotide Bioseqs are present
plasmid_files/MF156712.1_results/PROKKA_06292018:MF156712.1 (length 46123)

DiscRep_ALL:FEATURE_LOCATION_CONFLICT::65 features have inconsistent gene locations.
DiscRep_SUB:FEATURE_LOCATION_CONFLICT::Coding region xref gene does not exist
plasmid_files/MF156712.1_results/PROKKA_06292018:CDS	hypothetical protein	MF156712.1:1-1029	MEPBJMPE_00001

DiscRep_SUB:FEATURE_LOCATION_CONFLICT::Coding region xref gene does not exist
plasmid_files/MF156712.1_results/PROKKA_06292018:CDS	hypothetical protein	MF156712.1:1034-1486	MEPBJMPE_00002

DiscRep_SUB:FEATURE_LOCATION_CONFLICT::Coding region xref gene does not exist
plasmid_files/MF156712.1_results/PROKKA_06292018:CDS	Phospholipase D	MF156712.1:1470-1994	MEPBJMPE_00003

DiscRep_SUB:FEATURE_LOCATION_CONFLICT::Coding region xref gene does not exist
plasmid_files/MF156712.1_results/PROKKA_06292018:CDS	hypothetical protein	MF156712.1:2082-2504	MEPBJMPE_00004

DiscRep_SUB:FEATURE_LOCATION_CONFLICT::Coding region xref gene does not exist
plasmid_files/MF156712.1_results/PROKKA_06292018:CDS	hypothetical protein	MF156712.1:2491-2874	MEPBJMPE_00005

DiscRep_SUB:FEATURE_LOCATION_CONFLICT::Coding region xref gene does not exist
plasmid_files/MF156712.1_results/PROKKA_06292018:CDS	hypothetical protein	MF156712.1:c2991-2851	MEPBJMPE_00006

DiscRep_SUB:FEATURE_LOCATION_CONFLICT::Coding region xref gene does not exist
plasmid_files/MF156712.1_results/PROKKA_06292018:CDS	hypothetical protein	MF156712.1:c3148-3002	MEPBJMPE_00007

DiscRep_SUB:FEATURE_LOCATION_CONFLICT::Coding region xref gene does not exist
plasmid_files/MF156712.1_results/PROKKA_06292018:CDS	hypothetical protein	MF156712.1:c3465-3163	MEPBJMPE_00008

DiscRep_SUB:FEATURE_LOCATION_CONFLICT::Coding region xref gene does not exist
plasmid_files/MF156712.1_results/PROKKA_06292018:CDS	hypothetical protein	MF156712.1:c3728-3465	MEPBJMPE_00009

DiscRep_SUB:FEATURE_LOCATION_CONFLICT::Coding region xref gene does not exist
plasmid_files/MF156712.1_results/PROKKA_06292018:CDS	hypothetical protein	MF156712.1:c4366-3731	MEPBJMPE_00010

DiscRep_SUB:FEATURE_LOCATION_CONFLICT::Coding region xref gene does not exist
plasmid_files/MF156712.1_results/PROKKA_06292018:CDS	hypothetical protein	MF156712.1:5448-6008	MEPBJMPE_00011

DiscRep_SUB:FEATURE_LOCATION_CONFLICT::Coding region xref gene does not exist
plasmid_files/MF156712.1_results/PROKKA_06292018:CDS	hypothetical protein	MF156712.1:6542-6820	MEPBJMPE_00012

DiscRep_SUB:FEATURE_LOCATION_CONFLICT::Coding region xref gene does not exist
plasmid_files/MF156712.1_results/PROKKA_06292018:CDS	Antirestriction protein KlcA	MF156712.1:6934-7356	MEPBJMPE_00013

DiscRep_SUB:FEATURE_LOCATION_CONFLICT::Coding region xref gene does not exist
plasmid_files/MF156712.1_results/PROKKA_06292018:CDS	hypothetical protein	MF156712.1:7484-7639	MEPBJMPE_00014

DiscRep_SUB:FEATURE_LOCATION_CONFLICT::Coding region xref gene does not exist
plasmid_files/MF156712.1_results/PROKKA_06292018:CDS	hypothetical protein	MF156712.1:7685-7981	MEPBJMPE_00015

DiscRep_SUB:FEATURE_LOCATION_CONFLICT::Coding region xref gene does not exist
plasmid_files/MF156712.1_results/PROKKA_06292018:CDS	hypothetical protein	MF156712.1:7986-8966	MEPBJMPE_00016

DiscRep_SUB:FEATURE_LOCATION_CONFLICT::Coding region xref gene does not exist
plasmid_files/MF156712.1_results/PROKKA_06292018:CDS	Carbapenem-hydrolyzing beta-lactamase KPC	MF156712.1:c10097-9216	MEPBJMPE_00017

DiscRep_SUB:FEATURE_LOCATION_CONFLICT::Coding region xref gene does not exist
plasmid_files/MF156712.1_results/PROKKA_06292018:CDS	Beta-lactamase TEM	MF156712.1:c10842-10192	MEPBJMPE_00018

DiscRep_SUB:FEATURE_LOCATION_CONFLICT::Coding region xref gene does not exist
plasmid_files/MF156712.1_results/PROKKA_06292018:CDS	hypothetical protein	MF156712.1:11184-11558	MEPBJMPE_00019

DiscRep_SUB:FEATURE_LOCATION_CONFLICT::Coding region xref gene does not exist
plasmid_files/MF156712.1_results/PROKKA_06292018:CDS	hypothetical protein	MF156712.1:11571-11984	MEPBJMPE_00020

DiscRep_SUB:FEATURE_LOCATION_CONFLICT::Coding region xref gene does not exist
plasmid_files/MF156712.1_results/PROKKA_06292018:CDS	Transposon Tn3 resolvase	MF156712.1:c12577-12020	MEPBJMPE_00021

DiscRep_SUB:FEATURE_LOCATION_CONFLICT::Coding region xref gene does not exist
plasmid_files/MF156712.1_results/PROKKA_06292018:CDS	hypothetical protein	MF156712.1:12740-15745	MEPBJMPE_00022

DiscRep_SUB:FEATURE_LOCATION_CONFLICT::Coding region xref gene does not exist
plasmid_files/MF156712.1_results/PROKKA_06292018:CDS	hypothetical protein	MF156712.1:15924-16469	MEPBJMPE_00023

DiscRep_SUB:FEATURE_LOCATION_CONFLICT::Coding region xref gene does not exist
plasmid_files/MF156712.1_results/PROKKA_06292018:CDS	DNA-invertase hin	MF156712.1:16606-17178	MEPBJMPE_00024

DiscRep_SUB:FEATURE_LOCATION_CONFLICT::Coding region xref gene does not exist
plasmid_files/MF156712.1_results/PROKKA_06292018:CDS	hypothetical protein	MF156712.1:17215-18606	MEPBJMPE_00025

DiscRep_SUB:FEATURE_LOCATION_CONFLICT::Coding region xref gene does not exist
plasmid_files/MF156712.1_results/PROKKA_06292018:CDS	hypothetical protein	MF156712.1:c19082-18894	MEPBJMPE_00026

DiscRep_SUB:FEATURE_LOCATION_CONFLICT::Coding region xref gene does not exist
plasmid_files/MF156712.1_results/PROKKA_06292018:CDS	DNA-binding protein StpA	MF156712.1:c19540-19082	MEPBJMPE_00027

DiscRep_SUB:FEATURE_LOCATION_CONFLICT::Coding region xref gene does not exist
plasmid_files/MF156712.1_results/PROKKA_06292018:CDS	Hemolysin expression-modulating protein Hha	MF156712.1:c19767-19558	MEPBJMPE_00028

DiscRep_SUB:FEATURE_LOCATION_CONFLICT::Coding region xref gene does not exist
plasmid_files/MF156712.1_results/PROKKA_06292018:CDS	DNA topoisomerase 3	MF156712.1:c21918-19774	MEPBJMPE_00029

DiscRep_SUB:FEATURE_LOCATION_CONFLICT::Coding region xref gene does not exist
plasmid_files/MF156712.1_results/PROKKA_06292018:CDS	hypothetical protein	MF156712.1:c22497-21922	MEPBJMPE_00030

DiscRep_SUB:FEATURE_LOCATION_CONFLICT::Coding region xref gene does not exist
plasmid_files/MF156712.1_results/PROKKA_06292018:CDS	putative ATPase YjoB	MF156712.1:c23763-22501	MEPBJMPE_00031

DiscRep_SUB:FEATURE_LOCATION_CONFLICT::Coding region xref gene does not exist
plasmid_files/MF156712.1_results/PROKKA_06292018:CDS	hypothetical protein	MF156712.1:c24015-23791	MEPBJMPE_00032

DiscRep_SUB:FEATURE_LOCATION_CONFLICT::Coding region xref gene does not exist
plasmid_files/MF156712.1_results/PROKKA_06292018:CDS	hypothetical protein	MF156712.1:c24320-24018	MEPBJMPE_00033

DiscRep_SUB:FEATURE_LOCATION_CONFLICT::Coding region xref gene does not exist
plasmid_files/MF156712.1_results/PROKKA_06292018:CDS	hypothetical protein	MF156712.1:c24706-24389	MEPBJMPE_00034

DiscRep_SUB:FEATURE_LOCATION_CONFLICT::Coding region xref gene does not exist
plasmid_files/MF156712.1_results/PROKKA_06292018:CDS	hypothetical protein	MF156712.1:c25120-24725	MEPBJMPE_00035

DiscRep_SUB:FEATURE_LOCATION_CONFLICT::Coding region xref gene does not exist
plasmid_files/MF156712.1_results/PROKKA_06292018:CDS	hypothetical protein	MF156712.1:c25431-25117	MEPBJMPE_00036

DiscRep_SUB:FEATURE_LOCATION_CONFLICT::Coding region xref gene does not exist
plasmid_files/MF156712.1_results/PROKKA_06292018:CDS	hypothetical protein	MF156712.1:c25895-25428	MEPBJMPE_00037

DiscRep_SUB:FEATURE_LOCATION_CONFLICT::Coding region xref gene does not exist
plasmid_files/MF156712.1_results/PROKKA_06292018:CDS	Protein VirD4	MF156712.1:c27727-25901	MEPBJMPE_00038

DiscRep_SUB:FEATURE_LOCATION_CONFLICT::Coding region xref gene does not exist
plasmid_files/MF156712.1_results/PROKKA_06292018:CDS	Type IV secretion system protein VirB11	MF156712.1:c28745-27714	MEPBJMPE_00039

DiscRep_SUB:FEATURE_LOCATION_CONFLICT::Coding region xref gene does not exist
plasmid_files/MF156712.1_results/PROKKA_06292018:CDS	Protein virB10	MF156712.1:c30038-28749	MEPBJMPE_00040

DiscRep_SUB:FEATURE_LOCATION_CONFLICT::Coding region xref gene does not exist
plasmid_files/MF156712.1_results/PROKKA_06292018:CDS	Type IV secretion system protein virB9	MF156712.1:c30958-30038	MEPBJMPE_00041

DiscRep_SUB:FEATURE_LOCATION_CONFLICT::Coding region xref gene does not exist
plasmid_files/MF156712.1_results/PROKKA_06292018:CDS	Type IV secretion system protein PtlE	MF156712.1:c31641-30955	MEPBJMPE_00042

DiscRep_SUB:FEATURE_LOCATION_CONFLICT::Coding region xref gene does not exist
plasmid_files/MF156712.1_results/PROKKA_06292018:CDS	hypothetical protein	MF156712.1:c32903-31845	MEPBJMPE_00043

DiscRep_SUB:FEATURE_LOCATION_CONFLICT::Coding region xref gene does not exist
plasmid_files/MF156712.1_results/PROKKA_06292018:CDS	hypothetical protein	MF156712.1:c33365-32943	MEPBJMPE_00044

DiscRep_SUB:FEATURE_LOCATION_CONFLICT::Coding region xref gene does not exist
plasmid_files/MF156712.1_results/PROKKA_06292018:CDS	hypothetical protein	MF156712.1:c34102-33362	MEPBJMPE_00045

DiscRep_SUB:FEATURE_LOCATION_CONFLICT::Coding region xref gene does not exist
plasmid_files/MF156712.1_results/PROKKA_06292018:CDS	Type IV secretion system protein virB4	MF156712.1:c36879-34114	MEPBJMPE_00046

DiscRep_SUB:FEATURE_LOCATION_CONFLICT::Coding region xref gene does not exist
plasmid_files/MF156712.1_results/PROKKA_06292018:CDS	hypothetical protein	MF156712.1:c37186-36893	MEPBJMPE_00047

DiscRep_SUB:FEATURE_LOCATION_CONFLICT::Coding region xref gene does not exist
plasmid_files/MF156712.1_results/PROKKA_06292018:CDS	Type IV secretion system protein virB1	MF156712.1:c37833-37204	MEPBJMPE_00048

DiscRep_SUB:FEATURE_LOCATION_CONFLICT::Coding region xref gene does not exist
plasmid_files/MF156712.1_results/PROKKA_06292018:CDS	hypothetical protein	MF156712.1:c38037-37840	MEPBJMPE_00049

DiscRep_SUB:FEATURE_LOCATION_CONFLICT::Coding region xref gene does not exist
plasmid_files/MF156712.1_results/PROKKA_06292018:CDS	Transcription antitermination protein RfaH	MF156712.1:c38521-38027	MEPBJMPE_00050

DiscRep_SUB:FEATURE_LOCATION_CONFLICT::Coding region xref gene does not exist
plasmid_files/MF156712.1_results/PROKKA_06292018:CDS	hypothetical protein	MF156712.1:38928-39200	MEPBJMPE_00051

DiscRep_SUB:FEATURE_LOCATION_CONFLICT::Coding region xref gene does not exist
plasmid_files/MF156712.1_results/PROKKA_06292018:CDS	hypothetical protein	MF156712.1:c40416-39247	MEPBJMPE_00052

DiscRep_SUB:FEATURE_LOCATION_CONFLICT::Coding region xref gene does not exist
plasmid_files/MF156712.1_results/PROKKA_06292018:CDS	hypothetical protein	MF156712.1:c40962-40420	MEPBJMPE_00053

DiscRep_SUB:FEATURE_LOCATION_CONFLICT::Coding region xref gene does not exist
plasmid_files/MF156712.1_results/PROKKA_06292018:CDS	hypothetical protein	MF156712.1:c41595-41311	MEPBJMPE_00054

DiscRep_SUB:FEATURE_LOCATION_CONFLICT::Coding region xref gene does not exist
plasmid_files/MF156712.1_results/PROKKA_06292018:CDS	hypothetical protein	MF156712.1:c41893-41597	MEPBJMPE_00055

DiscRep_SUB:FEATURE_LOCATION_CONFLICT::Coding region xref gene does not exist
plasmid_files/MF156712.1_results/PROKKA_06292018:CDS	hypothetical protein	MF156712.1:c42154-42017	MEPBJMPE_00056

DiscRep_SUB:FEATURE_LOCATION_CONFLICT::Coding region xref gene does not exist
plasmid_files/MF156712.1_results/PROKKA_06292018:CDS	hypothetical protein	MF156712.1:c42441-42232	MEPBJMPE_00057

DiscRep_SUB:FEATURE_LOCATION_CONFLICT::Coding region xref gene does not exist
plasmid_files/MF156712.1_results/PROKKA_06292018:CDS	hypothetical protein	MF156712.1:c42628-42416	MEPBJMPE_00058

DiscRep_SUB:FEATURE_LOCATION_CONFLICT::Coding region xref gene does not exist
plasmid_files/MF156712.1_results/PROKKA_06292018:CDS	hypothetical protein	MF156712.1:c43267-43034	MEPBJMPE_00059

DiscRep_SUB:FEATURE_LOCATION_CONFLICT::Coding region xref gene does not exist
plasmid_files/MF156712.1_results/PROKKA_06292018:CDS	hypothetical protein	MF156712.1:c43514-43257	MEPBJMPE_00060

DiscRep_SUB:FEATURE_LOCATION_CONFLICT::Coding region xref gene does not exist
plasmid_files/MF156712.1_results/PROKKA_06292018:CDS	hypothetical protein	MF156712.1:c44053-43511	MEPBJMPE_00061

DiscRep_SUB:FEATURE_LOCATION_CONFLICT::Coding region xref gene does not exist
plasmid_files/MF156712.1_results/PROKKA_06292018:CDS	hypothetical protein	MF156712.1:c44259-44053	MEPBJMPE_00062

DiscRep_SUB:FEATURE_LOCATION_CONFLICT::Coding region xref gene does not exist
plasmid_files/MF156712.1_results/PROKKA_06292018:CDS	hypothetical protein	MF156712.1:c44486-44271	MEPBJMPE_00063

DiscRep_SUB:FEATURE_LOCATION_CONFLICT::Coding region xref gene does not exist
plasmid_files/MF156712.1_results/PROKKA_06292018:CDS	Chaperone protein DnaJ	MF156712.1:c45049-44528	MEPBJMPE_00064

DiscRep_SUB:FEATURE_LOCATION_CONFLICT::Coding region xref gene does not exist
plasmid_files/MF156712.1_results/PROKKA_06292018:CDS	hypothetical protein	MF156712.1:45162-45383	MEPBJMPE_00065

DiscRep_ALL:DISC_QUALITY_SCORES::Quality scores are missing on all sequences.

DiscRep_ALL:ONCALLER_COMMENT_PRESENT::1 comment descriptors were found (all same)
plasmid_files/MF156712.1_results/PROKKA_06292018:MF156712.1:Annotated using prokka 1.14-dev from https://github.com/tseemann/prokka

DiscRep_ALL:SHORT_PROT_SEQUENCES::3 protein sequences are shorter than 50 aa.
plasmid_files/MF156712.1_results/PROKKA_06292018:MF156712.1_6 (length 46)
plasmid_files/MF156712.1_results/PROKKA_06292018:MF156712.1_7 (length 48)
plasmid_files/MF156712.1_results/PROKKA_06292018:MF156712.1_56 (length 45)

DiscRep_ALL:MISSING_GENOMEASSEMBLY_COMMENTS::1 bioseqs are missing GenomeAssembly structured comments
plasmid_files/MF156712.1_results/PROKKA_06292018:MF156712.1 (length 46123)

DiscRep_ALL:MOLTYPE_NOT_MRNA::1 molecule types are not set as mRNA.
plasmid_files/MF156712.1_results/PROKKA_06292018:MF156712.1 (length 46123)

DiscRep_ALL:TECHNIQUE_NOT_TSA::1 technique are not set as TSA
plasmid_files/MF156712.1_results/PROKKA_06292018:MF156712.1 (length 46123)

DiscRep_ALL:MISSING_STRUCTURED_COMMENT::1 sequences do not include structured comments.
plasmid_files/MF156712.1_results/PROKKA_06292018:MF156712.1 (length 46123)

DiscRep_ALL:MISSING_PROJECT::66 sequences do not include project.
plasmid_files/MF156712.1_results/PROKKA_06292018:MF156712.1 (length 46123)
plasmid_files/MF156712.1_results/PROKKA_06292018:MF156712.1_1 (length 342)
plasmid_files/MF156712.1_results/PROKKA_06292018:MF156712.1_2 (length 150)
plasmid_files/MF156712.1_results/PROKKA_06292018:MF156712.1_3 (length 174)
plasmid_files/MF156712.1_results/PROKKA_06292018:MF156712.1_4 (length 140)
plasmid_files/MF156712.1_results/PROKKA_06292018:MF156712.1_5 (length 127)
plasmid_files/MF156712.1_results/PROKKA_06292018:MF156712.1_6 (length 46)
plasmid_files/MF156712.1_results/PROKKA_06292018:MF156712.1_7 (length 48)
plasmid_files/MF156712.1_results/PROKKA_06292018:MF156712.1_8 (length 100)
plasmid_files/MF156712.1_results/PROKKA_06292018:MF156712.1_9 (length 87)
plasmid_files/MF156712.1_results/PROKKA_06292018:MF156712.1_10 (length 211)
plasmid_files/MF156712.1_results/PROKKA_06292018:MF156712.1_11 (length 186)
plasmid_files/MF156712.1_results/PROKKA_06292018:MF156712.1_12 (length 92)
plasmid_files/MF156712.1_results/PROKKA_06292018:MF156712.1_13 (length 140)
plasmid_files/MF156712.1_results/PROKKA_06292018:MF156712.1_14 (length 51)
plasmid_files/MF156712.1_results/PROKKA_06292018:MF156712.1_15 (length 98)
plasmid_files/MF156712.1_results/PROKKA_06292018:MF156712.1_16 (length 326)
plasmid_files/MF156712.1_results/PROKKA_06292018:MF156712.1_17 (length 293)
plasmid_files/MF156712.1_results/PROKKA_06292018:MF156712.1_18 (length 216)
plasmid_files/MF156712.1_results/PROKKA_06292018:MF156712.1_19 (length 124)
plasmid_files/MF156712.1_results/PROKKA_06292018:MF156712.1_20 (length 137)
plasmid_files/MF156712.1_results/PROKKA_06292018:MF156712.1_21 (length 185)
plasmid_files/MF156712.1_results/PROKKA_06292018:MF156712.1_22 (length 1001)
plasmid_files/MF156712.1_results/PROKKA_06292018:MF156712.1_23 (length 181)
plasmid_files/MF156712.1_results/PROKKA_06292018:MF156712.1_24 (length 190)
plasmid_files/MF156712.1_results/PROKKA_06292018:MF156712.1_25 (length 463)
plasmid_files/MF156712.1_results/PROKKA_06292018:MF156712.1_26 (length 62)
plasmid_files/MF156712.1_results/PROKKA_06292018:MF156712.1_27 (length 152)
plasmid_files/MF156712.1_results/PROKKA_06292018:MF156712.1_28 (length 69)
plasmid_files/MF156712.1_results/PROKKA_06292018:MF156712.1_29 (length 714)
plasmid_files/MF156712.1_results/PROKKA_06292018:MF156712.1_30 (length 191)
plasmid_files/MF156712.1_results/PROKKA_06292018:MF156712.1_31 (length 420)
plasmid_files/MF156712.1_results/PROKKA_06292018:MF156712.1_32 (length 74)
plasmid_files/MF156712.1_results/PROKKA_06292018:MF156712.1_33 (length 100)
plasmid_files/MF156712.1_results/PROKKA_06292018:MF156712.1_34 (length 105)
plasmid_files/MF156712.1_results/PROKKA_06292018:MF156712.1_35 (length 131)
plasmid_files/MF156712.1_results/PROKKA_06292018:MF156712.1_36 (length 104)
plasmid_files/MF156712.1_results/PROKKA_06292018:MF156712.1_37 (length 155)
plasmid_files/MF156712.1_results/PROKKA_06292018:MF156712.1_38 (length 608)
plasmid_files/MF156712.1_results/PROKKA_06292018:MF156712.1_39 (length 343)
plasmid_files/MF156712.1_results/PROKKA_06292018:MF156712.1_40 (length 429)
plasmid_files/MF156712.1_results/PROKKA_06292018:MF156712.1_41 (length 306)
plasmid_files/MF156712.1_results/PROKKA_06292018:MF156712.1_42 (length 228)
plasmid_files/MF156712.1_results/PROKKA_06292018:MF156712.1_43 (length 352)
plasmid_files/MF156712.1_results/PROKKA_06292018:MF156712.1_44 (length 140)
plasmid_files/MF156712.1_results/PROKKA_06292018:MF156712.1_45 (length 246)
plasmid_files/MF156712.1_results/PROKKA_06292018:MF156712.1_46 (length 921)
plasmid_files/MF156712.1_results/PROKKA_06292018:MF156712.1_47 (length 97)
plasmid_files/MF156712.1_results/PROKKA_06292018:MF156712.1_48 (length 209)
plasmid_files/MF156712.1_results/PROKKA_06292018:MF156712.1_49 (length 65)
plasmid_files/MF156712.1_results/PROKKA_06292018:MF156712.1_50 (length 164)
plasmid_files/MF156712.1_results/PROKKA_06292018:MF156712.1_51 (length 90)
plasmid_files/MF156712.1_results/PROKKA_06292018:MF156712.1_52 (length 389)
plasmid_files/MF156712.1_results/PROKKA_06292018:MF156712.1_53 (length 180)
plasmid_files/MF156712.1_results/PROKKA_06292018:MF156712.1_54 (length 94)
plasmid_files/MF156712.1_results/PROKKA_06292018:MF156712.1_55 (length 98)
plasmid_files/MF156712.1_results/PROKKA_06292018:MF156712.1_56 (length 45)
plasmid_files/MF156712.1_results/PROKKA_06292018:MF156712.1_57 (length 69)
plasmid_files/MF156712.1_results/PROKKA_06292018:MF156712.1_58 (length 70)
plasmid_files/MF156712.1_results/PROKKA_06292018:MF156712.1_59 (length 77)
plasmid_files/MF156712.1_results/PROKKA_06292018:MF156712.1_60 (length 85)
plasmid_files/MF156712.1_results/PROKKA_06292018:MF156712.1_61 (length 180)
plasmid_files/MF156712.1_results/PROKKA_06292018:MF156712.1_62 (length 68)
plasmid_files/MF156712.1_results/PROKKA_06292018:MF156712.1_63 (length 71)
plasmid_files/MF156712.1_results/PROKKA_06292018:MF156712.1_64 (length 173)
plasmid_files/MF156712.1_results/PROKKA_06292018:MF156712.1_65 (length 73)

DiscRep_ALL:DISC_INCONSISTENT_MOLINFO_TECH::Molinfo Technique Report (some missing, all same)
DiscRep_SUB:DISC_INCONSISTENT_MOLINFO_TECH::technique (all missing)
DiscRep_SUB:DISC_INCONSISTENT_MOLINFO_TECH::1 Molinfos are missing field technique
plasmid_files/MF156712.1_results/PROKKA_06292018:MF156712.1 (length 46123)

