Discrepancy Report Results

Summary
FATAL: MISSING_PROTEIN_ID:72 proteins have invalid IDs.
DISC_SOURCE_QUALS_ASNDISC:strain (all present, all unique)
DISC_SOURCE_QUALS_ASNDISC:taxname (all present, all unique)
DISC_FEATURE_COUNT:CDS: 72 present
DISC_COUNT_NUCLEOTIDES:1 nucleotide Bioseqs are present
FEATURE_LOCATION_CONFLICT:72 features have inconsistent gene locations.
DISC_QUALITY_SCORES:Quality scores are missing on all sequences.
ONCALLER_COMMENT_PRESENT:1 comment descriptors were found (all same)
SHORT_PROT_SEQUENCES:1 protein sequences are shorter than 50 aa.
MISSING_GENOMEASSEMBLY_COMMENTS:1 bioseqs are missing GenomeAssembly structured comments
MOLTYPE_NOT_MRNA:1 molecule types are not set as mRNA.
TECHNIQUE_NOT_TSA:1 technique are not set as TSA
MISSING_STRUCTURED_COMMENT:1 sequences do not include structured comments.
MISSING_PROJECT:73 sequences do not include project.
DISC_INCONSISTENT_MOLINFO_TECH:Molinfo Technique Report (some missing, all same)


Detailed Report

FATAL: DiscRep_ALL:MISSING_PROTEIN_ID::72 proteins have invalid IDs.
plasmid_files/CP027168.1_results/PROKKA_06292018:CP027168.1_1 (length 135)
plasmid_files/CP027168.1_results/PROKKA_06292018:CP027168.1_2 (length 234)
plasmid_files/CP027168.1_results/PROKKA_06292018:CP027168.1_3 (length 127)
plasmid_files/CP027168.1_results/PROKKA_06292018:CP027168.1_4 (length 259)
plasmid_files/CP027168.1_results/PROKKA_06292018:CP027168.1_5 (length 81)
plasmid_files/CP027168.1_results/PROKKA_06292018:CP027168.1_6 (length 58)
plasmid_files/CP027168.1_results/PROKKA_06292018:CP027168.1_7 (length 84)
plasmid_files/CP027168.1_results/PROKKA_06292018:CP027168.1_8 (length 182)
plasmid_files/CP027168.1_results/PROKKA_06292018:CP027168.1_9 (length 70)
plasmid_files/CP027168.1_results/PROKKA_06292018:CP027168.1_10 (length 114)
plasmid_files/CP027168.1_results/PROKKA_06292018:CP027168.1_11 (length 167)
plasmid_files/CP027168.1_results/PROKKA_06292018:CP027168.1_12 (length 142)
plasmid_files/CP027168.1_results/PROKKA_06292018:CP027168.1_13 (length 278)
plasmid_files/CP027168.1_results/PROKKA_06292018:CP027168.1_14 (length 86)
plasmid_files/CP027168.1_results/PROKKA_06292018:CP027168.1_15 (length 102)
plasmid_files/CP027168.1_results/PROKKA_06292018:CP027168.1_16 (length 270)
plasmid_files/CP027168.1_results/PROKKA_06292018:CP027168.1_17 (length 178)
plasmid_files/CP027168.1_results/PROKKA_06292018:CP027168.1_18 (length 145)
plasmid_files/CP027168.1_results/PROKKA_06292018:CP027168.1_19 (length 78)
plasmid_files/CP027168.1_results/PROKKA_06292018:CP027168.1_20 (length 141)
plasmid_files/CP027168.1_results/PROKKA_06292018:CP027168.1_21 (length 101)
plasmid_files/CP027168.1_results/PROKKA_06292018:CP027168.1_22 (length 216)
plasmid_files/CP027168.1_results/PROKKA_06292018:CP027168.1_23 (length 384)
plasmid_files/CP027168.1_results/PROKKA_06292018:CP027168.1_24 (length 205)
plasmid_files/CP027168.1_results/PROKKA_06292018:CP027168.1_25 (length 113)
plasmid_files/CP027168.1_results/PROKKA_06292018:CP027168.1_26 (length 86)
plasmid_files/CP027168.1_results/PROKKA_06292018:CP027168.1_27 (length 362)
plasmid_files/CP027168.1_results/PROKKA_06292018:CP027168.1_28 (length 115)
plasmid_files/CP027168.1_results/PROKKA_06292018:CP027168.1_29 (length 122)
plasmid_files/CP027168.1_results/PROKKA_06292018:CP027168.1_30 (length 57)
plasmid_files/CP027168.1_results/PROKKA_06292018:CP027168.1_31 (length 113)
plasmid_files/CP027168.1_results/PROKKA_06292018:CP027168.1_32 (length 103)
plasmid_files/CP027168.1_results/PROKKA_06292018:CP027168.1_33 (length 138)
plasmid_files/CP027168.1_results/PROKKA_06292018:CP027168.1_34 (length 84)
plasmid_files/CP027168.1_results/PROKKA_06292018:CP027168.1_35 (length 290)
plasmid_files/CP027168.1_results/PROKKA_06292018:CP027168.1_36 (length 99)
plasmid_files/CP027168.1_results/PROKKA_06292018:CP027168.1_37 (length 105)
plasmid_files/CP027168.1_results/PROKKA_06292018:CP027168.1_38 (length 882)
plasmid_files/CP027168.1_results/PROKKA_06292018:CP027168.1_39 (length 257)
plasmid_files/CP027168.1_results/PROKKA_06292018:CP027168.1_40 (length 81)
plasmid_files/CP027168.1_results/PROKKA_06292018:CP027168.1_41 (length 353)
plasmid_files/CP027168.1_results/PROKKA_06292018:CP027168.1_42 (length 63)
plasmid_files/CP027168.1_results/PROKKA_06292018:CP027168.1_43 (length 241)
plasmid_files/CP027168.1_results/PROKKA_06292018:CP027168.1_44 (length 293)
plasmid_files/CP027168.1_results/PROKKA_06292018:CP027168.1_45 (length 385)
plasmid_files/CP027168.1_results/PROKKA_06292018:CP027168.1_46 (length 343)
plasmid_files/CP027168.1_results/PROKKA_06292018:CP027168.1_47 (length 183)
plasmid_files/CP027168.1_results/PROKKA_06292018:CP027168.1_48 (length 72)
plasmid_files/CP027168.1_results/PROKKA_06292018:CP027168.1_49 (length 139)
plasmid_files/CP027168.1_results/PROKKA_06292018:CP027168.1_50 (length 116)
plasmid_files/CP027168.1_results/PROKKA_06292018:CP027168.1_51 (length 92)
plasmid_files/CP027168.1_results/PROKKA_06292018:CP027168.1_52 (length 143)
plasmid_files/CP027168.1_results/PROKKA_06292018:CP027168.1_53 (length 560)
plasmid_files/CP027168.1_results/PROKKA_06292018:CP027168.1_54 (length 138)
plasmid_files/CP027168.1_results/PROKKA_06292018:CP027168.1_55 (length 120)
plasmid_files/CP027168.1_results/PROKKA_06292018:CP027168.1_56 (length 78)
plasmid_files/CP027168.1_results/PROKKA_06292018:CP027168.1_57 (length 70)
plasmid_files/CP027168.1_results/PROKKA_06292018:CP027168.1_58 (length 998)
plasmid_files/CP027168.1_results/PROKKA_06292018:CP027168.1_59 (length 136)
plasmid_files/CP027168.1_results/PROKKA_06292018:CP027168.1_60 (length 79)
plasmid_files/CP027168.1_results/PROKKA_06292018:CP027168.1_61 (length 308)
plasmid_files/CP027168.1_results/PROKKA_06292018:CP027168.1_62 (length 111)
plasmid_files/CP027168.1_results/PROKKA_06292018:CP027168.1_63 (length 439)
plasmid_files/CP027168.1_results/PROKKA_06292018:CP027168.1_64 (length 293)
plasmid_files/CP027168.1_results/PROKKA_06292018:CP027168.1_65 (length 259)
plasmid_files/CP027168.1_results/PROKKA_06292018:CP027168.1_66 (length 341)
plasmid_files/CP027168.1_results/PROKKA_06292018:CP027168.1_67 (length 1009)
plasmid_files/CP027168.1_results/PROKKA_06292018:CP027168.1_68 (length 571)
plasmid_files/CP027168.1_results/PROKKA_06292018:CP027168.1_69 (length 70)
plasmid_files/CP027168.1_results/PROKKA_06292018:CP027168.1_70 (length 984)
plasmid_files/CP027168.1_results/PROKKA_06292018:CP027168.1_71 (length 512)
plasmid_files/CP027168.1_results/PROKKA_06292018:CP027168.1_72 (length 42)

DiscRep_ALL:DISC_SOURCE_QUALS_ASNDISC::strain (all present, all unique)
DiscRep_SUB:DISC_SOURCE_QUALS_ASNDISC::1 sources have unique values for strain
DiscRep_ALL:DISC_SOURCE_QUALS_ASNDISC::taxname (all present, all unique)
DiscRep_SUB:DISC_SOURCE_QUALS_ASNDISC::1 sources have unique values for taxname
DiscRep_ALL:DISC_FEATURE_COUNT::CDS: 72 present
DiscRep_ALL:DISC_COUNT_NUCLEOTIDES::1 nucleotide Bioseqs are present
plasmid_files/CP027168.1_results/PROKKA_06292018:CP027168.1 (length 57053)

DiscRep_ALL:FEATURE_LOCATION_CONFLICT::72 features have inconsistent gene locations.
DiscRep_SUB:FEATURE_LOCATION_CONFLICT::Coding region xref gene does not exist
plasmid_files/CP027168.1_results/PROKKA_06292018:CDS	hypothetical protein	CP027168.1:569-976	IKGPBLEJ_00001

DiscRep_SUB:FEATURE_LOCATION_CONFLICT::Coding region xref gene does not exist
plasmid_files/CP027168.1_results/PROKKA_06292018:CDS	hypothetical protein	CP027168.1:980-1684	IKGPBLEJ_00002

DiscRep_SUB:FEATURE_LOCATION_CONFLICT::Coding region xref gene does not exist
plasmid_files/CP027168.1_results/PROKKA_06292018:CDS	hypothetical protein	CP027168.1:1703-2086	IKGPBLEJ_00003

DiscRep_SUB:FEATURE_LOCATION_CONFLICT::Coding region xref gene does not exist
plasmid_files/CP027168.1_results/PROKKA_06292018:CDS	hypothetical protein	CP027168.1:2355-3134	IKGPBLEJ_00004

DiscRep_SUB:FEATURE_LOCATION_CONFLICT::Coding region xref gene does not exist
plasmid_files/CP027168.1_results/PROKKA_06292018:CDS	hypothetical protein	CP027168.1:c3426-3181	IKGPBLEJ_00005

DiscRep_SUB:FEATURE_LOCATION_CONFLICT::Coding region xref gene does not exist
plasmid_files/CP027168.1_results/PROKKA_06292018:CDS	hypothetical protein	CP027168.1:c3663-3487	IKGPBLEJ_00006

DiscRep_SUB:FEATURE_LOCATION_CONFLICT::Coding region xref gene does not exist
plasmid_files/CP027168.1_results/PROKKA_06292018:CDS	hypothetical protein	CP027168.1:c3988-3734	IKGPBLEJ_00007

DiscRep_SUB:FEATURE_LOCATION_CONFLICT::Coding region xref gene does not exist
plasmid_files/CP027168.1_results/PROKKA_06292018:CDS	Single-stranded DNA-binding protein	CP027168.1:c4756-4208	IKGPBLEJ_00008

DiscRep_SUB:FEATURE_LOCATION_CONFLICT::Coding region xref gene does not exist
plasmid_files/CP027168.1_results/PROKKA_06292018:CDS	hypothetical protein	CP027168.1:c5636-5424	IKGPBLEJ_00009

DiscRep_SUB:FEATURE_LOCATION_CONFLICT::Coding region xref gene does not exist
plasmid_files/CP027168.1_results/PROKKA_06292018:CDS	hypothetical protein	CP027168.1:c6034-5690	IKGPBLEJ_00010

DiscRep_SUB:FEATURE_LOCATION_CONFLICT::Coding region xref gene does not exist
plasmid_files/CP027168.1_results/PROKKA_06292018:CDS	hypothetical protein	CP027168.1:c6598-6095	IKGPBLEJ_00011

DiscRep_SUB:FEATURE_LOCATION_CONFLICT::Coding region xref gene does not exist
plasmid_files/CP027168.1_results/PROKKA_06292018:CDS	hypothetical protein	CP027168.1:c7043-6615	IKGPBLEJ_00012

DiscRep_SUB:FEATURE_LOCATION_CONFLICT::Coding region xref gene does not exist
plasmid_files/CP027168.1_results/PROKKA_06292018:CDS	hypothetical protein	CP027168.1:c7935-7099	IKGPBLEJ_00013

DiscRep_SUB:FEATURE_LOCATION_CONFLICT::Coding region xref gene does not exist
plasmid_files/CP027168.1_results/PROKKA_06292018:CDS	hypothetical protein	CP027168.1:c8876-8616	IKGPBLEJ_00014

DiscRep_SUB:FEATURE_LOCATION_CONFLICT::Coding region xref gene does not exist
plasmid_files/CP027168.1_results/PROKKA_06292018:CDS	hypothetical protein	CP027168.1:c9196-8888	IKGPBLEJ_00015

DiscRep_SUB:FEATURE_LOCATION_CONFLICT::Coding region xref gene does not exist
plasmid_files/CP027168.1_results/PROKKA_06292018:CDS	Exodeoxyribonuclease 10	CP027168.1:c9998-9186	IKGPBLEJ_00016

DiscRep_SUB:FEATURE_LOCATION_CONFLICT::Coding region xref gene does not exist
plasmid_files/CP027168.1_results/PROKKA_06292018:CDS	hypothetical protein	CP027168.1:c10550-10014	IKGPBLEJ_00017

DiscRep_SUB:FEATURE_LOCATION_CONFLICT::Coding region xref gene does not exist
plasmid_files/CP027168.1_results/PROKKA_06292018:CDS	tRNA(fMet)-specific endonuclease VapC	CP027168.1:c10994-10557	IKGPBLEJ_00018

DiscRep_SUB:FEATURE_LOCATION_CONFLICT::Coding region xref gene does not exist
plasmid_files/CP027168.1_results/PROKKA_06292018:CDS	Antitoxin VapB	CP027168.1:c11227-10991	IKGPBLEJ_00019

DiscRep_SUB:FEATURE_LOCATION_CONFLICT::Coding region xref gene does not exist
plasmid_files/CP027168.1_results/PROKKA_06292018:CDS	hypothetical protein	CP027168.1:c11662-11237	IKGPBLEJ_00020

DiscRep_SUB:FEATURE_LOCATION_CONFLICT::Coding region xref gene does not exist
plasmid_files/CP027168.1_results/PROKKA_06292018:CDS	hypothetical protein	CP027168.1:c12302-11997	IKGPBLEJ_00021

DiscRep_SUB:FEATURE_LOCATION_CONFLICT::Coding region xref gene does not exist
plasmid_files/CP027168.1_results/PROKKA_06292018:CDS	hypothetical protein	CP027168.1:c12980-12330	IKGPBLEJ_00022

DiscRep_SUB:FEATURE_LOCATION_CONFLICT::Coding region xref gene does not exist
plasmid_files/CP027168.1_results/PROKKA_06292018:CDS	hypothetical protein	CP027168.1:c14726-13572	IKGPBLEJ_00023

DiscRep_SUB:FEATURE_LOCATION_CONFLICT::Coding region xref gene does not exist
plasmid_files/CP027168.1_results/PROKKA_06292018:CDS	DNA-invertase hin	CP027168.1:c15330-14713	IKGPBLEJ_00024

DiscRep_SUB:FEATURE_LOCATION_CONFLICT::Coding region xref gene does not exist
plasmid_files/CP027168.1_results/PROKKA_06292018:CDS	hypothetical protein	CP027168.1:c15686-15345	IKGPBLEJ_00025

DiscRep_SUB:FEATURE_LOCATION_CONFLICT::Coding region xref gene does not exist
plasmid_files/CP027168.1_results/PROKKA_06292018:CDS	hypothetical protein	CP027168.1:c16115-15855	IKGPBLEJ_00026

DiscRep_SUB:FEATURE_LOCATION_CONFLICT::Coding region xref gene does not exist
plasmid_files/CP027168.1_results/PROKKA_06292018:CDS	hypothetical protein	CP027168.1:c17214-16126	IKGPBLEJ_00027

DiscRep_SUB:FEATURE_LOCATION_CONFLICT::Coding region xref gene does not exist
plasmid_files/CP027168.1_results/PROKKA_06292018:CDS	hypothetical protein	CP027168.1:c17565-17218	IKGPBLEJ_00028

DiscRep_SUB:FEATURE_LOCATION_CONFLICT::Coding region xref gene does not exist
plasmid_files/CP027168.1_results/PROKKA_06292018:CDS	hypothetical protein	CP027168.1:c17933-17565	IKGPBLEJ_00029

DiscRep_SUB:FEATURE_LOCATION_CONFLICT::Coding region xref gene does not exist
plasmid_files/CP027168.1_results/PROKKA_06292018:CDS	hypothetical protein	CP027168.1:c18731-18558	IKGPBLEJ_00030

DiscRep_SUB:FEATURE_LOCATION_CONFLICT::Coding region xref gene does not exist
plasmid_files/CP027168.1_results/PROKKA_06292018:CDS	hypothetical protein	CP027168.1:c19081-18740	IKGPBLEJ_00031

DiscRep_SUB:FEATURE_LOCATION_CONFLICT::Coding region xref gene does not exist
plasmid_files/CP027168.1_results/PROKKA_06292018:CDS	hypothetical protein	CP027168.1:c19403-19092	IKGPBLEJ_00032

DiscRep_SUB:FEATURE_LOCATION_CONFLICT::Coding region xref gene does not exist
plasmid_files/CP027168.1_results/PROKKA_06292018:CDS	hypothetical protein	CP027168.1:c19824-19408	IKGPBLEJ_00033

DiscRep_SUB:FEATURE_LOCATION_CONFLICT::Coding region xref gene does not exist
plasmid_files/CP027168.1_results/PROKKA_06292018:CDS	Trans-acting regulatory protein HvrA	CP027168.1:c20082-19828	IKGPBLEJ_00034

DiscRep_SUB:FEATURE_LOCATION_CONFLICT::Coding region xref gene does not exist
plasmid_files/CP027168.1_results/PROKKA_06292018:CDS	Type IV secretion system protein virB1	CP027168.1:20145-21017	IKGPBLEJ_00035

DiscRep_SUB:FEATURE_LOCATION_CONFLICT::Coding region xref gene does not exist
plasmid_files/CP027168.1_results/PROKKA_06292018:CDS	hypothetical protein	CP027168.1:21193-21492	IKGPBLEJ_00036

DiscRep_SUB:FEATURE_LOCATION_CONFLICT::Coding region xref gene does not exist
plasmid_files/CP027168.1_results/PROKKA_06292018:CDS	Type IV secretion system protein PtlB	CP027168.1:21541-21858	IKGPBLEJ_00037

DiscRep_SUB:FEATURE_LOCATION_CONFLICT::Coding region xref gene does not exist
plasmid_files/CP027168.1_results/PROKKA_06292018:CDS	Type IV secretion system protein virB4	CP027168.1:21858-24506	IKGPBLEJ_00038

DiscRep_SUB:FEATURE_LOCATION_CONFLICT::Coding region xref gene does not exist
plasmid_files/CP027168.1_results/PROKKA_06292018:CDS	Type IV secretion system protein virB5	CP027168.1:24508-25281	IKGPBLEJ_00039

DiscRep_SUB:FEATURE_LOCATION_CONFLICT::Coding region xref gene does not exist
plasmid_files/CP027168.1_results/PROKKA_06292018:CDS	hypothetical protein	CP027168.1:25287-25532	IKGPBLEJ_00040

DiscRep_SUB:FEATURE_LOCATION_CONFLICT::Coding region xref gene does not exist
plasmid_files/CP027168.1_results/PROKKA_06292018:CDS	Type IV secretion system protein VirB6	CP027168.1:25545-26606	IKGPBLEJ_00041

DiscRep_SUB:FEATURE_LOCATION_CONFLICT::Coding region xref gene does not exist
plasmid_files/CP027168.1_results/PROKKA_06292018:CDS	hypothetical protein	CP027168.1:26699-26890	IKGPBLEJ_00042

DiscRep_SUB:FEATURE_LOCATION_CONFLICT::Coding region xref gene does not exist
plasmid_files/CP027168.1_results/PROKKA_06292018:CDS	Type IV secretion system protein PtlE	CP027168.1:26887-27612	IKGPBLEJ_00043

DiscRep_SUB:FEATURE_LOCATION_CONFLICT::Coding region xref gene does not exist
plasmid_files/CP027168.1_results/PROKKA_06292018:CDS	Type IV secretion system protein virB9	CP027168.1:27609-28490	IKGPBLEJ_00044

DiscRep_SUB:FEATURE_LOCATION_CONFLICT::Coding region xref gene does not exist
plasmid_files/CP027168.1_results/PROKKA_06292018:CDS	Protein virB10	CP027168.1:28487-29644	IKGPBLEJ_00045

DiscRep_SUB:FEATURE_LOCATION_CONFLICT::Coding region xref gene does not exist
plasmid_files/CP027168.1_results/PROKKA_06292018:CDS	Type IV secretion system protein VirB11	CP027168.1:29656-30687	IKGPBLEJ_00046

DiscRep_SUB:FEATURE_LOCATION_CONFLICT::Coding region xref gene does not exist
plasmid_files/CP027168.1_results/PROKKA_06292018:CDS	hypothetical protein	CP027168.1:30740-31291	IKGPBLEJ_00047

DiscRep_SUB:FEATURE_LOCATION_CONFLICT::Coding region xref gene does not exist
plasmid_files/CP027168.1_results/PROKKA_06292018:CDS	hypothetical protein	CP027168.1:31846-32064	IKGPBLEJ_00048

DiscRep_SUB:FEATURE_LOCATION_CONFLICT::Coding region xref gene does not exist
plasmid_files/CP027168.1_results/PROKKA_06292018:CDS	Mercuric resistance operon regulatory protein	CP027168.1:c32636-32217	IKGPBLEJ_00049

DiscRep_SUB:FEATURE_LOCATION_CONFLICT::Coding region xref gene does not exist
plasmid_files/CP027168.1_results/PROKKA_06292018:CDS	Mercuric transport protein MerT	CP027168.1:32708-33058	IKGPBLEJ_00050

DiscRep_SUB:FEATURE_LOCATION_CONFLICT::Coding region xref gene does not exist
plasmid_files/CP027168.1_results/PROKKA_06292018:CDS	Mercuric transport protein periplasmic component	CP027168.1:33072-33350	IKGPBLEJ_00051

DiscRep_SUB:FEATURE_LOCATION_CONFLICT::Coding region xref gene does not exist
plasmid_files/CP027168.1_results/PROKKA_06292018:CDS	Mercuric transport protein MerC	CP027168.1:33363-33794	IKGPBLEJ_00052

DiscRep_SUB:FEATURE_LOCATION_CONFLICT::Coding region xref gene does not exist
plasmid_files/CP027168.1_results/PROKKA_06292018:CDS	Mercuric reductase	CP027168.1:33807-35489	IKGPBLEJ_00053

DiscRep_SUB:FEATURE_LOCATION_CONFLICT::Coding region xref gene does not exist
plasmid_files/CP027168.1_results/PROKKA_06292018:CDS	hypothetical protein	CP027168.1:35510-35926	IKGPBLEJ_00054

DiscRep_SUB:FEATURE_LOCATION_CONFLICT::Coding region xref gene does not exist
plasmid_files/CP027168.1_results/PROKKA_06292018:CDS	Mercuric resistance operon regulatory protein	CP027168.1:35926-36288	IKGPBLEJ_00055

DiscRep_SUB:FEATURE_LOCATION_CONFLICT::Coding region xref gene does not exist
plasmid_files/CP027168.1_results/PROKKA_06292018:CDS	hypothetical protein	CP027168.1:36281-36517	IKGPBLEJ_00056

DiscRep_SUB:FEATURE_LOCATION_CONFLICT::Coding region xref gene does not exist
plasmid_files/CP027168.1_results/PROKKA_06292018:CDS	hypothetical protein	CP027168.1:36641-36853	IKGPBLEJ_00057

DiscRep_SUB:FEATURE_LOCATION_CONFLICT::Coding region xref gene does not exist
plasmid_files/CP027168.1_results/PROKKA_06292018:CDS	hypothetical protein	CP027168.1:c39987-36991	IKGPBLEJ_00058

DiscRep_SUB:FEATURE_LOCATION_CONFLICT::Coding region xref gene does not exist
plasmid_files/CP027168.1_results/PROKKA_06292018:CDS	hypothetical protein	CP027168.1:c40401-39991	IKGPBLEJ_00059

DiscRep_SUB:FEATURE_LOCATION_CONFLICT::Coding region xref gene does not exist
plasmid_files/CP027168.1_results/PROKKA_06292018:CDS	hypothetical protein	CP027168.1:c40640-40401	IKGPBLEJ_00060

DiscRep_SUB:FEATURE_LOCATION_CONFLICT::Coding region xref gene does not exist
plasmid_files/CP027168.1_results/PROKKA_06292018:CDS	DNA-invertase hin	CP027168.1:40842-41768	IKGPBLEJ_00061

DiscRep_SUB:FEATURE_LOCATION_CONFLICT::Coding region xref gene does not exist
plasmid_files/CP027168.1_results/PROKKA_06292018:CDS	hypothetical protein	CP027168.1:41776-42111	IKGPBLEJ_00062

DiscRep_SUB:FEATURE_LOCATION_CONFLICT::Coding region xref gene does not exist
plasmid_files/CP027168.1_results/PROKKA_06292018:CDS	hypothetical protein	CP027168.1:42456-43775	IKGPBLEJ_00063

DiscRep_SUB:FEATURE_LOCATION_CONFLICT::Coding region xref gene does not exist
plasmid_files/CP027168.1_results/PROKKA_06292018:CDS	Carbapenem-hydrolyzing beta-lactamase KPC	CP027168.1:c44906-44025	IKGPBLEJ_00064

DiscRep_SUB:FEATURE_LOCATION_CONFLICT::Coding region xref gene does not exist
plasmid_files/CP027168.1_results/PROKKA_06292018:CDS	Insertion sequence IS5376 putative ATP-binding protein	CP027168.1:c46072-45293	IKGPBLEJ_00065

DiscRep_SUB:FEATURE_LOCATION_CONFLICT::Coding region xref gene does not exist
plasmid_files/CP027168.1_results/PROKKA_06292018:CDS	hypothetical protein	CP027168.1:c47094-46069	IKGPBLEJ_00066

DiscRep_SUB:FEATURE_LOCATION_CONFLICT::Coding region xref gene does not exist
plasmid_files/CP027168.1_results/PROKKA_06292018:CDS	hypothetical protein	CP027168.1:c50230-47201	IKGPBLEJ_00067

DiscRep_SUB:FEATURE_LOCATION_CONFLICT::Coding region xref gene does not exist
plasmid_files/CP027168.1_results/PROKKA_06292018:CDS	Tyrosine recombinase XerD	CP027168.1:50340-52055	IKGPBLEJ_00068

DiscRep_SUB:FEATURE_LOCATION_CONFLICT::Coding region xref gene does not exist
plasmid_files/CP027168.1_results/PROKKA_06292018:CDS	hypothetical protein	CP027168.1:52108-52320	IKGPBLEJ_00069

DiscRep_SUB:FEATURE_LOCATION_CONFLICT::Coding region xref gene does not exist
plasmid_files/CP027168.1_results/PROKKA_06292018:CDS	Multifunctional conjugation protein TraI	CP027168.1:c55310-52356	IKGPBLEJ_00070

DiscRep_SUB:FEATURE_LOCATION_CONFLICT::Coding region xref gene does not exist
plasmid_files/CP027168.1_results/PROKKA_06292018:CDS	Coupling protein TraD	CP027168.1:c56849-55311	IKGPBLEJ_00071

DiscRep_SUB:FEATURE_LOCATION_CONFLICT::Coding region xref gene does not exist
plasmid_files/CP027168.1_results/PROKKA_06292018:CDS	hypothetical protein	CP027168.1:c56977-56849	IKGPBLEJ_00072

DiscRep_ALL:DISC_QUALITY_SCORES::Quality scores are missing on all sequences.

DiscRep_ALL:ONCALLER_COMMENT_PRESENT::1 comment descriptors were found (all same)
plasmid_files/CP027168.1_results/PROKKA_06292018:CP027168.1:Annotated using prokka 1.14-dev from https://github.com/tseemann/prokka

DiscRep_ALL:SHORT_PROT_SEQUENCES::1 protein sequences are shorter than 50 aa.
plasmid_files/CP027168.1_results/PROKKA_06292018:CP027168.1_72 (length 42)

DiscRep_ALL:MISSING_GENOMEASSEMBLY_COMMENTS::1 bioseqs are missing GenomeAssembly structured comments
plasmid_files/CP027168.1_results/PROKKA_06292018:CP027168.1 (length 57053)

DiscRep_ALL:MOLTYPE_NOT_MRNA::1 molecule types are not set as mRNA.
plasmid_files/CP027168.1_results/PROKKA_06292018:CP027168.1 (length 57053)

DiscRep_ALL:TECHNIQUE_NOT_TSA::1 technique are not set as TSA
plasmid_files/CP027168.1_results/PROKKA_06292018:CP027168.1 (length 57053)

DiscRep_ALL:MISSING_STRUCTURED_COMMENT::1 sequences do not include structured comments.
plasmid_files/CP027168.1_results/PROKKA_06292018:CP027168.1 (length 57053)

DiscRep_ALL:MISSING_PROJECT::73 sequences do not include project.
plasmid_files/CP027168.1_results/PROKKA_06292018:CP027168.1 (length 57053)
plasmid_files/CP027168.1_results/PROKKA_06292018:CP027168.1_1 (length 135)
plasmid_files/CP027168.1_results/PROKKA_06292018:CP027168.1_2 (length 234)
plasmid_files/CP027168.1_results/PROKKA_06292018:CP027168.1_3 (length 127)
plasmid_files/CP027168.1_results/PROKKA_06292018:CP027168.1_4 (length 259)
plasmid_files/CP027168.1_results/PROKKA_06292018:CP027168.1_5 (length 81)
plasmid_files/CP027168.1_results/PROKKA_06292018:CP027168.1_6 (length 58)
plasmid_files/CP027168.1_results/PROKKA_06292018:CP027168.1_7 (length 84)
plasmid_files/CP027168.1_results/PROKKA_06292018:CP027168.1_8 (length 182)
plasmid_files/CP027168.1_results/PROKKA_06292018:CP027168.1_9 (length 70)
plasmid_files/CP027168.1_results/PROKKA_06292018:CP027168.1_10 (length 114)
plasmid_files/CP027168.1_results/PROKKA_06292018:CP027168.1_11 (length 167)
plasmid_files/CP027168.1_results/PROKKA_06292018:CP027168.1_12 (length 142)
plasmid_files/CP027168.1_results/PROKKA_06292018:CP027168.1_13 (length 278)
plasmid_files/CP027168.1_results/PROKKA_06292018:CP027168.1_14 (length 86)
plasmid_files/CP027168.1_results/PROKKA_06292018:CP027168.1_15 (length 102)
plasmid_files/CP027168.1_results/PROKKA_06292018:CP027168.1_16 (length 270)
plasmid_files/CP027168.1_results/PROKKA_06292018:CP027168.1_17 (length 178)
plasmid_files/CP027168.1_results/PROKKA_06292018:CP027168.1_18 (length 145)
plasmid_files/CP027168.1_results/PROKKA_06292018:CP027168.1_19 (length 78)
plasmid_files/CP027168.1_results/PROKKA_06292018:CP027168.1_20 (length 141)
plasmid_files/CP027168.1_results/PROKKA_06292018:CP027168.1_21 (length 101)
plasmid_files/CP027168.1_results/PROKKA_06292018:CP027168.1_22 (length 216)
plasmid_files/CP027168.1_results/PROKKA_06292018:CP027168.1_23 (length 384)
plasmid_files/CP027168.1_results/PROKKA_06292018:CP027168.1_24 (length 205)
plasmid_files/CP027168.1_results/PROKKA_06292018:CP027168.1_25 (length 113)
plasmid_files/CP027168.1_results/PROKKA_06292018:CP027168.1_26 (length 86)
plasmid_files/CP027168.1_results/PROKKA_06292018:CP027168.1_27 (length 362)
plasmid_files/CP027168.1_results/PROKKA_06292018:CP027168.1_28 (length 115)
plasmid_files/CP027168.1_results/PROKKA_06292018:CP027168.1_29 (length 122)
plasmid_files/CP027168.1_results/PROKKA_06292018:CP027168.1_30 (length 57)
plasmid_files/CP027168.1_results/PROKKA_06292018:CP027168.1_31 (length 113)
plasmid_files/CP027168.1_results/PROKKA_06292018:CP027168.1_32 (length 103)
plasmid_files/CP027168.1_results/PROKKA_06292018:CP027168.1_33 (length 138)
plasmid_files/CP027168.1_results/PROKKA_06292018:CP027168.1_34 (length 84)
plasmid_files/CP027168.1_results/PROKKA_06292018:CP027168.1_35 (length 290)
plasmid_files/CP027168.1_results/PROKKA_06292018:CP027168.1_36 (length 99)
plasmid_files/CP027168.1_results/PROKKA_06292018:CP027168.1_37 (length 105)
plasmid_files/CP027168.1_results/PROKKA_06292018:CP027168.1_38 (length 882)
plasmid_files/CP027168.1_results/PROKKA_06292018:CP027168.1_39 (length 257)
plasmid_files/CP027168.1_results/PROKKA_06292018:CP027168.1_40 (length 81)
plasmid_files/CP027168.1_results/PROKKA_06292018:CP027168.1_41 (length 353)
plasmid_files/CP027168.1_results/PROKKA_06292018:CP027168.1_42 (length 63)
plasmid_files/CP027168.1_results/PROKKA_06292018:CP027168.1_43 (length 241)
plasmid_files/CP027168.1_results/PROKKA_06292018:CP027168.1_44 (length 293)
plasmid_files/CP027168.1_results/PROKKA_06292018:CP027168.1_45 (length 385)
plasmid_files/CP027168.1_results/PROKKA_06292018:CP027168.1_46 (length 343)
plasmid_files/CP027168.1_results/PROKKA_06292018:CP027168.1_47 (length 183)
plasmid_files/CP027168.1_results/PROKKA_06292018:CP027168.1_48 (length 72)
plasmid_files/CP027168.1_results/PROKKA_06292018:CP027168.1_49 (length 139)
plasmid_files/CP027168.1_results/PROKKA_06292018:CP027168.1_50 (length 116)
plasmid_files/CP027168.1_results/PROKKA_06292018:CP027168.1_51 (length 92)
plasmid_files/CP027168.1_results/PROKKA_06292018:CP027168.1_52 (length 143)
plasmid_files/CP027168.1_results/PROKKA_06292018:CP027168.1_53 (length 560)
plasmid_files/CP027168.1_results/PROKKA_06292018:CP027168.1_54 (length 138)
plasmid_files/CP027168.1_results/PROKKA_06292018:CP027168.1_55 (length 120)
plasmid_files/CP027168.1_results/PROKKA_06292018:CP027168.1_56 (length 78)
plasmid_files/CP027168.1_results/PROKKA_06292018:CP027168.1_57 (length 70)
plasmid_files/CP027168.1_results/PROKKA_06292018:CP027168.1_58 (length 998)
plasmid_files/CP027168.1_results/PROKKA_06292018:CP027168.1_59 (length 136)
plasmid_files/CP027168.1_results/PROKKA_06292018:CP027168.1_60 (length 79)
plasmid_files/CP027168.1_results/PROKKA_06292018:CP027168.1_61 (length 308)
plasmid_files/CP027168.1_results/PROKKA_06292018:CP027168.1_62 (length 111)
plasmid_files/CP027168.1_results/PROKKA_06292018:CP027168.1_63 (length 439)
plasmid_files/CP027168.1_results/PROKKA_06292018:CP027168.1_64 (length 293)
plasmid_files/CP027168.1_results/PROKKA_06292018:CP027168.1_65 (length 259)
plasmid_files/CP027168.1_results/PROKKA_06292018:CP027168.1_66 (length 341)
plasmid_files/CP027168.1_results/PROKKA_06292018:CP027168.1_67 (length 1009)
plasmid_files/CP027168.1_results/PROKKA_06292018:CP027168.1_68 (length 571)
plasmid_files/CP027168.1_results/PROKKA_06292018:CP027168.1_69 (length 70)
plasmid_files/CP027168.1_results/PROKKA_06292018:CP027168.1_70 (length 984)
plasmid_files/CP027168.1_results/PROKKA_06292018:CP027168.1_71 (length 512)
plasmid_files/CP027168.1_results/PROKKA_06292018:CP027168.1_72 (length 42)

DiscRep_ALL:DISC_INCONSISTENT_MOLINFO_TECH::Molinfo Technique Report (some missing, all same)
DiscRep_SUB:DISC_INCONSISTENT_MOLINFO_TECH::technique (all missing)
DiscRep_SUB:DISC_INCONSISTENT_MOLINFO_TECH::1 Molinfos are missing field technique
plasmid_files/CP027168.1_results/PROKKA_06292018:CP027168.1 (length 57053)

