[10:02:31] This is prokka 1.14-dev
[10:02:31] Written by Torsten Seemann <torsten.seemann@gmail.com>
[10:02:31] Homepage is https://github.com/tseemann/prokka
[10:02:31] Local time is Fri Jun 29 10:02:31 2018
[10:02:31] You are christian
[10:02:31] Operating system is linux
[10:02:31] You have BioPerl 1.007002
[10:02:31] System has 20 cores.
[10:02:31] Will use maximum of 20 cores.
[10:02:31] Annotating as >>> Bacteria <<<
[10:02:31] Generating locus_tag from 'plasmid_files/CP021899.1.fasta' contents.
[10:02:31] Setting --locustag FFJJDBDB from MD5 ff33dbdb8506975b830a1a31d8bef6f5
[10:02:31] Creating new output folder: plasmid_files/CP021899.1_results
[10:02:31] Running: mkdir -p plasmid_files\/CP021899\.1_results
[10:02:31] Using filename prefix: PROKKA_06292018.XXX
[10:02:31] Setting HMMER_NCPU=1
[10:02:31] Writing log to: plasmid_files/CP021899.1_results/PROKKA_06292018.log
[10:02:31] Command: /home/christian/install/prokka/bin/prokka plasmid_files/CP021899.1.fasta --outdir plasmid_files/CP021899.1_results --cpus 20
[10:02:31] Appending to PATH: /home/christian/install/prokka/bin/../binaries/linux
[10:02:31] Appending to PATH: /home/christian/install/prokka/bin/../binaries/linux/../common
[10:02:31] Appending to PATH: /home/christian/install/prokka/bin
[10:02:31] Looking for 'aragorn' - found /home/christian/install/prokka/bin/../binaries/linux/aragorn
[10:02:31] Determined aragorn version is 1.2
[10:02:31] Looking for 'blastp' - found /usr/bin/blastp
[10:02:31] Determined blastp version is 2.2
[10:02:31] Looking for 'cmpress' - found /usr/local/bin/cmpress
[10:02:31] Determined cmpress version is 1.1
[10:02:31] Looking for 'cmscan' - found /usr/local/bin/cmscan
[10:02:31] Determined cmscan version is 1.1
[10:02:31] Looking for 'egrep' - found /bin/egrep
[10:02:31] Looking for 'find' - found /usr/bin/find
[10:02:31] Looking for 'grep' - found /bin/grep
[10:02:31] Looking for 'hmmpress' - found /usr/local/bin/hmmpress
[10:02:31] Determined hmmpress version is 3.1
[10:02:31] Looking for 'hmmscan' - found /usr/local/bin/hmmscan
[10:02:31] Determined hmmscan version is 3.1
[10:02:31] Looking for 'java' - found /usr/bin/java
[10:02:31] Looking for 'less' - found /usr/bin/less
[10:02:31] Looking for 'makeblastdb' - found /usr/bin/makeblastdb
[10:02:32] Determined makeblastdb version is 2.2
[10:02:32] Looking for 'minced' - found /home/christian/install/prokka/bin/../binaries/linux/../common/minced
[10:02:32] Determined minced version is 2.0
[10:02:32] Looking for 'parallel' - found /usr/bin/parallel
[10:02:32] Determined parallel version is 20141022
[10:02:32] Looking for 'prodigal' - found /usr/local/bin/prodigal
[10:02:32] Determined prodigal version is 2.6
[10:02:32] Looking for 'prokka-genbank_to_fasta_db' - found /home/christian/install/prokka/bin/prokka-genbank_to_fasta_db
[10:02:32] Looking for 'sed' - found /bin/sed
[10:02:32] Looking for 'tbl2asn' - found /home/christian/install/prokka/bin/../binaries/linux/tbl2asn
[10:02:32] Determined tbl2asn version is 25.6
[10:02:32] Using genetic code table 11.
[10:02:32] Loading and checking input file: plasmid_files/CP021899.1.fasta
[10:02:32] Wrote 1 contigs totalling 69635 bp.
[10:02:32] Predicting tRNAs and tmRNAs
[10:02:32] Running: aragorn -l -gc11  -w plasmid_files\/CP021899\.1_results\/PROKKA_06292018\.fna
[10:02:32] Found 0 tRNAs
[10:02:32] Predicting Ribosomal RNAs
[10:02:32] You need either Barrnap or RNAmmer installed to predict rRNAs!
[10:02:32] Skipping ncRNA search, enable with --rfam if desired.
[10:02:32] Total of 0 tRNA + rRNA features
[10:02:32] Searching for CRISPR repeats
[10:02:32] Found 0 CRISPRs
[10:02:32] Predicting coding sequences
[10:02:32] Contigs total 69635 bp, so using meta mode
[10:02:32] Running: prodigal -i plasmid_files\/CP021899\.1_results\/PROKKA_06292018\.fna -c -m -g 11 -p meta -f sco -q
[10:02:33] Found 75 CDS
[10:02:33] Connecting features back to sequences
[10:02:33] Not using genus-specific database. Try --usegenus to enable it.
[10:02:33] Annotating CDS, please be patient.
[10:02:33] Will use 20 CPUs for similarity searching.
[10:02:33] There are still 75 unannotated CDS left (started with 75)
[10:02:33] Will use blast to search against /home/christian/install/prokka/db/kingdom/Bacteria/sprot with 20 CPUs
[10:02:33] Running: cat plasmid_files\/CP021899\.1_results\/sprot\.faa | parallel --gnu --plain -j 20 --block 495 --recstart '>' --pipe blastp -query - -db /home/christian/install/prokka/db/kingdom/Bacteria/sprot -evalue 1e-06 -num_threads 1 -num_descriptions 1 -num_alignments 1 -seg no > plasmid_files\/CP021899\.1_results\/sprot\.blast 2> /dev/null
[10:02:33] Deleting unwanted file: plasmid_files/CP021899.1_results/sprot.faa
[10:02:33] Deleting unwanted file: plasmid_files/CP021899.1_results/sprot.blast
[10:02:33] There are still 42 unannotated CDS left (started with 75)
[10:02:33] Will use hmmer3 to search against /home/christian/install/prokka/db/hmm/HAMAP.hmm with 20 CPUs
[10:02:33] Running: cat plasmid_files\/CP021899\.1_results\/HAMAP\.hmm\.faa | parallel --gnu --plain -j 20 --block 232 --recstart '>' --pipe hmmscan --noali --notextw --acc -E 1e-06 --cpu 1 /home/christian/install/prokka/db/hmm/HAMAP.hmm /dev/stdin > plasmid_files\/CP021899\.1_results\/HAMAP\.hmm\.hmmer3 2> /dev/null
[10:02:34] Deleting unwanted file: plasmid_files/CP021899.1_results/HAMAP.hmm.faa
[10:02:34] Deleting unwanted file: plasmid_files/CP021899.1_results/HAMAP.hmm.hmmer3
[10:02:34] Labelling remaining 42 proteins as 'hypothetical protein'
[10:02:34] Possible /pseudo 'Multidrug transporter EmrE' at CP021899.1 position 27089
[10:02:34] Found 25 unique /gene codes.
[10:02:34] Fixed 2 duplicate /gene - hin_1 hin_2
[10:02:34] Fixed 3 duplicate /gene - xerD_1 xerD_2 xerD_3
[10:02:34] Fixed 2 duplicate /gene - bla_1 bla_2
[10:02:34] Fixed 2 duplicate /gene - emrE_1 emrE_2
[10:02:34] Fixed 4 colliding /gene names.
[10:02:34] Adding /locus_tag identifiers
[10:02:34] Assigned 75 locus_tags to CDS and RNA features.
[10:02:34] Writing outputs to plasmid_files/CP021899.1_results/
[10:02:34] Generating annotation statistics file
[10:02:34] Generating Genbank and Sequin files
[10:02:34] Running: tbl2asn -V b -a r10k -l paired-ends -M n -N 1 -y 'Annotated using prokka 1.14-dev from https://github.com/tseemann/prokka' -Z plasmid_files\/CP021899\.1_results\/PROKKA_06292018\.err -i plasmid_files\/CP021899\.1_results\/PROKKA_06292018\.fsa 2> /dev/null
[10:02:34] Deleting unwanted file: plasmid_files/CP021899.1_results/errorsummary.val
[10:02:34] Deleting unwanted file: plasmid_files/CP021899.1_results/PROKKA_06292018.dr
[10:02:34] Deleting unwanted file: plasmid_files/CP021899.1_results/PROKKA_06292018.fixedproducts
[10:02:34] Deleting unwanted file: plasmid_files/CP021899.1_results/PROKKA_06292018.ecn
[10:02:34] Deleting unwanted file: plasmid_files/CP021899.1_results/PROKKA_06292018.val
[10:02:34] Repairing broken .GBK output that tbl2asn produces...
[10:02:34] Running: sed 's/COORDINATES: profile/COORDINATES:profile/' < plasmid_files\/CP021899\.1_results\/PROKKA_06292018\.gbf > plasmid_files\/CP021899\.1_results\/PROKKA_06292018\.gbk
[10:02:34] Deleting unwanted file: plasmid_files/CP021899.1_results/PROKKA_06292018.gbf
[10:02:34] Output files:
[10:02:34] plasmid_files/CP021899.1_results/PROKKA_06292018.sqn
[10:02:34] plasmid_files/CP021899.1_results/PROKKA_06292018.fsa
[10:02:34] plasmid_files/CP021899.1_results/PROKKA_06292018.tbl
[10:02:34] plasmid_files/CP021899.1_results/PROKKA_06292018.log
[10:02:34] plasmid_files/CP021899.1_results/PROKKA_06292018.gff
[10:02:34] plasmid_files/CP021899.1_results/PROKKA_06292018.txt
[10:02:34] plasmid_files/CP021899.1_results/PROKKA_06292018.gbk
[10:02:34] plasmid_files/CP021899.1_results/PROKKA_06292018.faa
[10:02:34] plasmid_files/CP021899.1_results/PROKKA_06292018.fna
[10:02:34] plasmid_files/CP021899.1_results/PROKKA_06292018.tsv
[10:02:34] plasmid_files/CP021899.1_results/PROKKA_06292018.ffn
[10:02:34] plasmid_files/CP021899.1_results/PROKKA_06292018.err
[10:02:34] Annotation finished successfully.
[10:02:34] Walltime used: 0.05 minutes
[10:02:34] If you use this result please cite the Prokka paper:
[10:02:34] Seemann T (2014) Prokka: rapid prokaryotic genome annotation. Bioinformatics. 30(14):2068-9.
[10:02:34] Type 'prokka --citation' for more details.
[10:02:34] Share and enjoy!
