Discrepancy Report Results

Summary
FATAL: MISSING_PROTEIN_ID:228 proteins have invalid IDs.
DISC_SOURCE_QUALS_ASNDISC:strain (all present, all unique)
DISC_SOURCE_QUALS_ASNDISC:taxname (all present, all unique)
DISC_FEATURE_COUNT:CDS: 228 present
DISC_FEATURE_COUNT:tRNA: 1 present
DISC_COUNT_NUCLEOTIDES:1 nucleotide Bioseqs are present
FEATURE_LOCATION_CONFLICT:229 features have inconsistent gene locations.
OVERLAPPING_CDS:6 coding regions overlap another coding region with a similar or identical name.
SUSPECT_PRODUCT_NAMES:3 product_names contain suspect phrase or characters
	May contain database identifier more appropriate in note; remove from product name
		3 features Three or more numbers together
DISC_QUALITY_SCORES:Quality scores are missing on all sequences.
ONCALLER_COMMENT_PRESENT:1 comment descriptors were found (all same)
SHORT_PROT_SEQUENCES:6 protein sequences are shorter than 50 aa.
MISSING_GENOMEASSEMBLY_COMMENTS:1 bioseqs are missing GenomeAssembly structured comments
MOLTYPE_NOT_MRNA:1 molecule types are not set as mRNA.
TECHNIQUE_NOT_TSA:1 technique are not set as TSA
MISSING_STRUCTURED_COMMENT:1 sequences do not include structured comments.
MISSING_PROJECT:229 sequences do not include project.
DISC_INCONSISTENT_MOLINFO_TECH:Molinfo Technique Report (some missing, all same)


Detailed Report

FATAL: DiscRep_ALL:MISSING_PROTEIN_ID::228 proteins have invalid IDs.
plasmid_files/MF168403.1_results/PROKKA_06292018:MF168403.1_1 (length 285)
plasmid_files/MF168403.1_results/PROKKA_06292018:MF168403.1_2 (length 217)
plasmid_files/MF168403.1_results/PROKKA_06292018:MF168403.1_3 (length 85)
plasmid_files/MF168403.1_results/PROKKA_06292018:MF168403.1_4 (length 110)
plasmid_files/MF168403.1_results/PROKKA_06292018:MF168403.1_5 (length 71)
plasmid_files/MF168403.1_results/PROKKA_06292018:MF168403.1_6 (length 177)
plasmid_files/MF168403.1_results/PROKKA_06292018:MF168403.1_7 (length 234)
plasmid_files/MF168403.1_results/PROKKA_06292018:MF168403.1_8 (length 40)
plasmid_files/MF168403.1_results/PROKKA_06292018:MF168403.1_9 (length 291)
plasmid_files/MF168403.1_results/PROKKA_06292018:MF168403.1_10 (length 322)
plasmid_files/MF168403.1_results/PROKKA_06292018:MF168403.1_11 (length 341)
plasmid_files/MF168403.1_results/PROKKA_06292018:MF168403.1_12 (length 149)
plasmid_files/MF168403.1_results/PROKKA_06292018:MF168403.1_13 (length 234)
plasmid_files/MF168403.1_results/PROKKA_06292018:MF168403.1_14 (length 191)
plasmid_files/MF168403.1_results/PROKKA_06292018:MF168403.1_15 (length 234)
plasmid_files/MF168403.1_results/PROKKA_06292018:MF168403.1_16 (length 172)
plasmid_files/MF168403.1_results/PROKKA_06292018:MF168403.1_17 (length 138)
plasmid_files/MF168403.1_results/PROKKA_06292018:MF168403.1_18 (length 234)
plasmid_files/MF168403.1_results/PROKKA_06292018:MF168403.1_19 (length 240)
plasmid_files/MF168403.1_results/PROKKA_06292018:MF168403.1_20 (length 62)
plasmid_files/MF168403.1_results/PROKKA_06292018:MF168403.1_21 (length 171)
plasmid_files/MF168403.1_results/PROKKA_06292018:MF168403.1_22 (length 286)
plasmid_files/MF168403.1_results/PROKKA_06292018:MF168403.1_23 (length 251)
plasmid_files/MF168403.1_results/PROKKA_06292018:MF168403.1_24 (length 93)
plasmid_files/MF168403.1_results/PROKKA_06292018:MF168403.1_25 (length 234)
plasmid_files/MF168403.1_results/PROKKA_06292018:MF168403.1_26 (length 93)
plasmid_files/MF168403.1_results/PROKKA_06292018:MF168403.1_27 (length 117)
plasmid_files/MF168403.1_results/PROKKA_06292018:MF168403.1_28 (length 239)
plasmid_files/MF168403.1_results/PROKKA_06292018:MF168403.1_29 (length 64)
plasmid_files/MF168403.1_results/PROKKA_06292018:MF168403.1_30 (length 227)
plasmid_files/MF168403.1_results/PROKKA_06292018:MF168403.1_31 (length 73)
plasmid_files/MF168403.1_results/PROKKA_06292018:MF168403.1_32 (length 144)
plasmid_files/MF168403.1_results/PROKKA_06292018:MF168403.1_33 (length 275)
plasmid_files/MF168403.1_results/PROKKA_06292018:MF168403.1_34 (length 141)
plasmid_files/MF168403.1_results/PROKKA_06292018:MF168403.1_35 (length 140)
plasmid_files/MF168403.1_results/PROKKA_06292018:MF168403.1_36 (length 63)
plasmid_files/MF168403.1_results/PROKKA_06292018:MF168403.1_37 (length 555)
plasmid_files/MF168403.1_results/PROKKA_06292018:MF168403.1_38 (length 76)
plasmid_files/MF168403.1_results/PROKKA_06292018:MF168403.1_39 (length 453)
plasmid_files/MF168403.1_results/PROKKA_06292018:MF168403.1_40 (length 187)
plasmid_files/MF168403.1_results/PROKKA_06292018:MF168403.1_41 (length 153)
plasmid_files/MF168403.1_results/PROKKA_06292018:MF168403.1_42 (length 175)
plasmid_files/MF168403.1_results/PROKKA_06292018:MF168403.1_43 (length 77)
plasmid_files/MF168403.1_results/PROKKA_06292018:MF168403.1_44 (length 473)
plasmid_files/MF168403.1_results/PROKKA_06292018:MF168403.1_45 (length 191)
plasmid_files/MF168403.1_results/PROKKA_06292018:MF168403.1_46 (length 144)
plasmid_files/MF168403.1_results/PROKKA_06292018:MF168403.1_47 (length 239)
plasmid_files/MF168403.1_results/PROKKA_06292018:MF168403.1_48 (length 71)
plasmid_files/MF168403.1_results/PROKKA_06292018:MF168403.1_49 (length 125)
plasmid_files/MF168403.1_results/PROKKA_06292018:MF168403.1_50 (length 98)
plasmid_files/MF168403.1_results/PROKKA_06292018:MF168403.1_51 (length 273)
plasmid_files/MF168403.1_results/PROKKA_06292018:MF168403.1_52 (length 215)
plasmid_files/MF168403.1_results/PROKKA_06292018:MF168403.1_53 (length 127)
plasmid_files/MF168403.1_results/PROKKA_06292018:MF168403.1_54 (length 228)
plasmid_files/MF168403.1_results/PROKKA_06292018:MF168403.1_55 (length 75)
plasmid_files/MF168403.1_results/PROKKA_06292018:MF168403.1_56 (length 121)
plasmid_files/MF168403.1_results/PROKKA_06292018:MF168403.1_57 (length 103)
plasmid_files/MF168403.1_results/PROKKA_06292018:MF168403.1_58 (length 188)
plasmid_files/MF168403.1_results/PROKKA_06292018:MF168403.1_59 (length 242)
plasmid_files/MF168403.1_results/PROKKA_06292018:MF168403.1_60 (length 475)
plasmid_files/MF168403.1_results/PROKKA_06292018:MF168403.1_61 (length 196)
plasmid_files/MF168403.1_results/PROKKA_06292018:MF168403.1_62 (length 65)
plasmid_files/MF168403.1_results/PROKKA_06292018:MF168403.1_63 (length 83)
plasmid_files/MF168403.1_results/PROKKA_06292018:MF168403.1_64 (length 171)
plasmid_files/MF168403.1_results/PROKKA_06292018:MF168403.1_65 (length 73)
plasmid_files/MF168403.1_results/PROKKA_06292018:MF168403.1_66 (length 559)
plasmid_files/MF168403.1_results/PROKKA_06292018:MF168403.1_67 (length 315)
plasmid_files/MF168403.1_results/PROKKA_06292018:MF168403.1_68 (length 128)
plasmid_files/MF168403.1_results/PROKKA_06292018:MF168403.1_69 (length 210)
plasmid_files/MF168403.1_results/PROKKA_06292018:MF168403.1_70 (length 330)
plasmid_files/MF168403.1_results/PROKKA_06292018:MF168403.1_71 (length 102)
plasmid_files/MF168403.1_results/PROKKA_06292018:MF168403.1_72 (length 173)
plasmid_files/MF168403.1_results/PROKKA_06292018:MF168403.1_73 (length 212)
plasmid_files/MF168403.1_results/PROKKA_06292018:MF168403.1_74 (length 123)
plasmid_files/MF168403.1_results/PROKKA_06292018:MF168403.1_75 (length 140)
plasmid_files/MF168403.1_results/PROKKA_06292018:MF168403.1_76 (length 66)
plasmid_files/MF168403.1_results/PROKKA_06292018:MF168403.1_77 (length 550)
plasmid_files/MF168403.1_results/PROKKA_06292018:MF168403.1_78 (length 85)
plasmid_files/MF168403.1_results/PROKKA_06292018:MF168403.1_79 (length 247)
plasmid_files/MF168403.1_results/PROKKA_06292018:MF168403.1_80 (length 93)
plasmid_files/MF168403.1_results/PROKKA_06292018:MF168403.1_81 (length 181)
plasmid_files/MF168403.1_results/PROKKA_06292018:MF168403.1_82 (length 104)
plasmid_files/MF168403.1_results/PROKKA_06292018:MF168403.1_83 (length 130)
plasmid_files/MF168403.1_results/PROKKA_06292018:MF168403.1_84 (length 856)
plasmid_files/MF168403.1_results/PROKKA_06292018:MF168403.1_85 (length 75)
plasmid_files/MF168403.1_results/PROKKA_06292018:MF168403.1_86 (length 173)
plasmid_files/MF168403.1_results/PROKKA_06292018:MF168403.1_87 (length 244)
plasmid_files/MF168403.1_results/PROKKA_06292018:MF168403.1_88 (length 245)
plasmid_files/MF168403.1_results/PROKKA_06292018:MF168403.1_89 (length 741)
plasmid_files/MF168403.1_results/PROKKA_06292018:MF168403.1_90 (length 887)
plasmid_files/MF168403.1_results/PROKKA_06292018:MF168403.1_91 (length 201)
plasmid_files/MF168403.1_results/PROKKA_06292018:MF168403.1_92 (length 617)
plasmid_files/MF168403.1_results/PROKKA_06292018:MF168403.1_93 (length 234)
plasmid_files/MF168403.1_results/PROKKA_06292018:MF168403.1_94 (length 165)
plasmid_files/MF168403.1_results/PROKKA_06292018:MF168403.1_95 (length 92)
plasmid_files/MF168403.1_results/PROKKA_06292018:MF168403.1_96 (length 140)
plasmid_files/MF168403.1_results/PROKKA_06292018:MF168403.1_97 (length 51)
plasmid_files/MF168403.1_results/PROKKA_06292018:MF168403.1_98 (length 98)
plasmid_files/MF168403.1_results/PROKKA_06292018:MF168403.1_99 (length 326)
plasmid_files/MF168403.1_results/PROKKA_06292018:MF168403.1_100 (length 293)
plasmid_files/MF168403.1_results/PROKKA_06292018:MF168403.1_101 (length 326)
plasmid_files/MF168403.1_results/PROKKA_06292018:MF168403.1_102 (length 131)
plasmid_files/MF168403.1_results/PROKKA_06292018:MF168403.1_103 (length 234)
plasmid_files/MF168403.1_results/PROKKA_06292018:MF168403.1_104 (length 396)
plasmid_files/MF168403.1_results/PROKKA_06292018:MF168403.1_105 (length 235)
plasmid_files/MF168403.1_results/PROKKA_06292018:MF168403.1_106 (length 78)
plasmid_files/MF168403.1_results/PROKKA_06292018:MF168403.1_107 (length 120)
plasmid_files/MF168403.1_results/PROKKA_06292018:MF168403.1_108 (length 564)
plasmid_files/MF168403.1_results/PROKKA_06292018:MF168403.1_109 (length 153)
plasmid_files/MF168403.1_results/PROKKA_06292018:MF168403.1_110 (length 91)
plasmid_files/MF168403.1_results/PROKKA_06292018:MF168403.1_111 (length 116)
plasmid_files/MF168403.1_results/PROKKA_06292018:MF168403.1_112 (length 144)
plasmid_files/MF168403.1_results/PROKKA_06292018:MF168403.1_113 (length 334)
plasmid_files/MF168403.1_results/PROKKA_06292018:MF168403.1_114 (length 58)
plasmid_files/MF168403.1_results/PROKKA_06292018:MF168403.1_115 (length 74)
plasmid_files/MF168403.1_results/PROKKA_06292018:MF168403.1_116 (length 245)
plasmid_files/MF168403.1_results/PROKKA_06292018:MF168403.1_117 (length 163)
plasmid_files/MF168403.1_results/PROKKA_06292018:MF168403.1_118 (length 234)
plasmid_files/MF168403.1_results/PROKKA_06292018:MF168403.1_119 (length 124)
plasmid_files/MF168403.1_results/PROKKA_06292018:MF168403.1_120 (length 119)
plasmid_files/MF168403.1_results/PROKKA_06292018:MF168403.1_121 (length 107)
plasmid_files/MF168403.1_results/PROKKA_06292018:MF168403.1_122 (length 242)
plasmid_files/MF168403.1_results/PROKKA_06292018:MF168403.1_123 (length 143)
plasmid_files/MF168403.1_results/PROKKA_06292018:MF168403.1_124 (length 432)
plasmid_files/MF168403.1_results/PROKKA_06292018:MF168403.1_125 (length 220)
plasmid_files/MF168403.1_results/PROKKA_06292018:MF168403.1_126 (length 76)
plasmid_files/MF168403.1_results/PROKKA_06292018:MF168403.1_127 (length 100)
plasmid_files/MF168403.1_results/PROKKA_06292018:MF168403.1_128 (length 37)
plasmid_files/MF168403.1_results/PROKKA_06292018:MF168403.1_129 (length 39)
plasmid_files/MF168403.1_results/PROKKA_06292018:MF168403.1_130 (length 86)
plasmid_files/MF168403.1_results/PROKKA_06292018:MF168403.1_131 (length 78)
plasmid_files/MF168403.1_results/PROKKA_06292018:MF168403.1_132 (length 63)
plasmid_files/MF168403.1_results/PROKKA_06292018:MF168403.1_133 (length 168)
plasmid_files/MF168403.1_results/PROKKA_06292018:MF168403.1_134 (length 259)
plasmid_files/MF168403.1_results/PROKKA_06292018:MF168403.1_135 (length 139)
plasmid_files/MF168403.1_results/PROKKA_06292018:MF168403.1_136 (length 73)
plasmid_files/MF168403.1_results/PROKKA_06292018:MF168403.1_137 (length 225)
plasmid_files/MF168403.1_results/PROKKA_06292018:MF168403.1_138 (length 223)
plasmid_files/MF168403.1_results/PROKKA_06292018:MF168403.1_139 (length 140)
plasmid_files/MF168403.1_results/PROKKA_06292018:MF168403.1_140 (length 423)
plasmid_files/MF168403.1_results/PROKKA_06292018:MF168403.1_141 (length 323)
plasmid_files/MF168403.1_results/PROKKA_06292018:MF168403.1_142 (length 401)
plasmid_files/MF168403.1_results/PROKKA_06292018:MF168403.1_143 (length 210)
plasmid_files/MF168403.1_results/PROKKA_06292018:MF168403.1_144 (length 66)
plasmid_files/MF168403.1_results/PROKKA_06292018:MF168403.1_145 (length 316)
plasmid_files/MF168403.1_results/PROKKA_06292018:MF168403.1_146 (length 203)
plasmid_files/MF168403.1_results/PROKKA_06292018:MF168403.1_147 (length 131)
plasmid_files/MF168403.1_results/PROKKA_06292018:MF168403.1_148 (length 326)
plasmid_files/MF168403.1_results/PROKKA_06292018:MF168403.1_149 (length 42)
plasmid_files/MF168403.1_results/PROKKA_06292018:MF168403.1_150 (length 187)
plasmid_files/MF168403.1_results/PROKKA_06292018:MF168403.1_151 (length 234)
plasmid_files/MF168403.1_results/PROKKA_06292018:MF168403.1_152 (length 213)
plasmid_files/MF168403.1_results/PROKKA_06292018:MF168403.1_153 (length 166)
plasmid_files/MF168403.1_results/PROKKA_06292018:MF168403.1_154 (length 234)
plasmid_files/MF168403.1_results/PROKKA_06292018:MF168403.1_155 (length 115)
plasmid_files/MF168403.1_results/PROKKA_06292018:MF168403.1_156 (length 245)
plasmid_files/MF168403.1_results/PROKKA_06292018:MF168403.1_157 (length 105)
plasmid_files/MF168403.1_results/PROKKA_06292018:MF168403.1_158 (length 161)
plasmid_files/MF168403.1_results/PROKKA_06292018:MF168403.1_159 (length 104)
plasmid_files/MF168403.1_results/PROKKA_06292018:MF168403.1_160 (length 273)
plasmid_files/MF168403.1_results/PROKKA_06292018:MF168403.1_161 (length 35)
plasmid_files/MF168403.1_results/PROKKA_06292018:MF168403.1_162 (length 92)
plasmid_files/MF168403.1_results/PROKKA_06292018:MF168403.1_163 (length 106)
plasmid_files/MF168403.1_results/PROKKA_06292018:MF168403.1_164 (length 74)
plasmid_files/MF168403.1_results/PROKKA_06292018:MF168403.1_165 (length 70)
plasmid_files/MF168403.1_results/PROKKA_06292018:MF168403.1_166 (length 118)
plasmid_files/MF168403.1_results/PROKKA_06292018:MF168403.1_167 (length 105)
plasmid_files/MF168403.1_results/PROKKA_06292018:MF168403.1_168 (length 116)
plasmid_files/MF168403.1_results/PROKKA_06292018:MF168403.1_169 (length 90)
plasmid_files/MF168403.1_results/PROKKA_06292018:MF168403.1_170 (length 50)
plasmid_files/MF168403.1_results/PROKKA_06292018:MF168403.1_171 (length 124)
plasmid_files/MF168403.1_results/PROKKA_06292018:MF168403.1_172 (length 108)
plasmid_files/MF168403.1_results/PROKKA_06292018:MF168403.1_173 (length 242)
plasmid_files/MF168403.1_results/PROKKA_06292018:MF168403.1_174 (length 143)
plasmid_files/MF168403.1_results/PROKKA_06292018:MF168403.1_175 (length 685)
plasmid_files/MF168403.1_results/PROKKA_06292018:MF168403.1_176 (length 82)
plasmid_files/MF168403.1_results/PROKKA_06292018:MF168403.1_177 (length 180)
plasmid_files/MF168403.1_results/PROKKA_06292018:MF168403.1_178 (length 109)
plasmid_files/MF168403.1_results/PROKKA_06292018:MF168403.1_179 (length 187)
plasmid_files/MF168403.1_results/PROKKA_06292018:MF168403.1_180 (length 451)
plasmid_files/MF168403.1_results/PROKKA_06292018:MF168403.1_181 (length 76)
plasmid_files/MF168403.1_results/PROKKA_06292018:MF168403.1_182 (length 75)
plasmid_files/MF168403.1_results/PROKKA_06292018:MF168403.1_183 (length 106)
plasmid_files/MF168403.1_results/PROKKA_06292018:MF168403.1_184 (length 84)
plasmid_files/MF168403.1_results/PROKKA_06292018:MF168403.1_185 (length 63)
plasmid_files/MF168403.1_results/PROKKA_06292018:MF168403.1_186 (length 168)
plasmid_files/MF168403.1_results/PROKKA_06292018:MF168403.1_187 (length 142)
plasmid_files/MF168403.1_results/PROKKA_06292018:MF168403.1_188 (length 255)
plasmid_files/MF168403.1_results/PROKKA_06292018:MF168403.1_189 (length 139)
plasmid_files/MF168403.1_results/PROKKA_06292018:MF168403.1_190 (length 73)
plasmid_files/MF168403.1_results/PROKKA_06292018:MF168403.1_191 (length 233)
plasmid_files/MF168403.1_results/PROKKA_06292018:MF168403.1_192 (length 76)
plasmid_files/MF168403.1_results/PROKKA_06292018:MF168403.1_193 (length 223)
plasmid_files/MF168403.1_results/PROKKA_06292018:MF168403.1_194 (length 323)
plasmid_files/MF168403.1_results/PROKKA_06292018:MF168403.1_195 (length 495)
plasmid_files/MF168403.1_results/PROKKA_06292018:MF168403.1_196 (length 143)
plasmid_files/MF168403.1_results/PROKKA_06292018:MF168403.1_197 (length 56)
plasmid_files/MF168403.1_results/PROKKA_06292018:MF168403.1_198 (length 114)
plasmid_files/MF168403.1_results/PROKKA_06292018:MF168403.1_199 (length 237)
plasmid_files/MF168403.1_results/PROKKA_06292018:MF168403.1_200 (length 324)
plasmid_files/MF168403.1_results/PROKKA_06292018:MF168403.1_201 (length 401)
plasmid_files/MF168403.1_results/PROKKA_06292018:MF168403.1_202 (length 91)
plasmid_files/MF168403.1_results/PROKKA_06292018:MF168403.1_203 (length 290)
plasmid_files/MF168403.1_results/PROKKA_06292018:MF168403.1_204 (length 91)
plasmid_files/MF168403.1_results/PROKKA_06292018:MF168403.1_205 (length 31)
plasmid_files/MF168403.1_results/PROKKA_06292018:MF168403.1_206 (length 85)
plasmid_files/MF168403.1_results/PROKKA_06292018:MF168403.1_207 (length 259)
plasmid_files/MF168403.1_results/PROKKA_06292018:MF168403.1_208 (length 321)
plasmid_files/MF168403.1_results/PROKKA_06292018:MF168403.1_209 (length 67)
plasmid_files/MF168403.1_results/PROKKA_06292018:MF168403.1_210 (length 173)
plasmid_files/MF168403.1_results/PROKKA_06292018:MF168403.1_211 (length 130)
plasmid_files/MF168403.1_results/PROKKA_06292018:MF168403.1_212 (length 81)
plasmid_files/MF168403.1_results/PROKKA_06292018:MF168403.1_213 (length 215)
plasmid_files/MF168403.1_results/PROKKA_06292018:MF168403.1_214 (length 76)
plasmid_files/MF168403.1_results/PROKKA_06292018:MF168403.1_215 (length 138)
plasmid_files/MF168403.1_results/PROKKA_06292018:MF168403.1_216 (length 520)
plasmid_files/MF168403.1_results/PROKKA_06292018:MF168403.1_217 (length 340)
plasmid_files/MF168403.1_results/PROKKA_06292018:MF168403.1_218 (length 125)
plasmid_files/MF168403.1_results/PROKKA_06292018:MF168403.1_219 (length 117)
plasmid_files/MF168403.1_results/PROKKA_06292018:MF168403.1_220 (length 334)
plasmid_files/MF168403.1_results/PROKKA_06292018:MF168403.1_221 (length 988)
plasmid_files/MF168403.1_results/PROKKA_06292018:MF168403.1_222 (length 234)
plasmid_files/MF168403.1_results/PROKKA_06292018:MF168403.1_223 (length 66)
plasmid_files/MF168403.1_results/PROKKA_06292018:MF168403.1_224 (length 248)
plasmid_files/MF168403.1_results/PROKKA_06292018:MF168403.1_225 (length 186)
plasmid_files/MF168403.1_results/PROKKA_06292018:MF168403.1_226 (length 66)
plasmid_files/MF168403.1_results/PROKKA_06292018:MF168403.1_227 (length 199)
plasmid_files/MF168403.1_results/PROKKA_06292018:MF168403.1_228 (length 110)

DiscRep_ALL:DISC_SOURCE_QUALS_ASNDISC::strain (all present, all unique)
DiscRep_SUB:DISC_SOURCE_QUALS_ASNDISC::1 sources have unique values for strain
DiscRep_ALL:DISC_SOURCE_QUALS_ASNDISC::taxname (all present, all unique)
DiscRep_SUB:DISC_SOURCE_QUALS_ASNDISC::1 sources have unique values for taxname
DiscRep_ALL:DISC_FEATURE_COUNT::CDS: 228 present
DiscRep_ALL:DISC_FEATURE_COUNT::tRNA: 1 present
DiscRep_ALL:DISC_COUNT_NUCLEOTIDES::1 nucleotide Bioseqs are present
plasmid_files/MF168403.1_results/PROKKA_06292018:MF168403.1 (length 169424)

DiscRep_ALL:FEATURE_LOCATION_CONFLICT::229 features have inconsistent gene locations.
DiscRep_SUB:FEATURE_LOCATION_CONFLICT::Coding region xref gene does not exist
plasmid_files/MF168403.1_results/PROKKA_06292018:CDS	hypothetical protein	MF168403.1:561-1418	DMLCEJHA_00001

DiscRep_SUB:FEATURE_LOCATION_CONFLICT::Coding region xref gene does not exist
plasmid_files/MF168403.1_results/PROKKA_06292018:CDS	hypothetical protein	MF168403.1:2357-3010	DMLCEJHA_00002

DiscRep_SUB:FEATURE_LOCATION_CONFLICT::Coding region xref gene does not exist
plasmid_files/MF168403.1_results/PROKKA_06292018:CDS	Antitoxin PemI	MF168403.1:3103-3360	DMLCEJHA_00003

DiscRep_SUB:FEATURE_LOCATION_CONFLICT::Coding region xref gene does not exist
plasmid_files/MF168403.1_results/PROKKA_06292018:CDS	Endoribonuclease PemK	MF168403.1:3362-3694	DMLCEJHA_00004

DiscRep_SUB:FEATURE_LOCATION_CONFLICT::Coding region xref gene does not exist
plasmid_files/MF168403.1_results/PROKKA_06292018:CDS	hypothetical protein	MF168403.1:c4191-3976	DMLCEJHA_00005

DiscRep_SUB:FEATURE_LOCATION_CONFLICT::Coding region xref gene does not exist
plasmid_files/MF168403.1_results/PROKKA_06292018:CDS	hypothetical protein	MF168403.1:c4927-4394	DMLCEJHA_00006

DiscRep_SUB:FEATURE_LOCATION_CONFLICT::Coding region xref gene does not exist
plasmid_files/MF168403.1_results/PROKKA_06292018:CDS	hypothetical protein	MF168403.1:c5709-5005	DMLCEJHA_00007

DiscRep_SUB:FEATURE_LOCATION_CONFLICT::Coding region xref gene does not exist
plasmid_files/MF168403.1_results/PROKKA_06292018:CDS	hypothetical protein	MF168403.1:5951-6073	DMLCEJHA_00008

DiscRep_SUB:FEATURE_LOCATION_CONFLICT::Coding region xref gene does not exist
plasmid_files/MF168403.1_results/PROKKA_06292018:CDS	Beta-lactamase Toho-1	MF168403.1:6220-7095	DMLCEJHA_00009

DiscRep_SUB:FEATURE_LOCATION_CONFLICT::Coding region xref gene does not exist
plasmid_files/MF168403.1_results/PROKKA_06292018:CDS	hypothetical protein	MF168403.1:7130-8098	DMLCEJHA_00010

DiscRep_SUB:FEATURE_LOCATION_CONFLICT::Coding region xref gene does not exist
plasmid_files/MF168403.1_results/PROKKA_06292018:CDS	Catecholate siderophore receptor Fiu	MF168403.1:8227-9252	DMLCEJHA_00011

DiscRep_SUB:FEATURE_LOCATION_CONFLICT::Coding region xref gene does not exist
plasmid_files/MF168403.1_results/PROKKA_06292018:CDS	Aerotaxis receptor	MF168403.1:c9676-9227	DMLCEJHA_00012

DiscRep_SUB:FEATURE_LOCATION_CONFLICT::Coding region xref gene does not exist
plasmid_files/MF168403.1_results/PROKKA_06292018:CDS	hypothetical protein	MF168403.1:c10553-9849	DMLCEJHA_00013

DiscRep_SUB:FEATURE_LOCATION_CONFLICT::Coding region xref gene does not exist
plasmid_files/MF168403.1_results/PROKKA_06292018:CDS	hypothetical protein	MF168403.1:10633-11208	DMLCEJHA_00014

DiscRep_SUB:FEATURE_LOCATION_CONFLICT::Coding region xref gene does not exist
plasmid_files/MF168403.1_results/PROKKA_06292018:CDS	hypothetical protein	MF168403.1:11664-12368	DMLCEJHA_00015

DiscRep_SUB:FEATURE_LOCATION_CONFLICT::Coding region xref gene does not exist
plasmid_files/MF168403.1_results/PROKKA_06292018:CDS	hypothetical protein	MF168403.1:12434-12952	DMLCEJHA_00016

DiscRep_SUB:FEATURE_LOCATION_CONFLICT::Coding region xref gene does not exist
plasmid_files/MF168403.1_results/PROKKA_06292018:CDS	Glutathione transferase FosA	MF168403.1:c13373-12957	DMLCEJHA_00017

DiscRep_SUB:FEATURE_LOCATION_CONFLICT::Coding region xref gene does not exist
plasmid_files/MF168403.1_results/PROKKA_06292018:CDS	hypothetical protein	MF168403.1:13759-14463	DMLCEJHA_00018

DiscRep_SUB:FEATURE_LOCATION_CONFLICT::Coding region xref gene does not exist
plasmid_files/MF168403.1_results/PROKKA_06292018:CDS	hypothetical protein	MF168403.1:c15131-14409	DMLCEJHA_00019

DiscRep_SUB:FEATURE_LOCATION_CONFLICT::Coding region xref gene does not exist
plasmid_files/MF168403.1_results/PROKKA_06292018:CDS	hypothetical protein	MF168403.1:c15329-15141	DMLCEJHA_00020

DiscRep_SUB:FEATURE_LOCATION_CONFLICT::Coding region xref gene does not exist
plasmid_files/MF168403.1_results/PROKKA_06292018:CDS	Transposon Tn3 resolvase	MF168403.1:15442-15957	DMLCEJHA_00021

DiscRep_SUB:FEATURE_LOCATION_CONFLICT::Coding region xref gene does not exist
plasmid_files/MF168403.1_results/PROKKA_06292018:CDS	Beta-lactamase TEM	MF168403.1:16140-17000	DMLCEJHA_00022

DiscRep_SUB:FEATURE_LOCATION_CONFLICT::Coding region xref gene does not exist
plasmid_files/MF168403.1_results/PROKKA_06292018:CDS	16S rRNA (guanine(1405)-N(7))-methyltransferase	MF168403.1:17170-17925	DMLCEJHA_00023

DiscRep_SUB:FEATURE_LOCATION_CONFLICT::Coding region xref gene does not exist
plasmid_files/MF168403.1_results/PROKKA_06292018:CDS	hypothetical protein	MF168403.1:c18287-18006	DMLCEJHA_00024

DiscRep_SUB:FEATURE_LOCATION_CONFLICT::Coding region xref gene does not exist
plasmid_files/MF168403.1_results/PROKKA_06292018:CDS	hypothetical protein	MF168403.1:c19079-18375	DMLCEJHA_00025

DiscRep_SUB:FEATURE_LOCATION_CONFLICT::Coding region xref gene does not exist
plasmid_files/MF168403.1_results/PROKKA_06292018:CDS	hypothetical protein	MF168403.1:21021-21302	DMLCEJHA_00026

DiscRep_SUB:FEATURE_LOCATION_CONFLICT::Coding region xref gene does not exist
plasmid_files/MF168403.1_results/PROKKA_06292018:CDS	Protein StbB	MF168403.1:c21778-21425	DMLCEJHA_00027

DiscRep_SUB:FEATURE_LOCATION_CONFLICT::Coding region xref gene does not exist
plasmid_files/MF168403.1_results/PROKKA_06292018:CDS	Plasmid segregation protein ParM	MF168403.1:c22497-21778	DMLCEJHA_00028

DiscRep_SUB:FEATURE_LOCATION_CONFLICT::Coding region xref gene does not exist
plasmid_files/MF168403.1_results/PROKKA_06292018:CDS	Plasmid segregation protein ParM	MF168403.1:c22739-22545	DMLCEJHA_00029

DiscRep_SUB:FEATURE_LOCATION_CONFLICT::Coding region xref gene does not exist
plasmid_files/MF168403.1_results/PROKKA_06292018:CDS	DNA adenine methyltransferase YhdJ	MF168403.1:23256-23939	DMLCEJHA_00030

DiscRep_SUB:FEATURE_LOCATION_CONFLICT::Coding region xref gene does not exist
plasmid_files/MF168403.1_results/PROKKA_06292018:CDS	hypothetical protein	MF168403.1:23940-24161	DMLCEJHA_00031

DiscRep_SUB:FEATURE_LOCATION_CONFLICT::Coding region xref gene does not exist
plasmid_files/MF168403.1_results/PROKKA_06292018:CDS	hypothetical protein	MF168403.1:24175-24609	DMLCEJHA_00032

DiscRep_SUB:FEATURE_LOCATION_CONFLICT::Coding region xref gene does not exist
plasmid_files/MF168403.1_results/PROKKA_06292018:CDS	hypothetical protein	MF168403.1:24609-25436	DMLCEJHA_00033

DiscRep_SUB:FEATURE_LOCATION_CONFLICT::Coding region xref gene does not exist
plasmid_files/MF168403.1_results/PROKKA_06292018:CDS	Antirestriction protein KlcA	MF168403.1:25854-26279	DMLCEJHA_00034

DiscRep_SUB:FEATURE_LOCATION_CONFLICT::Coding region xref gene does not exist
plasmid_files/MF168403.1_results/PROKKA_06292018:CDS	hypothetical protein	MF168403.1:26326-26748	DMLCEJHA_00035

DiscRep_SUB:FEATURE_LOCATION_CONFLICT::Coding region xref gene does not exist
plasmid_files/MF168403.1_results/PROKKA_06292018:CDS	hypothetical protein	MF168403.1:26745-26936	DMLCEJHA_00036

DiscRep_SUB:FEATURE_LOCATION_CONFLICT::Coding region xref gene does not exist
plasmid_files/MF168403.1_results/PROKKA_06292018:CDS	Group II intron-encoded protein LtrA	MF168403.1:c28917-27250	DMLCEJHA_00037

DiscRep_SUB:FEATURE_LOCATION_CONFLICT::Coding region xref gene does not exist
plasmid_files/MF168403.1_results/PROKKA_06292018:CDS	hypothetical protein	MF168403.1:30317-30547	DMLCEJHA_00038

DiscRep_SUB:FEATURE_LOCATION_CONFLICT::Coding region xref gene does not exist
plasmid_files/MF168403.1_results/PROKKA_06292018:CDS	hypothetical protein	MF168403.1:30599-31960	DMLCEJHA_00039

DiscRep_SUB:FEATURE_LOCATION_CONFLICT::Coding region xref gene does not exist
plasmid_files/MF168403.1_results/PROKKA_06292018:CDS	Ribosomal RNA small subunit methyltransferase A	MF168403.1:32007-32570	DMLCEJHA_00040

DiscRep_SUB:FEATURE_LOCATION_CONFLICT::Coding region xref gene does not exist
plasmid_files/MF168403.1_results/PROKKA_06292018:CDS	hypothetical protein	MF168403.1:c33117-32656	DMLCEJHA_00041

DiscRep_SUB:FEATURE_LOCATION_CONFLICT::Coding region xref gene does not exist
plasmid_files/MF168403.1_results/PROKKA_06292018:CDS	Plasmid-derived single-stranded DNA-binding protein	MF168403.1:33420-33947	DMLCEJHA_00042

DiscRep_SUB:FEATURE_LOCATION_CONFLICT::Coding region xref gene does not exist
plasmid_files/MF168403.1_results/PROKKA_06292018:CDS	hypothetical protein	MF168403.1:34005-34238	DMLCEJHA_00043

DiscRep_SUB:FEATURE_LOCATION_CONFLICT::Coding region xref gene does not exist
plasmid_files/MF168403.1_results/PROKKA_06292018:CDS	Chromosome-partitioning protein Spo0J	MF168403.1:34299-35720	DMLCEJHA_00044

DiscRep_SUB:FEATURE_LOCATION_CONFLICT::Coding region xref gene does not exist
plasmid_files/MF168403.1_results/PROKKA_06292018:CDS	hypothetical protein	MF168403.1:35747-36322	DMLCEJHA_00045

DiscRep_SUB:FEATURE_LOCATION_CONFLICT::Coding region xref gene does not exist
plasmid_files/MF168403.1_results/PROKKA_06292018:CDS	Protein PsiB	MF168403.1:36391-36825	DMLCEJHA_00046

DiscRep_SUB:FEATURE_LOCATION_CONFLICT::Coding region xref gene does not exist
plasmid_files/MF168403.1_results/PROKKA_06292018:CDS	hypothetical protein	MF168403.1:36822-37541	DMLCEJHA_00047

DiscRep_SUB:FEATURE_LOCATION_CONFLICT::Coding region xref gene does not exist
plasmid_files/MF168403.1_results/PROKKA_06292018:CDS	hypothetical protein	MF168403.1:c37777-37562	DMLCEJHA_00048

DiscRep_SUB:FEATURE_LOCATION_CONFLICT::Coding region xref gene does not exist
plasmid_files/MF168403.1_results/PROKKA_06292018:CDS	hypothetical protein	MF168403.1:c38594-38217	DMLCEJHA_00049

DiscRep_SUB:FEATURE_LOCATION_CONFLICT::Coding region xref gene does not exist
plasmid_files/MF168403.1_results/PROKKA_06292018:CDS	hypothetical protein	MF168403.1:38895-39191	DMLCEJHA_00050

DiscRep_SUB:FEATURE_LOCATION_CONFLICT::Coding region xref gene does not exist
plasmid_files/MF168403.1_results/PROKKA_06292018:CDS	hypothetical protein	MF168403.1:39301-40122	DMLCEJHA_00051

DiscRep_SUB:FEATURE_LOCATION_CONFLICT::Coding region xref gene does not exist
plasmid_files/MF168403.1_results/PROKKA_06292018:CDS	hypothetical protein	MF168403.1:c41066-40419	DMLCEJHA_00052

DiscRep_SUB:FEATURE_LOCATION_CONFLICT::Coding region xref gene does not exist
plasmid_files/MF168403.1_results/PROKKA_06292018:CDS	Relaxosome protein TraM	MF168403.1:41343-41726	DMLCEJHA_00053

DiscRep_SUB:FEATURE_LOCATION_CONFLICT::Coding region xref gene does not exist
plasmid_files/MF168403.1_results/PROKKA_06292018:CDS	Protein TraJ	MF168403.1:41917-42603	DMLCEJHA_00054

DiscRep_SUB:FEATURE_LOCATION_CONFLICT::Coding region xref gene does not exist
plasmid_files/MF168403.1_results/PROKKA_06292018:CDS	Relaxosome protein TraY	MF168403.1:42697-42924	DMLCEJHA_00055

DiscRep_SUB:FEATURE_LOCATION_CONFLICT::Coding region xref gene does not exist
plasmid_files/MF168403.1_results/PROKKA_06292018:CDS	Pilin	MF168403.1:42958-43323	DMLCEJHA_00056

DiscRep_SUB:FEATURE_LOCATION_CONFLICT::Coding region xref gene does not exist
plasmid_files/MF168403.1_results/PROKKA_06292018:CDS	hypothetical protein	MF168403.1:43338-43649	DMLCEJHA_00057

DiscRep_SUB:FEATURE_LOCATION_CONFLICT::Coding region xref gene does not exist
plasmid_files/MF168403.1_results/PROKKA_06292018:CDS	hypothetical protein	MF168403.1:43671-44237	DMLCEJHA_00058

DiscRep_SUB:FEATURE_LOCATION_CONFLICT::Coding region xref gene does not exist
plasmid_files/MF168403.1_results/PROKKA_06292018:CDS	hypothetical protein	MF168403.1:44224-44952	DMLCEJHA_00059

DiscRep_SUB:FEATURE_LOCATION_CONFLICT::Coding region xref gene does not exist
plasmid_files/MF168403.1_results/PROKKA_06292018:CDS	hypothetical protein	MF168403.1:44952-46379	DMLCEJHA_00060

DiscRep_SUB:FEATURE_LOCATION_CONFLICT::Coding region xref gene does not exist
plasmid_files/MF168403.1_results/PROKKA_06292018:CDS	hypothetical protein	MF168403.1:46369-46959	DMLCEJHA_00061

DiscRep_SUB:FEATURE_LOCATION_CONFLICT::Coding region xref gene does not exist
plasmid_files/MF168403.1_results/PROKKA_06292018:CDS	hypothetical protein	MF168403.1:46946-47143	DMLCEJHA_00062

DiscRep_SUB:FEATURE_LOCATION_CONFLICT::Coding region xref gene does not exist
plasmid_files/MF168403.1_results/PROKKA_06292018:CDS	hypothetical protein	MF168403.1:47155-47406	DMLCEJHA_00063

DiscRep_SUB:FEATURE_LOCATION_CONFLICT::Coding region xref gene does not exist
plasmid_files/MF168403.1_results/PROKKA_06292018:CDS	Protein TraV	MF168403.1:47403-47918	DMLCEJHA_00064

DiscRep_SUB:FEATURE_LOCATION_CONFLICT::Coding region xref gene does not exist
plasmid_files/MF168403.1_results/PROKKA_06292018:CDS	Protein TraR	MF168403.1:48053-48274	DMLCEJHA_00065

DiscRep_SUB:FEATURE_LOCATION_CONFLICT::Coding region xref gene does not exist
plasmid_files/MF168403.1_results/PROKKA_06292018:CDS	Protein TraC	MF168403.1:48434-50113	DMLCEJHA_00066

DiscRep_SUB:FEATURE_LOCATION_CONFLICT::Coding region xref gene does not exist
plasmid_files/MF168403.1_results/PROKKA_06292018:CDS	Protein TraC	MF168403.1:50113-51060	DMLCEJHA_00067

DiscRep_SUB:FEATURE_LOCATION_CONFLICT::Coding region xref gene does not exist
plasmid_files/MF168403.1_results/PROKKA_06292018:CDS	hypothetical protein	MF168403.1:51057-51443	DMLCEJHA_00068

DiscRep_SUB:FEATURE_LOCATION_CONFLICT::Coding region xref gene does not exist
plasmid_files/MF168403.1_results/PROKKA_06292018:CDS	hypothetical protein	MF168403.1:51440-52072	DMLCEJHA_00069

DiscRep_SUB:FEATURE_LOCATION_CONFLICT::Coding region xref gene does not exist
plasmid_files/MF168403.1_results/PROKKA_06292018:CDS	hypothetical protein	MF168403.1:52069-53061	DMLCEJHA_00070

DiscRep_SUB:FEATURE_LOCATION_CONFLICT::Coding region xref gene does not exist
plasmid_files/MF168403.1_results/PROKKA_06292018:CDS	hypothetical protein	MF168403.1:53088-53396	DMLCEJHA_00071

DiscRep_SUB:FEATURE_LOCATION_CONFLICT::Coding region xref gene does not exist
plasmid_files/MF168403.1_results/PROKKA_06292018:CDS	hypothetical protein	MF168403.1:53459-53980	DMLCEJHA_00072

DiscRep_SUB:FEATURE_LOCATION_CONFLICT::Coding region xref gene does not exist
plasmid_files/MF168403.1_results/PROKKA_06292018:CDS	hypothetical protein	MF168403.1:54007-54645	DMLCEJHA_00073

DiscRep_SUB:FEATURE_LOCATION_CONFLICT::Coding region xref gene does not exist
plasmid_files/MF168403.1_results/PROKKA_06292018:CDS	hypothetical protein	MF168403.1:54642-55013	DMLCEJHA_00074

DiscRep_SUB:FEATURE_LOCATION_CONFLICT::Coding region xref gene does not exist
plasmid_files/MF168403.1_results/PROKKA_06292018:CDS	hypothetical protein	MF168403.1:55039-55461	DMLCEJHA_00075

DiscRep_SUB:FEATURE_LOCATION_CONFLICT::Coding region xref gene does not exist
plasmid_files/MF168403.1_results/PROKKA_06292018:CDS	hypothetical protein	MF168403.1:55458-55658	DMLCEJHA_00076

DiscRep_SUB:FEATURE_LOCATION_CONFLICT::Coding region xref gene does not exist
plasmid_files/MF168403.1_results/PROKKA_06292018:CDS	hypothetical protein	MF168403.1:55655-57307	DMLCEJHA_00077

DiscRep_SUB:FEATURE_LOCATION_CONFLICT::Coding region xref gene does not exist
plasmid_files/MF168403.1_results/PROKKA_06292018:CDS	hypothetical protein	MF168403.1:57334-57591	DMLCEJHA_00078

DiscRep_SUB:FEATURE_LOCATION_CONFLICT::Coding region xref gene does not exist
plasmid_files/MF168403.1_results/PROKKA_06292018:CDS	hypothetical protein	MF168403.1:57584-58327	DMLCEJHA_00079

DiscRep_SUB:FEATURE_LOCATION_CONFLICT::Coding region xref gene does not exist
plasmid_files/MF168403.1_results/PROKKA_06292018:CDS	Protein TraQ	MF168403.1:58443-58724	DMLCEJHA_00080

DiscRep_SUB:FEATURE_LOCATION_CONFLICT::Coding region xref gene does not exist
plasmid_files/MF168403.1_results/PROKKA_06292018:CDS	hypothetical protein	MF168403.1:58711-59256	DMLCEJHA_00081

DiscRep_SUB:FEATURE_LOCATION_CONFLICT::Coding region xref gene does not exist
plasmid_files/MF168403.1_results/PROKKA_06292018:CDS	hypothetical protein	MF168403.1:59246-59560	DMLCEJHA_00082

DiscRep_SUB:FEATURE_LOCATION_CONFLICT::Coding region xref gene does not exist
plasmid_files/MF168403.1_results/PROKKA_06292018:CDS	hypothetical protein	MF168403.1:59514-59906	DMLCEJHA_00083

DiscRep_SUB:FEATURE_LOCATION_CONFLICT::Coding region xref gene does not exist
plasmid_files/MF168403.1_results/PROKKA_06292018:CDS	hypothetical protein	MF168403.1:61263-63833	DMLCEJHA_00085

DiscRep_SUB:FEATURE_LOCATION_CONFLICT::Coding region xref gene does not exist
plasmid_files/MF168403.1_results/PROKKA_06292018:CDS	hypothetical protein	MF168403.1:63851-64078	DMLCEJHA_00086

DiscRep_SUB:FEATURE_LOCATION_CONFLICT::Coding region xref gene does not exist
plasmid_files/MF168403.1_results/PROKKA_06292018:CDS	Protein TraS	MF168403.1:64111-64632	DMLCEJHA_00087

DiscRep_SUB:FEATURE_LOCATION_CONFLICT::Coding region xref gene does not exist
plasmid_files/MF168403.1_results/PROKKA_06292018:CDS	Lipoprotein YlpA	MF168403.1:64654-65388	DMLCEJHA_00088

DiscRep_SUB:FEATURE_LOCATION_CONFLICT::Coding region xref gene does not exist
plasmid_files/MF168403.1_results/PROKKA_06292018:CDS	hypothetical protein	MF168403.1:65591-66328	DMLCEJHA_00089

DiscRep_SUB:FEATURE_LOCATION_CONFLICT::Coding region xref gene does not exist
plasmid_files/MF168403.1_results/PROKKA_06292018:CDS	Coupling protein TraD	MF168403.1:66379-68604	DMLCEJHA_00090

DiscRep_SUB:FEATURE_LOCATION_CONFLICT::Coding region xref gene does not exist
plasmid_files/MF168403.1_results/PROKKA_06292018:CDS	Multifunctional conjugation protein TraI	MF168403.1:68604-71267	DMLCEJHA_00091

DiscRep_SUB:FEATURE_LOCATION_CONFLICT::Coding region xref gene does not exist
plasmid_files/MF168403.1_results/PROKKA_06292018:CDS	Multifunctional conjugation protein TraI	MF168403.1:71255-71860	DMLCEJHA_00092

DiscRep_SUB:FEATURE_LOCATION_CONFLICT::Coding region xref gene does not exist
plasmid_files/MF168403.1_results/PROKKA_06292018:CDS	Multifunctional conjugation protein TraI	MF168403.1:71884-73737	DMLCEJHA_00093

DiscRep_SUB:FEATURE_LOCATION_CONFLICT::Coding region xref gene does not exist
plasmid_files/MF168403.1_results/PROKKA_06292018:CDS	hypothetical protein	MF168403.1:c74475-73771	DMLCEJHA_00094

DiscRep_SUB:FEATURE_LOCATION_CONFLICT::Coding region xref gene does not exist
plasmid_files/MF168403.1_results/PROKKA_06292018:CDS	hypothetical protein	MF168403.1:74594-75091	DMLCEJHA_00095

DiscRep_SUB:FEATURE_LOCATION_CONFLICT::Coding region xref gene does not exist
plasmid_files/MF168403.1_results/PROKKA_06292018:CDS	hypothetical protein	MF168403.1:75625-75903	DMLCEJHA_00096

DiscRep_SUB:FEATURE_LOCATION_CONFLICT::Coding region xref gene does not exist
plasmid_files/MF168403.1_results/PROKKA_06292018:CDS	Antirestriction protein KlcA	MF168403.1:76017-76439	DMLCEJHA_00097

DiscRep_SUB:FEATURE_LOCATION_CONFLICT::Coding region xref gene does not exist
plasmid_files/MF168403.1_results/PROKKA_06292018:CDS	hypothetical protein	MF168403.1:76567-76722	DMLCEJHA_00098

DiscRep_SUB:FEATURE_LOCATION_CONFLICT::Coding region xref gene does not exist
plasmid_files/MF168403.1_results/PROKKA_06292018:CDS	hypothetical protein	MF168403.1:76768-77064	DMLCEJHA_00099

DiscRep_SUB:FEATURE_LOCATION_CONFLICT::Coding region xref gene does not exist
plasmid_files/MF168403.1_results/PROKKA_06292018:CDS	hypothetical protein	MF168403.1:77069-78049	DMLCEJHA_00100

DiscRep_SUB:FEATURE_LOCATION_CONFLICT::Coding region xref gene does not exist
plasmid_files/MF168403.1_results/PROKKA_06292018:CDS	Carbapenem-hydrolyzing beta-lactamase KPC	MF168403.1:c79180-78299	DMLCEJHA_00101

DiscRep_SUB:FEATURE_LOCATION_CONFLICT::Coding region xref gene does not exist
plasmid_files/MF168403.1_results/PROKKA_06292018:CDS	hypothetical protein	MF168403.1:c80436-79456	DMLCEJHA_00102

DiscRep_SUB:FEATURE_LOCATION_CONFLICT::Coding region xref gene does not exist
plasmid_files/MF168403.1_results/PROKKA_06292018:CDS	Transposon Tn3 resolvase	MF168403.1:c80954-80559	DMLCEJHA_00103

DiscRep_SUB:FEATURE_LOCATION_CONFLICT::Coding region xref gene does not exist
plasmid_files/MF168403.1_results/PROKKA_06292018:CDS	hypothetical protein	MF168403.1:c81776-81072	DMLCEJHA_00104

DiscRep_SUB:FEATURE_LOCATION_CONFLICT::Coding region xref gene does not exist
plasmid_files/MF168403.1_results/PROKKA_06292018:CDS	Transposon Tn7 transposition protein TnsB	MF168403.1:c83013-81823	DMLCEJHA_00105

DiscRep_SUB:FEATURE_LOCATION_CONFLICT::Coding region xref gene does not exist
plasmid_files/MF168403.1_results/PROKKA_06292018:CDS	putative signaling protein	MF168403.1:c83795-83088	DMLCEJHA_00106

DiscRep_SUB:FEATURE_LOCATION_CONFLICT::Coding region xref gene does not exist
plasmid_files/MF168403.1_results/PROKKA_06292018:CDS	hypothetical protein	MF168403.1:c84028-83792	DMLCEJHA_00107

DiscRep_SUB:FEATURE_LOCATION_CONFLICT::Coding region xref gene does not exist
plasmid_files/MF168403.1_results/PROKKA_06292018:CDS	HTH-type transcriptional activator mta	MF168403.1:c84387-84025	DMLCEJHA_00108

DiscRep_SUB:FEATURE_LOCATION_CONFLICT::Coding region xref gene does not exist
plasmid_files/MF168403.1_results/PROKKA_06292018:CDS	Mercuric reductase	MF168403.1:c86099-84405	DMLCEJHA_00109

DiscRep_SUB:FEATURE_LOCATION_CONFLICT::Coding region xref gene does not exist
plasmid_files/MF168403.1_results/PROKKA_06292018:CDS	Mercuric transport protein MerC	MF168403.1:c86612-86151	DMLCEJHA_00110

DiscRep_SUB:FEATURE_LOCATION_CONFLICT::Coding region xref gene does not exist
plasmid_files/MF168403.1_results/PROKKA_06292018:CDS	Mercuric transport protein periplasmic component	MF168403.1:c86884-86609	DMLCEJHA_00111

DiscRep_SUB:FEATURE_LOCATION_CONFLICT::Coding region xref gene does not exist
plasmid_files/MF168403.1_results/PROKKA_06292018:CDS	Mercuric transport protein MerT	MF168403.1:c87248-86898	DMLCEJHA_00112

DiscRep_SUB:FEATURE_LOCATION_CONFLICT::Coding region xref gene does not exist
plasmid_files/MF168403.1_results/PROKKA_06292018:CDS	Mercuric resistance operon regulatory protein	MF168403.1:87320-87754	DMLCEJHA_00113

DiscRep_SUB:FEATURE_LOCATION_CONFLICT::Coding region xref gene does not exist
plasmid_files/MF168403.1_results/PROKKA_06292018:CDS	hypothetical protein	MF168403.1:87833-88837	DMLCEJHA_00114

DiscRep_SUB:FEATURE_LOCATION_CONFLICT::Coding region xref gene does not exist
plasmid_files/MF168403.1_results/PROKKA_06292018:CDS	hypothetical protein	MF168403.1:c89194-89018	DMLCEJHA_00115

DiscRep_SUB:FEATURE_LOCATION_CONFLICT::Coding region xref gene does not exist
plasmid_files/MF168403.1_results/PROKKA_06292018:CDS	hypothetical protein	MF168403.1:c89540-89316	DMLCEJHA_00116

DiscRep_SUB:FEATURE_LOCATION_CONFLICT::Coding region xref gene does not exist
plasmid_files/MF168403.1_results/PROKKA_06292018:CDS	Putative transposon Tn552 DNA-invertase bin3	MF168403.1:c90274-89537	DMLCEJHA_00117

DiscRep_SUB:FEATURE_LOCATION_CONFLICT::Coding region xref gene does not exist
plasmid_files/MF168403.1_results/PROKKA_06292018:CDS	hypothetical protein	MF168403.1:90381-90872	DMLCEJHA_00118

DiscRep_SUB:FEATURE_LOCATION_CONFLICT::Coding region xref gene does not exist
plasmid_files/MF168403.1_results/PROKKA_06292018:CDS	hypothetical protein	MF168403.1:c91610-90906	DMLCEJHA_00119

DiscRep_SUB:FEATURE_LOCATION_CONFLICT::Coding region xref gene does not exist
plasmid_files/MF168403.1_results/PROKKA_06292018:CDS	hypothetical protein	MF168403.1:c92110-91736	DMLCEJHA_00120

DiscRep_SUB:FEATURE_LOCATION_CONFLICT::Coding region xref gene does not exist
plasmid_files/MF168403.1_results/PROKKA_06292018:CDS	hypothetical protein	MF168403.1:c93094-92735	DMLCEJHA_00121

DiscRep_SUB:FEATURE_LOCATION_CONFLICT::Coding region xref gene does not exist
plasmid_files/MF168403.1_results/PROKKA_06292018:CDS	hypothetical protein	MF168403.1:c93479-93156	DMLCEJHA_00122

DiscRep_SUB:FEATURE_LOCATION_CONFLICT::Coding region xref gene does not exist
plasmid_files/MF168403.1_results/PROKKA_06292018:CDS	hypothetical protein	MF168403.1:c94204-93476	DMLCEJHA_00123

DiscRep_SUB:FEATURE_LOCATION_CONFLICT::Coding region xref gene does not exist
plasmid_files/MF168403.1_results/PROKKA_06292018:CDS	Protein PsiB	MF168403.1:c94632-94201	DMLCEJHA_00124

DiscRep_SUB:FEATURE_LOCATION_CONFLICT::Coding region xref gene does not exist
plasmid_files/MF168403.1_results/PROKKA_06292018:CDS	hypothetical protein	MF168403.1:c95973-94675	DMLCEJHA_00125

DiscRep_SUB:FEATURE_LOCATION_CONFLICT::Coding region xref gene does not exist
plasmid_files/MF168403.1_results/PROKKA_06292018:CDS	Chromosome-partitioning protein Spo0J	MF168403.1:c96684-96022	DMLCEJHA_00126

DiscRep_SUB:FEATURE_LOCATION_CONFLICT::Coding region xref gene does not exist
plasmid_files/MF168403.1_results/PROKKA_06292018:CDS	hypothetical protein	MF168403.1:c96985-96755	DMLCEJHA_00127

DiscRep_SUB:FEATURE_LOCATION_CONFLICT::Coding region xref gene does not exist
plasmid_files/MF168403.1_results/PROKKA_06292018:CDS	hypothetical protein	MF168403.1:97270-97572	DMLCEJHA_00128

DiscRep_SUB:FEATURE_LOCATION_CONFLICT::Coding region xref gene does not exist
plasmid_files/MF168403.1_results/PROKKA_06292018:CDS	hypothetical protein	MF168403.1:c97764-97651	DMLCEJHA_00129

DiscRep_SUB:FEATURE_LOCATION_CONFLICT::Coding region xref gene does not exist
plasmid_files/MF168403.1_results/PROKKA_06292018:CDS	hypothetical protein	MF168403.1:c97927-97808	DMLCEJHA_00130

DiscRep_SUB:FEATURE_LOCATION_CONFLICT::Coding region xref gene does not exist
plasmid_files/MF168403.1_results/PROKKA_06292018:CDS	DNA polymerase III subunit theta	MF168403.1:c98222-97962	DMLCEJHA_00131

DiscRep_SUB:FEATURE_LOCATION_CONFLICT::Coding region xref gene does not exist
plasmid_files/MF168403.1_results/PROKKA_06292018:CDS	hypothetical protein	MF168403.1:c98406-98170	DMLCEJHA_00132

DiscRep_SUB:FEATURE_LOCATION_CONFLICT::Coding region xref gene does not exist
plasmid_files/MF168403.1_results/PROKKA_06292018:CDS	hypothetical protein	MF168403.1:c98600-98409	DMLCEJHA_00133

DiscRep_SUB:FEATURE_LOCATION_CONFLICT::Coding region xref gene does not exist
plasmid_files/MF168403.1_results/PROKKA_06292018:CDS	hypothetical protein	MF168403.1:c99149-98643	DMLCEJHA_00134

DiscRep_SUB:FEATURE_LOCATION_CONFLICT::Coding region xref gene does not exist
plasmid_files/MF168403.1_results/PROKKA_06292018:CDS	hypothetical protein	MF168403.1:c100333-99554	DMLCEJHA_00135

DiscRep_SUB:FEATURE_LOCATION_CONFLICT::Coding region xref gene does not exist
plasmid_files/MF168403.1_results/PROKKA_06292018:CDS	hypothetical protein	MF168403.1:c100806-100387	DMLCEJHA_00136

DiscRep_SUB:FEATURE_LOCATION_CONFLICT::Coding region xref gene does not exist
plasmid_files/MF168403.1_results/PROKKA_06292018:CDS	hypothetical protein	MF168403.1:c101038-100817	DMLCEJHA_00137

DiscRep_SUB:FEATURE_LOCATION_CONFLICT::Coding region xref gene does not exist
plasmid_files/MF168403.1_results/PROKKA_06292018:CDS	DNA adenine methyltransferase YhdJ	MF168403.1:c101715-101038	DMLCEJHA_00138

DiscRep_SUB:FEATURE_LOCATION_CONFLICT::Coding region xref gene does not exist
plasmid_files/MF168403.1_results/PROKKA_06292018:CDS	Putative SOS response-associated peptidase YedK	MF168403.1:102074-102745	DMLCEJHA_00139

DiscRep_SUB:FEATURE_LOCATION_CONFLICT::Coding region xref gene does not exist
plasmid_files/MF168403.1_results/PROKKA_06292018:CDS	Protein UmuD	MF168403.1:102925-103347	DMLCEJHA_00140

DiscRep_SUB:FEATURE_LOCATION_CONFLICT::Coding region xref gene does not exist
plasmid_files/MF168403.1_results/PROKKA_06292018:CDS	Protein UmuC	MF168403.1:103347-104618	DMLCEJHA_00141

DiscRep_SUB:FEATURE_LOCATION_CONFLICT::Coding region xref gene does not exist
plasmid_files/MF168403.1_results/PROKKA_06292018:CDS	Virulence regulon transcriptional activator VirB	MF168403.1:c105725-104754	DMLCEJHA_00142

DiscRep_SUB:FEATURE_LOCATION_CONFLICT::Coding region xref gene does not exist
plasmid_files/MF168403.1_results/PROKKA_06292018:CDS	Plasmid partition protein A	MF168403.1:c106927-105722	DMLCEJHA_00143

DiscRep_SUB:FEATURE_LOCATION_CONFLICT::Coding region xref gene does not exist
plasmid_files/MF168403.1_results/PROKKA_06292018:CDS	Putative transposon Tn552 DNA-invertase bin3	MF168403.1:107290-107922	DMLCEJHA_00144

DiscRep_SUB:FEATURE_LOCATION_CONFLICT::Coding region xref gene does not exist
plasmid_files/MF168403.1_results/PROKKA_06292018:CDS	hypothetical protein	MF168403.1:107976-108176	DMLCEJHA_00145

DiscRep_SUB:FEATURE_LOCATION_CONFLICT::Coding region xref gene does not exist
plasmid_files/MF168403.1_results/PROKKA_06292018:CDS	Recombination-promoting nuclease RpnA	MF168403.1:108323-109273	DMLCEJHA_00146

DiscRep_SUB:FEATURE_LOCATION_CONFLICT::Coding region xref gene does not exist
plasmid_files/MF168403.1_results/PROKKA_06292018:CDS	hypothetical protein	MF168403.1:c109881-109270	DMLCEJHA_00147

DiscRep_SUB:FEATURE_LOCATION_CONFLICT::Coding region xref gene does not exist
plasmid_files/MF168403.1_results/PROKKA_06292018:CDS	hypothetical protein	MF168403.1:c110273-109878	DMLCEJHA_00148

DiscRep_SUB:FEATURE_LOCATION_CONFLICT::Coding region xref gene does not exist
plasmid_files/MF168403.1_results/PROKKA_06292018:CDS	hypothetical protein	MF168403.1:110787-111767	DMLCEJHA_00149

DiscRep_SUB:FEATURE_LOCATION_CONFLICT::Coding region xref gene does not exist
plasmid_files/MF168403.1_results/PROKKA_06292018:CDS	hypothetical protein	MF168403.1:112288-112416	DMLCEJHA_00150

DiscRep_SUB:FEATURE_LOCATION_CONFLICT::Coding region xref gene does not exist
plasmid_files/MF168403.1_results/PROKKA_06292018:CDS	Heat shock protein C	MF168403.1:112413-112976	DMLCEJHA_00151

DiscRep_SUB:FEATURE_LOCATION_CONFLICT::Coding region xref gene does not exist
plasmid_files/MF168403.1_results/PROKKA_06292018:CDS	hypothetical protein	MF168403.1:113445-114149	DMLCEJHA_00152

DiscRep_SUB:FEATURE_LOCATION_CONFLICT::Coding region xref gene does not exist
plasmid_files/MF168403.1_results/PROKKA_06292018:CDS	Chloramphenicol acetyltransferase 2	MF168403.1:c114923-114282	DMLCEJHA_00153

DiscRep_SUB:FEATURE_LOCATION_CONFLICT::Coding region xref gene does not exist
plasmid_files/MF168403.1_results/PROKKA_06292018:CDS	hypothetical protein	MF168403.1:c115572-115072	DMLCEJHA_00154

DiscRep_SUB:FEATURE_LOCATION_CONFLICT::Coding region xref gene does not exist
plasmid_files/MF168403.1_results/PROKKA_06292018:CDS	hypothetical protein	MF168403.1:115652-116356	DMLCEJHA_00155

DiscRep_SUB:FEATURE_LOCATION_CONFLICT::Coding region xref gene does not exist
plasmid_files/MF168403.1_results/PROKKA_06292018:CDS	Pilin	MF168403.1:c116737-116390	DMLCEJHA_00156

DiscRep_SUB:FEATURE_LOCATION_CONFLICT::Coding region xref gene does not exist
plasmid_files/MF168403.1_results/PROKKA_06292018:CDS	Protein TraJ	MF168403.1:c117857-117120	DMLCEJHA_00157

DiscRep_SUB:FEATURE_LOCATION_CONFLICT::Coding region xref gene does not exist
plasmid_files/MF168403.1_results/PROKKA_06292018:CDS	Relaxosome protein TraM	MF168403.1:c118439-118122	DMLCEJHA_00158

DiscRep_SUB:FEATURE_LOCATION_CONFLICT::Coding region xref gene does not exist
plasmid_files/MF168403.1_results/PROKKA_06292018:CDS	hypothetical protein	MF168403.1:118863-119348	DMLCEJHA_00159

DiscRep_SUB:FEATURE_LOCATION_CONFLICT::Coding region xref gene does not exist
plasmid_files/MF168403.1_results/PROKKA_06292018:CDS	hypothetical protein	MF168403.1:c119695-119381	DMLCEJHA_00160

DiscRep_SUB:FEATURE_LOCATION_CONFLICT::Coding region xref gene does not exist
plasmid_files/MF168403.1_results/PROKKA_06292018:CDS	hypothetical protein	MF168403.1:c120564-119743	DMLCEJHA_00161

DiscRep_SUB:FEATURE_LOCATION_CONFLICT::Coding region xref gene does not exist
plasmid_files/MF168403.1_results/PROKKA_06292018:CDS	Antitoxin HigA	MF168403.1:c121501-121394	DMLCEJHA_00162

DiscRep_SUB:FEATURE_LOCATION_CONFLICT::Coding region xref gene does not exist
plasmid_files/MF168403.1_results/PROKKA_06292018:CDS	Antitoxin HigA1	MF168403.1:c121780-121502	DMLCEJHA_00163

DiscRep_SUB:FEATURE_LOCATION_CONFLICT::Coding region xref gene does not exist
plasmid_files/MF168403.1_results/PROKKA_06292018:CDS	hypothetical protein	MF168403.1:c122090-121770	DMLCEJHA_00164

DiscRep_SUB:FEATURE_LOCATION_CONFLICT::Coding region xref gene does not exist
plasmid_files/MF168403.1_results/PROKKA_06292018:CDS	hypothetical protein	MF168403.1:c122395-122171	DMLCEJHA_00165

DiscRep_SUB:FEATURE_LOCATION_CONFLICT::Coding region xref gene does not exist
plasmid_files/MF168403.1_results/PROKKA_06292018:CDS	hypothetical protein	MF168403.1:c122618-122406	DMLCEJHA_00166

DiscRep_SUB:FEATURE_LOCATION_CONFLICT::Coding region xref gene does not exist
plasmid_files/MF168403.1_results/PROKKA_06292018:CDS	hypothetical protein	MF168403.1:c123035-122679	DMLCEJHA_00167

DiscRep_SUB:FEATURE_LOCATION_CONFLICT::Coding region xref gene does not exist
plasmid_files/MF168403.1_results/PROKKA_06292018:CDS	hypothetical protein	MF168403.1:c124193-123876	DMLCEJHA_00168

DiscRep_SUB:FEATURE_LOCATION_CONFLICT::Coding region xref gene does not exist
plasmid_files/MF168403.1_results/PROKKA_06292018:CDS	hypothetical protein	MF168403.1:c124558-124208	DMLCEJHA_00169

DiscRep_SUB:FEATURE_LOCATION_CONFLICT::Coding region xref gene does not exist
plasmid_files/MF168403.1_results/PROKKA_06292018:CDS	hypothetical protein	MF168403.1:c124827-124555	DMLCEJHA_00170

DiscRep_SUB:FEATURE_LOCATION_CONFLICT::Coding region xref gene does not exist
plasmid_files/MF168403.1_results/PROKKA_06292018:CDS	Protein FlmC	MF168403.1:c125735-125583	DMLCEJHA_00171

DiscRep_SUB:FEATURE_LOCATION_CONFLICT::Coding region xref gene does not exist
plasmid_files/MF168403.1_results/PROKKA_06292018:CDS	hypothetical protein	MF168403.1:c126279-125905	DMLCEJHA_00172

DiscRep_SUB:FEATURE_LOCATION_CONFLICT::Coding region xref gene does not exist
plasmid_files/MF168403.1_results/PROKKA_06292018:CDS	hypothetical protein	MF168403.1:c126661-126335	DMLCEJHA_00173

DiscRep_SUB:FEATURE_LOCATION_CONFLICT::Coding region xref gene does not exist
plasmid_files/MF168403.1_results/PROKKA_06292018:CDS	hypothetical protein	MF168403.1:c127386-126658	DMLCEJHA_00174

DiscRep_SUB:FEATURE_LOCATION_CONFLICT::Coding region xref gene does not exist
plasmid_files/MF168403.1_results/PROKKA_06292018:CDS	Protein PsiB	MF168403.1:c127814-127383	DMLCEJHA_00175

DiscRep_SUB:FEATURE_LOCATION_CONFLICT::Coding region xref gene does not exist
plasmid_files/MF168403.1_results/PROKKA_06292018:CDS	Chromosome-partitioning protein Spo0J	MF168403.1:c129916-127859	DMLCEJHA_00176

DiscRep_SUB:FEATURE_LOCATION_CONFLICT::Coding region xref gene does not exist
plasmid_files/MF168403.1_results/PROKKA_06292018:CDS	hypothetical protein	MF168403.1:c130234-129986	DMLCEJHA_00177

DiscRep_SUB:FEATURE_LOCATION_CONFLICT::Coding region xref gene does not exist
plasmid_files/MF168403.1_results/PROKKA_06292018:CDS	Plasmid-derived single-stranded DNA-binding protein	MF168403.1:c130825-130283	DMLCEJHA_00178

DiscRep_SUB:FEATURE_LOCATION_CONFLICT::Coding region xref gene does not exist
plasmid_files/MF168403.1_results/PROKKA_06292018:CDS	hypothetical protein	MF168403.1:131433-131762	DMLCEJHA_00179

DiscRep_SUB:FEATURE_LOCATION_CONFLICT::Coding region xref gene does not exist
plasmid_files/MF168403.1_results/PROKKA_06292018:CDS	hypothetical protein	MF168403.1:c132220-131657	DMLCEJHA_00180

DiscRep_SUB:FEATURE_LOCATION_CONFLICT::Coding region xref gene does not exist
plasmid_files/MF168403.1_results/PROKKA_06292018:CDS	hypothetical protein	MF168403.1:c133623-132268	DMLCEJHA_00181

DiscRep_SUB:FEATURE_LOCATION_CONFLICT::Coding region xref gene does not exist
plasmid_files/MF168403.1_results/PROKKA_06292018:CDS	hypothetical protein	MF168403.1:c133905-133675	DMLCEJHA_00182

DiscRep_SUB:FEATURE_LOCATION_CONFLICT::Coding region xref gene does not exist
plasmid_files/MF168403.1_results/PROKKA_06292018:CDS	hypothetical protein	MF168403.1:c134224-133997	DMLCEJHA_00183

DiscRep_SUB:FEATURE_LOCATION_CONFLICT::Coding region xref gene does not exist
plasmid_files/MF168403.1_results/PROKKA_06292018:CDS	hypothetical protein	MF168403.1:c135224-134904	DMLCEJHA_00184

DiscRep_SUB:FEATURE_LOCATION_CONFLICT::Coding region xref gene does not exist
plasmid_files/MF168403.1_results/PROKKA_06292018:CDS	DNA polymerase III subunit theta	MF168403.1:c135513-135259	DMLCEJHA_00185

DiscRep_SUB:FEATURE_LOCATION_CONFLICT::Coding region xref gene does not exist
plasmid_files/MF168403.1_results/PROKKA_06292018:CDS	hypothetical protein	MF168403.1:c135892-135701	DMLCEJHA_00186

DiscRep_SUB:FEATURE_LOCATION_CONFLICT::Coding region xref gene does not exist
plasmid_files/MF168403.1_results/PROKKA_06292018:CDS	hypothetical protein	MF168403.1:c136441-135935	DMLCEJHA_00187

DiscRep_SUB:FEATURE_LOCATION_CONFLICT::Coding region xref gene does not exist
plasmid_files/MF168403.1_results/PROKKA_06292018:CDS	Antirestriction protein KlcA	MF168403.1:c136912-136484	DMLCEJHA_00188

DiscRep_SUB:FEATURE_LOCATION_CONFLICT::Coding region xref gene does not exist
plasmid_files/MF168403.1_results/PROKKA_06292018:CDS	hypothetical protein	MF168403.1:c138360-137593	DMLCEJHA_00189

DiscRep_SUB:FEATURE_LOCATION_CONFLICT::Coding region xref gene does not exist
plasmid_files/MF168403.1_results/PROKKA_06292018:CDS	hypothetical protein	MF168403.1:c138833-138414	DMLCEJHA_00190

DiscRep_SUB:FEATURE_LOCATION_CONFLICT::Coding region xref gene does not exist
plasmid_files/MF168403.1_results/PROKKA_06292018:CDS	hypothetical protein	MF168403.1:c139064-138843	DMLCEJHA_00191

DiscRep_SUB:FEATURE_LOCATION_CONFLICT::Coding region xref gene does not exist
plasmid_files/MF168403.1_results/PROKKA_06292018:CDS	DNA adenine methyltransferase YhdJ	MF168403.1:c139765-139064	DMLCEJHA_00192

DiscRep_SUB:FEATURE_LOCATION_CONFLICT::Coding region xref gene does not exist
plasmid_files/MF168403.1_results/PROKKA_06292018:CDS	hypothetical protein	MF168403.1:c140432-140202	DMLCEJHA_00193

DiscRep_SUB:FEATURE_LOCATION_CONFLICT::Coding region xref gene does not exist
plasmid_files/MF168403.1_results/PROKKA_06292018:CDS	hypothetical protein	MF168403.1:c141166-140495	DMLCEJHA_00194

DiscRep_SUB:FEATURE_LOCATION_CONFLICT::Coding region xref gene does not exist
plasmid_files/MF168403.1_results/PROKKA_06292018:CDS	Plasmid segregation protein ParM	MF168403.1:c142140-141169	DMLCEJHA_00195

DiscRep_SUB:FEATURE_LOCATION_CONFLICT::Coding region xref gene does not exist
plasmid_files/MF168403.1_results/PROKKA_06292018:CDS	Group II intron-encoded protein LtrA	MF168403.1:c143876-142389	DMLCEJHA_00196

DiscRep_SUB:FEATURE_LOCATION_CONFLICT::Coding region xref gene does not exist
plasmid_files/MF168403.1_results/PROKKA_06292018:CDS	Protein UmuD	MF168403.1:144282-144713	DMLCEJHA_00197

DiscRep_SUB:FEATURE_LOCATION_CONFLICT::Coding region xref gene does not exist
plasmid_files/MF168403.1_results/PROKKA_06292018:CDS	Protein UmuC	MF168403.1:144713-144883	DMLCEJHA_00198

DiscRep_SUB:FEATURE_LOCATION_CONFLICT::Coding region xref gene does not exist
plasmid_files/MF168403.1_results/PROKKA_06292018:CDS	Protein UmuC	MF168403.1:144859-145203	DMLCEJHA_00199

DiscRep_SUB:FEATURE_LOCATION_CONFLICT::Coding region xref gene does not exist
plasmid_files/MF168403.1_results/PROKKA_06292018:CDS	Protein UmuC	MF168403.1:145268-145981	DMLCEJHA_00200

DiscRep_SUB:FEATURE_LOCATION_CONFLICT::Coding region xref gene does not exist
plasmid_files/MF168403.1_results/PROKKA_06292018:CDS	Virulence regulon transcriptional activator VirB	MF168403.1:c147037-146063	DMLCEJHA_00201

DiscRep_SUB:FEATURE_LOCATION_CONFLICT::Coding region xref gene does not exist
plasmid_files/MF168403.1_results/PROKKA_06292018:CDS	Plasmid partition protein A	MF168403.1:c148242-147037	DMLCEJHA_00202

DiscRep_SUB:FEATURE_LOCATION_CONFLICT::Coding region xref gene does not exist
plasmid_files/MF168403.1_results/PROKKA_06292018:CDS	hypothetical protein	MF168403.1:148656-148931	DMLCEJHA_00203

DiscRep_SUB:FEATURE_LOCATION_CONFLICT::Coding region xref gene does not exist
plasmid_files/MF168403.1_results/PROKKA_06292018:CDS	Replication initiation protein	MF168403.1:c149821-148949	DMLCEJHA_00204

DiscRep_SUB:FEATURE_LOCATION_CONFLICT::Coding region xref gene does not exist
plasmid_files/MF168403.1_results/PROKKA_06292018:CDS	hypothetical protein	MF168403.1:150039-150314	DMLCEJHA_00205

DiscRep_SUB:FEATURE_LOCATION_CONFLICT::Coding region xref gene does not exist
plasmid_files/MF168403.1_results/PROKKA_06292018:CDS	hypothetical protein	MF168403.1:150375-150470	DMLCEJHA_00206

DiscRep_SUB:FEATURE_LOCATION_CONFLICT::Coding region xref gene does not exist
plasmid_files/MF168403.1_results/PROKKA_06292018:CDS	hypothetical protein	MF168403.1:150599-150856	DMLCEJHA_00207

DiscRep_SUB:FEATURE_LOCATION_CONFLICT::Coding region xref gene does not exist
plasmid_files/MF168403.1_results/PROKKA_06292018:CDS	Tyrosine recombinase XerD	MF168403.1:c151681-150902	DMLCEJHA_00208

DiscRep_SUB:FEATURE_LOCATION_CONFLICT::Coding region xref gene does not exist
plasmid_files/MF168403.1_results/PROKKA_06292018:CDS	hypothetical protein	MF168403.1:c152868-151903	DMLCEJHA_00209

DiscRep_SUB:FEATURE_LOCATION_CONFLICT::Coding region xref gene does not exist
plasmid_files/MF168403.1_results/PROKKA_06292018:CDS	hypothetical protein	MF168403.1:c153101-152898	DMLCEJHA_00210

DiscRep_SUB:FEATURE_LOCATION_CONFLICT::Coding region xref gene does not exist
plasmid_files/MF168403.1_results/PROKKA_06292018:CDS	hypothetical protein	MF168403.1:c153668-153147	DMLCEJHA_00211

DiscRep_SUB:FEATURE_LOCATION_CONFLICT::Coding region xref gene does not exist
plasmid_files/MF168403.1_results/PROKKA_06292018:CDS	hypothetical protein	MF168403.1:c154118-153726	DMLCEJHA_00212

DiscRep_SUB:FEATURE_LOCATION_CONFLICT::Coding region xref gene does not exist
plasmid_files/MF168403.1_results/PROKKA_06292018:CDS	hypothetical protein	MF168403.1:c154400-154155	DMLCEJHA_00213

DiscRep_SUB:FEATURE_LOCATION_CONFLICT::Coding region xref gene does not exist
plasmid_files/MF168403.1_results/PROKKA_06292018:CDS	hypothetical protein	MF168403.1:c155098-154451	DMLCEJHA_00214

DiscRep_SUB:FEATURE_LOCATION_CONFLICT::Coding region xref gene does not exist
plasmid_files/MF168403.1_results/PROKKA_06292018:CDS	Antitoxin VapB	MF168403.1:155677-155907	DMLCEJHA_00215

DiscRep_SUB:FEATURE_LOCATION_CONFLICT::Coding region xref gene does not exist
plasmid_files/MF168403.1_results/PROKKA_06292018:CDS	tRNA(fMet)-specific endonuclease VapC	MF168403.1:155904-156320	DMLCEJHA_00216

DiscRep_SUB:FEATURE_LOCATION_CONFLICT::Coding region xref gene does not exist
plasmid_files/MF168403.1_results/PROKKA_06292018:CDS	DNA replication and repair protein RecF	MF168403.1:156394-157956	DMLCEJHA_00217

DiscRep_SUB:FEATURE_LOCATION_CONFLICT::Coding region xref gene does not exist
plasmid_files/MF168403.1_results/PROKKA_06292018:CDS	hypothetical protein	MF168403.1:157941-158963	DMLCEJHA_00218

DiscRep_SUB:FEATURE_LOCATION_CONFLICT::Coding region xref gene does not exist
plasmid_files/MF168403.1_results/PROKKA_06292018:CDS	hypothetical protein	MF168403.1:159539-159916	DMLCEJHA_00219

DiscRep_SUB:FEATURE_LOCATION_CONFLICT::Coding region xref gene does not exist
plasmid_files/MF168403.1_results/PROKKA_06292018:CDS	hypothetical protein	MF168403.1:159945-160298	DMLCEJHA_00220

DiscRep_SUB:FEATURE_LOCATION_CONFLICT::Coding region xref gene does not exist
plasmid_files/MF168403.1_results/PROKKA_06292018:CDS	hypothetical protein	MF168403.1:c161501-160497	DMLCEJHA_00221

DiscRep_SUB:FEATURE_LOCATION_CONFLICT::Coding region xref gene does not exist
plasmid_files/MF168403.1_results/PROKKA_06292018:CDS	hypothetical protein	MF168403.1:c164546-161580	DMLCEJHA_00222

DiscRep_SUB:FEATURE_LOCATION_CONFLICT::Coding region xref gene does not exist
plasmid_files/MF168403.1_results/PROKKA_06292018:CDS	hypothetical protein	MF168403.1:c165371-164667	DMLCEJHA_00223

DiscRep_SUB:FEATURE_LOCATION_CONFLICT::Coding region xref gene does not exist
plasmid_files/MF168403.1_results/PROKKA_06292018:CDS	Multifunctional conjugation protein TraI	MF168403.1:165396-165596	DMLCEJHA_00224

DiscRep_SUB:FEATURE_LOCATION_CONFLICT::Coding region xref gene does not exist
plasmid_files/MF168403.1_results/PROKKA_06292018:CDS	hypothetical protein	MF168403.1:165616-166362	DMLCEJHA_00225

DiscRep_SUB:FEATURE_LOCATION_CONFLICT::Coding region xref gene does not exist
plasmid_files/MF168403.1_results/PROKKA_06292018:CDS	Fertility inhibition protein	MF168403.1:166417-166977	DMLCEJHA_00226

DiscRep_SUB:FEATURE_LOCATION_CONFLICT::Coding region xref gene does not exist
plasmid_files/MF168403.1_results/PROKKA_06292018:CDS	hypothetical protein	MF168403.1:167109-167309	DMLCEJHA_00227

DiscRep_SUB:FEATURE_LOCATION_CONFLICT::Coding region xref gene does not exist
plasmid_files/MF168403.1_results/PROKKA_06292018:CDS	hypothetical protein	MF168403.1:167696-168295	DMLCEJHA_00228

DiscRep_SUB:FEATURE_LOCATION_CONFLICT::Coding region xref gene does not exist
plasmid_files/MF168403.1_results/PROKKA_06292018:CDS	hypothetical protein	MF168403.1:168357-168689	DMLCEJHA_00229

DiscRep_SUB:FEATURE_LOCATION_CONFLICT::RNA feature xref gene does not exist
plasmid_files/MF168403.1_results/PROKKA_06292018:tRNA	Thr	MF168403.1:c60714-60643	DMLCEJHA_00084

DiscRep_ALL:OVERLAPPING_CDS::6 coding regions overlap another coding region with a similar or identical name.
DiscRep_SUB:OVERLAPPING_CDS::6 coding regions overlap another coding region with a similar or identical name that do not have the appropriate note text
plasmid_files/MF168403.1_results/PROKKA_06292018:CDS	Protein TraC	MF168403.1:48434-50113	DMLCEJHA_00066
plasmid_files/MF168403.1_results/PROKKA_06292018:CDS	Protein TraC	MF168403.1:50113-51060	DMLCEJHA_00067
plasmid_files/MF168403.1_results/PROKKA_06292018:CDS	Multifunctional conjugation protein TraI	MF168403.1:68604-71267	DMLCEJHA_00091
plasmid_files/MF168403.1_results/PROKKA_06292018:CDS	Multifunctional conjugation protein TraI	MF168403.1:71255-71860	DMLCEJHA_00092
plasmid_files/MF168403.1_results/PROKKA_06292018:CDS	Protein UmuC	MF168403.1:144713-144883	DMLCEJHA_00198
plasmid_files/MF168403.1_results/PROKKA_06292018:CDS	Protein UmuC	MF168403.1:144859-145203	DMLCEJHA_00199

DiscRep_ALL:SUSPECT_PRODUCT_NAMES::3 product_names contain suspect phrase or characters
DiscRep_SUB:SUSPECT_PRODUCT_NAMES::May contain database identifier more appropriate in note; remove from product name
DiscRep_SUB:SUSPECT_PRODUCT_NAMES::3 features Three or more numbers together
plasmid_files/MF168403.1_results/PROKKA_06292018:CDS	16S rRNA (guanine(1405)-N(7))-methyltransferase	MF168403.1:17170-17925	DMLCEJHA_00023
plasmid_files/MF168403.1_results/PROKKA_06292018:CDS	Putative transposon Tn552 DNA-invertase bin3	MF168403.1:c90274-89537	DMLCEJHA_00117
plasmid_files/MF168403.1_results/PROKKA_06292018:CDS	Putative transposon Tn552 DNA-invertase bin3	MF168403.1:107290-107922	DMLCEJHA_00144

DiscRep_ALL:DISC_QUALITY_SCORES::Quality scores are missing on all sequences.

DiscRep_ALL:ONCALLER_COMMENT_PRESENT::1 comment descriptors were found (all same)
plasmid_files/MF168403.1_results/PROKKA_06292018:MF168403.1:Annotated using prokka 1.14-dev from https://github.com/tseemann/prokka

DiscRep_ALL:SHORT_PROT_SEQUENCES::6 protein sequences are shorter than 50 aa.
plasmid_files/MF168403.1_results/PROKKA_06292018:MF168403.1_8 (length 40)
plasmid_files/MF168403.1_results/PROKKA_06292018:MF168403.1_128 (length 37)
plasmid_files/MF168403.1_results/PROKKA_06292018:MF168403.1_129 (length 39)
plasmid_files/MF168403.1_results/PROKKA_06292018:MF168403.1_149 (length 42)
plasmid_files/MF168403.1_results/PROKKA_06292018:MF168403.1_161 (length 35)
plasmid_files/MF168403.1_results/PROKKA_06292018:MF168403.1_205 (length 31)

DiscRep_ALL:MISSING_GENOMEASSEMBLY_COMMENTS::1 bioseqs are missing GenomeAssembly structured comments
plasmid_files/MF168403.1_results/PROKKA_06292018:MF168403.1 (length 169424)

DiscRep_ALL:MOLTYPE_NOT_MRNA::1 molecule types are not set as mRNA.
plasmid_files/MF168403.1_results/PROKKA_06292018:MF168403.1 (length 169424)

DiscRep_ALL:TECHNIQUE_NOT_TSA::1 technique are not set as TSA
plasmid_files/MF168403.1_results/PROKKA_06292018:MF168403.1 (length 169424)

DiscRep_ALL:MISSING_STRUCTURED_COMMENT::1 sequences do not include structured comments.
plasmid_files/MF168403.1_results/PROKKA_06292018:MF168403.1 (length 169424)

DiscRep_ALL:MISSING_PROJECT::229 sequences do not include project.
plasmid_files/MF168403.1_results/PROKKA_06292018:MF168403.1 (length 169424)
plasmid_files/MF168403.1_results/PROKKA_06292018:MF168403.1_1 (length 285)
plasmid_files/MF168403.1_results/PROKKA_06292018:MF168403.1_2 (length 217)
plasmid_files/MF168403.1_results/PROKKA_06292018:MF168403.1_3 (length 85)
plasmid_files/MF168403.1_results/PROKKA_06292018:MF168403.1_4 (length 110)
plasmid_files/MF168403.1_results/PROKKA_06292018:MF168403.1_5 (length 71)
plasmid_files/MF168403.1_results/PROKKA_06292018:MF168403.1_6 (length 177)
plasmid_files/MF168403.1_results/PROKKA_06292018:MF168403.1_7 (length 234)
plasmid_files/MF168403.1_results/PROKKA_06292018:MF168403.1_8 (length 40)
plasmid_files/MF168403.1_results/PROKKA_06292018:MF168403.1_9 (length 291)
plasmid_files/MF168403.1_results/PROKKA_06292018:MF168403.1_10 (length 322)
plasmid_files/MF168403.1_results/PROKKA_06292018:MF168403.1_11 (length 341)
plasmid_files/MF168403.1_results/PROKKA_06292018:MF168403.1_12 (length 149)
plasmid_files/MF168403.1_results/PROKKA_06292018:MF168403.1_13 (length 234)
plasmid_files/MF168403.1_results/PROKKA_06292018:MF168403.1_14 (length 191)
plasmid_files/MF168403.1_results/PROKKA_06292018:MF168403.1_15 (length 234)
plasmid_files/MF168403.1_results/PROKKA_06292018:MF168403.1_16 (length 172)
plasmid_files/MF168403.1_results/PROKKA_06292018:MF168403.1_17 (length 138)
plasmid_files/MF168403.1_results/PROKKA_06292018:MF168403.1_18 (length 234)
plasmid_files/MF168403.1_results/PROKKA_06292018:MF168403.1_19 (length 240)
plasmid_files/MF168403.1_results/PROKKA_06292018:MF168403.1_20 (length 62)
plasmid_files/MF168403.1_results/PROKKA_06292018:MF168403.1_21 (length 171)
plasmid_files/MF168403.1_results/PROKKA_06292018:MF168403.1_22 (length 286)
plasmid_files/MF168403.1_results/PROKKA_06292018:MF168403.1_23 (length 251)
plasmid_files/MF168403.1_results/PROKKA_06292018:MF168403.1_24 (length 93)
plasmid_files/MF168403.1_results/PROKKA_06292018:MF168403.1_25 (length 234)
plasmid_files/MF168403.1_results/PROKKA_06292018:MF168403.1_26 (length 93)
plasmid_files/MF168403.1_results/PROKKA_06292018:MF168403.1_27 (length 117)
plasmid_files/MF168403.1_results/PROKKA_06292018:MF168403.1_28 (length 239)
plasmid_files/MF168403.1_results/PROKKA_06292018:MF168403.1_29 (length 64)
plasmid_files/MF168403.1_results/PROKKA_06292018:MF168403.1_30 (length 227)
plasmid_files/MF168403.1_results/PROKKA_06292018:MF168403.1_31 (length 73)
plasmid_files/MF168403.1_results/PROKKA_06292018:MF168403.1_32 (length 144)
plasmid_files/MF168403.1_results/PROKKA_06292018:MF168403.1_33 (length 275)
plasmid_files/MF168403.1_results/PROKKA_06292018:MF168403.1_34 (length 141)
plasmid_files/MF168403.1_results/PROKKA_06292018:MF168403.1_35 (length 140)
plasmid_files/MF168403.1_results/PROKKA_06292018:MF168403.1_36 (length 63)
plasmid_files/MF168403.1_results/PROKKA_06292018:MF168403.1_37 (length 555)
plasmid_files/MF168403.1_results/PROKKA_06292018:MF168403.1_38 (length 76)
plasmid_files/MF168403.1_results/PROKKA_06292018:MF168403.1_39 (length 453)
plasmid_files/MF168403.1_results/PROKKA_06292018:MF168403.1_40 (length 187)
plasmid_files/MF168403.1_results/PROKKA_06292018:MF168403.1_41 (length 153)
plasmid_files/MF168403.1_results/PROKKA_06292018:MF168403.1_42 (length 175)
plasmid_files/MF168403.1_results/PROKKA_06292018:MF168403.1_43 (length 77)
plasmid_files/MF168403.1_results/PROKKA_06292018:MF168403.1_44 (length 473)
plasmid_files/MF168403.1_results/PROKKA_06292018:MF168403.1_45 (length 191)
plasmid_files/MF168403.1_results/PROKKA_06292018:MF168403.1_46 (length 144)
plasmid_files/MF168403.1_results/PROKKA_06292018:MF168403.1_47 (length 239)
plasmid_files/MF168403.1_results/PROKKA_06292018:MF168403.1_48 (length 71)
plasmid_files/MF168403.1_results/PROKKA_06292018:MF168403.1_49 (length 125)
plasmid_files/MF168403.1_results/PROKKA_06292018:MF168403.1_50 (length 98)
plasmid_files/MF168403.1_results/PROKKA_06292018:MF168403.1_51 (length 273)
plasmid_files/MF168403.1_results/PROKKA_06292018:MF168403.1_52 (length 215)
plasmid_files/MF168403.1_results/PROKKA_06292018:MF168403.1_53 (length 127)
plasmid_files/MF168403.1_results/PROKKA_06292018:MF168403.1_54 (length 228)
plasmid_files/MF168403.1_results/PROKKA_06292018:MF168403.1_55 (length 75)
plasmid_files/MF168403.1_results/PROKKA_06292018:MF168403.1_56 (length 121)
plasmid_files/MF168403.1_results/PROKKA_06292018:MF168403.1_57 (length 103)
plasmid_files/MF168403.1_results/PROKKA_06292018:MF168403.1_58 (length 188)
plasmid_files/MF168403.1_results/PROKKA_06292018:MF168403.1_59 (length 242)
plasmid_files/MF168403.1_results/PROKKA_06292018:MF168403.1_60 (length 475)
plasmid_files/MF168403.1_results/PROKKA_06292018:MF168403.1_61 (length 196)
plasmid_files/MF168403.1_results/PROKKA_06292018:MF168403.1_62 (length 65)
plasmid_files/MF168403.1_results/PROKKA_06292018:MF168403.1_63 (length 83)
plasmid_files/MF168403.1_results/PROKKA_06292018:MF168403.1_64 (length 171)
plasmid_files/MF168403.1_results/PROKKA_06292018:MF168403.1_65 (length 73)
plasmid_files/MF168403.1_results/PROKKA_06292018:MF168403.1_66 (length 559)
plasmid_files/MF168403.1_results/PROKKA_06292018:MF168403.1_67 (length 315)
plasmid_files/MF168403.1_results/PROKKA_06292018:MF168403.1_68 (length 128)
plasmid_files/MF168403.1_results/PROKKA_06292018:MF168403.1_69 (length 210)
plasmid_files/MF168403.1_results/PROKKA_06292018:MF168403.1_70 (length 330)
plasmid_files/MF168403.1_results/PROKKA_06292018:MF168403.1_71 (length 102)
plasmid_files/MF168403.1_results/PROKKA_06292018:MF168403.1_72 (length 173)
plasmid_files/MF168403.1_results/PROKKA_06292018:MF168403.1_73 (length 212)
plasmid_files/MF168403.1_results/PROKKA_06292018:MF168403.1_74 (length 123)
plasmid_files/MF168403.1_results/PROKKA_06292018:MF168403.1_75 (length 140)
plasmid_files/MF168403.1_results/PROKKA_06292018:MF168403.1_76 (length 66)
plasmid_files/MF168403.1_results/PROKKA_06292018:MF168403.1_77 (length 550)
plasmid_files/MF168403.1_results/PROKKA_06292018:MF168403.1_78 (length 85)
plasmid_files/MF168403.1_results/PROKKA_06292018:MF168403.1_79 (length 247)
plasmid_files/MF168403.1_results/PROKKA_06292018:MF168403.1_80 (length 93)
plasmid_files/MF168403.1_results/PROKKA_06292018:MF168403.1_81 (length 181)
plasmid_files/MF168403.1_results/PROKKA_06292018:MF168403.1_82 (length 104)
plasmid_files/MF168403.1_results/PROKKA_06292018:MF168403.1_83 (length 130)
plasmid_files/MF168403.1_results/PROKKA_06292018:MF168403.1_84 (length 856)
plasmid_files/MF168403.1_results/PROKKA_06292018:MF168403.1_85 (length 75)
plasmid_files/MF168403.1_results/PROKKA_06292018:MF168403.1_86 (length 173)
plasmid_files/MF168403.1_results/PROKKA_06292018:MF168403.1_87 (length 244)
plasmid_files/MF168403.1_results/PROKKA_06292018:MF168403.1_88 (length 245)
plasmid_files/MF168403.1_results/PROKKA_06292018:MF168403.1_89 (length 741)
plasmid_files/MF168403.1_results/PROKKA_06292018:MF168403.1_90 (length 887)
plasmid_files/MF168403.1_results/PROKKA_06292018:MF168403.1_91 (length 201)
plasmid_files/MF168403.1_results/PROKKA_06292018:MF168403.1_92 (length 617)
plasmid_files/MF168403.1_results/PROKKA_06292018:MF168403.1_93 (length 234)
plasmid_files/MF168403.1_results/PROKKA_06292018:MF168403.1_94 (length 165)
plasmid_files/MF168403.1_results/PROKKA_06292018:MF168403.1_95 (length 92)
plasmid_files/MF168403.1_results/PROKKA_06292018:MF168403.1_96 (length 140)
plasmid_files/MF168403.1_results/PROKKA_06292018:MF168403.1_97 (length 51)
plasmid_files/MF168403.1_results/PROKKA_06292018:MF168403.1_98 (length 98)
plasmid_files/MF168403.1_results/PROKKA_06292018:MF168403.1_99 (length 326)
plasmid_files/MF168403.1_results/PROKKA_06292018:MF168403.1_100 (length 293)
plasmid_files/MF168403.1_results/PROKKA_06292018:MF168403.1_101 (length 326)
plasmid_files/MF168403.1_results/PROKKA_06292018:MF168403.1_102 (length 131)
plasmid_files/MF168403.1_results/PROKKA_06292018:MF168403.1_103 (length 234)
plasmid_files/MF168403.1_results/PROKKA_06292018:MF168403.1_104 (length 396)
plasmid_files/MF168403.1_results/PROKKA_06292018:MF168403.1_105 (length 235)
plasmid_files/MF168403.1_results/PROKKA_06292018:MF168403.1_106 (length 78)
plasmid_files/MF168403.1_results/PROKKA_06292018:MF168403.1_107 (length 120)
plasmid_files/MF168403.1_results/PROKKA_06292018:MF168403.1_108 (length 564)
plasmid_files/MF168403.1_results/PROKKA_06292018:MF168403.1_109 (length 153)
plasmid_files/MF168403.1_results/PROKKA_06292018:MF168403.1_110 (length 91)
plasmid_files/MF168403.1_results/PROKKA_06292018:MF168403.1_111 (length 116)
plasmid_files/MF168403.1_results/PROKKA_06292018:MF168403.1_112 (length 144)
plasmid_files/MF168403.1_results/PROKKA_06292018:MF168403.1_113 (length 334)
plasmid_files/MF168403.1_results/PROKKA_06292018:MF168403.1_114 (length 58)
plasmid_files/MF168403.1_results/PROKKA_06292018:MF168403.1_115 (length 74)
plasmid_files/MF168403.1_results/PROKKA_06292018:MF168403.1_116 (length 245)
plasmid_files/MF168403.1_results/PROKKA_06292018:MF168403.1_117 (length 163)
plasmid_files/MF168403.1_results/PROKKA_06292018:MF168403.1_118 (length 234)
plasmid_files/MF168403.1_results/PROKKA_06292018:MF168403.1_119 (length 124)
plasmid_files/MF168403.1_results/PROKKA_06292018:MF168403.1_120 (length 119)
plasmid_files/MF168403.1_results/PROKKA_06292018:MF168403.1_121 (length 107)
plasmid_files/MF168403.1_results/PROKKA_06292018:MF168403.1_122 (length 242)
plasmid_files/MF168403.1_results/PROKKA_06292018:MF168403.1_123 (length 143)
plasmid_files/MF168403.1_results/PROKKA_06292018:MF168403.1_124 (length 432)
plasmid_files/MF168403.1_results/PROKKA_06292018:MF168403.1_125 (length 220)
plasmid_files/MF168403.1_results/PROKKA_06292018:MF168403.1_126 (length 76)
plasmid_files/MF168403.1_results/PROKKA_06292018:MF168403.1_127 (length 100)
plasmid_files/MF168403.1_results/PROKKA_06292018:MF168403.1_128 (length 37)
plasmid_files/MF168403.1_results/PROKKA_06292018:MF168403.1_129 (length 39)
plasmid_files/MF168403.1_results/PROKKA_06292018:MF168403.1_130 (length 86)
plasmid_files/MF168403.1_results/PROKKA_06292018:MF168403.1_131 (length 78)
plasmid_files/MF168403.1_results/PROKKA_06292018:MF168403.1_132 (length 63)
plasmid_files/MF168403.1_results/PROKKA_06292018:MF168403.1_133 (length 168)
plasmid_files/MF168403.1_results/PROKKA_06292018:MF168403.1_134 (length 259)
plasmid_files/MF168403.1_results/PROKKA_06292018:MF168403.1_135 (length 139)
plasmid_files/MF168403.1_results/PROKKA_06292018:MF168403.1_136 (length 73)
plasmid_files/MF168403.1_results/PROKKA_06292018:MF168403.1_137 (length 225)
plasmid_files/MF168403.1_results/PROKKA_06292018:MF168403.1_138 (length 223)
plasmid_files/MF168403.1_results/PROKKA_06292018:MF168403.1_139 (length 140)
plasmid_files/MF168403.1_results/PROKKA_06292018:MF168403.1_140 (length 423)
plasmid_files/MF168403.1_results/PROKKA_06292018:MF168403.1_141 (length 323)
plasmid_files/MF168403.1_results/PROKKA_06292018:MF168403.1_142 (length 401)
plasmid_files/MF168403.1_results/PROKKA_06292018:MF168403.1_143 (length 210)
plasmid_files/MF168403.1_results/PROKKA_06292018:MF168403.1_144 (length 66)
plasmid_files/MF168403.1_results/PROKKA_06292018:MF168403.1_145 (length 316)
plasmid_files/MF168403.1_results/PROKKA_06292018:MF168403.1_146 (length 203)
plasmid_files/MF168403.1_results/PROKKA_06292018:MF168403.1_147 (length 131)
plasmid_files/MF168403.1_results/PROKKA_06292018:MF168403.1_148 (length 326)
plasmid_files/MF168403.1_results/PROKKA_06292018:MF168403.1_149 (length 42)
plasmid_files/MF168403.1_results/PROKKA_06292018:MF168403.1_150 (length 187)
plasmid_files/MF168403.1_results/PROKKA_06292018:MF168403.1_151 (length 234)
plasmid_files/MF168403.1_results/PROKKA_06292018:MF168403.1_152 (length 213)
plasmid_files/MF168403.1_results/PROKKA_06292018:MF168403.1_153 (length 166)
plasmid_files/MF168403.1_results/PROKKA_06292018:MF168403.1_154 (length 234)
plasmid_files/MF168403.1_results/PROKKA_06292018:MF168403.1_155 (length 115)
plasmid_files/MF168403.1_results/PROKKA_06292018:MF168403.1_156 (length 245)
plasmid_files/MF168403.1_results/PROKKA_06292018:MF168403.1_157 (length 105)
plasmid_files/MF168403.1_results/PROKKA_06292018:MF168403.1_158 (length 161)
plasmid_files/MF168403.1_results/PROKKA_06292018:MF168403.1_159 (length 104)
plasmid_files/MF168403.1_results/PROKKA_06292018:MF168403.1_160 (length 273)
plasmid_files/MF168403.1_results/PROKKA_06292018:MF168403.1_161 (length 35)
plasmid_files/MF168403.1_results/PROKKA_06292018:MF168403.1_162 (length 92)
plasmid_files/MF168403.1_results/PROKKA_06292018:MF168403.1_163 (length 106)
plasmid_files/MF168403.1_results/PROKKA_06292018:MF168403.1_164 (length 74)
plasmid_files/MF168403.1_results/PROKKA_06292018:MF168403.1_165 (length 70)
plasmid_files/MF168403.1_results/PROKKA_06292018:MF168403.1_166 (length 118)
plasmid_files/MF168403.1_results/PROKKA_06292018:MF168403.1_167 (length 105)
plasmid_files/MF168403.1_results/PROKKA_06292018:MF168403.1_168 (length 116)
plasmid_files/MF168403.1_results/PROKKA_06292018:MF168403.1_169 (length 90)
plasmid_files/MF168403.1_results/PROKKA_06292018:MF168403.1_170 (length 50)
plasmid_files/MF168403.1_results/PROKKA_06292018:MF168403.1_171 (length 124)
plasmid_files/MF168403.1_results/PROKKA_06292018:MF168403.1_172 (length 108)
plasmid_files/MF168403.1_results/PROKKA_06292018:MF168403.1_173 (length 242)
plasmid_files/MF168403.1_results/PROKKA_06292018:MF168403.1_174 (length 143)
plasmid_files/MF168403.1_results/PROKKA_06292018:MF168403.1_175 (length 685)
plasmid_files/MF168403.1_results/PROKKA_06292018:MF168403.1_176 (length 82)
plasmid_files/MF168403.1_results/PROKKA_06292018:MF168403.1_177 (length 180)
plasmid_files/MF168403.1_results/PROKKA_06292018:MF168403.1_178 (length 109)
plasmid_files/MF168403.1_results/PROKKA_06292018:MF168403.1_179 (length 187)
plasmid_files/MF168403.1_results/PROKKA_06292018:MF168403.1_180 (length 451)
plasmid_files/MF168403.1_results/PROKKA_06292018:MF168403.1_181 (length 76)
plasmid_files/MF168403.1_results/PROKKA_06292018:MF168403.1_182 (length 75)
plasmid_files/MF168403.1_results/PROKKA_06292018:MF168403.1_183 (length 106)
plasmid_files/MF168403.1_results/PROKKA_06292018:MF168403.1_184 (length 84)
plasmid_files/MF168403.1_results/PROKKA_06292018:MF168403.1_185 (length 63)
plasmid_files/MF168403.1_results/PROKKA_06292018:MF168403.1_186 (length 168)
plasmid_files/MF168403.1_results/PROKKA_06292018:MF168403.1_187 (length 142)
plasmid_files/MF168403.1_results/PROKKA_06292018:MF168403.1_188 (length 255)
plasmid_files/MF168403.1_results/PROKKA_06292018:MF168403.1_189 (length 139)
plasmid_files/MF168403.1_results/PROKKA_06292018:MF168403.1_190 (length 73)
plasmid_files/MF168403.1_results/PROKKA_06292018:MF168403.1_191 (length 233)
plasmid_files/MF168403.1_results/PROKKA_06292018:MF168403.1_192 (length 76)
plasmid_files/MF168403.1_results/PROKKA_06292018:MF168403.1_193 (length 223)
plasmid_files/MF168403.1_results/PROKKA_06292018:MF168403.1_194 (length 323)
plasmid_files/MF168403.1_results/PROKKA_06292018:MF168403.1_195 (length 495)
plasmid_files/MF168403.1_results/PROKKA_06292018:MF168403.1_196 (length 143)
plasmid_files/MF168403.1_results/PROKKA_06292018:MF168403.1_197 (length 56)
plasmid_files/MF168403.1_results/PROKKA_06292018:MF168403.1_198 (length 114)
plasmid_files/MF168403.1_results/PROKKA_06292018:MF168403.1_199 (length 237)
plasmid_files/MF168403.1_results/PROKKA_06292018:MF168403.1_200 (length 324)
plasmid_files/MF168403.1_results/PROKKA_06292018:MF168403.1_201 (length 401)
plasmid_files/MF168403.1_results/PROKKA_06292018:MF168403.1_202 (length 91)
plasmid_files/MF168403.1_results/PROKKA_06292018:MF168403.1_203 (length 290)
plasmid_files/MF168403.1_results/PROKKA_06292018:MF168403.1_204 (length 91)
plasmid_files/MF168403.1_results/PROKKA_06292018:MF168403.1_205 (length 31)
plasmid_files/MF168403.1_results/PROKKA_06292018:MF168403.1_206 (length 85)
plasmid_files/MF168403.1_results/PROKKA_06292018:MF168403.1_207 (length 259)
plasmid_files/MF168403.1_results/PROKKA_06292018:MF168403.1_208 (length 321)
plasmid_files/MF168403.1_results/PROKKA_06292018:MF168403.1_209 (length 67)
plasmid_files/MF168403.1_results/PROKKA_06292018:MF168403.1_210 (length 173)
plasmid_files/MF168403.1_results/PROKKA_06292018:MF168403.1_211 (length 130)
plasmid_files/MF168403.1_results/PROKKA_06292018:MF168403.1_212 (length 81)
plasmid_files/MF168403.1_results/PROKKA_06292018:MF168403.1_213 (length 215)
plasmid_files/MF168403.1_results/PROKKA_06292018:MF168403.1_214 (length 76)
plasmid_files/MF168403.1_results/PROKKA_06292018:MF168403.1_215 (length 138)
plasmid_files/MF168403.1_results/PROKKA_06292018:MF168403.1_216 (length 520)
plasmid_files/MF168403.1_results/PROKKA_06292018:MF168403.1_217 (length 340)
plasmid_files/MF168403.1_results/PROKKA_06292018:MF168403.1_218 (length 125)
plasmid_files/MF168403.1_results/PROKKA_06292018:MF168403.1_219 (length 117)
plasmid_files/MF168403.1_results/PROKKA_06292018:MF168403.1_220 (length 334)
plasmid_files/MF168403.1_results/PROKKA_06292018:MF168403.1_221 (length 988)
plasmid_files/MF168403.1_results/PROKKA_06292018:MF168403.1_222 (length 234)
plasmid_files/MF168403.1_results/PROKKA_06292018:MF168403.1_223 (length 66)
plasmid_files/MF168403.1_results/PROKKA_06292018:MF168403.1_224 (length 248)
plasmid_files/MF168403.1_results/PROKKA_06292018:MF168403.1_225 (length 186)
plasmid_files/MF168403.1_results/PROKKA_06292018:MF168403.1_226 (length 66)
plasmid_files/MF168403.1_results/PROKKA_06292018:MF168403.1_227 (length 199)
plasmid_files/MF168403.1_results/PROKKA_06292018:MF168403.1_228 (length 110)

DiscRep_ALL:DISC_INCONSISTENT_MOLINFO_TECH::Molinfo Technique Report (some missing, all same)
DiscRep_SUB:DISC_INCONSISTENT_MOLINFO_TECH::technique (all missing)
DiscRep_SUB:DISC_INCONSISTENT_MOLINFO_TECH::1 Molinfos are missing field technique
plasmid_files/MF168403.1_results/PROKKA_06292018:MF168403.1 (length 169424)

