[10:15:34] This is prokka 1.14-dev
[10:15:34] Written by Torsten Seemann <torsten.seemann@gmail.com>
[10:15:34] Homepage is https://github.com/tseemann/prokka
[10:15:34] Local time is Fri Jun 29 10:15:34 2018
[10:15:34] You are christian
[10:15:34] Operating system is linux
[10:15:34] You have BioPerl 1.007002
[10:15:34] System has 20 cores.
[10:15:34] Will use maximum of 20 cores.
[10:15:34] Annotating as >>> Bacteria <<<
[10:15:34] Generating locus_tag from 'plasmid_files/MF168403.1.fasta' contents.
[10:15:34] Setting --locustag DMLCEJHA from MD5 d65ce31ab2134c979da557ca75cb1755
[10:15:34] Creating new output folder: plasmid_files/MF168403.1_results
[10:15:34] Running: mkdir -p plasmid_files\/MF168403\.1_results
[10:15:34] Using filename prefix: PROKKA_06292018.XXX
[10:15:34] Setting HMMER_NCPU=1
[10:15:34] Writing log to: plasmid_files/MF168403.1_results/PROKKA_06292018.log
[10:15:34] Command: /home/christian/install/prokka/bin/prokka plasmid_files/MF168403.1.fasta --outdir plasmid_files/MF168403.1_results --cpus 20
[10:15:34] Appending to PATH: /home/christian/install/prokka/bin/../binaries/linux
[10:15:34] Appending to PATH: /home/christian/install/prokka/bin/../binaries/linux/../common
[10:15:34] Appending to PATH: /home/christian/install/prokka/bin
[10:15:34] Looking for 'aragorn' - found /home/christian/install/prokka/bin/../binaries/linux/aragorn
[10:15:34] Determined aragorn version is 1.2
[10:15:34] Looking for 'blastp' - found /usr/bin/blastp
[10:15:34] Determined blastp version is 2.2
[10:15:34] Looking for 'cmpress' - found /usr/local/bin/cmpress
[10:15:34] Determined cmpress version is 1.1
[10:15:34] Looking for 'cmscan' - found /usr/local/bin/cmscan
[10:15:34] Determined cmscan version is 1.1
[10:15:34] Looking for 'egrep' - found /bin/egrep
[10:15:34] Looking for 'find' - found /usr/bin/find
[10:15:34] Looking for 'grep' - found /bin/grep
[10:15:34] Looking for 'hmmpress' - found /usr/local/bin/hmmpress
[10:15:34] Determined hmmpress version is 3.1
[10:15:34] Looking for 'hmmscan' - found /usr/local/bin/hmmscan
[10:15:34] Determined hmmscan version is 3.1
[10:15:34] Looking for 'java' - found /usr/bin/java
[10:15:34] Looking for 'less' - found /usr/bin/less
[10:15:34] Looking for 'makeblastdb' - found /usr/bin/makeblastdb
[10:15:34] Determined makeblastdb version is 2.2
[10:15:34] Looking for 'minced' - found /home/christian/install/prokka/bin/../binaries/linux/../common/minced
[10:15:35] Determined minced version is 2.0
[10:15:35] Looking for 'parallel' - found /usr/bin/parallel
[10:15:35] Determined parallel version is 20141022
[10:15:35] Looking for 'prodigal' - found /usr/local/bin/prodigal
[10:15:35] Determined prodigal version is 2.6
[10:15:35] Looking for 'prokka-genbank_to_fasta_db' - found /home/christian/install/prokka/bin/prokka-genbank_to_fasta_db
[10:15:35] Looking for 'sed' - found /bin/sed
[10:15:35] Looking for 'tbl2asn' - found /home/christian/install/prokka/bin/../binaries/linux/tbl2asn
[10:15:35] Determined tbl2asn version is 25.6
[10:15:35] Using genetic code table 11.
[10:15:35] Loading and checking input file: plasmid_files/MF168403.1.fasta
[10:15:35] Wrote 1 contigs totalling 169424 bp.
[10:15:35] Predicting tRNAs and tmRNAs
[10:15:35] Running: aragorn -l -gc11  -w plasmid_files\/MF168403\.1_results\/PROKKA_06292018\.fna
[10:15:35] 1 tRNA-Thr c[60643,60714] 34 (ggt)
[10:15:35] Found 1 tRNAs
[10:15:35] Predicting Ribosomal RNAs
[10:15:35] You need either Barrnap or RNAmmer installed to predict rRNAs!
[10:15:35] Skipping ncRNA search, enable with --rfam if desired.
[10:15:35] Total of 1 tRNA + rRNA features
[10:15:35] Searching for CRISPR repeats
[10:15:35] Found 0 CRISPRs
[10:15:35] Predicting coding sequences
[10:15:35] Contigs total 169424 bp, so using single mode
[10:15:35] Running: prodigal -i plasmid_files\/MF168403\.1_results\/PROKKA_06292018\.fna -c -m -g 11 -p single -f sco -q
[10:15:35] Excluding CDS which overlaps existing RNA (tRNA) at MF168403.1:59893..61266 on + strand
[10:15:35] Found 228 CDS
[10:15:35] Connecting features back to sequences
[10:15:35] Not using genus-specific database. Try --usegenus to enable it.
[10:15:35] Annotating CDS, please be patient.
[10:15:35] Will use 20 CPUs for similarity searching.
[10:15:35] There are still 228 unannotated CDS left (started with 228)
[10:15:35] Will use blast to search against /home/christian/install/prokka/db/kingdom/Bacteria/sprot with 20 CPUs
[10:15:35] Running: cat plasmid_files\/MF168403\.1_results\/sprot\.faa | parallel --gnu --plain -j 20 --block 1158 --recstart '>' --pipe blastp -query - -db /home/christian/install/prokka/db/kingdom/Bacteria/sprot -evalue 1e-06 -num_threads 1 -num_descriptions 1 -num_alignments 1 -seg no > plasmid_files\/MF168403\.1_results\/sprot\.blast 2> /dev/null
[10:15:37] Modify product: UPF0401 protein YkfF => hypothetical protein
[10:15:37] Modify product: Uncharacterized signaling protein PA1727 => putative signaling protein
[10:15:37] Modify product: UPF0401 protein YkfF => hypothetical protein
[10:15:37] Modify product: UPF0401 protein YkfF => hypothetical protein
[10:15:37] Cleaned 4 /product names
[10:15:37] Deleting unwanted file: plasmid_files/MF168403.1_results/sprot.faa
[10:15:37] Deleting unwanted file: plasmid_files/MF168403.1_results/sprot.blast
[10:15:37] There are still 141 unannotated CDS left (started with 228)
[10:15:37] Will use hmmer3 to search against /home/christian/install/prokka/db/hmm/HAMAP.hmm with 20 CPUs
[10:15:37] Running: cat plasmid_files\/MF168403\.1_results\/HAMAP\.hmm\.faa | parallel --gnu --plain -j 20 --block 651 --recstart '>' --pipe hmmscan --noali --notextw --acc -E 1e-06 --cpu 1 /home/christian/install/prokka/db/hmm/HAMAP.hmm /dev/stdin > plasmid_files\/MF168403\.1_results\/HAMAP\.hmm\.hmmer3 2> /dev/null
[10:15:37] Deleting unwanted file: plasmid_files/MF168403.1_results/HAMAP.hmm.faa
[10:15:37] Deleting unwanted file: plasmid_files/MF168403.1_results/HAMAP.hmm.hmmer3
[10:15:37] Labelling remaining 139 proteins as 'hypothetical protein'
[10:15:37] Possible /pseudo 'Plasmid segregation protein ParM' at MF168403.1 position 22545
[10:15:37] Possible /pseudo 'Protein TraC' at MF168403.1 position 50113
[10:15:37] Possible /pseudo 'Multifunctional conjugation protein TraI' at MF168403.1 position 71255
[10:15:37] Possible /pseudo 'Multifunctional conjugation protein TraI' at MF168403.1 position 71884
[10:15:37] Possible /pseudo 'Protein UmuC' at MF168403.1 position 144859
[10:15:37] Possible /pseudo 'Protein UmuC' at MF168403.1 position 145268
[10:15:37] Found 55 unique /gene codes.
[10:15:37] Fixed 3 duplicate /gene - spo0C_1 spo0C_2 spo0C_3
[10:15:37] Fixed 2 duplicate /gene - ssb_1 ssb_2
[10:15:37] Fixed 2 duplicate /gene - umuD_1 umuD_2
[10:15:37] Fixed 3 duplicate /gene - parM_1 parM_2 parM_3
[10:15:37] Fixed 2 duplicate /gene - ltrA_1 ltrA_2
[10:15:37] Fixed 4 duplicate /gene - umuC_1 umuC_2 umuC_3 umuC_4
[10:15:37] Fixed 2 duplicate /gene - traJ_1 traJ_2
[10:15:37] Fixed 3 duplicate /gene - yhdJ_1 yhdJ_2 yhdJ_3
[10:15:37] Fixed 2 duplicate /gene - traA_1 traA_2
[10:15:37] Fixed 2 duplicate /gene - traM_1 traM_2
[10:15:37] Fixed 2 duplicate /gene - traC_1 traC_2
[10:15:37] Fixed 3 duplicate /gene - psiB_1 psiB_2 psiB_3
[10:15:37] Fixed 2 duplicate /gene - tnpR_1 tnpR_2
[10:15:37] Fixed 4 duplicate /gene - traI_1 traI_2 traI_3 traI_4
[10:15:37] Fixed 2 duplicate /gene - parA_1 parA_2
[10:15:37] Fixed 2 duplicate /gene - holE_1 holE_2
[10:15:37] Fixed 2 duplicate /gene - virB_1 virB_2
[10:15:37] Fixed 3 duplicate /gene - klcA_1 klcA_2 klcA_3
[10:15:37] Fixed 2 duplicate /gene - bin3_1 bin3_2
[10:15:37] Fixed 3 duplicate /gene - bla_1 bla_2 bla_3
[10:15:37] Fixed 20 colliding /gene names.
[10:15:37] Adding /locus_tag identifiers
[10:15:37] Assigned 229 locus_tags to CDS and RNA features.
[10:15:37] Writing outputs to plasmid_files/MF168403.1_results/
[10:15:38] Generating annotation statistics file
[10:15:38] Generating Genbank and Sequin files
[10:15:38] Running: tbl2asn -V b -a r10k -l paired-ends -M n -N 1 -y 'Annotated using prokka 1.14-dev from https://github.com/tseemann/prokka' -Z plasmid_files\/MF168403\.1_results\/PROKKA_06292018\.err -i plasmid_files\/MF168403\.1_results\/PROKKA_06292018\.fsa 2> /dev/null
[10:15:38] Deleting unwanted file: plasmid_files/MF168403.1_results/errorsummary.val
[10:15:38] Deleting unwanted file: plasmid_files/MF168403.1_results/PROKKA_06292018.dr
[10:15:38] Deleting unwanted file: plasmid_files/MF168403.1_results/PROKKA_06292018.fixedproducts
[10:15:38] Deleting unwanted file: plasmid_files/MF168403.1_results/PROKKA_06292018.ecn
[10:15:38] Deleting unwanted file: plasmid_files/MF168403.1_results/PROKKA_06292018.val
[10:15:38] Repairing broken .GBK output that tbl2asn produces...
[10:15:38] Running: sed 's/COORDINATES: profile/COORDINATES:profile/' < plasmid_files\/MF168403\.1_results\/PROKKA_06292018\.gbf > plasmid_files\/MF168403\.1_results\/PROKKA_06292018\.gbk
[10:15:38] Deleting unwanted file: plasmid_files/MF168403.1_results/PROKKA_06292018.gbf
[10:15:38] Output files:
[10:15:38] plasmid_files/MF168403.1_results/PROKKA_06292018.sqn
[10:15:38] plasmid_files/MF168403.1_results/PROKKA_06292018.fsa
[10:15:38] plasmid_files/MF168403.1_results/PROKKA_06292018.tbl
[10:15:38] plasmid_files/MF168403.1_results/PROKKA_06292018.log
[10:15:38] plasmid_files/MF168403.1_results/PROKKA_06292018.gff
[10:15:38] plasmid_files/MF168403.1_results/PROKKA_06292018.txt
[10:15:38] plasmid_files/MF168403.1_results/PROKKA_06292018.gbk
[10:15:38] plasmid_files/MF168403.1_results/PROKKA_06292018.faa
[10:15:38] plasmid_files/MF168403.1_results/PROKKA_06292018.fna
[10:15:38] plasmid_files/MF168403.1_results/PROKKA_06292018.tsv
[10:15:38] plasmid_files/MF168403.1_results/PROKKA_06292018.ffn
[10:15:38] plasmid_files/MF168403.1_results/PROKKA_06292018.err
[10:15:38] Annotation finished successfully.
[10:15:38] Walltime used: 0.07 minutes
[10:15:38] If you use this result please cite the Prokka paper:
[10:15:38] Seemann T (2014) Prokka: rapid prokaryotic genome annotation. Bioinformatics. 30(14):2068-9.
[10:15:38] Type 'prokka --citation' for more details.
[10:15:38] Thank you, come again.
