[10:05:45] This is prokka 1.14-dev
[10:05:45] Written by Torsten Seemann <torsten.seemann@gmail.com>
[10:05:45] Homepage is https://github.com/tseemann/prokka
[10:05:45] Local time is Fri Jun 29 10:05:45 2018
[10:05:45] You are christian
[10:05:45] Operating system is linux
[10:05:45] You have BioPerl 1.007002
[10:05:45] System has 20 cores.
[10:05:45] Will use maximum of 20 cores.
[10:05:45] Annotating as >>> Bacteria <<<
[10:05:45] Generating locus_tag from 'plasmid_files/CP026394.1.fasta' contents.
[10:05:45] Setting --locustag NEOADLAJ from MD5 7e8ad5a3be64a7022e2df821e12a3508
[10:05:45] Creating new output folder: plasmid_files/CP026394.1_results
[10:05:45] Running: mkdir -p plasmid_files\/CP026394\.1_results
[10:05:45] Using filename prefix: PROKKA_06292018.XXX
[10:05:45] Setting HMMER_NCPU=1
[10:05:45] Writing log to: plasmid_files/CP026394.1_results/PROKKA_06292018.log
[10:05:45] Command: /home/christian/install/prokka/bin/prokka plasmid_files/CP026394.1.fasta --outdir plasmid_files/CP026394.1_results --cpus 20
[10:05:45] Appending to PATH: /home/christian/install/prokka/bin/../binaries/linux
[10:05:45] Appending to PATH: /home/christian/install/prokka/bin/../binaries/linux/../common
[10:05:45] Appending to PATH: /home/christian/install/prokka/bin
[10:05:45] Looking for 'aragorn' - found /home/christian/install/prokka/bin/../binaries/linux/aragorn
[10:05:45] Determined aragorn version is 1.2
[10:05:45] Looking for 'blastp' - found /usr/bin/blastp
[10:05:45] Determined blastp version is 2.2
[10:05:45] Looking for 'cmpress' - found /usr/local/bin/cmpress
[10:05:45] Determined cmpress version is 1.1
[10:05:45] Looking for 'cmscan' - found /usr/local/bin/cmscan
[10:05:45] Determined cmscan version is 1.1
[10:05:45] Looking for 'egrep' - found /bin/egrep
[10:05:45] Looking for 'find' - found /usr/bin/find
[10:05:45] Looking for 'grep' - found /bin/grep
[10:05:45] Looking for 'hmmpress' - found /usr/local/bin/hmmpress
[10:05:45] Determined hmmpress version is 3.1
[10:05:45] Looking for 'hmmscan' - found /usr/local/bin/hmmscan
[10:05:45] Determined hmmscan version is 3.1
[10:05:45] Looking for 'java' - found /usr/bin/java
[10:05:45] Looking for 'less' - found /usr/bin/less
[10:05:45] Looking for 'makeblastdb' - found /usr/bin/makeblastdb
[10:05:45] Determined makeblastdb version is 2.2
[10:05:45] Looking for 'minced' - found /home/christian/install/prokka/bin/../binaries/linux/../common/minced
[10:05:45] Determined minced version is 2.0
[10:05:45] Looking for 'parallel' - found /usr/bin/parallel
[10:05:45] Determined parallel version is 20141022
[10:05:45] Looking for 'prodigal' - found /usr/local/bin/prodigal
[10:05:45] Determined prodigal version is 2.6
[10:05:45] Looking for 'prokka-genbank_to_fasta_db' - found /home/christian/install/prokka/bin/prokka-genbank_to_fasta_db
[10:05:45] Looking for 'sed' - found /bin/sed
[10:05:45] Looking for 'tbl2asn' - found /home/christian/install/prokka/bin/../binaries/linux/tbl2asn
[10:05:45] Determined tbl2asn version is 25.6
[10:05:45] Using genetic code table 11.
[10:05:45] Loading and checking input file: plasmid_files/CP026394.1.fasta
[10:05:45] Wrote 1 contigs totalling 63725 bp.
[10:05:45] Predicting tRNAs and tmRNAs
[10:05:45] Running: aragorn -l -gc11  -w plasmid_files\/CP026394\.1_results\/PROKKA_06292018\.fna
[10:05:45] Found 0 tRNAs
[10:05:45] Predicting Ribosomal RNAs
[10:05:45] You need either Barrnap or RNAmmer installed to predict rRNAs!
[10:05:45] Skipping ncRNA search, enable with --rfam if desired.
[10:05:45] Total of 0 tRNA + rRNA features
[10:05:45] Searching for CRISPR repeats
[10:05:45] Found 0 CRISPRs
[10:05:45] Predicting coding sequences
[10:05:45] Contigs total 63725 bp, so using meta mode
[10:05:45] Running: prodigal -i plasmid_files\/CP026394\.1_results\/PROKKA_06292018\.fna -c -m -g 11 -p meta -f sco -q
[10:05:46] Found 61 CDS
[10:05:46] Connecting features back to sequences
[10:05:46] Not using genus-specific database. Try --usegenus to enable it.
[10:05:46] Annotating CDS, please be patient.
[10:05:46] Will use 20 CPUs for similarity searching.
[10:05:46] There are still 61 unannotated CDS left (started with 61)
[10:05:46] Will use blast to search against /home/christian/install/prokka/db/kingdom/Bacteria/sprot with 20 CPUs
[10:05:46] Running: cat plasmid_files\/CP026394\.1_results\/sprot\.faa | parallel --gnu --plain -j 20 --block 464 --recstart '>' --pipe blastp -query - -db /home/christian/install/prokka/db/kingdom/Bacteria/sprot -evalue 1e-06 -num_threads 1 -num_descriptions 1 -num_alignments 1 -seg no > plasmid_files\/CP026394\.1_results\/sprot\.blast 2> /dev/null
[10:05:46] Modify product: Probable copper-binding protein PcoE => putative copper-binding protein PcoE
[10:05:47] Modify product: Probable copper-binding protein PcoE => putative copper-binding protein PcoE
[10:05:47] Cleaned 2 /product names
[10:05:47] Deleting unwanted file: plasmid_files/CP026394.1_results/sprot.faa
[10:05:47] Deleting unwanted file: plasmid_files/CP026394.1_results/sprot.blast
[10:05:47] There are still 20 unannotated CDS left (started with 61)
[10:05:47] Will use hmmer3 to search against /home/christian/install/prokka/db/hmm/HAMAP.hmm with 20 CPUs
[10:05:47] Running: cat plasmid_files\/CP026394\.1_results\/HAMAP\.hmm\.faa | parallel --gnu --plain -j 20 --block 135 --recstart '>' --pipe hmmscan --noali --notextw --acc -E 1e-06 --cpu 1 /home/christian/install/prokka/db/hmm/HAMAP.hmm /dev/stdin > plasmid_files\/CP026394\.1_results\/HAMAP\.hmm\.hmmer3 2> /dev/null
[10:05:47] Deleting unwanted file: plasmid_files/CP026394.1_results/HAMAP.hmm.faa
[10:05:47] Deleting unwanted file: plasmid_files/CP026394.1_results/HAMAP.hmm.hmmer3
[10:05:47] Labelling remaining 18 proteins as 'hypothetical protein'
[10:05:47] Found 37 unique /gene codes.
[10:05:47] Fixed 2 duplicate /gene - arsA_1 arsA_2
[10:05:47] Fixed 2 duplicate /gene - pcoE_1 pcoE_2
[10:05:47] Fixed 2 duplicate /gene - arsD_1 arsD_2
[10:05:47] Fixed 2 duplicate /gene - arsB_1 arsB_2
[10:05:47] Fixed 2 duplicate /gene - cusS_1 cusS_2
[10:05:47] Fixed 5 colliding /gene names.
[10:05:47] Adding /locus_tag identifiers
[10:05:47] Assigned 61 locus_tags to CDS and RNA features.
[10:05:47] Writing outputs to plasmid_files/CP026394.1_results/
[10:05:47] Generating annotation statistics file
[10:05:47] Generating Genbank and Sequin files
[10:05:47] Running: tbl2asn -V b -a r10k -l paired-ends -M n -N 1 -y 'Annotated using prokka 1.14-dev from https://github.com/tseemann/prokka' -Z plasmid_files\/CP026394\.1_results\/PROKKA_06292018\.err -i plasmid_files\/CP026394\.1_results\/PROKKA_06292018\.fsa 2> /dev/null
[10:05:47] Deleting unwanted file: plasmid_files/CP026394.1_results/errorsummary.val
[10:05:47] Deleting unwanted file: plasmid_files/CP026394.1_results/PROKKA_06292018.dr
[10:05:47] Deleting unwanted file: plasmid_files/CP026394.1_results/PROKKA_06292018.fixedproducts
[10:05:47] Deleting unwanted file: plasmid_files/CP026394.1_results/PROKKA_06292018.ecn
[10:05:47] Deleting unwanted file: plasmid_files/CP026394.1_results/PROKKA_06292018.val
[10:05:47] Repairing broken .GBK output that tbl2asn produces...
[10:05:47] Running: sed 's/COORDINATES: profile/COORDINATES:profile/' < plasmid_files\/CP026394\.1_results\/PROKKA_06292018\.gbf > plasmid_files\/CP026394\.1_results\/PROKKA_06292018\.gbk
[10:05:47] Deleting unwanted file: plasmid_files/CP026394.1_results/PROKKA_06292018.gbf
[10:05:47] Output files:
[10:05:47] plasmid_files/CP026394.1_results/PROKKA_06292018.sqn
[10:05:47] plasmid_files/CP026394.1_results/PROKKA_06292018.fsa
[10:05:47] plasmid_files/CP026394.1_results/PROKKA_06292018.tbl
[10:05:47] plasmid_files/CP026394.1_results/PROKKA_06292018.log
[10:05:47] plasmid_files/CP026394.1_results/PROKKA_06292018.gff
[10:05:47] plasmid_files/CP026394.1_results/PROKKA_06292018.txt
[10:05:47] plasmid_files/CP026394.1_results/PROKKA_06292018.gbk
[10:05:47] plasmid_files/CP026394.1_results/PROKKA_06292018.faa
[10:05:47] plasmid_files/CP026394.1_results/PROKKA_06292018.fna
[10:05:47] plasmid_files/CP026394.1_results/PROKKA_06292018.tsv
[10:05:47] plasmid_files/CP026394.1_results/PROKKA_06292018.ffn
[10:05:47] plasmid_files/CP026394.1_results/PROKKA_06292018.err
[10:05:47] Annotation finished successfully.
[10:05:47] Walltime used: 0.03 minutes
[10:05:47] If you use this result please cite the Prokka paper:
[10:05:47] Seemann T (2014) Prokka: rapid prokaryotic genome annotation. Bioinformatics. 30(14):2068-9.
[10:05:47] Type 'prokka --citation' for more details.
[10:05:47] Thank you, come again.
