Discrepancy Report Results

Summary
FATAL: MISSING_PROTEIN_ID:57 proteins have invalid IDs.
DISC_SOURCE_QUALS_ASNDISC:strain (all present, all unique)
DISC_SOURCE_QUALS_ASNDISC:taxname (all present, all unique)
DISC_FEATURE_COUNT:CDS: 57 present
DISC_COUNT_NUCLEOTIDES:1 nucleotide Bioseqs are present
FEATURE_LOCATION_CONFLICT:57 features have inconsistent gene locations.
DISC_QUALITY_SCORES:Quality scores are missing on all sequences.
ONCALLER_COMMENT_PRESENT:1 comment descriptors were found (all same)
MISSING_GENOMEASSEMBLY_COMMENTS:1 bioseqs are missing GenomeAssembly structured comments
MOLTYPE_NOT_MRNA:1 molecule types are not set as mRNA.
TECHNIQUE_NOT_TSA:1 technique are not set as TSA
MISSING_STRUCTURED_COMMENT:1 sequences do not include structured comments.
MISSING_PROJECT:58 sequences do not include project.
DISC_INCONSISTENT_MOLINFO_TECH:Molinfo Technique Report (some missing, all same)


Detailed Report

FATAL: DiscRep_ALL:MISSING_PROTEIN_ID::57 proteins have invalid IDs.
plasmid_files/CP019006.1_results/PROKKA_06292018:CP019006.1_1 (length 138)
plasmid_files/CP019006.1_results/PROKKA_06292018:CP019006.1_2 (length 139)
plasmid_files/CP019006.1_results/PROKKA_06292018:CP019006.1_3 (length 238)
plasmid_files/CP019006.1_results/PROKKA_06292018:CP019006.1_4 (length 122)
plasmid_files/CP019006.1_results/PROKKA_06292018:CP019006.1_5 (length 114)
plasmid_files/CP019006.1_results/PROKKA_06292018:CP019006.1_6 (length 106)
plasmid_files/CP019006.1_results/PROKKA_06292018:CP019006.1_7 (length 59)
plasmid_files/CP019006.1_results/PROKKA_06292018:CP019006.1_8 (length 181)
plasmid_files/CP019006.1_results/PROKKA_06292018:CP019006.1_9 (length 51)
plasmid_files/CP019006.1_results/PROKKA_06292018:CP019006.1_10 (length 79)
plasmid_files/CP019006.1_results/PROKKA_06292018:CP019006.1_11 (length 134)
plasmid_files/CP019006.1_results/PROKKA_06292018:CP019006.1_12 (length 141)
plasmid_files/CP019006.1_results/PROKKA_06292018:CP019006.1_13 (length 146)
plasmid_files/CP019006.1_results/PROKKA_06292018:CP019006.1_14 (length 421)
plasmid_files/CP019006.1_results/PROKKA_06292018:CP019006.1_15 (length 263)
plasmid_files/CP019006.1_results/PROKKA_06292018:CP019006.1_16 (length 113)
plasmid_files/CP019006.1_results/PROKKA_06292018:CP019006.1_17 (length 239)
plasmid_files/CP019006.1_results/PROKKA_06292018:CP019006.1_18 (length 259)
plasmid_files/CP019006.1_results/PROKKA_06292018:CP019006.1_19 (length 189)
plasmid_files/CP019006.1_results/PROKKA_06292018:CP019006.1_20 (length 337)
plasmid_files/CP019006.1_results/PROKKA_06292018:CP019006.1_21 (length 199)
plasmid_files/CP019006.1_results/PROKKA_06292018:CP019006.1_22 (length 150)
plasmid_files/CP019006.1_results/PROKKA_06292018:CP019006.1_23 (length 157)
plasmid_files/CP019006.1_results/PROKKA_06292018:CP019006.1_24 (length 281)
plasmid_files/CP019006.1_results/PROKKA_06292018:CP019006.1_25 (length 115)
plasmid_files/CP019006.1_results/PROKKA_06292018:CP019006.1_26 (length 279)
plasmid_files/CP019006.1_results/PROKKA_06292018:CP019006.1_27 (length 166)
plasmid_files/CP019006.1_results/PROKKA_06292018:CP019006.1_28 (length 254)
plasmid_files/CP019006.1_results/PROKKA_06292018:CP019006.1_29 (length 402)
plasmid_files/CP019006.1_results/PROKKA_06292018:CP019006.1_30 (length 477)
plasmid_files/CP019006.1_results/PROKKA_06292018:CP019006.1_31 (length 88)
plasmid_files/CP019006.1_results/PROKKA_06292018:CP019006.1_32 (length 68)
plasmid_files/CP019006.1_results/PROKKA_06292018:CP019006.1_33 (length 215)
plasmid_files/CP019006.1_results/PROKKA_06292018:CP019006.1_34 (length 103)
plasmid_files/CP019006.1_results/PROKKA_06292018:CP019006.1_35 (length 104)
plasmid_files/CP019006.1_results/PROKKA_06292018:CP019006.1_36 (length 114)
plasmid_files/CP019006.1_results/PROKKA_06292018:CP019006.1_37 (length 101)
plasmid_files/CP019006.1_results/PROKKA_06292018:CP019006.1_38 (length 244)
plasmid_files/CP019006.1_results/PROKKA_06292018:CP019006.1_39 (length 93)
plasmid_files/CP019006.1_results/PROKKA_06292018:CP019006.1_40 (length 97)
plasmid_files/CP019006.1_results/PROKKA_06292018:CP019006.1_41 (length 105)
plasmid_files/CP019006.1_results/PROKKA_06292018:CP019006.1_42 (length 866)
plasmid_files/CP019006.1_results/PROKKA_06292018:CP019006.1_43 (length 237)
plasmid_files/CP019006.1_results/PROKKA_06292018:CP019006.1_44 (length 75)
plasmid_files/CP019006.1_results/PROKKA_06292018:CP019006.1_45 (length 346)
plasmid_files/CP019006.1_results/PROKKA_06292018:CP019006.1_46 (length 232)
plasmid_files/CP019006.1_results/PROKKA_06292018:CP019006.1_47 (length 294)
plasmid_files/CP019006.1_results/PROKKA_06292018:CP019006.1_48 (length 386)
plasmid_files/CP019006.1_results/PROKKA_06292018:CP019006.1_49 (length 331)
plasmid_files/CP019006.1_results/PROKKA_06292018:CP019006.1_50 (length 84)
plasmid_files/CP019006.1_results/PROKKA_06292018:CP019006.1_51 (length 293)
plasmid_files/CP019006.1_results/PROKKA_06292018:CP019006.1_52 (length 160)
plasmid_files/CP019006.1_results/PROKKA_06292018:CP019006.1_53 (length 185)
plasmid_files/CP019006.1_results/PROKKA_06292018:CP019006.1_54 (length 1002)
plasmid_files/CP019006.1_results/PROKKA_06292018:CP019006.1_55 (length 57)
plasmid_files/CP019006.1_results/PROKKA_06292018:CP019006.1_56 (length 1080)
plasmid_files/CP019006.1_results/PROKKA_06292018:CP019006.1_57 (length 490)

DiscRep_ALL:DISC_SOURCE_QUALS_ASNDISC::strain (all present, all unique)
DiscRep_SUB:DISC_SOURCE_QUALS_ASNDISC::1 sources have unique values for strain
DiscRep_ALL:DISC_SOURCE_QUALS_ASNDISC::taxname (all present, all unique)
DiscRep_SUB:DISC_SOURCE_QUALS_ASNDISC::1 sources have unique values for taxname
DiscRep_ALL:DISC_FEATURE_COUNT::CDS: 57 present
DiscRep_ALL:DISC_COUNT_NUCLEOTIDES::1 nucleotide Bioseqs are present
plasmid_files/CP019006.1_results/PROKKA_06292018:CP019006.1 (length 47531)

DiscRep_ALL:FEATURE_LOCATION_CONFLICT::57 features have inconsistent gene locations.
DiscRep_SUB:FEATURE_LOCATION_CONFLICT::Coding region xref gene does not exist
plasmid_files/CP019006.1_results/PROKKA_06292018:CDS	hypothetical protein	CP019006.1:c417-1	BJALGMCH_00001

DiscRep_SUB:FEATURE_LOCATION_CONFLICT::Coding region xref gene does not exist
plasmid_files/CP019006.1_results/PROKKA_06292018:CDS	hypothetical protein	CP019006.1:908-1327	BJALGMCH_00002

DiscRep_SUB:FEATURE_LOCATION_CONFLICT::Coding region xref gene does not exist
plasmid_files/CP019006.1_results/PROKKA_06292018:CDS	hypothetical protein	CP019006.1:1336-2052	BJALGMCH_00003

DiscRep_SUB:FEATURE_LOCATION_CONFLICT::Coding region xref gene does not exist
plasmid_files/CP019006.1_results/PROKKA_06292018:CDS	hypothetical protein	CP019006.1:2054-2422	BJALGMCH_00004

DiscRep_SUB:FEATURE_LOCATION_CONFLICT::Coding region xref gene does not exist
plasmid_files/CP019006.1_results/PROKKA_06292018:CDS	hypothetical protein	CP019006.1:2604-2948	BJALGMCH_00005

DiscRep_SUB:FEATURE_LOCATION_CONFLICT::Coding region xref gene does not exist
plasmid_files/CP019006.1_results/PROKKA_06292018:CDS	hypothetical protein	CP019006.1:c3379-3059	BJALGMCH_00006

DiscRep_SUB:FEATURE_LOCATION_CONFLICT::Coding region xref gene does not exist
plasmid_files/CP019006.1_results/PROKKA_06292018:CDS	hypothetical protein	CP019006.1:c3613-3434	BJALGMCH_00007

DiscRep_SUB:FEATURE_LOCATION_CONFLICT::Coding region xref gene does not exist
plasmid_files/CP019006.1_results/PROKKA_06292018:CDS	hypothetical protein	CP019006.1:c4271-3726	BJALGMCH_00008

DiscRep_SUB:FEATURE_LOCATION_CONFLICT::Coding region xref gene does not exist
plasmid_files/CP019006.1_results/PROKKA_06292018:CDS	hypothetical protein	CP019006.1:c4426-4271	BJALGMCH_00009

DiscRep_SUB:FEATURE_LOCATION_CONFLICT::Coding region xref gene does not exist
plasmid_files/CP019006.1_results/PROKKA_06292018:CDS	hypothetical protein	CP019006.1:c4738-4499	BJALGMCH_00010

DiscRep_SUB:FEATURE_LOCATION_CONFLICT::Coding region xref gene does not exist
plasmid_files/CP019006.1_results/PROKKA_06292018:CDS	hypothetical protein	CP019006.1:c5152-4748	BJALGMCH_00011

DiscRep_SUB:FEATURE_LOCATION_CONFLICT::Coding region xref gene does not exist
plasmid_files/CP019006.1_results/PROKKA_06292018:CDS	Antirestriction protein KlcA	CP019006.1:c5635-5210	BJALGMCH_00012

DiscRep_SUB:FEATURE_LOCATION_CONFLICT::Coding region xref gene does not exist
plasmid_files/CP019006.1_results/PROKKA_06292018:CDS	Protein UmuD	CP019006.1:6050-6490	BJALGMCH_00013

DiscRep_SUB:FEATURE_LOCATION_CONFLICT::Coding region xref gene does not exist
plasmid_files/CP019006.1_results/PROKKA_06292018:CDS	Protein UmuC	CP019006.1:6478-7743	BJALGMCH_00014

DiscRep_SUB:FEATURE_LOCATION_CONFLICT::Coding region xref gene does not exist
plasmid_files/CP019006.1_results/PROKKA_06292018:CDS	hypothetical protein	CP019006.1:7894-8685	BJALGMCH_00015

DiscRep_SUB:FEATURE_LOCATION_CONFLICT::Coding region xref gene does not exist
plasmid_files/CP019006.1_results/PROKKA_06292018:CDS	hypothetical protein	CP019006.1:c9041-8700	BJALGMCH_00016

DiscRep_SUB:FEATURE_LOCATION_CONFLICT::Coding region xref gene does not exist
plasmid_files/CP019006.1_results/PROKKA_06292018:CDS	Replication initiation protein	CP019006.1:9601-10320	BJALGMCH_00017

DiscRep_SUB:FEATURE_LOCATION_CONFLICT::Coding region xref gene does not exist
plasmid_files/CP019006.1_results/PROKKA_06292018:CDS	hypothetical protein	CP019006.1:c10910-10131	BJALGMCH_00018

DiscRep_SUB:FEATURE_LOCATION_CONFLICT::Coding region xref gene does not exist
plasmid_files/CP019006.1_results/PROKKA_06292018:CDS	DNA-invertase hin	CP019006.1:c11656-11087	BJALGMCH_00019

DiscRep_SUB:FEATURE_LOCATION_CONFLICT::Coding region xref gene does not exist
plasmid_files/CP019006.1_results/PROKKA_06292018:CDS	Tyrosine recombinase XerD	CP019006.1:c13062-12049	BJALGMCH_00020

DiscRep_SUB:FEATURE_LOCATION_CONFLICT::Coding region xref gene does not exist
plasmid_files/CP019006.1_results/PROKKA_06292018:CDS	Aminoglycoside N(6')-acetyltransferase type 1	CP019006.1:13309-13908	BJALGMCH_00021

DiscRep_SUB:FEATURE_LOCATION_CONFLICT::Coding region xref gene does not exist
plasmid_files/CP019006.1_results/PROKKA_06292018:CDS	hypothetical protein	CP019006.1:14005-14457	BJALGMCH_00022

DiscRep_SUB:FEATURE_LOCATION_CONFLICT::Coding region xref gene does not exist
plasmid_files/CP019006.1_results/PROKKA_06292018:CDS	Dihydrofolate reductase type 1	CP019006.1:14590-15063	BJALGMCH_00023

DiscRep_SUB:FEATURE_LOCATION_CONFLICT::Coding region xref gene does not exist
plasmid_files/CP019006.1_results/PROKKA_06292018:CDS	Streptomycin 3''-adenylyltransferase	CP019006.1:15244-16089	BJALGMCH_00024

DiscRep_SUB:FEATURE_LOCATION_CONFLICT::Coding region xref gene does not exist
plasmid_files/CP019006.1_results/PROKKA_06292018:CDS	Multidrug transporter EmrE	CP019006.1:16206-16553	BJALGMCH_00025

DiscRep_SUB:FEATURE_LOCATION_CONFLICT::Coding region xref gene does not exist
plasmid_files/CP019006.1_results/PROKKA_06292018:CDS	Dihydropteroate synthase	CP019006.1:16547-17386	BJALGMCH_00026

DiscRep_SUB:FEATURE_LOCATION_CONFLICT::Coding region xref gene does not exist
plasmid_files/CP019006.1_results/PROKKA_06292018:CDS	hypothetical protein	CP019006.1:17514-18014	BJALGMCH_00027

DiscRep_SUB:FEATURE_LOCATION_CONFLICT::Coding region xref gene does not exist
plasmid_files/CP019006.1_results/PROKKA_06292018:CDS	hypothetical protein	CP019006.1:18521-19285	BJALGMCH_00028

DiscRep_SUB:FEATURE_LOCATION_CONFLICT::Coding region xref gene does not exist
plasmid_files/CP019006.1_results/PROKKA_06292018:CDS	Type-2 restriction enzyme EcoRII	CP019006.1:19552-20760	BJALGMCH_00029

DiscRep_SUB:FEATURE_LOCATION_CONFLICT::Coding region xref gene does not exist
plasmid_files/CP019006.1_results/PROKKA_06292018:CDS	DNA-cytosine methyltransferase	CP019006.1:c22227-20794	BJALGMCH_00030

DiscRep_SUB:FEATURE_LOCATION_CONFLICT::Coding region xref gene does not exist
plasmid_files/CP019006.1_results/PROKKA_06292018:CDS	hypothetical protein	CP019006.1:22332-22598	BJALGMCH_00031

DiscRep_SUB:FEATURE_LOCATION_CONFLICT::Coding region xref gene does not exist
plasmid_files/CP019006.1_results/PROKKA_06292018:CDS	hypothetical protein	CP019006.1:c22815-22609	BJALGMCH_00032

DiscRep_SUB:FEATURE_LOCATION_CONFLICT::Coding region xref gene does not exist
plasmid_files/CP019006.1_results/PROKKA_06292018:CDS	hypothetical protein	CP019006.1:c23467-22820	BJALGMCH_00033

DiscRep_SUB:FEATURE_LOCATION_CONFLICT::Coding region xref gene does not exist
plasmid_files/CP019006.1_results/PROKKA_06292018:CDS	hypothetical protein	CP019006.1:c23828-23517	BJALGMCH_00034

DiscRep_SUB:FEATURE_LOCATION_CONFLICT::Coding region xref gene does not exist
plasmid_files/CP019006.1_results/PROKKA_06292018:CDS	hypothetical protein	CP019006.1:c24178-23864	BJALGMCH_00035

DiscRep_SUB:FEATURE_LOCATION_CONFLICT::Coding region xref gene does not exist
plasmid_files/CP019006.1_results/PROKKA_06292018:CDS	hypothetical protein	CP019006.1:c24519-24175	BJALGMCH_00036

DiscRep_SUB:FEATURE_LOCATION_CONFLICT::Coding region xref gene does not exist
plasmid_files/CP019006.1_results/PROKKA_06292018:CDS	Trans-acting regulatory protein HvrA	CP019006.1:c24840-24535	BJALGMCH_00037

DiscRep_SUB:FEATURE_LOCATION_CONFLICT::Coding region xref gene does not exist
plasmid_files/CP019006.1_results/PROKKA_06292018:CDS	Type IV secretion system protein virB1	CP019006.1:24949-25683	BJALGMCH_00038

DiscRep_SUB:FEATURE_LOCATION_CONFLICT::Coding region xref gene does not exist
plasmid_files/CP019006.1_results/PROKKA_06292018:CDS	hypothetical protein	CP019006.1:25692-25973	BJALGMCH_00039

DiscRep_SUB:FEATURE_LOCATION_CONFLICT::Coding region xref gene does not exist
plasmid_files/CP019006.1_results/PROKKA_06292018:CDS	hypothetical protein	CP019006.1:25983-26276	BJALGMCH_00040

DiscRep_SUB:FEATURE_LOCATION_CONFLICT::Coding region xref gene does not exist
plasmid_files/CP019006.1_results/PROKKA_06292018:CDS	hypothetical protein	CP019006.1:26326-26643	BJALGMCH_00041

DiscRep_SUB:FEATURE_LOCATION_CONFLICT::Coding region xref gene does not exist
plasmid_files/CP019006.1_results/PROKKA_06292018:CDS	Type IV secretion system protein virB4	CP019006.1:26643-29243	BJALGMCH_00042

DiscRep_SUB:FEATURE_LOCATION_CONFLICT::Coding region xref gene does not exist
plasmid_files/CP019006.1_results/PROKKA_06292018:CDS	Type IV secretion system protein virB5	CP019006.1:29261-29974	BJALGMCH_00043

DiscRep_SUB:FEATURE_LOCATION_CONFLICT::Coding region xref gene does not exist
plasmid_files/CP019006.1_results/PROKKA_06292018:CDS	hypothetical protein	CP019006.1:29982-30209	BJALGMCH_00044

DiscRep_SUB:FEATURE_LOCATION_CONFLICT::Coding region xref gene does not exist
plasmid_files/CP019006.1_results/PROKKA_06292018:CDS	Type IV secretion system protein VirB6	CP019006.1:30225-31265	BJALGMCH_00045

DiscRep_SUB:FEATURE_LOCATION_CONFLICT::Coding region xref gene does not exist
plasmid_files/CP019006.1_results/PROKKA_06292018:CDS	Type IV secretion system protein virB8	CP019006.1:31484-32182	BJALGMCH_00046

DiscRep_SUB:FEATURE_LOCATION_CONFLICT::Coding region xref gene does not exist
plasmid_files/CP019006.1_results/PROKKA_06292018:CDS	Type IV secretion system protein virB9	CP019006.1:32193-33077	BJALGMCH_00047

DiscRep_SUB:FEATURE_LOCATION_CONFLICT::Coding region xref gene does not exist
plasmid_files/CP019006.1_results/PROKKA_06292018:CDS	Protein virB10	CP019006.1:33077-34237	BJALGMCH_00048

DiscRep_SUB:FEATURE_LOCATION_CONFLICT::Coding region xref gene does not exist
plasmid_files/CP019006.1_results/PROKKA_06292018:CDS	Type IV secretion system protein VirB11	CP019006.1:34279-35274	BJALGMCH_00049

DiscRep_SUB:FEATURE_LOCATION_CONFLICT::Coding region xref gene does not exist
plasmid_files/CP019006.1_results/PROKKA_06292018:CDS	hypothetical protein	CP019006.1:35274-35528	BJALGMCH_00050

DiscRep_SUB:FEATURE_LOCATION_CONFLICT::Coding region xref gene does not exist
plasmid_files/CP019006.1_results/PROKKA_06292018:CDS	Carbapenem-hydrolyzing beta-lactamase KPC	CP019006.1:c37442-36561	BJALGMCH_00051

DiscRep_SUB:FEATURE_LOCATION_CONFLICT::Coding region xref gene does not exist
plasmid_files/CP019006.1_results/PROKKA_06292018:CDS	Beta-lactamase TEM	CP019006.1:c38146-37664	BJALGMCH_00052

DiscRep_SUB:FEATURE_LOCATION_CONFLICT::Coding region xref gene does not exist
plasmid_files/CP019006.1_results/PROKKA_06292018:CDS	Transposon Tn3 resolvase	CP019006.1:c38963-38406	BJALGMCH_00053

DiscRep_SUB:FEATURE_LOCATION_CONFLICT::Coding region xref gene does not exist
plasmid_files/CP019006.1_results/PROKKA_06292018:CDS	hypothetical protein	CP019006.1:39126-42134	BJALGMCH_00054

DiscRep_SUB:FEATURE_LOCATION_CONFLICT::Coding region xref gene does not exist
plasmid_files/CP019006.1_results/PROKKA_06292018:CDS	hypothetical protein	CP019006.1:c42759-42586	BJALGMCH_00055

DiscRep_SUB:FEATURE_LOCATION_CONFLICT::Coding region xref gene does not exist
plasmid_files/CP019006.1_results/PROKKA_06292018:CDS	Multifunctional conjugation protein TraI	CP019006.1:c46001-42759	BJALGMCH_00056

DiscRep_SUB:FEATURE_LOCATION_CONFLICT::Coding region xref gene does not exist
plasmid_files/CP019006.1_results/PROKKA_06292018:CDS	Coupling protein TraD	CP019006.1:c47473-46001	BJALGMCH_00057

DiscRep_ALL:DISC_QUALITY_SCORES::Quality scores are missing on all sequences.

DiscRep_ALL:ONCALLER_COMMENT_PRESENT::1 comment descriptors were found (all same)
plasmid_files/CP019006.1_results/PROKKA_06292018:CP019006.1:Annotated using prokka 1.14-dev from https://github.com/tseemann/prokka

DiscRep_ALL:MISSING_GENOMEASSEMBLY_COMMENTS::1 bioseqs are missing GenomeAssembly structured comments
plasmid_files/CP019006.1_results/PROKKA_06292018:CP019006.1 (length 47531)

DiscRep_ALL:MOLTYPE_NOT_MRNA::1 molecule types are not set as mRNA.
plasmid_files/CP019006.1_results/PROKKA_06292018:CP019006.1 (length 47531)

DiscRep_ALL:TECHNIQUE_NOT_TSA::1 technique are not set as TSA
plasmid_files/CP019006.1_results/PROKKA_06292018:CP019006.1 (length 47531)

DiscRep_ALL:MISSING_STRUCTURED_COMMENT::1 sequences do not include structured comments.
plasmid_files/CP019006.1_results/PROKKA_06292018:CP019006.1 (length 47531)

DiscRep_ALL:MISSING_PROJECT::58 sequences do not include project.
plasmid_files/CP019006.1_results/PROKKA_06292018:CP019006.1 (length 47531)
plasmid_files/CP019006.1_results/PROKKA_06292018:CP019006.1_1 (length 138)
plasmid_files/CP019006.1_results/PROKKA_06292018:CP019006.1_2 (length 139)
plasmid_files/CP019006.1_results/PROKKA_06292018:CP019006.1_3 (length 238)
plasmid_files/CP019006.1_results/PROKKA_06292018:CP019006.1_4 (length 122)
plasmid_files/CP019006.1_results/PROKKA_06292018:CP019006.1_5 (length 114)
plasmid_files/CP019006.1_results/PROKKA_06292018:CP019006.1_6 (length 106)
plasmid_files/CP019006.1_results/PROKKA_06292018:CP019006.1_7 (length 59)
plasmid_files/CP019006.1_results/PROKKA_06292018:CP019006.1_8 (length 181)
plasmid_files/CP019006.1_results/PROKKA_06292018:CP019006.1_9 (length 51)
plasmid_files/CP019006.1_results/PROKKA_06292018:CP019006.1_10 (length 79)
plasmid_files/CP019006.1_results/PROKKA_06292018:CP019006.1_11 (length 134)
plasmid_files/CP019006.1_results/PROKKA_06292018:CP019006.1_12 (length 141)
plasmid_files/CP019006.1_results/PROKKA_06292018:CP019006.1_13 (length 146)
plasmid_files/CP019006.1_results/PROKKA_06292018:CP019006.1_14 (length 421)
plasmid_files/CP019006.1_results/PROKKA_06292018:CP019006.1_15 (length 263)
plasmid_files/CP019006.1_results/PROKKA_06292018:CP019006.1_16 (length 113)
plasmid_files/CP019006.1_results/PROKKA_06292018:CP019006.1_17 (length 239)
plasmid_files/CP019006.1_results/PROKKA_06292018:CP019006.1_18 (length 259)
plasmid_files/CP019006.1_results/PROKKA_06292018:CP019006.1_19 (length 189)
plasmid_files/CP019006.1_results/PROKKA_06292018:CP019006.1_20 (length 337)
plasmid_files/CP019006.1_results/PROKKA_06292018:CP019006.1_21 (length 199)
plasmid_files/CP019006.1_results/PROKKA_06292018:CP019006.1_22 (length 150)
plasmid_files/CP019006.1_results/PROKKA_06292018:CP019006.1_23 (length 157)
plasmid_files/CP019006.1_results/PROKKA_06292018:CP019006.1_24 (length 281)
plasmid_files/CP019006.1_results/PROKKA_06292018:CP019006.1_25 (length 115)
plasmid_files/CP019006.1_results/PROKKA_06292018:CP019006.1_26 (length 279)
plasmid_files/CP019006.1_results/PROKKA_06292018:CP019006.1_27 (length 166)
plasmid_files/CP019006.1_results/PROKKA_06292018:CP019006.1_28 (length 254)
plasmid_files/CP019006.1_results/PROKKA_06292018:CP019006.1_29 (length 402)
plasmid_files/CP019006.1_results/PROKKA_06292018:CP019006.1_30 (length 477)
plasmid_files/CP019006.1_results/PROKKA_06292018:CP019006.1_31 (length 88)
plasmid_files/CP019006.1_results/PROKKA_06292018:CP019006.1_32 (length 68)
plasmid_files/CP019006.1_results/PROKKA_06292018:CP019006.1_33 (length 215)
plasmid_files/CP019006.1_results/PROKKA_06292018:CP019006.1_34 (length 103)
plasmid_files/CP019006.1_results/PROKKA_06292018:CP019006.1_35 (length 104)
plasmid_files/CP019006.1_results/PROKKA_06292018:CP019006.1_36 (length 114)
plasmid_files/CP019006.1_results/PROKKA_06292018:CP019006.1_37 (length 101)
plasmid_files/CP019006.1_results/PROKKA_06292018:CP019006.1_38 (length 244)
plasmid_files/CP019006.1_results/PROKKA_06292018:CP019006.1_39 (length 93)
plasmid_files/CP019006.1_results/PROKKA_06292018:CP019006.1_40 (length 97)
plasmid_files/CP019006.1_results/PROKKA_06292018:CP019006.1_41 (length 105)
plasmid_files/CP019006.1_results/PROKKA_06292018:CP019006.1_42 (length 866)
plasmid_files/CP019006.1_results/PROKKA_06292018:CP019006.1_43 (length 237)
plasmid_files/CP019006.1_results/PROKKA_06292018:CP019006.1_44 (length 75)
plasmid_files/CP019006.1_results/PROKKA_06292018:CP019006.1_45 (length 346)
plasmid_files/CP019006.1_results/PROKKA_06292018:CP019006.1_46 (length 232)
plasmid_files/CP019006.1_results/PROKKA_06292018:CP019006.1_47 (length 294)
plasmid_files/CP019006.1_results/PROKKA_06292018:CP019006.1_48 (length 386)
plasmid_files/CP019006.1_results/PROKKA_06292018:CP019006.1_49 (length 331)
plasmid_files/CP019006.1_results/PROKKA_06292018:CP019006.1_50 (length 84)
plasmid_files/CP019006.1_results/PROKKA_06292018:CP019006.1_51 (length 293)
plasmid_files/CP019006.1_results/PROKKA_06292018:CP019006.1_52 (length 160)
plasmid_files/CP019006.1_results/PROKKA_06292018:CP019006.1_53 (length 185)
plasmid_files/CP019006.1_results/PROKKA_06292018:CP019006.1_54 (length 1002)
plasmid_files/CP019006.1_results/PROKKA_06292018:CP019006.1_55 (length 57)
plasmid_files/CP019006.1_results/PROKKA_06292018:CP019006.1_56 (length 1080)
plasmid_files/CP019006.1_results/PROKKA_06292018:CP019006.1_57 (length 490)

DiscRep_ALL:DISC_INCONSISTENT_MOLINFO_TECH::Molinfo Technique Report (some missing, all same)
DiscRep_SUB:DISC_INCONSISTENT_MOLINFO_TECH::technique (all missing)
DiscRep_SUB:DISC_INCONSISTENT_MOLINFO_TECH::1 Molinfos are missing field technique
plasmid_files/CP019006.1_results/PROKKA_06292018:CP019006.1 (length 47531)

