Discrepancy Report Results

Summary
FATAL: MISSING_PROTEIN_ID:201 proteins have invalid IDs.
DISC_SOURCE_QUALS_ASNDISC:strain (all present, all unique)
DISC_SOURCE_QUALS_ASNDISC:taxname (all present, all unique)
DISC_FEATURE_COUNT:CDS: 201 present
DISC_FEATURE_COUNT:tRNA: 1 present
DISC_COUNT_NUCLEOTIDES:1 nucleotide Bioseqs are present
FEATURE_LOCATION_CONFLICT:202 features have inconsistent gene locations.
OVERLAPPING_CDS:2 coding regions overlap another coding region with a similar or identical name.
SUSPECT_PRODUCT_NAMES:1 product_names contain suspect phrase or characters
	May contain database identifier more appropriate in note; remove from product name
		1 features Three or more numbers together
DISC_QUALITY_SCORES:Quality scores are missing on all sequences.
ONCALLER_COMMENT_PRESENT:1 comment descriptors were found (all same)
SHORT_PROT_SEQUENCES:4 protein sequences are shorter than 50 aa.
MISSING_GENOMEASSEMBLY_COMMENTS:1 bioseqs are missing GenomeAssembly structured comments
MOLTYPE_NOT_MRNA:1 molecule types are not set as mRNA.
TECHNIQUE_NOT_TSA:1 technique are not set as TSA
MISSING_STRUCTURED_COMMENT:1 sequences do not include structured comments.
MISSING_PROJECT:202 sequences do not include project.
DISC_INCONSISTENT_MOLINFO_TECH:Molinfo Technique Report (some missing, all same)


Detailed Report

FATAL: DiscRep_ALL:MISSING_PROTEIN_ID::201 proteins have invalid IDs.
plasmid_files/KT185451.1_results/PROKKA_06292018:KT185451.1_1 (length 82)
plasmid_files/KT185451.1_results/PROKKA_06292018:KT185451.1_2 (length 285)
plasmid_files/KT185451.1_results/PROKKA_06292018:KT185451.1_3 (length 189)
plasmid_files/KT185451.1_results/PROKKA_06292018:KT185451.1_4 (length 85)
plasmid_files/KT185451.1_results/PROKKA_06292018:KT185451.1_5 (length 110)
plasmid_files/KT185451.1_results/PROKKA_06292018:KT185451.1_6 (length 91)
plasmid_files/KT185451.1_results/PROKKA_06292018:KT185451.1_7 (length 177)
plasmid_files/KT185451.1_results/PROKKA_06292018:KT185451.1_8 (length 234)
plasmid_files/KT185451.1_results/PROKKA_06292018:KT185451.1_9 (length 260)
plasmid_files/KT185451.1_results/PROKKA_06292018:KT185451.1_10 (length 63)
plasmid_files/KT185451.1_results/PROKKA_06292018:KT185451.1_11 (length 140)
plasmid_files/KT185451.1_results/PROKKA_06292018:KT185451.1_12 (length 141)
plasmid_files/KT185451.1_results/PROKKA_06292018:KT185451.1_13 (length 275)
plasmid_files/KT185451.1_results/PROKKA_06292018:KT185451.1_14 (length 144)
plasmid_files/KT185451.1_results/PROKKA_06292018:KT185451.1_15 (length 73)
plasmid_files/KT185451.1_results/PROKKA_06292018:KT185451.1_16 (length 227)
plasmid_files/KT185451.1_results/PROKKA_06292018:KT185451.1_17 (length 320)
plasmid_files/KT185451.1_results/PROKKA_06292018:KT185451.1_18 (length 117)
plasmid_files/KT185451.1_results/PROKKA_06292018:KT185451.1_19 (length 93)
plasmid_files/KT185451.1_results/PROKKA_06292018:KT185451.1_20 (length 78)
plasmid_files/KT185451.1_results/PROKKA_06292018:KT185451.1_21 (length 234)
plasmid_files/KT185451.1_results/PROKKA_06292018:KT185451.1_22 (length 93)
plasmid_files/KT185451.1_results/PROKKA_06292018:KT185451.1_23 (length 251)
plasmid_files/KT185451.1_results/PROKKA_06292018:KT185451.1_24 (length 286)
plasmid_files/KT185451.1_results/PROKKA_06292018:KT185451.1_25 (length 171)
plasmid_files/KT185451.1_results/PROKKA_06292018:KT185451.1_26 (length 62)
plasmid_files/KT185451.1_results/PROKKA_06292018:KT185451.1_27 (length 240)
plasmid_files/KT185451.1_results/PROKKA_06292018:KT185451.1_28 (length 234)
plasmid_files/KT185451.1_results/PROKKA_06292018:KT185451.1_29 (length 138)
plasmid_files/KT185451.1_results/PROKKA_06292018:KT185451.1_30 (length 172)
plasmid_files/KT185451.1_results/PROKKA_06292018:KT185451.1_31 (length 234)
plasmid_files/KT185451.1_results/PROKKA_06292018:KT185451.1_32 (length 191)
plasmid_files/KT185451.1_results/PROKKA_06292018:KT185451.1_33 (length 234)
plasmid_files/KT185451.1_results/PROKKA_06292018:KT185451.1_34 (length 341)
plasmid_files/KT185451.1_results/PROKKA_06292018:KT185451.1_35 (length 322)
plasmid_files/KT185451.1_results/PROKKA_06292018:KT185451.1_36 (length 291)
plasmid_files/KT185451.1_results/PROKKA_06292018:KT185451.1_37 (length 40)
plasmid_files/KT185451.1_results/PROKKA_06292018:KT185451.1_38 (length 234)
plasmid_files/KT185451.1_results/PROKKA_06292018:KT185451.1_39 (length 316)
plasmid_files/KT185451.1_results/PROKKA_06292018:KT185451.1_40 (length 85)
plasmid_files/KT185451.1_results/PROKKA_06292018:KT185451.1_41 (length 76)
plasmid_files/KT185451.1_results/PROKKA_06292018:KT185451.1_42 (length 453)
plasmid_files/KT185451.1_results/PROKKA_06292018:KT185451.1_43 (length 187)
plasmid_files/KT185451.1_results/PROKKA_06292018:KT185451.1_44 (length 151)
plasmid_files/KT185451.1_results/PROKKA_06292018:KT185451.1_45 (length 78)
plasmid_files/KT185451.1_results/PROKKA_06292018:KT185451.1_46 (length 175)
plasmid_files/KT185451.1_results/PROKKA_06292018:KT185451.1_47 (length 77)
plasmid_files/KT185451.1_results/PROKKA_06292018:KT185451.1_48 (length 473)
plasmid_files/KT185451.1_results/PROKKA_06292018:KT185451.1_49 (length 191)
plasmid_files/KT185451.1_results/PROKKA_06292018:KT185451.1_50 (length 144)
plasmid_files/KT185451.1_results/PROKKA_06292018:KT185451.1_51 (length 239)
plasmid_files/KT185451.1_results/PROKKA_06292018:KT185451.1_52 (length 71)
plasmid_files/KT185451.1_results/PROKKA_06292018:KT185451.1_53 (length 52)
plasmid_files/KT185451.1_results/PROKKA_06292018:KT185451.1_54 (length 125)
plasmid_files/KT185451.1_results/PROKKA_06292018:KT185451.1_55 (length 78)
plasmid_files/KT185451.1_results/PROKKA_06292018:KT185451.1_56 (length 98)
plasmid_files/KT185451.1_results/PROKKA_06292018:KT185451.1_57 (length 273)
plasmid_files/KT185451.1_results/PROKKA_06292018:KT185451.1_58 (length 215)
plasmid_files/KT185451.1_results/PROKKA_06292018:KT185451.1_59 (length 127)
plasmid_files/KT185451.1_results/PROKKA_06292018:KT185451.1_60 (length 228)
plasmid_files/KT185451.1_results/PROKKA_06292018:KT185451.1_61 (length 75)
plasmid_files/KT185451.1_results/PROKKA_06292018:KT185451.1_62 (length 121)
plasmid_files/KT185451.1_results/PROKKA_06292018:KT185451.1_63 (length 103)
plasmid_files/KT185451.1_results/PROKKA_06292018:KT185451.1_64 (length 188)
plasmid_files/KT185451.1_results/PROKKA_06292018:KT185451.1_65 (length 242)
plasmid_files/KT185451.1_results/PROKKA_06292018:KT185451.1_66 (length 475)
plasmid_files/KT185451.1_results/PROKKA_06292018:KT185451.1_67 (length 196)
plasmid_files/KT185451.1_results/PROKKA_06292018:KT185451.1_68 (length 65)
plasmid_files/KT185451.1_results/PROKKA_06292018:KT185451.1_69 (length 83)
plasmid_files/KT185451.1_results/PROKKA_06292018:KT185451.1_70 (length 171)
plasmid_files/KT185451.1_results/PROKKA_06292018:KT185451.1_71 (length 73)
plasmid_files/KT185451.1_results/PROKKA_06292018:KT185451.1_72 (length 875)
plasmid_files/KT185451.1_results/PROKKA_06292018:KT185451.1_73 (length 128)
plasmid_files/KT185451.1_results/PROKKA_06292018:KT185451.1_74 (length 210)
plasmid_files/KT185451.1_results/PROKKA_06292018:KT185451.1_75 (length 330)
plasmid_files/KT185451.1_results/PROKKA_06292018:KT185451.1_76 (length 102)
plasmid_files/KT185451.1_results/PROKKA_06292018:KT185451.1_77 (length 173)
plasmid_files/KT185451.1_results/PROKKA_06292018:KT185451.1_78 (length 212)
plasmid_files/KT185451.1_results/PROKKA_06292018:KT185451.1_79 (length 123)
plasmid_files/KT185451.1_results/PROKKA_06292018:KT185451.1_80 (length 140)
plasmid_files/KT185451.1_results/PROKKA_06292018:KT185451.1_81 (length 616)
plasmid_files/KT185451.1_results/PROKKA_06292018:KT185451.1_82 (length 86)
plasmid_files/KT185451.1_results/PROKKA_06292018:KT185451.1_83 (length 247)
plasmid_files/KT185451.1_results/PROKKA_06292018:KT185451.1_84 (length 93)
plasmid_files/KT185451.1_results/PROKKA_06292018:KT185451.1_85 (length 181)
plasmid_files/KT185451.1_results/PROKKA_06292018:KT185451.1_86 (length 104)
plasmid_files/KT185451.1_results/PROKKA_06292018:KT185451.1_87 (length 130)
plasmid_files/KT185451.1_results/PROKKA_06292018:KT185451.1_88 (length 938)
plasmid_files/KT185451.1_results/PROKKA_06292018:KT185451.1_89 (length 173)
plasmid_files/KT185451.1_results/PROKKA_06292018:KT185451.1_90 (length 244)
plasmid_files/KT185451.1_results/PROKKA_06292018:KT185451.1_91 (length 245)
plasmid_files/KT185451.1_results/PROKKA_06292018:KT185451.1_92 (length 738)
plasmid_files/KT185451.1_results/PROKKA_06292018:KT185451.1_93 (length 925)
plasmid_files/KT185451.1_results/PROKKA_06292018:KT185451.1_94 (length 234)
plasmid_files/KT185451.1_results/PROKKA_06292018:KT185451.1_95 (length 143)
plasmid_files/KT185451.1_results/PROKKA_06292018:KT185451.1_96 (length 207)
plasmid_files/KT185451.1_results/PROKKA_06292018:KT185451.1_97 (length 210)
plasmid_files/KT185451.1_results/PROKKA_06292018:KT185451.1_98 (length 300)
plasmid_files/KT185451.1_results/PROKKA_06292018:KT185451.1_99 (length 253)
plasmid_files/KT185451.1_results/PROKKA_06292018:KT185451.1_100 (length 286)
plasmid_files/KT185451.1_results/PROKKA_06292018:KT185451.1_101 (length 988)
plasmid_files/KT185451.1_results/PROKKA_06292018:KT185451.1_102 (length 186)
plasmid_files/KT185451.1_results/PROKKA_06292018:KT185451.1_103 (length 186)
plasmid_files/KT185451.1_results/PROKKA_06292018:KT185451.1_104 (length 92)
plasmid_files/KT185451.1_results/PROKKA_06292018:KT185451.1_105 (length 140)
plasmid_files/KT185451.1_results/PROKKA_06292018:KT185451.1_106 (length 51)
plasmid_files/KT185451.1_results/PROKKA_06292018:KT185451.1_107 (length 98)
plasmid_files/KT185451.1_results/PROKKA_06292018:KT185451.1_108 (length 326)
plasmid_files/KT185451.1_results/PROKKA_06292018:KT185451.1_109 (length 293)
plasmid_files/KT185451.1_results/PROKKA_06292018:KT185451.1_110 (length 326)
plasmid_files/KT185451.1_results/PROKKA_06292018:KT185451.1_111 (length 133)
plasmid_files/KT185451.1_results/PROKKA_06292018:KT185451.1_112 (length 234)
plasmid_files/KT185451.1_results/PROKKA_06292018:KT185451.1_113 (length 396)
plasmid_files/KT185451.1_results/PROKKA_06292018:KT185451.1_114 (length 235)
plasmid_files/KT185451.1_results/PROKKA_06292018:KT185451.1_115 (length 78)
plasmid_files/KT185451.1_results/PROKKA_06292018:KT185451.1_116 (length 120)
plasmid_files/KT185451.1_results/PROKKA_06292018:KT185451.1_117 (length 564)
plasmid_files/KT185451.1_results/PROKKA_06292018:KT185451.1_118 (length 153)
plasmid_files/KT185451.1_results/PROKKA_06292018:KT185451.1_119 (length 91)
plasmid_files/KT185451.1_results/PROKKA_06292018:KT185451.1_120 (length 116)
plasmid_files/KT185451.1_results/PROKKA_06292018:KT185451.1_121 (length 144)
plasmid_files/KT185451.1_results/PROKKA_06292018:KT185451.1_122 (length 334)
plasmid_files/KT185451.1_results/PROKKA_06292018:KT185451.1_123 (length 126)
plasmid_files/KT185451.1_results/PROKKA_06292018:KT185451.1_124 (length 125)
plasmid_files/KT185451.1_results/PROKKA_06292018:KT185451.1_125 (length 91)
plasmid_files/KT185451.1_results/PROKKA_06292018:KT185451.1_126 (length 340)
plasmid_files/KT185451.1_results/PROKKA_06292018:KT185451.1_127 (length 520)
plasmid_files/KT185451.1_results/PROKKA_06292018:KT185451.1_128 (length 138)
plasmid_files/KT185451.1_results/PROKKA_06292018:KT185451.1_129 (length 76)
plasmid_files/KT185451.1_results/PROKKA_06292018:KT185451.1_130 (length 91)
plasmid_files/KT185451.1_results/PROKKA_06292018:KT185451.1_131 (length 314)
plasmid_files/KT185451.1_results/PROKKA_06292018:KT185451.1_132 (length 130)
plasmid_files/KT185451.1_results/PROKKA_06292018:KT185451.1_133 (length 173)
plasmid_files/KT185451.1_results/PROKKA_06292018:KT185451.1_134 (length 67)
plasmid_files/KT185451.1_results/PROKKA_06292018:KT185451.1_135 (length 334)
plasmid_files/KT185451.1_results/PROKKA_06292018:KT185451.1_136 (length 259)
plasmid_files/KT185451.1_results/PROKKA_06292018:KT185451.1_137 (length 85)
plasmid_files/KT185451.1_results/PROKKA_06292018:KT185451.1_138 (length 31)
plasmid_files/KT185451.1_results/PROKKA_06292018:KT185451.1_139 (length 91)
plasmid_files/KT185451.1_results/PROKKA_06292018:KT185451.1_140 (length 240)
plasmid_files/KT185451.1_results/PROKKA_06292018:KT185451.1_141 (length 203)
plasmid_files/KT185451.1_results/PROKKA_06292018:KT185451.1_142 (length 401)
plasmid_files/KT185451.1_results/PROKKA_06292018:KT185451.1_143 (length 324)
plasmid_files/KT185451.1_results/PROKKA_06292018:KT185451.1_144 (length 423)
plasmid_files/KT185451.1_results/PROKKA_06292018:KT185451.1_145 (length 143)
plasmid_files/KT185451.1_results/PROKKA_06292018:KT185451.1_146 (length 494)
plasmid_files/KT185451.1_results/PROKKA_06292018:KT185451.1_147 (length 323)
plasmid_files/KT185451.1_results/PROKKA_06292018:KT185451.1_148 (length 223)
plasmid_files/KT185451.1_results/PROKKA_06292018:KT185451.1_149 (length 76)
plasmid_files/KT185451.1_results/PROKKA_06292018:KT185451.1_150 (length 233)
plasmid_files/KT185451.1_results/PROKKA_06292018:KT185451.1_151 (length 73)
plasmid_files/KT185451.1_results/PROKKA_06292018:KT185451.1_152 (length 139)
plasmid_files/KT185451.1_results/PROKKA_06292018:KT185451.1_153 (length 255)
plasmid_files/KT185451.1_results/PROKKA_06292018:KT185451.1_154 (length 142)
plasmid_files/KT185451.1_results/PROKKA_06292018:KT185451.1_155 (length 168)
plasmid_files/KT185451.1_results/PROKKA_06292018:KT185451.1_156 (length 63)
plasmid_files/KT185451.1_results/PROKKA_06292018:KT185451.1_157 (length 84)
plasmid_files/KT185451.1_results/PROKKA_06292018:KT185451.1_158 (length 106)
plasmid_files/KT185451.1_results/PROKKA_06292018:KT185451.1_159 (length 75)
plasmid_files/KT185451.1_results/PROKKA_06292018:KT185451.1_160 (length 76)
plasmid_files/KT185451.1_results/PROKKA_06292018:KT185451.1_161 (length 451)
plasmid_files/KT185451.1_results/PROKKA_06292018:KT185451.1_162 (length 187)
plasmid_files/KT185451.1_results/PROKKA_06292018:KT185451.1_163 (length 109)
plasmid_files/KT185451.1_results/PROKKA_06292018:KT185451.1_164 (length 180)
plasmid_files/KT185451.1_results/PROKKA_06292018:KT185451.1_165 (length 82)
plasmid_files/KT185451.1_results/PROKKA_06292018:KT185451.1_166 (length 135)
plasmid_files/KT185451.1_results/PROKKA_06292018:KT185451.1_167 (length 234)
plasmid_files/KT185451.1_results/PROKKA_06292018:KT185451.1_168 (length 128)
plasmid_files/KT185451.1_results/PROKKA_06292018:KT185451.1_169 (length 101)
plasmid_files/KT185451.1_results/PROKKA_06292018:KT185451.1_170 (length 122)
plasmid_files/KT185451.1_results/PROKKA_06292018:KT185451.1_171 (length 245)
plasmid_files/KT185451.1_results/PROKKA_06292018:KT185451.1_172 (length 127)
plasmid_files/KT185451.1_results/PROKKA_06292018:KT185451.1_173 (length 161)
plasmid_files/KT185451.1_results/PROKKA_06292018:KT185451.1_174 (length 104)
plasmid_files/KT185451.1_results/PROKKA_06292018:KT185451.1_175 (length 273)
plasmid_files/KT185451.1_results/PROKKA_06292018:KT185451.1_176 (length 35)
plasmid_files/KT185451.1_results/PROKKA_06292018:KT185451.1_177 (length 92)
plasmid_files/KT185451.1_results/PROKKA_06292018:KT185451.1_178 (length 106)
plasmid_files/KT185451.1_results/PROKKA_06292018:KT185451.1_179 (length 74)
plasmid_files/KT185451.1_results/PROKKA_06292018:KT185451.1_180 (length 70)
plasmid_files/KT185451.1_results/PROKKA_06292018:KT185451.1_181 (length 118)
plasmid_files/KT185451.1_results/PROKKA_06292018:KT185451.1_182 (length 105)
plasmid_files/KT185451.1_results/PROKKA_06292018:KT185451.1_183 (length 116)
plasmid_files/KT185451.1_results/PROKKA_06292018:KT185451.1_184 (length 90)
plasmid_files/KT185451.1_results/PROKKA_06292018:KT185451.1_185 (length 52)
plasmid_files/KT185451.1_results/PROKKA_06292018:KT185451.1_186 (length 124)
plasmid_files/KT185451.1_results/PROKKA_06292018:KT185451.1_187 (length 108)
plasmid_files/KT185451.1_results/PROKKA_06292018:KT185451.1_188 (length 242)
plasmid_files/KT185451.1_results/PROKKA_06292018:KT185451.1_189 (length 143)
plasmid_files/KT185451.1_results/PROKKA_06292018:KT185451.1_190 (length 557)
plasmid_files/KT185451.1_results/PROKKA_06292018:KT185451.1_191 (length 234)
plasmid_files/KT185451.1_results/PROKKA_06292018:KT185451.1_192 (length 275)
plasmid_files/KT185451.1_results/PROKKA_06292018:KT185451.1_193 (length 988)
plasmid_files/KT185451.1_results/PROKKA_06292018:KT185451.1_194 (length 234)
plasmid_files/KT185451.1_results/PROKKA_06292018:KT185451.1_195 (length 66)
plasmid_files/KT185451.1_results/PROKKA_06292018:KT185451.1_196 (length 248)
plasmid_files/KT185451.1_results/PROKKA_06292018:KT185451.1_197 (length 186)
plasmid_files/KT185451.1_results/PROKKA_06292018:KT185451.1_198 (length 66)
plasmid_files/KT185451.1_results/PROKKA_06292018:KT185451.1_199 (length 199)
plasmid_files/KT185451.1_results/PROKKA_06292018:KT185451.1_200 (length 110)
plasmid_files/KT185451.1_results/PROKKA_06292018:KT185451.1_201 (length 49)

DiscRep_ALL:DISC_SOURCE_QUALS_ASNDISC::strain (all present, all unique)
DiscRep_SUB:DISC_SOURCE_QUALS_ASNDISC::1 sources have unique values for strain
DiscRep_ALL:DISC_SOURCE_QUALS_ASNDISC::taxname (all present, all unique)
DiscRep_SUB:DISC_SOURCE_QUALS_ASNDISC::1 sources have unique values for taxname
DiscRep_ALL:DISC_FEATURE_COUNT::CDS: 201 present
DiscRep_ALL:DISC_FEATURE_COUNT::tRNA: 1 present
DiscRep_ALL:DISC_COUNT_NUCLEOTIDES::1 nucleotide Bioseqs are present
plasmid_files/KT185451.1_results/PROKKA_06292018:KT185451.1 (length 151466)

DiscRep_ALL:FEATURE_LOCATION_CONFLICT::202 features have inconsistent gene locations.
DiscRep_SUB:FEATURE_LOCATION_CONFLICT::Coding region xref gene does not exist
plasmid_files/KT185451.1_results/PROKKA_06292018:CDS	hypothetical protein	KT185451.1:109-357	MHLKJHLE_00001

DiscRep_SUB:FEATURE_LOCATION_CONFLICT::Coding region xref gene does not exist
plasmid_files/KT185451.1_results/PROKKA_06292018:CDS	hypothetical protein	KT185451.1:669-1526	MHLKJHLE_00002

DiscRep_SUB:FEATURE_LOCATION_CONFLICT::Coding region xref gene does not exist
plasmid_files/KT185451.1_results/PROKKA_06292018:CDS	hypothetical protein	KT185451.1:2549-3118	MHLKJHLE_00003

DiscRep_SUB:FEATURE_LOCATION_CONFLICT::Coding region xref gene does not exist
plasmid_files/KT185451.1_results/PROKKA_06292018:CDS	Antitoxin PemI	KT185451.1:3211-3468	MHLKJHLE_00004

DiscRep_SUB:FEATURE_LOCATION_CONFLICT::Coding region xref gene does not exist
plasmid_files/KT185451.1_results/PROKKA_06292018:CDS	Endoribonuclease PemK	KT185451.1:3470-3802	MHLKJHLE_00005

DiscRep_SUB:FEATURE_LOCATION_CONFLICT::Coding region xref gene does not exist
plasmid_files/KT185451.1_results/PROKKA_06292018:CDS	hypothetical protein	KT185451.1:4051-4326	MHLKJHLE_00006

DiscRep_SUB:FEATURE_LOCATION_CONFLICT::Coding region xref gene does not exist
plasmid_files/KT185451.1_results/PROKKA_06292018:CDS	hypothetical protein	KT185451.1:c5035-4502	MHLKJHLE_00007

DiscRep_SUB:FEATURE_LOCATION_CONFLICT::Coding region xref gene does not exist
plasmid_files/KT185451.1_results/PROKKA_06292018:CDS	hypothetical protein	KT185451.1:c5817-5113	MHLKJHLE_00008

DiscRep_SUB:FEATURE_LOCATION_CONFLICT::Coding region xref gene does not exist
plasmid_files/KT185451.1_results/PROKKA_06292018:CDS	hypothetical protein	KT185451.1:5842-6624	MHLKJHLE_00009

DiscRep_SUB:FEATURE_LOCATION_CONFLICT::Coding region xref gene does not exist
plasmid_files/KT185451.1_results/PROKKA_06292018:CDS	hypothetical protein	KT185451.1:c7129-6938	MHLKJHLE_00010

DiscRep_SUB:FEATURE_LOCATION_CONFLICT::Coding region xref gene does not exist
plasmid_files/KT185451.1_results/PROKKA_06292018:CDS	hypothetical protein	KT185451.1:c7548-7126	MHLKJHLE_00011

DiscRep_SUB:FEATURE_LOCATION_CONFLICT::Coding region xref gene does not exist
plasmid_files/KT185451.1_results/PROKKA_06292018:CDS	Antirestriction protein KlcA	KT185451.1:c8020-7595	MHLKJHLE_00012

DiscRep_SUB:FEATURE_LOCATION_CONFLICT::Coding region xref gene does not exist
plasmid_files/KT185451.1_results/PROKKA_06292018:CDS	hypothetical protein	KT185451.1:c9265-8438	MHLKJHLE_00013

DiscRep_SUB:FEATURE_LOCATION_CONFLICT::Coding region xref gene does not exist
plasmid_files/KT185451.1_results/PROKKA_06292018:CDS	hypothetical protein	KT185451.1:c9699-9265	MHLKJHLE_00014

DiscRep_SUB:FEATURE_LOCATION_CONFLICT::Coding region xref gene does not exist
plasmid_files/KT185451.1_results/PROKKA_06292018:CDS	hypothetical protein	KT185451.1:c9934-9713	MHLKJHLE_00015

DiscRep_SUB:FEATURE_LOCATION_CONFLICT::Coding region xref gene does not exist
plasmid_files/KT185451.1_results/PROKKA_06292018:CDS	DNA adenine methyltransferase YhdJ	KT185451.1:c10618-9935	MHLKJHLE_00016

DiscRep_SUB:FEATURE_LOCATION_CONFLICT::Coding region xref gene does not exist
plasmid_files/KT185451.1_results/PROKKA_06292018:CDS	Plasmid segregation protein ParM	KT185451.1:11135-12097	MHLKJHLE_00017

DiscRep_SUB:FEATURE_LOCATION_CONFLICT::Coding region xref gene does not exist
plasmid_files/KT185451.1_results/PROKKA_06292018:CDS	Protein StbB	KT185451.1:12097-12450	MHLKJHLE_00018

DiscRep_SUB:FEATURE_LOCATION_CONFLICT::Coding region xref gene does not exist
plasmid_files/KT185451.1_results/PROKKA_06292018:CDS	hypothetical protein	KT185451.1:c12854-12573	MHLKJHLE_00019

DiscRep_SUB:FEATURE_LOCATION_CONFLICT::Coding region xref gene does not exist
plasmid_files/KT185451.1_results/PROKKA_06292018:CDS	hypothetical protein	KT185451.1:12883-13119	MHLKJHLE_00020

DiscRep_SUB:FEATURE_LOCATION_CONFLICT::Coding region xref gene does not exist
plasmid_files/KT185451.1_results/PROKKA_06292018:CDS	hypothetical protein	KT185451.1:14796-15500	MHLKJHLE_00021

DiscRep_SUB:FEATURE_LOCATION_CONFLICT::Coding region xref gene does not exist
plasmid_files/KT185451.1_results/PROKKA_06292018:CDS	hypothetical protein	KT185451.1:15588-15869	MHLKJHLE_00022

DiscRep_SUB:FEATURE_LOCATION_CONFLICT::Coding region xref gene does not exist
plasmid_files/KT185451.1_results/PROKKA_06292018:CDS	16S rRNA (guanine(1405)-N(7))-methyltransferase	KT185451.1:c16705-15950	MHLKJHLE_00023

DiscRep_SUB:FEATURE_LOCATION_CONFLICT::Coding region xref gene does not exist
plasmid_files/KT185451.1_results/PROKKA_06292018:CDS	Beta-lactamase TEM	KT185451.1:c17735-16875	MHLKJHLE_00024

DiscRep_SUB:FEATURE_LOCATION_CONFLICT::Coding region xref gene does not exist
plasmid_files/KT185451.1_results/PROKKA_06292018:CDS	Transposon Tn3 resolvase	KT185451.1:c18433-17918	MHLKJHLE_00025

DiscRep_SUB:FEATURE_LOCATION_CONFLICT::Coding region xref gene does not exist
plasmid_files/KT185451.1_results/PROKKA_06292018:CDS	hypothetical protein	KT185451.1:18546-18734	MHLKJHLE_00026

DiscRep_SUB:FEATURE_LOCATION_CONFLICT::Coding region xref gene does not exist
plasmid_files/KT185451.1_results/PROKKA_06292018:CDS	hypothetical protein	KT185451.1:18744-19466	MHLKJHLE_00027

DiscRep_SUB:FEATURE_LOCATION_CONFLICT::Coding region xref gene does not exist
plasmid_files/KT185451.1_results/PROKKA_06292018:CDS	hypothetical protein	KT185451.1:c20116-19412	MHLKJHLE_00028

DiscRep_SUB:FEATURE_LOCATION_CONFLICT::Coding region xref gene does not exist
plasmid_files/KT185451.1_results/PROKKA_06292018:CDS	Glutathione transferase FosA	KT185451.1:20502-20918	MHLKJHLE_00029

DiscRep_SUB:FEATURE_LOCATION_CONFLICT::Coding region xref gene does not exist
plasmid_files/KT185451.1_results/PROKKA_06292018:CDS	hypothetical protein	KT185451.1:c21441-20923	MHLKJHLE_00030

DiscRep_SUB:FEATURE_LOCATION_CONFLICT::Coding region xref gene does not exist
plasmid_files/KT185451.1_results/PROKKA_06292018:CDS	hypothetical protein	KT185451.1:c22211-21507	MHLKJHLE_00031

DiscRep_SUB:FEATURE_LOCATION_CONFLICT::Coding region xref gene does not exist
plasmid_files/KT185451.1_results/PROKKA_06292018:CDS	hypothetical protein	KT185451.1:c23242-22667	MHLKJHLE_00032

DiscRep_SUB:FEATURE_LOCATION_CONFLICT::Coding region xref gene does not exist
plasmid_files/KT185451.1_results/PROKKA_06292018:CDS	hypothetical protein	KT185451.1:23322-24026	MHLKJHLE_00033

DiscRep_SUB:FEATURE_LOCATION_CONFLICT::Coding region xref gene does not exist
plasmid_files/KT185451.1_results/PROKKA_06292018:CDS	Catecholate siderophore receptor Fiu	KT185451.1:c25648-24623	MHLKJHLE_00034

DiscRep_SUB:FEATURE_LOCATION_CONFLICT::Coding region xref gene does not exist
plasmid_files/KT185451.1_results/PROKKA_06292018:CDS	hypothetical protein	KT185451.1:c26745-25777	MHLKJHLE_00035

DiscRep_SUB:FEATURE_LOCATION_CONFLICT::Coding region xref gene does not exist
plasmid_files/KT185451.1_results/PROKKA_06292018:CDS	Beta-lactamase Toho-1	KT185451.1:c27655-26780	MHLKJHLE_00036

DiscRep_SUB:FEATURE_LOCATION_CONFLICT::Coding region xref gene does not exist
plasmid_files/KT185451.1_results/PROKKA_06292018:CDS	hypothetical protein	KT185451.1:c27924-27802	MHLKJHLE_00037

DiscRep_SUB:FEATURE_LOCATION_CONFLICT::Coding region xref gene does not exist
plasmid_files/KT185451.1_results/PROKKA_06292018:CDS	hypothetical protein	KT185451.1:28166-28870	MHLKJHLE_00038

DiscRep_SUB:FEATURE_LOCATION_CONFLICT::Coding region xref gene does not exist
plasmid_files/KT185451.1_results/PROKKA_06292018:CDS	Group II intron-encoded protein LtrA	KT185451.1:c29854-28904	MHLKJHLE_00039

DiscRep_SUB:FEATURE_LOCATION_CONFLICT::Coding region xref gene does not exist
plasmid_files/KT185451.1_results/PROKKA_06292018:CDS	hypothetical protein	KT185451.1:c30991-30734	MHLKJHLE_00040

DiscRep_SUB:FEATURE_LOCATION_CONFLICT::Coding region xref gene does not exist
plasmid_files/KT185451.1_results/PROKKA_06292018:CDS	hypothetical protein	KT185451.1:31254-31484	MHLKJHLE_00041

DiscRep_SUB:FEATURE_LOCATION_CONFLICT::Coding region xref gene does not exist
plasmid_files/KT185451.1_results/PROKKA_06292018:CDS	hypothetical protein	KT185451.1:31536-32897	MHLKJHLE_00042

DiscRep_SUB:FEATURE_LOCATION_CONFLICT::Coding region xref gene does not exist
plasmid_files/KT185451.1_results/PROKKA_06292018:CDS	Ribosomal RNA small subunit methyltransferase A	KT185451.1:32944-33507	MHLKJHLE_00043

DiscRep_SUB:FEATURE_LOCATION_CONFLICT::Coding region xref gene does not exist
plasmid_files/KT185451.1_results/PROKKA_06292018:CDS	hypothetical protein	KT185451.1:c34048-33593	MHLKJHLE_00044

DiscRep_SUB:FEATURE_LOCATION_CONFLICT::Coding region xref gene does not exist
plasmid_files/KT185451.1_results/PROKKA_06292018:CDS	hypothetical protein	KT185451.1:c34285-34049	MHLKJHLE_00045

DiscRep_SUB:FEATURE_LOCATION_CONFLICT::Coding region xref gene does not exist
plasmid_files/KT185451.1_results/PROKKA_06292018:CDS	Plasmid-derived single-stranded DNA-binding protein	KT185451.1:34350-34877	MHLKJHLE_00046

DiscRep_SUB:FEATURE_LOCATION_CONFLICT::Coding region xref gene does not exist
plasmid_files/KT185451.1_results/PROKKA_06292018:CDS	hypothetical protein	KT185451.1:34935-35168	MHLKJHLE_00047

DiscRep_SUB:FEATURE_LOCATION_CONFLICT::Coding region xref gene does not exist
plasmid_files/KT185451.1_results/PROKKA_06292018:CDS	Chromosome-partitioning protein Spo0J	KT185451.1:35229-36650	MHLKJHLE_00048

DiscRep_SUB:FEATURE_LOCATION_CONFLICT::Coding region xref gene does not exist
plasmid_files/KT185451.1_results/PROKKA_06292018:CDS	hypothetical protein	KT185451.1:36677-37252	MHLKJHLE_00049

DiscRep_SUB:FEATURE_LOCATION_CONFLICT::Coding region xref gene does not exist
plasmid_files/KT185451.1_results/PROKKA_06292018:CDS	Protein PsiB	KT185451.1:37321-37755	MHLKJHLE_00050

DiscRep_SUB:FEATURE_LOCATION_CONFLICT::Coding region xref gene does not exist
plasmid_files/KT185451.1_results/PROKKA_06292018:CDS	hypothetical protein	KT185451.1:37752-38471	MHLKJHLE_00051

DiscRep_SUB:FEATURE_LOCATION_CONFLICT::Coding region xref gene does not exist
plasmid_files/KT185451.1_results/PROKKA_06292018:CDS	hypothetical protein	KT185451.1:c38707-38492	MHLKJHLE_00052

DiscRep_SUB:FEATURE_LOCATION_CONFLICT::Coding region xref gene does not exist
plasmid_files/KT185451.1_results/PROKKA_06292018:CDS	Stable plasmid inheritance protein	KT185451.1:38751-38909	MHLKJHLE_00053

DiscRep_SUB:FEATURE_LOCATION_CONFLICT::Coding region xref gene does not exist
plasmid_files/KT185451.1_results/PROKKA_06292018:CDS	hypothetical protein	KT185451.1:c39524-39147	MHLKJHLE_00054

DiscRep_SUB:FEATURE_LOCATION_CONFLICT::Coding region xref gene does not exist
plasmid_files/KT185451.1_results/PROKKA_06292018:CDS	hypothetical protein	KT185451.1:c39761-39525	MHLKJHLE_00055

DiscRep_SUB:FEATURE_LOCATION_CONFLICT::Coding region xref gene does not exist
plasmid_files/KT185451.1_results/PROKKA_06292018:CDS	hypothetical protein	KT185451.1:39824-40120	MHLKJHLE_00056

DiscRep_SUB:FEATURE_LOCATION_CONFLICT::Coding region xref gene does not exist
plasmid_files/KT185451.1_results/PROKKA_06292018:CDS	hypothetical protein	KT185451.1:40231-41052	MHLKJHLE_00057

DiscRep_SUB:FEATURE_LOCATION_CONFLICT::Coding region xref gene does not exist
plasmid_files/KT185451.1_results/PROKKA_06292018:CDS	hypothetical protein	KT185451.1:c41996-41349	MHLKJHLE_00058

DiscRep_SUB:FEATURE_LOCATION_CONFLICT::Coding region xref gene does not exist
plasmid_files/KT185451.1_results/PROKKA_06292018:CDS	Relaxosome protein TraM	KT185451.1:42273-42656	MHLKJHLE_00059

DiscRep_SUB:FEATURE_LOCATION_CONFLICT::Coding region xref gene does not exist
plasmid_files/KT185451.1_results/PROKKA_06292018:CDS	Protein TraJ	KT185451.1:42847-43533	MHLKJHLE_00060

DiscRep_SUB:FEATURE_LOCATION_CONFLICT::Coding region xref gene does not exist
plasmid_files/KT185451.1_results/PROKKA_06292018:CDS	Relaxosome protein TraY	KT185451.1:43627-43854	MHLKJHLE_00061

DiscRep_SUB:FEATURE_LOCATION_CONFLICT::Coding region xref gene does not exist
plasmid_files/KT185451.1_results/PROKKA_06292018:CDS	Pilin	KT185451.1:43888-44253	MHLKJHLE_00062

DiscRep_SUB:FEATURE_LOCATION_CONFLICT::Coding region xref gene does not exist
plasmid_files/KT185451.1_results/PROKKA_06292018:CDS	hypothetical protein	KT185451.1:44268-44579	MHLKJHLE_00063

DiscRep_SUB:FEATURE_LOCATION_CONFLICT::Coding region xref gene does not exist
plasmid_files/KT185451.1_results/PROKKA_06292018:CDS	hypothetical protein	KT185451.1:44601-45167	MHLKJHLE_00064

DiscRep_SUB:FEATURE_LOCATION_CONFLICT::Coding region xref gene does not exist
plasmid_files/KT185451.1_results/PROKKA_06292018:CDS	hypothetical protein	KT185451.1:45154-45882	MHLKJHLE_00065

DiscRep_SUB:FEATURE_LOCATION_CONFLICT::Coding region xref gene does not exist
plasmid_files/KT185451.1_results/PROKKA_06292018:CDS	hypothetical protein	KT185451.1:45882-47309	MHLKJHLE_00066

DiscRep_SUB:FEATURE_LOCATION_CONFLICT::Coding region xref gene does not exist
plasmid_files/KT185451.1_results/PROKKA_06292018:CDS	hypothetical protein	KT185451.1:47299-47889	MHLKJHLE_00067

DiscRep_SUB:FEATURE_LOCATION_CONFLICT::Coding region xref gene does not exist
plasmid_files/KT185451.1_results/PROKKA_06292018:CDS	hypothetical protein	KT185451.1:47876-48073	MHLKJHLE_00068

DiscRep_SUB:FEATURE_LOCATION_CONFLICT::Coding region xref gene does not exist
plasmid_files/KT185451.1_results/PROKKA_06292018:CDS	hypothetical protein	KT185451.1:48085-48336	MHLKJHLE_00069

DiscRep_SUB:FEATURE_LOCATION_CONFLICT::Coding region xref gene does not exist
plasmid_files/KT185451.1_results/PROKKA_06292018:CDS	Protein TraV	KT185451.1:48333-48848	MHLKJHLE_00070

DiscRep_SUB:FEATURE_LOCATION_CONFLICT::Coding region xref gene does not exist
plasmid_files/KT185451.1_results/PROKKA_06292018:CDS	Protein TraR	KT185451.1:48983-49204	MHLKJHLE_00071

DiscRep_SUB:FEATURE_LOCATION_CONFLICT::Coding region xref gene does not exist
plasmid_files/KT185451.1_results/PROKKA_06292018:CDS	Protein TraC	KT185451.1:49364-51991	MHLKJHLE_00072

DiscRep_SUB:FEATURE_LOCATION_CONFLICT::Coding region xref gene does not exist
plasmid_files/KT185451.1_results/PROKKA_06292018:CDS	hypothetical protein	KT185451.1:51988-52374	MHLKJHLE_00073

DiscRep_SUB:FEATURE_LOCATION_CONFLICT::Coding region xref gene does not exist
plasmid_files/KT185451.1_results/PROKKA_06292018:CDS	hypothetical protein	KT185451.1:52371-53003	MHLKJHLE_00074

DiscRep_SUB:FEATURE_LOCATION_CONFLICT::Coding region xref gene does not exist
plasmid_files/KT185451.1_results/PROKKA_06292018:CDS	hypothetical protein	KT185451.1:53000-53992	MHLKJHLE_00075

DiscRep_SUB:FEATURE_LOCATION_CONFLICT::Coding region xref gene does not exist
plasmid_files/KT185451.1_results/PROKKA_06292018:CDS	hypothetical protein	KT185451.1:54019-54327	MHLKJHLE_00076

DiscRep_SUB:FEATURE_LOCATION_CONFLICT::Coding region xref gene does not exist
plasmid_files/KT185451.1_results/PROKKA_06292018:CDS	hypothetical protein	KT185451.1:54390-54911	MHLKJHLE_00077

DiscRep_SUB:FEATURE_LOCATION_CONFLICT::Coding region xref gene does not exist
plasmid_files/KT185451.1_results/PROKKA_06292018:CDS	hypothetical protein	KT185451.1:54938-55576	MHLKJHLE_00078

DiscRep_SUB:FEATURE_LOCATION_CONFLICT::Coding region xref gene does not exist
plasmid_files/KT185451.1_results/PROKKA_06292018:CDS	hypothetical protein	KT185451.1:55573-55944	MHLKJHLE_00079

DiscRep_SUB:FEATURE_LOCATION_CONFLICT::Coding region xref gene does not exist
plasmid_files/KT185451.1_results/PROKKA_06292018:CDS	hypothetical protein	KT185451.1:55970-56392	MHLKJHLE_00080

DiscRep_SUB:FEATURE_LOCATION_CONFLICT::Coding region xref gene does not exist
plasmid_files/KT185451.1_results/PROKKA_06292018:CDS	hypothetical protein	KT185451.1:56389-58239	MHLKJHLE_00081

DiscRep_SUB:FEATURE_LOCATION_CONFLICT::Coding region xref gene does not exist
plasmid_files/KT185451.1_results/PROKKA_06292018:CDS	hypothetical protein	KT185451.1:58263-58523	MHLKJHLE_00082

DiscRep_SUB:FEATURE_LOCATION_CONFLICT::Coding region xref gene does not exist
plasmid_files/KT185451.1_results/PROKKA_06292018:CDS	hypothetical protein	KT185451.1:58516-59259	MHLKJHLE_00083

DiscRep_SUB:FEATURE_LOCATION_CONFLICT::Coding region xref gene does not exist
plasmid_files/KT185451.1_results/PROKKA_06292018:CDS	Protein TraQ	KT185451.1:59375-59656	MHLKJHLE_00084

DiscRep_SUB:FEATURE_LOCATION_CONFLICT::Coding region xref gene does not exist
plasmid_files/KT185451.1_results/PROKKA_06292018:CDS	hypothetical protein	KT185451.1:59643-60188	MHLKJHLE_00085

DiscRep_SUB:FEATURE_LOCATION_CONFLICT::Coding region xref gene does not exist
plasmid_files/KT185451.1_results/PROKKA_06292018:CDS	hypothetical protein	KT185451.1:60178-60492	MHLKJHLE_00086

DiscRep_SUB:FEATURE_LOCATION_CONFLICT::Coding region xref gene does not exist
plasmid_files/KT185451.1_results/PROKKA_06292018:CDS	hypothetical protein	KT185451.1:60446-60838	MHLKJHLE_00087

DiscRep_SUB:FEATURE_LOCATION_CONFLICT::Coding region xref gene does not exist
plasmid_files/KT185451.1_results/PROKKA_06292018:CDS	hypothetical protein	KT185451.1:62195-65011	MHLKJHLE_00089

DiscRep_SUB:FEATURE_LOCATION_CONFLICT::Coding region xref gene does not exist
plasmid_files/KT185451.1_results/PROKKA_06292018:CDS	Protein TraS	KT185451.1:65044-65565	MHLKJHLE_00090

DiscRep_SUB:FEATURE_LOCATION_CONFLICT::Coding region xref gene does not exist
plasmid_files/KT185451.1_results/PROKKA_06292018:CDS	Lipoprotein YlpA	KT185451.1:65587-66321	MHLKJHLE_00091

DiscRep_SUB:FEATURE_LOCATION_CONFLICT::Coding region xref gene does not exist
plasmid_files/KT185451.1_results/PROKKA_06292018:CDS	hypothetical protein	KT185451.1:66524-67261	MHLKJHLE_00092

DiscRep_SUB:FEATURE_LOCATION_CONFLICT::Coding region xref gene does not exist
plasmid_files/KT185451.1_results/PROKKA_06292018:CDS	Coupling protein TraD	KT185451.1:67312-69528	MHLKJHLE_00093

DiscRep_SUB:FEATURE_LOCATION_CONFLICT::Coding region xref gene does not exist
plasmid_files/KT185451.1_results/PROKKA_06292018:CDS	Multifunctional conjugation protein TraI	KT185451.1:69528-72305	MHLKJHLE_00094

DiscRep_SUB:FEATURE_LOCATION_CONFLICT::Coding region xref gene does not exist
plasmid_files/KT185451.1_results/PROKKA_06292018:CDS	hypothetical protein	KT185451.1:72317-73021	MHLKJHLE_00095

DiscRep_SUB:FEATURE_LOCATION_CONFLICT::Coding region xref gene does not exist
plasmid_files/KT185451.1_results/PROKKA_06292018:CDS	3-oxo-tetronate 4-phosphate decarboxylase	KT185451.1:c73398-72967	MHLKJHLE_00096

DiscRep_SUB:FEATURE_LOCATION_CONFLICT::Coding region xref gene does not exist
plasmid_files/KT185451.1_results/PROKKA_06292018:CDS	3-oxo-tetronate kinase	KT185451.1:c74014-73391	MHLKJHLE_00097

DiscRep_SUB:FEATURE_LOCATION_CONFLICT::Coding region xref gene does not exist
plasmid_files/KT185451.1_results/PROKKA_06292018:CDS	3-oxo-tetronate kinase	KT185451.1:c74643-74011	MHLKJHLE_00098

DiscRep_SUB:FEATURE_LOCATION_CONFLICT::Coding region xref gene does not exist
plasmid_files/KT185451.1_results/PROKKA_06292018:CDS	L-threonate dehydrogenase	KT185451.1:c75557-74655	MHLKJHLE_00099

DiscRep_SUB:FEATURE_LOCATION_CONFLICT::Coding region xref gene does not exist
plasmid_files/KT185451.1_results/PROKKA_06292018:CDS	Glycerol-3-phosphate regulon repressor	KT185451.1:75819-76580	MHLKJHLE_00100

DiscRep_SUB:FEATURE_LOCATION_CONFLICT::Coding region xref gene does not exist
plasmid_files/KT185451.1_results/PROKKA_06292018:CDS	Beta-lactamase SHV-2	KT185451.1:c77461-76601	MHLKJHLE_00101

DiscRep_SUB:FEATURE_LOCATION_CONFLICT::Coding region xref gene does not exist
plasmid_files/KT185451.1_results/PROKKA_06292018:CDS	hypothetical protein	KT185451.1:c80668-77702	MHLKJHLE_00102

DiscRep_SUB:FEATURE_LOCATION_CONFLICT::Coding region xref gene does not exist
plasmid_files/KT185451.1_results/PROKKA_06292018:CDS	DNA-invertase hin	KT185451.1:c81232-80672	MHLKJHLE_00103

DiscRep_SUB:FEATURE_LOCATION_CONFLICT::Coding region xref gene does not exist
plasmid_files/KT185451.1_results/PROKKA_06292018:CDS	hypothetical protein	KT185451.1:81681-82241	MHLKJHLE_00104

DiscRep_SUB:FEATURE_LOCATION_CONFLICT::Coding region xref gene does not exist
plasmid_files/KT185451.1_results/PROKKA_06292018:CDS	hypothetical protein	KT185451.1:82775-83053	MHLKJHLE_00105

DiscRep_SUB:FEATURE_LOCATION_CONFLICT::Coding region xref gene does not exist
plasmid_files/KT185451.1_results/PROKKA_06292018:CDS	Antirestriction protein KlcA	KT185451.1:83167-83589	MHLKJHLE_00106

DiscRep_SUB:FEATURE_LOCATION_CONFLICT::Coding region xref gene does not exist
plasmid_files/KT185451.1_results/PROKKA_06292018:CDS	hypothetical protein	KT185451.1:83717-83872	MHLKJHLE_00107

DiscRep_SUB:FEATURE_LOCATION_CONFLICT::Coding region xref gene does not exist
plasmid_files/KT185451.1_results/PROKKA_06292018:CDS	hypothetical protein	KT185451.1:83918-84214	MHLKJHLE_00108

DiscRep_SUB:FEATURE_LOCATION_CONFLICT::Coding region xref gene does not exist
plasmid_files/KT185451.1_results/PROKKA_06292018:CDS	hypothetical protein	KT185451.1:84219-85199	MHLKJHLE_00109

DiscRep_SUB:FEATURE_LOCATION_CONFLICT::Coding region xref gene does not exist
plasmid_files/KT185451.1_results/PROKKA_06292018:CDS	Carbapenem-hydrolyzing beta-lactamase KPC	KT185451.1:c86330-85449	MHLKJHLE_00110

DiscRep_SUB:FEATURE_LOCATION_CONFLICT::Coding region xref gene does not exist
plasmid_files/KT185451.1_results/PROKKA_06292018:CDS	hypothetical protein	KT185451.1:c87586-86606	MHLKJHLE_00111

DiscRep_SUB:FEATURE_LOCATION_CONFLICT::Coding region xref gene does not exist
plasmid_files/KT185451.1_results/PROKKA_06292018:CDS	Transposon Tn3 resolvase	KT185451.1:c88110-87709	MHLKJHLE_00112

DiscRep_SUB:FEATURE_LOCATION_CONFLICT::Coding region xref gene does not exist
plasmid_files/KT185451.1_results/PROKKA_06292018:CDS	hypothetical protein	KT185451.1:c88926-88222	MHLKJHLE_00113

DiscRep_SUB:FEATURE_LOCATION_CONFLICT::Coding region xref gene does not exist
plasmid_files/KT185451.1_results/PROKKA_06292018:CDS	Transposon Tn7 transposition protein TnsB	KT185451.1:c90163-88973	MHLKJHLE_00114

DiscRep_SUB:FEATURE_LOCATION_CONFLICT::Coding region xref gene does not exist
plasmid_files/KT185451.1_results/PROKKA_06292018:CDS	putative signaling protein	KT185451.1:c90945-90238	MHLKJHLE_00115

DiscRep_SUB:FEATURE_LOCATION_CONFLICT::Coding region xref gene does not exist
plasmid_files/KT185451.1_results/PROKKA_06292018:CDS	hypothetical protein	KT185451.1:c91178-90942	MHLKJHLE_00116

DiscRep_SUB:FEATURE_LOCATION_CONFLICT::Coding region xref gene does not exist
plasmid_files/KT185451.1_results/PROKKA_06292018:CDS	HTH-type transcriptional activator mta	KT185451.1:c91537-91175	MHLKJHLE_00117

DiscRep_SUB:FEATURE_LOCATION_CONFLICT::Coding region xref gene does not exist
plasmid_files/KT185451.1_results/PROKKA_06292018:CDS	Mercuric reductase	KT185451.1:c93249-91555	MHLKJHLE_00118

DiscRep_SUB:FEATURE_LOCATION_CONFLICT::Coding region xref gene does not exist
plasmid_files/KT185451.1_results/PROKKA_06292018:CDS	Mercuric transport protein MerC	KT185451.1:c93762-93301	MHLKJHLE_00119

DiscRep_SUB:FEATURE_LOCATION_CONFLICT::Coding region xref gene does not exist
plasmid_files/KT185451.1_results/PROKKA_06292018:CDS	Mercuric transport protein periplasmic component	KT185451.1:c94034-93759	MHLKJHLE_00120

DiscRep_SUB:FEATURE_LOCATION_CONFLICT::Coding region xref gene does not exist
plasmid_files/KT185451.1_results/PROKKA_06292018:CDS	Mercuric transport protein MerT	KT185451.1:c94398-94048	MHLKJHLE_00121

DiscRep_SUB:FEATURE_LOCATION_CONFLICT::Coding region xref gene does not exist
plasmid_files/KT185451.1_results/PROKKA_06292018:CDS	Mercuric resistance operon regulatory protein	KT185451.1:94470-94904	MHLKJHLE_00122

DiscRep_SUB:FEATURE_LOCATION_CONFLICT::Coding region xref gene does not exist
plasmid_files/KT185451.1_results/PROKKA_06292018:CDS	hypothetical protein	KT185451.1:94983-95987	MHLKJHLE_00123

DiscRep_SUB:FEATURE_LOCATION_CONFLICT::Coding region xref gene does not exist
plasmid_files/KT185451.1_results/PROKKA_06292018:CDS	hypothetical protein	KT185451.1:c96566-96186	MHLKJHLE_00124

DiscRep_SUB:FEATURE_LOCATION_CONFLICT::Coding region xref gene does not exist
plasmid_files/KT185451.1_results/PROKKA_06292018:CDS	hypothetical protein	KT185451.1:c96945-96568	MHLKJHLE_00125

DiscRep_SUB:FEATURE_LOCATION_CONFLICT::Coding region xref gene does not exist
plasmid_files/KT185451.1_results/PROKKA_06292018:CDS	hypothetical protein	KT185451.1:c97265-96990	MHLKJHLE_00126

DiscRep_SUB:FEATURE_LOCATION_CONFLICT::Coding region xref gene does not exist
plasmid_files/KT185451.1_results/PROKKA_06292018:CDS	hypothetical protein	KT185451.1:c98543-97521	MHLKJHLE_00127

DiscRep_SUB:FEATURE_LOCATION_CONFLICT::Coding region xref gene does not exist
plasmid_files/KT185451.1_results/PROKKA_06292018:CDS	DNA replication and repair protein RecF	KT185451.1:c100090-98528	MHLKJHLE_00128

DiscRep_SUB:FEATURE_LOCATION_CONFLICT::Coding region xref gene does not exist
plasmid_files/KT185451.1_results/PROKKA_06292018:CDS	tRNA(fMet)-specific endonuclease VapC	KT185451.1:c100580-100164	MHLKJHLE_00129

DiscRep_SUB:FEATURE_LOCATION_CONFLICT::Coding region xref gene does not exist
plasmid_files/KT185451.1_results/PROKKA_06292018:CDS	Antitoxin VapB	KT185451.1:c100807-100577	MHLKJHLE_00130

DiscRep_SUB:FEATURE_LOCATION_CONFLICT::Coding region xref gene does not exist
plasmid_files/KT185451.1_results/PROKKA_06292018:CDS	hypothetical protein	KT185451.1:c101252-100977	MHLKJHLE_00131

DiscRep_SUB:FEATURE_LOCATION_CONFLICT::Coding region xref gene does not exist
plasmid_files/KT185451.1_results/PROKKA_06292018:CDS	hypothetical protein	KT185451.1:101386-102330	MHLKJHLE_00132

DiscRep_SUB:FEATURE_LOCATION_CONFLICT::Coding region xref gene does not exist
plasmid_files/KT185451.1_results/PROKKA_06292018:CDS	hypothetical protein	KT185451.1:102367-102759	MHLKJHLE_00133

DiscRep_SUB:FEATURE_LOCATION_CONFLICT::Coding region xref gene does not exist
plasmid_files/KT185451.1_results/PROKKA_06292018:CDS	hypothetical protein	KT185451.1:102817-103338	MHLKJHLE_00134

DiscRep_SUB:FEATURE_LOCATION_CONFLICT::Coding region xref gene does not exist
plasmid_files/KT185451.1_results/PROKKA_06292018:CDS	hypothetical protein	KT185451.1:103384-103587	MHLKJHLE_00135

DiscRep_SUB:FEATURE_LOCATION_CONFLICT::Coding region xref gene does not exist
plasmid_files/KT185451.1_results/PROKKA_06292018:CDS	hypothetical protein	KT185451.1:103617-104621	MHLKJHLE_00136

DiscRep_SUB:FEATURE_LOCATION_CONFLICT::Coding region xref gene does not exist
plasmid_files/KT185451.1_results/PROKKA_06292018:CDS	Tyrosine recombinase XerD	KT185451.1:104805-105584	MHLKJHLE_00137

DiscRep_SUB:FEATURE_LOCATION_CONFLICT::Coding region xref gene does not exist
plasmid_files/KT185451.1_results/PROKKA_06292018:CDS	hypothetical protein	KT185451.1:c105887-105630	MHLKJHLE_00138

DiscRep_SUB:FEATURE_LOCATION_CONFLICT::Coding region xref gene does not exist
plasmid_files/KT185451.1_results/PROKKA_06292018:CDS	hypothetical protein	KT185451.1:c106111-106016	MHLKJHLE_00139

DiscRep_SUB:FEATURE_LOCATION_CONFLICT::Coding region xref gene does not exist
plasmid_files/KT185451.1_results/PROKKA_06292018:CDS	hypothetical protein	KT185451.1:c106447-106172	MHLKJHLE_00140

DiscRep_SUB:FEATURE_LOCATION_CONFLICT::Coding region xref gene does not exist
plasmid_files/KT185451.1_results/PROKKA_06292018:CDS	Replication initiation protein	KT185451.1:106809-107531	MHLKJHLE_00141

DiscRep_SUB:FEATURE_LOCATION_CONFLICT::Coding region xref gene does not exist
plasmid_files/KT185451.1_results/PROKKA_06292018:CDS	hypothetical protein	KT185451.1:c108227-107616	MHLKJHLE_00142

DiscRep_SUB:FEATURE_LOCATION_CONFLICT::Coding region xref gene does not exist
plasmid_files/KT185451.1_results/PROKKA_06292018:CDS	Plasmid partition protein A	KT185451.1:108641-109846	MHLKJHLE_00143

DiscRep_SUB:FEATURE_LOCATION_CONFLICT::Coding region xref gene does not exist
plasmid_files/KT185451.1_results/PROKKA_06292018:CDS	Virulence regulon transcriptional activator VirB	KT185451.1:109846-110820	MHLKJHLE_00144

DiscRep_SUB:FEATURE_LOCATION_CONFLICT::Coding region xref gene does not exist
plasmid_files/KT185451.1_results/PROKKA_06292018:CDS	Protein UmuC	KT185451.1:c112173-110902	MHLKJHLE_00145

DiscRep_SUB:FEATURE_LOCATION_CONFLICT::Coding region xref gene does not exist
plasmid_files/KT185451.1_results/PROKKA_06292018:CDS	Protein UmuD	KT185451.1:c112604-112173	MHLKJHLE_00146

DiscRep_SUB:FEATURE_LOCATION_CONFLICT::Coding region xref gene does not exist
plasmid_files/KT185451.1_results/PROKKA_06292018:CDS	Group II intron-encoded protein LtrA	KT185451.1:113014-114498	MHLKJHLE_00147

DiscRep_SUB:FEATURE_LOCATION_CONFLICT::Coding region xref gene does not exist
plasmid_files/KT185451.1_results/PROKKA_06292018:CDS	Plasmid segregation protein ParM	KT185451.1:114747-115718	MHLKJHLE_00148

DiscRep_SUB:FEATURE_LOCATION_CONFLICT::Coding region xref gene does not exist
plasmid_files/KT185451.1_results/PROKKA_06292018:CDS	hypothetical protein	KT185451.1:115721-116392	MHLKJHLE_00149

DiscRep_SUB:FEATURE_LOCATION_CONFLICT::Coding region xref gene does not exist
plasmid_files/KT185451.1_results/PROKKA_06292018:CDS	hypothetical protein	KT185451.1:116455-116685	MHLKJHLE_00150

DiscRep_SUB:FEATURE_LOCATION_CONFLICT::Coding region xref gene does not exist
plasmid_files/KT185451.1_results/PROKKA_06292018:CDS	DNA adenine methyltransferase YhdJ	KT185451.1:117122-117823	MHLKJHLE_00151

DiscRep_SUB:FEATURE_LOCATION_CONFLICT::Coding region xref gene does not exist
plasmid_files/KT185451.1_results/PROKKA_06292018:CDS	hypothetical protein	KT185451.1:117823-118044	MHLKJHLE_00152

DiscRep_SUB:FEATURE_LOCATION_CONFLICT::Coding region xref gene does not exist
plasmid_files/KT185451.1_results/PROKKA_06292018:CDS	hypothetical protein	KT185451.1:118054-118473	MHLKJHLE_00153

DiscRep_SUB:FEATURE_LOCATION_CONFLICT::Coding region xref gene does not exist
plasmid_files/KT185451.1_results/PROKKA_06292018:CDS	hypothetical protein	KT185451.1:118527-119294	MHLKJHLE_00154

DiscRep_SUB:FEATURE_LOCATION_CONFLICT::Coding region xref gene does not exist
plasmid_files/KT185451.1_results/PROKKA_06292018:CDS	Antirestriction protein KlcA	KT185451.1:119975-120403	MHLKJHLE_00155

DiscRep_SUB:FEATURE_LOCATION_CONFLICT::Coding region xref gene does not exist
plasmid_files/KT185451.1_results/PROKKA_06292018:CDS	hypothetical protein	KT185451.1:120446-120952	MHLKJHLE_00156

DiscRep_SUB:FEATURE_LOCATION_CONFLICT::Coding region xref gene does not exist
plasmid_files/KT185451.1_results/PROKKA_06292018:CDS	hypothetical protein	KT185451.1:120995-121186	MHLKJHLE_00157

DiscRep_SUB:FEATURE_LOCATION_CONFLICT::Coding region xref gene does not exist
plasmid_files/KT185451.1_results/PROKKA_06292018:CDS	DNA polymerase III subunit theta	KT185451.1:121374-121628	MHLKJHLE_00158

DiscRep_SUB:FEATURE_LOCATION_CONFLICT::Coding region xref gene does not exist
plasmid_files/KT185451.1_results/PROKKA_06292018:CDS	hypothetical protein	KT185451.1:121663-121983	MHLKJHLE_00159

DiscRep_SUB:FEATURE_LOCATION_CONFLICT::Coding region xref gene does not exist
plasmid_files/KT185451.1_results/PROKKA_06292018:CDS	hypothetical protein	KT185451.1:122663-122890	MHLKJHLE_00160

DiscRep_SUB:FEATURE_LOCATION_CONFLICT::Coding region xref gene does not exist
plasmid_files/KT185451.1_results/PROKKA_06292018:CDS	hypothetical protein	KT185451.1:122982-123212	MHLKJHLE_00161

DiscRep_SUB:FEATURE_LOCATION_CONFLICT::Coding region xref gene does not exist
plasmid_files/KT185451.1_results/PROKKA_06292018:CDS	hypothetical protein	KT185451.1:123264-124619	MHLKJHLE_00162

DiscRep_SUB:FEATURE_LOCATION_CONFLICT::Coding region xref gene does not exist
plasmid_files/KT185451.1_results/PROKKA_06292018:CDS	hypothetical protein	KT185451.1:124667-125230	MHLKJHLE_00163

DiscRep_SUB:FEATURE_LOCATION_CONFLICT::Coding region xref gene does not exist
plasmid_files/KT185451.1_results/PROKKA_06292018:CDS	hypothetical protein	KT185451.1:c125454-125125	MHLKJHLE_00164

DiscRep_SUB:FEATURE_LOCATION_CONFLICT::Coding region xref gene does not exist
plasmid_files/KT185451.1_results/PROKKA_06292018:CDS	Plasmid-derived single-stranded DNA-binding protein	KT185451.1:126063-126605	MHLKJHLE_00165

DiscRep_SUB:FEATURE_LOCATION_CONFLICT::Coding region xref gene does not exist
plasmid_files/KT185451.1_results/PROKKA_06292018:CDS	hypothetical protein	KT185451.1:126654-126902	MHLKJHLE_00166

DiscRep_SUB:FEATURE_LOCATION_CONFLICT::Coding region xref gene does not exist
plasmid_files/KT185451.1_results/PROKKA_06292018:CDS	Nucleoid occlusion protein	KT185451.1:126972-127379	MHLKJHLE_00167

DiscRep_SUB:FEATURE_LOCATION_CONFLICT::Coding region xref gene does not exist
plasmid_files/KT185451.1_results/PROKKA_06292018:CDS	hypothetical protein	KT185451.1:127391-128095	MHLKJHLE_00168

DiscRep_SUB:FEATURE_LOCATION_CONFLICT::Coding region xref gene does not exist
plasmid_files/KT185451.1_results/PROKKA_06292018:CDS	hypothetical protein	KT185451.1:c128515-128129	MHLKJHLE_00169

DiscRep_SUB:FEATURE_LOCATION_CONFLICT::Coding region xref gene does not exist
plasmid_files/KT185451.1_results/PROKKA_06292018:CDS	hypothetical protein	KT185451.1:c128840-128535	MHLKJHLE_00170

DiscRep_SUB:FEATURE_LOCATION_CONFLICT::Coding region xref gene does not exist
plasmid_files/KT185451.1_results/PROKKA_06292018:CDS	Pilin	KT185451.1:c129222-128854	MHLKJHLE_00171

DiscRep_SUB:FEATURE_LOCATION_CONFLICT::Coding region xref gene does not exist
plasmid_files/KT185451.1_results/PROKKA_06292018:CDS	Protein TraJ	KT185451.1:c130342-129605	MHLKJHLE_00172

DiscRep_SUB:FEATURE_LOCATION_CONFLICT::Coding region xref gene does not exist
plasmid_files/KT185451.1_results/PROKKA_06292018:CDS	Relaxosome protein TraM	KT185451.1:c130925-130542	MHLKJHLE_00173

DiscRep_SUB:FEATURE_LOCATION_CONFLICT::Coding region xref gene does not exist
plasmid_files/KT185451.1_results/PROKKA_06292018:CDS	hypothetical protein	KT185451.1:131349-131834	MHLKJHLE_00174

DiscRep_SUB:FEATURE_LOCATION_CONFLICT::Coding region xref gene does not exist
plasmid_files/KT185451.1_results/PROKKA_06292018:CDS	hypothetical protein	KT185451.1:c132181-131867	MHLKJHLE_00175

DiscRep_SUB:FEATURE_LOCATION_CONFLICT::Coding region xref gene does not exist
plasmid_files/KT185451.1_results/PROKKA_06292018:CDS	hypothetical protein	KT185451.1:c133050-132229	MHLKJHLE_00176

DiscRep_SUB:FEATURE_LOCATION_CONFLICT::Coding region xref gene does not exist
plasmid_files/KT185451.1_results/PROKKA_06292018:CDS	Antitoxin HigA	KT185451.1:c133986-133879	MHLKJHLE_00177

DiscRep_SUB:FEATURE_LOCATION_CONFLICT::Coding region xref gene does not exist
plasmid_files/KT185451.1_results/PROKKA_06292018:CDS	Antitoxin HigA1	KT185451.1:c134265-133987	MHLKJHLE_00178

DiscRep_SUB:FEATURE_LOCATION_CONFLICT::Coding region xref gene does not exist
plasmid_files/KT185451.1_results/PROKKA_06292018:CDS	hypothetical protein	KT185451.1:c134575-134255	MHLKJHLE_00179

DiscRep_SUB:FEATURE_LOCATION_CONFLICT::Coding region xref gene does not exist
plasmid_files/KT185451.1_results/PROKKA_06292018:CDS	hypothetical protein	KT185451.1:c134880-134656	MHLKJHLE_00180

DiscRep_SUB:FEATURE_LOCATION_CONFLICT::Coding region xref gene does not exist
plasmid_files/KT185451.1_results/PROKKA_06292018:CDS	hypothetical protein	KT185451.1:c135103-134891	MHLKJHLE_00181

DiscRep_SUB:FEATURE_LOCATION_CONFLICT::Coding region xref gene does not exist
plasmid_files/KT185451.1_results/PROKKA_06292018:CDS	hypothetical protein	KT185451.1:c135520-135164	MHLKJHLE_00182

DiscRep_SUB:FEATURE_LOCATION_CONFLICT::Coding region xref gene does not exist
plasmid_files/KT185451.1_results/PROKKA_06292018:CDS	hypothetical protein	KT185451.1:c136678-136361	MHLKJHLE_00183

DiscRep_SUB:FEATURE_LOCATION_CONFLICT::Coding region xref gene does not exist
plasmid_files/KT185451.1_results/PROKKA_06292018:CDS	hypothetical protein	KT185451.1:c137043-136693	MHLKJHLE_00184

DiscRep_SUB:FEATURE_LOCATION_CONFLICT::Coding region xref gene does not exist
plasmid_files/KT185451.1_results/PROKKA_06292018:CDS	hypothetical protein	KT185451.1:c137312-137040	MHLKJHLE_00185

DiscRep_SUB:FEATURE_LOCATION_CONFLICT::Coding region xref gene does not exist
plasmid_files/KT185451.1_results/PROKKA_06292018:CDS	Stable plasmid inheritance protein	KT185451.1:c138163-138005	MHLKJHLE_00186

DiscRep_SUB:FEATURE_LOCATION_CONFLICT::Coding region xref gene does not exist
plasmid_files/KT185451.1_results/PROKKA_06292018:CDS	hypothetical protein	KT185451.1:c138765-138391	MHLKJHLE_00187

DiscRep_SUB:FEATURE_LOCATION_CONFLICT::Coding region xref gene does not exist
plasmid_files/KT185451.1_results/PROKKA_06292018:CDS	hypothetical protein	KT185451.1:c139147-138821	MHLKJHLE_00188

DiscRep_SUB:FEATURE_LOCATION_CONFLICT::Coding region xref gene does not exist
plasmid_files/KT185451.1_results/PROKKA_06292018:CDS	hypothetical protein	KT185451.1:c139872-139144	MHLKJHLE_00189

DiscRep_SUB:FEATURE_LOCATION_CONFLICT::Coding region xref gene does not exist
plasmid_files/KT185451.1_results/PROKKA_06292018:CDS	Protein PsiB	KT185451.1:c140300-139869	MHLKJHLE_00190

DiscRep_SUB:FEATURE_LOCATION_CONFLICT::Coding region xref gene does not exist
plasmid_files/KT185451.1_results/PROKKA_06292018:CDS	hypothetical protein	KT185451.1:c142018-140345	MHLKJHLE_00191

DiscRep_SUB:FEATURE_LOCATION_CONFLICT::Coding region xref gene does not exist
plasmid_files/KT185451.1_results/PROKKA_06292018:CDS	hypothetical protein	KT185451.1:c142811-142107	MHLKJHLE_00192

DiscRep_SUB:FEATURE_LOCATION_CONFLICT::Coding region xref gene does not exist
plasmid_files/KT185451.1_results/PROKKA_06292018:CDS	hypothetical protein	KT185451.1:c143650-142823	MHLKJHLE_00193

DiscRep_SUB:FEATURE_LOCATION_CONFLICT::Coding region xref gene does not exist
plasmid_files/KT185451.1_results/PROKKA_06292018:CDS	hypothetical protein	KT185451.1:c146695-143729	MHLKJHLE_00194

DiscRep_SUB:FEATURE_LOCATION_CONFLICT::Coding region xref gene does not exist
plasmid_files/KT185451.1_results/PROKKA_06292018:CDS	hypothetical protein	KT185451.1:c147520-146816	MHLKJHLE_00195

DiscRep_SUB:FEATURE_LOCATION_CONFLICT::Coding region xref gene does not exist
plasmid_files/KT185451.1_results/PROKKA_06292018:CDS	Multifunctional conjugation protein TraI	KT185451.1:147545-147745	MHLKJHLE_00196

DiscRep_SUB:FEATURE_LOCATION_CONFLICT::Coding region xref gene does not exist
plasmid_files/KT185451.1_results/PROKKA_06292018:CDS	hypothetical protein	KT185451.1:147765-148511	MHLKJHLE_00197

DiscRep_SUB:FEATURE_LOCATION_CONFLICT::Coding region xref gene does not exist
plasmid_files/KT185451.1_results/PROKKA_06292018:CDS	Fertility inhibition protein	KT185451.1:148566-149126	MHLKJHLE_00198

DiscRep_SUB:FEATURE_LOCATION_CONFLICT::Coding region xref gene does not exist
plasmid_files/KT185451.1_results/PROKKA_06292018:CDS	hypothetical protein	KT185451.1:149258-149458	MHLKJHLE_00199

DiscRep_SUB:FEATURE_LOCATION_CONFLICT::Coding region xref gene does not exist
plasmid_files/KT185451.1_results/PROKKA_06292018:CDS	hypothetical protein	KT185451.1:149844-150443	MHLKJHLE_00200

DiscRep_SUB:FEATURE_LOCATION_CONFLICT::Coding region xref gene does not exist
plasmid_files/KT185451.1_results/PROKKA_06292018:CDS	hypothetical protein	KT185451.1:150505-150837	MHLKJHLE_00201

DiscRep_SUB:FEATURE_LOCATION_CONFLICT::Coding region xref gene does not exist
plasmid_files/KT185451.1_results/PROKKA_06292018:CDS	Protein PndA	KT185451.1:151142-151291	MHLKJHLE_00202

DiscRep_SUB:FEATURE_LOCATION_CONFLICT::RNA feature xref gene does not exist
plasmid_files/KT185451.1_results/PROKKA_06292018:tRNA	Thr	KT185451.1:c61646-61575	MHLKJHLE_00088

DiscRep_ALL:OVERLAPPING_CDS::2 coding regions overlap another coding region with a similar or identical name.
DiscRep_SUB:OVERLAPPING_CDS::2 coding regions overlap another coding region with a similar or identical name that do not have the appropriate note text
plasmid_files/KT185451.1_results/PROKKA_06292018:CDS	3-oxo-tetronate kinase	KT185451.1:c74014-73391	MHLKJHLE_00097
plasmid_files/KT185451.1_results/PROKKA_06292018:CDS	3-oxo-tetronate kinase	KT185451.1:c74643-74011	MHLKJHLE_00098

DiscRep_ALL:SUSPECT_PRODUCT_NAMES::1 product_names contain suspect phrase or characters
DiscRep_SUB:SUSPECT_PRODUCT_NAMES::May contain database identifier more appropriate in note; remove from product name
DiscRep_SUB:SUSPECT_PRODUCT_NAMES::1 features Three or more numbers together
plasmid_files/KT185451.1_results/PROKKA_06292018:CDS	16S rRNA (guanine(1405)-N(7))-methyltransferase	KT185451.1:c16705-15950	MHLKJHLE_00023

DiscRep_ALL:DISC_QUALITY_SCORES::Quality scores are missing on all sequences.

DiscRep_ALL:ONCALLER_COMMENT_PRESENT::1 comment descriptors were found (all same)
plasmid_files/KT185451.1_results/PROKKA_06292018:KT185451.1:Annotated using prokka 1.14-dev from https://github.com/tseemann/prokka

DiscRep_ALL:SHORT_PROT_SEQUENCES::4 protein sequences are shorter than 50 aa.
plasmid_files/KT185451.1_results/PROKKA_06292018:KT185451.1_37 (length 40)
plasmid_files/KT185451.1_results/PROKKA_06292018:KT185451.1_138 (length 31)
plasmid_files/KT185451.1_results/PROKKA_06292018:KT185451.1_176 (length 35)
plasmid_files/KT185451.1_results/PROKKA_06292018:KT185451.1_201 (length 49)

DiscRep_ALL:MISSING_GENOMEASSEMBLY_COMMENTS::1 bioseqs are missing GenomeAssembly structured comments
plasmid_files/KT185451.1_results/PROKKA_06292018:KT185451.1 (length 151466)

DiscRep_ALL:MOLTYPE_NOT_MRNA::1 molecule types are not set as mRNA.
plasmid_files/KT185451.1_results/PROKKA_06292018:KT185451.1 (length 151466)

DiscRep_ALL:TECHNIQUE_NOT_TSA::1 technique are not set as TSA
plasmid_files/KT185451.1_results/PROKKA_06292018:KT185451.1 (length 151466)

DiscRep_ALL:MISSING_STRUCTURED_COMMENT::1 sequences do not include structured comments.
plasmid_files/KT185451.1_results/PROKKA_06292018:KT185451.1 (length 151466)

DiscRep_ALL:MISSING_PROJECT::202 sequences do not include project.
plasmid_files/KT185451.1_results/PROKKA_06292018:KT185451.1 (length 151466)
plasmid_files/KT185451.1_results/PROKKA_06292018:KT185451.1_1 (length 82)
plasmid_files/KT185451.1_results/PROKKA_06292018:KT185451.1_2 (length 285)
plasmid_files/KT185451.1_results/PROKKA_06292018:KT185451.1_3 (length 189)
plasmid_files/KT185451.1_results/PROKKA_06292018:KT185451.1_4 (length 85)
plasmid_files/KT185451.1_results/PROKKA_06292018:KT185451.1_5 (length 110)
plasmid_files/KT185451.1_results/PROKKA_06292018:KT185451.1_6 (length 91)
plasmid_files/KT185451.1_results/PROKKA_06292018:KT185451.1_7 (length 177)
plasmid_files/KT185451.1_results/PROKKA_06292018:KT185451.1_8 (length 234)
plasmid_files/KT185451.1_results/PROKKA_06292018:KT185451.1_9 (length 260)
plasmid_files/KT185451.1_results/PROKKA_06292018:KT185451.1_10 (length 63)
plasmid_files/KT185451.1_results/PROKKA_06292018:KT185451.1_11 (length 140)
plasmid_files/KT185451.1_results/PROKKA_06292018:KT185451.1_12 (length 141)
plasmid_files/KT185451.1_results/PROKKA_06292018:KT185451.1_13 (length 275)
plasmid_files/KT185451.1_results/PROKKA_06292018:KT185451.1_14 (length 144)
plasmid_files/KT185451.1_results/PROKKA_06292018:KT185451.1_15 (length 73)
plasmid_files/KT185451.1_results/PROKKA_06292018:KT185451.1_16 (length 227)
plasmid_files/KT185451.1_results/PROKKA_06292018:KT185451.1_17 (length 320)
plasmid_files/KT185451.1_results/PROKKA_06292018:KT185451.1_18 (length 117)
plasmid_files/KT185451.1_results/PROKKA_06292018:KT185451.1_19 (length 93)
plasmid_files/KT185451.1_results/PROKKA_06292018:KT185451.1_20 (length 78)
plasmid_files/KT185451.1_results/PROKKA_06292018:KT185451.1_21 (length 234)
plasmid_files/KT185451.1_results/PROKKA_06292018:KT185451.1_22 (length 93)
plasmid_files/KT185451.1_results/PROKKA_06292018:KT185451.1_23 (length 251)
plasmid_files/KT185451.1_results/PROKKA_06292018:KT185451.1_24 (length 286)
plasmid_files/KT185451.1_results/PROKKA_06292018:KT185451.1_25 (length 171)
plasmid_files/KT185451.1_results/PROKKA_06292018:KT185451.1_26 (length 62)
plasmid_files/KT185451.1_results/PROKKA_06292018:KT185451.1_27 (length 240)
plasmid_files/KT185451.1_results/PROKKA_06292018:KT185451.1_28 (length 234)
plasmid_files/KT185451.1_results/PROKKA_06292018:KT185451.1_29 (length 138)
plasmid_files/KT185451.1_results/PROKKA_06292018:KT185451.1_30 (length 172)
plasmid_files/KT185451.1_results/PROKKA_06292018:KT185451.1_31 (length 234)
plasmid_files/KT185451.1_results/PROKKA_06292018:KT185451.1_32 (length 191)
plasmid_files/KT185451.1_results/PROKKA_06292018:KT185451.1_33 (length 234)
plasmid_files/KT185451.1_results/PROKKA_06292018:KT185451.1_34 (length 341)
plasmid_files/KT185451.1_results/PROKKA_06292018:KT185451.1_35 (length 322)
plasmid_files/KT185451.1_results/PROKKA_06292018:KT185451.1_36 (length 291)
plasmid_files/KT185451.1_results/PROKKA_06292018:KT185451.1_37 (length 40)
plasmid_files/KT185451.1_results/PROKKA_06292018:KT185451.1_38 (length 234)
plasmid_files/KT185451.1_results/PROKKA_06292018:KT185451.1_39 (length 316)
plasmid_files/KT185451.1_results/PROKKA_06292018:KT185451.1_40 (length 85)
plasmid_files/KT185451.1_results/PROKKA_06292018:KT185451.1_41 (length 76)
plasmid_files/KT185451.1_results/PROKKA_06292018:KT185451.1_42 (length 453)
plasmid_files/KT185451.1_results/PROKKA_06292018:KT185451.1_43 (length 187)
plasmid_files/KT185451.1_results/PROKKA_06292018:KT185451.1_44 (length 151)
plasmid_files/KT185451.1_results/PROKKA_06292018:KT185451.1_45 (length 78)
plasmid_files/KT185451.1_results/PROKKA_06292018:KT185451.1_46 (length 175)
plasmid_files/KT185451.1_results/PROKKA_06292018:KT185451.1_47 (length 77)
plasmid_files/KT185451.1_results/PROKKA_06292018:KT185451.1_48 (length 473)
plasmid_files/KT185451.1_results/PROKKA_06292018:KT185451.1_49 (length 191)
plasmid_files/KT185451.1_results/PROKKA_06292018:KT185451.1_50 (length 144)
plasmid_files/KT185451.1_results/PROKKA_06292018:KT185451.1_51 (length 239)
plasmid_files/KT185451.1_results/PROKKA_06292018:KT185451.1_52 (length 71)
plasmid_files/KT185451.1_results/PROKKA_06292018:KT185451.1_53 (length 52)
plasmid_files/KT185451.1_results/PROKKA_06292018:KT185451.1_54 (length 125)
plasmid_files/KT185451.1_results/PROKKA_06292018:KT185451.1_55 (length 78)
plasmid_files/KT185451.1_results/PROKKA_06292018:KT185451.1_56 (length 98)
plasmid_files/KT185451.1_results/PROKKA_06292018:KT185451.1_57 (length 273)
plasmid_files/KT185451.1_results/PROKKA_06292018:KT185451.1_58 (length 215)
plasmid_files/KT185451.1_results/PROKKA_06292018:KT185451.1_59 (length 127)
plasmid_files/KT185451.1_results/PROKKA_06292018:KT185451.1_60 (length 228)
plasmid_files/KT185451.1_results/PROKKA_06292018:KT185451.1_61 (length 75)
plasmid_files/KT185451.1_results/PROKKA_06292018:KT185451.1_62 (length 121)
plasmid_files/KT185451.1_results/PROKKA_06292018:KT185451.1_63 (length 103)
plasmid_files/KT185451.1_results/PROKKA_06292018:KT185451.1_64 (length 188)
plasmid_files/KT185451.1_results/PROKKA_06292018:KT185451.1_65 (length 242)
plasmid_files/KT185451.1_results/PROKKA_06292018:KT185451.1_66 (length 475)
plasmid_files/KT185451.1_results/PROKKA_06292018:KT185451.1_67 (length 196)
plasmid_files/KT185451.1_results/PROKKA_06292018:KT185451.1_68 (length 65)
plasmid_files/KT185451.1_results/PROKKA_06292018:KT185451.1_69 (length 83)
plasmid_files/KT185451.1_results/PROKKA_06292018:KT185451.1_70 (length 171)
plasmid_files/KT185451.1_results/PROKKA_06292018:KT185451.1_71 (length 73)
plasmid_files/KT185451.1_results/PROKKA_06292018:KT185451.1_72 (length 875)
plasmid_files/KT185451.1_results/PROKKA_06292018:KT185451.1_73 (length 128)
plasmid_files/KT185451.1_results/PROKKA_06292018:KT185451.1_74 (length 210)
plasmid_files/KT185451.1_results/PROKKA_06292018:KT185451.1_75 (length 330)
plasmid_files/KT185451.1_results/PROKKA_06292018:KT185451.1_76 (length 102)
plasmid_files/KT185451.1_results/PROKKA_06292018:KT185451.1_77 (length 173)
plasmid_files/KT185451.1_results/PROKKA_06292018:KT185451.1_78 (length 212)
plasmid_files/KT185451.1_results/PROKKA_06292018:KT185451.1_79 (length 123)
plasmid_files/KT185451.1_results/PROKKA_06292018:KT185451.1_80 (length 140)
plasmid_files/KT185451.1_results/PROKKA_06292018:KT185451.1_81 (length 616)
plasmid_files/KT185451.1_results/PROKKA_06292018:KT185451.1_82 (length 86)
plasmid_files/KT185451.1_results/PROKKA_06292018:KT185451.1_83 (length 247)
plasmid_files/KT185451.1_results/PROKKA_06292018:KT185451.1_84 (length 93)
plasmid_files/KT185451.1_results/PROKKA_06292018:KT185451.1_85 (length 181)
plasmid_files/KT185451.1_results/PROKKA_06292018:KT185451.1_86 (length 104)
plasmid_files/KT185451.1_results/PROKKA_06292018:KT185451.1_87 (length 130)
plasmid_files/KT185451.1_results/PROKKA_06292018:KT185451.1_88 (length 938)
plasmid_files/KT185451.1_results/PROKKA_06292018:KT185451.1_89 (length 173)
plasmid_files/KT185451.1_results/PROKKA_06292018:KT185451.1_90 (length 244)
plasmid_files/KT185451.1_results/PROKKA_06292018:KT185451.1_91 (length 245)
plasmid_files/KT185451.1_results/PROKKA_06292018:KT185451.1_92 (length 738)
plasmid_files/KT185451.1_results/PROKKA_06292018:KT185451.1_93 (length 925)
plasmid_files/KT185451.1_results/PROKKA_06292018:KT185451.1_94 (length 234)
plasmid_files/KT185451.1_results/PROKKA_06292018:KT185451.1_95 (length 143)
plasmid_files/KT185451.1_results/PROKKA_06292018:KT185451.1_96 (length 207)
plasmid_files/KT185451.1_results/PROKKA_06292018:KT185451.1_97 (length 210)
plasmid_files/KT185451.1_results/PROKKA_06292018:KT185451.1_98 (length 300)
plasmid_files/KT185451.1_results/PROKKA_06292018:KT185451.1_99 (length 253)
plasmid_files/KT185451.1_results/PROKKA_06292018:KT185451.1_100 (length 286)
plasmid_files/KT185451.1_results/PROKKA_06292018:KT185451.1_101 (length 988)
plasmid_files/KT185451.1_results/PROKKA_06292018:KT185451.1_102 (length 186)
plasmid_files/KT185451.1_results/PROKKA_06292018:KT185451.1_103 (length 186)
plasmid_files/KT185451.1_results/PROKKA_06292018:KT185451.1_104 (length 92)
plasmid_files/KT185451.1_results/PROKKA_06292018:KT185451.1_105 (length 140)
plasmid_files/KT185451.1_results/PROKKA_06292018:KT185451.1_106 (length 51)
plasmid_files/KT185451.1_results/PROKKA_06292018:KT185451.1_107 (length 98)
plasmid_files/KT185451.1_results/PROKKA_06292018:KT185451.1_108 (length 326)
plasmid_files/KT185451.1_results/PROKKA_06292018:KT185451.1_109 (length 293)
plasmid_files/KT185451.1_results/PROKKA_06292018:KT185451.1_110 (length 326)
plasmid_files/KT185451.1_results/PROKKA_06292018:KT185451.1_111 (length 133)
plasmid_files/KT185451.1_results/PROKKA_06292018:KT185451.1_112 (length 234)
plasmid_files/KT185451.1_results/PROKKA_06292018:KT185451.1_113 (length 396)
plasmid_files/KT185451.1_results/PROKKA_06292018:KT185451.1_114 (length 235)
plasmid_files/KT185451.1_results/PROKKA_06292018:KT185451.1_115 (length 78)
plasmid_files/KT185451.1_results/PROKKA_06292018:KT185451.1_116 (length 120)
plasmid_files/KT185451.1_results/PROKKA_06292018:KT185451.1_117 (length 564)
plasmid_files/KT185451.1_results/PROKKA_06292018:KT185451.1_118 (length 153)
plasmid_files/KT185451.1_results/PROKKA_06292018:KT185451.1_119 (length 91)
plasmid_files/KT185451.1_results/PROKKA_06292018:KT185451.1_120 (length 116)
plasmid_files/KT185451.1_results/PROKKA_06292018:KT185451.1_121 (length 144)
plasmid_files/KT185451.1_results/PROKKA_06292018:KT185451.1_122 (length 334)
plasmid_files/KT185451.1_results/PROKKA_06292018:KT185451.1_123 (length 126)
plasmid_files/KT185451.1_results/PROKKA_06292018:KT185451.1_124 (length 125)
plasmid_files/KT185451.1_results/PROKKA_06292018:KT185451.1_125 (length 91)
plasmid_files/KT185451.1_results/PROKKA_06292018:KT185451.1_126 (length 340)
plasmid_files/KT185451.1_results/PROKKA_06292018:KT185451.1_127 (length 520)
plasmid_files/KT185451.1_results/PROKKA_06292018:KT185451.1_128 (length 138)
plasmid_files/KT185451.1_results/PROKKA_06292018:KT185451.1_129 (length 76)
plasmid_files/KT185451.1_results/PROKKA_06292018:KT185451.1_130 (length 91)
plasmid_files/KT185451.1_results/PROKKA_06292018:KT185451.1_131 (length 314)
plasmid_files/KT185451.1_results/PROKKA_06292018:KT185451.1_132 (length 130)
plasmid_files/KT185451.1_results/PROKKA_06292018:KT185451.1_133 (length 173)
plasmid_files/KT185451.1_results/PROKKA_06292018:KT185451.1_134 (length 67)
plasmid_files/KT185451.1_results/PROKKA_06292018:KT185451.1_135 (length 334)
plasmid_files/KT185451.1_results/PROKKA_06292018:KT185451.1_136 (length 259)
plasmid_files/KT185451.1_results/PROKKA_06292018:KT185451.1_137 (length 85)
plasmid_files/KT185451.1_results/PROKKA_06292018:KT185451.1_138 (length 31)
plasmid_files/KT185451.1_results/PROKKA_06292018:KT185451.1_139 (length 91)
plasmid_files/KT185451.1_results/PROKKA_06292018:KT185451.1_140 (length 240)
plasmid_files/KT185451.1_results/PROKKA_06292018:KT185451.1_141 (length 203)
plasmid_files/KT185451.1_results/PROKKA_06292018:KT185451.1_142 (length 401)
plasmid_files/KT185451.1_results/PROKKA_06292018:KT185451.1_143 (length 324)
plasmid_files/KT185451.1_results/PROKKA_06292018:KT185451.1_144 (length 423)
plasmid_files/KT185451.1_results/PROKKA_06292018:KT185451.1_145 (length 143)
plasmid_files/KT185451.1_results/PROKKA_06292018:KT185451.1_146 (length 494)
plasmid_files/KT185451.1_results/PROKKA_06292018:KT185451.1_147 (length 323)
plasmid_files/KT185451.1_results/PROKKA_06292018:KT185451.1_148 (length 223)
plasmid_files/KT185451.1_results/PROKKA_06292018:KT185451.1_149 (length 76)
plasmid_files/KT185451.1_results/PROKKA_06292018:KT185451.1_150 (length 233)
plasmid_files/KT185451.1_results/PROKKA_06292018:KT185451.1_151 (length 73)
plasmid_files/KT185451.1_results/PROKKA_06292018:KT185451.1_152 (length 139)
plasmid_files/KT185451.1_results/PROKKA_06292018:KT185451.1_153 (length 255)
plasmid_files/KT185451.1_results/PROKKA_06292018:KT185451.1_154 (length 142)
plasmid_files/KT185451.1_results/PROKKA_06292018:KT185451.1_155 (length 168)
plasmid_files/KT185451.1_results/PROKKA_06292018:KT185451.1_156 (length 63)
plasmid_files/KT185451.1_results/PROKKA_06292018:KT185451.1_157 (length 84)
plasmid_files/KT185451.1_results/PROKKA_06292018:KT185451.1_158 (length 106)
plasmid_files/KT185451.1_results/PROKKA_06292018:KT185451.1_159 (length 75)
plasmid_files/KT185451.1_results/PROKKA_06292018:KT185451.1_160 (length 76)
plasmid_files/KT185451.1_results/PROKKA_06292018:KT185451.1_161 (length 451)
plasmid_files/KT185451.1_results/PROKKA_06292018:KT185451.1_162 (length 187)
plasmid_files/KT185451.1_results/PROKKA_06292018:KT185451.1_163 (length 109)
plasmid_files/KT185451.1_results/PROKKA_06292018:KT185451.1_164 (length 180)
plasmid_files/KT185451.1_results/PROKKA_06292018:KT185451.1_165 (length 82)
plasmid_files/KT185451.1_results/PROKKA_06292018:KT185451.1_166 (length 135)
plasmid_files/KT185451.1_results/PROKKA_06292018:KT185451.1_167 (length 234)
plasmid_files/KT185451.1_results/PROKKA_06292018:KT185451.1_168 (length 128)
plasmid_files/KT185451.1_results/PROKKA_06292018:KT185451.1_169 (length 101)
plasmid_files/KT185451.1_results/PROKKA_06292018:KT185451.1_170 (length 122)
plasmid_files/KT185451.1_results/PROKKA_06292018:KT185451.1_171 (length 245)
plasmid_files/KT185451.1_results/PROKKA_06292018:KT185451.1_172 (length 127)
plasmid_files/KT185451.1_results/PROKKA_06292018:KT185451.1_173 (length 161)
plasmid_files/KT185451.1_results/PROKKA_06292018:KT185451.1_174 (length 104)
plasmid_files/KT185451.1_results/PROKKA_06292018:KT185451.1_175 (length 273)
plasmid_files/KT185451.1_results/PROKKA_06292018:KT185451.1_176 (length 35)
plasmid_files/KT185451.1_results/PROKKA_06292018:KT185451.1_177 (length 92)
plasmid_files/KT185451.1_results/PROKKA_06292018:KT185451.1_178 (length 106)
plasmid_files/KT185451.1_results/PROKKA_06292018:KT185451.1_179 (length 74)
plasmid_files/KT185451.1_results/PROKKA_06292018:KT185451.1_180 (length 70)
plasmid_files/KT185451.1_results/PROKKA_06292018:KT185451.1_181 (length 118)
plasmid_files/KT185451.1_results/PROKKA_06292018:KT185451.1_182 (length 105)
plasmid_files/KT185451.1_results/PROKKA_06292018:KT185451.1_183 (length 116)
plasmid_files/KT185451.1_results/PROKKA_06292018:KT185451.1_184 (length 90)
plasmid_files/KT185451.1_results/PROKKA_06292018:KT185451.1_185 (length 52)
plasmid_files/KT185451.1_results/PROKKA_06292018:KT185451.1_186 (length 124)
plasmid_files/KT185451.1_results/PROKKA_06292018:KT185451.1_187 (length 108)
plasmid_files/KT185451.1_results/PROKKA_06292018:KT185451.1_188 (length 242)
plasmid_files/KT185451.1_results/PROKKA_06292018:KT185451.1_189 (length 143)
plasmid_files/KT185451.1_results/PROKKA_06292018:KT185451.1_190 (length 557)
plasmid_files/KT185451.1_results/PROKKA_06292018:KT185451.1_191 (length 234)
plasmid_files/KT185451.1_results/PROKKA_06292018:KT185451.1_192 (length 275)
plasmid_files/KT185451.1_results/PROKKA_06292018:KT185451.1_193 (length 988)
plasmid_files/KT185451.1_results/PROKKA_06292018:KT185451.1_194 (length 234)
plasmid_files/KT185451.1_results/PROKKA_06292018:KT185451.1_195 (length 66)
plasmid_files/KT185451.1_results/PROKKA_06292018:KT185451.1_196 (length 248)
plasmid_files/KT185451.1_results/PROKKA_06292018:KT185451.1_197 (length 186)
plasmid_files/KT185451.1_results/PROKKA_06292018:KT185451.1_198 (length 66)
plasmid_files/KT185451.1_results/PROKKA_06292018:KT185451.1_199 (length 199)
plasmid_files/KT185451.1_results/PROKKA_06292018:KT185451.1_200 (length 110)
plasmid_files/KT185451.1_results/PROKKA_06292018:KT185451.1_201 (length 49)

DiscRep_ALL:DISC_INCONSISTENT_MOLINFO_TECH::Molinfo Technique Report (some missing, all same)
DiscRep_SUB:DISC_INCONSISTENT_MOLINFO_TECH::technique (all missing)
DiscRep_SUB:DISC_INCONSISTENT_MOLINFO_TECH::1 Molinfos are missing field technique
plasmid_files/KT185451.1_results/PROKKA_06292018:KT185451.1 (length 151466)

