Discrepancy Report Results

Summary
FATAL: MISSING_PROTEIN_ID:119 proteins have invalid IDs.
DISC_SOURCE_QUALS_ASNDISC:strain (all present, all unique)
DISC_SOURCE_QUALS_ASNDISC:taxname (all present, all unique)
DISC_FEATURE_COUNT:CDS: 119 present
DISC_COUNT_NUCLEOTIDES:1 nucleotide Bioseqs are present
FEATURE_LOCATION_CONFLICT:119 features have inconsistent gene locations.
DISC_QUALITY_SCORES:Quality scores are missing on all sequences.
ONCALLER_COMMENT_PRESENT:1 comment descriptors were found (all same)
SHORT_PROT_SEQUENCES:4 protein sequences are shorter than 50 aa.
MISSING_GENOMEASSEMBLY_COMMENTS:1 bioseqs are missing GenomeAssembly structured comments
MOLTYPE_NOT_MRNA:1 molecule types are not set as mRNA.
TECHNIQUE_NOT_TSA:1 technique are not set as TSA
MISSING_STRUCTURED_COMMENT:1 sequences do not include structured comments.
MISSING_PROJECT:120 sequences do not include project.
DISC_INCONSISTENT_MOLINFO_TECH:Molinfo Technique Report (some missing, all same)


Detailed Report

FATAL: DiscRep_ALL:MISSING_PROTEIN_ID::119 proteins have invalid IDs.
plasmid_files/CP015824.1_results/PROKKA_06292018:CP015824.1_1 (length 153)
plasmid_files/CP015824.1_results/PROKKA_06292018:CP015824.1_2 (length 147)
plasmid_files/CP015824.1_results/PROKKA_06292018:CP015824.1_3 (length 196)
plasmid_files/CP015824.1_results/PROKKA_06292018:CP015824.1_4 (length 45)
plasmid_files/CP015824.1_results/PROKKA_06292018:CP015824.1_5 (length 63)
plasmid_files/CP015824.1_results/PROKKA_06292018:CP015824.1_6 (length 53)
plasmid_files/CP015824.1_results/PROKKA_06292018:CP015824.1_7 (length 152)
plasmid_files/CP015824.1_results/PROKKA_06292018:CP015824.1_8 (length 138)
plasmid_files/CP015824.1_results/PROKKA_06292018:CP015824.1_9 (length 129)
plasmid_files/CP015824.1_results/PROKKA_06292018:CP015824.1_10 (length 33)
plasmid_files/CP015824.1_results/PROKKA_06292018:CP015824.1_11 (length 136)
plasmid_files/CP015824.1_results/PROKKA_06292018:CP015824.1_12 (length 103)
plasmid_files/CP015824.1_results/PROKKA_06292018:CP015824.1_13 (length 48)
plasmid_files/CP015824.1_results/PROKKA_06292018:CP015824.1_14 (length 129)
plasmid_files/CP015824.1_results/PROKKA_06292018:CP015824.1_15 (length 879)
plasmid_files/CP015824.1_results/PROKKA_06292018:CP015824.1_16 (length 129)
plasmid_files/CP015824.1_results/PROKKA_06292018:CP015824.1_17 (length 208)
plasmid_files/CP015824.1_results/PROKKA_06292018:CP015824.1_18 (length 129)
plasmid_files/CP015824.1_results/PROKKA_06292018:CP015824.1_19 (length 329)
plasmid_files/CP015824.1_results/PROKKA_06292018:CP015824.1_20 (length 212)
plasmid_files/CP015824.1_results/PROKKA_06292018:CP015824.1_21 (length 651)
plasmid_files/CP015824.1_results/PROKKA_06292018:CP015824.1_22 (length 84)
plasmid_files/CP015824.1_results/PROKKA_06292018:CP015824.1_23 (length 88)
plasmid_files/CP015824.1_results/PROKKA_06292018:CP015824.1_24 (length 108)
plasmid_files/CP015824.1_results/PROKKA_06292018:CP015824.1_25 (length 250)
plasmid_files/CP015824.1_results/PROKKA_06292018:CP015824.1_26 (length 79)
plasmid_files/CP015824.1_results/PROKKA_06292018:CP015824.1_27 (length 185)
plasmid_files/CP015824.1_results/PROKKA_06292018:CP015824.1_28 (length 147)
plasmid_files/CP015824.1_results/PROKKA_06292018:CP015824.1_29 (length 455)
plasmid_files/CP015824.1_results/PROKKA_06292018:CP015824.1_30 (length 949)
plasmid_files/CP015824.1_results/PROKKA_06292018:CP015824.1_31 (length 182)
plasmid_files/CP015824.1_results/PROKKA_06292018:CP015824.1_32 (length 243)
plasmid_files/CP015824.1_results/PROKKA_06292018:CP015824.1_33 (length 229)
plasmid_files/CP015824.1_results/PROKKA_06292018:CP015824.1_34 (length 770)
plasmid_files/CP015824.1_results/PROKKA_06292018:CP015824.1_35 (length 1753)
plasmid_files/CP015824.1_results/PROKKA_06292018:CP015824.1_36 (length 241)
plasmid_files/CP015824.1_results/PROKKA_06292018:CP015824.1_37 (length 197)
plasmid_files/CP015824.1_results/PROKKA_06292018:CP015824.1_38 (length 73)
plasmid_files/CP015824.1_results/PROKKA_06292018:CP015824.1_39 (length 214)
plasmid_files/CP015824.1_results/PROKKA_06292018:CP015824.1_40 (length 216)
plasmid_files/CP015824.1_results/PROKKA_06292018:CP015824.1_41 (length 102)
plasmid_files/CP015824.1_results/PROKKA_06292018:CP015824.1_42 (length 186)
plasmid_files/CP015824.1_results/PROKKA_06292018:CP015824.1_43 (length 285)
plasmid_files/CP015824.1_results/PROKKA_06292018:CP015824.1_44 (length 187)
plasmid_files/CP015824.1_results/PROKKA_06292018:CP015824.1_45 (length 203)
plasmid_files/CP015824.1_results/PROKKA_06292018:CP015824.1_46 (length 330)
plasmid_files/CP015824.1_results/PROKKA_06292018:CP015824.1_47 (length 51)
plasmid_files/CP015824.1_results/PROKKA_06292018:CP015824.1_48 (length 571)
plasmid_files/CP015824.1_results/PROKKA_06292018:CP015824.1_49 (length 1009)
plasmid_files/CP015824.1_results/PROKKA_06292018:CP015824.1_50 (length 341)
plasmid_files/CP015824.1_results/PROKKA_06292018:CP015824.1_51 (length 259)
plasmid_files/CP015824.1_results/PROKKA_06292018:CP015824.1_52 (length 79)
plasmid_files/CP015824.1_results/PROKKA_06292018:CP015824.1_53 (length 293)
plasmid_files/CP015824.1_results/PROKKA_06292018:CP015824.1_54 (length 439)
plasmid_files/CP015824.1_results/PROKKA_06292018:CP015824.1_55 (length 394)
plasmid_files/CP015824.1_results/PROKKA_06292018:CP015824.1_56 (length 70)
plasmid_files/CP015824.1_results/PROKKA_06292018:CP015824.1_57 (length 119)
plasmid_files/CP015824.1_results/PROKKA_06292018:CP015824.1_58 (length 38)
plasmid_files/CP015824.1_results/PROKKA_06292018:CP015824.1_59 (length 125)
plasmid_files/CP015824.1_results/PROKKA_06292018:CP015824.1_60 (length 91)
plasmid_files/CP015824.1_results/PROKKA_06292018:CP015824.1_61 (length 236)
plasmid_files/CP015824.1_results/PROKKA_06292018:CP015824.1_62 (length 138)
plasmid_files/CP015824.1_results/PROKKA_06292018:CP015824.1_63 (length 76)
plasmid_files/CP015824.1_results/PROKKA_06292018:CP015824.1_64 (length 83)
plasmid_files/CP015824.1_results/PROKKA_06292018:CP015824.1_65 (length 102)
plasmid_files/CP015824.1_results/PROKKA_06292018:CP015824.1_66 (length 109)
plasmid_files/CP015824.1_results/PROKKA_06292018:CP015824.1_67 (length 147)
plasmid_files/CP015824.1_results/PROKKA_06292018:CP015824.1_68 (length 110)
plasmid_files/CP015824.1_results/PROKKA_06292018:CP015824.1_69 (length 260)
plasmid_files/CP015824.1_results/PROKKA_06292018:CP015824.1_70 (length 157)
plasmid_files/CP015824.1_results/PROKKA_06292018:CP015824.1_71 (length 422)
plasmid_files/CP015824.1_results/PROKKA_06292018:CP015824.1_72 (length 1085)
plasmid_files/CP015824.1_results/PROKKA_06292018:CP015824.1_73 (length 438)
plasmid_files/CP015824.1_results/PROKKA_06292018:CP015824.1_74 (length 675)
plasmid_files/CP015824.1_results/PROKKA_06292018:CP015824.1_75 (length 57)
plasmid_files/CP015824.1_results/PROKKA_06292018:CP015824.1_76 (length 105)
plasmid_files/CP015824.1_results/PROKKA_06292018:CP015824.1_77 (length 84)
plasmid_files/CP015824.1_results/PROKKA_06292018:CP015824.1_78 (length 324)
plasmid_files/CP015824.1_results/PROKKA_06292018:CP015824.1_79 (length 401)
plasmid_files/CP015824.1_results/PROKKA_06292018:CP015824.1_80 (length 212)
plasmid_files/CP015824.1_results/PROKKA_06292018:CP015824.1_81 (length 423)
plasmid_files/CP015824.1_results/PROKKA_06292018:CP015824.1_82 (length 143)
plasmid_files/CP015824.1_results/PROKKA_06292018:CP015824.1_83 (length 323)
plasmid_files/CP015824.1_results/PROKKA_06292018:CP015824.1_84 (length 223)
plasmid_files/CP015824.1_results/PROKKA_06292018:CP015824.1_85 (length 76)
plasmid_files/CP015824.1_results/PROKKA_06292018:CP015824.1_86 (length 233)
plasmid_files/CP015824.1_results/PROKKA_06292018:CP015824.1_87 (length 73)
plasmid_files/CP015824.1_results/PROKKA_06292018:CP015824.1_88 (length 139)
plasmid_files/CP015824.1_results/PROKKA_06292018:CP015824.1_89 (length 255)
plasmid_files/CP015824.1_results/PROKKA_06292018:CP015824.1_90 (length 142)
plasmid_files/CP015824.1_results/PROKKA_06292018:CP015824.1_91 (length 168)
plasmid_files/CP015824.1_results/PROKKA_06292018:CP015824.1_92 (length 63)
plasmid_files/CP015824.1_results/PROKKA_06292018:CP015824.1_93 (length 84)
plasmid_files/CP015824.1_results/PROKKA_06292018:CP015824.1_94 (length 105)
plasmid_files/CP015824.1_results/PROKKA_06292018:CP015824.1_95 (length 58)
plasmid_files/CP015824.1_results/PROKKA_06292018:CP015824.1_96 (length 75)
plasmid_files/CP015824.1_results/PROKKA_06292018:CP015824.1_97 (length 76)
plasmid_files/CP015824.1_results/PROKKA_06292018:CP015824.1_98 (length 451)
plasmid_files/CP015824.1_results/PROKKA_06292018:CP015824.1_99 (length 187)
plasmid_files/CP015824.1_results/PROKKA_06292018:CP015824.1_100 (length 106)
plasmid_files/CP015824.1_results/PROKKA_06292018:CP015824.1_101 (length 180)
plasmid_files/CP015824.1_results/PROKKA_06292018:CP015824.1_102 (length 82)
plasmid_files/CP015824.1_results/PROKKA_06292018:CP015824.1_103 (length 678)
plasmid_files/CP015824.1_results/PROKKA_06292018:CP015824.1_104 (length 143)
plasmid_files/CP015824.1_results/PROKKA_06292018:CP015824.1_105 (length 242)
plasmid_files/CP015824.1_results/PROKKA_06292018:CP015824.1_106 (length 108)
plasmid_files/CP015824.1_results/PROKKA_06292018:CP015824.1_107 (length 124)
plasmid_files/CP015824.1_results/PROKKA_06292018:CP015824.1_108 (length 359)
plasmid_files/CP015824.1_results/PROKKA_06292018:CP015824.1_109 (length 53)
plasmid_files/CP015824.1_results/PROKKA_06292018:CP015824.1_110 (length 90)
plasmid_files/CP015824.1_results/PROKKA_06292018:CP015824.1_111 (length 116)
plasmid_files/CP015824.1_results/PROKKA_06292018:CP015824.1_112 (length 118)
plasmid_files/CP015824.1_results/PROKKA_06292018:CP015824.1_113 (length 70)
plasmid_files/CP015824.1_results/PROKKA_06292018:CP015824.1_114 (length 74)
plasmid_files/CP015824.1_results/PROKKA_06292018:CP015824.1_115 (length 92)
plasmid_files/CP015824.1_results/PROKKA_06292018:CP015824.1_116 (length 137)
plasmid_files/CP015824.1_results/PROKKA_06292018:CP015824.1_117 (length 273)
plasmid_files/CP015824.1_results/PROKKA_06292018:CP015824.1_118 (length 161)
plasmid_files/CP015824.1_results/PROKKA_06292018:CP015824.1_119 (length 231)

DiscRep_ALL:DISC_SOURCE_QUALS_ASNDISC::strain (all present, all unique)
DiscRep_SUB:DISC_SOURCE_QUALS_ASNDISC::1 sources have unique values for strain
DiscRep_ALL:DISC_SOURCE_QUALS_ASNDISC::taxname (all present, all unique)
DiscRep_SUB:DISC_SOURCE_QUALS_ASNDISC::1 sources have unique values for taxname
DiscRep_ALL:DISC_FEATURE_COUNT::CDS: 119 present
DiscRep_ALL:DISC_COUNT_NUCLEOTIDES::1 nucleotide Bioseqs are present
plasmid_files/CP015824.1_results/PROKKA_06292018:CP015824.1 (length 103147)

DiscRep_ALL:FEATURE_LOCATION_CONFLICT::119 features have inconsistent gene locations.
DiscRep_SUB:FEATURE_LOCATION_CONFLICT::Coding region xref gene does not exist
plasmid_files/CP015824.1_results/PROKKA_06292018:CDS	hypothetical protein	CP015824.1:c671-210	MEBDIHOF_00001

DiscRep_SUB:FEATURE_LOCATION_CONFLICT::Coding region xref gene does not exist
plasmid_files/CP015824.1_results/PROKKA_06292018:CDS	hypothetical protein	CP015824.1:c1077-634	MEBDIHOF_00002

DiscRep_SUB:FEATURE_LOCATION_CONFLICT::Coding region xref gene does not exist
plasmid_files/CP015824.1_results/PROKKA_06292018:CDS	hypothetical protein	CP015824.1:1101-1691	MEBDIHOF_00003

DiscRep_SUB:FEATURE_LOCATION_CONFLICT::Coding region xref gene does not exist
plasmid_files/CP015824.1_results/PROKKA_06292018:CDS	hypothetical protein	CP015824.1:1678-1815	MEBDIHOF_00004

DiscRep_SUB:FEATURE_LOCATION_CONFLICT::Coding region xref gene does not exist
plasmid_files/CP015824.1_results/PROKKA_06292018:CDS	hypothetical protein	CP015824.1:1787-1978	MEBDIHOF_00005

DiscRep_SUB:FEATURE_LOCATION_CONFLICT::Coding region xref gene does not exist
plasmid_files/CP015824.1_results/PROKKA_06292018:CDS	hypothetical protein	CP015824.1:2411-2572	MEBDIHOF_00006

DiscRep_SUB:FEATURE_LOCATION_CONFLICT::Coding region xref gene does not exist
plasmid_files/CP015824.1_results/PROKKA_06292018:CDS	hypothetical protein	CP015824.1:2532-2990	MEBDIHOF_00007

DiscRep_SUB:FEATURE_LOCATION_CONFLICT::Coding region xref gene does not exist
plasmid_files/CP015824.1_results/PROKKA_06292018:CDS	hypothetical protein	CP015824.1:2929-3345	MEBDIHOF_00008

DiscRep_SUB:FEATURE_LOCATION_CONFLICT::Coding region xref gene does not exist
plasmid_files/CP015824.1_results/PROKKA_06292018:CDS	hypothetical protein	CP015824.1:3345-3734	MEBDIHOF_00009

DiscRep_SUB:FEATURE_LOCATION_CONFLICT::Coding region xref gene does not exist
plasmid_files/CP015824.1_results/PROKKA_06292018:CDS	hypothetical protein	CP015824.1:3731-3832	MEBDIHOF_00010

DiscRep_SUB:FEATURE_LOCATION_CONFLICT::Coding region xref gene does not exist
plasmid_files/CP015824.1_results/PROKKA_06292018:CDS	hypothetical protein	CP015824.1:4661-5071	MEBDIHOF_00011

DiscRep_SUB:FEATURE_LOCATION_CONFLICT::Coding region xref gene does not exist
plasmid_files/CP015824.1_results/PROKKA_06292018:CDS	hypothetical protein	CP015824.1:5396-5707	MEBDIHOF_00012

DiscRep_SUB:FEATURE_LOCATION_CONFLICT::Coding region xref gene does not exist
plasmid_files/CP015824.1_results/PROKKA_06292018:CDS	hypothetical protein	CP015824.1:6463-6609	MEBDIHOF_00013

DiscRep_SUB:FEATURE_LOCATION_CONFLICT::Coding region xref gene does not exist
plasmid_files/CP015824.1_results/PROKKA_06292018:CDS	hypothetical protein	CP015824.1:6626-7015	MEBDIHOF_00014

DiscRep_SUB:FEATURE_LOCATION_CONFLICT::Coding region xref gene does not exist
plasmid_files/CP015824.1_results/PROKKA_06292018:CDS	Protein TraC	CP015824.1:7087-9726	MEBDIHOF_00015

DiscRep_SUB:FEATURE_LOCATION_CONFLICT::Coding region xref gene does not exist
plasmid_files/CP015824.1_results/PROKKA_06292018:CDS	hypothetical protein	CP015824.1:9726-10115	MEBDIHOF_00016

DiscRep_SUB:FEATURE_LOCATION_CONFLICT::Coding region xref gene does not exist
plasmid_files/CP015824.1_results/PROKKA_06292018:CDS	hypothetical protein	CP015824.1:10115-10741	MEBDIHOF_00017

DiscRep_SUB:FEATURE_LOCATION_CONFLICT::Coding region xref gene does not exist
plasmid_files/CP015824.1_results/PROKKA_06292018:CDS	hypothetical protein	CP015824.1:10783-11172	MEBDIHOF_00018

DiscRep_SUB:FEATURE_LOCATION_CONFLICT::Coding region xref gene does not exist
plasmid_files/CP015824.1_results/PROKKA_06292018:CDS	hypothetical protein	CP015824.1:11169-12158	MEBDIHOF_00019

DiscRep_SUB:FEATURE_LOCATION_CONFLICT::Coding region xref gene does not exist
plasmid_files/CP015824.1_results/PROKKA_06292018:CDS	hypothetical protein	CP015824.1:12171-12809	MEBDIHOF_00020

DiscRep_SUB:FEATURE_LOCATION_CONFLICT::Coding region xref gene does not exist
plasmid_files/CP015824.1_results/PROKKA_06292018:CDS	hypothetical protein	CP015824.1:12868-14823	MEBDIHOF_00021

DiscRep_SUB:FEATURE_LOCATION_CONFLICT::Coding region xref gene does not exist
plasmid_files/CP015824.1_results/PROKKA_06292018:CDS	hypothetical protein	CP015824.1:14855-15109	MEBDIHOF_00022

DiscRep_SUB:FEATURE_LOCATION_CONFLICT::Coding region xref gene does not exist
plasmid_files/CP015824.1_results/PROKKA_06292018:CDS	hypothetical protein	CP015824.1:15069-15335	MEBDIHOF_00023

DiscRep_SUB:FEATURE_LOCATION_CONFLICT::Coding region xref gene does not exist
plasmid_files/CP015824.1_results/PROKKA_06292018:CDS	hypothetical protein	CP015824.1:15348-15674	MEBDIHOF_00024

DiscRep_SUB:FEATURE_LOCATION_CONFLICT::Coding region xref gene does not exist
plasmid_files/CP015824.1_results/PROKKA_06292018:CDS	hypothetical protein	CP015824.1:15695-16447	MEBDIHOF_00025

DiscRep_SUB:FEATURE_LOCATION_CONFLICT::Coding region xref gene does not exist
plasmid_files/CP015824.1_results/PROKKA_06292018:CDS	Protein TraQ	CP015824.1:16458-16697	MEBDIHOF_00026

DiscRep_SUB:FEATURE_LOCATION_CONFLICT::Coding region xref gene does not exist
plasmid_files/CP015824.1_results/PROKKA_06292018:CDS	hypothetical protein	CP015824.1:16669-17226	MEBDIHOF_00027

DiscRep_SUB:FEATURE_LOCATION_CONFLICT::Coding region xref gene does not exist
plasmid_files/CP015824.1_results/PROKKA_06292018:CDS	hypothetical protein	CP015824.1:17272-17715	MEBDIHOF_00028

DiscRep_SUB:FEATURE_LOCATION_CONFLICT::Coding region xref gene does not exist
plasmid_files/CP015824.1_results/PROKKA_06292018:CDS	hypothetical protein	CP015824.1:17705-19072	MEBDIHOF_00029

DiscRep_SUB:FEATURE_LOCATION_CONFLICT::Coding region xref gene does not exist
plasmid_files/CP015824.1_results/PROKKA_06292018:CDS	hypothetical protein	CP015824.1:19072-21921	MEBDIHOF_00030

DiscRep_SUB:FEATURE_LOCATION_CONFLICT::Coding region xref gene does not exist
plasmid_files/CP015824.1_results/PROKKA_06292018:CDS	Protein TraS	CP015824.1:21934-22482	MEBDIHOF_00031

DiscRep_SUB:FEATURE_LOCATION_CONFLICT::Coding region xref gene does not exist
plasmid_files/CP015824.1_results/PROKKA_06292018:CDS	Lipoprotein YlpA	CP015824.1:22666-23397	MEBDIHOF_00032

DiscRep_SUB:FEATURE_LOCATION_CONFLICT::Coding region xref gene does not exist
plasmid_files/CP015824.1_results/PROKKA_06292018:CDS	hypothetical protein	CP015824.1:23589-24278	MEBDIHOF_00033

DiscRep_SUB:FEATURE_LOCATION_CONFLICT::Coding region xref gene does not exist
plasmid_files/CP015824.1_results/PROKKA_06292018:CDS	Coupling protein TraD	CP015824.1:24407-26719	MEBDIHOF_00034

DiscRep_SUB:FEATURE_LOCATION_CONFLICT::Coding region xref gene does not exist
plasmid_files/CP015824.1_results/PROKKA_06292018:CDS	Multifunctional conjugation protein TraI	CP015824.1:26719-31980	MEBDIHOF_00035

DiscRep_SUB:FEATURE_LOCATION_CONFLICT::Coding region xref gene does not exist
plasmid_files/CP015824.1_results/PROKKA_06292018:CDS	hypothetical protein	CP015824.1:32061-32786	MEBDIHOF_00036

DiscRep_SUB:FEATURE_LOCATION_CONFLICT::Coding region xref gene does not exist
plasmid_files/CP015824.1_results/PROKKA_06292018:CDS	Fertility inhibition protein	CP015824.1:32858-33451	MEBDIHOF_00037

DiscRep_SUB:FEATURE_LOCATION_CONFLICT::Coding region xref gene does not exist
plasmid_files/CP015824.1_results/PROKKA_06292018:CDS	hypothetical protein	CP015824.1:33993-34214	MEBDIHOF_00038

DiscRep_SUB:FEATURE_LOCATION_CONFLICT::Coding region xref gene does not exist
plasmid_files/CP015824.1_results/PROKKA_06292018:CDS	hypothetical protein	CP015824.1:34264-34908	MEBDIHOF_00039

DiscRep_SUB:FEATURE_LOCATION_CONFLICT::Coding region xref gene does not exist
plasmid_files/CP015824.1_results/PROKKA_06292018:CDS	hypothetical protein	CP015824.1:34964-35614	MEBDIHOF_00040

DiscRep_SUB:FEATURE_LOCATION_CONFLICT::Coding region xref gene does not exist
plasmid_files/CP015824.1_results/PROKKA_06292018:CDS	hypothetical protein	CP015824.1:35611-35919	MEBDIHOF_00041

DiscRep_SUB:FEATURE_LOCATION_CONFLICT::Coding region xref gene does not exist
plasmid_files/CP015824.1_results/PROKKA_06292018:CDS	Phospholipase D	CP015824.1:36014-36574	MEBDIHOF_00042

DiscRep_SUB:FEATURE_LOCATION_CONFLICT::Coding region xref gene does not exist
plasmid_files/CP015824.1_results/PROKKA_06292018:CDS	hypothetical protein	CP015824.1:37263-38120	MEBDIHOF_00043

DiscRep_SUB:FEATURE_LOCATION_CONFLICT::Coding region xref gene does not exist
plasmid_files/CP015824.1_results/PROKKA_06292018:CDS	RNA chaperone ProQ	CP015824.1:39339-39902	MEBDIHOF_00044

DiscRep_SUB:FEATURE_LOCATION_CONFLICT::Coding region xref gene does not exist
plasmid_files/CP015824.1_results/PROKKA_06292018:CDS	hypothetical protein	CP015824.1:39886-40497	MEBDIHOF_00045

DiscRep_SUB:FEATURE_LOCATION_CONFLICT::Coding region xref gene does not exist
plasmid_files/CP015824.1_results/PROKKA_06292018:CDS	hypothetical protein	CP015824.1:c41886-40894	MEBDIHOF_00046

DiscRep_SUB:FEATURE_LOCATION_CONFLICT::Coding region xref gene does not exist
plasmid_files/CP015824.1_results/PROKKA_06292018:CDS	hypothetical protein	CP015824.1:c42090-41935	MEBDIHOF_00047

DiscRep_SUB:FEATURE_LOCATION_CONFLICT::Coding region xref gene does not exist
plasmid_files/CP015824.1_results/PROKKA_06292018:CDS	Tyrosine recombinase XerD	CP015824.1:c44100-42385	MEBDIHOF_00048

DiscRep_SUB:FEATURE_LOCATION_CONFLICT::Coding region xref gene does not exist
plasmid_files/CP015824.1_results/PROKKA_06292018:CDS	hypothetical protein	CP015824.1:44210-47239	MEBDIHOF_00049

DiscRep_SUB:FEATURE_LOCATION_CONFLICT::Coding region xref gene does not exist
plasmid_files/CP015824.1_results/PROKKA_06292018:CDS	hypothetical protein	CP015824.1:47346-48371	MEBDIHOF_00050

DiscRep_SUB:FEATURE_LOCATION_CONFLICT::Coding region xref gene does not exist
plasmid_files/CP015824.1_results/PROKKA_06292018:CDS	Insertion sequence IS5376 putative ATP-binding protein	CP015824.1:48368-49147	MEBDIHOF_00051

DiscRep_SUB:FEATURE_LOCATION_CONFLICT::Coding region xref gene does not exist
plasmid_files/CP015824.1_results/PROKKA_06292018:CDS	hypothetical protein	CP015824.1:49144-49383	MEBDIHOF_00052

DiscRep_SUB:FEATURE_LOCATION_CONFLICT::Coding region xref gene does not exist
plasmid_files/CP015824.1_results/PROKKA_06292018:CDS	Carbapenem-hydrolyzing beta-lactamase KPC	CP015824.1:49435-50316	MEBDIHOF_00053

DiscRep_SUB:FEATURE_LOCATION_CONFLICT::Coding region xref gene does not exist
plasmid_files/CP015824.1_results/PROKKA_06292018:CDS	hypothetical protein	CP015824.1:c51885-50566	MEBDIHOF_00054

DiscRep_SUB:FEATURE_LOCATION_CONFLICT::Coding region xref gene does not exist
plasmid_files/CP015824.1_results/PROKKA_06292018:CDS	hypothetical protein	CP015824.1:c53346-52162	MEBDIHOF_00055

DiscRep_SUB:FEATURE_LOCATION_CONFLICT::Coding region xref gene does not exist
plasmid_files/CP015824.1_results/PROKKA_06292018:CDS	hypothetical protein	CP015824.1:53466-53678	MEBDIHOF_00056

DiscRep_SUB:FEATURE_LOCATION_CONFLICT::Coding region xref gene does not exist
plasmid_files/CP015824.1_results/PROKKA_06292018:CDS	hypothetical protein	CP015824.1:53850-54209	MEBDIHOF_00057

DiscRep_SUB:FEATURE_LOCATION_CONFLICT::Coding region xref gene does not exist
plasmid_files/CP015824.1_results/PROKKA_06292018:CDS	hypothetical protein	CP015824.1:c54452-54336	MEBDIHOF_00058

DiscRep_SUB:FEATURE_LOCATION_CONFLICT::Coding region xref gene does not exist
plasmid_files/CP015824.1_results/PROKKA_06292018:CDS	hypothetical protein	CP015824.1:c55071-54694	MEBDIHOF_00059

DiscRep_SUB:FEATURE_LOCATION_CONFLICT::Coding region xref gene does not exist
plasmid_files/CP015824.1_results/PROKKA_06292018:CDS	hypothetical protein	CP015824.1:c55391-55116	MEBDIHOF_00060

DiscRep_SUB:FEATURE_LOCATION_CONFLICT::Coding region xref gene does not exist
plasmid_files/CP015824.1_results/PROKKA_06292018:CDS	DNA replication and repair protein RecF	CP015824.1:c56135-55425	MEBDIHOF_00061

DiscRep_SUB:FEATURE_LOCATION_CONFLICT::Coding region xref gene does not exist
plasmid_files/CP015824.1_results/PROKKA_06292018:CDS	tRNA(fMet)-specific endonuclease VapC	CP015824.1:c56625-56209	MEBDIHOF_00062

DiscRep_SUB:FEATURE_LOCATION_CONFLICT::Coding region xref gene does not exist
plasmid_files/CP015824.1_results/PROKKA_06292018:CDS	Antitoxin VapB	CP015824.1:c56852-56622	MEBDIHOF_00063

DiscRep_SUB:FEATURE_LOCATION_CONFLICT::Coding region xref gene does not exist
plasmid_files/CP015824.1_results/PROKKA_06292018:CDS	hypothetical protein	CP015824.1:57460-57711	MEBDIHOF_00064

DiscRep_SUB:FEATURE_LOCATION_CONFLICT::Coding region xref gene does not exist
plasmid_files/CP015824.1_results/PROKKA_06292018:CDS	hypothetical protein	CP015824.1:57757-58065	MEBDIHOF_00065

DiscRep_SUB:FEATURE_LOCATION_CONFLICT::Coding region xref gene does not exist
plasmid_files/CP015824.1_results/PROKKA_06292018:CDS	hypothetical protein	CP015824.1:58093-58422	MEBDIHOF_00066

DiscRep_SUB:FEATURE_LOCATION_CONFLICT::Coding region xref gene does not exist
plasmid_files/CP015824.1_results/PROKKA_06292018:CDS	hypothetical protein	CP015824.1:58403-58846	MEBDIHOF_00067

DiscRep_SUB:FEATURE_LOCATION_CONFLICT::Coding region xref gene does not exist
plasmid_files/CP015824.1_results/PROKKA_06292018:CDS	hypothetical protein	CP015824.1:58853-59185	MEBDIHOF_00068

DiscRep_SUB:FEATURE_LOCATION_CONFLICT::Coding region xref gene does not exist
plasmid_files/CP015824.1_results/PROKKA_06292018:CDS	Tyrosine recombinase XerD	CP015824.1:59185-59967	MEBDIHOF_00069

DiscRep_SUB:FEATURE_LOCATION_CONFLICT::Coding region xref gene does not exist
plasmid_files/CP015824.1_results/PROKKA_06292018:CDS	hypothetical protein	CP015824.1:c61654-61181	MEBDIHOF_00070

DiscRep_SUB:FEATURE_LOCATION_CONFLICT::Coding region xref gene does not exist
plasmid_files/CP015824.1_results/PROKKA_06292018:CDS	hypothetical protein	CP015824.1:c63042-61774	MEBDIHOF_00071

DiscRep_SUB:FEATURE_LOCATION_CONFLICT::Coding region xref gene does not exist
plasmid_files/CP015824.1_results/PROKKA_06292018:CDS	Type-1 restriction enzyme R protein	CP015824.1:c66304-63047	MEBDIHOF_00072

DiscRep_SUB:FEATURE_LOCATION_CONFLICT::Coding region xref gene does not exist
plasmid_files/CP015824.1_results/PROKKA_06292018:CDS	hypothetical protein	CP015824.1:c67621-66305	MEBDIHOF_00073

DiscRep_SUB:FEATURE_LOCATION_CONFLICT::Coding region xref gene does not exist
plasmid_files/CP015824.1_results/PROKKA_06292018:CDS	Type I restriction enzyme EcoKI M protein	CP015824.1:c69645-67618	MEBDIHOF_00074

DiscRep_SUB:FEATURE_LOCATION_CONFLICT::Coding region xref gene does not exist
plasmid_files/CP015824.1_results/PROKKA_06292018:CDS	hypothetical protein	CP015824.1:c70195-70022	MEBDIHOF_00075

DiscRep_SUB:FEATURE_LOCATION_CONFLICT::Coding region xref gene does not exist
plasmid_files/CP015824.1_results/PROKKA_06292018:CDS	hypothetical protein	CP015824.1:70242-70559	MEBDIHOF_00076

DiscRep_SUB:FEATURE_LOCATION_CONFLICT::Coding region xref gene does not exist
plasmid_files/CP015824.1_results/PROKKA_06292018:CDS	hypothetical protein	CP015824.1:70556-70810	MEBDIHOF_00077

DiscRep_SUB:FEATURE_LOCATION_CONFLICT::Coding region xref gene does not exist
plasmid_files/CP015824.1_results/PROKKA_06292018:CDS	Virulence regulon transcriptional activator VirB	CP015824.1:c71880-70906	MEBDIHOF_00078

DiscRep_SUB:FEATURE_LOCATION_CONFLICT::Coding region xref gene does not exist
plasmid_files/CP015824.1_results/PROKKA_06292018:CDS	Plasmid partition protein A	CP015824.1:c73082-71877	MEBDIHOF_00079

DiscRep_SUB:FEATURE_LOCATION_CONFLICT::Coding region xref gene does not exist
plasmid_files/CP015824.1_results/PROKKA_06292018:CDS	Replication protein RepA	CP015824.1:c74042-73404	MEBDIHOF_00080

DiscRep_SUB:FEATURE_LOCATION_CONFLICT::Coding region xref gene does not exist
plasmid_files/CP015824.1_results/PROKKA_06292018:CDS	Protein UmuC	CP015824.1:c75972-74701	MEBDIHOF_00081

DiscRep_SUB:FEATURE_LOCATION_CONFLICT::Coding region xref gene does not exist
plasmid_files/CP015824.1_results/PROKKA_06292018:CDS	Protein UmuD	CP015824.1:c76403-75972	MEBDIHOF_00082

DiscRep_SUB:FEATURE_LOCATION_CONFLICT::Coding region xref gene does not exist
plasmid_files/CP015824.1_results/PROKKA_06292018:CDS	Plasmid segregation protein ParM	CP015824.1:76635-77606	MEBDIHOF_00083

DiscRep_SUB:FEATURE_LOCATION_CONFLICT::Coding region xref gene does not exist
plasmid_files/CP015824.1_results/PROKKA_06292018:CDS	hypothetical protein	CP015824.1:77609-78280	MEBDIHOF_00084

DiscRep_SUB:FEATURE_LOCATION_CONFLICT::Coding region xref gene does not exist
plasmid_files/CP015824.1_results/PROKKA_06292018:CDS	hypothetical protein	CP015824.1:78341-78571	MEBDIHOF_00085

DiscRep_SUB:FEATURE_LOCATION_CONFLICT::Coding region xref gene does not exist
plasmid_files/CP015824.1_results/PROKKA_06292018:CDS	DNA adenine methyltransferase YhdJ	CP015824.1:79008-79709	MEBDIHOF_00086

DiscRep_SUB:FEATURE_LOCATION_CONFLICT::Coding region xref gene does not exist
plasmid_files/CP015824.1_results/PROKKA_06292018:CDS	hypothetical protein	CP015824.1:79709-79930	MEBDIHOF_00087

DiscRep_SUB:FEATURE_LOCATION_CONFLICT::Coding region xref gene does not exist
plasmid_files/CP015824.1_results/PROKKA_06292018:CDS	hypothetical protein	CP015824.1:79940-80359	MEBDIHOF_00088

DiscRep_SUB:FEATURE_LOCATION_CONFLICT::Coding region xref gene does not exist
plasmid_files/CP015824.1_results/PROKKA_06292018:CDS	hypothetical protein	CP015824.1:80413-81180	MEBDIHOF_00089

DiscRep_SUB:FEATURE_LOCATION_CONFLICT::Coding region xref gene does not exist
plasmid_files/CP015824.1_results/PROKKA_06292018:CDS	Antirestriction protein KlcA	CP015824.1:81860-82288	MEBDIHOF_00090

DiscRep_SUB:FEATURE_LOCATION_CONFLICT::Coding region xref gene does not exist
plasmid_files/CP015824.1_results/PROKKA_06292018:CDS	hypothetical protein	CP015824.1:82331-82837	MEBDIHOF_00091

DiscRep_SUB:FEATURE_LOCATION_CONFLICT::Coding region xref gene does not exist
plasmid_files/CP015824.1_results/PROKKA_06292018:CDS	hypothetical protein	CP015824.1:82880-83071	MEBDIHOF_00092

DiscRep_SUB:FEATURE_LOCATION_CONFLICT::Coding region xref gene does not exist
plasmid_files/CP015824.1_results/PROKKA_06292018:CDS	DNA polymerase III subunit theta	CP015824.1:83259-83513	MEBDIHOF_00093

DiscRep_SUB:FEATURE_LOCATION_CONFLICT::Coding region xref gene does not exist
plasmid_files/CP015824.1_results/PROKKA_06292018:CDS	hypothetical protein	CP015824.1:83548-83865	MEBDIHOF_00094

DiscRep_SUB:FEATURE_LOCATION_CONFLICT::Coding region xref gene does not exist
plasmid_files/CP015824.1_results/PROKKA_06292018:CDS	hypothetical protein	CP015824.1:84173-84349	MEBDIHOF_00095

DiscRep_SUB:FEATURE_LOCATION_CONFLICT::Coding region xref gene does not exist
plasmid_files/CP015824.1_results/PROKKA_06292018:CDS	hypothetical protein	CP015824.1:84649-84876	MEBDIHOF_00096

DiscRep_SUB:FEATURE_LOCATION_CONFLICT::Coding region xref gene does not exist
plasmid_files/CP015824.1_results/PROKKA_06292018:CDS	hypothetical protein	CP015824.1:84968-85198	MEBDIHOF_00097

DiscRep_SUB:FEATURE_LOCATION_CONFLICT::Coding region xref gene does not exist
plasmid_files/CP015824.1_results/PROKKA_06292018:CDS	hypothetical protein	CP015824.1:85250-86605	MEBDIHOF_00098

DiscRep_SUB:FEATURE_LOCATION_CONFLICT::Coding region xref gene does not exist
plasmid_files/CP015824.1_results/PROKKA_06292018:CDS	hypothetical protein	CP015824.1:86653-87216	MEBDIHOF_00099

DiscRep_SUB:FEATURE_LOCATION_CONFLICT::Coding region xref gene does not exist
plasmid_files/CP015824.1_results/PROKKA_06292018:CDS	hypothetical protein	CP015824.1:c87431-87111	MEBDIHOF_00100

DiscRep_SUB:FEATURE_LOCATION_CONFLICT::Coding region xref gene does not exist
plasmid_files/CP015824.1_results/PROKKA_06292018:CDS	Plasmid-derived single-stranded DNA-binding protein	CP015824.1:87992-88534	MEBDIHOF_00101

DiscRep_SUB:FEATURE_LOCATION_CONFLICT::Coding region xref gene does not exist
plasmid_files/CP015824.1_results/PROKKA_06292018:CDS	hypothetical protein	CP015824.1:88583-88831	MEBDIHOF_00102

DiscRep_SUB:FEATURE_LOCATION_CONFLICT::Coding region xref gene does not exist
plasmid_files/CP015824.1_results/PROKKA_06292018:CDS	Chromosome-partitioning protein Spo0J	CP015824.1:88901-90937	MEBDIHOF_00103

DiscRep_SUB:FEATURE_LOCATION_CONFLICT::Coding region xref gene does not exist
plasmid_files/CP015824.1_results/PROKKA_06292018:CDS	Protein PsiB	CP015824.1:91004-91435	MEBDIHOF_00104

DiscRep_SUB:FEATURE_LOCATION_CONFLICT::Coding region xref gene does not exist
plasmid_files/CP015824.1_results/PROKKA_06292018:CDS	hypothetical protein	CP015824.1:91432-92160	MEBDIHOF_00105

DiscRep_SUB:FEATURE_LOCATION_CONFLICT::Coding region xref gene does not exist
plasmid_files/CP015824.1_results/PROKKA_06292018:CDS	hypothetical protein	CP015824.1:92157-92483	MEBDIHOF_00106

DiscRep_SUB:FEATURE_LOCATION_CONFLICT::Coding region xref gene does not exist
plasmid_files/CP015824.1_results/PROKKA_06292018:CDS	hypothetical protein	CP015824.1:92539-92913	MEBDIHOF_00107

DiscRep_SUB:FEATURE_LOCATION_CONFLICT::Coding region xref gene does not exist
plasmid_files/CP015824.1_results/PROKKA_06292018:CDS	hypothetical protein	CP015824.1:c94170-93091	MEBDIHOF_00108

DiscRep_SUB:FEATURE_LOCATION_CONFLICT::Coding region xref gene does not exist
plasmid_files/CP015824.1_results/PROKKA_06292018:CDS	Stable plasmid inheritance protein	CP015824.1:94242-94403	MEBDIHOF_00109

DiscRep_SUB:FEATURE_LOCATION_CONFLICT::Coding region xref gene does not exist
plasmid_files/CP015824.1_results/PROKKA_06292018:CDS	hypothetical protein	CP015824.1:95103-95375	MEBDIHOF_00110

DiscRep_SUB:FEATURE_LOCATION_CONFLICT::Coding region xref gene does not exist
plasmid_files/CP015824.1_results/PROKKA_06292018:CDS	hypothetical protein	CP015824.1:95372-95722	MEBDIHOF_00111

DiscRep_SUB:FEATURE_LOCATION_CONFLICT::Coding region xref gene does not exist
plasmid_files/CP015824.1_results/PROKKA_06292018:CDS	hypothetical protein	CP015824.1:96358-96714	MEBDIHOF_00112

DiscRep_SUB:FEATURE_LOCATION_CONFLICT::Coding region xref gene does not exist
plasmid_files/CP015824.1_results/PROKKA_06292018:CDS	hypothetical protein	CP015824.1:96775-96987	MEBDIHOF_00113

DiscRep_SUB:FEATURE_LOCATION_CONFLICT::Coding region xref gene does not exist
plasmid_files/CP015824.1_results/PROKKA_06292018:CDS	hypothetical protein	CP015824.1:96998-97222	MEBDIHOF_00114

DiscRep_SUB:FEATURE_LOCATION_CONFLICT::Coding region xref gene does not exist
plasmid_files/CP015824.1_results/PROKKA_06292018:CDS	Antitoxin HigA1	CP015824.1:97613-97891	MEBDIHOF_00115

DiscRep_SUB:FEATURE_LOCATION_CONFLICT::Coding region xref gene does not exist
plasmid_files/CP015824.1_results/PROKKA_06292018:CDS	Antitoxin HigA	CP015824.1:97892-98305	MEBDIHOF_00116

DiscRep_SUB:FEATURE_LOCATION_CONFLICT::Coding region xref gene does not exist
plasmid_files/CP015824.1_results/PROKKA_06292018:CDS	hypothetical protein	CP015824.1:99139-99960	MEBDIHOF_00117

DiscRep_SUB:FEATURE_LOCATION_CONFLICT::Coding region xref gene does not exist
plasmid_files/CP015824.1_results/PROKKA_06292018:CDS	hypothetical protein	CP015824.1:c100840-100355	MEBDIHOF_00118

DiscRep_SUB:FEATURE_LOCATION_CONFLICT::Coding region xref gene does not exist
plasmid_files/CP015824.1_results/PROKKA_06292018:CDS	Protein TraJ	CP015824.1:101880-102575	MEBDIHOF_00119

DiscRep_ALL:DISC_QUALITY_SCORES::Quality scores are missing on all sequences.

DiscRep_ALL:ONCALLER_COMMENT_PRESENT::1 comment descriptors were found (all same)
plasmid_files/CP015824.1_results/PROKKA_06292018:CP015824.1:Annotated using prokka 1.14-dev from https://github.com/tseemann/prokka

DiscRep_ALL:SHORT_PROT_SEQUENCES::4 protein sequences are shorter than 50 aa.
plasmid_files/CP015824.1_results/PROKKA_06292018:CP015824.1_4 (length 45)
plasmid_files/CP015824.1_results/PROKKA_06292018:CP015824.1_10 (length 33)
plasmid_files/CP015824.1_results/PROKKA_06292018:CP015824.1_13 (length 48)
plasmid_files/CP015824.1_results/PROKKA_06292018:CP015824.1_58 (length 38)

DiscRep_ALL:MISSING_GENOMEASSEMBLY_COMMENTS::1 bioseqs are missing GenomeAssembly structured comments
plasmid_files/CP015824.1_results/PROKKA_06292018:CP015824.1 (length 103147)

DiscRep_ALL:MOLTYPE_NOT_MRNA::1 molecule types are not set as mRNA.
plasmid_files/CP015824.1_results/PROKKA_06292018:CP015824.1 (length 103147)

DiscRep_ALL:TECHNIQUE_NOT_TSA::1 technique are not set as TSA
plasmid_files/CP015824.1_results/PROKKA_06292018:CP015824.1 (length 103147)

DiscRep_ALL:MISSING_STRUCTURED_COMMENT::1 sequences do not include structured comments.
plasmid_files/CP015824.1_results/PROKKA_06292018:CP015824.1 (length 103147)

DiscRep_ALL:MISSING_PROJECT::120 sequences do not include project.
plasmid_files/CP015824.1_results/PROKKA_06292018:CP015824.1 (length 103147)
plasmid_files/CP015824.1_results/PROKKA_06292018:CP015824.1_1 (length 153)
plasmid_files/CP015824.1_results/PROKKA_06292018:CP015824.1_2 (length 147)
plasmid_files/CP015824.1_results/PROKKA_06292018:CP015824.1_3 (length 196)
plasmid_files/CP015824.1_results/PROKKA_06292018:CP015824.1_4 (length 45)
plasmid_files/CP015824.1_results/PROKKA_06292018:CP015824.1_5 (length 63)
plasmid_files/CP015824.1_results/PROKKA_06292018:CP015824.1_6 (length 53)
plasmid_files/CP015824.1_results/PROKKA_06292018:CP015824.1_7 (length 152)
plasmid_files/CP015824.1_results/PROKKA_06292018:CP015824.1_8 (length 138)
plasmid_files/CP015824.1_results/PROKKA_06292018:CP015824.1_9 (length 129)
plasmid_files/CP015824.1_results/PROKKA_06292018:CP015824.1_10 (length 33)
plasmid_files/CP015824.1_results/PROKKA_06292018:CP015824.1_11 (length 136)
plasmid_files/CP015824.1_results/PROKKA_06292018:CP015824.1_12 (length 103)
plasmid_files/CP015824.1_results/PROKKA_06292018:CP015824.1_13 (length 48)
plasmid_files/CP015824.1_results/PROKKA_06292018:CP015824.1_14 (length 129)
plasmid_files/CP015824.1_results/PROKKA_06292018:CP015824.1_15 (length 879)
plasmid_files/CP015824.1_results/PROKKA_06292018:CP015824.1_16 (length 129)
plasmid_files/CP015824.1_results/PROKKA_06292018:CP015824.1_17 (length 208)
plasmid_files/CP015824.1_results/PROKKA_06292018:CP015824.1_18 (length 129)
plasmid_files/CP015824.1_results/PROKKA_06292018:CP015824.1_19 (length 329)
plasmid_files/CP015824.1_results/PROKKA_06292018:CP015824.1_20 (length 212)
plasmid_files/CP015824.1_results/PROKKA_06292018:CP015824.1_21 (length 651)
plasmid_files/CP015824.1_results/PROKKA_06292018:CP015824.1_22 (length 84)
plasmid_files/CP015824.1_results/PROKKA_06292018:CP015824.1_23 (length 88)
plasmid_files/CP015824.1_results/PROKKA_06292018:CP015824.1_24 (length 108)
plasmid_files/CP015824.1_results/PROKKA_06292018:CP015824.1_25 (length 250)
plasmid_files/CP015824.1_results/PROKKA_06292018:CP015824.1_26 (length 79)
plasmid_files/CP015824.1_results/PROKKA_06292018:CP015824.1_27 (length 185)
plasmid_files/CP015824.1_results/PROKKA_06292018:CP015824.1_28 (length 147)
plasmid_files/CP015824.1_results/PROKKA_06292018:CP015824.1_29 (length 455)
plasmid_files/CP015824.1_results/PROKKA_06292018:CP015824.1_30 (length 949)
plasmid_files/CP015824.1_results/PROKKA_06292018:CP015824.1_31 (length 182)
plasmid_files/CP015824.1_results/PROKKA_06292018:CP015824.1_32 (length 243)
plasmid_files/CP015824.1_results/PROKKA_06292018:CP015824.1_33 (length 229)
plasmid_files/CP015824.1_results/PROKKA_06292018:CP015824.1_34 (length 770)
plasmid_files/CP015824.1_results/PROKKA_06292018:CP015824.1_35 (length 1753)
plasmid_files/CP015824.1_results/PROKKA_06292018:CP015824.1_36 (length 241)
plasmid_files/CP015824.1_results/PROKKA_06292018:CP015824.1_37 (length 197)
plasmid_files/CP015824.1_results/PROKKA_06292018:CP015824.1_38 (length 73)
plasmid_files/CP015824.1_results/PROKKA_06292018:CP015824.1_39 (length 214)
plasmid_files/CP015824.1_results/PROKKA_06292018:CP015824.1_40 (length 216)
plasmid_files/CP015824.1_results/PROKKA_06292018:CP015824.1_41 (length 102)
plasmid_files/CP015824.1_results/PROKKA_06292018:CP015824.1_42 (length 186)
plasmid_files/CP015824.1_results/PROKKA_06292018:CP015824.1_43 (length 285)
plasmid_files/CP015824.1_results/PROKKA_06292018:CP015824.1_44 (length 187)
plasmid_files/CP015824.1_results/PROKKA_06292018:CP015824.1_45 (length 203)
plasmid_files/CP015824.1_results/PROKKA_06292018:CP015824.1_46 (length 330)
plasmid_files/CP015824.1_results/PROKKA_06292018:CP015824.1_47 (length 51)
plasmid_files/CP015824.1_results/PROKKA_06292018:CP015824.1_48 (length 571)
plasmid_files/CP015824.1_results/PROKKA_06292018:CP015824.1_49 (length 1009)
plasmid_files/CP015824.1_results/PROKKA_06292018:CP015824.1_50 (length 341)
plasmid_files/CP015824.1_results/PROKKA_06292018:CP015824.1_51 (length 259)
plasmid_files/CP015824.1_results/PROKKA_06292018:CP015824.1_52 (length 79)
plasmid_files/CP015824.1_results/PROKKA_06292018:CP015824.1_53 (length 293)
plasmid_files/CP015824.1_results/PROKKA_06292018:CP015824.1_54 (length 439)
plasmid_files/CP015824.1_results/PROKKA_06292018:CP015824.1_55 (length 394)
plasmid_files/CP015824.1_results/PROKKA_06292018:CP015824.1_56 (length 70)
plasmid_files/CP015824.1_results/PROKKA_06292018:CP015824.1_57 (length 119)
plasmid_files/CP015824.1_results/PROKKA_06292018:CP015824.1_58 (length 38)
plasmid_files/CP015824.1_results/PROKKA_06292018:CP015824.1_59 (length 125)
plasmid_files/CP015824.1_results/PROKKA_06292018:CP015824.1_60 (length 91)
plasmid_files/CP015824.1_results/PROKKA_06292018:CP015824.1_61 (length 236)
plasmid_files/CP015824.1_results/PROKKA_06292018:CP015824.1_62 (length 138)
plasmid_files/CP015824.1_results/PROKKA_06292018:CP015824.1_63 (length 76)
plasmid_files/CP015824.1_results/PROKKA_06292018:CP015824.1_64 (length 83)
plasmid_files/CP015824.1_results/PROKKA_06292018:CP015824.1_65 (length 102)
plasmid_files/CP015824.1_results/PROKKA_06292018:CP015824.1_66 (length 109)
plasmid_files/CP015824.1_results/PROKKA_06292018:CP015824.1_67 (length 147)
plasmid_files/CP015824.1_results/PROKKA_06292018:CP015824.1_68 (length 110)
plasmid_files/CP015824.1_results/PROKKA_06292018:CP015824.1_69 (length 260)
plasmid_files/CP015824.1_results/PROKKA_06292018:CP015824.1_70 (length 157)
plasmid_files/CP015824.1_results/PROKKA_06292018:CP015824.1_71 (length 422)
plasmid_files/CP015824.1_results/PROKKA_06292018:CP015824.1_72 (length 1085)
plasmid_files/CP015824.1_results/PROKKA_06292018:CP015824.1_73 (length 438)
plasmid_files/CP015824.1_results/PROKKA_06292018:CP015824.1_74 (length 675)
plasmid_files/CP015824.1_results/PROKKA_06292018:CP015824.1_75 (length 57)
plasmid_files/CP015824.1_results/PROKKA_06292018:CP015824.1_76 (length 105)
plasmid_files/CP015824.1_results/PROKKA_06292018:CP015824.1_77 (length 84)
plasmid_files/CP015824.1_results/PROKKA_06292018:CP015824.1_78 (length 324)
plasmid_files/CP015824.1_results/PROKKA_06292018:CP015824.1_79 (length 401)
plasmid_files/CP015824.1_results/PROKKA_06292018:CP015824.1_80 (length 212)
plasmid_files/CP015824.1_results/PROKKA_06292018:CP015824.1_81 (length 423)
plasmid_files/CP015824.1_results/PROKKA_06292018:CP015824.1_82 (length 143)
plasmid_files/CP015824.1_results/PROKKA_06292018:CP015824.1_83 (length 323)
plasmid_files/CP015824.1_results/PROKKA_06292018:CP015824.1_84 (length 223)
plasmid_files/CP015824.1_results/PROKKA_06292018:CP015824.1_85 (length 76)
plasmid_files/CP015824.1_results/PROKKA_06292018:CP015824.1_86 (length 233)
plasmid_files/CP015824.1_results/PROKKA_06292018:CP015824.1_87 (length 73)
plasmid_files/CP015824.1_results/PROKKA_06292018:CP015824.1_88 (length 139)
plasmid_files/CP015824.1_results/PROKKA_06292018:CP015824.1_89 (length 255)
plasmid_files/CP015824.1_results/PROKKA_06292018:CP015824.1_90 (length 142)
plasmid_files/CP015824.1_results/PROKKA_06292018:CP015824.1_91 (length 168)
plasmid_files/CP015824.1_results/PROKKA_06292018:CP015824.1_92 (length 63)
plasmid_files/CP015824.1_results/PROKKA_06292018:CP015824.1_93 (length 84)
plasmid_files/CP015824.1_results/PROKKA_06292018:CP015824.1_94 (length 105)
plasmid_files/CP015824.1_results/PROKKA_06292018:CP015824.1_95 (length 58)
plasmid_files/CP015824.1_results/PROKKA_06292018:CP015824.1_96 (length 75)
plasmid_files/CP015824.1_results/PROKKA_06292018:CP015824.1_97 (length 76)
plasmid_files/CP015824.1_results/PROKKA_06292018:CP015824.1_98 (length 451)
plasmid_files/CP015824.1_results/PROKKA_06292018:CP015824.1_99 (length 187)
plasmid_files/CP015824.1_results/PROKKA_06292018:CP015824.1_100 (length 106)
plasmid_files/CP015824.1_results/PROKKA_06292018:CP015824.1_101 (length 180)
plasmid_files/CP015824.1_results/PROKKA_06292018:CP015824.1_102 (length 82)
plasmid_files/CP015824.1_results/PROKKA_06292018:CP015824.1_103 (length 678)
plasmid_files/CP015824.1_results/PROKKA_06292018:CP015824.1_104 (length 143)
plasmid_files/CP015824.1_results/PROKKA_06292018:CP015824.1_105 (length 242)
plasmid_files/CP015824.1_results/PROKKA_06292018:CP015824.1_106 (length 108)
plasmid_files/CP015824.1_results/PROKKA_06292018:CP015824.1_107 (length 124)
plasmid_files/CP015824.1_results/PROKKA_06292018:CP015824.1_108 (length 359)
plasmid_files/CP015824.1_results/PROKKA_06292018:CP015824.1_109 (length 53)
plasmid_files/CP015824.1_results/PROKKA_06292018:CP015824.1_110 (length 90)
plasmid_files/CP015824.1_results/PROKKA_06292018:CP015824.1_111 (length 116)
plasmid_files/CP015824.1_results/PROKKA_06292018:CP015824.1_112 (length 118)
plasmid_files/CP015824.1_results/PROKKA_06292018:CP015824.1_113 (length 70)
plasmid_files/CP015824.1_results/PROKKA_06292018:CP015824.1_114 (length 74)
plasmid_files/CP015824.1_results/PROKKA_06292018:CP015824.1_115 (length 92)
plasmid_files/CP015824.1_results/PROKKA_06292018:CP015824.1_116 (length 137)
plasmid_files/CP015824.1_results/PROKKA_06292018:CP015824.1_117 (length 273)
plasmid_files/CP015824.1_results/PROKKA_06292018:CP015824.1_118 (length 161)
plasmid_files/CP015824.1_results/PROKKA_06292018:CP015824.1_119 (length 231)

DiscRep_ALL:DISC_INCONSISTENT_MOLINFO_TECH::Molinfo Technique Report (some missing, all same)
DiscRep_SUB:DISC_INCONSISTENT_MOLINFO_TECH::technique (all missing)
DiscRep_SUB:DISC_INCONSISTENT_MOLINFO_TECH::1 Molinfos are missing field technique
plasmid_files/CP015824.1_results/PROKKA_06292018:CP015824.1 (length 103147)

