Discrepancy Report Results

Summary
FATAL: MISSING_PROTEIN_ID:197 proteins have invalid IDs.
DISC_SOURCE_QUALS_ASNDISC:strain (all present, all unique)
DISC_SOURCE_QUALS_ASNDISC:taxname (all present, all unique)
DISC_FEATURE_COUNT:CDS: 197 present
DISC_FEATURE_COUNT:tRNA: 1 present
DISC_COUNT_NUCLEOTIDES:1 nucleotide Bioseqs are present
FEATURE_LOCATION_CONFLICT:198 features have inconsistent gene locations.
OVERLAPPING_CDS:2 coding regions overlap another coding region with a similar or identical name.
SUSPECT_PRODUCT_NAMES:1 product_names contain suspect phrase or characters
	May contain database identifier more appropriate in note; remove from product name
		1 features Three or more numbers together
DISC_QUALITY_SCORES:Quality scores are missing on all sequences.
ONCALLER_COMMENT_PRESENT:1 comment descriptors were found (all same)
SHORT_PROT_SEQUENCES:4 protein sequences are shorter than 50 aa.
MISSING_GENOMEASSEMBLY_COMMENTS:1 bioseqs are missing GenomeAssembly structured comments
MOLTYPE_NOT_MRNA:1 molecule types are not set as mRNA.
TECHNIQUE_NOT_TSA:1 technique are not set as TSA
MISSING_STRUCTURED_COMMENT:1 sequences do not include structured comments.
MISSING_PROJECT:198 sequences do not include project.
DISC_INCONSISTENT_MOLINFO_TECH:Molinfo Technique Report (some missing, all same)


Detailed Report

FATAL: DiscRep_ALL:MISSING_PROTEIN_ID::197 proteins have invalid IDs.
plasmid_files/MF168404.1_results/PROKKA_06292018:MF168404.1_1 (length 82)
plasmid_files/MF168404.1_results/PROKKA_06292018:MF168404.1_2 (length 285)
plasmid_files/MF168404.1_results/PROKKA_06292018:MF168404.1_3 (length 189)
plasmid_files/MF168404.1_results/PROKKA_06292018:MF168404.1_4 (length 85)
plasmid_files/MF168404.1_results/PROKKA_06292018:MF168404.1_5 (length 110)
plasmid_files/MF168404.1_results/PROKKA_06292018:MF168404.1_6 (length 71)
plasmid_files/MF168404.1_results/PROKKA_06292018:MF168404.1_7 (length 177)
plasmid_files/MF168404.1_results/PROKKA_06292018:MF168404.1_8 (length 234)
plasmid_files/MF168404.1_results/PROKKA_06292018:MF168404.1_9 (length 40)
plasmid_files/MF168404.1_results/PROKKA_06292018:MF168404.1_10 (length 291)
plasmid_files/MF168404.1_results/PROKKA_06292018:MF168404.1_11 (length 322)
plasmid_files/MF168404.1_results/PROKKA_06292018:MF168404.1_12 (length 341)
plasmid_files/MF168404.1_results/PROKKA_06292018:MF168404.1_13 (length 234)
plasmid_files/MF168404.1_results/PROKKA_06292018:MF168404.1_14 (length 74)
plasmid_files/MF168404.1_results/PROKKA_06292018:MF168404.1_15 (length 88)
plasmid_files/MF168404.1_results/PROKKA_06292018:MF168404.1_16 (length 131)
plasmid_files/MF168404.1_results/PROKKA_06292018:MF168404.1_17 (length 181)
plasmid_files/MF168404.1_results/PROKKA_06292018:MF168404.1_18 (length 108)
plasmid_files/MF168404.1_results/PROKKA_06292018:MF168404.1_19 (length 58)
plasmid_files/MF168404.1_results/PROKKA_06292018:MF168404.1_20 (length 114)
plasmid_files/MF168404.1_results/PROKKA_06292018:MF168404.1_21 (length 388)
plasmid_files/MF168404.1_results/PROKKA_06292018:MF168404.1_22 (length 234)
plasmid_files/MF168404.1_results/PROKKA_06292018:MF168404.1_23 (length 191)
plasmid_files/MF168404.1_results/PROKKA_06292018:MF168404.1_24 (length 234)
plasmid_files/MF168404.1_results/PROKKA_06292018:MF168404.1_25 (length 240)
plasmid_files/MF168404.1_results/PROKKA_06292018:MF168404.1_26 (length 62)
plasmid_files/MF168404.1_results/PROKKA_06292018:MF168404.1_27 (length 171)
plasmid_files/MF168404.1_results/PROKKA_06292018:MF168404.1_28 (length 286)
plasmid_files/MF168404.1_results/PROKKA_06292018:MF168404.1_29 (length 251)
plasmid_files/MF168404.1_results/PROKKA_06292018:MF168404.1_30 (length 93)
plasmid_files/MF168404.1_results/PROKKA_06292018:MF168404.1_31 (length 234)
plasmid_files/MF168404.1_results/PROKKA_06292018:MF168404.1_32 (length 93)
plasmid_files/MF168404.1_results/PROKKA_06292018:MF168404.1_33 (length 117)
plasmid_files/MF168404.1_results/PROKKA_06292018:MF168404.1_34 (length 320)
plasmid_files/MF168404.1_results/PROKKA_06292018:MF168404.1_35 (length 227)
plasmid_files/MF168404.1_results/PROKKA_06292018:MF168404.1_36 (length 73)
plasmid_files/MF168404.1_results/PROKKA_06292018:MF168404.1_37 (length 144)
plasmid_files/MF168404.1_results/PROKKA_06292018:MF168404.1_38 (length 275)
plasmid_files/MF168404.1_results/PROKKA_06292018:MF168404.1_39 (length 141)
plasmid_files/MF168404.1_results/PROKKA_06292018:MF168404.1_40 (length 140)
plasmid_files/MF168404.1_results/PROKKA_06292018:MF168404.1_41 (length 63)
plasmid_files/MF168404.1_results/PROKKA_06292018:MF168404.1_42 (length 555)
plasmid_files/MF168404.1_results/PROKKA_06292018:MF168404.1_43 (length 85)
plasmid_files/MF168404.1_results/PROKKA_06292018:MF168404.1_44 (length 76)
plasmid_files/MF168404.1_results/PROKKA_06292018:MF168404.1_45 (length 453)
plasmid_files/MF168404.1_results/PROKKA_06292018:MF168404.1_46 (length 187)
plasmid_files/MF168404.1_results/PROKKA_06292018:MF168404.1_47 (length 151)
plasmid_files/MF168404.1_results/PROKKA_06292018:MF168404.1_48 (length 78)
plasmid_files/MF168404.1_results/PROKKA_06292018:MF168404.1_49 (length 175)
plasmid_files/MF168404.1_results/PROKKA_06292018:MF168404.1_50 (length 77)
plasmid_files/MF168404.1_results/PROKKA_06292018:MF168404.1_51 (length 473)
plasmid_files/MF168404.1_results/PROKKA_06292018:MF168404.1_52 (length 153)
plasmid_files/MF168404.1_results/PROKKA_06292018:MF168404.1_53 (length 144)
plasmid_files/MF168404.1_results/PROKKA_06292018:MF168404.1_54 (length 239)
plasmid_files/MF168404.1_results/PROKKA_06292018:MF168404.1_55 (length 71)
plasmid_files/MF168404.1_results/PROKKA_06292018:MF168404.1_56 (length 125)
plasmid_files/MF168404.1_results/PROKKA_06292018:MF168404.1_57 (length 78)
plasmid_files/MF168404.1_results/PROKKA_06292018:MF168404.1_58 (length 98)
plasmid_files/MF168404.1_results/PROKKA_06292018:MF168404.1_59 (length 273)
plasmid_files/MF168404.1_results/PROKKA_06292018:MF168404.1_60 (length 215)
plasmid_files/MF168404.1_results/PROKKA_06292018:MF168404.1_61 (length 127)
plasmid_files/MF168404.1_results/PROKKA_06292018:MF168404.1_62 (length 228)
plasmid_files/MF168404.1_results/PROKKA_06292018:MF168404.1_63 (length 75)
plasmid_files/MF168404.1_results/PROKKA_06292018:MF168404.1_64 (length 121)
plasmid_files/MF168404.1_results/PROKKA_06292018:MF168404.1_65 (length 103)
plasmid_files/MF168404.1_results/PROKKA_06292018:MF168404.1_66 (length 188)
plasmid_files/MF168404.1_results/PROKKA_06292018:MF168404.1_67 (length 242)
plasmid_files/MF168404.1_results/PROKKA_06292018:MF168404.1_68 (length 475)
plasmid_files/MF168404.1_results/PROKKA_06292018:MF168404.1_69 (length 196)
plasmid_files/MF168404.1_results/PROKKA_06292018:MF168404.1_70 (length 65)
plasmid_files/MF168404.1_results/PROKKA_06292018:MF168404.1_71 (length 83)
plasmid_files/MF168404.1_results/PROKKA_06292018:MF168404.1_72 (length 171)
plasmid_files/MF168404.1_results/PROKKA_06292018:MF168404.1_73 (length 73)
plasmid_files/MF168404.1_results/PROKKA_06292018:MF168404.1_74 (length 875)
plasmid_files/MF168404.1_results/PROKKA_06292018:MF168404.1_75 (length 128)
plasmid_files/MF168404.1_results/PROKKA_06292018:MF168404.1_76 (length 210)
plasmid_files/MF168404.1_results/PROKKA_06292018:MF168404.1_77 (length 330)
plasmid_files/MF168404.1_results/PROKKA_06292018:MF168404.1_78 (length 102)
plasmid_files/MF168404.1_results/PROKKA_06292018:MF168404.1_79 (length 173)
plasmid_files/MF168404.1_results/PROKKA_06292018:MF168404.1_80 (length 212)
plasmid_files/MF168404.1_results/PROKKA_06292018:MF168404.1_81 (length 123)
plasmid_files/MF168404.1_results/PROKKA_06292018:MF168404.1_82 (length 140)
plasmid_files/MF168404.1_results/PROKKA_06292018:MF168404.1_83 (length 616)
plasmid_files/MF168404.1_results/PROKKA_06292018:MF168404.1_84 (length 86)
plasmid_files/MF168404.1_results/PROKKA_06292018:MF168404.1_85 (length 247)
plasmid_files/MF168404.1_results/PROKKA_06292018:MF168404.1_86 (length 93)
plasmid_files/MF168404.1_results/PROKKA_06292018:MF168404.1_87 (length 181)
plasmid_files/MF168404.1_results/PROKKA_06292018:MF168404.1_88 (length 104)
plasmid_files/MF168404.1_results/PROKKA_06292018:MF168404.1_89 (length 130)
plasmid_files/MF168404.1_results/PROKKA_06292018:MF168404.1_90 (length 938)
plasmid_files/MF168404.1_results/PROKKA_06292018:MF168404.1_91 (length 173)
plasmid_files/MF168404.1_results/PROKKA_06292018:MF168404.1_92 (length 244)
plasmid_files/MF168404.1_results/PROKKA_06292018:MF168404.1_93 (length 245)
plasmid_files/MF168404.1_results/PROKKA_06292018:MF168404.1_94 (length 738)
plasmid_files/MF168404.1_results/PROKKA_06292018:MF168404.1_95 (length 1591)
plasmid_files/MF168404.1_results/PROKKA_06292018:MF168404.1_96 (length 234)
plasmid_files/MF168404.1_results/PROKKA_06292018:MF168404.1_97 (length 234)
plasmid_files/MF168404.1_results/PROKKA_06292018:MF168404.1_98 (length 133)
plasmid_files/MF168404.1_results/PROKKA_06292018:MF168404.1_99 (length 326)
plasmid_files/MF168404.1_results/PROKKA_06292018:MF168404.1_100 (length 293)
plasmid_files/MF168404.1_results/PROKKA_06292018:MF168404.1_101 (length 326)
plasmid_files/MF168404.1_results/PROKKA_06292018:MF168404.1_102 (length 98)
plasmid_files/MF168404.1_results/PROKKA_06292018:MF168404.1_103 (length 51)
plasmid_files/MF168404.1_results/PROKKA_06292018:MF168404.1_104 (length 140)
plasmid_files/MF168404.1_results/PROKKA_06292018:MF168404.1_105 (length 92)
plasmid_files/MF168404.1_results/PROKKA_06292018:MF168404.1_106 (length 186)
plasmid_files/MF168404.1_results/PROKKA_06292018:MF168404.1_107 (length 186)
plasmid_files/MF168404.1_results/PROKKA_06292018:MF168404.1_108 (length 988)
plasmid_files/MF168404.1_results/PROKKA_06292018:MF168404.1_109 (length 286)
plasmid_files/MF168404.1_results/PROKKA_06292018:MF168404.1_110 (length 253)
plasmid_files/MF168404.1_results/PROKKA_06292018:MF168404.1_111 (length 300)
plasmid_files/MF168404.1_results/PROKKA_06292018:MF168404.1_112 (length 210)
plasmid_files/MF168404.1_results/PROKKA_06292018:MF168404.1_113 (length 207)
plasmid_files/MF168404.1_results/PROKKA_06292018:MF168404.1_114 (length 143)
plasmid_files/MF168404.1_results/PROKKA_06292018:MF168404.1_115 (length 234)
plasmid_files/MF168404.1_results/PROKKA_06292018:MF168404.1_116 (length 396)
plasmid_files/MF168404.1_results/PROKKA_06292018:MF168404.1_117 (length 235)
plasmid_files/MF168404.1_results/PROKKA_06292018:MF168404.1_118 (length 78)
plasmid_files/MF168404.1_results/PROKKA_06292018:MF168404.1_119 (length 120)
plasmid_files/MF168404.1_results/PROKKA_06292018:MF168404.1_120 (length 564)
plasmid_files/MF168404.1_results/PROKKA_06292018:MF168404.1_121 (length 153)
plasmid_files/MF168404.1_results/PROKKA_06292018:MF168404.1_122 (length 91)
plasmid_files/MF168404.1_results/PROKKA_06292018:MF168404.1_123 (length 116)
plasmid_files/MF168404.1_results/PROKKA_06292018:MF168404.1_124 (length 144)
plasmid_files/MF168404.1_results/PROKKA_06292018:MF168404.1_125 (length 334)
plasmid_files/MF168404.1_results/PROKKA_06292018:MF168404.1_126 (length 126)
plasmid_files/MF168404.1_results/PROKKA_06292018:MF168404.1_127 (length 125)
plasmid_files/MF168404.1_results/PROKKA_06292018:MF168404.1_128 (length 340)
plasmid_files/MF168404.1_results/PROKKA_06292018:MF168404.1_129 (length 520)
plasmid_files/MF168404.1_results/PROKKA_06292018:MF168404.1_130 (length 138)
plasmid_files/MF168404.1_results/PROKKA_06292018:MF168404.1_131 (length 76)
plasmid_files/MF168404.1_results/PROKKA_06292018:MF168404.1_132 (length 314)
plasmid_files/MF168404.1_results/PROKKA_06292018:MF168404.1_133 (length 130)
plasmid_files/MF168404.1_results/PROKKA_06292018:MF168404.1_134 (length 173)
plasmid_files/MF168404.1_results/PROKKA_06292018:MF168404.1_135 (length 67)
plasmid_files/MF168404.1_results/PROKKA_06292018:MF168404.1_136 (length 334)
plasmid_files/MF168404.1_results/PROKKA_06292018:MF168404.1_137 (length 259)
plasmid_files/MF168404.1_results/PROKKA_06292018:MF168404.1_138 (length 85)
plasmid_files/MF168404.1_results/PROKKA_06292018:MF168404.1_139 (length 31)
plasmid_files/MF168404.1_results/PROKKA_06292018:MF168404.1_140 (length 91)
plasmid_files/MF168404.1_results/PROKKA_06292018:MF168404.1_141 (length 240)
plasmid_files/MF168404.1_results/PROKKA_06292018:MF168404.1_142 (length 203)
plasmid_files/MF168404.1_results/PROKKA_06292018:MF168404.1_143 (length 401)
plasmid_files/MF168404.1_results/PROKKA_06292018:MF168404.1_144 (length 324)
plasmid_files/MF168404.1_results/PROKKA_06292018:MF168404.1_145 (length 423)
plasmid_files/MF168404.1_results/PROKKA_06292018:MF168404.1_146 (length 143)
plasmid_files/MF168404.1_results/PROKKA_06292018:MF168404.1_147 (length 494)
plasmid_files/MF168404.1_results/PROKKA_06292018:MF168404.1_148 (length 313)
plasmid_files/MF168404.1_results/PROKKA_06292018:MF168404.1_149 (length 223)
plasmid_files/MF168404.1_results/PROKKA_06292018:MF168404.1_150 (length 76)
plasmid_files/MF168404.1_results/PROKKA_06292018:MF168404.1_151 (length 233)
plasmid_files/MF168404.1_results/PROKKA_06292018:MF168404.1_152 (length 73)
plasmid_files/MF168404.1_results/PROKKA_06292018:MF168404.1_153 (length 139)
plasmid_files/MF168404.1_results/PROKKA_06292018:MF168404.1_154 (length 255)
plasmid_files/MF168404.1_results/PROKKA_06292018:MF168404.1_155 (length 142)
plasmid_files/MF168404.1_results/PROKKA_06292018:MF168404.1_156 (length 168)
plasmid_files/MF168404.1_results/PROKKA_06292018:MF168404.1_157 (length 63)
plasmid_files/MF168404.1_results/PROKKA_06292018:MF168404.1_158 (length 84)
plasmid_files/MF168404.1_results/PROKKA_06292018:MF168404.1_159 (length 106)
plasmid_files/MF168404.1_results/PROKKA_06292018:MF168404.1_160 (length 75)
plasmid_files/MF168404.1_results/PROKKA_06292018:MF168404.1_161 (length 76)
plasmid_files/MF168404.1_results/PROKKA_06292018:MF168404.1_162 (length 451)
plasmid_files/MF168404.1_results/PROKKA_06292018:MF168404.1_163 (length 187)
plasmid_files/MF168404.1_results/PROKKA_06292018:MF168404.1_164 (length 109)
plasmid_files/MF168404.1_results/PROKKA_06292018:MF168404.1_165 (length 180)
plasmid_files/MF168404.1_results/PROKKA_06292018:MF168404.1_166 (length 82)
plasmid_files/MF168404.1_results/PROKKA_06292018:MF168404.1_167 (length 685)
plasmid_files/MF168404.1_results/PROKKA_06292018:MF168404.1_168 (length 143)
plasmid_files/MF168404.1_results/PROKKA_06292018:MF168404.1_169 (length 242)
plasmid_files/MF168404.1_results/PROKKA_06292018:MF168404.1_170 (length 108)
plasmid_files/MF168404.1_results/PROKKA_06292018:MF168404.1_171 (length 124)
plasmid_files/MF168404.1_results/PROKKA_06292018:MF168404.1_172 (length 61)
plasmid_files/MF168404.1_results/PROKKA_06292018:MF168404.1_173 (length 90)
plasmid_files/MF168404.1_results/PROKKA_06292018:MF168404.1_174 (length 116)
plasmid_files/MF168404.1_results/PROKKA_06292018:MF168404.1_175 (length 105)
plasmid_files/MF168404.1_results/PROKKA_06292018:MF168404.1_176 (length 118)
plasmid_files/MF168404.1_results/PROKKA_06292018:MF168404.1_177 (length 70)
plasmid_files/MF168404.1_results/PROKKA_06292018:MF168404.1_178 (length 74)
plasmid_files/MF168404.1_results/PROKKA_06292018:MF168404.1_179 (length 106)
plasmid_files/MF168404.1_results/PROKKA_06292018:MF168404.1_180 (length 92)
plasmid_files/MF168404.1_results/PROKKA_06292018:MF168404.1_181 (length 35)
plasmid_files/MF168404.1_results/PROKKA_06292018:MF168404.1_182 (length 273)
plasmid_files/MF168404.1_results/PROKKA_06292018:MF168404.1_183 (length 104)
plasmid_files/MF168404.1_results/PROKKA_06292018:MF168404.1_184 (length 161)
plasmid_files/MF168404.1_results/PROKKA_06292018:MF168404.1_185 (length 127)
plasmid_files/MF168404.1_results/PROKKA_06292018:MF168404.1_186 (length 245)
plasmid_files/MF168404.1_results/PROKKA_06292018:MF168404.1_187 (length 122)
plasmid_files/MF168404.1_results/PROKKA_06292018:MF168404.1_188 (length 101)
plasmid_files/MF168404.1_results/PROKKA_06292018:MF168404.1_189 (length 128)
plasmid_files/MF168404.1_results/PROKKA_06292018:MF168404.1_190 (length 234)
plasmid_files/MF168404.1_results/PROKKA_06292018:MF168404.1_191 (length 66)
plasmid_files/MF168404.1_results/PROKKA_06292018:MF168404.1_192 (length 248)
plasmid_files/MF168404.1_results/PROKKA_06292018:MF168404.1_193 (length 186)
plasmid_files/MF168404.1_results/PROKKA_06292018:MF168404.1_194 (length 66)
plasmid_files/MF168404.1_results/PROKKA_06292018:MF168404.1_195 (length 199)
plasmid_files/MF168404.1_results/PROKKA_06292018:MF168404.1_196 (length 110)
plasmid_files/MF168404.1_results/PROKKA_06292018:MF168404.1_197 (length 49)

DiscRep_ALL:DISC_SOURCE_QUALS_ASNDISC::strain (all present, all unique)
DiscRep_SUB:DISC_SOURCE_QUALS_ASNDISC::1 sources have unique values for strain
DiscRep_ALL:DISC_SOURCE_QUALS_ASNDISC::taxname (all present, all unique)
DiscRep_SUB:DISC_SOURCE_QUALS_ASNDISC::1 sources have unique values for taxname
DiscRep_ALL:DISC_FEATURE_COUNT::CDS: 197 present
DiscRep_ALL:DISC_FEATURE_COUNT::tRNA: 1 present
DiscRep_ALL:DISC_COUNT_NUCLEOTIDES::1 nucleotide Bioseqs are present
plasmid_files/MF168404.1_results/PROKKA_06292018:MF168404.1 (length 151653)

DiscRep_ALL:FEATURE_LOCATION_CONFLICT::198 features have inconsistent gene locations.
DiscRep_SUB:FEATURE_LOCATION_CONFLICT::Coding region xref gene does not exist
plasmid_files/MF168404.1_results/PROKKA_06292018:CDS	hypothetical protein	MF168404.1:1-249	OIAEDMLJ_00001

DiscRep_SUB:FEATURE_LOCATION_CONFLICT::Coding region xref gene does not exist
plasmid_files/MF168404.1_results/PROKKA_06292018:CDS	hypothetical protein	MF168404.1:561-1418	OIAEDMLJ_00002

DiscRep_SUB:FEATURE_LOCATION_CONFLICT::Coding region xref gene does not exist
plasmid_files/MF168404.1_results/PROKKA_06292018:CDS	hypothetical protein	MF168404.1:2441-3010	OIAEDMLJ_00003

DiscRep_SUB:FEATURE_LOCATION_CONFLICT::Coding region xref gene does not exist
plasmid_files/MF168404.1_results/PROKKA_06292018:CDS	Antitoxin PemI	MF168404.1:3103-3360	OIAEDMLJ_00004

DiscRep_SUB:FEATURE_LOCATION_CONFLICT::Coding region xref gene does not exist
plasmid_files/MF168404.1_results/PROKKA_06292018:CDS	Endoribonuclease PemK	MF168404.1:3362-3694	OIAEDMLJ_00005

DiscRep_SUB:FEATURE_LOCATION_CONFLICT::Coding region xref gene does not exist
plasmid_files/MF168404.1_results/PROKKA_06292018:CDS	hypothetical protein	MF168404.1:c4191-3976	OIAEDMLJ_00006

DiscRep_SUB:FEATURE_LOCATION_CONFLICT::Coding region xref gene does not exist
plasmid_files/MF168404.1_results/PROKKA_06292018:CDS	hypothetical protein	MF168404.1:c4927-4394	OIAEDMLJ_00007

DiscRep_SUB:FEATURE_LOCATION_CONFLICT::Coding region xref gene does not exist
plasmid_files/MF168404.1_results/PROKKA_06292018:CDS	hypothetical protein	MF168404.1:c5709-5005	OIAEDMLJ_00008

DiscRep_SUB:FEATURE_LOCATION_CONFLICT::Coding region xref gene does not exist
plasmid_files/MF168404.1_results/PROKKA_06292018:CDS	hypothetical protein	MF168404.1:5951-6073	OIAEDMLJ_00009

DiscRep_SUB:FEATURE_LOCATION_CONFLICT::Coding region xref gene does not exist
plasmid_files/MF168404.1_results/PROKKA_06292018:CDS	Beta-lactamase Toho-1	MF168404.1:6220-7095	OIAEDMLJ_00010

DiscRep_SUB:FEATURE_LOCATION_CONFLICT::Coding region xref gene does not exist
plasmid_files/MF168404.1_results/PROKKA_06292018:CDS	hypothetical protein	MF168404.1:7130-8098	OIAEDMLJ_00011

DiscRep_SUB:FEATURE_LOCATION_CONFLICT::Coding region xref gene does not exist
plasmid_files/MF168404.1_results/PROKKA_06292018:CDS	Catecholate siderophore receptor Fiu	MF168404.1:8227-9252	OIAEDMLJ_00012

DiscRep_SUB:FEATURE_LOCATION_CONFLICT::Coding region xref gene does not exist
plasmid_files/MF168404.1_results/PROKKA_06292018:CDS	hypothetical protein	MF168404.1:c10553-9849	OIAEDMLJ_00013

DiscRep_SUB:FEATURE_LOCATION_CONFLICT::Coding region xref gene does not exist
plasmid_files/MF168404.1_results/PROKKA_06292018:CDS	hypothetical protein	MF168404.1:10905-11129	OIAEDMLJ_00014

DiscRep_SUB:FEATURE_LOCATION_CONFLICT::Coding region xref gene does not exist
plasmid_files/MF168404.1_results/PROKKA_06292018:CDS	Toxin RelG	MF168404.1:11113-11379	OIAEDMLJ_00015

DiscRep_SUB:FEATURE_LOCATION_CONFLICT::Coding region xref gene does not exist
plasmid_files/MF168404.1_results/PROKKA_06292018:CDS	hypothetical protein	MF168404.1:c11844-11449	OIAEDMLJ_00016

DiscRep_SUB:FEATURE_LOCATION_CONFLICT::Coding region xref gene does not exist
plasmid_files/MF168404.1_results/PROKKA_06292018:CDS	hypothetical protein	MF168404.1:c12410-11865	OIAEDMLJ_00017

DiscRep_SUB:FEATURE_LOCATION_CONFLICT::Coding region xref gene does not exist
plasmid_files/MF168404.1_results/PROKKA_06292018:CDS	hypothetical protein	MF168404.1:c12762-12436	OIAEDMLJ_00018

DiscRep_SUB:FEATURE_LOCATION_CONFLICT::Coding region xref gene does not exist
plasmid_files/MF168404.1_results/PROKKA_06292018:CDS	hypothetical protein	MF168404.1:13918-14094	OIAEDMLJ_00019

DiscRep_SUB:FEATURE_LOCATION_CONFLICT::Coding region xref gene does not exist
plasmid_files/MF168404.1_results/PROKKA_06292018:CDS	Mobilization protein MbeC	MF168404.1:14084-14428	OIAEDMLJ_00020

DiscRep_SUB:FEATURE_LOCATION_CONFLICT::Coding region xref gene does not exist
plasmid_files/MF168404.1_results/PROKKA_06292018:CDS	DNA relaxase MbeA	MF168404.1:14418-15584	OIAEDMLJ_00021

DiscRep_SUB:FEATURE_LOCATION_CONFLICT::Coding region xref gene does not exist
plasmid_files/MF168404.1_results/PROKKA_06292018:CDS	hypothetical protein	MF168404.1:c16179-15475	OIAEDMLJ_00022

DiscRep_SUB:FEATURE_LOCATION_CONFLICT::Coding region xref gene does not exist
plasmid_files/MF168404.1_results/PROKKA_06292018:CDS	hypothetical protein	MF168404.1:16259-16834	OIAEDMLJ_00023

DiscRep_SUB:FEATURE_LOCATION_CONFLICT::Coding region xref gene does not exist
plasmid_files/MF168404.1_results/PROKKA_06292018:CDS	hypothetical protein	MF168404.1:17290-17994	OIAEDMLJ_00024

DiscRep_SUB:FEATURE_LOCATION_CONFLICT::Coding region xref gene does not exist
plasmid_files/MF168404.1_results/PROKKA_06292018:CDS	hypothetical protein	MF168404.1:c18662-17940	OIAEDMLJ_00025

DiscRep_SUB:FEATURE_LOCATION_CONFLICT::Coding region xref gene does not exist
plasmid_files/MF168404.1_results/PROKKA_06292018:CDS	hypothetical protein	MF168404.1:c18860-18672	OIAEDMLJ_00026

DiscRep_SUB:FEATURE_LOCATION_CONFLICT::Coding region xref gene does not exist
plasmid_files/MF168404.1_results/PROKKA_06292018:CDS	Transposon Tn3 resolvase	MF168404.1:18973-19488	OIAEDMLJ_00027

DiscRep_SUB:FEATURE_LOCATION_CONFLICT::Coding region xref gene does not exist
plasmid_files/MF168404.1_results/PROKKA_06292018:CDS	Beta-lactamase TEM	MF168404.1:19671-20531	OIAEDMLJ_00028

DiscRep_SUB:FEATURE_LOCATION_CONFLICT::Coding region xref gene does not exist
plasmid_files/MF168404.1_results/PROKKA_06292018:CDS	16S rRNA (guanine(1405)-N(7))-methyltransferase	MF168404.1:20701-21456	OIAEDMLJ_00029

DiscRep_SUB:FEATURE_LOCATION_CONFLICT::Coding region xref gene does not exist
plasmid_files/MF168404.1_results/PROKKA_06292018:CDS	hypothetical protein	MF168404.1:c21818-21537	OIAEDMLJ_00030

DiscRep_SUB:FEATURE_LOCATION_CONFLICT::Coding region xref gene does not exist
plasmid_files/MF168404.1_results/PROKKA_06292018:CDS	hypothetical protein	MF168404.1:c22610-21906	OIAEDMLJ_00031

DiscRep_SUB:FEATURE_LOCATION_CONFLICT::Coding region xref gene does not exist
plasmid_files/MF168404.1_results/PROKKA_06292018:CDS	hypothetical protein	MF168404.1:24552-24833	OIAEDMLJ_00032

DiscRep_SUB:FEATURE_LOCATION_CONFLICT::Coding region xref gene does not exist
plasmid_files/MF168404.1_results/PROKKA_06292018:CDS	Protein StbB	MF168404.1:c25309-24956	OIAEDMLJ_00033

DiscRep_SUB:FEATURE_LOCATION_CONFLICT::Coding region xref gene does not exist
plasmid_files/MF168404.1_results/PROKKA_06292018:CDS	Plasmid segregation protein ParM	MF168404.1:c26271-25309	OIAEDMLJ_00034

DiscRep_SUB:FEATURE_LOCATION_CONFLICT::Coding region xref gene does not exist
plasmid_files/MF168404.1_results/PROKKA_06292018:CDS	DNA adenine methyltransferase YhdJ	MF168404.1:26788-27471	OIAEDMLJ_00035

DiscRep_SUB:FEATURE_LOCATION_CONFLICT::Coding region xref gene does not exist
plasmid_files/MF168404.1_results/PROKKA_06292018:CDS	hypothetical protein	MF168404.1:27472-27693	OIAEDMLJ_00036

DiscRep_SUB:FEATURE_LOCATION_CONFLICT::Coding region xref gene does not exist
plasmid_files/MF168404.1_results/PROKKA_06292018:CDS	hypothetical protein	MF168404.1:27707-28141	OIAEDMLJ_00037

DiscRep_SUB:FEATURE_LOCATION_CONFLICT::Coding region xref gene does not exist
plasmid_files/MF168404.1_results/PROKKA_06292018:CDS	hypothetical protein	MF168404.1:28141-28968	OIAEDMLJ_00038

DiscRep_SUB:FEATURE_LOCATION_CONFLICT::Coding region xref gene does not exist
plasmid_files/MF168404.1_results/PROKKA_06292018:CDS	Antirestriction protein KlcA	MF168404.1:29386-29811	OIAEDMLJ_00039

DiscRep_SUB:FEATURE_LOCATION_CONFLICT::Coding region xref gene does not exist
plasmid_files/MF168404.1_results/PROKKA_06292018:CDS	hypothetical protein	MF168404.1:29858-30280	OIAEDMLJ_00040

DiscRep_SUB:FEATURE_LOCATION_CONFLICT::Coding region xref gene does not exist
plasmid_files/MF168404.1_results/PROKKA_06292018:CDS	hypothetical protein	MF168404.1:30277-30468	OIAEDMLJ_00041

DiscRep_SUB:FEATURE_LOCATION_CONFLICT::Coding region xref gene does not exist
plasmid_files/MF168404.1_results/PROKKA_06292018:CDS	Group II intron-encoded protein LtrA	MF168404.1:c32449-30782	OIAEDMLJ_00042

DiscRep_SUB:FEATURE_LOCATION_CONFLICT::Coding region xref gene does not exist
plasmid_files/MF168404.1_results/PROKKA_06292018:CDS	hypothetical protein	MF168404.1:c33586-33329	OIAEDMLJ_00043

DiscRep_SUB:FEATURE_LOCATION_CONFLICT::Coding region xref gene does not exist
plasmid_files/MF168404.1_results/PROKKA_06292018:CDS	hypothetical protein	MF168404.1:33849-34079	OIAEDMLJ_00044

DiscRep_SUB:FEATURE_LOCATION_CONFLICT::Coding region xref gene does not exist
plasmid_files/MF168404.1_results/PROKKA_06292018:CDS	hypothetical protein	MF168404.1:34131-35492	OIAEDMLJ_00045

DiscRep_SUB:FEATURE_LOCATION_CONFLICT::Coding region xref gene does not exist
plasmid_files/MF168404.1_results/PROKKA_06292018:CDS	Ribosomal RNA small subunit methyltransferase A	MF168404.1:35539-36102	OIAEDMLJ_00046

DiscRep_SUB:FEATURE_LOCATION_CONFLICT::Coding region xref gene does not exist
plasmid_files/MF168404.1_results/PROKKA_06292018:CDS	hypothetical protein	MF168404.1:c36643-36188	OIAEDMLJ_00047

DiscRep_SUB:FEATURE_LOCATION_CONFLICT::Coding region xref gene does not exist
plasmid_files/MF168404.1_results/PROKKA_06292018:CDS	hypothetical protein	MF168404.1:c36880-36644	OIAEDMLJ_00048

DiscRep_SUB:FEATURE_LOCATION_CONFLICT::Coding region xref gene does not exist
plasmid_files/MF168404.1_results/PROKKA_06292018:CDS	Plasmid-derived single-stranded DNA-binding protein	MF168404.1:36945-37472	OIAEDMLJ_00049

DiscRep_SUB:FEATURE_LOCATION_CONFLICT::Coding region xref gene does not exist
plasmid_files/MF168404.1_results/PROKKA_06292018:CDS	hypothetical protein	MF168404.1:37530-37763	OIAEDMLJ_00050

DiscRep_SUB:FEATURE_LOCATION_CONFLICT::Coding region xref gene does not exist
plasmid_files/MF168404.1_results/PROKKA_06292018:CDS	Chromosome-partitioning protein Spo0J	MF168404.1:37824-39245	OIAEDMLJ_00051

DiscRep_SUB:FEATURE_LOCATION_CONFLICT::Coding region xref gene does not exist
plasmid_files/MF168404.1_results/PROKKA_06292018:CDS	hypothetical protein	MF168404.1:39386-39847	OIAEDMLJ_00052

DiscRep_SUB:FEATURE_LOCATION_CONFLICT::Coding region xref gene does not exist
plasmid_files/MF168404.1_results/PROKKA_06292018:CDS	Protein PsiB	MF168404.1:39916-40350	OIAEDMLJ_00053

DiscRep_SUB:FEATURE_LOCATION_CONFLICT::Coding region xref gene does not exist
plasmid_files/MF168404.1_results/PROKKA_06292018:CDS	hypothetical protein	MF168404.1:40347-41066	OIAEDMLJ_00054

DiscRep_SUB:FEATURE_LOCATION_CONFLICT::Coding region xref gene does not exist
plasmid_files/MF168404.1_results/PROKKA_06292018:CDS	hypothetical protein	MF168404.1:c41302-41087	OIAEDMLJ_00055

DiscRep_SUB:FEATURE_LOCATION_CONFLICT::Coding region xref gene does not exist
plasmid_files/MF168404.1_results/PROKKA_06292018:CDS	hypothetical protein	MF168404.1:c42119-41742	OIAEDMLJ_00056

DiscRep_SUB:FEATURE_LOCATION_CONFLICT::Coding region xref gene does not exist
plasmid_files/MF168404.1_results/PROKKA_06292018:CDS	hypothetical protein	MF168404.1:c42356-42120	OIAEDMLJ_00057

DiscRep_SUB:FEATURE_LOCATION_CONFLICT::Coding region xref gene does not exist
plasmid_files/MF168404.1_results/PROKKA_06292018:CDS	hypothetical protein	MF168404.1:42419-42715	OIAEDMLJ_00058

DiscRep_SUB:FEATURE_LOCATION_CONFLICT::Coding region xref gene does not exist
plasmid_files/MF168404.1_results/PROKKA_06292018:CDS	hypothetical protein	MF168404.1:42826-43647	OIAEDMLJ_00059

DiscRep_SUB:FEATURE_LOCATION_CONFLICT::Coding region xref gene does not exist
plasmid_files/MF168404.1_results/PROKKA_06292018:CDS	hypothetical protein	MF168404.1:c44591-43944	OIAEDMLJ_00060

DiscRep_SUB:FEATURE_LOCATION_CONFLICT::Coding region xref gene does not exist
plasmid_files/MF168404.1_results/PROKKA_06292018:CDS	Relaxosome protein TraM	MF168404.1:44868-45251	OIAEDMLJ_00061

DiscRep_SUB:FEATURE_LOCATION_CONFLICT::Coding region xref gene does not exist
plasmid_files/MF168404.1_results/PROKKA_06292018:CDS	Protein TraJ	MF168404.1:45442-46128	OIAEDMLJ_00062

DiscRep_SUB:FEATURE_LOCATION_CONFLICT::Coding region xref gene does not exist
plasmid_files/MF168404.1_results/PROKKA_06292018:CDS	Relaxosome protein TraY	MF168404.1:46222-46449	OIAEDMLJ_00063

DiscRep_SUB:FEATURE_LOCATION_CONFLICT::Coding region xref gene does not exist
plasmid_files/MF168404.1_results/PROKKA_06292018:CDS	Pilin	MF168404.1:46483-46848	OIAEDMLJ_00064

DiscRep_SUB:FEATURE_LOCATION_CONFLICT::Coding region xref gene does not exist
plasmid_files/MF168404.1_results/PROKKA_06292018:CDS	hypothetical protein	MF168404.1:46863-47174	OIAEDMLJ_00065

DiscRep_SUB:FEATURE_LOCATION_CONFLICT::Coding region xref gene does not exist
plasmid_files/MF168404.1_results/PROKKA_06292018:CDS	hypothetical protein	MF168404.1:47196-47762	OIAEDMLJ_00066

DiscRep_SUB:FEATURE_LOCATION_CONFLICT::Coding region xref gene does not exist
plasmid_files/MF168404.1_results/PROKKA_06292018:CDS	hypothetical protein	MF168404.1:47749-48477	OIAEDMLJ_00067

DiscRep_SUB:FEATURE_LOCATION_CONFLICT::Coding region xref gene does not exist
plasmid_files/MF168404.1_results/PROKKA_06292018:CDS	hypothetical protein	MF168404.1:48477-49904	OIAEDMLJ_00068

DiscRep_SUB:FEATURE_LOCATION_CONFLICT::Coding region xref gene does not exist
plasmid_files/MF168404.1_results/PROKKA_06292018:CDS	hypothetical protein	MF168404.1:49894-50484	OIAEDMLJ_00069

DiscRep_SUB:FEATURE_LOCATION_CONFLICT::Coding region xref gene does not exist
plasmid_files/MF168404.1_results/PROKKA_06292018:CDS	hypothetical protein	MF168404.1:50471-50668	OIAEDMLJ_00070

DiscRep_SUB:FEATURE_LOCATION_CONFLICT::Coding region xref gene does not exist
plasmid_files/MF168404.1_results/PROKKA_06292018:CDS	hypothetical protein	MF168404.1:50680-50931	OIAEDMLJ_00071

DiscRep_SUB:FEATURE_LOCATION_CONFLICT::Coding region xref gene does not exist
plasmid_files/MF168404.1_results/PROKKA_06292018:CDS	Protein TraV	MF168404.1:50928-51443	OIAEDMLJ_00072

DiscRep_SUB:FEATURE_LOCATION_CONFLICT::Coding region xref gene does not exist
plasmid_files/MF168404.1_results/PROKKA_06292018:CDS	Protein TraR	MF168404.1:51578-51799	OIAEDMLJ_00073

DiscRep_SUB:FEATURE_LOCATION_CONFLICT::Coding region xref gene does not exist
plasmid_files/MF168404.1_results/PROKKA_06292018:CDS	Protein TraC	MF168404.1:51959-54586	OIAEDMLJ_00074

DiscRep_SUB:FEATURE_LOCATION_CONFLICT::Coding region xref gene does not exist
plasmid_files/MF168404.1_results/PROKKA_06292018:CDS	hypothetical protein	MF168404.1:54583-54969	OIAEDMLJ_00075

DiscRep_SUB:FEATURE_LOCATION_CONFLICT::Coding region xref gene does not exist
plasmid_files/MF168404.1_results/PROKKA_06292018:CDS	hypothetical protein	MF168404.1:54966-55598	OIAEDMLJ_00076

DiscRep_SUB:FEATURE_LOCATION_CONFLICT::Coding region xref gene does not exist
plasmid_files/MF168404.1_results/PROKKA_06292018:CDS	hypothetical protein	MF168404.1:55595-56587	OIAEDMLJ_00077

DiscRep_SUB:FEATURE_LOCATION_CONFLICT::Coding region xref gene does not exist
plasmid_files/MF168404.1_results/PROKKA_06292018:CDS	hypothetical protein	MF168404.1:56614-56922	OIAEDMLJ_00078

DiscRep_SUB:FEATURE_LOCATION_CONFLICT::Coding region xref gene does not exist
plasmid_files/MF168404.1_results/PROKKA_06292018:CDS	hypothetical protein	MF168404.1:56985-57506	OIAEDMLJ_00079

DiscRep_SUB:FEATURE_LOCATION_CONFLICT::Coding region xref gene does not exist
plasmid_files/MF168404.1_results/PROKKA_06292018:CDS	hypothetical protein	MF168404.1:57533-58171	OIAEDMLJ_00080

DiscRep_SUB:FEATURE_LOCATION_CONFLICT::Coding region xref gene does not exist
plasmid_files/MF168404.1_results/PROKKA_06292018:CDS	hypothetical protein	MF168404.1:58168-58539	OIAEDMLJ_00081

DiscRep_SUB:FEATURE_LOCATION_CONFLICT::Coding region xref gene does not exist
plasmid_files/MF168404.1_results/PROKKA_06292018:CDS	hypothetical protein	MF168404.1:58565-58987	OIAEDMLJ_00082

DiscRep_SUB:FEATURE_LOCATION_CONFLICT::Coding region xref gene does not exist
plasmid_files/MF168404.1_results/PROKKA_06292018:CDS	hypothetical protein	MF168404.1:58984-60834	OIAEDMLJ_00083

DiscRep_SUB:FEATURE_LOCATION_CONFLICT::Coding region xref gene does not exist
plasmid_files/MF168404.1_results/PROKKA_06292018:CDS	hypothetical protein	MF168404.1:60858-61118	OIAEDMLJ_00084

DiscRep_SUB:FEATURE_LOCATION_CONFLICT::Coding region xref gene does not exist
plasmid_files/MF168404.1_results/PROKKA_06292018:CDS	hypothetical protein	MF168404.1:61111-61854	OIAEDMLJ_00085

DiscRep_SUB:FEATURE_LOCATION_CONFLICT::Coding region xref gene does not exist
plasmid_files/MF168404.1_results/PROKKA_06292018:CDS	Protein TraQ	MF168404.1:61970-62251	OIAEDMLJ_00086

DiscRep_SUB:FEATURE_LOCATION_CONFLICT::Coding region xref gene does not exist
plasmid_files/MF168404.1_results/PROKKA_06292018:CDS	hypothetical protein	MF168404.1:62238-62783	OIAEDMLJ_00087

DiscRep_SUB:FEATURE_LOCATION_CONFLICT::Coding region xref gene does not exist
plasmid_files/MF168404.1_results/PROKKA_06292018:CDS	hypothetical protein	MF168404.1:62773-63087	OIAEDMLJ_00088

DiscRep_SUB:FEATURE_LOCATION_CONFLICT::Coding region xref gene does not exist
plasmid_files/MF168404.1_results/PROKKA_06292018:CDS	hypothetical protein	MF168404.1:63041-63433	OIAEDMLJ_00089

DiscRep_SUB:FEATURE_LOCATION_CONFLICT::Coding region xref gene does not exist
plasmid_files/MF168404.1_results/PROKKA_06292018:CDS	hypothetical protein	MF168404.1:64790-67606	OIAEDMLJ_00091

DiscRep_SUB:FEATURE_LOCATION_CONFLICT::Coding region xref gene does not exist
plasmid_files/MF168404.1_results/PROKKA_06292018:CDS	Protein TraS	MF168404.1:67639-68160	OIAEDMLJ_00092

DiscRep_SUB:FEATURE_LOCATION_CONFLICT::Coding region xref gene does not exist
plasmid_files/MF168404.1_results/PROKKA_06292018:CDS	Lipoprotein YlpA	MF168404.1:68182-68916	OIAEDMLJ_00093

DiscRep_SUB:FEATURE_LOCATION_CONFLICT::Coding region xref gene does not exist
plasmid_files/MF168404.1_results/PROKKA_06292018:CDS	hypothetical protein	MF168404.1:69119-69856	OIAEDMLJ_00094

DiscRep_SUB:FEATURE_LOCATION_CONFLICT::Coding region xref gene does not exist
plasmid_files/MF168404.1_results/PROKKA_06292018:CDS	Coupling protein TraD	MF168404.1:69907-72123	OIAEDMLJ_00095

DiscRep_SUB:FEATURE_LOCATION_CONFLICT::Coding region xref gene does not exist
plasmid_files/MF168404.1_results/PROKKA_06292018:CDS	Multifunctional conjugation protein TraI	MF168404.1:72123-76898	OIAEDMLJ_00096

DiscRep_SUB:FEATURE_LOCATION_CONFLICT::Coding region xref gene does not exist
plasmid_files/MF168404.1_results/PROKKA_06292018:CDS	hypothetical protein	MF168404.1:c77548-76844	OIAEDMLJ_00097

DiscRep_SUB:FEATURE_LOCATION_CONFLICT::Coding region xref gene does not exist
plasmid_files/MF168404.1_results/PROKKA_06292018:CDS	hypothetical protein	MF168404.1:77962-78666	OIAEDMLJ_00098

DiscRep_SUB:FEATURE_LOCATION_CONFLICT::Coding region xref gene does not exist
plasmid_files/MF168404.1_results/PROKKA_06292018:CDS	Transposon Tn3 resolvase	MF168404.1:78778-79179	OIAEDMLJ_00099

DiscRep_SUB:FEATURE_LOCATION_CONFLICT::Coding region xref gene does not exist
plasmid_files/MF168404.1_results/PROKKA_06292018:CDS	hypothetical protein	MF168404.1:79302-80282	OIAEDMLJ_00100

DiscRep_SUB:FEATURE_LOCATION_CONFLICT::Coding region xref gene does not exist
plasmid_files/MF168404.1_results/PROKKA_06292018:CDS	Carbapenem-hydrolyzing beta-lactamase KPC	MF168404.1:80558-81439	OIAEDMLJ_00101

DiscRep_SUB:FEATURE_LOCATION_CONFLICT::Coding region xref gene does not exist
plasmid_files/MF168404.1_results/PROKKA_06292018:CDS	hypothetical protein	MF168404.1:c82669-81689	OIAEDMLJ_00102

DiscRep_SUB:FEATURE_LOCATION_CONFLICT::Coding region xref gene does not exist
plasmid_files/MF168404.1_results/PROKKA_06292018:CDS	hypothetical protein	MF168404.1:c82970-82674	OIAEDMLJ_00103

DiscRep_SUB:FEATURE_LOCATION_CONFLICT::Coding region xref gene does not exist
plasmid_files/MF168404.1_results/PROKKA_06292018:CDS	hypothetical protein	MF168404.1:c83171-83016	OIAEDMLJ_00104

DiscRep_SUB:FEATURE_LOCATION_CONFLICT::Coding region xref gene does not exist
plasmid_files/MF168404.1_results/PROKKA_06292018:CDS	Antirestriction protein KlcA	MF168404.1:c83721-83299	OIAEDMLJ_00105

DiscRep_SUB:FEATURE_LOCATION_CONFLICT::Coding region xref gene does not exist
plasmid_files/MF168404.1_results/PROKKA_06292018:CDS	hypothetical protein	MF168404.1:c84113-83835	OIAEDMLJ_00106

DiscRep_SUB:FEATURE_LOCATION_CONFLICT::Coding region xref gene does not exist
plasmid_files/MF168404.1_results/PROKKA_06292018:CDS	hypothetical protein	MF168404.1:c85207-84647	OIAEDMLJ_00107

DiscRep_SUB:FEATURE_LOCATION_CONFLICT::Coding region xref gene does not exist
plasmid_files/MF168404.1_results/PROKKA_06292018:CDS	DNA-invertase hin	MF168404.1:85656-86216	OIAEDMLJ_00108

DiscRep_SUB:FEATURE_LOCATION_CONFLICT::Coding region xref gene does not exist
plasmid_files/MF168404.1_results/PROKKA_06292018:CDS	hypothetical protein	MF168404.1:86220-89186	OIAEDMLJ_00109

DiscRep_SUB:FEATURE_LOCATION_CONFLICT::Coding region xref gene does not exist
plasmid_files/MF168404.1_results/PROKKA_06292018:CDS	Beta-lactamase SHV-2	MF168404.1:89427-90287	OIAEDMLJ_00110

DiscRep_SUB:FEATURE_LOCATION_CONFLICT::Coding region xref gene does not exist
plasmid_files/MF168404.1_results/PROKKA_06292018:CDS	Glycerol-3-phosphate regulon repressor	MF168404.1:c91069-90308	OIAEDMLJ_00111

DiscRep_SUB:FEATURE_LOCATION_CONFLICT::Coding region xref gene does not exist
plasmid_files/MF168404.1_results/PROKKA_06292018:CDS	L-threonate dehydrogenase	MF168404.1:91331-92233	OIAEDMLJ_00112

DiscRep_SUB:FEATURE_LOCATION_CONFLICT::Coding region xref gene does not exist
plasmid_files/MF168404.1_results/PROKKA_06292018:CDS	3-oxo-tetronate kinase	MF168404.1:92245-92877	OIAEDMLJ_00113

DiscRep_SUB:FEATURE_LOCATION_CONFLICT::Coding region xref gene does not exist
plasmid_files/MF168404.1_results/PROKKA_06292018:CDS	3-oxo-tetronate kinase	MF168404.1:92874-93497	OIAEDMLJ_00114

DiscRep_SUB:FEATURE_LOCATION_CONFLICT::Coding region xref gene does not exist
plasmid_files/MF168404.1_results/PROKKA_06292018:CDS	3-oxo-tetronate 4-phosphate decarboxylase	MF168404.1:93490-93921	OIAEDMLJ_00115

DiscRep_SUB:FEATURE_LOCATION_CONFLICT::Coding region xref gene does not exist
plasmid_files/MF168404.1_results/PROKKA_06292018:CDS	hypothetical protein	MF168404.1:c94571-93867	OIAEDMLJ_00116

DiscRep_SUB:FEATURE_LOCATION_CONFLICT::Coding region xref gene does not exist
plasmid_files/MF168404.1_results/PROKKA_06292018:CDS	Transposon Tn7 transposition protein TnsB	MF168404.1:c95808-94618	OIAEDMLJ_00117

DiscRep_SUB:FEATURE_LOCATION_CONFLICT::Coding region xref gene does not exist
plasmid_files/MF168404.1_results/PROKKA_06292018:CDS	putative signaling protein	MF168404.1:c96590-95883	OIAEDMLJ_00118

DiscRep_SUB:FEATURE_LOCATION_CONFLICT::Coding region xref gene does not exist
plasmid_files/MF168404.1_results/PROKKA_06292018:CDS	hypothetical protein	MF168404.1:c96823-96587	OIAEDMLJ_00119

DiscRep_SUB:FEATURE_LOCATION_CONFLICT::Coding region xref gene does not exist
plasmid_files/MF168404.1_results/PROKKA_06292018:CDS	HTH-type transcriptional activator mta	MF168404.1:c97182-96820	OIAEDMLJ_00120

DiscRep_SUB:FEATURE_LOCATION_CONFLICT::Coding region xref gene does not exist
plasmid_files/MF168404.1_results/PROKKA_06292018:CDS	Mercuric reductase	MF168404.1:c98894-97200	OIAEDMLJ_00121

DiscRep_SUB:FEATURE_LOCATION_CONFLICT::Coding region xref gene does not exist
plasmid_files/MF168404.1_results/PROKKA_06292018:CDS	Mercuric transport protein MerC	MF168404.1:c99407-98946	OIAEDMLJ_00122

DiscRep_SUB:FEATURE_LOCATION_CONFLICT::Coding region xref gene does not exist
plasmid_files/MF168404.1_results/PROKKA_06292018:CDS	Mercuric transport protein periplasmic component	MF168404.1:c99679-99404	OIAEDMLJ_00123

DiscRep_SUB:FEATURE_LOCATION_CONFLICT::Coding region xref gene does not exist
plasmid_files/MF168404.1_results/PROKKA_06292018:CDS	Mercuric transport protein MerT	MF168404.1:c100043-99693	OIAEDMLJ_00124

DiscRep_SUB:FEATURE_LOCATION_CONFLICT::Coding region xref gene does not exist
plasmid_files/MF168404.1_results/PROKKA_06292018:CDS	Mercuric resistance operon regulatory protein	MF168404.1:100115-100549	OIAEDMLJ_00125

DiscRep_SUB:FEATURE_LOCATION_CONFLICT::Coding region xref gene does not exist
plasmid_files/MF168404.1_results/PROKKA_06292018:CDS	hypothetical protein	MF168404.1:100628-101632	OIAEDMLJ_00126

DiscRep_SUB:FEATURE_LOCATION_CONFLICT::Coding region xref gene does not exist
plasmid_files/MF168404.1_results/PROKKA_06292018:CDS	hypothetical protein	MF168404.1:c102211-101831	OIAEDMLJ_00127

DiscRep_SUB:FEATURE_LOCATION_CONFLICT::Coding region xref gene does not exist
plasmid_files/MF168404.1_results/PROKKA_06292018:CDS	hypothetical protein	MF168404.1:c102590-102213	OIAEDMLJ_00128

DiscRep_SUB:FEATURE_LOCATION_CONFLICT::Coding region xref gene does not exist
plasmid_files/MF168404.1_results/PROKKA_06292018:CDS	hypothetical protein	MF168404.1:c104188-103166	OIAEDMLJ_00129

DiscRep_SUB:FEATURE_LOCATION_CONFLICT::Coding region xref gene does not exist
plasmid_files/MF168404.1_results/PROKKA_06292018:CDS	DNA replication and repair protein RecF	MF168404.1:c105735-104173	OIAEDMLJ_00130

DiscRep_SUB:FEATURE_LOCATION_CONFLICT::Coding region xref gene does not exist
plasmid_files/MF168404.1_results/PROKKA_06292018:CDS	tRNA(fMet)-specific endonuclease VapC	MF168404.1:c106225-105809	OIAEDMLJ_00131

DiscRep_SUB:FEATURE_LOCATION_CONFLICT::Coding region xref gene does not exist
plasmid_files/MF168404.1_results/PROKKA_06292018:CDS	Antitoxin VapB	MF168404.1:c106452-106222	OIAEDMLJ_00132

DiscRep_SUB:FEATURE_LOCATION_CONFLICT::Coding region xref gene does not exist
plasmid_files/MF168404.1_results/PROKKA_06292018:CDS	hypothetical protein	MF168404.1:107031-107975	OIAEDMLJ_00133

DiscRep_SUB:FEATURE_LOCATION_CONFLICT::Coding region xref gene does not exist
plasmid_files/MF168404.1_results/PROKKA_06292018:CDS	hypothetical protein	MF168404.1:108012-108404	OIAEDMLJ_00134

DiscRep_SUB:FEATURE_LOCATION_CONFLICT::Coding region xref gene does not exist
plasmid_files/MF168404.1_results/PROKKA_06292018:CDS	hypothetical protein	MF168404.1:108462-108983	OIAEDMLJ_00135

DiscRep_SUB:FEATURE_LOCATION_CONFLICT::Coding region xref gene does not exist
plasmid_files/MF168404.1_results/PROKKA_06292018:CDS	hypothetical protein	MF168404.1:109029-109232	OIAEDMLJ_00136

DiscRep_SUB:FEATURE_LOCATION_CONFLICT::Coding region xref gene does not exist
plasmid_files/MF168404.1_results/PROKKA_06292018:CDS	hypothetical protein	MF168404.1:109262-110266	OIAEDMLJ_00137

DiscRep_SUB:FEATURE_LOCATION_CONFLICT::Coding region xref gene does not exist
plasmid_files/MF168404.1_results/PROKKA_06292018:CDS	Tyrosine recombinase XerD	MF168404.1:110450-111229	OIAEDMLJ_00138

DiscRep_SUB:FEATURE_LOCATION_CONFLICT::Coding region xref gene does not exist
plasmid_files/MF168404.1_results/PROKKA_06292018:CDS	hypothetical protein	MF168404.1:c111532-111275	OIAEDMLJ_00139

DiscRep_SUB:FEATURE_LOCATION_CONFLICT::Coding region xref gene does not exist
plasmid_files/MF168404.1_results/PROKKA_06292018:CDS	hypothetical protein	MF168404.1:c111756-111661	OIAEDMLJ_00140

DiscRep_SUB:FEATURE_LOCATION_CONFLICT::Coding region xref gene does not exist
plasmid_files/MF168404.1_results/PROKKA_06292018:CDS	hypothetical protein	MF168404.1:c112092-111817	OIAEDMLJ_00141

DiscRep_SUB:FEATURE_LOCATION_CONFLICT::Coding region xref gene does not exist
plasmid_files/MF168404.1_results/PROKKA_06292018:CDS	Replication initiation protein	MF168404.1:112454-113176	OIAEDMLJ_00142

DiscRep_SUB:FEATURE_LOCATION_CONFLICT::Coding region xref gene does not exist
plasmid_files/MF168404.1_results/PROKKA_06292018:CDS	hypothetical protein	MF168404.1:c113872-113261	OIAEDMLJ_00143

DiscRep_SUB:FEATURE_LOCATION_CONFLICT::Coding region xref gene does not exist
plasmid_files/MF168404.1_results/PROKKA_06292018:CDS	Plasmid partition protein A	MF168404.1:114286-115491	OIAEDMLJ_00144

DiscRep_SUB:FEATURE_LOCATION_CONFLICT::Coding region xref gene does not exist
plasmid_files/MF168404.1_results/PROKKA_06292018:CDS	Virulence regulon transcriptional activator VirB	MF168404.1:115491-116465	OIAEDMLJ_00145

DiscRep_SUB:FEATURE_LOCATION_CONFLICT::Coding region xref gene does not exist
plasmid_files/MF168404.1_results/PROKKA_06292018:CDS	Protein UmuC	MF168404.1:c117818-116547	OIAEDMLJ_00146

DiscRep_SUB:FEATURE_LOCATION_CONFLICT::Coding region xref gene does not exist
plasmid_files/MF168404.1_results/PROKKA_06292018:CDS	Protein UmuD	MF168404.1:c118249-117818	OIAEDMLJ_00147

DiscRep_SUB:FEATURE_LOCATION_CONFLICT::Coding region xref gene does not exist
plasmid_files/MF168404.1_results/PROKKA_06292018:CDS	Group II intron-encoded protein LtrA	MF168404.1:118660-120144	OIAEDMLJ_00148

DiscRep_SUB:FEATURE_LOCATION_CONFLICT::Coding region xref gene does not exist
plasmid_files/MF168404.1_results/PROKKA_06292018:CDS	Plasmid segregation protein ParM	MF168404.1:120393-121334	OIAEDMLJ_00149

DiscRep_SUB:FEATURE_LOCATION_CONFLICT::Coding region xref gene does not exist
plasmid_files/MF168404.1_results/PROKKA_06292018:CDS	hypothetical protein	MF168404.1:121337-122008	OIAEDMLJ_00150

DiscRep_SUB:FEATURE_LOCATION_CONFLICT::Coding region xref gene does not exist
plasmid_files/MF168404.1_results/PROKKA_06292018:CDS	hypothetical protein	MF168404.1:122071-122301	OIAEDMLJ_00151

DiscRep_SUB:FEATURE_LOCATION_CONFLICT::Coding region xref gene does not exist
plasmid_files/MF168404.1_results/PROKKA_06292018:CDS	DNA adenine methyltransferase YhdJ	MF168404.1:122738-123439	OIAEDMLJ_00152

DiscRep_SUB:FEATURE_LOCATION_CONFLICT::Coding region xref gene does not exist
plasmid_files/MF168404.1_results/PROKKA_06292018:CDS	hypothetical protein	MF168404.1:123439-123660	OIAEDMLJ_00153

DiscRep_SUB:FEATURE_LOCATION_CONFLICT::Coding region xref gene does not exist
plasmid_files/MF168404.1_results/PROKKA_06292018:CDS	hypothetical protein	MF168404.1:123670-124089	OIAEDMLJ_00154

DiscRep_SUB:FEATURE_LOCATION_CONFLICT::Coding region xref gene does not exist
plasmid_files/MF168404.1_results/PROKKA_06292018:CDS	hypothetical protein	MF168404.1:124143-124910	OIAEDMLJ_00155

DiscRep_SUB:FEATURE_LOCATION_CONFLICT::Coding region xref gene does not exist
plasmid_files/MF168404.1_results/PROKKA_06292018:CDS	Antirestriction protein KlcA	MF168404.1:125591-126019	OIAEDMLJ_00156

DiscRep_SUB:FEATURE_LOCATION_CONFLICT::Coding region xref gene does not exist
plasmid_files/MF168404.1_results/PROKKA_06292018:CDS	hypothetical protein	MF168404.1:126062-126568	OIAEDMLJ_00157

DiscRep_SUB:FEATURE_LOCATION_CONFLICT::Coding region xref gene does not exist
plasmid_files/MF168404.1_results/PROKKA_06292018:CDS	hypothetical protein	MF168404.1:126611-126802	OIAEDMLJ_00158

DiscRep_SUB:FEATURE_LOCATION_CONFLICT::Coding region xref gene does not exist
plasmid_files/MF168404.1_results/PROKKA_06292018:CDS	DNA polymerase III subunit theta	MF168404.1:126990-127244	OIAEDMLJ_00159

DiscRep_SUB:FEATURE_LOCATION_CONFLICT::Coding region xref gene does not exist
plasmid_files/MF168404.1_results/PROKKA_06292018:CDS	hypothetical protein	MF168404.1:127279-127599	OIAEDMLJ_00160

DiscRep_SUB:FEATURE_LOCATION_CONFLICT::Coding region xref gene does not exist
plasmid_files/MF168404.1_results/PROKKA_06292018:CDS	hypothetical protein	MF168404.1:128279-128506	OIAEDMLJ_00161

DiscRep_SUB:FEATURE_LOCATION_CONFLICT::Coding region xref gene does not exist
plasmid_files/MF168404.1_results/PROKKA_06292018:CDS	hypothetical protein	MF168404.1:128598-128828	OIAEDMLJ_00162

DiscRep_SUB:FEATURE_LOCATION_CONFLICT::Coding region xref gene does not exist
plasmid_files/MF168404.1_results/PROKKA_06292018:CDS	hypothetical protein	MF168404.1:128880-130235	OIAEDMLJ_00163

DiscRep_SUB:FEATURE_LOCATION_CONFLICT::Coding region xref gene does not exist
plasmid_files/MF168404.1_results/PROKKA_06292018:CDS	hypothetical protein	MF168404.1:130283-130846	OIAEDMLJ_00164

DiscRep_SUB:FEATURE_LOCATION_CONFLICT::Coding region xref gene does not exist
plasmid_files/MF168404.1_results/PROKKA_06292018:CDS	hypothetical protein	MF168404.1:c131070-130741	OIAEDMLJ_00165

DiscRep_SUB:FEATURE_LOCATION_CONFLICT::Coding region xref gene does not exist
plasmid_files/MF168404.1_results/PROKKA_06292018:CDS	Plasmid-derived single-stranded DNA-binding protein	MF168404.1:131679-132221	OIAEDMLJ_00166

DiscRep_SUB:FEATURE_LOCATION_CONFLICT::Coding region xref gene does not exist
plasmid_files/MF168404.1_results/PROKKA_06292018:CDS	hypothetical protein	MF168404.1:132270-132518	OIAEDMLJ_00167

DiscRep_SUB:FEATURE_LOCATION_CONFLICT::Coding region xref gene does not exist
plasmid_files/MF168404.1_results/PROKKA_06292018:CDS	Chromosome-partitioning protein Spo0J	MF168404.1:132588-134645	OIAEDMLJ_00168

DiscRep_SUB:FEATURE_LOCATION_CONFLICT::Coding region xref gene does not exist
plasmid_files/MF168404.1_results/PROKKA_06292018:CDS	Protein PsiB	MF168404.1:134690-135121	OIAEDMLJ_00169

DiscRep_SUB:FEATURE_LOCATION_CONFLICT::Coding region xref gene does not exist
plasmid_files/MF168404.1_results/PROKKA_06292018:CDS	hypothetical protein	MF168404.1:135118-135846	OIAEDMLJ_00170

DiscRep_SUB:FEATURE_LOCATION_CONFLICT::Coding region xref gene does not exist
plasmid_files/MF168404.1_results/PROKKA_06292018:CDS	hypothetical protein	MF168404.1:135843-136169	OIAEDMLJ_00171

DiscRep_SUB:FEATURE_LOCATION_CONFLICT::Coding region xref gene does not exist
plasmid_files/MF168404.1_results/PROKKA_06292018:CDS	hypothetical protein	MF168404.1:136225-136599	OIAEDMLJ_00172

DiscRep_SUB:FEATURE_LOCATION_CONFLICT::Coding region xref gene does not exist
plasmid_files/MF168404.1_results/PROKKA_06292018:CDS	Stable plasmid inheritance protein	MF168404.1:136800-136985	OIAEDMLJ_00173

DiscRep_SUB:FEATURE_LOCATION_CONFLICT::Coding region xref gene does not exist
plasmid_files/MF168404.1_results/PROKKA_06292018:CDS	hypothetical protein	MF168404.1:137678-137950	OIAEDMLJ_00174

DiscRep_SUB:FEATURE_LOCATION_CONFLICT::Coding region xref gene does not exist
plasmid_files/MF168404.1_results/PROKKA_06292018:CDS	hypothetical protein	MF168404.1:137947-138297	OIAEDMLJ_00175

DiscRep_SUB:FEATURE_LOCATION_CONFLICT::Coding region xref gene does not exist
plasmid_files/MF168404.1_results/PROKKA_06292018:CDS	hypothetical protein	MF168404.1:138312-138629	OIAEDMLJ_00176

DiscRep_SUB:FEATURE_LOCATION_CONFLICT::Coding region xref gene does not exist
plasmid_files/MF168404.1_results/PROKKA_06292018:CDS	hypothetical protein	MF168404.1:139470-139826	OIAEDMLJ_00177

DiscRep_SUB:FEATURE_LOCATION_CONFLICT::Coding region xref gene does not exist
plasmid_files/MF168404.1_results/PROKKA_06292018:CDS	hypothetical protein	MF168404.1:139887-140099	OIAEDMLJ_00178

DiscRep_SUB:FEATURE_LOCATION_CONFLICT::Coding region xref gene does not exist
plasmid_files/MF168404.1_results/PROKKA_06292018:CDS	hypothetical protein	MF168404.1:140110-140334	OIAEDMLJ_00179

DiscRep_SUB:FEATURE_LOCATION_CONFLICT::Coding region xref gene does not exist
plasmid_files/MF168404.1_results/PROKKA_06292018:CDS	hypothetical protein	MF168404.1:140415-140735	OIAEDMLJ_00180

DiscRep_SUB:FEATURE_LOCATION_CONFLICT::Coding region xref gene does not exist
plasmid_files/MF168404.1_results/PROKKA_06292018:CDS	Antitoxin HigA1	MF168404.1:140725-141003	OIAEDMLJ_00181

DiscRep_SUB:FEATURE_LOCATION_CONFLICT::Coding region xref gene does not exist
plasmid_files/MF168404.1_results/PROKKA_06292018:CDS	Antitoxin HigA	MF168404.1:141004-141111	OIAEDMLJ_00182

DiscRep_SUB:FEATURE_LOCATION_CONFLICT::Coding region xref gene does not exist
plasmid_files/MF168404.1_results/PROKKA_06292018:CDS	hypothetical protein	MF168404.1:141940-142761	OIAEDMLJ_00183

DiscRep_SUB:FEATURE_LOCATION_CONFLICT::Coding region xref gene does not exist
plasmid_files/MF168404.1_results/PROKKA_06292018:CDS	hypothetical protein	MF168404.1:142809-143123	OIAEDMLJ_00184

DiscRep_SUB:FEATURE_LOCATION_CONFLICT::Coding region xref gene does not exist
plasmid_files/MF168404.1_results/PROKKA_06292018:CDS	hypothetical protein	MF168404.1:c143641-143156	OIAEDMLJ_00185

DiscRep_SUB:FEATURE_LOCATION_CONFLICT::Coding region xref gene does not exist
plasmid_files/MF168404.1_results/PROKKA_06292018:CDS	Relaxosome protein TraM	MF168404.1:144065-144448	OIAEDMLJ_00186

DiscRep_SUB:FEATURE_LOCATION_CONFLICT::Coding region xref gene does not exist
plasmid_files/MF168404.1_results/PROKKA_06292018:CDS	Protein TraJ	MF168404.1:144648-145385	OIAEDMLJ_00187

DiscRep_SUB:FEATURE_LOCATION_CONFLICT::Coding region xref gene does not exist
plasmid_files/MF168404.1_results/PROKKA_06292018:CDS	Pilin	MF168404.1:145768-146136	OIAEDMLJ_00188

DiscRep_SUB:FEATURE_LOCATION_CONFLICT::Coding region xref gene does not exist
plasmid_files/MF168404.1_results/PROKKA_06292018:CDS	hypothetical protein	MF168404.1:146150-146455	OIAEDMLJ_00189

DiscRep_SUB:FEATURE_LOCATION_CONFLICT::Coding region xref gene does not exist
plasmid_files/MF168404.1_results/PROKKA_06292018:CDS	hypothetical protein	MF168404.1:146475-146861	OIAEDMLJ_00190

DiscRep_SUB:FEATURE_LOCATION_CONFLICT::Coding region xref gene does not exist
plasmid_files/MF168404.1_results/PROKKA_06292018:CDS	hypothetical protein	MF168404.1:c147599-146895	OIAEDMLJ_00191

DiscRep_SUB:FEATURE_LOCATION_CONFLICT::Coding region xref gene does not exist
plasmid_files/MF168404.1_results/PROKKA_06292018:CDS	Multifunctional conjugation protein TraI	MF168404.1:147624-147824	OIAEDMLJ_00192

DiscRep_SUB:FEATURE_LOCATION_CONFLICT::Coding region xref gene does not exist
plasmid_files/MF168404.1_results/PROKKA_06292018:CDS	hypothetical protein	MF168404.1:147844-148590	OIAEDMLJ_00193

DiscRep_SUB:FEATURE_LOCATION_CONFLICT::Coding region xref gene does not exist
plasmid_files/MF168404.1_results/PROKKA_06292018:CDS	Fertility inhibition protein	MF168404.1:148645-149205	OIAEDMLJ_00194

DiscRep_SUB:FEATURE_LOCATION_CONFLICT::Coding region xref gene does not exist
plasmid_files/MF168404.1_results/PROKKA_06292018:CDS	hypothetical protein	MF168404.1:149337-149537	OIAEDMLJ_00195

DiscRep_SUB:FEATURE_LOCATION_CONFLICT::Coding region xref gene does not exist
plasmid_files/MF168404.1_results/PROKKA_06292018:CDS	hypothetical protein	MF168404.1:149923-150522	OIAEDMLJ_00196

DiscRep_SUB:FEATURE_LOCATION_CONFLICT::Coding region xref gene does not exist
plasmid_files/MF168404.1_results/PROKKA_06292018:CDS	hypothetical protein	MF168404.1:150584-150916	OIAEDMLJ_00197

DiscRep_SUB:FEATURE_LOCATION_CONFLICT::Coding region xref gene does not exist
plasmid_files/MF168404.1_results/PROKKA_06292018:CDS	Protein PndA	MF168404.1:151221-151370	OIAEDMLJ_00198

DiscRep_SUB:FEATURE_LOCATION_CONFLICT::RNA feature xref gene does not exist
plasmid_files/MF168404.1_results/PROKKA_06292018:tRNA	Thr	MF168404.1:c64241-64170	OIAEDMLJ_00090

DiscRep_ALL:OVERLAPPING_CDS::2 coding regions overlap another coding region with a similar or identical name.
DiscRep_SUB:OVERLAPPING_CDS::2 coding regions overlap another coding region with a similar or identical name that do not have the appropriate note text
plasmid_files/MF168404.1_results/PROKKA_06292018:CDS	3-oxo-tetronate kinase	MF168404.1:92245-92877	OIAEDMLJ_00113
plasmid_files/MF168404.1_results/PROKKA_06292018:CDS	3-oxo-tetronate kinase	MF168404.1:92874-93497	OIAEDMLJ_00114

DiscRep_ALL:SUSPECT_PRODUCT_NAMES::1 product_names contain suspect phrase or characters
DiscRep_SUB:SUSPECT_PRODUCT_NAMES::May contain database identifier more appropriate in note; remove from product name
DiscRep_SUB:SUSPECT_PRODUCT_NAMES::1 features Three or more numbers together
plasmid_files/MF168404.1_results/PROKKA_06292018:CDS	16S rRNA (guanine(1405)-N(7))-methyltransferase	MF168404.1:20701-21456	OIAEDMLJ_00029

DiscRep_ALL:DISC_QUALITY_SCORES::Quality scores are missing on all sequences.

DiscRep_ALL:ONCALLER_COMMENT_PRESENT::1 comment descriptors were found (all same)
plasmid_files/MF168404.1_results/PROKKA_06292018:MF168404.1:Annotated using prokka 1.14-dev from https://github.com/tseemann/prokka

DiscRep_ALL:SHORT_PROT_SEQUENCES::4 protein sequences are shorter than 50 aa.
plasmid_files/MF168404.1_results/PROKKA_06292018:MF168404.1_9 (length 40)
plasmid_files/MF168404.1_results/PROKKA_06292018:MF168404.1_139 (length 31)
plasmid_files/MF168404.1_results/PROKKA_06292018:MF168404.1_181 (length 35)
plasmid_files/MF168404.1_results/PROKKA_06292018:MF168404.1_197 (length 49)

DiscRep_ALL:MISSING_GENOMEASSEMBLY_COMMENTS::1 bioseqs are missing GenomeAssembly structured comments
plasmid_files/MF168404.1_results/PROKKA_06292018:MF168404.1 (length 151653)

DiscRep_ALL:MOLTYPE_NOT_MRNA::1 molecule types are not set as mRNA.
plasmid_files/MF168404.1_results/PROKKA_06292018:MF168404.1 (length 151653)

DiscRep_ALL:TECHNIQUE_NOT_TSA::1 technique are not set as TSA
plasmid_files/MF168404.1_results/PROKKA_06292018:MF168404.1 (length 151653)

DiscRep_ALL:MISSING_STRUCTURED_COMMENT::1 sequences do not include structured comments.
plasmid_files/MF168404.1_results/PROKKA_06292018:MF168404.1 (length 151653)

DiscRep_ALL:MISSING_PROJECT::198 sequences do not include project.
plasmid_files/MF168404.1_results/PROKKA_06292018:MF168404.1 (length 151653)
plasmid_files/MF168404.1_results/PROKKA_06292018:MF168404.1_1 (length 82)
plasmid_files/MF168404.1_results/PROKKA_06292018:MF168404.1_2 (length 285)
plasmid_files/MF168404.1_results/PROKKA_06292018:MF168404.1_3 (length 189)
plasmid_files/MF168404.1_results/PROKKA_06292018:MF168404.1_4 (length 85)
plasmid_files/MF168404.1_results/PROKKA_06292018:MF168404.1_5 (length 110)
plasmid_files/MF168404.1_results/PROKKA_06292018:MF168404.1_6 (length 71)
plasmid_files/MF168404.1_results/PROKKA_06292018:MF168404.1_7 (length 177)
plasmid_files/MF168404.1_results/PROKKA_06292018:MF168404.1_8 (length 234)
plasmid_files/MF168404.1_results/PROKKA_06292018:MF168404.1_9 (length 40)
plasmid_files/MF168404.1_results/PROKKA_06292018:MF168404.1_10 (length 291)
plasmid_files/MF168404.1_results/PROKKA_06292018:MF168404.1_11 (length 322)
plasmid_files/MF168404.1_results/PROKKA_06292018:MF168404.1_12 (length 341)
plasmid_files/MF168404.1_results/PROKKA_06292018:MF168404.1_13 (length 234)
plasmid_files/MF168404.1_results/PROKKA_06292018:MF168404.1_14 (length 74)
plasmid_files/MF168404.1_results/PROKKA_06292018:MF168404.1_15 (length 88)
plasmid_files/MF168404.1_results/PROKKA_06292018:MF168404.1_16 (length 131)
plasmid_files/MF168404.1_results/PROKKA_06292018:MF168404.1_17 (length 181)
plasmid_files/MF168404.1_results/PROKKA_06292018:MF168404.1_18 (length 108)
plasmid_files/MF168404.1_results/PROKKA_06292018:MF168404.1_19 (length 58)
plasmid_files/MF168404.1_results/PROKKA_06292018:MF168404.1_20 (length 114)
plasmid_files/MF168404.1_results/PROKKA_06292018:MF168404.1_21 (length 388)
plasmid_files/MF168404.1_results/PROKKA_06292018:MF168404.1_22 (length 234)
plasmid_files/MF168404.1_results/PROKKA_06292018:MF168404.1_23 (length 191)
plasmid_files/MF168404.1_results/PROKKA_06292018:MF168404.1_24 (length 234)
plasmid_files/MF168404.1_results/PROKKA_06292018:MF168404.1_25 (length 240)
plasmid_files/MF168404.1_results/PROKKA_06292018:MF168404.1_26 (length 62)
plasmid_files/MF168404.1_results/PROKKA_06292018:MF168404.1_27 (length 171)
plasmid_files/MF168404.1_results/PROKKA_06292018:MF168404.1_28 (length 286)
plasmid_files/MF168404.1_results/PROKKA_06292018:MF168404.1_29 (length 251)
plasmid_files/MF168404.1_results/PROKKA_06292018:MF168404.1_30 (length 93)
plasmid_files/MF168404.1_results/PROKKA_06292018:MF168404.1_31 (length 234)
plasmid_files/MF168404.1_results/PROKKA_06292018:MF168404.1_32 (length 93)
plasmid_files/MF168404.1_results/PROKKA_06292018:MF168404.1_33 (length 117)
plasmid_files/MF168404.1_results/PROKKA_06292018:MF168404.1_34 (length 320)
plasmid_files/MF168404.1_results/PROKKA_06292018:MF168404.1_35 (length 227)
plasmid_files/MF168404.1_results/PROKKA_06292018:MF168404.1_36 (length 73)
plasmid_files/MF168404.1_results/PROKKA_06292018:MF168404.1_37 (length 144)
plasmid_files/MF168404.1_results/PROKKA_06292018:MF168404.1_38 (length 275)
plasmid_files/MF168404.1_results/PROKKA_06292018:MF168404.1_39 (length 141)
plasmid_files/MF168404.1_results/PROKKA_06292018:MF168404.1_40 (length 140)
plasmid_files/MF168404.1_results/PROKKA_06292018:MF168404.1_41 (length 63)
plasmid_files/MF168404.1_results/PROKKA_06292018:MF168404.1_42 (length 555)
plasmid_files/MF168404.1_results/PROKKA_06292018:MF168404.1_43 (length 85)
plasmid_files/MF168404.1_results/PROKKA_06292018:MF168404.1_44 (length 76)
plasmid_files/MF168404.1_results/PROKKA_06292018:MF168404.1_45 (length 453)
plasmid_files/MF168404.1_results/PROKKA_06292018:MF168404.1_46 (length 187)
plasmid_files/MF168404.1_results/PROKKA_06292018:MF168404.1_47 (length 151)
plasmid_files/MF168404.1_results/PROKKA_06292018:MF168404.1_48 (length 78)
plasmid_files/MF168404.1_results/PROKKA_06292018:MF168404.1_49 (length 175)
plasmid_files/MF168404.1_results/PROKKA_06292018:MF168404.1_50 (length 77)
plasmid_files/MF168404.1_results/PROKKA_06292018:MF168404.1_51 (length 473)
plasmid_files/MF168404.1_results/PROKKA_06292018:MF168404.1_52 (length 153)
plasmid_files/MF168404.1_results/PROKKA_06292018:MF168404.1_53 (length 144)
plasmid_files/MF168404.1_results/PROKKA_06292018:MF168404.1_54 (length 239)
plasmid_files/MF168404.1_results/PROKKA_06292018:MF168404.1_55 (length 71)
plasmid_files/MF168404.1_results/PROKKA_06292018:MF168404.1_56 (length 125)
plasmid_files/MF168404.1_results/PROKKA_06292018:MF168404.1_57 (length 78)
plasmid_files/MF168404.1_results/PROKKA_06292018:MF168404.1_58 (length 98)
plasmid_files/MF168404.1_results/PROKKA_06292018:MF168404.1_59 (length 273)
plasmid_files/MF168404.1_results/PROKKA_06292018:MF168404.1_60 (length 215)
plasmid_files/MF168404.1_results/PROKKA_06292018:MF168404.1_61 (length 127)
plasmid_files/MF168404.1_results/PROKKA_06292018:MF168404.1_62 (length 228)
plasmid_files/MF168404.1_results/PROKKA_06292018:MF168404.1_63 (length 75)
plasmid_files/MF168404.1_results/PROKKA_06292018:MF168404.1_64 (length 121)
plasmid_files/MF168404.1_results/PROKKA_06292018:MF168404.1_65 (length 103)
plasmid_files/MF168404.1_results/PROKKA_06292018:MF168404.1_66 (length 188)
plasmid_files/MF168404.1_results/PROKKA_06292018:MF168404.1_67 (length 242)
plasmid_files/MF168404.1_results/PROKKA_06292018:MF168404.1_68 (length 475)
plasmid_files/MF168404.1_results/PROKKA_06292018:MF168404.1_69 (length 196)
plasmid_files/MF168404.1_results/PROKKA_06292018:MF168404.1_70 (length 65)
plasmid_files/MF168404.1_results/PROKKA_06292018:MF168404.1_71 (length 83)
plasmid_files/MF168404.1_results/PROKKA_06292018:MF168404.1_72 (length 171)
plasmid_files/MF168404.1_results/PROKKA_06292018:MF168404.1_73 (length 73)
plasmid_files/MF168404.1_results/PROKKA_06292018:MF168404.1_74 (length 875)
plasmid_files/MF168404.1_results/PROKKA_06292018:MF168404.1_75 (length 128)
plasmid_files/MF168404.1_results/PROKKA_06292018:MF168404.1_76 (length 210)
plasmid_files/MF168404.1_results/PROKKA_06292018:MF168404.1_77 (length 330)
plasmid_files/MF168404.1_results/PROKKA_06292018:MF168404.1_78 (length 102)
plasmid_files/MF168404.1_results/PROKKA_06292018:MF168404.1_79 (length 173)
plasmid_files/MF168404.1_results/PROKKA_06292018:MF168404.1_80 (length 212)
plasmid_files/MF168404.1_results/PROKKA_06292018:MF168404.1_81 (length 123)
plasmid_files/MF168404.1_results/PROKKA_06292018:MF168404.1_82 (length 140)
plasmid_files/MF168404.1_results/PROKKA_06292018:MF168404.1_83 (length 616)
plasmid_files/MF168404.1_results/PROKKA_06292018:MF168404.1_84 (length 86)
plasmid_files/MF168404.1_results/PROKKA_06292018:MF168404.1_85 (length 247)
plasmid_files/MF168404.1_results/PROKKA_06292018:MF168404.1_86 (length 93)
plasmid_files/MF168404.1_results/PROKKA_06292018:MF168404.1_87 (length 181)
plasmid_files/MF168404.1_results/PROKKA_06292018:MF168404.1_88 (length 104)
plasmid_files/MF168404.1_results/PROKKA_06292018:MF168404.1_89 (length 130)
plasmid_files/MF168404.1_results/PROKKA_06292018:MF168404.1_90 (length 938)
plasmid_files/MF168404.1_results/PROKKA_06292018:MF168404.1_91 (length 173)
plasmid_files/MF168404.1_results/PROKKA_06292018:MF168404.1_92 (length 244)
plasmid_files/MF168404.1_results/PROKKA_06292018:MF168404.1_93 (length 245)
plasmid_files/MF168404.1_results/PROKKA_06292018:MF168404.1_94 (length 738)
plasmid_files/MF168404.1_results/PROKKA_06292018:MF168404.1_95 (length 1591)
plasmid_files/MF168404.1_results/PROKKA_06292018:MF168404.1_96 (length 234)
plasmid_files/MF168404.1_results/PROKKA_06292018:MF168404.1_97 (length 234)
plasmid_files/MF168404.1_results/PROKKA_06292018:MF168404.1_98 (length 133)
plasmid_files/MF168404.1_results/PROKKA_06292018:MF168404.1_99 (length 326)
plasmid_files/MF168404.1_results/PROKKA_06292018:MF168404.1_100 (length 293)
plasmid_files/MF168404.1_results/PROKKA_06292018:MF168404.1_101 (length 326)
plasmid_files/MF168404.1_results/PROKKA_06292018:MF168404.1_102 (length 98)
plasmid_files/MF168404.1_results/PROKKA_06292018:MF168404.1_103 (length 51)
plasmid_files/MF168404.1_results/PROKKA_06292018:MF168404.1_104 (length 140)
plasmid_files/MF168404.1_results/PROKKA_06292018:MF168404.1_105 (length 92)
plasmid_files/MF168404.1_results/PROKKA_06292018:MF168404.1_106 (length 186)
plasmid_files/MF168404.1_results/PROKKA_06292018:MF168404.1_107 (length 186)
plasmid_files/MF168404.1_results/PROKKA_06292018:MF168404.1_108 (length 988)
plasmid_files/MF168404.1_results/PROKKA_06292018:MF168404.1_109 (length 286)
plasmid_files/MF168404.1_results/PROKKA_06292018:MF168404.1_110 (length 253)
plasmid_files/MF168404.1_results/PROKKA_06292018:MF168404.1_111 (length 300)
plasmid_files/MF168404.1_results/PROKKA_06292018:MF168404.1_112 (length 210)
plasmid_files/MF168404.1_results/PROKKA_06292018:MF168404.1_113 (length 207)
plasmid_files/MF168404.1_results/PROKKA_06292018:MF168404.1_114 (length 143)
plasmid_files/MF168404.1_results/PROKKA_06292018:MF168404.1_115 (length 234)
plasmid_files/MF168404.1_results/PROKKA_06292018:MF168404.1_116 (length 396)
plasmid_files/MF168404.1_results/PROKKA_06292018:MF168404.1_117 (length 235)
plasmid_files/MF168404.1_results/PROKKA_06292018:MF168404.1_118 (length 78)
plasmid_files/MF168404.1_results/PROKKA_06292018:MF168404.1_119 (length 120)
plasmid_files/MF168404.1_results/PROKKA_06292018:MF168404.1_120 (length 564)
plasmid_files/MF168404.1_results/PROKKA_06292018:MF168404.1_121 (length 153)
plasmid_files/MF168404.1_results/PROKKA_06292018:MF168404.1_122 (length 91)
plasmid_files/MF168404.1_results/PROKKA_06292018:MF168404.1_123 (length 116)
plasmid_files/MF168404.1_results/PROKKA_06292018:MF168404.1_124 (length 144)
plasmid_files/MF168404.1_results/PROKKA_06292018:MF168404.1_125 (length 334)
plasmid_files/MF168404.1_results/PROKKA_06292018:MF168404.1_126 (length 126)
plasmid_files/MF168404.1_results/PROKKA_06292018:MF168404.1_127 (length 125)
plasmid_files/MF168404.1_results/PROKKA_06292018:MF168404.1_128 (length 340)
plasmid_files/MF168404.1_results/PROKKA_06292018:MF168404.1_129 (length 520)
plasmid_files/MF168404.1_results/PROKKA_06292018:MF168404.1_130 (length 138)
plasmid_files/MF168404.1_results/PROKKA_06292018:MF168404.1_131 (length 76)
plasmid_files/MF168404.1_results/PROKKA_06292018:MF168404.1_132 (length 314)
plasmid_files/MF168404.1_results/PROKKA_06292018:MF168404.1_133 (length 130)
plasmid_files/MF168404.1_results/PROKKA_06292018:MF168404.1_134 (length 173)
plasmid_files/MF168404.1_results/PROKKA_06292018:MF168404.1_135 (length 67)
plasmid_files/MF168404.1_results/PROKKA_06292018:MF168404.1_136 (length 334)
plasmid_files/MF168404.1_results/PROKKA_06292018:MF168404.1_137 (length 259)
plasmid_files/MF168404.1_results/PROKKA_06292018:MF168404.1_138 (length 85)
plasmid_files/MF168404.1_results/PROKKA_06292018:MF168404.1_139 (length 31)
plasmid_files/MF168404.1_results/PROKKA_06292018:MF168404.1_140 (length 91)
plasmid_files/MF168404.1_results/PROKKA_06292018:MF168404.1_141 (length 240)
plasmid_files/MF168404.1_results/PROKKA_06292018:MF168404.1_142 (length 203)
plasmid_files/MF168404.1_results/PROKKA_06292018:MF168404.1_143 (length 401)
plasmid_files/MF168404.1_results/PROKKA_06292018:MF168404.1_144 (length 324)
plasmid_files/MF168404.1_results/PROKKA_06292018:MF168404.1_145 (length 423)
plasmid_files/MF168404.1_results/PROKKA_06292018:MF168404.1_146 (length 143)
plasmid_files/MF168404.1_results/PROKKA_06292018:MF168404.1_147 (length 494)
plasmid_files/MF168404.1_results/PROKKA_06292018:MF168404.1_148 (length 313)
plasmid_files/MF168404.1_results/PROKKA_06292018:MF168404.1_149 (length 223)
plasmid_files/MF168404.1_results/PROKKA_06292018:MF168404.1_150 (length 76)
plasmid_files/MF168404.1_results/PROKKA_06292018:MF168404.1_151 (length 233)
plasmid_files/MF168404.1_results/PROKKA_06292018:MF168404.1_152 (length 73)
plasmid_files/MF168404.1_results/PROKKA_06292018:MF168404.1_153 (length 139)
plasmid_files/MF168404.1_results/PROKKA_06292018:MF168404.1_154 (length 255)
plasmid_files/MF168404.1_results/PROKKA_06292018:MF168404.1_155 (length 142)
plasmid_files/MF168404.1_results/PROKKA_06292018:MF168404.1_156 (length 168)
plasmid_files/MF168404.1_results/PROKKA_06292018:MF168404.1_157 (length 63)
plasmid_files/MF168404.1_results/PROKKA_06292018:MF168404.1_158 (length 84)
plasmid_files/MF168404.1_results/PROKKA_06292018:MF168404.1_159 (length 106)
plasmid_files/MF168404.1_results/PROKKA_06292018:MF168404.1_160 (length 75)
plasmid_files/MF168404.1_results/PROKKA_06292018:MF168404.1_161 (length 76)
plasmid_files/MF168404.1_results/PROKKA_06292018:MF168404.1_162 (length 451)
plasmid_files/MF168404.1_results/PROKKA_06292018:MF168404.1_163 (length 187)
plasmid_files/MF168404.1_results/PROKKA_06292018:MF168404.1_164 (length 109)
plasmid_files/MF168404.1_results/PROKKA_06292018:MF168404.1_165 (length 180)
plasmid_files/MF168404.1_results/PROKKA_06292018:MF168404.1_166 (length 82)
plasmid_files/MF168404.1_results/PROKKA_06292018:MF168404.1_167 (length 685)
plasmid_files/MF168404.1_results/PROKKA_06292018:MF168404.1_168 (length 143)
plasmid_files/MF168404.1_results/PROKKA_06292018:MF168404.1_169 (length 242)
plasmid_files/MF168404.1_results/PROKKA_06292018:MF168404.1_170 (length 108)
plasmid_files/MF168404.1_results/PROKKA_06292018:MF168404.1_171 (length 124)
plasmid_files/MF168404.1_results/PROKKA_06292018:MF168404.1_172 (length 61)
plasmid_files/MF168404.1_results/PROKKA_06292018:MF168404.1_173 (length 90)
plasmid_files/MF168404.1_results/PROKKA_06292018:MF168404.1_174 (length 116)
plasmid_files/MF168404.1_results/PROKKA_06292018:MF168404.1_175 (length 105)
plasmid_files/MF168404.1_results/PROKKA_06292018:MF168404.1_176 (length 118)
plasmid_files/MF168404.1_results/PROKKA_06292018:MF168404.1_177 (length 70)
plasmid_files/MF168404.1_results/PROKKA_06292018:MF168404.1_178 (length 74)
plasmid_files/MF168404.1_results/PROKKA_06292018:MF168404.1_179 (length 106)
plasmid_files/MF168404.1_results/PROKKA_06292018:MF168404.1_180 (length 92)
plasmid_files/MF168404.1_results/PROKKA_06292018:MF168404.1_181 (length 35)
plasmid_files/MF168404.1_results/PROKKA_06292018:MF168404.1_182 (length 273)
plasmid_files/MF168404.1_results/PROKKA_06292018:MF168404.1_183 (length 104)
plasmid_files/MF168404.1_results/PROKKA_06292018:MF168404.1_184 (length 161)
plasmid_files/MF168404.1_results/PROKKA_06292018:MF168404.1_185 (length 127)
plasmid_files/MF168404.1_results/PROKKA_06292018:MF168404.1_186 (length 245)
plasmid_files/MF168404.1_results/PROKKA_06292018:MF168404.1_187 (length 122)
plasmid_files/MF168404.1_results/PROKKA_06292018:MF168404.1_188 (length 101)
plasmid_files/MF168404.1_results/PROKKA_06292018:MF168404.1_189 (length 128)
plasmid_files/MF168404.1_results/PROKKA_06292018:MF168404.1_190 (length 234)
plasmid_files/MF168404.1_results/PROKKA_06292018:MF168404.1_191 (length 66)
plasmid_files/MF168404.1_results/PROKKA_06292018:MF168404.1_192 (length 248)
plasmid_files/MF168404.1_results/PROKKA_06292018:MF168404.1_193 (length 186)
plasmid_files/MF168404.1_results/PROKKA_06292018:MF168404.1_194 (length 66)
plasmid_files/MF168404.1_results/PROKKA_06292018:MF168404.1_195 (length 199)
plasmid_files/MF168404.1_results/PROKKA_06292018:MF168404.1_196 (length 110)
plasmid_files/MF168404.1_results/PROKKA_06292018:MF168404.1_197 (length 49)

DiscRep_ALL:DISC_INCONSISTENT_MOLINFO_TECH::Molinfo Technique Report (some missing, all same)
DiscRep_SUB:DISC_INCONSISTENT_MOLINFO_TECH::technique (all missing)
DiscRep_SUB:DISC_INCONSISTENT_MOLINFO_TECH::1 Molinfos are missing field technique
plasmid_files/MF168404.1_results/PROKKA_06292018:MF168404.1 (length 151653)

