Discrepancy Report Results

Summary
FATAL: MISSING_PROTEIN_ID:128 proteins have invalid IDs.
DISC_SOURCE_QUALS_ASNDISC:strain (all present, all unique)
DISC_SOURCE_QUALS_ASNDISC:taxname (all present, all unique)
DISC_FEATURE_COUNT:CDS: 128 present
DISC_COUNT_NUCLEOTIDES:1 nucleotide Bioseqs are present
FEATURE_LOCATION_CONFLICT:128 features have inconsistent gene locations.
SUSPECT_PRODUCT_NAMES:1 product_names contain suspect phrase or characters
	May contain database identifier more appropriate in note; remove from product name
		1 features Three or more numbers together
DISC_QUALITY_SCORES:Quality scores are missing on all sequences.
ONCALLER_COMMENT_PRESENT:1 comment descriptors were found (all same)
SHORT_PROT_SEQUENCES:2 protein sequences are shorter than 50 aa.
MISSING_GENOMEASSEMBLY_COMMENTS:1 bioseqs are missing GenomeAssembly structured comments
MOLTYPE_NOT_MRNA:1 molecule types are not set as mRNA.
TECHNIQUE_NOT_TSA:1 technique are not set as TSA
MISSING_STRUCTURED_COMMENT:1 sequences do not include structured comments.
MISSING_PROJECT:129 sequences do not include project.
DISC_INCONSISTENT_MOLINFO_TECH:Molinfo Technique Report (some missing, all same)


Detailed Report

FATAL: DiscRep_ALL:MISSING_PROTEIN_ID::128 proteins have invalid IDs.
plasmid_files/KF874497.2_results/PROKKA_06292018:KF874497.2_1 (length 73)
plasmid_files/KF874497.2_results/PROKKA_06292018:KF874497.2_2 (length 214)
plasmid_files/KF874497.2_results/PROKKA_06292018:KF874497.2_3 (length 216)
plasmid_files/KF874497.2_results/PROKKA_06292018:KF874497.2_4 (length 102)
plasmid_files/KF874497.2_results/PROKKA_06292018:KF874497.2_5 (length 186)
plasmid_files/KF874497.2_results/PROKKA_06292018:KF874497.2_6 (length 285)
plasmid_files/KF874497.2_results/PROKKA_06292018:KF874497.2_7 (length 187)
plasmid_files/KF874497.2_results/PROKKA_06292018:KF874497.2_8 (length 203)
plasmid_files/KF874497.2_results/PROKKA_06292018:KF874497.2_9 (length 330)
plasmid_files/KF874497.2_results/PROKKA_06292018:KF874497.2_10 (length 51)
plasmid_files/KF874497.2_results/PROKKA_06292018:KF874497.2_11 (length 571)
plasmid_files/KF874497.2_results/PROKKA_06292018:KF874497.2_12 (length 1009)
plasmid_files/KF874497.2_results/PROKKA_06292018:KF874497.2_13 (length 341)
plasmid_files/KF874497.2_results/PROKKA_06292018:KF874497.2_14 (length 259)
plasmid_files/KF874497.2_results/PROKKA_06292018:KF874497.2_15 (length 79)
plasmid_files/KF874497.2_results/PROKKA_06292018:KF874497.2_16 (length 293)
plasmid_files/KF874497.2_results/PROKKA_06292018:KF874497.2_17 (length 439)
plasmid_files/KF874497.2_results/PROKKA_06292018:KF874497.2_18 (length 394)
plasmid_files/KF874497.2_results/PROKKA_06292018:KF874497.2_19 (length 70)
plasmid_files/KF874497.2_results/PROKKA_06292018:KF874497.2_20 (length 119)
plasmid_files/KF874497.2_results/PROKKA_06292018:KF874497.2_21 (length 38)
plasmid_files/KF874497.2_results/PROKKA_06292018:KF874497.2_22 (length 136)
plasmid_files/KF874497.2_results/PROKKA_06292018:KF874497.2_23 (length 206)
plasmid_files/KF874497.2_results/PROKKA_06292018:KF874497.2_24 (length 965)
plasmid_files/KF874497.2_results/PROKKA_06292018:KF874497.2_25 (length 234)
plasmid_files/KF874497.2_results/PROKKA_06292018:KF874497.2_26 (length 111)
plasmid_files/KF874497.2_results/PROKKA_06292018:KF874497.2_27 (length 119)
plasmid_files/KF874497.2_results/PROKKA_06292018:KF874497.2_28 (length 286)
plasmid_files/KF874497.2_results/PROKKA_06292018:KF874497.2_29 (length 136)
plasmid_files/KF874497.2_results/PROKKA_06292018:KF874497.2_30 (length 416)
plasmid_files/KF874497.2_results/PROKKA_06292018:KF874497.2_31 (length 235)
plasmid_files/KF874497.2_results/PROKKA_06292018:KF874497.2_32 (length 78)
plasmid_files/KF874497.2_results/PROKKA_06292018:KF874497.2_33 (length 120)
plasmid_files/KF874497.2_results/PROKKA_06292018:KF874497.2_34 (length 564)
plasmid_files/KF874497.2_results/PROKKA_06292018:KF874497.2_35 (length 140)
plasmid_files/KF874497.2_results/PROKKA_06292018:KF874497.2_36 (length 125)
plasmid_files/KF874497.2_results/PROKKA_06292018:KF874497.2_37 (length 91)
plasmid_files/KF874497.2_results/PROKKA_06292018:KF874497.2_38 (length 236)
plasmid_files/KF874497.2_results/PROKKA_06292018:KF874497.2_39 (length 138)
plasmid_files/KF874497.2_results/PROKKA_06292018:KF874497.2_40 (length 76)
plasmid_files/KF874497.2_results/PROKKA_06292018:KF874497.2_41 (length 83)
plasmid_files/KF874497.2_results/PROKKA_06292018:KF874497.2_42 (length 102)
plasmid_files/KF874497.2_results/PROKKA_06292018:KF874497.2_43 (length 109)
plasmid_files/KF874497.2_results/PROKKA_06292018:KF874497.2_44 (length 132)
plasmid_files/KF874497.2_results/PROKKA_06292018:KF874497.2_45 (length 110)
plasmid_files/KF874497.2_results/PROKKA_06292018:KF874497.2_46 (length 260)
plasmid_files/KF874497.2_results/PROKKA_06292018:KF874497.2_47 (length 82)
plasmid_files/KF874497.2_results/PROKKA_06292018:KF874497.2_48 (length 157)
plasmid_files/KF874497.2_results/PROKKA_06292018:KF874497.2_49 (length 422)
plasmid_files/KF874497.2_results/PROKKA_06292018:KF874497.2_50 (length 1085)
plasmid_files/KF874497.2_results/PROKKA_06292018:KF874497.2_51 (length 438)
plasmid_files/KF874497.2_results/PROKKA_06292018:KF874497.2_52 (length 675)
plasmid_files/KF874497.2_results/PROKKA_06292018:KF874497.2_53 (length 57)
plasmid_files/KF874497.2_results/PROKKA_06292018:KF874497.2_54 (length 110)
plasmid_files/KF874497.2_results/PROKKA_06292018:KF874497.2_55 (length 324)
plasmid_files/KF874497.2_results/PROKKA_06292018:KF874497.2_56 (length 401)
plasmid_files/KF874497.2_results/PROKKA_06292018:KF874497.2_57 (length 298)
plasmid_files/KF874497.2_results/PROKKA_06292018:KF874497.2_58 (length 423)
plasmid_files/KF874497.2_results/PROKKA_06292018:KF874497.2_59 (length 143)
plasmid_files/KF874497.2_results/PROKKA_06292018:KF874497.2_60 (length 323)
plasmid_files/KF874497.2_results/PROKKA_06292018:KF874497.2_61 (length 223)
plasmid_files/KF874497.2_results/PROKKA_06292018:KF874497.2_62 (length 76)
plasmid_files/KF874497.2_results/PROKKA_06292018:KF874497.2_63 (length 233)
plasmid_files/KF874497.2_results/PROKKA_06292018:KF874497.2_64 (length 73)
plasmid_files/KF874497.2_results/PROKKA_06292018:KF874497.2_65 (length 139)
plasmid_files/KF874497.2_results/PROKKA_06292018:KF874497.2_66 (length 255)
plasmid_files/KF874497.2_results/PROKKA_06292018:KF874497.2_67 (length 142)
plasmid_files/KF874497.2_results/PROKKA_06292018:KF874497.2_68 (length 168)
plasmid_files/KF874497.2_results/PROKKA_06292018:KF874497.2_69 (length 63)
plasmid_files/KF874497.2_results/PROKKA_06292018:KF874497.2_70 (length 84)
plasmid_files/KF874497.2_results/PROKKA_06292018:KF874497.2_71 (length 105)
plasmid_files/KF874497.2_results/PROKKA_06292018:KF874497.2_72 (length 75)
plasmid_files/KF874497.2_results/PROKKA_06292018:KF874497.2_73 (length 76)
plasmid_files/KF874497.2_results/PROKKA_06292018:KF874497.2_74 (length 451)
plasmid_files/KF874497.2_results/PROKKA_06292018:KF874497.2_75 (length 187)
plasmid_files/KF874497.2_results/PROKKA_06292018:KF874497.2_76 (length 106)
plasmid_files/KF874497.2_results/PROKKA_06292018:KF874497.2_77 (length 170)
plasmid_files/KF874497.2_results/PROKKA_06292018:KF874497.2_78 (length 80)
plasmid_files/KF874497.2_results/PROKKA_06292018:KF874497.2_79 (length 669)
plasmid_files/KF874497.2_results/PROKKA_06292018:KF874497.2_80 (length 143)
plasmid_files/KF874497.2_results/PROKKA_06292018:KF874497.2_81 (length 240)
plasmid_files/KF874497.2_results/PROKKA_06292018:KF874497.2_82 (length 118)
plasmid_files/KF874497.2_results/PROKKA_06292018:KF874497.2_83 (length 90)
plasmid_files/KF874497.2_results/PROKKA_06292018:KF874497.2_84 (length 116)
plasmid_files/KF874497.2_results/PROKKA_06292018:KF874497.2_85 (length 117)
plasmid_files/KF874497.2_results/PROKKA_06292018:KF874497.2_86 (length 115)
plasmid_files/KF874497.2_results/PROKKA_06292018:KF874497.2_87 (length 48)
plasmid_files/KF874497.2_results/PROKKA_06292018:KF874497.2_88 (length 277)
plasmid_files/KF874497.2_results/PROKKA_06292018:KF874497.2_89 (length 273)
plasmid_files/KF874497.2_results/PROKKA_06292018:KF874497.2_90 (length 104)
plasmid_files/KF874497.2_results/PROKKA_06292018:KF874497.2_91 (length 161)
plasmid_files/KF874497.2_results/PROKKA_06292018:KF874497.2_92 (length 132)
plasmid_files/KF874497.2_results/PROKKA_06292018:KF874497.2_93 (length 228)
plasmid_files/KF874497.2_results/PROKKA_06292018:KF874497.2_94 (length 128)
plasmid_files/KF874497.2_results/PROKKA_06292018:KF874497.2_95 (length 122)
plasmid_files/KF874497.2_results/PROKKA_06292018:KF874497.2_96 (length 101)
plasmid_files/KF874497.2_results/PROKKA_06292018:KF874497.2_97 (length 188)
plasmid_files/KF874497.2_results/PROKKA_06292018:KF874497.2_98 (length 246)
plasmid_files/KF874497.2_results/PROKKA_06292018:KF874497.2_99 (length 474)
plasmid_files/KF874497.2_results/PROKKA_06292018:KF874497.2_100 (length 190)
plasmid_files/KF874497.2_results/PROKKA_06292018:KF874497.2_101 (length 136)
plasmid_files/KF874497.2_results/PROKKA_06292018:KF874497.2_102 (length 72)
plasmid_files/KF874497.2_results/PROKKA_06292018:KF874497.2_103 (length 103)
plasmid_files/KF874497.2_results/PROKKA_06292018:KF874497.2_104 (length 129)
plasmid_files/KF874497.2_results/PROKKA_06292018:KF874497.2_105 (length 130)
plasmid_files/KF874497.2_results/PROKKA_06292018:KF874497.2_106 (length 879)
plasmid_files/KF874497.2_results/PROKKA_06292018:KF874497.2_107 (length 129)
plasmid_files/KF874497.2_results/PROKKA_06292018:KF874497.2_108 (length 208)
plasmid_files/KF874497.2_results/PROKKA_06292018:KF874497.2_109 (length 129)
plasmid_files/KF874497.2_results/PROKKA_06292018:KF874497.2_110 (length 329)
plasmid_files/KF874497.2_results/PROKKA_06292018:KF874497.2_111 (length 212)
plasmid_files/KF874497.2_results/PROKKA_06292018:KF874497.2_112 (length 651)
plasmid_files/KF874497.2_results/PROKKA_06292018:KF874497.2_113 (length 84)
plasmid_files/KF874497.2_results/PROKKA_06292018:KF874497.2_114 (length 88)
plasmid_files/KF874497.2_results/PROKKA_06292018:KF874497.2_115 (length 108)
plasmid_files/KF874497.2_results/PROKKA_06292018:KF874497.2_116 (length 250)
plasmid_files/KF874497.2_results/PROKKA_06292018:KF874497.2_117 (length 79)
plasmid_files/KF874497.2_results/PROKKA_06292018:KF874497.2_118 (length 185)
plasmid_files/KF874497.2_results/PROKKA_06292018:KF874497.2_119 (length 147)
plasmid_files/KF874497.2_results/PROKKA_06292018:KF874497.2_120 (length 455)
plasmid_files/KF874497.2_results/PROKKA_06292018:KF874497.2_121 (length 949)
plasmid_files/KF874497.2_results/PROKKA_06292018:KF874497.2_122 (length 182)
plasmid_files/KF874497.2_results/PROKKA_06292018:KF874497.2_123 (length 243)
plasmid_files/KF874497.2_results/PROKKA_06292018:KF874497.2_124 (length 229)
plasmid_files/KF874497.2_results/PROKKA_06292018:KF874497.2_125 (length 770)
plasmid_files/KF874497.2_results/PROKKA_06292018:KF874497.2_126 (length 1753)
plasmid_files/KF874497.2_results/PROKKA_06292018:KF874497.2_127 (length 241)
plasmid_files/KF874497.2_results/PROKKA_06292018:KF874497.2_128 (length 197)

DiscRep_ALL:DISC_SOURCE_QUALS_ASNDISC::strain (all present, all unique)
DiscRep_SUB:DISC_SOURCE_QUALS_ASNDISC::1 sources have unique values for strain
DiscRep_ALL:DISC_SOURCE_QUALS_ASNDISC::taxname (all present, all unique)
DiscRep_SUB:DISC_SOURCE_QUALS_ASNDISC::1 sources have unique values for taxname
DiscRep_ALL:DISC_FEATURE_COUNT::CDS: 128 present
DiscRep_ALL:DISC_COUNT_NUCLEOTIDES::1 nucleotide Bioseqs are present
plasmid_files/KF874497.2_results/PROKKA_06292018:KF874497.2 (length 113622)

DiscRep_ALL:FEATURE_LOCATION_CONFLICT::128 features have inconsistent gene locations.
DiscRep_SUB:FEATURE_LOCATION_CONFLICT::Coding region xref gene does not exist
plasmid_files/KF874497.2_results/PROKKA_06292018:CDS	hypothetical protein	KF874497.2:542-763	ODNFDNJK_00001

DiscRep_SUB:FEATURE_LOCATION_CONFLICT::Coding region xref gene does not exist
plasmid_files/KF874497.2_results/PROKKA_06292018:CDS	hypothetical protein	KF874497.2:813-1457	ODNFDNJK_00002

DiscRep_SUB:FEATURE_LOCATION_CONFLICT::Coding region xref gene does not exist
plasmid_files/KF874497.2_results/PROKKA_06292018:CDS	hypothetical protein	KF874497.2:1513-2163	ODNFDNJK_00003

DiscRep_SUB:FEATURE_LOCATION_CONFLICT::Coding region xref gene does not exist
plasmid_files/KF874497.2_results/PROKKA_06292018:CDS	hypothetical protein	KF874497.2:2160-2468	ODNFDNJK_00004

DiscRep_SUB:FEATURE_LOCATION_CONFLICT::Coding region xref gene does not exist
plasmid_files/KF874497.2_results/PROKKA_06292018:CDS	Phospholipase D	KF874497.2:2563-3123	ODNFDNJK_00005

DiscRep_SUB:FEATURE_LOCATION_CONFLICT::Coding region xref gene does not exist
plasmid_files/KF874497.2_results/PROKKA_06292018:CDS	hypothetical protein	KF874497.2:3812-4669	ODNFDNJK_00006

DiscRep_SUB:FEATURE_LOCATION_CONFLICT::Coding region xref gene does not exist
plasmid_files/KF874497.2_results/PROKKA_06292018:CDS	RNA chaperone ProQ	KF874497.2:5888-6451	ODNFDNJK_00007

DiscRep_SUB:FEATURE_LOCATION_CONFLICT::Coding region xref gene does not exist
plasmid_files/KF874497.2_results/PROKKA_06292018:CDS	hypothetical protein	KF874497.2:6435-7046	ODNFDNJK_00008

DiscRep_SUB:FEATURE_LOCATION_CONFLICT::Coding region xref gene does not exist
plasmid_files/KF874497.2_results/PROKKA_06292018:CDS	hypothetical protein	KF874497.2:c8435-7443	ODNFDNJK_00009

DiscRep_SUB:FEATURE_LOCATION_CONFLICT::Coding region xref gene does not exist
plasmid_files/KF874497.2_results/PROKKA_06292018:CDS	hypothetical protein	KF874497.2:c8639-8484	ODNFDNJK_00010

DiscRep_SUB:FEATURE_LOCATION_CONFLICT::Coding region xref gene does not exist
plasmid_files/KF874497.2_results/PROKKA_06292018:CDS	Tyrosine recombinase XerD	KF874497.2:c10649-8934	ODNFDNJK_00011

DiscRep_SUB:FEATURE_LOCATION_CONFLICT::Coding region xref gene does not exist
plasmid_files/KF874497.2_results/PROKKA_06292018:CDS	hypothetical protein	KF874497.2:10759-13788	ODNFDNJK_00012

DiscRep_SUB:FEATURE_LOCATION_CONFLICT::Coding region xref gene does not exist
plasmid_files/KF874497.2_results/PROKKA_06292018:CDS	hypothetical protein	KF874497.2:13895-14920	ODNFDNJK_00013

DiscRep_SUB:FEATURE_LOCATION_CONFLICT::Coding region xref gene does not exist
plasmid_files/KF874497.2_results/PROKKA_06292018:CDS	Insertion sequence IS5376 putative ATP-binding protein	KF874497.2:14917-15696	ODNFDNJK_00014

DiscRep_SUB:FEATURE_LOCATION_CONFLICT::Coding region xref gene does not exist
plasmid_files/KF874497.2_results/PROKKA_06292018:CDS	hypothetical protein	KF874497.2:15693-15932	ODNFDNJK_00015

DiscRep_SUB:FEATURE_LOCATION_CONFLICT::Coding region xref gene does not exist
plasmid_files/KF874497.2_results/PROKKA_06292018:CDS	Carbapenem-hydrolyzing beta-lactamase KPC	KF874497.2:15984-16865	ODNFDNJK_00016

DiscRep_SUB:FEATURE_LOCATION_CONFLICT::Coding region xref gene does not exist
plasmid_files/KF874497.2_results/PROKKA_06292018:CDS	hypothetical protein	KF874497.2:c18434-17115	ODNFDNJK_00017

DiscRep_SUB:FEATURE_LOCATION_CONFLICT::Coding region xref gene does not exist
plasmid_files/KF874497.2_results/PROKKA_06292018:CDS	hypothetical protein	KF874497.2:c19895-18711	ODNFDNJK_00018

DiscRep_SUB:FEATURE_LOCATION_CONFLICT::Coding region xref gene does not exist
plasmid_files/KF874497.2_results/PROKKA_06292018:CDS	hypothetical protein	KF874497.2:20015-20227	ODNFDNJK_00019

DiscRep_SUB:FEATURE_LOCATION_CONFLICT::Coding region xref gene does not exist
plasmid_files/KF874497.2_results/PROKKA_06292018:CDS	hypothetical protein	KF874497.2:20399-20758	ODNFDNJK_00020

DiscRep_SUB:FEATURE_LOCATION_CONFLICT::Coding region xref gene does not exist
plasmid_files/KF874497.2_results/PROKKA_06292018:CDS	hypothetical protein	KF874497.2:c21001-20885	ODNFDNJK_00021

DiscRep_SUB:FEATURE_LOCATION_CONFLICT::Coding region xref gene does not exist
plasmid_files/KF874497.2_results/PROKKA_06292018:CDS	hypothetical protein	KF874497.2:c21825-21415	ODNFDNJK_00022

DiscRep_SUB:FEATURE_LOCATION_CONFLICT::Coding region xref gene does not exist
plasmid_files/KF874497.2_results/PROKKA_06292018:CDS	Putative transposon Tn552 DNA-invertase bin3	KF874497.2:c22544-21924	ODNFDNJK_00023

DiscRep_SUB:FEATURE_LOCATION_CONFLICT::Coding region xref gene does not exist
plasmid_files/KF874497.2_results/PROKKA_06292018:CDS	hypothetical protein	KF874497.2:c25530-22633	ODNFDNJK_00024

DiscRep_SUB:FEATURE_LOCATION_CONFLICT::Coding region xref gene does not exist
plasmid_files/KF874497.2_results/PROKKA_06292018:CDS	hypothetical protein	KF874497.2:25603-26307	ODNFDNJK_00025

DiscRep_SUB:FEATURE_LOCATION_CONFLICT::Coding region xref gene does not exist
plasmid_files/KF874497.2_results/PROKKA_06292018:CDS	Beta-lactamase OXA-18	KF874497.2:26527-26862	ODNFDNJK_00026

DiscRep_SUB:FEATURE_LOCATION_CONFLICT::Coding region xref gene does not exist
plasmid_files/KF874497.2_results/PROKKA_06292018:CDS	Beta-lactamase OXA-18	KF874497.2:26992-27351	ODNFDNJK_00027

DiscRep_SUB:FEATURE_LOCATION_CONFLICT::Coding region xref gene does not exist
plasmid_files/KF874497.2_results/PROKKA_06292018:CDS	Beta-lactamase TEM	KF874497.2:28051-28911	ODNFDNJK_00028

DiscRep_SUB:FEATURE_LOCATION_CONFLICT::Coding region xref gene does not exist
plasmid_files/KF874497.2_results/PROKKA_06292018:CDS	hypothetical protein	KF874497.2:c29432-29022	ODNFDNJK_00029

DiscRep_SUB:FEATURE_LOCATION_CONFLICT::Coding region xref gene does not exist
plasmid_files/KF874497.2_results/PROKKA_06292018:CDS	Transposon Tn7 transposition protein TnsB	KF874497.2:c30729-29479	ODNFDNJK_00030

DiscRep_SUB:FEATURE_LOCATION_CONFLICT::Coding region xref gene does not exist
plasmid_files/KF874497.2_results/PROKKA_06292018:CDS	putative signaling protein	KF874497.2:c31511-30804	ODNFDNJK_00031

DiscRep_SUB:FEATURE_LOCATION_CONFLICT::Coding region xref gene does not exist
plasmid_files/KF874497.2_results/PROKKA_06292018:CDS	hypothetical protein	KF874497.2:c31744-31508	ODNFDNJK_00032

DiscRep_SUB:FEATURE_LOCATION_CONFLICT::Coding region xref gene does not exist
plasmid_files/KF874497.2_results/PROKKA_06292018:CDS	HTH-type transcriptional activator mta	KF874497.2:c32103-31741	ODNFDNJK_00033

DiscRep_SUB:FEATURE_LOCATION_CONFLICT::Coding region xref gene does not exist
plasmid_files/KF874497.2_results/PROKKA_06292018:CDS	Mercuric reductase	KF874497.2:c33815-32121	ODNFDNJK_00034

DiscRep_SUB:FEATURE_LOCATION_CONFLICT::Coding region xref gene does not exist
plasmid_files/KF874497.2_results/PROKKA_06292018:CDS	Mercuric transport protein MerC	KF874497.2:c34289-33867	ODNFDNJK_00035

DiscRep_SUB:FEATURE_LOCATION_CONFLICT::Coding region xref gene does not exist
plasmid_files/KF874497.2_results/PROKKA_06292018:CDS	hypothetical protein	KF874497.2:c34828-34451	ODNFDNJK_00036

DiscRep_SUB:FEATURE_LOCATION_CONFLICT::Coding region xref gene does not exist
plasmid_files/KF874497.2_results/PROKKA_06292018:CDS	hypothetical protein	KF874497.2:c35148-34873	ODNFDNJK_00037

DiscRep_SUB:FEATURE_LOCATION_CONFLICT::Coding region xref gene does not exist
plasmid_files/KF874497.2_results/PROKKA_06292018:CDS	DNA replication and repair protein RecF	KF874497.2:c35892-35182	ODNFDNJK_00038

DiscRep_SUB:FEATURE_LOCATION_CONFLICT::Coding region xref gene does not exist
plasmid_files/KF874497.2_results/PROKKA_06292018:CDS	tRNA(fMet)-specific endonuclease VapC	KF874497.2:c36382-35966	ODNFDNJK_00039

DiscRep_SUB:FEATURE_LOCATION_CONFLICT::Coding region xref gene does not exist
plasmid_files/KF874497.2_results/PROKKA_06292018:CDS	Antitoxin VapB	KF874497.2:c36609-36379	ODNFDNJK_00040

DiscRep_SUB:FEATURE_LOCATION_CONFLICT::Coding region xref gene does not exist
plasmid_files/KF874497.2_results/PROKKA_06292018:CDS	hypothetical protein	KF874497.2:37217-37468	ODNFDNJK_00041

DiscRep_SUB:FEATURE_LOCATION_CONFLICT::Coding region xref gene does not exist
plasmid_files/KF874497.2_results/PROKKA_06292018:CDS	hypothetical protein	KF874497.2:37514-37822	ODNFDNJK_00042

DiscRep_SUB:FEATURE_LOCATION_CONFLICT::Coding region xref gene does not exist
plasmid_files/KF874497.2_results/PROKKA_06292018:CDS	hypothetical protein	KF874497.2:37850-38179	ODNFDNJK_00043

DiscRep_SUB:FEATURE_LOCATION_CONFLICT::Coding region xref gene does not exist
plasmid_files/KF874497.2_results/PROKKA_06292018:CDS	hypothetical protein	KF874497.2:38205-38603	ODNFDNJK_00044

DiscRep_SUB:FEATURE_LOCATION_CONFLICT::Coding region xref gene does not exist
plasmid_files/KF874497.2_results/PROKKA_06292018:CDS	hypothetical protein	KF874497.2:38610-38942	ODNFDNJK_00045

DiscRep_SUB:FEATURE_LOCATION_CONFLICT::Coding region xref gene does not exist
plasmid_files/KF874497.2_results/PROKKA_06292018:CDS	Tyrosine recombinase XerD	KF874497.2:38942-39724	ODNFDNJK_00046

DiscRep_SUB:FEATURE_LOCATION_CONFLICT::Coding region xref gene does not exist
plasmid_files/KF874497.2_results/PROKKA_06292018:CDS	hypothetical protein	KF874497.2:c40238-39990	ODNFDNJK_00047

DiscRep_SUB:FEATURE_LOCATION_CONFLICT::Coding region xref gene does not exist
plasmid_files/KF874497.2_results/PROKKA_06292018:CDS	hypothetical protein	KF874497.2:c41411-40938	ODNFDNJK_00048

DiscRep_SUB:FEATURE_LOCATION_CONFLICT::Coding region xref gene does not exist
plasmid_files/KF874497.2_results/PROKKA_06292018:CDS	hypothetical protein	KF874497.2:c42799-41531	ODNFDNJK_00049

DiscRep_SUB:FEATURE_LOCATION_CONFLICT::Coding region xref gene does not exist
plasmid_files/KF874497.2_results/PROKKA_06292018:CDS	Type-1 restriction enzyme R protein	KF874497.2:c46061-42804	ODNFDNJK_00050

DiscRep_SUB:FEATURE_LOCATION_CONFLICT::Coding region xref gene does not exist
plasmid_files/KF874497.2_results/PROKKA_06292018:CDS	hypothetical protein	KF874497.2:c47378-46062	ODNFDNJK_00051

DiscRep_SUB:FEATURE_LOCATION_CONFLICT::Coding region xref gene does not exist
plasmid_files/KF874497.2_results/PROKKA_06292018:CDS	Type I restriction enzyme EcoKI M protein	KF874497.2:c49402-47375	ODNFDNJK_00052

DiscRep_SUB:FEATURE_LOCATION_CONFLICT::Coding region xref gene does not exist
plasmid_files/KF874497.2_results/PROKKA_06292018:CDS	hypothetical protein	KF874497.2:c49952-49779	ODNFDNJK_00053

DiscRep_SUB:FEATURE_LOCATION_CONFLICT::Coding region xref gene does not exist
plasmid_files/KF874497.2_results/PROKKA_06292018:CDS	hypothetical protein	KF874497.2:c50286-49954	ODNFDNJK_00054

DiscRep_SUB:FEATURE_LOCATION_CONFLICT::Coding region xref gene does not exist
plasmid_files/KF874497.2_results/PROKKA_06292018:CDS	Virulence regulon transcriptional activator VirB	KF874497.2:c51637-50663	ODNFDNJK_00055

DiscRep_SUB:FEATURE_LOCATION_CONFLICT::Coding region xref gene does not exist
plasmid_files/KF874497.2_results/PROKKA_06292018:CDS	Plasmid partition protein A	KF874497.2:c52839-51634	ODNFDNJK_00056

DiscRep_SUB:FEATURE_LOCATION_CONFLICT::Coding region xref gene does not exist
plasmid_files/KF874497.2_results/PROKKA_06292018:CDS	Replication protein RepA	KF874497.2:c54057-53161	ODNFDNJK_00057

DiscRep_SUB:FEATURE_LOCATION_CONFLICT::Coding region xref gene does not exist
plasmid_files/KF874497.2_results/PROKKA_06292018:CDS	Protein UmuC	KF874497.2:c55729-54458	ODNFDNJK_00058

DiscRep_SUB:FEATURE_LOCATION_CONFLICT::Coding region xref gene does not exist
plasmid_files/KF874497.2_results/PROKKA_06292018:CDS	Protein UmuD	KF874497.2:c56160-55729	ODNFDNJK_00059

DiscRep_SUB:FEATURE_LOCATION_CONFLICT::Coding region xref gene does not exist
plasmid_files/KF874497.2_results/PROKKA_06292018:CDS	Plasmid segregation protein ParM	KF874497.2:56392-57363	ODNFDNJK_00060

DiscRep_SUB:FEATURE_LOCATION_CONFLICT::Coding region xref gene does not exist
plasmid_files/KF874497.2_results/PROKKA_06292018:CDS	hypothetical protein	KF874497.2:57366-58037	ODNFDNJK_00061

DiscRep_SUB:FEATURE_LOCATION_CONFLICT::Coding region xref gene does not exist
plasmid_files/KF874497.2_results/PROKKA_06292018:CDS	hypothetical protein	KF874497.2:58098-58328	ODNFDNJK_00062

DiscRep_SUB:FEATURE_LOCATION_CONFLICT::Coding region xref gene does not exist
plasmid_files/KF874497.2_results/PROKKA_06292018:CDS	DNA adenine methyltransferase YhdJ	KF874497.2:58765-59466	ODNFDNJK_00063

DiscRep_SUB:FEATURE_LOCATION_CONFLICT::Coding region xref gene does not exist
plasmid_files/KF874497.2_results/PROKKA_06292018:CDS	hypothetical protein	KF874497.2:59466-59687	ODNFDNJK_00064

DiscRep_SUB:FEATURE_LOCATION_CONFLICT::Coding region xref gene does not exist
plasmid_files/KF874497.2_results/PROKKA_06292018:CDS	hypothetical protein	KF874497.2:59697-60116	ODNFDNJK_00065

DiscRep_SUB:FEATURE_LOCATION_CONFLICT::Coding region xref gene does not exist
plasmid_files/KF874497.2_results/PROKKA_06292018:CDS	hypothetical protein	KF874497.2:60170-60937	ODNFDNJK_00066

DiscRep_SUB:FEATURE_LOCATION_CONFLICT::Coding region xref gene does not exist
plasmid_files/KF874497.2_results/PROKKA_06292018:CDS	Antirestriction protein KlcA	KF874497.2:61617-62045	ODNFDNJK_00067

DiscRep_SUB:FEATURE_LOCATION_CONFLICT::Coding region xref gene does not exist
plasmid_files/KF874497.2_results/PROKKA_06292018:CDS	hypothetical protein	KF874497.2:62088-62594	ODNFDNJK_00068

DiscRep_SUB:FEATURE_LOCATION_CONFLICT::Coding region xref gene does not exist
plasmid_files/KF874497.2_results/PROKKA_06292018:CDS	hypothetical protein	KF874497.2:62637-62828	ODNFDNJK_00069

DiscRep_SUB:FEATURE_LOCATION_CONFLICT::Coding region xref gene does not exist
plasmid_files/KF874497.2_results/PROKKA_06292018:CDS	DNA polymerase III subunit theta	KF874497.2:63016-63270	ODNFDNJK_00070

DiscRep_SUB:FEATURE_LOCATION_CONFLICT::Coding region xref gene does not exist
plasmid_files/KF874497.2_results/PROKKA_06292018:CDS	hypothetical protein	KF874497.2:63305-63622	ODNFDNJK_00071

DiscRep_SUB:FEATURE_LOCATION_CONFLICT::Coding region xref gene does not exist
plasmid_files/KF874497.2_results/PROKKA_06292018:CDS	hypothetical protein	KF874497.2:64406-64633	ODNFDNJK_00072

DiscRep_SUB:FEATURE_LOCATION_CONFLICT::Coding region xref gene does not exist
plasmid_files/KF874497.2_results/PROKKA_06292018:CDS	hypothetical protein	KF874497.2:64725-64955	ODNFDNJK_00073

DiscRep_SUB:FEATURE_LOCATION_CONFLICT::Coding region xref gene does not exist
plasmid_files/KF874497.2_results/PROKKA_06292018:CDS	hypothetical protein	KF874497.2:65007-66362	ODNFDNJK_00074

DiscRep_SUB:FEATURE_LOCATION_CONFLICT::Coding region xref gene does not exist
plasmid_files/KF874497.2_results/PROKKA_06292018:CDS	hypothetical protein	KF874497.2:66410-66973	ODNFDNJK_00075

DiscRep_SUB:FEATURE_LOCATION_CONFLICT::Coding region xref gene does not exist
plasmid_files/KF874497.2_results/PROKKA_06292018:CDS	hypothetical protein	KF874497.2:c67188-66868	ODNFDNJK_00076

DiscRep_SUB:FEATURE_LOCATION_CONFLICT::Coding region xref gene does not exist
plasmid_files/KF874497.2_results/PROKKA_06292018:CDS	Single-stranded DNA-binding protein	KF874497.2:67805-68317	ODNFDNJK_00077

DiscRep_SUB:FEATURE_LOCATION_CONFLICT::Coding region xref gene does not exist
plasmid_files/KF874497.2_results/PROKKA_06292018:CDS	hypothetical protein	KF874497.2:68365-68607	ODNFDNJK_00078

DiscRep_SUB:FEATURE_LOCATION_CONFLICT::Coding region xref gene does not exist
plasmid_files/KF874497.2_results/PROKKA_06292018:CDS	Chromosome-partitioning protein Spo0J	KF874497.2:68676-70685	ODNFDNJK_00079

DiscRep_SUB:FEATURE_LOCATION_CONFLICT::Coding region xref gene does not exist
plasmid_files/KF874497.2_results/PROKKA_06292018:CDS	Protein PsiB	KF874497.2:70731-71162	ODNFDNJK_00080

DiscRep_SUB:FEATURE_LOCATION_CONFLICT::Coding region xref gene does not exist
plasmid_files/KF874497.2_results/PROKKA_06292018:CDS	hypothetical protein	KF874497.2:71159-71881	ODNFDNJK_00081

DiscRep_SUB:FEATURE_LOCATION_CONFLICT::Coding region xref gene does not exist
plasmid_files/KF874497.2_results/PROKKA_06292018:CDS	hypothetical protein	KF874497.2:72322-72678	ODNFDNJK_00082

DiscRep_SUB:FEATURE_LOCATION_CONFLICT::Coding region xref gene does not exist
plasmid_files/KF874497.2_results/PROKKA_06292018:CDS	hypothetical protein	KF874497.2:72726-72998	ODNFDNJK_00083

DiscRep_SUB:FEATURE_LOCATION_CONFLICT::Coding region xref gene does not exist
plasmid_files/KF874497.2_results/PROKKA_06292018:CDS	hypothetical protein	KF874497.2:72995-73345	ODNFDNJK_00084

DiscRep_SUB:FEATURE_LOCATION_CONFLICT::Coding region xref gene does not exist
plasmid_files/KF874497.2_results/PROKKA_06292018:CDS	hypothetical protein	KF874497.2:73975-74328	ODNFDNJK_00085

DiscRep_SUB:FEATURE_LOCATION_CONFLICT::Coding region xref gene does not exist
plasmid_files/KF874497.2_results/PROKKA_06292018:CDS	hypothetical protein	KF874497.2:74385-74732	ODNFDNJK_00086

DiscRep_SUB:FEATURE_LOCATION_CONFLICT::Coding region xref gene does not exist
plasmid_files/KF874497.2_results/PROKKA_06292018:CDS	hypothetical protein	KF874497.2:74827-74973	ODNFDNJK_00087

DiscRep_SUB:FEATURE_LOCATION_CONFLICT::Coding region xref gene does not exist
plasmid_files/KF874497.2_results/PROKKA_06292018:CDS	hypothetical protein	KF874497.2:75024-75857	ODNFDNJK_00088

DiscRep_SUB:FEATURE_LOCATION_CONFLICT::Coding region xref gene does not exist
plasmid_files/KF874497.2_results/PROKKA_06292018:CDS	hypothetical protein	KF874497.2:76677-77498	ODNFDNJK_00089

DiscRep_SUB:FEATURE_LOCATION_CONFLICT::Coding region xref gene does not exist
plasmid_files/KF874497.2_results/PROKKA_06292018:CDS	hypothetical protein	KF874497.2:77546-77860	ODNFDNJK_00090

DiscRep_SUB:FEATURE_LOCATION_CONFLICT::Coding region xref gene does not exist
plasmid_files/KF874497.2_results/PROKKA_06292018:CDS	hypothetical protein	KF874497.2:c78378-77893	ODNFDNJK_00091

DiscRep_SUB:FEATURE_LOCATION_CONFLICT::Coding region xref gene does not exist
plasmid_files/KF874497.2_results/PROKKA_06292018:CDS	Relaxosome protein TraM	KF874497.2:78800-79198	ODNFDNJK_00092

DiscRep_SUB:FEATURE_LOCATION_CONFLICT::Coding region xref gene does not exist
plasmid_files/KF874497.2_results/PROKKA_06292018:CDS	Protein TraJ	KF874497.2:79372-80058	ODNFDNJK_00093

DiscRep_SUB:FEATURE_LOCATION_CONFLICT::Coding region xref gene does not exist
plasmid_files/KF874497.2_results/PROKKA_06292018:CDS	Relaxosome protein TraY	KF874497.2:80137-80523	ODNFDNJK_00094

DiscRep_SUB:FEATURE_LOCATION_CONFLICT::Coding region xref gene does not exist
plasmid_files/KF874497.2_results/PROKKA_06292018:CDS	Pilin	KF874497.2:80577-80945	ODNFDNJK_00095

DiscRep_SUB:FEATURE_LOCATION_CONFLICT::Coding region xref gene does not exist
plasmid_files/KF874497.2_results/PROKKA_06292018:CDS	hypothetical protein	KF874497.2:80959-81264	ODNFDNJK_00096

DiscRep_SUB:FEATURE_LOCATION_CONFLICT::Coding region xref gene does not exist
plasmid_files/KF874497.2_results/PROKKA_06292018:CDS	hypothetical protein	KF874497.2:81284-81850	ODNFDNJK_00097

DiscRep_SUB:FEATURE_LOCATION_CONFLICT::Coding region xref gene does not exist
plasmid_files/KF874497.2_results/PROKKA_06292018:CDS	hypothetical protein	KF874497.2:81837-82577	ODNFDNJK_00098

DiscRep_SUB:FEATURE_LOCATION_CONFLICT::Coding region xref gene does not exist
plasmid_files/KF874497.2_results/PROKKA_06292018:CDS	hypothetical protein	KF874497.2:82577-84001	ODNFDNJK_00099

DiscRep_SUB:FEATURE_LOCATION_CONFLICT::Coding region xref gene does not exist
plasmid_files/KF874497.2_results/PROKKA_06292018:CDS	Protein TraV	KF874497.2:84127-84699	ODNFDNJK_00100

DiscRep_SUB:FEATURE_LOCATION_CONFLICT::Coding region xref gene does not exist
plasmid_files/KF874497.2_results/PROKKA_06292018:CDS	hypothetical protein	KF874497.2:84831-85241	ODNFDNJK_00101

DiscRep_SUB:FEATURE_LOCATION_CONFLICT::Coding region xref gene does not exist
plasmid_files/KF874497.2_results/PROKKA_06292018:CDS	hypothetical protein	KF874497.2:85347-85565	ODNFDNJK_00102

DiscRep_SUB:FEATURE_LOCATION_CONFLICT::Coding region xref gene does not exist
plasmid_files/KF874497.2_results/PROKKA_06292018:CDS	hypothetical protein	KF874497.2:85566-85877	ODNFDNJK_00103

DiscRep_SUB:FEATURE_LOCATION_CONFLICT::Coding region xref gene does not exist
plasmid_files/KF874497.2_results/PROKKA_06292018:CDS	hypothetical protein	KF874497.2:86391-86780	ODNFDNJK_00104

DiscRep_SUB:FEATURE_LOCATION_CONFLICT::Coding region xref gene does not exist
plasmid_files/KF874497.2_results/PROKKA_06292018:CDS	hypothetical protein	KF874497.2:86794-87186	ODNFDNJK_00105

DiscRep_SUB:FEATURE_LOCATION_CONFLICT::Coding region xref gene does not exist
plasmid_files/KF874497.2_results/PROKKA_06292018:CDS	Protein TraC	KF874497.2:87258-89897	ODNFDNJK_00106

DiscRep_SUB:FEATURE_LOCATION_CONFLICT::Coding region xref gene does not exist
plasmid_files/KF874497.2_results/PROKKA_06292018:CDS	hypothetical protein	KF874497.2:89897-90286	ODNFDNJK_00107

DiscRep_SUB:FEATURE_LOCATION_CONFLICT::Coding region xref gene does not exist
plasmid_files/KF874497.2_results/PROKKA_06292018:CDS	hypothetical protein	KF874497.2:90286-90912	ODNFDNJK_00108

DiscRep_SUB:FEATURE_LOCATION_CONFLICT::Coding region xref gene does not exist
plasmid_files/KF874497.2_results/PROKKA_06292018:CDS	hypothetical protein	KF874497.2:90954-91343	ODNFDNJK_00109

DiscRep_SUB:FEATURE_LOCATION_CONFLICT::Coding region xref gene does not exist
plasmid_files/KF874497.2_results/PROKKA_06292018:CDS	hypothetical protein	KF874497.2:91340-92329	ODNFDNJK_00110

DiscRep_SUB:FEATURE_LOCATION_CONFLICT::Coding region xref gene does not exist
plasmid_files/KF874497.2_results/PROKKA_06292018:CDS	hypothetical protein	KF874497.2:92342-92980	ODNFDNJK_00111

DiscRep_SUB:FEATURE_LOCATION_CONFLICT::Coding region xref gene does not exist
plasmid_files/KF874497.2_results/PROKKA_06292018:CDS	hypothetical protein	KF874497.2:93039-94994	ODNFDNJK_00112

DiscRep_SUB:FEATURE_LOCATION_CONFLICT::Coding region xref gene does not exist
plasmid_files/KF874497.2_results/PROKKA_06292018:CDS	hypothetical protein	KF874497.2:95026-95280	ODNFDNJK_00113

DiscRep_SUB:FEATURE_LOCATION_CONFLICT::Coding region xref gene does not exist
plasmid_files/KF874497.2_results/PROKKA_06292018:CDS	hypothetical protein	KF874497.2:95240-95506	ODNFDNJK_00114

DiscRep_SUB:FEATURE_LOCATION_CONFLICT::Coding region xref gene does not exist
plasmid_files/KF874497.2_results/PROKKA_06292018:CDS	hypothetical protein	KF874497.2:95519-95845	ODNFDNJK_00115

DiscRep_SUB:FEATURE_LOCATION_CONFLICT::Coding region xref gene does not exist
plasmid_files/KF874497.2_results/PROKKA_06292018:CDS	hypothetical protein	KF874497.2:95866-96618	ODNFDNJK_00116

DiscRep_SUB:FEATURE_LOCATION_CONFLICT::Coding region xref gene does not exist
plasmid_files/KF874497.2_results/PROKKA_06292018:CDS	Protein TraQ	KF874497.2:96629-96868	ODNFDNJK_00117

DiscRep_SUB:FEATURE_LOCATION_CONFLICT::Coding region xref gene does not exist
plasmid_files/KF874497.2_results/PROKKA_06292018:CDS	hypothetical protein	KF874497.2:96840-97397	ODNFDNJK_00118

DiscRep_SUB:FEATURE_LOCATION_CONFLICT::Coding region xref gene does not exist
plasmid_files/KF874497.2_results/PROKKA_06292018:CDS	hypothetical protein	KF874497.2:97443-97886	ODNFDNJK_00119

DiscRep_SUB:FEATURE_LOCATION_CONFLICT::Coding region xref gene does not exist
plasmid_files/KF874497.2_results/PROKKA_06292018:CDS	hypothetical protein	KF874497.2:97876-99243	ODNFDNJK_00120

DiscRep_SUB:FEATURE_LOCATION_CONFLICT::Coding region xref gene does not exist
plasmid_files/KF874497.2_results/PROKKA_06292018:CDS	hypothetical protein	KF874497.2:99243-102092	ODNFDNJK_00121

DiscRep_SUB:FEATURE_LOCATION_CONFLICT::Coding region xref gene does not exist
plasmid_files/KF874497.2_results/PROKKA_06292018:CDS	Protein TraS	KF874497.2:102105-102653	ODNFDNJK_00122

DiscRep_SUB:FEATURE_LOCATION_CONFLICT::Coding region xref gene does not exist
plasmid_files/KF874497.2_results/PROKKA_06292018:CDS	Lipoprotein YlpA	KF874497.2:102837-103568	ODNFDNJK_00123

DiscRep_SUB:FEATURE_LOCATION_CONFLICT::Coding region xref gene does not exist
plasmid_files/KF874497.2_results/PROKKA_06292018:CDS	hypothetical protein	KF874497.2:103760-104449	ODNFDNJK_00124

DiscRep_SUB:FEATURE_LOCATION_CONFLICT::Coding region xref gene does not exist
plasmid_files/KF874497.2_results/PROKKA_06292018:CDS	Coupling protein TraD	KF874497.2:104578-106890	ODNFDNJK_00125

DiscRep_SUB:FEATURE_LOCATION_CONFLICT::Coding region xref gene does not exist
plasmid_files/KF874497.2_results/PROKKA_06292018:CDS	Multifunctional conjugation protein TraI	KF874497.2:106890-112151	ODNFDNJK_00126

DiscRep_SUB:FEATURE_LOCATION_CONFLICT::Coding region xref gene does not exist
plasmid_files/KF874497.2_results/PROKKA_06292018:CDS	hypothetical protein	KF874497.2:112232-112957	ODNFDNJK_00127

DiscRep_SUB:FEATURE_LOCATION_CONFLICT::Coding region xref gene does not exist
plasmid_files/KF874497.2_results/PROKKA_06292018:CDS	Fertility inhibition protein	KF874497.2:113029-113622	ODNFDNJK_00128

DiscRep_ALL:SUSPECT_PRODUCT_NAMES::1 product_names contain suspect phrase or characters
DiscRep_SUB:SUSPECT_PRODUCT_NAMES::May contain database identifier more appropriate in note; remove from product name
DiscRep_SUB:SUSPECT_PRODUCT_NAMES::1 features Three or more numbers together
plasmid_files/KF874497.2_results/PROKKA_06292018:CDS	Putative transposon Tn552 DNA-invertase bin3	KF874497.2:c22544-21924	ODNFDNJK_00023

DiscRep_ALL:DISC_QUALITY_SCORES::Quality scores are missing on all sequences.

DiscRep_ALL:ONCALLER_COMMENT_PRESENT::1 comment descriptors were found (all same)
plasmid_files/KF874497.2_results/PROKKA_06292018:KF874497.2:Annotated using prokka 1.14-dev from https://github.com/tseemann/prokka

DiscRep_ALL:SHORT_PROT_SEQUENCES::2 protein sequences are shorter than 50 aa.
plasmid_files/KF874497.2_results/PROKKA_06292018:KF874497.2_21 (length 38)
plasmid_files/KF874497.2_results/PROKKA_06292018:KF874497.2_87 (length 48)

DiscRep_ALL:MISSING_GENOMEASSEMBLY_COMMENTS::1 bioseqs are missing GenomeAssembly structured comments
plasmid_files/KF874497.2_results/PROKKA_06292018:KF874497.2 (length 113622)

DiscRep_ALL:MOLTYPE_NOT_MRNA::1 molecule types are not set as mRNA.
plasmid_files/KF874497.2_results/PROKKA_06292018:KF874497.2 (length 113622)

DiscRep_ALL:TECHNIQUE_NOT_TSA::1 technique are not set as TSA
plasmid_files/KF874497.2_results/PROKKA_06292018:KF874497.2 (length 113622)

DiscRep_ALL:MISSING_STRUCTURED_COMMENT::1 sequences do not include structured comments.
plasmid_files/KF874497.2_results/PROKKA_06292018:KF874497.2 (length 113622)

DiscRep_ALL:MISSING_PROJECT::129 sequences do not include project.
plasmid_files/KF874497.2_results/PROKKA_06292018:KF874497.2 (length 113622)
plasmid_files/KF874497.2_results/PROKKA_06292018:KF874497.2_1 (length 73)
plasmid_files/KF874497.2_results/PROKKA_06292018:KF874497.2_2 (length 214)
plasmid_files/KF874497.2_results/PROKKA_06292018:KF874497.2_3 (length 216)
plasmid_files/KF874497.2_results/PROKKA_06292018:KF874497.2_4 (length 102)
plasmid_files/KF874497.2_results/PROKKA_06292018:KF874497.2_5 (length 186)
plasmid_files/KF874497.2_results/PROKKA_06292018:KF874497.2_6 (length 285)
plasmid_files/KF874497.2_results/PROKKA_06292018:KF874497.2_7 (length 187)
plasmid_files/KF874497.2_results/PROKKA_06292018:KF874497.2_8 (length 203)
plasmid_files/KF874497.2_results/PROKKA_06292018:KF874497.2_9 (length 330)
plasmid_files/KF874497.2_results/PROKKA_06292018:KF874497.2_10 (length 51)
plasmid_files/KF874497.2_results/PROKKA_06292018:KF874497.2_11 (length 571)
plasmid_files/KF874497.2_results/PROKKA_06292018:KF874497.2_12 (length 1009)
plasmid_files/KF874497.2_results/PROKKA_06292018:KF874497.2_13 (length 341)
plasmid_files/KF874497.2_results/PROKKA_06292018:KF874497.2_14 (length 259)
plasmid_files/KF874497.2_results/PROKKA_06292018:KF874497.2_15 (length 79)
plasmid_files/KF874497.2_results/PROKKA_06292018:KF874497.2_16 (length 293)
plasmid_files/KF874497.2_results/PROKKA_06292018:KF874497.2_17 (length 439)
plasmid_files/KF874497.2_results/PROKKA_06292018:KF874497.2_18 (length 394)
plasmid_files/KF874497.2_results/PROKKA_06292018:KF874497.2_19 (length 70)
plasmid_files/KF874497.2_results/PROKKA_06292018:KF874497.2_20 (length 119)
plasmid_files/KF874497.2_results/PROKKA_06292018:KF874497.2_21 (length 38)
plasmid_files/KF874497.2_results/PROKKA_06292018:KF874497.2_22 (length 136)
plasmid_files/KF874497.2_results/PROKKA_06292018:KF874497.2_23 (length 206)
plasmid_files/KF874497.2_results/PROKKA_06292018:KF874497.2_24 (length 965)
plasmid_files/KF874497.2_results/PROKKA_06292018:KF874497.2_25 (length 234)
plasmid_files/KF874497.2_results/PROKKA_06292018:KF874497.2_26 (length 111)
plasmid_files/KF874497.2_results/PROKKA_06292018:KF874497.2_27 (length 119)
plasmid_files/KF874497.2_results/PROKKA_06292018:KF874497.2_28 (length 286)
plasmid_files/KF874497.2_results/PROKKA_06292018:KF874497.2_29 (length 136)
plasmid_files/KF874497.2_results/PROKKA_06292018:KF874497.2_30 (length 416)
plasmid_files/KF874497.2_results/PROKKA_06292018:KF874497.2_31 (length 235)
plasmid_files/KF874497.2_results/PROKKA_06292018:KF874497.2_32 (length 78)
plasmid_files/KF874497.2_results/PROKKA_06292018:KF874497.2_33 (length 120)
plasmid_files/KF874497.2_results/PROKKA_06292018:KF874497.2_34 (length 564)
plasmid_files/KF874497.2_results/PROKKA_06292018:KF874497.2_35 (length 140)
plasmid_files/KF874497.2_results/PROKKA_06292018:KF874497.2_36 (length 125)
plasmid_files/KF874497.2_results/PROKKA_06292018:KF874497.2_37 (length 91)
plasmid_files/KF874497.2_results/PROKKA_06292018:KF874497.2_38 (length 236)
plasmid_files/KF874497.2_results/PROKKA_06292018:KF874497.2_39 (length 138)
plasmid_files/KF874497.2_results/PROKKA_06292018:KF874497.2_40 (length 76)
plasmid_files/KF874497.2_results/PROKKA_06292018:KF874497.2_41 (length 83)
plasmid_files/KF874497.2_results/PROKKA_06292018:KF874497.2_42 (length 102)
plasmid_files/KF874497.2_results/PROKKA_06292018:KF874497.2_43 (length 109)
plasmid_files/KF874497.2_results/PROKKA_06292018:KF874497.2_44 (length 132)
plasmid_files/KF874497.2_results/PROKKA_06292018:KF874497.2_45 (length 110)
plasmid_files/KF874497.2_results/PROKKA_06292018:KF874497.2_46 (length 260)
plasmid_files/KF874497.2_results/PROKKA_06292018:KF874497.2_47 (length 82)
plasmid_files/KF874497.2_results/PROKKA_06292018:KF874497.2_48 (length 157)
plasmid_files/KF874497.2_results/PROKKA_06292018:KF874497.2_49 (length 422)
plasmid_files/KF874497.2_results/PROKKA_06292018:KF874497.2_50 (length 1085)
plasmid_files/KF874497.2_results/PROKKA_06292018:KF874497.2_51 (length 438)
plasmid_files/KF874497.2_results/PROKKA_06292018:KF874497.2_52 (length 675)
plasmid_files/KF874497.2_results/PROKKA_06292018:KF874497.2_53 (length 57)
plasmid_files/KF874497.2_results/PROKKA_06292018:KF874497.2_54 (length 110)
plasmid_files/KF874497.2_results/PROKKA_06292018:KF874497.2_55 (length 324)
plasmid_files/KF874497.2_results/PROKKA_06292018:KF874497.2_56 (length 401)
plasmid_files/KF874497.2_results/PROKKA_06292018:KF874497.2_57 (length 298)
plasmid_files/KF874497.2_results/PROKKA_06292018:KF874497.2_58 (length 423)
plasmid_files/KF874497.2_results/PROKKA_06292018:KF874497.2_59 (length 143)
plasmid_files/KF874497.2_results/PROKKA_06292018:KF874497.2_60 (length 323)
plasmid_files/KF874497.2_results/PROKKA_06292018:KF874497.2_61 (length 223)
plasmid_files/KF874497.2_results/PROKKA_06292018:KF874497.2_62 (length 76)
plasmid_files/KF874497.2_results/PROKKA_06292018:KF874497.2_63 (length 233)
plasmid_files/KF874497.2_results/PROKKA_06292018:KF874497.2_64 (length 73)
plasmid_files/KF874497.2_results/PROKKA_06292018:KF874497.2_65 (length 139)
plasmid_files/KF874497.2_results/PROKKA_06292018:KF874497.2_66 (length 255)
plasmid_files/KF874497.2_results/PROKKA_06292018:KF874497.2_67 (length 142)
plasmid_files/KF874497.2_results/PROKKA_06292018:KF874497.2_68 (length 168)
plasmid_files/KF874497.2_results/PROKKA_06292018:KF874497.2_69 (length 63)
plasmid_files/KF874497.2_results/PROKKA_06292018:KF874497.2_70 (length 84)
plasmid_files/KF874497.2_results/PROKKA_06292018:KF874497.2_71 (length 105)
plasmid_files/KF874497.2_results/PROKKA_06292018:KF874497.2_72 (length 75)
plasmid_files/KF874497.2_results/PROKKA_06292018:KF874497.2_73 (length 76)
plasmid_files/KF874497.2_results/PROKKA_06292018:KF874497.2_74 (length 451)
plasmid_files/KF874497.2_results/PROKKA_06292018:KF874497.2_75 (length 187)
plasmid_files/KF874497.2_results/PROKKA_06292018:KF874497.2_76 (length 106)
plasmid_files/KF874497.2_results/PROKKA_06292018:KF874497.2_77 (length 170)
plasmid_files/KF874497.2_results/PROKKA_06292018:KF874497.2_78 (length 80)
plasmid_files/KF874497.2_results/PROKKA_06292018:KF874497.2_79 (length 669)
plasmid_files/KF874497.2_results/PROKKA_06292018:KF874497.2_80 (length 143)
plasmid_files/KF874497.2_results/PROKKA_06292018:KF874497.2_81 (length 240)
plasmid_files/KF874497.2_results/PROKKA_06292018:KF874497.2_82 (length 118)
plasmid_files/KF874497.2_results/PROKKA_06292018:KF874497.2_83 (length 90)
plasmid_files/KF874497.2_results/PROKKA_06292018:KF874497.2_84 (length 116)
plasmid_files/KF874497.2_results/PROKKA_06292018:KF874497.2_85 (length 117)
plasmid_files/KF874497.2_results/PROKKA_06292018:KF874497.2_86 (length 115)
plasmid_files/KF874497.2_results/PROKKA_06292018:KF874497.2_87 (length 48)
plasmid_files/KF874497.2_results/PROKKA_06292018:KF874497.2_88 (length 277)
plasmid_files/KF874497.2_results/PROKKA_06292018:KF874497.2_89 (length 273)
plasmid_files/KF874497.2_results/PROKKA_06292018:KF874497.2_90 (length 104)
plasmid_files/KF874497.2_results/PROKKA_06292018:KF874497.2_91 (length 161)
plasmid_files/KF874497.2_results/PROKKA_06292018:KF874497.2_92 (length 132)
plasmid_files/KF874497.2_results/PROKKA_06292018:KF874497.2_93 (length 228)
plasmid_files/KF874497.2_results/PROKKA_06292018:KF874497.2_94 (length 128)
plasmid_files/KF874497.2_results/PROKKA_06292018:KF874497.2_95 (length 122)
plasmid_files/KF874497.2_results/PROKKA_06292018:KF874497.2_96 (length 101)
plasmid_files/KF874497.2_results/PROKKA_06292018:KF874497.2_97 (length 188)
plasmid_files/KF874497.2_results/PROKKA_06292018:KF874497.2_98 (length 246)
plasmid_files/KF874497.2_results/PROKKA_06292018:KF874497.2_99 (length 474)
plasmid_files/KF874497.2_results/PROKKA_06292018:KF874497.2_100 (length 190)
plasmid_files/KF874497.2_results/PROKKA_06292018:KF874497.2_101 (length 136)
plasmid_files/KF874497.2_results/PROKKA_06292018:KF874497.2_102 (length 72)
plasmid_files/KF874497.2_results/PROKKA_06292018:KF874497.2_103 (length 103)
plasmid_files/KF874497.2_results/PROKKA_06292018:KF874497.2_104 (length 129)
plasmid_files/KF874497.2_results/PROKKA_06292018:KF874497.2_105 (length 130)
plasmid_files/KF874497.2_results/PROKKA_06292018:KF874497.2_106 (length 879)
plasmid_files/KF874497.2_results/PROKKA_06292018:KF874497.2_107 (length 129)
plasmid_files/KF874497.2_results/PROKKA_06292018:KF874497.2_108 (length 208)
plasmid_files/KF874497.2_results/PROKKA_06292018:KF874497.2_109 (length 129)
plasmid_files/KF874497.2_results/PROKKA_06292018:KF874497.2_110 (length 329)
plasmid_files/KF874497.2_results/PROKKA_06292018:KF874497.2_111 (length 212)
plasmid_files/KF874497.2_results/PROKKA_06292018:KF874497.2_112 (length 651)
plasmid_files/KF874497.2_results/PROKKA_06292018:KF874497.2_113 (length 84)
plasmid_files/KF874497.2_results/PROKKA_06292018:KF874497.2_114 (length 88)
plasmid_files/KF874497.2_results/PROKKA_06292018:KF874497.2_115 (length 108)
plasmid_files/KF874497.2_results/PROKKA_06292018:KF874497.2_116 (length 250)
plasmid_files/KF874497.2_results/PROKKA_06292018:KF874497.2_117 (length 79)
plasmid_files/KF874497.2_results/PROKKA_06292018:KF874497.2_118 (length 185)
plasmid_files/KF874497.2_results/PROKKA_06292018:KF874497.2_119 (length 147)
plasmid_files/KF874497.2_results/PROKKA_06292018:KF874497.2_120 (length 455)
plasmid_files/KF874497.2_results/PROKKA_06292018:KF874497.2_121 (length 949)
plasmid_files/KF874497.2_results/PROKKA_06292018:KF874497.2_122 (length 182)
plasmid_files/KF874497.2_results/PROKKA_06292018:KF874497.2_123 (length 243)
plasmid_files/KF874497.2_results/PROKKA_06292018:KF874497.2_124 (length 229)
plasmid_files/KF874497.2_results/PROKKA_06292018:KF874497.2_125 (length 770)
plasmid_files/KF874497.2_results/PROKKA_06292018:KF874497.2_126 (length 1753)
plasmid_files/KF874497.2_results/PROKKA_06292018:KF874497.2_127 (length 241)
plasmid_files/KF874497.2_results/PROKKA_06292018:KF874497.2_128 (length 197)

DiscRep_ALL:DISC_INCONSISTENT_MOLINFO_TECH::Molinfo Technique Report (some missing, all same)
DiscRep_SUB:DISC_INCONSISTENT_MOLINFO_TECH::technique (all missing)
DiscRep_SUB:DISC_INCONSISTENT_MOLINFO_TECH::1 Molinfos are missing field technique
plasmid_files/KF874497.2_results/PROKKA_06292018:KF874497.2 (length 113622)

