Discrepancy Report Results

Summary
FATAL: MISSING_PROTEIN_ID:223 proteins have invalid IDs.
DISC_SOURCE_QUALS_ASNDISC:strain (all present, all unique)
DISC_SOURCE_QUALS_ASNDISC:taxname (all present, all unique)
DISC_FEATURE_COUNT:CDS: 223 present
DISC_FEATURE_COUNT:tRNA: 1 present
DISC_COUNT_NUCLEOTIDES:1 nucleotide Bioseqs are present
FEATURE_LOCATION_CONFLICT:224 features have inconsistent gene locations.
SUSPECT_PRODUCT_NAMES:3 product_names contain suspect phrase or characters
	May contain database identifier more appropriate in note; remove from product name
		3 features Three or more numbers together
DISC_QUALITY_SCORES:Quality scores are missing on all sequences.
ONCALLER_COMMENT_PRESENT:1 comment descriptors were found (all same)
SHORT_PROT_SEQUENCES:6 protein sequences are shorter than 50 aa.
MISSING_GENOMEASSEMBLY_COMMENTS:1 bioseqs are missing GenomeAssembly structured comments
MOLTYPE_NOT_MRNA:1 molecule types are not set as mRNA.
TECHNIQUE_NOT_TSA:1 technique are not set as TSA
MISSING_STRUCTURED_COMMENT:1 sequences do not include structured comments.
MISSING_PROJECT:224 sequences do not include project.
DISC_INCONSISTENT_MOLINFO_TECH:Molinfo Technique Report (some missing, all same)


Detailed Report

FATAL: DiscRep_ALL:MISSING_PROTEIN_ID::223 proteins have invalid IDs.
plasmid_files/CP025952.1_results/PROKKA_06292018:CP025952.1_1 (length 157)
plasmid_files/CP025952.1_results/PROKKA_06292018:CP025952.1_2 (length 98)
plasmid_files/CP025952.1_results/PROKKA_06292018:CP025952.1_3 (length 51)
plasmid_files/CP025952.1_results/PROKKA_06292018:CP025952.1_4 (length 140)
plasmid_files/CP025952.1_results/PROKKA_06292018:CP025952.1_5 (length 92)
plasmid_files/CP025952.1_results/PROKKA_06292018:CP025952.1_6 (length 165)
plasmid_files/CP025952.1_results/PROKKA_06292018:CP025952.1_7 (length 234)
plasmid_files/CP025952.1_results/PROKKA_06292018:CP025952.1_8 (length 1711)
plasmid_files/CP025952.1_results/PROKKA_06292018:CP025952.1_9 (length 738)
plasmid_files/CP025952.1_results/PROKKA_06292018:CP025952.1_10 (length 245)
plasmid_files/CP025952.1_results/PROKKA_06292018:CP025952.1_11 (length 244)
plasmid_files/CP025952.1_results/PROKKA_06292018:CP025952.1_12 (length 173)
plasmid_files/CP025952.1_results/PROKKA_06292018:CP025952.1_13 (length 938)
plasmid_files/CP025952.1_results/PROKKA_06292018:CP025952.1_14 (length 130)
plasmid_files/CP025952.1_results/PROKKA_06292018:CP025952.1_15 (length 104)
plasmid_files/CP025952.1_results/PROKKA_06292018:CP025952.1_16 (length 181)
plasmid_files/CP025952.1_results/PROKKA_06292018:CP025952.1_17 (length 93)
plasmid_files/CP025952.1_results/PROKKA_06292018:CP025952.1_18 (length 247)
plasmid_files/CP025952.1_results/PROKKA_06292018:CP025952.1_19 (length 86)
plasmid_files/CP025952.1_results/PROKKA_06292018:CP025952.1_20 (length 616)
plasmid_files/CP025952.1_results/PROKKA_06292018:CP025952.1_21 (length 140)
plasmid_files/CP025952.1_results/PROKKA_06292018:CP025952.1_22 (length 123)
plasmid_files/CP025952.1_results/PROKKA_06292018:CP025952.1_23 (length 212)
plasmid_files/CP025952.1_results/PROKKA_06292018:CP025952.1_24 (length 173)
plasmid_files/CP025952.1_results/PROKKA_06292018:CP025952.1_25 (length 102)
plasmid_files/CP025952.1_results/PROKKA_06292018:CP025952.1_26 (length 330)
plasmid_files/CP025952.1_results/PROKKA_06292018:CP025952.1_27 (length 210)
plasmid_files/CP025952.1_results/PROKKA_06292018:CP025952.1_28 (length 128)
plasmid_files/CP025952.1_results/PROKKA_06292018:CP025952.1_29 (length 93)
plasmid_files/CP025952.1_results/PROKKA_06292018:CP025952.1_30 (length 234)
plasmid_files/CP025952.1_results/PROKKA_06292018:CP025952.1_31 (length 124)
plasmid_files/CP025952.1_results/PROKKA_06292018:CP025952.1_32 (length 119)
plasmid_files/CP025952.1_results/PROKKA_06292018:CP025952.1_33 (length 107)
plasmid_files/CP025952.1_results/PROKKA_06292018:CP025952.1_34 (length 242)
plasmid_files/CP025952.1_results/PROKKA_06292018:CP025952.1_35 (length 143)
plasmid_files/CP025952.1_results/PROKKA_06292018:CP025952.1_36 (length 432)
plasmid_files/CP025952.1_results/PROKKA_06292018:CP025952.1_37 (length 220)
plasmid_files/CP025952.1_results/PROKKA_06292018:CP025952.1_38 (length 76)
plasmid_files/CP025952.1_results/PROKKA_06292018:CP025952.1_39 (length 100)
plasmid_files/CP025952.1_results/PROKKA_06292018:CP025952.1_40 (length 37)
plasmid_files/CP025952.1_results/PROKKA_06292018:CP025952.1_41 (length 50)
plasmid_files/CP025952.1_results/PROKKA_06292018:CP025952.1_42 (length 86)
plasmid_files/CP025952.1_results/PROKKA_06292018:CP025952.1_43 (length 78)
plasmid_files/CP025952.1_results/PROKKA_06292018:CP025952.1_44 (length 63)
plasmid_files/CP025952.1_results/PROKKA_06292018:CP025952.1_45 (length 168)
plasmid_files/CP025952.1_results/PROKKA_06292018:CP025952.1_46 (length 259)
plasmid_files/CP025952.1_results/PROKKA_06292018:CP025952.1_47 (length 139)
plasmid_files/CP025952.1_results/PROKKA_06292018:CP025952.1_48 (length 73)
plasmid_files/CP025952.1_results/PROKKA_06292018:CP025952.1_49 (length 225)
plasmid_files/CP025952.1_results/PROKKA_06292018:CP025952.1_50 (length 223)
plasmid_files/CP025952.1_results/PROKKA_06292018:CP025952.1_51 (length 140)
plasmid_files/CP025952.1_results/PROKKA_06292018:CP025952.1_52 (length 423)
plasmid_files/CP025952.1_results/PROKKA_06292018:CP025952.1_53 (length 323)
plasmid_files/CP025952.1_results/PROKKA_06292018:CP025952.1_54 (length 401)
plasmid_files/CP025952.1_results/PROKKA_06292018:CP025952.1_55 (length 210)
plasmid_files/CP025952.1_results/PROKKA_06292018:CP025952.1_56 (length 66)
plasmid_files/CP025952.1_results/PROKKA_06292018:CP025952.1_57 (length 316)
plasmid_files/CP025952.1_results/PROKKA_06292018:CP025952.1_58 (length 203)
plasmid_files/CP025952.1_results/PROKKA_06292018:CP025952.1_59 (length 131)
plasmid_files/CP025952.1_results/PROKKA_06292018:CP025952.1_60 (length 326)
plasmid_files/CP025952.1_results/PROKKA_06292018:CP025952.1_61 (length 136)
plasmid_files/CP025952.1_results/PROKKA_06292018:CP025952.1_62 (length 42)
plasmid_files/CP025952.1_results/PROKKA_06292018:CP025952.1_63 (length 187)
plasmid_files/CP025952.1_results/PROKKA_06292018:CP025952.1_64 (length 234)
plasmid_files/CP025952.1_results/PROKKA_06292018:CP025952.1_65 (length 213)
plasmid_files/CP025952.1_results/PROKKA_06292018:CP025952.1_66 (length 166)
plasmid_files/CP025952.1_results/PROKKA_06292018:CP025952.1_67 (length 234)
plasmid_files/CP025952.1_results/PROKKA_06292018:CP025952.1_68 (length 115)
plasmid_files/CP025952.1_results/PROKKA_06292018:CP025952.1_69 (length 245)
plasmid_files/CP025952.1_results/PROKKA_06292018:CP025952.1_70 (length 127)
plasmid_files/CP025952.1_results/PROKKA_06292018:CP025952.1_71 (length 161)
plasmid_files/CP025952.1_results/PROKKA_06292018:CP025952.1_72 (length 104)
plasmid_files/CP025952.1_results/PROKKA_06292018:CP025952.1_73 (length 273)
plasmid_files/CP025952.1_results/PROKKA_06292018:CP025952.1_74 (length 35)
plasmid_files/CP025952.1_results/PROKKA_06292018:CP025952.1_75 (length 92)
plasmid_files/CP025952.1_results/PROKKA_06292018:CP025952.1_76 (length 106)
plasmid_files/CP025952.1_results/PROKKA_06292018:CP025952.1_77 (length 74)
plasmid_files/CP025952.1_results/PROKKA_06292018:CP025952.1_78 (length 70)
plasmid_files/CP025952.1_results/PROKKA_06292018:CP025952.1_79 (length 118)
plasmid_files/CP025952.1_results/PROKKA_06292018:CP025952.1_80 (length 234)
plasmid_files/CP025952.1_results/PROKKA_06292018:CP025952.1_81 (length 93)
plasmid_files/CP025952.1_results/PROKKA_06292018:CP025952.1_82 (length 117)
plasmid_files/CP025952.1_results/PROKKA_06292018:CP025952.1_83 (length 320)
plasmid_files/CP025952.1_results/PROKKA_06292018:CP025952.1_84 (length 227)
plasmid_files/CP025952.1_results/PROKKA_06292018:CP025952.1_85 (length 73)
plasmid_files/CP025952.1_results/PROKKA_06292018:CP025952.1_86 (length 144)
plasmid_files/CP025952.1_results/PROKKA_06292018:CP025952.1_87 (length 275)
plasmid_files/CP025952.1_results/PROKKA_06292018:CP025952.1_88 (length 141)
plasmid_files/CP025952.1_results/PROKKA_06292018:CP025952.1_89 (length 140)
plasmid_files/CP025952.1_results/PROKKA_06292018:CP025952.1_90 (length 63)
plasmid_files/CP025952.1_results/PROKKA_06292018:CP025952.1_91 (length 555)
plasmid_files/CP025952.1_results/PROKKA_06292018:CP025952.1_92 (length 85)
plasmid_files/CP025952.1_results/PROKKA_06292018:CP025952.1_93 (length 76)
plasmid_files/CP025952.1_results/PROKKA_06292018:CP025952.1_94 (length 453)
plasmid_files/CP025952.1_results/PROKKA_06292018:CP025952.1_95 (length 187)
plasmid_files/CP025952.1_results/PROKKA_06292018:CP025952.1_96 (length 151)
plasmid_files/CP025952.1_results/PROKKA_06292018:CP025952.1_97 (length 175)
plasmid_files/CP025952.1_results/PROKKA_06292018:CP025952.1_98 (length 77)
plasmid_files/CP025952.1_results/PROKKA_06292018:CP025952.1_99 (length 473)
plasmid_files/CP025952.1_results/PROKKA_06292018:CP025952.1_100 (length 191)
plasmid_files/CP025952.1_results/PROKKA_06292018:CP025952.1_101 (length 144)
plasmid_files/CP025952.1_results/PROKKA_06292018:CP025952.1_102 (length 239)
plasmid_files/CP025952.1_results/PROKKA_06292018:CP025952.1_103 (length 71)
plasmid_files/CP025952.1_results/PROKKA_06292018:CP025952.1_104 (length 125)
plasmid_files/CP025952.1_results/PROKKA_06292018:CP025952.1_105 (length 98)
plasmid_files/CP025952.1_results/PROKKA_06292018:CP025952.1_106 (length 273)
plasmid_files/CP025952.1_results/PROKKA_06292018:CP025952.1_107 (length 215)
plasmid_files/CP025952.1_results/PROKKA_06292018:CP025952.1_108 (length 127)
plasmid_files/CP025952.1_results/PROKKA_06292018:CP025952.1_109 (length 228)
plasmid_files/CP025952.1_results/PROKKA_06292018:CP025952.1_110 (length 75)
plasmid_files/CP025952.1_results/PROKKA_06292018:CP025952.1_111 (length 121)
plasmid_files/CP025952.1_results/PROKKA_06292018:CP025952.1_112 (length 103)
plasmid_files/CP025952.1_results/PROKKA_06292018:CP025952.1_113 (length 188)
plasmid_files/CP025952.1_results/PROKKA_06292018:CP025952.1_114 (length 242)
plasmid_files/CP025952.1_results/PROKKA_06292018:CP025952.1_115 (length 475)
plasmid_files/CP025952.1_results/PROKKA_06292018:CP025952.1_116 (length 196)
plasmid_files/CP025952.1_results/PROKKA_06292018:CP025952.1_117 (length 65)
plasmid_files/CP025952.1_results/PROKKA_06292018:CP025952.1_118 (length 83)
plasmid_files/CP025952.1_results/PROKKA_06292018:CP025952.1_119 (length 171)
plasmid_files/CP025952.1_results/PROKKA_06292018:CP025952.1_120 (length 73)
plasmid_files/CP025952.1_results/PROKKA_06292018:CP025952.1_121 (length 598)
plasmid_files/CP025952.1_results/PROKKA_06292018:CP025952.1_122 (length 234)
plasmid_files/CP025952.1_results/PROKKA_06292018:CP025952.1_123 (length 245)
plasmid_files/CP025952.1_results/PROKKA_06292018:CP025952.1_124 (length 74)
plasmid_files/CP025952.1_results/PROKKA_06292018:CP025952.1_125 (length 58)
plasmid_files/CP025952.1_results/PROKKA_06292018:CP025952.1_126 (length 334)
plasmid_files/CP025952.1_results/PROKKA_06292018:CP025952.1_127 (length 988)
plasmid_files/CP025952.1_results/PROKKA_06292018:CP025952.1_128 (length 234)
plasmid_files/CP025952.1_results/PROKKA_06292018:CP025952.1_129 (length 248)
plasmid_files/CP025952.1_results/PROKKA_06292018:CP025952.1_130 (length 186)
plasmid_files/CP025952.1_results/PROKKA_06292018:CP025952.1_131 (length 66)
plasmid_files/CP025952.1_results/PROKKA_06292018:CP025952.1_132 (length 199)
plasmid_files/CP025952.1_results/PROKKA_06292018:CP025952.1_133 (length 110)
plasmid_files/CP025952.1_results/PROKKA_06292018:CP025952.1_134 (length 49)
plasmid_files/CP025952.1_results/PROKKA_06292018:CP025952.1_135 (length 82)
plasmid_files/CP025952.1_results/PROKKA_06292018:CP025952.1_136 (length 285)
plasmid_files/CP025952.1_results/PROKKA_06292018:CP025952.1_137 (length 217)
plasmid_files/CP025952.1_results/PROKKA_06292018:CP025952.1_138 (length 85)
plasmid_files/CP025952.1_results/PROKKA_06292018:CP025952.1_139 (length 110)
plasmid_files/CP025952.1_results/PROKKA_06292018:CP025952.1_140 (length 71)
plasmid_files/CP025952.1_results/PROKKA_06292018:CP025952.1_141 (length 177)
plasmid_files/CP025952.1_results/PROKKA_06292018:CP025952.1_142 (length 234)
plasmid_files/CP025952.1_results/PROKKA_06292018:CP025952.1_143 (length 40)
plasmid_files/CP025952.1_results/PROKKA_06292018:CP025952.1_144 (length 291)
plasmid_files/CP025952.1_results/PROKKA_06292018:CP025952.1_145 (length 322)
plasmid_files/CP025952.1_results/PROKKA_06292018:CP025952.1_146 (length 341)
plasmid_files/CP025952.1_results/PROKKA_06292018:CP025952.1_147 (length 149)
plasmid_files/CP025952.1_results/PROKKA_06292018:CP025952.1_148 (length 234)
plasmid_files/CP025952.1_results/PROKKA_06292018:CP025952.1_149 (length 191)
plasmid_files/CP025952.1_results/PROKKA_06292018:CP025952.1_150 (length 234)
plasmid_files/CP025952.1_results/PROKKA_06292018:CP025952.1_151 (length 172)
plasmid_files/CP025952.1_results/PROKKA_06292018:CP025952.1_152 (length 138)
plasmid_files/CP025952.1_results/PROKKA_06292018:CP025952.1_153 (length 234)
plasmid_files/CP025952.1_results/PROKKA_06292018:CP025952.1_154 (length 240)
plasmid_files/CP025952.1_results/PROKKA_06292018:CP025952.1_155 (length 62)
plasmid_files/CP025952.1_results/PROKKA_06292018:CP025952.1_156 (length 171)
plasmid_files/CP025952.1_results/PROKKA_06292018:CP025952.1_157 (length 286)
plasmid_files/CP025952.1_results/PROKKA_06292018:CP025952.1_158 (length 251)
plasmid_files/CP025952.1_results/PROKKA_06292018:CP025952.1_159 (length 93)
plasmid_files/CP025952.1_results/PROKKA_06292018:CP025952.1_160 (length 234)
plasmid_files/CP025952.1_results/PROKKA_06292018:CP025952.1_161 (length 105)
plasmid_files/CP025952.1_results/PROKKA_06292018:CP025952.1_162 (length 116)
plasmid_files/CP025952.1_results/PROKKA_06292018:CP025952.1_163 (length 90)
plasmid_files/CP025952.1_results/PROKKA_06292018:CP025952.1_164 (length 50)
plasmid_files/CP025952.1_results/PROKKA_06292018:CP025952.1_165 (length 124)
plasmid_files/CP025952.1_results/PROKKA_06292018:CP025952.1_166 (length 108)
plasmid_files/CP025952.1_results/PROKKA_06292018:CP025952.1_167 (length 242)
plasmid_files/CP025952.1_results/PROKKA_06292018:CP025952.1_168 (length 143)
plasmid_files/CP025952.1_results/PROKKA_06292018:CP025952.1_169 (length 685)
plasmid_files/CP025952.1_results/PROKKA_06292018:CP025952.1_170 (length 82)
plasmid_files/CP025952.1_results/PROKKA_06292018:CP025952.1_171 (length 180)
plasmid_files/CP025952.1_results/PROKKA_06292018:CP025952.1_172 (length 109)
plasmid_files/CP025952.1_results/PROKKA_06292018:CP025952.1_173 (length 187)
plasmid_files/CP025952.1_results/PROKKA_06292018:CP025952.1_174 (length 451)
plasmid_files/CP025952.1_results/PROKKA_06292018:CP025952.1_175 (length 76)
plasmid_files/CP025952.1_results/PROKKA_06292018:CP025952.1_176 (length 75)
plasmid_files/CP025952.1_results/PROKKA_06292018:CP025952.1_177 (length 106)
plasmid_files/CP025952.1_results/PROKKA_06292018:CP025952.1_178 (length 84)
plasmid_files/CP025952.1_results/PROKKA_06292018:CP025952.1_179 (length 63)
plasmid_files/CP025952.1_results/PROKKA_06292018:CP025952.1_180 (length 168)
plasmid_files/CP025952.1_results/PROKKA_06292018:CP025952.1_181 (length 142)
plasmid_files/CP025952.1_results/PROKKA_06292018:CP025952.1_182 (length 255)
plasmid_files/CP025952.1_results/PROKKA_06292018:CP025952.1_183 (length 139)
plasmid_files/CP025952.1_results/PROKKA_06292018:CP025952.1_184 (length 73)
plasmid_files/CP025952.1_results/PROKKA_06292018:CP025952.1_185 (length 233)
plasmid_files/CP025952.1_results/PROKKA_06292018:CP025952.1_186 (length 76)
plasmid_files/CP025952.1_results/PROKKA_06292018:CP025952.1_187 (length 223)
plasmid_files/CP025952.1_results/PROKKA_06292018:CP025952.1_188 (length 323)
plasmid_files/CP025952.1_results/PROKKA_06292018:CP025952.1_189 (length 494)
plasmid_files/CP025952.1_results/PROKKA_06292018:CP025952.1_190 (length 143)
plasmid_files/CP025952.1_results/PROKKA_06292018:CP025952.1_191 (length 423)
plasmid_files/CP025952.1_results/PROKKA_06292018:CP025952.1_192 (length 324)
plasmid_files/CP025952.1_results/PROKKA_06292018:CP025952.1_193 (length 401)
plasmid_files/CP025952.1_results/PROKKA_06292018:CP025952.1_194 (length 203)
plasmid_files/CP025952.1_results/PROKKA_06292018:CP025952.1_195 (length 288)
plasmid_files/CP025952.1_results/PROKKA_06292018:CP025952.1_196 (length 31)
plasmid_files/CP025952.1_results/PROKKA_06292018:CP025952.1_197 (length 85)
plasmid_files/CP025952.1_results/PROKKA_06292018:CP025952.1_198 (length 259)
plasmid_files/CP025952.1_results/PROKKA_06292018:CP025952.1_199 (length 334)
plasmid_files/CP025952.1_results/PROKKA_06292018:CP025952.1_200 (length 67)
plasmid_files/CP025952.1_results/PROKKA_06292018:CP025952.1_201 (length 173)
plasmid_files/CP025952.1_results/PROKKA_06292018:CP025952.1_202 (length 130)
plasmid_files/CP025952.1_results/PROKKA_06292018:CP025952.1_203 (length 314)
plasmid_files/CP025952.1_results/PROKKA_06292018:CP025952.1_204 (length 76)
plasmid_files/CP025952.1_results/PROKKA_06292018:CP025952.1_205 (length 138)
plasmid_files/CP025952.1_results/PROKKA_06292018:CP025952.1_206 (length 520)
plasmid_files/CP025952.1_results/PROKKA_06292018:CP025952.1_207 (length 340)
plasmid_files/CP025952.1_results/PROKKA_06292018:CP025952.1_208 (length 125)
plasmid_files/CP025952.1_results/PROKKA_06292018:CP025952.1_209 (length 334)
plasmid_files/CP025952.1_results/PROKKA_06292018:CP025952.1_210 (length 144)
plasmid_files/CP025952.1_results/PROKKA_06292018:CP025952.1_211 (length 116)
plasmid_files/CP025952.1_results/PROKKA_06292018:CP025952.1_212 (length 91)
plasmid_files/CP025952.1_results/PROKKA_06292018:CP025952.1_213 (length 153)
plasmid_files/CP025952.1_results/PROKKA_06292018:CP025952.1_214 (length 564)
plasmid_files/CP025952.1_results/PROKKA_06292018:CP025952.1_215 (length 120)
plasmid_files/CP025952.1_results/PROKKA_06292018:CP025952.1_216 (length 78)
plasmid_files/CP025952.1_results/PROKKA_06292018:CP025952.1_217 (length 235)
plasmid_files/CP025952.1_results/PROKKA_06292018:CP025952.1_218 (length 396)
plasmid_files/CP025952.1_results/PROKKA_06292018:CP025952.1_219 (length 234)
plasmid_files/CP025952.1_results/PROKKA_06292018:CP025952.1_220 (length 133)
plasmid_files/CP025952.1_results/PROKKA_06292018:CP025952.1_221 (length 326)
plasmid_files/CP025952.1_results/PROKKA_06292018:CP025952.1_222 (length 293)
plasmid_files/CP025952.1_results/PROKKA_06292018:CP025952.1_223 (length 126)

DiscRep_ALL:DISC_SOURCE_QUALS_ASNDISC::strain (all present, all unique)
DiscRep_SUB:DISC_SOURCE_QUALS_ASNDISC::1 sources have unique values for strain
DiscRep_ALL:DISC_SOURCE_QUALS_ASNDISC::taxname (all present, all unique)
DiscRep_SUB:DISC_SOURCE_QUALS_ASNDISC::1 sources have unique values for taxname
DiscRep_ALL:DISC_FEATURE_COUNT::CDS: 223 present
DiscRep_ALL:DISC_FEATURE_COUNT::tRNA: 1 present
DiscRep_ALL:DISC_COUNT_NUCLEOTIDES::1 nucleotide Bioseqs are present
plasmid_files/CP025952.1_results/PROKKA_06292018:CP025952.1 (length 170821)

DiscRep_ALL:FEATURE_LOCATION_CONFLICT::224 features have inconsistent gene locations.
DiscRep_SUB:FEATURE_LOCATION_CONFLICT::Coding region xref gene does not exist
plasmid_files/CP025952.1_results/PROKKA_06292018:CDS	hypothetical protein	CP025952.1:11-484	HHGPJFBJ_00001

DiscRep_SUB:FEATURE_LOCATION_CONFLICT::Coding region xref gene does not exist
plasmid_files/CP025952.1_results/PROKKA_06292018:CDS	hypothetical protein	CP025952.1:c851-555	HHGPJFBJ_00002

DiscRep_SUB:FEATURE_LOCATION_CONFLICT::Coding region xref gene does not exist
plasmid_files/CP025952.1_results/PROKKA_06292018:CDS	hypothetical protein	CP025952.1:c1052-897	HHGPJFBJ_00003

DiscRep_SUB:FEATURE_LOCATION_CONFLICT::Coding region xref gene does not exist
plasmid_files/CP025952.1_results/PROKKA_06292018:CDS	Antirestriction protein KlcA	CP025952.1:c1602-1180	HHGPJFBJ_00004

DiscRep_SUB:FEATURE_LOCATION_CONFLICT::Coding region xref gene does not exist
plasmid_files/CP025952.1_results/PROKKA_06292018:CDS	hypothetical protein	CP025952.1:c1994-1716	HHGPJFBJ_00005

DiscRep_SUB:FEATURE_LOCATION_CONFLICT::Coding region xref gene does not exist
plasmid_files/CP025952.1_results/PROKKA_06292018:CDS	hypothetical protein	CP025952.1:c3025-2528	HHGPJFBJ_00006

DiscRep_SUB:FEATURE_LOCATION_CONFLICT::Coding region xref gene does not exist
plasmid_files/CP025952.1_results/PROKKA_06292018:CDS	hypothetical protein	CP025952.1:3144-3848	HHGPJFBJ_00007

DiscRep_SUB:FEATURE_LOCATION_CONFLICT::Coding region xref gene does not exist
plasmid_files/CP025952.1_results/PROKKA_06292018:CDS	Multifunctional conjugation protein TraI	CP025952.1:c9017-3882	HHGPJFBJ_00008

DiscRep_SUB:FEATURE_LOCATION_CONFLICT::Coding region xref gene does not exist
plasmid_files/CP025952.1_results/PROKKA_06292018:CDS	Coupling protein TraD	CP025952.1:c11233-9017	HHGPJFBJ_00009

DiscRep_SUB:FEATURE_LOCATION_CONFLICT::Coding region xref gene does not exist
plasmid_files/CP025952.1_results/PROKKA_06292018:CDS	hypothetical protein	CP025952.1:c12021-11284	HHGPJFBJ_00010

DiscRep_SUB:FEATURE_LOCATION_CONFLICT::Coding region xref gene does not exist
plasmid_files/CP025952.1_results/PROKKA_06292018:CDS	Lipoprotein YlpA	CP025952.1:c12958-12224	HHGPJFBJ_00011

DiscRep_SUB:FEATURE_LOCATION_CONFLICT::Coding region xref gene does not exist
plasmid_files/CP025952.1_results/PROKKA_06292018:CDS	Protein TraS	CP025952.1:c13501-12980	HHGPJFBJ_00012

DiscRep_SUB:FEATURE_LOCATION_CONFLICT::Coding region xref gene does not exist
plasmid_files/CP025952.1_results/PROKKA_06292018:CDS	hypothetical protein	CP025952.1:c16350-13534	HHGPJFBJ_00013

DiscRep_SUB:FEATURE_LOCATION_CONFLICT::Coding region xref gene does not exist
plasmid_files/CP025952.1_results/PROKKA_06292018:CDS	hypothetical protein	CP025952.1:c18099-17707	HHGPJFBJ_00015

DiscRep_SUB:FEATURE_LOCATION_CONFLICT::Coding region xref gene does not exist
plasmid_files/CP025952.1_results/PROKKA_06292018:CDS	hypothetical protein	CP025952.1:c18367-18053	HHGPJFBJ_00016

DiscRep_SUB:FEATURE_LOCATION_CONFLICT::Coding region xref gene does not exist
plasmid_files/CP025952.1_results/PROKKA_06292018:CDS	hypothetical protein	CP025952.1:c18902-18357	HHGPJFBJ_00017

DiscRep_SUB:FEATURE_LOCATION_CONFLICT::Coding region xref gene does not exist
plasmid_files/CP025952.1_results/PROKKA_06292018:CDS	Protein TraQ	CP025952.1:c19170-18889	HHGPJFBJ_00018

DiscRep_SUB:FEATURE_LOCATION_CONFLICT::Coding region xref gene does not exist
plasmid_files/CP025952.1_results/PROKKA_06292018:CDS	hypothetical protein	CP025952.1:c20029-19286	HHGPJFBJ_00019

DiscRep_SUB:FEATURE_LOCATION_CONFLICT::Coding region xref gene does not exist
plasmid_files/CP025952.1_results/PROKKA_06292018:CDS	hypothetical protein	CP025952.1:c20282-20022	HHGPJFBJ_00020

DiscRep_SUB:FEATURE_LOCATION_CONFLICT::Coding region xref gene does not exist
plasmid_files/CP025952.1_results/PROKKA_06292018:CDS	hypothetical protein	CP025952.1:c22156-20306	HHGPJFBJ_00021

DiscRep_SUB:FEATURE_LOCATION_CONFLICT::Coding region xref gene does not exist
plasmid_files/CP025952.1_results/PROKKA_06292018:CDS	hypothetical protein	CP025952.1:c22575-22153	HHGPJFBJ_00022

DiscRep_SUB:FEATURE_LOCATION_CONFLICT::Coding region xref gene does not exist
plasmid_files/CP025952.1_results/PROKKA_06292018:CDS	hypothetical protein	CP025952.1:c22972-22601	HHGPJFBJ_00023

DiscRep_SUB:FEATURE_LOCATION_CONFLICT::Coding region xref gene does not exist
plasmid_files/CP025952.1_results/PROKKA_06292018:CDS	hypothetical protein	CP025952.1:c23607-22969	HHGPJFBJ_00024

DiscRep_SUB:FEATURE_LOCATION_CONFLICT::Coding region xref gene does not exist
plasmid_files/CP025952.1_results/PROKKA_06292018:CDS	hypothetical protein	CP025952.1:c24155-23634	HHGPJFBJ_00025

DiscRep_SUB:FEATURE_LOCATION_CONFLICT::Coding region xref gene does not exist
plasmid_files/CP025952.1_results/PROKKA_06292018:CDS	hypothetical protein	CP025952.1:c24526-24218	HHGPJFBJ_00026

DiscRep_SUB:FEATURE_LOCATION_CONFLICT::Coding region xref gene does not exist
plasmid_files/CP025952.1_results/PROKKA_06292018:CDS	hypothetical protein	CP025952.1:c25545-24553	HHGPJFBJ_00027

DiscRep_SUB:FEATURE_LOCATION_CONFLICT::Coding region xref gene does not exist
plasmid_files/CP025952.1_results/PROKKA_06292018:CDS	hypothetical protein	CP025952.1:c26174-25542	HHGPJFBJ_00028

DiscRep_SUB:FEATURE_LOCATION_CONFLICT::Coding region xref gene does not exist
plasmid_files/CP025952.1_results/PROKKA_06292018:CDS	hypothetical protein	CP025952.1:c26557-26171	HHGPJFBJ_00029

DiscRep_SUB:FEATURE_LOCATION_CONFLICT::Coding region xref gene does not exist
plasmid_files/CP025952.1_results/PROKKA_06292018:CDS	Protein TraC	CP025952.1:c26835-26554	HHGPJFBJ_00030

DiscRep_SUB:FEATURE_LOCATION_CONFLICT::Coding region xref gene does not exist
plasmid_files/CP025952.1_results/PROKKA_06292018:CDS	hypothetical protein	CP025952.1:c27545-26841	HHGPJFBJ_00031

DiscRep_SUB:FEATURE_LOCATION_CONFLICT::Coding region xref gene does not exist
plasmid_files/CP025952.1_results/PROKKA_06292018:CDS	hypothetical protein	CP025952.1:c28045-27671	HHGPJFBJ_00032

DiscRep_SUB:FEATURE_LOCATION_CONFLICT::Coding region xref gene does not exist
plasmid_files/CP025952.1_results/PROKKA_06292018:CDS	hypothetical protein	CP025952.1:c29030-28671	HHGPJFBJ_00033

DiscRep_SUB:FEATURE_LOCATION_CONFLICT::Coding region xref gene does not exist
plasmid_files/CP025952.1_results/PROKKA_06292018:CDS	hypothetical protein	CP025952.1:c29415-29092	HHGPJFBJ_00034

DiscRep_SUB:FEATURE_LOCATION_CONFLICT::Coding region xref gene does not exist
plasmid_files/CP025952.1_results/PROKKA_06292018:CDS	hypothetical protein	CP025952.1:c30140-29412	HHGPJFBJ_00035

DiscRep_SUB:FEATURE_LOCATION_CONFLICT::Coding region xref gene does not exist
plasmid_files/CP025952.1_results/PROKKA_06292018:CDS	Protein PsiB	CP025952.1:c30568-30137	HHGPJFBJ_00036

DiscRep_SUB:FEATURE_LOCATION_CONFLICT::Coding region xref gene does not exist
plasmid_files/CP025952.1_results/PROKKA_06292018:CDS	hypothetical protein	CP025952.1:c31909-30611	HHGPJFBJ_00037

DiscRep_SUB:FEATURE_LOCATION_CONFLICT::Coding region xref gene does not exist
plasmid_files/CP025952.1_results/PROKKA_06292018:CDS	Chromosome-partitioning protein Spo0J	CP025952.1:c32620-31958	HHGPJFBJ_00038

DiscRep_SUB:FEATURE_LOCATION_CONFLICT::Coding region xref gene does not exist
plasmid_files/CP025952.1_results/PROKKA_06292018:CDS	hypothetical protein	CP025952.1:c32921-32691	HHGPJFBJ_00039

DiscRep_SUB:FEATURE_LOCATION_CONFLICT::Coding region xref gene does not exist
plasmid_files/CP025952.1_results/PROKKA_06292018:CDS	hypothetical protein	CP025952.1:33206-33508	HHGPJFBJ_00040

DiscRep_SUB:FEATURE_LOCATION_CONFLICT::Coding region xref gene does not exist
plasmid_files/CP025952.1_results/PROKKA_06292018:CDS	hypothetical protein	CP025952.1:c33700-33587	HHGPJFBJ_00041

DiscRep_SUB:FEATURE_LOCATION_CONFLICT::Coding region xref gene does not exist
plasmid_files/CP025952.1_results/PROKKA_06292018:CDS	hypothetical protein	CP025952.1:c33864-33712	HHGPJFBJ_00042

DiscRep_SUB:FEATURE_LOCATION_CONFLICT::Coding region xref gene does not exist
plasmid_files/CP025952.1_results/PROKKA_06292018:CDS	DNA polymerase III subunit theta	CP025952.1:c34159-33899	HHGPJFBJ_00043

DiscRep_SUB:FEATURE_LOCATION_CONFLICT::Coding region xref gene does not exist
plasmid_files/CP025952.1_results/PROKKA_06292018:CDS	hypothetical protein	CP025952.1:c34343-34107	HHGPJFBJ_00044

DiscRep_SUB:FEATURE_LOCATION_CONFLICT::Coding region xref gene does not exist
plasmid_files/CP025952.1_results/PROKKA_06292018:CDS	hypothetical protein	CP025952.1:c34537-34346	HHGPJFBJ_00045

DiscRep_SUB:FEATURE_LOCATION_CONFLICT::Coding region xref gene does not exist
plasmid_files/CP025952.1_results/PROKKA_06292018:CDS	hypothetical protein	CP025952.1:c35086-34580	HHGPJFBJ_00046

DiscRep_SUB:FEATURE_LOCATION_CONFLICT::Coding region xref gene does not exist
plasmid_files/CP025952.1_results/PROKKA_06292018:CDS	hypothetical protein	CP025952.1:c36270-35491	HHGPJFBJ_00047

DiscRep_SUB:FEATURE_LOCATION_CONFLICT::Coding region xref gene does not exist
plasmid_files/CP025952.1_results/PROKKA_06292018:CDS	hypothetical protein	CP025952.1:c36743-36324	HHGPJFBJ_00048

DiscRep_SUB:FEATURE_LOCATION_CONFLICT::Coding region xref gene does not exist
plasmid_files/CP025952.1_results/PROKKA_06292018:CDS	hypothetical protein	CP025952.1:c36975-36754	HHGPJFBJ_00049

DiscRep_SUB:FEATURE_LOCATION_CONFLICT::Coding region xref gene does not exist
plasmid_files/CP025952.1_results/PROKKA_06292018:CDS	DNA adenine methyltransferase YhdJ	CP025952.1:c37652-36975	HHGPJFBJ_00050

DiscRep_SUB:FEATURE_LOCATION_CONFLICT::Coding region xref gene does not exist
plasmid_files/CP025952.1_results/PROKKA_06292018:CDS	Putative SOS response-associated peptidase YedK	CP025952.1:38011-38682	HHGPJFBJ_00051

DiscRep_SUB:FEATURE_LOCATION_CONFLICT::Coding region xref gene does not exist
plasmid_files/CP025952.1_results/PROKKA_06292018:CDS	Protein UmuD	CP025952.1:38862-39284	HHGPJFBJ_00052

DiscRep_SUB:FEATURE_LOCATION_CONFLICT::Coding region xref gene does not exist
plasmid_files/CP025952.1_results/PROKKA_06292018:CDS	Protein UmuC	CP025952.1:39284-40555	HHGPJFBJ_00053

DiscRep_SUB:FEATURE_LOCATION_CONFLICT::Coding region xref gene does not exist
plasmid_files/CP025952.1_results/PROKKA_06292018:CDS	Virulence regulon transcriptional activator VirB	CP025952.1:c41662-40691	HHGPJFBJ_00054

DiscRep_SUB:FEATURE_LOCATION_CONFLICT::Coding region xref gene does not exist
plasmid_files/CP025952.1_results/PROKKA_06292018:CDS	Plasmid partition protein A	CP025952.1:c42864-41659	HHGPJFBJ_00055

DiscRep_SUB:FEATURE_LOCATION_CONFLICT::Coding region xref gene does not exist
plasmid_files/CP025952.1_results/PROKKA_06292018:CDS	Putative transposon Tn552 DNA-invertase bin3	CP025952.1:43227-43859	HHGPJFBJ_00056

DiscRep_SUB:FEATURE_LOCATION_CONFLICT::Coding region xref gene does not exist
plasmid_files/CP025952.1_results/PROKKA_06292018:CDS	hypothetical protein	CP025952.1:43913-44113	HHGPJFBJ_00057

DiscRep_SUB:FEATURE_LOCATION_CONFLICT::Coding region xref gene does not exist
plasmid_files/CP025952.1_results/PROKKA_06292018:CDS	Recombination-promoting nuclease RpnA	CP025952.1:44260-45210	HHGPJFBJ_00058

DiscRep_SUB:FEATURE_LOCATION_CONFLICT::Coding region xref gene does not exist
plasmid_files/CP025952.1_results/PROKKA_06292018:CDS	hypothetical protein	CP025952.1:c45818-45207	HHGPJFBJ_00059

DiscRep_SUB:FEATURE_LOCATION_CONFLICT::Coding region xref gene does not exist
plasmid_files/CP025952.1_results/PROKKA_06292018:CDS	hypothetical protein	CP025952.1:c46210-45815	HHGPJFBJ_00060

DiscRep_SUB:FEATURE_LOCATION_CONFLICT::Coding region xref gene does not exist
plasmid_files/CP025952.1_results/PROKKA_06292018:CDS	hypothetical protein	CP025952.1:46724-47704	HHGPJFBJ_00061

DiscRep_SUB:FEATURE_LOCATION_CONFLICT::Coding region xref gene does not exist
plasmid_files/CP025952.1_results/PROKKA_06292018:CDS	hypothetical protein	CP025952.1:47818-48228	HHGPJFBJ_00062

DiscRep_SUB:FEATURE_LOCATION_CONFLICT::Coding region xref gene does not exist
plasmid_files/CP025952.1_results/PROKKA_06292018:CDS	hypothetical protein	CP025952.1:48225-48353	HHGPJFBJ_00063

DiscRep_SUB:FEATURE_LOCATION_CONFLICT::Coding region xref gene does not exist
plasmid_files/CP025952.1_results/PROKKA_06292018:CDS	Heat shock protein C	CP025952.1:48350-48913	HHGPJFBJ_00064

DiscRep_SUB:FEATURE_LOCATION_CONFLICT::Coding region xref gene does not exist
plasmid_files/CP025952.1_results/PROKKA_06292018:CDS	hypothetical protein	CP025952.1:49382-50086	HHGPJFBJ_00065

DiscRep_SUB:FEATURE_LOCATION_CONFLICT::Coding region xref gene does not exist
plasmid_files/CP025952.1_results/PROKKA_06292018:CDS	Chloramphenicol acetyltransferase 2	CP025952.1:c50860-50219	HHGPJFBJ_00066

DiscRep_SUB:FEATURE_LOCATION_CONFLICT::Coding region xref gene does not exist
plasmid_files/CP025952.1_results/PROKKA_06292018:CDS	hypothetical protein	CP025952.1:c51510-51010	HHGPJFBJ_00067

DiscRep_SUB:FEATURE_LOCATION_CONFLICT::Coding region xref gene does not exist
plasmid_files/CP025952.1_results/PROKKA_06292018:CDS	hypothetical protein	CP025952.1:51590-52294	HHGPJFBJ_00068

DiscRep_SUB:FEATURE_LOCATION_CONFLICT::Coding region xref gene does not exist
plasmid_files/CP025952.1_results/PROKKA_06292018:CDS	Pilin	CP025952.1:c52675-52328	HHGPJFBJ_00069

DiscRep_SUB:FEATURE_LOCATION_CONFLICT::Coding region xref gene does not exist
plasmid_files/CP025952.1_results/PROKKA_06292018:CDS	Protein TraJ	CP025952.1:c53795-53058	HHGPJFBJ_00070

DiscRep_SUB:FEATURE_LOCATION_CONFLICT::Coding region xref gene does not exist
plasmid_files/CP025952.1_results/PROKKA_06292018:CDS	Relaxosome protein TraM	CP025952.1:c54378-53995	HHGPJFBJ_00071

DiscRep_SUB:FEATURE_LOCATION_CONFLICT::Coding region xref gene does not exist
plasmid_files/CP025952.1_results/PROKKA_06292018:CDS	hypothetical protein	CP025952.1:54802-55287	HHGPJFBJ_00072

DiscRep_SUB:FEATURE_LOCATION_CONFLICT::Coding region xref gene does not exist
plasmid_files/CP025952.1_results/PROKKA_06292018:CDS	hypothetical protein	CP025952.1:c55634-55320	HHGPJFBJ_00073

DiscRep_SUB:FEATURE_LOCATION_CONFLICT::Coding region xref gene does not exist
plasmid_files/CP025952.1_results/PROKKA_06292018:CDS	hypothetical protein	CP025952.1:c56503-55682	HHGPJFBJ_00074

DiscRep_SUB:FEATURE_LOCATION_CONFLICT::Coding region xref gene does not exist
plasmid_files/CP025952.1_results/PROKKA_06292018:CDS	Antitoxin HigA	CP025952.1:c57439-57332	HHGPJFBJ_00075

DiscRep_SUB:FEATURE_LOCATION_CONFLICT::Coding region xref gene does not exist
plasmid_files/CP025952.1_results/PROKKA_06292018:CDS	Antitoxin HigA1	CP025952.1:c57718-57440	HHGPJFBJ_00076

DiscRep_SUB:FEATURE_LOCATION_CONFLICT::Coding region xref gene does not exist
plasmid_files/CP025952.1_results/PROKKA_06292018:CDS	hypothetical protein	CP025952.1:c58028-57708	HHGPJFBJ_00077

DiscRep_SUB:FEATURE_LOCATION_CONFLICT::Coding region xref gene does not exist
plasmid_files/CP025952.1_results/PROKKA_06292018:CDS	hypothetical protein	CP025952.1:c58333-58109	HHGPJFBJ_00078

DiscRep_SUB:FEATURE_LOCATION_CONFLICT::Coding region xref gene does not exist
plasmid_files/CP025952.1_results/PROKKA_06292018:CDS	hypothetical protein	CP025952.1:c58556-58344	HHGPJFBJ_00079

DiscRep_SUB:FEATURE_LOCATION_CONFLICT::Coding region xref gene does not exist
plasmid_files/CP025952.1_results/PROKKA_06292018:CDS	hypothetical protein	CP025952.1:c58973-58617	HHGPJFBJ_00080

DiscRep_SUB:FEATURE_LOCATION_CONFLICT::Coding region xref gene does not exist
plasmid_files/CP025952.1_results/PROKKA_06292018:CDS	hypothetical protein	CP025952.1:c60444-59740	HHGPJFBJ_00081

DiscRep_SUB:FEATURE_LOCATION_CONFLICT::Coding region xref gene does not exist
plasmid_files/CP025952.1_results/PROKKA_06292018:CDS	hypothetical protein	CP025952.1:62386-62667	HHGPJFBJ_00082

DiscRep_SUB:FEATURE_LOCATION_CONFLICT::Coding region xref gene does not exist
plasmid_files/CP025952.1_results/PROKKA_06292018:CDS	Protein StbB	CP025952.1:c63143-62790	HHGPJFBJ_00083

DiscRep_SUB:FEATURE_LOCATION_CONFLICT::Coding region xref gene does not exist
plasmid_files/CP025952.1_results/PROKKA_06292018:CDS	Plasmid segregation protein ParM	CP025952.1:c64105-63143	HHGPJFBJ_00084

DiscRep_SUB:FEATURE_LOCATION_CONFLICT::Coding region xref gene does not exist
plasmid_files/CP025952.1_results/PROKKA_06292018:CDS	DNA adenine methyltransferase YhdJ	CP025952.1:64622-65305	HHGPJFBJ_00085

DiscRep_SUB:FEATURE_LOCATION_CONFLICT::Coding region xref gene does not exist
plasmid_files/CP025952.1_results/PROKKA_06292018:CDS	hypothetical protein	CP025952.1:65306-65527	HHGPJFBJ_00086

DiscRep_SUB:FEATURE_LOCATION_CONFLICT::Coding region xref gene does not exist
plasmid_files/CP025952.1_results/PROKKA_06292018:CDS	hypothetical protein	CP025952.1:65541-65975	HHGPJFBJ_00087

DiscRep_SUB:FEATURE_LOCATION_CONFLICT::Coding region xref gene does not exist
plasmid_files/CP025952.1_results/PROKKA_06292018:CDS	hypothetical protein	CP025952.1:65975-66802	HHGPJFBJ_00088

DiscRep_SUB:FEATURE_LOCATION_CONFLICT::Coding region xref gene does not exist
plasmid_files/CP025952.1_results/PROKKA_06292018:CDS	Antirestriction protein KlcA	CP025952.1:67220-67645	HHGPJFBJ_00089

DiscRep_SUB:FEATURE_LOCATION_CONFLICT::Coding region xref gene does not exist
plasmid_files/CP025952.1_results/PROKKA_06292018:CDS	hypothetical protein	CP025952.1:67692-68114	HHGPJFBJ_00090

DiscRep_SUB:FEATURE_LOCATION_CONFLICT::Coding region xref gene does not exist
plasmid_files/CP025952.1_results/PROKKA_06292018:CDS	hypothetical protein	CP025952.1:68111-68302	HHGPJFBJ_00091

DiscRep_SUB:FEATURE_LOCATION_CONFLICT::Coding region xref gene does not exist
plasmid_files/CP025952.1_results/PROKKA_06292018:CDS	Group II intron-encoded protein LtrA	CP025952.1:c70283-68616	HHGPJFBJ_00092

DiscRep_SUB:FEATURE_LOCATION_CONFLICT::Coding region xref gene does not exist
plasmid_files/CP025952.1_results/PROKKA_06292018:CDS	hypothetical protein	CP025952.1:c71420-71163	HHGPJFBJ_00093

DiscRep_SUB:FEATURE_LOCATION_CONFLICT::Coding region xref gene does not exist
plasmid_files/CP025952.1_results/PROKKA_06292018:CDS	hypothetical protein	CP025952.1:71683-71913	HHGPJFBJ_00094

DiscRep_SUB:FEATURE_LOCATION_CONFLICT::Coding region xref gene does not exist
plasmid_files/CP025952.1_results/PROKKA_06292018:CDS	hypothetical protein	CP025952.1:71965-73326	HHGPJFBJ_00095

DiscRep_SUB:FEATURE_LOCATION_CONFLICT::Coding region xref gene does not exist
plasmid_files/CP025952.1_results/PROKKA_06292018:CDS	Ribosomal RNA small subunit methyltransferase A	CP025952.1:73373-73936	HHGPJFBJ_00096

DiscRep_SUB:FEATURE_LOCATION_CONFLICT::Coding region xref gene does not exist
plasmid_files/CP025952.1_results/PROKKA_06292018:CDS	hypothetical protein	CP025952.1:c74477-74022	HHGPJFBJ_00097

DiscRep_SUB:FEATURE_LOCATION_CONFLICT::Coding region xref gene does not exist
plasmid_files/CP025952.1_results/PROKKA_06292018:CDS	Plasmid-derived single-stranded DNA-binding protein	CP025952.1:74779-75306	HHGPJFBJ_00098

DiscRep_SUB:FEATURE_LOCATION_CONFLICT::Coding region xref gene does not exist
plasmid_files/CP025952.1_results/PROKKA_06292018:CDS	hypothetical protein	CP025952.1:75364-75597	HHGPJFBJ_00099

DiscRep_SUB:FEATURE_LOCATION_CONFLICT::Coding region xref gene does not exist
plasmid_files/CP025952.1_results/PROKKA_06292018:CDS	Chromosome-partitioning protein Spo0J	CP025952.1:75658-77079	HHGPJFBJ_00100

DiscRep_SUB:FEATURE_LOCATION_CONFLICT::Coding region xref gene does not exist
plasmid_files/CP025952.1_results/PROKKA_06292018:CDS	hypothetical protein	CP025952.1:77106-77681	HHGPJFBJ_00101

DiscRep_SUB:FEATURE_LOCATION_CONFLICT::Coding region xref gene does not exist
plasmid_files/CP025952.1_results/PROKKA_06292018:CDS	Protein PsiB	CP025952.1:77750-78184	HHGPJFBJ_00102

DiscRep_SUB:FEATURE_LOCATION_CONFLICT::Coding region xref gene does not exist
plasmid_files/CP025952.1_results/PROKKA_06292018:CDS	hypothetical protein	CP025952.1:78181-78900	HHGPJFBJ_00103

DiscRep_SUB:FEATURE_LOCATION_CONFLICT::Coding region xref gene does not exist
plasmid_files/CP025952.1_results/PROKKA_06292018:CDS	hypothetical protein	CP025952.1:c79136-78921	HHGPJFBJ_00104

DiscRep_SUB:FEATURE_LOCATION_CONFLICT::Coding region xref gene does not exist
plasmid_files/CP025952.1_results/PROKKA_06292018:CDS	hypothetical protein	CP025952.1:c79953-79576	HHGPJFBJ_00105

DiscRep_SUB:FEATURE_LOCATION_CONFLICT::Coding region xref gene does not exist
plasmid_files/CP025952.1_results/PROKKA_06292018:CDS	hypothetical protein	CP025952.1:80253-80549	HHGPJFBJ_00106

DiscRep_SUB:FEATURE_LOCATION_CONFLICT::Coding region xref gene does not exist
plasmid_files/CP025952.1_results/PROKKA_06292018:CDS	hypothetical protein	CP025952.1:80660-81481	HHGPJFBJ_00107

DiscRep_SUB:FEATURE_LOCATION_CONFLICT::Coding region xref gene does not exist
plasmid_files/CP025952.1_results/PROKKA_06292018:CDS	hypothetical protein	CP025952.1:c82425-81778	HHGPJFBJ_00108

DiscRep_SUB:FEATURE_LOCATION_CONFLICT::Coding region xref gene does not exist
plasmid_files/CP025952.1_results/PROKKA_06292018:CDS	Relaxosome protein TraM	CP025952.1:82702-83085	HHGPJFBJ_00109

DiscRep_SUB:FEATURE_LOCATION_CONFLICT::Coding region xref gene does not exist
plasmid_files/CP025952.1_results/PROKKA_06292018:CDS	Protein TraJ	CP025952.1:83276-83962	HHGPJFBJ_00110

DiscRep_SUB:FEATURE_LOCATION_CONFLICT::Coding region xref gene does not exist
plasmid_files/CP025952.1_results/PROKKA_06292018:CDS	Relaxosome protein TraY	CP025952.1:84056-84283	HHGPJFBJ_00111

DiscRep_SUB:FEATURE_LOCATION_CONFLICT::Coding region xref gene does not exist
plasmid_files/CP025952.1_results/PROKKA_06292018:CDS	Pilin	CP025952.1:84317-84682	HHGPJFBJ_00112

DiscRep_SUB:FEATURE_LOCATION_CONFLICT::Coding region xref gene does not exist
plasmid_files/CP025952.1_results/PROKKA_06292018:CDS	hypothetical protein	CP025952.1:84697-85008	HHGPJFBJ_00113

DiscRep_SUB:FEATURE_LOCATION_CONFLICT::Coding region xref gene does not exist
plasmid_files/CP025952.1_results/PROKKA_06292018:CDS	hypothetical protein	CP025952.1:85030-85596	HHGPJFBJ_00114

DiscRep_SUB:FEATURE_LOCATION_CONFLICT::Coding region xref gene does not exist
plasmid_files/CP025952.1_results/PROKKA_06292018:CDS	hypothetical protein	CP025952.1:85583-86311	HHGPJFBJ_00115

DiscRep_SUB:FEATURE_LOCATION_CONFLICT::Coding region xref gene does not exist
plasmid_files/CP025952.1_results/PROKKA_06292018:CDS	hypothetical protein	CP025952.1:86311-87738	HHGPJFBJ_00116

DiscRep_SUB:FEATURE_LOCATION_CONFLICT::Coding region xref gene does not exist
plasmid_files/CP025952.1_results/PROKKA_06292018:CDS	hypothetical protein	CP025952.1:87728-88318	HHGPJFBJ_00117

DiscRep_SUB:FEATURE_LOCATION_CONFLICT::Coding region xref gene does not exist
plasmid_files/CP025952.1_results/PROKKA_06292018:CDS	hypothetical protein	CP025952.1:88305-88502	HHGPJFBJ_00118

DiscRep_SUB:FEATURE_LOCATION_CONFLICT::Coding region xref gene does not exist
plasmid_files/CP025952.1_results/PROKKA_06292018:CDS	hypothetical protein	CP025952.1:88514-88765	HHGPJFBJ_00119

DiscRep_SUB:FEATURE_LOCATION_CONFLICT::Coding region xref gene does not exist
plasmid_files/CP025952.1_results/PROKKA_06292018:CDS	Protein TraV	CP025952.1:88762-89277	HHGPJFBJ_00120

DiscRep_SUB:FEATURE_LOCATION_CONFLICT::Coding region xref gene does not exist
plasmid_files/CP025952.1_results/PROKKA_06292018:CDS	Protein TraR	CP025952.1:89412-89633	HHGPJFBJ_00121

DiscRep_SUB:FEATURE_LOCATION_CONFLICT::Coding region xref gene does not exist
plasmid_files/CP025952.1_results/PROKKA_06292018:CDS	Protein TraC	CP025952.1:89793-91589	HHGPJFBJ_00122

DiscRep_SUB:FEATURE_LOCATION_CONFLICT::Coding region xref gene does not exist
plasmid_files/CP025952.1_results/PROKKA_06292018:CDS	hypothetical protein	CP025952.1:91601-92305	HHGPJFBJ_00123

DiscRep_SUB:FEATURE_LOCATION_CONFLICT::Coding region xref gene does not exist
plasmid_files/CP025952.1_results/PROKKA_06292018:CDS	Putative transposon Tn552 DNA-invertase bin3	CP025952.1:92937-93674	HHGPJFBJ_00124

DiscRep_SUB:FEATURE_LOCATION_CONFLICT::Coding region xref gene does not exist
plasmid_files/CP025952.1_results/PROKKA_06292018:CDS	hypothetical protein	CP025952.1:93671-93895	HHGPJFBJ_00125

DiscRep_SUB:FEATURE_LOCATION_CONFLICT::Coding region xref gene does not exist
plasmid_files/CP025952.1_results/PROKKA_06292018:CDS	hypothetical protein	CP025952.1:94017-94193	HHGPJFBJ_00126

DiscRep_SUB:FEATURE_LOCATION_CONFLICT::Coding region xref gene does not exist
plasmid_files/CP025952.1_results/PROKKA_06292018:CDS	hypothetical protein	CP025952.1:c95379-94375	HHGPJFBJ_00127

DiscRep_SUB:FEATURE_LOCATION_CONFLICT::Coding region xref gene does not exist
plasmid_files/CP025952.1_results/PROKKA_06292018:CDS	hypothetical protein	CP025952.1:c98424-95458	HHGPJFBJ_00128

DiscRep_SUB:FEATURE_LOCATION_CONFLICT::Coding region xref gene does not exist
plasmid_files/CP025952.1_results/PROKKA_06292018:CDS	hypothetical protein	CP025952.1:c99249-98545	HHGPJFBJ_00129

DiscRep_SUB:FEATURE_LOCATION_CONFLICT::Coding region xref gene does not exist
plasmid_files/CP025952.1_results/PROKKA_06292018:CDS	hypothetical protein	CP025952.1:99494-100240	HHGPJFBJ_00130

DiscRep_SUB:FEATURE_LOCATION_CONFLICT::Coding region xref gene does not exist
plasmid_files/CP025952.1_results/PROKKA_06292018:CDS	Fertility inhibition protein	CP025952.1:100295-100855	HHGPJFBJ_00131

DiscRep_SUB:FEATURE_LOCATION_CONFLICT::Coding region xref gene does not exist
plasmid_files/CP025952.1_results/PROKKA_06292018:CDS	hypothetical protein	CP025952.1:100987-101187	HHGPJFBJ_00132

DiscRep_SUB:FEATURE_LOCATION_CONFLICT::Coding region xref gene does not exist
plasmid_files/CP025952.1_results/PROKKA_06292018:CDS	hypothetical protein	CP025952.1:101573-102172	HHGPJFBJ_00133

DiscRep_SUB:FEATURE_LOCATION_CONFLICT::Coding region xref gene does not exist
plasmid_files/CP025952.1_results/PROKKA_06292018:CDS	hypothetical protein	CP025952.1:102234-102566	HHGPJFBJ_00134

DiscRep_SUB:FEATURE_LOCATION_CONFLICT::Coding region xref gene does not exist
plasmid_files/CP025952.1_results/PROKKA_06292018:CDS	Protein PndA	CP025952.1:102871-103020	HHGPJFBJ_00135

DiscRep_SUB:FEATURE_LOCATION_CONFLICT::Coding region xref gene does not exist
plasmid_files/CP025952.1_results/PROKKA_06292018:CDS	hypothetical protein	CP025952.1:103304-103552	HHGPJFBJ_00136

DiscRep_SUB:FEATURE_LOCATION_CONFLICT::Coding region xref gene does not exist
plasmid_files/CP025952.1_results/PROKKA_06292018:CDS	hypothetical protein	CP025952.1:103864-104721	HHGPJFBJ_00137

DiscRep_SUB:FEATURE_LOCATION_CONFLICT::Coding region xref gene does not exist
plasmid_files/CP025952.1_results/PROKKA_06292018:CDS	hypothetical protein	CP025952.1:105660-106313	HHGPJFBJ_00138

DiscRep_SUB:FEATURE_LOCATION_CONFLICT::Coding region xref gene does not exist
plasmid_files/CP025952.1_results/PROKKA_06292018:CDS	Antitoxin PemI	CP025952.1:106406-106663	HHGPJFBJ_00139

DiscRep_SUB:FEATURE_LOCATION_CONFLICT::Coding region xref gene does not exist
plasmid_files/CP025952.1_results/PROKKA_06292018:CDS	Endoribonuclease PemK	CP025952.1:106665-106997	HHGPJFBJ_00140

DiscRep_SUB:FEATURE_LOCATION_CONFLICT::Coding region xref gene does not exist
plasmid_files/CP025952.1_results/PROKKA_06292018:CDS	hypothetical protein	CP025952.1:c107494-107279	HHGPJFBJ_00141

DiscRep_SUB:FEATURE_LOCATION_CONFLICT::Coding region xref gene does not exist
plasmid_files/CP025952.1_results/PROKKA_06292018:CDS	hypothetical protein	CP025952.1:c108228-107695	HHGPJFBJ_00142

DiscRep_SUB:FEATURE_LOCATION_CONFLICT::Coding region xref gene does not exist
plasmid_files/CP025952.1_results/PROKKA_06292018:CDS	hypothetical protein	CP025952.1:c109010-108306	HHGPJFBJ_00143

DiscRep_SUB:FEATURE_LOCATION_CONFLICT::Coding region xref gene does not exist
plasmid_files/CP025952.1_results/PROKKA_06292018:CDS	hypothetical protein	CP025952.1:109252-109374	HHGPJFBJ_00144

DiscRep_SUB:FEATURE_LOCATION_CONFLICT::Coding region xref gene does not exist
plasmid_files/CP025952.1_results/PROKKA_06292018:CDS	Beta-lactamase Toho-1	CP025952.1:109521-110396	HHGPJFBJ_00145

DiscRep_SUB:FEATURE_LOCATION_CONFLICT::Coding region xref gene does not exist
plasmid_files/CP025952.1_results/PROKKA_06292018:CDS	hypothetical protein	CP025952.1:110431-111399	HHGPJFBJ_00146

DiscRep_SUB:FEATURE_LOCATION_CONFLICT::Coding region xref gene does not exist
plasmid_files/CP025952.1_results/PROKKA_06292018:CDS	Catecholate siderophore receptor Fiu	CP025952.1:111528-112553	HHGPJFBJ_00147

DiscRep_SUB:FEATURE_LOCATION_CONFLICT::Coding region xref gene does not exist
plasmid_files/CP025952.1_results/PROKKA_06292018:CDS	Aerotaxis receptor	CP025952.1:c112977-112528	HHGPJFBJ_00148

DiscRep_SUB:FEATURE_LOCATION_CONFLICT::Coding region xref gene does not exist
plasmid_files/CP025952.1_results/PROKKA_06292018:CDS	hypothetical protein	CP025952.1:c113854-113150	HHGPJFBJ_00149

DiscRep_SUB:FEATURE_LOCATION_CONFLICT::Coding region xref gene does not exist
plasmid_files/CP025952.1_results/PROKKA_06292018:CDS	hypothetical protein	CP025952.1:113934-114509	HHGPJFBJ_00150

DiscRep_SUB:FEATURE_LOCATION_CONFLICT::Coding region xref gene does not exist
plasmid_files/CP025952.1_results/PROKKA_06292018:CDS	hypothetical protein	CP025952.1:114965-115669	HHGPJFBJ_00151

DiscRep_SUB:FEATURE_LOCATION_CONFLICT::Coding region xref gene does not exist
plasmid_files/CP025952.1_results/PROKKA_06292018:CDS	hypothetical protein	CP025952.1:115735-116253	HHGPJFBJ_00152

DiscRep_SUB:FEATURE_LOCATION_CONFLICT::Coding region xref gene does not exist
plasmid_files/CP025952.1_results/PROKKA_06292018:CDS	Glutathione transferase FosA	CP025952.1:c116674-116258	HHGPJFBJ_00153

DiscRep_SUB:FEATURE_LOCATION_CONFLICT::Coding region xref gene does not exist
plasmid_files/CP025952.1_results/PROKKA_06292018:CDS	hypothetical protein	CP025952.1:117060-117764	HHGPJFBJ_00154

DiscRep_SUB:FEATURE_LOCATION_CONFLICT::Coding region xref gene does not exist
plasmid_files/CP025952.1_results/PROKKA_06292018:CDS	hypothetical protein	CP025952.1:c118432-117710	HHGPJFBJ_00155

DiscRep_SUB:FEATURE_LOCATION_CONFLICT::Coding region xref gene does not exist
plasmid_files/CP025952.1_results/PROKKA_06292018:CDS	hypothetical protein	CP025952.1:c118630-118442	HHGPJFBJ_00156

DiscRep_SUB:FEATURE_LOCATION_CONFLICT::Coding region xref gene does not exist
plasmid_files/CP025952.1_results/PROKKA_06292018:CDS	Transposon Tn3 resolvase	CP025952.1:118743-119258	HHGPJFBJ_00157

DiscRep_SUB:FEATURE_LOCATION_CONFLICT::Coding region xref gene does not exist
plasmid_files/CP025952.1_results/PROKKA_06292018:CDS	Beta-lactamase TEM	CP025952.1:119441-120301	HHGPJFBJ_00158

DiscRep_SUB:FEATURE_LOCATION_CONFLICT::Coding region xref gene does not exist
plasmid_files/CP025952.1_results/PROKKA_06292018:CDS	16S rRNA (guanine(1405)-N(7))-methyltransferase	CP025952.1:120471-121226	HHGPJFBJ_00159

DiscRep_SUB:FEATURE_LOCATION_CONFLICT::Coding region xref gene does not exist
plasmid_files/CP025952.1_results/PROKKA_06292018:CDS	hypothetical protein	CP025952.1:c121588-121307	HHGPJFBJ_00160

DiscRep_SUB:FEATURE_LOCATION_CONFLICT::Coding region xref gene does not exist
plasmid_files/CP025952.1_results/PROKKA_06292018:CDS	hypothetical protein	CP025952.1:c122380-121676	HHGPJFBJ_00161

DiscRep_SUB:FEATURE_LOCATION_CONFLICT::Coding region xref gene does not exist
plasmid_files/CP025952.1_results/PROKKA_06292018:CDS	hypothetical protein	CP025952.1:c122894-122577	HHGPJFBJ_00162

DiscRep_SUB:FEATURE_LOCATION_CONFLICT::Coding region xref gene does not exist
plasmid_files/CP025952.1_results/PROKKA_06292018:CDS	hypothetical protein	CP025952.1:c123259-122909	HHGPJFBJ_00163

DiscRep_SUB:FEATURE_LOCATION_CONFLICT::Coding region xref gene does not exist
plasmid_files/CP025952.1_results/PROKKA_06292018:CDS	hypothetical protein	CP025952.1:c123528-123256	HHGPJFBJ_00164

DiscRep_SUB:FEATURE_LOCATION_CONFLICT::Coding region xref gene does not exist
plasmid_files/CP025952.1_results/PROKKA_06292018:CDS	Protein FlmC	CP025952.1:c124437-124285	HHGPJFBJ_00165

DiscRep_SUB:FEATURE_LOCATION_CONFLICT::Coding region xref gene does not exist
plasmid_files/CP025952.1_results/PROKKA_06292018:CDS	hypothetical protein	CP025952.1:c124981-124607	HHGPJFBJ_00166

DiscRep_SUB:FEATURE_LOCATION_CONFLICT::Coding region xref gene does not exist
plasmid_files/CP025952.1_results/PROKKA_06292018:CDS	hypothetical protein	CP025952.1:c125363-125037	HHGPJFBJ_00167

DiscRep_SUB:FEATURE_LOCATION_CONFLICT::Coding region xref gene does not exist
plasmid_files/CP025952.1_results/PROKKA_06292018:CDS	hypothetical protein	CP025952.1:c126088-125360	HHGPJFBJ_00168

DiscRep_SUB:FEATURE_LOCATION_CONFLICT::Coding region xref gene does not exist
plasmid_files/CP025952.1_results/PROKKA_06292018:CDS	Protein PsiB	CP025952.1:c126516-126085	HHGPJFBJ_00169

DiscRep_SUB:FEATURE_LOCATION_CONFLICT::Coding region xref gene does not exist
plasmid_files/CP025952.1_results/PROKKA_06292018:CDS	Chromosome-partitioning protein Spo0J	CP025952.1:c128618-126561	HHGPJFBJ_00170

DiscRep_SUB:FEATURE_LOCATION_CONFLICT::Coding region xref gene does not exist
plasmid_files/CP025952.1_results/PROKKA_06292018:CDS	hypothetical protein	CP025952.1:c128936-128688	HHGPJFBJ_00171

DiscRep_SUB:FEATURE_LOCATION_CONFLICT::Coding region xref gene does not exist
plasmid_files/CP025952.1_results/PROKKA_06292018:CDS	Plasmid-derived single-stranded DNA-binding protein	CP025952.1:c129527-128985	HHGPJFBJ_00172

DiscRep_SUB:FEATURE_LOCATION_CONFLICT::Coding region xref gene does not exist
plasmid_files/CP025952.1_results/PROKKA_06292018:CDS	hypothetical protein	CP025952.1:130136-130465	HHGPJFBJ_00173

DiscRep_SUB:FEATURE_LOCATION_CONFLICT::Coding region xref gene does not exist
plasmid_files/CP025952.1_results/PROKKA_06292018:CDS	hypothetical protein	CP025952.1:c130923-130360	HHGPJFBJ_00174

DiscRep_SUB:FEATURE_LOCATION_CONFLICT::Coding region xref gene does not exist
plasmid_files/CP025952.1_results/PROKKA_06292018:CDS	hypothetical protein	CP025952.1:c132326-130971	HHGPJFBJ_00175

DiscRep_SUB:FEATURE_LOCATION_CONFLICT::Coding region xref gene does not exist
plasmid_files/CP025952.1_results/PROKKA_06292018:CDS	hypothetical protein	CP025952.1:c132608-132378	HHGPJFBJ_00176

DiscRep_SUB:FEATURE_LOCATION_CONFLICT::Coding region xref gene does not exist
plasmid_files/CP025952.1_results/PROKKA_06292018:CDS	hypothetical protein	CP025952.1:c132927-132700	HHGPJFBJ_00177

DiscRep_SUB:FEATURE_LOCATION_CONFLICT::Coding region xref gene does not exist
plasmid_files/CP025952.1_results/PROKKA_06292018:CDS	hypothetical protein	CP025952.1:c133926-133606	HHGPJFBJ_00178

DiscRep_SUB:FEATURE_LOCATION_CONFLICT::Coding region xref gene does not exist
plasmid_files/CP025952.1_results/PROKKA_06292018:CDS	DNA polymerase III subunit theta	CP025952.1:c134215-133961	HHGPJFBJ_00179

DiscRep_SUB:FEATURE_LOCATION_CONFLICT::Coding region xref gene does not exist
plasmid_files/CP025952.1_results/PROKKA_06292018:CDS	hypothetical protein	CP025952.1:c134594-134403	HHGPJFBJ_00180

DiscRep_SUB:FEATURE_LOCATION_CONFLICT::Coding region xref gene does not exist
plasmid_files/CP025952.1_results/PROKKA_06292018:CDS	hypothetical protein	CP025952.1:c135143-134637	HHGPJFBJ_00181

DiscRep_SUB:FEATURE_LOCATION_CONFLICT::Coding region xref gene does not exist
plasmid_files/CP025952.1_results/PROKKA_06292018:CDS	Antirestriction protein KlcA	CP025952.1:c135614-135186	HHGPJFBJ_00182

DiscRep_SUB:FEATURE_LOCATION_CONFLICT::Coding region xref gene does not exist
plasmid_files/CP025952.1_results/PROKKA_06292018:CDS	hypothetical protein	CP025952.1:c137062-136295	HHGPJFBJ_00183

DiscRep_SUB:FEATURE_LOCATION_CONFLICT::Coding region xref gene does not exist
plasmid_files/CP025952.1_results/PROKKA_06292018:CDS	hypothetical protein	CP025952.1:c137535-137116	HHGPJFBJ_00184

DiscRep_SUB:FEATURE_LOCATION_CONFLICT::Coding region xref gene does not exist
plasmid_files/CP025952.1_results/PROKKA_06292018:CDS	hypothetical protein	CP025952.1:c137766-137545	HHGPJFBJ_00185

DiscRep_SUB:FEATURE_LOCATION_CONFLICT::Coding region xref gene does not exist
plasmid_files/CP025952.1_results/PROKKA_06292018:CDS	DNA adenine methyltransferase YhdJ	CP025952.1:c138467-137766	HHGPJFBJ_00186

DiscRep_SUB:FEATURE_LOCATION_CONFLICT::Coding region xref gene does not exist
plasmid_files/CP025952.1_results/PROKKA_06292018:CDS	hypothetical protein	CP025952.1:c139134-138904	HHGPJFBJ_00187

DiscRep_SUB:FEATURE_LOCATION_CONFLICT::Coding region xref gene does not exist
plasmid_files/CP025952.1_results/PROKKA_06292018:CDS	hypothetical protein	CP025952.1:c139868-139197	HHGPJFBJ_00188

DiscRep_SUB:FEATURE_LOCATION_CONFLICT::Coding region xref gene does not exist
plasmid_files/CP025952.1_results/PROKKA_06292018:CDS	Plasmid segregation protein ParM	CP025952.1:c140842-139871	HHGPJFBJ_00189

DiscRep_SUB:FEATURE_LOCATION_CONFLICT::Coding region xref gene does not exist
plasmid_files/CP025952.1_results/PROKKA_06292018:CDS	Group II intron-encoded protein LtrA	CP025952.1:c142575-141091	HHGPJFBJ_00190

DiscRep_SUB:FEATURE_LOCATION_CONFLICT::Coding region xref gene does not exist
plasmid_files/CP025952.1_results/PROKKA_06292018:CDS	Protein UmuD	CP025952.1:142986-143417	HHGPJFBJ_00191

DiscRep_SUB:FEATURE_LOCATION_CONFLICT::Coding region xref gene does not exist
plasmid_files/CP025952.1_results/PROKKA_06292018:CDS	Protein UmuC	CP025952.1:143417-144688	HHGPJFBJ_00192

DiscRep_SUB:FEATURE_LOCATION_CONFLICT::Coding region xref gene does not exist
plasmid_files/CP025952.1_results/PROKKA_06292018:CDS	Virulence regulon transcriptional activator VirB	CP025952.1:c145744-144770	HHGPJFBJ_00193

DiscRep_SUB:FEATURE_LOCATION_CONFLICT::Coding region xref gene does not exist
plasmid_files/CP025952.1_results/PROKKA_06292018:CDS	Plasmid partition protein A	CP025952.1:c146949-145744	HHGPJFBJ_00194

DiscRep_SUB:FEATURE_LOCATION_CONFLICT::Coding region xref gene does not exist
plasmid_files/CP025952.1_results/PROKKA_06292018:CDS	hypothetical protein	CP025952.1:147363-147974	HHGPJFBJ_00195

DiscRep_SUB:FEATURE_LOCATION_CONFLICT::Coding region xref gene does not exist
plasmid_files/CP025952.1_results/PROKKA_06292018:CDS	Replication initiation protein	CP025952.1:c148925-148059	HHGPJFBJ_00196

DiscRep_SUB:FEATURE_LOCATION_CONFLICT::Coding region xref gene does not exist
plasmid_files/CP025952.1_results/PROKKA_06292018:CDS	hypothetical protein	CP025952.1:149479-149574	HHGPJFBJ_00197

DiscRep_SUB:FEATURE_LOCATION_CONFLICT::Coding region xref gene does not exist
plasmid_files/CP025952.1_results/PROKKA_06292018:CDS	hypothetical protein	CP025952.1:149703-149960	HHGPJFBJ_00198

DiscRep_SUB:FEATURE_LOCATION_CONFLICT::Coding region xref gene does not exist
plasmid_files/CP025952.1_results/PROKKA_06292018:CDS	Tyrosine recombinase XerD	CP025952.1:c150785-150006	HHGPJFBJ_00199

DiscRep_SUB:FEATURE_LOCATION_CONFLICT::Coding region xref gene does not exist
plasmid_files/CP025952.1_results/PROKKA_06292018:CDS	hypothetical protein	CP025952.1:c151973-150969	HHGPJFBJ_00200

DiscRep_SUB:FEATURE_LOCATION_CONFLICT::Coding region xref gene does not exist
plasmid_files/CP025952.1_results/PROKKA_06292018:CDS	hypothetical protein	CP025952.1:c152206-152003	HHGPJFBJ_00201

DiscRep_SUB:FEATURE_LOCATION_CONFLICT::Coding region xref gene does not exist
plasmid_files/CP025952.1_results/PROKKA_06292018:CDS	hypothetical protein	CP025952.1:c152773-152252	HHGPJFBJ_00202

DiscRep_SUB:FEATURE_LOCATION_CONFLICT::Coding region xref gene does not exist
plasmid_files/CP025952.1_results/PROKKA_06292018:CDS	hypothetical protein	CP025952.1:c153223-152831	HHGPJFBJ_00203

DiscRep_SUB:FEATURE_LOCATION_CONFLICT::Coding region xref gene does not exist
plasmid_files/CP025952.1_results/PROKKA_06292018:CDS	hypothetical protein	CP025952.1:c154204-153260	HHGPJFBJ_00204

DiscRep_SUB:FEATURE_LOCATION_CONFLICT::Coding region xref gene does not exist
plasmid_files/CP025952.1_results/PROKKA_06292018:CDS	Antitoxin VapB	CP025952.1:154783-155013	HHGPJFBJ_00205

DiscRep_SUB:FEATURE_LOCATION_CONFLICT::Coding region xref gene does not exist
plasmid_files/CP025952.1_results/PROKKA_06292018:CDS	tRNA(fMet)-specific endonuclease VapC	CP025952.1:155010-155426	HHGPJFBJ_00206

DiscRep_SUB:FEATURE_LOCATION_CONFLICT::Coding region xref gene does not exist
plasmid_files/CP025952.1_results/PROKKA_06292018:CDS	DNA replication and repair protein RecF	CP025952.1:155500-157062	HHGPJFBJ_00207

DiscRep_SUB:FEATURE_LOCATION_CONFLICT::Coding region xref gene does not exist
plasmid_files/CP025952.1_results/PROKKA_06292018:CDS	hypothetical protein	CP025952.1:157047-158069	HHGPJFBJ_00208

DiscRep_SUB:FEATURE_LOCATION_CONFLICT::Coding region xref gene does not exist
plasmid_files/CP025952.1_results/PROKKA_06292018:CDS	hypothetical protein	CP025952.1:158645-159022	HHGPJFBJ_00209

DiscRep_SUB:FEATURE_LOCATION_CONFLICT::Coding region xref gene does not exist
plasmid_files/CP025952.1_results/PROKKA_06292018:CDS	hypothetical protein	CP025952.1:c160607-159603	HHGPJFBJ_00210

DiscRep_SUB:FEATURE_LOCATION_CONFLICT::Coding region xref gene does not exist
plasmid_files/CP025952.1_results/PROKKA_06292018:CDS	Mercuric resistance operon regulatory protein	CP025952.1:c161120-160686	HHGPJFBJ_00211

DiscRep_SUB:FEATURE_LOCATION_CONFLICT::Coding region xref gene does not exist
plasmid_files/CP025952.1_results/PROKKA_06292018:CDS	Mercuric transport protein MerT	CP025952.1:161192-161542	HHGPJFBJ_00212

DiscRep_SUB:FEATURE_LOCATION_CONFLICT::Coding region xref gene does not exist
plasmid_files/CP025952.1_results/PROKKA_06292018:CDS	Mercuric transport protein periplasmic component	CP025952.1:161556-161831	HHGPJFBJ_00213

DiscRep_SUB:FEATURE_LOCATION_CONFLICT::Coding region xref gene does not exist
plasmid_files/CP025952.1_results/PROKKA_06292018:CDS	Mercuric transport protein MerC	CP025952.1:161828-162289	HHGPJFBJ_00214

DiscRep_SUB:FEATURE_LOCATION_CONFLICT::Coding region xref gene does not exist
plasmid_files/CP025952.1_results/PROKKA_06292018:CDS	Mercuric reductase	CP025952.1:162341-164035	HHGPJFBJ_00215

DiscRep_SUB:FEATURE_LOCATION_CONFLICT::Coding region xref gene does not exist
plasmid_files/CP025952.1_results/PROKKA_06292018:CDS	HTH-type transcriptional activator mta	CP025952.1:164053-164415	HHGPJFBJ_00216

DiscRep_SUB:FEATURE_LOCATION_CONFLICT::Coding region xref gene does not exist
plasmid_files/CP025952.1_results/PROKKA_06292018:CDS	hypothetical protein	CP025952.1:164412-164648	HHGPJFBJ_00217

DiscRep_SUB:FEATURE_LOCATION_CONFLICT::Coding region xref gene does not exist
plasmid_files/CP025952.1_results/PROKKA_06292018:CDS	putative signaling protein	CP025952.1:164645-165352	HHGPJFBJ_00218

DiscRep_SUB:FEATURE_LOCATION_CONFLICT::Coding region xref gene does not exist
plasmid_files/CP025952.1_results/PROKKA_06292018:CDS	Transposon Tn7 transposition protein TnsB	CP025952.1:165427-166617	HHGPJFBJ_00219

DiscRep_SUB:FEATURE_LOCATION_CONFLICT::Coding region xref gene does not exist
plasmid_files/CP025952.1_results/PROKKA_06292018:CDS	hypothetical protein	CP025952.1:166664-167368	HHGPJFBJ_00220

DiscRep_SUB:FEATURE_LOCATION_CONFLICT::Coding region xref gene does not exist
plasmid_files/CP025952.1_results/PROKKA_06292018:CDS	Transposon Tn3 resolvase	CP025952.1:167480-167881	HHGPJFBJ_00221

DiscRep_SUB:FEATURE_LOCATION_CONFLICT::Coding region xref gene does not exist
plasmid_files/CP025952.1_results/PROKKA_06292018:CDS	hypothetical protein	CP025952.1:168004-168984	HHGPJFBJ_00222

DiscRep_SUB:FEATURE_LOCATION_CONFLICT::Coding region xref gene does not exist
plasmid_files/CP025952.1_results/PROKKA_06292018:CDS	Carbapenem-hydrolyzing beta-lactamase KPC	CP025952.1:169260-170141	HHGPJFBJ_00223

DiscRep_SUB:FEATURE_LOCATION_CONFLICT::Coding region xref gene does not exist
plasmid_files/CP025952.1_results/PROKKA_06292018:CDS	hypothetical protein	CP025952.1:c170771-170391	HHGPJFBJ_00224

DiscRep_SUB:FEATURE_LOCATION_CONFLICT::RNA feature xref gene does not exist
plasmid_files/CP025952.1_results/PROKKA_06292018:tRNA	Thr	CP025952.1:16899-16970	HHGPJFBJ_00014

DiscRep_ALL:SUSPECT_PRODUCT_NAMES::3 product_names contain suspect phrase or characters
DiscRep_SUB:SUSPECT_PRODUCT_NAMES::May contain database identifier more appropriate in note; remove from product name
DiscRep_SUB:SUSPECT_PRODUCT_NAMES::3 features Three or more numbers together
plasmid_files/CP025952.1_results/PROKKA_06292018:CDS	Putative transposon Tn552 DNA-invertase bin3	CP025952.1:43227-43859	HHGPJFBJ_00056
plasmid_files/CP025952.1_results/PROKKA_06292018:CDS	Putative transposon Tn552 DNA-invertase bin3	CP025952.1:92937-93674	HHGPJFBJ_00124
plasmid_files/CP025952.1_results/PROKKA_06292018:CDS	16S rRNA (guanine(1405)-N(7))-methyltransferase	CP025952.1:120471-121226	HHGPJFBJ_00159

DiscRep_ALL:DISC_QUALITY_SCORES::Quality scores are missing on all sequences.

DiscRep_ALL:ONCALLER_COMMENT_PRESENT::1 comment descriptors were found (all same)
plasmid_files/CP025952.1_results/PROKKA_06292018:CP025952.1:Annotated using prokka 1.14-dev from https://github.com/tseemann/prokka

DiscRep_ALL:SHORT_PROT_SEQUENCES::6 protein sequences are shorter than 50 aa.
plasmid_files/CP025952.1_results/PROKKA_06292018:CP025952.1_40 (length 37)
plasmid_files/CP025952.1_results/PROKKA_06292018:CP025952.1_62 (length 42)
plasmid_files/CP025952.1_results/PROKKA_06292018:CP025952.1_74 (length 35)
plasmid_files/CP025952.1_results/PROKKA_06292018:CP025952.1_134 (length 49)
plasmid_files/CP025952.1_results/PROKKA_06292018:CP025952.1_143 (length 40)
plasmid_files/CP025952.1_results/PROKKA_06292018:CP025952.1_196 (length 31)

DiscRep_ALL:MISSING_GENOMEASSEMBLY_COMMENTS::1 bioseqs are missing GenomeAssembly structured comments
plasmid_files/CP025952.1_results/PROKKA_06292018:CP025952.1 (length 170821)

DiscRep_ALL:MOLTYPE_NOT_MRNA::1 molecule types are not set as mRNA.
plasmid_files/CP025952.1_results/PROKKA_06292018:CP025952.1 (length 170821)

DiscRep_ALL:TECHNIQUE_NOT_TSA::1 technique are not set as TSA
plasmid_files/CP025952.1_results/PROKKA_06292018:CP025952.1 (length 170821)

DiscRep_ALL:MISSING_STRUCTURED_COMMENT::1 sequences do not include structured comments.
plasmid_files/CP025952.1_results/PROKKA_06292018:CP025952.1 (length 170821)

DiscRep_ALL:MISSING_PROJECT::224 sequences do not include project.
plasmid_files/CP025952.1_results/PROKKA_06292018:CP025952.1 (length 170821)
plasmid_files/CP025952.1_results/PROKKA_06292018:CP025952.1_1 (length 157)
plasmid_files/CP025952.1_results/PROKKA_06292018:CP025952.1_2 (length 98)
plasmid_files/CP025952.1_results/PROKKA_06292018:CP025952.1_3 (length 51)
plasmid_files/CP025952.1_results/PROKKA_06292018:CP025952.1_4 (length 140)
plasmid_files/CP025952.1_results/PROKKA_06292018:CP025952.1_5 (length 92)
plasmid_files/CP025952.1_results/PROKKA_06292018:CP025952.1_6 (length 165)
plasmid_files/CP025952.1_results/PROKKA_06292018:CP025952.1_7 (length 234)
plasmid_files/CP025952.1_results/PROKKA_06292018:CP025952.1_8 (length 1711)
plasmid_files/CP025952.1_results/PROKKA_06292018:CP025952.1_9 (length 738)
plasmid_files/CP025952.1_results/PROKKA_06292018:CP025952.1_10 (length 245)
plasmid_files/CP025952.1_results/PROKKA_06292018:CP025952.1_11 (length 244)
plasmid_files/CP025952.1_results/PROKKA_06292018:CP025952.1_12 (length 173)
plasmid_files/CP025952.1_results/PROKKA_06292018:CP025952.1_13 (length 938)
plasmid_files/CP025952.1_results/PROKKA_06292018:CP025952.1_14 (length 130)
plasmid_files/CP025952.1_results/PROKKA_06292018:CP025952.1_15 (length 104)
plasmid_files/CP025952.1_results/PROKKA_06292018:CP025952.1_16 (length 181)
plasmid_files/CP025952.1_results/PROKKA_06292018:CP025952.1_17 (length 93)
plasmid_files/CP025952.1_results/PROKKA_06292018:CP025952.1_18 (length 247)
plasmid_files/CP025952.1_results/PROKKA_06292018:CP025952.1_19 (length 86)
plasmid_files/CP025952.1_results/PROKKA_06292018:CP025952.1_20 (length 616)
plasmid_files/CP025952.1_results/PROKKA_06292018:CP025952.1_21 (length 140)
plasmid_files/CP025952.1_results/PROKKA_06292018:CP025952.1_22 (length 123)
plasmid_files/CP025952.1_results/PROKKA_06292018:CP025952.1_23 (length 212)
plasmid_files/CP025952.1_results/PROKKA_06292018:CP025952.1_24 (length 173)
plasmid_files/CP025952.1_results/PROKKA_06292018:CP025952.1_25 (length 102)
plasmid_files/CP025952.1_results/PROKKA_06292018:CP025952.1_26 (length 330)
plasmid_files/CP025952.1_results/PROKKA_06292018:CP025952.1_27 (length 210)
plasmid_files/CP025952.1_results/PROKKA_06292018:CP025952.1_28 (length 128)
plasmid_files/CP025952.1_results/PROKKA_06292018:CP025952.1_29 (length 93)
plasmid_files/CP025952.1_results/PROKKA_06292018:CP025952.1_30 (length 234)
plasmid_files/CP025952.1_results/PROKKA_06292018:CP025952.1_31 (length 124)
plasmid_files/CP025952.1_results/PROKKA_06292018:CP025952.1_32 (length 119)
plasmid_files/CP025952.1_results/PROKKA_06292018:CP025952.1_33 (length 107)
plasmid_files/CP025952.1_results/PROKKA_06292018:CP025952.1_34 (length 242)
plasmid_files/CP025952.1_results/PROKKA_06292018:CP025952.1_35 (length 143)
plasmid_files/CP025952.1_results/PROKKA_06292018:CP025952.1_36 (length 432)
plasmid_files/CP025952.1_results/PROKKA_06292018:CP025952.1_37 (length 220)
plasmid_files/CP025952.1_results/PROKKA_06292018:CP025952.1_38 (length 76)
plasmid_files/CP025952.1_results/PROKKA_06292018:CP025952.1_39 (length 100)
plasmid_files/CP025952.1_results/PROKKA_06292018:CP025952.1_40 (length 37)
plasmid_files/CP025952.1_results/PROKKA_06292018:CP025952.1_41 (length 50)
plasmid_files/CP025952.1_results/PROKKA_06292018:CP025952.1_42 (length 86)
plasmid_files/CP025952.1_results/PROKKA_06292018:CP025952.1_43 (length 78)
plasmid_files/CP025952.1_results/PROKKA_06292018:CP025952.1_44 (length 63)
plasmid_files/CP025952.1_results/PROKKA_06292018:CP025952.1_45 (length 168)
plasmid_files/CP025952.1_results/PROKKA_06292018:CP025952.1_46 (length 259)
plasmid_files/CP025952.1_results/PROKKA_06292018:CP025952.1_47 (length 139)
plasmid_files/CP025952.1_results/PROKKA_06292018:CP025952.1_48 (length 73)
plasmid_files/CP025952.1_results/PROKKA_06292018:CP025952.1_49 (length 225)
plasmid_files/CP025952.1_results/PROKKA_06292018:CP025952.1_50 (length 223)
plasmid_files/CP025952.1_results/PROKKA_06292018:CP025952.1_51 (length 140)
plasmid_files/CP025952.1_results/PROKKA_06292018:CP025952.1_52 (length 423)
plasmid_files/CP025952.1_results/PROKKA_06292018:CP025952.1_53 (length 323)
plasmid_files/CP025952.1_results/PROKKA_06292018:CP025952.1_54 (length 401)
plasmid_files/CP025952.1_results/PROKKA_06292018:CP025952.1_55 (length 210)
plasmid_files/CP025952.1_results/PROKKA_06292018:CP025952.1_56 (length 66)
plasmid_files/CP025952.1_results/PROKKA_06292018:CP025952.1_57 (length 316)
plasmid_files/CP025952.1_results/PROKKA_06292018:CP025952.1_58 (length 203)
plasmid_files/CP025952.1_results/PROKKA_06292018:CP025952.1_59 (length 131)
plasmid_files/CP025952.1_results/PROKKA_06292018:CP025952.1_60 (length 326)
plasmid_files/CP025952.1_results/PROKKA_06292018:CP025952.1_61 (length 136)
plasmid_files/CP025952.1_results/PROKKA_06292018:CP025952.1_62 (length 42)
plasmid_files/CP025952.1_results/PROKKA_06292018:CP025952.1_63 (length 187)
plasmid_files/CP025952.1_results/PROKKA_06292018:CP025952.1_64 (length 234)
plasmid_files/CP025952.1_results/PROKKA_06292018:CP025952.1_65 (length 213)
plasmid_files/CP025952.1_results/PROKKA_06292018:CP025952.1_66 (length 166)
plasmid_files/CP025952.1_results/PROKKA_06292018:CP025952.1_67 (length 234)
plasmid_files/CP025952.1_results/PROKKA_06292018:CP025952.1_68 (length 115)
plasmid_files/CP025952.1_results/PROKKA_06292018:CP025952.1_69 (length 245)
plasmid_files/CP025952.1_results/PROKKA_06292018:CP025952.1_70 (length 127)
plasmid_files/CP025952.1_results/PROKKA_06292018:CP025952.1_71 (length 161)
plasmid_files/CP025952.1_results/PROKKA_06292018:CP025952.1_72 (length 104)
plasmid_files/CP025952.1_results/PROKKA_06292018:CP025952.1_73 (length 273)
plasmid_files/CP025952.1_results/PROKKA_06292018:CP025952.1_74 (length 35)
plasmid_files/CP025952.1_results/PROKKA_06292018:CP025952.1_75 (length 92)
plasmid_files/CP025952.1_results/PROKKA_06292018:CP025952.1_76 (length 106)
plasmid_files/CP025952.1_results/PROKKA_06292018:CP025952.1_77 (length 74)
plasmid_files/CP025952.1_results/PROKKA_06292018:CP025952.1_78 (length 70)
plasmid_files/CP025952.1_results/PROKKA_06292018:CP025952.1_79 (length 118)
plasmid_files/CP025952.1_results/PROKKA_06292018:CP025952.1_80 (length 234)
plasmid_files/CP025952.1_results/PROKKA_06292018:CP025952.1_81 (length 93)
plasmid_files/CP025952.1_results/PROKKA_06292018:CP025952.1_82 (length 117)
plasmid_files/CP025952.1_results/PROKKA_06292018:CP025952.1_83 (length 320)
plasmid_files/CP025952.1_results/PROKKA_06292018:CP025952.1_84 (length 227)
plasmid_files/CP025952.1_results/PROKKA_06292018:CP025952.1_85 (length 73)
plasmid_files/CP025952.1_results/PROKKA_06292018:CP025952.1_86 (length 144)
plasmid_files/CP025952.1_results/PROKKA_06292018:CP025952.1_87 (length 275)
plasmid_files/CP025952.1_results/PROKKA_06292018:CP025952.1_88 (length 141)
plasmid_files/CP025952.1_results/PROKKA_06292018:CP025952.1_89 (length 140)
plasmid_files/CP025952.1_results/PROKKA_06292018:CP025952.1_90 (length 63)
plasmid_files/CP025952.1_results/PROKKA_06292018:CP025952.1_91 (length 555)
plasmid_files/CP025952.1_results/PROKKA_06292018:CP025952.1_92 (length 85)
plasmid_files/CP025952.1_results/PROKKA_06292018:CP025952.1_93 (length 76)
plasmid_files/CP025952.1_results/PROKKA_06292018:CP025952.1_94 (length 453)
plasmid_files/CP025952.1_results/PROKKA_06292018:CP025952.1_95 (length 187)
plasmid_files/CP025952.1_results/PROKKA_06292018:CP025952.1_96 (length 151)
plasmid_files/CP025952.1_results/PROKKA_06292018:CP025952.1_97 (length 175)
plasmid_files/CP025952.1_results/PROKKA_06292018:CP025952.1_98 (length 77)
plasmid_files/CP025952.1_results/PROKKA_06292018:CP025952.1_99 (length 473)
plasmid_files/CP025952.1_results/PROKKA_06292018:CP025952.1_100 (length 191)
plasmid_files/CP025952.1_results/PROKKA_06292018:CP025952.1_101 (length 144)
plasmid_files/CP025952.1_results/PROKKA_06292018:CP025952.1_102 (length 239)
plasmid_files/CP025952.1_results/PROKKA_06292018:CP025952.1_103 (length 71)
plasmid_files/CP025952.1_results/PROKKA_06292018:CP025952.1_104 (length 125)
plasmid_files/CP025952.1_results/PROKKA_06292018:CP025952.1_105 (length 98)
plasmid_files/CP025952.1_results/PROKKA_06292018:CP025952.1_106 (length 273)
plasmid_files/CP025952.1_results/PROKKA_06292018:CP025952.1_107 (length 215)
plasmid_files/CP025952.1_results/PROKKA_06292018:CP025952.1_108 (length 127)
plasmid_files/CP025952.1_results/PROKKA_06292018:CP025952.1_109 (length 228)
plasmid_files/CP025952.1_results/PROKKA_06292018:CP025952.1_110 (length 75)
plasmid_files/CP025952.1_results/PROKKA_06292018:CP025952.1_111 (length 121)
plasmid_files/CP025952.1_results/PROKKA_06292018:CP025952.1_112 (length 103)
plasmid_files/CP025952.1_results/PROKKA_06292018:CP025952.1_113 (length 188)
plasmid_files/CP025952.1_results/PROKKA_06292018:CP025952.1_114 (length 242)
plasmid_files/CP025952.1_results/PROKKA_06292018:CP025952.1_115 (length 475)
plasmid_files/CP025952.1_results/PROKKA_06292018:CP025952.1_116 (length 196)
plasmid_files/CP025952.1_results/PROKKA_06292018:CP025952.1_117 (length 65)
plasmid_files/CP025952.1_results/PROKKA_06292018:CP025952.1_118 (length 83)
plasmid_files/CP025952.1_results/PROKKA_06292018:CP025952.1_119 (length 171)
plasmid_files/CP025952.1_results/PROKKA_06292018:CP025952.1_120 (length 73)
plasmid_files/CP025952.1_results/PROKKA_06292018:CP025952.1_121 (length 598)
plasmid_files/CP025952.1_results/PROKKA_06292018:CP025952.1_122 (length 234)
plasmid_files/CP025952.1_results/PROKKA_06292018:CP025952.1_123 (length 245)
plasmid_files/CP025952.1_results/PROKKA_06292018:CP025952.1_124 (length 74)
plasmid_files/CP025952.1_results/PROKKA_06292018:CP025952.1_125 (length 58)
plasmid_files/CP025952.1_results/PROKKA_06292018:CP025952.1_126 (length 334)
plasmid_files/CP025952.1_results/PROKKA_06292018:CP025952.1_127 (length 988)
plasmid_files/CP025952.1_results/PROKKA_06292018:CP025952.1_128 (length 234)
plasmid_files/CP025952.1_results/PROKKA_06292018:CP025952.1_129 (length 248)
plasmid_files/CP025952.1_results/PROKKA_06292018:CP025952.1_130 (length 186)
plasmid_files/CP025952.1_results/PROKKA_06292018:CP025952.1_131 (length 66)
plasmid_files/CP025952.1_results/PROKKA_06292018:CP025952.1_132 (length 199)
plasmid_files/CP025952.1_results/PROKKA_06292018:CP025952.1_133 (length 110)
plasmid_files/CP025952.1_results/PROKKA_06292018:CP025952.1_134 (length 49)
plasmid_files/CP025952.1_results/PROKKA_06292018:CP025952.1_135 (length 82)
plasmid_files/CP025952.1_results/PROKKA_06292018:CP025952.1_136 (length 285)
plasmid_files/CP025952.1_results/PROKKA_06292018:CP025952.1_137 (length 217)
plasmid_files/CP025952.1_results/PROKKA_06292018:CP025952.1_138 (length 85)
plasmid_files/CP025952.1_results/PROKKA_06292018:CP025952.1_139 (length 110)
plasmid_files/CP025952.1_results/PROKKA_06292018:CP025952.1_140 (length 71)
plasmid_files/CP025952.1_results/PROKKA_06292018:CP025952.1_141 (length 177)
plasmid_files/CP025952.1_results/PROKKA_06292018:CP025952.1_142 (length 234)
plasmid_files/CP025952.1_results/PROKKA_06292018:CP025952.1_143 (length 40)
plasmid_files/CP025952.1_results/PROKKA_06292018:CP025952.1_144 (length 291)
plasmid_files/CP025952.1_results/PROKKA_06292018:CP025952.1_145 (length 322)
plasmid_files/CP025952.1_results/PROKKA_06292018:CP025952.1_146 (length 341)
plasmid_files/CP025952.1_results/PROKKA_06292018:CP025952.1_147 (length 149)
plasmid_files/CP025952.1_results/PROKKA_06292018:CP025952.1_148 (length 234)
plasmid_files/CP025952.1_results/PROKKA_06292018:CP025952.1_149 (length 191)
plasmid_files/CP025952.1_results/PROKKA_06292018:CP025952.1_150 (length 234)
plasmid_files/CP025952.1_results/PROKKA_06292018:CP025952.1_151 (length 172)
plasmid_files/CP025952.1_results/PROKKA_06292018:CP025952.1_152 (length 138)
plasmid_files/CP025952.1_results/PROKKA_06292018:CP025952.1_153 (length 234)
plasmid_files/CP025952.1_results/PROKKA_06292018:CP025952.1_154 (length 240)
plasmid_files/CP025952.1_results/PROKKA_06292018:CP025952.1_155 (length 62)
plasmid_files/CP025952.1_results/PROKKA_06292018:CP025952.1_156 (length 171)
plasmid_files/CP025952.1_results/PROKKA_06292018:CP025952.1_157 (length 286)
plasmid_files/CP025952.1_results/PROKKA_06292018:CP025952.1_158 (length 251)
plasmid_files/CP025952.1_results/PROKKA_06292018:CP025952.1_159 (length 93)
plasmid_files/CP025952.1_results/PROKKA_06292018:CP025952.1_160 (length 234)
plasmid_files/CP025952.1_results/PROKKA_06292018:CP025952.1_161 (length 105)
plasmid_files/CP025952.1_results/PROKKA_06292018:CP025952.1_162 (length 116)
plasmid_files/CP025952.1_results/PROKKA_06292018:CP025952.1_163 (length 90)
plasmid_files/CP025952.1_results/PROKKA_06292018:CP025952.1_164 (length 50)
plasmid_files/CP025952.1_results/PROKKA_06292018:CP025952.1_165 (length 124)
plasmid_files/CP025952.1_results/PROKKA_06292018:CP025952.1_166 (length 108)
plasmid_files/CP025952.1_results/PROKKA_06292018:CP025952.1_167 (length 242)
plasmid_files/CP025952.1_results/PROKKA_06292018:CP025952.1_168 (length 143)
plasmid_files/CP025952.1_results/PROKKA_06292018:CP025952.1_169 (length 685)
plasmid_files/CP025952.1_results/PROKKA_06292018:CP025952.1_170 (length 82)
plasmid_files/CP025952.1_results/PROKKA_06292018:CP025952.1_171 (length 180)
plasmid_files/CP025952.1_results/PROKKA_06292018:CP025952.1_172 (length 109)
plasmid_files/CP025952.1_results/PROKKA_06292018:CP025952.1_173 (length 187)
plasmid_files/CP025952.1_results/PROKKA_06292018:CP025952.1_174 (length 451)
plasmid_files/CP025952.1_results/PROKKA_06292018:CP025952.1_175 (length 76)
plasmid_files/CP025952.1_results/PROKKA_06292018:CP025952.1_176 (length 75)
plasmid_files/CP025952.1_results/PROKKA_06292018:CP025952.1_177 (length 106)
plasmid_files/CP025952.1_results/PROKKA_06292018:CP025952.1_178 (length 84)
plasmid_files/CP025952.1_results/PROKKA_06292018:CP025952.1_179 (length 63)
plasmid_files/CP025952.1_results/PROKKA_06292018:CP025952.1_180 (length 168)
plasmid_files/CP025952.1_results/PROKKA_06292018:CP025952.1_181 (length 142)
plasmid_files/CP025952.1_results/PROKKA_06292018:CP025952.1_182 (length 255)
plasmid_files/CP025952.1_results/PROKKA_06292018:CP025952.1_183 (length 139)
plasmid_files/CP025952.1_results/PROKKA_06292018:CP025952.1_184 (length 73)
plasmid_files/CP025952.1_results/PROKKA_06292018:CP025952.1_185 (length 233)
plasmid_files/CP025952.1_results/PROKKA_06292018:CP025952.1_186 (length 76)
plasmid_files/CP025952.1_results/PROKKA_06292018:CP025952.1_187 (length 223)
plasmid_files/CP025952.1_results/PROKKA_06292018:CP025952.1_188 (length 323)
plasmid_files/CP025952.1_results/PROKKA_06292018:CP025952.1_189 (length 494)
plasmid_files/CP025952.1_results/PROKKA_06292018:CP025952.1_190 (length 143)
plasmid_files/CP025952.1_results/PROKKA_06292018:CP025952.1_191 (length 423)
plasmid_files/CP025952.1_results/PROKKA_06292018:CP025952.1_192 (length 324)
plasmid_files/CP025952.1_results/PROKKA_06292018:CP025952.1_193 (length 401)
plasmid_files/CP025952.1_results/PROKKA_06292018:CP025952.1_194 (length 203)
plasmid_files/CP025952.1_results/PROKKA_06292018:CP025952.1_195 (length 288)
plasmid_files/CP025952.1_results/PROKKA_06292018:CP025952.1_196 (length 31)
plasmid_files/CP025952.1_results/PROKKA_06292018:CP025952.1_197 (length 85)
plasmid_files/CP025952.1_results/PROKKA_06292018:CP025952.1_198 (length 259)
plasmid_files/CP025952.1_results/PROKKA_06292018:CP025952.1_199 (length 334)
plasmid_files/CP025952.1_results/PROKKA_06292018:CP025952.1_200 (length 67)
plasmid_files/CP025952.1_results/PROKKA_06292018:CP025952.1_201 (length 173)
plasmid_files/CP025952.1_results/PROKKA_06292018:CP025952.1_202 (length 130)
plasmid_files/CP025952.1_results/PROKKA_06292018:CP025952.1_203 (length 314)
plasmid_files/CP025952.1_results/PROKKA_06292018:CP025952.1_204 (length 76)
plasmid_files/CP025952.1_results/PROKKA_06292018:CP025952.1_205 (length 138)
plasmid_files/CP025952.1_results/PROKKA_06292018:CP025952.1_206 (length 520)
plasmid_files/CP025952.1_results/PROKKA_06292018:CP025952.1_207 (length 340)
plasmid_files/CP025952.1_results/PROKKA_06292018:CP025952.1_208 (length 125)
plasmid_files/CP025952.1_results/PROKKA_06292018:CP025952.1_209 (length 334)
plasmid_files/CP025952.1_results/PROKKA_06292018:CP025952.1_210 (length 144)
plasmid_files/CP025952.1_results/PROKKA_06292018:CP025952.1_211 (length 116)
plasmid_files/CP025952.1_results/PROKKA_06292018:CP025952.1_212 (length 91)
plasmid_files/CP025952.1_results/PROKKA_06292018:CP025952.1_213 (length 153)
plasmid_files/CP025952.1_results/PROKKA_06292018:CP025952.1_214 (length 564)
plasmid_files/CP025952.1_results/PROKKA_06292018:CP025952.1_215 (length 120)
plasmid_files/CP025952.1_results/PROKKA_06292018:CP025952.1_216 (length 78)
plasmid_files/CP025952.1_results/PROKKA_06292018:CP025952.1_217 (length 235)
plasmid_files/CP025952.1_results/PROKKA_06292018:CP025952.1_218 (length 396)
plasmid_files/CP025952.1_results/PROKKA_06292018:CP025952.1_219 (length 234)
plasmid_files/CP025952.1_results/PROKKA_06292018:CP025952.1_220 (length 133)
plasmid_files/CP025952.1_results/PROKKA_06292018:CP025952.1_221 (length 326)
plasmid_files/CP025952.1_results/PROKKA_06292018:CP025952.1_222 (length 293)
plasmid_files/CP025952.1_results/PROKKA_06292018:CP025952.1_223 (length 126)

DiscRep_ALL:DISC_INCONSISTENT_MOLINFO_TECH::Molinfo Technique Report (some missing, all same)
DiscRep_SUB:DISC_INCONSISTENT_MOLINFO_TECH::technique (all missing)
DiscRep_SUB:DISC_INCONSISTENT_MOLINFO_TECH::1 Molinfos are missing field technique
plasmid_files/CP025952.1_results/PROKKA_06292018:CP025952.1 (length 170821)

