Discrepancy Report Results

Summary
FATAL: MISSING_PROTEIN_ID:90 proteins have invalid IDs.
DISC_SOURCE_QUALS_ASNDISC:strain (all present, all unique)
DISC_SOURCE_QUALS_ASNDISC:taxname (all present, all unique)
DISC_FEATURE_COUNT:CDS: 90 present
DISC_COUNT_NUCLEOTIDES:1 nucleotide Bioseqs are present
FEATURE_LOCATION_CONFLICT:90 features have inconsistent gene locations.
DISC_QUALITY_SCORES:Quality scores are missing on all sequences.
ONCALLER_COMMENT_PRESENT:1 comment descriptors were found (all same)
SHORT_PROT_SEQUENCES:1 protein sequences are shorter than 50 aa.
MISSING_GENOMEASSEMBLY_COMMENTS:1 bioseqs are missing GenomeAssembly structured comments
MOLTYPE_NOT_MRNA:1 molecule types are not set as mRNA.
TECHNIQUE_NOT_TSA:1 technique are not set as TSA
MISSING_STRUCTURED_COMMENT:1 sequences do not include structured comments.
MISSING_PROJECT:91 sequences do not include project.
DISC_INCONSISTENT_MOLINFO_TECH:Molinfo Technique Report (some missing, all same)


Detailed Report

FATAL: DiscRep_ALL:MISSING_PROTEIN_ID::90 proteins have invalid IDs.
plasmid_files/CP026230.1_results/PROKKA_06292018:CP026230.1_1 (length 262)
plasmid_files/CP026230.1_results/PROKKA_06292018:CP026230.1_2 (length 65)
plasmid_files/CP026230.1_results/PROKKA_06292018:CP026230.1_3 (length 350)
plasmid_files/CP026230.1_results/PROKKA_06292018:CP026230.1_4 (length 59)
plasmid_files/CP026230.1_results/PROKKA_06292018:CP026230.1_5 (length 73)
plasmid_files/CP026230.1_results/PROKKA_06292018:CP026230.1_6 (length 146)
plasmid_files/CP026230.1_results/PROKKA_06292018:CP026230.1_7 (length 108)
plasmid_files/CP026230.1_results/PROKKA_06292018:CP026230.1_8 (length 227)
plasmid_files/CP026230.1_results/PROKKA_06292018:CP026230.1_9 (length 737)
plasmid_files/CP026230.1_results/PROKKA_06292018:CP026230.1_10 (length 293)
plasmid_files/CP026230.1_results/PROKKA_06292018:CP026230.1_11 (length 559)
plasmid_files/CP026230.1_results/PROKKA_06292018:CP026230.1_12 (length 330)
plasmid_files/CP026230.1_results/PROKKA_06292018:CP026230.1_13 (length 166)
plasmid_files/CP026230.1_results/PROKKA_06292018:CP026230.1_14 (length 279)
plasmid_files/CP026230.1_results/PROKKA_06292018:CP026230.1_15 (length 115)
plasmid_files/CP026230.1_results/PROKKA_06292018:CP026230.1_16 (length 184)
plasmid_files/CP026230.1_results/PROKKA_06292018:CP026230.1_17 (length 275)
plasmid_files/CP026230.1_results/PROKKA_06292018:CP026230.1_18 (length 342)
plasmid_files/CP026230.1_results/PROKKA_06292018:CP026230.1_19 (length 235)
plasmid_files/CP026230.1_results/PROKKA_06292018:CP026230.1_20 (length 234)
plasmid_files/CP026230.1_results/PROKKA_06292018:CP026230.1_21 (length 338)
plasmid_files/CP026230.1_results/PROKKA_06292018:CP026230.1_22 (length 274)
plasmid_files/CP026230.1_results/PROKKA_06292018:CP026230.1_23 (length 338)
plasmid_files/CP026230.1_results/PROKKA_06292018:CP026230.1_24 (length 491)
plasmid_files/CP026230.1_results/PROKKA_06292018:CP026230.1_25 (length 234)
plasmid_files/CP026230.1_results/PROKKA_06292018:CP026230.1_26 (length 114)
plasmid_files/CP026230.1_results/PROKKA_06292018:CP026230.1_27 (length 337)
plasmid_files/CP026230.1_results/PROKKA_06292018:CP026230.1_28 (length 338)
plasmid_files/CP026230.1_results/PROKKA_06292018:CP026230.1_29 (length 275)
plasmid_files/CP026230.1_results/PROKKA_06292018:CP026230.1_30 (length 115)
plasmid_files/CP026230.1_results/PROKKA_06292018:CP026230.1_31 (length 123)
plasmid_files/CP026230.1_results/PROKKA_06292018:CP026230.1_32 (length 234)
plasmid_files/CP026230.1_results/PROKKA_06292018:CP026230.1_33 (length 574)
plasmid_files/CP026230.1_results/PROKKA_06292018:CP026230.1_34 (length 246)
plasmid_files/CP026230.1_results/PROKKA_06292018:CP026230.1_35 (length 82)
plasmid_files/CP026230.1_results/PROKKA_06292018:CP026230.1_36 (length 274)
plasmid_files/CP026230.1_results/PROKKA_06292018:CP026230.1_37 (length 274)
plasmid_files/CP026230.1_results/PROKKA_06292018:CP026230.1_38 (length 195)
plasmid_files/CP026230.1_results/PROKKA_06292018:CP026230.1_39 (length 76)
plasmid_files/CP026230.1_results/PROKKA_06292018:CP026230.1_40 (length 165)
plasmid_files/CP026230.1_results/PROKKA_06292018:CP026230.1_41 (length 372)
plasmid_files/CP026230.1_results/PROKKA_06292018:CP026230.1_42 (length 175)
plasmid_files/CP026230.1_results/PROKKA_06292018:CP026230.1_43 (length 62)
plasmid_files/CP026230.1_results/PROKKA_06292018:CP026230.1_44 (length 79)
plasmid_files/CP026230.1_results/PROKKA_06292018:CP026230.1_45 (length 201)
plasmid_files/CP026230.1_results/PROKKA_06292018:CP026230.1_46 (length 36)
plasmid_files/CP026230.1_results/PROKKA_06292018:CP026230.1_47 (length 149)
plasmid_files/CP026230.1_results/PROKKA_06292018:CP026230.1_48 (length 962)
plasmid_files/CP026230.1_results/PROKKA_06292018:CP026230.1_49 (length 210)
plasmid_files/CP026230.1_results/PROKKA_06292018:CP026230.1_50 (length 100)
plasmid_files/CP026230.1_results/PROKKA_06292018:CP026230.1_51 (length 111)
plasmid_files/CP026230.1_results/PROKKA_06292018:CP026230.1_52 (length 70)
plasmid_files/CP026230.1_results/PROKKA_06292018:CP026230.1_53 (length 398)
plasmid_files/CP026230.1_results/PROKKA_06292018:CP026230.1_54 (length 104)
plasmid_files/CP026230.1_results/PROKKA_06292018:CP026230.1_55 (length 144)
plasmid_files/CP026230.1_results/PROKKA_06292018:CP026230.1_56 (length 116)
plasmid_files/CP026230.1_results/PROKKA_06292018:CP026230.1_57 (length 91)
plasmid_files/CP026230.1_results/PROKKA_06292018:CP026230.1_58 (length 561)
plasmid_files/CP026230.1_results/PROKKA_06292018:CP026230.1_59 (length 121)
plasmid_files/CP026230.1_results/PROKKA_06292018:CP026230.1_60 (length 78)
plasmid_files/CP026230.1_results/PROKKA_06292018:CP026230.1_61 (length 260)
plasmid_files/CP026230.1_results/PROKKA_06292018:CP026230.1_62 (length 309)
plasmid_files/CP026230.1_results/PROKKA_06292018:CP026230.1_63 (length 79)
plasmid_files/CP026230.1_results/PROKKA_06292018:CP026230.1_64 (length 136)
plasmid_files/CP026230.1_results/PROKKA_06292018:CP026230.1_65 (length 997)
plasmid_files/CP026230.1_results/PROKKA_06292018:CP026230.1_66 (length 70)
plasmid_files/CP026230.1_results/PROKKA_06292018:CP026230.1_67 (length 91)
plasmid_files/CP026230.1_results/PROKKA_06292018:CP026230.1_68 (length 116)
plasmid_files/CP026230.1_results/PROKKA_06292018:CP026230.1_69 (length 132)
plasmid_files/CP026230.1_results/PROKKA_06292018:CP026230.1_70 (length 349)
plasmid_files/CP026230.1_results/PROKKA_06292018:CP026230.1_71 (length 254)
plasmid_files/CP026230.1_results/PROKKA_06292018:CP026230.1_72 (length 103)
plasmid_files/CP026230.1_results/PROKKA_06292018:CP026230.1_73 (length 176)
plasmid_files/CP026230.1_results/PROKKA_06292018:CP026230.1_74 (length 109)
plasmid_files/CP026230.1_results/PROKKA_06292018:CP026230.1_75 (length 71)
plasmid_files/CP026230.1_results/PROKKA_06292018:CP026230.1_76 (length 78)
plasmid_files/CP026230.1_results/PROKKA_06292018:CP026230.1_77 (length 85)
plasmid_files/CP026230.1_results/PROKKA_06292018:CP026230.1_78 (length 402)
plasmid_files/CP026230.1_results/PROKKA_06292018:CP026230.1_79 (length 142)
plasmid_files/CP026230.1_results/PROKKA_06292018:CP026230.1_80 (length 571)
plasmid_files/CP026230.1_results/PROKKA_06292018:CP026230.1_81 (length 1009)
plasmid_files/CP026230.1_results/PROKKA_06292018:CP026230.1_82 (length 341)
plasmid_files/CP026230.1_results/PROKKA_06292018:CP026230.1_83 (length 259)
plasmid_files/CP026230.1_results/PROKKA_06292018:CP026230.1_84 (length 293)
plasmid_files/CP026230.1_results/PROKKA_06292018:CP026230.1_85 (length 185)
plasmid_files/CP026230.1_results/PROKKA_06292018:CP026230.1_86 (length 343)
plasmid_files/CP026230.1_results/PROKKA_06292018:CP026230.1_87 (length 525)
plasmid_files/CP026230.1_results/PROKKA_06292018:CP026230.1_88 (length 186)
plasmid_files/CP026230.1_results/PROKKA_06292018:CP026230.1_89 (length 114)
plasmid_files/CP026230.1_results/PROKKA_06292018:CP026230.1_90 (length 328)

DiscRep_ALL:DISC_SOURCE_QUALS_ASNDISC::strain (all present, all unique)
DiscRep_SUB:DISC_SOURCE_QUALS_ASNDISC::1 sources have unique values for strain
DiscRep_ALL:DISC_SOURCE_QUALS_ASNDISC::taxname (all present, all unique)
DiscRep_SUB:DISC_SOURCE_QUALS_ASNDISC::1 sources have unique values for taxname
DiscRep_ALL:DISC_FEATURE_COUNT::CDS: 90 present
DiscRep_ALL:DISC_COUNT_NUCLEOTIDES::1 nucleotide Bioseqs are present
plasmid_files/CP026230.1_results/PROKKA_06292018:CP026230.1 (length 77569)

DiscRep_ALL:FEATURE_LOCATION_CONFLICT::90 features have inconsistent gene locations.
DiscRep_SUB:FEATURE_LOCATION_CONFLICT::Coding region xref gene does not exist
plasmid_files/CP026230.1_results/PROKKA_06292018:CDS	hypothetical protein	CP026230.1:78-866	AFLDNPAD_00001

DiscRep_SUB:FEATURE_LOCATION_CONFLICT::Coding region xref gene does not exist
plasmid_files/CP026230.1_results/PROKKA_06292018:CDS	hypothetical protein	CP026230.1:1099-1296	AFLDNPAD_00002

DiscRep_SUB:FEATURE_LOCATION_CONFLICT::Coding region xref gene does not exist
plasmid_files/CP026230.1_results/PROKKA_06292018:CDS	Chromosome partition protein Smc	CP026230.1:1465-2517	AFLDNPAD_00003

DiscRep_SUB:FEATURE_LOCATION_CONFLICT::Coding region xref gene does not exist
plasmid_files/CP026230.1_results/PROKKA_06292018:CDS	hypothetical protein	CP026230.1:2514-2693	AFLDNPAD_00004

DiscRep_SUB:FEATURE_LOCATION_CONFLICT::Coding region xref gene does not exist
plasmid_files/CP026230.1_results/PROKKA_06292018:CDS	hypothetical protein	CP026230.1:2680-2901	AFLDNPAD_00005

DiscRep_SUB:FEATURE_LOCATION_CONFLICT::Coding region xref gene does not exist
plasmid_files/CP026230.1_results/PROKKA_06292018:CDS	hypothetical protein	CP026230.1:c3377-2937	AFLDNPAD_00006

DiscRep_SUB:FEATURE_LOCATION_CONFLICT::Coding region xref gene does not exist
plasmid_files/CP026230.1_results/PROKKA_06292018:CDS	hypothetical protein	CP026230.1:c3974-3648	AFLDNPAD_00007

DiscRep_SUB:FEATURE_LOCATION_CONFLICT::Coding region xref gene does not exist
plasmid_files/CP026230.1_results/PROKKA_06292018:CDS	hypothetical protein	CP026230.1:4261-4944	AFLDNPAD_00008

DiscRep_SUB:FEATURE_LOCATION_CONFLICT::Coding region xref gene does not exist
plasmid_files/CP026230.1_results/PROKKA_06292018:CDS	Protein TraI	CP026230.1:4922-7135	AFLDNPAD_00009

DiscRep_SUB:FEATURE_LOCATION_CONFLICT::Coding region xref gene does not exist
plasmid_files/CP026230.1_results/PROKKA_06292018:CDS	hypothetical protein	CP026230.1:7516-8397	AFLDNPAD_00010

DiscRep_SUB:FEATURE_LOCATION_CONFLICT::Coding region xref gene does not exist
plasmid_files/CP026230.1_results/PROKKA_06292018:CDS	Transposon Tn7 transposition protein TnsB	CP026230.1:8811-10490	AFLDNPAD_00011

DiscRep_SUB:FEATURE_LOCATION_CONFLICT::Coding region xref gene does not exist
plasmid_files/CP026230.1_results/PROKKA_06292018:CDS	hypothetical protein	CP026230.1:10493-11485	AFLDNPAD_00012

DiscRep_SUB:FEATURE_LOCATION_CONFLICT::Coding region xref gene does not exist
plasmid_files/CP026230.1_results/PROKKA_06292018:CDS	hypothetical protein	CP026230.1:c11954-11454	AFLDNPAD_00013

DiscRep_SUB:FEATURE_LOCATION_CONFLICT::Coding region xref gene does not exist
plasmid_files/CP026230.1_results/PROKKA_06292018:CDS	Dihydropteroate synthase	CP026230.1:c12921-12082	AFLDNPAD_00014

DiscRep_SUB:FEATURE_LOCATION_CONFLICT::Coding region xref gene does not exist
plasmid_files/CP026230.1_results/PROKKA_06292018:CDS	Multidrug transporter EmrE	CP026230.1:c13262-12915	AFLDNPAD_00015

DiscRep_SUB:FEATURE_LOCATION_CONFLICT::Coding region xref gene does not exist
plasmid_files/CP026230.1_results/PROKKA_06292018:CDS	Aminoglycoside N(6')-acetyltransferase type 1	CP026230.1:c14305-13751	AFLDNPAD_00016

DiscRep_SUB:FEATURE_LOCATION_CONFLICT::Coding region xref gene does not exist
plasmid_files/CP026230.1_results/PROKKA_06292018:CDS	Beta-lactamase OXA-2	CP026230.1:c15184-14357	AFLDNPAD_00017

DiscRep_SUB:FEATURE_LOCATION_CONFLICT::Coding region xref gene does not exist
plasmid_files/CP026230.1_results/PROKKA_06292018:CDS	hypothetical protein	CP026230.1:c16387-15359	AFLDNPAD_00018

DiscRep_SUB:FEATURE_LOCATION_CONFLICT::Coding region xref gene does not exist
plasmid_files/CP026230.1_results/PROKKA_06292018:CDS	Tyrosine recombinase XerD	CP026230.1:16457-17164	AFLDNPAD_00019

DiscRep_SUB:FEATURE_LOCATION_CONFLICT::Coding region xref gene does not exist
plasmid_files/CP026230.1_results/PROKKA_06292018:CDS	hypothetical protein	CP026230.1:c17759-17055	AFLDNPAD_00020

DiscRep_SUB:FEATURE_LOCATION_CONFLICT::Coding region xref gene does not exist
plasmid_files/CP026230.1_results/PROKKA_06292018:CDS	hypothetical protein	CP026230.1:17839-18855	AFLDNPAD_00021

DiscRep_SUB:FEATURE_LOCATION_CONFLICT::Coding region xref gene does not exist
plasmid_files/CP026230.1_results/PROKKA_06292018:CDS	hypothetical protein	CP026230.1:c19770-18946	AFLDNPAD_00022

DiscRep_SUB:FEATURE_LOCATION_CONFLICT::Coding region xref gene does not exist
plasmid_files/CP026230.1_results/PROKKA_06292018:CDS	hypothetical protein	CP026230.1:19889-20905	AFLDNPAD_00023

DiscRep_SUB:FEATURE_LOCATION_CONFLICT::Coding region xref gene does not exist
plasmid_files/CP026230.1_results/PROKKA_06292018:CDS	putative ABC transporter ATP-binding protein YbiT	CP026230.1:c22464-20989	AFLDNPAD_00024

DiscRep_SUB:FEATURE_LOCATION_CONFLICT::Coding region xref gene does not exist
plasmid_files/CP026230.1_results/PROKKA_06292018:CDS	hypothetical protein	CP026230.1:c23618-22914	AFLDNPAD_00025

DiscRep_SUB:FEATURE_LOCATION_CONFLICT::Coding region xref gene does not exist
plasmid_files/CP026230.1_results/PROKKA_06292018:CDS	DNA-invertase hin	CP026230.1:c23974-23630	AFLDNPAD_00026

DiscRep_SUB:FEATURE_LOCATION_CONFLICT::Coding region xref gene does not exist
plasmid_files/CP026230.1_results/PROKKA_06292018:CDS	Tyrosine recombinase XerD	CP026230.1:c25258-24245	AFLDNPAD_00027

DiscRep_SUB:FEATURE_LOCATION_CONFLICT::Coding region xref gene does not exist
plasmid_files/CP026230.1_results/PROKKA_06292018:CDS	hypothetical protein	CP026230.1:25328-26344	AFLDNPAD_00028

DiscRep_SUB:FEATURE_LOCATION_CONFLICT::Coding region xref gene does not exist
plasmid_files/CP026230.1_results/PROKKA_06292018:CDS	Beta-lactamase OXA-2	CP026230.1:26519-27346	AFLDNPAD_00029

DiscRep_SUB:FEATURE_LOCATION_CONFLICT::Coding region xref gene does not exist
plasmid_files/CP026230.1_results/PROKKA_06292018:CDS	Multidrug transporter EmrE	CP026230.1:27482-27829	AFLDNPAD_00030

DiscRep_SUB:FEATURE_LOCATION_CONFLICT::Coding region xref gene does not exist
plasmid_files/CP026230.1_results/PROKKA_06292018:CDS	Dihydropteroate synthase	CP026230.1:27823-28194	AFLDNPAD_00031

DiscRep_SUB:FEATURE_LOCATION_CONFLICT::Coding region xref gene does not exist
plasmid_files/CP026230.1_results/PROKKA_06292018:CDS	hypothetical protein	CP026230.1:28206-28910	AFLDNPAD_00032

DiscRep_SUB:FEATURE_LOCATION_CONFLICT::Coding region xref gene does not exist
plasmid_files/CP026230.1_results/PROKKA_06292018:CDS	Modification methylase PaeR7I	CP026230.1:29280-31004	AFLDNPAD_00033

DiscRep_SUB:FEATURE_LOCATION_CONFLICT::Coding region xref gene does not exist
plasmid_files/CP026230.1_results/PROKKA_06292018:CDS	Type-2 restriction enzyme PaeR7I	CP026230.1:31005-31745	AFLDNPAD_00034

DiscRep_SUB:FEATURE_LOCATION_CONFLICT::Coding region xref gene does not exist
plasmid_files/CP026230.1_results/PROKKA_06292018:CDS	hypothetical protein	CP026230.1:31784-32032	AFLDNPAD_00035

DiscRep_SUB:FEATURE_LOCATION_CONFLICT::Coding region xref gene does not exist
plasmid_files/CP026230.1_results/PROKKA_06292018:CDS	hypothetical protein	CP026230.1:32036-32860	AFLDNPAD_00036

DiscRep_SUB:FEATURE_LOCATION_CONFLICT::Coding region xref gene does not exist
plasmid_files/CP026230.1_results/PROKKA_06292018:CDS	hypothetical protein	CP026230.1:32868-33692	AFLDNPAD_00037

DiscRep_SUB:FEATURE_LOCATION_CONFLICT::Coding region xref gene does not exist
plasmid_files/CP026230.1_results/PROKKA_06292018:CDS	hypothetical protein	CP026230.1:c34292-33705	AFLDNPAD_00038

DiscRep_SUB:FEATURE_LOCATION_CONFLICT::Coding region xref gene does not exist
plasmid_files/CP026230.1_results/PROKKA_06292018:CDS	hypothetical protein	CP026230.1:c34556-34326	AFLDNPAD_00039

DiscRep_SUB:FEATURE_LOCATION_CONFLICT::Coding region xref gene does not exist
plasmid_files/CP026230.1_results/PROKKA_06292018:CDS	hypothetical protein	CP026230.1:c35032-34535	AFLDNPAD_00040

DiscRep_SUB:FEATURE_LOCATION_CONFLICT::Coding region xref gene does not exist
plasmid_files/CP026230.1_results/PROKKA_06292018:CDS	hypothetical protein	CP026230.1:c36161-35043	AFLDNPAD_00041

DiscRep_SUB:FEATURE_LOCATION_CONFLICT::Coding region xref gene does not exist
plasmid_files/CP026230.1_results/PROKKA_06292018:CDS	hypothetical protein	CP026230.1:c36691-36164	AFLDNPAD_00042

DiscRep_SUB:FEATURE_LOCATION_CONFLICT::Coding region xref gene does not exist
plasmid_files/CP026230.1_results/PROKKA_06292018:CDS	hypothetical protein	CP026230.1:c36872-36684	AFLDNPAD_00043

DiscRep_SUB:FEATURE_LOCATION_CONFLICT::Coding region xref gene does not exist
plasmid_files/CP026230.1_results/PROKKA_06292018:CDS	hypothetical protein	CP026230.1:c37098-36859	AFLDNPAD_00044

DiscRep_SUB:FEATURE_LOCATION_CONFLICT::Coding region xref gene does not exist
plasmid_files/CP026230.1_results/PROKKA_06292018:CDS	hypothetical protein	CP026230.1:c37703-37098	AFLDNPAD_00045

DiscRep_SUB:FEATURE_LOCATION_CONFLICT::Coding region xref gene does not exist
plasmid_files/CP026230.1_results/PROKKA_06292018:CDS	hypothetical protein	CP026230.1:c37810-37700	AFLDNPAD_00046

DiscRep_SUB:FEATURE_LOCATION_CONFLICT::Coding region xref gene does not exist
plasmid_files/CP026230.1_results/PROKKA_06292018:CDS	hypothetical protein	CP026230.1:c38274-37825	AFLDNPAD_00047

DiscRep_SUB:FEATURE_LOCATION_CONFLICT::Coding region xref gene does not exist
plasmid_files/CP026230.1_results/PROKKA_06292018:CDS	hypothetical protein	CP026230.1:c41168-38280	AFLDNPAD_00048

DiscRep_SUB:FEATURE_LOCATION_CONFLICT::Coding region xref gene does not exist
plasmid_files/CP026230.1_results/PROKKA_06292018:CDS	Chromosome-partitioning ATPase Soj	CP026230.1:41435-42067	AFLDNPAD_00049

DiscRep_SUB:FEATURE_LOCATION_CONFLICT::Coding region xref gene does not exist
plasmid_files/CP026230.1_results/PROKKA_06292018:CDS	hypothetical protein	CP026230.1:42064-42366	AFLDNPAD_00050

DiscRep_SUB:FEATURE_LOCATION_CONFLICT::Coding region xref gene does not exist
plasmid_files/CP026230.1_results/PROKKA_06292018:CDS	hypothetical protein	CP026230.1:42483-42818	AFLDNPAD_00051

DiscRep_SUB:FEATURE_LOCATION_CONFLICT::Coding region xref gene does not exist
plasmid_files/CP026230.1_results/PROKKA_06292018:CDS	hypothetical protein	CP026230.1:c42980-42768	AFLDNPAD_00052

DiscRep_SUB:FEATURE_LOCATION_CONFLICT::Coding region xref gene does not exist
plasmid_files/CP026230.1_results/PROKKA_06292018:CDS	hypothetical protein	CP026230.1:43058-44254	AFLDNPAD_00053

DiscRep_SUB:FEATURE_LOCATION_CONFLICT::Coding region xref gene does not exist
plasmid_files/CP026230.1_results/PROKKA_06292018:CDS	hypothetical protein	CP026230.1:44445-44759	AFLDNPAD_00054

DiscRep_SUB:FEATURE_LOCATION_CONFLICT::Coding region xref gene does not exist
plasmid_files/CP026230.1_results/PROKKA_06292018:CDS	Mercuric resistance operon regulatory protein	CP026230.1:c45427-44993	AFLDNPAD_00055

DiscRep_SUB:FEATURE_LOCATION_CONFLICT::Coding region xref gene does not exist
plasmid_files/CP026230.1_results/PROKKA_06292018:CDS	Mercuric transport protein MerT	CP026230.1:45499-45849	AFLDNPAD_00056

DiscRep_SUB:FEATURE_LOCATION_CONFLICT::Coding region xref gene does not exist
plasmid_files/CP026230.1_results/PROKKA_06292018:CDS	Mercuric transport protein periplasmic component	CP026230.1:45862-46137	AFLDNPAD_00057

DiscRep_SUB:FEATURE_LOCATION_CONFLICT::Coding region xref gene does not exist
plasmid_files/CP026230.1_results/PROKKA_06292018:CDS	Mercuric reductase	CP026230.1:46209-47894	AFLDNPAD_00058

DiscRep_SUB:FEATURE_LOCATION_CONFLICT::Coding region xref gene does not exist
plasmid_files/CP026230.1_results/PROKKA_06292018:CDS	hypothetical protein	CP026230.1:47912-48277	AFLDNPAD_00059

DiscRep_SUB:FEATURE_LOCATION_CONFLICT::Coding region xref gene does not exist
plasmid_files/CP026230.1_results/PROKKA_06292018:CDS	hypothetical protein	CP026230.1:48274-48510	AFLDNPAD_00060

DiscRep_SUB:FEATURE_LOCATION_CONFLICT::Coding region xref gene does not exist
plasmid_files/CP026230.1_results/PROKKA_06292018:CDS	putative signaling protein	CP026230.1:48507-49289	AFLDNPAD_00061

DiscRep_SUB:FEATURE_LOCATION_CONFLICT::Coding region xref gene does not exist
plasmid_files/CP026230.1_results/PROKKA_06292018:CDS	DNA-invertase hin	CP026230.1:c50142-49213	AFLDNPAD_00062

DiscRep_SUB:FEATURE_LOCATION_CONFLICT::Coding region xref gene does not exist
plasmid_files/CP026230.1_results/PROKKA_06292018:CDS	hypothetical protein	CP026230.1:50344-50583	AFLDNPAD_00063

DiscRep_SUB:FEATURE_LOCATION_CONFLICT::Coding region xref gene does not exist
plasmid_files/CP026230.1_results/PROKKA_06292018:CDS	hypothetical protein	CP026230.1:50583-50993	AFLDNPAD_00064

DiscRep_SUB:FEATURE_LOCATION_CONFLICT::Coding region xref gene does not exist
plasmid_files/CP026230.1_results/PROKKA_06292018:CDS	hypothetical protein	CP026230.1:50997-53990	AFLDNPAD_00065

DiscRep_SUB:FEATURE_LOCATION_CONFLICT::Coding region xref gene does not exist
plasmid_files/CP026230.1_results/PROKKA_06292018:CDS	hypothetical protein	CP026230.1:c54215-54003	AFLDNPAD_00066

DiscRep_SUB:FEATURE_LOCATION_CONFLICT::Coding region xref gene does not exist
plasmid_files/CP026230.1_results/PROKKA_06292018:CDS	Mercuric transport protein periplasmic component	CP026230.1:c54498-54223	AFLDNPAD_00067

DiscRep_SUB:FEATURE_LOCATION_CONFLICT::Coding region xref gene does not exist
plasmid_files/CP026230.1_results/PROKKA_06292018:CDS	Mercuric transport protein MerT	CP026230.1:c54861-54511	AFLDNPAD_00068

DiscRep_SUB:FEATURE_LOCATION_CONFLICT::Coding region xref gene does not exist
plasmid_files/CP026230.1_results/PROKKA_06292018:CDS	Mercuric resistance operon regulatory protein	CP026230.1:54936-55334	AFLDNPAD_00069

DiscRep_SUB:FEATURE_LOCATION_CONFLICT::Coding region xref gene does not exist
plasmid_files/CP026230.1_results/PROKKA_06292018:CDS	Transcriptional repressor protein KorB	CP026230.1:c56580-55531	AFLDNPAD_00070

DiscRep_SUB:FEATURE_LOCATION_CONFLICT::Coding region xref gene does not exist
plasmid_files/CP026230.1_results/PROKKA_06292018:CDS	Chromosome-partitioning ATPase Soj	CP026230.1:c57341-56577	AFLDNPAD_00071

DiscRep_SUB:FEATURE_LOCATION_CONFLICT::Coding region xref gene does not exist
plasmid_files/CP026230.1_results/PROKKA_06292018:CDS	TrfB transcriptional repressor protein	CP026230.1:c57649-57338	AFLDNPAD_00072

DiscRep_SUB:FEATURE_LOCATION_CONFLICT::Coding region xref gene does not exist
plasmid_files/CP026230.1_results/PROKKA_06292018:CDS	hypothetical protein	CP026230.1:c58284-57754	AFLDNPAD_00073

DiscRep_SUB:FEATURE_LOCATION_CONFLICT::Coding region xref gene does not exist
plasmid_files/CP026230.1_results/PROKKA_06292018:CDS	hypothetical protein	CP026230.1:c58615-58286	AFLDNPAD_00074

DiscRep_SUB:FEATURE_LOCATION_CONFLICT::Coding region xref gene does not exist
plasmid_files/CP026230.1_results/PROKKA_06292018:CDS	hypothetical protein	CP026230.1:c58975-58760	AFLDNPAD_00075

DiscRep_SUB:FEATURE_LOCATION_CONFLICT::Coding region xref gene does not exist
plasmid_files/CP026230.1_results/PROKKA_06292018:CDS	hypothetical protein	CP026230.1:c59270-59034	AFLDNPAD_00076

DiscRep_SUB:FEATURE_LOCATION_CONFLICT::Coding region xref gene does not exist
plasmid_files/CP026230.1_results/PROKKA_06292018:CDS	hypothetical protein	CP026230.1:c59685-59428	AFLDNPAD_00077

DiscRep_SUB:FEATURE_LOCATION_CONFLICT::Coding region xref gene does not exist
plasmid_files/CP026230.1_results/PROKKA_06292018:CDS	Protein KlcB	CP026230.1:c60910-59702	AFLDNPAD_00078

DiscRep_SUB:FEATURE_LOCATION_CONFLICT::Coding region xref gene does not exist
plasmid_files/CP026230.1_results/PROKKA_06292018:CDS	Antirestriction protein KlcA	CP026230.1:c61390-60962	AFLDNPAD_00079

DiscRep_SUB:FEATURE_LOCATION_CONFLICT::Coding region xref gene does not exist
plasmid_files/CP026230.1_results/PROKKA_06292018:CDS	Tyrosine recombinase XerD	CP026230.1:c64572-62857	AFLDNPAD_00080

DiscRep_SUB:FEATURE_LOCATION_CONFLICT::Coding region xref gene does not exist
plasmid_files/CP026230.1_results/PROKKA_06292018:CDS	hypothetical protein	CP026230.1:64682-67711	AFLDNPAD_00081

DiscRep_SUB:FEATURE_LOCATION_CONFLICT::Coding region xref gene does not exist
plasmid_files/CP026230.1_results/PROKKA_06292018:CDS	hypothetical protein	CP026230.1:67818-68843	AFLDNPAD_00082

DiscRep_SUB:FEATURE_LOCATION_CONFLICT::Coding region xref gene does not exist
plasmid_files/CP026230.1_results/PROKKA_06292018:CDS	Insertion sequence IS5376 putative ATP-binding protein	CP026230.1:68840-69619	AFLDNPAD_00083

DiscRep_SUB:FEATURE_LOCATION_CONFLICT::Coding region xref gene does not exist
plasmid_files/CP026230.1_results/PROKKA_06292018:CDS	Carbapenem-hydrolyzing beta-lactamase KPC	CP026230.1:70006-70887	AFLDNPAD_00084

DiscRep_SUB:FEATURE_LOCATION_CONFLICT::Coding region xref gene does not exist
plasmid_files/CP026230.1_results/PROKKA_06292018:CDS	hypothetical protein	CP026230.1:c71694-71137	AFLDNPAD_00085

DiscRep_SUB:FEATURE_LOCATION_CONFLICT::Coding region xref gene does not exist
plasmid_files/CP026230.1_results/PROKKA_06292018:CDS	hypothetical protein	CP026230.1:c72834-71803	AFLDNPAD_00086

DiscRep_SUB:FEATURE_LOCATION_CONFLICT::Coding region xref gene does not exist
plasmid_files/CP026230.1_results/PROKKA_06292018:CDS	Aerotaxis receptor	CP026230.1:c74639-73062	AFLDNPAD_00087

DiscRep_SUB:FEATURE_LOCATION_CONFLICT::Coding region xref gene does not exist
plasmid_files/CP026230.1_results/PROKKA_06292018:CDS	DNA-invertase hin	CP026230.1:74903-75463	AFLDNPAD_00088

DiscRep_SUB:FEATURE_LOCATION_CONFLICT::Coding region xref gene does not exist
plasmid_files/CP026230.1_results/PROKKA_06292018:CDS	hypothetical protein	CP026230.1:c76032-75688	AFLDNPAD_00089

DiscRep_SUB:FEATURE_LOCATION_CONFLICT::Coding region xref gene does not exist
plasmid_files/CP026230.1_results/PROKKA_06292018:CDS	hypothetical protein	CP026230.1:c77247-76261	AFLDNPAD_00090

DiscRep_ALL:DISC_QUALITY_SCORES::Quality scores are missing on all sequences.

DiscRep_ALL:ONCALLER_COMMENT_PRESENT::1 comment descriptors were found (all same)
plasmid_files/CP026230.1_results/PROKKA_06292018:CP026230.1:Annotated using prokka 1.14-dev from https://github.com/tseemann/prokka

DiscRep_ALL:SHORT_PROT_SEQUENCES::1 protein sequences are shorter than 50 aa.
plasmid_files/CP026230.1_results/PROKKA_06292018:CP026230.1_46 (length 36)

DiscRep_ALL:MISSING_GENOMEASSEMBLY_COMMENTS::1 bioseqs are missing GenomeAssembly structured comments
plasmid_files/CP026230.1_results/PROKKA_06292018:CP026230.1 (length 77569)

DiscRep_ALL:MOLTYPE_NOT_MRNA::1 molecule types are not set as mRNA.
plasmid_files/CP026230.1_results/PROKKA_06292018:CP026230.1 (length 77569)

DiscRep_ALL:TECHNIQUE_NOT_TSA::1 technique are not set as TSA
plasmid_files/CP026230.1_results/PROKKA_06292018:CP026230.1 (length 77569)

DiscRep_ALL:MISSING_STRUCTURED_COMMENT::1 sequences do not include structured comments.
plasmid_files/CP026230.1_results/PROKKA_06292018:CP026230.1 (length 77569)

DiscRep_ALL:MISSING_PROJECT::91 sequences do not include project.
plasmid_files/CP026230.1_results/PROKKA_06292018:CP026230.1 (length 77569)
plasmid_files/CP026230.1_results/PROKKA_06292018:CP026230.1_1 (length 262)
plasmid_files/CP026230.1_results/PROKKA_06292018:CP026230.1_2 (length 65)
plasmid_files/CP026230.1_results/PROKKA_06292018:CP026230.1_3 (length 350)
plasmid_files/CP026230.1_results/PROKKA_06292018:CP026230.1_4 (length 59)
plasmid_files/CP026230.1_results/PROKKA_06292018:CP026230.1_5 (length 73)
plasmid_files/CP026230.1_results/PROKKA_06292018:CP026230.1_6 (length 146)
plasmid_files/CP026230.1_results/PROKKA_06292018:CP026230.1_7 (length 108)
plasmid_files/CP026230.1_results/PROKKA_06292018:CP026230.1_8 (length 227)
plasmid_files/CP026230.1_results/PROKKA_06292018:CP026230.1_9 (length 737)
plasmid_files/CP026230.1_results/PROKKA_06292018:CP026230.1_10 (length 293)
plasmid_files/CP026230.1_results/PROKKA_06292018:CP026230.1_11 (length 559)
plasmid_files/CP026230.1_results/PROKKA_06292018:CP026230.1_12 (length 330)
plasmid_files/CP026230.1_results/PROKKA_06292018:CP026230.1_13 (length 166)
plasmid_files/CP026230.1_results/PROKKA_06292018:CP026230.1_14 (length 279)
plasmid_files/CP026230.1_results/PROKKA_06292018:CP026230.1_15 (length 115)
plasmid_files/CP026230.1_results/PROKKA_06292018:CP026230.1_16 (length 184)
plasmid_files/CP026230.1_results/PROKKA_06292018:CP026230.1_17 (length 275)
plasmid_files/CP026230.1_results/PROKKA_06292018:CP026230.1_18 (length 342)
plasmid_files/CP026230.1_results/PROKKA_06292018:CP026230.1_19 (length 235)
plasmid_files/CP026230.1_results/PROKKA_06292018:CP026230.1_20 (length 234)
plasmid_files/CP026230.1_results/PROKKA_06292018:CP026230.1_21 (length 338)
plasmid_files/CP026230.1_results/PROKKA_06292018:CP026230.1_22 (length 274)
plasmid_files/CP026230.1_results/PROKKA_06292018:CP026230.1_23 (length 338)
plasmid_files/CP026230.1_results/PROKKA_06292018:CP026230.1_24 (length 491)
plasmid_files/CP026230.1_results/PROKKA_06292018:CP026230.1_25 (length 234)
plasmid_files/CP026230.1_results/PROKKA_06292018:CP026230.1_26 (length 114)
plasmid_files/CP026230.1_results/PROKKA_06292018:CP026230.1_27 (length 337)
plasmid_files/CP026230.1_results/PROKKA_06292018:CP026230.1_28 (length 338)
plasmid_files/CP026230.1_results/PROKKA_06292018:CP026230.1_29 (length 275)
plasmid_files/CP026230.1_results/PROKKA_06292018:CP026230.1_30 (length 115)
plasmid_files/CP026230.1_results/PROKKA_06292018:CP026230.1_31 (length 123)
plasmid_files/CP026230.1_results/PROKKA_06292018:CP026230.1_32 (length 234)
plasmid_files/CP026230.1_results/PROKKA_06292018:CP026230.1_33 (length 574)
plasmid_files/CP026230.1_results/PROKKA_06292018:CP026230.1_34 (length 246)
plasmid_files/CP026230.1_results/PROKKA_06292018:CP026230.1_35 (length 82)
plasmid_files/CP026230.1_results/PROKKA_06292018:CP026230.1_36 (length 274)
plasmid_files/CP026230.1_results/PROKKA_06292018:CP026230.1_37 (length 274)
plasmid_files/CP026230.1_results/PROKKA_06292018:CP026230.1_38 (length 195)
plasmid_files/CP026230.1_results/PROKKA_06292018:CP026230.1_39 (length 76)
plasmid_files/CP026230.1_results/PROKKA_06292018:CP026230.1_40 (length 165)
plasmid_files/CP026230.1_results/PROKKA_06292018:CP026230.1_41 (length 372)
plasmid_files/CP026230.1_results/PROKKA_06292018:CP026230.1_42 (length 175)
plasmid_files/CP026230.1_results/PROKKA_06292018:CP026230.1_43 (length 62)
plasmid_files/CP026230.1_results/PROKKA_06292018:CP026230.1_44 (length 79)
plasmid_files/CP026230.1_results/PROKKA_06292018:CP026230.1_45 (length 201)
plasmid_files/CP026230.1_results/PROKKA_06292018:CP026230.1_46 (length 36)
plasmid_files/CP026230.1_results/PROKKA_06292018:CP026230.1_47 (length 149)
plasmid_files/CP026230.1_results/PROKKA_06292018:CP026230.1_48 (length 962)
plasmid_files/CP026230.1_results/PROKKA_06292018:CP026230.1_49 (length 210)
plasmid_files/CP026230.1_results/PROKKA_06292018:CP026230.1_50 (length 100)
plasmid_files/CP026230.1_results/PROKKA_06292018:CP026230.1_51 (length 111)
plasmid_files/CP026230.1_results/PROKKA_06292018:CP026230.1_52 (length 70)
plasmid_files/CP026230.1_results/PROKKA_06292018:CP026230.1_53 (length 398)
plasmid_files/CP026230.1_results/PROKKA_06292018:CP026230.1_54 (length 104)
plasmid_files/CP026230.1_results/PROKKA_06292018:CP026230.1_55 (length 144)
plasmid_files/CP026230.1_results/PROKKA_06292018:CP026230.1_56 (length 116)
plasmid_files/CP026230.1_results/PROKKA_06292018:CP026230.1_57 (length 91)
plasmid_files/CP026230.1_results/PROKKA_06292018:CP026230.1_58 (length 561)
plasmid_files/CP026230.1_results/PROKKA_06292018:CP026230.1_59 (length 121)
plasmid_files/CP026230.1_results/PROKKA_06292018:CP026230.1_60 (length 78)
plasmid_files/CP026230.1_results/PROKKA_06292018:CP026230.1_61 (length 260)
plasmid_files/CP026230.1_results/PROKKA_06292018:CP026230.1_62 (length 309)
plasmid_files/CP026230.1_results/PROKKA_06292018:CP026230.1_63 (length 79)
plasmid_files/CP026230.1_results/PROKKA_06292018:CP026230.1_64 (length 136)
plasmid_files/CP026230.1_results/PROKKA_06292018:CP026230.1_65 (length 997)
plasmid_files/CP026230.1_results/PROKKA_06292018:CP026230.1_66 (length 70)
plasmid_files/CP026230.1_results/PROKKA_06292018:CP026230.1_67 (length 91)
plasmid_files/CP026230.1_results/PROKKA_06292018:CP026230.1_68 (length 116)
plasmid_files/CP026230.1_results/PROKKA_06292018:CP026230.1_69 (length 132)
plasmid_files/CP026230.1_results/PROKKA_06292018:CP026230.1_70 (length 349)
plasmid_files/CP026230.1_results/PROKKA_06292018:CP026230.1_71 (length 254)
plasmid_files/CP026230.1_results/PROKKA_06292018:CP026230.1_72 (length 103)
plasmid_files/CP026230.1_results/PROKKA_06292018:CP026230.1_73 (length 176)
plasmid_files/CP026230.1_results/PROKKA_06292018:CP026230.1_74 (length 109)
plasmid_files/CP026230.1_results/PROKKA_06292018:CP026230.1_75 (length 71)
plasmid_files/CP026230.1_results/PROKKA_06292018:CP026230.1_76 (length 78)
plasmid_files/CP026230.1_results/PROKKA_06292018:CP026230.1_77 (length 85)
plasmid_files/CP026230.1_results/PROKKA_06292018:CP026230.1_78 (length 402)
plasmid_files/CP026230.1_results/PROKKA_06292018:CP026230.1_79 (length 142)
plasmid_files/CP026230.1_results/PROKKA_06292018:CP026230.1_80 (length 571)
plasmid_files/CP026230.1_results/PROKKA_06292018:CP026230.1_81 (length 1009)
plasmid_files/CP026230.1_results/PROKKA_06292018:CP026230.1_82 (length 341)
plasmid_files/CP026230.1_results/PROKKA_06292018:CP026230.1_83 (length 259)
plasmid_files/CP026230.1_results/PROKKA_06292018:CP026230.1_84 (length 293)
plasmid_files/CP026230.1_results/PROKKA_06292018:CP026230.1_85 (length 185)
plasmid_files/CP026230.1_results/PROKKA_06292018:CP026230.1_86 (length 343)
plasmid_files/CP026230.1_results/PROKKA_06292018:CP026230.1_87 (length 525)
plasmid_files/CP026230.1_results/PROKKA_06292018:CP026230.1_88 (length 186)
plasmid_files/CP026230.1_results/PROKKA_06292018:CP026230.1_89 (length 114)
plasmid_files/CP026230.1_results/PROKKA_06292018:CP026230.1_90 (length 328)

DiscRep_ALL:DISC_INCONSISTENT_MOLINFO_TECH::Molinfo Technique Report (some missing, all same)
DiscRep_SUB:DISC_INCONSISTENT_MOLINFO_TECH::technique (all missing)
DiscRep_SUB:DISC_INCONSISTENT_MOLINFO_TECH::1 Molinfos are missing field technique
plasmid_files/CP026230.1_results/PROKKA_06292018:CP026230.1 (length 77569)

