[09:59:07] This is prokka 1.14-dev
[09:59:07] Written by Torsten Seemann <torsten.seemann@gmail.com>
[09:59:07] Homepage is https://github.com/tseemann/prokka
[09:59:07] Local time is Fri Jun 29 09:59:07 2018
[09:59:07] You are christian
[09:59:07] Operating system is linux
[09:59:07] You have BioPerl 1.007002
[09:59:07] System has 20 cores.
[09:59:07] Will use maximum of 20 cores.
[09:59:07] Annotating as >>> Bacteria <<<
[09:59:07] Generating locus_tag from 'plasmid_files/CP012168.1.fasta' contents.
[09:59:07] Setting --locustag BFDHPKNK from MD5 bfd194740ba05c30a2cbb3f5974bad21
[09:59:07] Creating new output folder: plasmid_files/CP012168.1_results
[09:59:07] Running: mkdir -p plasmid_files\/CP012168\.1_results
[09:59:07] Using filename prefix: PROKKA_06292018.XXX
[09:59:07] Setting HMMER_NCPU=1
[09:59:07] Writing log to: plasmid_files/CP012168.1_results/PROKKA_06292018.log
[09:59:07] Command: /home/christian/install/prokka/bin/prokka plasmid_files/CP012168.1.fasta --outdir plasmid_files/CP012168.1_results --cpus 20
[09:59:07] Appending to PATH: /home/christian/install/prokka/bin/../binaries/linux
[09:59:07] Appending to PATH: /home/christian/install/prokka/bin/../binaries/linux/../common
[09:59:07] Appending to PATH: /home/christian/install/prokka/bin
[09:59:07] Looking for 'aragorn' - found /home/christian/install/prokka/bin/../binaries/linux/aragorn
[09:59:07] Determined aragorn version is 1.2
[09:59:07] Looking for 'blastp' - found /usr/bin/blastp
[09:59:07] Determined blastp version is 2.2
[09:59:07] Looking for 'cmpress' - found /usr/local/bin/cmpress
[09:59:07] Determined cmpress version is 1.1
[09:59:07] Looking for 'cmscan' - found /usr/local/bin/cmscan
[09:59:07] Determined cmscan version is 1.1
[09:59:07] Looking for 'egrep' - found /bin/egrep
[09:59:07] Looking for 'find' - found /usr/bin/find
[09:59:07] Looking for 'grep' - found /bin/grep
[09:59:07] Looking for 'hmmpress' - found /usr/local/bin/hmmpress
[09:59:07] Determined hmmpress version is 3.1
[09:59:07] Looking for 'hmmscan' - found /usr/local/bin/hmmscan
[09:59:07] Determined hmmscan version is 3.1
[09:59:07] Looking for 'java' - found /usr/bin/java
[09:59:07] Looking for 'less' - found /usr/bin/less
[09:59:07] Looking for 'makeblastdb' - found /usr/bin/makeblastdb
[09:59:08] Determined makeblastdb version is 2.2
[09:59:08] Looking for 'minced' - found /home/christian/install/prokka/bin/../binaries/linux/../common/minced
[09:59:08] Determined minced version is 2.0
[09:59:08] Looking for 'parallel' - found /usr/bin/parallel
[09:59:08] Determined parallel version is 20141022
[09:59:08] Looking for 'prodigal' - found /usr/local/bin/prodigal
[09:59:08] Determined prodigal version is 2.6
[09:59:08] Looking for 'prokka-genbank_to_fasta_db' - found /home/christian/install/prokka/bin/prokka-genbank_to_fasta_db
[09:59:08] Looking for 'sed' - found /bin/sed
[09:59:08] Looking for 'tbl2asn' - found /home/christian/install/prokka/bin/../binaries/linux/tbl2asn
[09:59:08] Determined tbl2asn version is 25.6
[09:59:08] Using genetic code table 11.
[09:59:08] Loading and checking input file: plasmid_files/CP012168.1.fasta
[09:59:08] Wrote 1 contigs totalling 239973 bp.
[09:59:08] Predicting tRNAs and tmRNAs
[09:59:08] Running: aragorn -l -gc11  -w plasmid_files\/CP012168\.1_results\/PROKKA_06292018\.fna
[09:59:08] Found 0 tRNAs
[09:59:08] Predicting Ribosomal RNAs
[09:59:08] You need either Barrnap or RNAmmer installed to predict rRNAs!
[09:59:08] Skipping ncRNA search, enable with --rfam if desired.
[09:59:08] Total of 0 tRNA + rRNA features
[09:59:08] Searching for CRISPR repeats
[09:59:08] Found 0 CRISPRs
[09:59:08] Predicting coding sequences
[09:59:08] Contigs total 239973 bp, so using single mode
[09:59:08] Running: prodigal -i plasmid_files\/CP012168\.1_results\/PROKKA_06292018\.fna -c -m -g 11 -p single -f sco -q
[09:59:08] Found 281 CDS
[09:59:08] Connecting features back to sequences
[09:59:08] Not using genus-specific database. Try --usegenus to enable it.
[09:59:08] Annotating CDS, please be patient.
[09:59:08] Will use 20 CPUs for similarity searching.
[09:59:08] There are still 281 unannotated CDS left (started with 281)
[09:59:08] Will use blast to search against /home/christian/install/prokka/db/kingdom/Bacteria/sprot with 20 CPUs
[09:59:08] Running: cat plasmid_files\/CP012168\.1_results\/sprot\.faa | parallel --gnu --plain -j 20 --block 1802 --recstart '>' --pipe blastp -query - -db /home/christian/install/prokka/db/kingdom/Bacteria/sprot -evalue 1e-06 -num_threads 1 -num_descriptions 1 -num_alignments 1 -seg no > plasmid_files\/CP012168\.1_results\/sprot\.blast 2> /dev/null
[09:59:10] Modify product: Probable ribonucleotide transport ATP-binding protein mkl => putative ribonucleotide transport ATP-binding protein mkl
[09:59:10] Modify product: Probable phospholipid ABC transporter permease protein MlaE => putative phospholipid ABC transporter permease protein MlaE
[09:59:10] Modify product: UPF0758 protein => hypothetical protein
[09:59:10] Modify product: Probable BsuMI modification methylase subunit YdiO => putative BsuMI modification methylase subunit YdiO
[09:59:10] Modify product: Probable cyclic di-GMP phosphodiesterase PdeB => putative cyclic di-GMP phosphodiesterase PdeB
[09:59:10] Modify product: Uncharacterized protein YcbX => putative protein YcbX
[09:59:10] Modify product: Probable chromate transport protein => putative chromate transport protein
[09:59:10] Modify product: Probable multidrug-efflux transporter Rv1258c => putative multidrug-efflux transporter
[09:59:10] Cleaned 8 /product names
[09:59:10] Deleting unwanted file: plasmid_files/CP012168.1_results/sprot.faa
[09:59:10] Deleting unwanted file: plasmid_files/CP012168.1_results/sprot.blast
[09:59:10] There are still 206 unannotated CDS left (started with 281)
[09:59:10] Will use hmmer3 to search against /home/christian/install/prokka/db/hmm/HAMAP.hmm with 20 CPUs
[09:59:10] Running: cat plasmid_files\/CP012168\.1_results\/HAMAP\.hmm\.faa | parallel --gnu --plain -j 20 --block 1201 --recstart '>' --pipe hmmscan --noali --notextw --acc -E 1e-06 --cpu 1 /home/christian/install/prokka/db/hmm/HAMAP.hmm /dev/stdin > plasmid_files\/CP012168\.1_results\/HAMAP\.hmm\.hmmer3 2> /dev/null
[09:59:11] Deleting unwanted file: plasmid_files/CP012168.1_results/HAMAP.hmm.faa
[09:59:11] Deleting unwanted file: plasmid_files/CP012168.1_results/HAMAP.hmm.hmmer3
[09:59:11] Labelling remaining 203 proteins as 'hypothetical protein'
[09:59:11] Found 63 unique /gene codes.
[09:59:11] Fixed 2 duplicate /gene - folP_1 folP_2
[09:59:11] Fixed 4 duplicate /gene - xerD_1 xerD_2 xerD_3 xerD_4
[09:59:11] Fixed 2 duplicate /gene - soj_1 soj_2
[09:59:11] Fixed 2 duplicate /gene - emrE_1 emrE_2
[09:59:11] Fixed 2 duplicate /gene - hin_1 hin_2
[09:59:11] Fixed 2 duplicate /gene - sugE_1 sugE_2
[09:59:11] Fixed 3 duplicate /gene - bla_1 bla_2 bla_3
[09:59:11] Fixed 7 colliding /gene names.
[09:59:11] Adding /locus_tag identifiers
[09:59:11] Assigned 281 locus_tags to CDS and RNA features.
[09:59:11] Writing outputs to plasmid_files/CP012168.1_results/
[09:59:11] Generating annotation statistics file
[09:59:11] Generating Genbank and Sequin files
[09:59:11] Running: tbl2asn -V b -a r10k -l paired-ends -M n -N 1 -y 'Annotated using prokka 1.14-dev from https://github.com/tseemann/prokka' -Z plasmid_files\/CP012168\.1_results\/PROKKA_06292018\.err -i plasmid_files\/CP012168\.1_results\/PROKKA_06292018\.fsa 2> /dev/null
[09:59:12] Deleting unwanted file: plasmid_files/CP012168.1_results/errorsummary.val
[09:59:12] Deleting unwanted file: plasmid_files/CP012168.1_results/PROKKA_06292018.dr
[09:59:12] Deleting unwanted file: plasmid_files/CP012168.1_results/PROKKA_06292018.fixedproducts
[09:59:12] Deleting unwanted file: plasmid_files/CP012168.1_results/PROKKA_06292018.ecn
[09:59:12] Deleting unwanted file: plasmid_files/CP012168.1_results/PROKKA_06292018.val
[09:59:12] Repairing broken .GBK output that tbl2asn produces...
[09:59:12] Running: sed 's/COORDINATES: profile/COORDINATES:profile/' < plasmid_files\/CP012168\.1_results\/PROKKA_06292018\.gbf > plasmid_files\/CP012168\.1_results\/PROKKA_06292018\.gbk
[09:59:12] Deleting unwanted file: plasmid_files/CP012168.1_results/PROKKA_06292018.gbf
[09:59:12] Output files:
[09:59:12] plasmid_files/CP012168.1_results/PROKKA_06292018.sqn
[09:59:12] plasmid_files/CP012168.1_results/PROKKA_06292018.fsa
[09:59:12] plasmid_files/CP012168.1_results/PROKKA_06292018.tbl
[09:59:12] plasmid_files/CP012168.1_results/PROKKA_06292018.log
[09:59:12] plasmid_files/CP012168.1_results/PROKKA_06292018.gff
[09:59:12] plasmid_files/CP012168.1_results/PROKKA_06292018.txt
[09:59:12] plasmid_files/CP012168.1_results/PROKKA_06292018.gbk
[09:59:12] plasmid_files/CP012168.1_results/PROKKA_06292018.faa
[09:59:12] plasmid_files/CP012168.1_results/PROKKA_06292018.fna
[09:59:12] plasmid_files/CP012168.1_results/PROKKA_06292018.tsv
[09:59:12] plasmid_files/CP012168.1_results/PROKKA_06292018.ffn
[09:59:12] plasmid_files/CP012168.1_results/PROKKA_06292018.err
[09:59:12] Annotation finished successfully.
[09:59:12] Walltime used: 0.08 minutes
[09:59:12] If you use this result please cite the Prokka paper:
[09:59:12] Seemann T (2014) Prokka: rapid prokaryotic genome annotation. Bioinformatics. 30(14):2068-9.
[09:59:12] Type 'prokka --citation' for more details.
[09:59:12] Share and enjoy!
