Discrepancy Report Results

Summary
FATAL: MISSING_PROTEIN_ID:83 proteins have invalid IDs.
DISC_SOURCE_QUALS_ASNDISC:strain (all present, all unique)
DISC_SOURCE_QUALS_ASNDISC:taxname (all present, all unique)
DISC_FEATURE_COUNT:CDS: 83 present
DISC_COUNT_NUCLEOTIDES:1 nucleotide Bioseqs are present
FEATURE_LOCATION_CONFLICT:83 features have inconsistent gene locations.
OVERLAPPING_CDS:2 coding regions overlap another coding region with a similar or identical name.
DISC_QUALITY_SCORES:Quality scores are missing on all sequences.
ONCALLER_COMMENT_PRESENT:1 comment descriptors were found (all same)
SHORT_PROT_SEQUENCES:3 protein sequences are shorter than 50 aa.
MISSING_GENOMEASSEMBLY_COMMENTS:1 bioseqs are missing GenomeAssembly structured comments
MOLTYPE_NOT_MRNA:1 molecule types are not set as mRNA.
TECHNIQUE_NOT_TSA:1 technique are not set as TSA
MISSING_STRUCTURED_COMMENT:1 sequences do not include structured comments.
MISSING_PROJECT:84 sequences do not include project.
DISC_INCONSISTENT_MOLINFO_TECH:Molinfo Technique Report (some missing, all same)


Detailed Report

FATAL: DiscRep_ALL:MISSING_PROTEIN_ID::83 proteins have invalid IDs.
plasmid_files/KX928750.1_results/PROKKA_06292018:KX928750.1_1 (length 239)
plasmid_files/KX928750.1_results/PROKKA_06292018:KX928750.1_2 (length 431)
plasmid_files/KX928750.1_results/PROKKA_06292018:KX928750.1_3 (length 189)
plasmid_files/KX928750.1_results/PROKKA_06292018:KX928750.1_4 (length 234)
plasmid_files/KX928750.1_results/PROKKA_06292018:KX928750.1_5 (length 133)
plasmid_files/KX928750.1_results/PROKKA_06292018:KX928750.1_6 (length 326)
plasmid_files/KX928750.1_results/PROKKA_06292018:KX928750.1_7 (length 293)
plasmid_files/KX928750.1_results/PROKKA_06292018:KX928750.1_8 (length 126)
plasmid_files/KX928750.1_results/PROKKA_06292018:KX928750.1_9 (length 234)
plasmid_files/KX928750.1_results/PROKKA_06292018:KX928750.1_10 (length 181)
plasmid_files/KX928750.1_results/PROKKA_06292018:KX928750.1_11 (length 190)
plasmid_files/KX928750.1_results/PROKKA_06292018:KX928750.1_12 (length 463)
plasmid_files/KX928750.1_results/PROKKA_06292018:KX928750.1_13 (length 29)
plasmid_files/KX928750.1_results/PROKKA_06292018:KX928750.1_14 (length 91)
plasmid_files/KX928750.1_results/PROKKA_06292018:KX928750.1_15 (length 125)
plasmid_files/KX928750.1_results/PROKKA_06292018:KX928750.1_16 (length 177)
plasmid_files/KX928750.1_results/PROKKA_06292018:KX928750.1_17 (length 331)
plasmid_files/KX928750.1_results/PROKKA_06292018:KX928750.1_18 (length 386)
plasmid_files/KX928750.1_results/PROKKA_06292018:KX928750.1_19 (length 294)
plasmid_files/KX928750.1_results/PROKKA_06292018:KX928750.1_20 (length 232)
plasmid_files/KX928750.1_results/PROKKA_06292018:KX928750.1_21 (length 346)
plasmid_files/KX928750.1_results/PROKKA_06292018:KX928750.1_22 (length 75)
plasmid_files/KX928750.1_results/PROKKA_06292018:KX928750.1_23 (length 237)
plasmid_files/KX928750.1_results/PROKKA_06292018:KX928750.1_24 (length 182)
plasmid_files/KX928750.1_results/PROKKA_06292018:KX928750.1_25 (length 684)
plasmid_files/KX928750.1_results/PROKKA_06292018:KX928750.1_26 (length 105)
plasmid_files/KX928750.1_results/PROKKA_06292018:KX928750.1_27 (length 97)
plasmid_files/KX928750.1_results/PROKKA_06292018:KX928750.1_28 (length 93)
plasmid_files/KX928750.1_results/PROKKA_06292018:KX928750.1_29 (length 244)
plasmid_files/KX928750.1_results/PROKKA_06292018:KX928750.1_30 (length 101)
plasmid_files/KX928750.1_results/PROKKA_06292018:KX928750.1_31 (length 114)
plasmid_files/KX928750.1_results/PROKKA_06292018:KX928750.1_32 (length 104)
plasmid_files/KX928750.1_results/PROKKA_06292018:KX928750.1_33 (length 103)
plasmid_files/KX928750.1_results/PROKKA_06292018:KX928750.1_34 (length 215)
plasmid_files/KX928750.1_results/PROKKA_06292018:KX928750.1_35 (length 68)
plasmid_files/KX928750.1_results/PROKKA_06292018:KX928750.1_36 (length 88)
plasmid_files/KX928750.1_results/PROKKA_06292018:KX928750.1_37 (length 477)
plasmid_files/KX928750.1_results/PROKKA_06292018:KX928750.1_38 (length 402)
plasmid_files/KX928750.1_results/PROKKA_06292018:KX928750.1_39 (length 254)
plasmid_files/KX928750.1_results/PROKKA_06292018:KX928750.1_40 (length 94)
plasmid_files/KX928750.1_results/PROKKA_06292018:KX928750.1_41 (length 157)
plasmid_files/KX928750.1_results/PROKKA_06292018:KX928750.1_42 (length 238)
plasmid_files/KX928750.1_results/PROKKA_06292018:KX928750.1_43 (length 234)
plasmid_files/KX928750.1_results/PROKKA_06292018:KX928750.1_44 (length 218)
plasmid_files/KX928750.1_results/PROKKA_06292018:KX928750.1_45 (length 63)
plasmid_files/KX928750.1_results/PROKKA_06292018:KX928750.1_46 (length 55)
plasmid_files/KX928750.1_results/PROKKA_06292018:KX928750.1_47 (length 153)
plasmid_files/KX928750.1_results/PROKKA_06292018:KX928750.1_48 (length 81)
plasmid_files/KX928750.1_results/PROKKA_06292018:KX928750.1_49 (length 337)
plasmid_files/KX928750.1_results/PROKKA_06292018:KX928750.1_50 (length 199)
plasmid_files/KX928750.1_results/PROKKA_06292018:KX928750.1_51 (length 150)
plasmid_files/KX928750.1_results/PROKKA_06292018:KX928750.1_52 (length 1001)
plasmid_files/KX928750.1_results/PROKKA_06292018:KX928750.1_53 (length 185)
plasmid_files/KX928750.1_results/PROKKA_06292018:KX928750.1_54 (length 286)
plasmid_files/KX928750.1_results/PROKKA_06292018:KX928750.1_55 (length 158)
plasmid_files/KX928750.1_results/PROKKA_06292018:KX928750.1_56 (length 291)
plasmid_files/KX928750.1_results/PROKKA_06292018:KX928750.1_57 (length 40)
plasmid_files/KX928750.1_results/PROKKA_06292018:KX928750.1_58 (length 420)
plasmid_files/KX928750.1_results/PROKKA_06292018:KX928750.1_59 (length 121)
plasmid_files/KX928750.1_results/PROKKA_06292018:KX928750.1_60 (length 1078)
plasmid_files/KX928750.1_results/PROKKA_06292018:KX928750.1_61 (length 509)
plasmid_files/KX928750.1_results/PROKKA_06292018:KX928750.1_62 (length 138)
plasmid_files/KX928750.1_results/PROKKA_06292018:KX928750.1_63 (length 139)
plasmid_files/KX928750.1_results/PROKKA_06292018:KX928750.1_64 (length 238)
plasmid_files/KX928750.1_results/PROKKA_06292018:KX928750.1_65 (length 122)
plasmid_files/KX928750.1_results/PROKKA_06292018:KX928750.1_66 (length 114)
plasmid_files/KX928750.1_results/PROKKA_06292018:KX928750.1_67 (length 106)
plasmid_files/KX928750.1_results/PROKKA_06292018:KX928750.1_68 (length 59)
plasmid_files/KX928750.1_results/PROKKA_06292018:KX928750.1_69 (length 169)
plasmid_files/KX928750.1_results/PROKKA_06292018:KX928750.1_70 (length 35)
plasmid_files/KX928750.1_results/PROKKA_06292018:KX928750.1_71 (length 110)
plasmid_files/KX928750.1_results/PROKKA_06292018:KX928750.1_72 (length 94)
plasmid_files/KX928750.1_results/PROKKA_06292018:KX928750.1_73 (length 119)
plasmid_files/KX928750.1_results/PROKKA_06292018:KX928750.1_74 (length 98)
plasmid_files/KX928750.1_results/PROKKA_06292018:KX928750.1_75 (length 181)
plasmid_files/KX928750.1_results/PROKKA_06292018:KX928750.1_76 (length 51)
plasmid_files/KX928750.1_results/PROKKA_06292018:KX928750.1_77 (length 79)
plasmid_files/KX928750.1_results/PROKKA_06292018:KX928750.1_78 (length 134)
plasmid_files/KX928750.1_results/PROKKA_06292018:KX928750.1_79 (length 141)
plasmid_files/KX928750.1_results/PROKKA_06292018:KX928750.1_80 (length 146)
plasmid_files/KX928750.1_results/PROKKA_06292018:KX928750.1_81 (length 421)
plasmid_files/KX928750.1_results/PROKKA_06292018:KX928750.1_82 (length 263)
plasmid_files/KX928750.1_results/PROKKA_06292018:KX928750.1_83 (length 95)

DiscRep_ALL:DISC_SOURCE_QUALS_ASNDISC::strain (all present, all unique)
DiscRep_SUB:DISC_SOURCE_QUALS_ASNDISC::1 sources have unique values for strain
DiscRep_ALL:DISC_SOURCE_QUALS_ASNDISC::taxname (all present, all unique)
DiscRep_SUB:DISC_SOURCE_QUALS_ASNDISC::1 sources have unique values for taxname
DiscRep_ALL:DISC_FEATURE_COUNT::CDS: 83 present
DiscRep_ALL:DISC_COUNT_NUCLEOTIDES::1 nucleotide Bioseqs are present
plasmid_files/KX928750.1_results/PROKKA_06292018:KX928750.1 (length 65595)

DiscRep_ALL:FEATURE_LOCATION_CONFLICT::83 features have inconsistent gene locations.
DiscRep_SUB:FEATURE_LOCATION_CONFLICT::Coding region xref gene does not exist
plasmid_files/KX928750.1_results/PROKKA_06292018:CDS	Replication initiation protein	KX928750.1:572-1291	CKOOGGLA_00001

DiscRep_SUB:FEATURE_LOCATION_CONFLICT::Coding region xref gene does not exist
plasmid_files/KX928750.1_results/PROKKA_06292018:CDS	hypothetical protein	KX928750.1:c2397-1102	CKOOGGLA_00002

DiscRep_SUB:FEATURE_LOCATION_CONFLICT::Coding region xref gene does not exist
plasmid_files/KX928750.1_results/PROKKA_06292018:CDS	DNA-invertase hin	KX928750.1:c3334-2765	CKOOGGLA_00003

DiscRep_SUB:FEATURE_LOCATION_CONFLICT::Coding region xref gene does not exist
plasmid_files/KX928750.1_results/PROKKA_06292018:CDS	hypothetical protein	KX928750.1:3416-4120	CKOOGGLA_00004

DiscRep_SUB:FEATURE_LOCATION_CONFLICT::Coding region xref gene does not exist
plasmid_files/KX928750.1_results/PROKKA_06292018:CDS	Transposon Tn3 resolvase	KX928750.1:4232-4633	CKOOGGLA_00005

DiscRep_SUB:FEATURE_LOCATION_CONFLICT::Coding region xref gene does not exist
plasmid_files/KX928750.1_results/PROKKA_06292018:CDS	hypothetical protein	KX928750.1:4756-5736	CKOOGGLA_00006

DiscRep_SUB:FEATURE_LOCATION_CONFLICT::Coding region xref gene does not exist
plasmid_files/KX928750.1_results/PROKKA_06292018:CDS	Carbapenem-hydrolyzing beta-lactamase KPC	KX928750.1:6012-6893	CKOOGGLA_00007

DiscRep_SUB:FEATURE_LOCATION_CONFLICT::Coding region xref gene does not exist
plasmid_files/KX928750.1_results/PROKKA_06292018:CDS	hypothetical protein	KX928750.1:c7523-7143	CKOOGGLA_00008

DiscRep_SUB:FEATURE_LOCATION_CONFLICT::Coding region xref gene does not exist
plasmid_files/KX928750.1_results/PROKKA_06292018:CDS	hypothetical protein	KX928750.1:c8289-7585	CKOOGGLA_00009

DiscRep_SUB:FEATURE_LOCATION_CONFLICT::Coding region xref gene does not exist
plasmid_files/KX928750.1_results/PROKKA_06292018:CDS	hypothetical protein	KX928750.1:8423-8968	CKOOGGLA_00010

DiscRep_SUB:FEATURE_LOCATION_CONFLICT::Coding region xref gene does not exist
plasmid_files/KX928750.1_results/PROKKA_06292018:CDS	DNA-invertase hin	KX928750.1:9105-9677	CKOOGGLA_00011

DiscRep_SUB:FEATURE_LOCATION_CONFLICT::Coding region xref gene does not exist
plasmid_files/KX928750.1_results/PROKKA_06292018:CDS	hypothetical protein	KX928750.1:9714-11105	CKOOGGLA_00012

DiscRep_SUB:FEATURE_LOCATION_CONFLICT::Coding region xref gene does not exist
plasmid_files/KX928750.1_results/PROKKA_06292018:CDS	hypothetical protein	KX928750.1:c11158-11069	CKOOGGLA_00013

DiscRep_SUB:FEATURE_LOCATION_CONFLICT::Coding region xref gene does not exist
plasmid_files/KX928750.1_results/PROKKA_06292018:CDS	hypothetical protein	KX928750.1:11264-11539	CKOOGGLA_00014

DiscRep_SUB:FEATURE_LOCATION_CONFLICT::Coding region xref gene does not exist
plasmid_files/KX928750.1_results/PROKKA_06292018:CDS	hypothetical protein	KX928750.1:11584-11961	CKOOGGLA_00015

DiscRep_SUB:FEATURE_LOCATION_CONFLICT::Coding region xref gene does not exist
plasmid_files/KX928750.1_results/PROKKA_06292018:CDS	Phospholipase D	KX928750.1:c13196-12663	CKOOGGLA_00016

DiscRep_SUB:FEATURE_LOCATION_CONFLICT::Coding region xref gene does not exist
plasmid_files/KX928750.1_results/PROKKA_06292018:CDS	Type IV secretion system protein VirB11	KX928750.1:c14191-13196	CKOOGGLA_00017

DiscRep_SUB:FEATURE_LOCATION_CONFLICT::Coding region xref gene does not exist
plasmid_files/KX928750.1_results/PROKKA_06292018:CDS	Protein virB10	KX928750.1:c15393-14233	CKOOGGLA_00018

DiscRep_SUB:FEATURE_LOCATION_CONFLICT::Coding region xref gene does not exist
plasmid_files/KX928750.1_results/PROKKA_06292018:CDS	Type IV secretion system protein virB9	KX928750.1:c16277-15393	CKOOGGLA_00019

DiscRep_SUB:FEATURE_LOCATION_CONFLICT::Coding region xref gene does not exist
plasmid_files/KX928750.1_results/PROKKA_06292018:CDS	Type IV secretion system protein virB8	KX928750.1:c16986-16288	CKOOGGLA_00020

DiscRep_SUB:FEATURE_LOCATION_CONFLICT::Coding region xref gene does not exist
plasmid_files/KX928750.1_results/PROKKA_06292018:CDS	Type IV secretion system protein VirB6	KX928750.1:c18245-17205	CKOOGGLA_00021

DiscRep_SUB:FEATURE_LOCATION_CONFLICT::Coding region xref gene does not exist
plasmid_files/KX928750.1_results/PROKKA_06292018:CDS	hypothetical protein	KX928750.1:c18488-18261	CKOOGGLA_00022

DiscRep_SUB:FEATURE_LOCATION_CONFLICT::Coding region xref gene does not exist
plasmid_files/KX928750.1_results/PROKKA_06292018:CDS	Type IV secretion system protein virB5	KX928750.1:c19209-18496	CKOOGGLA_00023

DiscRep_SUB:FEATURE_LOCATION_CONFLICT::Coding region xref gene does not exist
plasmid_files/KX928750.1_results/PROKKA_06292018:CDS	Type IV secretion system protein virB4	KX928750.1:c19775-19227	CKOOGGLA_00024

DiscRep_SUB:FEATURE_LOCATION_CONFLICT::Coding region xref gene does not exist
plasmid_files/KX928750.1_results/PROKKA_06292018:CDS	Type IV secretion system protein virB4	KX928750.1:c21826-19772	CKOOGGLA_00025

DiscRep_SUB:FEATURE_LOCATION_CONFLICT::Coding region xref gene does not exist
plasmid_files/KX928750.1_results/PROKKA_06292018:CDS	hypothetical protein	KX928750.1:c22143-21826	CKOOGGLA_00026

DiscRep_SUB:FEATURE_LOCATION_CONFLICT::Coding region xref gene does not exist
plasmid_files/KX928750.1_results/PROKKA_06292018:CDS	hypothetical protein	KX928750.1:c22486-22193	CKOOGGLA_00027

DiscRep_SUB:FEATURE_LOCATION_CONFLICT::Coding region xref gene does not exist
plasmid_files/KX928750.1_results/PROKKA_06292018:CDS	hypothetical protein	KX928750.1:c22777-22496	CKOOGGLA_00028

DiscRep_SUB:FEATURE_LOCATION_CONFLICT::Coding region xref gene does not exist
plasmid_files/KX928750.1_results/PROKKA_06292018:CDS	Type IV secretion system protein virB1	KX928750.1:c23520-22786	CKOOGGLA_00029

DiscRep_SUB:FEATURE_LOCATION_CONFLICT::Coding region xref gene does not exist
plasmid_files/KX928750.1_results/PROKKA_06292018:CDS	Trans-acting regulatory protein HvrA	KX928750.1:23629-23934	CKOOGGLA_00030

DiscRep_SUB:FEATURE_LOCATION_CONFLICT::Coding region xref gene does not exist
plasmid_files/KX928750.1_results/PROKKA_06292018:CDS	hypothetical protein	KX928750.1:23950-24294	CKOOGGLA_00031

DiscRep_SUB:FEATURE_LOCATION_CONFLICT::Coding region xref gene does not exist
plasmid_files/KX928750.1_results/PROKKA_06292018:CDS	hypothetical protein	KX928750.1:24291-24605	CKOOGGLA_00032

DiscRep_SUB:FEATURE_LOCATION_CONFLICT::Coding region xref gene does not exist
plasmid_files/KX928750.1_results/PROKKA_06292018:CDS	hypothetical protein	KX928750.1:24641-24952	CKOOGGLA_00033

DiscRep_SUB:FEATURE_LOCATION_CONFLICT::Coding region xref gene does not exist
plasmid_files/KX928750.1_results/PROKKA_06292018:CDS	hypothetical protein	KX928750.1:25002-25649	CKOOGGLA_00034

DiscRep_SUB:FEATURE_LOCATION_CONFLICT::Coding region xref gene does not exist
plasmid_files/KX928750.1_results/PROKKA_06292018:CDS	hypothetical protein	KX928750.1:25654-25860	CKOOGGLA_00035

DiscRep_SUB:FEATURE_LOCATION_CONFLICT::Coding region xref gene does not exist
plasmid_files/KX928750.1_results/PROKKA_06292018:CDS	hypothetical protein	KX928750.1:c26137-25871	CKOOGGLA_00036

DiscRep_SUB:FEATURE_LOCATION_CONFLICT::Coding region xref gene does not exist
plasmid_files/KX928750.1_results/PROKKA_06292018:CDS	DNA-cytosine methyltransferase	KX928750.1:26242-27675	CKOOGGLA_00037

DiscRep_SUB:FEATURE_LOCATION_CONFLICT::Coding region xref gene does not exist
plasmid_files/KX928750.1_results/PROKKA_06292018:CDS	Type-2 restriction enzyme EcoRII	KX928750.1:c28917-27709	CKOOGGLA_00038

DiscRep_SUB:FEATURE_LOCATION_CONFLICT::Coding region xref gene does not exist
plasmid_files/KX928750.1_results/PROKKA_06292018:CDS	hypothetical protein	KX928750.1:c29948-29184	CKOOGGLA_00039

DiscRep_SUB:FEATURE_LOCATION_CONFLICT::Coding region xref gene does not exist
plasmid_files/KX928750.1_results/PROKKA_06292018:CDS	hypothetical protein	KX928750.1:30127-30411	CKOOGGLA_00040

DiscRep_SUB:FEATURE_LOCATION_CONFLICT::Coding region xref gene does not exist
plasmid_files/KX928750.1_results/PROKKA_06292018:CDS	Dihydrofolate reductase type 1	KX928750.1:c31051-30578	CKOOGGLA_00041

DiscRep_SUB:FEATURE_LOCATION_CONFLICT::Coding region xref gene does not exist
plasmid_files/KX928750.1_results/PROKKA_06292018:CDS	Tyrosine recombinase XerD	KX928750.1:31207-31923	CKOOGGLA_00042

DiscRep_SUB:FEATURE_LOCATION_CONFLICT::Coding region xref gene does not exist
plasmid_files/KX928750.1_results/PROKKA_06292018:CDS	hypothetical protein	KX928750.1:31970-32674	CKOOGGLA_00043

DiscRep_SUB:FEATURE_LOCATION_CONFLICT::Coding region xref gene does not exist
plasmid_files/KX928750.1_results/PROKKA_06292018:CDS	Pentapeptide repeat protein	KX928750.1:c33779-33123	CKOOGGLA_00044

DiscRep_SUB:FEATURE_LOCATION_CONFLICT::Coding region xref gene does not exist
plasmid_files/KX928750.1_results/PROKKA_06292018:CDS	hypothetical protein	KX928750.1:34147-34338	CKOOGGLA_00045

DiscRep_SUB:FEATURE_LOCATION_CONFLICT::Coding region xref gene does not exist
plasmid_files/KX928750.1_results/PROKKA_06292018:CDS	hypothetical protein	KX928750.1:c34512-34345	CKOOGGLA_00046

DiscRep_SUB:FEATURE_LOCATION_CONFLICT::Coding region xref gene does not exist
plasmid_files/KX928750.1_results/PROKKA_06292018:CDS	hypothetical protein	KX928750.1:c35320-34859	CKOOGGLA_00047

DiscRep_SUB:FEATURE_LOCATION_CONFLICT::Coding region xref gene does not exist
plasmid_files/KX928750.1_results/PROKKA_06292018:CDS	hypothetical protein	KX928750.1:c35562-35317	CKOOGGLA_00048

DiscRep_SUB:FEATURE_LOCATION_CONFLICT::Coding region xref gene does not exist
plasmid_files/KX928750.1_results/PROKKA_06292018:CDS	Tyrosine recombinase XerD	KX928750.1:c37040-36027	CKOOGGLA_00049

DiscRep_SUB:FEATURE_LOCATION_CONFLICT::Coding region xref gene does not exist
plasmid_files/KX928750.1_results/PROKKA_06292018:CDS	Aminoglycoside N(6')-acetyltransferase type 1	KX928750.1:37287-37886	CKOOGGLA_00050

DiscRep_SUB:FEATURE_LOCATION_CONFLICT::Coding region xref gene does not exist
plasmid_files/KX928750.1_results/PROKKA_06292018:CDS	hypothetical protein	KX928750.1:37983-38435	CKOOGGLA_00051

DiscRep_SUB:FEATURE_LOCATION_CONFLICT::Coding region xref gene does not exist
plasmid_files/KX928750.1_results/PROKKA_06292018:CDS	hypothetical protein	KX928750.1:c41744-38739	CKOOGGLA_00052

DiscRep_SUB:FEATURE_LOCATION_CONFLICT::Coding region xref gene does not exist
plasmid_files/KX928750.1_results/PROKKA_06292018:CDS	Transposon Tn3 resolvase	KX928750.1:41908-42465	CKOOGGLA_00053

DiscRep_SUB:FEATURE_LOCATION_CONFLICT::Coding region xref gene does not exist
plasmid_files/KX928750.1_results/PROKKA_06292018:CDS	Beta-lactamase TEM	KX928750.1:42648-43508	CKOOGGLA_00054

DiscRep_SUB:FEATURE_LOCATION_CONFLICT::Coding region xref gene does not exist
plasmid_files/KX928750.1_results/PROKKA_06292018:CDS	hypothetical protein	KX928750.1:43767-44243	CKOOGGLA_00055

DiscRep_SUB:FEATURE_LOCATION_CONFLICT::Coding region xref gene does not exist
plasmid_files/KX928750.1_results/PROKKA_06292018:CDS	Beta-lactamase CTX-M-1	KX928750.1:c45165-44290	CKOOGGLA_00056

DiscRep_SUB:FEATURE_LOCATION_CONFLICT::Coding region xref gene does not exist
plasmid_files/KX928750.1_results/PROKKA_06292018:CDS	hypothetical protein	KX928750.1:c45519-45397	CKOOGGLA_00057

DiscRep_SUB:FEATURE_LOCATION_CONFLICT::Coding region xref gene does not exist
plasmid_files/KX928750.1_results/PROKKA_06292018:CDS	hypothetical protein	KX928750.1:c46762-45500	CKOOGGLA_00058

DiscRep_SUB:FEATURE_LOCATION_CONFLICT::Coding region xref gene does not exist
plasmid_files/KX928750.1_results/PROKKA_06292018:CDS	hypothetical protein	KX928750.1:c47657-47292	CKOOGGLA_00059

DiscRep_SUB:FEATURE_LOCATION_CONFLICT::Coding region xref gene does not exist
plasmid_files/KX928750.1_results/PROKKA_06292018:CDS	Multifunctional conjugation protein TraI	KX928750.1:c50893-47657	CKOOGGLA_00060

DiscRep_SUB:FEATURE_LOCATION_CONFLICT::Coding region xref gene does not exist
plasmid_files/KX928750.1_results/PROKKA_06292018:CDS	Coupling protein TraD	KX928750.1:c52422-50893	CKOOGGLA_00061

DiscRep_SUB:FEATURE_LOCATION_CONFLICT::Coding region xref gene does not exist
plasmid_files/KX928750.1_results/PROKKA_06292018:CDS	hypothetical protein	KX928750.1:c52840-52424	CKOOGGLA_00062

DiscRep_SUB:FEATURE_LOCATION_CONFLICT::Coding region xref gene does not exist
plasmid_files/KX928750.1_results/PROKKA_06292018:CDS	hypothetical protein	KX928750.1:53342-53761	CKOOGGLA_00063

DiscRep_SUB:FEATURE_LOCATION_CONFLICT::Coding region xref gene does not exist
plasmid_files/KX928750.1_results/PROKKA_06292018:CDS	hypothetical protein	KX928750.1:53770-54486	CKOOGGLA_00064

DiscRep_SUB:FEATURE_LOCATION_CONFLICT::Coding region xref gene does not exist
plasmid_files/KX928750.1_results/PROKKA_06292018:CDS	hypothetical protein	KX928750.1:54488-54856	CKOOGGLA_00065

DiscRep_SUB:FEATURE_LOCATION_CONFLICT::Coding region xref gene does not exist
plasmid_files/KX928750.1_results/PROKKA_06292018:CDS	hypothetical protein	KX928750.1:55038-55382	CKOOGGLA_00066

DiscRep_SUB:FEATURE_LOCATION_CONFLICT::Coding region xref gene does not exist
plasmid_files/KX928750.1_results/PROKKA_06292018:CDS	hypothetical protein	KX928750.1:c55813-55493	CKOOGGLA_00067

DiscRep_SUB:FEATURE_LOCATION_CONFLICT::Coding region xref gene does not exist
plasmid_files/KX928750.1_results/PROKKA_06292018:CDS	hypothetical protein	KX928750.1:c56047-55868	CKOOGGLA_00068

DiscRep_SUB:FEATURE_LOCATION_CONFLICT::Coding region xref gene does not exist
plasmid_files/KX928750.1_results/PROKKA_06292018:CDS	hypothetical protein	KX928750.1:c57283-56774	CKOOGGLA_00069

DiscRep_SUB:FEATURE_LOCATION_CONFLICT::Coding region xref gene does not exist
plasmid_files/KX928750.1_results/PROKKA_06292018:CDS	hypothetical protein	KX928750.1:c58158-58051	CKOOGGLA_00070

DiscRep_SUB:FEATURE_LOCATION_CONFLICT::Coding region xref gene does not exist
plasmid_files/KX928750.1_results/PROKKA_06292018:CDS	hypothetical protein	KX928750.1:c58968-58636	CKOOGGLA_00071

DiscRep_SUB:FEATURE_LOCATION_CONFLICT::Coding region xref gene does not exist
plasmid_files/KX928750.1_results/PROKKA_06292018:CDS	hypothetical protein	KX928750.1:c59461-59177	CKOOGGLA_00072

DiscRep_SUB:FEATURE_LOCATION_CONFLICT::Coding region xref gene does not exist
plasmid_files/KX928750.1_results/PROKKA_06292018:CDS	hypothetical protein	KX928750.1:c59889-59530	CKOOGGLA_00073

DiscRep_SUB:FEATURE_LOCATION_CONFLICT::Coding region xref gene does not exist
plasmid_files/KX928750.1_results/PROKKA_06292018:CDS	hypothetical protein	KX928750.1:c60182-59886	CKOOGGLA_00074

DiscRep_SUB:FEATURE_LOCATION_CONFLICT::Coding region xref gene does not exist
plasmid_files/KX928750.1_results/PROKKA_06292018:CDS	hypothetical protein	KX928750.1:c60840-60295	CKOOGGLA_00075

DiscRep_SUB:FEATURE_LOCATION_CONFLICT::Coding region xref gene does not exist
plasmid_files/KX928750.1_results/PROKKA_06292018:CDS	hypothetical protein	KX928750.1:c60995-60840	CKOOGGLA_00076

DiscRep_SUB:FEATURE_LOCATION_CONFLICT::Coding region xref gene does not exist
plasmid_files/KX928750.1_results/PROKKA_06292018:CDS	hypothetical protein	KX928750.1:c61307-61068	CKOOGGLA_00077

DiscRep_SUB:FEATURE_LOCATION_CONFLICT::Coding region xref gene does not exist
plasmid_files/KX928750.1_results/PROKKA_06292018:CDS	hypothetical protein	KX928750.1:c61721-61317	CKOOGGLA_00078

DiscRep_SUB:FEATURE_LOCATION_CONFLICT::Coding region xref gene does not exist
plasmid_files/KX928750.1_results/PROKKA_06292018:CDS	Antirestriction protein KlcA	KX928750.1:c62204-61779	CKOOGGLA_00079

DiscRep_SUB:FEATURE_LOCATION_CONFLICT::Coding region xref gene does not exist
plasmid_files/KX928750.1_results/PROKKA_06292018:CDS	Protein UmuD	KX928750.1:62619-63059	CKOOGGLA_00080

DiscRep_SUB:FEATURE_LOCATION_CONFLICT::Coding region xref gene does not exist
plasmid_files/KX928750.1_results/PROKKA_06292018:CDS	Protein UmuC	KX928750.1:63047-64312	CKOOGGLA_00081

DiscRep_SUB:FEATURE_LOCATION_CONFLICT::Coding region xref gene does not exist
plasmid_files/KX928750.1_results/PROKKA_06292018:CDS	hypothetical protein	KX928750.1:64463-65254	CKOOGGLA_00082

DiscRep_SUB:FEATURE_LOCATION_CONFLICT::Coding region xref gene does not exist
plasmid_files/KX928750.1_results/PROKKA_06292018:CDS	hypothetical protein	KX928750.1:c65556-65269	CKOOGGLA_00083

DiscRep_ALL:OVERLAPPING_CDS::2 coding regions overlap another coding region with a similar or identical name.
DiscRep_SUB:OVERLAPPING_CDS::2 coding regions overlap another coding region with a similar or identical name that do not have the appropriate note text
plasmid_files/KX928750.1_results/PROKKA_06292018:CDS	Type IV secretion system protein virB4	KX928750.1:c19775-19227	CKOOGGLA_00024
plasmid_files/KX928750.1_results/PROKKA_06292018:CDS	Type IV secretion system protein virB4	KX928750.1:c21826-19772	CKOOGGLA_00025

DiscRep_ALL:DISC_QUALITY_SCORES::Quality scores are missing on all sequences.

DiscRep_ALL:ONCALLER_COMMENT_PRESENT::1 comment descriptors were found (all same)
plasmid_files/KX928750.1_results/PROKKA_06292018:KX928750.1:Annotated using prokka 1.14-dev from https://github.com/tseemann/prokka

DiscRep_ALL:SHORT_PROT_SEQUENCES::3 protein sequences are shorter than 50 aa.
plasmid_files/KX928750.1_results/PROKKA_06292018:KX928750.1_13 (length 29)
plasmid_files/KX928750.1_results/PROKKA_06292018:KX928750.1_57 (length 40)
plasmid_files/KX928750.1_results/PROKKA_06292018:KX928750.1_70 (length 35)

DiscRep_ALL:MISSING_GENOMEASSEMBLY_COMMENTS::1 bioseqs are missing GenomeAssembly structured comments
plasmid_files/KX928750.1_results/PROKKA_06292018:KX928750.1 (length 65595)

DiscRep_ALL:MOLTYPE_NOT_MRNA::1 molecule types are not set as mRNA.
plasmid_files/KX928750.1_results/PROKKA_06292018:KX928750.1 (length 65595)

DiscRep_ALL:TECHNIQUE_NOT_TSA::1 technique are not set as TSA
plasmid_files/KX928750.1_results/PROKKA_06292018:KX928750.1 (length 65595)

DiscRep_ALL:MISSING_STRUCTURED_COMMENT::1 sequences do not include structured comments.
plasmid_files/KX928750.1_results/PROKKA_06292018:KX928750.1 (length 65595)

DiscRep_ALL:MISSING_PROJECT::84 sequences do not include project.
plasmid_files/KX928750.1_results/PROKKA_06292018:KX928750.1 (length 65595)
plasmid_files/KX928750.1_results/PROKKA_06292018:KX928750.1_1 (length 239)
plasmid_files/KX928750.1_results/PROKKA_06292018:KX928750.1_2 (length 431)
plasmid_files/KX928750.1_results/PROKKA_06292018:KX928750.1_3 (length 189)
plasmid_files/KX928750.1_results/PROKKA_06292018:KX928750.1_4 (length 234)
plasmid_files/KX928750.1_results/PROKKA_06292018:KX928750.1_5 (length 133)
plasmid_files/KX928750.1_results/PROKKA_06292018:KX928750.1_6 (length 326)
plasmid_files/KX928750.1_results/PROKKA_06292018:KX928750.1_7 (length 293)
plasmid_files/KX928750.1_results/PROKKA_06292018:KX928750.1_8 (length 126)
plasmid_files/KX928750.1_results/PROKKA_06292018:KX928750.1_9 (length 234)
plasmid_files/KX928750.1_results/PROKKA_06292018:KX928750.1_10 (length 181)
plasmid_files/KX928750.1_results/PROKKA_06292018:KX928750.1_11 (length 190)
plasmid_files/KX928750.1_results/PROKKA_06292018:KX928750.1_12 (length 463)
plasmid_files/KX928750.1_results/PROKKA_06292018:KX928750.1_13 (length 29)
plasmid_files/KX928750.1_results/PROKKA_06292018:KX928750.1_14 (length 91)
plasmid_files/KX928750.1_results/PROKKA_06292018:KX928750.1_15 (length 125)
plasmid_files/KX928750.1_results/PROKKA_06292018:KX928750.1_16 (length 177)
plasmid_files/KX928750.1_results/PROKKA_06292018:KX928750.1_17 (length 331)
plasmid_files/KX928750.1_results/PROKKA_06292018:KX928750.1_18 (length 386)
plasmid_files/KX928750.1_results/PROKKA_06292018:KX928750.1_19 (length 294)
plasmid_files/KX928750.1_results/PROKKA_06292018:KX928750.1_20 (length 232)
plasmid_files/KX928750.1_results/PROKKA_06292018:KX928750.1_21 (length 346)
plasmid_files/KX928750.1_results/PROKKA_06292018:KX928750.1_22 (length 75)
plasmid_files/KX928750.1_results/PROKKA_06292018:KX928750.1_23 (length 237)
plasmid_files/KX928750.1_results/PROKKA_06292018:KX928750.1_24 (length 182)
plasmid_files/KX928750.1_results/PROKKA_06292018:KX928750.1_25 (length 684)
plasmid_files/KX928750.1_results/PROKKA_06292018:KX928750.1_26 (length 105)
plasmid_files/KX928750.1_results/PROKKA_06292018:KX928750.1_27 (length 97)
plasmid_files/KX928750.1_results/PROKKA_06292018:KX928750.1_28 (length 93)
plasmid_files/KX928750.1_results/PROKKA_06292018:KX928750.1_29 (length 244)
plasmid_files/KX928750.1_results/PROKKA_06292018:KX928750.1_30 (length 101)
plasmid_files/KX928750.1_results/PROKKA_06292018:KX928750.1_31 (length 114)
plasmid_files/KX928750.1_results/PROKKA_06292018:KX928750.1_32 (length 104)
plasmid_files/KX928750.1_results/PROKKA_06292018:KX928750.1_33 (length 103)
plasmid_files/KX928750.1_results/PROKKA_06292018:KX928750.1_34 (length 215)
plasmid_files/KX928750.1_results/PROKKA_06292018:KX928750.1_35 (length 68)
plasmid_files/KX928750.1_results/PROKKA_06292018:KX928750.1_36 (length 88)
plasmid_files/KX928750.1_results/PROKKA_06292018:KX928750.1_37 (length 477)
plasmid_files/KX928750.1_results/PROKKA_06292018:KX928750.1_38 (length 402)
plasmid_files/KX928750.1_results/PROKKA_06292018:KX928750.1_39 (length 254)
plasmid_files/KX928750.1_results/PROKKA_06292018:KX928750.1_40 (length 94)
plasmid_files/KX928750.1_results/PROKKA_06292018:KX928750.1_41 (length 157)
plasmid_files/KX928750.1_results/PROKKA_06292018:KX928750.1_42 (length 238)
plasmid_files/KX928750.1_results/PROKKA_06292018:KX928750.1_43 (length 234)
plasmid_files/KX928750.1_results/PROKKA_06292018:KX928750.1_44 (length 218)
plasmid_files/KX928750.1_results/PROKKA_06292018:KX928750.1_45 (length 63)
plasmid_files/KX928750.1_results/PROKKA_06292018:KX928750.1_46 (length 55)
plasmid_files/KX928750.1_results/PROKKA_06292018:KX928750.1_47 (length 153)
plasmid_files/KX928750.1_results/PROKKA_06292018:KX928750.1_48 (length 81)
plasmid_files/KX928750.1_results/PROKKA_06292018:KX928750.1_49 (length 337)
plasmid_files/KX928750.1_results/PROKKA_06292018:KX928750.1_50 (length 199)
plasmid_files/KX928750.1_results/PROKKA_06292018:KX928750.1_51 (length 150)
plasmid_files/KX928750.1_results/PROKKA_06292018:KX928750.1_52 (length 1001)
plasmid_files/KX928750.1_results/PROKKA_06292018:KX928750.1_53 (length 185)
plasmid_files/KX928750.1_results/PROKKA_06292018:KX928750.1_54 (length 286)
plasmid_files/KX928750.1_results/PROKKA_06292018:KX928750.1_55 (length 158)
plasmid_files/KX928750.1_results/PROKKA_06292018:KX928750.1_56 (length 291)
plasmid_files/KX928750.1_results/PROKKA_06292018:KX928750.1_57 (length 40)
plasmid_files/KX928750.1_results/PROKKA_06292018:KX928750.1_58 (length 420)
plasmid_files/KX928750.1_results/PROKKA_06292018:KX928750.1_59 (length 121)
plasmid_files/KX928750.1_results/PROKKA_06292018:KX928750.1_60 (length 1078)
plasmid_files/KX928750.1_results/PROKKA_06292018:KX928750.1_61 (length 509)
plasmid_files/KX928750.1_results/PROKKA_06292018:KX928750.1_62 (length 138)
plasmid_files/KX928750.1_results/PROKKA_06292018:KX928750.1_63 (length 139)
plasmid_files/KX928750.1_results/PROKKA_06292018:KX928750.1_64 (length 238)
plasmid_files/KX928750.1_results/PROKKA_06292018:KX928750.1_65 (length 122)
plasmid_files/KX928750.1_results/PROKKA_06292018:KX928750.1_66 (length 114)
plasmid_files/KX928750.1_results/PROKKA_06292018:KX928750.1_67 (length 106)
plasmid_files/KX928750.1_results/PROKKA_06292018:KX928750.1_68 (length 59)
plasmid_files/KX928750.1_results/PROKKA_06292018:KX928750.1_69 (length 169)
plasmid_files/KX928750.1_results/PROKKA_06292018:KX928750.1_70 (length 35)
plasmid_files/KX928750.1_results/PROKKA_06292018:KX928750.1_71 (length 110)
plasmid_files/KX928750.1_results/PROKKA_06292018:KX928750.1_72 (length 94)
plasmid_files/KX928750.1_results/PROKKA_06292018:KX928750.1_73 (length 119)
plasmid_files/KX928750.1_results/PROKKA_06292018:KX928750.1_74 (length 98)
plasmid_files/KX928750.1_results/PROKKA_06292018:KX928750.1_75 (length 181)
plasmid_files/KX928750.1_results/PROKKA_06292018:KX928750.1_76 (length 51)
plasmid_files/KX928750.1_results/PROKKA_06292018:KX928750.1_77 (length 79)
plasmid_files/KX928750.1_results/PROKKA_06292018:KX928750.1_78 (length 134)
plasmid_files/KX928750.1_results/PROKKA_06292018:KX928750.1_79 (length 141)
plasmid_files/KX928750.1_results/PROKKA_06292018:KX928750.1_80 (length 146)
plasmid_files/KX928750.1_results/PROKKA_06292018:KX928750.1_81 (length 421)
plasmid_files/KX928750.1_results/PROKKA_06292018:KX928750.1_82 (length 263)
plasmid_files/KX928750.1_results/PROKKA_06292018:KX928750.1_83 (length 95)

DiscRep_ALL:DISC_INCONSISTENT_MOLINFO_TECH::Molinfo Technique Report (some missing, all same)
DiscRep_SUB:DISC_INCONSISTENT_MOLINFO_TECH::technique (all missing)
DiscRep_SUB:DISC_INCONSISTENT_MOLINFO_TECH::1 Molinfos are missing field technique
plasmid_files/KX928750.1_results/PROKKA_06292018:KX928750.1 (length 65595)

