[10:08:00] This is prokka 1.14-dev
[10:08:00] Written by Torsten Seemann <torsten.seemann@gmail.com>
[10:08:00] Homepage is https://github.com/tseemann/prokka
[10:08:00] Local time is Fri Jun 29 10:08:00 2018
[10:08:00] You are christian
[10:08:00] Operating system is linux
[10:08:00] You have BioPerl 1.007002
[10:08:00] System has 20 cores.
[10:08:00] Will use maximum of 20 cores.
[10:08:00] Annotating as >>> Bacteria <<<
[10:08:00] Generating locus_tag from 'plasmid_files/EU176013.1.fasta' contents.
[10:08:00] Setting --locustag MPGIBHAF from MD5 6902b1aff9d8df8606b3c7d8aedfc7b5
[10:08:00] Creating new output folder: plasmid_files/EU176013.1_results
[10:08:00] Running: mkdir -p plasmid_files\/EU176013\.1_results
[10:08:00] Using filename prefix: PROKKA_06292018.XXX
[10:08:00] Setting HMMER_NCPU=1
[10:08:00] Writing log to: plasmid_files/EU176013.1_results/PROKKA_06292018.log
[10:08:00] Command: /home/christian/install/prokka/bin/prokka plasmid_files/EU176013.1.fasta --outdir plasmid_files/EU176013.1_results --cpus 20
[10:08:00] Appending to PATH: /home/christian/install/prokka/bin/../binaries/linux
[10:08:00] Appending to PATH: /home/christian/install/prokka/bin/../binaries/linux/../common
[10:08:00] Appending to PATH: /home/christian/install/prokka/bin
[10:08:00] Looking for 'aragorn' - found /home/christian/install/prokka/bin/../binaries/linux/aragorn
[10:08:00] Determined aragorn version is 1.2
[10:08:00] Looking for 'blastp' - found /usr/bin/blastp
[10:08:00] Determined blastp version is 2.2
[10:08:00] Looking for 'cmpress' - found /usr/local/bin/cmpress
[10:08:00] Determined cmpress version is 1.1
[10:08:00] Looking for 'cmscan' - found /usr/local/bin/cmscan
[10:08:00] Determined cmscan version is 1.1
[10:08:00] Looking for 'egrep' - found /bin/egrep
[10:08:00] Looking for 'find' - found /usr/bin/find
[10:08:00] Looking for 'grep' - found /bin/grep
[10:08:00] Looking for 'hmmpress' - found /usr/local/bin/hmmpress
[10:08:00] Determined hmmpress version is 3.1
[10:08:00] Looking for 'hmmscan' - found /usr/local/bin/hmmscan
[10:08:00] Determined hmmscan version is 3.1
[10:08:00] Looking for 'java' - found /usr/bin/java
[10:08:00] Looking for 'less' - found /usr/bin/less
[10:08:00] Looking for 'makeblastdb' - found /usr/bin/makeblastdb
[10:08:00] Determined makeblastdb version is 2.2
[10:08:00] Looking for 'minced' - found /home/christian/install/prokka/bin/../binaries/linux/../common/minced
[10:08:00] Determined minced version is 2.0
[10:08:00] Looking for 'parallel' - found /usr/bin/parallel
[10:08:00] Determined parallel version is 20141022
[10:08:00] Looking for 'prodigal' - found /usr/local/bin/prodigal
[10:08:00] Determined prodigal version is 2.6
[10:08:00] Looking for 'prokka-genbank_to_fasta_db' - found /home/christian/install/prokka/bin/prokka-genbank_to_fasta_db
[10:08:00] Looking for 'sed' - found /bin/sed
[10:08:00] Looking for 'tbl2asn' - found /home/christian/install/prokka/bin/../binaries/linux/tbl2asn
[10:08:00] Determined tbl2asn version is 25.6
[10:08:00] Using genetic code table 11.
[10:08:00] Loading and checking input file: plasmid_files/EU176013.1.fasta
[10:08:00] Wrote 1 contigs totalling 10979 bp.
[10:08:00] Predicting tRNAs and tmRNAs
[10:08:00] Running: aragorn -l -gc11  -w plasmid_files\/EU176013\.1_results\/PROKKA_06292018\.fna
[10:08:00] Found 0 tRNAs
[10:08:00] Predicting Ribosomal RNAs
[10:08:00] You need either Barrnap or RNAmmer installed to predict rRNAs!
[10:08:00] Skipping ncRNA search, enable with --rfam if desired.
[10:08:00] Total of 0 tRNA + rRNA features
[10:08:00] Searching for CRISPR repeats
[10:08:01] Found 0 CRISPRs
[10:08:01] Predicting coding sequences
[10:08:01] Contigs total 10979 bp, so using meta mode
[10:08:01] Running: prodigal -i plasmid_files\/EU176013\.1_results\/PROKKA_06292018\.fna -c -m -g 11 -p meta -f sco -q
[10:08:01] Found 7 CDS
[10:08:01] Connecting features back to sequences
[10:08:01] Not using genus-specific database. Try --usegenus to enable it.
[10:08:01] Annotating CDS, please be patient.
[10:08:01] Will use 20 CPUs for similarity searching.
[10:08:01] There are still 7 unannotated CDS left (started with 7)
[10:08:01] Will use blast to search against /home/christian/install/prokka/db/kingdom/Bacteria/sprot with 20 CPUs
[10:08:01] Running: cat plasmid_files\/EU176013\.1_results\/sprot\.faa | parallel --gnu --plain -j 20 --block 76 --recstart '>' --pipe blastp -query - -db /home/christian/install/prokka/db/kingdom/Bacteria/sprot -evalue 1e-06 -num_threads 1 -num_descriptions 1 -num_alignments 1 -seg no > plasmid_files\/EU176013\.1_results\/sprot\.blast 2> /dev/null
[10:08:01] Deleting unwanted file: plasmid_files/EU176013.1_results/sprot.faa
[10:08:01] Deleting unwanted file: plasmid_files/EU176013.1_results/sprot.blast
[10:08:01] There are still 4 unannotated CDS left (started with 7)
[10:08:01] Will use hmmer3 to search against /home/christian/install/prokka/db/hmm/HAMAP.hmm with 20 CPUs
[10:08:01] Running: cat plasmid_files\/EU176013\.1_results\/HAMAP\.hmm\.faa | parallel --gnu --plain -j 20 --block 47 --recstart '>' --pipe hmmscan --noali --notextw --acc -E 1e-06 --cpu 1 /home/christian/install/prokka/db/hmm/HAMAP.hmm /dev/stdin > plasmid_files\/EU176013\.1_results\/HAMAP\.hmm\.hmmer3 2> /dev/null
[10:08:01] Deleting unwanted file: plasmid_files/EU176013.1_results/HAMAP.hmm.faa
[10:08:01] Deleting unwanted file: plasmid_files/EU176013.1_results/HAMAP.hmm.hmmer3
[10:08:01] Labelling remaining 4 proteins as 'hypothetical protein'
[10:08:01] Found 2 unique /gene codes.
[10:08:01] Fixed 0 colliding /gene names.
[10:08:01] Adding /locus_tag identifiers
[10:08:01] Assigned 7 locus_tags to CDS and RNA features.
[10:08:01] Writing outputs to plasmid_files/EU176013.1_results/
[10:08:01] Generating annotation statistics file
[10:08:01] Generating Genbank and Sequin files
[10:08:01] Running: tbl2asn -V b -a r10k -l paired-ends -M n -N 1 -y 'Annotated using prokka 1.14-dev from https://github.com/tseemann/prokka' -Z plasmid_files\/EU176013\.1_results\/PROKKA_06292018\.err -i plasmid_files\/EU176013\.1_results\/PROKKA_06292018\.fsa 2> /dev/null
[10:08:02] Deleting unwanted file: plasmid_files/EU176013.1_results/errorsummary.val
[10:08:02] Deleting unwanted file: plasmid_files/EU176013.1_results/PROKKA_06292018.dr
[10:08:02] Deleting unwanted file: plasmid_files/EU176013.1_results/PROKKA_06292018.fixedproducts
[10:08:02] Deleting unwanted file: plasmid_files/EU176013.1_results/PROKKA_06292018.ecn
[10:08:02] Deleting unwanted file: plasmid_files/EU176013.1_results/PROKKA_06292018.val
[10:08:02] Repairing broken .GBK output that tbl2asn produces...
[10:08:02] Running: sed 's/COORDINATES: profile/COORDINATES:profile/' < plasmid_files\/EU176013\.1_results\/PROKKA_06292018\.gbf > plasmid_files\/EU176013\.1_results\/PROKKA_06292018\.gbk
[10:08:02] Deleting unwanted file: plasmid_files/EU176013.1_results/PROKKA_06292018.gbf
[10:08:02] Output files:
[10:08:02] plasmid_files/EU176013.1_results/PROKKA_06292018.sqn
[10:08:02] plasmid_files/EU176013.1_results/PROKKA_06292018.fsa
[10:08:02] plasmid_files/EU176013.1_results/PROKKA_06292018.tbl
[10:08:02] plasmid_files/EU176013.1_results/PROKKA_06292018.log
[10:08:02] plasmid_files/EU176013.1_results/PROKKA_06292018.gff
[10:08:02] plasmid_files/EU176013.1_results/PROKKA_06292018.txt
[10:08:02] plasmid_files/EU176013.1_results/PROKKA_06292018.gbk
[10:08:02] plasmid_files/EU176013.1_results/PROKKA_06292018.faa
[10:08:02] plasmid_files/EU176013.1_results/PROKKA_06292018.fna
[10:08:02] plasmid_files/EU176013.1_results/PROKKA_06292018.tsv
[10:08:02] plasmid_files/EU176013.1_results/PROKKA_06292018.ffn
[10:08:02] plasmid_files/EU176013.1_results/PROKKA_06292018.err
[10:08:02] Annotation finished successfully.
[10:08:02] Walltime used: 0.03 minutes
[10:08:02] If you use this result please cite the Prokka paper:
[10:08:02] Seemann T (2014) Prokka: rapid prokaryotic genome annotation. Bioinformatics. 30(14):2068-9.
[10:08:02] Type 'prokka --citation' for more details.
[10:08:02] Thank you, come again.
