[10:06:31] This is prokka 1.14-dev
[10:06:31] Written by Torsten Seemann <torsten.seemann@gmail.com>
[10:06:31] Homepage is https://github.com/tseemann/prokka
[10:06:31] Local time is Fri Jun 29 10:06:31 2018
[10:06:31] You are christian
[10:06:31] Operating system is linux
[10:06:31] You have BioPerl 1.007002
[10:06:31] System has 20 cores.
[10:06:31] Will use maximum of 20 cores.
[10:06:31] Annotating as >>> Bacteria <<<
[10:06:31] Generating locus_tag from 'plasmid_files/CP028541.1.fasta' contents.
[10:06:31] Setting --locustag FKHIEOOO from MD5 f412e888a3ce07655a5a06ba09b14bd0
[10:06:31] Creating new output folder: plasmid_files/CP028541.1_results
[10:06:31] Running: mkdir -p plasmid_files\/CP028541\.1_results
[10:06:31] Using filename prefix: PROKKA_06292018.XXX
[10:06:31] Setting HMMER_NCPU=1
[10:06:31] Writing log to: plasmid_files/CP028541.1_results/PROKKA_06292018.log
[10:06:31] Command: /home/christian/install/prokka/bin/prokka plasmid_files/CP028541.1.fasta --outdir plasmid_files/CP028541.1_results --cpus 20
[10:06:31] Appending to PATH: /home/christian/install/prokka/bin/../binaries/linux
[10:06:31] Appending to PATH: /home/christian/install/prokka/bin/../binaries/linux/../common
[10:06:31] Appending to PATH: /home/christian/install/prokka/bin
[10:06:31] Looking for 'aragorn' - found /home/christian/install/prokka/bin/../binaries/linux/aragorn
[10:06:31] Determined aragorn version is 1.2
[10:06:31] Looking for 'blastp' - found /usr/bin/blastp
[10:06:31] Determined blastp version is 2.2
[10:06:31] Looking for 'cmpress' - found /usr/local/bin/cmpress
[10:06:31] Determined cmpress version is 1.1
[10:06:31] Looking for 'cmscan' - found /usr/local/bin/cmscan
[10:06:31] Determined cmscan version is 1.1
[10:06:31] Looking for 'egrep' - found /bin/egrep
[10:06:31] Looking for 'find' - found /usr/bin/find
[10:06:31] Looking for 'grep' - found /bin/grep
[10:06:31] Looking for 'hmmpress' - found /usr/local/bin/hmmpress
[10:06:31] Determined hmmpress version is 3.1
[10:06:31] Looking for 'hmmscan' - found /usr/local/bin/hmmscan
[10:06:31] Determined hmmscan version is 3.1
[10:06:31] Looking for 'java' - found /usr/bin/java
[10:06:31] Looking for 'less' - found /usr/bin/less
[10:06:31] Looking for 'makeblastdb' - found /usr/bin/makeblastdb
[10:06:31] Determined makeblastdb version is 2.2
[10:06:31] Looking for 'minced' - found /home/christian/install/prokka/bin/../binaries/linux/../common/minced
[10:06:31] Determined minced version is 2.0
[10:06:31] Looking for 'parallel' - found /usr/bin/parallel
[10:06:31] Determined parallel version is 20141022
[10:06:31] Looking for 'prodigal' - found /usr/local/bin/prodigal
[10:06:31] Determined prodigal version is 2.6
[10:06:31] Looking for 'prokka-genbank_to_fasta_db' - found /home/christian/install/prokka/bin/prokka-genbank_to_fasta_db
[10:06:31] Looking for 'sed' - found /bin/sed
[10:06:31] Looking for 'tbl2asn' - found /home/christian/install/prokka/bin/../binaries/linux/tbl2asn
[10:06:32] Determined tbl2asn version is 25.6
[10:06:32] Using genetic code table 11.
[10:06:32] Loading and checking input file: plasmid_files/CP028541.1.fasta
[10:06:32] Wrote 1 contigs totalling 177509 bp.
[10:06:32] Predicting tRNAs and tmRNAs
[10:06:32] Running: aragorn -l -gc11  -w plasmid_files\/CP028541\.1_results\/PROKKA_06292018\.fna
[10:06:32] 1 tRNA-Thr c[60079,60150] 34 (ggt)
[10:06:32] Found 1 tRNAs
[10:06:32] Predicting Ribosomal RNAs
[10:06:32] You need either Barrnap or RNAmmer installed to predict rRNAs!
[10:06:32] Skipping ncRNA search, enable with --rfam if desired.
[10:06:32] Total of 1 tRNA + rRNA features
[10:06:32] Searching for CRISPR repeats
[10:06:32] Found 0 CRISPRs
[10:06:32] Predicting coding sequences
[10:06:32] Contigs total 177509 bp, so using single mode
[10:06:32] Running: prodigal -i plasmid_files\/CP028541\.1_results\/PROKKA_06292018\.fna -c -m -g 11 -p single -f sco -q
[10:06:32] Excluding CDS which overlaps existing RNA (tRNA) at CP028541.1:59329..60702 on + strand
[10:06:32] Found 226 CDS
[10:06:32] Connecting features back to sequences
[10:06:32] Not using genus-specific database. Try --usegenus to enable it.
[10:06:32] Annotating CDS, please be patient.
[10:06:32] Will use 20 CPUs for similarity searching.
[10:06:32] There are still 226 unannotated CDS left (started with 226)
[10:06:32] Will use blast to search against /home/christian/install/prokka/db/kingdom/Bacteria/sprot with 20 CPUs
[10:06:32] Running: cat plasmid_files\/CP028541\.1_results\/sprot\.faa | parallel --gnu --plain -j 20 --block 1216 --recstart '>' --pipe blastp -query - -db /home/christian/install/prokka/db/kingdom/Bacteria/sprot -evalue 1e-06 -num_threads 1 -num_descriptions 1 -num_alignments 1 -seg no > plasmid_files\/CP028541\.1_results\/sprot\.blast 2> /dev/null
[10:06:33] Modify product: UPF0401 protein YkfF => hypothetical protein
[10:06:33] Modify product: Uncharacterized signaling protein PA1727 => putative signaling protein
[10:06:33] Modify product: UPF0401 protein YkfF => hypothetical protein
[10:06:33] Modify product: UPF0401 protein YkfF => hypothetical protein
[10:06:33] Cleaned 4 /product names
[10:06:33] Deleting unwanted file: plasmid_files/CP028541.1_results/sprot.faa
[10:06:33] Deleting unwanted file: plasmid_files/CP028541.1_results/sprot.blast
[10:06:33] There are still 142 unannotated CDS left (started with 226)
[10:06:33] Will use hmmer3 to search against /home/christian/install/prokka/db/hmm/HAMAP.hmm with 20 CPUs
[10:06:33] Running: cat plasmid_files\/CP028541\.1_results\/HAMAP\.hmm\.faa | parallel --gnu --plain -j 20 --block 698 --recstart '>' --pipe hmmscan --noali --notextw --acc -E 1e-06 --cpu 1 /home/christian/install/prokka/db/hmm/HAMAP.hmm /dev/stdin > plasmid_files\/CP028541\.1_results\/HAMAP\.hmm\.hmmer3 2> /dev/null
[10:06:34] Deleting unwanted file: plasmid_files/CP028541.1_results/HAMAP.hmm.faa
[10:06:34] Deleting unwanted file: plasmid_files/CP028541.1_results/HAMAP.hmm.hmmer3
[10:06:34] Labelling remaining 140 proteins as 'hypothetical protein'
[10:06:34] Found 55 unique /gene codes.
[10:06:34] Fixed 2 duplicate /gene - traA_1 traA_2
[10:06:34] Fixed 2 duplicate /gene - parA_1 parA_2
[10:06:34] Fixed 2 duplicate /gene - traJ_1 traJ_2
[10:06:34] Fixed 2 duplicate /gene - bin3_1 bin3_2
[10:06:34] Fixed 2 duplicate /gene - virB_1 virB_2
[10:06:34] Fixed 2 duplicate /gene - umuD_1 umuD_2
[10:06:34] Fixed 2 duplicate /gene - holE_1 holE_2
[10:06:34] Fixed 2 duplicate /gene - traM_1 traM_2
[10:06:34] Fixed 2 duplicate /gene - ssb_1 ssb_2
[10:06:34] Fixed 2 duplicate /gene - traI_1 traI_2
[10:06:34] Fixed 4 duplicate /gene - tnpR_1 tnpR_2 tnpR_3 tnpR_4
[10:06:34] Fixed 2 duplicate /gene - klcA_1 klcA_2
[10:06:34] Fixed 3 duplicate /gene - spo0C_1 spo0C_2 spo0C_3
[10:06:34] Fixed 2 duplicate /gene - umuC_1 umuC_2
[10:06:34] Fixed 2 duplicate /gene - ltrA_1 ltrA_2
[10:06:34] Fixed 5 duplicate /gene - bla_1 bla_2 bla_3 bla_4 bla_5
[10:06:34] Fixed 3 duplicate /gene - yhdJ_1 yhdJ_2 yhdJ_3
[10:06:34] Fixed 2 duplicate /gene - parM_1 parM_2
[10:06:34] Fixed 3 duplicate /gene - psiB_1 psiB_2 psiB_3
[10:06:34] Fixed 19 colliding /gene names.
[10:06:34] Adding /locus_tag identifiers
[10:06:34] Assigned 227 locus_tags to CDS and RNA features.
[10:06:34] Writing outputs to plasmid_files/CP028541.1_results/
[10:06:34] Generating annotation statistics file
[10:06:34] Generating Genbank and Sequin files
[10:06:34] Running: tbl2asn -V b -a r10k -l paired-ends -M n -N 1 -y 'Annotated using prokka 1.14-dev from https://github.com/tseemann/prokka' -Z plasmid_files\/CP028541\.1_results\/PROKKA_06292018\.err -i plasmid_files\/CP028541\.1_results\/PROKKA_06292018\.fsa 2> /dev/null
[10:06:35] Deleting unwanted file: plasmid_files/CP028541.1_results/errorsummary.val
[10:06:35] Deleting unwanted file: plasmid_files/CP028541.1_results/PROKKA_06292018.dr
[10:06:35] Deleting unwanted file: plasmid_files/CP028541.1_results/PROKKA_06292018.fixedproducts
[10:06:35] Deleting unwanted file: plasmid_files/CP028541.1_results/PROKKA_06292018.ecn
[10:06:35] Deleting unwanted file: plasmid_files/CP028541.1_results/PROKKA_06292018.val
[10:06:35] Repairing broken .GBK output that tbl2asn produces...
[10:06:35] Running: sed 's/COORDINATES: profile/COORDINATES:profile/' < plasmid_files\/CP028541\.1_results\/PROKKA_06292018\.gbf > plasmid_files\/CP028541\.1_results\/PROKKA_06292018\.gbk
[10:06:35] Deleting unwanted file: plasmid_files/CP028541.1_results/PROKKA_06292018.gbf
[10:06:35] Output files:
[10:06:35] plasmid_files/CP028541.1_results/PROKKA_06292018.sqn
[10:06:35] plasmid_files/CP028541.1_results/PROKKA_06292018.fsa
[10:06:35] plasmid_files/CP028541.1_results/PROKKA_06292018.tbl
[10:06:35] plasmid_files/CP028541.1_results/PROKKA_06292018.log
[10:06:35] plasmid_files/CP028541.1_results/PROKKA_06292018.gff
[10:06:35] plasmid_files/CP028541.1_results/PROKKA_06292018.txt
[10:06:35] plasmid_files/CP028541.1_results/PROKKA_06292018.gbk
[10:06:35] plasmid_files/CP028541.1_results/PROKKA_06292018.faa
[10:06:35] plasmid_files/CP028541.1_results/PROKKA_06292018.fna
[10:06:35] plasmid_files/CP028541.1_results/PROKKA_06292018.tsv
[10:06:35] plasmid_files/CP028541.1_results/PROKKA_06292018.ffn
[10:06:35] plasmid_files/CP028541.1_results/PROKKA_06292018.err
[10:06:35] Annotation finished successfully.
[10:06:35] Walltime used: 0.07 minutes
[10:06:35] If you use this result please cite the Prokka paper:
[10:06:35] Seemann T (2014) Prokka: rapid prokaryotic genome annotation. Bioinformatics. 30(14):2068-9.
[10:06:35] Type 'prokka --citation' for more details.
[10:06:35] Thank you, come again.
