Discrepancy Report Results

Summary
FATAL: MISSING_PROTEIN_ID:53 proteins have invalid IDs.
DISC_SOURCE_QUALS_ASNDISC:strain (all present, all unique)
DISC_SOURCE_QUALS_ASNDISC:taxname (all present, all unique)
DISC_FEATURE_COUNT:CDS: 53 present
DISC_COUNT_NUCLEOTIDES:1 nucleotide Bioseqs are present
FEATURE_LOCATION_CONFLICT:53 features have inconsistent gene locations.
DISC_QUALITY_SCORES:Quality scores are missing on all sequences.
ONCALLER_COMMENT_PRESENT:1 comment descriptors were found (all same)
SHORT_PROT_SEQUENCES:3 protein sequences are shorter than 50 aa.
MISSING_GENOMEASSEMBLY_COMMENTS:1 bioseqs are missing GenomeAssembly structured comments
MOLTYPE_NOT_MRNA:1 molecule types are not set as mRNA.
TECHNIQUE_NOT_TSA:1 technique are not set as TSA
MISSING_STRUCTURED_COMMENT:1 sequences do not include structured comments.
MISSING_PROJECT:54 sequences do not include project.
DISC_INCONSISTENT_MOLINFO_TECH:Molinfo Technique Report (some missing, all same)


Detailed Report

FATAL: DiscRep_ALL:MISSING_PROTEIN_ID::53 proteins have invalid IDs.
plasmid_files/KP726894.1_results/PROKKA_06292018:KP726894.1_1 (length 92)
plasmid_files/KP726894.1_results/PROKKA_06292018:KP726894.1_2 (length 141)
plasmid_files/KP726894.1_results/PROKKA_06292018:KP726894.1_3 (length 51)
plasmid_files/KP726894.1_results/PROKKA_06292018:KP726894.1_4 (length 98)
plasmid_files/KP726894.1_results/PROKKA_06292018:KP726894.1_5 (length 326)
plasmid_files/KP726894.1_results/PROKKA_06292018:KP726894.1_6 (length 293)
plasmid_files/KP726894.1_results/PROKKA_06292018:KP726894.1_7 (length 326)
plasmid_files/KP726894.1_results/PROKKA_06292018:KP726894.1_8 (length 185)
plasmid_files/KP726894.1_results/PROKKA_06292018:KP726894.1_9 (length 1001)
plasmid_files/KP726894.1_results/PROKKA_06292018:KP726894.1_10 (length 57)
plasmid_files/KP726894.1_results/PROKKA_06292018:KP726894.1_11 (length 172)
plasmid_files/KP726894.1_results/PROKKA_06292018:KP726894.1_12 (length 119)
plasmid_files/KP726894.1_results/PROKKA_06292018:KP726894.1_13 (length 143)
plasmid_files/KP726894.1_results/PROKKA_06292018:KP726894.1_14 (length 326)
plasmid_files/KP726894.1_results/PROKKA_06292018:KP726894.1_15 (length 119)
plasmid_files/KP726894.1_results/PROKKA_06292018:KP726894.1_16 (length 174)
plasmid_files/KP726894.1_results/PROKKA_06292018:KP726894.1_17 (length 180)
plasmid_files/KP726894.1_results/PROKKA_06292018:KP726894.1_18 (length 81)
plasmid_files/KP726894.1_results/PROKKA_06292018:KP726894.1_19 (length 73)
plasmid_files/KP726894.1_results/PROKKA_06292018:KP726894.1_20 (length 93)
plasmid_files/KP726894.1_results/PROKKA_06292018:KP726894.1_21 (length 70)
plasmid_files/KP726894.1_results/PROKKA_06292018:KP726894.1_22 (length 86)
plasmid_files/KP726894.1_results/PROKKA_06292018:KP726894.1_23 (length 45)
plasmid_files/KP726894.1_results/PROKKA_06292018:KP726894.1_24 (length 74)
plasmid_files/KP726894.1_results/PROKKA_06292018:KP726894.1_25 (length 91)
plasmid_files/KP726894.1_results/PROKKA_06292018:KP726894.1_26 (length 88)
plasmid_files/KP726894.1_results/PROKKA_06292018:KP726894.1_27 (length 184)
plasmid_files/KP726894.1_results/PROKKA_06292018:KP726894.1_28 (length 396)
plasmid_files/KP726894.1_results/PROKKA_06292018:KP726894.1_29 (length 108)
plasmid_files/KP726894.1_results/PROKKA_06292018:KP726894.1_30 (length 212)
plasmid_files/KP726894.1_results/PROKKA_06292018:KP726894.1_31 (length 95)
plasmid_files/KP726894.1_results/PROKKA_06292018:KP726894.1_32 (length 919)
plasmid_files/KP726894.1_results/PROKKA_06292018:KP726894.1_33 (length 233)
plasmid_files/KP726894.1_results/PROKKA_06292018:KP726894.1_34 (length 85)
plasmid_files/KP726894.1_results/PROKKA_06292018:KP726894.1_35 (length 358)
plasmid_files/KP726894.1_results/PROKKA_06292018:KP726894.1_36 (length 45)
plasmid_files/KP726894.1_results/PROKKA_06292018:KP726894.1_37 (length 246)
plasmid_files/KP726894.1_results/PROKKA_06292018:KP726894.1_38 (length 306)
plasmid_files/KP726894.1_results/PROKKA_06292018:KP726894.1_39 (length 503)
plasmid_files/KP726894.1_results/PROKKA_06292018:KP726894.1_40 (length 353)
plasmid_files/KP726894.1_results/PROKKA_06292018:KP726894.1_41 (length 655)
plasmid_files/KP726894.1_results/PROKKA_06292018:KP726894.1_42 (length 128)
plasmid_files/KP726894.1_results/PROKKA_06292018:KP726894.1_43 (length 130)
plasmid_files/KP726894.1_results/PROKKA_06292018:KP726894.1_44 (length 115)
plasmid_files/KP726894.1_results/PROKKA_06292018:KP726894.1_45 (length 248)
plasmid_files/KP726894.1_results/PROKKA_06292018:KP726894.1_46 (length 799)
plasmid_files/KP726894.1_results/PROKKA_06292018:KP726894.1_47 (length 69)
plasmid_files/KP726894.1_results/PROKKA_06292018:KP726894.1_48 (length 156)
plasmid_files/KP726894.1_results/PROKKA_06292018:KP726894.1_49 (length 214)
plasmid_files/KP726894.1_results/PROKKA_06292018:KP726894.1_50 (length 94)
plasmid_files/KP726894.1_results/PROKKA_06292018:KP726894.1_51 (length 42)
plasmid_files/KP726894.1_results/PROKKA_06292018:KP726894.1_52 (length 635)
plasmid_files/KP726894.1_results/PROKKA_06292018:KP726894.1_53 (length 186)

DiscRep_ALL:DISC_SOURCE_QUALS_ASNDISC::strain (all present, all unique)
DiscRep_SUB:DISC_SOURCE_QUALS_ASNDISC::1 sources have unique values for strain
DiscRep_ALL:DISC_SOURCE_QUALS_ASNDISC::taxname (all present, all unique)
DiscRep_SUB:DISC_SOURCE_QUALS_ASNDISC::1 sources have unique values for taxname
DiscRep_ALL:DISC_FEATURE_COUNT::CDS: 53 present
DiscRep_ALL:DISC_COUNT_NUCLEOTIDES::1 nucleotide Bioseqs are present
plasmid_files/KP726894.1_results/PROKKA_06292018:KP726894.1 (length 41317)

DiscRep_ALL:FEATURE_LOCATION_CONFLICT::53 features have inconsistent gene locations.
DiscRep_SUB:FEATURE_LOCATION_CONFLICT::Coding region xref gene does not exist
plasmid_files/KP726894.1_results/PROKKA_06292018:CDS	hypothetical protein	KP726894.1:417-695	OAMMIPMG_00001

DiscRep_SUB:FEATURE_LOCATION_CONFLICT::Coding region xref gene does not exist
plasmid_files/KP726894.1_results/PROKKA_06292018:CDS	Antirestriction protein KlcA	KP726894.1:806-1231	OAMMIPMG_00002

DiscRep_SUB:FEATURE_LOCATION_CONFLICT::Coding region xref gene does not exist
plasmid_files/KP726894.1_results/PROKKA_06292018:CDS	hypothetical protein	KP726894.1:1359-1514	OAMMIPMG_00003

DiscRep_SUB:FEATURE_LOCATION_CONFLICT::Coding region xref gene does not exist
plasmid_files/KP726894.1_results/PROKKA_06292018:CDS	hypothetical protein	KP726894.1:1560-1856	OAMMIPMG_00004

DiscRep_SUB:FEATURE_LOCATION_CONFLICT::Coding region xref gene does not exist
plasmid_files/KP726894.1_results/PROKKA_06292018:CDS	hypothetical protein	KP726894.1:1861-2841	OAMMIPMG_00005

DiscRep_SUB:FEATURE_LOCATION_CONFLICT::Coding region xref gene does not exist
plasmid_files/KP726894.1_results/PROKKA_06292018:CDS	Carbapenem-hydrolyzing beta-lactamase KPC	KP726894.1:c3972-3091	OAMMIPMG_00006

DiscRep_SUB:FEATURE_LOCATION_CONFLICT::Coding region xref gene does not exist
plasmid_files/KP726894.1_results/PROKKA_06292018:CDS	hypothetical protein	KP726894.1:c5228-4248	OAMMIPMG_00007

DiscRep_SUB:FEATURE_LOCATION_CONFLICT::Coding region xref gene does not exist
plasmid_files/KP726894.1_results/PROKKA_06292018:CDS	Transposon Tn3 resolvase	KP726894.1:c5908-5351	OAMMIPMG_00008

DiscRep_SUB:FEATURE_LOCATION_CONFLICT::Coding region xref gene does not exist
plasmid_files/KP726894.1_results/PROKKA_06292018:CDS	hypothetical protein	KP726894.1:6071-9076	OAMMIPMG_00009

DiscRep_SUB:FEATURE_LOCATION_CONFLICT::Coding region xref gene does not exist
plasmid_files/KP726894.1_results/PROKKA_06292018:CDS	hypothetical protein	KP726894.1:9213-9386	OAMMIPMG_00010

DiscRep_SUB:FEATURE_LOCATION_CONFLICT::Coding region xref gene does not exist
plasmid_files/KP726894.1_results/PROKKA_06292018:CDS	hypothetical protein	KP726894.1:c9909-9391	OAMMIPMG_00011

DiscRep_SUB:FEATURE_LOCATION_CONFLICT::Coding region xref gene does not exist
plasmid_files/KP726894.1_results/PROKKA_06292018:CDS	hypothetical protein	KP726894.1:c10281-9922	OAMMIPMG_00012

DiscRep_SUB:FEATURE_LOCATION_CONFLICT::Coding region xref gene does not exist
plasmid_files/KP726894.1_results/PROKKA_06292018:CDS	hypothetical protein	KP726894.1:c10814-10383	OAMMIPMG_00013

DiscRep_SUB:FEATURE_LOCATION_CONFLICT::Coding region xref gene does not exist
plasmid_files/KP726894.1_results/PROKKA_06292018:CDS	hypothetical protein	KP726894.1:c11794-10814	OAMMIPMG_00014

DiscRep_SUB:FEATURE_LOCATION_CONFLICT::Coding region xref gene does not exist
plasmid_files/KP726894.1_results/PROKKA_06292018:CDS	hypothetical protein	KP726894.1:c12714-12355	OAMMIPMG_00015

DiscRep_SUB:FEATURE_LOCATION_CONFLICT::Coding region xref gene does not exist
plasmid_files/KP726894.1_results/PROKKA_06292018:CDS	Chaperone protein DnaJ	KP726894.1:12822-13346	OAMMIPMG_00016

DiscRep_SUB:FEATURE_LOCATION_CONFLICT::Coding region xref gene does not exist
plasmid_files/KP726894.1_results/PROKKA_06292018:CDS	hypothetical protein	KP726894.1:13437-13979	OAMMIPMG_00017

DiscRep_SUB:FEATURE_LOCATION_CONFLICT::Coding region xref gene does not exist
plasmid_files/KP726894.1_results/PROKKA_06292018:CDS	hypothetical protein	KP726894.1:13976-14221	OAMMIPMG_00018

DiscRep_SUB:FEATURE_LOCATION_CONFLICT::Coding region xref gene does not exist
plasmid_files/KP726894.1_results/PROKKA_06292018:CDS	hypothetical protein	KP726894.1:14218-14439	OAMMIPMG_00019

DiscRep_SUB:FEATURE_LOCATION_CONFLICT::Coding region xref gene does not exist
plasmid_files/KP726894.1_results/PROKKA_06292018:CDS	hypothetical protein	KP726894.1:14444-14725	OAMMIPMG_00020

DiscRep_SUB:FEATURE_LOCATION_CONFLICT::Coding region xref gene does not exist
plasmid_files/KP726894.1_results/PROKKA_06292018:CDS	hypothetical protein	KP726894.1:15109-15321	OAMMIPMG_00021

DiscRep_SUB:FEATURE_LOCATION_CONFLICT::Coding region xref gene does not exist
plasmid_files/KP726894.1_results/PROKKA_06292018:CDS	hypothetical protein	KP726894.1:15367-15627	OAMMIPMG_00022

DiscRep_SUB:FEATURE_LOCATION_CONFLICT::Coding region xref gene does not exist
plasmid_files/KP726894.1_results/PROKKA_06292018:CDS	hypothetical protein	KP726894.1:15704-15841	OAMMIPMG_00023

DiscRep_SUB:FEATURE_LOCATION_CONFLICT::Coding region xref gene does not exist
plasmid_files/KP726894.1_results/PROKKA_06292018:CDS	hypothetical protein	KP726894.1:15931-16155	OAMMIPMG_00024

DiscRep_SUB:FEATURE_LOCATION_CONFLICT::Coding region xref gene does not exist
plasmid_files/KP726894.1_results/PROKKA_06292018:CDS	hypothetical protein	KP726894.1:16167-16442	OAMMIPMG_00025

DiscRep_SUB:FEATURE_LOCATION_CONFLICT::Coding region xref gene does not exist
plasmid_files/KP726894.1_results/PROKKA_06292018:CDS	hypothetical protein	KP726894.1:16464-16730	OAMMIPMG_00026

DiscRep_SUB:FEATURE_LOCATION_CONFLICT::Coding region xref gene does not exist
plasmid_files/KP726894.1_results/PROKKA_06292018:CDS	hypothetical protein	KP726894.1:17172-17726	OAMMIPMG_00027

DiscRep_SUB:FEATURE_LOCATION_CONFLICT::Coding region xref gene does not exist
plasmid_files/KP726894.1_results/PROKKA_06292018:CDS	hypothetical protein	KP726894.1:17728-18918	OAMMIPMG_00028

DiscRep_SUB:FEATURE_LOCATION_CONFLICT::Coding region xref gene does not exist
plasmid_files/KP726894.1_results/PROKKA_06292018:CDS	hypothetical protein	KP726894.1:c19274-18948	OAMMIPMG_00029

DiscRep_SUB:FEATURE_LOCATION_CONFLICT::Coding region xref gene does not exist
plasmid_files/KP726894.1_results/PROKKA_06292018:CDS	Type IV secretion system protein virB1	KP726894.1:19494-20132	OAMMIPMG_00030

DiscRep_SUB:FEATURE_LOCATION_CONFLICT::Coding region xref gene does not exist
plasmid_files/KP726894.1_results/PROKKA_06292018:CDS	hypothetical protein	KP726894.1:20119-20406	OAMMIPMG_00031

DiscRep_SUB:FEATURE_LOCATION_CONFLICT::Coding region xref gene does not exist
plasmid_files/KP726894.1_results/PROKKA_06292018:CDS	Type IV secretion system protein virB4	KP726894.1:20425-23184	OAMMIPMG_00032

DiscRep_SUB:FEATURE_LOCATION_CONFLICT::Coding region xref gene does not exist
plasmid_files/KP726894.1_results/PROKKA_06292018:CDS	hypothetical protein	KP726894.1:23241-23942	OAMMIPMG_00033

DiscRep_SUB:FEATURE_LOCATION_CONFLICT::Coding region xref gene does not exist
plasmid_files/KP726894.1_results/PROKKA_06292018:CDS	hypothetical protein	KP726894.1:23950-24207	OAMMIPMG_00034

DiscRep_SUB:FEATURE_LOCATION_CONFLICT::Coding region xref gene does not exist
plasmid_files/KP726894.1_results/PROKKA_06292018:CDS	hypothetical protein	KP726894.1:24221-25297	OAMMIPMG_00035

DiscRep_SUB:FEATURE_LOCATION_CONFLICT::Coding region xref gene does not exist
plasmid_files/KP726894.1_results/PROKKA_06292018:CDS	hypothetical protein	KP726894.1:25300-25437	OAMMIPMG_00036

DiscRep_SUB:FEATURE_LOCATION_CONFLICT::Coding region xref gene does not exist
plasmid_files/KP726894.1_results/PROKKA_06292018:CDS	Type IV secretion system protein PtlE	KP726894.1:25424-26164	OAMMIPMG_00037

DiscRep_SUB:FEATURE_LOCATION_CONFLICT::Coding region xref gene does not exist
plasmid_files/KP726894.1_results/PROKKA_06292018:CDS	Type IV secretion system protein virB9	KP726894.1:26169-27089	OAMMIPMG_00038

DiscRep_SUB:FEATURE_LOCATION_CONFLICT::Coding region xref gene does not exist
plasmid_files/KP726894.1_results/PROKKA_06292018:CDS	Type IV secretion system protein virB10	KP726894.1:27086-28597	OAMMIPMG_00039

DiscRep_SUB:FEATURE_LOCATION_CONFLICT::Coding region xref gene does not exist
plasmid_files/KP726894.1_results/PROKKA_06292018:CDS	Type IV secretion system protein VirB11	KP726894.1:28599-29660	OAMMIPMG_00040

DiscRep_SUB:FEATURE_LOCATION_CONFLICT::Coding region xref gene does not exist
plasmid_files/KP726894.1_results/PROKKA_06292018:CDS	Protein VirD4	KP726894.1:29662-31629	OAMMIPMG_00041

DiscRep_SUB:FEATURE_LOCATION_CONFLICT::Coding region xref gene does not exist
plasmid_files/KP726894.1_results/PROKKA_06292018:CDS	hypothetical protein	KP726894.1:31639-32025	OAMMIPMG_00042

DiscRep_SUB:FEATURE_LOCATION_CONFLICT::Coding region xref gene does not exist
plasmid_files/KP726894.1_results/PROKKA_06292018:CDS	hypothetical protein	KP726894.1:32028-32420	OAMMIPMG_00043

DiscRep_SUB:FEATURE_LOCATION_CONFLICT::Coding region xref gene does not exist
plasmid_files/KP726894.1_results/PROKKA_06292018:CDS	hypothetical protein	KP726894.1:32425-32772	OAMMIPMG_00044

DiscRep_SUB:FEATURE_LOCATION_CONFLICT::Coding region xref gene does not exist
plasmid_files/KP726894.1_results/PROKKA_06292018:CDS	hypothetical protein	KP726894.1:32916-33662	OAMMIPMG_00045

DiscRep_SUB:FEATURE_LOCATION_CONFLICT::Coding region xref gene does not exist
plasmid_files/KP726894.1_results/PROKKA_06292018:CDS	DNA topoisomerase 3	KP726894.1:33668-36067	OAMMIPMG_00046

DiscRep_SUB:FEATURE_LOCATION_CONFLICT::Coding region xref gene does not exist
plasmid_files/KP726894.1_results/PROKKA_06292018:CDS	Modulating protein YmoA	KP726894.1:36071-36280	OAMMIPMG_00047

DiscRep_SUB:FEATURE_LOCATION_CONFLICT::Coding region xref gene does not exist
plasmid_files/KP726894.1_results/PROKKA_06292018:CDS	DNA-binding protein H-NS	KP726894.1:36339-36809	OAMMIPMG_00048

DiscRep_SUB:FEATURE_LOCATION_CONFLICT::Coding region xref gene does not exist
plasmid_files/KP726894.1_results/PROKKA_06292018:CDS	Septum site-determining protein MinD	KP726894.1:37066-37710	OAMMIPMG_00049

DiscRep_SUB:FEATURE_LOCATION_CONFLICT::Coding region xref gene does not exist
plasmid_files/KP726894.1_results/PROKKA_06292018:CDS	hypothetical protein	KP726894.1:37791-38075	OAMMIPMG_00050

DiscRep_SUB:FEATURE_LOCATION_CONFLICT::Coding region xref gene does not exist
plasmid_files/KP726894.1_results/PROKKA_06292018:CDS	hypothetical protein	KP726894.1:38087-38215	OAMMIPMG_00051

DiscRep_SUB:FEATURE_LOCATION_CONFLICT::Coding region xref gene does not exist
plasmid_files/KP726894.1_results/PROKKA_06292018:CDS	hypothetical protein	KP726894.1:c40099-38192	OAMMIPMG_00052

DiscRep_SUB:FEATURE_LOCATION_CONFLICT::Coding region xref gene does not exist
plasmid_files/KP726894.1_results/PROKKA_06292018:CDS	hypothetical protein	KP726894.1:40567-41127	OAMMIPMG_00053

DiscRep_ALL:DISC_QUALITY_SCORES::Quality scores are missing on all sequences.

DiscRep_ALL:ONCALLER_COMMENT_PRESENT::1 comment descriptors were found (all same)
plasmid_files/KP726894.1_results/PROKKA_06292018:KP726894.1:Annotated using prokka 1.14-dev from https://github.com/tseemann/prokka

DiscRep_ALL:SHORT_PROT_SEQUENCES::3 protein sequences are shorter than 50 aa.
plasmid_files/KP726894.1_results/PROKKA_06292018:KP726894.1_23 (length 45)
plasmid_files/KP726894.1_results/PROKKA_06292018:KP726894.1_36 (length 45)
plasmid_files/KP726894.1_results/PROKKA_06292018:KP726894.1_51 (length 42)

DiscRep_ALL:MISSING_GENOMEASSEMBLY_COMMENTS::1 bioseqs are missing GenomeAssembly structured comments
plasmid_files/KP726894.1_results/PROKKA_06292018:KP726894.1 (length 41317)

DiscRep_ALL:MOLTYPE_NOT_MRNA::1 molecule types are not set as mRNA.
plasmid_files/KP726894.1_results/PROKKA_06292018:KP726894.1 (length 41317)

DiscRep_ALL:TECHNIQUE_NOT_TSA::1 technique are not set as TSA
plasmid_files/KP726894.1_results/PROKKA_06292018:KP726894.1 (length 41317)

DiscRep_ALL:MISSING_STRUCTURED_COMMENT::1 sequences do not include structured comments.
plasmid_files/KP726894.1_results/PROKKA_06292018:KP726894.1 (length 41317)

DiscRep_ALL:MISSING_PROJECT::54 sequences do not include project.
plasmid_files/KP726894.1_results/PROKKA_06292018:KP726894.1 (length 41317)
plasmid_files/KP726894.1_results/PROKKA_06292018:KP726894.1_1 (length 92)
plasmid_files/KP726894.1_results/PROKKA_06292018:KP726894.1_2 (length 141)
plasmid_files/KP726894.1_results/PROKKA_06292018:KP726894.1_3 (length 51)
plasmid_files/KP726894.1_results/PROKKA_06292018:KP726894.1_4 (length 98)
plasmid_files/KP726894.1_results/PROKKA_06292018:KP726894.1_5 (length 326)
plasmid_files/KP726894.1_results/PROKKA_06292018:KP726894.1_6 (length 293)
plasmid_files/KP726894.1_results/PROKKA_06292018:KP726894.1_7 (length 326)
plasmid_files/KP726894.1_results/PROKKA_06292018:KP726894.1_8 (length 185)
plasmid_files/KP726894.1_results/PROKKA_06292018:KP726894.1_9 (length 1001)
plasmid_files/KP726894.1_results/PROKKA_06292018:KP726894.1_10 (length 57)
plasmid_files/KP726894.1_results/PROKKA_06292018:KP726894.1_11 (length 172)
plasmid_files/KP726894.1_results/PROKKA_06292018:KP726894.1_12 (length 119)
plasmid_files/KP726894.1_results/PROKKA_06292018:KP726894.1_13 (length 143)
plasmid_files/KP726894.1_results/PROKKA_06292018:KP726894.1_14 (length 326)
plasmid_files/KP726894.1_results/PROKKA_06292018:KP726894.1_15 (length 119)
plasmid_files/KP726894.1_results/PROKKA_06292018:KP726894.1_16 (length 174)
plasmid_files/KP726894.1_results/PROKKA_06292018:KP726894.1_17 (length 180)
plasmid_files/KP726894.1_results/PROKKA_06292018:KP726894.1_18 (length 81)
plasmid_files/KP726894.1_results/PROKKA_06292018:KP726894.1_19 (length 73)
plasmid_files/KP726894.1_results/PROKKA_06292018:KP726894.1_20 (length 93)
plasmid_files/KP726894.1_results/PROKKA_06292018:KP726894.1_21 (length 70)
plasmid_files/KP726894.1_results/PROKKA_06292018:KP726894.1_22 (length 86)
plasmid_files/KP726894.1_results/PROKKA_06292018:KP726894.1_23 (length 45)
plasmid_files/KP726894.1_results/PROKKA_06292018:KP726894.1_24 (length 74)
plasmid_files/KP726894.1_results/PROKKA_06292018:KP726894.1_25 (length 91)
plasmid_files/KP726894.1_results/PROKKA_06292018:KP726894.1_26 (length 88)
plasmid_files/KP726894.1_results/PROKKA_06292018:KP726894.1_27 (length 184)
plasmid_files/KP726894.1_results/PROKKA_06292018:KP726894.1_28 (length 396)
plasmid_files/KP726894.1_results/PROKKA_06292018:KP726894.1_29 (length 108)
plasmid_files/KP726894.1_results/PROKKA_06292018:KP726894.1_30 (length 212)
plasmid_files/KP726894.1_results/PROKKA_06292018:KP726894.1_31 (length 95)
plasmid_files/KP726894.1_results/PROKKA_06292018:KP726894.1_32 (length 919)
plasmid_files/KP726894.1_results/PROKKA_06292018:KP726894.1_33 (length 233)
plasmid_files/KP726894.1_results/PROKKA_06292018:KP726894.1_34 (length 85)
plasmid_files/KP726894.1_results/PROKKA_06292018:KP726894.1_35 (length 358)
plasmid_files/KP726894.1_results/PROKKA_06292018:KP726894.1_36 (length 45)
plasmid_files/KP726894.1_results/PROKKA_06292018:KP726894.1_37 (length 246)
plasmid_files/KP726894.1_results/PROKKA_06292018:KP726894.1_38 (length 306)
plasmid_files/KP726894.1_results/PROKKA_06292018:KP726894.1_39 (length 503)
plasmid_files/KP726894.1_results/PROKKA_06292018:KP726894.1_40 (length 353)
plasmid_files/KP726894.1_results/PROKKA_06292018:KP726894.1_41 (length 655)
plasmid_files/KP726894.1_results/PROKKA_06292018:KP726894.1_42 (length 128)
plasmid_files/KP726894.1_results/PROKKA_06292018:KP726894.1_43 (length 130)
plasmid_files/KP726894.1_results/PROKKA_06292018:KP726894.1_44 (length 115)
plasmid_files/KP726894.1_results/PROKKA_06292018:KP726894.1_45 (length 248)
plasmid_files/KP726894.1_results/PROKKA_06292018:KP726894.1_46 (length 799)
plasmid_files/KP726894.1_results/PROKKA_06292018:KP726894.1_47 (length 69)
plasmid_files/KP726894.1_results/PROKKA_06292018:KP726894.1_48 (length 156)
plasmid_files/KP726894.1_results/PROKKA_06292018:KP726894.1_49 (length 214)
plasmid_files/KP726894.1_results/PROKKA_06292018:KP726894.1_50 (length 94)
plasmid_files/KP726894.1_results/PROKKA_06292018:KP726894.1_51 (length 42)
plasmid_files/KP726894.1_results/PROKKA_06292018:KP726894.1_52 (length 635)
plasmid_files/KP726894.1_results/PROKKA_06292018:KP726894.1_53 (length 186)

DiscRep_ALL:DISC_INCONSISTENT_MOLINFO_TECH::Molinfo Technique Report (some missing, all same)
DiscRep_SUB:DISC_INCONSISTENT_MOLINFO_TECH::technique (all missing)
DiscRep_SUB:DISC_INCONSISTENT_MOLINFO_TECH::1 Molinfos are missing field technique
plasmid_files/KP726894.1_results/PROKKA_06292018:KP726894.1 (length 41317)

