Discrepancy Report Results

Summary
FATAL: MISSING_PROTEIN_ID:132 proteins have invalid IDs.
DISC_SOURCE_QUALS_ASNDISC:strain (all present, all unique)
DISC_SOURCE_QUALS_ASNDISC:taxname (all present, all unique)
DISC_FEATURE_COUNT:CDS: 132 present
DISC_COUNT_NUCLEOTIDES:1 nucleotide Bioseqs are present
FEATURE_LOCATION_CONFLICT:132 features have inconsistent gene locations.
OVERLAPPING_CDS:2 coding regions overlap another coding region with a similar or identical name.
SUSPECT_PRODUCT_NAMES:1 product_names contain suspect phrase or characters
	May contain database identifier more appropriate in note; remove from product name
		1 features Three or more numbers together
DISC_QUALITY_SCORES:Quality scores are missing on all sequences.
ONCALLER_COMMENT_PRESENT:1 comment descriptors were found (all same)
SHORT_PROT_SEQUENCES:4 protein sequences are shorter than 50 aa.
MISSING_GENOMEASSEMBLY_COMMENTS:1 bioseqs are missing GenomeAssembly structured comments
MOLTYPE_NOT_MRNA:1 molecule types are not set as mRNA.
TECHNIQUE_NOT_TSA:1 technique are not set as TSA
MISSING_STRUCTURED_COMMENT:1 sequences do not include structured comments.
MISSING_PROJECT:133 sequences do not include project.
DISC_INCONSISTENT_MOLINFO_TECH:Molinfo Technique Report (some missing, all same)


Detailed Report

FATAL: DiscRep_ALL:MISSING_PROTEIN_ID::132 proteins have invalid IDs.
plasmid_files/CP012000.1_results/PROKKA_06292018:CP012000.1_1 (length 285)
plasmid_files/CP012000.1_results/PROKKA_06292018:CP012000.1_2 (length 187)
plasmid_files/CP012000.1_results/PROKKA_06292018:CP012000.1_3 (length 203)
plasmid_files/CP012000.1_results/PROKKA_06292018:CP012000.1_4 (length 318)
plasmid_files/CP012000.1_results/PROKKA_06292018:CP012000.1_5 (length 51)
plasmid_files/CP012000.1_results/PROKKA_06292018:CP012000.1_6 (length 293)
plasmid_files/CP012000.1_results/PROKKA_06292018:CP012000.1_7 (length 311)
plasmid_files/CP012000.1_results/PROKKA_06292018:CP012000.1_8 (length 1009)
plasmid_files/CP012000.1_results/PROKKA_06292018:CP012000.1_9 (length 341)
plasmid_files/CP012000.1_results/PROKKA_06292018:CP012000.1_10 (length 259)
plasmid_files/CP012000.1_results/PROKKA_06292018:CP012000.1_11 (length 79)
plasmid_files/CP012000.1_results/PROKKA_06292018:CP012000.1_12 (length 293)
plasmid_files/CP012000.1_results/PROKKA_06292018:CP012000.1_13 (length 439)
plasmid_files/CP012000.1_results/PROKKA_06292018:CP012000.1_14 (length 394)
plasmid_files/CP012000.1_results/PROKKA_06292018:CP012000.1_15 (length 70)
plasmid_files/CP012000.1_results/PROKKA_06292018:CP012000.1_16 (length 119)
plasmid_files/CP012000.1_results/PROKKA_06292018:CP012000.1_17 (length 38)
plasmid_files/CP012000.1_results/PROKKA_06292018:CP012000.1_18 (length 127)
plasmid_files/CP012000.1_results/PROKKA_06292018:CP012000.1_19 (length 206)
plasmid_files/CP012000.1_results/PROKKA_06292018:CP012000.1_20 (length 965)
plasmid_files/CP012000.1_results/PROKKA_06292018:CP012000.1_21 (length 234)
plasmid_files/CP012000.1_results/PROKKA_06292018:CP012000.1_22 (length 111)
plasmid_files/CP012000.1_results/PROKKA_06292018:CP012000.1_23 (length 88)
plasmid_files/CP012000.1_results/PROKKA_06292018:CP012000.1_24 (length 83)
plasmid_files/CP012000.1_results/PROKKA_06292018:CP012000.1_25 (length 286)
plasmid_files/CP012000.1_results/PROKKA_06292018:CP012000.1_26 (length 136)
plasmid_files/CP012000.1_results/PROKKA_06292018:CP012000.1_27 (length 422)
plasmid_files/CP012000.1_results/PROKKA_06292018:CP012000.1_28 (length 235)
plasmid_files/CP012000.1_results/PROKKA_06292018:CP012000.1_29 (length 78)
plasmid_files/CP012000.1_results/PROKKA_06292018:CP012000.1_30 (length 120)
plasmid_files/CP012000.1_results/PROKKA_06292018:CP012000.1_31 (length 564)
plasmid_files/CP012000.1_results/PROKKA_06292018:CP012000.1_32 (length 140)
plasmid_files/CP012000.1_results/PROKKA_06292018:CP012000.1_33 (length 236)
plasmid_files/CP012000.1_results/PROKKA_06292018:CP012000.1_34 (length 45)
plasmid_files/CP012000.1_results/PROKKA_06292018:CP012000.1_35 (length 76)
plasmid_files/CP012000.1_results/PROKKA_06292018:CP012000.1_36 (length 83)
plasmid_files/CP012000.1_results/PROKKA_06292018:CP012000.1_37 (length 102)
plasmid_files/CP012000.1_results/PROKKA_06292018:CP012000.1_38 (length 109)
plasmid_files/CP012000.1_results/PROKKA_06292018:CP012000.1_39 (length 132)
plasmid_files/CP012000.1_results/PROKKA_06292018:CP012000.1_40 (length 110)
plasmid_files/CP012000.1_results/PROKKA_06292018:CP012000.1_41 (length 260)
plasmid_files/CP012000.1_results/PROKKA_06292018:CP012000.1_42 (length 157)
plasmid_files/CP012000.1_results/PROKKA_06292018:CP012000.1_43 (length 422)
plasmid_files/CP012000.1_results/PROKKA_06292018:CP012000.1_44 (length 1085)
plasmid_files/CP012000.1_results/PROKKA_06292018:CP012000.1_45 (length 438)
plasmid_files/CP012000.1_results/PROKKA_06292018:CP012000.1_46 (length 675)
plasmid_files/CP012000.1_results/PROKKA_06292018:CP012000.1_47 (length 57)
plasmid_files/CP012000.1_results/PROKKA_06292018:CP012000.1_48 (length 100)
plasmid_files/CP012000.1_results/PROKKA_06292018:CP012000.1_49 (length 324)
plasmid_files/CP012000.1_results/PROKKA_06292018:CP012000.1_50 (length 401)
plasmid_files/CP012000.1_results/PROKKA_06292018:CP012000.1_51 (length 298)
plasmid_files/CP012000.1_results/PROKKA_06292018:CP012000.1_52 (length 423)
plasmid_files/CP012000.1_results/PROKKA_06292018:CP012000.1_53 (length 143)
plasmid_files/CP012000.1_results/PROKKA_06292018:CP012000.1_54 (length 323)
plasmid_files/CP012000.1_results/PROKKA_06292018:CP012000.1_55 (length 223)
plasmid_files/CP012000.1_results/PROKKA_06292018:CP012000.1_56 (length 76)
plasmid_files/CP012000.1_results/PROKKA_06292018:CP012000.1_57 (length 233)
plasmid_files/CP012000.1_results/PROKKA_06292018:CP012000.1_58 (length 73)
plasmid_files/CP012000.1_results/PROKKA_06292018:CP012000.1_59 (length 139)
plasmid_files/CP012000.1_results/PROKKA_06292018:CP012000.1_60 (length 255)
plasmid_files/CP012000.1_results/PROKKA_06292018:CP012000.1_61 (length 142)
plasmid_files/CP012000.1_results/PROKKA_06292018:CP012000.1_62 (length 168)
plasmid_files/CP012000.1_results/PROKKA_06292018:CP012000.1_63 (length 63)
plasmid_files/CP012000.1_results/PROKKA_06292018:CP012000.1_64 (length 84)
plasmid_files/CP012000.1_results/PROKKA_06292018:CP012000.1_65 (length 105)
plasmid_files/CP012000.1_results/PROKKA_06292018:CP012000.1_66 (length 58)
plasmid_files/CP012000.1_results/PROKKA_06292018:CP012000.1_67 (length 75)
plasmid_files/CP012000.1_results/PROKKA_06292018:CP012000.1_68 (length 76)
plasmid_files/CP012000.1_results/PROKKA_06292018:CP012000.1_69 (length 451)
plasmid_files/CP012000.1_results/PROKKA_06292018:CP012000.1_70 (length 187)
plasmid_files/CP012000.1_results/PROKKA_06292018:CP012000.1_71 (length 106)
plasmid_files/CP012000.1_results/PROKKA_06292018:CP012000.1_72 (length 170)
plasmid_files/CP012000.1_results/PROKKA_06292018:CP012000.1_73 (length 80)
plasmid_files/CP012000.1_results/PROKKA_06292018:CP012000.1_74 (length 669)
plasmid_files/CP012000.1_results/PROKKA_06292018:CP012000.1_75 (length 143)
plasmid_files/CP012000.1_results/PROKKA_06292018:CP012000.1_76 (length 240)
plasmid_files/CP012000.1_results/PROKKA_06292018:CP012000.1_77 (length 118)
plasmid_files/CP012000.1_results/PROKKA_06292018:CP012000.1_78 (length 90)
plasmid_files/CP012000.1_results/PROKKA_06292018:CP012000.1_79 (length 116)
plasmid_files/CP012000.1_results/PROKKA_06292018:CP012000.1_80 (length 117)
plasmid_files/CP012000.1_results/PROKKA_06292018:CP012000.1_81 (length 115)
plasmid_files/CP012000.1_results/PROKKA_06292018:CP012000.1_82 (length 48)
plasmid_files/CP012000.1_results/PROKKA_06292018:CP012000.1_83 (length 277)
plasmid_files/CP012000.1_results/PROKKA_06292018:CP012000.1_84 (length 61)
plasmid_files/CP012000.1_results/PROKKA_06292018:CP012000.1_85 (length 273)
plasmid_files/CP012000.1_results/PROKKA_06292018:CP012000.1_86 (length 104)
plasmid_files/CP012000.1_results/PROKKA_06292018:CP012000.1_87 (length 161)
plasmid_files/CP012000.1_results/PROKKA_06292018:CP012000.1_88 (length 132)
plasmid_files/CP012000.1_results/PROKKA_06292018:CP012000.1_89 (length 228)
plasmid_files/CP012000.1_results/PROKKA_06292018:CP012000.1_90 (length 128)
plasmid_files/CP012000.1_results/PROKKA_06292018:CP012000.1_91 (length 122)
plasmid_files/CP012000.1_results/PROKKA_06292018:CP012000.1_92 (length 101)
plasmid_files/CP012000.1_results/PROKKA_06292018:CP012000.1_93 (length 188)
plasmid_files/CP012000.1_results/PROKKA_06292018:CP012000.1_94 (length 246)
plasmid_files/CP012000.1_results/PROKKA_06292018:CP012000.1_95 (length 474)
plasmid_files/CP012000.1_results/PROKKA_06292018:CP012000.1_96 (length 190)
plasmid_files/CP012000.1_results/PROKKA_06292018:CP012000.1_97 (length 136)
plasmid_files/CP012000.1_results/PROKKA_06292018:CP012000.1_98 (length 72)
plasmid_files/CP012000.1_results/PROKKA_06292018:CP012000.1_99 (length 103)
plasmid_files/CP012000.1_results/PROKKA_06292018:CP012000.1_100 (length 48)
plasmid_files/CP012000.1_results/PROKKA_06292018:CP012000.1_101 (length 129)
plasmid_files/CP012000.1_results/PROKKA_06292018:CP012000.1_102 (length 626)
plasmid_files/CP012000.1_results/PROKKA_06292018:CP012000.1_103 (length 253)
plasmid_files/CP012000.1_results/PROKKA_06292018:CP012000.1_104 (length 129)
plasmid_files/CP012000.1_results/PROKKA_06292018:CP012000.1_105 (length 208)
plasmid_files/CP012000.1_results/PROKKA_06292018:CP012000.1_106 (length 129)
plasmid_files/CP012000.1_results/PROKKA_06292018:CP012000.1_107 (length 329)
plasmid_files/CP012000.1_results/PROKKA_06292018:CP012000.1_108 (length 212)
plasmid_files/CP012000.1_results/PROKKA_06292018:CP012000.1_109 (length 651)
plasmid_files/CP012000.1_results/PROKKA_06292018:CP012000.1_110 (length 84)
plasmid_files/CP012000.1_results/PROKKA_06292018:CP012000.1_111 (length 88)
plasmid_files/CP012000.1_results/PROKKA_06292018:CP012000.1_112 (length 108)
plasmid_files/CP012000.1_results/PROKKA_06292018:CP012000.1_113 (length 250)
plasmid_files/CP012000.1_results/PROKKA_06292018:CP012000.1_114 (length 79)
plasmid_files/CP012000.1_results/PROKKA_06292018:CP012000.1_115 (length 185)
plasmid_files/CP012000.1_results/PROKKA_06292018:CP012000.1_116 (length 147)
plasmid_files/CP012000.1_results/PROKKA_06292018:CP012000.1_117 (length 455)
plasmid_files/CP012000.1_results/PROKKA_06292018:CP012000.1_118 (length 949)
plasmid_files/CP012000.1_results/PROKKA_06292018:CP012000.1_119 (length 182)
plasmid_files/CP012000.1_results/PROKKA_06292018:CP012000.1_120 (length 243)
plasmid_files/CP012000.1_results/PROKKA_06292018:CP012000.1_121 (length 229)
plasmid_files/CP012000.1_results/PROKKA_06292018:CP012000.1_122 (length 670)
plasmid_files/CP012000.1_results/PROKKA_06292018:CP012000.1_123 (length 57)
plasmid_files/CP012000.1_results/PROKKA_06292018:CP012000.1_124 (length 1753)
plasmid_files/CP012000.1_results/PROKKA_06292018:CP012000.1_125 (length 241)
plasmid_files/CP012000.1_results/PROKKA_06292018:CP012000.1_126 (length 197)
plasmid_files/CP012000.1_results/PROKKA_06292018:CP012000.1_127 (length 73)
plasmid_files/CP012000.1_results/PROKKA_06292018:CP012000.1_128 (length 214)
plasmid_files/CP012000.1_results/PROKKA_06292018:CP012000.1_129 (length 216)
plasmid_files/CP012000.1_results/PROKKA_06292018:CP012000.1_130 (length 102)
plasmid_files/CP012000.1_results/PROKKA_06292018:CP012000.1_131 (length 186)
plasmid_files/CP012000.1_results/PROKKA_06292018:CP012000.1_132 (length 83)

DiscRep_ALL:DISC_SOURCE_QUALS_ASNDISC::strain (all present, all unique)
DiscRep_SUB:DISC_SOURCE_QUALS_ASNDISC::1 sources have unique values for strain
DiscRep_ALL:DISC_SOURCE_QUALS_ASNDISC::taxname (all present, all unique)
DiscRep_SUB:DISC_SOURCE_QUALS_ASNDISC::1 sources have unique values for taxname
DiscRep_ALL:DISC_FEATURE_COUNT::CDS: 132 present
DiscRep_ALL:DISC_COUNT_NUCLEOTIDES::1 nucleotide Bioseqs are present
plasmid_files/CP012000.1_results/PROKKA_06292018:CP012000.1 (length 113626)

DiscRep_ALL:FEATURE_LOCATION_CONFLICT::132 features have inconsistent gene locations.
DiscRep_SUB:FEATURE_LOCATION_CONFLICT::Coding region xref gene does not exist
plasmid_files/CP012000.1_results/PROKKA_06292018:CDS	hypothetical protein	CP012000.1:1-858	PMBADJBO_00001

DiscRep_SUB:FEATURE_LOCATION_CONFLICT::Coding region xref gene does not exist
plasmid_files/CP012000.1_results/PROKKA_06292018:CDS	RNA chaperone ProQ	CP012000.1:2077-2640	PMBADJBO_00002

DiscRep_SUB:FEATURE_LOCATION_CONFLICT::Coding region xref gene does not exist
plasmid_files/CP012000.1_results/PROKKA_06292018:CDS	hypothetical protein	CP012000.1:2624-3235	PMBADJBO_00003

DiscRep_SUB:FEATURE_LOCATION_CONFLICT::Coding region xref gene does not exist
plasmid_files/CP012000.1_results/PROKKA_06292018:CDS	hypothetical protein	CP012000.1:c4587-3631	PMBADJBO_00004

DiscRep_SUB:FEATURE_LOCATION_CONFLICT::Coding region xref gene does not exist
plasmid_files/CP012000.1_results/PROKKA_06292018:CDS	hypothetical protein	CP012000.1:c4827-4672	PMBADJBO_00005

DiscRep_SUB:FEATURE_LOCATION_CONFLICT::Coding region xref gene does not exist
plasmid_files/CP012000.1_results/PROKKA_06292018:CDS	Tyrosine recombinase XerD	CP012000.1:c5957-5076	PMBADJBO_00006

DiscRep_SUB:FEATURE_LOCATION_CONFLICT::Coding region xref gene does not exist
plasmid_files/CP012000.1_results/PROKKA_06292018:CDS	hypothetical protein	CP012000.1:c6835-5900	PMBADJBO_00007

DiscRep_SUB:FEATURE_LOCATION_CONFLICT::Coding region xref gene does not exist
plasmid_files/CP012000.1_results/PROKKA_06292018:CDS	hypothetical protein	CP012000.1:6945-9974	PMBADJBO_00008

DiscRep_SUB:FEATURE_LOCATION_CONFLICT::Coding region xref gene does not exist
plasmid_files/CP012000.1_results/PROKKA_06292018:CDS	hypothetical protein	CP012000.1:10081-11106	PMBADJBO_00009

DiscRep_SUB:FEATURE_LOCATION_CONFLICT::Coding region xref gene does not exist
plasmid_files/CP012000.1_results/PROKKA_06292018:CDS	Insertion sequence IS5376 putative ATP-binding protein	CP012000.1:11103-11882	PMBADJBO_00010

DiscRep_SUB:FEATURE_LOCATION_CONFLICT::Coding region xref gene does not exist
plasmid_files/CP012000.1_results/PROKKA_06292018:CDS	hypothetical protein	CP012000.1:11879-12118	PMBADJBO_00011

DiscRep_SUB:FEATURE_LOCATION_CONFLICT::Coding region xref gene does not exist
plasmid_files/CP012000.1_results/PROKKA_06292018:CDS	Carbapenem-hydrolyzing beta-lactamase KPC	CP012000.1:12170-13051	PMBADJBO_00012

DiscRep_SUB:FEATURE_LOCATION_CONFLICT::Coding region xref gene does not exist
plasmid_files/CP012000.1_results/PROKKA_06292018:CDS	hypothetical protein	CP012000.1:c14620-13301	PMBADJBO_00013

DiscRep_SUB:FEATURE_LOCATION_CONFLICT::Coding region xref gene does not exist
plasmid_files/CP012000.1_results/PROKKA_06292018:CDS	hypothetical protein	CP012000.1:c16081-14897	PMBADJBO_00014

DiscRep_SUB:FEATURE_LOCATION_CONFLICT::Coding region xref gene does not exist
plasmid_files/CP012000.1_results/PROKKA_06292018:CDS	hypothetical protein	CP012000.1:16201-16413	PMBADJBO_00015

DiscRep_SUB:FEATURE_LOCATION_CONFLICT::Coding region xref gene does not exist
plasmid_files/CP012000.1_results/PROKKA_06292018:CDS	hypothetical protein	CP012000.1:16585-16944	PMBADJBO_00016

DiscRep_SUB:FEATURE_LOCATION_CONFLICT::Coding region xref gene does not exist
plasmid_files/CP012000.1_results/PROKKA_06292018:CDS	hypothetical protein	CP012000.1:c17187-17071	PMBADJBO_00017

DiscRep_SUB:FEATURE_LOCATION_CONFLICT::Coding region xref gene does not exist
plasmid_files/CP012000.1_results/PROKKA_06292018:CDS	hypothetical protein	CP012000.1:c17984-17601	PMBADJBO_00018

DiscRep_SUB:FEATURE_LOCATION_CONFLICT::Coding region xref gene does not exist
plasmid_files/CP012000.1_results/PROKKA_06292018:CDS	Putative transposon Tn552 DNA-invertase bin3	CP012000.1:c18730-18110	PMBADJBO_00019

DiscRep_SUB:FEATURE_LOCATION_CONFLICT::Coding region xref gene does not exist
plasmid_files/CP012000.1_results/PROKKA_06292018:CDS	hypothetical protein	CP012000.1:c21716-18819	PMBADJBO_00020

DiscRep_SUB:FEATURE_LOCATION_CONFLICT::Coding region xref gene does not exist
plasmid_files/CP012000.1_results/PROKKA_06292018:CDS	hypothetical protein	CP012000.1:21789-22493	PMBADJBO_00021

DiscRep_SUB:FEATURE_LOCATION_CONFLICT::Coding region xref gene does not exist
plasmid_files/CP012000.1_results/PROKKA_06292018:CDS	Beta-lactamase OXA-18	CP012000.1:22713-23048	PMBADJBO_00022

DiscRep_SUB:FEATURE_LOCATION_CONFLICT::Coding region xref gene does not exist
plasmid_files/CP012000.1_results/PROKKA_06292018:CDS	Beta-lactamase OXA-18	CP012000.1:23271-23537	PMBADJBO_00023

DiscRep_SUB:FEATURE_LOCATION_CONFLICT::Coding region xref gene does not exist
plasmid_files/CP012000.1_results/PROKKA_06292018:CDS	Transposon Tn3 resolvase	CP012000.1:23803-24054	PMBADJBO_00024

DiscRep_SUB:FEATURE_LOCATION_CONFLICT::Coding region xref gene does not exist
plasmid_files/CP012000.1_results/PROKKA_06292018:CDS	Beta-lactamase TEM	CP012000.1:24237-25097	PMBADJBO_00025

DiscRep_SUB:FEATURE_LOCATION_CONFLICT::Coding region xref gene does not exist
plasmid_files/CP012000.1_results/PROKKA_06292018:CDS	hypothetical protein	CP012000.1:c25618-25208	PMBADJBO_00026

DiscRep_SUB:FEATURE_LOCATION_CONFLICT::Coding region xref gene does not exist
plasmid_files/CP012000.1_results/PROKKA_06292018:CDS	Transposon Tn7 transposition protein TnsB	CP012000.1:c26933-25665	PMBADJBO_00027

DiscRep_SUB:FEATURE_LOCATION_CONFLICT::Coding region xref gene does not exist
plasmid_files/CP012000.1_results/PROKKA_06292018:CDS	putative signaling protein	CP012000.1:c27715-27008	PMBADJBO_00028

DiscRep_SUB:FEATURE_LOCATION_CONFLICT::Coding region xref gene does not exist
plasmid_files/CP012000.1_results/PROKKA_06292018:CDS	hypothetical protein	CP012000.1:c27948-27712	PMBADJBO_00029

DiscRep_SUB:FEATURE_LOCATION_CONFLICT::Coding region xref gene does not exist
plasmid_files/CP012000.1_results/PROKKA_06292018:CDS	HTH-type transcriptional activator mta	CP012000.1:c28307-27945	PMBADJBO_00030

DiscRep_SUB:FEATURE_LOCATION_CONFLICT::Coding region xref gene does not exist
plasmid_files/CP012000.1_results/PROKKA_06292018:CDS	Mercuric reductase	CP012000.1:c30019-28325	PMBADJBO_00031

DiscRep_SUB:FEATURE_LOCATION_CONFLICT::Coding region xref gene does not exist
plasmid_files/CP012000.1_results/PROKKA_06292018:CDS	Mercuric transport protein MerC	CP012000.1:c30493-30071	PMBADJBO_00032

DiscRep_SUB:FEATURE_LOCATION_CONFLICT::Coding region xref gene does not exist
plasmid_files/CP012000.1_results/PROKKA_06292018:CDS	DNA replication and repair protein RecF	CP012000.1:c32092-31382	PMBADJBO_00033

DiscRep_SUB:FEATURE_LOCATION_CONFLICT::Coding region xref gene does not exist
plasmid_files/CP012000.1_results/PROKKA_06292018:CDS	tRNA(fMet)-specific endonuclease VapC	CP012000.1:c32304-32167	PMBADJBO_00034

DiscRep_SUB:FEATURE_LOCATION_CONFLICT::Coding region xref gene does not exist
plasmid_files/CP012000.1_results/PROKKA_06292018:CDS	Antitoxin VapB	CP012000.1:c32809-32579	PMBADJBO_00035

DiscRep_SUB:FEATURE_LOCATION_CONFLICT::Coding region xref gene does not exist
plasmid_files/CP012000.1_results/PROKKA_06292018:CDS	hypothetical protein	CP012000.1:33417-33668	PMBADJBO_00036

DiscRep_SUB:FEATURE_LOCATION_CONFLICT::Coding region xref gene does not exist
plasmid_files/CP012000.1_results/PROKKA_06292018:CDS	hypothetical protein	CP012000.1:33714-34022	PMBADJBO_00037

DiscRep_SUB:FEATURE_LOCATION_CONFLICT::Coding region xref gene does not exist
plasmid_files/CP012000.1_results/PROKKA_06292018:CDS	hypothetical protein	CP012000.1:34050-34379	PMBADJBO_00038

DiscRep_SUB:FEATURE_LOCATION_CONFLICT::Coding region xref gene does not exist
plasmid_files/CP012000.1_results/PROKKA_06292018:CDS	hypothetical protein	CP012000.1:34405-34803	PMBADJBO_00039

DiscRep_SUB:FEATURE_LOCATION_CONFLICT::Coding region xref gene does not exist
plasmid_files/CP012000.1_results/PROKKA_06292018:CDS	hypothetical protein	CP012000.1:34810-35142	PMBADJBO_00040

DiscRep_SUB:FEATURE_LOCATION_CONFLICT::Coding region xref gene does not exist
plasmid_files/CP012000.1_results/PROKKA_06292018:CDS	Tyrosine recombinase XerD	CP012000.1:35142-35924	PMBADJBO_00041

DiscRep_SUB:FEATURE_LOCATION_CONFLICT::Coding region xref gene does not exist
plasmid_files/CP012000.1_results/PROKKA_06292018:CDS	hypothetical protein	CP012000.1:c37611-37138	PMBADJBO_00042

DiscRep_SUB:FEATURE_LOCATION_CONFLICT::Coding region xref gene does not exist
plasmid_files/CP012000.1_results/PROKKA_06292018:CDS	hypothetical protein	CP012000.1:c38999-37731	PMBADJBO_00043

DiscRep_SUB:FEATURE_LOCATION_CONFLICT::Coding region xref gene does not exist
plasmid_files/CP012000.1_results/PROKKA_06292018:CDS	Type-1 restriction enzyme R protein	CP012000.1:c42261-39004	PMBADJBO_00044

DiscRep_SUB:FEATURE_LOCATION_CONFLICT::Coding region xref gene does not exist
plasmid_files/CP012000.1_results/PROKKA_06292018:CDS	hypothetical protein	CP012000.1:c43578-42262	PMBADJBO_00045

DiscRep_SUB:FEATURE_LOCATION_CONFLICT::Coding region xref gene does not exist
plasmid_files/CP012000.1_results/PROKKA_06292018:CDS	Type I restriction enzyme EcoKI M protein	CP012000.1:c45602-43575	PMBADJBO_00046

DiscRep_SUB:FEATURE_LOCATION_CONFLICT::Coding region xref gene does not exist
plasmid_files/CP012000.1_results/PROKKA_06292018:CDS	hypothetical protein	CP012000.1:c46152-45979	PMBADJBO_00047

DiscRep_SUB:FEATURE_LOCATION_CONFLICT::Coding region xref gene does not exist
plasmid_files/CP012000.1_results/PROKKA_06292018:CDS	hypothetical protein	CP012000.1:c46485-46183	PMBADJBO_00048

DiscRep_SUB:FEATURE_LOCATION_CONFLICT::Coding region xref gene does not exist
plasmid_files/CP012000.1_results/PROKKA_06292018:CDS	Virulence regulon transcriptional activator VirB	CP012000.1:c47836-46862	PMBADJBO_00049

DiscRep_SUB:FEATURE_LOCATION_CONFLICT::Coding region xref gene does not exist
plasmid_files/CP012000.1_results/PROKKA_06292018:CDS	Plasmid partition protein A	CP012000.1:c49038-47833	PMBADJBO_00050

DiscRep_SUB:FEATURE_LOCATION_CONFLICT::Coding region xref gene does not exist
plasmid_files/CP012000.1_results/PROKKA_06292018:CDS	Replication protein RepA	CP012000.1:c50256-49360	PMBADJBO_00051

DiscRep_SUB:FEATURE_LOCATION_CONFLICT::Coding region xref gene does not exist
plasmid_files/CP012000.1_results/PROKKA_06292018:CDS	Protein UmuC	CP012000.1:c51928-50657	PMBADJBO_00052

DiscRep_SUB:FEATURE_LOCATION_CONFLICT::Coding region xref gene does not exist
plasmid_files/CP012000.1_results/PROKKA_06292018:CDS	Protein UmuD	CP012000.1:c52359-51928	PMBADJBO_00053

DiscRep_SUB:FEATURE_LOCATION_CONFLICT::Coding region xref gene does not exist
plasmid_files/CP012000.1_results/PROKKA_06292018:CDS	Plasmid segregation protein ParM	CP012000.1:52591-53562	PMBADJBO_00054

DiscRep_SUB:FEATURE_LOCATION_CONFLICT::Coding region xref gene does not exist
plasmid_files/CP012000.1_results/PROKKA_06292018:CDS	hypothetical protein	CP012000.1:53565-54236	PMBADJBO_00055

DiscRep_SUB:FEATURE_LOCATION_CONFLICT::Coding region xref gene does not exist
plasmid_files/CP012000.1_results/PROKKA_06292018:CDS	hypothetical protein	CP012000.1:54297-54527	PMBADJBO_00056

DiscRep_SUB:FEATURE_LOCATION_CONFLICT::Coding region xref gene does not exist
plasmid_files/CP012000.1_results/PROKKA_06292018:CDS	DNA adenine methyltransferase YhdJ	CP012000.1:54964-55665	PMBADJBO_00057

DiscRep_SUB:FEATURE_LOCATION_CONFLICT::Coding region xref gene does not exist
plasmid_files/CP012000.1_results/PROKKA_06292018:CDS	hypothetical protein	CP012000.1:55665-55886	PMBADJBO_00058

DiscRep_SUB:FEATURE_LOCATION_CONFLICT::Coding region xref gene does not exist
plasmid_files/CP012000.1_results/PROKKA_06292018:CDS	hypothetical protein	CP012000.1:55896-56315	PMBADJBO_00059

DiscRep_SUB:FEATURE_LOCATION_CONFLICT::Coding region xref gene does not exist
plasmid_files/CP012000.1_results/PROKKA_06292018:CDS	hypothetical protein	CP012000.1:56369-57136	PMBADJBO_00060

DiscRep_SUB:FEATURE_LOCATION_CONFLICT::Coding region xref gene does not exist
plasmid_files/CP012000.1_results/PROKKA_06292018:CDS	Antirestriction protein KlcA	CP012000.1:57816-58244	PMBADJBO_00061

DiscRep_SUB:FEATURE_LOCATION_CONFLICT::Coding region xref gene does not exist
plasmid_files/CP012000.1_results/PROKKA_06292018:CDS	hypothetical protein	CP012000.1:58287-58793	PMBADJBO_00062

DiscRep_SUB:FEATURE_LOCATION_CONFLICT::Coding region xref gene does not exist
plasmid_files/CP012000.1_results/PROKKA_06292018:CDS	hypothetical protein	CP012000.1:58836-59027	PMBADJBO_00063

DiscRep_SUB:FEATURE_LOCATION_CONFLICT::Coding region xref gene does not exist
plasmid_files/CP012000.1_results/PROKKA_06292018:CDS	DNA polymerase III subunit theta	CP012000.1:59215-59469	PMBADJBO_00064

DiscRep_SUB:FEATURE_LOCATION_CONFLICT::Coding region xref gene does not exist
plasmid_files/CP012000.1_results/PROKKA_06292018:CDS	hypothetical protein	CP012000.1:59504-59821	PMBADJBO_00065

DiscRep_SUB:FEATURE_LOCATION_CONFLICT::Coding region xref gene does not exist
plasmid_files/CP012000.1_results/PROKKA_06292018:CDS	hypothetical protein	CP012000.1:60129-60305	PMBADJBO_00066

DiscRep_SUB:FEATURE_LOCATION_CONFLICT::Coding region xref gene does not exist
plasmid_files/CP012000.1_results/PROKKA_06292018:CDS	hypothetical protein	CP012000.1:60605-60832	PMBADJBO_00067

DiscRep_SUB:FEATURE_LOCATION_CONFLICT::Coding region xref gene does not exist
plasmid_files/CP012000.1_results/PROKKA_06292018:CDS	hypothetical protein	CP012000.1:60924-61154	PMBADJBO_00068

DiscRep_SUB:FEATURE_LOCATION_CONFLICT::Coding region xref gene does not exist
plasmid_files/CP012000.1_results/PROKKA_06292018:CDS	hypothetical protein	CP012000.1:61206-62561	PMBADJBO_00069

DiscRep_SUB:FEATURE_LOCATION_CONFLICT::Coding region xref gene does not exist
plasmid_files/CP012000.1_results/PROKKA_06292018:CDS	hypothetical protein	CP012000.1:62609-63172	PMBADJBO_00070

DiscRep_SUB:FEATURE_LOCATION_CONFLICT::Coding region xref gene does not exist
plasmid_files/CP012000.1_results/PROKKA_06292018:CDS	hypothetical protein	CP012000.1:c63387-63067	PMBADJBO_00071

DiscRep_SUB:FEATURE_LOCATION_CONFLICT::Coding region xref gene does not exist
plasmid_files/CP012000.1_results/PROKKA_06292018:CDS	Single-stranded DNA-binding protein	CP012000.1:64003-64515	PMBADJBO_00072

DiscRep_SUB:FEATURE_LOCATION_CONFLICT::Coding region xref gene does not exist
plasmid_files/CP012000.1_results/PROKKA_06292018:CDS	hypothetical protein	CP012000.1:64563-64805	PMBADJBO_00073

DiscRep_SUB:FEATURE_LOCATION_CONFLICT::Coding region xref gene does not exist
plasmid_files/CP012000.1_results/PROKKA_06292018:CDS	Chromosome-partitioning protein Spo0J	CP012000.1:64874-66883	PMBADJBO_00074

DiscRep_SUB:FEATURE_LOCATION_CONFLICT::Coding region xref gene does not exist
plasmid_files/CP012000.1_results/PROKKA_06292018:CDS	Protein PsiB	CP012000.1:66929-67360	PMBADJBO_00075

DiscRep_SUB:FEATURE_LOCATION_CONFLICT::Coding region xref gene does not exist
plasmid_files/CP012000.1_results/PROKKA_06292018:CDS	hypothetical protein	CP012000.1:67357-68079	PMBADJBO_00076

DiscRep_SUB:FEATURE_LOCATION_CONFLICT::Coding region xref gene does not exist
plasmid_files/CP012000.1_results/PROKKA_06292018:CDS	hypothetical protein	CP012000.1:68520-68876	PMBADJBO_00077

DiscRep_SUB:FEATURE_LOCATION_CONFLICT::Coding region xref gene does not exist
plasmid_files/CP012000.1_results/PROKKA_06292018:CDS	hypothetical protein	CP012000.1:68924-69196	PMBADJBO_00078

DiscRep_SUB:FEATURE_LOCATION_CONFLICT::Coding region xref gene does not exist
plasmid_files/CP012000.1_results/PROKKA_06292018:CDS	hypothetical protein	CP012000.1:69193-69543	PMBADJBO_00079

DiscRep_SUB:FEATURE_LOCATION_CONFLICT::Coding region xref gene does not exist
plasmid_files/CP012000.1_results/PROKKA_06292018:CDS	hypothetical protein	CP012000.1:70173-70526	PMBADJBO_00080

DiscRep_SUB:FEATURE_LOCATION_CONFLICT::Coding region xref gene does not exist
plasmid_files/CP012000.1_results/PROKKA_06292018:CDS	hypothetical protein	CP012000.1:70583-70930	PMBADJBO_00081

DiscRep_SUB:FEATURE_LOCATION_CONFLICT::Coding region xref gene does not exist
plasmid_files/CP012000.1_results/PROKKA_06292018:CDS	hypothetical protein	CP012000.1:71025-71171	PMBADJBO_00082

DiscRep_SUB:FEATURE_LOCATION_CONFLICT::Coding region xref gene does not exist
plasmid_files/CP012000.1_results/PROKKA_06292018:CDS	hypothetical protein	CP012000.1:71222-72055	PMBADJBO_00083

DiscRep_SUB:FEATURE_LOCATION_CONFLICT::Coding region xref gene does not exist
plasmid_files/CP012000.1_results/PROKKA_06292018:CDS	hypothetical protein	CP012000.1:c72261-72076	PMBADJBO_00084

DiscRep_SUB:FEATURE_LOCATION_CONFLICT::Coding region xref gene does not exist
plasmid_files/CP012000.1_results/PROKKA_06292018:CDS	hypothetical protein	CP012000.1:72874-73695	PMBADJBO_00085

DiscRep_SUB:FEATURE_LOCATION_CONFLICT::Coding region xref gene does not exist
plasmid_files/CP012000.1_results/PROKKA_06292018:CDS	hypothetical protein	CP012000.1:73743-74057	PMBADJBO_00086

DiscRep_SUB:FEATURE_LOCATION_CONFLICT::Coding region xref gene does not exist
plasmid_files/CP012000.1_results/PROKKA_06292018:CDS	hypothetical protein	CP012000.1:c74575-74090	PMBADJBO_00087

DiscRep_SUB:FEATURE_LOCATION_CONFLICT::Coding region xref gene does not exist
plasmid_files/CP012000.1_results/PROKKA_06292018:CDS	Relaxosome protein TraM	CP012000.1:74997-75395	PMBADJBO_00088

DiscRep_SUB:FEATURE_LOCATION_CONFLICT::Coding region xref gene does not exist
plasmid_files/CP012000.1_results/PROKKA_06292018:CDS	Protein TraJ	CP012000.1:75569-76255	PMBADJBO_00089

DiscRep_SUB:FEATURE_LOCATION_CONFLICT::Coding region xref gene does not exist
plasmid_files/CP012000.1_results/PROKKA_06292018:CDS	Relaxosome protein TraY	CP012000.1:76334-76720	PMBADJBO_00090

DiscRep_SUB:FEATURE_LOCATION_CONFLICT::Coding region xref gene does not exist
plasmid_files/CP012000.1_results/PROKKA_06292018:CDS	Pilin	CP012000.1:76774-77142	PMBADJBO_00091

DiscRep_SUB:FEATURE_LOCATION_CONFLICT::Coding region xref gene does not exist
plasmid_files/CP012000.1_results/PROKKA_06292018:CDS	hypothetical protein	CP012000.1:77156-77461	PMBADJBO_00092

DiscRep_SUB:FEATURE_LOCATION_CONFLICT::Coding region xref gene does not exist
plasmid_files/CP012000.1_results/PROKKA_06292018:CDS	hypothetical protein	CP012000.1:77481-78047	PMBADJBO_00093

DiscRep_SUB:FEATURE_LOCATION_CONFLICT::Coding region xref gene does not exist
plasmid_files/CP012000.1_results/PROKKA_06292018:CDS	hypothetical protein	CP012000.1:78034-78774	PMBADJBO_00094

DiscRep_SUB:FEATURE_LOCATION_CONFLICT::Coding region xref gene does not exist
plasmid_files/CP012000.1_results/PROKKA_06292018:CDS	hypothetical protein	CP012000.1:78774-80198	PMBADJBO_00095

DiscRep_SUB:FEATURE_LOCATION_CONFLICT::Coding region xref gene does not exist
plasmid_files/CP012000.1_results/PROKKA_06292018:CDS	Protein TraV	CP012000.1:80324-80896	PMBADJBO_00096

DiscRep_SUB:FEATURE_LOCATION_CONFLICT::Coding region xref gene does not exist
plasmid_files/CP012000.1_results/PROKKA_06292018:CDS	hypothetical protein	CP012000.1:81028-81438	PMBADJBO_00097

DiscRep_SUB:FEATURE_LOCATION_CONFLICT::Coding region xref gene does not exist
plasmid_files/CP012000.1_results/PROKKA_06292018:CDS	hypothetical protein	CP012000.1:81544-81762	PMBADJBO_00098

DiscRep_SUB:FEATURE_LOCATION_CONFLICT::Coding region xref gene does not exist
plasmid_files/CP012000.1_results/PROKKA_06292018:CDS	hypothetical protein	CP012000.1:81763-82074	PMBADJBO_00099

DiscRep_SUB:FEATURE_LOCATION_CONFLICT::Coding region xref gene does not exist
plasmid_files/CP012000.1_results/PROKKA_06292018:CDS	hypothetical protein	CP012000.1:82830-82976	PMBADJBO_00100

DiscRep_SUB:FEATURE_LOCATION_CONFLICT::Coding region xref gene does not exist
plasmid_files/CP012000.1_results/PROKKA_06292018:CDS	hypothetical protein	CP012000.1:82993-83382	PMBADJBO_00101

DiscRep_SUB:FEATURE_LOCATION_CONFLICT::Coding region xref gene does not exist
plasmid_files/CP012000.1_results/PROKKA_06292018:CDS	Protein TraC	CP012000.1:83454-85334	PMBADJBO_00102

DiscRep_SUB:FEATURE_LOCATION_CONFLICT::Coding region xref gene does not exist
plasmid_files/CP012000.1_results/PROKKA_06292018:CDS	Protein TraC	CP012000.1:85331-86092	PMBADJBO_00103

DiscRep_SUB:FEATURE_LOCATION_CONFLICT::Coding region xref gene does not exist
plasmid_files/CP012000.1_results/PROKKA_06292018:CDS	hypothetical protein	CP012000.1:86092-86481	PMBADJBO_00104

DiscRep_SUB:FEATURE_LOCATION_CONFLICT::Coding region xref gene does not exist
plasmid_files/CP012000.1_results/PROKKA_06292018:CDS	hypothetical protein	CP012000.1:86481-87107	PMBADJBO_00105

DiscRep_SUB:FEATURE_LOCATION_CONFLICT::Coding region xref gene does not exist
plasmid_files/CP012000.1_results/PROKKA_06292018:CDS	hypothetical protein	CP012000.1:87149-87538	PMBADJBO_00106

DiscRep_SUB:FEATURE_LOCATION_CONFLICT::Coding region xref gene does not exist
plasmid_files/CP012000.1_results/PROKKA_06292018:CDS	hypothetical protein	CP012000.1:87535-88524	PMBADJBO_00107

DiscRep_SUB:FEATURE_LOCATION_CONFLICT::Coding region xref gene does not exist
plasmid_files/CP012000.1_results/PROKKA_06292018:CDS	hypothetical protein	CP012000.1:88537-89175	PMBADJBO_00108

DiscRep_SUB:FEATURE_LOCATION_CONFLICT::Coding region xref gene does not exist
plasmid_files/CP012000.1_results/PROKKA_06292018:CDS	hypothetical protein	CP012000.1:89234-91189	PMBADJBO_00109

DiscRep_SUB:FEATURE_LOCATION_CONFLICT::Coding region xref gene does not exist
plasmid_files/CP012000.1_results/PROKKA_06292018:CDS	hypothetical protein	CP012000.1:91221-91475	PMBADJBO_00110

DiscRep_SUB:FEATURE_LOCATION_CONFLICT::Coding region xref gene does not exist
plasmid_files/CP012000.1_results/PROKKA_06292018:CDS	hypothetical protein	CP012000.1:91435-91701	PMBADJBO_00111

DiscRep_SUB:FEATURE_LOCATION_CONFLICT::Coding region xref gene does not exist
plasmid_files/CP012000.1_results/PROKKA_06292018:CDS	hypothetical protein	CP012000.1:91714-92040	PMBADJBO_00112

DiscRep_SUB:FEATURE_LOCATION_CONFLICT::Coding region xref gene does not exist
plasmid_files/CP012000.1_results/PROKKA_06292018:CDS	hypothetical protein	CP012000.1:92061-92813	PMBADJBO_00113

DiscRep_SUB:FEATURE_LOCATION_CONFLICT::Coding region xref gene does not exist
plasmid_files/CP012000.1_results/PROKKA_06292018:CDS	Protein TraQ	CP012000.1:92824-93063	PMBADJBO_00114

DiscRep_SUB:FEATURE_LOCATION_CONFLICT::Coding region xref gene does not exist
plasmid_files/CP012000.1_results/PROKKA_06292018:CDS	hypothetical protein	CP012000.1:93035-93592	PMBADJBO_00115

DiscRep_SUB:FEATURE_LOCATION_CONFLICT::Coding region xref gene does not exist
plasmid_files/CP012000.1_results/PROKKA_06292018:CDS	hypothetical protein	CP012000.1:93638-94081	PMBADJBO_00116

DiscRep_SUB:FEATURE_LOCATION_CONFLICT::Coding region xref gene does not exist
plasmid_files/CP012000.1_results/PROKKA_06292018:CDS	hypothetical protein	CP012000.1:94071-95438	PMBADJBO_00117

DiscRep_SUB:FEATURE_LOCATION_CONFLICT::Coding region xref gene does not exist
plasmid_files/CP012000.1_results/PROKKA_06292018:CDS	hypothetical protein	CP012000.1:95438-98287	PMBADJBO_00118

DiscRep_SUB:FEATURE_LOCATION_CONFLICT::Coding region xref gene does not exist
plasmid_files/CP012000.1_results/PROKKA_06292018:CDS	Protein TraS	CP012000.1:98300-98848	PMBADJBO_00119

DiscRep_SUB:FEATURE_LOCATION_CONFLICT::Coding region xref gene does not exist
plasmid_files/CP012000.1_results/PROKKA_06292018:CDS	Lipoprotein YlpA	CP012000.1:99032-99763	PMBADJBO_00120

DiscRep_SUB:FEATURE_LOCATION_CONFLICT::Coding region xref gene does not exist
plasmid_files/CP012000.1_results/PROKKA_06292018:CDS	hypothetical protein	CP012000.1:99954-100643	PMBADJBO_00121

DiscRep_SUB:FEATURE_LOCATION_CONFLICT::Coding region xref gene does not exist
plasmid_files/CP012000.1_results/PROKKA_06292018:CDS	Coupling protein TraD	CP012000.1:100772-102784	PMBADJBO_00122

DiscRep_SUB:FEATURE_LOCATION_CONFLICT::Coding region xref gene does not exist
plasmid_files/CP012000.1_results/PROKKA_06292018:CDS	Coupling protein TraD	CP012000.1:102910-103083	PMBADJBO_00123

DiscRep_SUB:FEATURE_LOCATION_CONFLICT::Coding region xref gene does not exist
plasmid_files/CP012000.1_results/PROKKA_06292018:CDS	Multifunctional conjugation protein TraI	CP012000.1:103083-108344	PMBADJBO_00124

DiscRep_SUB:FEATURE_LOCATION_CONFLICT::Coding region xref gene does not exist
plasmid_files/CP012000.1_results/PROKKA_06292018:CDS	hypothetical protein	CP012000.1:108425-109150	PMBADJBO_00125

DiscRep_SUB:FEATURE_LOCATION_CONFLICT::Coding region xref gene does not exist
plasmid_files/CP012000.1_results/PROKKA_06292018:CDS	Fertility inhibition protein	CP012000.1:109222-109815	PMBADJBO_00126

DiscRep_SUB:FEATURE_LOCATION_CONFLICT::Coding region xref gene does not exist
plasmid_files/CP012000.1_results/PROKKA_06292018:CDS	hypothetical protein	CP012000.1:110357-110578	PMBADJBO_00127

DiscRep_SUB:FEATURE_LOCATION_CONFLICT::Coding region xref gene does not exist
plasmid_files/CP012000.1_results/PROKKA_06292018:CDS	hypothetical protein	CP012000.1:110628-111272	PMBADJBO_00128

DiscRep_SUB:FEATURE_LOCATION_CONFLICT::Coding region xref gene does not exist
plasmid_files/CP012000.1_results/PROKKA_06292018:CDS	hypothetical protein	CP012000.1:111328-111978	PMBADJBO_00129

DiscRep_SUB:FEATURE_LOCATION_CONFLICT::Coding region xref gene does not exist
plasmid_files/CP012000.1_results/PROKKA_06292018:CDS	hypothetical protein	CP012000.1:111975-112283	PMBADJBO_00130

DiscRep_SUB:FEATURE_LOCATION_CONFLICT::Coding region xref gene does not exist
plasmid_files/CP012000.1_results/PROKKA_06292018:CDS	Phospholipase D	CP012000.1:112378-112938	PMBADJBO_00131

DiscRep_SUB:FEATURE_LOCATION_CONFLICT::Coding region xref gene does not exist
plasmid_files/CP012000.1_results/PROKKA_06292018:CDS	hypothetical protein	CP012000.1:113074-113325	PMBADJBO_00132

DiscRep_ALL:OVERLAPPING_CDS::2 coding regions overlap another coding region with a similar or identical name.
DiscRep_SUB:OVERLAPPING_CDS::2 coding regions overlap another coding region with a similar or identical name that do not have the appropriate note text
plasmid_files/CP012000.1_results/PROKKA_06292018:CDS	Protein TraC	CP012000.1:83454-85334	PMBADJBO_00102
plasmid_files/CP012000.1_results/PROKKA_06292018:CDS	Protein TraC	CP012000.1:85331-86092	PMBADJBO_00103

DiscRep_ALL:SUSPECT_PRODUCT_NAMES::1 product_names contain suspect phrase or characters
DiscRep_SUB:SUSPECT_PRODUCT_NAMES::May contain database identifier more appropriate in note; remove from product name
DiscRep_SUB:SUSPECT_PRODUCT_NAMES::1 features Three or more numbers together
plasmid_files/CP012000.1_results/PROKKA_06292018:CDS	Putative transposon Tn552 DNA-invertase bin3	CP012000.1:c18730-18110	PMBADJBO_00019

DiscRep_ALL:DISC_QUALITY_SCORES::Quality scores are missing on all sequences.

DiscRep_ALL:ONCALLER_COMMENT_PRESENT::1 comment descriptors were found (all same)
plasmid_files/CP012000.1_results/PROKKA_06292018:CP012000.1:Annotated using prokka 1.14-dev from https://github.com/tseemann/prokka

DiscRep_ALL:SHORT_PROT_SEQUENCES::4 protein sequences are shorter than 50 aa.
plasmid_files/CP012000.1_results/PROKKA_06292018:CP012000.1_17 (length 38)
plasmid_files/CP012000.1_results/PROKKA_06292018:CP012000.1_34 (length 45)
plasmid_files/CP012000.1_results/PROKKA_06292018:CP012000.1_82 (length 48)
plasmid_files/CP012000.1_results/PROKKA_06292018:CP012000.1_100 (length 48)

DiscRep_ALL:MISSING_GENOMEASSEMBLY_COMMENTS::1 bioseqs are missing GenomeAssembly structured comments
plasmid_files/CP012000.1_results/PROKKA_06292018:CP012000.1 (length 113626)

DiscRep_ALL:MOLTYPE_NOT_MRNA::1 molecule types are not set as mRNA.
plasmid_files/CP012000.1_results/PROKKA_06292018:CP012000.1 (length 113626)

DiscRep_ALL:TECHNIQUE_NOT_TSA::1 technique are not set as TSA
plasmid_files/CP012000.1_results/PROKKA_06292018:CP012000.1 (length 113626)

DiscRep_ALL:MISSING_STRUCTURED_COMMENT::1 sequences do not include structured comments.
plasmid_files/CP012000.1_results/PROKKA_06292018:CP012000.1 (length 113626)

DiscRep_ALL:MISSING_PROJECT::133 sequences do not include project.
plasmid_files/CP012000.1_results/PROKKA_06292018:CP012000.1 (length 113626)
plasmid_files/CP012000.1_results/PROKKA_06292018:CP012000.1_1 (length 285)
plasmid_files/CP012000.1_results/PROKKA_06292018:CP012000.1_2 (length 187)
plasmid_files/CP012000.1_results/PROKKA_06292018:CP012000.1_3 (length 203)
plasmid_files/CP012000.1_results/PROKKA_06292018:CP012000.1_4 (length 318)
plasmid_files/CP012000.1_results/PROKKA_06292018:CP012000.1_5 (length 51)
plasmid_files/CP012000.1_results/PROKKA_06292018:CP012000.1_6 (length 293)
plasmid_files/CP012000.1_results/PROKKA_06292018:CP012000.1_7 (length 311)
plasmid_files/CP012000.1_results/PROKKA_06292018:CP012000.1_8 (length 1009)
plasmid_files/CP012000.1_results/PROKKA_06292018:CP012000.1_9 (length 341)
plasmid_files/CP012000.1_results/PROKKA_06292018:CP012000.1_10 (length 259)
plasmid_files/CP012000.1_results/PROKKA_06292018:CP012000.1_11 (length 79)
plasmid_files/CP012000.1_results/PROKKA_06292018:CP012000.1_12 (length 293)
plasmid_files/CP012000.1_results/PROKKA_06292018:CP012000.1_13 (length 439)
plasmid_files/CP012000.1_results/PROKKA_06292018:CP012000.1_14 (length 394)
plasmid_files/CP012000.1_results/PROKKA_06292018:CP012000.1_15 (length 70)
plasmid_files/CP012000.1_results/PROKKA_06292018:CP012000.1_16 (length 119)
plasmid_files/CP012000.1_results/PROKKA_06292018:CP012000.1_17 (length 38)
plasmid_files/CP012000.1_results/PROKKA_06292018:CP012000.1_18 (length 127)
plasmid_files/CP012000.1_results/PROKKA_06292018:CP012000.1_19 (length 206)
plasmid_files/CP012000.1_results/PROKKA_06292018:CP012000.1_20 (length 965)
plasmid_files/CP012000.1_results/PROKKA_06292018:CP012000.1_21 (length 234)
plasmid_files/CP012000.1_results/PROKKA_06292018:CP012000.1_22 (length 111)
plasmid_files/CP012000.1_results/PROKKA_06292018:CP012000.1_23 (length 88)
plasmid_files/CP012000.1_results/PROKKA_06292018:CP012000.1_24 (length 83)
plasmid_files/CP012000.1_results/PROKKA_06292018:CP012000.1_25 (length 286)
plasmid_files/CP012000.1_results/PROKKA_06292018:CP012000.1_26 (length 136)
plasmid_files/CP012000.1_results/PROKKA_06292018:CP012000.1_27 (length 422)
plasmid_files/CP012000.1_results/PROKKA_06292018:CP012000.1_28 (length 235)
plasmid_files/CP012000.1_results/PROKKA_06292018:CP012000.1_29 (length 78)
plasmid_files/CP012000.1_results/PROKKA_06292018:CP012000.1_30 (length 120)
plasmid_files/CP012000.1_results/PROKKA_06292018:CP012000.1_31 (length 564)
plasmid_files/CP012000.1_results/PROKKA_06292018:CP012000.1_32 (length 140)
plasmid_files/CP012000.1_results/PROKKA_06292018:CP012000.1_33 (length 236)
plasmid_files/CP012000.1_results/PROKKA_06292018:CP012000.1_34 (length 45)
plasmid_files/CP012000.1_results/PROKKA_06292018:CP012000.1_35 (length 76)
plasmid_files/CP012000.1_results/PROKKA_06292018:CP012000.1_36 (length 83)
plasmid_files/CP012000.1_results/PROKKA_06292018:CP012000.1_37 (length 102)
plasmid_files/CP012000.1_results/PROKKA_06292018:CP012000.1_38 (length 109)
plasmid_files/CP012000.1_results/PROKKA_06292018:CP012000.1_39 (length 132)
plasmid_files/CP012000.1_results/PROKKA_06292018:CP012000.1_40 (length 110)
plasmid_files/CP012000.1_results/PROKKA_06292018:CP012000.1_41 (length 260)
plasmid_files/CP012000.1_results/PROKKA_06292018:CP012000.1_42 (length 157)
plasmid_files/CP012000.1_results/PROKKA_06292018:CP012000.1_43 (length 422)
plasmid_files/CP012000.1_results/PROKKA_06292018:CP012000.1_44 (length 1085)
plasmid_files/CP012000.1_results/PROKKA_06292018:CP012000.1_45 (length 438)
plasmid_files/CP012000.1_results/PROKKA_06292018:CP012000.1_46 (length 675)
plasmid_files/CP012000.1_results/PROKKA_06292018:CP012000.1_47 (length 57)
plasmid_files/CP012000.1_results/PROKKA_06292018:CP012000.1_48 (length 100)
plasmid_files/CP012000.1_results/PROKKA_06292018:CP012000.1_49 (length 324)
plasmid_files/CP012000.1_results/PROKKA_06292018:CP012000.1_50 (length 401)
plasmid_files/CP012000.1_results/PROKKA_06292018:CP012000.1_51 (length 298)
plasmid_files/CP012000.1_results/PROKKA_06292018:CP012000.1_52 (length 423)
plasmid_files/CP012000.1_results/PROKKA_06292018:CP012000.1_53 (length 143)
plasmid_files/CP012000.1_results/PROKKA_06292018:CP012000.1_54 (length 323)
plasmid_files/CP012000.1_results/PROKKA_06292018:CP012000.1_55 (length 223)
plasmid_files/CP012000.1_results/PROKKA_06292018:CP012000.1_56 (length 76)
plasmid_files/CP012000.1_results/PROKKA_06292018:CP012000.1_57 (length 233)
plasmid_files/CP012000.1_results/PROKKA_06292018:CP012000.1_58 (length 73)
plasmid_files/CP012000.1_results/PROKKA_06292018:CP012000.1_59 (length 139)
plasmid_files/CP012000.1_results/PROKKA_06292018:CP012000.1_60 (length 255)
plasmid_files/CP012000.1_results/PROKKA_06292018:CP012000.1_61 (length 142)
plasmid_files/CP012000.1_results/PROKKA_06292018:CP012000.1_62 (length 168)
plasmid_files/CP012000.1_results/PROKKA_06292018:CP012000.1_63 (length 63)
plasmid_files/CP012000.1_results/PROKKA_06292018:CP012000.1_64 (length 84)
plasmid_files/CP012000.1_results/PROKKA_06292018:CP012000.1_65 (length 105)
plasmid_files/CP012000.1_results/PROKKA_06292018:CP012000.1_66 (length 58)
plasmid_files/CP012000.1_results/PROKKA_06292018:CP012000.1_67 (length 75)
plasmid_files/CP012000.1_results/PROKKA_06292018:CP012000.1_68 (length 76)
plasmid_files/CP012000.1_results/PROKKA_06292018:CP012000.1_69 (length 451)
plasmid_files/CP012000.1_results/PROKKA_06292018:CP012000.1_70 (length 187)
plasmid_files/CP012000.1_results/PROKKA_06292018:CP012000.1_71 (length 106)
plasmid_files/CP012000.1_results/PROKKA_06292018:CP012000.1_72 (length 170)
plasmid_files/CP012000.1_results/PROKKA_06292018:CP012000.1_73 (length 80)
plasmid_files/CP012000.1_results/PROKKA_06292018:CP012000.1_74 (length 669)
plasmid_files/CP012000.1_results/PROKKA_06292018:CP012000.1_75 (length 143)
plasmid_files/CP012000.1_results/PROKKA_06292018:CP012000.1_76 (length 240)
plasmid_files/CP012000.1_results/PROKKA_06292018:CP012000.1_77 (length 118)
plasmid_files/CP012000.1_results/PROKKA_06292018:CP012000.1_78 (length 90)
plasmid_files/CP012000.1_results/PROKKA_06292018:CP012000.1_79 (length 116)
plasmid_files/CP012000.1_results/PROKKA_06292018:CP012000.1_80 (length 117)
plasmid_files/CP012000.1_results/PROKKA_06292018:CP012000.1_81 (length 115)
plasmid_files/CP012000.1_results/PROKKA_06292018:CP012000.1_82 (length 48)
plasmid_files/CP012000.1_results/PROKKA_06292018:CP012000.1_83 (length 277)
plasmid_files/CP012000.1_results/PROKKA_06292018:CP012000.1_84 (length 61)
plasmid_files/CP012000.1_results/PROKKA_06292018:CP012000.1_85 (length 273)
plasmid_files/CP012000.1_results/PROKKA_06292018:CP012000.1_86 (length 104)
plasmid_files/CP012000.1_results/PROKKA_06292018:CP012000.1_87 (length 161)
plasmid_files/CP012000.1_results/PROKKA_06292018:CP012000.1_88 (length 132)
plasmid_files/CP012000.1_results/PROKKA_06292018:CP012000.1_89 (length 228)
plasmid_files/CP012000.1_results/PROKKA_06292018:CP012000.1_90 (length 128)
plasmid_files/CP012000.1_results/PROKKA_06292018:CP012000.1_91 (length 122)
plasmid_files/CP012000.1_results/PROKKA_06292018:CP012000.1_92 (length 101)
plasmid_files/CP012000.1_results/PROKKA_06292018:CP012000.1_93 (length 188)
plasmid_files/CP012000.1_results/PROKKA_06292018:CP012000.1_94 (length 246)
plasmid_files/CP012000.1_results/PROKKA_06292018:CP012000.1_95 (length 474)
plasmid_files/CP012000.1_results/PROKKA_06292018:CP012000.1_96 (length 190)
plasmid_files/CP012000.1_results/PROKKA_06292018:CP012000.1_97 (length 136)
plasmid_files/CP012000.1_results/PROKKA_06292018:CP012000.1_98 (length 72)
plasmid_files/CP012000.1_results/PROKKA_06292018:CP012000.1_99 (length 103)
plasmid_files/CP012000.1_results/PROKKA_06292018:CP012000.1_100 (length 48)
plasmid_files/CP012000.1_results/PROKKA_06292018:CP012000.1_101 (length 129)
plasmid_files/CP012000.1_results/PROKKA_06292018:CP012000.1_102 (length 626)
plasmid_files/CP012000.1_results/PROKKA_06292018:CP012000.1_103 (length 253)
plasmid_files/CP012000.1_results/PROKKA_06292018:CP012000.1_104 (length 129)
plasmid_files/CP012000.1_results/PROKKA_06292018:CP012000.1_105 (length 208)
plasmid_files/CP012000.1_results/PROKKA_06292018:CP012000.1_106 (length 129)
plasmid_files/CP012000.1_results/PROKKA_06292018:CP012000.1_107 (length 329)
plasmid_files/CP012000.1_results/PROKKA_06292018:CP012000.1_108 (length 212)
plasmid_files/CP012000.1_results/PROKKA_06292018:CP012000.1_109 (length 651)
plasmid_files/CP012000.1_results/PROKKA_06292018:CP012000.1_110 (length 84)
plasmid_files/CP012000.1_results/PROKKA_06292018:CP012000.1_111 (length 88)
plasmid_files/CP012000.1_results/PROKKA_06292018:CP012000.1_112 (length 108)
plasmid_files/CP012000.1_results/PROKKA_06292018:CP012000.1_113 (length 250)
plasmid_files/CP012000.1_results/PROKKA_06292018:CP012000.1_114 (length 79)
plasmid_files/CP012000.1_results/PROKKA_06292018:CP012000.1_115 (length 185)
plasmid_files/CP012000.1_results/PROKKA_06292018:CP012000.1_116 (length 147)
plasmid_files/CP012000.1_results/PROKKA_06292018:CP012000.1_117 (length 455)
plasmid_files/CP012000.1_results/PROKKA_06292018:CP012000.1_118 (length 949)
plasmid_files/CP012000.1_results/PROKKA_06292018:CP012000.1_119 (length 182)
plasmid_files/CP012000.1_results/PROKKA_06292018:CP012000.1_120 (length 243)
plasmid_files/CP012000.1_results/PROKKA_06292018:CP012000.1_121 (length 229)
plasmid_files/CP012000.1_results/PROKKA_06292018:CP012000.1_122 (length 670)
plasmid_files/CP012000.1_results/PROKKA_06292018:CP012000.1_123 (length 57)
plasmid_files/CP012000.1_results/PROKKA_06292018:CP012000.1_124 (length 1753)
plasmid_files/CP012000.1_results/PROKKA_06292018:CP012000.1_125 (length 241)
plasmid_files/CP012000.1_results/PROKKA_06292018:CP012000.1_126 (length 197)
plasmid_files/CP012000.1_results/PROKKA_06292018:CP012000.1_127 (length 73)
plasmid_files/CP012000.1_results/PROKKA_06292018:CP012000.1_128 (length 214)
plasmid_files/CP012000.1_results/PROKKA_06292018:CP012000.1_129 (length 216)
plasmid_files/CP012000.1_results/PROKKA_06292018:CP012000.1_130 (length 102)
plasmid_files/CP012000.1_results/PROKKA_06292018:CP012000.1_131 (length 186)
plasmid_files/CP012000.1_results/PROKKA_06292018:CP012000.1_132 (length 83)

DiscRep_ALL:DISC_INCONSISTENT_MOLINFO_TECH::Molinfo Technique Report (some missing, all same)
DiscRep_SUB:DISC_INCONSISTENT_MOLINFO_TECH::technique (all missing)
DiscRep_SUB:DISC_INCONSISTENT_MOLINFO_TECH::1 Molinfos are missing field technique
plasmid_files/CP012000.1_results/PROKKA_06292018:CP012000.1 (length 113626)

