Discrepancy Report Results

Summary
FATAL: MISSING_PROTEIN_ID:265 proteins have invalid IDs.
DISC_SOURCE_QUALS_ASNDISC:strain (all present, all unique)
DISC_SOURCE_QUALS_ASNDISC:taxname (all present, all unique)
DISC_FEATURE_COUNT:CDS: 265 present
DISC_COUNT_NUCLEOTIDES:1 nucleotide Bioseqs are present
FEATURE_LOCATION_CONFLICT:265 features have inconsistent gene locations.
DISC_QUALITY_SCORES:Quality scores are missing on all sequences.
ONCALLER_COMMENT_PRESENT:1 comment descriptors were found (all same)
SHORT_PROT_SEQUENCES:7 protein sequences are shorter than 50 aa.
MISSING_GENOMEASSEMBLY_COMMENTS:1 bioseqs are missing GenomeAssembly structured comments
MOLTYPE_NOT_MRNA:1 molecule types are not set as mRNA.
TECHNIQUE_NOT_TSA:1 technique are not set as TSA
MISSING_STRUCTURED_COMMENT:1 sequences do not include structured comments.
MISSING_PROJECT:266 sequences do not include project.
DISC_INCONSISTENT_MOLINFO_TECH:Molinfo Technique Report (some missing, all same)


Detailed Report

FATAL: DiscRep_ALL:MISSING_PROTEIN_ID::265 proteins have invalid IDs.
plasmid_files/CP021835.1_results/PROKKA_06292018:CP021835.1_1 (length 425)
plasmid_files/CP021835.1_results/PROKKA_06292018:CP021835.1_2 (length 336)
plasmid_files/CP021835.1_results/PROKKA_06292018:CP021835.1_3 (length 343)
plasmid_files/CP021835.1_results/PROKKA_06292018:CP021835.1_4 (length 175)
plasmid_files/CP021835.1_results/PROKKA_06292018:CP021835.1_5 (length 302)
plasmid_files/CP021835.1_results/PROKKA_06292018:CP021835.1_6 (length 322)
plasmid_files/CP021835.1_results/PROKKA_06292018:CP021835.1_7 (length 61)
plasmid_files/CP021835.1_results/PROKKA_06292018:CP021835.1_8 (length 30)
plasmid_files/CP021835.1_results/PROKKA_06292018:CP021835.1_9 (length 106)
plasmid_files/CP021835.1_results/PROKKA_06292018:CP021835.1_10 (length 213)
plasmid_files/CP021835.1_results/PROKKA_06292018:CP021835.1_11 (length 286)
plasmid_files/CP021835.1_results/PROKKA_06292018:CP021835.1_12 (length 932)
plasmid_files/CP021835.1_results/PROKKA_06292018:CP021835.1_13 (length 335)
plasmid_files/CP021835.1_results/PROKKA_06292018:CP021835.1_14 (length 223)
plasmid_files/CP021835.1_results/PROKKA_06292018:CP021835.1_15 (length 421)
plasmid_files/CP021835.1_results/PROKKA_06292018:CP021835.1_16 (length 176)
plasmid_files/CP021835.1_results/PROKKA_06292018:CP021835.1_17 (length 105)
plasmid_files/CP021835.1_results/PROKKA_06292018:CP021835.1_18 (length 815)
plasmid_files/CP021835.1_results/PROKKA_06292018:CP021835.1_19 (length 235)
plasmid_files/CP021835.1_results/PROKKA_06292018:CP021835.1_20 (length 1843)
plasmid_files/CP021835.1_results/PROKKA_06292018:CP021835.1_21 (length 127)
plasmid_files/CP021835.1_results/PROKKA_06292018:CP021835.1_22 (length 192)
plasmid_files/CP021835.1_results/PROKKA_06292018:CP021835.1_23 (length 438)
plasmid_files/CP021835.1_results/PROKKA_06292018:CP021835.1_24 (length 305)
plasmid_files/CP021835.1_results/PROKKA_06292018:CP021835.1_25 (length 208)
plasmid_files/CP021835.1_results/PROKKA_06292018:CP021835.1_26 (length 93)
plasmid_files/CP021835.1_results/PROKKA_06292018:CP021835.1_27 (length 125)
plasmid_files/CP021835.1_results/PROKKA_06292018:CP021835.1_28 (length 47)
plasmid_files/CP021835.1_results/PROKKA_06292018:CP021835.1_29 (length 220)
plasmid_files/CP021835.1_results/PROKKA_06292018:CP021835.1_30 (length 125)
plasmid_files/CP021835.1_results/PROKKA_06292018:CP021835.1_31 (length 148)
plasmid_files/CP021835.1_results/PROKKA_06292018:CP021835.1_32 (length 209)
plasmid_files/CP021835.1_results/PROKKA_06292018:CP021835.1_33 (length 194)
plasmid_files/CP021835.1_results/PROKKA_06292018:CP021835.1_34 (length 621)
plasmid_files/CP021835.1_results/PROKKA_06292018:CP021835.1_35 (length 992)
plasmid_files/CP021835.1_results/PROKKA_06292018:CP021835.1_36 (length 205)
plasmid_files/CP021835.1_results/PROKKA_06292018:CP021835.1_37 (length 77)
plasmid_files/CP021835.1_results/PROKKA_06292018:CP021835.1_38 (length 730)
plasmid_files/CP021835.1_results/PROKKA_06292018:CP021835.1_39 (length 162)
plasmid_files/CP021835.1_results/PROKKA_06292018:CP021835.1_40 (length 92)
plasmid_files/CP021835.1_results/PROKKA_06292018:CP021835.1_41 (length 68)
plasmid_files/CP021835.1_results/PROKKA_06292018:CP021835.1_42 (length 205)
plasmid_files/CP021835.1_results/PROKKA_06292018:CP021835.1_43 (length 72)
plasmid_files/CP021835.1_results/PROKKA_06292018:CP021835.1_44 (length 87)
plasmid_files/CP021835.1_results/PROKKA_06292018:CP021835.1_45 (length 218)
plasmid_files/CP021835.1_results/PROKKA_06292018:CP021835.1_46 (length 475)
plasmid_files/CP021835.1_results/PROKKA_06292018:CP021835.1_47 (length 166)
plasmid_files/CP021835.1_results/PROKKA_06292018:CP021835.1_48 (length 110)
plasmid_files/CP021835.1_results/PROKKA_06292018:CP021835.1_49 (length 168)
plasmid_files/CP021835.1_results/PROKKA_06292018:CP021835.1_50 (length 224)
plasmid_files/CP021835.1_results/PROKKA_06292018:CP021835.1_51 (length 93)
plasmid_files/CP021835.1_results/PROKKA_06292018:CP021835.1_52 (length 125)
plasmid_files/CP021835.1_results/PROKKA_06292018:CP021835.1_53 (length 47)
plasmid_files/CP021835.1_results/PROKKA_06292018:CP021835.1_54 (length 58)
plasmid_files/CP021835.1_results/PROKKA_06292018:CP021835.1_55 (length 259)
plasmid_files/CP021835.1_results/PROKKA_06292018:CP021835.1_56 (length 341)
plasmid_files/CP021835.1_results/PROKKA_06292018:CP021835.1_57 (length 1009)
plasmid_files/CP021835.1_results/PROKKA_06292018:CP021835.1_58 (length 571)
plasmid_files/CP021835.1_results/PROKKA_06292018:CP021835.1_59 (length 346)
plasmid_files/CP021835.1_results/PROKKA_06292018:CP021835.1_60 (length 92)
plasmid_files/CP021835.1_results/PROKKA_06292018:CP021835.1_61 (length 503)
plasmid_files/CP021835.1_results/PROKKA_06292018:CP021835.1_62 (length 346)
plasmid_files/CP021835.1_results/PROKKA_06292018:CP021835.1_63 (length 477)
plasmid_files/CP021835.1_results/PROKKA_06292018:CP021835.1_64 (length 1204)
plasmid_files/CP021835.1_results/PROKKA_06292018:CP021835.1_65 (length 120)
plasmid_files/CP021835.1_results/PROKKA_06292018:CP021835.1_66 (length 90)
plasmid_files/CP021835.1_results/PROKKA_06292018:CP021835.1_67 (length 177)
plasmid_files/CP021835.1_results/PROKKA_06292018:CP021835.1_68 (length 202)
plasmid_files/CP021835.1_results/PROKKA_06292018:CP021835.1_69 (length 183)
plasmid_files/CP021835.1_results/PROKKA_06292018:CP021835.1_70 (length 139)
plasmid_files/CP021835.1_results/PROKKA_06292018:CP021835.1_71 (length 97)
plasmid_files/CP021835.1_results/PROKKA_06292018:CP021835.1_72 (length 327)
plasmid_files/CP021835.1_results/PROKKA_06292018:CP021835.1_73 (length 179)
plasmid_files/CP021835.1_results/PROKKA_06292018:CP021835.1_74 (length 95)
plasmid_files/CP021835.1_results/PROKKA_06292018:CP021835.1_75 (length 354)
plasmid_files/CP021835.1_results/PROKKA_06292018:CP021835.1_76 (length 93)
plasmid_files/CP021835.1_results/PROKKA_06292018:CP021835.1_77 (length 144)
plasmid_files/CP021835.1_results/PROKKA_06292018:CP021835.1_78 (length 371)
plasmid_files/CP021835.1_results/PROKKA_06292018:CP021835.1_79 (length 202)
plasmid_files/CP021835.1_results/PROKKA_06292018:CP021835.1_80 (length 173)
plasmid_files/CP021835.1_results/PROKKA_06292018:CP021835.1_81 (length 173)
plasmid_files/CP021835.1_results/PROKKA_06292018:CP021835.1_82 (length 157)
plasmid_files/CP021835.1_results/PROKKA_06292018:CP021835.1_83 (length 104)
plasmid_files/CP021835.1_results/PROKKA_06292018:CP021835.1_84 (length 284)
plasmid_files/CP021835.1_results/PROKKA_06292018:CP021835.1_85 (length 319)
plasmid_files/CP021835.1_results/PROKKA_06292018:CP021835.1_86 (length 286)
plasmid_files/CP021835.1_results/PROKKA_06292018:CP021835.1_87 (length 142)
plasmid_files/CP021835.1_results/PROKKA_06292018:CP021835.1_88 (length 119)
plasmid_files/CP021835.1_results/PROKKA_06292018:CP021835.1_89 (length 148)
plasmid_files/CP021835.1_results/PROKKA_06292018:CP021835.1_90 (length 172)
plasmid_files/CP021835.1_results/PROKKA_06292018:CP021835.1_91 (length 75)
plasmid_files/CP021835.1_results/PROKKA_06292018:CP021835.1_92 (length 285)
plasmid_files/CP021835.1_results/PROKKA_06292018:CP021835.1_93 (length 62)
plasmid_files/CP021835.1_results/PROKKA_06292018:CP021835.1_94 (length 326)
plasmid_files/CP021835.1_results/PROKKA_06292018:CP021835.1_95 (length 203)
plasmid_files/CP021835.1_results/PROKKA_06292018:CP021835.1_96 (length 90)
plasmid_files/CP021835.1_results/PROKKA_06292018:CP021835.1_97 (length 97)
plasmid_files/CP021835.1_results/PROKKA_06292018:CP021835.1_98 (length 100)
plasmid_files/CP021835.1_results/PROKKA_06292018:CP021835.1_99 (length 116)
plasmid_files/CP021835.1_results/PROKKA_06292018:CP021835.1_100 (length 182)
plasmid_files/CP021835.1_results/PROKKA_06292018:CP021835.1_101 (length 83)
plasmid_files/CP021835.1_results/PROKKA_06292018:CP021835.1_102 (length 64)
plasmid_files/CP021835.1_results/PROKKA_06292018:CP021835.1_103 (length 123)
plasmid_files/CP021835.1_results/PROKKA_06292018:CP021835.1_104 (length 156)
plasmid_files/CP021835.1_results/PROKKA_06292018:CP021835.1_105 (length 111)
plasmid_files/CP021835.1_results/PROKKA_06292018:CP021835.1_106 (length 162)
plasmid_files/CP021835.1_results/PROKKA_06292018:CP021835.1_107 (length 165)
plasmid_files/CP021835.1_results/PROKKA_06292018:CP021835.1_108 (length 87)
plasmid_files/CP021835.1_results/PROKKA_06292018:CP021835.1_109 (length 310)
plasmid_files/CP021835.1_results/PROKKA_06292018:CP021835.1_110 (length 487)
plasmid_files/CP021835.1_results/PROKKA_06292018:CP021835.1_111 (length 48)
plasmid_files/CP021835.1_results/PROKKA_06292018:CP021835.1_112 (length 109)
plasmid_files/CP021835.1_results/PROKKA_06292018:CP021835.1_113 (length 130)
plasmid_files/CP021835.1_results/PROKKA_06292018:CP021835.1_114 (length 64)
plasmid_files/CP021835.1_results/PROKKA_06292018:CP021835.1_115 (length 394)
plasmid_files/CP021835.1_results/PROKKA_06292018:CP021835.1_116 (length 115)
plasmid_files/CP021835.1_results/PROKKA_06292018:CP021835.1_117 (length 128)
plasmid_files/CP021835.1_results/PROKKA_06292018:CP021835.1_118 (length 337)
plasmid_files/CP021835.1_results/PROKKA_06292018:CP021835.1_119 (length 99)
plasmid_files/CP021835.1_results/PROKKA_06292018:CP021835.1_120 (length 91)
plasmid_files/CP021835.1_results/PROKKA_06292018:CP021835.1_121 (length 56)
plasmid_files/CP021835.1_results/PROKKA_06292018:CP021835.1_122 (length 166)
plasmid_files/CP021835.1_results/PROKKA_06292018:CP021835.1_123 (length 74)
plasmid_files/CP021835.1_results/PROKKA_06292018:CP021835.1_124 (length 99)
plasmid_files/CP021835.1_results/PROKKA_06292018:CP021835.1_125 (length 74)
plasmid_files/CP021835.1_results/PROKKA_06292018:CP021835.1_126 (length 91)
plasmid_files/CP021835.1_results/PROKKA_06292018:CP021835.1_127 (length 758)
plasmid_files/CP021835.1_results/PROKKA_06292018:CP021835.1_128 (length 86)
plasmid_files/CP021835.1_results/PROKKA_06292018:CP021835.1_129 (length 544)
plasmid_files/CP021835.1_results/PROKKA_06292018:CP021835.1_130 (length 344)
plasmid_files/CP021835.1_results/PROKKA_06292018:CP021835.1_131 (length 590)
plasmid_files/CP021835.1_results/PROKKA_06292018:CP021835.1_132 (length 284)
plasmid_files/CP021835.1_results/PROKKA_06292018:CP021835.1_133 (length 357)
plasmid_files/CP021835.1_results/PROKKA_06292018:CP021835.1_134 (length 247)
plasmid_files/CP021835.1_results/PROKKA_06292018:CP021835.1_135 (length 168)
plasmid_files/CP021835.1_results/PROKKA_06292018:CP021835.1_136 (length 67)
plasmid_files/CP021835.1_results/PROKKA_06292018:CP021835.1_137 (length 93)
plasmid_files/CP021835.1_results/PROKKA_06292018:CP021835.1_138 (length 165)
plasmid_files/CP021835.1_results/PROKKA_06292018:CP021835.1_139 (length 141)
plasmid_files/CP021835.1_results/PROKKA_06292018:CP021835.1_140 (length 141)
plasmid_files/CP021835.1_results/PROKKA_06292018:CP021835.1_141 (length 52)
plasmid_files/CP021835.1_results/PROKKA_06292018:CP021835.1_142 (length 155)
plasmid_files/CP021835.1_results/PROKKA_06292018:CP021835.1_143 (length 150)
plasmid_files/CP021835.1_results/PROKKA_06292018:CP021835.1_144 (length 211)
plasmid_files/CP021835.1_results/PROKKA_06292018:CP021835.1_145 (length 115)
plasmid_files/CP021835.1_results/PROKKA_06292018:CP021835.1_146 (length 302)
plasmid_files/CP021835.1_results/PROKKA_06292018:CP021835.1_147 (length 203)
plasmid_files/CP021835.1_results/PROKKA_06292018:CP021835.1_148 (length 392)
plasmid_files/CP021835.1_results/PROKKA_06292018:CP021835.1_149 (length 146)
plasmid_files/CP021835.1_results/PROKKA_06292018:CP021835.1_150 (length 201)
plasmid_files/CP021835.1_results/PROKKA_06292018:CP021835.1_151 (length 181)
plasmid_files/CP021835.1_results/PROKKA_06292018:CP021835.1_152 (length 197)
plasmid_files/CP021835.1_results/PROKKA_06292018:CP021835.1_153 (length 396)
plasmid_files/CP021835.1_results/PROKKA_06292018:CP021835.1_154 (length 172)
plasmid_files/CP021835.1_results/PROKKA_06292018:CP021835.1_155 (length 91)
plasmid_files/CP021835.1_results/PROKKA_06292018:CP021835.1_156 (length 815)
plasmid_files/CP021835.1_results/PROKKA_06292018:CP021835.1_157 (length 159)
plasmid_files/CP021835.1_results/PROKKA_06292018:CP021835.1_158 (length 387)
plasmid_files/CP021835.1_results/PROKKA_06292018:CP021835.1_159 (length 72)
plasmid_files/CP021835.1_results/PROKKA_06292018:CP021835.1_160 (length 187)
plasmid_files/CP021835.1_results/PROKKA_06292018:CP021835.1_161 (length 189)
plasmid_files/CP021835.1_results/PROKKA_06292018:CP021835.1_162 (length 181)
plasmid_files/CP021835.1_results/PROKKA_06292018:CP021835.1_163 (length 312)
plasmid_files/CP021835.1_results/PROKKA_06292018:CP021835.1_164 (length 65)
plasmid_files/CP021835.1_results/PROKKA_06292018:CP021835.1_165 (length 82)
plasmid_files/CP021835.1_results/PROKKA_06292018:CP021835.1_166 (length 80)
plasmid_files/CP021835.1_results/PROKKA_06292018:CP021835.1_167 (length 120)
plasmid_files/CP021835.1_results/PROKKA_06292018:CP021835.1_168 (length 414)
plasmid_files/CP021835.1_results/PROKKA_06292018:CP021835.1_169 (length 143)
plasmid_files/CP021835.1_results/PROKKA_06292018:CP021835.1_170 (length 112)
plasmid_files/CP021835.1_results/PROKKA_06292018:CP021835.1_171 (length 153)
plasmid_files/CP021835.1_results/PROKKA_06292018:CP021835.1_172 (length 410)
plasmid_files/CP021835.1_results/PROKKA_06292018:CP021835.1_173 (length 404)
plasmid_files/CP021835.1_results/PROKKA_06292018:CP021835.1_174 (length 327)
plasmid_files/CP021835.1_results/PROKKA_06292018:CP021835.1_175 (length 701)
plasmid_files/CP021835.1_results/PROKKA_06292018:CP021835.1_176 (length 100)
plasmid_files/CP021835.1_results/PROKKA_06292018:CP021835.1_177 (length 271)
plasmid_files/CP021835.1_results/PROKKA_06292018:CP021835.1_178 (length 103)
plasmid_files/CP021835.1_results/PROKKA_06292018:CP021835.1_179 (length 261)
plasmid_files/CP021835.1_results/PROKKA_06292018:CP021835.1_180 (length 393)
plasmid_files/CP021835.1_results/PROKKA_06292018:CP021835.1_181 (length 90)
plasmid_files/CP021835.1_results/PROKKA_06292018:CP021835.1_182 (length 189)
plasmid_files/CP021835.1_results/PROKKA_06292018:CP021835.1_183 (length 341)
plasmid_files/CP021835.1_results/PROKKA_06292018:CP021835.1_184 (length 259)
plasmid_files/CP021835.1_results/PROKKA_06292018:CP021835.1_185 (length 338)
plasmid_files/CP021835.1_results/PROKKA_06292018:CP021835.1_186 (length 439)
plasmid_files/CP021835.1_results/PROKKA_06292018:CP021835.1_187 (length 292)
plasmid_files/CP021835.1_results/PROKKA_06292018:CP021835.1_188 (length 334)
plasmid_files/CP021835.1_results/PROKKA_06292018:CP021835.1_189 (length 144)
plasmid_files/CP021835.1_results/PROKKA_06292018:CP021835.1_190 (length 116)
plasmid_files/CP021835.1_results/PROKKA_06292018:CP021835.1_191 (length 91)
plasmid_files/CP021835.1_results/PROKKA_06292018:CP021835.1_192 (length 140)
plasmid_files/CP021835.1_results/PROKKA_06292018:CP021835.1_193 (length 564)
plasmid_files/CP021835.1_results/PROKKA_06292018:CP021835.1_194 (length 120)
plasmid_files/CP021835.1_results/PROKKA_06292018:CP021835.1_195 (length 78)
plasmid_files/CP021835.1_results/PROKKA_06292018:CP021835.1_196 (length 235)
plasmid_files/CP021835.1_results/PROKKA_06292018:CP021835.1_197 (length 559)
plasmid_files/CP021835.1_results/PROKKA_06292018:CP021835.1_198 (length 330)
plasmid_files/CP021835.1_results/PROKKA_06292018:CP021835.1_199 (length 161)
plasmid_files/CP021835.1_results/PROKKA_06292018:CP021835.1_200 (length 279)
plasmid_files/CP021835.1_results/PROKKA_06292018:CP021835.1_201 (length 115)
plasmid_files/CP021835.1_results/PROKKA_06292018:CP021835.1_202 (length 184)
plasmid_files/CP021835.1_results/PROKKA_06292018:CP021835.1_203 (length 215)
plasmid_files/CP021835.1_results/PROKKA_06292018:CP021835.1_204 (length 337)
plasmid_files/CP021835.1_results/PROKKA_06292018:CP021835.1_205 (length 185)
plasmid_files/CP021835.1_results/PROKKA_06292018:CP021835.1_206 (length 990)
plasmid_files/CP021835.1_results/PROKKA_06292018:CP021835.1_207 (length 334)
plasmid_files/CP021835.1_results/PROKKA_06292018:CP021835.1_208 (length 185)
plasmid_files/CP021835.1_results/PROKKA_06292018:CP021835.1_209 (length 286)
plasmid_files/CP021835.1_results/PROKKA_06292018:CP021835.1_210 (length 234)
plasmid_files/CP021835.1_results/PROKKA_06292018:CP021835.1_211 (length 70)
plasmid_files/CP021835.1_results/PROKKA_06292018:CP021835.1_212 (length 78)
plasmid_files/CP021835.1_results/PROKKA_06292018:CP021835.1_213 (length 121)
plasmid_files/CP021835.1_results/PROKKA_06292018:CP021835.1_214 (length 561)
plasmid_files/CP021835.1_results/PROKKA_06292018:CP021835.1_215 (length 141)
plasmid_files/CP021835.1_results/PROKKA_06292018:CP021835.1_216 (length 91)
plasmid_files/CP021835.1_results/PROKKA_06292018:CP021835.1_217 (length 121)
plasmid_files/CP021835.1_results/PROKKA_06292018:CP021835.1_218 (length 151)
plasmid_files/CP021835.1_results/PROKKA_06292018:CP021835.1_219 (length 160)
plasmid_files/CP021835.1_results/PROKKA_06292018:CP021835.1_220 (length 289)
plasmid_files/CP021835.1_results/PROKKA_06292018:CP021835.1_221 (length 336)
plasmid_files/CP021835.1_results/PROKKA_06292018:CP021835.1_222 (length 178)
plasmid_files/CP021835.1_results/PROKKA_06292018:CP021835.1_223 (length 95)
plasmid_files/CP021835.1_results/PROKKA_06292018:CP021835.1_224 (length 93)
plasmid_files/CP021835.1_results/PROKKA_06292018:CP021835.1_225 (length 200)
plasmid_files/CP021835.1_results/PROKKA_06292018:CP021835.1_226 (length 150)
plasmid_files/CP021835.1_results/PROKKA_06292018:CP021835.1_227 (length 99)
plasmid_files/CP021835.1_results/PROKKA_06292018:CP021835.1_228 (length 80)
plasmid_files/CP021835.1_results/PROKKA_06292018:CP021835.1_229 (length 90)
plasmid_files/CP021835.1_results/PROKKA_06292018:CP021835.1_230 (length 1420)
plasmid_files/CP021835.1_results/PROKKA_06292018:CP021835.1_231 (length 241)
plasmid_files/CP021835.1_results/PROKKA_06292018:CP021835.1_232 (length 38)
plasmid_files/CP021835.1_results/PROKKA_06292018:CP021835.1_233 (length 79)
plasmid_files/CP021835.1_results/PROKKA_06292018:CP021835.1_234 (length 92)
plasmid_files/CP021835.1_results/PROKKA_06292018:CP021835.1_235 (length 585)
plasmid_files/CP021835.1_results/PROKKA_06292018:CP021835.1_236 (length 128)
plasmid_files/CP021835.1_results/PROKKA_06292018:CP021835.1_237 (length 48)
plasmid_files/CP021835.1_results/PROKKA_06292018:CP021835.1_238 (length 283)
plasmid_files/CP021835.1_results/PROKKA_06292018:CP021835.1_239 (length 185)
plasmid_files/CP021835.1_results/PROKKA_06292018:CP021835.1_240 (length 72)
plasmid_files/CP021835.1_results/PROKKA_06292018:CP021835.1_241 (length 89)
plasmid_files/CP021835.1_results/PROKKA_06292018:CP021835.1_242 (length 201)
plasmid_files/CP021835.1_results/PROKKA_06292018:CP021835.1_243 (length 67)
plasmid_files/CP021835.1_results/PROKKA_06292018:CP021835.1_244 (length 817)
plasmid_files/CP021835.1_results/PROKKA_06292018:CP021835.1_245 (length 128)
plasmid_files/CP021835.1_results/PROKKA_06292018:CP021835.1_246 (length 184)
plasmid_files/CP021835.1_results/PROKKA_06292018:CP021835.1_247 (length 143)
plasmid_files/CP021835.1_results/PROKKA_06292018:CP021835.1_248 (length 541)
plasmid_files/CP021835.1_results/PROKKA_06292018:CP021835.1_249 (length 100)
plasmid_files/CP021835.1_results/PROKKA_06292018:CP021835.1_250 (length 114)
plasmid_files/CP021835.1_results/PROKKA_06292018:CP021835.1_251 (length 370)
plasmid_files/CP021835.1_results/PROKKA_06292018:CP021835.1_252 (length 46)
plasmid_files/CP021835.1_results/PROKKA_06292018:CP021835.1_253 (length 117)
plasmid_files/CP021835.1_results/PROKKA_06292018:CP021835.1_254 (length 63)
plasmid_files/CP021835.1_results/PROKKA_06292018:CP021835.1_255 (length 91)
plasmid_files/CP021835.1_results/PROKKA_06292018:CP021835.1_256 (length 150)
plasmid_files/CP021835.1_results/PROKKA_06292018:CP021835.1_257 (length 129)
plasmid_files/CP021835.1_results/PROKKA_06292018:CP021835.1_258 (length 74)
plasmid_files/CP021835.1_results/PROKKA_06292018:CP021835.1_259 (length 259)
plasmid_files/CP021835.1_results/PROKKA_06292018:CP021835.1_260 (length 340)
plasmid_files/CP021835.1_results/PROKKA_06292018:CP021835.1_261 (length 265)
plasmid_files/CP021835.1_results/PROKKA_06292018:CP021835.1_262 (length 166)
plasmid_files/CP021835.1_results/PROKKA_06292018:CP021835.1_263 (length 179)
plasmid_files/CP021835.1_results/PROKKA_06292018:CP021835.1_264 (length 111)
plasmid_files/CP021835.1_results/PROKKA_06292018:CP021835.1_265 (length 503)

DiscRep_ALL:DISC_SOURCE_QUALS_ASNDISC::strain (all present, all unique)
DiscRep_SUB:DISC_SOURCE_QUALS_ASNDISC::1 sources have unique values for strain
DiscRep_ALL:DISC_SOURCE_QUALS_ASNDISC::taxname (all present, all unique)
DiscRep_SUB:DISC_SOURCE_QUALS_ASNDISC::1 sources have unique values for taxname
DiscRep_ALL:DISC_FEATURE_COUNT::CDS: 265 present
DiscRep_ALL:DISC_COUNT_NUCLEOTIDES::1 nucleotide Bioseqs are present
plasmid_files/CP021835.1_results/PROKKA_06292018:CP021835.1 (length 210045)

DiscRep_ALL:FEATURE_LOCATION_CONFLICT::265 features have inconsistent gene locations.
DiscRep_SUB:FEATURE_LOCATION_CONFLICT::Coding region xref gene does not exist
plasmid_files/CP021835.1_results/PROKKA_06292018:CDS	hypothetical protein	CP021835.1:c1555-278	OELGHMHP_00001

DiscRep_SUB:FEATURE_LOCATION_CONFLICT::Coding region xref gene does not exist
plasmid_files/CP021835.1_results/PROKKA_06292018:CDS	hypothetical protein	CP021835.1:c2765-1755	OELGHMHP_00002

DiscRep_SUB:FEATURE_LOCATION_CONFLICT::Coding region xref gene does not exist
plasmid_files/CP021835.1_results/PROKKA_06292018:CDS	hypothetical protein	CP021835.1:c3859-2828	OELGHMHP_00003

DiscRep_SUB:FEATURE_LOCATION_CONFLICT::Coding region xref gene does not exist
plasmid_files/CP021835.1_results/PROKKA_06292018:CDS	Single-stranded DNA-binding protein	CP021835.1:c4439-3912	OELGHMHP_00004

DiscRep_SUB:FEATURE_LOCATION_CONFLICT::Coding region xref gene does not exist
plasmid_files/CP021835.1_results/PROKKA_06292018:CDS	hypothetical protein	CP021835.1:c5411-4503	OELGHMHP_00005

DiscRep_SUB:FEATURE_LOCATION_CONFLICT::Coding region xref gene does not exist
plasmid_files/CP021835.1_results/PROKKA_06292018:CDS	Aerobic cobaltochelatase subunit CobS	CP021835.1:c6390-5422	OELGHMHP_00006

DiscRep_SUB:FEATURE_LOCATION_CONFLICT::Coding region xref gene does not exist
plasmid_files/CP021835.1_results/PROKKA_06292018:CDS	hypothetical protein	CP021835.1:c6795-6610	OELGHMHP_00007

DiscRep_SUB:FEATURE_LOCATION_CONFLICT::Coding region xref gene does not exist
plasmid_files/CP021835.1_results/PROKKA_06292018:CDS	hypothetical protein	CP021835.1:c7004-6912	OELGHMHP_00008

DiscRep_SUB:FEATURE_LOCATION_CONFLICT::Coding region xref gene does not exist
plasmid_files/CP021835.1_results/PROKKA_06292018:CDS	hypothetical protein	CP021835.1:c7419-7099	OELGHMHP_00009

DiscRep_SUB:FEATURE_LOCATION_CONFLICT::Coding region xref gene does not exist
plasmid_files/CP021835.1_results/PROKKA_06292018:CDS	hypothetical protein	CP021835.1:7713-8354	OELGHMHP_00010

DiscRep_SUB:FEATURE_LOCATION_CONFLICT::Coding region xref gene does not exist
plasmid_files/CP021835.1_results/PROKKA_06292018:CDS	hypothetical protein	CP021835.1:8477-9337	OELGHMHP_00011

DiscRep_SUB:FEATURE_LOCATION_CONFLICT::Coding region xref gene does not exist
plasmid_files/CP021835.1_results/PROKKA_06292018:CDS	hypothetical protein	CP021835.1:c12174-9376	OELGHMHP_00012

DiscRep_SUB:FEATURE_LOCATION_CONFLICT::Coding region xref gene does not exist
plasmid_files/CP021835.1_results/PROKKA_06292018:CDS	hypothetical protein	CP021835.1:c13297-12290	OELGHMHP_00013

DiscRep_SUB:FEATURE_LOCATION_CONFLICT::Coding region xref gene does not exist
plasmid_files/CP021835.1_results/PROKKA_06292018:CDS	Cyclic di-GMP phosphodiesterase PdeF	CP021835.1:c13965-13294	OELGHMHP_00014

DiscRep_SUB:FEATURE_LOCATION_CONFLICT::Coding region xref gene does not exist
plasmid_files/CP021835.1_results/PROKKA_06292018:CDS	hypothetical protein	CP021835.1:c15227-13962	OELGHMHP_00015

DiscRep_SUB:FEATURE_LOCATION_CONFLICT::Coding region xref gene does not exist
plasmid_files/CP021835.1_results/PROKKA_06292018:CDS	hypothetical protein	CP021835.1:c15720-15190	OELGHMHP_00016

DiscRep_SUB:FEATURE_LOCATION_CONFLICT::Coding region xref gene does not exist
plasmid_files/CP021835.1_results/PROKKA_06292018:CDS	hypothetical protein	CP021835.1:c16034-15717	OELGHMHP_00017

DiscRep_SUB:FEATURE_LOCATION_CONFLICT::Coding region xref gene does not exist
plasmid_files/CP021835.1_results/PROKKA_06292018:CDS	Protein TraC	CP021835.1:c18496-16049	OELGHMHP_00018

DiscRep_SUB:FEATURE_LOCATION_CONFLICT::Coding region xref gene does not exist
plasmid_files/CP021835.1_results/PROKKA_06292018:CDS	Thiol:disulfide interchange protein DsbC	CP021835.1:c19200-18493	OELGHMHP_00019

DiscRep_SUB:FEATURE_LOCATION_CONFLICT::Coding region xref gene does not exist
plasmid_files/CP021835.1_results/PROKKA_06292018:CDS	hypothetical protein	CP021835.1:c24880-19349	OELGHMHP_00020

DiscRep_SUB:FEATURE_LOCATION_CONFLICT::Coding region xref gene does not exist
plasmid_files/CP021835.1_results/PROKKA_06292018:CDS	hypothetical protein	CP021835.1:c25464-25081	OELGHMHP_00021

DiscRep_SUB:FEATURE_LOCATION_CONFLICT::Coding region xref gene does not exist
plasmid_files/CP021835.1_results/PROKKA_06292018:CDS	hypothetical protein	CP021835.1:c26055-25477	OELGHMHP_00022

DiscRep_SUB:FEATURE_LOCATION_CONFLICT::Coding region xref gene does not exist
plasmid_files/CP021835.1_results/PROKKA_06292018:CDS	hypothetical protein	CP021835.1:c27368-26052	OELGHMHP_00023

DiscRep_SUB:FEATURE_LOCATION_CONFLICT::Coding region xref gene does not exist
plasmid_files/CP021835.1_results/PROKKA_06292018:CDS	hypothetical protein	CP021835.1:c28282-27365	OELGHMHP_00024

DiscRep_SUB:FEATURE_LOCATION_CONFLICT::Coding region xref gene does not exist
plasmid_files/CP021835.1_results/PROKKA_06292018:CDS	hypothetical protein	CP021835.1:c28892-28266	OELGHMHP_00025

DiscRep_SUB:FEATURE_LOCATION_CONFLICT::Coding region xref gene does not exist
plasmid_files/CP021835.1_results/PROKKA_06292018:CDS	hypothetical protein	CP021835.1:c29170-28889	OELGHMHP_00026

DiscRep_SUB:FEATURE_LOCATION_CONFLICT::Coding region xref gene does not exist
plasmid_files/CP021835.1_results/PROKKA_06292018:CDS	hypothetical protein	CP021835.1:c29692-29315	OELGHMHP_00027

DiscRep_SUB:FEATURE_LOCATION_CONFLICT::Coding region xref gene does not exist
plasmid_files/CP021835.1_results/PROKKA_06292018:CDS	hypothetical protein	CP021835.1:c29835-29692	OELGHMHP_00028

DiscRep_SUB:FEATURE_LOCATION_CONFLICT::Coding region xref gene does not exist
plasmid_files/CP021835.1_results/PROKKA_06292018:CDS	hypothetical protein	CP021835.1:c30678-30016	OELGHMHP_00029

DiscRep_SUB:FEATURE_LOCATION_CONFLICT::Coding region xref gene does not exist
plasmid_files/CP021835.1_results/PROKKA_06292018:CDS	hypothetical protein	CP021835.1:c31055-30678	OELGHMHP_00030

DiscRep_SUB:FEATURE_LOCATION_CONFLICT::Coding region xref gene does not exist
plasmid_files/CP021835.1_results/PROKKA_06292018:CDS	hypothetical protein	CP021835.1:c31511-31065	OELGHMHP_00031

DiscRep_SUB:FEATURE_LOCATION_CONFLICT::Coding region xref gene does not exist
plasmid_files/CP021835.1_results/PROKKA_06292018:CDS	hypothetical protein	CP021835.1:c32150-31521	OELGHMHP_00032

DiscRep_SUB:FEATURE_LOCATION_CONFLICT::Coding region xref gene does not exist
plasmid_files/CP021835.1_results/PROKKA_06292018:CDS	hypothetical protein	CP021835.1:c32691-32107	OELGHMHP_00033

DiscRep_SUB:FEATURE_LOCATION_CONFLICT::Coding region xref gene does not exist
plasmid_files/CP021835.1_results/PROKKA_06292018:CDS	hypothetical protein	CP021835.1:c34567-32702	OELGHMHP_00034

DiscRep_SUB:FEATURE_LOCATION_CONFLICT::Coding region xref gene does not exist
plasmid_files/CP021835.1_results/PROKKA_06292018:CDS	hypothetical protein	CP021835.1:c37542-34564	OELGHMHP_00035

DiscRep_SUB:FEATURE_LOCATION_CONFLICT::Coding region xref gene does not exist
plasmid_files/CP021835.1_results/PROKKA_06292018:CDS	hypothetical protein	CP021835.1:37710-38327	OELGHMHP_00036

DiscRep_SUB:FEATURE_LOCATION_CONFLICT::Coding region xref gene does not exist
plasmid_files/CP021835.1_results/PROKKA_06292018:CDS	hypothetical protein	CP021835.1:38309-38542	OELGHMHP_00037

DiscRep_SUB:FEATURE_LOCATION_CONFLICT::Coding region xref gene does not exist
plasmid_files/CP021835.1_results/PROKKA_06292018:CDS	DNA topoisomerase 3	CP021835.1:38542-40734	OELGHMHP_00038

DiscRep_SUB:FEATURE_LOCATION_CONFLICT::Coding region xref gene does not exist
plasmid_files/CP021835.1_results/PROKKA_06292018:CDS	hypothetical protein	CP021835.1:40749-41237	OELGHMHP_00039

DiscRep_SUB:FEATURE_LOCATION_CONFLICT::Coding region xref gene does not exist
plasmid_files/CP021835.1_results/PROKKA_06292018:CDS	hypothetical protein	CP021835.1:c41607-41329	OELGHMHP_00040

DiscRep_SUB:FEATURE_LOCATION_CONFLICT::Coding region xref gene does not exist
plasmid_files/CP021835.1_results/PROKKA_06292018:CDS	hypothetical protein	CP021835.1:c41839-41633	OELGHMHP_00041

DiscRep_SUB:FEATURE_LOCATION_CONFLICT::Coding region xref gene does not exist
plasmid_files/CP021835.1_results/PROKKA_06292018:CDS	hypothetical protein	CP021835.1:c42457-41840	OELGHMHP_00042

DiscRep_SUB:FEATURE_LOCATION_CONFLICT::Coding region xref gene does not exist
plasmid_files/CP021835.1_results/PROKKA_06292018:CDS	hypothetical protein	CP021835.1:c42769-42551	OELGHMHP_00043

DiscRep_SUB:FEATURE_LOCATION_CONFLICT::Coding region xref gene does not exist
plasmid_files/CP021835.1_results/PROKKA_06292018:CDS	hypothetical protein	CP021835.1:c43036-42773	OELGHMHP_00044

DiscRep_SUB:FEATURE_LOCATION_CONFLICT::Coding region xref gene does not exist
plasmid_files/CP021835.1_results/PROKKA_06292018:CDS	hypothetical protein	CP021835.1:c43631-42975	OELGHMHP_00045

DiscRep_SUB:FEATURE_LOCATION_CONFLICT::Coding region xref gene does not exist
plasmid_files/CP021835.1_results/PROKKA_06292018:CDS	putative BsuMI modification methylase subunit YdiO	CP021835.1:c45058-43631	OELGHMHP_00046

DiscRep_SUB:FEATURE_LOCATION_CONFLICT::Coding region xref gene does not exist
plasmid_files/CP021835.1_results/PROKKA_06292018:CDS	hypothetical protein	CP021835.1:c45562-45062	OELGHMHP_00047

DiscRep_SUB:FEATURE_LOCATION_CONFLICT::Coding region xref gene does not exist
plasmid_files/CP021835.1_results/PROKKA_06292018:CDS	hypothetical protein	CP021835.1:c45903-45571	OELGHMHP_00048

DiscRep_SUB:FEATURE_LOCATION_CONFLICT::Coding region xref gene does not exist
plasmid_files/CP021835.1_results/PROKKA_06292018:CDS	hypothetical protein	CP021835.1:c46394-45888	OELGHMHP_00049

DiscRep_SUB:FEATURE_LOCATION_CONFLICT::Coding region xref gene does not exist
plasmid_files/CP021835.1_results/PROKKA_06292018:CDS	hypothetical protein	CP021835.1:c47061-46387	OELGHMHP_00050

DiscRep_SUB:FEATURE_LOCATION_CONFLICT::Coding region xref gene does not exist
plasmid_files/CP021835.1_results/PROKKA_06292018:CDS	hypothetical protein	CP021835.1:c47317-47036	OELGHMHP_00051

DiscRep_SUB:FEATURE_LOCATION_CONFLICT::Coding region xref gene does not exist
plasmid_files/CP021835.1_results/PROKKA_06292018:CDS	hypothetical protein	CP021835.1:c47687-47310	OELGHMHP_00052

DiscRep_SUB:FEATURE_LOCATION_CONFLICT::Coding region xref gene does not exist
plasmid_files/CP021835.1_results/PROKKA_06292018:CDS	hypothetical protein	CP021835.1:48006-48149	OELGHMHP_00053

DiscRep_SUB:FEATURE_LOCATION_CONFLICT::Coding region xref gene does not exist
plasmid_files/CP021835.1_results/PROKKA_06292018:CDS	hypothetical protein	CP021835.1:c48377-48201	OELGHMHP_00054

DiscRep_SUB:FEATURE_LOCATION_CONFLICT::Coding region xref gene does not exist
plasmid_files/CP021835.1_results/PROKKA_06292018:CDS	Insertion sequence IS5376 putative ATP-binding protein	CP021835.1:c49153-48374	OELGHMHP_00055

DiscRep_SUB:FEATURE_LOCATION_CONFLICT::Coding region xref gene does not exist
plasmid_files/CP021835.1_results/PROKKA_06292018:CDS	hypothetical protein	CP021835.1:c50175-49150	OELGHMHP_00056

DiscRep_SUB:FEATURE_LOCATION_CONFLICT::Coding region xref gene does not exist
plasmid_files/CP021835.1_results/PROKKA_06292018:CDS	hypothetical protein	CP021835.1:c53311-50282	OELGHMHP_00057

DiscRep_SUB:FEATURE_LOCATION_CONFLICT::Coding region xref gene does not exist
plasmid_files/CP021835.1_results/PROKKA_06292018:CDS	Tyrosine recombinase XerD	CP021835.1:53421-55136	OELGHMHP_00058

DiscRep_SUB:FEATURE_LOCATION_CONFLICT::Coding region xref gene does not exist
plasmid_files/CP021835.1_results/PROKKA_06292018:CDS	Chromosome partition protein Smc	CP021835.1:55353-56393	OELGHMHP_00059

DiscRep_SUB:FEATURE_LOCATION_CONFLICT::Coding region xref gene does not exist
plasmid_files/CP021835.1_results/PROKKA_06292018:CDS	hypothetical protein	CP021835.1:56393-56671	OELGHMHP_00060

DiscRep_SUB:FEATURE_LOCATION_CONFLICT::Coding region xref gene does not exist
plasmid_files/CP021835.1_results/PROKKA_06292018:CDS	ATP-dependent helicase/nuclease subunit A	CP021835.1:56680-58191	OELGHMHP_00061

DiscRep_SUB:FEATURE_LOCATION_CONFLICT::Coding region xref gene does not exist
plasmid_files/CP021835.1_results/PROKKA_06292018:CDS	hypothetical protein	CP021835.1:58302-59342	OELGHMHP_00062

DiscRep_SUB:FEATURE_LOCATION_CONFLICT::Coding region xref gene does not exist
plasmid_files/CP021835.1_results/PROKKA_06292018:CDS	hypothetical protein	CP021835.1:59344-60777	OELGHMHP_00063

DiscRep_SUB:FEATURE_LOCATION_CONFLICT::Coding region xref gene does not exist
plasmid_files/CP021835.1_results/PROKKA_06292018:CDS	hypothetical protein	CP021835.1:60790-64404	OELGHMHP_00064

DiscRep_SUB:FEATURE_LOCATION_CONFLICT::Coding region xref gene does not exist
plasmid_files/CP021835.1_results/PROKKA_06292018:CDS	hypothetical protein	CP021835.1:c64804-64442	OELGHMHP_00065

DiscRep_SUB:FEATURE_LOCATION_CONFLICT::Coding region xref gene does not exist
plasmid_files/CP021835.1_results/PROKKA_06292018:CDS	hypothetical protein	CP021835.1:65520-65792	OELGHMHP_00066

DiscRep_SUB:FEATURE_LOCATION_CONFLICT::Coding region xref gene does not exist
plasmid_files/CP021835.1_results/PROKKA_06292018:CDS	hypothetical protein	CP021835.1:65792-66325	OELGHMHP_00067

DiscRep_SUB:FEATURE_LOCATION_CONFLICT::Coding region xref gene does not exist
plasmid_files/CP021835.1_results/PROKKA_06292018:CDS	hypothetical protein	CP021835.1:66336-66944	OELGHMHP_00068

DiscRep_SUB:FEATURE_LOCATION_CONFLICT::Coding region xref gene does not exist
plasmid_files/CP021835.1_results/PROKKA_06292018:CDS	Flagellar transcriptional regulator FlhC	CP021835.1:66941-67492	OELGHMHP_00069

DiscRep_SUB:FEATURE_LOCATION_CONFLICT::Coding region xref gene does not exist
plasmid_files/CP021835.1_results/PROKKA_06292018:CDS	hypothetical protein	CP021835.1:c67971-67552	OELGHMHP_00070

DiscRep_SUB:FEATURE_LOCATION_CONFLICT::Coding region xref gene does not exist
plasmid_files/CP021835.1_results/PROKKA_06292018:CDS	hypothetical protein	CP021835.1:c68266-67973	OELGHMHP_00071

DiscRep_SUB:FEATURE_LOCATION_CONFLICT::Coding region xref gene does not exist
plasmid_files/CP021835.1_results/PROKKA_06292018:CDS	hypothetical protein	CP021835.1:c69266-68283	OELGHMHP_00072

DiscRep_SUB:FEATURE_LOCATION_CONFLICT::Coding region xref gene does not exist
plasmid_files/CP021835.1_results/PROKKA_06292018:CDS	hypothetical protein	CP021835.1:69765-70304	OELGHMHP_00073

DiscRep_SUB:FEATURE_LOCATION_CONFLICT::Coding region xref gene does not exist
plasmid_files/CP021835.1_results/PROKKA_06292018:CDS	hypothetical protein	CP021835.1:70309-70596	OELGHMHP_00074

DiscRep_SUB:FEATURE_LOCATION_CONFLICT::Coding region xref gene does not exist
plasmid_files/CP021835.1_results/PROKKA_06292018:CDS	hypothetical protein	CP021835.1:70617-71681	OELGHMHP_00075

DiscRep_SUB:FEATURE_LOCATION_CONFLICT::Coding region xref gene does not exist
plasmid_files/CP021835.1_results/PROKKA_06292018:CDS	hypothetical protein	CP021835.1:72027-72308	OELGHMHP_00076

DiscRep_SUB:FEATURE_LOCATION_CONFLICT::Coding region xref gene does not exist
plasmid_files/CP021835.1_results/PROKKA_06292018:CDS	hypothetical protein	CP021835.1:c73152-72718	OELGHMHP_00077

DiscRep_SUB:FEATURE_LOCATION_CONFLICT::Coding region xref gene does not exist
plasmid_files/CP021835.1_results/PROKKA_06292018:CDS	hypothetical protein	CP021835.1:c74285-73170	OELGHMHP_00078

DiscRep_SUB:FEATURE_LOCATION_CONFLICT::Coding region xref gene does not exist
plasmid_files/CP021835.1_results/PROKKA_06292018:CDS	hypothetical protein	CP021835.1:74554-75162	OELGHMHP_00079

DiscRep_SUB:FEATURE_LOCATION_CONFLICT::Coding region xref gene does not exist
plasmid_files/CP021835.1_results/PROKKA_06292018:CDS	hypothetical protein	CP021835.1:75167-75688	OELGHMHP_00080

DiscRep_SUB:FEATURE_LOCATION_CONFLICT::Coding region xref gene does not exist
plasmid_files/CP021835.1_results/PROKKA_06292018:CDS	hypothetical protein	CP021835.1:75691-76212	OELGHMHP_00081

DiscRep_SUB:FEATURE_LOCATION_CONFLICT::Coding region xref gene does not exist
plasmid_files/CP021835.1_results/PROKKA_06292018:CDS	hypothetical protein	CP021835.1:76309-76782	OELGHMHP_00082

DiscRep_SUB:FEATURE_LOCATION_CONFLICT::Coding region xref gene does not exist
plasmid_files/CP021835.1_results/PROKKA_06292018:CDS	hypothetical protein	CP021835.1:76772-77086	OELGHMHP_00083

DiscRep_SUB:FEATURE_LOCATION_CONFLICT::Coding region xref gene does not exist
plasmid_files/CP021835.1_results/PROKKA_06292018:CDS	hypothetical protein	CP021835.1:77091-77945	OELGHMHP_00084

DiscRep_SUB:FEATURE_LOCATION_CONFLICT::Coding region xref gene does not exist
plasmid_files/CP021835.1_results/PROKKA_06292018:CDS	Putative signal peptide peptidase SppA	CP021835.1:77945-78904	OELGHMHP_00085

DiscRep_SUB:FEATURE_LOCATION_CONFLICT::Coding region xref gene does not exist
plasmid_files/CP021835.1_results/PROKKA_06292018:CDS	Disulfide bond formation protein D	CP021835.1:78920-79780	OELGHMHP_00086

DiscRep_SUB:FEATURE_LOCATION_CONFLICT::Coding region xref gene does not exist
plasmid_files/CP021835.1_results/PROKKA_06292018:CDS	hypothetical protein	CP021835.1:79814-80242	OELGHMHP_00087

DiscRep_SUB:FEATURE_LOCATION_CONFLICT::Coding region xref gene does not exist
plasmid_files/CP021835.1_results/PROKKA_06292018:CDS	hypothetical protein	CP021835.1:80299-80658	OELGHMHP_00088

DiscRep_SUB:FEATURE_LOCATION_CONFLICT::Coding region xref gene does not exist
plasmid_files/CP021835.1_results/PROKKA_06292018:CDS	hypothetical protein	CP021835.1:80658-81104	OELGHMHP_00089

DiscRep_SUB:FEATURE_LOCATION_CONFLICT::Coding region xref gene does not exist
plasmid_files/CP021835.1_results/PROKKA_06292018:CDS	hypothetical protein	CP021835.1:81101-81619	OELGHMHP_00090

DiscRep_SUB:FEATURE_LOCATION_CONFLICT::Coding region xref gene does not exist
plasmid_files/CP021835.1_results/PROKKA_06292018:CDS	hypothetical protein	CP021835.1:81622-81849	OELGHMHP_00091

DiscRep_SUB:FEATURE_LOCATION_CONFLICT::Coding region xref gene does not exist
plasmid_files/CP021835.1_results/PROKKA_06292018:CDS	hypothetical protein	CP021835.1:81836-82693	OELGHMHP_00092

DiscRep_SUB:FEATURE_LOCATION_CONFLICT::Coding region xref gene does not exist
plasmid_files/CP021835.1_results/PROKKA_06292018:CDS	hypothetical protein	CP021835.1:82719-82907	OELGHMHP_00093

DiscRep_SUB:FEATURE_LOCATION_CONFLICT::Coding region xref gene does not exist
plasmid_files/CP021835.1_results/PROKKA_06292018:CDS	hypothetical protein	CP021835.1:83002-83982	OELGHMHP_00094

DiscRep_SUB:FEATURE_LOCATION_CONFLICT::Coding region xref gene does not exist
plasmid_files/CP021835.1_results/PROKKA_06292018:CDS	Endonuclease YncB	CP021835.1:84040-84651	OELGHMHP_00095

DiscRep_SUB:FEATURE_LOCATION_CONFLICT::Coding region xref gene does not exist
plasmid_files/CP021835.1_results/PROKKA_06292018:CDS	DNA-binding protein HU-beta	CP021835.1:84709-84981	OELGHMHP_00096

DiscRep_SUB:FEATURE_LOCATION_CONFLICT::Coding region xref gene does not exist
plasmid_files/CP021835.1_results/PROKKA_06292018:CDS	hypothetical protein	CP021835.1:85069-85362	OELGHMHP_00097

DiscRep_SUB:FEATURE_LOCATION_CONFLICT::Coding region xref gene does not exist
plasmid_files/CP021835.1_results/PROKKA_06292018:CDS	Antitoxin HigA1	CP021835.1:c85691-85389	OELGHMHP_00098

DiscRep_SUB:FEATURE_LOCATION_CONFLICT::Coding region xref gene does not exist
plasmid_files/CP021835.1_results/PROKKA_06292018:CDS	Putative toxin HigB2	CP021835.1:c86046-85696	OELGHMHP_00099

DiscRep_SUB:FEATURE_LOCATION_CONFLICT::Coding region xref gene does not exist
plasmid_files/CP021835.1_results/PROKKA_06292018:CDS	hypothetical protein	CP021835.1:86209-86757	OELGHMHP_00100

DiscRep_SUB:FEATURE_LOCATION_CONFLICT::Coding region xref gene does not exist
plasmid_files/CP021835.1_results/PROKKA_06292018:CDS	hypothetical protein	CP021835.1:86847-87098	OELGHMHP_00101

DiscRep_SUB:FEATURE_LOCATION_CONFLICT::Coding region xref gene does not exist
plasmid_files/CP021835.1_results/PROKKA_06292018:CDS	hypothetical protein	CP021835.1:87098-87292	OELGHMHP_00102

DiscRep_SUB:FEATURE_LOCATION_CONFLICT::Coding region xref gene does not exist
plasmid_files/CP021835.1_results/PROKKA_06292018:CDS	hypothetical protein	CP021835.1:87303-87674	OELGHMHP_00103

DiscRep_SUB:FEATURE_LOCATION_CONFLICT::Coding region xref gene does not exist
plasmid_files/CP021835.1_results/PROKKA_06292018:CDS	hypothetical protein	CP021835.1:87667-88137	OELGHMHP_00104

DiscRep_SUB:FEATURE_LOCATION_CONFLICT::Coding region xref gene does not exist
plasmid_files/CP021835.1_results/PROKKA_06292018:CDS	hypothetical protein	CP021835.1:c88487-88152	OELGHMHP_00105

DiscRep_SUB:FEATURE_LOCATION_CONFLICT::Coding region xref gene does not exist
plasmid_files/CP021835.1_results/PROKKA_06292018:CDS	hypothetical protein	CP021835.1:88584-89072	OELGHMHP_00106

DiscRep_SUB:FEATURE_LOCATION_CONFLICT::Coding region xref gene does not exist
plasmid_files/CP021835.1_results/PROKKA_06292018:CDS	hypothetical protein	CP021835.1:89075-89572	OELGHMHP_00107

DiscRep_SUB:FEATURE_LOCATION_CONFLICT::Coding region xref gene does not exist
plasmid_files/CP021835.1_results/PROKKA_06292018:CDS	hypothetical protein	CP021835.1:89676-89939	OELGHMHP_00108

DiscRep_SUB:FEATURE_LOCATION_CONFLICT::Coding region xref gene does not exist
plasmid_files/CP021835.1_results/PROKKA_06292018:CDS	hypothetical protein	CP021835.1:90134-91066	OELGHMHP_00109

DiscRep_SUB:FEATURE_LOCATION_CONFLICT::Coding region xref gene does not exist
plasmid_files/CP021835.1_results/PROKKA_06292018:CDS	ATP-dependent zinc metalloprotease FtsH 3	CP021835.1:91140-92603	OELGHMHP_00110

DiscRep_SUB:FEATURE_LOCATION_CONFLICT::Coding region xref gene does not exist
plasmid_files/CP021835.1_results/PROKKA_06292018:CDS	hypothetical protein	CP021835.1:92607-92753	OELGHMHP_00111

DiscRep_SUB:FEATURE_LOCATION_CONFLICT::Coding region xref gene does not exist
plasmid_files/CP021835.1_results/PROKKA_06292018:CDS	hypothetical protein	CP021835.1:92759-93088	OELGHMHP_00112

DiscRep_SUB:FEATURE_LOCATION_CONFLICT::Coding region xref gene does not exist
plasmid_files/CP021835.1_results/PROKKA_06292018:CDS	hypothetical protein	CP021835.1:93093-93485	OELGHMHP_00113

DiscRep_SUB:FEATURE_LOCATION_CONFLICT::Coding region xref gene does not exist
plasmid_files/CP021835.1_results/PROKKA_06292018:CDS	hypothetical protein	CP021835.1:93534-93728	OELGHMHP_00114

DiscRep_SUB:FEATURE_LOCATION_CONFLICT::Coding region xref gene does not exist
plasmid_files/CP021835.1_results/PROKKA_06292018:CDS	hypothetical protein	CP021835.1:93722-94906	OELGHMHP_00115

DiscRep_SUB:FEATURE_LOCATION_CONFLICT::Coding region xref gene does not exist
plasmid_files/CP021835.1_results/PROKKA_06292018:CDS	hypothetical protein	CP021835.1:94918-95265	OELGHMHP_00116

DiscRep_SUB:FEATURE_LOCATION_CONFLICT::Coding region xref gene does not exist
plasmid_files/CP021835.1_results/PROKKA_06292018:CDS	hypothetical protein	CP021835.1:95262-95648	OELGHMHP_00117

DiscRep_SUB:FEATURE_LOCATION_CONFLICT::Coding region xref gene does not exist
plasmid_files/CP021835.1_results/PROKKA_06292018:CDS	Tyrosine recombinase XerC	CP021835.1:c96724-95711	OELGHMHP_00118

DiscRep_SUB:FEATURE_LOCATION_CONFLICT::Coding region xref gene does not exist
plasmid_files/CP021835.1_results/PROKKA_06292018:CDS	hypothetical protein	CP021835.1:c97139-96840	OELGHMHP_00119

DiscRep_SUB:FEATURE_LOCATION_CONFLICT::Coding region xref gene does not exist
plasmid_files/CP021835.1_results/PROKKA_06292018:CDS	hypothetical protein	CP021835.1:97261-97536	OELGHMHP_00120

DiscRep_SUB:FEATURE_LOCATION_CONFLICT::Coding region xref gene does not exist
plasmid_files/CP021835.1_results/PROKKA_06292018:CDS	hypothetical protein	CP021835.1:97547-97717	OELGHMHP_00121

DiscRep_SUB:FEATURE_LOCATION_CONFLICT::Coding region xref gene does not exist
plasmid_files/CP021835.1_results/PROKKA_06292018:CDS	hypothetical protein	CP021835.1:97714-98214	OELGHMHP_00122

DiscRep_SUB:FEATURE_LOCATION_CONFLICT::Coding region xref gene does not exist
plasmid_files/CP021835.1_results/PROKKA_06292018:CDS	hypothetical protein	CP021835.1:98278-98502	OELGHMHP_00123

DiscRep_SUB:FEATURE_LOCATION_CONFLICT::Coding region xref gene does not exist
plasmid_files/CP021835.1_results/PROKKA_06292018:CDS	hypothetical protein	CP021835.1:98502-98801	OELGHMHP_00124

DiscRep_SUB:FEATURE_LOCATION_CONFLICT::Coding region xref gene does not exist
plasmid_files/CP021835.1_results/PROKKA_06292018:CDS	Protein TraR	CP021835.1:98804-99028	OELGHMHP_00125

DiscRep_SUB:FEATURE_LOCATION_CONFLICT::Coding region xref gene does not exist
plasmid_files/CP021835.1_results/PROKKA_06292018:CDS	hypothetical protein	CP021835.1:99025-99300	OELGHMHP_00126

DiscRep_SUB:FEATURE_LOCATION_CONFLICT::Coding region xref gene does not exist
plasmid_files/CP021835.1_results/PROKKA_06292018:CDS	hypothetical protein	CP021835.1:99290-101566	OELGHMHP_00127

DiscRep_SUB:FEATURE_LOCATION_CONFLICT::Coding region xref gene does not exist
plasmid_files/CP021835.1_results/PROKKA_06292018:CDS	hypothetical protein	CP021835.1:101628-101888	OELGHMHP_00128

DiscRep_SUB:FEATURE_LOCATION_CONFLICT::Coding region xref gene does not exist
plasmid_files/CP021835.1_results/PROKKA_06292018:CDS	hypothetical protein	CP021835.1:c103688-102054	OELGHMHP_00129

DiscRep_SUB:FEATURE_LOCATION_CONFLICT::Coding region xref gene does not exist
plasmid_files/CP021835.1_results/PROKKA_06292018:CDS	hypothetical protein	CP021835.1:c105027-103993	OELGHMHP_00130

DiscRep_SUB:FEATURE_LOCATION_CONFLICT::Coding region xref gene does not exist
plasmid_files/CP021835.1_results/PROKKA_06292018:CDS	hypothetical protein	CP021835.1:c106799-105027	OELGHMHP_00131

DiscRep_SUB:FEATURE_LOCATION_CONFLICT::Coding region xref gene does not exist
plasmid_files/CP021835.1_results/PROKKA_06292018:CDS	hypothetical protein	CP021835.1:106973-107827	OELGHMHP_00132

DiscRep_SUB:FEATURE_LOCATION_CONFLICT::Coding region xref gene does not exist
plasmid_files/CP021835.1_results/PROKKA_06292018:CDS	hypothetical protein	CP021835.1:107886-108959	OELGHMHP_00133

DiscRep_SUB:FEATURE_LOCATION_CONFLICT::Coding region xref gene does not exist
plasmid_files/CP021835.1_results/PROKKA_06292018:CDS	hypothetical protein	CP021835.1:108963-109706	OELGHMHP_00134

DiscRep_SUB:FEATURE_LOCATION_CONFLICT::Coding region xref gene does not exist
plasmid_files/CP021835.1_results/PROKKA_06292018:CDS	hypothetical protein	CP021835.1:109809-110315	OELGHMHP_00135

DiscRep_SUB:FEATURE_LOCATION_CONFLICT::Coding region xref gene does not exist
plasmid_files/CP021835.1_results/PROKKA_06292018:CDS	hypothetical protein	CP021835.1:110315-110518	OELGHMHP_00136

DiscRep_SUB:FEATURE_LOCATION_CONFLICT::Coding region xref gene does not exist
plasmid_files/CP021835.1_results/PROKKA_06292018:CDS	hypothetical protein	CP021835.1:110522-110803	OELGHMHP_00137

DiscRep_SUB:FEATURE_LOCATION_CONFLICT::Coding region xref gene does not exist
plasmid_files/CP021835.1_results/PROKKA_06292018:CDS	hypothetical protein	CP021835.1:110803-111300	OELGHMHP_00138

DiscRep_SUB:FEATURE_LOCATION_CONFLICT::Coding region xref gene does not exist
plasmid_files/CP021835.1_results/PROKKA_06292018:CDS	hypothetical protein	CP021835.1:111315-111740	OELGHMHP_00139

DiscRep_SUB:FEATURE_LOCATION_CONFLICT::Coding region xref gene does not exist
plasmid_files/CP021835.1_results/PROKKA_06292018:CDS	hypothetical protein	CP021835.1:111728-112153	OELGHMHP_00140

DiscRep_SUB:FEATURE_LOCATION_CONFLICT::Coding region xref gene does not exist
plasmid_files/CP021835.1_results/PROKKA_06292018:CDS	hypothetical protein	CP021835.1:112140-112298	OELGHMHP_00141

DiscRep_SUB:FEATURE_LOCATION_CONFLICT::Coding region xref gene does not exist
plasmid_files/CP021835.1_results/PROKKA_06292018:CDS	hypothetical protein	CP021835.1:112261-112728	OELGHMHP_00142

DiscRep_SUB:FEATURE_LOCATION_CONFLICT::Coding region xref gene does not exist
plasmid_files/CP021835.1_results/PROKKA_06292018:CDS	hypothetical protein	CP021835.1:112721-113173	OELGHMHP_00143

DiscRep_SUB:FEATURE_LOCATION_CONFLICT::Coding region xref gene does not exist
plasmid_files/CP021835.1_results/PROKKA_06292018:CDS	hypothetical protein	CP021835.1:113240-113875	OELGHMHP_00144

DiscRep_SUB:FEATURE_LOCATION_CONFLICT::Coding region xref gene does not exist
plasmid_files/CP021835.1_results/PROKKA_06292018:CDS	hypothetical protein	CP021835.1:113872-114219	OELGHMHP_00145

DiscRep_SUB:FEATURE_LOCATION_CONFLICT::Coding region xref gene does not exist
plasmid_files/CP021835.1_results/PROKKA_06292018:CDS	hypothetical protein	CP021835.1:114224-115132	OELGHMHP_00146

DiscRep_SUB:FEATURE_LOCATION_CONFLICT::Coding region xref gene does not exist
plasmid_files/CP021835.1_results/PROKKA_06292018:CDS	hypothetical protein	CP021835.1:115125-115736	OELGHMHP_00147

DiscRep_SUB:FEATURE_LOCATION_CONFLICT::Coding region xref gene does not exist
plasmid_files/CP021835.1_results/PROKKA_06292018:CDS	hypothetical protein	CP021835.1:115733-116911	OELGHMHP_00148

DiscRep_SUB:FEATURE_LOCATION_CONFLICT::Coding region xref gene does not exist
plasmid_files/CP021835.1_results/PROKKA_06292018:CDS	Prophage tail fiber assembly protein TfaE	CP021835.1:116933-117373	OELGHMHP_00149

DiscRep_SUB:FEATURE_LOCATION_CONFLICT::Coding region xref gene does not exist
plasmid_files/CP021835.1_results/PROKKA_06292018:CDS	Prophage tail fiber assembly protein TfaE	CP021835.1:c117950-117345	OELGHMHP_00150

DiscRep_SUB:FEATURE_LOCATION_CONFLICT::Coding region xref gene does not exist
plasmid_files/CP021835.1_results/PROKKA_06292018:CDS	hypothetical protein	CP021835.1:c118492-117947	OELGHMHP_00151

DiscRep_SUB:FEATURE_LOCATION_CONFLICT::Coding region xref gene does not exist
plasmid_files/CP021835.1_results/PROKKA_06292018:CDS	DNA-invertase hin	CP021835.1:118523-119116	OELGHMHP_00152

DiscRep_SUB:FEATURE_LOCATION_CONFLICT::Coding region xref gene does not exist
plasmid_files/CP021835.1_results/PROKKA_06292018:CDS	Putative prophage major tail sheath protein	CP021835.1:119176-120366	OELGHMHP_00153

DiscRep_SUB:FEATURE_LOCATION_CONFLICT::Coding region xref gene does not exist
plasmid_files/CP021835.1_results/PROKKA_06292018:CDS	hypothetical protein	CP021835.1:120379-120897	OELGHMHP_00154

DiscRep_SUB:FEATURE_LOCATION_CONFLICT::Coding region xref gene does not exist
plasmid_files/CP021835.1_results/PROKKA_06292018:CDS	hypothetical protein	CP021835.1:120954-121229	OELGHMHP_00155

DiscRep_SUB:FEATURE_LOCATION_CONFLICT::Coding region xref gene does not exist
plasmid_files/CP021835.1_results/PROKKA_06292018:CDS	Chromosome partition protein Smc	CP021835.1:121374-123821	OELGHMHP_00156

DiscRep_SUB:FEATURE_LOCATION_CONFLICT::Coding region xref gene does not exist
plasmid_files/CP021835.1_results/PROKKA_06292018:CDS	hypothetical protein	CP021835.1:123836-124315	OELGHMHP_00157

DiscRep_SUB:FEATURE_LOCATION_CONFLICT::Coding region xref gene does not exist
plasmid_files/CP021835.1_results/PROKKA_06292018:CDS	hypothetical protein	CP021835.1:124315-125478	OELGHMHP_00158

DiscRep_SUB:FEATURE_LOCATION_CONFLICT::Coding region xref gene does not exist
plasmid_files/CP021835.1_results/PROKKA_06292018:CDS	hypothetical protein	CP021835.1:125560-125778	OELGHMHP_00159

DiscRep_SUB:FEATURE_LOCATION_CONFLICT::Coding region xref gene does not exist
plasmid_files/CP021835.1_results/PROKKA_06292018:CDS	hypothetical protein	CP021835.1:125958-126521	OELGHMHP_00160

DiscRep_SUB:FEATURE_LOCATION_CONFLICT::Coding region xref gene does not exist
plasmid_files/CP021835.1_results/PROKKA_06292018:CDS	hypothetical protein	CP021835.1:126533-127102	OELGHMHP_00161

DiscRep_SUB:FEATURE_LOCATION_CONFLICT::Coding region xref gene does not exist
plasmid_files/CP021835.1_results/PROKKA_06292018:CDS	hypothetical protein	CP021835.1:127105-127650	OELGHMHP_00162

DiscRep_SUB:FEATURE_LOCATION_CONFLICT::Coding region xref gene does not exist
plasmid_files/CP021835.1_results/PROKKA_06292018:CDS	Nucleoid occlusion protein	CP021835.1:127767-128705	OELGHMHP_00163

DiscRep_SUB:FEATURE_LOCATION_CONFLICT::Coding region xref gene does not exist
plasmid_files/CP021835.1_results/PROKKA_06292018:CDS	hypothetical protein	CP021835.1:128705-128902	OELGHMHP_00164

DiscRep_SUB:FEATURE_LOCATION_CONFLICT::Coding region xref gene does not exist
plasmid_files/CP021835.1_results/PROKKA_06292018:CDS	hypothetical protein	CP021835.1:128892-129140	OELGHMHP_00165

DiscRep_SUB:FEATURE_LOCATION_CONFLICT::Coding region xref gene does not exist
plasmid_files/CP021835.1_results/PROKKA_06292018:CDS	hypothetical protein	CP021835.1:129140-129382	OELGHMHP_00166

DiscRep_SUB:FEATURE_LOCATION_CONFLICT::Coding region xref gene does not exist
plasmid_files/CP021835.1_results/PROKKA_06292018:CDS	hypothetical protein	CP021835.1:129385-129747	OELGHMHP_00167

DiscRep_SUB:FEATURE_LOCATION_CONFLICT::Coding region xref gene does not exist
plasmid_files/CP021835.1_results/PROKKA_06292018:CDS	Modification methylase PvuII	CP021835.1:129740-130984	OELGHMHP_00168

DiscRep_SUB:FEATURE_LOCATION_CONFLICT::Coding region xref gene does not exist
plasmid_files/CP021835.1_results/PROKKA_06292018:CDS	hypothetical protein	CP021835.1:130998-131429	OELGHMHP_00169

DiscRep_SUB:FEATURE_LOCATION_CONFLICT::Coding region xref gene does not exist
plasmid_files/CP021835.1_results/PROKKA_06292018:CDS	Prophage integrase IntS	CP021835.1:131734-132072	OELGHMHP_00170

DiscRep_SUB:FEATURE_LOCATION_CONFLICT::Coding region xref gene does not exist
plasmid_files/CP021835.1_results/PROKKA_06292018:CDS	hypothetical protein	CP021835.1:132087-132548	OELGHMHP_00171

DiscRep_SUB:FEATURE_LOCATION_CONFLICT::Coding region xref gene does not exist
plasmid_files/CP021835.1_results/PROKKA_06292018:CDS	hypothetical protein	CP021835.1:132818-134050	OELGHMHP_00172

DiscRep_SUB:FEATURE_LOCATION_CONFLICT::Coding region xref gene does not exist
plasmid_files/CP021835.1_results/PROKKA_06292018:CDS	Inner membrane transport protein YdhC	CP021835.1:134267-135481	OELGHMHP_00173

DiscRep_SUB:FEATURE_LOCATION_CONFLICT::Coding region xref gene does not exist
plasmid_files/CP021835.1_results/PROKKA_06292018:CDS	Hca operon transcriptional activator HcaR	CP021835.1:135509-136492	OELGHMHP_00174

DiscRep_SUB:FEATURE_LOCATION_CONFLICT::Coding region xref gene does not exist
plasmid_files/CP021835.1_results/PROKKA_06292018:CDS	Conjugal transfer protein TraG	CP021835.1:136624-138729	OELGHMHP_00175

DiscRep_SUB:FEATURE_LOCATION_CONFLICT::Coding region xref gene does not exist
plasmid_files/CP021835.1_results/PROKKA_06292018:CDS	Phosphoglucosamine mutase	CP021835.1:c139207-138905	OELGHMHP_00176

DiscRep_SUB:FEATURE_LOCATION_CONFLICT::Coding region xref gene does not exist
plasmid_files/CP021835.1_results/PROKKA_06292018:CDS	Dihydropteroate synthase	CP021835.1:c140109-139294	OELGHMHP_00177

DiscRep_SUB:FEATURE_LOCATION_CONFLICT::Coding region xref gene does not exist
plasmid_files/CP021835.1_results/PROKKA_06292018:CDS	hypothetical protein	CP021835.1:140416-140727	OELGHMHP_00178

DiscRep_SUB:FEATURE_LOCATION_CONFLICT::Coding region xref gene does not exist
plasmid_files/CP021835.1_results/PROKKA_06292018:CDS	Sporulation initiation inhibitor protein Soj	CP021835.1:140901-141686	OELGHMHP_00179

DiscRep_SUB:FEATURE_LOCATION_CONFLICT::Coding region xref gene does not exist
plasmid_files/CP021835.1_results/PROKKA_06292018:CDS	Transcriptional repressor protein KorB	CP021835.1:141690-142871	OELGHMHP_00180

DiscRep_SUB:FEATURE_LOCATION_CONFLICT::Coding region xref gene does not exist
plasmid_files/CP021835.1_results/PROKKA_06292018:CDS	hypothetical protein	CP021835.1:142920-143192	OELGHMHP_00181

DiscRep_SUB:FEATURE_LOCATION_CONFLICT::Coding region xref gene does not exist
plasmid_files/CP021835.1_results/PROKKA_06292018:CDS	hypothetical protein	CP021835.1:c143814-143245	OELGHMHP_00182

DiscRep_SUB:FEATURE_LOCATION_CONFLICT::Coding region xref gene does not exist
plasmid_files/CP021835.1_results/PROKKA_06292018:CDS	hypothetical protein	CP021835.1:143905-144930	OELGHMHP_00183

DiscRep_SUB:FEATURE_LOCATION_CONFLICT::Coding region xref gene does not exist
plasmid_files/CP021835.1_results/PROKKA_06292018:CDS	Insertion sequence IS5376 putative ATP-binding protein	CP021835.1:144927-145706	OELGHMHP_00184

DiscRep_SUB:FEATURE_LOCATION_CONFLICT::Coding region xref gene does not exist
plasmid_files/CP021835.1_results/PROKKA_06292018:CDS	Carbapenem-hydrolyzing beta-lactamase KPC	CP021835.1:145703-146719	OELGHMHP_00185

DiscRep_SUB:FEATURE_LOCATION_CONFLICT::Coding region xref gene does not exist
plasmid_files/CP021835.1_results/PROKKA_06292018:CDS	hypothetical protein	CP021835.1:c148288-146969	OELGHMHP_00186

DiscRep_SUB:FEATURE_LOCATION_CONFLICT::Coding region xref gene does not exist
plasmid_files/CP021835.1_results/PROKKA_06292018:CDS	DNA replication terminus site-binding protein	CP021835.1:c149511-148633	OELGHMHP_00187

DiscRep_SUB:FEATURE_LOCATION_CONFLICT::Coding region xref gene does not exist
plasmid_files/CP021835.1_results/PROKKA_06292018:CDS	hypothetical protein	CP021835.1:c151177-150173	OELGHMHP_00188

DiscRep_SUB:FEATURE_LOCATION_CONFLICT::Coding region xref gene does not exist
plasmid_files/CP021835.1_results/PROKKA_06292018:CDS	Mercuric resistance operon regulatory protein	CP021835.1:c151690-151256	OELGHMHP_00189

DiscRep_SUB:FEATURE_LOCATION_CONFLICT::Coding region xref gene does not exist
plasmid_files/CP021835.1_results/PROKKA_06292018:CDS	Mercuric transport protein MerT	CP021835.1:151762-152112	OELGHMHP_00190

DiscRep_SUB:FEATURE_LOCATION_CONFLICT::Coding region xref gene does not exist
plasmid_files/CP021835.1_results/PROKKA_06292018:CDS	Mercuric transport protein periplasmic component	CP021835.1:152126-152401	OELGHMHP_00191

DiscRep_SUB:FEATURE_LOCATION_CONFLICT::Coding region xref gene does not exist
plasmid_files/CP021835.1_results/PROKKA_06292018:CDS	Mercuric transport protein MerC	CP021835.1:152437-152859	OELGHMHP_00192

DiscRep_SUB:FEATURE_LOCATION_CONFLICT::Coding region xref gene does not exist
plasmid_files/CP021835.1_results/PROKKA_06292018:CDS	Mercuric reductase	CP021835.1:152911-154605	OELGHMHP_00193

DiscRep_SUB:FEATURE_LOCATION_CONFLICT::Coding region xref gene does not exist
plasmid_files/CP021835.1_results/PROKKA_06292018:CDS	hypothetical protein	CP021835.1:154623-154985	OELGHMHP_00194

DiscRep_SUB:FEATURE_LOCATION_CONFLICT::Coding region xref gene does not exist
plasmid_files/CP021835.1_results/PROKKA_06292018:CDS	hypothetical protein	CP021835.1:154982-155218	OELGHMHP_00195

DiscRep_SUB:FEATURE_LOCATION_CONFLICT::Coding region xref gene does not exist
plasmid_files/CP021835.1_results/PROKKA_06292018:CDS	putative signaling protein	CP021835.1:155215-155922	OELGHMHP_00196

DiscRep_SUB:FEATURE_LOCATION_CONFLICT::Coding region xref gene does not exist
plasmid_files/CP021835.1_results/PROKKA_06292018:CDS	Transposon Tn7 transposition protein TnsB	CP021835.1:155997-157676	OELGHMHP_00197

DiscRep_SUB:FEATURE_LOCATION_CONFLICT::Coding region xref gene does not exist
plasmid_files/CP021835.1_results/PROKKA_06292018:CDS	hypothetical protein	CP021835.1:157679-158671	OELGHMHP_00198

DiscRep_SUB:FEATURE_LOCATION_CONFLICT::Coding region xref gene does not exist
plasmid_files/CP021835.1_results/PROKKA_06292018:CDS	hypothetical protein	CP021835.1:c159139-158654	OELGHMHP_00199

DiscRep_SUB:FEATURE_LOCATION_CONFLICT::Coding region xref gene does not exist
plasmid_files/CP021835.1_results/PROKKA_06292018:CDS	Dihydropteroate synthase	CP021835.1:c160106-159267	OELGHMHP_00200

DiscRep_SUB:FEATURE_LOCATION_CONFLICT::Coding region xref gene does not exist
plasmid_files/CP021835.1_results/PROKKA_06292018:CDS	Multidrug transporter EmrE	CP021835.1:c160447-160100	OELGHMHP_00201

DiscRep_SUB:FEATURE_LOCATION_CONFLICT::Coding region xref gene does not exist
plasmid_files/CP021835.1_results/PROKKA_06292018:CDS	hypothetical protein	CP021835.1:c161229-160675	OELGHMHP_00202

DiscRep_SUB:FEATURE_LOCATION_CONFLICT::Coding region xref gene does not exist
plasmid_files/CP021835.1_results/PROKKA_06292018:CDS	2''-aminoglycoside nucleotidyltransferase	CP021835.1:c161977-161330	OELGHMHP_00203

DiscRep_SUB:FEATURE_LOCATION_CONFLICT::Coding region xref gene does not exist
plasmid_files/CP021835.1_results/PROKKA_06292018:CDS	Tyrosine recombinase XerD	CP021835.1:162009-163022	OELGHMHP_00204

DiscRep_SUB:FEATURE_LOCATION_CONFLICT::Coding region xref gene does not exist
plasmid_files/CP021835.1_results/PROKKA_06292018:CDS	DNA-invertase hin	CP021835.1:163328-163885	OELGHMHP_00205

DiscRep_SUB:FEATURE_LOCATION_CONFLICT::Coding region xref gene does not exist
plasmid_files/CP021835.1_results/PROKKA_06292018:CDS	hypothetical protein	CP021835.1:163888-166860	OELGHMHP_00206

DiscRep_SUB:FEATURE_LOCATION_CONFLICT::Coding region xref gene does not exist
plasmid_files/CP021835.1_results/PROKKA_06292018:CDS	hypothetical protein	CP021835.1:166939-167943	OELGHMHP_00207

DiscRep_SUB:FEATURE_LOCATION_CONFLICT::Coding region xref gene does not exist
plasmid_files/CP021835.1_results/PROKKA_06292018:CDS	Transposon Tn3 resolvase	CP021835.1:168385-168942	OELGHMHP_00208

DiscRep_SUB:FEATURE_LOCATION_CONFLICT::Coding region xref gene does not exist
plasmid_files/CP021835.1_results/PROKKA_06292018:CDS	Beta-lactamase TEM	CP021835.1:169125-169985	OELGHMHP_00209

DiscRep_SUB:FEATURE_LOCATION_CONFLICT::Coding region xref gene does not exist
plasmid_files/CP021835.1_results/PROKKA_06292018:CDS	hypothetical protein	CP021835.1:c170760-170056	OELGHMHP_00210

DiscRep_SUB:FEATURE_LOCATION_CONFLICT::Coding region xref gene does not exist
plasmid_files/CP021835.1_results/PROKKA_06292018:CDS	hypothetical protein	CP021835.1:c171160-170948	OELGHMHP_00211

DiscRep_SUB:FEATURE_LOCATION_CONFLICT::Coding region xref gene does not exist
plasmid_files/CP021835.1_results/PROKKA_06292018:CDS	hypothetical protein	CP021835.1:c171462-171226	OELGHMHP_00212

DiscRep_SUB:FEATURE_LOCATION_CONFLICT::Coding region xref gene does not exist
plasmid_files/CP021835.1_results/PROKKA_06292018:CDS	hypothetical protein	CP021835.1:c171824-171459	OELGHMHP_00213

DiscRep_SUB:FEATURE_LOCATION_CONFLICT::Coding region xref gene does not exist
plasmid_files/CP021835.1_results/PROKKA_06292018:CDS	Mercuric reductase	CP021835.1:c173527-171842	OELGHMHP_00214

DiscRep_SUB:FEATURE_LOCATION_CONFLICT::Coding region xref gene does not exist
plasmid_files/CP021835.1_results/PROKKA_06292018:CDS	Mercuric transport protein MerC	CP021835.1:c173991-173566	OELGHMHP_00215

DiscRep_SUB:FEATURE_LOCATION_CONFLICT::Coding region xref gene does not exist
plasmid_files/CP021835.1_results/PROKKA_06292018:CDS	Mercuric transport protein periplasmic component	CP021835.1:c174294-174019	OELGHMHP_00216

DiscRep_SUB:FEATURE_LOCATION_CONFLICT::Coding region xref gene does not exist
plasmid_files/CP021835.1_results/PROKKA_06292018:CDS	Mercuric transport protein MerT	CP021835.1:c174675-174310	OELGHMHP_00217

DiscRep_SUB:FEATURE_LOCATION_CONFLICT::Coding region xref gene does not exist
plasmid_files/CP021835.1_results/PROKKA_06292018:CDS	Mercuric resistance operon regulatory protein	CP021835.1:174747-175202	OELGHMHP_00218

DiscRep_SUB:FEATURE_LOCATION_CONFLICT::Coding region xref gene does not exist
plasmid_files/CP021835.1_results/PROKKA_06292018:CDS	hypothetical protein	CP021835.1:c175674-175192	OELGHMHP_00219

DiscRep_SUB:FEATURE_LOCATION_CONFLICT::Coding region xref gene does not exist
plasmid_files/CP021835.1_results/PROKKA_06292018:CDS	DNA polymerase III subunit epsilon	CP021835.1:c176540-175671	OELGHMHP_00220

DiscRep_SUB:FEATURE_LOCATION_CONFLICT::Coding region xref gene does not exist
plasmid_files/CP021835.1_results/PROKKA_06292018:CDS	Tyrosine recombinase XerD	CP021835.1:c177555-176545	OELGHMHP_00221

DiscRep_SUB:FEATURE_LOCATION_CONFLICT::Coding region xref gene does not exist
plasmid_files/CP021835.1_results/PROKKA_06292018:CDS	hypothetical protein	CP021835.1:c178094-177558	OELGHMHP_00222

DiscRep_SUB:FEATURE_LOCATION_CONFLICT::Coding region xref gene does not exist
plasmid_files/CP021835.1_results/PROKKA_06292018:CDS	hypothetical protein	CP021835.1:c178374-178087	OELGHMHP_00223

DiscRep_SUB:FEATURE_LOCATION_CONFLICT::Coding region xref gene does not exist
plasmid_files/CP021835.1_results/PROKKA_06292018:CDS	hypothetical protein	CP021835.1:c178674-178393	OELGHMHP_00224

DiscRep_SUB:FEATURE_LOCATION_CONFLICT::Coding region xref gene does not exist
plasmid_files/CP021835.1_results/PROKKA_06292018:CDS	hypothetical protein	CP021835.1:178936-179538	OELGHMHP_00225

DiscRep_SUB:FEATURE_LOCATION_CONFLICT::Coding region xref gene does not exist
plasmid_files/CP021835.1_results/PROKKA_06292018:CDS	hypothetical protein	CP021835.1:c180006-179554	OELGHMHP_00226

DiscRep_SUB:FEATURE_LOCATION_CONFLICT::Coding region xref gene does not exist
plasmid_files/CP021835.1_results/PROKKA_06292018:CDS	hypothetical protein	CP021835.1:c180472-180173	OELGHMHP_00227

DiscRep_SUB:FEATURE_LOCATION_CONFLICT::Coding region xref gene does not exist
plasmid_files/CP021835.1_results/PROKKA_06292018:CDS	hypothetical protein	CP021835.1:c180762-180520	OELGHMHP_00228

DiscRep_SUB:FEATURE_LOCATION_CONFLICT::Coding region xref gene does not exist
plasmid_files/CP021835.1_results/PROKKA_06292018:CDS	hypothetical protein	CP021835.1:c181039-180767	OELGHMHP_00229

DiscRep_SUB:FEATURE_LOCATION_CONFLICT::Coding region xref gene does not exist
plasmid_files/CP021835.1_results/PROKKA_06292018:CDS	Putative deoxyribonuclease RhsC	CP021835.1:c185298-181036	OELGHMHP_00230

DiscRep_SUB:FEATURE_LOCATION_CONFLICT::Coding region xref gene does not exist
plasmid_files/CP021835.1_results/PROKKA_06292018:CDS	hypothetical protein	CP021835.1:c186156-185431	OELGHMHP_00231

DiscRep_SUB:FEATURE_LOCATION_CONFLICT::Coding region xref gene does not exist
plasmid_files/CP021835.1_results/PROKKA_06292018:CDS	hypothetical protein	CP021835.1:c186881-186765	OELGHMHP_00232

DiscRep_SUB:FEATURE_LOCATION_CONFLICT::Coding region xref gene does not exist
plasmid_files/CP021835.1_results/PROKKA_06292018:CDS	hypothetical protein	CP021835.1:c187130-186891	OELGHMHP_00233

DiscRep_SUB:FEATURE_LOCATION_CONFLICT::Coding region xref gene does not exist
plasmid_files/CP021835.1_results/PROKKA_06292018:CDS	hypothetical protein	CP021835.1:c187481-187203	OELGHMHP_00234

DiscRep_SUB:FEATURE_LOCATION_CONFLICT::Coding region xref gene does not exist
plasmid_files/CP021835.1_results/PROKKA_06292018:CDS	hypothetical protein	CP021835.1:c189225-187468	OELGHMHP_00235

DiscRep_SUB:FEATURE_LOCATION_CONFLICT::Coding region xref gene does not exist
plasmid_files/CP021835.1_results/PROKKA_06292018:CDS	hypothetical protein	CP021835.1:c189759-189373	OELGHMHP_00236

DiscRep_SUB:FEATURE_LOCATION_CONFLICT::Coding region xref gene does not exist
plasmid_files/CP021835.1_results/PROKKA_06292018:CDS	hypothetical protein	CP021835.1:c190012-189866	OELGHMHP_00237

DiscRep_SUB:FEATURE_LOCATION_CONFLICT::Coding region xref gene does not exist
plasmid_files/CP021835.1_results/PROKKA_06292018:CDS	hypothetical protein	CP021835.1:c191068-190217	OELGHMHP_00238

DiscRep_SUB:FEATURE_LOCATION_CONFLICT::Coding region xref gene does not exist
plasmid_files/CP021835.1_results/PROKKA_06292018:CDS	hypothetical protein	CP021835.1:c191700-191143	OELGHMHP_00239

DiscRep_SUB:FEATURE_LOCATION_CONFLICT::Coding region xref gene does not exist
plasmid_files/CP021835.1_results/PROKKA_06292018:CDS	hypothetical protein	CP021835.1:c191992-191774	OELGHMHP_00240

DiscRep_SUB:FEATURE_LOCATION_CONFLICT::Coding region xref gene does not exist
plasmid_files/CP021835.1_results/PROKKA_06292018:CDS	hypothetical protein	CP021835.1:c192275-192006	OELGHMHP_00241

DiscRep_SUB:FEATURE_LOCATION_CONFLICT::Coding region xref gene does not exist
plasmid_files/CP021835.1_results/PROKKA_06292018:CDS	5'-deoxynucleotidase YfbR	CP021835.1:c192873-192268	OELGHMHP_00242

DiscRep_SUB:FEATURE_LOCATION_CONFLICT::Coding region xref gene does not exist
plasmid_files/CP021835.1_results/PROKKA_06292018:CDS	hypothetical protein	CP021835.1:c193148-192945	OELGHMHP_00243

DiscRep_SUB:FEATURE_LOCATION_CONFLICT::Coding region xref gene does not exist
plasmid_files/CP021835.1_results/PROKKA_06292018:CDS	hypothetical protein	CP021835.1:c195803-193350	OELGHMHP_00244

DiscRep_SUB:FEATURE_LOCATION_CONFLICT::Coding region xref gene does not exist
plasmid_files/CP021835.1_results/PROKKA_06292018:CDS	hypothetical protein	CP021835.1:c196277-195891	OELGHMHP_00245

DiscRep_SUB:FEATURE_LOCATION_CONFLICT::Coding region xref gene does not exist
plasmid_files/CP021835.1_results/PROKKA_06292018:CDS	hypothetical protein	CP021835.1:c197064-196510	OELGHMHP_00246

DiscRep_SUB:FEATURE_LOCATION_CONFLICT::Coding region xref gene does not exist
plasmid_files/CP021835.1_results/PROKKA_06292018:CDS	hypothetical protein	CP021835.1:c197569-197138	OELGHMHP_00247

DiscRep_SUB:FEATURE_LOCATION_CONFLICT::Coding region xref gene does not exist
plasmid_files/CP021835.1_results/PROKKA_06292018:CDS	Modification methylase HhaI	CP021835.1:c199255-197630	OELGHMHP_00248

DiscRep_SUB:FEATURE_LOCATION_CONFLICT::Coding region xref gene does not exist
plasmid_files/CP021835.1_results/PROKKA_06292018:CDS	hypothetical protein	CP021835.1:c199635-199333	OELGHMHP_00249

DiscRep_SUB:FEATURE_LOCATION_CONFLICT::Coding region xref gene does not exist
plasmid_files/CP021835.1_results/PROKKA_06292018:CDS	hypothetical protein	CP021835.1:c200057-199713	OELGHMHP_00250

DiscRep_SUB:FEATURE_LOCATION_CONFLICT::Coding region xref gene does not exist
plasmid_files/CP021835.1_results/PROKKA_06292018:CDS	hypothetical protein	CP021835.1:200312-201424	OELGHMHP_00251

DiscRep_SUB:FEATURE_LOCATION_CONFLICT::Coding region xref gene does not exist
plasmid_files/CP021835.1_results/PROKKA_06292018:CDS	hypothetical protein	CP021835.1:201447-201587	OELGHMHP_00252

DiscRep_SUB:FEATURE_LOCATION_CONFLICT::Coding region xref gene does not exist
plasmid_files/CP021835.1_results/PROKKA_06292018:CDS	hypothetical protein	CP021835.1:c201952-201599	OELGHMHP_00253

DiscRep_SUB:FEATURE_LOCATION_CONFLICT::Coding region xref gene does not exist
plasmid_files/CP021835.1_results/PROKKA_06292018:CDS	hypothetical protein	CP021835.1:c202212-202021	OELGHMHP_00254

DiscRep_SUB:FEATURE_LOCATION_CONFLICT::Coding region xref gene does not exist
plasmid_files/CP021835.1_results/PROKKA_06292018:CDS	hypothetical protein	CP021835.1:c202545-202270	OELGHMHP_00255

DiscRep_SUB:FEATURE_LOCATION_CONFLICT::Coding region xref gene does not exist
plasmid_files/CP021835.1_results/PROKKA_06292018:CDS	hypothetical protein	CP021835.1:c203002-202550	OELGHMHP_00256

DiscRep_SUB:FEATURE_LOCATION_CONFLICT::Coding region xref gene does not exist
plasmid_files/CP021835.1_results/PROKKA_06292018:CDS	hypothetical protein	CP021835.1:c203381-202992	OELGHMHP_00257

DiscRep_SUB:FEATURE_LOCATION_CONFLICT::Coding region xref gene does not exist
plasmid_files/CP021835.1_results/PROKKA_06292018:CDS	putative protein YcbX	CP021835.1:c203667-203443	OELGHMHP_00258

DiscRep_SUB:FEATURE_LOCATION_CONFLICT::Coding region xref gene does not exist
plasmid_files/CP021835.1_results/PROKKA_06292018:CDS	Insertion sequence IS5376 putative ATP-binding protein	CP021835.1:c204690-203911	OELGHMHP_00259

DiscRep_SUB:FEATURE_LOCATION_CONFLICT::Coding region xref gene does not exist
plasmid_files/CP021835.1_results/PROKKA_06292018:CDS	hypothetical protein	CP021835.1:c205712-204690	OELGHMHP_00260

DiscRep_SUB:FEATURE_LOCATION_CONFLICT::Coding region xref gene does not exist
plasmid_files/CP021835.1_results/PROKKA_06292018:CDS	hypothetical protein	CP021835.1:c206576-205779	OELGHMHP_00261

DiscRep_SUB:FEATURE_LOCATION_CONFLICT::Coding region xref gene does not exist
plasmid_files/CP021835.1_results/PROKKA_06292018:CDS	hypothetical protein	CP021835.1:c207150-206650	OELGHMHP_00262

DiscRep_SUB:FEATURE_LOCATION_CONFLICT::Coding region xref gene does not exist
plasmid_files/CP021835.1_results/PROKKA_06292018:CDS	hypothetical protein	CP021835.1:c207780-207241	OELGHMHP_00263

DiscRep_SUB:FEATURE_LOCATION_CONFLICT::Coding region xref gene does not exist
plasmid_files/CP021835.1_results/PROKKA_06292018:CDS	hypothetical protein	CP021835.1:c208380-208045	OELGHMHP_00264

DiscRep_SUB:FEATURE_LOCATION_CONFLICT::Coding region xref gene does not exist
plasmid_files/CP021835.1_results/PROKKA_06292018:CDS	hypothetical protein	CP021835.1:c209953-208442	OELGHMHP_00265

DiscRep_ALL:DISC_QUALITY_SCORES::Quality scores are missing on all sequences.

DiscRep_ALL:ONCALLER_COMMENT_PRESENT::1 comment descriptors were found (all same)
plasmid_files/CP021835.1_results/PROKKA_06292018:CP021835.1:Annotated using prokka 1.14-dev from https://github.com/tseemann/prokka

DiscRep_ALL:SHORT_PROT_SEQUENCES::7 protein sequences are shorter than 50 aa.
plasmid_files/CP021835.1_results/PROKKA_06292018:CP021835.1_8 (length 30)
plasmid_files/CP021835.1_results/PROKKA_06292018:CP021835.1_28 (length 47)
plasmid_files/CP021835.1_results/PROKKA_06292018:CP021835.1_53 (length 47)
plasmid_files/CP021835.1_results/PROKKA_06292018:CP021835.1_111 (length 48)
plasmid_files/CP021835.1_results/PROKKA_06292018:CP021835.1_232 (length 38)
plasmid_files/CP021835.1_results/PROKKA_06292018:CP021835.1_237 (length 48)
plasmid_files/CP021835.1_results/PROKKA_06292018:CP021835.1_252 (length 46)

DiscRep_ALL:MISSING_GENOMEASSEMBLY_COMMENTS::1 bioseqs are missing GenomeAssembly structured comments
plasmid_files/CP021835.1_results/PROKKA_06292018:CP021835.1 (length 210045)

DiscRep_ALL:MOLTYPE_NOT_MRNA::1 molecule types are not set as mRNA.
plasmid_files/CP021835.1_results/PROKKA_06292018:CP021835.1 (length 210045)

DiscRep_ALL:TECHNIQUE_NOT_TSA::1 technique are not set as TSA
plasmid_files/CP021835.1_results/PROKKA_06292018:CP021835.1 (length 210045)

DiscRep_ALL:MISSING_STRUCTURED_COMMENT::1 sequences do not include structured comments.
plasmid_files/CP021835.1_results/PROKKA_06292018:CP021835.1 (length 210045)

DiscRep_ALL:MISSING_PROJECT::266 sequences do not include project.
plasmid_files/CP021835.1_results/PROKKA_06292018:CP021835.1 (length 210045)
plasmid_files/CP021835.1_results/PROKKA_06292018:CP021835.1_1 (length 425)
plasmid_files/CP021835.1_results/PROKKA_06292018:CP021835.1_2 (length 336)
plasmid_files/CP021835.1_results/PROKKA_06292018:CP021835.1_3 (length 343)
plasmid_files/CP021835.1_results/PROKKA_06292018:CP021835.1_4 (length 175)
plasmid_files/CP021835.1_results/PROKKA_06292018:CP021835.1_5 (length 302)
plasmid_files/CP021835.1_results/PROKKA_06292018:CP021835.1_6 (length 322)
plasmid_files/CP021835.1_results/PROKKA_06292018:CP021835.1_7 (length 61)
plasmid_files/CP021835.1_results/PROKKA_06292018:CP021835.1_8 (length 30)
plasmid_files/CP021835.1_results/PROKKA_06292018:CP021835.1_9 (length 106)
plasmid_files/CP021835.1_results/PROKKA_06292018:CP021835.1_10 (length 213)
plasmid_files/CP021835.1_results/PROKKA_06292018:CP021835.1_11 (length 286)
plasmid_files/CP021835.1_results/PROKKA_06292018:CP021835.1_12 (length 932)
plasmid_files/CP021835.1_results/PROKKA_06292018:CP021835.1_13 (length 335)
plasmid_files/CP021835.1_results/PROKKA_06292018:CP021835.1_14 (length 223)
plasmid_files/CP021835.1_results/PROKKA_06292018:CP021835.1_15 (length 421)
plasmid_files/CP021835.1_results/PROKKA_06292018:CP021835.1_16 (length 176)
plasmid_files/CP021835.1_results/PROKKA_06292018:CP021835.1_17 (length 105)
plasmid_files/CP021835.1_results/PROKKA_06292018:CP021835.1_18 (length 815)
plasmid_files/CP021835.1_results/PROKKA_06292018:CP021835.1_19 (length 235)
plasmid_files/CP021835.1_results/PROKKA_06292018:CP021835.1_20 (length 1843)
plasmid_files/CP021835.1_results/PROKKA_06292018:CP021835.1_21 (length 127)
plasmid_files/CP021835.1_results/PROKKA_06292018:CP021835.1_22 (length 192)
plasmid_files/CP021835.1_results/PROKKA_06292018:CP021835.1_23 (length 438)
plasmid_files/CP021835.1_results/PROKKA_06292018:CP021835.1_24 (length 305)
plasmid_files/CP021835.1_results/PROKKA_06292018:CP021835.1_25 (length 208)
plasmid_files/CP021835.1_results/PROKKA_06292018:CP021835.1_26 (length 93)
plasmid_files/CP021835.1_results/PROKKA_06292018:CP021835.1_27 (length 125)
plasmid_files/CP021835.1_results/PROKKA_06292018:CP021835.1_28 (length 47)
plasmid_files/CP021835.1_results/PROKKA_06292018:CP021835.1_29 (length 220)
plasmid_files/CP021835.1_results/PROKKA_06292018:CP021835.1_30 (length 125)
plasmid_files/CP021835.1_results/PROKKA_06292018:CP021835.1_31 (length 148)
plasmid_files/CP021835.1_results/PROKKA_06292018:CP021835.1_32 (length 209)
plasmid_files/CP021835.1_results/PROKKA_06292018:CP021835.1_33 (length 194)
plasmid_files/CP021835.1_results/PROKKA_06292018:CP021835.1_34 (length 621)
plasmid_files/CP021835.1_results/PROKKA_06292018:CP021835.1_35 (length 992)
plasmid_files/CP021835.1_results/PROKKA_06292018:CP021835.1_36 (length 205)
plasmid_files/CP021835.1_results/PROKKA_06292018:CP021835.1_37 (length 77)
plasmid_files/CP021835.1_results/PROKKA_06292018:CP021835.1_38 (length 730)
plasmid_files/CP021835.1_results/PROKKA_06292018:CP021835.1_39 (length 162)
plasmid_files/CP021835.1_results/PROKKA_06292018:CP021835.1_40 (length 92)
plasmid_files/CP021835.1_results/PROKKA_06292018:CP021835.1_41 (length 68)
plasmid_files/CP021835.1_results/PROKKA_06292018:CP021835.1_42 (length 205)
plasmid_files/CP021835.1_results/PROKKA_06292018:CP021835.1_43 (length 72)
plasmid_files/CP021835.1_results/PROKKA_06292018:CP021835.1_44 (length 87)
plasmid_files/CP021835.1_results/PROKKA_06292018:CP021835.1_45 (length 218)
plasmid_files/CP021835.1_results/PROKKA_06292018:CP021835.1_46 (length 475)
plasmid_files/CP021835.1_results/PROKKA_06292018:CP021835.1_47 (length 166)
plasmid_files/CP021835.1_results/PROKKA_06292018:CP021835.1_48 (length 110)
plasmid_files/CP021835.1_results/PROKKA_06292018:CP021835.1_49 (length 168)
plasmid_files/CP021835.1_results/PROKKA_06292018:CP021835.1_50 (length 224)
plasmid_files/CP021835.1_results/PROKKA_06292018:CP021835.1_51 (length 93)
plasmid_files/CP021835.1_results/PROKKA_06292018:CP021835.1_52 (length 125)
plasmid_files/CP021835.1_results/PROKKA_06292018:CP021835.1_53 (length 47)
plasmid_files/CP021835.1_results/PROKKA_06292018:CP021835.1_54 (length 58)
plasmid_files/CP021835.1_results/PROKKA_06292018:CP021835.1_55 (length 259)
plasmid_files/CP021835.1_results/PROKKA_06292018:CP021835.1_56 (length 341)
plasmid_files/CP021835.1_results/PROKKA_06292018:CP021835.1_57 (length 1009)
plasmid_files/CP021835.1_results/PROKKA_06292018:CP021835.1_58 (length 571)
plasmid_files/CP021835.1_results/PROKKA_06292018:CP021835.1_59 (length 346)
plasmid_files/CP021835.1_results/PROKKA_06292018:CP021835.1_60 (length 92)
plasmid_files/CP021835.1_results/PROKKA_06292018:CP021835.1_61 (length 503)
plasmid_files/CP021835.1_results/PROKKA_06292018:CP021835.1_62 (length 346)
plasmid_files/CP021835.1_results/PROKKA_06292018:CP021835.1_63 (length 477)
plasmid_files/CP021835.1_results/PROKKA_06292018:CP021835.1_64 (length 1204)
plasmid_files/CP021835.1_results/PROKKA_06292018:CP021835.1_65 (length 120)
plasmid_files/CP021835.1_results/PROKKA_06292018:CP021835.1_66 (length 90)
plasmid_files/CP021835.1_results/PROKKA_06292018:CP021835.1_67 (length 177)
plasmid_files/CP021835.1_results/PROKKA_06292018:CP021835.1_68 (length 202)
plasmid_files/CP021835.1_results/PROKKA_06292018:CP021835.1_69 (length 183)
plasmid_files/CP021835.1_results/PROKKA_06292018:CP021835.1_70 (length 139)
plasmid_files/CP021835.1_results/PROKKA_06292018:CP021835.1_71 (length 97)
plasmid_files/CP021835.1_results/PROKKA_06292018:CP021835.1_72 (length 327)
plasmid_files/CP021835.1_results/PROKKA_06292018:CP021835.1_73 (length 179)
plasmid_files/CP021835.1_results/PROKKA_06292018:CP021835.1_74 (length 95)
plasmid_files/CP021835.1_results/PROKKA_06292018:CP021835.1_75 (length 354)
plasmid_files/CP021835.1_results/PROKKA_06292018:CP021835.1_76 (length 93)
plasmid_files/CP021835.1_results/PROKKA_06292018:CP021835.1_77 (length 144)
plasmid_files/CP021835.1_results/PROKKA_06292018:CP021835.1_78 (length 371)
plasmid_files/CP021835.1_results/PROKKA_06292018:CP021835.1_79 (length 202)
plasmid_files/CP021835.1_results/PROKKA_06292018:CP021835.1_80 (length 173)
plasmid_files/CP021835.1_results/PROKKA_06292018:CP021835.1_81 (length 173)
plasmid_files/CP021835.1_results/PROKKA_06292018:CP021835.1_82 (length 157)
plasmid_files/CP021835.1_results/PROKKA_06292018:CP021835.1_83 (length 104)
plasmid_files/CP021835.1_results/PROKKA_06292018:CP021835.1_84 (length 284)
plasmid_files/CP021835.1_results/PROKKA_06292018:CP021835.1_85 (length 319)
plasmid_files/CP021835.1_results/PROKKA_06292018:CP021835.1_86 (length 286)
plasmid_files/CP021835.1_results/PROKKA_06292018:CP021835.1_87 (length 142)
plasmid_files/CP021835.1_results/PROKKA_06292018:CP021835.1_88 (length 119)
plasmid_files/CP021835.1_results/PROKKA_06292018:CP021835.1_89 (length 148)
plasmid_files/CP021835.1_results/PROKKA_06292018:CP021835.1_90 (length 172)
plasmid_files/CP021835.1_results/PROKKA_06292018:CP021835.1_91 (length 75)
plasmid_files/CP021835.1_results/PROKKA_06292018:CP021835.1_92 (length 285)
plasmid_files/CP021835.1_results/PROKKA_06292018:CP021835.1_93 (length 62)
plasmid_files/CP021835.1_results/PROKKA_06292018:CP021835.1_94 (length 326)
plasmid_files/CP021835.1_results/PROKKA_06292018:CP021835.1_95 (length 203)
plasmid_files/CP021835.1_results/PROKKA_06292018:CP021835.1_96 (length 90)
plasmid_files/CP021835.1_results/PROKKA_06292018:CP021835.1_97 (length 97)
plasmid_files/CP021835.1_results/PROKKA_06292018:CP021835.1_98 (length 100)
plasmid_files/CP021835.1_results/PROKKA_06292018:CP021835.1_99 (length 116)
plasmid_files/CP021835.1_results/PROKKA_06292018:CP021835.1_100 (length 182)
plasmid_files/CP021835.1_results/PROKKA_06292018:CP021835.1_101 (length 83)
plasmid_files/CP021835.1_results/PROKKA_06292018:CP021835.1_102 (length 64)
plasmid_files/CP021835.1_results/PROKKA_06292018:CP021835.1_103 (length 123)
plasmid_files/CP021835.1_results/PROKKA_06292018:CP021835.1_104 (length 156)
plasmid_files/CP021835.1_results/PROKKA_06292018:CP021835.1_105 (length 111)
plasmid_files/CP021835.1_results/PROKKA_06292018:CP021835.1_106 (length 162)
plasmid_files/CP021835.1_results/PROKKA_06292018:CP021835.1_107 (length 165)
plasmid_files/CP021835.1_results/PROKKA_06292018:CP021835.1_108 (length 87)
plasmid_files/CP021835.1_results/PROKKA_06292018:CP021835.1_109 (length 310)
plasmid_files/CP021835.1_results/PROKKA_06292018:CP021835.1_110 (length 487)
plasmid_files/CP021835.1_results/PROKKA_06292018:CP021835.1_111 (length 48)
plasmid_files/CP021835.1_results/PROKKA_06292018:CP021835.1_112 (length 109)
plasmid_files/CP021835.1_results/PROKKA_06292018:CP021835.1_113 (length 130)
plasmid_files/CP021835.1_results/PROKKA_06292018:CP021835.1_114 (length 64)
plasmid_files/CP021835.1_results/PROKKA_06292018:CP021835.1_115 (length 394)
plasmid_files/CP021835.1_results/PROKKA_06292018:CP021835.1_116 (length 115)
plasmid_files/CP021835.1_results/PROKKA_06292018:CP021835.1_117 (length 128)
plasmid_files/CP021835.1_results/PROKKA_06292018:CP021835.1_118 (length 337)
plasmid_files/CP021835.1_results/PROKKA_06292018:CP021835.1_119 (length 99)
plasmid_files/CP021835.1_results/PROKKA_06292018:CP021835.1_120 (length 91)
plasmid_files/CP021835.1_results/PROKKA_06292018:CP021835.1_121 (length 56)
plasmid_files/CP021835.1_results/PROKKA_06292018:CP021835.1_122 (length 166)
plasmid_files/CP021835.1_results/PROKKA_06292018:CP021835.1_123 (length 74)
plasmid_files/CP021835.1_results/PROKKA_06292018:CP021835.1_124 (length 99)
plasmid_files/CP021835.1_results/PROKKA_06292018:CP021835.1_125 (length 74)
plasmid_files/CP021835.1_results/PROKKA_06292018:CP021835.1_126 (length 91)
plasmid_files/CP021835.1_results/PROKKA_06292018:CP021835.1_127 (length 758)
plasmid_files/CP021835.1_results/PROKKA_06292018:CP021835.1_128 (length 86)
plasmid_files/CP021835.1_results/PROKKA_06292018:CP021835.1_129 (length 544)
plasmid_files/CP021835.1_results/PROKKA_06292018:CP021835.1_130 (length 344)
plasmid_files/CP021835.1_results/PROKKA_06292018:CP021835.1_131 (length 590)
plasmid_files/CP021835.1_results/PROKKA_06292018:CP021835.1_132 (length 284)
plasmid_files/CP021835.1_results/PROKKA_06292018:CP021835.1_133 (length 357)
plasmid_files/CP021835.1_results/PROKKA_06292018:CP021835.1_134 (length 247)
plasmid_files/CP021835.1_results/PROKKA_06292018:CP021835.1_135 (length 168)
plasmid_files/CP021835.1_results/PROKKA_06292018:CP021835.1_136 (length 67)
plasmid_files/CP021835.1_results/PROKKA_06292018:CP021835.1_137 (length 93)
plasmid_files/CP021835.1_results/PROKKA_06292018:CP021835.1_138 (length 165)
plasmid_files/CP021835.1_results/PROKKA_06292018:CP021835.1_139 (length 141)
plasmid_files/CP021835.1_results/PROKKA_06292018:CP021835.1_140 (length 141)
plasmid_files/CP021835.1_results/PROKKA_06292018:CP021835.1_141 (length 52)
plasmid_files/CP021835.1_results/PROKKA_06292018:CP021835.1_142 (length 155)
plasmid_files/CP021835.1_results/PROKKA_06292018:CP021835.1_143 (length 150)
plasmid_files/CP021835.1_results/PROKKA_06292018:CP021835.1_144 (length 211)
plasmid_files/CP021835.1_results/PROKKA_06292018:CP021835.1_145 (length 115)
plasmid_files/CP021835.1_results/PROKKA_06292018:CP021835.1_146 (length 302)
plasmid_files/CP021835.1_results/PROKKA_06292018:CP021835.1_147 (length 203)
plasmid_files/CP021835.1_results/PROKKA_06292018:CP021835.1_148 (length 392)
plasmid_files/CP021835.1_results/PROKKA_06292018:CP021835.1_149 (length 146)
plasmid_files/CP021835.1_results/PROKKA_06292018:CP021835.1_150 (length 201)
plasmid_files/CP021835.1_results/PROKKA_06292018:CP021835.1_151 (length 181)
plasmid_files/CP021835.1_results/PROKKA_06292018:CP021835.1_152 (length 197)
plasmid_files/CP021835.1_results/PROKKA_06292018:CP021835.1_153 (length 396)
plasmid_files/CP021835.1_results/PROKKA_06292018:CP021835.1_154 (length 172)
plasmid_files/CP021835.1_results/PROKKA_06292018:CP021835.1_155 (length 91)
plasmid_files/CP021835.1_results/PROKKA_06292018:CP021835.1_156 (length 815)
plasmid_files/CP021835.1_results/PROKKA_06292018:CP021835.1_157 (length 159)
plasmid_files/CP021835.1_results/PROKKA_06292018:CP021835.1_158 (length 387)
plasmid_files/CP021835.1_results/PROKKA_06292018:CP021835.1_159 (length 72)
plasmid_files/CP021835.1_results/PROKKA_06292018:CP021835.1_160 (length 187)
plasmid_files/CP021835.1_results/PROKKA_06292018:CP021835.1_161 (length 189)
plasmid_files/CP021835.1_results/PROKKA_06292018:CP021835.1_162 (length 181)
plasmid_files/CP021835.1_results/PROKKA_06292018:CP021835.1_163 (length 312)
plasmid_files/CP021835.1_results/PROKKA_06292018:CP021835.1_164 (length 65)
plasmid_files/CP021835.1_results/PROKKA_06292018:CP021835.1_165 (length 82)
plasmid_files/CP021835.1_results/PROKKA_06292018:CP021835.1_166 (length 80)
plasmid_files/CP021835.1_results/PROKKA_06292018:CP021835.1_167 (length 120)
plasmid_files/CP021835.1_results/PROKKA_06292018:CP021835.1_168 (length 414)
plasmid_files/CP021835.1_results/PROKKA_06292018:CP021835.1_169 (length 143)
plasmid_files/CP021835.1_results/PROKKA_06292018:CP021835.1_170 (length 112)
plasmid_files/CP021835.1_results/PROKKA_06292018:CP021835.1_171 (length 153)
plasmid_files/CP021835.1_results/PROKKA_06292018:CP021835.1_172 (length 410)
plasmid_files/CP021835.1_results/PROKKA_06292018:CP021835.1_173 (length 404)
plasmid_files/CP021835.1_results/PROKKA_06292018:CP021835.1_174 (length 327)
plasmid_files/CP021835.1_results/PROKKA_06292018:CP021835.1_175 (length 701)
plasmid_files/CP021835.1_results/PROKKA_06292018:CP021835.1_176 (length 100)
plasmid_files/CP021835.1_results/PROKKA_06292018:CP021835.1_177 (length 271)
plasmid_files/CP021835.1_results/PROKKA_06292018:CP021835.1_178 (length 103)
plasmid_files/CP021835.1_results/PROKKA_06292018:CP021835.1_179 (length 261)
plasmid_files/CP021835.1_results/PROKKA_06292018:CP021835.1_180 (length 393)
plasmid_files/CP021835.1_results/PROKKA_06292018:CP021835.1_181 (length 90)
plasmid_files/CP021835.1_results/PROKKA_06292018:CP021835.1_182 (length 189)
plasmid_files/CP021835.1_results/PROKKA_06292018:CP021835.1_183 (length 341)
plasmid_files/CP021835.1_results/PROKKA_06292018:CP021835.1_184 (length 259)
plasmid_files/CP021835.1_results/PROKKA_06292018:CP021835.1_185 (length 338)
plasmid_files/CP021835.1_results/PROKKA_06292018:CP021835.1_186 (length 439)
plasmid_files/CP021835.1_results/PROKKA_06292018:CP021835.1_187 (length 292)
plasmid_files/CP021835.1_results/PROKKA_06292018:CP021835.1_188 (length 334)
plasmid_files/CP021835.1_results/PROKKA_06292018:CP021835.1_189 (length 144)
plasmid_files/CP021835.1_results/PROKKA_06292018:CP021835.1_190 (length 116)
plasmid_files/CP021835.1_results/PROKKA_06292018:CP021835.1_191 (length 91)
plasmid_files/CP021835.1_results/PROKKA_06292018:CP021835.1_192 (length 140)
plasmid_files/CP021835.1_results/PROKKA_06292018:CP021835.1_193 (length 564)
plasmid_files/CP021835.1_results/PROKKA_06292018:CP021835.1_194 (length 120)
plasmid_files/CP021835.1_results/PROKKA_06292018:CP021835.1_195 (length 78)
plasmid_files/CP021835.1_results/PROKKA_06292018:CP021835.1_196 (length 235)
plasmid_files/CP021835.1_results/PROKKA_06292018:CP021835.1_197 (length 559)
plasmid_files/CP021835.1_results/PROKKA_06292018:CP021835.1_198 (length 330)
plasmid_files/CP021835.1_results/PROKKA_06292018:CP021835.1_199 (length 161)
plasmid_files/CP021835.1_results/PROKKA_06292018:CP021835.1_200 (length 279)
plasmid_files/CP021835.1_results/PROKKA_06292018:CP021835.1_201 (length 115)
plasmid_files/CP021835.1_results/PROKKA_06292018:CP021835.1_202 (length 184)
plasmid_files/CP021835.1_results/PROKKA_06292018:CP021835.1_203 (length 215)
plasmid_files/CP021835.1_results/PROKKA_06292018:CP021835.1_204 (length 337)
plasmid_files/CP021835.1_results/PROKKA_06292018:CP021835.1_205 (length 185)
plasmid_files/CP021835.1_results/PROKKA_06292018:CP021835.1_206 (length 990)
plasmid_files/CP021835.1_results/PROKKA_06292018:CP021835.1_207 (length 334)
plasmid_files/CP021835.1_results/PROKKA_06292018:CP021835.1_208 (length 185)
plasmid_files/CP021835.1_results/PROKKA_06292018:CP021835.1_209 (length 286)
plasmid_files/CP021835.1_results/PROKKA_06292018:CP021835.1_210 (length 234)
plasmid_files/CP021835.1_results/PROKKA_06292018:CP021835.1_211 (length 70)
plasmid_files/CP021835.1_results/PROKKA_06292018:CP021835.1_212 (length 78)
plasmid_files/CP021835.1_results/PROKKA_06292018:CP021835.1_213 (length 121)
plasmid_files/CP021835.1_results/PROKKA_06292018:CP021835.1_214 (length 561)
plasmid_files/CP021835.1_results/PROKKA_06292018:CP021835.1_215 (length 141)
plasmid_files/CP021835.1_results/PROKKA_06292018:CP021835.1_216 (length 91)
plasmid_files/CP021835.1_results/PROKKA_06292018:CP021835.1_217 (length 121)
plasmid_files/CP021835.1_results/PROKKA_06292018:CP021835.1_218 (length 151)
plasmid_files/CP021835.1_results/PROKKA_06292018:CP021835.1_219 (length 160)
plasmid_files/CP021835.1_results/PROKKA_06292018:CP021835.1_220 (length 289)
plasmid_files/CP021835.1_results/PROKKA_06292018:CP021835.1_221 (length 336)
plasmid_files/CP021835.1_results/PROKKA_06292018:CP021835.1_222 (length 178)
plasmid_files/CP021835.1_results/PROKKA_06292018:CP021835.1_223 (length 95)
plasmid_files/CP021835.1_results/PROKKA_06292018:CP021835.1_224 (length 93)
plasmid_files/CP021835.1_results/PROKKA_06292018:CP021835.1_225 (length 200)
plasmid_files/CP021835.1_results/PROKKA_06292018:CP021835.1_226 (length 150)
plasmid_files/CP021835.1_results/PROKKA_06292018:CP021835.1_227 (length 99)
plasmid_files/CP021835.1_results/PROKKA_06292018:CP021835.1_228 (length 80)
plasmid_files/CP021835.1_results/PROKKA_06292018:CP021835.1_229 (length 90)
plasmid_files/CP021835.1_results/PROKKA_06292018:CP021835.1_230 (length 1420)
plasmid_files/CP021835.1_results/PROKKA_06292018:CP021835.1_231 (length 241)
plasmid_files/CP021835.1_results/PROKKA_06292018:CP021835.1_232 (length 38)
plasmid_files/CP021835.1_results/PROKKA_06292018:CP021835.1_233 (length 79)
plasmid_files/CP021835.1_results/PROKKA_06292018:CP021835.1_234 (length 92)
plasmid_files/CP021835.1_results/PROKKA_06292018:CP021835.1_235 (length 585)
plasmid_files/CP021835.1_results/PROKKA_06292018:CP021835.1_236 (length 128)
plasmid_files/CP021835.1_results/PROKKA_06292018:CP021835.1_237 (length 48)
plasmid_files/CP021835.1_results/PROKKA_06292018:CP021835.1_238 (length 283)
plasmid_files/CP021835.1_results/PROKKA_06292018:CP021835.1_239 (length 185)
plasmid_files/CP021835.1_results/PROKKA_06292018:CP021835.1_240 (length 72)
plasmid_files/CP021835.1_results/PROKKA_06292018:CP021835.1_241 (length 89)
plasmid_files/CP021835.1_results/PROKKA_06292018:CP021835.1_242 (length 201)
plasmid_files/CP021835.1_results/PROKKA_06292018:CP021835.1_243 (length 67)
plasmid_files/CP021835.1_results/PROKKA_06292018:CP021835.1_244 (length 817)
plasmid_files/CP021835.1_results/PROKKA_06292018:CP021835.1_245 (length 128)
plasmid_files/CP021835.1_results/PROKKA_06292018:CP021835.1_246 (length 184)
plasmid_files/CP021835.1_results/PROKKA_06292018:CP021835.1_247 (length 143)
plasmid_files/CP021835.1_results/PROKKA_06292018:CP021835.1_248 (length 541)
plasmid_files/CP021835.1_results/PROKKA_06292018:CP021835.1_249 (length 100)
plasmid_files/CP021835.1_results/PROKKA_06292018:CP021835.1_250 (length 114)
plasmid_files/CP021835.1_results/PROKKA_06292018:CP021835.1_251 (length 370)
plasmid_files/CP021835.1_results/PROKKA_06292018:CP021835.1_252 (length 46)
plasmid_files/CP021835.1_results/PROKKA_06292018:CP021835.1_253 (length 117)
plasmid_files/CP021835.1_results/PROKKA_06292018:CP021835.1_254 (length 63)
plasmid_files/CP021835.1_results/PROKKA_06292018:CP021835.1_255 (length 91)
plasmid_files/CP021835.1_results/PROKKA_06292018:CP021835.1_256 (length 150)
plasmid_files/CP021835.1_results/PROKKA_06292018:CP021835.1_257 (length 129)
plasmid_files/CP021835.1_results/PROKKA_06292018:CP021835.1_258 (length 74)
plasmid_files/CP021835.1_results/PROKKA_06292018:CP021835.1_259 (length 259)
plasmid_files/CP021835.1_results/PROKKA_06292018:CP021835.1_260 (length 340)
plasmid_files/CP021835.1_results/PROKKA_06292018:CP021835.1_261 (length 265)
plasmid_files/CP021835.1_results/PROKKA_06292018:CP021835.1_262 (length 166)
plasmid_files/CP021835.1_results/PROKKA_06292018:CP021835.1_263 (length 179)
plasmid_files/CP021835.1_results/PROKKA_06292018:CP021835.1_264 (length 111)
plasmid_files/CP021835.1_results/PROKKA_06292018:CP021835.1_265 (length 503)

DiscRep_ALL:DISC_INCONSISTENT_MOLINFO_TECH::Molinfo Technique Report (some missing, all same)
DiscRep_SUB:DISC_INCONSISTENT_MOLINFO_TECH::technique (all missing)
DiscRep_SUB:DISC_INCONSISTENT_MOLINFO_TECH::1 Molinfos are missing field technique
plasmid_files/CP021835.1_results/PROKKA_06292018:CP021835.1 (length 210045)

