Discrepancy Report Results

Summary
FATAL: MISSING_PROTEIN_ID:165 proteins have invalid IDs.
DISC_SOURCE_QUALS_ASNDISC:strain (all present, all unique)
DISC_SOURCE_QUALS_ASNDISC:taxname (all present, all unique)
DISC_FEATURE_COUNT:CDS: 165 present
DISC_COUNT_NUCLEOTIDES:1 nucleotide Bioseqs are present
FEATURE_LOCATION_CONFLICT:165 features have inconsistent gene locations.
DISC_QUALITY_SCORES:Quality scores are missing on all sequences.
ONCALLER_COMMENT_PRESENT:1 comment descriptors were found (all same)
SHORT_PROT_SEQUENCES:4 protein sequences are shorter than 50 aa.
MISSING_GENOMEASSEMBLY_COMMENTS:1 bioseqs are missing GenomeAssembly structured comments
MOLTYPE_NOT_MRNA:1 molecule types are not set as mRNA.
TECHNIQUE_NOT_TSA:1 technique are not set as TSA
MISSING_STRUCTURED_COMMENT:1 sequences do not include structured comments.
MISSING_PROJECT:166 sequences do not include project.
DISC_INCONSISTENT_MOLINFO_TECH:Molinfo Technique Report (some missing, all same)


Detailed Report

FATAL: DiscRep_ALL:MISSING_PROTEIN_ID::165 proteins have invalid IDs.
plasmid_files/KF954760.1_results/PROKKA_06292018:KF954760.1_1 (length 251)
plasmid_files/KF954760.1_results/PROKKA_06292018:KF954760.1_2 (length 512)
plasmid_files/KF954760.1_results/PROKKA_06292018:KF954760.1_3 (length 115)
plasmid_files/KF954760.1_results/PROKKA_06292018:KF954760.1_4 (length 134)
plasmid_files/KF954760.1_results/PROKKA_06292018:KF954760.1_5 (length 401)
plasmid_files/KF954760.1_results/PROKKA_06292018:KF954760.1_6 (length 324)
plasmid_files/KF954760.1_results/PROKKA_06292018:KF954760.1_7 (length 423)
plasmid_files/KF954760.1_results/PROKKA_06292018:KF954760.1_8 (length 143)
plasmid_files/KF954760.1_results/PROKKA_06292018:KF954760.1_9 (length 323)
plasmid_files/KF954760.1_results/PROKKA_06292018:KF954760.1_10 (length 223)
plasmid_files/KF954760.1_results/PROKKA_06292018:KF954760.1_11 (length 76)
plasmid_files/KF954760.1_results/PROKKA_06292018:KF954760.1_12 (length 258)
plasmid_files/KF954760.1_results/PROKKA_06292018:KF954760.1_13 (length 73)
plasmid_files/KF954760.1_results/PROKKA_06292018:KF954760.1_14 (length 139)
plasmid_files/KF954760.1_results/PROKKA_06292018:KF954760.1_15 (length 255)
plasmid_files/KF954760.1_results/PROKKA_06292018:KF954760.1_16 (length 142)
plasmid_files/KF954760.1_results/PROKKA_06292018:KF954760.1_17 (length 168)
plasmid_files/KF954760.1_results/PROKKA_06292018:KF954760.1_18 (length 63)
plasmid_files/KF954760.1_results/PROKKA_06292018:KF954760.1_19 (length 87)
plasmid_files/KF954760.1_results/PROKKA_06292018:KF954760.1_20 (length 106)
plasmid_files/KF954760.1_results/PROKKA_06292018:KF954760.1_21 (length 185)
plasmid_files/KF954760.1_results/PROKKA_06292018:KF954760.1_22 (length 82)
plasmid_files/KF954760.1_results/PROKKA_06292018:KF954760.1_23 (length 666)
plasmid_files/KF954760.1_results/PROKKA_06292018:KF954760.1_24 (length 143)
plasmid_files/KF954760.1_results/PROKKA_06292018:KF954760.1_25 (length 242)
plasmid_files/KF954760.1_results/PROKKA_06292018:KF954760.1_26 (length 107)
plasmid_files/KF954760.1_results/PROKKA_06292018:KF954760.1_27 (length 75)
plasmid_files/KF954760.1_results/PROKKA_06292018:KF954760.1_28 (length 76)
plasmid_files/KF954760.1_results/PROKKA_06292018:KF954760.1_29 (length 291)
plasmid_files/KF954760.1_results/PROKKA_06292018:KF954760.1_30 (length 112)
plasmid_files/KF954760.1_results/PROKKA_06292018:KF954760.1_31 (length 115)
plasmid_files/KF954760.1_results/PROKKA_06292018:KF954760.1_32 (length 48)
plasmid_files/KF954760.1_results/PROKKA_06292018:KF954760.1_33 (length 180)
plasmid_files/KF954760.1_results/PROKKA_06292018:KF954760.1_34 (length 180)
plasmid_files/KF954760.1_results/PROKKA_06292018:KF954760.1_35 (length 160)
plasmid_files/KF954760.1_results/PROKKA_06292018:KF954760.1_36 (length 130)
plasmid_files/KF954760.1_results/PROKKA_06292018:KF954760.1_37 (length 233)
plasmid_files/KF954760.1_results/PROKKA_06292018:KF954760.1_38 (length 66)
plasmid_files/KF954760.1_results/PROKKA_06292018:KF954760.1_39 (length 122)
plasmid_files/KF954760.1_results/PROKKA_06292018:KF954760.1_40 (length 101)
plasmid_files/KF954760.1_results/PROKKA_06292018:KF954760.1_41 (length 188)
plasmid_files/KF954760.1_results/PROKKA_06292018:KF954760.1_42 (length 246)
plasmid_files/KF954760.1_results/PROKKA_06292018:KF954760.1_43 (length 474)
plasmid_files/KF954760.1_results/PROKKA_06292018:KF954760.1_44 (length 194)
plasmid_files/KF954760.1_results/PROKKA_06292018:KF954760.1_45 (length 136)
plasmid_files/KF954760.1_results/PROKKA_06292018:KF954760.1_46 (length 72)
plasmid_files/KF954760.1_results/PROKKA_06292018:KF954760.1_47 (length 103)
plasmid_files/KF954760.1_results/PROKKA_06292018:KF954760.1_48 (length 48)
plasmid_files/KF954760.1_results/PROKKA_06292018:KF954760.1_49 (length 130)
plasmid_files/KF954760.1_results/PROKKA_06292018:KF954760.1_50 (length 879)
plasmid_files/KF954760.1_results/PROKKA_06292018:KF954760.1_51 (length 130)
plasmid_files/KF954760.1_results/PROKKA_06292018:KF954760.1_52 (length 211)
plasmid_files/KF954760.1_results/PROKKA_06292018:KF954760.1_53 (length 133)
plasmid_files/KF954760.1_results/PROKKA_06292018:KF954760.1_54 (length 329)
plasmid_files/KF954760.1_results/PROKKA_06292018:KF954760.1_55 (length 212)
plasmid_files/KF954760.1_results/PROKKA_06292018:KF954760.1_56 (length 651)
plasmid_files/KF954760.1_results/PROKKA_06292018:KF954760.1_57 (length 84)
plasmid_files/KF954760.1_results/PROKKA_06292018:KF954760.1_58 (length 88)
plasmid_files/KF954760.1_results/PROKKA_06292018:KF954760.1_59 (length 108)
plasmid_files/KF954760.1_results/PROKKA_06292018:KF954760.1_60 (length 250)
plasmid_files/KF954760.1_results/PROKKA_06292018:KF954760.1_61 (length 79)
plasmid_files/KF954760.1_results/PROKKA_06292018:KF954760.1_62 (length 185)
plasmid_files/KF954760.1_results/PROKKA_06292018:KF954760.1_63 (length 147)
plasmid_files/KF954760.1_results/PROKKA_06292018:KF954760.1_64 (length 455)
plasmid_files/KF954760.1_results/PROKKA_06292018:KF954760.1_65 (length 949)
plasmid_files/KF954760.1_results/PROKKA_06292018:KF954760.1_66 (length 182)
plasmid_files/KF954760.1_results/PROKKA_06292018:KF954760.1_67 (length 243)
plasmid_files/KF954760.1_results/PROKKA_06292018:KF954760.1_68 (length 229)
plasmid_files/KF954760.1_results/PROKKA_06292018:KF954760.1_69 (length 770)
plasmid_files/KF954760.1_results/PROKKA_06292018:KF954760.1_70 (length 1753)
plasmid_files/KF954760.1_results/PROKKA_06292018:KF954760.1_71 (length 241)
plasmid_files/KF954760.1_results/PROKKA_06292018:KF954760.1_72 (length 197)
plasmid_files/KF954760.1_results/PROKKA_06292018:KF954760.1_73 (length 198)
plasmid_files/KF954760.1_results/PROKKA_06292018:KF954760.1_74 (length 207)
plasmid_files/KF954760.1_results/PROKKA_06292018:KF954760.1_75 (length 216)
plasmid_files/KF954760.1_results/PROKKA_06292018:KF954760.1_76 (length 102)
plasmid_files/KF954760.1_results/PROKKA_06292018:KF954760.1_77 (length 185)
plasmid_files/KF954760.1_results/PROKKA_06292018:KF954760.1_78 (length 85)
plasmid_files/KF954760.1_results/PROKKA_06292018:KF954760.1_79 (length 339)
plasmid_files/KF954760.1_results/PROKKA_06292018:KF954760.1_80 (length 301)
plasmid_files/KF954760.1_results/PROKKA_06292018:KF954760.1_81 (length 266)
plasmid_files/KF954760.1_results/PROKKA_06292018:KF954760.1_82 (length 317)
plasmid_files/KF954760.1_results/PROKKA_06292018:KF954760.1_83 (length 195)
plasmid_files/KF954760.1_results/PROKKA_06292018:KF954760.1_84 (length 172)
plasmid_files/KF954760.1_results/PROKKA_06292018:KF954760.1_85 (length 215)
plasmid_files/KF954760.1_results/PROKKA_06292018:KF954760.1_86 (length 91)
plasmid_files/KF954760.1_results/PROKKA_06292018:KF954760.1_87 (length 66)
plasmid_files/KF954760.1_results/PROKKA_06292018:KF954760.1_88 (length 423)
plasmid_files/KF954760.1_results/PROKKA_06292018:KF954760.1_89 (length 153)
plasmid_files/KF954760.1_results/PROKKA_06292018:KF954760.1_90 (length 81)
plasmid_files/KF954760.1_results/PROKKA_06292018:KF954760.1_91 (length 76)
plasmid_files/KF954760.1_results/PROKKA_06292018:KF954760.1_92 (length 58)
plasmid_files/KF954760.1_results/PROKKA_06292018:KF954760.1_93 (length 310)
plasmid_files/KF954760.1_results/PROKKA_06292018:KF954760.1_94 (length 77)
plasmid_files/KF954760.1_results/PROKKA_06292018:KF954760.1_95 (length 111)
plasmid_files/KF954760.1_results/PROKKA_06292018:KF954760.1_96 (length 258)
plasmid_files/KF954760.1_results/PROKKA_06292018:KF954760.1_97 (length 73)
plasmid_files/KF954760.1_results/PROKKA_06292018:KF954760.1_98 (length 139)
plasmid_files/KF954760.1_results/PROKKA_06292018:KF954760.1_99 (length 255)
plasmid_files/KF954760.1_results/PROKKA_06292018:KF954760.1_100 (length 142)
plasmid_files/KF954760.1_results/PROKKA_06292018:KF954760.1_101 (length 168)
plasmid_files/KF954760.1_results/PROKKA_06292018:KF954760.1_102 (length 63)
plasmid_files/KF954760.1_results/PROKKA_06292018:KF954760.1_103 (length 86)
plasmid_files/KF954760.1_results/PROKKA_06292018:KF954760.1_104 (length 106)
plasmid_files/KF954760.1_results/PROKKA_06292018:KF954760.1_105 (length 180)
plasmid_files/KF954760.1_results/PROKKA_06292018:KF954760.1_106 (length 82)
plasmid_files/KF954760.1_results/PROKKA_06292018:KF954760.1_107 (length 666)
plasmid_files/KF954760.1_results/PROKKA_06292018:KF954760.1_108 (length 143)
plasmid_files/KF954760.1_results/PROKKA_06292018:KF954760.1_109 (length 242)
plasmid_files/KF954760.1_results/PROKKA_06292018:KF954760.1_110 (length 108)
plasmid_files/KF954760.1_results/PROKKA_06292018:KF954760.1_111 (length 169)
plasmid_files/KF954760.1_results/PROKKA_06292018:KF954760.1_112 (length 269)
plasmid_files/KF954760.1_results/PROKKA_06292018:KF954760.1_113 (length 346)
plasmid_files/KF954760.1_results/PROKKA_06292018:KF954760.1_114 (length 779)
plasmid_files/KF954760.1_results/PROKKA_06292018:KF954760.1_115 (length 510)
plasmid_files/KF954760.1_results/PROKKA_06292018:KF954760.1_116 (length 446)
plasmid_files/KF954760.1_results/PROKKA_06292018:KF954760.1_117 (length 136)
plasmid_files/KF954760.1_results/PROKKA_06292018:KF954760.1_118 (length 376)
plasmid_files/KF954760.1_results/PROKKA_06292018:KF954760.1_119 (length 89)
plasmid_files/KF954760.1_results/PROKKA_06292018:KF954760.1_120 (length 432)
plasmid_files/KF954760.1_results/PROKKA_06292018:KF954760.1_121 (length 252)
plasmid_files/KF954760.1_results/PROKKA_06292018:KF954760.1_122 (length 306)
plasmid_files/KF954760.1_results/PROKKA_06292018:KF954760.1_123 (length 123)
plasmid_files/KF954760.1_results/PROKKA_06292018:KF954760.1_124 (length 127)
plasmid_files/KF954760.1_results/PROKKA_06292018:KF954760.1_125 (length 439)
plasmid_files/KF954760.1_results/PROKKA_06292018:KF954760.1_126 (length 293)
plasmid_files/KF954760.1_results/PROKKA_06292018:KF954760.1_127 (length 97)
plasmid_files/KF954760.1_results/PROKKA_06292018:KF954760.1_128 (length 259)
plasmid_files/KF954760.1_results/PROKKA_06292018:KF954760.1_129 (length 341)
plasmid_files/KF954760.1_results/PROKKA_06292018:KF954760.1_130 (length 1009)
plasmid_files/KF954760.1_results/PROKKA_06292018:KF954760.1_131 (length 571)
plasmid_files/KF954760.1_results/PROKKA_06292018:KF954760.1_132 (length 302)
plasmid_files/KF954760.1_results/PROKKA_06292018:KF954760.1_133 (length 185)
plasmid_files/KF954760.1_results/PROKKA_06292018:KF954760.1_134 (length 201)
plasmid_files/KF954760.1_results/PROKKA_06292018:KF954760.1_135 (length 258)
plasmid_files/KF954760.1_results/PROKKA_06292018:KF954760.1_136 (length 274)
plasmid_files/KF954760.1_results/PROKKA_06292018:KF954760.1_137 (length 286)
plasmid_files/KF954760.1_results/PROKKA_06292018:KF954760.1_138 (length 179)
plasmid_files/KF954760.1_results/PROKKA_06292018:KF954760.1_139 (length 278)
plasmid_files/KF954760.1_results/PROKKA_06292018:KF954760.1_140 (length 267)
plasmid_files/KF954760.1_results/PROKKA_06292018:KF954760.1_141 (length 271)
plasmid_files/KF954760.1_results/PROKKA_06292018:KF954760.1_142 (length 58)
plasmid_files/KF954760.1_results/PROKKA_06292018:KF954760.1_143 (length 334)
plasmid_files/KF954760.1_results/PROKKA_06292018:KF954760.1_144 (length 568)
plasmid_files/KF954760.1_results/PROKKA_06292018:KF954760.1_145 (length 234)
plasmid_files/KF954760.1_results/PROKKA_06292018:KF954760.1_146 (length 75)
plasmid_files/KF954760.1_results/PROKKA_06292018:KF954760.1_147 (length 103)
plasmid_files/KF954760.1_results/PROKKA_06292018:KF954760.1_148 (length 215)
plasmid_files/KF954760.1_results/PROKKA_06292018:KF954760.1_149 (length 68)
plasmid_files/KF954760.1_results/PROKKA_06292018:KF954760.1_150 (length 88)
plasmid_files/KF954760.1_results/PROKKA_06292018:KF954760.1_151 (length 477)
plasmid_files/KF954760.1_results/PROKKA_06292018:KF954760.1_152 (length 404)
plasmid_files/KF954760.1_results/PROKKA_06292018:KF954760.1_153 (length 254)
plasmid_files/KF954760.1_results/PROKKA_06292018:KF954760.1_154 (length 88)
plasmid_files/KF954760.1_results/PROKKA_06292018:KF954760.1_155 (length 157)
plasmid_files/KF954760.1_results/PROKKA_06292018:KF954760.1_156 (length 309)
plasmid_files/KF954760.1_results/PROKKA_06292018:KF954760.1_157 (length 234)
plasmid_files/KF954760.1_results/PROKKA_06292018:KF954760.1_158 (length 78)
plasmid_files/KF954760.1_results/PROKKA_06292018:KF954760.1_159 (length 138)
plasmid_files/KF954760.1_results/PROKKA_06292018:KF954760.1_160 (length 76)
plasmid_files/KF954760.1_results/PROKKA_06292018:KF954760.1_161 (length 106)
plasmid_files/KF954760.1_results/PROKKA_06292018:KF954760.1_162 (length 212)
plasmid_files/KF954760.1_results/PROKKA_06292018:KF954760.1_163 (length 261)
plasmid_files/KF954760.1_results/PROKKA_06292018:KF954760.1_164 (length 42)
plasmid_files/KF954760.1_results/PROKKA_06292018:KF954760.1_165 (length 31)

DiscRep_ALL:DISC_SOURCE_QUALS_ASNDISC::strain (all present, all unique)
DiscRep_SUB:DISC_SOURCE_QUALS_ASNDISC::1 sources have unique values for strain
DiscRep_ALL:DISC_SOURCE_QUALS_ASNDISC::taxname (all present, all unique)
DiscRep_SUB:DISC_SOURCE_QUALS_ASNDISC::1 sources have unique values for taxname
DiscRep_ALL:DISC_FEATURE_COUNT::CDS: 165 present
DiscRep_ALL:DISC_COUNT_NUCLEOTIDES::1 nucleotide Bioseqs are present
plasmid_files/KF954760.1_results/PROKKA_06292018:KF954760.1 (length 139941)

DiscRep_ALL:FEATURE_LOCATION_CONFLICT::165 features have inconsistent gene locations.
DiscRep_SUB:FEATURE_LOCATION_CONFLICT::Coding region xref gene does not exist
plasmid_files/KF954760.1_results/PROKKA_06292018:CDS	Replication initiation protein	KF954760.1:49-804	NEJAGNII_00001

DiscRep_SUB:FEATURE_LOCATION_CONFLICT::Coding region xref gene does not exist
plasmid_files/KF954760.1_results/PROKKA_06292018:CDS	hypothetical protein	KF954760.1:c2430-892	NEJAGNII_00002

DiscRep_SUB:FEATURE_LOCATION_CONFLICT::Coding region xref gene does not exist
plasmid_files/KF954760.1_results/PROKKA_06292018:CDS	hypothetical protein	KF954760.1:c2826-2479	NEJAGNII_00003

DiscRep_SUB:FEATURE_LOCATION_CONFLICT::Coding region xref gene does not exist
plasmid_files/KF954760.1_results/PROKKA_06292018:CDS	hypothetical protein	KF954760.1:c3227-2823	NEJAGNII_00004

DiscRep_SUB:FEATURE_LOCATION_CONFLICT::Coding region xref gene does not exist
plasmid_files/KF954760.1_results/PROKKA_06292018:CDS	Plasmid partition protein A	KF954760.1:4009-5214	NEJAGNII_00005

DiscRep_SUB:FEATURE_LOCATION_CONFLICT::Coding region xref gene does not exist
plasmid_files/KF954760.1_results/PROKKA_06292018:CDS	Virulence regulon transcriptional activator VirB	KF954760.1:5214-6188	NEJAGNII_00006

DiscRep_SUB:FEATURE_LOCATION_CONFLICT::Coding region xref gene does not exist
plasmid_files/KF954760.1_results/PROKKA_06292018:CDS	Protein UmuC	KF954760.1:c7541-6270	NEJAGNII_00007

DiscRep_SUB:FEATURE_LOCATION_CONFLICT::Coding region xref gene does not exist
plasmid_files/KF954760.1_results/PROKKA_06292018:CDS	Protein UmuD	KF954760.1:c7972-7541	NEJAGNII_00008

DiscRep_SUB:FEATURE_LOCATION_CONFLICT::Coding region xref gene does not exist
plasmid_files/KF954760.1_results/PROKKA_06292018:CDS	Plasmid segregation protein ParM	KF954760.1:8205-9176	NEJAGNII_00009

DiscRep_SUB:FEATURE_LOCATION_CONFLICT::Coding region xref gene does not exist
plasmid_files/KF954760.1_results/PROKKA_06292018:CDS	hypothetical protein	KF954760.1:9179-9850	NEJAGNII_00010

DiscRep_SUB:FEATURE_LOCATION_CONFLICT::Coding region xref gene does not exist
plasmid_files/KF954760.1_results/PROKKA_06292018:CDS	hypothetical protein	KF954760.1:9912-10142	NEJAGNII_00011

DiscRep_SUB:FEATURE_LOCATION_CONFLICT::Coding region xref gene does not exist
plasmid_files/KF954760.1_results/PROKKA_06292018:CDS	DNA adenine methyltransferase YhdJ	KF954760.1:10504-11280	NEJAGNII_00012

DiscRep_SUB:FEATURE_LOCATION_CONFLICT::Coding region xref gene does not exist
plasmid_files/KF954760.1_results/PROKKA_06292018:CDS	hypothetical protein	KF954760.1:11280-11501	NEJAGNII_00013

DiscRep_SUB:FEATURE_LOCATION_CONFLICT::Coding region xref gene does not exist
plasmid_files/KF954760.1_results/PROKKA_06292018:CDS	hypothetical protein	KF954760.1:11511-11930	NEJAGNII_00014

DiscRep_SUB:FEATURE_LOCATION_CONFLICT::Coding region xref gene does not exist
plasmid_files/KF954760.1_results/PROKKA_06292018:CDS	hypothetical protein	KF954760.1:11984-12751	NEJAGNII_00015

DiscRep_SUB:FEATURE_LOCATION_CONFLICT::Coding region xref gene does not exist
plasmid_files/KF954760.1_results/PROKKA_06292018:CDS	Antirestriction protein KlcA	KF954760.1:13432-13860	NEJAGNII_00016

DiscRep_SUB:FEATURE_LOCATION_CONFLICT::Coding region xref gene does not exist
plasmid_files/KF954760.1_results/PROKKA_06292018:CDS	hypothetical protein	KF954760.1:13903-14409	NEJAGNII_00017

DiscRep_SUB:FEATURE_LOCATION_CONFLICT::Coding region xref gene does not exist
plasmid_files/KF954760.1_results/PROKKA_06292018:CDS	hypothetical protein	KF954760.1:14452-14643	NEJAGNII_00018

DiscRep_SUB:FEATURE_LOCATION_CONFLICT::Coding region xref gene does not exist
plasmid_files/KF954760.1_results/PROKKA_06292018:CDS	DNA polymerase III subunit theta	KF954760.1:14831-15094	NEJAGNII_00019

DiscRep_SUB:FEATURE_LOCATION_CONFLICT::Coding region xref gene does not exist
plasmid_files/KF954760.1_results/PROKKA_06292018:CDS	hypothetical protein	KF954760.1:15119-15439	NEJAGNII_00020

DiscRep_SUB:FEATURE_LOCATION_CONFLICT::Coding region xref gene does not exist
plasmid_files/KF954760.1_results/PROKKA_06292018:CDS	Plasmid-derived single-stranded DNA-binding protein	KF954760.1:16240-16797	NEJAGNII_00021

DiscRep_SUB:FEATURE_LOCATION_CONFLICT::Coding region xref gene does not exist
plasmid_files/KF954760.1_results/PROKKA_06292018:CDS	hypothetical protein	KF954760.1:16847-17095	NEJAGNII_00022

DiscRep_SUB:FEATURE_LOCATION_CONFLICT::Coding region xref gene does not exist
plasmid_files/KF954760.1_results/PROKKA_06292018:CDS	Chromosome-partitioning protein Spo0J	KF954760.1:17164-19164	NEJAGNII_00023

DiscRep_SUB:FEATURE_LOCATION_CONFLICT::Coding region xref gene does not exist
plasmid_files/KF954760.1_results/PROKKA_06292018:CDS	Protein PsiB	KF954760.1:19208-19639	NEJAGNII_00024

DiscRep_SUB:FEATURE_LOCATION_CONFLICT::Coding region xref gene does not exist
plasmid_files/KF954760.1_results/PROKKA_06292018:CDS	hypothetical protein	KF954760.1:19636-20364	NEJAGNII_00025

DiscRep_SUB:FEATURE_LOCATION_CONFLICT::Coding region xref gene does not exist
plasmid_files/KF954760.1_results/PROKKA_06292018:CDS	hypothetical protein	KF954760.1:20361-20684	NEJAGNII_00026

DiscRep_SUB:FEATURE_LOCATION_CONFLICT::Coding region xref gene does not exist
plasmid_files/KF954760.1_results/PROKKA_06292018:CDS	hypothetical protein	KF954760.1:21480-21707	NEJAGNII_00027

DiscRep_SUB:FEATURE_LOCATION_CONFLICT::Coding region xref gene does not exist
plasmid_files/KF954760.1_results/PROKKA_06292018:CDS	hypothetical protein	KF954760.1:21800-22030	NEJAGNII_00028

DiscRep_SUB:FEATURE_LOCATION_CONFLICT::Coding region xref gene does not exist
plasmid_files/KF954760.1_results/PROKKA_06292018:CDS	hypothetical protein	KF954760.1:22079-22954	NEJAGNII_00029

DiscRep_SUB:FEATURE_LOCATION_CONFLICT::Coding region xref gene does not exist
plasmid_files/KF954760.1_results/PROKKA_06292018:CDS	hypothetical protein	KF954760.1:23740-24078	NEJAGNII_00030

DiscRep_SUB:FEATURE_LOCATION_CONFLICT::Coding region xref gene does not exist
plasmid_files/KF954760.1_results/PROKKA_06292018:CDS	hypothetical protein	KF954760.1:24134-24481	NEJAGNII_00031

DiscRep_SUB:FEATURE_LOCATION_CONFLICT::Coding region xref gene does not exist
plasmid_files/KF954760.1_results/PROKKA_06292018:CDS	hypothetical protein	KF954760.1:24574-24720	NEJAGNII_00032

DiscRep_SUB:FEATURE_LOCATION_CONFLICT::Coding region xref gene does not exist
plasmid_files/KF954760.1_results/PROKKA_06292018:CDS	hypothetical protein	KF954760.1:24768-25310	NEJAGNII_00033

DiscRep_SUB:FEATURE_LOCATION_CONFLICT::Coding region xref gene does not exist
plasmid_files/KF954760.1_results/PROKKA_06292018:CDS	Antirestriction protein KlcA	KF954760.1:25353-25895	NEJAGNII_00034

DiscRep_SUB:FEATURE_LOCATION_CONFLICT::Coding region xref gene does not exist
plasmid_files/KF954760.1_results/PROKKA_06292018:CDS	hypothetical protein	KF954760.1:c26401-25919	NEJAGNII_00035

DiscRep_SUB:FEATURE_LOCATION_CONFLICT::Coding region xref gene does not exist
plasmid_files/KF954760.1_results/PROKKA_06292018:CDS	Relaxosome protein TraM	KF954760.1:26847-27239	NEJAGNII_00036

DiscRep_SUB:FEATURE_LOCATION_CONFLICT::Coding region xref gene does not exist
plasmid_files/KF954760.1_results/PROKKA_06292018:CDS	Protein TraJ	KF954760.1:27474-28175	NEJAGNII_00037

DiscRep_SUB:FEATURE_LOCATION_CONFLICT::Coding region xref gene does not exist
plasmid_files/KF954760.1_results/PROKKA_06292018:CDS	Relaxosome protein TraY	KF954760.1:28261-28461	NEJAGNII_00038

DiscRep_SUB:FEATURE_LOCATION_CONFLICT::Coding region xref gene does not exist
plasmid_files/KF954760.1_results/PROKKA_06292018:CDS	Pilin	KF954760.1:28530-28898	NEJAGNII_00039

DiscRep_SUB:FEATURE_LOCATION_CONFLICT::Coding region xref gene does not exist
plasmid_files/KF954760.1_results/PROKKA_06292018:CDS	hypothetical protein	KF954760.1:28912-29217	NEJAGNII_00040

DiscRep_SUB:FEATURE_LOCATION_CONFLICT::Coding region xref gene does not exist
plasmid_files/KF954760.1_results/PROKKA_06292018:CDS	hypothetical protein	KF954760.1:29237-29803	NEJAGNII_00041

DiscRep_SUB:FEATURE_LOCATION_CONFLICT::Coding region xref gene does not exist
plasmid_files/KF954760.1_results/PROKKA_06292018:CDS	hypothetical protein	KF954760.1:29790-30530	NEJAGNII_00042

DiscRep_SUB:FEATURE_LOCATION_CONFLICT::Coding region xref gene does not exist
plasmid_files/KF954760.1_results/PROKKA_06292018:CDS	hypothetical protein	KF954760.1:30530-31954	NEJAGNII_00043

DiscRep_SUB:FEATURE_LOCATION_CONFLICT::Coding region xref gene does not exist
plasmid_files/KF954760.1_results/PROKKA_06292018:CDS	Protein TraV	KF954760.1:32068-32652	NEJAGNII_00044

DiscRep_SUB:FEATURE_LOCATION_CONFLICT::Coding region xref gene does not exist
plasmid_files/KF954760.1_results/PROKKA_06292018:CDS	hypothetical protein	KF954760.1:32784-33194	NEJAGNII_00045

DiscRep_SUB:FEATURE_LOCATION_CONFLICT::Coding region xref gene does not exist
plasmid_files/KF954760.1_results/PROKKA_06292018:CDS	hypothetical protein	KF954760.1:33300-33518	NEJAGNII_00046

DiscRep_SUB:FEATURE_LOCATION_CONFLICT::Coding region xref gene does not exist
plasmid_files/KF954760.1_results/PROKKA_06292018:CDS	hypothetical protein	KF954760.1:33519-33830	NEJAGNII_00047

DiscRep_SUB:FEATURE_LOCATION_CONFLICT::Coding region xref gene does not exist
plasmid_files/KF954760.1_results/PROKKA_06292018:CDS	hypothetical protein	KF954760.1:34586-34732	NEJAGNII_00048

DiscRep_SUB:FEATURE_LOCATION_CONFLICT::Coding region xref gene does not exist
plasmid_files/KF954760.1_results/PROKKA_06292018:CDS	hypothetical protein	KF954760.1:34746-35138	NEJAGNII_00049

DiscRep_SUB:FEATURE_LOCATION_CONFLICT::Coding region xref gene does not exist
plasmid_files/KF954760.1_results/PROKKA_06292018:CDS	Protein TraC	KF954760.1:35210-37849	NEJAGNII_00050

DiscRep_SUB:FEATURE_LOCATION_CONFLICT::Coding region xref gene does not exist
plasmid_files/KF954760.1_results/PROKKA_06292018:CDS	hypothetical protein	KF954760.1:37849-38241	NEJAGNII_00051

DiscRep_SUB:FEATURE_LOCATION_CONFLICT::Coding region xref gene does not exist
plasmid_files/KF954760.1_results/PROKKA_06292018:CDS	hypothetical protein	KF954760.1:38238-38873	NEJAGNII_00052

DiscRep_SUB:FEATURE_LOCATION_CONFLICT::Coding region xref gene does not exist
plasmid_files/KF954760.1_results/PROKKA_06292018:CDS	hypothetical protein	KF954760.1:38908-39309	NEJAGNII_00053

DiscRep_SUB:FEATURE_LOCATION_CONFLICT::Coding region xref gene does not exist
plasmid_files/KF954760.1_results/PROKKA_06292018:CDS	hypothetical protein	KF954760.1:39306-40295	NEJAGNII_00054

DiscRep_SUB:FEATURE_LOCATION_CONFLICT::Coding region xref gene does not exist
plasmid_files/KF954760.1_results/PROKKA_06292018:CDS	hypothetical protein	KF954760.1:40308-40946	NEJAGNII_00055

DiscRep_SUB:FEATURE_LOCATION_CONFLICT::Coding region xref gene does not exist
plasmid_files/KF954760.1_results/PROKKA_06292018:CDS	hypothetical protein	KF954760.1:41005-42960	NEJAGNII_00056

DiscRep_SUB:FEATURE_LOCATION_CONFLICT::Coding region xref gene does not exist
plasmid_files/KF954760.1_results/PROKKA_06292018:CDS	hypothetical protein	KF954760.1:42992-43246	NEJAGNII_00057

DiscRep_SUB:FEATURE_LOCATION_CONFLICT::Coding region xref gene does not exist
plasmid_files/KF954760.1_results/PROKKA_06292018:CDS	hypothetical protein	KF954760.1:43206-43472	NEJAGNII_00058

DiscRep_SUB:FEATURE_LOCATION_CONFLICT::Coding region xref gene does not exist
plasmid_files/KF954760.1_results/PROKKA_06292018:CDS	hypothetical protein	KF954760.1:43485-43811	NEJAGNII_00059

DiscRep_SUB:FEATURE_LOCATION_CONFLICT::Coding region xref gene does not exist
plasmid_files/KF954760.1_results/PROKKA_06292018:CDS	hypothetical protein	KF954760.1:43832-44584	NEJAGNII_00060

DiscRep_SUB:FEATURE_LOCATION_CONFLICT::Coding region xref gene does not exist
plasmid_files/KF954760.1_results/PROKKA_06292018:CDS	Protein TraQ	KF954760.1:44595-44834	NEJAGNII_00061

DiscRep_SUB:FEATURE_LOCATION_CONFLICT::Coding region xref gene does not exist
plasmid_files/KF954760.1_results/PROKKA_06292018:CDS	hypothetical protein	KF954760.1:44806-45363	NEJAGNII_00062

DiscRep_SUB:FEATURE_LOCATION_CONFLICT::Coding region xref gene does not exist
plasmid_files/KF954760.1_results/PROKKA_06292018:CDS	hypothetical protein	KF954760.1:45409-45852	NEJAGNII_00063

DiscRep_SUB:FEATURE_LOCATION_CONFLICT::Coding region xref gene does not exist
plasmid_files/KF954760.1_results/PROKKA_06292018:CDS	hypothetical protein	KF954760.1:45842-47209	NEJAGNII_00064

DiscRep_SUB:FEATURE_LOCATION_CONFLICT::Coding region xref gene does not exist
plasmid_files/KF954760.1_results/PROKKA_06292018:CDS	hypothetical protein	KF954760.1:47209-50058	NEJAGNII_00065

DiscRep_SUB:FEATURE_LOCATION_CONFLICT::Coding region xref gene does not exist
plasmid_files/KF954760.1_results/PROKKA_06292018:CDS	Protein TraS	KF954760.1:50071-50619	NEJAGNII_00066

DiscRep_SUB:FEATURE_LOCATION_CONFLICT::Coding region xref gene does not exist
plasmid_files/KF954760.1_results/PROKKA_06292018:CDS	Lipoprotein YlpA	KF954760.1:50803-51534	NEJAGNII_00067

DiscRep_SUB:FEATURE_LOCATION_CONFLICT::Coding region xref gene does not exist
plasmid_files/KF954760.1_results/PROKKA_06292018:CDS	hypothetical protein	KF954760.1:51726-52415	NEJAGNII_00068

DiscRep_SUB:FEATURE_LOCATION_CONFLICT::Coding region xref gene does not exist
plasmid_files/KF954760.1_results/PROKKA_06292018:CDS	Coupling protein TraD	KF954760.1:52544-54856	NEJAGNII_00069

DiscRep_SUB:FEATURE_LOCATION_CONFLICT::Coding region xref gene does not exist
plasmid_files/KF954760.1_results/PROKKA_06292018:CDS	Multifunctional conjugation protein TraI	KF954760.1:54856-60117	NEJAGNII_00070

DiscRep_SUB:FEATURE_LOCATION_CONFLICT::Coding region xref gene does not exist
plasmid_files/KF954760.1_results/PROKKA_06292018:CDS	hypothetical protein	KF954760.1:60198-60923	NEJAGNII_00071

DiscRep_SUB:FEATURE_LOCATION_CONFLICT::Coding region xref gene does not exist
plasmid_files/KF954760.1_results/PROKKA_06292018:CDS	Fertility inhibition protein	KF954760.1:61080-61673	NEJAGNII_00072

DiscRep_SUB:FEATURE_LOCATION_CONFLICT::Coding region xref gene does not exist
plasmid_files/KF954760.1_results/PROKKA_06292018:CDS	hypothetical protein	KF954760.1:61840-62436	NEJAGNII_00073

DiscRep_SUB:FEATURE_LOCATION_CONFLICT::Coding region xref gene does not exist
plasmid_files/KF954760.1_results/PROKKA_06292018:CDS	hypothetical protein	KF954760.1:62486-63109	NEJAGNII_00074

DiscRep_SUB:FEATURE_LOCATION_CONFLICT::Coding region xref gene does not exist
plasmid_files/KF954760.1_results/PROKKA_06292018:CDS	hypothetical protein	KF954760.1:63115-63765	NEJAGNII_00075

DiscRep_SUB:FEATURE_LOCATION_CONFLICT::Coding region xref gene does not exist
plasmid_files/KF954760.1_results/PROKKA_06292018:CDS	hypothetical protein	KF954760.1:63762-64070	NEJAGNII_00076

DiscRep_SUB:FEATURE_LOCATION_CONFLICT::Coding region xref gene does not exist
plasmid_files/KF954760.1_results/PROKKA_06292018:CDS	Phospholipase D	KF954760.1:64168-64725	NEJAGNII_00077

DiscRep_SUB:FEATURE_LOCATION_CONFLICT::Coding region xref gene does not exist
plasmid_files/KF954760.1_results/PROKKA_06292018:CDS	hypothetical protein	KF954760.1:64857-65114	NEJAGNII_00078

DiscRep_SUB:FEATURE_LOCATION_CONFLICT::Coding region xref gene does not exist
plasmid_files/KF954760.1_results/PROKKA_06292018:CDS	Replication initiation protein	KF954760.1:65427-66446	NEJAGNII_00079

DiscRep_SUB:FEATURE_LOCATION_CONFLICT::Coding region xref gene does not exist
plasmid_files/KF954760.1_results/PROKKA_06292018:CDS	hypothetical protein	KF954760.1:67462-68367	NEJAGNII_00080

DiscRep_SUB:FEATURE_LOCATION_CONFLICT::Coding region xref gene does not exist
plasmid_files/KF954760.1_results/PROKKA_06292018:CDS	hypothetical protein	KF954760.1:68517-69317	NEJAGNII_00081

DiscRep_SUB:FEATURE_LOCATION_CONFLICT::Coding region xref gene does not exist
plasmid_files/KF954760.1_results/PROKKA_06292018:CDS	Recombination-promoting nuclease RpnA	KF954760.1:c70310-69357	NEJAGNII_00082

DiscRep_SUB:FEATURE_LOCATION_CONFLICT::Coding region xref gene does not exist
plasmid_files/KF954760.1_results/PROKKA_06292018:CDS	Serine recombinase PinR	KF954760.1:c71005-70418	NEJAGNII_00083

DiscRep_SUB:FEATURE_LOCATION_CONFLICT::Coding region xref gene does not exist
plasmid_files/KF954760.1_results/PROKKA_06292018:CDS	hypothetical protein	KF954760.1:71545-72063	NEJAGNII_00084

DiscRep_SUB:FEATURE_LOCATION_CONFLICT::Coding region xref gene does not exist
plasmid_files/KF954760.1_results/PROKKA_06292018:CDS	Iron-sulfur cluster carrier protein	KF954760.1:72393-73040	NEJAGNII_00085

DiscRep_SUB:FEATURE_LOCATION_CONFLICT::Coding region xref gene does not exist
plasmid_files/KF954760.1_results/PROKKA_06292018:CDS	hypothetical protein	KF954760.1:73031-73306	NEJAGNII_00086

DiscRep_SUB:FEATURE_LOCATION_CONFLICT::Coding region xref gene does not exist
plasmid_files/KF954760.1_results/PROKKA_06292018:CDS	hypothetical protein	KF954760.1:c73707-73507	NEJAGNII_00087

DiscRep_SUB:FEATURE_LOCATION_CONFLICT::Coding region xref gene does not exist
plasmid_files/KF954760.1_results/PROKKA_06292018:CDS	Protein UmuC	KF954760.1:c75080-73809	NEJAGNII_00088

DiscRep_SUB:FEATURE_LOCATION_CONFLICT::Coding region xref gene does not exist
plasmid_files/KF954760.1_results/PROKKA_06292018:CDS	Protein UmuD	KF954760.1:c75553-75092	NEJAGNII_00089

DiscRep_SUB:FEATURE_LOCATION_CONFLICT::Coding region xref gene does not exist
plasmid_files/KF954760.1_results/PROKKA_06292018:CDS	hypothetical protein	KF954760.1:c75783-75538	NEJAGNII_00090

DiscRep_SUB:FEATURE_LOCATION_CONFLICT::Coding region xref gene does not exist
plasmid_files/KF954760.1_results/PROKKA_06292018:CDS	hypothetical protein	KF954760.1:75987-76217	NEJAGNII_00091

DiscRep_SUB:FEATURE_LOCATION_CONFLICT::Coding region xref gene does not exist
plasmid_files/KF954760.1_results/PROKKA_06292018:CDS	hypothetical protein	KF954760.1:76336-76512	NEJAGNII_00092

DiscRep_SUB:FEATURE_LOCATION_CONFLICT::Coding region xref gene does not exist
plasmid_files/KF954760.1_results/PROKKA_06292018:CDS	hypothetical protein	KF954760.1:76653-77585	NEJAGNII_00093

DiscRep_SUB:FEATURE_LOCATION_CONFLICT::Coding region xref gene does not exist
plasmid_files/KF954760.1_results/PROKKA_06292018:CDS	hypothetical protein	KF954760.1:77620-77853	NEJAGNII_00094

DiscRep_SUB:FEATURE_LOCATION_CONFLICT::Coding region xref gene does not exist
plasmid_files/KF954760.1_results/PROKKA_06292018:CDS	hypothetical protein	KF954760.1:77850-78185	NEJAGNII_00095

DiscRep_SUB:FEATURE_LOCATION_CONFLICT::Coding region xref gene does not exist
plasmid_files/KF954760.1_results/PROKKA_06292018:CDS	DNA adenine methyltransferase YhdJ	KF954760.1:78496-79272	NEJAGNII_00096

DiscRep_SUB:FEATURE_LOCATION_CONFLICT::Coding region xref gene does not exist
plasmid_files/KF954760.1_results/PROKKA_06292018:CDS	hypothetical protein	KF954760.1:79272-79493	NEJAGNII_00097

DiscRep_SUB:FEATURE_LOCATION_CONFLICT::Coding region xref gene does not exist
plasmid_files/KF954760.1_results/PROKKA_06292018:CDS	hypothetical protein	KF954760.1:79503-79922	NEJAGNII_00098

DiscRep_SUB:FEATURE_LOCATION_CONFLICT::Coding region xref gene does not exist
plasmid_files/KF954760.1_results/PROKKA_06292018:CDS	hypothetical protein	KF954760.1:79976-80743	NEJAGNII_00099

DiscRep_SUB:FEATURE_LOCATION_CONFLICT::Coding region xref gene does not exist
plasmid_files/KF954760.1_results/PROKKA_06292018:CDS	Antirestriction protein KlcA	KF954760.1:81424-81852	NEJAGNII_00100

DiscRep_SUB:FEATURE_LOCATION_CONFLICT::Coding region xref gene does not exist
plasmid_files/KF954760.1_results/PROKKA_06292018:CDS	hypothetical protein	KF954760.1:81897-82403	NEJAGNII_00101

DiscRep_SUB:FEATURE_LOCATION_CONFLICT::Coding region xref gene does not exist
plasmid_files/KF954760.1_results/PROKKA_06292018:CDS	hypothetical protein	KF954760.1:82446-82637	NEJAGNII_00102

DiscRep_SUB:FEATURE_LOCATION_CONFLICT::Coding region xref gene does not exist
plasmid_files/KF954760.1_results/PROKKA_06292018:CDS	DNA polymerase III subunit theta	KF954760.1:82825-83085	NEJAGNII_00103

DiscRep_SUB:FEATURE_LOCATION_CONFLICT::Coding region xref gene does not exist
plasmid_files/KF954760.1_results/PROKKA_06292018:CDS	hypothetical protein	KF954760.1:83121-83441	NEJAGNII_00104

DiscRep_SUB:FEATURE_LOCATION_CONFLICT::Coding region xref gene does not exist
plasmid_files/KF954760.1_results/PROKKA_06292018:CDS	Plasmid-derived single-stranded DNA-binding protein	KF954760.1:84116-84658	NEJAGNII_00105

DiscRep_SUB:FEATURE_LOCATION_CONFLICT::Coding region xref gene does not exist
plasmid_files/KF954760.1_results/PROKKA_06292018:CDS	hypothetical protein	KF954760.1:84707-84955	NEJAGNII_00106

DiscRep_SUB:FEATURE_LOCATION_CONFLICT::Coding region xref gene does not exist
plasmid_files/KF954760.1_results/PROKKA_06292018:CDS	Chromosome-partitioning protein Spo0J	KF954760.1:85024-87024	NEJAGNII_00107

DiscRep_SUB:FEATURE_LOCATION_CONFLICT::Coding region xref gene does not exist
plasmid_files/KF954760.1_results/PROKKA_06292018:CDS	Protein PsiB	KF954760.1:87069-87500	NEJAGNII_00108

DiscRep_SUB:FEATURE_LOCATION_CONFLICT::Coding region xref gene does not exist
plasmid_files/KF954760.1_results/PROKKA_06292018:CDS	hypothetical protein	KF954760.1:87497-88225	NEJAGNII_00109

DiscRep_SUB:FEATURE_LOCATION_CONFLICT::Coding region xref gene does not exist
plasmid_files/KF954760.1_results/PROKKA_06292018:CDS	hypothetical protein	KF954760.1:88222-88548	NEJAGNII_00110

DiscRep_SUB:FEATURE_LOCATION_CONFLICT::Coding region xref gene does not exist
plasmid_files/KF954760.1_results/PROKKA_06292018:CDS	hypothetical protein	KF954760.1:88737-89246	NEJAGNII_00111

DiscRep_SUB:FEATURE_LOCATION_CONFLICT::Coding region xref gene does not exist
plasmid_files/KF954760.1_results/PROKKA_06292018:CDS	hypothetical protein	KF954760.1:89303-90112	NEJAGNII_00112

DiscRep_SUB:FEATURE_LOCATION_CONFLICT::Coding region xref gene does not exist
plasmid_files/KF954760.1_results/PROKKA_06292018:CDS	ATP-dependent zinc metalloprotease FtsH	KF954760.1:90282-91322	NEJAGNII_00113

DiscRep_SUB:FEATURE_LOCATION_CONFLICT::Coding region xref gene does not exist
plasmid_files/KF954760.1_results/PROKKA_06292018:CDS	hypothetical protein	KF954760.1:91471-93810	NEJAGNII_00114

DiscRep_SUB:FEATURE_LOCATION_CONFLICT::Coding region xref gene does not exist
plasmid_files/KF954760.1_results/PROKKA_06292018:CDS	hypothetical protein	KF954760.1:c95776-94244	NEJAGNII_00115

DiscRep_SUB:FEATURE_LOCATION_CONFLICT::Coding region xref gene does not exist
plasmid_files/KF954760.1_results/PROKKA_06292018:CDS	hypothetical protein	KF954760.1:95865-97205	NEJAGNII_00116

DiscRep_SUB:FEATURE_LOCATION_CONFLICT::Coding region xref gene does not exist
plasmid_files/KF954760.1_results/PROKKA_06292018:CDS	Protein YgiW	KF954760.1:c97871-97461	NEJAGNII_00117

DiscRep_SUB:FEATURE_LOCATION_CONFLICT::Coding region xref gene does not exist
plasmid_files/KF954760.1_results/PROKKA_06292018:CDS	Nickel/cobalt efflux system RcnA	KF954760.1:c99175-98045	NEJAGNII_00118

DiscRep_SUB:FEATURE_LOCATION_CONFLICT::Coding region xref gene does not exist
plasmid_files/KF954760.1_results/PROKKA_06292018:CDS	Copper-sensing transcriptional repressor CsoR	KF954760.1:c99457-99188	NEJAGNII_00119

DiscRep_SUB:FEATURE_LOCATION_CONFLICT::Coding region xref gene does not exist
plasmid_files/KF954760.1_results/PROKKA_06292018:CDS	Multidrug resistance protein MdtG	KF954760.1:c100861-99563	NEJAGNII_00120

DiscRep_SUB:FEATURE_LOCATION_CONFLICT::Coding region xref gene does not exist
plasmid_files/KF954760.1_results/PROKKA_06292018:CDS	hypothetical protein	KF954760.1:c101853-101095	NEJAGNII_00121

DiscRep_SUB:FEATURE_LOCATION_CONFLICT::Coding region xref gene does not exist
plasmid_files/KF954760.1_results/PROKKA_06292018:CDS	hypothetical protein	KF954760.1:c102827-101907	NEJAGNII_00122

DiscRep_SUB:FEATURE_LOCATION_CONFLICT::Coding region xref gene does not exist
plasmid_files/KF954760.1_results/PROKKA_06292018:CDS	hypothetical protein	KF954760.1:c103261-102890	NEJAGNII_00123

DiscRep_SUB:FEATURE_LOCATION_CONFLICT::Coding region xref gene does not exist
plasmid_files/KF954760.1_results/PROKKA_06292018:CDS	Protein ChrB	KF954760.1:103608-103991	NEJAGNII_00124

DiscRep_SUB:FEATURE_LOCATION_CONFLICT::Coding region xref gene does not exist
plasmid_files/KF954760.1_results/PROKKA_06292018:CDS	hypothetical protein	KF954760.1:104173-105492	NEJAGNII_00125

DiscRep_SUB:FEATURE_LOCATION_CONFLICT::Coding region xref gene does not exist
plasmid_files/KF954760.1_results/PROKKA_06292018:CDS	Carbapenem-hydrolyzing beta-lactamase KPC	KF954760.1:c106623-105742	NEJAGNII_00126

DiscRep_SUB:FEATURE_LOCATION_CONFLICT::Coding region xref gene does not exist
plasmid_files/KF954760.1_results/PROKKA_06292018:CDS	hypothetical protein	KF954760.1:c106945-106652	NEJAGNII_00127

DiscRep_SUB:FEATURE_LOCATION_CONFLICT::Coding region xref gene does not exist
plasmid_files/KF954760.1_results/PROKKA_06292018:CDS	Insertion sequence IS5376 putative ATP-binding protein	KF954760.1:c107721-106942	NEJAGNII_00128

DiscRep_SUB:FEATURE_LOCATION_CONFLICT::Coding region xref gene does not exist
plasmid_files/KF954760.1_results/PROKKA_06292018:CDS	hypothetical protein	KF954760.1:c108743-107718	NEJAGNII_00129

DiscRep_SUB:FEATURE_LOCATION_CONFLICT::Coding region xref gene does not exist
plasmid_files/KF954760.1_results/PROKKA_06292018:CDS	hypothetical protein	KF954760.1:c111879-108850	NEJAGNII_00130

DiscRep_SUB:FEATURE_LOCATION_CONFLICT::Coding region xref gene does not exist
plasmid_files/KF954760.1_results/PROKKA_06292018:CDS	Tyrosine recombinase XerD	KF954760.1:111989-113704	NEJAGNII_00131

DiscRep_SUB:FEATURE_LOCATION_CONFLICT::Coding region xref gene does not exist
plasmid_files/KF954760.1_results/PROKKA_06292018:CDS	hypothetical protein	KF954760.1:c114655-113747	NEJAGNII_00132

DiscRep_SUB:FEATURE_LOCATION_CONFLICT::Coding region xref gene does not exist
plasmid_files/KF954760.1_results/PROKKA_06292018:CDS	Transposon Tn3 resolvase	KF954760.1:114819-115376	NEJAGNII_00133

DiscRep_SUB:FEATURE_LOCATION_CONFLICT::Coding region xref gene does not exist
plasmid_files/KF954760.1_results/PROKKA_06292018:CDS	Aminoglycoside N(6')-acetyltransferase type 1	KF954760.1:115559-116164	NEJAGNII_00134

DiscRep_SUB:FEATURE_LOCATION_CONFLICT::Coding region xref gene does not exist
plasmid_files/KF954760.1_results/PROKKA_06292018:CDS	Streptomycin 3''-adenylyltransferase	KF954760.1:116246-117022	NEJAGNII_00135

DiscRep_SUB:FEATURE_LOCATION_CONFLICT::Coding region xref gene does not exist
plasmid_files/KF954760.1_results/PROKKA_06292018:CDS	Beta-lactamase OXA-18	KF954760.1:117082-117906	NEJAGNII_00136

DiscRep_SUB:FEATURE_LOCATION_CONFLICT::Coding region xref gene does not exist
plasmid_files/KF954760.1_results/PROKKA_06292018:CDS	Beta-lactamase TEM	KF954760.1:118606-119466	NEJAGNII_00137

DiscRep_SUB:FEATURE_LOCATION_CONFLICT::Coding region xref gene does not exist
plasmid_files/KF954760.1_results/PROKKA_06292018:CDS	hypothetical protein	KF954760.1:119676-120215	NEJAGNII_00138

DiscRep_SUB:FEATURE_LOCATION_CONFLICT::Coding region xref gene does not exist
plasmid_files/KF954760.1_results/PROKKA_06292018:CDS	hypothetical protein	KF954760.1:c121023-120187	NEJAGNII_00139

DiscRep_SUB:FEATURE_LOCATION_CONFLICT::Coding region xref gene does not exist
plasmid_files/KF954760.1_results/PROKKA_06292018:CDS	Aminoglycoside 3'-phosphotransferase	KF954760.1:c121826-121023	NEJAGNII_00140

DiscRep_SUB:FEATURE_LOCATION_CONFLICT::Coding region xref gene does not exist
plasmid_files/KF954760.1_results/PROKKA_06292018:CDS	Dihydropteroate synthase	KF954760.1:c122702-121887	NEJAGNII_00141

DiscRep_SUB:FEATURE_LOCATION_CONFLICT::Coding region xref gene does not exist
plasmid_files/KF954760.1_results/PROKKA_06292018:CDS	hypothetical protein	KF954760.1:123032-123208	NEJAGNII_00142

DiscRep_SUB:FEATURE_LOCATION_CONFLICT::Coding region xref gene does not exist
plasmid_files/KF954760.1_results/PROKKA_06292018:CDS	hypothetical protein	KF954760.1:c124394-123390	NEJAGNII_00143

DiscRep_SUB:FEATURE_LOCATION_CONFLICT::Coding region xref gene does not exist
plasmid_files/KF954760.1_results/PROKKA_06292018:CDS	hypothetical protein	KF954760.1:c126179-124473	NEJAGNII_00144

DiscRep_SUB:FEATURE_LOCATION_CONFLICT::Coding region xref gene does not exist
plasmid_files/KF954760.1_results/PROKKA_06292018:CDS	hypothetical protein	KF954760.1:c126995-126291	NEJAGNII_00145

DiscRep_SUB:FEATURE_LOCATION_CONFLICT::Coding region xref gene does not exist
plasmid_files/KF954760.1_results/PROKKA_06292018:CDS	hypothetical protein	KF954760.1:127109-127336	NEJAGNII_00146

DiscRep_SUB:FEATURE_LOCATION_CONFLICT::Coding region xref gene does not exist
plasmid_files/KF954760.1_results/PROKKA_06292018:CDS	hypothetical protein	KF954760.1:127372-127683	NEJAGNII_00147

DiscRep_SUB:FEATURE_LOCATION_CONFLICT::Coding region xref gene does not exist
plasmid_files/KF954760.1_results/PROKKA_06292018:CDS	hypothetical protein	KF954760.1:127733-128380	NEJAGNII_00148

DiscRep_SUB:FEATURE_LOCATION_CONFLICT::Coding region xref gene does not exist
plasmid_files/KF954760.1_results/PROKKA_06292018:CDS	hypothetical protein	KF954760.1:128385-128591	NEJAGNII_00149

DiscRep_SUB:FEATURE_LOCATION_CONFLICT::Coding region xref gene does not exist
plasmid_files/KF954760.1_results/PROKKA_06292018:CDS	hypothetical protein	KF954760.1:c128868-128602	NEJAGNII_00150

DiscRep_SUB:FEATURE_LOCATION_CONFLICT::Coding region xref gene does not exist
plasmid_files/KF954760.1_results/PROKKA_06292018:CDS	DNA-cytosine methyltransferase	KF954760.1:128973-130406	NEJAGNII_00151

DiscRep_SUB:FEATURE_LOCATION_CONFLICT::Coding region xref gene does not exist
plasmid_files/KF954760.1_results/PROKKA_06292018:CDS	Type-2 restriction enzyme EcoRII	KF954760.1:c131654-130440	NEJAGNII_00152

DiscRep_SUB:FEATURE_LOCATION_CONFLICT::Coding region xref gene does not exist
plasmid_files/KF954760.1_results/PROKKA_06292018:CDS	hypothetical protein	KF954760.1:c132679-131915	NEJAGNII_00153

DiscRep_SUB:FEATURE_LOCATION_CONFLICT::Coding region xref gene does not exist
plasmid_files/KF954760.1_results/PROKKA_06292018:CDS	hypothetical protein	KF954760.1:c133088-132822	NEJAGNII_00154

DiscRep_SUB:FEATURE_LOCATION_CONFLICT::Coding region xref gene does not exist
plasmid_files/KF954760.1_results/PROKKA_06292018:CDS	Dihydrofolate reductase type 1	KF954760.1:c133782-133309	NEJAGNII_00155

DiscRep_SUB:FEATURE_LOCATION_CONFLICT::Coding region xref gene does not exist
plasmid_files/KF954760.1_results/PROKKA_06292018:CDS	Tyrosine recombinase XerD	KF954760.1:133938-134867	NEJAGNII_00156

DiscRep_SUB:FEATURE_LOCATION_CONFLICT::Coding region xref gene does not exist
plasmid_files/KF954760.1_results/PROKKA_06292018:CDS	hypothetical protein	KF954760.1:c135462-134758	NEJAGNII_00157

DiscRep_SUB:FEATURE_LOCATION_CONFLICT::Coding region xref gene does not exist
plasmid_files/KF954760.1_results/PROKKA_06292018:CDS	DNA replication and repair protein RecF	KF954760.1:c135745-135509	NEJAGNII_00158

DiscRep_SUB:FEATURE_LOCATION_CONFLICT::Coding region xref gene does not exist
plasmid_files/KF954760.1_results/PROKKA_06292018:CDS	tRNA(fMet)-specific endonuclease VapC	KF954760.1:c136235-135819	NEJAGNII_00159

DiscRep_SUB:FEATURE_LOCATION_CONFLICT::Coding region xref gene does not exist
plasmid_files/KF954760.1_results/PROKKA_06292018:CDS	Antitoxin VapB	KF954760.1:c136462-136232	NEJAGNII_00160

DiscRep_SUB:FEATURE_LOCATION_CONFLICT::Coding region xref gene does not exist
plasmid_files/KF954760.1_results/PROKKA_06292018:CDS	hypothetical protein	KF954760.1:137007-137327	NEJAGNII_00161

DiscRep_SUB:FEATURE_LOCATION_CONFLICT::Coding region xref gene does not exist
plasmid_files/KF954760.1_results/PROKKA_06292018:CDS	hypothetical protein	KF954760.1:137376-138014	NEJAGNII_00162

DiscRep_SUB:FEATURE_LOCATION_CONFLICT::Coding region xref gene does not exist
plasmid_files/KF954760.1_results/PROKKA_06292018:CDS	Tyrosine recombinase XerD	KF954760.1:138017-138802	NEJAGNII_00163

DiscRep_SUB:FEATURE_LOCATION_CONFLICT::Coding region xref gene does not exist
plasmid_files/KF954760.1_results/PROKKA_06292018:CDS	hypothetical protein	KF954760.1:138818-138946	NEJAGNII_00164

DiscRep_SUB:FEATURE_LOCATION_CONFLICT::Coding region xref gene does not exist
plasmid_files/KF954760.1_results/PROKKA_06292018:CDS	hypothetical protein	KF954760.1:c139341-139246	NEJAGNII_00165

DiscRep_ALL:DISC_QUALITY_SCORES::Quality scores are missing on all sequences.

DiscRep_ALL:ONCALLER_COMMENT_PRESENT::1 comment descriptors were found (all same)
plasmid_files/KF954760.1_results/PROKKA_06292018:KF954760.1:Annotated using prokka 1.14-dev from https://github.com/tseemann/prokka

DiscRep_ALL:SHORT_PROT_SEQUENCES::4 protein sequences are shorter than 50 aa.
plasmid_files/KF954760.1_results/PROKKA_06292018:KF954760.1_32 (length 48)
plasmid_files/KF954760.1_results/PROKKA_06292018:KF954760.1_48 (length 48)
plasmid_files/KF954760.1_results/PROKKA_06292018:KF954760.1_164 (length 42)
plasmid_files/KF954760.1_results/PROKKA_06292018:KF954760.1_165 (length 31)

DiscRep_ALL:MISSING_GENOMEASSEMBLY_COMMENTS::1 bioseqs are missing GenomeAssembly structured comments
plasmid_files/KF954760.1_results/PROKKA_06292018:KF954760.1 (length 139941)

DiscRep_ALL:MOLTYPE_NOT_MRNA::1 molecule types are not set as mRNA.
plasmid_files/KF954760.1_results/PROKKA_06292018:KF954760.1 (length 139941)

DiscRep_ALL:TECHNIQUE_NOT_TSA::1 technique are not set as TSA
plasmid_files/KF954760.1_results/PROKKA_06292018:KF954760.1 (length 139941)

DiscRep_ALL:MISSING_STRUCTURED_COMMENT::1 sequences do not include structured comments.
plasmid_files/KF954760.1_results/PROKKA_06292018:KF954760.1 (length 139941)

DiscRep_ALL:MISSING_PROJECT::166 sequences do not include project.
plasmid_files/KF954760.1_results/PROKKA_06292018:KF954760.1 (length 139941)
plasmid_files/KF954760.1_results/PROKKA_06292018:KF954760.1_1 (length 251)
plasmid_files/KF954760.1_results/PROKKA_06292018:KF954760.1_2 (length 512)
plasmid_files/KF954760.1_results/PROKKA_06292018:KF954760.1_3 (length 115)
plasmid_files/KF954760.1_results/PROKKA_06292018:KF954760.1_4 (length 134)
plasmid_files/KF954760.1_results/PROKKA_06292018:KF954760.1_5 (length 401)
plasmid_files/KF954760.1_results/PROKKA_06292018:KF954760.1_6 (length 324)
plasmid_files/KF954760.1_results/PROKKA_06292018:KF954760.1_7 (length 423)
plasmid_files/KF954760.1_results/PROKKA_06292018:KF954760.1_8 (length 143)
plasmid_files/KF954760.1_results/PROKKA_06292018:KF954760.1_9 (length 323)
plasmid_files/KF954760.1_results/PROKKA_06292018:KF954760.1_10 (length 223)
plasmid_files/KF954760.1_results/PROKKA_06292018:KF954760.1_11 (length 76)
plasmid_files/KF954760.1_results/PROKKA_06292018:KF954760.1_12 (length 258)
plasmid_files/KF954760.1_results/PROKKA_06292018:KF954760.1_13 (length 73)
plasmid_files/KF954760.1_results/PROKKA_06292018:KF954760.1_14 (length 139)
plasmid_files/KF954760.1_results/PROKKA_06292018:KF954760.1_15 (length 255)
plasmid_files/KF954760.1_results/PROKKA_06292018:KF954760.1_16 (length 142)
plasmid_files/KF954760.1_results/PROKKA_06292018:KF954760.1_17 (length 168)
plasmid_files/KF954760.1_results/PROKKA_06292018:KF954760.1_18 (length 63)
plasmid_files/KF954760.1_results/PROKKA_06292018:KF954760.1_19 (length 87)
plasmid_files/KF954760.1_results/PROKKA_06292018:KF954760.1_20 (length 106)
plasmid_files/KF954760.1_results/PROKKA_06292018:KF954760.1_21 (length 185)
plasmid_files/KF954760.1_results/PROKKA_06292018:KF954760.1_22 (length 82)
plasmid_files/KF954760.1_results/PROKKA_06292018:KF954760.1_23 (length 666)
plasmid_files/KF954760.1_results/PROKKA_06292018:KF954760.1_24 (length 143)
plasmid_files/KF954760.1_results/PROKKA_06292018:KF954760.1_25 (length 242)
plasmid_files/KF954760.1_results/PROKKA_06292018:KF954760.1_26 (length 107)
plasmid_files/KF954760.1_results/PROKKA_06292018:KF954760.1_27 (length 75)
plasmid_files/KF954760.1_results/PROKKA_06292018:KF954760.1_28 (length 76)
plasmid_files/KF954760.1_results/PROKKA_06292018:KF954760.1_29 (length 291)
plasmid_files/KF954760.1_results/PROKKA_06292018:KF954760.1_30 (length 112)
plasmid_files/KF954760.1_results/PROKKA_06292018:KF954760.1_31 (length 115)
plasmid_files/KF954760.1_results/PROKKA_06292018:KF954760.1_32 (length 48)
plasmid_files/KF954760.1_results/PROKKA_06292018:KF954760.1_33 (length 180)
plasmid_files/KF954760.1_results/PROKKA_06292018:KF954760.1_34 (length 180)
plasmid_files/KF954760.1_results/PROKKA_06292018:KF954760.1_35 (length 160)
plasmid_files/KF954760.1_results/PROKKA_06292018:KF954760.1_36 (length 130)
plasmid_files/KF954760.1_results/PROKKA_06292018:KF954760.1_37 (length 233)
plasmid_files/KF954760.1_results/PROKKA_06292018:KF954760.1_38 (length 66)
plasmid_files/KF954760.1_results/PROKKA_06292018:KF954760.1_39 (length 122)
plasmid_files/KF954760.1_results/PROKKA_06292018:KF954760.1_40 (length 101)
plasmid_files/KF954760.1_results/PROKKA_06292018:KF954760.1_41 (length 188)
plasmid_files/KF954760.1_results/PROKKA_06292018:KF954760.1_42 (length 246)
plasmid_files/KF954760.1_results/PROKKA_06292018:KF954760.1_43 (length 474)
plasmid_files/KF954760.1_results/PROKKA_06292018:KF954760.1_44 (length 194)
plasmid_files/KF954760.1_results/PROKKA_06292018:KF954760.1_45 (length 136)
plasmid_files/KF954760.1_results/PROKKA_06292018:KF954760.1_46 (length 72)
plasmid_files/KF954760.1_results/PROKKA_06292018:KF954760.1_47 (length 103)
plasmid_files/KF954760.1_results/PROKKA_06292018:KF954760.1_48 (length 48)
plasmid_files/KF954760.1_results/PROKKA_06292018:KF954760.1_49 (length 130)
plasmid_files/KF954760.1_results/PROKKA_06292018:KF954760.1_50 (length 879)
plasmid_files/KF954760.1_results/PROKKA_06292018:KF954760.1_51 (length 130)
plasmid_files/KF954760.1_results/PROKKA_06292018:KF954760.1_52 (length 211)
plasmid_files/KF954760.1_results/PROKKA_06292018:KF954760.1_53 (length 133)
plasmid_files/KF954760.1_results/PROKKA_06292018:KF954760.1_54 (length 329)
plasmid_files/KF954760.1_results/PROKKA_06292018:KF954760.1_55 (length 212)
plasmid_files/KF954760.1_results/PROKKA_06292018:KF954760.1_56 (length 651)
plasmid_files/KF954760.1_results/PROKKA_06292018:KF954760.1_57 (length 84)
plasmid_files/KF954760.1_results/PROKKA_06292018:KF954760.1_58 (length 88)
plasmid_files/KF954760.1_results/PROKKA_06292018:KF954760.1_59 (length 108)
plasmid_files/KF954760.1_results/PROKKA_06292018:KF954760.1_60 (length 250)
plasmid_files/KF954760.1_results/PROKKA_06292018:KF954760.1_61 (length 79)
plasmid_files/KF954760.1_results/PROKKA_06292018:KF954760.1_62 (length 185)
plasmid_files/KF954760.1_results/PROKKA_06292018:KF954760.1_63 (length 147)
plasmid_files/KF954760.1_results/PROKKA_06292018:KF954760.1_64 (length 455)
plasmid_files/KF954760.1_results/PROKKA_06292018:KF954760.1_65 (length 949)
plasmid_files/KF954760.1_results/PROKKA_06292018:KF954760.1_66 (length 182)
plasmid_files/KF954760.1_results/PROKKA_06292018:KF954760.1_67 (length 243)
plasmid_files/KF954760.1_results/PROKKA_06292018:KF954760.1_68 (length 229)
plasmid_files/KF954760.1_results/PROKKA_06292018:KF954760.1_69 (length 770)
plasmid_files/KF954760.1_results/PROKKA_06292018:KF954760.1_70 (length 1753)
plasmid_files/KF954760.1_results/PROKKA_06292018:KF954760.1_71 (length 241)
plasmid_files/KF954760.1_results/PROKKA_06292018:KF954760.1_72 (length 197)
plasmid_files/KF954760.1_results/PROKKA_06292018:KF954760.1_73 (length 198)
plasmid_files/KF954760.1_results/PROKKA_06292018:KF954760.1_74 (length 207)
plasmid_files/KF954760.1_results/PROKKA_06292018:KF954760.1_75 (length 216)
plasmid_files/KF954760.1_results/PROKKA_06292018:KF954760.1_76 (length 102)
plasmid_files/KF954760.1_results/PROKKA_06292018:KF954760.1_77 (length 185)
plasmid_files/KF954760.1_results/PROKKA_06292018:KF954760.1_78 (length 85)
plasmid_files/KF954760.1_results/PROKKA_06292018:KF954760.1_79 (length 339)
plasmid_files/KF954760.1_results/PROKKA_06292018:KF954760.1_80 (length 301)
plasmid_files/KF954760.1_results/PROKKA_06292018:KF954760.1_81 (length 266)
plasmid_files/KF954760.1_results/PROKKA_06292018:KF954760.1_82 (length 317)
plasmid_files/KF954760.1_results/PROKKA_06292018:KF954760.1_83 (length 195)
plasmid_files/KF954760.1_results/PROKKA_06292018:KF954760.1_84 (length 172)
plasmid_files/KF954760.1_results/PROKKA_06292018:KF954760.1_85 (length 215)
plasmid_files/KF954760.1_results/PROKKA_06292018:KF954760.1_86 (length 91)
plasmid_files/KF954760.1_results/PROKKA_06292018:KF954760.1_87 (length 66)
plasmid_files/KF954760.1_results/PROKKA_06292018:KF954760.1_88 (length 423)
plasmid_files/KF954760.1_results/PROKKA_06292018:KF954760.1_89 (length 153)
plasmid_files/KF954760.1_results/PROKKA_06292018:KF954760.1_90 (length 81)
plasmid_files/KF954760.1_results/PROKKA_06292018:KF954760.1_91 (length 76)
plasmid_files/KF954760.1_results/PROKKA_06292018:KF954760.1_92 (length 58)
plasmid_files/KF954760.1_results/PROKKA_06292018:KF954760.1_93 (length 310)
plasmid_files/KF954760.1_results/PROKKA_06292018:KF954760.1_94 (length 77)
plasmid_files/KF954760.1_results/PROKKA_06292018:KF954760.1_95 (length 111)
plasmid_files/KF954760.1_results/PROKKA_06292018:KF954760.1_96 (length 258)
plasmid_files/KF954760.1_results/PROKKA_06292018:KF954760.1_97 (length 73)
plasmid_files/KF954760.1_results/PROKKA_06292018:KF954760.1_98 (length 139)
plasmid_files/KF954760.1_results/PROKKA_06292018:KF954760.1_99 (length 255)
plasmid_files/KF954760.1_results/PROKKA_06292018:KF954760.1_100 (length 142)
plasmid_files/KF954760.1_results/PROKKA_06292018:KF954760.1_101 (length 168)
plasmid_files/KF954760.1_results/PROKKA_06292018:KF954760.1_102 (length 63)
plasmid_files/KF954760.1_results/PROKKA_06292018:KF954760.1_103 (length 86)
plasmid_files/KF954760.1_results/PROKKA_06292018:KF954760.1_104 (length 106)
plasmid_files/KF954760.1_results/PROKKA_06292018:KF954760.1_105 (length 180)
plasmid_files/KF954760.1_results/PROKKA_06292018:KF954760.1_106 (length 82)
plasmid_files/KF954760.1_results/PROKKA_06292018:KF954760.1_107 (length 666)
plasmid_files/KF954760.1_results/PROKKA_06292018:KF954760.1_108 (length 143)
plasmid_files/KF954760.1_results/PROKKA_06292018:KF954760.1_109 (length 242)
plasmid_files/KF954760.1_results/PROKKA_06292018:KF954760.1_110 (length 108)
plasmid_files/KF954760.1_results/PROKKA_06292018:KF954760.1_111 (length 169)
plasmid_files/KF954760.1_results/PROKKA_06292018:KF954760.1_112 (length 269)
plasmid_files/KF954760.1_results/PROKKA_06292018:KF954760.1_113 (length 346)
plasmid_files/KF954760.1_results/PROKKA_06292018:KF954760.1_114 (length 779)
plasmid_files/KF954760.1_results/PROKKA_06292018:KF954760.1_115 (length 510)
plasmid_files/KF954760.1_results/PROKKA_06292018:KF954760.1_116 (length 446)
plasmid_files/KF954760.1_results/PROKKA_06292018:KF954760.1_117 (length 136)
plasmid_files/KF954760.1_results/PROKKA_06292018:KF954760.1_118 (length 376)
plasmid_files/KF954760.1_results/PROKKA_06292018:KF954760.1_119 (length 89)
plasmid_files/KF954760.1_results/PROKKA_06292018:KF954760.1_120 (length 432)
plasmid_files/KF954760.1_results/PROKKA_06292018:KF954760.1_121 (length 252)
plasmid_files/KF954760.1_results/PROKKA_06292018:KF954760.1_122 (length 306)
plasmid_files/KF954760.1_results/PROKKA_06292018:KF954760.1_123 (length 123)
plasmid_files/KF954760.1_results/PROKKA_06292018:KF954760.1_124 (length 127)
plasmid_files/KF954760.1_results/PROKKA_06292018:KF954760.1_125 (length 439)
plasmid_files/KF954760.1_results/PROKKA_06292018:KF954760.1_126 (length 293)
plasmid_files/KF954760.1_results/PROKKA_06292018:KF954760.1_127 (length 97)
plasmid_files/KF954760.1_results/PROKKA_06292018:KF954760.1_128 (length 259)
plasmid_files/KF954760.1_results/PROKKA_06292018:KF954760.1_129 (length 341)
plasmid_files/KF954760.1_results/PROKKA_06292018:KF954760.1_130 (length 1009)
plasmid_files/KF954760.1_results/PROKKA_06292018:KF954760.1_131 (length 571)
plasmid_files/KF954760.1_results/PROKKA_06292018:KF954760.1_132 (length 302)
plasmid_files/KF954760.1_results/PROKKA_06292018:KF954760.1_133 (length 185)
plasmid_files/KF954760.1_results/PROKKA_06292018:KF954760.1_134 (length 201)
plasmid_files/KF954760.1_results/PROKKA_06292018:KF954760.1_135 (length 258)
plasmid_files/KF954760.1_results/PROKKA_06292018:KF954760.1_136 (length 274)
plasmid_files/KF954760.1_results/PROKKA_06292018:KF954760.1_137 (length 286)
plasmid_files/KF954760.1_results/PROKKA_06292018:KF954760.1_138 (length 179)
plasmid_files/KF954760.1_results/PROKKA_06292018:KF954760.1_139 (length 278)
plasmid_files/KF954760.1_results/PROKKA_06292018:KF954760.1_140 (length 267)
plasmid_files/KF954760.1_results/PROKKA_06292018:KF954760.1_141 (length 271)
plasmid_files/KF954760.1_results/PROKKA_06292018:KF954760.1_142 (length 58)
plasmid_files/KF954760.1_results/PROKKA_06292018:KF954760.1_143 (length 334)
plasmid_files/KF954760.1_results/PROKKA_06292018:KF954760.1_144 (length 568)
plasmid_files/KF954760.1_results/PROKKA_06292018:KF954760.1_145 (length 234)
plasmid_files/KF954760.1_results/PROKKA_06292018:KF954760.1_146 (length 75)
plasmid_files/KF954760.1_results/PROKKA_06292018:KF954760.1_147 (length 103)
plasmid_files/KF954760.1_results/PROKKA_06292018:KF954760.1_148 (length 215)
plasmid_files/KF954760.1_results/PROKKA_06292018:KF954760.1_149 (length 68)
plasmid_files/KF954760.1_results/PROKKA_06292018:KF954760.1_150 (length 88)
plasmid_files/KF954760.1_results/PROKKA_06292018:KF954760.1_151 (length 477)
plasmid_files/KF954760.1_results/PROKKA_06292018:KF954760.1_152 (length 404)
plasmid_files/KF954760.1_results/PROKKA_06292018:KF954760.1_153 (length 254)
plasmid_files/KF954760.1_results/PROKKA_06292018:KF954760.1_154 (length 88)
plasmid_files/KF954760.1_results/PROKKA_06292018:KF954760.1_155 (length 157)
plasmid_files/KF954760.1_results/PROKKA_06292018:KF954760.1_156 (length 309)
plasmid_files/KF954760.1_results/PROKKA_06292018:KF954760.1_157 (length 234)
plasmid_files/KF954760.1_results/PROKKA_06292018:KF954760.1_158 (length 78)
plasmid_files/KF954760.1_results/PROKKA_06292018:KF954760.1_159 (length 138)
plasmid_files/KF954760.1_results/PROKKA_06292018:KF954760.1_160 (length 76)
plasmid_files/KF954760.1_results/PROKKA_06292018:KF954760.1_161 (length 106)
plasmid_files/KF954760.1_results/PROKKA_06292018:KF954760.1_162 (length 212)
plasmid_files/KF954760.1_results/PROKKA_06292018:KF954760.1_163 (length 261)
plasmid_files/KF954760.1_results/PROKKA_06292018:KF954760.1_164 (length 42)
plasmid_files/KF954760.1_results/PROKKA_06292018:KF954760.1_165 (length 31)

DiscRep_ALL:DISC_INCONSISTENT_MOLINFO_TECH::Molinfo Technique Report (some missing, all same)
DiscRep_SUB:DISC_INCONSISTENT_MOLINFO_TECH::technique (all missing)
DiscRep_SUB:DISC_INCONSISTENT_MOLINFO_TECH::1 Molinfos are missing field technique
plasmid_files/KF954760.1_results/PROKKA_06292018:KF954760.1 (length 139941)

