[09:56:42] This is prokka 1.14-dev
[09:56:42] Written by Torsten Seemann <torsten.seemann@gmail.com>
[09:56:42] Homepage is https://github.com/tseemann/prokka
[09:56:42] Local time is Fri Jun 29 09:56:42 2018
[09:56:42] You are christian
[09:56:42] Operating system is linux
[09:56:42] You have BioPerl 1.007002
[09:56:42] System has 20 cores.
[09:56:42] Will use maximum of 20 cores.
[09:56:42] Annotating as >>> Bacteria <<<
[09:56:42] Generating locus_tag from 'plasmid_files/CP008791.1.fasta' contents.
[09:56:42] Setting --locustag KMHKINJO from MD5 46142738be0e82b06d7eee1eb55680f7
[09:56:42] Creating new output folder: plasmid_files/CP008791.1_results
[09:56:42] Running: mkdir -p plasmid_files\/CP008791\.1_results
[09:56:42] Using filename prefix: PROKKA_06292018.XXX
[09:56:42] Setting HMMER_NCPU=1
[09:56:42] Writing log to: plasmid_files/CP008791.1_results/PROKKA_06292018.log
[09:56:42] Command: /home/christian/install/prokka/bin/prokka plasmid_files/CP008791.1.fasta --outdir plasmid_files/CP008791.1_results --cpus 20
[09:56:42] Appending to PATH: /home/christian/install/prokka/bin/../binaries/linux
[09:56:42] Appending to PATH: /home/christian/install/prokka/bin/../binaries/linux/../common
[09:56:42] Appending to PATH: /home/christian/install/prokka/bin
[09:56:42] Looking for 'aragorn' - found /home/christian/install/prokka/bin/../binaries/linux/aragorn
[09:56:42] Determined aragorn version is 1.2
[09:56:42] Looking for 'blastp' - found /usr/bin/blastp
[09:56:42] Determined blastp version is 2.2
[09:56:42] Looking for 'cmpress' - found /usr/local/bin/cmpress
[09:56:42] Determined cmpress version is 1.1
[09:56:42] Looking for 'cmscan' - found /usr/local/bin/cmscan
[09:56:42] Determined cmscan version is 1.1
[09:56:42] Looking for 'egrep' - found /bin/egrep
[09:56:42] Looking for 'find' - found /usr/bin/find
[09:56:42] Looking for 'grep' - found /bin/grep
[09:56:42] Looking for 'hmmpress' - found /usr/local/bin/hmmpress
[09:56:42] Determined hmmpress version is 3.1
[09:56:42] Looking for 'hmmscan' - found /usr/local/bin/hmmscan
[09:56:42] Determined hmmscan version is 3.1
[09:56:42] Looking for 'java' - found /usr/bin/java
[09:56:42] Looking for 'less' - found /usr/bin/less
[09:56:42] Looking for 'makeblastdb' - found /usr/bin/makeblastdb
[09:56:42] Determined makeblastdb version is 2.2
[09:56:42] Looking for 'minced' - found /home/christian/install/prokka/bin/../binaries/linux/../common/minced
[09:56:42] Determined minced version is 2.0
[09:56:42] Looking for 'parallel' - found /usr/bin/parallel
[09:56:42] Determined parallel version is 20141022
[09:56:42] Looking for 'prodigal' - found /usr/local/bin/prodigal
[09:56:42] Determined prodigal version is 2.6
[09:56:42] Looking for 'prokka-genbank_to_fasta_db' - found /home/christian/install/prokka/bin/prokka-genbank_to_fasta_db
[09:56:42] Looking for 'sed' - found /bin/sed
[09:56:42] Looking for 'tbl2asn' - found /home/christian/install/prokka/bin/../binaries/linux/tbl2asn
[09:56:42] Determined tbl2asn version is 25.6
[09:56:42] Using genetic code table 11.
[09:56:42] Loading and checking input file: plasmid_files/CP008791.1.fasta
[09:56:42] Wrote 1 contigs totalling 205586 bp.
[09:56:42] Predicting tRNAs and tmRNAs
[09:56:42] Running: aragorn -l -gc11  -w plasmid_files\/CP008791\.1_results\/PROKKA_06292018\.fna
[09:56:42] Found 0 tRNAs
[09:56:42] Predicting Ribosomal RNAs
[09:56:42] You need either Barrnap or RNAmmer installed to predict rRNAs!
[09:56:42] Skipping ncRNA search, enable with --rfam if desired.
[09:56:42] Total of 0 tRNA + rRNA features
[09:56:42] Searching for CRISPR repeats
[09:56:43] Found 0 CRISPRs
[09:56:43] Predicting coding sequences
[09:56:43] Contigs total 205586 bp, so using single mode
[09:56:43] Running: prodigal -i plasmid_files\/CP008791\.1_results\/PROKKA_06292018\.fna -c -m -g 11 -p single -f sco -q
[09:56:43] Found 233 CDS
[09:56:43] Connecting features back to sequences
[09:56:43] Not using genus-specific database. Try --usegenus to enable it.
[09:56:43] Annotating CDS, please be patient.
[09:56:43] Will use 20 CPUs for similarity searching.
[09:56:43] There are still 233 unannotated CDS left (started with 233)
[09:56:43] Will use blast to search against /home/christian/install/prokka/db/kingdom/Bacteria/sprot with 20 CPUs
[09:56:43] Running: cat plasmid_files\/CP008791\.1_results\/sprot\.faa | parallel --gnu --plain -j 20 --block 1455 --recstart '>' --pipe blastp -query - -db /home/christian/install/prokka/db/kingdom/Bacteria/sprot -evalue 1e-06 -num_threads 1 -num_descriptions 1 -num_alignments 1 -seg no > plasmid_files\/CP008791\.1_results\/sprot\.blast 2> /dev/null
[09:56:44] Modify product: UPF0401 protein YkfF => hypothetical protein
[09:56:44] Modify product: UPF0401 protein YkfF => hypothetical protein
[09:56:44] Cleaned 2 /product names
[09:56:44] Deleting unwanted file: plasmid_files/CP008791.1_results/sprot.faa
[09:56:44] Deleting unwanted file: plasmid_files/CP008791.1_results/sprot.blast
[09:56:44] There are still 155 unannotated CDS left (started with 233)
[09:56:44] Will use hmmer3 to search against /home/christian/install/prokka/db/hmm/HAMAP.hmm with 20 CPUs
[09:56:44] Running: cat plasmid_files\/CP008791\.1_results\/HAMAP\.hmm\.faa | parallel --gnu --plain -j 20 --block 854 --recstart '>' --pipe hmmscan --noali --notextw --acc -E 1e-06 --cpu 1 /home/christian/install/prokka/db/hmm/HAMAP.hmm /dev/stdin > plasmid_files\/CP008791\.1_results\/HAMAP\.hmm\.hmmer3 2> /dev/null
[09:56:45] Deleting unwanted file: plasmid_files/CP008791.1_results/HAMAP.hmm.faa
[09:56:45] Deleting unwanted file: plasmid_files/CP008791.1_results/HAMAP.hmm.hmmer3
[09:56:45] Labelling remaining 154 proteins as 'hypothetical protein'
[09:56:45] Found 45 unique /gene codes.
[09:56:45] Fixed 3 duplicate /gene - traM_1 traM_2 traM_3
[09:56:45] Fixed 2 duplicate /gene - frmR_1 frmR_2
[09:56:45] Fixed 2 duplicate /gene - frmB_1 frmB_2
[09:56:45] Fixed 2 duplicate /gene - psiB_1 psiB_2
[09:56:45] Fixed 2 duplicate /gene - traV_1 traV_2
[09:56:45] Fixed 2 duplicate /gene - traQ_1 traQ_2
[09:56:45] Fixed 3 duplicate /gene - repA_1 repA_2 repA_3
[09:56:45] Fixed 2 duplicate /gene - yhdJ_1 yhdJ_2
[09:56:45] Fixed 2 duplicate /gene - pld_1 pld_2
[09:56:45] Fixed 2 duplicate /gene - umuD_1 umuD_2
[09:56:45] Fixed 2 duplicate /gene - spo0C_1 spo0C_2
[09:56:45] Fixed 2 duplicate /gene - bin3_1 bin3_2
[09:56:45] Fixed 2 duplicate /gene - traC_1 traC_2
[09:56:45] Fixed 2 duplicate /gene - traD_1 traD_2
[09:56:45] Fixed 2 duplicate /gene - traA_1 traA_2
[09:56:45] Fixed 2 duplicate /gene - umuC_1 umuC_2
[09:56:45] Fixed 3 duplicate /gene - xerD_1 xerD_2 xerD_3
[09:56:45] Fixed 2 duplicate /gene - finO_1 finO_2
[09:56:45] Fixed 2 duplicate /gene - ssb_1 ssb_2
[09:56:45] Fixed 4 duplicate /gene - bla_1 bla_2 bla_3 bla_4
[09:56:45] Fixed 2 duplicate /gene - traI_1 traI_2
[09:56:45] Fixed 2 duplicate /gene - traS_1 traS_2
[09:56:45] Fixed 2 duplicate /gene - frmA_1 frmA_2
[09:56:45] Fixed 3 duplicate /gene - klcA_1 klcA_2 klcA_3
[09:56:45] Fixed 24 colliding /gene names.
[09:56:45] Adding /locus_tag identifiers
[09:56:45] Assigned 233 locus_tags to CDS and RNA features.
[09:56:45] Writing outputs to plasmid_files/CP008791.1_results/
[09:56:46] Generating annotation statistics file
[09:56:46] Generating Genbank and Sequin files
[09:56:46] Running: tbl2asn -V b -a r10k -l paired-ends -M n -N 1 -y 'Annotated using prokka 1.14-dev from https://github.com/tseemann/prokka' -Z plasmid_files\/CP008791\.1_results\/PROKKA_06292018\.err -i plasmid_files\/CP008791\.1_results\/PROKKA_06292018\.fsa 2> /dev/null
[09:56:46] Deleting unwanted file: plasmid_files/CP008791.1_results/errorsummary.val
[09:56:46] Deleting unwanted file: plasmid_files/CP008791.1_results/PROKKA_06292018.dr
[09:56:46] Deleting unwanted file: plasmid_files/CP008791.1_results/PROKKA_06292018.fixedproducts
[09:56:46] Deleting unwanted file: plasmid_files/CP008791.1_results/PROKKA_06292018.ecn
[09:56:46] Deleting unwanted file: plasmid_files/CP008791.1_results/PROKKA_06292018.val
[09:56:46] Repairing broken .GBK output that tbl2asn produces...
[09:56:46] Running: sed 's/COORDINATES: profile/COORDINATES:profile/' < plasmid_files\/CP008791\.1_results\/PROKKA_06292018\.gbf > plasmid_files\/CP008791\.1_results\/PROKKA_06292018\.gbk
[09:56:46] Deleting unwanted file: plasmid_files/CP008791.1_results/PROKKA_06292018.gbf
[09:56:46] Output files:
[09:56:46] plasmid_files/CP008791.1_results/PROKKA_06292018.sqn
[09:56:46] plasmid_files/CP008791.1_results/PROKKA_06292018.fsa
[09:56:46] plasmid_files/CP008791.1_results/PROKKA_06292018.tbl
[09:56:46] plasmid_files/CP008791.1_results/PROKKA_06292018.log
[09:56:46] plasmid_files/CP008791.1_results/PROKKA_06292018.gff
[09:56:46] plasmid_files/CP008791.1_results/PROKKA_06292018.txt
[09:56:46] plasmid_files/CP008791.1_results/PROKKA_06292018.gbk
[09:56:46] plasmid_files/CP008791.1_results/PROKKA_06292018.faa
[09:56:46] plasmid_files/CP008791.1_results/PROKKA_06292018.fna
[09:56:46] plasmid_files/CP008791.1_results/PROKKA_06292018.tsv
[09:56:46] plasmid_files/CP008791.1_results/PROKKA_06292018.ffn
[09:56:46] plasmid_files/CP008791.1_results/PROKKA_06292018.err
[09:56:46] Annotation finished successfully.
[09:56:46] Walltime used: 0.07 minutes
[09:56:46] If you use this result please cite the Prokka paper:
[09:56:46] Seemann T (2014) Prokka: rapid prokaryotic genome annotation. Bioinformatics. 30(14):2068-9.
[09:56:46] Type 'prokka --citation' for more details.
[09:56:46] Thank you, come again.
