[10:04:58] This is prokka 1.14-dev
[10:04:58] Written by Torsten Seemann <torsten.seemann@gmail.com>
[10:04:58] Homepage is https://github.com/tseemann/prokka
[10:04:58] Local time is Fri Jun 29 10:04:58 2018
[10:04:58] You are christian
[10:04:58] Operating system is linux
[10:04:58] You have BioPerl 1.007002
[10:04:58] System has 20 cores.
[10:04:58] Will use maximum of 20 cores.
[10:04:58] Annotating as >>> Bacteria <<<
[10:04:58] Generating locus_tag from 'plasmid_files/CP026213.1.fasta' contents.
[10:04:58] Setting --locustag GFLAFPCI from MD5 0f5af9c23963ba98161dae927590d856
[10:04:58] Creating new output folder: plasmid_files/CP026213.1_results
[10:04:58] Running: mkdir -p plasmid_files\/CP026213\.1_results
[10:04:58] Using filename prefix: PROKKA_06292018.XXX
[10:04:58] Setting HMMER_NCPU=1
[10:04:58] Writing log to: plasmid_files/CP026213.1_results/PROKKA_06292018.log
[10:04:58] Command: /home/christian/install/prokka/bin/prokka plasmid_files/CP026213.1.fasta --outdir plasmid_files/CP026213.1_results --cpus 20
[10:04:58] Appending to PATH: /home/christian/install/prokka/bin/../binaries/linux
[10:04:58] Appending to PATH: /home/christian/install/prokka/bin/../binaries/linux/../common
[10:04:58] Appending to PATH: /home/christian/install/prokka/bin
[10:04:58] Looking for 'aragorn' - found /home/christian/install/prokka/bin/../binaries/linux/aragorn
[10:04:58] Determined aragorn version is 1.2
[10:04:58] Looking for 'blastp' - found /usr/bin/blastp
[10:04:58] Determined blastp version is 2.2
[10:04:58] Looking for 'cmpress' - found /usr/local/bin/cmpress
[10:04:58] Determined cmpress version is 1.1
[10:04:58] Looking for 'cmscan' - found /usr/local/bin/cmscan
[10:04:58] Determined cmscan version is 1.1
[10:04:58] Looking for 'egrep' - found /bin/egrep
[10:04:58] Looking for 'find' - found /usr/bin/find
[10:04:58] Looking for 'grep' - found /bin/grep
[10:04:58] Looking for 'hmmpress' - found /usr/local/bin/hmmpress
[10:04:58] Determined hmmpress version is 3.1
[10:04:58] Looking for 'hmmscan' - found /usr/local/bin/hmmscan
[10:04:58] Determined hmmscan version is 3.1
[10:04:58] Looking for 'java' - found /usr/bin/java
[10:04:58] Looking for 'less' - found /usr/bin/less
[10:04:58] Looking for 'makeblastdb' - found /usr/bin/makeblastdb
[10:04:58] Determined makeblastdb version is 2.2
[10:04:58] Looking for 'minced' - found /home/christian/install/prokka/bin/../binaries/linux/../common/minced
[10:04:58] Determined minced version is 2.0
[10:04:58] Looking for 'parallel' - found /usr/bin/parallel
[10:04:58] Determined parallel version is 20141022
[10:04:58] Looking for 'prodigal' - found /usr/local/bin/prodigal
[10:04:58] Determined prodigal version is 2.6
[10:04:58] Looking for 'prokka-genbank_to_fasta_db' - found /home/christian/install/prokka/bin/prokka-genbank_to_fasta_db
[10:04:58] Looking for 'sed' - found /bin/sed
[10:04:58] Looking for 'tbl2asn' - found /home/christian/install/prokka/bin/../binaries/linux/tbl2asn
[10:04:58] Determined tbl2asn version is 25.6
[10:04:58] Using genetic code table 11.
[10:04:58] Loading and checking input file: plasmid_files/CP026213.1.fasta
[10:04:58] Wrote 1 contigs totalling 221962 bp.
[10:04:58] Predicting tRNAs and tmRNAs
[10:04:58] Running: aragorn -l -gc11  -w plasmid_files\/CP026213\.1_results\/PROKKA_06292018\.fna
[10:04:58] Found 0 tRNAs
[10:04:58] Predicting Ribosomal RNAs
[10:04:58] You need either Barrnap or RNAmmer installed to predict rRNAs!
[10:04:58] Skipping ncRNA search, enable with --rfam if desired.
[10:04:58] Total of 0 tRNA + rRNA features
[10:04:58] Searching for CRISPR repeats
[10:04:58] Found 0 CRISPRs
[10:04:58] Predicting coding sequences
[10:04:58] Contigs total 221962 bp, so using single mode
[10:04:58] Running: prodigal -i plasmid_files\/CP026213\.1_results\/PROKKA_06292018\.fna -c -m -g 11 -p single -f sco -q
[10:04:59] Found 290 CDS
[10:04:59] Connecting features back to sequences
[10:04:59] Not using genus-specific database. Try --usegenus to enable it.
[10:04:59] Annotating CDS, please be patient.
[10:04:59] Will use 20 CPUs for similarity searching.
[10:04:59] There are still 290 unannotated CDS left (started with 290)
[10:04:59] Will use blast to search against /home/christian/install/prokka/db/kingdom/Bacteria/sprot with 20 CPUs
[10:04:59] Running: cat plasmid_files\/CP026213\.1_results\/sprot\.faa | parallel --gnu --plain -j 20 --block 1582 --recstart '>' --pipe blastp -query - -db /home/christian/install/prokka/db/kingdom/Bacteria/sprot -evalue 1e-06 -num_threads 1 -num_descriptions 1 -num_alignments 1 -seg no > plasmid_files\/CP026213\.1_results\/sprot\.blast 2> /dev/null
[10:05:00] Modify product: Probable metallo-hydrolase BURPS1710b_2304 => putative metallo-hydrolase
[10:05:00] Modify product: UPF0394 membrane protein XF_0766 => hypothetical protein
[10:05:00] Modify product: UPF0394 membrane protein XF_0765 => hypothetical protein
[10:05:00] Modify product: Uncharacterized protein HI_1349 => putative protein
[10:05:00] Modify product: Probable manganese-dependent inorganic pyrophosphatase => putative manganese-dependent inorganic pyrophosphatase
[10:05:00] Cleaned 5 /product names
[10:05:00] Deleting unwanted file: plasmid_files/CP026213.1_results/sprot.faa
[10:05:00] Deleting unwanted file: plasmid_files/CP026213.1_results/sprot.blast
[10:05:00] There are still 200 unannotated CDS left (started with 290)
[10:05:00] Will use hmmer3 to search against /home/christian/install/prokka/db/hmm/HAMAP.hmm with 20 CPUs
[10:05:00] Running: cat plasmid_files\/CP026213\.1_results\/HAMAP\.hmm\.faa | parallel --gnu --plain -j 20 --block 891 --recstart '>' --pipe hmmscan --noali --notextw --acc -E 1e-06 --cpu 1 /home/christian/install/prokka/db/hmm/HAMAP.hmm /dev/stdin > plasmid_files\/CP026213\.1_results\/HAMAP\.hmm\.hmmer3 2> /dev/null
[10:05:01] Deleting unwanted file: plasmid_files/CP026213.1_results/HAMAP.hmm.faa
[10:05:01] Deleting unwanted file: plasmid_files/CP026213.1_results/HAMAP.hmm.hmmer3
[10:05:01] Labelling remaining 199 proteins as 'hypothetical protein'
[10:05:01] Possible /pseudo 'Arsenate reductase' at CP026213.1 position 213592
[10:05:01] Found 70 unique /gene codes.
[10:05:01] Fixed 3 duplicate /gene - arsC_1 arsC_2 arsC_3
[10:05:01] Fixed 2 duplicate /gene - virB4_1 virB4_2
[10:05:01] Fixed 2 duplicate /gene - pld_1 pld_2
[10:05:01] Fixed 3 duplicate /gene - dhaK_1 dhaK_2 dhaK_3
[10:05:01] Fixed 2 duplicate /gene - ecoRIIR_1 ecoRIIR_2
[10:05:01] Fixed 2 duplicate /gene - dhaD_1 dhaD_2
[10:05:01] Fixed 2 duplicate /gene - virB8_1 virB8_2
[10:05:01] Fixed 2 duplicate /gene - virB9_1 virB9_2
[10:05:01] Fixed 2 duplicate /gene - dhaR_1 dhaR_2
[10:05:01] Fixed 2 duplicate /gene - dcm_1 dcm_2
[10:05:01] Fixed 10 colliding /gene names.
[10:05:01] Adding /locus_tag identifiers
[10:05:01] Assigned 290 locus_tags to CDS and RNA features.
[10:05:01] Writing outputs to plasmid_files/CP026213.1_results/
[10:05:02] Generating annotation statistics file
[10:05:02] Generating Genbank and Sequin files
[10:05:02] Running: tbl2asn -V b -a r10k -l paired-ends -M n -N 1 -y 'Annotated using prokka 1.14-dev from https://github.com/tseemann/prokka' -Z plasmid_files\/CP026213\.1_results\/PROKKA_06292018\.err -i plasmid_files\/CP026213\.1_results\/PROKKA_06292018\.fsa 2> /dev/null
[10:05:02] Deleting unwanted file: plasmid_files/CP026213.1_results/errorsummary.val
[10:05:02] Deleting unwanted file: plasmid_files/CP026213.1_results/PROKKA_06292018.dr
[10:05:02] Deleting unwanted file: plasmid_files/CP026213.1_results/PROKKA_06292018.fixedproducts
[10:05:02] Deleting unwanted file: plasmid_files/CP026213.1_results/PROKKA_06292018.ecn
[10:05:02] Deleting unwanted file: plasmid_files/CP026213.1_results/PROKKA_06292018.val
[10:05:02] Repairing broken .GBK output that tbl2asn produces...
[10:05:02] Running: sed 's/COORDINATES: profile/COORDINATES:profile/' < plasmid_files\/CP026213\.1_results\/PROKKA_06292018\.gbf > plasmid_files\/CP026213\.1_results\/PROKKA_06292018\.gbk
[10:05:02] Deleting unwanted file: plasmid_files/CP026213.1_results/PROKKA_06292018.gbf
[10:05:02] Output files:
[10:05:02] plasmid_files/CP026213.1_results/PROKKA_06292018.sqn
[10:05:02] plasmid_files/CP026213.1_results/PROKKA_06292018.fsa
[10:05:02] plasmid_files/CP026213.1_results/PROKKA_06292018.tbl
[10:05:02] plasmid_files/CP026213.1_results/PROKKA_06292018.log
[10:05:02] plasmid_files/CP026213.1_results/PROKKA_06292018.gff
[10:05:02] plasmid_files/CP026213.1_results/PROKKA_06292018.txt
[10:05:02] plasmid_files/CP026213.1_results/PROKKA_06292018.gbk
[10:05:02] plasmid_files/CP026213.1_results/PROKKA_06292018.faa
[10:05:02] plasmid_files/CP026213.1_results/PROKKA_06292018.fna
[10:05:02] plasmid_files/CP026213.1_results/PROKKA_06292018.tsv
[10:05:02] plasmid_files/CP026213.1_results/PROKKA_06292018.ffn
[10:05:02] plasmid_files/CP026213.1_results/PROKKA_06292018.err
[10:05:02] Annotation finished successfully.
[10:05:02] Walltime used: 0.07 minutes
[10:05:02] If you use this result please cite the Prokka paper:
[10:05:02] Seemann T (2014) Prokka: rapid prokaryotic genome annotation. Bioinformatics. 30(14):2068-9.
[10:05:02] Type 'prokka --citation' for more details.
[10:05:02] Thank you, come again.
