Discrepancy Report Results

Summary
FATAL: MISSING_PROTEIN_ID:13 proteins have invalid IDs.
DISC_SOURCE_QUALS_ASNDISC:strain (all present, all unique)
DISC_SOURCE_QUALS_ASNDISC:taxname (all present, all unique)
DISC_FEATURE_COUNT:CDS: 13 present
DISC_COUNT_NUCLEOTIDES:1 nucleotide Bioseqs are present
FEATURE_LOCATION_CONFLICT:13 features have inconsistent gene locations.
DISC_QUALITY_SCORES:Quality scores are missing on all sequences.
ONCALLER_COMMENT_PRESENT:1 comment descriptors were found (all same)
MISSING_GENOMEASSEMBLY_COMMENTS:1 bioseqs are missing GenomeAssembly structured comments
MOLTYPE_NOT_MRNA:1 molecule types are not set as mRNA.
TECHNIQUE_NOT_TSA:1 technique are not set as TSA
MISSING_STRUCTURED_COMMENT:1 sequences do not include structured comments.
MISSING_PROJECT:14 sequences do not include project.
DISC_INCONSISTENT_MOLINFO_TECH:Molinfo Technique Report (some missing, all same)


Detailed Report

FATAL: DiscRep_ALL:MISSING_PROTEIN_ID::13 proteins have invalid IDs.
plasmid_files/KF826293.1_results/PROKKA_06292018:KF826293.1_1 (length 988)
plasmid_files/KF826293.1_results/PROKKA_06292018:KF826293.1_2 (length 186)
plasmid_files/KF826293.1_results/PROKKA_06292018:KF826293.1_3 (length 186)
plasmid_files/KF826293.1_results/PROKKA_06292018:KF826293.1_4 (length 92)
plasmid_files/KF826293.1_results/PROKKA_06292018:KF826293.1_5 (length 141)
plasmid_files/KF826293.1_results/PROKKA_06292018:KF826293.1_6 (length 51)
plasmid_files/KF826293.1_results/PROKKA_06292018:KF826293.1_7 (length 98)
plasmid_files/KF826293.1_results/PROKKA_06292018:KF826293.1_8 (length 326)
plasmid_files/KF826293.1_results/PROKKA_06292018:KF826293.1_9 (length 293)
plasmid_files/KF826293.1_results/PROKKA_06292018:KF826293.1_10 (length 326)
plasmid_files/KF826293.1_results/PROKKA_06292018:KF826293.1_11 (length 133)
plasmid_files/KF826293.1_results/PROKKA_06292018:KF826293.1_12 (length 234)
plasmid_files/KF826293.1_results/PROKKA_06292018:KF826293.1_13 (length 422)

DiscRep_ALL:DISC_SOURCE_QUALS_ASNDISC::strain (all present, all unique)
DiscRep_SUB:DISC_SOURCE_QUALS_ASNDISC::1 sources have unique values for strain
DiscRep_ALL:DISC_SOURCE_QUALS_ASNDISC::taxname (all present, all unique)
DiscRep_SUB:DISC_SOURCE_QUALS_ASNDISC::1 sources have unique values for taxname
DiscRep_ALL:DISC_FEATURE_COUNT::CDS: 13 present
DiscRep_ALL:DISC_COUNT_NUCLEOTIDES::1 nucleotide Bioseqs are present
plasmid_files/KF826293.1_results/PROKKA_06292018:KF826293.1 (length 12966)

DiscRep_ALL:FEATURE_LOCATION_CONFLICT::13 features have inconsistent gene locations.
DiscRep_SUB:FEATURE_LOCATION_CONFLICT::Coding region xref gene does not exist
plasmid_files/KF826293.1_results/PROKKA_06292018:CDS	hypothetical protein	KF826293.1:c3252-286	COJCNGLN_00001

DiscRep_SUB:FEATURE_LOCATION_CONFLICT::Coding region xref gene does not exist
plasmid_files/KF826293.1_results/PROKKA_06292018:CDS	DNA-invertase hin	KF826293.1:c3816-3256	COJCNGLN_00002

DiscRep_SUB:FEATURE_LOCATION_CONFLICT::Coding region xref gene does not exist
plasmid_files/KF826293.1_results/PROKKA_06292018:CDS	hypothetical protein	KF826293.1:4265-4825	COJCNGLN_00003

DiscRep_SUB:FEATURE_LOCATION_CONFLICT::Coding region xref gene does not exist
plasmid_files/KF826293.1_results/PROKKA_06292018:CDS	hypothetical protein	KF826293.1:5359-5637	COJCNGLN_00004

DiscRep_SUB:FEATURE_LOCATION_CONFLICT::Coding region xref gene does not exist
plasmid_files/KF826293.1_results/PROKKA_06292018:CDS	Antirestriction protein KlcA	KF826293.1:5748-6173	COJCNGLN_00005

DiscRep_SUB:FEATURE_LOCATION_CONFLICT::Coding region xref gene does not exist
plasmid_files/KF826293.1_results/PROKKA_06292018:CDS	hypothetical protein	KF826293.1:6301-6456	COJCNGLN_00006

DiscRep_SUB:FEATURE_LOCATION_CONFLICT::Coding region xref gene does not exist
plasmid_files/KF826293.1_results/PROKKA_06292018:CDS	hypothetical protein	KF826293.1:6502-6798	COJCNGLN_00007

DiscRep_SUB:FEATURE_LOCATION_CONFLICT::Coding region xref gene does not exist
plasmid_files/KF826293.1_results/PROKKA_06292018:CDS	hypothetical protein	KF826293.1:6803-7783	COJCNGLN_00008

DiscRep_SUB:FEATURE_LOCATION_CONFLICT::Coding region xref gene does not exist
plasmid_files/KF826293.1_results/PROKKA_06292018:CDS	Carbapenem-hydrolyzing beta-lactamase KPC	KF826293.1:c8914-8033	COJCNGLN_00009

DiscRep_SUB:FEATURE_LOCATION_CONFLICT::Coding region xref gene does not exist
plasmid_files/KF826293.1_results/PROKKA_06292018:CDS	hypothetical protein	KF826293.1:c10170-9190	COJCNGLN_00010

DiscRep_SUB:FEATURE_LOCATION_CONFLICT::Coding region xref gene does not exist
plasmid_files/KF826293.1_results/PROKKA_06292018:CDS	Transposon Tn3 resolvase	KF826293.1:c10694-10293	COJCNGLN_00011

DiscRep_SUB:FEATURE_LOCATION_CONFLICT::Coding region xref gene does not exist
plasmid_files/KF826293.1_results/PROKKA_06292018:CDS	hypothetical protein	KF826293.1:c11514-10810	COJCNGLN_00012

DiscRep_SUB:FEATURE_LOCATION_CONFLICT::Coding region xref gene does not exist
plasmid_files/KF826293.1_results/PROKKA_06292018:CDS	Transposon Tn7 transposition protein TnsB	KF826293.1:c12829-11561	COJCNGLN_00013

DiscRep_ALL:DISC_QUALITY_SCORES::Quality scores are missing on all sequences.

DiscRep_ALL:ONCALLER_COMMENT_PRESENT::1 comment descriptors were found (all same)
plasmid_files/KF826293.1_results/PROKKA_06292018:KF826293.1:Annotated using prokka 1.14-dev from https://github.com/tseemann/prokka

DiscRep_ALL:MISSING_GENOMEASSEMBLY_COMMENTS::1 bioseqs are missing GenomeAssembly structured comments
plasmid_files/KF826293.1_results/PROKKA_06292018:KF826293.1 (length 12966)

DiscRep_ALL:MOLTYPE_NOT_MRNA::1 molecule types are not set as mRNA.
plasmid_files/KF826293.1_results/PROKKA_06292018:KF826293.1 (length 12966)

DiscRep_ALL:TECHNIQUE_NOT_TSA::1 technique are not set as TSA
plasmid_files/KF826293.1_results/PROKKA_06292018:KF826293.1 (length 12966)

DiscRep_ALL:MISSING_STRUCTURED_COMMENT::1 sequences do not include structured comments.
plasmid_files/KF826293.1_results/PROKKA_06292018:KF826293.1 (length 12966)

DiscRep_ALL:MISSING_PROJECT::14 sequences do not include project.
plasmid_files/KF826293.1_results/PROKKA_06292018:KF826293.1 (length 12966)
plasmid_files/KF826293.1_results/PROKKA_06292018:KF826293.1_1 (length 988)
plasmid_files/KF826293.1_results/PROKKA_06292018:KF826293.1_2 (length 186)
plasmid_files/KF826293.1_results/PROKKA_06292018:KF826293.1_3 (length 186)
plasmid_files/KF826293.1_results/PROKKA_06292018:KF826293.1_4 (length 92)
plasmid_files/KF826293.1_results/PROKKA_06292018:KF826293.1_5 (length 141)
plasmid_files/KF826293.1_results/PROKKA_06292018:KF826293.1_6 (length 51)
plasmid_files/KF826293.1_results/PROKKA_06292018:KF826293.1_7 (length 98)
plasmid_files/KF826293.1_results/PROKKA_06292018:KF826293.1_8 (length 326)
plasmid_files/KF826293.1_results/PROKKA_06292018:KF826293.1_9 (length 293)
plasmid_files/KF826293.1_results/PROKKA_06292018:KF826293.1_10 (length 326)
plasmid_files/KF826293.1_results/PROKKA_06292018:KF826293.1_11 (length 133)
plasmid_files/KF826293.1_results/PROKKA_06292018:KF826293.1_12 (length 234)
plasmid_files/KF826293.1_results/PROKKA_06292018:KF826293.1_13 (length 422)

DiscRep_ALL:DISC_INCONSISTENT_MOLINFO_TECH::Molinfo Technique Report (some missing, all same)
DiscRep_SUB:DISC_INCONSISTENT_MOLINFO_TECH::technique (all missing)
DiscRep_SUB:DISC_INCONSISTENT_MOLINFO_TECH::1 Molinfos are missing field technique
plasmid_files/KF826293.1_results/PROKKA_06292018:KF826293.1 (length 12966)

