Discrepancy Report Results

Summary
FATAL: MISSING_PROTEIN_ID:63 proteins have invalid IDs.
DISC_SOURCE_QUALS_ASNDISC:strain (all present, all unique)
DISC_SOURCE_QUALS_ASNDISC:taxname (all present, all unique)
DISC_FEATURE_COUNT:CDS: 63 present
DISC_COUNT_NUCLEOTIDES:1 nucleotide Bioseqs are present
FEATURE_LOCATION_CONFLICT:63 features have inconsistent gene locations.
SUSPECT_PRODUCT_NAMES:1 product_names contain suspect phrase or characters
	May contain database identifier more appropriate in note; remove from product name
		1 features Three or more numbers together
DISC_QUALITY_SCORES:Quality scores are missing on all sequences.
ONCALLER_COMMENT_PRESENT:1 comment descriptors were found (all same)
MISSING_GENOMEASSEMBLY_COMMENTS:1 bioseqs are missing GenomeAssembly structured comments
MOLTYPE_NOT_MRNA:1 molecule types are not set as mRNA.
TECHNIQUE_NOT_TSA:1 technique are not set as TSA
MISSING_STRUCTURED_COMMENT:1 sequences do not include structured comments.
MISSING_PROJECT:64 sequences do not include project.
DISC_INCONSISTENT_MOLINFO_TECH:Molinfo Technique Report (some missing, all same)


Detailed Report

FATAL: DiscRep_ALL:MISSING_PROTEIN_ID::63 proteins have invalid IDs.
plasmid_files/KX756453.1_results/PROKKA_06292018:KX756453.1_1 (length 234)
plasmid_files/KX756453.1_results/PROKKA_06292018:KX756453.1_2 (length 414)
plasmid_files/KX756453.1_results/PROKKA_06292018:KX756453.1_3 (length 92)
plasmid_files/KX756453.1_results/PROKKA_06292018:KX756453.1_4 (length 140)
plasmid_files/KX756453.1_results/PROKKA_06292018:KX756453.1_5 (length 51)
plasmid_files/KX756453.1_results/PROKKA_06292018:KX756453.1_6 (length 98)
plasmid_files/KX756453.1_results/PROKKA_06292018:KX756453.1_7 (length 326)
plasmid_files/KX756453.1_results/PROKKA_06292018:KX756453.1_8 (length 293)
plasmid_files/KX756453.1_results/PROKKA_06292018:KX756453.1_9 (length 185)
plasmid_files/KX756453.1_results/PROKKA_06292018:KX756453.1_10 (length 322)
plasmid_files/KX756453.1_results/PROKKA_06292018:KX756453.1_11 (length 222)
plasmid_files/KX756453.1_results/PROKKA_06292018:KX756453.1_12 (length 71)
plasmid_files/KX756453.1_results/PROKKA_06292018:KX756453.1_13 (length 94)
plasmid_files/KX756453.1_results/PROKKA_06292018:KX756453.1_14 (length 160)
plasmid_files/KX756453.1_results/PROKKA_06292018:KX756453.1_15 (length 84)
plasmid_files/KX756453.1_results/PROKKA_06292018:KX756453.1_16 (length 117)
plasmid_files/KX756453.1_results/PROKKA_06292018:KX756453.1_17 (length 147)
plasmid_files/KX756453.1_results/PROKKA_06292018:KX756453.1_18 (length 290)
plasmid_files/KX756453.1_results/PROKKA_06292018:KX756453.1_19 (length 171)
plasmid_files/KX756453.1_results/PROKKA_06292018:KX756453.1_20 (length 78)
plasmid_files/KX756453.1_results/PROKKA_06292018:KX756453.1_21 (length 183)
plasmid_files/KX756453.1_results/PROKKA_06292018:KX756453.1_22 (length 89)
plasmid_files/KX756453.1_results/PROKKA_06292018:KX756453.1_23 (length 80)
plasmid_files/KX756453.1_results/PROKKA_06292018:KX756453.1_24 (length 112)
plasmid_files/KX756453.1_results/PROKKA_06292018:KX756453.1_25 (length 54)
plasmid_files/KX756453.1_results/PROKKA_06292018:KX756453.1_26 (length 85)
plasmid_files/KX756453.1_results/PROKKA_06292018:KX756453.1_27 (length 181)
plasmid_files/KX756453.1_results/PROKKA_06292018:KX756453.1_28 (length 386)
plasmid_files/KX756453.1_results/PROKKA_06292018:KX756453.1_29 (length 169)
plasmid_files/KX756453.1_results/PROKKA_06292018:KX756453.1_30 (length 75)
plasmid_files/KX756453.1_results/PROKKA_06292018:KX756453.1_31 (length 214)
plasmid_files/KX756453.1_results/PROKKA_06292018:KX756453.1_32 (length 96)
plasmid_files/KX756453.1_results/PROKKA_06292018:KX756453.1_33 (length 917)
plasmid_files/KX756453.1_results/PROKKA_06292018:KX756453.1_34 (length 256)
plasmid_files/KX756453.1_results/PROKKA_06292018:KX756453.1_35 (length 85)
plasmid_files/KX756453.1_results/PROKKA_06292018:KX756453.1_36 (length 351)
plasmid_files/KX756453.1_results/PROKKA_06292018:KX756453.1_37 (length 242)
plasmid_files/KX756453.1_results/PROKKA_06292018:KX756453.1_38 (length 309)
plasmid_files/KX756453.1_results/PROKKA_06292018:KX756453.1_39 (length 400)
plasmid_files/KX756453.1_results/PROKKA_06292018:KX756453.1_40 (length 343)
plasmid_files/KX756453.1_results/PROKKA_06292018:KX756453.1_41 (length 65)
plasmid_files/KX756453.1_results/PROKKA_06292018:KX756453.1_42 (length 611)
plasmid_files/KX756453.1_results/PROKKA_06292018:KX756453.1_43 (length 130)
plasmid_files/KX756453.1_results/PROKKA_06292018:KX756453.1_44 (length 104)
plasmid_files/KX756453.1_results/PROKKA_06292018:KX756453.1_45 (length 128)
plasmid_files/KX756453.1_results/PROKKA_06292018:KX756453.1_46 (length 138)
plasmid_files/KX756453.1_results/PROKKA_06292018:KX756453.1_47 (length 157)
plasmid_files/KX756453.1_results/PROKKA_06292018:KX756453.1_48 (length 257)
plasmid_files/KX756453.1_results/PROKKA_06292018:KX756453.1_49 (length 196)
plasmid_files/KX756453.1_results/PROKKA_06292018:KX756453.1_50 (length 131)
plasmid_files/KX756453.1_results/PROKKA_06292018:KX756453.1_51 (length 775)
plasmid_files/KX756453.1_results/PROKKA_06292018:KX756453.1_52 (length 151)
plasmid_files/KX756453.1_results/PROKKA_06292018:KX756453.1_53 (length 135)
plasmid_files/KX756453.1_results/PROKKA_06292018:KX756453.1_54 (length 59)
plasmid_files/KX756453.1_results/PROKKA_06292018:KX756453.1_55 (length 274)
plasmid_files/KX756453.1_results/PROKKA_06292018:KX756453.1_56 (length 84)
plasmid_files/KX756453.1_results/PROKKA_06292018:KX756453.1_57 (length 91)
plasmid_files/KX756453.1_results/PROKKA_06292018:KX756453.1_58 (length 92)
plasmid_files/KX756453.1_results/PROKKA_06292018:KX756453.1_59 (length 79)
plasmid_files/KX756453.1_results/PROKKA_06292018:KX756453.1_60 (length 108)
plasmid_files/KX756453.1_results/PROKKA_06292018:KX756453.1_61 (length 178)
plasmid_files/KX756453.1_results/PROKKA_06292018:KX756453.1_62 (length 174)
plasmid_files/KX756453.1_results/PROKKA_06292018:KX756453.1_63 (length 153)

DiscRep_ALL:DISC_SOURCE_QUALS_ASNDISC::strain (all present, all unique)
DiscRep_SUB:DISC_SOURCE_QUALS_ASNDISC::1 sources have unique values for strain
DiscRep_ALL:DISC_SOURCE_QUALS_ASNDISC::taxname (all present, all unique)
DiscRep_SUB:DISC_SOURCE_QUALS_ASNDISC::1 sources have unique values for taxname
DiscRep_ALL:DISC_FEATURE_COUNT::CDS: 63 present
DiscRep_ALL:DISC_COUNT_NUCLEOTIDES::1 nucleotide Bioseqs are present
plasmid_files/KX756453.1_results/PROKKA_06292018:KX756453.1 (length 45674, 1 other)

DiscRep_ALL:FEATURE_LOCATION_CONFLICT::63 features have inconsistent gene locations.
DiscRep_SUB:FEATURE_LOCATION_CONFLICT::Coding region xref gene does not exist
plasmid_files/KX756453.1_results/PROKKA_06292018:CDS	hypothetical protein	KX756453.1:50-754	JAEPLKKO_00001

DiscRep_SUB:FEATURE_LOCATION_CONFLICT::Coding region xref gene does not exist
plasmid_files/KX756453.1_results/PROKKA_06292018:CDS	hypothetical protein	KX756453.1:871-2115	JAEPLKKO_00002

DiscRep_SUB:FEATURE_LOCATION_CONFLICT::Coding region xref gene does not exist
plasmid_files/KX756453.1_results/PROKKA_06292018:CDS	hypothetical protein	KX756453.1:2729-3007	JAEPLKKO_00003

DiscRep_SUB:FEATURE_LOCATION_CONFLICT::Coding region xref gene does not exist
plasmid_files/KX756453.1_results/PROKKA_06292018:CDS	Antirestriction protein KlcA	KX756453.1:3121-3543	JAEPLKKO_00004

DiscRep_SUB:FEATURE_LOCATION_CONFLICT::Coding region xref gene does not exist
plasmid_files/KX756453.1_results/PROKKA_06292018:CDS	hypothetical protein	KX756453.1:3671-3826	JAEPLKKO_00005

DiscRep_SUB:FEATURE_LOCATION_CONFLICT::Coding region xref gene does not exist
plasmid_files/KX756453.1_results/PROKKA_06292018:CDS	hypothetical protein	KX756453.1:3872-4168	JAEPLKKO_00006

DiscRep_SUB:FEATURE_LOCATION_CONFLICT::Coding region xref gene does not exist
plasmid_files/KX756453.1_results/PROKKA_06292018:CDS	hypothetical protein	KX756453.1:4173-5153	JAEPLKKO_00007

DiscRep_SUB:FEATURE_LOCATION_CONFLICT::Coding region xref gene does not exist
plasmid_files/KX756453.1_results/PROKKA_06292018:CDS	Carbapenem-hydrolyzing beta-lactamase KPC	KX756453.1:c6284-5403	JAEPLKKO_00008

DiscRep_SUB:FEATURE_LOCATION_CONFLICT::Coding region xref gene does not exist
plasmid_files/KX756453.1_results/PROKKA_06292018:CDS	Transposon Tn3 resolvase	KX756453.1:c7150-6593	JAEPLKKO_00009

DiscRep_SUB:FEATURE_LOCATION_CONFLICT::Coding region xref gene does not exist
plasmid_files/KX756453.1_results/PROKKA_06292018:CDS	Putative transposon Tn552 DNA-invertase bin3	KX756453.1:c8299-7331	JAEPLKKO_00010

DiscRep_SUB:FEATURE_LOCATION_CONFLICT::Coding region xref gene does not exist
plasmid_files/KX756453.1_results/PROKKA_06292018:CDS	Iron-sulfur cluster carrier protein	KX756453.1:8681-9349	JAEPLKKO_00011

DiscRep_SUB:FEATURE_LOCATION_CONFLICT::Coding region xref gene does not exist
plasmid_files/KX756453.1_results/PROKKA_06292018:CDS	hypothetical protein	KX756453.1:9361-9576	JAEPLKKO_00012

DiscRep_SUB:FEATURE_LOCATION_CONFLICT::Coding region xref gene does not exist
plasmid_files/KX756453.1_results/PROKKA_06292018:CDS	hypothetical protein	KX756453.1:9665-9949	JAEPLKKO_00013

DiscRep_SUB:FEATURE_LOCATION_CONFLICT::Coding region xref gene does not exist
plasmid_files/KX756453.1_results/PROKKA_06292018:CDS	hypothetical protein	KX756453.1:9975-10457	JAEPLKKO_00014

DiscRep_SUB:FEATURE_LOCATION_CONFLICT::Coding region xref gene does not exist
plasmid_files/KX756453.1_results/PROKKA_06292018:CDS	hypothetical protein	KX756453.1:10682-10936	JAEPLKKO_00015

DiscRep_SUB:FEATURE_LOCATION_CONFLICT::Coding region xref gene does not exist
plasmid_files/KX756453.1_results/PROKKA_06292018:CDS	hypothetical protein	KX756453.1:c11286-10933	JAEPLKKO_00016

DiscRep_SUB:FEATURE_LOCATION_CONFLICT::Coding region xref gene does not exist
plasmid_files/KX756453.1_results/PROKKA_06292018:CDS	hypothetical protein	KX756453.1:c11917-11474	JAEPLKKO_00017

DiscRep_SUB:FEATURE_LOCATION_CONFLICT::Coding region xref gene does not exist
plasmid_files/KX756453.1_results/PROKKA_06292018:CDS	PI protein	KX756453.1:c12798-11926	JAEPLKKO_00018

DiscRep_SUB:FEATURE_LOCATION_CONFLICT::Coding region xref gene does not exist
plasmid_files/KX756453.1_results/PROKKA_06292018:CDS	Chaperone protein DnaJ	KX756453.1:14128-14643	JAEPLKKO_00019

DiscRep_SUB:FEATURE_LOCATION_CONFLICT::Coding region xref gene does not exist
plasmid_files/KX756453.1_results/PROKKA_06292018:CDS	hypothetical protein	KX756453.1:14702-14938	JAEPLKKO_00020

DiscRep_SUB:FEATURE_LOCATION_CONFLICT::Coding region xref gene does not exist
plasmid_files/KX756453.1_results/PROKKA_06292018:CDS	hypothetical protein	KX756453.1:14999-15550	JAEPLKKO_00021

DiscRep_SUB:FEATURE_LOCATION_CONFLICT::Coding region xref gene does not exist
plasmid_files/KX756453.1_results/PROKKA_06292018:CDS	hypothetical protein	KX756453.1:15559-15828	JAEPLKKO_00022

DiscRep_SUB:FEATURE_LOCATION_CONFLICT::Coding region xref gene does not exist
plasmid_files/KX756453.1_results/PROKKA_06292018:CDS	hypothetical protein	KX756453.1:15818-16060	JAEPLKKO_00023

DiscRep_SUB:FEATURE_LOCATION_CONFLICT::Coding region xref gene does not exist
plasmid_files/KX756453.1_results/PROKKA_06292018:CDS	hypothetical protein	KX756453.1:16154-16492	JAEPLKKO_00024

DiscRep_SUB:FEATURE_LOCATION_CONFLICT::Coding region xref gene does not exist
plasmid_files/KX756453.1_results/PROKKA_06292018:CDS	hypothetical protein	KX756453.1:16567-16731	JAEPLKKO_00025

DiscRep_SUB:FEATURE_LOCATION_CONFLICT::Coding region xref gene does not exist
plasmid_files/KX756453.1_results/PROKKA_06292018:CDS	hypothetical protein	KX756453.1:16728-16985	JAEPLKKO_00026

DiscRep_SUB:FEATURE_LOCATION_CONFLICT::Coding region xref gene does not exist
plasmid_files/KX756453.1_results/PROKKA_06292018:CDS	hypothetical protein	KX756453.1:17325-17870	JAEPLKKO_00027

DiscRep_SUB:FEATURE_LOCATION_CONFLICT::Coding region xref gene does not exist
plasmid_files/KX756453.1_results/PROKKA_06292018:CDS	hypothetical protein	KX756453.1:17873-19033	JAEPLKKO_00028

DiscRep_SUB:FEATURE_LOCATION_CONFLICT::Coding region xref gene does not exist
plasmid_files/KX756453.1_results/PROKKA_06292018:CDS	Transcription antitermination protein RfaH	KX756453.1:19387-19896	JAEPLKKO_00029

DiscRep_SUB:FEATURE_LOCATION_CONFLICT::Coding region xref gene does not exist
plasmid_files/KX756453.1_results/PROKKA_06292018:CDS	hypothetical protein	KX756453.1:19847-20074	JAEPLKKO_00030

DiscRep_SUB:FEATURE_LOCATION_CONFLICT::Coding region xref gene does not exist
plasmid_files/KX756453.1_results/PROKKA_06292018:CDS	Type IV secretion system protein virB1	KX756453.1:20120-20764	JAEPLKKO_00031

DiscRep_SUB:FEATURE_LOCATION_CONFLICT::Coding region xref gene does not exist
plasmid_files/KX756453.1_results/PROKKA_06292018:CDS	hypothetical protein	KX756453.1:20748-21038	JAEPLKKO_00032

DiscRep_SUB:FEATURE_LOCATION_CONFLICT::Coding region xref gene does not exist
plasmid_files/KX756453.1_results/PROKKA_06292018:CDS	Type IV secretion system protein virB4	KX756453.1:21063-23816	JAEPLKKO_00033

DiscRep_SUB:FEATURE_LOCATION_CONFLICT::Coding region xref gene does not exist
plasmid_files/KX756453.1_results/PROKKA_06292018:CDS	hypothetical protein	KX756453.1:23827-24597	JAEPLKKO_00034

DiscRep_SUB:FEATURE_LOCATION_CONFLICT::Coding region xref gene does not exist
plasmid_files/KX756453.1_results/PROKKA_06292018:CDS	hypothetical protein	KX756453.1:24607-24864	JAEPLKKO_00035

DiscRep_SUB:FEATURE_LOCATION_CONFLICT::Coding region xref gene does not exist
plasmid_files/KX756453.1_results/PROKKA_06292018:CDS	hypothetical protein	KX756453.1:24876-25931	JAEPLKKO_00036

DiscRep_SUB:FEATURE_LOCATION_CONFLICT::Coding region xref gene does not exist
plasmid_files/KX756453.1_results/PROKKA_06292018:CDS	Type IV secretion system protein virB8	KX756453.1:26126-26854	JAEPLKKO_00037

DiscRep_SUB:FEATURE_LOCATION_CONFLICT::Coding region xref gene does not exist
plasmid_files/KX756453.1_results/PROKKA_06292018:CDS	Type IV secretion system protein virB9	KX756453.1:26860-27789	JAEPLKKO_00038

DiscRep_SUB:FEATURE_LOCATION_CONFLICT::Coding region xref gene does not exist
plasmid_files/KX756453.1_results/PROKKA_06292018:CDS	Type IV secretion system protein virB10	KX756453.1:27786-28988	JAEPLKKO_00039

DiscRep_SUB:FEATURE_LOCATION_CONFLICT::Coding region xref gene does not exist
plasmid_files/KX756453.1_results/PROKKA_06292018:CDS	Type IV secretion system protein PtlH	KX756453.1:29000-30031	JAEPLKKO_00040

DiscRep_SUB:FEATURE_LOCATION_CONFLICT::Coding region xref gene does not exist
plasmid_files/KX756453.1_results/PROKKA_06292018:CDS	hypothetical protein	KX756453.1:30034-30231	JAEPLKKO_00041

DiscRep_SUB:FEATURE_LOCATION_CONFLICT::Coding region xref gene does not exist
plasmid_files/KX756453.1_results/PROKKA_06292018:CDS	Protein VirD4	KX756453.1:30221-32056	JAEPLKKO_00042

DiscRep_SUB:FEATURE_LOCATION_CONFLICT::Coding region xref gene does not exist
plasmid_files/KX756453.1_results/PROKKA_06292018:CDS	hypothetical protein	KX756453.1:32053-32445	JAEPLKKO_00043

DiscRep_SUB:FEATURE_LOCATION_CONFLICT::Coding region xref gene does not exist
plasmid_files/KX756453.1_results/PROKKA_06292018:CDS	hypothetical protein	KX756453.1:32533-32847	JAEPLKKO_00044

DiscRep_SUB:FEATURE_LOCATION_CONFLICT::Coding region xref gene does not exist
plasmid_files/KX756453.1_results/PROKKA_06292018:CDS	hypothetical protein	KX756453.1:32870-33256	JAEPLKKO_00045

DiscRep_SUB:FEATURE_LOCATION_CONFLICT::Coding region xref gene does not exist
plasmid_files/KX756453.1_results/PROKKA_06292018:CDS	hypothetical protein	KX756453.1:33250-33666	JAEPLKKO_00046

DiscRep_SUB:FEATURE_LOCATION_CONFLICT::Coding region xref gene does not exist
plasmid_files/KX756453.1_results/PROKKA_06292018:CDS	Endonuclease YhcR	KX756453.1:33663-34136	JAEPLKKO_00047

DiscRep_SUB:FEATURE_LOCATION_CONFLICT::Coding region xref gene does not exist
plasmid_files/KX756453.1_results/PROKKA_06292018:CDS	hypothetical protein	KX756453.1:34218-34991	JAEPLKKO_00048

DiscRep_SUB:FEATURE_LOCATION_CONFLICT::Coding region xref gene does not exist
plasmid_files/KX756453.1_results/PROKKA_06292018:CDS	hypothetical protein	KX756453.1:35002-35592	JAEPLKKO_00049

DiscRep_SUB:FEATURE_LOCATION_CONFLICT::Coding region xref gene does not exist
plasmid_files/KX756453.1_results/PROKKA_06292018:CDS	hypothetical protein	KX756453.1:35603-35998	JAEPLKKO_00050

DiscRep_SUB:FEATURE_LOCATION_CONFLICT::Coding region xref gene does not exist
plasmid_files/KX756453.1_results/PROKKA_06292018:CDS	DNA topoisomerase 3	KX756453.1:36008-38335	JAEPLKKO_00051

DiscRep_SUB:FEATURE_LOCATION_CONFLICT::Coding region xref gene does not exist
plasmid_files/KX756453.1_results/PROKKA_06292018:CDS	DNA-binding protein StpA	KX756453.1:38347-38802	JAEPLKKO_00052

DiscRep_SUB:FEATURE_LOCATION_CONFLICT::Coding region xref gene does not exist
plasmid_files/KX756453.1_results/PROKKA_06292018:CDS	hypothetical protein	KX756453.1:38859-39266	JAEPLKKO_00053

DiscRep_SUB:FEATURE_LOCATION_CONFLICT::Coding region xref gene does not exist
plasmid_files/KX756453.1_results/PROKKA_06292018:CDS	hypothetical protein	KX756453.1:39480-39659	JAEPLKKO_00054

DiscRep_SUB:FEATURE_LOCATION_CONFLICT::Coding region xref gene does not exist
plasmid_files/KX756453.1_results/PROKKA_06292018:CDS	hypothetical protein	KX756453.1:39656-40480	JAEPLKKO_00055

DiscRep_SUB:FEATURE_LOCATION_CONFLICT::Coding region xref gene does not exist
plasmid_files/KX756453.1_results/PROKKA_06292018:CDS	hypothetical protein	KX756453.1:40591-40845	JAEPLKKO_00056

DiscRep_SUB:FEATURE_LOCATION_CONFLICT::Coding region xref gene does not exist
plasmid_files/KX756453.1_results/PROKKA_06292018:CDS	hypothetical protein	KX756453.1:40863-41138	JAEPLKKO_00057

DiscRep_SUB:FEATURE_LOCATION_CONFLICT::Coding region xref gene does not exist
plasmid_files/KX756453.1_results/PROKKA_06292018:CDS	hypothetical protein	KX756453.1:41135-41413	JAEPLKKO_00058

DiscRep_SUB:FEATURE_LOCATION_CONFLICT::Coding region xref gene does not exist
plasmid_files/KX756453.1_results/PROKKA_06292018:CDS	hypothetical protein	KX756453.1:42868-43107	JAEPLKKO_00059

DiscRep_SUB:FEATURE_LOCATION_CONFLICT::Coding region xref gene does not exist
plasmid_files/KX756453.1_results/PROKKA_06292018:CDS	Tyrosine recombinase XerD	KX756453.1:c43621-43295	JAEPLKKO_00060

DiscRep_SUB:FEATURE_LOCATION_CONFLICT::Coding region xref gene does not exist
plasmid_files/KX756453.1_results/PROKKA_06292018:CDS	Tyrosine recombinase XerH	KX756453.1:c44272-43736	JAEPLKKO_00061

DiscRep_SUB:FEATURE_LOCATION_CONFLICT::Coding region xref gene does not exist
plasmid_files/KX756453.1_results/PROKKA_06292018:CDS	dTDP-fucosamine acetyltransferase	KX756453.1:44595-45119	JAEPLKKO_00062

DiscRep_SUB:FEATURE_LOCATION_CONFLICT::Coding region xref gene does not exist
plasmid_files/KX756453.1_results/PROKKA_06292018:CDS	hypothetical protein	KX756453.1:45109-45570	JAEPLKKO_00063

DiscRep_ALL:SUSPECT_PRODUCT_NAMES::1 product_names contain suspect phrase or characters
DiscRep_SUB:SUSPECT_PRODUCT_NAMES::May contain database identifier more appropriate in note; remove from product name
DiscRep_SUB:SUSPECT_PRODUCT_NAMES::1 features Three or more numbers together
plasmid_files/KX756453.1_results/PROKKA_06292018:CDS	Putative transposon Tn552 DNA-invertase bin3	KX756453.1:c8299-7331	JAEPLKKO_00010

DiscRep_ALL:DISC_QUALITY_SCORES::Quality scores are missing on all sequences.

DiscRep_ALL:ONCALLER_COMMENT_PRESENT::1 comment descriptors were found (all same)
plasmid_files/KX756453.1_results/PROKKA_06292018:KX756453.1:Annotated using prokka 1.14-dev from https://github.com/tseemann/prokka

DiscRep_ALL:MISSING_GENOMEASSEMBLY_COMMENTS::1 bioseqs are missing GenomeAssembly structured comments
plasmid_files/KX756453.1_results/PROKKA_06292018:KX756453.1 (length 45674, 1 other)

DiscRep_ALL:MOLTYPE_NOT_MRNA::1 molecule types are not set as mRNA.
plasmid_files/KX756453.1_results/PROKKA_06292018:KX756453.1 (length 45674, 1 other)

DiscRep_ALL:TECHNIQUE_NOT_TSA::1 technique are not set as TSA
plasmid_files/KX756453.1_results/PROKKA_06292018:KX756453.1 (length 45674, 1 other)

DiscRep_ALL:MISSING_STRUCTURED_COMMENT::1 sequences do not include structured comments.
plasmid_files/KX756453.1_results/PROKKA_06292018:KX756453.1 (length 45674, 1 other)

DiscRep_ALL:MISSING_PROJECT::64 sequences do not include project.
plasmid_files/KX756453.1_results/PROKKA_06292018:KX756453.1 (length 45674, 1 other)
plasmid_files/KX756453.1_results/PROKKA_06292018:KX756453.1_1 (length 234)
plasmid_files/KX756453.1_results/PROKKA_06292018:KX756453.1_2 (length 414)
plasmid_files/KX756453.1_results/PROKKA_06292018:KX756453.1_3 (length 92)
plasmid_files/KX756453.1_results/PROKKA_06292018:KX756453.1_4 (length 140)
plasmid_files/KX756453.1_results/PROKKA_06292018:KX756453.1_5 (length 51)
plasmid_files/KX756453.1_results/PROKKA_06292018:KX756453.1_6 (length 98)
plasmid_files/KX756453.1_results/PROKKA_06292018:KX756453.1_7 (length 326)
plasmid_files/KX756453.1_results/PROKKA_06292018:KX756453.1_8 (length 293)
plasmid_files/KX756453.1_results/PROKKA_06292018:KX756453.1_9 (length 185)
plasmid_files/KX756453.1_results/PROKKA_06292018:KX756453.1_10 (length 322)
plasmid_files/KX756453.1_results/PROKKA_06292018:KX756453.1_11 (length 222)
plasmid_files/KX756453.1_results/PROKKA_06292018:KX756453.1_12 (length 71)
plasmid_files/KX756453.1_results/PROKKA_06292018:KX756453.1_13 (length 94)
plasmid_files/KX756453.1_results/PROKKA_06292018:KX756453.1_14 (length 160)
plasmid_files/KX756453.1_results/PROKKA_06292018:KX756453.1_15 (length 84)
plasmid_files/KX756453.1_results/PROKKA_06292018:KX756453.1_16 (length 117)
plasmid_files/KX756453.1_results/PROKKA_06292018:KX756453.1_17 (length 147)
plasmid_files/KX756453.1_results/PROKKA_06292018:KX756453.1_18 (length 290)
plasmid_files/KX756453.1_results/PROKKA_06292018:KX756453.1_19 (length 171)
plasmid_files/KX756453.1_results/PROKKA_06292018:KX756453.1_20 (length 78)
plasmid_files/KX756453.1_results/PROKKA_06292018:KX756453.1_21 (length 183)
plasmid_files/KX756453.1_results/PROKKA_06292018:KX756453.1_22 (length 89)
plasmid_files/KX756453.1_results/PROKKA_06292018:KX756453.1_23 (length 80)
plasmid_files/KX756453.1_results/PROKKA_06292018:KX756453.1_24 (length 112)
plasmid_files/KX756453.1_results/PROKKA_06292018:KX756453.1_25 (length 54)
plasmid_files/KX756453.1_results/PROKKA_06292018:KX756453.1_26 (length 85)
plasmid_files/KX756453.1_results/PROKKA_06292018:KX756453.1_27 (length 181)
plasmid_files/KX756453.1_results/PROKKA_06292018:KX756453.1_28 (length 386)
plasmid_files/KX756453.1_results/PROKKA_06292018:KX756453.1_29 (length 169)
plasmid_files/KX756453.1_results/PROKKA_06292018:KX756453.1_30 (length 75)
plasmid_files/KX756453.1_results/PROKKA_06292018:KX756453.1_31 (length 214)
plasmid_files/KX756453.1_results/PROKKA_06292018:KX756453.1_32 (length 96)
plasmid_files/KX756453.1_results/PROKKA_06292018:KX756453.1_33 (length 917)
plasmid_files/KX756453.1_results/PROKKA_06292018:KX756453.1_34 (length 256)
plasmid_files/KX756453.1_results/PROKKA_06292018:KX756453.1_35 (length 85)
plasmid_files/KX756453.1_results/PROKKA_06292018:KX756453.1_36 (length 351)
plasmid_files/KX756453.1_results/PROKKA_06292018:KX756453.1_37 (length 242)
plasmid_files/KX756453.1_results/PROKKA_06292018:KX756453.1_38 (length 309)
plasmid_files/KX756453.1_results/PROKKA_06292018:KX756453.1_39 (length 400)
plasmid_files/KX756453.1_results/PROKKA_06292018:KX756453.1_40 (length 343)
plasmid_files/KX756453.1_results/PROKKA_06292018:KX756453.1_41 (length 65)
plasmid_files/KX756453.1_results/PROKKA_06292018:KX756453.1_42 (length 611)
plasmid_files/KX756453.1_results/PROKKA_06292018:KX756453.1_43 (length 130)
plasmid_files/KX756453.1_results/PROKKA_06292018:KX756453.1_44 (length 104)
plasmid_files/KX756453.1_results/PROKKA_06292018:KX756453.1_45 (length 128)
plasmid_files/KX756453.1_results/PROKKA_06292018:KX756453.1_46 (length 138)
plasmid_files/KX756453.1_results/PROKKA_06292018:KX756453.1_47 (length 157)
plasmid_files/KX756453.1_results/PROKKA_06292018:KX756453.1_48 (length 257)
plasmid_files/KX756453.1_results/PROKKA_06292018:KX756453.1_49 (length 196)
plasmid_files/KX756453.1_results/PROKKA_06292018:KX756453.1_50 (length 131)
plasmid_files/KX756453.1_results/PROKKA_06292018:KX756453.1_51 (length 775)
plasmid_files/KX756453.1_results/PROKKA_06292018:KX756453.1_52 (length 151)
plasmid_files/KX756453.1_results/PROKKA_06292018:KX756453.1_53 (length 135)
plasmid_files/KX756453.1_results/PROKKA_06292018:KX756453.1_54 (length 59)
plasmid_files/KX756453.1_results/PROKKA_06292018:KX756453.1_55 (length 274)
plasmid_files/KX756453.1_results/PROKKA_06292018:KX756453.1_56 (length 84)
plasmid_files/KX756453.1_results/PROKKA_06292018:KX756453.1_57 (length 91)
plasmid_files/KX756453.1_results/PROKKA_06292018:KX756453.1_58 (length 92)
plasmid_files/KX756453.1_results/PROKKA_06292018:KX756453.1_59 (length 79)
plasmid_files/KX756453.1_results/PROKKA_06292018:KX756453.1_60 (length 108)
plasmid_files/KX756453.1_results/PROKKA_06292018:KX756453.1_61 (length 178)
plasmid_files/KX756453.1_results/PROKKA_06292018:KX756453.1_62 (length 174)
plasmid_files/KX756453.1_results/PROKKA_06292018:KX756453.1_63 (length 153)

DiscRep_ALL:DISC_INCONSISTENT_MOLINFO_TECH::Molinfo Technique Report (some missing, all same)
DiscRep_SUB:DISC_INCONSISTENT_MOLINFO_TECH::technique (all missing)
DiscRep_SUB:DISC_INCONSISTENT_MOLINFO_TECH::1 Molinfos are missing field technique
plasmid_files/KX756453.1_results/PROKKA_06292018:KX756453.1 (length 45674, 1 other)

