Discrepancy Report Results

Summary
FATAL: MISSING_PROTEIN_ID:166 proteins have invalid IDs.
DISC_SOURCE_QUALS_ASNDISC:strain (all present, all unique)
DISC_SOURCE_QUALS_ASNDISC:taxname (all present, all unique)
DISC_FEATURE_COUNT:CDS: 166 present
DISC_COUNT_NUCLEOTIDES:1 nucleotide Bioseqs are present
FEATURE_LOCATION_CONFLICT:166 features have inconsistent gene locations.
DISC_QUALITY_SCORES:Quality scores are missing on all sequences.
ONCALLER_COMMENT_PRESENT:1 comment descriptors were found (all same)
SHORT_PROT_SEQUENCES:4 protein sequences are shorter than 50 aa.
MISSING_GENOMEASSEMBLY_COMMENTS:1 bioseqs are missing GenomeAssembly structured comments
MOLTYPE_NOT_MRNA:1 molecule types are not set as mRNA.
TECHNIQUE_NOT_TSA:1 technique are not set as TSA
MISSING_STRUCTURED_COMMENT:1 sequences do not include structured comments.
MISSING_PROJECT:167 sequences do not include project.
DISC_INCONSISTENT_MOLINFO_TECH:Molinfo Technique Report (some missing, all same)


Detailed Report

FATAL: DiscRep_ALL:MISSING_PROTEIN_ID::166 proteins have invalid IDs.
plasmid_files/CP018815.1_results/PROKKA_06292018:CP018815.1_1 (length 173)
plasmid_files/CP018815.1_results/PROKKA_06292018:CP018815.1_2 (length 46)
plasmid_files/CP018815.1_results/PROKKA_06292018:CP018815.1_3 (length 133)
plasmid_files/CP018815.1_results/PROKKA_06292018:CP018815.1_4 (length 211)
plasmid_files/CP018815.1_results/PROKKA_06292018:CP018815.1_5 (length 130)
plasmid_files/CP018815.1_results/PROKKA_06292018:CP018815.1_6 (length 879)
plasmid_files/CP018815.1_results/PROKKA_06292018:CP018815.1_7 (length 130)
plasmid_files/CP018815.1_results/PROKKA_06292018:CP018815.1_8 (length 129)
plasmid_files/CP018815.1_results/PROKKA_06292018:CP018815.1_9 (length 103)
plasmid_files/CP018815.1_results/PROKKA_06292018:CP018815.1_10 (length 72)
plasmid_files/CP018815.1_results/PROKKA_06292018:CP018815.1_11 (length 136)
plasmid_files/CP018815.1_results/PROKKA_06292018:CP018815.1_12 (length 194)
plasmid_files/CP018815.1_results/PROKKA_06292018:CP018815.1_13 (length 474)
plasmid_files/CP018815.1_results/PROKKA_06292018:CP018815.1_14 (length 246)
plasmid_files/CP018815.1_results/PROKKA_06292018:CP018815.1_15 (length 188)
plasmid_files/CP018815.1_results/PROKKA_06292018:CP018815.1_16 (length 101)
plasmid_files/CP018815.1_results/PROKKA_06292018:CP018815.1_17 (length 122)
plasmid_files/CP018815.1_results/PROKKA_06292018:CP018815.1_18 (length 233)
plasmid_files/CP018815.1_results/PROKKA_06292018:CP018815.1_19 (length 130)
plasmid_files/CP018815.1_results/PROKKA_06292018:CP018815.1_20 (length 160)
plasmid_files/CP018815.1_results/PROKKA_06292018:CP018815.1_21 (length 180)
plasmid_files/CP018815.1_results/PROKKA_06292018:CP018815.1_22 (length 180)
plasmid_files/CP018815.1_results/PROKKA_06292018:CP018815.1_23 (length 48)
plasmid_files/CP018815.1_results/PROKKA_06292018:CP018815.1_24 (length 115)
plasmid_files/CP018815.1_results/PROKKA_06292018:CP018815.1_25 (length 112)
plasmid_files/CP018815.1_results/PROKKA_06292018:CP018815.1_26 (length 291)
plasmid_files/CP018815.1_results/PROKKA_06292018:CP018815.1_27 (length 76)
plasmid_files/CP018815.1_results/PROKKA_06292018:CP018815.1_28 (length 75)
plasmid_files/CP018815.1_results/PROKKA_06292018:CP018815.1_29 (length 107)
plasmid_files/CP018815.1_results/PROKKA_06292018:CP018815.1_30 (length 242)
plasmid_files/CP018815.1_results/PROKKA_06292018:CP018815.1_31 (length 143)
plasmid_files/CP018815.1_results/PROKKA_06292018:CP018815.1_32 (length 666)
plasmid_files/CP018815.1_results/PROKKA_06292018:CP018815.1_33 (length 82)
plasmid_files/CP018815.1_results/PROKKA_06292018:CP018815.1_34 (length 185)
plasmid_files/CP018815.1_results/PROKKA_06292018:CP018815.1_35 (length 106)
plasmid_files/CP018815.1_results/PROKKA_06292018:CP018815.1_36 (length 87)
plasmid_files/CP018815.1_results/PROKKA_06292018:CP018815.1_37 (length 63)
plasmid_files/CP018815.1_results/PROKKA_06292018:CP018815.1_38 (length 168)
plasmid_files/CP018815.1_results/PROKKA_06292018:CP018815.1_39 (length 142)
plasmid_files/CP018815.1_results/PROKKA_06292018:CP018815.1_40 (length 255)
plasmid_files/CP018815.1_results/PROKKA_06292018:CP018815.1_41 (length 139)
plasmid_files/CP018815.1_results/PROKKA_06292018:CP018815.1_42 (length 73)
plasmid_files/CP018815.1_results/PROKKA_06292018:CP018815.1_43 (length 258)
plasmid_files/CP018815.1_results/PROKKA_06292018:CP018815.1_44 (length 76)
plasmid_files/CP018815.1_results/PROKKA_06292018:CP018815.1_45 (length 223)
plasmid_files/CP018815.1_results/PROKKA_06292018:CP018815.1_46 (length 323)
plasmid_files/CP018815.1_results/PROKKA_06292018:CP018815.1_47 (length 143)
plasmid_files/CP018815.1_results/PROKKA_06292018:CP018815.1_48 (length 423)
plasmid_files/CP018815.1_results/PROKKA_06292018:CP018815.1_49 (length 324)
plasmid_files/CP018815.1_results/PROKKA_06292018:CP018815.1_50 (length 401)
plasmid_files/CP018815.1_results/PROKKA_06292018:CP018815.1_51 (length 134)
plasmid_files/CP018815.1_results/PROKKA_06292018:CP018815.1_52 (length 115)
plasmid_files/CP018815.1_results/PROKKA_06292018:CP018815.1_53 (length 512)
plasmid_files/CP018815.1_results/PROKKA_06292018:CP018815.1_54 (length 251)
plasmid_files/CP018815.1_results/PROKKA_06292018:CP018815.1_55 (length 42)
plasmid_files/CP018815.1_results/PROKKA_06292018:CP018815.1_56 (length 261)
plasmid_files/CP018815.1_results/PROKKA_06292018:CP018815.1_57 (length 212)
plasmid_files/CP018815.1_results/PROKKA_06292018:CP018815.1_58 (length 106)
plasmid_files/CP018815.1_results/PROKKA_06292018:CP018815.1_59 (length 76)
plasmid_files/CP018815.1_results/PROKKA_06292018:CP018815.1_60 (length 138)
plasmid_files/CP018815.1_results/PROKKA_06292018:CP018815.1_61 (length 78)
plasmid_files/CP018815.1_results/PROKKA_06292018:CP018815.1_62 (length 234)
plasmid_files/CP018815.1_results/PROKKA_06292018:CP018815.1_63 (length 309)
plasmid_files/CP018815.1_results/PROKKA_06292018:CP018815.1_64 (length 152)
plasmid_files/CP018815.1_results/PROKKA_06292018:CP018815.1_65 (length 88)
plasmid_files/CP018815.1_results/PROKKA_06292018:CP018815.1_66 (length 254)
plasmid_files/CP018815.1_results/PROKKA_06292018:CP018815.1_67 (length 404)
plasmid_files/CP018815.1_results/PROKKA_06292018:CP018815.1_68 (length 477)
plasmid_files/CP018815.1_results/PROKKA_06292018:CP018815.1_69 (length 88)
plasmid_files/CP018815.1_results/PROKKA_06292018:CP018815.1_70 (length 68)
plasmid_files/CP018815.1_results/PROKKA_06292018:CP018815.1_71 (length 215)
plasmid_files/CP018815.1_results/PROKKA_06292018:CP018815.1_72 (length 103)
plasmid_files/CP018815.1_results/PROKKA_06292018:CP018815.1_73 (length 75)
plasmid_files/CP018815.1_results/PROKKA_06292018:CP018815.1_74 (length 234)
plasmid_files/CP018815.1_results/PROKKA_06292018:CP018815.1_75 (length 568)
plasmid_files/CP018815.1_results/PROKKA_06292018:CP018815.1_76 (length 334)
plasmid_files/CP018815.1_results/PROKKA_06292018:CP018815.1_77 (length 58)
plasmid_files/CP018815.1_results/PROKKA_06292018:CP018815.1_78 (length 271)
plasmid_files/CP018815.1_results/PROKKA_06292018:CP018815.1_79 (length 267)
plasmid_files/CP018815.1_results/PROKKA_06292018:CP018815.1_80 (length 278)
plasmid_files/CP018815.1_results/PROKKA_06292018:CP018815.1_81 (length 179)
plasmid_files/CP018815.1_results/PROKKA_06292018:CP018815.1_82 (length 286)
plasmid_files/CP018815.1_results/PROKKA_06292018:CP018815.1_83 (length 83)
plasmid_files/CP018815.1_results/PROKKA_06292018:CP018815.1_84 (length 274)
plasmid_files/CP018815.1_results/PROKKA_06292018:CP018815.1_85 (length 258)
plasmid_files/CP018815.1_results/PROKKA_06292018:CP018815.1_86 (length 201)
plasmid_files/CP018815.1_results/PROKKA_06292018:CP018815.1_87 (length 185)
plasmid_files/CP018815.1_results/PROKKA_06292018:CP018815.1_88 (length 302)
plasmid_files/CP018815.1_results/PROKKA_06292018:CP018815.1_89 (length 571)
plasmid_files/CP018815.1_results/PROKKA_06292018:CP018815.1_90 (length 1009)
plasmid_files/CP018815.1_results/PROKKA_06292018:CP018815.1_91 (length 341)
plasmid_files/CP018815.1_results/PROKKA_06292018:CP018815.1_92 (length 259)
plasmid_files/CP018815.1_results/PROKKA_06292018:CP018815.1_93 (length 97)
plasmid_files/CP018815.1_results/PROKKA_06292018:CP018815.1_94 (length 293)
plasmid_files/CP018815.1_results/PROKKA_06292018:CP018815.1_95 (length 439)
plasmid_files/CP018815.1_results/PROKKA_06292018:CP018815.1_96 (length 127)
plasmid_files/CP018815.1_results/PROKKA_06292018:CP018815.1_97 (length 123)
plasmid_files/CP018815.1_results/PROKKA_06292018:CP018815.1_98 (length 306)
plasmid_files/CP018815.1_results/PROKKA_06292018:CP018815.1_99 (length 252)
plasmid_files/CP018815.1_results/PROKKA_06292018:CP018815.1_100 (length 432)
plasmid_files/CP018815.1_results/PROKKA_06292018:CP018815.1_101 (length 89)
plasmid_files/CP018815.1_results/PROKKA_06292018:CP018815.1_102 (length 376)
plasmid_files/CP018815.1_results/PROKKA_06292018:CP018815.1_103 (length 136)
plasmid_files/CP018815.1_results/PROKKA_06292018:CP018815.1_104 (length 446)
plasmid_files/CP018815.1_results/PROKKA_06292018:CP018815.1_105 (length 510)
plasmid_files/CP018815.1_results/PROKKA_06292018:CP018815.1_106 (length 836)
plasmid_files/CP018815.1_results/PROKKA_06292018:CP018815.1_107 (length 346)
plasmid_files/CP018815.1_results/PROKKA_06292018:CP018815.1_108 (length 269)
plasmid_files/CP018815.1_results/PROKKA_06292018:CP018815.1_109 (length 169)
plasmid_files/CP018815.1_results/PROKKA_06292018:CP018815.1_110 (length 108)
plasmid_files/CP018815.1_results/PROKKA_06292018:CP018815.1_111 (length 242)
plasmid_files/CP018815.1_results/PROKKA_06292018:CP018815.1_112 (length 143)
plasmid_files/CP018815.1_results/PROKKA_06292018:CP018815.1_113 (length 666)
plasmid_files/CP018815.1_results/PROKKA_06292018:CP018815.1_114 (length 82)
plasmid_files/CP018815.1_results/PROKKA_06292018:CP018815.1_115 (length 180)
plasmid_files/CP018815.1_results/PROKKA_06292018:CP018815.1_116 (length 106)
plasmid_files/CP018815.1_results/PROKKA_06292018:CP018815.1_117 (length 86)
plasmid_files/CP018815.1_results/PROKKA_06292018:CP018815.1_118 (length 63)
plasmid_files/CP018815.1_results/PROKKA_06292018:CP018815.1_119 (length 168)
plasmid_files/CP018815.1_results/PROKKA_06292018:CP018815.1_120 (length 142)
plasmid_files/CP018815.1_results/PROKKA_06292018:CP018815.1_121 (length 255)
plasmid_files/CP018815.1_results/PROKKA_06292018:CP018815.1_122 (length 139)
plasmid_files/CP018815.1_results/PROKKA_06292018:CP018815.1_123 (length 73)
plasmid_files/CP018815.1_results/PROKKA_06292018:CP018815.1_124 (length 258)
plasmid_files/CP018815.1_results/PROKKA_06292018:CP018815.1_125 (length 111)
plasmid_files/CP018815.1_results/PROKKA_06292018:CP018815.1_126 (length 77)
plasmid_files/CP018815.1_results/PROKKA_06292018:CP018815.1_127 (length 310)
plasmid_files/CP018815.1_results/PROKKA_06292018:CP018815.1_128 (length 44)
plasmid_files/CP018815.1_results/PROKKA_06292018:CP018815.1_129 (length 58)
plasmid_files/CP018815.1_results/PROKKA_06292018:CP018815.1_130 (length 76)
plasmid_files/CP018815.1_results/PROKKA_06292018:CP018815.1_131 (length 81)
plasmid_files/CP018815.1_results/PROKKA_06292018:CP018815.1_132 (length 153)
plasmid_files/CP018815.1_results/PROKKA_06292018:CP018815.1_133 (length 423)
plasmid_files/CP018815.1_results/PROKKA_06292018:CP018815.1_134 (length 66)
plasmid_files/CP018815.1_results/PROKKA_06292018:CP018815.1_135 (length 91)
plasmid_files/CP018815.1_results/PROKKA_06292018:CP018815.1_136 (length 215)
plasmid_files/CP018815.1_results/PROKKA_06292018:CP018815.1_137 (length 172)
plasmid_files/CP018815.1_results/PROKKA_06292018:CP018815.1_138 (length 195)
plasmid_files/CP018815.1_results/PROKKA_06292018:CP018815.1_139 (length 317)
plasmid_files/CP018815.1_results/PROKKA_06292018:CP018815.1_140 (length 266)
plasmid_files/CP018815.1_results/PROKKA_06292018:CP018815.1_141 (length 301)
plasmid_files/CP018815.1_results/PROKKA_06292018:CP018815.1_142 (length 339)
plasmid_files/CP018815.1_results/PROKKA_06292018:CP018815.1_143 (length 85)
plasmid_files/CP018815.1_results/PROKKA_06292018:CP018815.1_144 (length 185)
plasmid_files/CP018815.1_results/PROKKA_06292018:CP018815.1_145 (length 102)
plasmid_files/CP018815.1_results/PROKKA_06292018:CP018815.1_146 (length 216)
plasmid_files/CP018815.1_results/PROKKA_06292018:CP018815.1_147 (length 207)
plasmid_files/CP018815.1_results/PROKKA_06292018:CP018815.1_148 (length 198)
plasmid_files/CP018815.1_results/PROKKA_06292018:CP018815.1_149 (length 197)
plasmid_files/CP018815.1_results/PROKKA_06292018:CP018815.1_150 (length 241)
plasmid_files/CP018815.1_results/PROKKA_06292018:CP018815.1_151 (length 1753)
plasmid_files/CP018815.1_results/PROKKA_06292018:CP018815.1_152 (length 770)
plasmid_files/CP018815.1_results/PROKKA_06292018:CP018815.1_153 (length 229)
plasmid_files/CP018815.1_results/PROKKA_06292018:CP018815.1_154 (length 243)
plasmid_files/CP018815.1_results/PROKKA_06292018:CP018815.1_155 (length 182)
plasmid_files/CP018815.1_results/PROKKA_06292018:CP018815.1_156 (length 949)
plasmid_files/CP018815.1_results/PROKKA_06292018:CP018815.1_157 (length 455)
plasmid_files/CP018815.1_results/PROKKA_06292018:CP018815.1_158 (length 147)
plasmid_files/CP018815.1_results/PROKKA_06292018:CP018815.1_159 (length 185)
plasmid_files/CP018815.1_results/PROKKA_06292018:CP018815.1_160 (length 79)
plasmid_files/CP018815.1_results/PROKKA_06292018:CP018815.1_161 (length 243)
plasmid_files/CP018815.1_results/PROKKA_06292018:CP018815.1_162 (length 108)
plasmid_files/CP018815.1_results/PROKKA_06292018:CP018815.1_163 (length 88)
plasmid_files/CP018815.1_results/PROKKA_06292018:CP018815.1_164 (length 84)
plasmid_files/CP018815.1_results/PROKKA_06292018:CP018815.1_165 (length 651)
plasmid_files/CP018815.1_results/PROKKA_06292018:CP018815.1_166 (length 212)

DiscRep_ALL:DISC_SOURCE_QUALS_ASNDISC::strain (all present, all unique)
DiscRep_SUB:DISC_SOURCE_QUALS_ASNDISC::1 sources have unique values for strain
DiscRep_ALL:DISC_SOURCE_QUALS_ASNDISC::taxname (all present, all unique)
DiscRep_SUB:DISC_SOURCE_QUALS_ASNDISC::1 sources have unique values for taxname
DiscRep_ALL:DISC_FEATURE_COUNT::CDS: 166 present
DiscRep_ALL:DISC_COUNT_NUCLEOTIDES::1 nucleotide Bioseqs are present
plasmid_files/CP018815.1_results/PROKKA_06292018:CP018815.1 (length 139942)

DiscRep_ALL:FEATURE_LOCATION_CONFLICT::166 features have inconsistent gene locations.
DiscRep_SUB:FEATURE_LOCATION_CONFLICT::Coding region xref gene does not exist
plasmid_files/CP018815.1_results/PROKKA_06292018:CDS	hypothetical protein	CP018815.1:288-809	AIKHKDKE_00001

DiscRep_SUB:FEATURE_LOCATION_CONFLICT::Coding region xref gene does not exist
plasmid_files/CP018815.1_results/PROKKA_06292018:CDS	hypothetical protein	CP018815.1:820-960	AIKHKDKE_00002

DiscRep_SUB:FEATURE_LOCATION_CONFLICT::Coding region xref gene does not exist
plasmid_files/CP018815.1_results/PROKKA_06292018:CDS	hypothetical protein	CP018815.1:c1339-938	AIKHKDKE_00003

DiscRep_SUB:FEATURE_LOCATION_CONFLICT::Coding region xref gene does not exist
plasmid_files/CP018815.1_results/PROKKA_06292018:CDS	hypothetical protein	CP018815.1:c2009-1374	AIKHKDKE_00004

DiscRep_SUB:FEATURE_LOCATION_CONFLICT::Coding region xref gene does not exist
plasmid_files/CP018815.1_results/PROKKA_06292018:CDS	hypothetical protein	CP018815.1:c2398-2006	AIKHKDKE_00005

DiscRep_SUB:FEATURE_LOCATION_CONFLICT::Coding region xref gene does not exist
plasmid_files/CP018815.1_results/PROKKA_06292018:CDS	Protein TraC	CP018815.1:c5037-2398	AIKHKDKE_00006

DiscRep_SUB:FEATURE_LOCATION_CONFLICT::Coding region xref gene does not exist
plasmid_files/CP018815.1_results/PROKKA_06292018:CDS	hypothetical protein	CP018815.1:c5501-5109	AIKHKDKE_00007

DiscRep_SUB:FEATURE_LOCATION_CONFLICT::Coding region xref gene does not exist
plasmid_files/CP018815.1_results/PROKKA_06292018:CDS	hypothetical protein	CP018815.1:c5904-5515	AIKHKDKE_00008

DiscRep_SUB:FEATURE_LOCATION_CONFLICT::Coding region xref gene does not exist
plasmid_files/CP018815.1_results/PROKKA_06292018:CDS	hypothetical protein	CP018815.1:c6729-6418	AIKHKDKE_00009

DiscRep_SUB:FEATURE_LOCATION_CONFLICT::Coding region xref gene does not exist
plasmid_files/CP018815.1_results/PROKKA_06292018:CDS	hypothetical protein	CP018815.1:c6948-6730	AIKHKDKE_00010

DiscRep_SUB:FEATURE_LOCATION_CONFLICT::Coding region xref gene does not exist
plasmid_files/CP018815.1_results/PROKKA_06292018:CDS	hypothetical protein	CP018815.1:c7464-7054	AIKHKDKE_00011

DiscRep_SUB:FEATURE_LOCATION_CONFLICT::Coding region xref gene does not exist
plasmid_files/CP018815.1_results/PROKKA_06292018:CDS	Protein TraV	CP018815.1:c8180-7596	AIKHKDKE_00012

DiscRep_SUB:FEATURE_LOCATION_CONFLICT::Coding region xref gene does not exist
plasmid_files/CP018815.1_results/PROKKA_06292018:CDS	hypothetical protein	CP018815.1:c9718-8294	AIKHKDKE_00013

DiscRep_SUB:FEATURE_LOCATION_CONFLICT::Coding region xref gene does not exist
plasmid_files/CP018815.1_results/PROKKA_06292018:CDS	hypothetical protein	CP018815.1:c10458-9718	AIKHKDKE_00014

DiscRep_SUB:FEATURE_LOCATION_CONFLICT::Coding region xref gene does not exist
plasmid_files/CP018815.1_results/PROKKA_06292018:CDS	hypothetical protein	CP018815.1:c11011-10445	AIKHKDKE_00015

DiscRep_SUB:FEATURE_LOCATION_CONFLICT::Coding region xref gene does not exist
plasmid_files/CP018815.1_results/PROKKA_06292018:CDS	hypothetical protein	CP018815.1:c11336-11031	AIKHKDKE_00016

DiscRep_SUB:FEATURE_LOCATION_CONFLICT::Coding region xref gene does not exist
plasmid_files/CP018815.1_results/PROKKA_06292018:CDS	Pilin	CP018815.1:c11718-11350	AIKHKDKE_00017

DiscRep_SUB:FEATURE_LOCATION_CONFLICT::Coding region xref gene does not exist
plasmid_files/CP018815.1_results/PROKKA_06292018:CDS	Protein TraJ	CP018815.1:c12773-12072	AIKHKDKE_00018

DiscRep_SUB:FEATURE_LOCATION_CONFLICT::Coding region xref gene does not exist
plasmid_files/CP018815.1_results/PROKKA_06292018:CDS	Relaxosome protein TraM	CP018815.1:c13400-13008	AIKHKDKE_00019

DiscRep_SUB:FEATURE_LOCATION_CONFLICT::Coding region xref gene does not exist
plasmid_files/CP018815.1_results/PROKKA_06292018:CDS	hypothetical protein	CP018815.1:13846-14328	AIKHKDKE_00020

DiscRep_SUB:FEATURE_LOCATION_CONFLICT::Coding region xref gene does not exist
plasmid_files/CP018815.1_results/PROKKA_06292018:CDS	Antirestriction protein KlcA	CP018815.1:c14894-14352	AIKHKDKE_00021

DiscRep_SUB:FEATURE_LOCATION_CONFLICT::Coding region xref gene does not exist
plasmid_files/CP018815.1_results/PROKKA_06292018:CDS	hypothetical protein	CP018815.1:c15479-14937	AIKHKDKE_00022

DiscRep_SUB:FEATURE_LOCATION_CONFLICT::Coding region xref gene does not exist
plasmid_files/CP018815.1_results/PROKKA_06292018:CDS	hypothetical protein	CP018815.1:c15673-15527	AIKHKDKE_00023

DiscRep_SUB:FEATURE_LOCATION_CONFLICT::Coding region xref gene does not exist
plasmid_files/CP018815.1_results/PROKKA_06292018:CDS	hypothetical protein	CP018815.1:c16113-15766	AIKHKDKE_00024

DiscRep_SUB:FEATURE_LOCATION_CONFLICT::Coding region xref gene does not exist
plasmid_files/CP018815.1_results/PROKKA_06292018:CDS	hypothetical protein	CP018815.1:c16507-16169	AIKHKDKE_00025

DiscRep_SUB:FEATURE_LOCATION_CONFLICT::Coding region xref gene does not exist
plasmid_files/CP018815.1_results/PROKKA_06292018:CDS	hypothetical protein	CP018815.1:c18168-17293	AIKHKDKE_00026

DiscRep_SUB:FEATURE_LOCATION_CONFLICT::Coding region xref gene does not exist
plasmid_files/CP018815.1_results/PROKKA_06292018:CDS	hypothetical protein	CP018815.1:c18447-18217	AIKHKDKE_00027

DiscRep_SUB:FEATURE_LOCATION_CONFLICT::Coding region xref gene does not exist
plasmid_files/CP018815.1_results/PROKKA_06292018:CDS	hypothetical protein	CP018815.1:c18767-18540	AIKHKDKE_00028

DiscRep_SUB:FEATURE_LOCATION_CONFLICT::Coding region xref gene does not exist
plasmid_files/CP018815.1_results/PROKKA_06292018:CDS	hypothetical protein	CP018815.1:c19886-19563	AIKHKDKE_00029

DiscRep_SUB:FEATURE_LOCATION_CONFLICT::Coding region xref gene does not exist
plasmid_files/CP018815.1_results/PROKKA_06292018:CDS	hypothetical protein	CP018815.1:c20611-19883	AIKHKDKE_00030

DiscRep_SUB:FEATURE_LOCATION_CONFLICT::Coding region xref gene does not exist
plasmid_files/CP018815.1_results/PROKKA_06292018:CDS	Protein PsiB	CP018815.1:c21039-20608	AIKHKDKE_00031

DiscRep_SUB:FEATURE_LOCATION_CONFLICT::Coding region xref gene does not exist
plasmid_files/CP018815.1_results/PROKKA_06292018:CDS	Chromosome-partitioning protein Spo0J	CP018815.1:c23083-21083	AIKHKDKE_00032

DiscRep_SUB:FEATURE_LOCATION_CONFLICT::Coding region xref gene does not exist
plasmid_files/CP018815.1_results/PROKKA_06292018:CDS	hypothetical protein	CP018815.1:c23400-23152	AIKHKDKE_00033

DiscRep_SUB:FEATURE_LOCATION_CONFLICT::Coding region xref gene does not exist
plasmid_files/CP018815.1_results/PROKKA_06292018:CDS	Plasmid-derived single-stranded DNA-binding protein	CP018815.1:c24007-23450	AIKHKDKE_00034

DiscRep_SUB:FEATURE_LOCATION_CONFLICT::Coding region xref gene does not exist
plasmid_files/CP018815.1_results/PROKKA_06292018:CDS	hypothetical protein	CP018815.1:c25128-24808	AIKHKDKE_00035

DiscRep_SUB:FEATURE_LOCATION_CONFLICT::Coding region xref gene does not exist
plasmid_files/CP018815.1_results/PROKKA_06292018:CDS	DNA polymerase III subunit theta	CP018815.1:c25416-25153	AIKHKDKE_00036

DiscRep_SUB:FEATURE_LOCATION_CONFLICT::Coding region xref gene does not exist
plasmid_files/CP018815.1_results/PROKKA_06292018:CDS	hypothetical protein	CP018815.1:c25795-25604	AIKHKDKE_00037

DiscRep_SUB:FEATURE_LOCATION_CONFLICT::Coding region xref gene does not exist
plasmid_files/CP018815.1_results/PROKKA_06292018:CDS	hypothetical protein	CP018815.1:c26344-25838	AIKHKDKE_00038

DiscRep_SUB:FEATURE_LOCATION_CONFLICT::Coding region xref gene does not exist
plasmid_files/CP018815.1_results/PROKKA_06292018:CDS	Antirestriction protein KlcA	CP018815.1:c26815-26387	AIKHKDKE_00039

DiscRep_SUB:FEATURE_LOCATION_CONFLICT::Coding region xref gene does not exist
plasmid_files/CP018815.1_results/PROKKA_06292018:CDS	hypothetical protein	CP018815.1:c28263-27496	AIKHKDKE_00040

DiscRep_SUB:FEATURE_LOCATION_CONFLICT::Coding region xref gene does not exist
plasmid_files/CP018815.1_results/PROKKA_06292018:CDS	hypothetical protein	CP018815.1:c28736-28317	AIKHKDKE_00041

DiscRep_SUB:FEATURE_LOCATION_CONFLICT::Coding region xref gene does not exist
plasmid_files/CP018815.1_results/PROKKA_06292018:CDS	hypothetical protein	CP018815.1:c28967-28746	AIKHKDKE_00042

DiscRep_SUB:FEATURE_LOCATION_CONFLICT::Coding region xref gene does not exist
plasmid_files/CP018815.1_results/PROKKA_06292018:CDS	DNA adenine methyltransferase YhdJ	CP018815.1:c29743-28967	AIKHKDKE_00043

DiscRep_SUB:FEATURE_LOCATION_CONFLICT::Coding region xref gene does not exist
plasmid_files/CP018815.1_results/PROKKA_06292018:CDS	hypothetical protein	CP018815.1:c30335-30105	AIKHKDKE_00044

DiscRep_SUB:FEATURE_LOCATION_CONFLICT::Coding region xref gene does not exist
plasmid_files/CP018815.1_results/PROKKA_06292018:CDS	hypothetical protein	CP018815.1:c31068-30397	AIKHKDKE_00045

DiscRep_SUB:FEATURE_LOCATION_CONFLICT::Coding region xref gene does not exist
plasmid_files/CP018815.1_results/PROKKA_06292018:CDS	Plasmid segregation protein ParM	CP018815.1:c32042-31071	AIKHKDKE_00046

DiscRep_SUB:FEATURE_LOCATION_CONFLICT::Coding region xref gene does not exist
plasmid_files/CP018815.1_results/PROKKA_06292018:CDS	Protein UmuD	CP018815.1:32275-32706	AIKHKDKE_00047

DiscRep_SUB:FEATURE_LOCATION_CONFLICT::Coding region xref gene does not exist
plasmid_files/CP018815.1_results/PROKKA_06292018:CDS	Protein UmuC	CP018815.1:32706-33977	AIKHKDKE_00048

DiscRep_SUB:FEATURE_LOCATION_CONFLICT::Coding region xref gene does not exist
plasmid_files/CP018815.1_results/PROKKA_06292018:CDS	Virulence regulon transcriptional activator VirB	CP018815.1:c35033-34059	AIKHKDKE_00049

DiscRep_SUB:FEATURE_LOCATION_CONFLICT::Coding region xref gene does not exist
plasmid_files/CP018815.1_results/PROKKA_06292018:CDS	Plasmid partition protein A	CP018815.1:c36238-35033	AIKHKDKE_00050

DiscRep_SUB:FEATURE_LOCATION_CONFLICT::Coding region xref gene does not exist
plasmid_files/CP018815.1_results/PROKKA_06292018:CDS	hypothetical protein	CP018815.1:37020-37424	AIKHKDKE_00051

DiscRep_SUB:FEATURE_LOCATION_CONFLICT::Coding region xref gene does not exist
plasmid_files/CP018815.1_results/PROKKA_06292018:CDS	hypothetical protein	CP018815.1:37421-37768	AIKHKDKE_00052

DiscRep_SUB:FEATURE_LOCATION_CONFLICT::Coding region xref gene does not exist
plasmid_files/CP018815.1_results/PROKKA_06292018:CDS	hypothetical protein	CP018815.1:37817-39355	AIKHKDKE_00053

DiscRep_SUB:FEATURE_LOCATION_CONFLICT::Coding region xref gene does not exist
plasmid_files/CP018815.1_results/PROKKA_06292018:CDS	Replication initiation protein	CP018815.1:c40198-39443	AIKHKDKE_00054

DiscRep_SUB:FEATURE_LOCATION_CONFLICT::Coding region xref gene does not exist
plasmid_files/CP018815.1_results/PROKKA_06292018:CDS	hypothetical protein	CP018815.1:c41370-41242	AIKHKDKE_00055

DiscRep_SUB:FEATURE_LOCATION_CONFLICT::Coding region xref gene does not exist
plasmid_files/CP018815.1_results/PROKKA_06292018:CDS	Tyrosine recombinase XerD	CP018815.1:c42171-41386	AIKHKDKE_00056

DiscRep_SUB:FEATURE_LOCATION_CONFLICT::Coding region xref gene does not exist
plasmid_files/CP018815.1_results/PROKKA_06292018:CDS	hypothetical protein	CP018815.1:c42812-42174	AIKHKDKE_00057

DiscRep_SUB:FEATURE_LOCATION_CONFLICT::Coding region xref gene does not exist
plasmid_files/CP018815.1_results/PROKKA_06292018:CDS	hypothetical protein	CP018815.1:c43181-42861	AIKHKDKE_00058

DiscRep_SUB:FEATURE_LOCATION_CONFLICT::Coding region xref gene does not exist
plasmid_files/CP018815.1_results/PROKKA_06292018:CDS	Antitoxin VapB	CP018815.1:43726-43956	AIKHKDKE_00059

DiscRep_SUB:FEATURE_LOCATION_CONFLICT::Coding region xref gene does not exist
plasmid_files/CP018815.1_results/PROKKA_06292018:CDS	tRNA(fMet)-specific endonuclease VapC	CP018815.1:43953-44369	AIKHKDKE_00060

DiscRep_SUB:FEATURE_LOCATION_CONFLICT::Coding region xref gene does not exist
plasmid_files/CP018815.1_results/PROKKA_06292018:CDS	DNA replication and repair protein RecF	CP018815.1:44443-44679	AIKHKDKE_00061

DiscRep_SUB:FEATURE_LOCATION_CONFLICT::Coding region xref gene does not exist
plasmid_files/CP018815.1_results/PROKKA_06292018:CDS	hypothetical protein	CP018815.1:44726-45430	AIKHKDKE_00062

DiscRep_SUB:FEATURE_LOCATION_CONFLICT::Coding region xref gene does not exist
plasmid_files/CP018815.1_results/PROKKA_06292018:CDS	Tyrosine recombinase XerD	CP018815.1:c46250-45321	AIKHKDKE_00063

DiscRep_SUB:FEATURE_LOCATION_CONFLICT::Coding region xref gene does not exist
plasmid_files/CP018815.1_results/PROKKA_06292018:CDS	Dihydrofolate reductase type 1	CP018815.1:46421-46879	AIKHKDKE_00064

DiscRep_SUB:FEATURE_LOCATION_CONFLICT::Coding region xref gene does not exist
plasmid_files/CP018815.1_results/PROKKA_06292018:CDS	hypothetical protein	CP018815.1:47100-47366	AIKHKDKE_00065

DiscRep_SUB:FEATURE_LOCATION_CONFLICT::Coding region xref gene does not exist
plasmid_files/CP018815.1_results/PROKKA_06292018:CDS	hypothetical protein	CP018815.1:47509-48273	AIKHKDKE_00066

DiscRep_SUB:FEATURE_LOCATION_CONFLICT::Coding region xref gene does not exist
plasmid_files/CP018815.1_results/PROKKA_06292018:CDS	Type-2 restriction enzyme EcoRII	CP018815.1:48534-49748	AIKHKDKE_00067

DiscRep_SUB:FEATURE_LOCATION_CONFLICT::Coding region xref gene does not exist
plasmid_files/CP018815.1_results/PROKKA_06292018:CDS	DNA-cytosine methyltransferase	CP018815.1:c51215-49782	AIKHKDKE_00068

DiscRep_SUB:FEATURE_LOCATION_CONFLICT::Coding region xref gene does not exist
plasmid_files/CP018815.1_results/PROKKA_06292018:CDS	hypothetical protein	CP018815.1:51320-51586	AIKHKDKE_00069

DiscRep_SUB:FEATURE_LOCATION_CONFLICT::Coding region xref gene does not exist
plasmid_files/CP018815.1_results/PROKKA_06292018:CDS	hypothetical protein	CP018815.1:c51803-51597	AIKHKDKE_00070

DiscRep_SUB:FEATURE_LOCATION_CONFLICT::Coding region xref gene does not exist
plasmid_files/CP018815.1_results/PROKKA_06292018:CDS	hypothetical protein	CP018815.1:c52455-51808	AIKHKDKE_00071

DiscRep_SUB:FEATURE_LOCATION_CONFLICT::Coding region xref gene does not exist
plasmid_files/CP018815.1_results/PROKKA_06292018:CDS	hypothetical protein	CP018815.1:c52816-52505	AIKHKDKE_00072

DiscRep_SUB:FEATURE_LOCATION_CONFLICT::Coding region xref gene does not exist
plasmid_files/CP018815.1_results/PROKKA_06292018:CDS	hypothetical protein	CP018815.1:c53079-52852	AIKHKDKE_00073

DiscRep_SUB:FEATURE_LOCATION_CONFLICT::Coding region xref gene does not exist
plasmid_files/CP018815.1_results/PROKKA_06292018:CDS	hypothetical protein	CP018815.1:53193-53897	AIKHKDKE_00074

DiscRep_SUB:FEATURE_LOCATION_CONFLICT::Coding region xref gene does not exist
plasmid_files/CP018815.1_results/PROKKA_06292018:CDS	hypothetical protein	CP018815.1:54009-55715	AIKHKDKE_00075

DiscRep_SUB:FEATURE_LOCATION_CONFLICT::Coding region xref gene does not exist
plasmid_files/CP018815.1_results/PROKKA_06292018:CDS	hypothetical protein	CP018815.1:55794-56798	AIKHKDKE_00076

DiscRep_SUB:FEATURE_LOCATION_CONFLICT::Coding region xref gene does not exist
plasmid_files/CP018815.1_results/PROKKA_06292018:CDS	hypothetical protein	CP018815.1:c57156-56980	AIKHKDKE_00077

DiscRep_SUB:FEATURE_LOCATION_CONFLICT::Coding region xref gene does not exist
plasmid_files/CP018815.1_results/PROKKA_06292018:CDS	Dihydropteroate synthase	CP018815.1:57486-58301	AIKHKDKE_00078

DiscRep_SUB:FEATURE_LOCATION_CONFLICT::Coding region xref gene does not exist
plasmid_files/CP018815.1_results/PROKKA_06292018:CDS	Aminoglycoside 3'-phosphotransferase	CP018815.1:58362-59165	AIKHKDKE_00079

DiscRep_SUB:FEATURE_LOCATION_CONFLICT::Coding region xref gene does not exist
plasmid_files/CP018815.1_results/PROKKA_06292018:CDS	hypothetical protein	CP018815.1:59165-60001	AIKHKDKE_00080

DiscRep_SUB:FEATURE_LOCATION_CONFLICT::Coding region xref gene does not exist
plasmid_files/CP018815.1_results/PROKKA_06292018:CDS	hypothetical protein	CP018815.1:c60512-59973	AIKHKDKE_00081

DiscRep_SUB:FEATURE_LOCATION_CONFLICT::Coding region xref gene does not exist
plasmid_files/CP018815.1_results/PROKKA_06292018:CDS	Beta-lactamase TEM	CP018815.1:c61582-60722	AIKHKDKE_00082

DiscRep_SUB:FEATURE_LOCATION_CONFLICT::Coding region xref gene does not exist
plasmid_files/CP018815.1_results/PROKKA_06292018:CDS	Transposon Tn3 resolvase	CP018815.1:c62016-61765	AIKHKDKE_00083

DiscRep_SUB:FEATURE_LOCATION_CONFLICT::Coding region xref gene does not exist
plasmid_files/CP018815.1_results/PROKKA_06292018:CDS	Beta-lactamase OXA-18	CP018815.1:c63106-62282	AIKHKDKE_00084

DiscRep_SUB:FEATURE_LOCATION_CONFLICT::Coding region xref gene does not exist
plasmid_files/CP018815.1_results/PROKKA_06292018:CDS	Streptomycin 3''-adenylyltransferase	CP018815.1:c63942-63166	AIKHKDKE_00085

DiscRep_SUB:FEATURE_LOCATION_CONFLICT::Coding region xref gene does not exist
plasmid_files/CP018815.1_results/PROKKA_06292018:CDS	Aminoglycoside N(6')-acetyltransferase type 1	CP018815.1:c64629-64024	AIKHKDKE_00086

DiscRep_SUB:FEATURE_LOCATION_CONFLICT::Coding region xref gene does not exist
plasmid_files/CP018815.1_results/PROKKA_06292018:CDS	Transposon Tn3 resolvase	CP018815.1:c65369-64812	AIKHKDKE_00087

DiscRep_SUB:FEATURE_LOCATION_CONFLICT::Coding region xref gene does not exist
plasmid_files/CP018815.1_results/PROKKA_06292018:CDS	hypothetical protein	CP018815.1:65533-66441	AIKHKDKE_00088

DiscRep_SUB:FEATURE_LOCATION_CONFLICT::Coding region xref gene does not exist
plasmid_files/CP018815.1_results/PROKKA_06292018:CDS	Tyrosine recombinase XerD	CP018815.1:c68199-66484	AIKHKDKE_00089

DiscRep_SUB:FEATURE_LOCATION_CONFLICT::Coding region xref gene does not exist
plasmid_files/CP018815.1_results/PROKKA_06292018:CDS	hypothetical protein	CP018815.1:68309-71338	AIKHKDKE_00090

DiscRep_SUB:FEATURE_LOCATION_CONFLICT::Coding region xref gene does not exist
plasmid_files/CP018815.1_results/PROKKA_06292018:CDS	hypothetical protein	CP018815.1:71445-72470	AIKHKDKE_00091

DiscRep_SUB:FEATURE_LOCATION_CONFLICT::Coding region xref gene does not exist
plasmid_files/CP018815.1_results/PROKKA_06292018:CDS	Insertion sequence IS5376 putative ATP-binding protein	CP018815.1:72467-73246	AIKHKDKE_00092

DiscRep_SUB:FEATURE_LOCATION_CONFLICT::Coding region xref gene does not exist
plasmid_files/CP018815.1_results/PROKKA_06292018:CDS	hypothetical protein	CP018815.1:73243-73536	AIKHKDKE_00093

DiscRep_SUB:FEATURE_LOCATION_CONFLICT::Coding region xref gene does not exist
plasmid_files/CP018815.1_results/PROKKA_06292018:CDS	Carbapenem-hydrolyzing beta-lactamase KPC	CP018815.1:73565-74446	AIKHKDKE_00094

DiscRep_SUB:FEATURE_LOCATION_CONFLICT::Coding region xref gene does not exist
plasmid_files/CP018815.1_results/PROKKA_06292018:CDS	hypothetical protein	CP018815.1:c76015-74696	AIKHKDKE_00095

DiscRep_SUB:FEATURE_LOCATION_CONFLICT::Coding region xref gene does not exist
plasmid_files/CP018815.1_results/PROKKA_06292018:CDS	Protein ChrB	CP018815.1:c76580-76197	AIKHKDKE_00096

DiscRep_SUB:FEATURE_LOCATION_CONFLICT::Coding region xref gene does not exist
plasmid_files/CP018815.1_results/PROKKA_06292018:CDS	hypothetical protein	CP018815.1:76927-77298	AIKHKDKE_00097

DiscRep_SUB:FEATURE_LOCATION_CONFLICT::Coding region xref gene does not exist
plasmid_files/CP018815.1_results/PROKKA_06292018:CDS	hypothetical protein	CP018815.1:77361-78281	AIKHKDKE_00098

DiscRep_SUB:FEATURE_LOCATION_CONFLICT::Coding region xref gene does not exist
plasmid_files/CP018815.1_results/PROKKA_06292018:CDS	hypothetical protein	CP018815.1:78335-79093	AIKHKDKE_00099

DiscRep_SUB:FEATURE_LOCATION_CONFLICT::Coding region xref gene does not exist
plasmid_files/CP018815.1_results/PROKKA_06292018:CDS	Multidrug resistance protein MdtG	CP018815.1:79327-80625	AIKHKDKE_00100

DiscRep_SUB:FEATURE_LOCATION_CONFLICT::Coding region xref gene does not exist
plasmid_files/CP018815.1_results/PROKKA_06292018:CDS	Copper-sensing transcriptional repressor CsoR	CP018815.1:80731-81000	AIKHKDKE_00101

DiscRep_SUB:FEATURE_LOCATION_CONFLICT::Coding region xref gene does not exist
plasmid_files/CP018815.1_results/PROKKA_06292018:CDS	Nickel/cobalt efflux system RcnA	CP018815.1:81013-82143	AIKHKDKE_00102

DiscRep_SUB:FEATURE_LOCATION_CONFLICT::Coding region xref gene does not exist
plasmid_files/CP018815.1_results/PROKKA_06292018:CDS	Protein YgiW	CP018815.1:82317-82727	AIKHKDKE_00103

DiscRep_SUB:FEATURE_LOCATION_CONFLICT::Coding region xref gene does not exist
plasmid_files/CP018815.1_results/PROKKA_06292018:CDS	hypothetical protein	CP018815.1:c84323-82983	AIKHKDKE_00104

DiscRep_SUB:FEATURE_LOCATION_CONFLICT::Coding region xref gene does not exist
plasmid_files/CP018815.1_results/PROKKA_06292018:CDS	hypothetical protein	CP018815.1:84412-85944	AIKHKDKE_00105

DiscRep_SUB:FEATURE_LOCATION_CONFLICT::Coding region xref gene does not exist
plasmid_files/CP018815.1_results/PROKKA_06292018:CDS	hypothetical protein	CP018815.1:c88888-86378	AIKHKDKE_00106

DiscRep_SUB:FEATURE_LOCATION_CONFLICT::Coding region xref gene does not exist
plasmid_files/CP018815.1_results/PROKKA_06292018:CDS	ATP-dependent zinc metalloprotease FtsH	CP018815.1:c89906-88866	AIKHKDKE_00107

DiscRep_SUB:FEATURE_LOCATION_CONFLICT::Coding region xref gene does not exist
plasmid_files/CP018815.1_results/PROKKA_06292018:CDS	hypothetical protein	CP018815.1:c90885-90076	AIKHKDKE_00108

DiscRep_SUB:FEATURE_LOCATION_CONFLICT::Coding region xref gene does not exist
plasmid_files/CP018815.1_results/PROKKA_06292018:CDS	hypothetical protein	CP018815.1:c91451-90942	AIKHKDKE_00109

DiscRep_SUB:FEATURE_LOCATION_CONFLICT::Coding region xref gene does not exist
plasmid_files/CP018815.1_results/PROKKA_06292018:CDS	hypothetical protein	CP018815.1:c91966-91640	AIKHKDKE_00110

DiscRep_SUB:FEATURE_LOCATION_CONFLICT::Coding region xref gene does not exist
plasmid_files/CP018815.1_results/PROKKA_06292018:CDS	hypothetical protein	CP018815.1:c92691-91963	AIKHKDKE_00111

DiscRep_SUB:FEATURE_LOCATION_CONFLICT::Coding region xref gene does not exist
plasmid_files/CP018815.1_results/PROKKA_06292018:CDS	Protein PsiB	CP018815.1:c93119-92688	AIKHKDKE_00112

DiscRep_SUB:FEATURE_LOCATION_CONFLICT::Coding region xref gene does not exist
plasmid_files/CP018815.1_results/PROKKA_06292018:CDS	Chromosome-partitioning protein Spo0J	CP018815.1:c95164-93164	AIKHKDKE_00113

DiscRep_SUB:FEATURE_LOCATION_CONFLICT::Coding region xref gene does not exist
plasmid_files/CP018815.1_results/PROKKA_06292018:CDS	hypothetical protein	CP018815.1:c95481-95233	AIKHKDKE_00114

DiscRep_SUB:FEATURE_LOCATION_CONFLICT::Coding region xref gene does not exist
plasmid_files/CP018815.1_results/PROKKA_06292018:CDS	Plasmid-derived single-stranded DNA-binding protein	CP018815.1:c96072-95530	AIKHKDKE_00115

DiscRep_SUB:FEATURE_LOCATION_CONFLICT::Coding region xref gene does not exist
plasmid_files/CP018815.1_results/PROKKA_06292018:CDS	hypothetical protein	CP018815.1:c97067-96747	AIKHKDKE_00116

DiscRep_SUB:FEATURE_LOCATION_CONFLICT::Coding region xref gene does not exist
plasmid_files/CP018815.1_results/PROKKA_06292018:CDS	DNA polymerase III subunit theta	CP018815.1:c97363-97103	AIKHKDKE_00117

DiscRep_SUB:FEATURE_LOCATION_CONFLICT::Coding region xref gene does not exist
plasmid_files/CP018815.1_results/PROKKA_06292018:CDS	hypothetical protein	CP018815.1:c97742-97551	AIKHKDKE_00118

DiscRep_SUB:FEATURE_LOCATION_CONFLICT::Coding region xref gene does not exist
plasmid_files/CP018815.1_results/PROKKA_06292018:CDS	hypothetical protein	CP018815.1:c98291-97785	AIKHKDKE_00119

DiscRep_SUB:FEATURE_LOCATION_CONFLICT::Coding region xref gene does not exist
plasmid_files/CP018815.1_results/PROKKA_06292018:CDS	Antirestriction protein KlcA	CP018815.1:c98764-98336	AIKHKDKE_00120

DiscRep_SUB:FEATURE_LOCATION_CONFLICT::Coding region xref gene does not exist
plasmid_files/CP018815.1_results/PROKKA_06292018:CDS	hypothetical protein	CP018815.1:c100212-99445	AIKHKDKE_00121

DiscRep_SUB:FEATURE_LOCATION_CONFLICT::Coding region xref gene does not exist
plasmid_files/CP018815.1_results/PROKKA_06292018:CDS	hypothetical protein	CP018815.1:c100685-100266	AIKHKDKE_00122

DiscRep_SUB:FEATURE_LOCATION_CONFLICT::Coding region xref gene does not exist
plasmid_files/CP018815.1_results/PROKKA_06292018:CDS	hypothetical protein	CP018815.1:c100916-100695	AIKHKDKE_00123

DiscRep_SUB:FEATURE_LOCATION_CONFLICT::Coding region xref gene does not exist
plasmid_files/CP018815.1_results/PROKKA_06292018:CDS	DNA adenine methyltransferase YhdJ	CP018815.1:c101692-100916	AIKHKDKE_00124

DiscRep_SUB:FEATURE_LOCATION_CONFLICT::Coding region xref gene does not exist
plasmid_files/CP018815.1_results/PROKKA_06292018:CDS	hypothetical protein	CP018815.1:c102338-102003	AIKHKDKE_00125

DiscRep_SUB:FEATURE_LOCATION_CONFLICT::Coding region xref gene does not exist
plasmid_files/CP018815.1_results/PROKKA_06292018:CDS	hypothetical protein	CP018815.1:c102568-102335	AIKHKDKE_00126

DiscRep_SUB:FEATURE_LOCATION_CONFLICT::Coding region xref gene does not exist
plasmid_files/CP018815.1_results/PROKKA_06292018:CDS	hypothetical protein	CP018815.1:c103535-102603	AIKHKDKE_00127

DiscRep_SUB:FEATURE_LOCATION_CONFLICT::Coding region xref gene does not exist
plasmid_files/CP018815.1_results/PROKKA_06292018:CDS	hypothetical protein	CP018815.1:c103611-103477	AIKHKDKE_00128

DiscRep_SUB:FEATURE_LOCATION_CONFLICT::Coding region xref gene does not exist
plasmid_files/CP018815.1_results/PROKKA_06292018:CDS	hypothetical protein	CP018815.1:c103852-103676	AIKHKDKE_00129

DiscRep_SUB:FEATURE_LOCATION_CONFLICT::Coding region xref gene does not exist
plasmid_files/CP018815.1_results/PROKKA_06292018:CDS	hypothetical protein	CP018815.1:c104201-103971	AIKHKDKE_00130

DiscRep_SUB:FEATURE_LOCATION_CONFLICT::Coding region xref gene does not exist
plasmid_files/CP018815.1_results/PROKKA_06292018:CDS	hypothetical protein	CP018815.1:104405-104650	AIKHKDKE_00131

DiscRep_SUB:FEATURE_LOCATION_CONFLICT::Coding region xref gene does not exist
plasmid_files/CP018815.1_results/PROKKA_06292018:CDS	Protein UmuD	CP018815.1:104635-105096	AIKHKDKE_00132

DiscRep_SUB:FEATURE_LOCATION_CONFLICT::Coding region xref gene does not exist
plasmid_files/CP018815.1_results/PROKKA_06292018:CDS	Protein UmuC	CP018815.1:105108-106379	AIKHKDKE_00133

DiscRep_SUB:FEATURE_LOCATION_CONFLICT::Coding region xref gene does not exist
plasmid_files/CP018815.1_results/PROKKA_06292018:CDS	hypothetical protein	CP018815.1:106481-106681	AIKHKDKE_00134

DiscRep_SUB:FEATURE_LOCATION_CONFLICT::Coding region xref gene does not exist
plasmid_files/CP018815.1_results/PROKKA_06292018:CDS	hypothetical protein	CP018815.1:c107157-106882	AIKHKDKE_00135

DiscRep_SUB:FEATURE_LOCATION_CONFLICT::Coding region xref gene does not exist
plasmid_files/CP018815.1_results/PROKKA_06292018:CDS	Iron-sulfur cluster carrier protein	CP018815.1:c107795-107148	AIKHKDKE_00136

DiscRep_SUB:FEATURE_LOCATION_CONFLICT::Coding region xref gene does not exist
plasmid_files/CP018815.1_results/PROKKA_06292018:CDS	hypothetical protein	CP018815.1:c108643-108125	AIKHKDKE_00137

DiscRep_SUB:FEATURE_LOCATION_CONFLICT::Coding region xref gene does not exist
plasmid_files/CP018815.1_results/PROKKA_06292018:CDS	Serine recombinase PinR	CP018815.1:109183-109770	AIKHKDKE_00138

DiscRep_SUB:FEATURE_LOCATION_CONFLICT::Coding region xref gene does not exist
plasmid_files/CP018815.1_results/PROKKA_06292018:CDS	Recombination-promoting nuclease RpnA	CP018815.1:109878-110831	AIKHKDKE_00139

DiscRep_SUB:FEATURE_LOCATION_CONFLICT::Coding region xref gene does not exist
plasmid_files/CP018815.1_results/PROKKA_06292018:CDS	hypothetical protein	CP018815.1:c111671-110871	AIKHKDKE_00140

DiscRep_SUB:FEATURE_LOCATION_CONFLICT::Coding region xref gene does not exist
plasmid_files/CP018815.1_results/PROKKA_06292018:CDS	hypothetical protein	CP018815.1:c112726-111821	AIKHKDKE_00141

DiscRep_SUB:FEATURE_LOCATION_CONFLICT::Coding region xref gene does not exist
plasmid_files/CP018815.1_results/PROKKA_06292018:CDS	Replication initiation protein	CP018815.1:c114761-113742	AIKHKDKE_00142

DiscRep_SUB:FEATURE_LOCATION_CONFLICT::Coding region xref gene does not exist
plasmid_files/CP018815.1_results/PROKKA_06292018:CDS	hypothetical protein	CP018815.1:c115331-115074	AIKHKDKE_00143

DiscRep_SUB:FEATURE_LOCATION_CONFLICT::Coding region xref gene does not exist
plasmid_files/CP018815.1_results/PROKKA_06292018:CDS	Phospholipase D	CP018815.1:c116020-115463	AIKHKDKE_00144

DiscRep_SUB:FEATURE_LOCATION_CONFLICT::Coding region xref gene does not exist
plasmid_files/CP018815.1_results/PROKKA_06292018:CDS	hypothetical protein	CP018815.1:c116426-116118	AIKHKDKE_00145

DiscRep_SUB:FEATURE_LOCATION_CONFLICT::Coding region xref gene does not exist
plasmid_files/CP018815.1_results/PROKKA_06292018:CDS	hypothetical protein	CP018815.1:c117073-116423	AIKHKDKE_00146

DiscRep_SUB:FEATURE_LOCATION_CONFLICT::Coding region xref gene does not exist
plasmid_files/CP018815.1_results/PROKKA_06292018:CDS	hypothetical protein	CP018815.1:c117702-117079	AIKHKDKE_00147

DiscRep_SUB:FEATURE_LOCATION_CONFLICT::Coding region xref gene does not exist
plasmid_files/CP018815.1_results/PROKKA_06292018:CDS	hypothetical protein	CP018815.1:c118348-117752	AIKHKDKE_00148

DiscRep_SUB:FEATURE_LOCATION_CONFLICT::Coding region xref gene does not exist
plasmid_files/CP018815.1_results/PROKKA_06292018:CDS	Fertility inhibition protein	CP018815.1:c119108-118515	AIKHKDKE_00149

DiscRep_SUB:FEATURE_LOCATION_CONFLICT::Coding region xref gene does not exist
plasmid_files/CP018815.1_results/PROKKA_06292018:CDS	hypothetical protein	CP018815.1:c119990-119265	AIKHKDKE_00150

DiscRep_SUB:FEATURE_LOCATION_CONFLICT::Coding region xref gene does not exist
plasmid_files/CP018815.1_results/PROKKA_06292018:CDS	Multifunctional conjugation protein TraI	CP018815.1:c125332-120071	AIKHKDKE_00151

DiscRep_SUB:FEATURE_LOCATION_CONFLICT::Coding region xref gene does not exist
plasmid_files/CP018815.1_results/PROKKA_06292018:CDS	Coupling protein TraD	CP018815.1:c127644-125332	AIKHKDKE_00152

DiscRep_SUB:FEATURE_LOCATION_CONFLICT::Coding region xref gene does not exist
plasmid_files/CP018815.1_results/PROKKA_06292018:CDS	hypothetical protein	CP018815.1:c128462-127773	AIKHKDKE_00153

DiscRep_SUB:FEATURE_LOCATION_CONFLICT::Coding region xref gene does not exist
plasmid_files/CP018815.1_results/PROKKA_06292018:CDS	Lipoprotein YlpA	CP018815.1:c129385-128654	AIKHKDKE_00154

DiscRep_SUB:FEATURE_LOCATION_CONFLICT::Coding region xref gene does not exist
plasmid_files/CP018815.1_results/PROKKA_06292018:CDS	Protein TraS	CP018815.1:c130117-129569	AIKHKDKE_00155

DiscRep_SUB:FEATURE_LOCATION_CONFLICT::Coding region xref gene does not exist
plasmid_files/CP018815.1_results/PROKKA_06292018:CDS	hypothetical protein	CP018815.1:c132979-130130	AIKHKDKE_00156

DiscRep_SUB:FEATURE_LOCATION_CONFLICT::Coding region xref gene does not exist
plasmid_files/CP018815.1_results/PROKKA_06292018:CDS	hypothetical protein	CP018815.1:c134346-132979	AIKHKDKE_00157

DiscRep_SUB:FEATURE_LOCATION_CONFLICT::Coding region xref gene does not exist
plasmid_files/CP018815.1_results/PROKKA_06292018:CDS	hypothetical protein	CP018815.1:c134779-134336	AIKHKDKE_00158

DiscRep_SUB:FEATURE_LOCATION_CONFLICT::Coding region xref gene does not exist
plasmid_files/CP018815.1_results/PROKKA_06292018:CDS	hypothetical protein	CP018815.1:c135382-134825	AIKHKDKE_00159

DiscRep_SUB:FEATURE_LOCATION_CONFLICT::Coding region xref gene does not exist
plasmid_files/CP018815.1_results/PROKKA_06292018:CDS	Protein TraQ	CP018815.1:c135593-135354	AIKHKDKE_00160

DiscRep_SUB:FEATURE_LOCATION_CONFLICT::Coding region xref gene does not exist
plasmid_files/CP018815.1_results/PROKKA_06292018:CDS	hypothetical protein	CP018815.1:c136335-135604	AIKHKDKE_00161

DiscRep_SUB:FEATURE_LOCATION_CONFLICT::Coding region xref gene does not exist
plasmid_files/CP018815.1_results/PROKKA_06292018:CDS	hypothetical protein	CP018815.1:c136704-136378	AIKHKDKE_00162

DiscRep_SUB:FEATURE_LOCATION_CONFLICT::Coding region xref gene does not exist
plasmid_files/CP018815.1_results/PROKKA_06292018:CDS	hypothetical protein	CP018815.1:c136983-136717	AIKHKDKE_00163

DiscRep_SUB:FEATURE_LOCATION_CONFLICT::Coding region xref gene does not exist
plasmid_files/CP018815.1_results/PROKKA_06292018:CDS	hypothetical protein	CP018815.1:c137197-136943	AIKHKDKE_00164

DiscRep_SUB:FEATURE_LOCATION_CONFLICT::Coding region xref gene does not exist
plasmid_files/CP018815.1_results/PROKKA_06292018:CDS	hypothetical protein	CP018815.1:c139184-137229	AIKHKDKE_00165

DiscRep_SUB:FEATURE_LOCATION_CONFLICT::Coding region xref gene does not exist
plasmid_files/CP018815.1_results/PROKKA_06292018:CDS	hypothetical protein	CP018815.1:c139881-139243	AIKHKDKE_00166

DiscRep_ALL:DISC_QUALITY_SCORES::Quality scores are missing on all sequences.

DiscRep_ALL:ONCALLER_COMMENT_PRESENT::1 comment descriptors were found (all same)
plasmid_files/CP018815.1_results/PROKKA_06292018:CP018815.1:Annotated using prokka 1.14-dev from https://github.com/tseemann/prokka

DiscRep_ALL:SHORT_PROT_SEQUENCES::4 protein sequences are shorter than 50 aa.
plasmid_files/CP018815.1_results/PROKKA_06292018:CP018815.1_2 (length 46)
plasmid_files/CP018815.1_results/PROKKA_06292018:CP018815.1_23 (length 48)
plasmid_files/CP018815.1_results/PROKKA_06292018:CP018815.1_55 (length 42)
plasmid_files/CP018815.1_results/PROKKA_06292018:CP018815.1_128 (length 44)

DiscRep_ALL:MISSING_GENOMEASSEMBLY_COMMENTS::1 bioseqs are missing GenomeAssembly structured comments
plasmid_files/CP018815.1_results/PROKKA_06292018:CP018815.1 (length 139942)

DiscRep_ALL:MOLTYPE_NOT_MRNA::1 molecule types are not set as mRNA.
plasmid_files/CP018815.1_results/PROKKA_06292018:CP018815.1 (length 139942)

DiscRep_ALL:TECHNIQUE_NOT_TSA::1 technique are not set as TSA
plasmid_files/CP018815.1_results/PROKKA_06292018:CP018815.1 (length 139942)

DiscRep_ALL:MISSING_STRUCTURED_COMMENT::1 sequences do not include structured comments.
plasmid_files/CP018815.1_results/PROKKA_06292018:CP018815.1 (length 139942)

DiscRep_ALL:MISSING_PROJECT::167 sequences do not include project.
plasmid_files/CP018815.1_results/PROKKA_06292018:CP018815.1 (length 139942)
plasmid_files/CP018815.1_results/PROKKA_06292018:CP018815.1_1 (length 173)
plasmid_files/CP018815.1_results/PROKKA_06292018:CP018815.1_2 (length 46)
plasmid_files/CP018815.1_results/PROKKA_06292018:CP018815.1_3 (length 133)
plasmid_files/CP018815.1_results/PROKKA_06292018:CP018815.1_4 (length 211)
plasmid_files/CP018815.1_results/PROKKA_06292018:CP018815.1_5 (length 130)
plasmid_files/CP018815.1_results/PROKKA_06292018:CP018815.1_6 (length 879)
plasmid_files/CP018815.1_results/PROKKA_06292018:CP018815.1_7 (length 130)
plasmid_files/CP018815.1_results/PROKKA_06292018:CP018815.1_8 (length 129)
plasmid_files/CP018815.1_results/PROKKA_06292018:CP018815.1_9 (length 103)
plasmid_files/CP018815.1_results/PROKKA_06292018:CP018815.1_10 (length 72)
plasmid_files/CP018815.1_results/PROKKA_06292018:CP018815.1_11 (length 136)
plasmid_files/CP018815.1_results/PROKKA_06292018:CP018815.1_12 (length 194)
plasmid_files/CP018815.1_results/PROKKA_06292018:CP018815.1_13 (length 474)
plasmid_files/CP018815.1_results/PROKKA_06292018:CP018815.1_14 (length 246)
plasmid_files/CP018815.1_results/PROKKA_06292018:CP018815.1_15 (length 188)
plasmid_files/CP018815.1_results/PROKKA_06292018:CP018815.1_16 (length 101)
plasmid_files/CP018815.1_results/PROKKA_06292018:CP018815.1_17 (length 122)
plasmid_files/CP018815.1_results/PROKKA_06292018:CP018815.1_18 (length 233)
plasmid_files/CP018815.1_results/PROKKA_06292018:CP018815.1_19 (length 130)
plasmid_files/CP018815.1_results/PROKKA_06292018:CP018815.1_20 (length 160)
plasmid_files/CP018815.1_results/PROKKA_06292018:CP018815.1_21 (length 180)
plasmid_files/CP018815.1_results/PROKKA_06292018:CP018815.1_22 (length 180)
plasmid_files/CP018815.1_results/PROKKA_06292018:CP018815.1_23 (length 48)
plasmid_files/CP018815.1_results/PROKKA_06292018:CP018815.1_24 (length 115)
plasmid_files/CP018815.1_results/PROKKA_06292018:CP018815.1_25 (length 112)
plasmid_files/CP018815.1_results/PROKKA_06292018:CP018815.1_26 (length 291)
plasmid_files/CP018815.1_results/PROKKA_06292018:CP018815.1_27 (length 76)
plasmid_files/CP018815.1_results/PROKKA_06292018:CP018815.1_28 (length 75)
plasmid_files/CP018815.1_results/PROKKA_06292018:CP018815.1_29 (length 107)
plasmid_files/CP018815.1_results/PROKKA_06292018:CP018815.1_30 (length 242)
plasmid_files/CP018815.1_results/PROKKA_06292018:CP018815.1_31 (length 143)
plasmid_files/CP018815.1_results/PROKKA_06292018:CP018815.1_32 (length 666)
plasmid_files/CP018815.1_results/PROKKA_06292018:CP018815.1_33 (length 82)
plasmid_files/CP018815.1_results/PROKKA_06292018:CP018815.1_34 (length 185)
plasmid_files/CP018815.1_results/PROKKA_06292018:CP018815.1_35 (length 106)
plasmid_files/CP018815.1_results/PROKKA_06292018:CP018815.1_36 (length 87)
plasmid_files/CP018815.1_results/PROKKA_06292018:CP018815.1_37 (length 63)
plasmid_files/CP018815.1_results/PROKKA_06292018:CP018815.1_38 (length 168)
plasmid_files/CP018815.1_results/PROKKA_06292018:CP018815.1_39 (length 142)
plasmid_files/CP018815.1_results/PROKKA_06292018:CP018815.1_40 (length 255)
plasmid_files/CP018815.1_results/PROKKA_06292018:CP018815.1_41 (length 139)
plasmid_files/CP018815.1_results/PROKKA_06292018:CP018815.1_42 (length 73)
plasmid_files/CP018815.1_results/PROKKA_06292018:CP018815.1_43 (length 258)
plasmid_files/CP018815.1_results/PROKKA_06292018:CP018815.1_44 (length 76)
plasmid_files/CP018815.1_results/PROKKA_06292018:CP018815.1_45 (length 223)
plasmid_files/CP018815.1_results/PROKKA_06292018:CP018815.1_46 (length 323)
plasmid_files/CP018815.1_results/PROKKA_06292018:CP018815.1_47 (length 143)
plasmid_files/CP018815.1_results/PROKKA_06292018:CP018815.1_48 (length 423)
plasmid_files/CP018815.1_results/PROKKA_06292018:CP018815.1_49 (length 324)
plasmid_files/CP018815.1_results/PROKKA_06292018:CP018815.1_50 (length 401)
plasmid_files/CP018815.1_results/PROKKA_06292018:CP018815.1_51 (length 134)
plasmid_files/CP018815.1_results/PROKKA_06292018:CP018815.1_52 (length 115)
plasmid_files/CP018815.1_results/PROKKA_06292018:CP018815.1_53 (length 512)
plasmid_files/CP018815.1_results/PROKKA_06292018:CP018815.1_54 (length 251)
plasmid_files/CP018815.1_results/PROKKA_06292018:CP018815.1_55 (length 42)
plasmid_files/CP018815.1_results/PROKKA_06292018:CP018815.1_56 (length 261)
plasmid_files/CP018815.1_results/PROKKA_06292018:CP018815.1_57 (length 212)
plasmid_files/CP018815.1_results/PROKKA_06292018:CP018815.1_58 (length 106)
plasmid_files/CP018815.1_results/PROKKA_06292018:CP018815.1_59 (length 76)
plasmid_files/CP018815.1_results/PROKKA_06292018:CP018815.1_60 (length 138)
plasmid_files/CP018815.1_results/PROKKA_06292018:CP018815.1_61 (length 78)
plasmid_files/CP018815.1_results/PROKKA_06292018:CP018815.1_62 (length 234)
plasmid_files/CP018815.1_results/PROKKA_06292018:CP018815.1_63 (length 309)
plasmid_files/CP018815.1_results/PROKKA_06292018:CP018815.1_64 (length 152)
plasmid_files/CP018815.1_results/PROKKA_06292018:CP018815.1_65 (length 88)
plasmid_files/CP018815.1_results/PROKKA_06292018:CP018815.1_66 (length 254)
plasmid_files/CP018815.1_results/PROKKA_06292018:CP018815.1_67 (length 404)
plasmid_files/CP018815.1_results/PROKKA_06292018:CP018815.1_68 (length 477)
plasmid_files/CP018815.1_results/PROKKA_06292018:CP018815.1_69 (length 88)
plasmid_files/CP018815.1_results/PROKKA_06292018:CP018815.1_70 (length 68)
plasmid_files/CP018815.1_results/PROKKA_06292018:CP018815.1_71 (length 215)
plasmid_files/CP018815.1_results/PROKKA_06292018:CP018815.1_72 (length 103)
plasmid_files/CP018815.1_results/PROKKA_06292018:CP018815.1_73 (length 75)
plasmid_files/CP018815.1_results/PROKKA_06292018:CP018815.1_74 (length 234)
plasmid_files/CP018815.1_results/PROKKA_06292018:CP018815.1_75 (length 568)
plasmid_files/CP018815.1_results/PROKKA_06292018:CP018815.1_76 (length 334)
plasmid_files/CP018815.1_results/PROKKA_06292018:CP018815.1_77 (length 58)
plasmid_files/CP018815.1_results/PROKKA_06292018:CP018815.1_78 (length 271)
plasmid_files/CP018815.1_results/PROKKA_06292018:CP018815.1_79 (length 267)
plasmid_files/CP018815.1_results/PROKKA_06292018:CP018815.1_80 (length 278)
plasmid_files/CP018815.1_results/PROKKA_06292018:CP018815.1_81 (length 179)
plasmid_files/CP018815.1_results/PROKKA_06292018:CP018815.1_82 (length 286)
plasmid_files/CP018815.1_results/PROKKA_06292018:CP018815.1_83 (length 83)
plasmid_files/CP018815.1_results/PROKKA_06292018:CP018815.1_84 (length 274)
plasmid_files/CP018815.1_results/PROKKA_06292018:CP018815.1_85 (length 258)
plasmid_files/CP018815.1_results/PROKKA_06292018:CP018815.1_86 (length 201)
plasmid_files/CP018815.1_results/PROKKA_06292018:CP018815.1_87 (length 185)
plasmid_files/CP018815.1_results/PROKKA_06292018:CP018815.1_88 (length 302)
plasmid_files/CP018815.1_results/PROKKA_06292018:CP018815.1_89 (length 571)
plasmid_files/CP018815.1_results/PROKKA_06292018:CP018815.1_90 (length 1009)
plasmid_files/CP018815.1_results/PROKKA_06292018:CP018815.1_91 (length 341)
plasmid_files/CP018815.1_results/PROKKA_06292018:CP018815.1_92 (length 259)
plasmid_files/CP018815.1_results/PROKKA_06292018:CP018815.1_93 (length 97)
plasmid_files/CP018815.1_results/PROKKA_06292018:CP018815.1_94 (length 293)
plasmid_files/CP018815.1_results/PROKKA_06292018:CP018815.1_95 (length 439)
plasmid_files/CP018815.1_results/PROKKA_06292018:CP018815.1_96 (length 127)
plasmid_files/CP018815.1_results/PROKKA_06292018:CP018815.1_97 (length 123)
plasmid_files/CP018815.1_results/PROKKA_06292018:CP018815.1_98 (length 306)
plasmid_files/CP018815.1_results/PROKKA_06292018:CP018815.1_99 (length 252)
plasmid_files/CP018815.1_results/PROKKA_06292018:CP018815.1_100 (length 432)
plasmid_files/CP018815.1_results/PROKKA_06292018:CP018815.1_101 (length 89)
plasmid_files/CP018815.1_results/PROKKA_06292018:CP018815.1_102 (length 376)
plasmid_files/CP018815.1_results/PROKKA_06292018:CP018815.1_103 (length 136)
plasmid_files/CP018815.1_results/PROKKA_06292018:CP018815.1_104 (length 446)
plasmid_files/CP018815.1_results/PROKKA_06292018:CP018815.1_105 (length 510)
plasmid_files/CP018815.1_results/PROKKA_06292018:CP018815.1_106 (length 836)
plasmid_files/CP018815.1_results/PROKKA_06292018:CP018815.1_107 (length 346)
plasmid_files/CP018815.1_results/PROKKA_06292018:CP018815.1_108 (length 269)
plasmid_files/CP018815.1_results/PROKKA_06292018:CP018815.1_109 (length 169)
plasmid_files/CP018815.1_results/PROKKA_06292018:CP018815.1_110 (length 108)
plasmid_files/CP018815.1_results/PROKKA_06292018:CP018815.1_111 (length 242)
plasmid_files/CP018815.1_results/PROKKA_06292018:CP018815.1_112 (length 143)
plasmid_files/CP018815.1_results/PROKKA_06292018:CP018815.1_113 (length 666)
plasmid_files/CP018815.1_results/PROKKA_06292018:CP018815.1_114 (length 82)
plasmid_files/CP018815.1_results/PROKKA_06292018:CP018815.1_115 (length 180)
plasmid_files/CP018815.1_results/PROKKA_06292018:CP018815.1_116 (length 106)
plasmid_files/CP018815.1_results/PROKKA_06292018:CP018815.1_117 (length 86)
plasmid_files/CP018815.1_results/PROKKA_06292018:CP018815.1_118 (length 63)
plasmid_files/CP018815.1_results/PROKKA_06292018:CP018815.1_119 (length 168)
plasmid_files/CP018815.1_results/PROKKA_06292018:CP018815.1_120 (length 142)
plasmid_files/CP018815.1_results/PROKKA_06292018:CP018815.1_121 (length 255)
plasmid_files/CP018815.1_results/PROKKA_06292018:CP018815.1_122 (length 139)
plasmid_files/CP018815.1_results/PROKKA_06292018:CP018815.1_123 (length 73)
plasmid_files/CP018815.1_results/PROKKA_06292018:CP018815.1_124 (length 258)
plasmid_files/CP018815.1_results/PROKKA_06292018:CP018815.1_125 (length 111)
plasmid_files/CP018815.1_results/PROKKA_06292018:CP018815.1_126 (length 77)
plasmid_files/CP018815.1_results/PROKKA_06292018:CP018815.1_127 (length 310)
plasmid_files/CP018815.1_results/PROKKA_06292018:CP018815.1_128 (length 44)
plasmid_files/CP018815.1_results/PROKKA_06292018:CP018815.1_129 (length 58)
plasmid_files/CP018815.1_results/PROKKA_06292018:CP018815.1_130 (length 76)
plasmid_files/CP018815.1_results/PROKKA_06292018:CP018815.1_131 (length 81)
plasmid_files/CP018815.1_results/PROKKA_06292018:CP018815.1_132 (length 153)
plasmid_files/CP018815.1_results/PROKKA_06292018:CP018815.1_133 (length 423)
plasmid_files/CP018815.1_results/PROKKA_06292018:CP018815.1_134 (length 66)
plasmid_files/CP018815.1_results/PROKKA_06292018:CP018815.1_135 (length 91)
plasmid_files/CP018815.1_results/PROKKA_06292018:CP018815.1_136 (length 215)
plasmid_files/CP018815.1_results/PROKKA_06292018:CP018815.1_137 (length 172)
plasmid_files/CP018815.1_results/PROKKA_06292018:CP018815.1_138 (length 195)
plasmid_files/CP018815.1_results/PROKKA_06292018:CP018815.1_139 (length 317)
plasmid_files/CP018815.1_results/PROKKA_06292018:CP018815.1_140 (length 266)
plasmid_files/CP018815.1_results/PROKKA_06292018:CP018815.1_141 (length 301)
plasmid_files/CP018815.1_results/PROKKA_06292018:CP018815.1_142 (length 339)
plasmid_files/CP018815.1_results/PROKKA_06292018:CP018815.1_143 (length 85)
plasmid_files/CP018815.1_results/PROKKA_06292018:CP018815.1_144 (length 185)
plasmid_files/CP018815.1_results/PROKKA_06292018:CP018815.1_145 (length 102)
plasmid_files/CP018815.1_results/PROKKA_06292018:CP018815.1_146 (length 216)
plasmid_files/CP018815.1_results/PROKKA_06292018:CP018815.1_147 (length 207)
plasmid_files/CP018815.1_results/PROKKA_06292018:CP018815.1_148 (length 198)
plasmid_files/CP018815.1_results/PROKKA_06292018:CP018815.1_149 (length 197)
plasmid_files/CP018815.1_results/PROKKA_06292018:CP018815.1_150 (length 241)
plasmid_files/CP018815.1_results/PROKKA_06292018:CP018815.1_151 (length 1753)
plasmid_files/CP018815.1_results/PROKKA_06292018:CP018815.1_152 (length 770)
plasmid_files/CP018815.1_results/PROKKA_06292018:CP018815.1_153 (length 229)
plasmid_files/CP018815.1_results/PROKKA_06292018:CP018815.1_154 (length 243)
plasmid_files/CP018815.1_results/PROKKA_06292018:CP018815.1_155 (length 182)
plasmid_files/CP018815.1_results/PROKKA_06292018:CP018815.1_156 (length 949)
plasmid_files/CP018815.1_results/PROKKA_06292018:CP018815.1_157 (length 455)
plasmid_files/CP018815.1_results/PROKKA_06292018:CP018815.1_158 (length 147)
plasmid_files/CP018815.1_results/PROKKA_06292018:CP018815.1_159 (length 185)
plasmid_files/CP018815.1_results/PROKKA_06292018:CP018815.1_160 (length 79)
plasmid_files/CP018815.1_results/PROKKA_06292018:CP018815.1_161 (length 243)
plasmid_files/CP018815.1_results/PROKKA_06292018:CP018815.1_162 (length 108)
plasmid_files/CP018815.1_results/PROKKA_06292018:CP018815.1_163 (length 88)
plasmid_files/CP018815.1_results/PROKKA_06292018:CP018815.1_164 (length 84)
plasmid_files/CP018815.1_results/PROKKA_06292018:CP018815.1_165 (length 651)
plasmid_files/CP018815.1_results/PROKKA_06292018:CP018815.1_166 (length 212)

DiscRep_ALL:DISC_INCONSISTENT_MOLINFO_TECH::Molinfo Technique Report (some missing, all same)
DiscRep_SUB:DISC_INCONSISTENT_MOLINFO_TECH::technique (all missing)
DiscRep_SUB:DISC_INCONSISTENT_MOLINFO_TECH::1 Molinfos are missing field technique
plasmid_files/CP018815.1_results/PROKKA_06292018:CP018815.1 (length 139942)

