Discrepancy Report Results

Summary
FATAL: MISSING_PROTEIN_ID:50 proteins have invalid IDs.
DISC_SOURCE_QUALS_ASNDISC:strain (all present, all unique)
DISC_SOURCE_QUALS_ASNDISC:taxname (all present, all unique)
DISC_FEATURE_COUNT:CDS: 50 present
DISC_COUNT_NUCLEOTIDES:1 nucleotide Bioseqs are present
FEATURE_LOCATION_CONFLICT:50 features have inconsistent gene locations.
DISC_QUALITY_SCORES:Quality scores are missing on all sequences.
ONCALLER_COMMENT_PRESENT:1 comment descriptors were found (all same)
MISSING_GENOMEASSEMBLY_COMMENTS:1 bioseqs are missing GenomeAssembly structured comments
MOLTYPE_NOT_MRNA:1 molecule types are not set as mRNA.
TECHNIQUE_NOT_TSA:1 technique are not set as TSA
MISSING_STRUCTURED_COMMENT:1 sequences do not include structured comments.
MISSING_PROJECT:51 sequences do not include project.
DISC_INCONSISTENT_MOLINFO_TECH:Molinfo Technique Report (some missing, all same)


Detailed Report

FATAL: DiscRep_ALL:MISSING_PROTEIN_ID::50 proteins have invalid IDs.
plasmid_files/LT992437.1_results/PROKKA_06292018:LT992437.1_1 (length 458)
plasmid_files/LT992437.1_results/PROKKA_06292018:LT992437.1_2 (length 309)
plasmid_files/LT992437.1_results/PROKKA_06292018:LT992437.1_3 (length 79)
plasmid_files/LT992437.1_results/PROKKA_06292018:LT992437.1_4 (length 136)
plasmid_files/LT992437.1_results/PROKKA_06292018:LT992437.1_5 (length 997)
plasmid_files/LT992437.1_results/PROKKA_06292018:LT992437.1_6 (length 70)
plasmid_files/LT992437.1_results/PROKKA_06292018:LT992437.1_7 (length 91)
plasmid_files/LT992437.1_results/PROKKA_06292018:LT992437.1_8 (length 71)
plasmid_files/LT992437.1_results/PROKKA_06292018:LT992437.1_9 (length 334)
plasmid_files/LT992437.1_results/PROKKA_06292018:LT992437.1_10 (length 58)
plasmid_files/LT992437.1_results/PROKKA_06292018:LT992437.1_11 (length 132)
plasmid_files/LT992437.1_results/PROKKA_06292018:LT992437.1_12 (length 53)
plasmid_files/LT992437.1_results/PROKKA_06292018:LT992437.1_13 (length 303)
plasmid_files/LT992437.1_results/PROKKA_06292018:LT992437.1_14 (length 63)
plasmid_files/LT992437.1_results/PROKKA_06292018:LT992437.1_15 (length 275)
plasmid_files/LT992437.1_results/PROKKA_06292018:LT992437.1_16 (length 240)
plasmid_files/LT992437.1_results/PROKKA_06292018:LT992437.1_17 (length 216)
plasmid_files/LT992437.1_results/PROKKA_06292018:LT992437.1_18 (length 227)
plasmid_files/LT992437.1_results/PROKKA_06292018:LT992437.1_19 (length 118)
plasmid_files/LT992437.1_results/PROKKA_06292018:LT992437.1_20 (length 106)
plasmid_files/LT992437.1_results/PROKKA_06292018:LT992437.1_21 (length 890)
plasmid_files/LT992437.1_results/PROKKA_06292018:LT992437.1_22 (length 92)
plasmid_files/LT992437.1_results/PROKKA_06292018:LT992437.1_23 (length 106)
plasmid_files/LT992437.1_results/PROKKA_06292018:LT992437.1_24 (length 140)
plasmid_files/LT992437.1_results/PROKKA_06292018:LT992437.1_25 (length 186)
plasmid_files/LT992437.1_results/PROKKA_06292018:LT992437.1_26 (length 92)
plasmid_files/LT992437.1_results/PROKKA_06292018:LT992437.1_27 (length 141)
plasmid_files/LT992437.1_results/PROKKA_06292018:LT992437.1_28 (length 51)
plasmid_files/LT992437.1_results/PROKKA_06292018:LT992437.1_29 (length 98)
plasmid_files/LT992437.1_results/PROKKA_06292018:LT992437.1_30 (length 326)
plasmid_files/LT992437.1_results/PROKKA_06292018:LT992437.1_31 (length 293)
plasmid_files/LT992437.1_results/PROKKA_06292018:LT992437.1_32 (length 216)
plasmid_files/LT992437.1_results/PROKKA_06292018:LT992437.1_33 (length 326)
plasmid_files/LT992437.1_results/PROKKA_06292018:LT992437.1_34 (length 185)
plasmid_files/LT992437.1_results/PROKKA_06292018:LT992437.1_35 (length 136)
plasmid_files/LT992437.1_results/PROKKA_06292018:LT992437.1_36 (length 424)
plasmid_files/LT992437.1_results/PROKKA_06292018:LT992437.1_37 (length 123)
plasmid_files/LT992437.1_results/PROKKA_06292018:LT992437.1_38 (length 422)
plasmid_files/LT992437.1_results/PROKKA_06292018:LT992437.1_39 (length 849)
plasmid_files/LT992437.1_results/PROKKA_06292018:LT992437.1_40 (length 224)
plasmid_files/LT992437.1_results/PROKKA_06292018:LT992437.1_41 (length 147)
plasmid_files/LT992437.1_results/PROKKA_06292018:LT992437.1_42 (length 179)
plasmid_files/LT992437.1_results/PROKKA_06292018:LT992437.1_43 (length 234)
plasmid_files/LT992437.1_results/PROKKA_06292018:LT992437.1_44 (length 322)
plasmid_files/LT992437.1_results/PROKKA_06292018:LT992437.1_45 (length 190)
plasmid_files/LT992437.1_results/PROKKA_06292018:LT992437.1_46 (length 170)
plasmid_files/LT992437.1_results/PROKKA_06292018:LT992437.1_47 (length 82)
plasmid_files/LT992437.1_results/PROKKA_06292018:LT992437.1_48 (length 212)
plasmid_files/LT992437.1_results/PROKKA_06292018:LT992437.1_49 (length 73)
plasmid_files/LT992437.1_results/PROKKA_06292018:LT992437.1_50 (length 128)

DiscRep_ALL:DISC_SOURCE_QUALS_ASNDISC::strain (all present, all unique)
DiscRep_SUB:DISC_SOURCE_QUALS_ASNDISC::1 sources have unique values for strain
DiscRep_ALL:DISC_SOURCE_QUALS_ASNDISC::taxname (all present, all unique)
DiscRep_SUB:DISC_SOURCE_QUALS_ASNDISC::1 sources have unique values for taxname
DiscRep_ALL:DISC_FEATURE_COUNT::CDS: 50 present
DiscRep_ALL:DISC_COUNT_NUCLEOTIDES::1 nucleotide Bioseqs are present
plasmid_files/LT992437.1_results/PROKKA_06292018:LT992437.1 (length 40186)

DiscRep_ALL:FEATURE_LOCATION_CONFLICT::50 features have inconsistent gene locations.
DiscRep_SUB:FEATURE_LOCATION_CONFLICT::Coding region xref gene does not exist
plasmid_files/LT992437.1_results/PROKKA_06292018:CDS	hypothetical protein	LT992437.1:1-1377	ALHPLLAG_00001

DiscRep_SUB:FEATURE_LOCATION_CONFLICT::Coding region xref gene does not exist
plasmid_files/LT992437.1_results/PROKKA_06292018:CDS	DNA-invertase hin	LT992437.1:c2645-1716	ALHPLLAG_00002

DiscRep_SUB:FEATURE_LOCATION_CONFLICT::Coding region xref gene does not exist
plasmid_files/LT992437.1_results/PROKKA_06292018:CDS	hypothetical protein	LT992437.1:2847-3086	ALHPLLAG_00003

DiscRep_SUB:FEATURE_LOCATION_CONFLICT::Coding region xref gene does not exist
plasmid_files/LT992437.1_results/PROKKA_06292018:CDS	hypothetical protein	LT992437.1:3086-3496	ALHPLLAG_00004

DiscRep_SUB:FEATURE_LOCATION_CONFLICT::Coding region xref gene does not exist
plasmid_files/LT992437.1_results/PROKKA_06292018:CDS	hypothetical protein	LT992437.1:3500-6493	ALHPLLAG_00005

DiscRep_SUB:FEATURE_LOCATION_CONFLICT::Coding region xref gene does not exist
plasmid_files/LT992437.1_results/PROKKA_06292018:CDS	hypothetical protein	LT992437.1:c6718-6506	ALHPLLAG_00006

DiscRep_SUB:FEATURE_LOCATION_CONFLICT::Coding region xref gene does not exist
plasmid_files/LT992437.1_results/PROKKA_06292018:CDS	Mercuric transport protein periplasmic component	LT992437.1:c7001-6726	ALHPLLAG_00007

DiscRep_SUB:FEATURE_LOCATION_CONFLICT::Coding region xref gene does not exist
plasmid_files/LT992437.1_results/PROKKA_06292018:CDS	Mercuric transport protein MerT	LT992437.1:c7229-7014	ALHPLLAG_00008

DiscRep_SUB:FEATURE_LOCATION_CONFLICT::Coding region xref gene does not exist
plasmid_files/LT992437.1_results/PROKKA_06292018:CDS	hypothetical protein	LT992437.1:c8511-7507	ALHPLLAG_00009

DiscRep_SUB:FEATURE_LOCATION_CONFLICT::Coding region xref gene does not exist
plasmid_files/LT992437.1_results/PROKKA_06292018:CDS	Mercuric transport protein MerT	LT992437.1:c8984-8808	ALHPLLAG_00010

DiscRep_SUB:FEATURE_LOCATION_CONFLICT::Coding region xref gene does not exist
plasmid_files/LT992437.1_results/PROKKA_06292018:CDS	Mercuric resistance operon regulatory protein	LT992437.1:9059-9457	ALHPLLAG_00011

DiscRep_SUB:FEATURE_LOCATION_CONFLICT::Coding region xref gene does not exist
plasmid_files/LT992437.1_results/PROKKA_06292018:CDS	hypothetical protein	LT992437.1:9564-9725	ALHPLLAG_00012

DiscRep_SUB:FEATURE_LOCATION_CONFLICT::Coding region xref gene does not exist
plasmid_files/LT992437.1_results/PROKKA_06292018:CDS	Chromosome partition protein Smc	LT992437.1:10031-10942	ALHPLLAG_00013

DiscRep_SUB:FEATURE_LOCATION_CONFLICT::Coding region xref gene does not exist
plasmid_files/LT992437.1_results/PROKKA_06292018:CDS	hypothetical protein	LT992437.1:10942-11133	ALHPLLAG_00014

DiscRep_SUB:FEATURE_LOCATION_CONFLICT::Coding region xref gene does not exist
plasmid_files/LT992437.1_results/PROKKA_06292018:CDS	Putative bifunctional exonuclease/endonuclease protein	LT992437.1:11328-12155	ALHPLLAG_00015

DiscRep_SUB:FEATURE_LOCATION_CONFLICT::Coding region xref gene does not exist
plasmid_files/LT992437.1_results/PROKKA_06292018:CDS	hypothetical protein	LT992437.1:c12902-12180	ALHPLLAG_00016

DiscRep_SUB:FEATURE_LOCATION_CONFLICT::Coding region xref gene does not exist
plasmid_files/LT992437.1_results/PROKKA_06292018:CDS	hypothetical protein	LT992437.1:c13549-12899	ALHPLLAG_00017

DiscRep_SUB:FEATURE_LOCATION_CONFLICT::Coding region xref gene does not exist
plasmid_files/LT992437.1_results/PROKKA_06292018:CDS	hypothetical protein	LT992437.1:c14225-13542	ALHPLLAG_00018

DiscRep_SUB:FEATURE_LOCATION_CONFLICT::Coding region xref gene does not exist
plasmid_files/LT992437.1_results/PROKKA_06292018:CDS	hypothetical protein	LT992437.1:c14594-14238	ALHPLLAG_00019

DiscRep_SUB:FEATURE_LOCATION_CONFLICT::Coding region xref gene does not exist
plasmid_files/LT992437.1_results/PROKKA_06292018:CDS	hypothetical protein	LT992437.1:14904-15224	ALHPLLAG_00020

DiscRep_SUB:FEATURE_LOCATION_CONFLICT::Coding region xref gene does not exist
plasmid_files/LT992437.1_results/PROKKA_06292018:CDS	Protein TraI	LT992437.1:15205-17877	ALHPLLAG_00021

DiscRep_SUB:FEATURE_LOCATION_CONFLICT::Coding region xref gene does not exist
plasmid_files/LT992437.1_results/PROKKA_06292018:CDS	hypothetical protein	LT992437.1:17919-18197	ALHPLLAG_00022

DiscRep_SUB:FEATURE_LOCATION_CONFLICT::Coding region xref gene does not exist
plasmid_files/LT992437.1_results/PROKKA_06292018:CDS	hypothetical protein	LT992437.1:18157-18477	ALHPLLAG_00023

DiscRep_SUB:FEATURE_LOCATION_CONFLICT::Coding region xref gene does not exist
plasmid_files/LT992437.1_results/PROKKA_06292018:CDS	hypothetical protein	LT992437.1:18474-18896	ALHPLLAG_00024

DiscRep_SUB:FEATURE_LOCATION_CONFLICT::Coding region xref gene does not exist
plasmid_files/LT992437.1_results/PROKKA_06292018:CDS	hypothetical protein	LT992437.1:19560-20120	ALHPLLAG_00025

DiscRep_SUB:FEATURE_LOCATION_CONFLICT::Coding region xref gene does not exist
plasmid_files/LT992437.1_results/PROKKA_06292018:CDS	hypothetical protein	LT992437.1:20654-20932	ALHPLLAG_00026

DiscRep_SUB:FEATURE_LOCATION_CONFLICT::Coding region xref gene does not exist
plasmid_files/LT992437.1_results/PROKKA_06292018:CDS	Antirestriction protein KlcA	LT992437.1:21043-21468	ALHPLLAG_00027

DiscRep_SUB:FEATURE_LOCATION_CONFLICT::Coding region xref gene does not exist
plasmid_files/LT992437.1_results/PROKKA_06292018:CDS	hypothetical protein	LT992437.1:21596-21751	ALHPLLAG_00028

DiscRep_SUB:FEATURE_LOCATION_CONFLICT::Coding region xref gene does not exist
plasmid_files/LT992437.1_results/PROKKA_06292018:CDS	hypothetical protein	LT992437.1:21797-22093	ALHPLLAG_00029

DiscRep_SUB:FEATURE_LOCATION_CONFLICT::Coding region xref gene does not exist
plasmid_files/LT992437.1_results/PROKKA_06292018:CDS	hypothetical protein	LT992437.1:22098-23078	ALHPLLAG_00030

DiscRep_SUB:FEATURE_LOCATION_CONFLICT::Coding region xref gene does not exist
plasmid_files/LT992437.1_results/PROKKA_06292018:CDS	Carbapenem-hydrolyzing beta-lactamase KPC	LT992437.1:c24209-23328	ALHPLLAG_00031

DiscRep_SUB:FEATURE_LOCATION_CONFLICT::Coding region xref gene does not exist
plasmid_files/LT992437.1_results/PROKKA_06292018:CDS	Beta-lactamase TEM	LT992437.1:c25081-24431	ALHPLLAG_00032

DiscRep_SUB:FEATURE_LOCATION_CONFLICT::Coding region xref gene does not exist
plasmid_files/LT992437.1_results/PROKKA_06292018:CDS	hypothetical protein	LT992437.1:c26136-25156	ALHPLLAG_00033

DiscRep_SUB:FEATURE_LOCATION_CONFLICT::Coding region xref gene does not exist
plasmid_files/LT992437.1_results/PROKKA_06292018:CDS	Transposon Tn3 resolvase	LT992437.1:c26816-26259	ALHPLLAG_00034

DiscRep_SUB:FEATURE_LOCATION_CONFLICT::Coding region xref gene does not exist
plasmid_files/LT992437.1_results/PROKKA_06292018:CDS	hypothetical protein	LT992437.1:26979-27389	ALHPLLAG_00035

DiscRep_SUB:FEATURE_LOCATION_CONFLICT::Coding region xref gene does not exist
plasmid_files/LT992437.1_results/PROKKA_06292018:CDS	hypothetical protein	LT992437.1:c28644-27370	ALHPLLAG_00036

DiscRep_SUB:FEATURE_LOCATION_CONFLICT::Coding region xref gene does not exist
plasmid_files/LT992437.1_results/PROKKA_06292018:CDS	hypothetical protein	LT992437.1:28801-29172	ALHPLLAG_00037

DiscRep_SUB:FEATURE_LOCATION_CONFLICT::Coding region xref gene does not exist
plasmid_files/LT992437.1_results/PROKKA_06292018:CDS	hypothetical protein	LT992437.1:29490-30758	ALHPLLAG_00038

DiscRep_SUB:FEATURE_LOCATION_CONFLICT::Coding region xref gene does not exist
plasmid_files/LT992437.1_results/PROKKA_06292018:CDS	hypothetical protein	LT992437.1:30860-33409	ALHPLLAG_00039

DiscRep_SUB:FEATURE_LOCATION_CONFLICT::Coding region xref gene does not exist
plasmid_files/LT992437.1_results/PROKKA_06292018:CDS	hypothetical protein	LT992437.1:c34007-33333	ALHPLLAG_00040

DiscRep_SUB:FEATURE_LOCATION_CONFLICT::Coding region xref gene does not exist
plasmid_files/LT992437.1_results/PROKKA_06292018:CDS	Peptide methionine sulfoxide reductase MsrB	LT992437.1:34128-34571	ALHPLLAG_00041

DiscRep_SUB:FEATURE_LOCATION_CONFLICT::Coding region xref gene does not exist
plasmid_files/LT992437.1_results/PROKKA_06292018:CDS	Peptide methionine sulfoxide reductase MsrA	LT992437.1:34573-35112	ALHPLLAG_00042

DiscRep_SUB:FEATURE_LOCATION_CONFLICT::Coding region xref gene does not exist
plasmid_files/LT992437.1_results/PROKKA_06292018:CDS	Disulfide-bond oxidoreductase YfcG	LT992437.1:35245-35949	ALHPLLAG_00043

DiscRep_SUB:FEATURE_LOCATION_CONFLICT::Coding region xref gene does not exist
plasmid_files/LT992437.1_results/PROKKA_06292018:CDS	Cobalt/magnesium transport protein CorA	LT992437.1:35946-36914	ALHPLLAG_00044

DiscRep_SUB:FEATURE_LOCATION_CONFLICT::Coding region xref gene does not exist
plasmid_files/LT992437.1_results/PROKKA_06292018:CDS	hypothetical protein	LT992437.1:37006-37578	ALHPLLAG_00045

DiscRep_SUB:FEATURE_LOCATION_CONFLICT::Coding region xref gene does not exist
plasmid_files/LT992437.1_results/PROKKA_06292018:CDS	Type-2 restriction enzyme PaeR7I	LT992437.1:37775-38287	ALHPLLAG_00046

DiscRep_SUB:FEATURE_LOCATION_CONFLICT::Coding region xref gene does not exist
plasmid_files/LT992437.1_results/PROKKA_06292018:CDS	hypothetical protein	LT992437.1:38326-38574	ALHPLLAG_00047

DiscRep_SUB:FEATURE_LOCATION_CONFLICT::Coding region xref gene does not exist
plasmid_files/LT992437.1_results/PROKKA_06292018:CDS	Chromosome-partitioning ATPase Soj	LT992437.1:38729-39367	ALHPLLAG_00048

DiscRep_SUB:FEATURE_LOCATION_CONFLICT::Coding region xref gene does not exist
plasmid_files/LT992437.1_results/PROKKA_06292018:CDS	hypothetical protein	LT992437.1:39389-39610	ALHPLLAG_00049

DiscRep_SUB:FEATURE_LOCATION_CONFLICT::Coding region xref gene does not exist
plasmid_files/LT992437.1_results/PROKKA_06292018:CDS	hypothetical protein	LT992437.1:39644-40030	ALHPLLAG_00050

DiscRep_ALL:DISC_QUALITY_SCORES::Quality scores are missing on all sequences.

DiscRep_ALL:ONCALLER_COMMENT_PRESENT::1 comment descriptors were found (all same)
plasmid_files/LT992437.1_results/PROKKA_06292018:LT992437.1:Annotated using prokka 1.14-dev from https://github.com/tseemann/prokka

DiscRep_ALL:MISSING_GENOMEASSEMBLY_COMMENTS::1 bioseqs are missing GenomeAssembly structured comments
plasmid_files/LT992437.1_results/PROKKA_06292018:LT992437.1 (length 40186)

DiscRep_ALL:MOLTYPE_NOT_MRNA::1 molecule types are not set as mRNA.
plasmid_files/LT992437.1_results/PROKKA_06292018:LT992437.1 (length 40186)

DiscRep_ALL:TECHNIQUE_NOT_TSA::1 technique are not set as TSA
plasmid_files/LT992437.1_results/PROKKA_06292018:LT992437.1 (length 40186)

DiscRep_ALL:MISSING_STRUCTURED_COMMENT::1 sequences do not include structured comments.
plasmid_files/LT992437.1_results/PROKKA_06292018:LT992437.1 (length 40186)

DiscRep_ALL:MISSING_PROJECT::51 sequences do not include project.
plasmid_files/LT992437.1_results/PROKKA_06292018:LT992437.1 (length 40186)
plasmid_files/LT992437.1_results/PROKKA_06292018:LT992437.1_1 (length 458)
plasmid_files/LT992437.1_results/PROKKA_06292018:LT992437.1_2 (length 309)
plasmid_files/LT992437.1_results/PROKKA_06292018:LT992437.1_3 (length 79)
plasmid_files/LT992437.1_results/PROKKA_06292018:LT992437.1_4 (length 136)
plasmid_files/LT992437.1_results/PROKKA_06292018:LT992437.1_5 (length 997)
plasmid_files/LT992437.1_results/PROKKA_06292018:LT992437.1_6 (length 70)
plasmid_files/LT992437.1_results/PROKKA_06292018:LT992437.1_7 (length 91)
plasmid_files/LT992437.1_results/PROKKA_06292018:LT992437.1_8 (length 71)
plasmid_files/LT992437.1_results/PROKKA_06292018:LT992437.1_9 (length 334)
plasmid_files/LT992437.1_results/PROKKA_06292018:LT992437.1_10 (length 58)
plasmid_files/LT992437.1_results/PROKKA_06292018:LT992437.1_11 (length 132)
plasmid_files/LT992437.1_results/PROKKA_06292018:LT992437.1_12 (length 53)
plasmid_files/LT992437.1_results/PROKKA_06292018:LT992437.1_13 (length 303)
plasmid_files/LT992437.1_results/PROKKA_06292018:LT992437.1_14 (length 63)
plasmid_files/LT992437.1_results/PROKKA_06292018:LT992437.1_15 (length 275)
plasmid_files/LT992437.1_results/PROKKA_06292018:LT992437.1_16 (length 240)
plasmid_files/LT992437.1_results/PROKKA_06292018:LT992437.1_17 (length 216)
plasmid_files/LT992437.1_results/PROKKA_06292018:LT992437.1_18 (length 227)
plasmid_files/LT992437.1_results/PROKKA_06292018:LT992437.1_19 (length 118)
plasmid_files/LT992437.1_results/PROKKA_06292018:LT992437.1_20 (length 106)
plasmid_files/LT992437.1_results/PROKKA_06292018:LT992437.1_21 (length 890)
plasmid_files/LT992437.1_results/PROKKA_06292018:LT992437.1_22 (length 92)
plasmid_files/LT992437.1_results/PROKKA_06292018:LT992437.1_23 (length 106)
plasmid_files/LT992437.1_results/PROKKA_06292018:LT992437.1_24 (length 140)
plasmid_files/LT992437.1_results/PROKKA_06292018:LT992437.1_25 (length 186)
plasmid_files/LT992437.1_results/PROKKA_06292018:LT992437.1_26 (length 92)
plasmid_files/LT992437.1_results/PROKKA_06292018:LT992437.1_27 (length 141)
plasmid_files/LT992437.1_results/PROKKA_06292018:LT992437.1_28 (length 51)
plasmid_files/LT992437.1_results/PROKKA_06292018:LT992437.1_29 (length 98)
plasmid_files/LT992437.1_results/PROKKA_06292018:LT992437.1_30 (length 326)
plasmid_files/LT992437.1_results/PROKKA_06292018:LT992437.1_31 (length 293)
plasmid_files/LT992437.1_results/PROKKA_06292018:LT992437.1_32 (length 216)
plasmid_files/LT992437.1_results/PROKKA_06292018:LT992437.1_33 (length 326)
plasmid_files/LT992437.1_results/PROKKA_06292018:LT992437.1_34 (length 185)
plasmid_files/LT992437.1_results/PROKKA_06292018:LT992437.1_35 (length 136)
plasmid_files/LT992437.1_results/PROKKA_06292018:LT992437.1_36 (length 424)
plasmid_files/LT992437.1_results/PROKKA_06292018:LT992437.1_37 (length 123)
plasmid_files/LT992437.1_results/PROKKA_06292018:LT992437.1_38 (length 422)
plasmid_files/LT992437.1_results/PROKKA_06292018:LT992437.1_39 (length 849)
plasmid_files/LT992437.1_results/PROKKA_06292018:LT992437.1_40 (length 224)
plasmid_files/LT992437.1_results/PROKKA_06292018:LT992437.1_41 (length 147)
plasmid_files/LT992437.1_results/PROKKA_06292018:LT992437.1_42 (length 179)
plasmid_files/LT992437.1_results/PROKKA_06292018:LT992437.1_43 (length 234)
plasmid_files/LT992437.1_results/PROKKA_06292018:LT992437.1_44 (length 322)
plasmid_files/LT992437.1_results/PROKKA_06292018:LT992437.1_45 (length 190)
plasmid_files/LT992437.1_results/PROKKA_06292018:LT992437.1_46 (length 170)
plasmid_files/LT992437.1_results/PROKKA_06292018:LT992437.1_47 (length 82)
plasmid_files/LT992437.1_results/PROKKA_06292018:LT992437.1_48 (length 212)
plasmid_files/LT992437.1_results/PROKKA_06292018:LT992437.1_49 (length 73)
plasmid_files/LT992437.1_results/PROKKA_06292018:LT992437.1_50 (length 128)

DiscRep_ALL:DISC_INCONSISTENT_MOLINFO_TECH::Molinfo Technique Report (some missing, all same)
DiscRep_SUB:DISC_INCONSISTENT_MOLINFO_TECH::technique (all missing)
DiscRep_SUB:DISC_INCONSISTENT_MOLINFO_TECH::1 Molinfos are missing field technique
plasmid_files/LT992437.1_results/PROKKA_06292018:LT992437.1 (length 40186)

