Discrepancy Report Results

Summary
FATAL: MISSING_PROTEIN_ID:110 proteins have invalid IDs.
DISC_SOURCE_QUALS_ASNDISC:strain (all present, all unique)
DISC_SOURCE_QUALS_ASNDISC:taxname (all present, all unique)
DISC_FEATURE_COUNT:CDS: 110 present
DISC_COUNT_NUCLEOTIDES:1 nucleotide Bioseqs are present
FEATURE_LOCATION_CONFLICT:110 features have inconsistent gene locations.
SUSPECT_PRODUCT_NAMES:2 product_names contain suspect phrase or characters
	May contain database identifier more appropriate in note; remove from product name
		2 features Three or more numbers together
DISC_QUALITY_SCORES:Quality scores are missing on all sequences.
ONCALLER_COMMENT_PRESENT:1 comment descriptors were found (all same)
SHORT_PROT_SEQUENCES:2 protein sequences are shorter than 50 aa.
MISSING_GENOMEASSEMBLY_COMMENTS:1 bioseqs are missing GenomeAssembly structured comments
MOLTYPE_NOT_MRNA:1 molecule types are not set as mRNA.
TECHNIQUE_NOT_TSA:1 technique are not set as TSA
MISSING_STRUCTURED_COMMENT:1 sequences do not include structured comments.
MISSING_PROJECT:111 sequences do not include project.
DISC_INCONSISTENT_MOLINFO_TECH:Molinfo Technique Report (some missing, all same)


Detailed Report

FATAL: DiscRep_ALL:MISSING_PROTEIN_ID::110 proteins have invalid IDs.
plasmid_files/CP011646.1_results/PROKKA_06292018:CP011646.1_1 (length 291)
plasmid_files/CP011646.1_results/PROKKA_06292018:CP011646.1_2 (length 208)
plasmid_files/CP011646.1_results/PROKKA_06292018:CP011646.1_3 (length 100)
plasmid_files/CP011646.1_results/PROKKA_06292018:CP011646.1_4 (length 264)
plasmid_files/CP011646.1_results/PROKKA_06292018:CP011646.1_5 (length 47)
plasmid_files/CP011646.1_results/PROKKA_06292018:CP011646.1_6 (length 338)
plasmid_files/CP011646.1_results/PROKKA_06292018:CP011646.1_7 (length 107)
plasmid_files/CP011646.1_results/PROKKA_06292018:CP011646.1_8 (length 131)
plasmid_files/CP011646.1_results/PROKKA_06292018:CP011646.1_9 (length 101)
plasmid_files/CP011646.1_results/PROKKA_06292018:CP011646.1_10 (length 72)
plasmid_files/CP011646.1_results/PROKKA_06292018:CP011646.1_11 (length 229)
plasmid_files/CP011646.1_results/PROKKA_06292018:CP011646.1_12 (length 229)
plasmid_files/CP011646.1_results/PROKKA_06292018:CP011646.1_13 (length 89)
plasmid_files/CP011646.1_results/PROKKA_06292018:CP011646.1_14 (length 191)
plasmid_files/CP011646.1_results/PROKKA_06292018:CP011646.1_15 (length 164)
plasmid_files/CP011646.1_results/PROKKA_06292018:CP011646.1_16 (length 122)
plasmid_files/CP011646.1_results/PROKKA_06292018:CP011646.1_17 (length 67)
plasmid_files/CP011646.1_results/PROKKA_06292018:CP011646.1_18 (length 67)
plasmid_files/CP011646.1_results/PROKKA_06292018:CP011646.1_19 (length 334)
plasmid_files/CP011646.1_results/PROKKA_06292018:CP011646.1_20 (length 988)
plasmid_files/CP011646.1_results/PROKKA_06292018:CP011646.1_21 (length 96)
plasmid_files/CP011646.1_results/PROKKA_06292018:CP011646.1_22 (length 133)
plasmid_files/CP011646.1_results/PROKKA_06292018:CP011646.1_23 (length 118)
plasmid_files/CP011646.1_results/PROKKA_06292018:CP011646.1_24 (length 104)
plasmid_files/CP011646.1_results/PROKKA_06292018:CP011646.1_25 (length 393)
plasmid_files/CP011646.1_results/PROKKA_06292018:CP011646.1_26 (length 201)
plasmid_files/CP011646.1_results/PROKKA_06292018:CP011646.1_27 (length 965)
plasmid_files/CP011646.1_results/PROKKA_06292018:CP011646.1_28 (length 275)
plasmid_files/CP011646.1_results/PROKKA_06292018:CP011646.1_29 (length 333)
plasmid_files/CP011646.1_results/PROKKA_06292018:CP011646.1_30 (length 175)
plasmid_files/CP011646.1_results/PROKKA_06292018:CP011646.1_31 (length 103)
plasmid_files/CP011646.1_results/PROKKA_06292018:CP011646.1_32 (length 120)
plasmid_files/CP011646.1_results/PROKKA_06292018:CP011646.1_33 (length 221)
plasmid_files/CP011646.1_results/PROKKA_06292018:CP011646.1_34 (length 1072)
plasmid_files/CP011646.1_results/PROKKA_06292018:CP011646.1_35 (length 510)
plasmid_files/CP011646.1_results/PROKKA_06292018:CP011646.1_36 (length 140)
plasmid_files/CP011646.1_results/PROKKA_06292018:CP011646.1_37 (length 143)
plasmid_files/CP011646.1_results/PROKKA_06292018:CP011646.1_38 (length 238)
plasmid_files/CP011646.1_results/PROKKA_06292018:CP011646.1_39 (length 122)
plasmid_files/CP011646.1_results/PROKKA_06292018:CP011646.1_40 (length 116)
plasmid_files/CP011646.1_results/PROKKA_06292018:CP011646.1_41 (length 60)
plasmid_files/CP011646.1_results/PROKKA_06292018:CP011646.1_42 (length 68)
plasmid_files/CP011646.1_results/PROKKA_06292018:CP011646.1_43 (length 439)
plasmid_files/CP011646.1_results/PROKKA_06292018:CP011646.1_44 (length 293)
plasmid_files/CP011646.1_results/PROKKA_06292018:CP011646.1_45 (length 259)
plasmid_files/CP011646.1_results/PROKKA_06292018:CP011646.1_46 (length 341)
plasmid_files/CP011646.1_results/PROKKA_06292018:CP011646.1_47 (length 1009)
plasmid_files/CP011646.1_results/PROKKA_06292018:CP011646.1_48 (length 571)
plasmid_files/CP011646.1_results/PROKKA_06292018:CP011646.1_49 (length 225)
plasmid_files/CP011646.1_results/PROKKA_06292018:CP011646.1_50 (length 165)
plasmid_files/CP011646.1_results/PROKKA_06292018:CP011646.1_51 (length 66)
plasmid_files/CP011646.1_results/PROKKA_06292018:CP011646.1_52 (length 89)
plasmid_files/CP011646.1_results/PROKKA_06292018:CP011646.1_53 (length 263)
plasmid_files/CP011646.1_results/PROKKA_06292018:CP011646.1_54 (length 51)
plasmid_files/CP011646.1_results/PROKKA_06292018:CP011646.1_55 (length 167)
plasmid_files/CP011646.1_results/PROKKA_06292018:CP011646.1_56 (length 294)
plasmid_files/CP011646.1_results/PROKKA_06292018:CP011646.1_57 (length 514)
plasmid_files/CP011646.1_results/PROKKA_06292018:CP011646.1_58 (length 171)
plasmid_files/CP011646.1_results/PROKKA_06292018:CP011646.1_59 (length 92)
plasmid_files/CP011646.1_results/PROKKA_06292018:CP011646.1_60 (length 467)
plasmid_files/CP011646.1_results/PROKKA_06292018:CP011646.1_61 (length 687)
plasmid_files/CP011646.1_results/PROKKA_06292018:CP011646.1_62 (length 220)
plasmid_files/CP011646.1_results/PROKKA_06292018:CP011646.1_63 (length 337)
plasmid_files/CP011646.1_results/PROKKA_06292018:CP011646.1_64 (length 213)
plasmid_files/CP011646.1_results/PROKKA_06292018:CP011646.1_65 (length 88)
plasmid_files/CP011646.1_results/PROKKA_06292018:CP011646.1_66 (length 397)
plasmid_files/CP011646.1_results/PROKKA_06292018:CP011646.1_67 (length 209)
plasmid_files/CP011646.1_results/PROKKA_06292018:CP011646.1_68 (length 334)
plasmid_files/CP011646.1_results/PROKKA_06292018:CP011646.1_69 (length 300)
plasmid_files/CP011646.1_results/PROKKA_06292018:CP011646.1_70 (length 491)
plasmid_files/CP011646.1_results/PROKKA_06292018:CP011646.1_71 (length 93)
plasmid_files/CP011646.1_results/PROKKA_06292018:CP011646.1_72 (length 497)
plasmid_files/CP011646.1_results/PROKKA_06292018:CP011646.1_73 (length 157)
plasmid_files/CP011646.1_results/PROKKA_06292018:CP011646.1_74 (length 91)
plasmid_files/CP011646.1_results/PROKKA_06292018:CP011646.1_75 (length 125)
plasmid_files/CP011646.1_results/PROKKA_06292018:CP011646.1_76 (length 84)
plasmid_files/CP011646.1_results/PROKKA_06292018:CP011646.1_77 (length 94)
plasmid_files/CP011646.1_results/PROKKA_06292018:CP011646.1_78 (length 125)
plasmid_files/CP011646.1_results/PROKKA_06292018:CP011646.1_79 (length 187)
plasmid_files/CP011646.1_results/PROKKA_06292018:CP011646.1_80 (length 96)
plasmid_files/CP011646.1_results/PROKKA_06292018:CP011646.1_81 (length 140)
plasmid_files/CP011646.1_results/PROKKA_06292018:CP011646.1_82 (length 262)
plasmid_files/CP011646.1_results/PROKKA_06292018:CP011646.1_83 (length 177)
plasmid_files/CP011646.1_results/PROKKA_06292018:CP011646.1_84 (length 109)
plasmid_files/CP011646.1_results/PROKKA_06292018:CP011646.1_85 (length 293)
plasmid_files/CP011646.1_results/PROKKA_06292018:CP011646.1_86 (length 110)
plasmid_files/CP011646.1_results/PROKKA_06292018:CP011646.1_87 (length 206)
plasmid_files/CP011646.1_results/PROKKA_06292018:CP011646.1_88 (length 88)
plasmid_files/CP011646.1_results/PROKKA_06292018:CP011646.1_89 (length 317)
plasmid_files/CP011646.1_results/PROKKA_06292018:CP011646.1_90 (length 203)
plasmid_files/CP011646.1_results/PROKKA_06292018:CP011646.1_91 (length 92)
plasmid_files/CP011646.1_results/PROKKA_06292018:CP011646.1_92 (length 340)
plasmid_files/CP011646.1_results/PROKKA_06292018:CP011646.1_93 (length 1012)
plasmid_files/CP011646.1_results/PROKKA_06292018:CP011646.1_94 (length 211)
plasmid_files/CP011646.1_results/PROKKA_06292018:CP011646.1_95 (length 283)
plasmid_files/CP011646.1_results/PROKKA_06292018:CP011646.1_96 (length 132)
plasmid_files/CP011646.1_results/PROKKA_06292018:CP011646.1_97 (length 369)
plasmid_files/CP011646.1_results/PROKKA_06292018:CP011646.1_98 (length 91)
plasmid_files/CP011646.1_results/PROKKA_06292018:CP011646.1_99 (length 36)
plasmid_files/CP011646.1_results/PROKKA_06292018:CP011646.1_100 (length 220)
plasmid_files/CP011646.1_results/PROKKA_06292018:CP011646.1_101 (length 493)
plasmid_files/CP011646.1_results/PROKKA_06292018:CP011646.1_102 (length 234)
plasmid_files/CP011646.1_results/PROKKA_06292018:CP011646.1_103 (length 286)
plasmid_files/CP011646.1_results/PROKKA_06292018:CP011646.1_104 (length 135)
plasmid_files/CP011646.1_results/PROKKA_06292018:CP011646.1_105 (length 117)
plasmid_files/CP011646.1_results/PROKKA_06292018:CP011646.1_106 (length 300)
plasmid_files/CP011646.1_results/PROKKA_06292018:CP011646.1_107 (length 89)
plasmid_files/CP011646.1_results/PROKKA_06292018:CP011646.1_108 (length 62)
plasmid_files/CP011646.1_results/PROKKA_06292018:CP011646.1_109 (length 399)
plasmid_files/CP011646.1_results/PROKKA_06292018:CP011646.1_110 (length 177)

DiscRep_ALL:DISC_SOURCE_QUALS_ASNDISC::strain (all present, all unique)
DiscRep_SUB:DISC_SOURCE_QUALS_ASNDISC::1 sources have unique values for strain
DiscRep_ALL:DISC_SOURCE_QUALS_ASNDISC::taxname (all present, all unique)
DiscRep_SUB:DISC_SOURCE_QUALS_ASNDISC::1 sources have unique values for taxname
DiscRep_ALL:DISC_FEATURE_COUNT::CDS: 110 present
DiscRep_ALL:DISC_COUNT_NUCLEOTIDES::1 nucleotide Bioseqs are present
plasmid_files/CP011646.1_results/PROKKA_06292018:CP011646.1 (length 96702)

DiscRep_ALL:FEATURE_LOCATION_CONFLICT::110 features have inconsistent gene locations.
DiscRep_SUB:FEATURE_LOCATION_CONFLICT::Coding region xref gene does not exist
plasmid_files/CP011646.1_results/PROKKA_06292018:CDS	Replication protein RepA	CP011646.1:1-876	LOIANIHJ_00001

DiscRep_SUB:FEATURE_LOCATION_CONFLICT::Coding region xref gene does not exist
plasmid_files/CP011646.1_results/PROKKA_06292018:CDS	Chromosome-partitioning ATPase Soj	CP011646.1:1509-2135	LOIANIHJ_00002

DiscRep_SUB:FEATURE_LOCATION_CONFLICT::Coding region xref gene does not exist
plasmid_files/CP011646.1_results/PROKKA_06292018:CDS	hypothetical protein	CP011646.1:2132-2434	LOIANIHJ_00003

DiscRep_SUB:FEATURE_LOCATION_CONFLICT::Coding region xref gene does not exist
plasmid_files/CP011646.1_results/PROKKA_06292018:CDS	Tyrosine recombinase XerD	CP011646.1:c3684-2890	LOIANIHJ_00004

DiscRep_SUB:FEATURE_LOCATION_CONFLICT::Coding region xref gene does not exist
plasmid_files/CP011646.1_results/PROKKA_06292018:CDS	hypothetical protein	CP011646.1:3744-3887	LOIANIHJ_00005

DiscRep_SUB:FEATURE_LOCATION_CONFLICT::Coding region xref gene does not exist
plasmid_files/CP011646.1_results/PROKKA_06292018:CDS	hypothetical protein	CP011646.1:c4898-3882	LOIANIHJ_00006

DiscRep_SUB:FEATURE_LOCATION_CONFLICT::Coding region xref gene does not exist
plasmid_files/CP011646.1_results/PROKKA_06292018:CDS	hypothetical protein	CP011646.1:c5218-4895	LOIANIHJ_00007

DiscRep_SUB:FEATURE_LOCATION_CONFLICT::Coding region xref gene does not exist
plasmid_files/CP011646.1_results/PROKKA_06292018:CDS	hypothetical protein	CP011646.1:c5640-5245	LOIANIHJ_00008

DiscRep_SUB:FEATURE_LOCATION_CONFLICT::Coding region xref gene does not exist
plasmid_files/CP011646.1_results/PROKKA_06292018:CDS	Toxin CcdB	CP011646.1:c6114-5809	LOIANIHJ_00009

DiscRep_SUB:FEATURE_LOCATION_CONFLICT::Coding region xref gene does not exist
plasmid_files/CP011646.1_results/PROKKA_06292018:CDS	Antitoxin CcdA	CP011646.1:c6334-6116	LOIANIHJ_00010

DiscRep_SUB:FEATURE_LOCATION_CONFLICT::Coding region xref gene does not exist
plasmid_files/CP011646.1_results/PROKKA_06292018:CDS	hypothetical protein	CP011646.1:6887-7576	LOIANIHJ_00011

DiscRep_SUB:FEATURE_LOCATION_CONFLICT::Coding region xref gene does not exist
plasmid_files/CP011646.1_results/PROKKA_06292018:CDS	hypothetical protein	CP011646.1:c8297-7608	LOIANIHJ_00012

DiscRep_SUB:FEATURE_LOCATION_CONFLICT::Coding region xref gene does not exist
plasmid_files/CP011646.1_results/PROKKA_06292018:CDS	hypothetical protein	CP011646.1:8734-9003	LOIANIHJ_00013

DiscRep_SUB:FEATURE_LOCATION_CONFLICT::Coding region xref gene does not exist
plasmid_files/CP011646.1_results/PROKKA_06292018:CDS	hypothetical protein	CP011646.1:8991-9566	LOIANIHJ_00014

DiscRep_SUB:FEATURE_LOCATION_CONFLICT::Coding region xref gene does not exist
plasmid_files/CP011646.1_results/PROKKA_06292018:CDS	hypothetical protein	CP011646.1:9597-10091	LOIANIHJ_00015

DiscRep_SUB:FEATURE_LOCATION_CONFLICT::Coding region xref gene does not exist
plasmid_files/CP011646.1_results/PROKKA_06292018:CDS	hypothetical protein	CP011646.1:10135-10503	LOIANIHJ_00016

DiscRep_SUB:FEATURE_LOCATION_CONFLICT::Coding region xref gene does not exist
plasmid_files/CP011646.1_results/PROKKA_06292018:CDS	Modulating protein YmoA	CP011646.1:10537-10740	LOIANIHJ_00017

DiscRep_SUB:FEATURE_LOCATION_CONFLICT::Coding region xref gene does not exist
plasmid_files/CP011646.1_results/PROKKA_06292018:CDS	hypothetical protein	CP011646.1:10754-10957	LOIANIHJ_00018

DiscRep_SUB:FEATURE_LOCATION_CONFLICT::Coding region xref gene does not exist
plasmid_files/CP011646.1_results/PROKKA_06292018:CDS	hypothetical protein	CP011646.1:c12143-11139	LOIANIHJ_00019

DiscRep_SUB:FEATURE_LOCATION_CONFLICT::Coding region xref gene does not exist
plasmid_files/CP011646.1_results/PROKKA_06292018:CDS	hypothetical protein	CP011646.1:c15188-12222	LOIANIHJ_00020

DiscRep_SUB:FEATURE_LOCATION_CONFLICT::Coding region xref gene does not exist
plasmid_files/CP011646.1_results/PROKKA_06292018:CDS	hypothetical protein	CP011646.1:15263-15553	LOIANIHJ_00021

DiscRep_SUB:FEATURE_LOCATION_CONFLICT::Coding region xref gene does not exist
plasmid_files/CP011646.1_results/PROKKA_06292018:CDS	hypothetical protein	CP011646.1:15550-15951	LOIANIHJ_00022

DiscRep_SUB:FEATURE_LOCATION_CONFLICT::Coding region xref gene does not exist
plasmid_files/CP011646.1_results/PROKKA_06292018:CDS	hypothetical protein	CP011646.1:15941-16297	LOIANIHJ_00023

DiscRep_SUB:FEATURE_LOCATION_CONFLICT::Coding region xref gene does not exist
plasmid_files/CP011646.1_results/PROKKA_06292018:CDS	hypothetical protein	CP011646.1:16552-16866	LOIANIHJ_00024

DiscRep_SUB:FEATURE_LOCATION_CONFLICT::Coding region xref gene does not exist
plasmid_files/CP011646.1_results/PROKKA_06292018:CDS	Na(+)/H(+) antiporter NhaA	CP011646.1:c18474-17293	LOIANIHJ_00025

DiscRep_SUB:FEATURE_LOCATION_CONFLICT::Coding region xref gene does not exist
plasmid_files/CP011646.1_results/PROKKA_06292018:CDS	Serine recombinase PinR	CP011646.1:c19739-19134	LOIANIHJ_00026

DiscRep_SUB:FEATURE_LOCATION_CONFLICT::Coding region xref gene does not exist
plasmid_files/CP011646.1_results/PROKKA_06292018:CDS	hypothetical protein	CP011646.1:19834-22731	LOIANIHJ_00027

DiscRep_SUB:FEATURE_LOCATION_CONFLICT::Coding region xref gene does not exist
plasmid_files/CP011646.1_results/PROKKA_06292018:CDS	Protein virB10	CP011646.1:22912-23739	LOIANIHJ_00028

DiscRep_SUB:FEATURE_LOCATION_CONFLICT::Coding region xref gene does not exist
plasmid_files/CP011646.1_results/PROKKA_06292018:CDS	Type IV secretion system protein VirB11	CP011646.1:23790-24791	LOIANIHJ_00029

DiscRep_SUB:FEATURE_LOCATION_CONFLICT::Coding region xref gene does not exist
plasmid_files/CP011646.1_results/PROKKA_06292018:CDS	Phospholipase D	CP011646.1:24788-25315	LOIANIHJ_00030

DiscRep_SUB:FEATURE_LOCATION_CONFLICT::Coding region xref gene does not exist
plasmid_files/CP011646.1_results/PROKKA_06292018:CDS	hypothetical protein	CP011646.1:25312-25623	LOIANIHJ_00031

DiscRep_SUB:FEATURE_LOCATION_CONFLICT::Coding region xref gene does not exist
plasmid_files/CP011646.1_results/PROKKA_06292018:CDS	hypothetical protein	CP011646.1:c26601-26239	LOIANIHJ_00032

DiscRep_SUB:FEATURE_LOCATION_CONFLICT::Coding region xref gene does not exist
plasmid_files/CP011646.1_results/PROKKA_06292018:CDS	hypothetical protein	CP011646.1:c27259-26594	LOIANIHJ_00033

DiscRep_SUB:FEATURE_LOCATION_CONFLICT::Coding region xref gene does not exist
plasmid_files/CP011646.1_results/PROKKA_06292018:CDS	Multifunctional conjugation protein TraI	CP011646.1:c30474-27256	LOIANIHJ_00034

DiscRep_SUB:FEATURE_LOCATION_CONFLICT::Coding region xref gene does not exist
plasmid_files/CP011646.1_results/PROKKA_06292018:CDS	Coupling protein TraD	CP011646.1:c32011-30479	LOIANIHJ_00035

DiscRep_SUB:FEATURE_LOCATION_CONFLICT::Coding region xref gene does not exist
plasmid_files/CP011646.1_results/PROKKA_06292018:CDS	hypothetical protein	CP011646.1:c32433-32011	LOIANIHJ_00036

DiscRep_SUB:FEATURE_LOCATION_CONFLICT::Coding region xref gene does not exist
plasmid_files/CP011646.1_results/PROKKA_06292018:CDS	hypothetical protein	CP011646.1:32903-33334	LOIANIHJ_00037

DiscRep_SUB:FEATURE_LOCATION_CONFLICT::Coding region xref gene does not exist
plasmid_files/CP011646.1_results/PROKKA_06292018:CDS	hypothetical protein	CP011646.1:33343-34059	LOIANIHJ_00038

DiscRep_SUB:FEATURE_LOCATION_CONFLICT::Coding region xref gene does not exist
plasmid_files/CP011646.1_results/PROKKA_06292018:CDS	hypothetical protein	CP011646.1:34062-34430	LOIANIHJ_00039

DiscRep_SUB:FEATURE_LOCATION_CONFLICT::Coding region xref gene does not exist
plasmid_files/CP011646.1_results/PROKKA_06292018:CDS	hypothetical protein	CP011646.1:34494-34844	LOIANIHJ_00040

DiscRep_SUB:FEATURE_LOCATION_CONFLICT::Coding region xref gene does not exist
plasmid_files/CP011646.1_results/PROKKA_06292018:CDS	hypothetical protein	CP011646.1:c35085-34903	LOIANIHJ_00041

DiscRep_SUB:FEATURE_LOCATION_CONFLICT::Coding region xref gene does not exist
plasmid_files/CP011646.1_results/PROKKA_06292018:CDS	hypothetical protein	CP011646.1:c35365-35159	LOIANIHJ_00042

DiscRep_SUB:FEATURE_LOCATION_CONFLICT::Coding region xref gene does not exist
plasmid_files/CP011646.1_results/PROKKA_06292018:CDS	hypothetical protein	CP011646.1:35782-37101	LOIANIHJ_00043

DiscRep_SUB:FEATURE_LOCATION_CONFLICT::Coding region xref gene does not exist
plasmid_files/CP011646.1_results/PROKKA_06292018:CDS	Carbapenem-hydrolyzing beta-lactamase KPC	CP011646.1:c38232-37351	LOIANIHJ_00044

DiscRep_SUB:FEATURE_LOCATION_CONFLICT::Coding region xref gene does not exist
plasmid_files/CP011646.1_results/PROKKA_06292018:CDS	Insertion sequence IS5376 putative ATP-binding protein	CP011646.1:c39398-38619	LOIANIHJ_00045

DiscRep_SUB:FEATURE_LOCATION_CONFLICT::Coding region xref gene does not exist
plasmid_files/CP011646.1_results/PROKKA_06292018:CDS	hypothetical protein	CP011646.1:c40420-39395	LOIANIHJ_00046

DiscRep_SUB:FEATURE_LOCATION_CONFLICT::Coding region xref gene does not exist
plasmid_files/CP011646.1_results/PROKKA_06292018:CDS	hypothetical protein	CP011646.1:c43556-40527	LOIANIHJ_00047

DiscRep_SUB:FEATURE_LOCATION_CONFLICT::Coding region xref gene does not exist
plasmid_files/CP011646.1_results/PROKKA_06292018:CDS	Tyrosine recombinase XerD	CP011646.1:43666-45381	LOIANIHJ_00048

DiscRep_SUB:FEATURE_LOCATION_CONFLICT::Coding region xref gene does not exist
plasmid_files/CP011646.1_results/PROKKA_06292018:CDS	hypothetical protein	CP011646.1:c46235-45558	LOIANIHJ_00049

DiscRep_SUB:FEATURE_LOCATION_CONFLICT::Coding region xref gene does not exist
plasmid_files/CP011646.1_results/PROKKA_06292018:CDS	Transcriptional regulatory protein ros	CP011646.1:c47515-47018	LOIANIHJ_00050

DiscRep_SUB:FEATURE_LOCATION_CONFLICT::Coding region xref gene does not exist
plasmid_files/CP011646.1_results/PROKKA_06292018:CDS	hypothetical protein	CP011646.1:c47770-47570	LOIANIHJ_00051

DiscRep_SUB:FEATURE_LOCATION_CONFLICT::Coding region xref gene does not exist
plasmid_files/CP011646.1_results/PROKKA_06292018:CDS	hypothetical protein	CP011646.1:c48081-47812	LOIANIHJ_00052

DiscRep_SUB:FEATURE_LOCATION_CONFLICT::Coding region xref gene does not exist
plasmid_files/CP011646.1_results/PROKKA_06292018:CDS	hypothetical protein	CP011646.1:c49041-48250	LOIANIHJ_00053

DiscRep_SUB:FEATURE_LOCATION_CONFLICT::Coding region xref gene does not exist
plasmid_files/CP011646.1_results/PROKKA_06292018:CDS	hypothetical protein	CP011646.1:c50271-50116	LOIANIHJ_00054

DiscRep_SUB:FEATURE_LOCATION_CONFLICT::Coding region xref gene does not exist
plasmid_files/CP011646.1_results/PROKKA_06292018:CDS	hypothetical protein	CP011646.1:c50813-50310	LOIANIHJ_00055

DiscRep_SUB:FEATURE_LOCATION_CONFLICT::Coding region xref gene does not exist
plasmid_files/CP011646.1_results/PROKKA_06292018:CDS	Dihydroxy-acid dehydratase	CP011646.1:51091-51975	LOIANIHJ_00056

DiscRep_SUB:FEATURE_LOCATION_CONFLICT::Coding region xref gene does not exist
plasmid_files/CP011646.1_results/PROKKA_06292018:CDS	L-threonine dehydratase biosynthetic IlvA	CP011646.1:51981-53525	LOIANIHJ_00057

DiscRep_SUB:FEATURE_LOCATION_CONFLICT::Coding region xref gene does not exist
plasmid_files/CP011646.1_results/PROKKA_06292018:CDS	PTS system galactitol-specific EIIA component	CP011646.1:53772-54287	LOIANIHJ_00058

DiscRep_SUB:FEATURE_LOCATION_CONFLICT::Coding region xref gene does not exist
plasmid_files/CP011646.1_results/PROKKA_06292018:CDS	PTS system galactitol-specific EIIB component	CP011646.1:54289-54567	LOIANIHJ_00059

DiscRep_SUB:FEATURE_LOCATION_CONFLICT::Coding region xref gene does not exist
plasmid_files/CP011646.1_results/PROKKA_06292018:CDS	PTS system galactitol-specific EIIC component	CP011646.1:54613-56016	LOIANIHJ_00060

DiscRep_SUB:FEATURE_LOCATION_CONFLICT::Coding region xref gene does not exist
plasmid_files/CP011646.1_results/PROKKA_06292018:CDS	Mannitol-specific cryptic phosphotransferase enzyme IIA component	CP011646.1:56085-58148	LOIANIHJ_00061

DiscRep_SUB:FEATURE_LOCATION_CONFLICT::Coding region xref gene does not exist
plasmid_files/CP011646.1_results/PROKKA_06292018:CDS	L-fuculose phosphate aldolase	CP011646.1:58251-58913	LOIANIHJ_00062

DiscRep_SUB:FEATURE_LOCATION_CONFLICT::Coding region xref gene does not exist
plasmid_files/CP011646.1_results/PROKKA_06292018:CDS	PEP-dependent dihydroxyacetone kinase, dihydroxyacetone-binding subunit DhaK	CP011646.1:58959-59972	LOIANIHJ_00063

DiscRep_SUB:FEATURE_LOCATION_CONFLICT::Coding region xref gene does not exist
plasmid_files/CP011646.1_results/PROKKA_06292018:CDS	PEP-dependent dihydroxyacetone kinase, ADP-binding subunit DhaL	CP011646.1:59982-60623	LOIANIHJ_00064

DiscRep_SUB:FEATURE_LOCATION_CONFLICT::Coding region xref gene does not exist
plasmid_files/CP011646.1_results/PROKKA_06292018:CDS	Phosphocarrier protein HPr	CP011646.1:60639-60905	LOIANIHJ_00065

DiscRep_SUB:FEATURE_LOCATION_CONFLICT::Coding region xref gene does not exist
plasmid_files/CP011646.1_results/PROKKA_06292018:CDS	Enoyl-[acyl-carrier-protein] reductase [NADH] 1	CP011646.1:c62232-61039	LOIANIHJ_00066

DiscRep_SUB:FEATURE_LOCATION_CONFLICT::Coding region xref gene does not exist
plasmid_files/CP011646.1_results/PROKKA_06292018:CDS	PEP-dependent dihydroxyacetone kinase, ADP-binding subunit DhaL	CP011646.1:c63079-62450	LOIANIHJ_00067

DiscRep_SUB:FEATURE_LOCATION_CONFLICT::Coding region xref gene does not exist
plasmid_files/CP011646.1_results/PROKKA_06292018:CDS	PTS-dependent dihydroxyacetone kinase, dihydroxyacetone-binding subunit DhaK	CP011646.1:c64085-63081	LOIANIHJ_00068

DiscRep_SUB:FEATURE_LOCATION_CONFLICT::Coding region xref gene does not exist
plasmid_files/CP011646.1_results/PROKKA_06292018:CDS	HTH-type transcriptional regulator GltC	CP011646.1:c65108-64206	LOIANIHJ_00069

DiscRep_SUB:FEATURE_LOCATION_CONFLICT::Coding region xref gene does not exist
plasmid_files/CP011646.1_results/PROKKA_06292018:CDS	Ketol-acid reductoisomerase (NADP(+))	CP011646.1:65384-66859	LOIANIHJ_00070

DiscRep_SUB:FEATURE_LOCATION_CONFLICT::Coding region xref gene does not exist
plasmid_files/CP011646.1_results/PROKKA_06292018:CDS	Peptidyl-prolyl cis-trans isomerase C	CP011646.1:c67217-66936	LOIANIHJ_00071

DiscRep_SUB:FEATURE_LOCATION_CONFLICT::Coding region xref gene does not exist
plasmid_files/CP011646.1_results/PROKKA_06292018:CDS	Intracellular exo-alpha-(1->5)-L-arabinofuranosidase	CP011646.1:c68768-67275	LOIANIHJ_00072

DiscRep_SUB:FEATURE_LOCATION_CONFLICT::Coding region xref gene does not exist
plasmid_files/CP011646.1_results/PROKKA_06292018:CDS	Inner membrane symporter YicJ	CP011646.1:c69253-68780	LOIANIHJ_00073

DiscRep_SUB:FEATURE_LOCATION_CONFLICT::Coding region xref gene does not exist
plasmid_files/CP011646.1_results/PROKKA_06292018:CDS	hypothetical protein	CP011646.1:69311-69586	LOIANIHJ_00074

DiscRep_SUB:FEATURE_LOCATION_CONFLICT::Coding region xref gene does not exist
plasmid_files/CP011646.1_results/PROKKA_06292018:CDS	hypothetical protein	CP011646.1:69631-70008	LOIANIHJ_00075

DiscRep_SUB:FEATURE_LOCATION_CONFLICT::Coding region xref gene does not exist
plasmid_files/CP011646.1_results/PROKKA_06292018:CDS	hypothetical protein	CP011646.1:c70197-69943	LOIANIHJ_00076

DiscRep_SUB:FEATURE_LOCATION_CONFLICT::Coding region xref gene does not exist
plasmid_files/CP011646.1_results/PROKKA_06292018:CDS	hypothetical protein	CP011646.1:c70495-70211	LOIANIHJ_00077

DiscRep_SUB:FEATURE_LOCATION_CONFLICT::Coding region xref gene does not exist
plasmid_files/CP011646.1_results/PROKKA_06292018:CDS	hypothetical protein	CP011646.1:c70921-70544	LOIANIHJ_00078

DiscRep_SUB:FEATURE_LOCATION_CONFLICT::Coding region xref gene does not exist
plasmid_files/CP011646.1_results/PROKKA_06292018:CDS	hypothetical protein	CP011646.1:c71471-70908	LOIANIHJ_00079

DiscRep_SUB:FEATURE_LOCATION_CONFLICT::Coding region xref gene does not exist
plasmid_files/CP011646.1_results/PROKKA_06292018:CDS	hypothetical protein	CP011646.1:c71765-71475	LOIANIHJ_00080

DiscRep_SUB:FEATURE_LOCATION_CONFLICT::Coding region xref gene does not exist
plasmid_files/CP011646.1_results/PROKKA_06292018:CDS	Antirestriction protein KlcA	CP011646.1:c72205-71783	LOIANIHJ_00081

DiscRep_SUB:FEATURE_LOCATION_CONFLICT::Coding region xref gene does not exist
plasmid_files/CP011646.1_results/PROKKA_06292018:CDS	hypothetical protein	CP011646.1:72385-73173	LOIANIHJ_00082

DiscRep_SUB:FEATURE_LOCATION_CONFLICT::Coding region xref gene does not exist
plasmid_files/CP011646.1_results/PROKKA_06292018:CDS	Single-stranded DNA-binding protein	CP011646.1:c73736-73203	LOIANIHJ_00083

DiscRep_SUB:FEATURE_LOCATION_CONFLICT::Coding region xref gene does not exist
plasmid_files/CP011646.1_results/PROKKA_06292018:CDS	hypothetical protein	CP011646.1:c74182-73853	LOIANIHJ_00084

DiscRep_SUB:FEATURE_LOCATION_CONFLICT::Coding region xref gene does not exist
plasmid_files/CP011646.1_results/PROKKA_06292018:CDS	hypothetical protein	CP011646.1:c75639-74758	LOIANIHJ_00085

DiscRep_SUB:FEATURE_LOCATION_CONFLICT::Coding region xref gene does not exist
plasmid_files/CP011646.1_results/PROKKA_06292018:CDS	hypothetical protein	CP011646.1:75779-76111	LOIANIHJ_00086

DiscRep_SUB:FEATURE_LOCATION_CONFLICT::Coding region xref gene does not exist
plasmid_files/CP011646.1_results/PROKKA_06292018:CDS	Putative transposon Tn552 DNA-invertase bin3	CP011646.1:76280-76900	LOIANIHJ_00087

DiscRep_SUB:FEATURE_LOCATION_CONFLICT::Coding region xref gene does not exist
plasmid_files/CP011646.1_results/PROKKA_06292018:CDS	hypothetical protein	CP011646.1:76920-77186	LOIANIHJ_00088

DiscRep_SUB:FEATURE_LOCATION_CONFLICT::Coding region xref gene does not exist
plasmid_files/CP011646.1_results/PROKKA_06292018:CDS	Recombination-promoting nuclease RpnA	CP011646.1:77307-78260	LOIANIHJ_00089

DiscRep_SUB:FEATURE_LOCATION_CONFLICT::Coding region xref gene does not exist
plasmid_files/CP011646.1_results/PROKKA_06292018:CDS	hypothetical protein	CP011646.1:c78868-78257	LOIANIHJ_00090

DiscRep_SUB:FEATURE_LOCATION_CONFLICT::Coding region xref gene does not exist
plasmid_files/CP011646.1_results/PROKKA_06292018:CDS	hypothetical protein	CP011646.1:c79464-79186	LOIANIHJ_00091

DiscRep_SUB:FEATURE_LOCATION_CONFLICT::Coding region xref gene does not exist
plasmid_files/CP011646.1_results/PROKKA_06292018:CDS	hypothetical protein	CP011646.1:c80946-79924	LOIANIHJ_00092

DiscRep_SUB:FEATURE_LOCATION_CONFLICT::Coding region xref gene does not exist
plasmid_files/CP011646.1_results/PROKKA_06292018:CDS	hypothetical protein	CP011646.1:c84008-80970	LOIANIHJ_00093

DiscRep_SUB:FEATURE_LOCATION_CONFLICT::Coding region xref gene does not exist
plasmid_files/CP011646.1_results/PROKKA_06292018:CDS	Putative transposon Tn552 DNA-invertase bin3	CP011646.1:84176-84811	LOIANIHJ_00094

DiscRep_SUB:FEATURE_LOCATION_CONFLICT::Coding region xref gene does not exist
plasmid_files/CP011646.1_results/PROKKA_06292018:CDS	S-formylglutathione hydrolase FrmB	CP011646.1:c85690-84839	LOIANIHJ_00095

DiscRep_SUB:FEATURE_LOCATION_CONFLICT::Coding region xref gene does not exist
plasmid_files/CP011646.1_results/PROKKA_06292018:CDS	hypothetical protein	CP011646.1:c86139-85741	LOIANIHJ_00096

DiscRep_SUB:FEATURE_LOCATION_CONFLICT::Coding region xref gene does not exist
plasmid_files/CP011646.1_results/PROKKA_06292018:CDS	S-(hydroxymethyl)glutathione dehydrogenase	CP011646.1:c87290-86181	LOIANIHJ_00097

DiscRep_SUB:FEATURE_LOCATION_CONFLICT::Coding region xref gene does not exist
plasmid_files/CP011646.1_results/PROKKA_06292018:CDS	Transcriptional repressor FrmR	CP011646.1:c87596-87321	LOIANIHJ_00098

DiscRep_SUB:FEATURE_LOCATION_CONFLICT::Coding region xref gene does not exist
plasmid_files/CP011646.1_results/PROKKA_06292018:CDS	hypothetical protein	CP011646.1:c87690-87580	LOIANIHJ_00099

DiscRep_SUB:FEATURE_LOCATION_CONFLICT::Coding region xref gene does not exist
plasmid_files/CP011646.1_results/PROKKA_06292018:CDS	hypothetical protein	CP011646.1:87950-88612	LOIANIHJ_00100

DiscRep_SUB:FEATURE_LOCATION_CONFLICT::Coding region xref gene does not exist
plasmid_files/CP011646.1_results/PROKKA_06292018:CDS	hypothetical protein	CP011646.1:c90090-88609	LOIANIHJ_00101

DiscRep_SUB:FEATURE_LOCATION_CONFLICT::Coding region xref gene does not exist
plasmid_files/CP011646.1_results/PROKKA_06292018:CDS	hypothetical protein	CP011646.1:c90913-90209	LOIANIHJ_00102

DiscRep_SUB:FEATURE_LOCATION_CONFLICT::Coding region xref gene does not exist
plasmid_files/CP011646.1_results/PROKKA_06292018:CDS	Beta-lactamase SHV-2	CP011646.1:91050-91910	LOIANIHJ_00103

DiscRep_SUB:FEATURE_LOCATION_CONFLICT::Coding region xref gene does not exist
plasmid_files/CP011646.1_results/PROKKA_06292018:CDS	HTH-type transcriptional repressor GlcR	CP011646.1:c92338-91931	LOIANIHJ_00104

DiscRep_SUB:FEATURE_LOCATION_CONFLICT::Coding region xref gene does not exist
plasmid_files/CP011646.1_results/PROKKA_06292018:CDS	Glycerol-3-phosphate regulon repressor	CP011646.1:c92692-92339	LOIANIHJ_00105

DiscRep_SUB:FEATURE_LOCATION_CONFLICT::Coding region xref gene does not exist
plasmid_files/CP011646.1_results/PROKKA_06292018:CDS	L-threonate dehydrogenase	CP011646.1:92954-93856	LOIANIHJ_00106

DiscRep_SUB:FEATURE_LOCATION_CONFLICT::Coding region xref gene does not exist
plasmid_files/CP011646.1_results/PROKKA_06292018:CDS	3-oxo-tetronate kinase	CP011646.1:93868-94137	LOIANIHJ_00107

DiscRep_SUB:FEATURE_LOCATION_CONFLICT::Coding region xref gene does not exist
plasmid_files/CP011646.1_results/PROKKA_06292018:CDS	hypothetical protein	CP011646.1:94226-94414	LOIANIHJ_00108

DiscRep_SUB:FEATURE_LOCATION_CONFLICT::Coding region xref gene does not exist
plasmid_files/CP011646.1_results/PROKKA_06292018:CDS	hypothetical protein	CP011646.1:94424-95623	LOIANIHJ_00109

DiscRep_SUB:FEATURE_LOCATION_CONFLICT::Coding region xref gene does not exist
plasmid_files/CP011646.1_results/PROKKA_06292018:CDS	Protein UmuC	CP011646.1:95754-96287	LOIANIHJ_00110

DiscRep_ALL:SUSPECT_PRODUCT_NAMES::2 product_names contain suspect phrase or characters
DiscRep_SUB:SUSPECT_PRODUCT_NAMES::May contain database identifier more appropriate in note; remove from product name
DiscRep_SUB:SUSPECT_PRODUCT_NAMES::2 features Three or more numbers together
plasmid_files/CP011646.1_results/PROKKA_06292018:CDS	Putative transposon Tn552 DNA-invertase bin3	CP011646.1:76280-76900	LOIANIHJ_00087
plasmid_files/CP011646.1_results/PROKKA_06292018:CDS	Putative transposon Tn552 DNA-invertase bin3	CP011646.1:84176-84811	LOIANIHJ_00094

DiscRep_ALL:DISC_QUALITY_SCORES::Quality scores are missing on all sequences.

DiscRep_ALL:ONCALLER_COMMENT_PRESENT::1 comment descriptors were found (all same)
plasmid_files/CP011646.1_results/PROKKA_06292018:CP011646.1:Annotated using prokka 1.14-dev from https://github.com/tseemann/prokka

DiscRep_ALL:SHORT_PROT_SEQUENCES::2 protein sequences are shorter than 50 aa.
plasmid_files/CP011646.1_results/PROKKA_06292018:CP011646.1_5 (length 47)
plasmid_files/CP011646.1_results/PROKKA_06292018:CP011646.1_99 (length 36)

DiscRep_ALL:MISSING_GENOMEASSEMBLY_COMMENTS::1 bioseqs are missing GenomeAssembly structured comments
plasmid_files/CP011646.1_results/PROKKA_06292018:CP011646.1 (length 96702)

DiscRep_ALL:MOLTYPE_NOT_MRNA::1 molecule types are not set as mRNA.
plasmid_files/CP011646.1_results/PROKKA_06292018:CP011646.1 (length 96702)

DiscRep_ALL:TECHNIQUE_NOT_TSA::1 technique are not set as TSA
plasmid_files/CP011646.1_results/PROKKA_06292018:CP011646.1 (length 96702)

DiscRep_ALL:MISSING_STRUCTURED_COMMENT::1 sequences do not include structured comments.
plasmid_files/CP011646.1_results/PROKKA_06292018:CP011646.1 (length 96702)

DiscRep_ALL:MISSING_PROJECT::111 sequences do not include project.
plasmid_files/CP011646.1_results/PROKKA_06292018:CP011646.1 (length 96702)
plasmid_files/CP011646.1_results/PROKKA_06292018:CP011646.1_1 (length 291)
plasmid_files/CP011646.1_results/PROKKA_06292018:CP011646.1_2 (length 208)
plasmid_files/CP011646.1_results/PROKKA_06292018:CP011646.1_3 (length 100)
plasmid_files/CP011646.1_results/PROKKA_06292018:CP011646.1_4 (length 264)
plasmid_files/CP011646.1_results/PROKKA_06292018:CP011646.1_5 (length 47)
plasmid_files/CP011646.1_results/PROKKA_06292018:CP011646.1_6 (length 338)
plasmid_files/CP011646.1_results/PROKKA_06292018:CP011646.1_7 (length 107)
plasmid_files/CP011646.1_results/PROKKA_06292018:CP011646.1_8 (length 131)
plasmid_files/CP011646.1_results/PROKKA_06292018:CP011646.1_9 (length 101)
plasmid_files/CP011646.1_results/PROKKA_06292018:CP011646.1_10 (length 72)
plasmid_files/CP011646.1_results/PROKKA_06292018:CP011646.1_11 (length 229)
plasmid_files/CP011646.1_results/PROKKA_06292018:CP011646.1_12 (length 229)
plasmid_files/CP011646.1_results/PROKKA_06292018:CP011646.1_13 (length 89)
plasmid_files/CP011646.1_results/PROKKA_06292018:CP011646.1_14 (length 191)
plasmid_files/CP011646.1_results/PROKKA_06292018:CP011646.1_15 (length 164)
plasmid_files/CP011646.1_results/PROKKA_06292018:CP011646.1_16 (length 122)
plasmid_files/CP011646.1_results/PROKKA_06292018:CP011646.1_17 (length 67)
plasmid_files/CP011646.1_results/PROKKA_06292018:CP011646.1_18 (length 67)
plasmid_files/CP011646.1_results/PROKKA_06292018:CP011646.1_19 (length 334)
plasmid_files/CP011646.1_results/PROKKA_06292018:CP011646.1_20 (length 988)
plasmid_files/CP011646.1_results/PROKKA_06292018:CP011646.1_21 (length 96)
plasmid_files/CP011646.1_results/PROKKA_06292018:CP011646.1_22 (length 133)
plasmid_files/CP011646.1_results/PROKKA_06292018:CP011646.1_23 (length 118)
plasmid_files/CP011646.1_results/PROKKA_06292018:CP011646.1_24 (length 104)
plasmid_files/CP011646.1_results/PROKKA_06292018:CP011646.1_25 (length 393)
plasmid_files/CP011646.1_results/PROKKA_06292018:CP011646.1_26 (length 201)
plasmid_files/CP011646.1_results/PROKKA_06292018:CP011646.1_27 (length 965)
plasmid_files/CP011646.1_results/PROKKA_06292018:CP011646.1_28 (length 275)
plasmid_files/CP011646.1_results/PROKKA_06292018:CP011646.1_29 (length 333)
plasmid_files/CP011646.1_results/PROKKA_06292018:CP011646.1_30 (length 175)
plasmid_files/CP011646.1_results/PROKKA_06292018:CP011646.1_31 (length 103)
plasmid_files/CP011646.1_results/PROKKA_06292018:CP011646.1_32 (length 120)
plasmid_files/CP011646.1_results/PROKKA_06292018:CP011646.1_33 (length 221)
plasmid_files/CP011646.1_results/PROKKA_06292018:CP011646.1_34 (length 1072)
plasmid_files/CP011646.1_results/PROKKA_06292018:CP011646.1_35 (length 510)
plasmid_files/CP011646.1_results/PROKKA_06292018:CP011646.1_36 (length 140)
plasmid_files/CP011646.1_results/PROKKA_06292018:CP011646.1_37 (length 143)
plasmid_files/CP011646.1_results/PROKKA_06292018:CP011646.1_38 (length 238)
plasmid_files/CP011646.1_results/PROKKA_06292018:CP011646.1_39 (length 122)
plasmid_files/CP011646.1_results/PROKKA_06292018:CP011646.1_40 (length 116)
plasmid_files/CP011646.1_results/PROKKA_06292018:CP011646.1_41 (length 60)
plasmid_files/CP011646.1_results/PROKKA_06292018:CP011646.1_42 (length 68)
plasmid_files/CP011646.1_results/PROKKA_06292018:CP011646.1_43 (length 439)
plasmid_files/CP011646.1_results/PROKKA_06292018:CP011646.1_44 (length 293)
plasmid_files/CP011646.1_results/PROKKA_06292018:CP011646.1_45 (length 259)
plasmid_files/CP011646.1_results/PROKKA_06292018:CP011646.1_46 (length 341)
plasmid_files/CP011646.1_results/PROKKA_06292018:CP011646.1_47 (length 1009)
plasmid_files/CP011646.1_results/PROKKA_06292018:CP011646.1_48 (length 571)
plasmid_files/CP011646.1_results/PROKKA_06292018:CP011646.1_49 (length 225)
plasmid_files/CP011646.1_results/PROKKA_06292018:CP011646.1_50 (length 165)
plasmid_files/CP011646.1_results/PROKKA_06292018:CP011646.1_51 (length 66)
plasmid_files/CP011646.1_results/PROKKA_06292018:CP011646.1_52 (length 89)
plasmid_files/CP011646.1_results/PROKKA_06292018:CP011646.1_53 (length 263)
plasmid_files/CP011646.1_results/PROKKA_06292018:CP011646.1_54 (length 51)
plasmid_files/CP011646.1_results/PROKKA_06292018:CP011646.1_55 (length 167)
plasmid_files/CP011646.1_results/PROKKA_06292018:CP011646.1_56 (length 294)
plasmid_files/CP011646.1_results/PROKKA_06292018:CP011646.1_57 (length 514)
plasmid_files/CP011646.1_results/PROKKA_06292018:CP011646.1_58 (length 171)
plasmid_files/CP011646.1_results/PROKKA_06292018:CP011646.1_59 (length 92)
plasmid_files/CP011646.1_results/PROKKA_06292018:CP011646.1_60 (length 467)
plasmid_files/CP011646.1_results/PROKKA_06292018:CP011646.1_61 (length 687)
plasmid_files/CP011646.1_results/PROKKA_06292018:CP011646.1_62 (length 220)
plasmid_files/CP011646.1_results/PROKKA_06292018:CP011646.1_63 (length 337)
plasmid_files/CP011646.1_results/PROKKA_06292018:CP011646.1_64 (length 213)
plasmid_files/CP011646.1_results/PROKKA_06292018:CP011646.1_65 (length 88)
plasmid_files/CP011646.1_results/PROKKA_06292018:CP011646.1_66 (length 397)
plasmid_files/CP011646.1_results/PROKKA_06292018:CP011646.1_67 (length 209)
plasmid_files/CP011646.1_results/PROKKA_06292018:CP011646.1_68 (length 334)
plasmid_files/CP011646.1_results/PROKKA_06292018:CP011646.1_69 (length 300)
plasmid_files/CP011646.1_results/PROKKA_06292018:CP011646.1_70 (length 491)
plasmid_files/CP011646.1_results/PROKKA_06292018:CP011646.1_71 (length 93)
plasmid_files/CP011646.1_results/PROKKA_06292018:CP011646.1_72 (length 497)
plasmid_files/CP011646.1_results/PROKKA_06292018:CP011646.1_73 (length 157)
plasmid_files/CP011646.1_results/PROKKA_06292018:CP011646.1_74 (length 91)
plasmid_files/CP011646.1_results/PROKKA_06292018:CP011646.1_75 (length 125)
plasmid_files/CP011646.1_results/PROKKA_06292018:CP011646.1_76 (length 84)
plasmid_files/CP011646.1_results/PROKKA_06292018:CP011646.1_77 (length 94)
plasmid_files/CP011646.1_results/PROKKA_06292018:CP011646.1_78 (length 125)
plasmid_files/CP011646.1_results/PROKKA_06292018:CP011646.1_79 (length 187)
plasmid_files/CP011646.1_results/PROKKA_06292018:CP011646.1_80 (length 96)
plasmid_files/CP011646.1_results/PROKKA_06292018:CP011646.1_81 (length 140)
plasmid_files/CP011646.1_results/PROKKA_06292018:CP011646.1_82 (length 262)
plasmid_files/CP011646.1_results/PROKKA_06292018:CP011646.1_83 (length 177)
plasmid_files/CP011646.1_results/PROKKA_06292018:CP011646.1_84 (length 109)
plasmid_files/CP011646.1_results/PROKKA_06292018:CP011646.1_85 (length 293)
plasmid_files/CP011646.1_results/PROKKA_06292018:CP011646.1_86 (length 110)
plasmid_files/CP011646.1_results/PROKKA_06292018:CP011646.1_87 (length 206)
plasmid_files/CP011646.1_results/PROKKA_06292018:CP011646.1_88 (length 88)
plasmid_files/CP011646.1_results/PROKKA_06292018:CP011646.1_89 (length 317)
plasmid_files/CP011646.1_results/PROKKA_06292018:CP011646.1_90 (length 203)
plasmid_files/CP011646.1_results/PROKKA_06292018:CP011646.1_91 (length 92)
plasmid_files/CP011646.1_results/PROKKA_06292018:CP011646.1_92 (length 340)
plasmid_files/CP011646.1_results/PROKKA_06292018:CP011646.1_93 (length 1012)
plasmid_files/CP011646.1_results/PROKKA_06292018:CP011646.1_94 (length 211)
plasmid_files/CP011646.1_results/PROKKA_06292018:CP011646.1_95 (length 283)
plasmid_files/CP011646.1_results/PROKKA_06292018:CP011646.1_96 (length 132)
plasmid_files/CP011646.1_results/PROKKA_06292018:CP011646.1_97 (length 369)
plasmid_files/CP011646.1_results/PROKKA_06292018:CP011646.1_98 (length 91)
plasmid_files/CP011646.1_results/PROKKA_06292018:CP011646.1_99 (length 36)
plasmid_files/CP011646.1_results/PROKKA_06292018:CP011646.1_100 (length 220)
plasmid_files/CP011646.1_results/PROKKA_06292018:CP011646.1_101 (length 493)
plasmid_files/CP011646.1_results/PROKKA_06292018:CP011646.1_102 (length 234)
plasmid_files/CP011646.1_results/PROKKA_06292018:CP011646.1_103 (length 286)
plasmid_files/CP011646.1_results/PROKKA_06292018:CP011646.1_104 (length 135)
plasmid_files/CP011646.1_results/PROKKA_06292018:CP011646.1_105 (length 117)
plasmid_files/CP011646.1_results/PROKKA_06292018:CP011646.1_106 (length 300)
plasmid_files/CP011646.1_results/PROKKA_06292018:CP011646.1_107 (length 89)
plasmid_files/CP011646.1_results/PROKKA_06292018:CP011646.1_108 (length 62)
plasmid_files/CP011646.1_results/PROKKA_06292018:CP011646.1_109 (length 399)
plasmid_files/CP011646.1_results/PROKKA_06292018:CP011646.1_110 (length 177)

DiscRep_ALL:DISC_INCONSISTENT_MOLINFO_TECH::Molinfo Technique Report (some missing, all same)
DiscRep_SUB:DISC_INCONSISTENT_MOLINFO_TECH::technique (all missing)
DiscRep_SUB:DISC_INCONSISTENT_MOLINFO_TECH::1 Molinfos are missing field technique
plasmid_files/CP011646.1_results/PROKKA_06292018:CP011646.1 (length 96702)

