Discrepancy Report Results

Summary
FATAL: MISSING_PROTEIN_ID:49 proteins have invalid IDs.
DISC_SOURCE_QUALS_ASNDISC:strain (all present, all unique)
DISC_SOURCE_QUALS_ASNDISC:taxname (all present, all unique)
DISC_FEATURE_COUNT:CDS: 49 present
DISC_COUNT_NUCLEOTIDES:1 nucleotide Bioseqs are present
FEATURE_LOCATION_CONFLICT:49 features have inconsistent gene locations.
DISC_QUALITY_SCORES:Quality scores are missing on all sequences.
ONCALLER_COMMENT_PRESENT:1 comment descriptors were found (all same)
MISSING_GENOMEASSEMBLY_COMMENTS:1 bioseqs are missing GenomeAssembly structured comments
MOLTYPE_NOT_MRNA:1 molecule types are not set as mRNA.
TECHNIQUE_NOT_TSA:1 technique are not set as TSA
MISSING_STRUCTURED_COMMENT:1 sequences do not include structured comments.
MISSING_PROJECT:50 sequences do not include project.
DISC_INCONSISTENT_MOLINFO_TECH:Molinfo Technique Report (some missing, all same)


Detailed Report

FATAL: DiscRep_ALL:MISSING_PROTEIN_ID::49 proteins have invalid IDs.
plasmid_files/CP010387.1_results/PROKKA_06292018:CP010387.1_1 (length 341)
plasmid_files/CP010387.1_results/PROKKA_06292018:CP010387.1_2 (length 1009)
plasmid_files/CP010387.1_results/PROKKA_06292018:CP010387.1_3 (length 571)
plasmid_files/CP010387.1_results/PROKKA_06292018:CP010387.1_4 (length 302)
plasmid_files/CP010387.1_results/PROKKA_06292018:CP010387.1_5 (length 185)
plasmid_files/CP010387.1_results/PROKKA_06292018:CP010387.1_6 (length 286)
plasmid_files/CP010387.1_results/PROKKA_06292018:CP010387.1_7 (length 53)
plasmid_files/CP010387.1_results/PROKKA_06292018:CP010387.1_8 (length 83)
plasmid_files/CP010387.1_results/PROKKA_06292018:CP010387.1_9 (length 227)
plasmid_files/CP010387.1_results/PROKKA_06292018:CP010387.1_10 (length 147)
plasmid_files/CP010387.1_results/PROKKA_06292018:CP010387.1_11 (length 255)
plasmid_files/CP010387.1_results/PROKKA_06292018:CP010387.1_12 (length 64)
plasmid_files/CP010387.1_results/PROKKA_06292018:CP010387.1_13 (length 129)
plasmid_files/CP010387.1_results/PROKKA_06292018:CP010387.1_14 (length 63)
plasmid_files/CP010387.1_results/PROKKA_06292018:CP010387.1_15 (length 107)
plasmid_files/CP010387.1_results/PROKKA_06292018:CP010387.1_16 (length 82)
plasmid_files/CP010387.1_results/PROKKA_06292018:CP010387.1_17 (length 154)
plasmid_files/CP010387.1_results/PROKKA_06292018:CP010387.1_18 (length 58)
plasmid_files/CP010387.1_results/PROKKA_06292018:CP010387.1_19 (length 122)
plasmid_files/CP010387.1_results/PROKKA_06292018:CP010387.1_20 (length 142)
plasmid_files/CP010387.1_results/PROKKA_06292018:CP010387.1_21 (length 196)
plasmid_files/CP010387.1_results/PROKKA_06292018:CP010387.1_22 (length 152)
plasmid_files/CP010387.1_results/PROKKA_06292018:CP010387.1_23 (length 275)
plasmid_files/CP010387.1_results/PROKKA_06292018:CP010387.1_24 (length 661)
plasmid_files/CP010387.1_results/PROKKA_06292018:CP010387.1_25 (length 237)
plasmid_files/CP010387.1_results/PROKKA_06292018:CP010387.1_26 (length 340)
plasmid_files/CP010387.1_results/PROKKA_06292018:CP010387.1_27 (length 115)
plasmid_files/CP010387.1_results/PROKKA_06292018:CP010387.1_28 (length 78)
plasmid_files/CP010387.1_results/PROKKA_06292018:CP010387.1_29 (length 119)
plasmid_files/CP010387.1_results/PROKKA_06292018:CP010387.1_30 (length 859)
plasmid_files/CP010387.1_results/PROKKA_06292018:CP010387.1_31 (length 270)
plasmid_files/CP010387.1_results/PROKKA_06292018:CP010387.1_32 (length 152)
plasmid_files/CP010387.1_results/PROKKA_06292018:CP010387.1_33 (length 324)
plasmid_files/CP010387.1_results/PROKKA_06292018:CP010387.1_34 (length 241)
plasmid_files/CP010387.1_results/PROKKA_06292018:CP010387.1_35 (length 277)
plasmid_files/CP010387.1_results/PROKKA_06292018:CP010387.1_36 (length 457)
plasmid_files/CP010387.1_results/PROKKA_06292018:CP010387.1_37 (length 178)
plasmid_files/CP010387.1_results/PROKKA_06292018:CP010387.1_38 (length 63)
plasmid_files/CP010387.1_results/PROKKA_06292018:CP010387.1_39 (length 228)
plasmid_files/CP010387.1_results/PROKKA_06292018:CP010387.1_40 (length 116)
plasmid_files/CP010387.1_results/PROKKA_06292018:CP010387.1_41 (length 153)
plasmid_files/CP010387.1_results/PROKKA_06292018:CP010387.1_42 (length 79)
plasmid_files/CP010387.1_results/PROKKA_06292018:CP010387.1_43 (length 297)
plasmid_files/CP010387.1_results/PROKKA_06292018:CP010387.1_44 (length 149)
plasmid_files/CP010387.1_results/PROKKA_06292018:CP010387.1_45 (length 95)
plasmid_files/CP010387.1_results/PROKKA_06292018:CP010387.1_46 (length 715)
plasmid_files/CP010387.1_results/PROKKA_06292018:CP010387.1_47 (length 439)
plasmid_files/CP010387.1_results/PROKKA_06292018:CP010387.1_48 (length 423)
plasmid_files/CP010387.1_results/PROKKA_06292018:CP010387.1_49 (length 171)

DiscRep_ALL:DISC_SOURCE_QUALS_ASNDISC::strain (all present, all unique)
DiscRep_SUB:DISC_SOURCE_QUALS_ASNDISC::1 sources have unique values for strain
DiscRep_ALL:DISC_SOURCE_QUALS_ASNDISC::taxname (all present, all unique)
DiscRep_SUB:DISC_SOURCE_QUALS_ASNDISC::1 sources have unique values for taxname
DiscRep_ALL:DISC_FEATURE_COUNT::CDS: 49 present
DiscRep_ALL:DISC_COUNT_NUCLEOTIDES::1 nucleotide Bioseqs are present
plasmid_files/CP010387.1_results/PROKKA_06292018:CP010387.1 (length 43500)

DiscRep_ALL:FEATURE_LOCATION_CONFLICT::49 features have inconsistent gene locations.
DiscRep_SUB:FEATURE_LOCATION_CONFLICT::Coding region xref gene does not exist
plasmid_files/CP010387.1_results/PROKKA_06292018:CDS	hypothetical protein	CP010387.1:c1220-195	DIMBGKDO_00001

DiscRep_SUB:FEATURE_LOCATION_CONFLICT::Coding region xref gene does not exist
plasmid_files/CP010387.1_results/PROKKA_06292018:CDS	hypothetical protein	CP010387.1:c4356-1327	DIMBGKDO_00002

DiscRep_SUB:FEATURE_LOCATION_CONFLICT::Coding region xref gene does not exist
plasmid_files/CP010387.1_results/PROKKA_06292018:CDS	Tyrosine recombinase XerD	CP010387.1:4466-6181	DIMBGKDO_00003

DiscRep_SUB:FEATURE_LOCATION_CONFLICT::Coding region xref gene does not exist
plasmid_files/CP010387.1_results/PROKKA_06292018:CDS	hypothetical protein	CP010387.1:c7132-6224	DIMBGKDO_00004

DiscRep_SUB:FEATURE_LOCATION_CONFLICT::Coding region xref gene does not exist
plasmid_files/CP010387.1_results/PROKKA_06292018:CDS	Transposon Tn3 resolvase	CP010387.1:7296-7853	DIMBGKDO_00005

DiscRep_SUB:FEATURE_LOCATION_CONFLICT::Coding region xref gene does not exist
plasmid_files/CP010387.1_results/PROKKA_06292018:CDS	Beta-lactamase TEM	CP010387.1:8036-8896	DIMBGKDO_00006

DiscRep_SUB:FEATURE_LOCATION_CONFLICT::Coding region xref gene does not exist
plasmid_files/CP010387.1_results/PROKKA_06292018:CDS	hypothetical protein	CP010387.1:c9168-9007	DIMBGKDO_00007

DiscRep_SUB:FEATURE_LOCATION_CONFLICT::Coding region xref gene does not exist
plasmid_files/CP010387.1_results/PROKKA_06292018:CDS	hypothetical protein	CP010387.1:c9495-9244	DIMBGKDO_00008

DiscRep_SUB:FEATURE_LOCATION_CONFLICT::Coding region xref gene does not exist
plasmid_files/CP010387.1_results/PROKKA_06292018:CDS	hypothetical protein	CP010387.1:c10269-9586	DIMBGKDO_00009

DiscRep_SUB:FEATURE_LOCATION_CONFLICT::Coding region xref gene does not exist
plasmid_files/CP010387.1_results/PROKKA_06292018:CDS	hypothetical protein	CP010387.1:c10839-10396	DIMBGKDO_00010

DiscRep_SUB:FEATURE_LOCATION_CONFLICT::Coding region xref gene does not exist
plasmid_files/CP010387.1_results/PROKKA_06292018:CDS	Tyrosine recombinase XerD	CP010387.1:c11843-11076	DIMBGKDO_00011

DiscRep_SUB:FEATURE_LOCATION_CONFLICT::Coding region xref gene does not exist
plasmid_files/CP010387.1_results/PROKKA_06292018:CDS	hypothetical protein	CP010387.1:c12353-12159	DIMBGKDO_00012

DiscRep_SUB:FEATURE_LOCATION_CONFLICT::Coding region xref gene does not exist
plasmid_files/CP010387.1_results/PROKKA_06292018:CDS	hypothetical protein	CP010387.1:12459-12848	DIMBGKDO_00013

DiscRep_SUB:FEATURE_LOCATION_CONFLICT::Coding region xref gene does not exist
plasmid_files/CP010387.1_results/PROKKA_06292018:CDS	hypothetical protein	CP010387.1:c13290-13099	DIMBGKDO_00014

DiscRep_SUB:FEATURE_LOCATION_CONFLICT::Coding region xref gene does not exist
plasmid_files/CP010387.1_results/PROKKA_06292018:CDS	hypothetical protein	CP010387.1:c13774-13451	DIMBGKDO_00015

DiscRep_SUB:FEATURE_LOCATION_CONFLICT::Coding region xref gene does not exist
plasmid_files/CP010387.1_results/PROKKA_06292018:CDS	hypothetical protein	CP010387.1:c14022-13774	DIMBGKDO_00016

DiscRep_SUB:FEATURE_LOCATION_CONFLICT::Coding region xref gene does not exist
plasmid_files/CP010387.1_results/PROKKA_06292018:CDS	Thermonuclease	CP010387.1:c14584-14120	DIMBGKDO_00017

DiscRep_SUB:FEATURE_LOCATION_CONFLICT::Coding region xref gene does not exist
plasmid_files/CP010387.1_results/PROKKA_06292018:CDS	hypothetical protein	CP010387.1:c14760-14584	DIMBGKDO_00018

DiscRep_SUB:FEATURE_LOCATION_CONFLICT::Coding region xref gene does not exist
plasmid_files/CP010387.1_results/PROKKA_06292018:CDS	hypothetical protein	CP010387.1:14984-15352	DIMBGKDO_00019

DiscRep_SUB:FEATURE_LOCATION_CONFLICT::Coding region xref gene does not exist
plasmid_files/CP010387.1_results/PROKKA_06292018:CDS	Antirestriction protein KlcA	CP010387.1:15525-15953	DIMBGKDO_00020

DiscRep_SUB:FEATURE_LOCATION_CONFLICT::Coding region xref gene does not exist
plasmid_files/CP010387.1_results/PROKKA_06292018:CDS	hypothetical protein	CP010387.1:c16575-15985	DIMBGKDO_00021

DiscRep_SUB:FEATURE_LOCATION_CONFLICT::Coding region xref gene does not exist
plasmid_files/CP010387.1_results/PROKKA_06292018:CDS	hypothetical protein	CP010387.1:c17017-16559	DIMBGKDO_00022

DiscRep_SUB:FEATURE_LOCATION_CONFLICT::Coding region xref gene does not exist
plasmid_files/CP010387.1_results/PROKKA_06292018:CDS	hypothetical protein	CP010387.1:c17841-17014	DIMBGKDO_00023

DiscRep_SUB:FEATURE_LOCATION_CONFLICT::Coding region xref gene does not exist
plasmid_files/CP010387.1_results/PROKKA_06292018:CDS	hypothetical protein	CP010387.1:c19829-17844	DIMBGKDO_00024

DiscRep_SUB:FEATURE_LOCATION_CONFLICT::Coding region xref gene does not exist
plasmid_files/CP010387.1_results/PROKKA_06292018:CDS	hypothetical protein	CP010387.1:20861-21574	DIMBGKDO_00025

DiscRep_SUB:FEATURE_LOCATION_CONFLICT::Coding region xref gene does not exist
plasmid_files/CP010387.1_results/PROKKA_06292018:CDS	Type IV secretion system protein VirB11	CP010387.1:21589-22611	DIMBGKDO_00026

DiscRep_SUB:FEATURE_LOCATION_CONFLICT::Coding region xref gene does not exist
plasmid_files/CP010387.1_results/PROKKA_06292018:CDS	hypothetical protein	CP010387.1:c23161-22814	DIMBGKDO_00027

DiscRep_SUB:FEATURE_LOCATION_CONFLICT::Coding region xref gene does not exist
plasmid_files/CP010387.1_results/PROKKA_06292018:CDS	hypothetical protein	CP010387.1:c23462-23226	DIMBGKDO_00028

DiscRep_SUB:FEATURE_LOCATION_CONFLICT::Coding region xref gene does not exist
plasmid_files/CP010387.1_results/PROKKA_06292018:CDS	hypothetical protein	CP010387.1:23592-23951	DIMBGKDO_00029

DiscRep_SUB:FEATURE_LOCATION_CONFLICT::Coding region xref gene does not exist
plasmid_files/CP010387.1_results/PROKKA_06292018:CDS	Type IV secretion system protein virB4	CP010387.1:23963-26542	DIMBGKDO_00030

DiscRep_SUB:FEATURE_LOCATION_CONFLICT::Coding region xref gene does not exist
plasmid_files/CP010387.1_results/PROKKA_06292018:CDS	hypothetical protein	CP010387.1:26539-27351	DIMBGKDO_00031

DiscRep_SUB:FEATURE_LOCATION_CONFLICT::Coding region xref gene does not exist
plasmid_files/CP010387.1_results/PROKKA_06292018:CDS	hypothetical protein	CP010387.1:27351-27809	DIMBGKDO_00032

DiscRep_SUB:FEATURE_LOCATION_CONFLICT::Coding region xref gene does not exist
plasmid_files/CP010387.1_results/PROKKA_06292018:CDS	hypothetical protein	CP010387.1:27855-28829	DIMBGKDO_00033

DiscRep_SUB:FEATURE_LOCATION_CONFLICT::Coding region xref gene does not exist
plasmid_files/CP010387.1_results/PROKKA_06292018:CDS	hypothetical protein	CP010387.1:28840-29565	DIMBGKDO_00034

DiscRep_SUB:FEATURE_LOCATION_CONFLICT::Coding region xref gene does not exist
plasmid_files/CP010387.1_results/PROKKA_06292018:CDS	hypothetical protein	CP010387.1:29570-30403	DIMBGKDO_00035

DiscRep_SUB:FEATURE_LOCATION_CONFLICT::Coding region xref gene does not exist
plasmid_files/CP010387.1_results/PROKKA_06292018:CDS	hypothetical protein	CP010387.1:30406-31779	DIMBGKDO_00036

DiscRep_SUB:FEATURE_LOCATION_CONFLICT::Coding region xref gene does not exist
plasmid_files/CP010387.1_results/PROKKA_06292018:CDS	hypothetical protein	CP010387.1:31760-32296	DIMBGKDO_00037

DiscRep_SUB:FEATURE_LOCATION_CONFLICT::Coding region xref gene does not exist
plasmid_files/CP010387.1_results/PROKKA_06292018:CDS	hypothetical protein	CP010387.1:32302-32493	DIMBGKDO_00038

DiscRep_SUB:FEATURE_LOCATION_CONFLICT::Coding region xref gene does not exist
plasmid_files/CP010387.1_results/PROKKA_06292018:CDS	Soluble lytic murein transglycosylase	CP010387.1:32490-33176	DIMBGKDO_00039

DiscRep_SUB:FEATURE_LOCATION_CONFLICT::Coding region xref gene does not exist
plasmid_files/CP010387.1_results/PROKKA_06292018:CDS	hypothetical protein	CP010387.1:33177-33527	DIMBGKDO_00040

DiscRep_SUB:FEATURE_LOCATION_CONFLICT::Coding region xref gene does not exist
plasmid_files/CP010387.1_results/PROKKA_06292018:CDS	Single-stranded DNA-binding protein	CP010387.1:33569-34030	DIMBGKDO_00041

DiscRep_SUB:FEATURE_LOCATION_CONFLICT::Coding region xref gene does not exist
plasmid_files/CP010387.1_results/PROKKA_06292018:CDS	hypothetical protein	CP010387.1:34246-34485	DIMBGKDO_00042

DiscRep_SUB:FEATURE_LOCATION_CONFLICT::Coding region xref gene does not exist
plasmid_files/CP010387.1_results/PROKKA_06292018:CDS	hypothetical protein	CP010387.1:34890-35783	DIMBGKDO_00043

DiscRep_SUB:FEATURE_LOCATION_CONFLICT::Coding region xref gene does not exist
plasmid_files/CP010387.1_results/PROKKA_06292018:CDS	hypothetical protein	CP010387.1:c36890-36441	DIMBGKDO_00044

DiscRep_SUB:FEATURE_LOCATION_CONFLICT::Coding region xref gene does not exist
plasmid_files/CP010387.1_results/PROKKA_06292018:CDS	hypothetical protein	CP010387.1:c37256-36969	DIMBGKDO_00045

DiscRep_SUB:FEATURE_LOCATION_CONFLICT::Coding region xref gene does not exist
plasmid_files/CP010387.1_results/PROKKA_06292018:CDS	hypothetical protein	CP010387.1:c39763-37616	DIMBGKDO_00046

DiscRep_SUB:FEATURE_LOCATION_CONFLICT::Coding region xref gene does not exist
plasmid_files/CP010387.1_results/PROKKA_06292018:CDS	hypothetical protein	CP010387.1:40082-41401	DIMBGKDO_00047

DiscRep_SUB:FEATURE_LOCATION_CONFLICT::Coding region xref gene does not exist
plasmid_files/CP010387.1_results/PROKKA_06292018:CDS	Carbapenem-hydrolyzing beta-lactamase KPC	CP010387.1:c42922-41651	DIMBGKDO_00048

DiscRep_SUB:FEATURE_LOCATION_CONFLICT::Coding region xref gene does not exist
plasmid_files/CP010387.1_results/PROKKA_06292018:CDS	Insertion sequence IS5376 putative ATP-binding protein	CP010387.1:c43434-42919	DIMBGKDO_00049

DiscRep_ALL:DISC_QUALITY_SCORES::Quality scores are missing on all sequences.

DiscRep_ALL:ONCALLER_COMMENT_PRESENT::1 comment descriptors were found (all same)
plasmid_files/CP010387.1_results/PROKKA_06292018:CP010387.1:Annotated using prokka 1.14-dev from https://github.com/tseemann/prokka

DiscRep_ALL:MISSING_GENOMEASSEMBLY_COMMENTS::1 bioseqs are missing GenomeAssembly structured comments
plasmid_files/CP010387.1_results/PROKKA_06292018:CP010387.1 (length 43500)

DiscRep_ALL:MOLTYPE_NOT_MRNA::1 molecule types are not set as mRNA.
plasmid_files/CP010387.1_results/PROKKA_06292018:CP010387.1 (length 43500)

DiscRep_ALL:TECHNIQUE_NOT_TSA::1 technique are not set as TSA
plasmid_files/CP010387.1_results/PROKKA_06292018:CP010387.1 (length 43500)

DiscRep_ALL:MISSING_STRUCTURED_COMMENT::1 sequences do not include structured comments.
plasmid_files/CP010387.1_results/PROKKA_06292018:CP010387.1 (length 43500)

DiscRep_ALL:MISSING_PROJECT::50 sequences do not include project.
plasmid_files/CP010387.1_results/PROKKA_06292018:CP010387.1 (length 43500)
plasmid_files/CP010387.1_results/PROKKA_06292018:CP010387.1_1 (length 341)
plasmid_files/CP010387.1_results/PROKKA_06292018:CP010387.1_2 (length 1009)
plasmid_files/CP010387.1_results/PROKKA_06292018:CP010387.1_3 (length 571)
plasmid_files/CP010387.1_results/PROKKA_06292018:CP010387.1_4 (length 302)
plasmid_files/CP010387.1_results/PROKKA_06292018:CP010387.1_5 (length 185)
plasmid_files/CP010387.1_results/PROKKA_06292018:CP010387.1_6 (length 286)
plasmid_files/CP010387.1_results/PROKKA_06292018:CP010387.1_7 (length 53)
plasmid_files/CP010387.1_results/PROKKA_06292018:CP010387.1_8 (length 83)
plasmid_files/CP010387.1_results/PROKKA_06292018:CP010387.1_9 (length 227)
plasmid_files/CP010387.1_results/PROKKA_06292018:CP010387.1_10 (length 147)
plasmid_files/CP010387.1_results/PROKKA_06292018:CP010387.1_11 (length 255)
plasmid_files/CP010387.1_results/PROKKA_06292018:CP010387.1_12 (length 64)
plasmid_files/CP010387.1_results/PROKKA_06292018:CP010387.1_13 (length 129)
plasmid_files/CP010387.1_results/PROKKA_06292018:CP010387.1_14 (length 63)
plasmid_files/CP010387.1_results/PROKKA_06292018:CP010387.1_15 (length 107)
plasmid_files/CP010387.1_results/PROKKA_06292018:CP010387.1_16 (length 82)
plasmid_files/CP010387.1_results/PROKKA_06292018:CP010387.1_17 (length 154)
plasmid_files/CP010387.1_results/PROKKA_06292018:CP010387.1_18 (length 58)
plasmid_files/CP010387.1_results/PROKKA_06292018:CP010387.1_19 (length 122)
plasmid_files/CP010387.1_results/PROKKA_06292018:CP010387.1_20 (length 142)
plasmid_files/CP010387.1_results/PROKKA_06292018:CP010387.1_21 (length 196)
plasmid_files/CP010387.1_results/PROKKA_06292018:CP010387.1_22 (length 152)
plasmid_files/CP010387.1_results/PROKKA_06292018:CP010387.1_23 (length 275)
plasmid_files/CP010387.1_results/PROKKA_06292018:CP010387.1_24 (length 661)
plasmid_files/CP010387.1_results/PROKKA_06292018:CP010387.1_25 (length 237)
plasmid_files/CP010387.1_results/PROKKA_06292018:CP010387.1_26 (length 340)
plasmid_files/CP010387.1_results/PROKKA_06292018:CP010387.1_27 (length 115)
plasmid_files/CP010387.1_results/PROKKA_06292018:CP010387.1_28 (length 78)
plasmid_files/CP010387.1_results/PROKKA_06292018:CP010387.1_29 (length 119)
plasmid_files/CP010387.1_results/PROKKA_06292018:CP010387.1_30 (length 859)
plasmid_files/CP010387.1_results/PROKKA_06292018:CP010387.1_31 (length 270)
plasmid_files/CP010387.1_results/PROKKA_06292018:CP010387.1_32 (length 152)
plasmid_files/CP010387.1_results/PROKKA_06292018:CP010387.1_33 (length 324)
plasmid_files/CP010387.1_results/PROKKA_06292018:CP010387.1_34 (length 241)
plasmid_files/CP010387.1_results/PROKKA_06292018:CP010387.1_35 (length 277)
plasmid_files/CP010387.1_results/PROKKA_06292018:CP010387.1_36 (length 457)
plasmid_files/CP010387.1_results/PROKKA_06292018:CP010387.1_37 (length 178)
plasmid_files/CP010387.1_results/PROKKA_06292018:CP010387.1_38 (length 63)
plasmid_files/CP010387.1_results/PROKKA_06292018:CP010387.1_39 (length 228)
plasmid_files/CP010387.1_results/PROKKA_06292018:CP010387.1_40 (length 116)
plasmid_files/CP010387.1_results/PROKKA_06292018:CP010387.1_41 (length 153)
plasmid_files/CP010387.1_results/PROKKA_06292018:CP010387.1_42 (length 79)
plasmid_files/CP010387.1_results/PROKKA_06292018:CP010387.1_43 (length 297)
plasmid_files/CP010387.1_results/PROKKA_06292018:CP010387.1_44 (length 149)
plasmid_files/CP010387.1_results/PROKKA_06292018:CP010387.1_45 (length 95)
plasmid_files/CP010387.1_results/PROKKA_06292018:CP010387.1_46 (length 715)
plasmid_files/CP010387.1_results/PROKKA_06292018:CP010387.1_47 (length 439)
plasmid_files/CP010387.1_results/PROKKA_06292018:CP010387.1_48 (length 423)
plasmid_files/CP010387.1_results/PROKKA_06292018:CP010387.1_49 (length 171)

DiscRep_ALL:DISC_INCONSISTENT_MOLINFO_TECH::Molinfo Technique Report (some missing, all same)
DiscRep_SUB:DISC_INCONSISTENT_MOLINFO_TECH::technique (all missing)
DiscRep_SUB:DISC_INCONSISTENT_MOLINFO_TECH::1 Molinfos are missing field technique
plasmid_files/CP010387.1_results/PROKKA_06292018:CP010387.1 (length 43500)

