Discrepancy Report Results

Summary
FATAL: MISSING_PROTEIN_ID:6 proteins have invalid IDs.
DISC_SOURCE_QUALS_ASNDISC:strain (all present, all unique)
DISC_SOURCE_QUALS_ASNDISC:taxname (all present, all unique)
DISC_FEATURE_COUNT:CDS: 6 present
DISC_COUNT_NUCLEOTIDES:1 nucleotide Bioseqs are present
FEATURE_LOCATION_CONFLICT:6 features have inconsistent gene locations.
DISC_QUALITY_SCORES:Quality scores are missing on all sequences.
ONCALLER_COMMENT_PRESENT:1 comment descriptors were found (all same)
MISSING_GENOMEASSEMBLY_COMMENTS:1 bioseqs are missing GenomeAssembly structured comments
MOLTYPE_NOT_MRNA:1 molecule types are not set as mRNA.
TECHNIQUE_NOT_TSA:1 technique are not set as TSA
MISSING_STRUCTURED_COMMENT:1 sequences do not include structured comments.
MISSING_PROJECT:7 sequences do not include project.
DISC_INCONSISTENT_MOLINFO_TECH:Molinfo Technique Report (some missing, all same)


Detailed Report

FATAL: DiscRep_ALL:MISSING_PROTEIN_ID::6 proteins have invalid IDs.
plasmid_files/KR052098.1_results/PROKKA_06292018:KR052098.1_1 (length 571)
plasmid_files/KR052098.1_results/PROKKA_06292018:KR052098.1_2 (length 1009)
plasmid_files/KR052098.1_results/PROKKA_06292018:KR052098.1_3 (length 341)
plasmid_files/KR052098.1_results/PROKKA_06292018:KR052098.1_4 (length 259)
plasmid_files/KR052098.1_results/PROKKA_06292018:KR052098.1_5 (length 293)
plasmid_files/KR052098.1_results/PROKKA_06292018:KR052098.1_6 (length 439)

DiscRep_ALL:DISC_SOURCE_QUALS_ASNDISC::strain (all present, all unique)
DiscRep_SUB:DISC_SOURCE_QUALS_ASNDISC::1 sources have unique values for strain
DiscRep_ALL:DISC_SOURCE_QUALS_ASNDISC::taxname (all present, all unique)
DiscRep_SUB:DISC_SOURCE_QUALS_ASNDISC::1 sources have unique values for taxname
DiscRep_ALL:DISC_FEATURE_COUNT::CDS: 6 present
DiscRep_ALL:DISC_COUNT_NUCLEOTIDES::1 nucleotide Bioseqs are present
plasmid_files/KR052098.1_results/PROKKA_06292018:KR052098.1 (length 9941)

DiscRep_ALL:FEATURE_LOCATION_CONFLICT::6 features have inconsistent gene locations.
DiscRep_SUB:FEATURE_LOCATION_CONFLICT::Coding region xref gene does not exist
plasmid_files/KR052098.1_results/PROKKA_06292018:CDS	Tyrosine recombinase XerD	KR052098.1:c1893-178	MKJDINGK_00001

DiscRep_SUB:FEATURE_LOCATION_CONFLICT::Coding region xref gene does not exist
plasmid_files/KR052098.1_results/PROKKA_06292018:CDS	hypothetical protein	KR052098.1:2003-5032	MKJDINGK_00002

DiscRep_SUB:FEATURE_LOCATION_CONFLICT::Coding region xref gene does not exist
plasmid_files/KR052098.1_results/PROKKA_06292018:CDS	hypothetical protein	KR052098.1:5139-6164	MKJDINGK_00003

DiscRep_SUB:FEATURE_LOCATION_CONFLICT::Coding region xref gene does not exist
plasmid_files/KR052098.1_results/PROKKA_06292018:CDS	Insertion sequence IS5376 putative ATP-binding protein	KR052098.1:6161-6940	MKJDINGK_00004

DiscRep_SUB:FEATURE_LOCATION_CONFLICT::Coding region xref gene does not exist
plasmid_files/KR052098.1_results/PROKKA_06292018:CDS	Carbapenem-hydrolyzing beta-lactamase KPC	KR052098.1:7228-8109	MKJDINGK_00005

DiscRep_SUB:FEATURE_LOCATION_CONFLICT::Coding region xref gene does not exist
plasmid_files/KR052098.1_results/PROKKA_06292018:CDS	hypothetical protein	KR052098.1:c9678-8359	MKJDINGK_00006

DiscRep_ALL:DISC_QUALITY_SCORES::Quality scores are missing on all sequences.

DiscRep_ALL:ONCALLER_COMMENT_PRESENT::1 comment descriptors were found (all same)
plasmid_files/KR052098.1_results/PROKKA_06292018:KR052098.1:Annotated using prokka 1.14-dev from https://github.com/tseemann/prokka

DiscRep_ALL:MISSING_GENOMEASSEMBLY_COMMENTS::1 bioseqs are missing GenomeAssembly structured comments
plasmid_files/KR052098.1_results/PROKKA_06292018:KR052098.1 (length 9941)

DiscRep_ALL:MOLTYPE_NOT_MRNA::1 molecule types are not set as mRNA.
plasmid_files/KR052098.1_results/PROKKA_06292018:KR052098.1 (length 9941)

DiscRep_ALL:TECHNIQUE_NOT_TSA::1 technique are not set as TSA
plasmid_files/KR052098.1_results/PROKKA_06292018:KR052098.1 (length 9941)

DiscRep_ALL:MISSING_STRUCTURED_COMMENT::1 sequences do not include structured comments.
plasmid_files/KR052098.1_results/PROKKA_06292018:KR052098.1 (length 9941)

DiscRep_ALL:MISSING_PROJECT::7 sequences do not include project.
plasmid_files/KR052098.1_results/PROKKA_06292018:KR052098.1 (length 9941)
plasmid_files/KR052098.1_results/PROKKA_06292018:KR052098.1_1 (length 571)
plasmid_files/KR052098.1_results/PROKKA_06292018:KR052098.1_2 (length 1009)
plasmid_files/KR052098.1_results/PROKKA_06292018:KR052098.1_3 (length 341)
plasmid_files/KR052098.1_results/PROKKA_06292018:KR052098.1_4 (length 259)
plasmid_files/KR052098.1_results/PROKKA_06292018:KR052098.1_5 (length 293)
plasmid_files/KR052098.1_results/PROKKA_06292018:KR052098.1_6 (length 439)

DiscRep_ALL:DISC_INCONSISTENT_MOLINFO_TECH::Molinfo Technique Report (some missing, all same)
DiscRep_SUB:DISC_INCONSISTENT_MOLINFO_TECH::technique (all missing)
DiscRep_SUB:DISC_INCONSISTENT_MOLINFO_TECH::1 Molinfos are missing field technique
plasmid_files/KR052098.1_results/PROKKA_06292018:KR052098.1 (length 9941)

