Discrepancy Report Results

Summary
FATAL: MISSING_PROTEIN_ID:89 proteins have invalid IDs.
DISC_SOURCE_QUALS_ASNDISC:strain (all present, all unique)
DISC_SOURCE_QUALS_ASNDISC:taxname (all present, all unique)
DISC_FEATURE_COUNT:CDS: 89 present
DISC_COUNT_NUCLEOTIDES:1 nucleotide Bioseqs are present
FEATURE_LOCATION_CONFLICT:89 features have inconsistent gene locations.
SUSPECT_PRODUCT_NAMES:1 product_names contain suspect phrase or characters
	May contain database identifier more appropriate in note; remove from product name
		1 features Three or more numbers together
DISC_QUALITY_SCORES:Quality scores are missing on all sequences.
ONCALLER_COMMENT_PRESENT:1 comment descriptors were found (all same)
SHORT_PROT_SEQUENCES:1 protein sequences are shorter than 50 aa.
MISSING_GENOMEASSEMBLY_COMMENTS:1 bioseqs are missing GenomeAssembly structured comments
MOLTYPE_NOT_MRNA:1 molecule types are not set as mRNA.
TECHNIQUE_NOT_TSA:1 technique are not set as TSA
MISSING_STRUCTURED_COMMENT:1 sequences do not include structured comments.
MISSING_PROJECT:90 sequences do not include project.
DISC_INCONSISTENT_MOLINFO_TECH:Molinfo Technique Report (some missing, all same)


Detailed Report

FATAL: DiscRep_ALL:MISSING_PROTEIN_ID::89 proteins have invalid IDs.
plasmid_files/CP026204.1_results/PROKKA_06292018:CP026204.1_1 (length 67)
plasmid_files/CP026204.1_results/PROKKA_06292018:CP026204.1_2 (length 112)
plasmid_files/CP026204.1_results/PROKKA_06292018:CP026204.1_3 (length 131)
plasmid_files/CP026204.1_results/PROKKA_06292018:CP026204.1_4 (length 611)
plasmid_files/CP026204.1_results/PROKKA_06292018:CP026204.1_5 (length 347)
plasmid_files/CP026204.1_results/PROKKA_06292018:CP026204.1_6 (length 403)
plasmid_files/CP026204.1_results/PROKKA_06292018:CP026204.1_7 (length 309)
plasmid_files/CP026204.1_results/PROKKA_06292018:CP026204.1_8 (length 242)
plasmid_files/CP026204.1_results/PROKKA_06292018:CP026204.1_9 (length 351)
plasmid_files/CP026204.1_results/PROKKA_06292018:CP026204.1_10 (length 84)
plasmid_files/CP026204.1_results/PROKKA_06292018:CP026204.1_11 (length 244)
plasmid_files/CP026204.1_results/PROKKA_06292018:CP026204.1_12 (length 919)
plasmid_files/CP026204.1_results/PROKKA_06292018:CP026204.1_13 (length 96)
plasmid_files/CP026204.1_results/PROKKA_06292018:CP026204.1_14 (length 214)
plasmid_files/CP026204.1_results/PROKKA_06292018:CP026204.1_15 (length 75)
plasmid_files/CP026204.1_results/PROKKA_06292018:CP026204.1_16 (length 163)
plasmid_files/CP026204.1_results/PROKKA_06292018:CP026204.1_17 (length 386)
plasmid_files/CP026204.1_results/PROKKA_06292018:CP026204.1_18 (length 182)
plasmid_files/CP026204.1_results/PROKKA_06292018:CP026204.1_19 (length 85)
plasmid_files/CP026204.1_results/PROKKA_06292018:CP026204.1_20 (length 49)
plasmid_files/CP026204.1_results/PROKKA_06292018:CP026204.1_21 (length 113)
plasmid_files/CP026204.1_results/PROKKA_06292018:CP026204.1_22 (length 79)
plasmid_files/CP026204.1_results/PROKKA_06292018:CP026204.1_23 (length 88)
plasmid_files/CP026204.1_results/PROKKA_06292018:CP026204.1_24 (length 180)
plasmid_files/CP026204.1_results/PROKKA_06292018:CP026204.1_25 (length 171)
plasmid_files/CP026204.1_results/PROKKA_06292018:CP026204.1_26 (length 300)
plasmid_files/CP026204.1_results/PROKKA_06292018:CP026204.1_27 (length 147)
plasmid_files/CP026204.1_results/PROKKA_06292018:CP026204.1_28 (length 118)
plasmid_files/CP026204.1_results/PROKKA_06292018:CP026204.1_29 (length 325)
plasmid_files/CP026204.1_results/PROKKA_06292018:CP026204.1_30 (length 93)
plasmid_files/CP026204.1_results/PROKKA_06292018:CP026204.1_31 (length 220)
plasmid_files/CP026204.1_results/PROKKA_06292018:CP026204.1_32 (length 215)
plasmid_files/CP026204.1_results/PROKKA_06292018:CP026204.1_33 (length 234)
plasmid_files/CP026204.1_results/PROKKA_06292018:CP026204.1_34 (length 172)
plasmid_files/CP026204.1_results/PROKKA_06292018:CP026204.1_35 (length 124)
plasmid_files/CP026204.1_results/PROKKA_06292018:CP026204.1_36 (length 326)
plasmid_files/CP026204.1_results/PROKKA_06292018:CP026204.1_37 (length 81)
plasmid_files/CP026204.1_results/PROKKA_06292018:CP026204.1_38 (length 88)
plasmid_files/CP026204.1_results/PROKKA_06292018:CP026204.1_39 (length 93)
plasmid_files/CP026204.1_results/PROKKA_06292018:CP026204.1_40 (length 90)
plasmid_files/CP026204.1_results/PROKKA_06292018:CP026204.1_41 (length 248)
plasmid_files/CP026204.1_results/PROKKA_06292018:CP026204.1_42 (length 200)
plasmid_files/CP026204.1_results/PROKKA_06292018:CP026204.1_43 (length 156)
plasmid_files/CP026204.1_results/PROKKA_06292018:CP026204.1_44 (length 496)
plasmid_files/CP026204.1_results/PROKKA_06292018:CP026204.1_45 (length 285)
plasmid_files/CP026204.1_results/PROKKA_06292018:CP026204.1_46 (length 110)
plasmid_files/CP026204.1_results/PROKKA_06292018:CP026204.1_47 (length 206)
plasmid_files/CP026204.1_results/PROKKA_06292018:CP026204.1_48 (length 86)
plasmid_files/CP026204.1_results/PROKKA_06292018:CP026204.1_49 (length 103)
plasmid_files/CP026204.1_results/PROKKA_06292018:CP026204.1_50 (length 1026)
plasmid_files/CP026204.1_results/PROKKA_06292018:CP026204.1_51 (length 134)
plasmid_files/CP026204.1_results/PROKKA_06292018:CP026204.1_52 (length 357)
plasmid_files/CP026204.1_results/PROKKA_06292018:CP026204.1_53 (length 1002)
plasmid_files/CP026204.1_results/PROKKA_06292018:CP026204.1_54 (length 188)
plasmid_files/CP026204.1_results/PROKKA_06292018:CP026204.1_55 (length 235)
plasmid_files/CP026204.1_results/PROKKA_06292018:CP026204.1_56 (length 87)
plasmid_files/CP026204.1_results/PROKKA_06292018:CP026204.1_57 (length 255)
plasmid_files/CP026204.1_results/PROKKA_06292018:CP026204.1_58 (length 183)
plasmid_files/CP026204.1_results/PROKKA_06292018:CP026204.1_59 (length 439)
plasmid_files/CP026204.1_results/PROKKA_06292018:CP026204.1_60 (length 293)
plasmid_files/CP026204.1_results/PROKKA_06292018:CP026204.1_61 (length 234)
plasmid_files/CP026204.1_results/PROKKA_06292018:CP026204.1_62 (length 1026)
plasmid_files/CP026204.1_results/PROKKA_06292018:CP026204.1_63 (length 96)
plasmid_files/CP026204.1_results/PROKKA_06292018:CP026204.1_64 (length 143)
plasmid_files/CP026204.1_results/PROKKA_06292018:CP026204.1_65 (length 337)
plasmid_files/CP026204.1_results/PROKKA_06292018:CP026204.1_66 (length 55)
plasmid_files/CP026204.1_results/PROKKA_06292018:CP026204.1_67 (length 322)
plasmid_files/CP026204.1_results/PROKKA_06292018:CP026204.1_68 (length 234)
plasmid_files/CP026204.1_results/PROKKA_06292018:CP026204.1_69 (length 179)
plasmid_files/CP026204.1_results/PROKKA_06292018:CP026204.1_70 (length 147)
plasmid_files/CP026204.1_results/PROKKA_06292018:CP026204.1_71 (length 259)
plasmid_files/CP026204.1_results/PROKKA_06292018:CP026204.1_72 (length 231)
plasmid_files/CP026204.1_results/PROKKA_06292018:CP026204.1_73 (length 100)
plasmid_files/CP026204.1_results/PROKKA_06292018:CP026204.1_74 (length 206)
plasmid_files/CP026204.1_results/PROKKA_06292018:CP026204.1_75 (length 75)
plasmid_files/CP026204.1_results/PROKKA_06292018:CP026204.1_76 (length 94)
plasmid_files/CP026204.1_results/PROKKA_06292018:CP026204.1_77 (length 80)
plasmid_files/CP026204.1_results/PROKKA_06292018:CP026204.1_78 (length 80)
plasmid_files/CP026204.1_results/PROKKA_06292018:CP026204.1_79 (length 86)
plasmid_files/CP026204.1_results/PROKKA_06292018:CP026204.1_80 (length 272)
plasmid_files/CP026204.1_results/PROKKA_06292018:CP026204.1_81 (length 77)
plasmid_files/CP026204.1_results/PROKKA_06292018:CP026204.1_82 (length 89)
plasmid_files/CP026204.1_results/PROKKA_06292018:CP026204.1_83 (length 151)
plasmid_files/CP026204.1_results/PROKKA_06292018:CP026204.1_84 (length 69)
plasmid_files/CP026204.1_results/PROKKA_06292018:CP026204.1_85 (length 773)
plasmid_files/CP026204.1_results/PROKKA_06292018:CP026204.1_86 (length 218)
plasmid_files/CP026204.1_results/PROKKA_06292018:CP026204.1_87 (length 218)
plasmid_files/CP026204.1_results/PROKKA_06292018:CP026204.1_88 (length 257)
plasmid_files/CP026204.1_results/PROKKA_06292018:CP026204.1_89 (length 156)

DiscRep_ALL:DISC_SOURCE_QUALS_ASNDISC::strain (all present, all unique)
DiscRep_SUB:DISC_SOURCE_QUALS_ASNDISC::1 sources have unique values for strain
DiscRep_ALL:DISC_SOURCE_QUALS_ASNDISC::taxname (all present, all unique)
DiscRep_SUB:DISC_SOURCE_QUALS_ASNDISC::1 sources have unique values for taxname
DiscRep_ALL:DISC_FEATURE_COUNT::CDS: 89 present
DiscRep_ALL:DISC_COUNT_NUCLEOTIDES::1 nucleotide Bioseqs are present
plasmid_files/CP026204.1_results/PROKKA_06292018:CP026204.1 (length 76500)

DiscRep_ALL:FEATURE_LOCATION_CONFLICT::89 features have inconsistent gene locations.
DiscRep_SUB:FEATURE_LOCATION_CONFLICT::Coding region xref gene does not exist
plasmid_files/CP026204.1_results/PROKKA_06292018:CDS	hypothetical protein	CP026204.1:c504-301	OFOKFBKH_00001

DiscRep_SUB:FEATURE_LOCATION_CONFLICT::Coding region xref gene does not exist
plasmid_files/CP026204.1_results/PROKKA_06292018:CDS	hypothetical protein	CP026204.1:c911-573	OFOKFBKH_00002

DiscRep_SUB:FEATURE_LOCATION_CONFLICT::Coding region xref gene does not exist
plasmid_files/CP026204.1_results/PROKKA_06292018:CDS	hypothetical protein	CP026204.1:c1311-916	OFOKFBKH_00003

DiscRep_SUB:FEATURE_LOCATION_CONFLICT::Coding region xref gene does not exist
plasmid_files/CP026204.1_results/PROKKA_06292018:CDS	Protein VirD4	CP026204.1:c3143-1308	OFOKFBKH_00004

DiscRep_SUB:FEATURE_LOCATION_CONFLICT::Coding region xref gene does not exist
plasmid_files/CP026204.1_results/PROKKA_06292018:CDS	Type IV secretion system protein PtlH	CP026204.1:c4189-3146	OFOKFBKH_00005

DiscRep_SUB:FEATURE_LOCATION_CONFLICT::Coding region xref gene does not exist
plasmid_files/CP026204.1_results/PROKKA_06292018:CDS	Type IV secretion system protein virB10	CP026204.1:c5412-4201	OFOKFBKH_00006

DiscRep_SUB:FEATURE_LOCATION_CONFLICT::Coding region xref gene does not exist
plasmid_files/CP026204.1_results/PROKKA_06292018:CDS	Type IV secretion system protein virB9	CP026204.1:c6338-5409	OFOKFBKH_00007

DiscRep_SUB:FEATURE_LOCATION_CONFLICT::Coding region xref gene does not exist
plasmid_files/CP026204.1_results/PROKKA_06292018:CDS	Type IV secretion system protein virB8	CP026204.1:c7071-6343	OFOKFBKH_00008

DiscRep_SUB:FEATURE_LOCATION_CONFLICT::Coding region xref gene does not exist
plasmid_files/CP026204.1_results/PROKKA_06292018:CDS	hypothetical protein	CP026204.1:c8367-7312	OFOKFBKH_00009

DiscRep_SUB:FEATURE_LOCATION_CONFLICT::Coding region xref gene does not exist
plasmid_files/CP026204.1_results/PROKKA_06292018:CDS	hypothetical protein	CP026204.1:c8633-8379	OFOKFBKH_00010

DiscRep_SUB:FEATURE_LOCATION_CONFLICT::Coding region xref gene does not exist
plasmid_files/CP026204.1_results/PROKKA_06292018:CDS	hypothetical protein	CP026204.1:c9376-8642	OFOKFBKH_00011

DiscRep_SUB:FEATURE_LOCATION_CONFLICT::Coding region xref gene does not exist
plasmid_files/CP026204.1_results/PROKKA_06292018:CDS	Type IV secretion system protein virB4	CP026204.1:c12143-9384	OFOKFBKH_00012

DiscRep_SUB:FEATURE_LOCATION_CONFLICT::Coding region xref gene does not exist
plasmid_files/CP026204.1_results/PROKKA_06292018:CDS	hypothetical protein	CP026204.1:c12455-12165	OFOKFBKH_00013

DiscRep_SUB:FEATURE_LOCATION_CONFLICT::Coding region xref gene does not exist
plasmid_files/CP026204.1_results/PROKKA_06292018:CDS	Type IV secretion system protein virB1	CP026204.1:c13083-12439	OFOKFBKH_00014

DiscRep_SUB:FEATURE_LOCATION_CONFLICT::Coding region xref gene does not exist
plasmid_files/CP026204.1_results/PROKKA_06292018:CDS	hypothetical protein	CP026204.1:c13356-13129	OFOKFBKH_00015

DiscRep_SUB:FEATURE_LOCATION_CONFLICT::Coding region xref gene does not exist
plasmid_files/CP026204.1_results/PROKKA_06292018:CDS	Transcription antitermination protein RfaH	CP026204.1:c13798-13307	OFOKFBKH_00016

DiscRep_SUB:FEATURE_LOCATION_CONFLICT::Coding region xref gene does not exist
plasmid_files/CP026204.1_results/PROKKA_06292018:CDS	hypothetical protein	CP026204.1:c15314-14154	OFOKFBKH_00017

DiscRep_SUB:FEATURE_LOCATION_CONFLICT::Coding region xref gene does not exist
plasmid_files/CP026204.1_results/PROKKA_06292018:CDS	hypothetical protein	CP026204.1:c15865-15317	OFOKFBKH_00018

DiscRep_SUB:FEATURE_LOCATION_CONFLICT::Coding region xref gene does not exist
plasmid_files/CP026204.1_results/PROKKA_06292018:CDS	hypothetical protein	CP026204.1:c16450-16193	OFOKFBKH_00019

DiscRep_SUB:FEATURE_LOCATION_CONFLICT::Coding region xref gene does not exist
plasmid_files/CP026204.1_results/PROKKA_06292018:CDS	hypothetical protein	CP026204.1:c16615-16466	OFOKFBKH_00020

DiscRep_SUB:FEATURE_LOCATION_CONFLICT::Coding region xref gene does not exist
plasmid_files/CP026204.1_results/PROKKA_06292018:CDS	hypothetical protein	CP026204.1:c17034-16693	OFOKFBKH_00021

DiscRep_SUB:FEATURE_LOCATION_CONFLICT::Coding region xref gene does not exist
plasmid_files/CP026204.1_results/PROKKA_06292018:CDS	hypothetical protein	CP026204.1:c17370-17131	OFOKFBKH_00022

DiscRep_SUB:FEATURE_LOCATION_CONFLICT::Coding region xref gene does not exist
plasmid_files/CP026204.1_results/PROKKA_06292018:CDS	hypothetical protein	CP026204.1:c17629-17363	OFOKFBKH_00023

DiscRep_SUB:FEATURE_LOCATION_CONFLICT::Coding region xref gene does not exist
plasmid_files/CP026204.1_results/PROKKA_06292018:CDS	hypothetical protein	CP026204.1:c18183-17641	OFOKFBKH_00024

DiscRep_SUB:FEATURE_LOCATION_CONFLICT::Coding region xref gene does not exist
plasmid_files/CP026204.1_results/PROKKA_06292018:CDS	Chaperone protein DnaJ	CP026204.1:c18742-18227	OFOKFBKH_00025

DiscRep_SUB:FEATURE_LOCATION_CONFLICT::Coding region xref gene does not exist
plasmid_files/CP026204.1_results/PROKKA_06292018:CDS	PI protein	CP026204.1:20276-21178	OFOKFBKH_00026

DiscRep_SUB:FEATURE_LOCATION_CONFLICT::Coding region xref gene does not exist
plasmid_files/CP026204.1_results/PROKKA_06292018:CDS	hypothetical protein	CP026204.1:21187-21630	OFOKFBKH_00027

DiscRep_SUB:FEATURE_LOCATION_CONFLICT::Coding region xref gene does not exist
plasmid_files/CP026204.1_results/PROKKA_06292018:CDS	hypothetical protein	CP026204.1:21804-22160	OFOKFBKH_00028

DiscRep_SUB:FEATURE_LOCATION_CONFLICT::Coding region xref gene does not exist
plasmid_files/CP026204.1_results/PROKKA_06292018:CDS	hypothetical protein	CP026204.1:c23134-22157	OFOKFBKH_00029

DiscRep_SUB:FEATURE_LOCATION_CONFLICT::Coding region xref gene does not exist
plasmid_files/CP026204.1_results/PROKKA_06292018:CDS	hypothetical protein	CP026204.1:c23440-23159	OFOKFBKH_00030

DiscRep_SUB:FEATURE_LOCATION_CONFLICT::Coding region xref gene does not exist
plasmid_files/CP026204.1_results/PROKKA_06292018:CDS	Iron-sulfur cluster carrier protein	CP026204.1:c24199-23537	OFOKFBKH_00031

DiscRep_SUB:FEATURE_LOCATION_CONFLICT::Coding region xref gene does not exist
plasmid_files/CP026204.1_results/PROKKA_06292018:CDS	Putative transposon Tn552 DNA-invertase bin3	CP026204.1:24536-25183	OFOKFBKH_00032

DiscRep_SUB:FEATURE_LOCATION_CONFLICT::Coding region xref gene does not exist
plasmid_files/CP026204.1_results/PROKKA_06292018:CDS	hypothetical protein	CP026204.1:c26030-25326	OFOKFBKH_00033

DiscRep_SUB:FEATURE_LOCATION_CONFLICT::Coding region xref gene does not exist
plasmid_files/CP026204.1_results/PROKKA_06292018:CDS	Inner membrane protein RclC	CP026204.1:c26782-26264	OFOKFBKH_00034

DiscRep_SUB:FEATURE_LOCATION_CONFLICT::Coding region xref gene does not exist
plasmid_files/CP026204.1_results/PROKKA_06292018:CDS	Succinate dehydrogenase cytochrome b556 subunit	CP026204.1:27513-27887	OFOKFBKH_00035

DiscRep_SUB:FEATURE_LOCATION_CONFLICT::Coding region xref gene does not exist
plasmid_files/CP026204.1_results/PROKKA_06292018:CDS	hypothetical protein	CP026204.1:c28968-27988	OFOKFBKH_00036

DiscRep_SUB:FEATURE_LOCATION_CONFLICT::Coding region xref gene does not exist
plasmid_files/CP026204.1_results/PROKKA_06292018:CDS	hypothetical protein	CP026204.1:29623-29868	OFOKFBKH_00037

DiscRep_SUB:FEATURE_LOCATION_CONFLICT::Coding region xref gene does not exist
plasmid_files/CP026204.1_results/PROKKA_06292018:CDS	hypothetical protein	CP026204.1:c30214-29948	OFOKFBKH_00038

DiscRep_SUB:FEATURE_LOCATION_CONFLICT::Coding region xref gene does not exist
plasmid_files/CP026204.1_results/PROKKA_06292018:CDS	hypothetical protein	CP026204.1:c30665-30384	OFOKFBKH_00039

DiscRep_SUB:FEATURE_LOCATION_CONFLICT::Coding region xref gene does not exist
plasmid_files/CP026204.1_results/PROKKA_06292018:CDS	Glutaredoxin 3	CP026204.1:c31005-30733	OFOKFBKH_00040

DiscRep_SUB:FEATURE_LOCATION_CONFLICT::Coding region xref gene does not exist
plasmid_files/CP026204.1_results/PROKKA_06292018:CDS	Propane 2-monooxygenase, reductase component	CP026204.1:c32205-31459	OFOKFBKH_00041

DiscRep_SUB:FEATURE_LOCATION_CONFLICT::Coding region xref gene does not exist
plasmid_files/CP026204.1_results/PROKKA_06292018:CDS	Putative protein-methionine-sulfoxide reductase subunit YedZ1	CP026204.1:c32800-32198	OFOKFBKH_00042

DiscRep_SUB:FEATURE_LOCATION_CONFLICT::Coding region xref gene does not exist
plasmid_files/CP026204.1_results/PROKKA_06292018:CDS	hypothetical protein	CP026204.1:33268-33738	OFOKFBKH_00043

DiscRep_SUB:FEATURE_LOCATION_CONFLICT::Coding region xref gene does not exist
plasmid_files/CP026204.1_results/PROKKA_06292018:CDS	C4-dicarboxylic acid transporter DauA	CP026204.1:34309-35799	OFOKFBKH_00044

DiscRep_SUB:FEATURE_LOCATION_CONFLICT::Coding region xref gene does not exist
plasmid_files/CP026204.1_results/PROKKA_06292018:CDS	hypothetical protein	CP026204.1:35834-36691	OFOKFBKH_00045

DiscRep_SUB:FEATURE_LOCATION_CONFLICT::Coding region xref gene does not exist
plasmid_files/CP026204.1_results/PROKKA_06292018:CDS	RNA polymerase-binding transcription factor DksA	CP026204.1:36782-37114	OFOKFBKH_00046

DiscRep_SUB:FEATURE_LOCATION_CONFLICT::Coding region xref gene does not exist
plasmid_files/CP026204.1_results/PROKKA_06292018:CDS	DNA-invertase hin	CP026204.1:c37852-37232	OFOKFBKH_00047

DiscRep_SUB:FEATURE_LOCATION_CONFLICT::Coding region xref gene does not exist
plasmid_files/CP026204.1_results/PROKKA_06292018:CDS	hypothetical protein	CP026204.1:38022-38282	OFOKFBKH_00048

DiscRep_SUB:FEATURE_LOCATION_CONFLICT::Coding region xref gene does not exist
plasmid_files/CP026204.1_results/PROKKA_06292018:CDS	Toxin ParE1	CP026204.1:38282-38593	OFOKFBKH_00049

DiscRep_SUB:FEATURE_LOCATION_CONFLICT::Coding region xref gene does not exist
plasmid_files/CP026204.1_results/PROKKA_06292018:CDS	hypothetical protein	CP026204.1:38617-41697	OFOKFBKH_00050

DiscRep_SUB:FEATURE_LOCATION_CONFLICT::Coding region xref gene does not exist
plasmid_files/CP026204.1_results/PROKKA_06292018:CDS	hypothetical protein	CP026204.1:c42149-41745	OFOKFBKH_00051

DiscRep_SUB:FEATURE_LOCATION_CONFLICT::Coding region xref gene does not exist
plasmid_files/CP026204.1_results/PROKKA_06292018:CDS	hypothetical protein	CP026204.1:c43240-42167	OFOKFBKH_00052

DiscRep_SUB:FEATURE_LOCATION_CONFLICT::Coding region xref gene does not exist
plasmid_files/CP026204.1_results/PROKKA_06292018:CDS	hypothetical protein	CP026204.1:c46266-43258	OFOKFBKH_00053

DiscRep_SUB:FEATURE_LOCATION_CONFLICT::Coding region xref gene does not exist
plasmid_files/CP026204.1_results/PROKKA_06292018:CDS	Transposon Tn3 resolvase	CP026204.1:46430-46996	OFOKFBKH_00054

DiscRep_SUB:FEATURE_LOCATION_CONFLICT::Coding region xref gene does not exist
plasmid_files/CP026204.1_results/PROKKA_06292018:CDS	hypothetical protein	CP026204.1:47024-47731	OFOKFBKH_00055

DiscRep_SUB:FEATURE_LOCATION_CONFLICT::Coding region xref gene does not exist
plasmid_files/CP026204.1_results/PROKKA_06292018:CDS	hypothetical protein	CP026204.1:c48386-48123	OFOKFBKH_00056

DiscRep_SUB:FEATURE_LOCATION_CONFLICT::Coding region xref gene does not exist
plasmid_files/CP026204.1_results/PROKKA_06292018:CDS	hypothetical protein	CP026204.1:48555-49322	OFOKFBKH_00057

DiscRep_SUB:FEATURE_LOCATION_CONFLICT::Coding region xref gene does not exist
plasmid_files/CP026204.1_results/PROKKA_06292018:CDS	hypothetical protein	CP026204.1:c49986-49435	OFOKFBKH_00058

DiscRep_SUB:FEATURE_LOCATION_CONFLICT::Coding region xref gene does not exist
plasmid_files/CP026204.1_results/PROKKA_06292018:CDS	hypothetical protein	CP026204.1:50305-51624	OFOKFBKH_00059

DiscRep_SUB:FEATURE_LOCATION_CONFLICT::Coding region xref gene does not exist
plasmid_files/CP026204.1_results/PROKKA_06292018:CDS	Carbapenem-hydrolyzing beta-lactamase KPC	CP026204.1:c52755-51874	OFOKFBKH_00060

DiscRep_SUB:FEATURE_LOCATION_CONFLICT::Coding region xref gene does not exist
plasmid_files/CP026204.1_results/PROKKA_06292018:CDS	hypothetical protein	CP026204.1:c53984-53280	OFOKFBKH_00061

DiscRep_SUB:FEATURE_LOCATION_CONFLICT::Coding region xref gene does not exist
plasmid_files/CP026204.1_results/PROKKA_06292018:CDS	hypothetical protein	CP026204.1:54198-57278	OFOKFBKH_00062

DiscRep_SUB:FEATURE_LOCATION_CONFLICT::Coding region xref gene does not exist
plasmid_files/CP026204.1_results/PROKKA_06292018:CDS	hypothetical protein	CP026204.1:c57879-57589	OFOKFBKH_00063

DiscRep_SUB:FEATURE_LOCATION_CONFLICT::Coding region xref gene does not exist
plasmid_files/CP026204.1_results/PROKKA_06292018:CDS	hypothetical protein	CP026204.1:c58372-57941	OFOKFBKH_00064

DiscRep_SUB:FEATURE_LOCATION_CONFLICT::Coding region xref gene does not exist
plasmid_files/CP026204.1_results/PROKKA_06292018:CDS	Zinc-type alcohol dehydrogenase-like protein	CP026204.1:c59458-58445	OFOKFBKH_00065

DiscRep_SUB:FEATURE_LOCATION_CONFLICT::Coding region xref gene does not exist
plasmid_files/CP026204.1_results/PROKKA_06292018:CDS	hypothetical protein	CP026204.1:59534-59701	OFOKFBKH_00066

DiscRep_SUB:FEATURE_LOCATION_CONFLICT::Coding region xref gene does not exist
plasmid_files/CP026204.1_results/PROKKA_06292018:CDS	Cobalt/magnesium transport protein CorA	CP026204.1:c60874-59906	OFOKFBKH_00067

DiscRep_SUB:FEATURE_LOCATION_CONFLICT::Coding region xref gene does not exist
plasmid_files/CP026204.1_results/PROKKA_06292018:CDS	Disulfide-bond oxidoreductase YfcG	CP026204.1:c61575-60871	OFOKFBKH_00068

DiscRep_SUB:FEATURE_LOCATION_CONFLICT::Coding region xref gene does not exist
plasmid_files/CP026204.1_results/PROKKA_06292018:CDS	Peptide methionine sulfoxide reductase MsrA	CP026204.1:c62255-61716	OFOKFBKH_00069

DiscRep_SUB:FEATURE_LOCATION_CONFLICT::Coding region xref gene does not exist
plasmid_files/CP026204.1_results/PROKKA_06292018:CDS	Peptide methionine sulfoxide reductase MsrB	CP026204.1:c62700-62257	OFOKFBKH_00070

DiscRep_SUB:FEATURE_LOCATION_CONFLICT::Coding region xref gene does not exist
plasmid_files/CP026204.1_results/PROKKA_06292018:CDS	hypothetical protein	CP026204.1:c63762-62983	OFOKFBKH_00071

DiscRep_SUB:FEATURE_LOCATION_CONFLICT::Coding region xref gene does not exist
plasmid_files/CP026204.1_results/PROKKA_06292018:CDS	hypothetical protein	CP026204.1:c64497-63802	OFOKFBKH_00072

DiscRep_SUB:FEATURE_LOCATION_CONFLICT::Coding region xref gene does not exist
plasmid_files/CP026204.1_results/PROKKA_06292018:CDS	hypothetical protein	CP026204.1:64808-65110	OFOKFBKH_00073

DiscRep_SUB:FEATURE_LOCATION_CONFLICT::Coding region xref gene does not exist
plasmid_files/CP026204.1_results/PROKKA_06292018:CDS	Protein virC1	CP026204.1:65261-65881	OFOKFBKH_00074

DiscRep_SUB:FEATURE_LOCATION_CONFLICT::Coding region xref gene does not exist
plasmid_files/CP026204.1_results/PROKKA_06292018:CDS	hypothetical protein	CP026204.1:65920-66147	OFOKFBKH_00075

DiscRep_SUB:FEATURE_LOCATION_CONFLICT::Coding region xref gene does not exist
plasmid_files/CP026204.1_results/PROKKA_06292018:CDS	Toxin ParE1	CP026204.1:c66563-66279	OFOKFBKH_00076

DiscRep_SUB:FEATURE_LOCATION_CONFLICT::Coding region xref gene does not exist
plasmid_files/CP026204.1_results/PROKKA_06292018:CDS	Antitoxin ParD1	CP026204.1:c66798-66556	OFOKFBKH_00077

DiscRep_SUB:FEATURE_LOCATION_CONFLICT::Coding region xref gene does not exist
plasmid_files/CP026204.1_results/PROKKA_06292018:CDS	hypothetical protein	CP026204.1:67859-68101	OFOKFBKH_00078

DiscRep_SUB:FEATURE_LOCATION_CONFLICT::Coding region xref gene does not exist
plasmid_files/CP026204.1_results/PROKKA_06292018:CDS	hypothetical protein	CP026204.1:c69178-68918	OFOKFBKH_00079

DiscRep_SUB:FEATURE_LOCATION_CONFLICT::Coding region xref gene does not exist
plasmid_files/CP026204.1_results/PROKKA_06292018:CDS	hypothetical protein	CP026204.1:c70107-69289	OFOKFBKH_00080

DiscRep_SUB:FEATURE_LOCATION_CONFLICT::Coding region xref gene does not exist
plasmid_files/CP026204.1_results/PROKKA_06292018:CDS	hypothetical protein	CP026204.1:c70343-70110	OFOKFBKH_00081

DiscRep_SUB:FEATURE_LOCATION_CONFLICT::Coding region xref gene does not exist
plasmid_files/CP026204.1_results/PROKKA_06292018:CDS	hypothetical protein	CP026204.1:c70823-70554	OFOKFBKH_00082

DiscRep_SUB:FEATURE_LOCATION_CONFLICT::Coding region xref gene does not exist
plasmid_files/CP026204.1_results/PROKKA_06292018:CDS	DNA-binding protein H-NS	CP026204.1:c71327-70872	OFOKFBKH_00083

DiscRep_SUB:FEATURE_LOCATION_CONFLICT::Coding region xref gene does not exist
plasmid_files/CP026204.1_results/PROKKA_06292018:CDS	Hemolysin expression-modulating protein Hha	CP026204.1:c71555-71346	OFOKFBKH_00084

DiscRep_SUB:FEATURE_LOCATION_CONFLICT::Coding region xref gene does not exist
plasmid_files/CP026204.1_results/PROKKA_06292018:CDS	DNA topoisomerase 3	CP026204.1:c73876-71555	OFOKFBKH_00085

DiscRep_SUB:FEATURE_LOCATION_CONFLICT::Coding region xref gene does not exist
plasmid_files/CP026204.1_results/PROKKA_06292018:CDS	hypothetical protein	CP026204.1:c74534-73878	OFOKFBKH_00086

DiscRep_SUB:FEATURE_LOCATION_CONFLICT::Coding region xref gene does not exist
plasmid_files/CP026204.1_results/PROKKA_06292018:CDS	hypothetical protein	CP026204.1:c75193-74537	OFOKFBKH_00087

DiscRep_SUB:FEATURE_LOCATION_CONFLICT::Coding region xref gene does not exist
plasmid_files/CP026204.1_results/PROKKA_06292018:CDS	hypothetical protein	CP026204.1:c75978-75205	OFOKFBKH_00088

DiscRep_SUB:FEATURE_LOCATION_CONFLICT::Coding region xref gene does not exist
plasmid_files/CP026204.1_results/PROKKA_06292018:CDS	Endonuclease YhcR	CP026204.1:c76463-75993	OFOKFBKH_00089

DiscRep_ALL:SUSPECT_PRODUCT_NAMES::1 product_names contain suspect phrase or characters
DiscRep_SUB:SUSPECT_PRODUCT_NAMES::May contain database identifier more appropriate in note; remove from product name
DiscRep_SUB:SUSPECT_PRODUCT_NAMES::1 features Three or more numbers together
plasmid_files/CP026204.1_results/PROKKA_06292018:CDS	Putative transposon Tn552 DNA-invertase bin3	CP026204.1:24536-25183	OFOKFBKH_00032

DiscRep_ALL:DISC_QUALITY_SCORES::Quality scores are missing on all sequences.

DiscRep_ALL:ONCALLER_COMMENT_PRESENT::1 comment descriptors were found (all same)
plasmid_files/CP026204.1_results/PROKKA_06292018:CP026204.1:Annotated using prokka 1.14-dev from https://github.com/tseemann/prokka

DiscRep_ALL:SHORT_PROT_SEQUENCES::1 protein sequences are shorter than 50 aa.
plasmid_files/CP026204.1_results/PROKKA_06292018:CP026204.1_20 (length 49)

DiscRep_ALL:MISSING_GENOMEASSEMBLY_COMMENTS::1 bioseqs are missing GenomeAssembly structured comments
plasmid_files/CP026204.1_results/PROKKA_06292018:CP026204.1 (length 76500)

DiscRep_ALL:MOLTYPE_NOT_MRNA::1 molecule types are not set as mRNA.
plasmid_files/CP026204.1_results/PROKKA_06292018:CP026204.1 (length 76500)

DiscRep_ALL:TECHNIQUE_NOT_TSA::1 technique are not set as TSA
plasmid_files/CP026204.1_results/PROKKA_06292018:CP026204.1 (length 76500)

DiscRep_ALL:MISSING_STRUCTURED_COMMENT::1 sequences do not include structured comments.
plasmid_files/CP026204.1_results/PROKKA_06292018:CP026204.1 (length 76500)

DiscRep_ALL:MISSING_PROJECT::90 sequences do not include project.
plasmid_files/CP026204.1_results/PROKKA_06292018:CP026204.1 (length 76500)
plasmid_files/CP026204.1_results/PROKKA_06292018:CP026204.1_1 (length 67)
plasmid_files/CP026204.1_results/PROKKA_06292018:CP026204.1_2 (length 112)
plasmid_files/CP026204.1_results/PROKKA_06292018:CP026204.1_3 (length 131)
plasmid_files/CP026204.1_results/PROKKA_06292018:CP026204.1_4 (length 611)
plasmid_files/CP026204.1_results/PROKKA_06292018:CP026204.1_5 (length 347)
plasmid_files/CP026204.1_results/PROKKA_06292018:CP026204.1_6 (length 403)
plasmid_files/CP026204.1_results/PROKKA_06292018:CP026204.1_7 (length 309)
plasmid_files/CP026204.1_results/PROKKA_06292018:CP026204.1_8 (length 242)
plasmid_files/CP026204.1_results/PROKKA_06292018:CP026204.1_9 (length 351)
plasmid_files/CP026204.1_results/PROKKA_06292018:CP026204.1_10 (length 84)
plasmid_files/CP026204.1_results/PROKKA_06292018:CP026204.1_11 (length 244)
plasmid_files/CP026204.1_results/PROKKA_06292018:CP026204.1_12 (length 919)
plasmid_files/CP026204.1_results/PROKKA_06292018:CP026204.1_13 (length 96)
plasmid_files/CP026204.1_results/PROKKA_06292018:CP026204.1_14 (length 214)
plasmid_files/CP026204.1_results/PROKKA_06292018:CP026204.1_15 (length 75)
plasmid_files/CP026204.1_results/PROKKA_06292018:CP026204.1_16 (length 163)
plasmid_files/CP026204.1_results/PROKKA_06292018:CP026204.1_17 (length 386)
plasmid_files/CP026204.1_results/PROKKA_06292018:CP026204.1_18 (length 182)
plasmid_files/CP026204.1_results/PROKKA_06292018:CP026204.1_19 (length 85)
plasmid_files/CP026204.1_results/PROKKA_06292018:CP026204.1_20 (length 49)
plasmid_files/CP026204.1_results/PROKKA_06292018:CP026204.1_21 (length 113)
plasmid_files/CP026204.1_results/PROKKA_06292018:CP026204.1_22 (length 79)
plasmid_files/CP026204.1_results/PROKKA_06292018:CP026204.1_23 (length 88)
plasmid_files/CP026204.1_results/PROKKA_06292018:CP026204.1_24 (length 180)
plasmid_files/CP026204.1_results/PROKKA_06292018:CP026204.1_25 (length 171)
plasmid_files/CP026204.1_results/PROKKA_06292018:CP026204.1_26 (length 300)
plasmid_files/CP026204.1_results/PROKKA_06292018:CP026204.1_27 (length 147)
plasmid_files/CP026204.1_results/PROKKA_06292018:CP026204.1_28 (length 118)
plasmid_files/CP026204.1_results/PROKKA_06292018:CP026204.1_29 (length 325)
plasmid_files/CP026204.1_results/PROKKA_06292018:CP026204.1_30 (length 93)
plasmid_files/CP026204.1_results/PROKKA_06292018:CP026204.1_31 (length 220)
plasmid_files/CP026204.1_results/PROKKA_06292018:CP026204.1_32 (length 215)
plasmid_files/CP026204.1_results/PROKKA_06292018:CP026204.1_33 (length 234)
plasmid_files/CP026204.1_results/PROKKA_06292018:CP026204.1_34 (length 172)
plasmid_files/CP026204.1_results/PROKKA_06292018:CP026204.1_35 (length 124)
plasmid_files/CP026204.1_results/PROKKA_06292018:CP026204.1_36 (length 326)
plasmid_files/CP026204.1_results/PROKKA_06292018:CP026204.1_37 (length 81)
plasmid_files/CP026204.1_results/PROKKA_06292018:CP026204.1_38 (length 88)
plasmid_files/CP026204.1_results/PROKKA_06292018:CP026204.1_39 (length 93)
plasmid_files/CP026204.1_results/PROKKA_06292018:CP026204.1_40 (length 90)
plasmid_files/CP026204.1_results/PROKKA_06292018:CP026204.1_41 (length 248)
plasmid_files/CP026204.1_results/PROKKA_06292018:CP026204.1_42 (length 200)
plasmid_files/CP026204.1_results/PROKKA_06292018:CP026204.1_43 (length 156)
plasmid_files/CP026204.1_results/PROKKA_06292018:CP026204.1_44 (length 496)
plasmid_files/CP026204.1_results/PROKKA_06292018:CP026204.1_45 (length 285)
plasmid_files/CP026204.1_results/PROKKA_06292018:CP026204.1_46 (length 110)
plasmid_files/CP026204.1_results/PROKKA_06292018:CP026204.1_47 (length 206)
plasmid_files/CP026204.1_results/PROKKA_06292018:CP026204.1_48 (length 86)
plasmid_files/CP026204.1_results/PROKKA_06292018:CP026204.1_49 (length 103)
plasmid_files/CP026204.1_results/PROKKA_06292018:CP026204.1_50 (length 1026)
plasmid_files/CP026204.1_results/PROKKA_06292018:CP026204.1_51 (length 134)
plasmid_files/CP026204.1_results/PROKKA_06292018:CP026204.1_52 (length 357)
plasmid_files/CP026204.1_results/PROKKA_06292018:CP026204.1_53 (length 1002)
plasmid_files/CP026204.1_results/PROKKA_06292018:CP026204.1_54 (length 188)
plasmid_files/CP026204.1_results/PROKKA_06292018:CP026204.1_55 (length 235)
plasmid_files/CP026204.1_results/PROKKA_06292018:CP026204.1_56 (length 87)
plasmid_files/CP026204.1_results/PROKKA_06292018:CP026204.1_57 (length 255)
plasmid_files/CP026204.1_results/PROKKA_06292018:CP026204.1_58 (length 183)
plasmid_files/CP026204.1_results/PROKKA_06292018:CP026204.1_59 (length 439)
plasmid_files/CP026204.1_results/PROKKA_06292018:CP026204.1_60 (length 293)
plasmid_files/CP026204.1_results/PROKKA_06292018:CP026204.1_61 (length 234)
plasmid_files/CP026204.1_results/PROKKA_06292018:CP026204.1_62 (length 1026)
plasmid_files/CP026204.1_results/PROKKA_06292018:CP026204.1_63 (length 96)
plasmid_files/CP026204.1_results/PROKKA_06292018:CP026204.1_64 (length 143)
plasmid_files/CP026204.1_results/PROKKA_06292018:CP026204.1_65 (length 337)
plasmid_files/CP026204.1_results/PROKKA_06292018:CP026204.1_66 (length 55)
plasmid_files/CP026204.1_results/PROKKA_06292018:CP026204.1_67 (length 322)
plasmid_files/CP026204.1_results/PROKKA_06292018:CP026204.1_68 (length 234)
plasmid_files/CP026204.1_results/PROKKA_06292018:CP026204.1_69 (length 179)
plasmid_files/CP026204.1_results/PROKKA_06292018:CP026204.1_70 (length 147)
plasmid_files/CP026204.1_results/PROKKA_06292018:CP026204.1_71 (length 259)
plasmid_files/CP026204.1_results/PROKKA_06292018:CP026204.1_72 (length 231)
plasmid_files/CP026204.1_results/PROKKA_06292018:CP026204.1_73 (length 100)
plasmid_files/CP026204.1_results/PROKKA_06292018:CP026204.1_74 (length 206)
plasmid_files/CP026204.1_results/PROKKA_06292018:CP026204.1_75 (length 75)
plasmid_files/CP026204.1_results/PROKKA_06292018:CP026204.1_76 (length 94)
plasmid_files/CP026204.1_results/PROKKA_06292018:CP026204.1_77 (length 80)
plasmid_files/CP026204.1_results/PROKKA_06292018:CP026204.1_78 (length 80)
plasmid_files/CP026204.1_results/PROKKA_06292018:CP026204.1_79 (length 86)
plasmid_files/CP026204.1_results/PROKKA_06292018:CP026204.1_80 (length 272)
plasmid_files/CP026204.1_results/PROKKA_06292018:CP026204.1_81 (length 77)
plasmid_files/CP026204.1_results/PROKKA_06292018:CP026204.1_82 (length 89)
plasmid_files/CP026204.1_results/PROKKA_06292018:CP026204.1_83 (length 151)
plasmid_files/CP026204.1_results/PROKKA_06292018:CP026204.1_84 (length 69)
plasmid_files/CP026204.1_results/PROKKA_06292018:CP026204.1_85 (length 773)
plasmid_files/CP026204.1_results/PROKKA_06292018:CP026204.1_86 (length 218)
plasmid_files/CP026204.1_results/PROKKA_06292018:CP026204.1_87 (length 218)
plasmid_files/CP026204.1_results/PROKKA_06292018:CP026204.1_88 (length 257)
plasmid_files/CP026204.1_results/PROKKA_06292018:CP026204.1_89 (length 156)

DiscRep_ALL:DISC_INCONSISTENT_MOLINFO_TECH::Molinfo Technique Report (some missing, all same)
DiscRep_SUB:DISC_INCONSISTENT_MOLINFO_TECH::technique (all missing)
DiscRep_SUB:DISC_INCONSISTENT_MOLINFO_TECH::1 Molinfos are missing field technique
plasmid_files/CP026204.1_results/PROKKA_06292018:CP026204.1 (length 76500)

