Discrepancy Report Results

Summary
FATAL: MISSING_PROTEIN_ID:91 proteins have invalid IDs.
DISC_SOURCE_QUALS_ASNDISC:strain (all present, all unique)
DISC_SOURCE_QUALS_ASNDISC:taxname (all present, all unique)
DISC_FEATURE_COUNT:CDS: 91 present
DISC_COUNT_NUCLEOTIDES:1 nucleotide Bioseqs are present
FEATURE_LOCATION_CONFLICT:91 features have inconsistent gene locations.
OVERLAPPING_CDS:2 coding regions overlap another coding region with a similar or identical name.
SUSPECT_PRODUCT_NAMES:1 product_names contain suspect phrase or characters
	May contain database identifier more appropriate in note; remove from product name
		1 features Three or more numbers together
DISC_QUALITY_SCORES:Quality scores are missing on all sequences.
ONCALLER_COMMENT_PRESENT:1 comment descriptors were found (all same)
SHORT_PROT_SEQUENCES:2 protein sequences are shorter than 50 aa.
MISSING_GENOMEASSEMBLY_COMMENTS:1 bioseqs are missing GenomeAssembly structured comments
MOLTYPE_NOT_MRNA:1 molecule types are not set as mRNA.
TECHNIQUE_NOT_TSA:1 technique are not set as TSA
MISSING_STRUCTURED_COMMENT:1 sequences do not include structured comments.
MISSING_PROJECT:92 sequences do not include project.
DISC_INCONSISTENT_MOLINFO_TECH:Molinfo Technique Report (some missing, all same)


Detailed Report

FATAL: DiscRep_ALL:MISSING_PROTEIN_ID::91 proteins have invalid IDs.
plasmid_files/KF701335.1_results/PROKKA_06292018:KF701335.1_1 (length 117)
plasmid_files/KF701335.1_results/PROKKA_06292018:KF701335.1_2 (length 240)
plasmid_files/KF701335.1_results/PROKKA_06292018:KF701335.1_3 (length 370)
plasmid_files/KF701335.1_results/PROKKA_06292018:KF701335.1_4 (length 261)
plasmid_files/KF701335.1_results/PROKKA_06292018:KF701335.1_5 (length 157)
plasmid_files/KF701335.1_results/PROKKA_06292018:KF701335.1_6 (length 125)
plasmid_files/KF701335.1_results/PROKKA_06292018:KF701335.1_7 (length 107)
plasmid_files/KF701335.1_results/PROKKA_06292018:KF701335.1_8 (length 74)
plasmid_files/KF701335.1_results/PROKKA_06292018:KF701335.1_9 (length 40)
plasmid_files/KF701335.1_results/PROKKA_06292018:KF701335.1_10 (length 86)
plasmid_files/KF701335.1_results/PROKKA_06292018:KF701335.1_11 (length 372)
plasmid_files/KF701335.1_results/PROKKA_06292018:KF701335.1_12 (length 155)
plasmid_files/KF701335.1_results/PROKKA_06292018:KF701335.1_13 (length 509)
plasmid_files/KF701335.1_results/PROKKA_06292018:KF701335.1_14 (length 234)
plasmid_files/KF701335.1_results/PROKKA_06292018:KF701335.1_15 (length 116)
plasmid_files/KF701335.1_results/PROKKA_06292018:KF701335.1_16 (length 262)
plasmid_files/KF701335.1_results/PROKKA_06292018:KF701335.1_17 (length 172)
plasmid_files/KF701335.1_results/PROKKA_06292018:KF701335.1_18 (length 138)
plasmid_files/KF701335.1_results/PROKKA_06292018:KF701335.1_19 (length 234)
plasmid_files/KF701335.1_results/PROKKA_06292018:KF701335.1_20 (length 205)
plasmid_files/KF701335.1_results/PROKKA_06292018:KF701335.1_21 (length 186)
plasmid_files/KF701335.1_results/PROKKA_06292018:KF701335.1_22 (length 92)
plasmid_files/KF701335.1_results/PROKKA_06292018:KF701335.1_23 (length 140)
plasmid_files/KF701335.1_results/PROKKA_06292018:KF701335.1_24 (length 51)
plasmid_files/KF701335.1_results/PROKKA_06292018:KF701335.1_25 (length 98)
plasmid_files/KF701335.1_results/PROKKA_06292018:KF701335.1_26 (length 326)
plasmid_files/KF701335.1_results/PROKKA_06292018:KF701335.1_27 (length 293)
plasmid_files/KF701335.1_results/PROKKA_06292018:KF701335.1_28 (length 124)
plasmid_files/KF701335.1_results/PROKKA_06292018:KF701335.1_29 (length 137)
plasmid_files/KF701335.1_results/PROKKA_06292018:KF701335.1_30 (length 185)
plasmid_files/KF701335.1_results/PROKKA_06292018:KF701335.1_31 (length 1001)
plasmid_files/KF701335.1_results/PROKKA_06292018:KF701335.1_32 (length 113)
plasmid_files/KF701335.1_results/PROKKA_06292018:KF701335.1_33 (length 65)
plasmid_files/KF701335.1_results/PROKKA_06292018:KF701335.1_34 (length 194)
plasmid_files/KF701335.1_results/PROKKA_06292018:KF701335.1_35 (length 82)
plasmid_files/KF701335.1_results/PROKKA_06292018:KF701335.1_36 (length 102)
plasmid_files/KF701335.1_results/PROKKA_06292018:KF701335.1_37 (length 272)
plasmid_files/KF701335.1_results/PROKKA_06292018:KF701335.1_38 (length 123)
plasmid_files/KF701335.1_results/PROKKA_06292018:KF701335.1_39 (length 134)
plasmid_files/KF701335.1_results/PROKKA_06292018:KF701335.1_40 (length 318)
plasmid_files/KF701335.1_results/PROKKA_06292018:KF701335.1_41 (length 127)
plasmid_files/KF701335.1_results/PROKKA_06292018:KF701335.1_42 (length 108)
plasmid_files/KF701335.1_results/PROKKA_06292018:KF701335.1_43 (length 847)
plasmid_files/KF701335.1_results/PROKKA_06292018:KF701335.1_44 (length 235)
plasmid_files/KF701335.1_results/PROKKA_06292018:KF701335.1_45 (length 296)
plasmid_files/KF701335.1_results/PROKKA_06292018:KF701335.1_46 (length 150)
plasmid_files/KF701335.1_results/PROKKA_06292018:KF701335.1_47 (length 464)
plasmid_files/KF701335.1_results/PROKKA_06292018:KF701335.1_48 (length 260)
plasmid_files/KF701335.1_results/PROKKA_06292018:KF701335.1_49 (length 66)
plasmid_files/KF701335.1_results/PROKKA_06292018:KF701335.1_50 (length 517)
plasmid_files/KF701335.1_results/PROKKA_06292018:KF701335.1_51 (length 101)
plasmid_files/KF701335.1_results/PROKKA_06292018:KF701335.1_52 (length 256)
plasmid_files/KF701335.1_results/PROKKA_06292018:KF701335.1_53 (length 228)
plasmid_files/KF701335.1_results/PROKKA_06292018:KF701335.1_54 (length 106)
plasmid_files/KF701335.1_results/PROKKA_06292018:KF701335.1_55 (length 76)
plasmid_files/KF701335.1_results/PROKKA_06292018:KF701335.1_56 (length 176)
plasmid_files/KF701335.1_results/PROKKA_06292018:KF701335.1_57 (length 211)
plasmid_files/KF701335.1_results/PROKKA_06292018:KF701335.1_58 (length 114)
plasmid_files/KF701335.1_results/PROKKA_06292018:KF701335.1_59 (length 218)
plasmid_files/KF701335.1_results/PROKKA_06292018:KF701335.1_60 (length 109)
plasmid_files/KF701335.1_results/PROKKA_06292018:KF701335.1_61 (length 294)
plasmid_files/KF701335.1_results/PROKKA_06292018:KF701335.1_62 (length 82)
plasmid_files/KF701335.1_results/PROKKA_06292018:KF701335.1_63 (length 107)
plasmid_files/KF701335.1_results/PROKKA_06292018:KF701335.1_64 (length 63)
plasmid_files/KF701335.1_results/PROKKA_06292018:KF701335.1_65 (length 65)
plasmid_files/KF701335.1_results/PROKKA_06292018:KF701335.1_66 (length 207)
plasmid_files/KF701335.1_results/PROKKA_06292018:KF701335.1_67 (length 68)
plasmid_files/KF701335.1_results/PROKKA_06292018:KF701335.1_68 (length 152)
plasmid_files/KF701335.1_results/PROKKA_06292018:KF701335.1_69 (length 35)
plasmid_files/KF701335.1_results/PROKKA_06292018:KF701335.1_70 (length 59)
plasmid_files/KF701335.1_results/PROKKA_06292018:KF701335.1_71 (length 163)
plasmid_files/KF701335.1_results/PROKKA_06292018:KF701335.1_72 (length 154)
plasmid_files/KF701335.1_results/PROKKA_06292018:KF701335.1_73 (length 1319)
plasmid_files/KF701335.1_results/PROKKA_06292018:KF701335.1_74 (length 61)
plasmid_files/KF701335.1_results/PROKKA_06292018:KF701335.1_75 (length 201)
plasmid_files/KF701335.1_results/PROKKA_06292018:KF701335.1_76 (length 466)
plasmid_files/KF701335.1_results/PROKKA_06292018:KF701335.1_77 (length 109)
plasmid_files/KF701335.1_results/PROKKA_06292018:KF701335.1_78 (length 177)
plasmid_files/KF701335.1_results/PROKKA_06292018:KF701335.1_79 (length 648)
plasmid_files/KF701335.1_results/PROKKA_06292018:KF701335.1_80 (length 51)
plasmid_files/KF701335.1_results/PROKKA_06292018:KF701335.1_81 (length 869)
plasmid_files/KF701335.1_results/PROKKA_06292018:KF701335.1_82 (length 118)
plasmid_files/KF701335.1_results/PROKKA_06292018:KF701335.1_83 (length 144)
plasmid_files/KF701335.1_results/PROKKA_06292018:KF701335.1_84 (length 261)
plasmid_files/KF701335.1_results/PROKKA_06292018:KF701335.1_85 (length 146)
plasmid_files/KF701335.1_results/PROKKA_06292018:KF701335.1_86 (length 77)
plasmid_files/KF701335.1_results/PROKKA_06292018:KF701335.1_87 (length 226)
plasmid_files/KF701335.1_results/PROKKA_06292018:KF701335.1_88 (length 337)
plasmid_files/KF701335.1_results/PROKKA_06292018:KF701335.1_89 (length 65)
plasmid_files/KF701335.1_results/PROKKA_06292018:KF701335.1_90 (length 337)
plasmid_files/KF701335.1_results/PROKKA_06292018:KF701335.1_91 (length 254)

DiscRep_ALL:DISC_SOURCE_QUALS_ASNDISC::strain (all present, all unique)
DiscRep_SUB:DISC_SOURCE_QUALS_ASNDISC::1 sources have unique values for strain
DiscRep_ALL:DISC_SOURCE_QUALS_ASNDISC::taxname (all present, all unique)
DiscRep_SUB:DISC_SOURCE_QUALS_ASNDISC::1 sources have unique values for taxname
DiscRep_ALL:DISC_FEATURE_COUNT::CDS: 91 present
DiscRep_ALL:DISC_COUNT_NUCLEOTIDES::1 nucleotide Bioseqs are present
plasmid_files/KF701335.1_results/PROKKA_06292018:KF701335.1 (length 69453)

DiscRep_ALL:FEATURE_LOCATION_CONFLICT::91 features have inconsistent gene locations.
DiscRep_SUB:FEATURE_LOCATION_CONFLICT::Coding region xref gene does not exist
plasmid_files/KF701335.1_results/PROKKA_06292018:CDS	TrfB transcriptional repressor protein	KF701335.1:c356-3	CBCEAKGJ_00001

DiscRep_SUB:FEATURE_LOCATION_CONFLICT::Coding region xref gene does not exist
plasmid_files/KF701335.1_results/PROKKA_06292018:CDS	hypothetical protein	KF701335.1:c1226-504	CBCEAKGJ_00002

DiscRep_SUB:FEATURE_LOCATION_CONFLICT::Coding region xref gene does not exist
plasmid_files/KF701335.1_results/PROKKA_06292018:CDS	TelA-like protein	KF701335.1:c2507-1395	CBCEAKGJ_00003

DiscRep_SUB:FEATURE_LOCATION_CONFLICT::Coding region xref gene does not exist
plasmid_files/KF701335.1_results/PROKKA_06292018:CDS	hypothetical protein	KF701335.1:c3289-2504	CBCEAKGJ_00004

DiscRep_SUB:FEATURE_LOCATION_CONFLICT::Coding region xref gene does not exist
plasmid_files/KF701335.1_results/PROKKA_06292018:CDS	hypothetical protein	KF701335.1:c3843-3370	CBCEAKGJ_00005

DiscRep_SUB:FEATURE_LOCATION_CONFLICT::Coding region xref gene does not exist
plasmid_files/KF701335.1_results/PROKKA_06292018:CDS	hypothetical protein	KF701335.1:c4653-4276	CBCEAKGJ_00006

DiscRep_SUB:FEATURE_LOCATION_CONFLICT::Coding region xref gene does not exist
plasmid_files/KF701335.1_results/PROKKA_06292018:CDS	hypothetical protein	KF701335.1:c5012-4689	CBCEAKGJ_00007

DiscRep_SUB:FEATURE_LOCATION_CONFLICT::Coding region xref gene does not exist
plasmid_files/KF701335.1_results/PROKKA_06292018:CDS	hypothetical protein	KF701335.1:c5275-5051	CBCEAKGJ_00008

DiscRep_SUB:FEATURE_LOCATION_CONFLICT::Coding region xref gene does not exist
plasmid_files/KF701335.1_results/PROKKA_06292018:CDS	hypothetical protein	KF701335.1:c5336-5214	CBCEAKGJ_00009

DiscRep_SUB:FEATURE_LOCATION_CONFLICT::Coding region xref gene does not exist
plasmid_files/KF701335.1_results/PROKKA_06292018:CDS	hypothetical protein	KF701335.1:c5635-5375	CBCEAKGJ_00010

DiscRep_SUB:FEATURE_LOCATION_CONFLICT::Coding region xref gene does not exist
plasmid_files/KF701335.1_results/PROKKA_06292018:CDS	Protein KlcB	KF701335.1:c6754-5636	CBCEAKGJ_00011

DiscRep_SUB:FEATURE_LOCATION_CONFLICT::Coding region xref gene does not exist
plasmid_files/KF701335.1_results/PROKKA_06292018:CDS	Antirestriction protein KlcA	KF701335.1:c7268-6801	CBCEAKGJ_00012

DiscRep_SUB:FEATURE_LOCATION_CONFLICT::Coding region xref gene does not exist
plasmid_files/KF701335.1_results/PROKKA_06292018:CDS	hypothetical protein	KF701335.1:c9139-7610	CBCEAKGJ_00013

DiscRep_SUB:FEATURE_LOCATION_CONFLICT::Coding region xref gene does not exist
plasmid_files/KF701335.1_results/PROKKA_06292018:CDS	hypothetical protein	KF701335.1:9190-9894	CBCEAKGJ_00014

DiscRep_SUB:FEATURE_LOCATION_CONFLICT::Coding region xref gene does not exist
plasmid_files/KF701335.1_results/PROKKA_06292018:CDS	hypothetical protein	KF701335.1:10024-10374	CBCEAKGJ_00015

DiscRep_SUB:FEATURE_LOCATION_CONFLICT::Coding region xref gene does not exist
plasmid_files/KF701335.1_results/PROKKA_06292018:CDS	hypothetical protein	KF701335.1:10394-11182	CBCEAKGJ_00016

DiscRep_SUB:FEATURE_LOCATION_CONFLICT::Coding region xref gene does not exist
plasmid_files/KF701335.1_results/PROKKA_06292018:CDS	hypothetical protein	KF701335.1:11182-11700	CBCEAKGJ_00017

DiscRep_SUB:FEATURE_LOCATION_CONFLICT::Coding region xref gene does not exist
plasmid_files/KF701335.1_results/PROKKA_06292018:CDS	Glutathione transferase FosA	KF701335.1:c12121-11705	CBCEAKGJ_00018

DiscRep_SUB:FEATURE_LOCATION_CONFLICT::Coding region xref gene does not exist
plasmid_files/KF701335.1_results/PROKKA_06292018:CDS	hypothetical protein	KF701335.1:12507-13211	CBCEAKGJ_00019

DiscRep_SUB:FEATURE_LOCATION_CONFLICT::Coding region xref gene does not exist
plasmid_files/KF701335.1_results/PROKKA_06292018:CDS	hypothetical protein	KF701335.1:13359-13976	CBCEAKGJ_00020

DiscRep_SUB:FEATURE_LOCATION_CONFLICT::Coding region xref gene does not exist
plasmid_files/KF701335.1_results/PROKKA_06292018:CDS	hypothetical protein	KF701335.1:14332-14892	CBCEAKGJ_00021

DiscRep_SUB:FEATURE_LOCATION_CONFLICT::Coding region xref gene does not exist
plasmid_files/KF701335.1_results/PROKKA_06292018:CDS	hypothetical protein	KF701335.1:15426-15704	CBCEAKGJ_00022

DiscRep_SUB:FEATURE_LOCATION_CONFLICT::Coding region xref gene does not exist
plasmid_files/KF701335.1_results/PROKKA_06292018:CDS	Antirestriction protein KlcA	KF701335.1:15818-16240	CBCEAKGJ_00023

DiscRep_SUB:FEATURE_LOCATION_CONFLICT::Coding region xref gene does not exist
plasmid_files/KF701335.1_results/PROKKA_06292018:CDS	hypothetical protein	KF701335.1:16368-16523	CBCEAKGJ_00024

DiscRep_SUB:FEATURE_LOCATION_CONFLICT::Coding region xref gene does not exist
plasmid_files/KF701335.1_results/PROKKA_06292018:CDS	hypothetical protein	KF701335.1:16569-16865	CBCEAKGJ_00025

DiscRep_SUB:FEATURE_LOCATION_CONFLICT::Coding region xref gene does not exist
plasmid_files/KF701335.1_results/PROKKA_06292018:CDS	hypothetical protein	KF701335.1:16870-17850	CBCEAKGJ_00026

DiscRep_SUB:FEATURE_LOCATION_CONFLICT::Coding region xref gene does not exist
plasmid_files/KF701335.1_results/PROKKA_06292018:CDS	Carbapenem-hydrolyzing beta-lactamase KPC	KF701335.1:c18981-18100	CBCEAKGJ_00027

DiscRep_SUB:FEATURE_LOCATION_CONFLICT::Coding region xref gene does not exist
plasmid_files/KF701335.1_results/PROKKA_06292018:CDS	hypothetical protein	KF701335.1:19524-19898	CBCEAKGJ_00028

DiscRep_SUB:FEATURE_LOCATION_CONFLICT::Coding region xref gene does not exist
plasmid_files/KF701335.1_results/PROKKA_06292018:CDS	hypothetical protein	KF701335.1:19911-20324	CBCEAKGJ_00029

DiscRep_SUB:FEATURE_LOCATION_CONFLICT::Coding region xref gene does not exist
plasmid_files/KF701335.1_results/PROKKA_06292018:CDS	Transposon Tn3 resolvase	KF701335.1:c20917-20360	CBCEAKGJ_00030

DiscRep_SUB:FEATURE_LOCATION_CONFLICT::Coding region xref gene does not exist
plasmid_files/KF701335.1_results/PROKKA_06292018:CDS	hypothetical protein	KF701335.1:21080-24085	CBCEAKGJ_00031

DiscRep_SUB:FEATURE_LOCATION_CONFLICT::Coding region xref gene does not exist
plasmid_files/KF701335.1_results/PROKKA_06292018:CDS	Methyl-accepting chemotaxis protein McpU	KF701335.1:24078-24419	CBCEAKGJ_00032

DiscRep_SUB:FEATURE_LOCATION_CONFLICT::Coding region xref gene does not exist
plasmid_files/KF701335.1_results/PROKKA_06292018:CDS	hypothetical protein	KF701335.1:c24865-24668	CBCEAKGJ_00033

DiscRep_SUB:FEATURE_LOCATION_CONFLICT::Coding region xref gene does not exist
plasmid_files/KF701335.1_results/PROKKA_06292018:CDS	hypothetical protein	KF701335.1:c25539-24955	CBCEAKGJ_00034

DiscRep_SUB:FEATURE_LOCATION_CONFLICT::Coding region xref gene does not exist
plasmid_files/KF701335.1_results/PROKKA_06292018:CDS	hypothetical protein	KF701335.1:c25784-25536	CBCEAKGJ_00035

DiscRep_SUB:FEATURE_LOCATION_CONFLICT::Coding region xref gene does not exist
plasmid_files/KF701335.1_results/PROKKA_06292018:CDS	putative HTH-type transcriptional regulator YbaQ	KF701335.1:c26092-25784	CBCEAKGJ_00036

DiscRep_SUB:FEATURE_LOCATION_CONFLICT::Coding region xref gene does not exist
plasmid_files/KF701335.1_results/PROKKA_06292018:CDS	Plasmid replication initiator protein TrfA	KF701335.1:c28285-27467	CBCEAKGJ_00037

DiscRep_SUB:FEATURE_LOCATION_CONFLICT::Coding region xref gene does not exist
plasmid_files/KF701335.1_results/PROKKA_06292018:CDS	Single-stranded DNA-binding protein A	KF701335.1:c28737-28366	CBCEAKGJ_00038

DiscRep_SUB:FEATURE_LOCATION_CONFLICT::Coding region xref gene does not exist
plasmid_files/KF701335.1_results/PROKKA_06292018:CDS	HTH-type transcriptional regulator DdrOC	KF701335.1:28843-29247	CBCEAKGJ_00039

DiscRep_SUB:FEATURE_LOCATION_CONFLICT::Coding region xref gene does not exist
plasmid_files/KF701335.1_results/PROKKA_06292018:CDS	Type IV secretion system protein PtlH	KF701335.1:29432-30388	CBCEAKGJ_00040

DiscRep_SUB:FEATURE_LOCATION_CONFLICT::Coding region xref gene does not exist
plasmid_files/KF701335.1_results/PROKKA_06292018:CDS	hypothetical protein	KF701335.1:30502-30885	CBCEAKGJ_00041

DiscRep_SUB:FEATURE_LOCATION_CONFLICT::Coding region xref gene does not exist
plasmid_files/KF701335.1_results/PROKKA_06292018:CDS	hypothetical protein	KF701335.1:30888-31214	CBCEAKGJ_00042

DiscRep_SUB:FEATURE_LOCATION_CONFLICT::Coding region xref gene does not exist
plasmid_files/KF701335.1_results/PROKKA_06292018:CDS	Type IV secretion system protein virB4	KF701335.1:31211-33754	CBCEAKGJ_00043

DiscRep_SUB:FEATURE_LOCATION_CONFLICT::Coding region xref gene does not exist
plasmid_files/KF701335.1_results/PROKKA_06292018:CDS	hypothetical protein	KF701335.1:33751-34458	CBCEAKGJ_00044

DiscRep_SUB:FEATURE_LOCATION_CONFLICT::Coding region xref gene does not exist
plasmid_files/KF701335.1_results/PROKKA_06292018:CDS	hypothetical protein	KF701335.1:34474-35364	CBCEAKGJ_00045

DiscRep_SUB:FEATURE_LOCATION_CONFLICT::Coding region xref gene does not exist
plasmid_files/KF701335.1_results/PROKKA_06292018:CDS	hypothetical protein	KF701335.1:35367-35819	CBCEAKGJ_00046

DiscRep_SUB:FEATURE_LOCATION_CONFLICT::Coding region xref gene does not exist
plasmid_files/KF701335.1_results/PROKKA_06292018:CDS	Type IV secretion system protein PtlG	KF701335.1:35823-37217	CBCEAKGJ_00047

DiscRep_SUB:FEATURE_LOCATION_CONFLICT::Coding region xref gene does not exist
plasmid_files/KF701335.1_results/PROKKA_06292018:CDS	hypothetical protein	KF701335.1:37230-38012	CBCEAKGJ_00048

DiscRep_SUB:FEATURE_LOCATION_CONFLICT::Coding region xref gene does not exist
plasmid_files/KF701335.1_results/PROKKA_06292018:CDS	hypothetical protein	KF701335.1:38022-38222	CBCEAKGJ_00049

DiscRep_SUB:FEATURE_LOCATION_CONFLICT::Coding region xref gene does not exist
plasmid_files/KF701335.1_results/PROKKA_06292018:CDS	hypothetical protein	KF701335.1:38224-39777	CBCEAKGJ_00050

DiscRep_SUB:FEATURE_LOCATION_CONFLICT::Coding region xref gene does not exist
plasmid_files/KF701335.1_results/PROKKA_06292018:CDS	hypothetical protein	KF701335.1:39788-40093	CBCEAKGJ_00051

DiscRep_SUB:FEATURE_LOCATION_CONFLICT::Coding region xref gene does not exist
plasmid_files/KF701335.1_results/PROKKA_06292018:CDS	hypothetical protein	KF701335.1:40109-40879	CBCEAKGJ_00052

DiscRep_SUB:FEATURE_LOCATION_CONFLICT::Coding region xref gene does not exist
plasmid_files/KF701335.1_results/PROKKA_06292018:CDS	hypothetical protein	KF701335.1:40896-41582	CBCEAKGJ_00053

DiscRep_SUB:FEATURE_LOCATION_CONFLICT::Coding region xref gene does not exist
plasmid_files/KF701335.1_results/PROKKA_06292018:CDS	hypothetical protein	KF701335.1:c42511-42191	CBCEAKGJ_00054

DiscRep_SUB:FEATURE_LOCATION_CONFLICT::Coding region xref gene does not exist
plasmid_files/KF701335.1_results/PROKKA_06292018:CDS	hypothetical protein	KF701335.1:c43144-42914	CBCEAKGJ_00055

DiscRep_SUB:FEATURE_LOCATION_CONFLICT::Coding region xref gene does not exist
plasmid_files/KF701335.1_results/PROKKA_06292018:CDS	Thermonuclease	KF701335.1:c43827-43297	CBCEAKGJ_00056

DiscRep_SUB:FEATURE_LOCATION_CONFLICT::Coding region xref gene does not exist
plasmid_files/KF701335.1_results/PROKKA_06292018:CDS	Putative transposon Tn552 DNA-invertase bin3	KF701335.1:c44452-43817	CBCEAKGJ_00057

DiscRep_SUB:FEATURE_LOCATION_CONFLICT::Coding region xref gene does not exist
plasmid_files/KF701335.1_results/PROKKA_06292018:CDS	hypothetical protein	KF701335.1:c44937-44593	CBCEAKGJ_00058

DiscRep_SUB:FEATURE_LOCATION_CONFLICT::Coding region xref gene does not exist
plasmid_files/KF701335.1_results/PROKKA_06292018:CDS	hypothetical protein	KF701335.1:c45598-44942	CBCEAKGJ_00059

DiscRep_SUB:FEATURE_LOCATION_CONFLICT::Coding region xref gene does not exist
plasmid_files/KF701335.1_results/PROKKA_06292018:CDS	hypothetical protein	KF701335.1:c45948-45619	CBCEAKGJ_00060

DiscRep_SUB:FEATURE_LOCATION_CONFLICT::Coding region xref gene does not exist
plasmid_files/KF701335.1_results/PROKKA_06292018:CDS	hypothetical protein	KF701335.1:46175-47059	CBCEAKGJ_00061

DiscRep_SUB:FEATURE_LOCATION_CONFLICT::Coding region xref gene does not exist
plasmid_files/KF701335.1_results/PROKKA_06292018:CDS	hypothetical protein	KF701335.1:47062-47310	CBCEAKGJ_00062

DiscRep_SUB:FEATURE_LOCATION_CONFLICT::Coding region xref gene does not exist
plasmid_files/KF701335.1_results/PROKKA_06292018:CDS	hypothetical protein	KF701335.1:47379-47702	CBCEAKGJ_00063

DiscRep_SUB:FEATURE_LOCATION_CONFLICT::Coding region xref gene does not exist
plasmid_files/KF701335.1_results/PROKKA_06292018:CDS	hypothetical protein	KF701335.1:47647-47838	CBCEAKGJ_00064

DiscRep_SUB:FEATURE_LOCATION_CONFLICT::Coding region xref gene does not exist
plasmid_files/KF701335.1_results/PROKKA_06292018:CDS	hypothetical protein	KF701335.1:c48073-47876	CBCEAKGJ_00065

DiscRep_SUB:FEATURE_LOCATION_CONFLICT::Coding region xref gene does not exist
plasmid_files/KF701335.1_results/PROKKA_06292018:CDS	hypothetical protein	KF701335.1:c48711-48088	CBCEAKGJ_00066

DiscRep_SUB:FEATURE_LOCATION_CONFLICT::Coding region xref gene does not exist
plasmid_files/KF701335.1_results/PROKKA_06292018:CDS	hypothetical protein	KF701335.1:48865-49071	CBCEAKGJ_00067

DiscRep_SUB:FEATURE_LOCATION_CONFLICT::Coding region xref gene does not exist
plasmid_files/KF701335.1_results/PROKKA_06292018:CDS	hypothetical protein	KF701335.1:49099-49557	CBCEAKGJ_00068

DiscRep_SUB:FEATURE_LOCATION_CONFLICT::Coding region xref gene does not exist
plasmid_files/KF701335.1_results/PROKKA_06292018:CDS	hypothetical protein	KF701335.1:c49632-49525	CBCEAKGJ_00069

DiscRep_SUB:FEATURE_LOCATION_CONFLICT::Coding region xref gene does not exist
plasmid_files/KF701335.1_results/PROKKA_06292018:CDS	Hemolysin expression-modulating protein Hha	KF701335.1:c49759-49580	CBCEAKGJ_00070

DiscRep_SUB:FEATURE_LOCATION_CONFLICT::Coding region xref gene does not exist
plasmid_files/KF701335.1_results/PROKKA_06292018:CDS	hypothetical protein	KF701335.1:c50283-49792	CBCEAKGJ_00071

DiscRep_SUB:FEATURE_LOCATION_CONFLICT::Coding region xref gene does not exist
plasmid_files/KF701335.1_results/PROKKA_06292018:CDS	Protein TraB	KF701335.1:c50792-50328	CBCEAKGJ_00072

DiscRep_SUB:FEATURE_LOCATION_CONFLICT::Coding region xref gene does not exist
plasmid_files/KF701335.1_results/PROKKA_06292018:CDS	DNA primase TraC	KF701335.1:c54807-50848	CBCEAKGJ_00073

DiscRep_SUB:FEATURE_LOCATION_CONFLICT::Coding region xref gene does not exist
plasmid_files/KF701335.1_results/PROKKA_06292018:CDS	Protein TraD	KF701335.1:c54998-54813	CBCEAKGJ_00074

DiscRep_SUB:FEATURE_LOCATION_CONFLICT::Coding region xref gene does not exist
plasmid_files/KF701335.1_results/PROKKA_06292018:CDS	DNA topoisomerase 3	KF701335.1:c55630-55025	CBCEAKGJ_00075

DiscRep_SUB:FEATURE_LOCATION_CONFLICT::Coding region xref gene does not exist
plasmid_files/KF701335.1_results/PROKKA_06292018:CDS	DNA topoisomerase 3	KF701335.1:c57027-55627	CBCEAKGJ_00076

DiscRep_SUB:FEATURE_LOCATION_CONFLICT::Coding region xref gene does not exist
plasmid_files/KF701335.1_results/PROKKA_06292018:CDS	hypothetical protein	KF701335.1:c57450-57121	CBCEAKGJ_00077

DiscRep_SUB:FEATURE_LOCATION_CONFLICT::Coding region xref gene does not exist
plasmid_files/KF701335.1_results/PROKKA_06292018:CDS	hypothetical protein	KF701335.1:c58004-57471	CBCEAKGJ_00078

DiscRep_SUB:FEATURE_LOCATION_CONFLICT::Coding region xref gene does not exist
plasmid_files/KF701335.1_results/PROKKA_06292018:CDS	Conjugal transfer protein TraG	KF701335.1:c59947-58001	CBCEAKGJ_00079

DiscRep_SUB:FEATURE_LOCATION_CONFLICT::Coding region xref gene does not exist
plasmid_files/KF701335.1_results/PROKKA_06292018:CDS	hypothetical protein	KF701335.1:c60089-59934	CBCEAKGJ_00080

DiscRep_SUB:FEATURE_LOCATION_CONFLICT::Coding region xref gene does not exist
plasmid_files/KF701335.1_results/PROKKA_06292018:CDS	Protein TraI	KF701335.1:c62695-60086	CBCEAKGJ_00081

DiscRep_SUB:FEATURE_LOCATION_CONFLICT::Coding region xref gene does not exist
plasmid_files/KF701335.1_results/PROKKA_06292018:CDS	Protein TraJ	KF701335.1:c63100-62744	CBCEAKGJ_00082

DiscRep_SUB:FEATURE_LOCATION_CONFLICT::Coding region xref gene does not exist
plasmid_files/KF701335.1_results/PROKKA_06292018:CDS	Protein TraK	KF701335.1:63448-63882	CBCEAKGJ_00083

DiscRep_SUB:FEATURE_LOCATION_CONFLICT::Coding region xref gene does not exist
plasmid_files/KF701335.1_results/PROKKA_06292018:CDS	Protein TraL	KF701335.1:63882-64667	CBCEAKGJ_00084

DiscRep_SUB:FEATURE_LOCATION_CONFLICT::Coding region xref gene does not exist
plasmid_files/KF701335.1_results/PROKKA_06292018:CDS	Protein TraM	KF701335.1:64667-65107	CBCEAKGJ_00085

DiscRep_SUB:FEATURE_LOCATION_CONFLICT::Coding region xref gene does not exist
plasmid_files/KF701335.1_results/PROKKA_06292018:CDS	hypothetical protein	KF701335.1:65158-65391	CBCEAKGJ_00086

DiscRep_SUB:FEATURE_LOCATION_CONFLICT::Coding region xref gene does not exist
plasmid_files/KF701335.1_results/PROKKA_06292018:CDS	hypothetical protein	KF701335.1:c66321-65641	CBCEAKGJ_00087

DiscRep_SUB:FEATURE_LOCATION_CONFLICT::Coding region xref gene does not exist
plasmid_files/KF701335.1_results/PROKKA_06292018:CDS	Adenosine monophosphate-protein transferase VbhT	KF701335.1:c67356-66343	CBCEAKGJ_00088

DiscRep_SUB:FEATURE_LOCATION_CONFLICT::Coding region xref gene does not exist
plasmid_files/KF701335.1_results/PROKKA_06292018:CDS	hypothetical protein	KF701335.1:c67550-67353	CBCEAKGJ_00089

DiscRep_SUB:FEATURE_LOCATION_CONFLICT::Coding region xref gene does not exist
plasmid_files/KF701335.1_results/PROKKA_06292018:CDS	Transcriptional repressor protein KorB	KF701335.1:c68689-67676	CBCEAKGJ_00090

DiscRep_SUB:FEATURE_LOCATION_CONFLICT::Coding region xref gene does not exist
plasmid_files/KF701335.1_results/PROKKA_06292018:CDS	Chromosome-partitioning ATPase Soj	KF701335.1:c69453-68689	CBCEAKGJ_00091

DiscRep_ALL:OVERLAPPING_CDS::2 coding regions overlap another coding region with a similar or identical name.
DiscRep_SUB:OVERLAPPING_CDS::2 coding regions overlap another coding region with a similar or identical name that do not have the appropriate note text
plasmid_files/KF701335.1_results/PROKKA_06292018:CDS	DNA topoisomerase 3	KF701335.1:c55630-55025	CBCEAKGJ_00075
plasmid_files/KF701335.1_results/PROKKA_06292018:CDS	DNA topoisomerase 3	KF701335.1:c57027-55627	CBCEAKGJ_00076

DiscRep_ALL:SUSPECT_PRODUCT_NAMES::1 product_names contain suspect phrase or characters
DiscRep_SUB:SUSPECT_PRODUCT_NAMES::May contain database identifier more appropriate in note; remove from product name
DiscRep_SUB:SUSPECT_PRODUCT_NAMES::1 features Three or more numbers together
plasmid_files/KF701335.1_results/PROKKA_06292018:CDS	Putative transposon Tn552 DNA-invertase bin3	KF701335.1:c44452-43817	CBCEAKGJ_00057

DiscRep_ALL:DISC_QUALITY_SCORES::Quality scores are missing on all sequences.

DiscRep_ALL:ONCALLER_COMMENT_PRESENT::1 comment descriptors were found (all same)
plasmid_files/KF701335.1_results/PROKKA_06292018:KF701335.1:Annotated using prokka 1.14-dev from https://github.com/tseemann/prokka

DiscRep_ALL:SHORT_PROT_SEQUENCES::2 protein sequences are shorter than 50 aa.
plasmid_files/KF701335.1_results/PROKKA_06292018:KF701335.1_9 (length 40)
plasmid_files/KF701335.1_results/PROKKA_06292018:KF701335.1_69 (length 35)

DiscRep_ALL:MISSING_GENOMEASSEMBLY_COMMENTS::1 bioseqs are missing GenomeAssembly structured comments
plasmid_files/KF701335.1_results/PROKKA_06292018:KF701335.1 (length 69453)

DiscRep_ALL:MOLTYPE_NOT_MRNA::1 molecule types are not set as mRNA.
plasmid_files/KF701335.1_results/PROKKA_06292018:KF701335.1 (length 69453)

DiscRep_ALL:TECHNIQUE_NOT_TSA::1 technique are not set as TSA
plasmid_files/KF701335.1_results/PROKKA_06292018:KF701335.1 (length 69453)

DiscRep_ALL:MISSING_STRUCTURED_COMMENT::1 sequences do not include structured comments.
plasmid_files/KF701335.1_results/PROKKA_06292018:KF701335.1 (length 69453)

DiscRep_ALL:MISSING_PROJECT::92 sequences do not include project.
plasmid_files/KF701335.1_results/PROKKA_06292018:KF701335.1 (length 69453)
plasmid_files/KF701335.1_results/PROKKA_06292018:KF701335.1_1 (length 117)
plasmid_files/KF701335.1_results/PROKKA_06292018:KF701335.1_2 (length 240)
plasmid_files/KF701335.1_results/PROKKA_06292018:KF701335.1_3 (length 370)
plasmid_files/KF701335.1_results/PROKKA_06292018:KF701335.1_4 (length 261)
plasmid_files/KF701335.1_results/PROKKA_06292018:KF701335.1_5 (length 157)
plasmid_files/KF701335.1_results/PROKKA_06292018:KF701335.1_6 (length 125)
plasmid_files/KF701335.1_results/PROKKA_06292018:KF701335.1_7 (length 107)
plasmid_files/KF701335.1_results/PROKKA_06292018:KF701335.1_8 (length 74)
plasmid_files/KF701335.1_results/PROKKA_06292018:KF701335.1_9 (length 40)
plasmid_files/KF701335.1_results/PROKKA_06292018:KF701335.1_10 (length 86)
plasmid_files/KF701335.1_results/PROKKA_06292018:KF701335.1_11 (length 372)
plasmid_files/KF701335.1_results/PROKKA_06292018:KF701335.1_12 (length 155)
plasmid_files/KF701335.1_results/PROKKA_06292018:KF701335.1_13 (length 509)
plasmid_files/KF701335.1_results/PROKKA_06292018:KF701335.1_14 (length 234)
plasmid_files/KF701335.1_results/PROKKA_06292018:KF701335.1_15 (length 116)
plasmid_files/KF701335.1_results/PROKKA_06292018:KF701335.1_16 (length 262)
plasmid_files/KF701335.1_results/PROKKA_06292018:KF701335.1_17 (length 172)
plasmid_files/KF701335.1_results/PROKKA_06292018:KF701335.1_18 (length 138)
plasmid_files/KF701335.1_results/PROKKA_06292018:KF701335.1_19 (length 234)
plasmid_files/KF701335.1_results/PROKKA_06292018:KF701335.1_20 (length 205)
plasmid_files/KF701335.1_results/PROKKA_06292018:KF701335.1_21 (length 186)
plasmid_files/KF701335.1_results/PROKKA_06292018:KF701335.1_22 (length 92)
plasmid_files/KF701335.1_results/PROKKA_06292018:KF701335.1_23 (length 140)
plasmid_files/KF701335.1_results/PROKKA_06292018:KF701335.1_24 (length 51)
plasmid_files/KF701335.1_results/PROKKA_06292018:KF701335.1_25 (length 98)
plasmid_files/KF701335.1_results/PROKKA_06292018:KF701335.1_26 (length 326)
plasmid_files/KF701335.1_results/PROKKA_06292018:KF701335.1_27 (length 293)
plasmid_files/KF701335.1_results/PROKKA_06292018:KF701335.1_28 (length 124)
plasmid_files/KF701335.1_results/PROKKA_06292018:KF701335.1_29 (length 137)
plasmid_files/KF701335.1_results/PROKKA_06292018:KF701335.1_30 (length 185)
plasmid_files/KF701335.1_results/PROKKA_06292018:KF701335.1_31 (length 1001)
plasmid_files/KF701335.1_results/PROKKA_06292018:KF701335.1_32 (length 113)
plasmid_files/KF701335.1_results/PROKKA_06292018:KF701335.1_33 (length 65)
plasmid_files/KF701335.1_results/PROKKA_06292018:KF701335.1_34 (length 194)
plasmid_files/KF701335.1_results/PROKKA_06292018:KF701335.1_35 (length 82)
plasmid_files/KF701335.1_results/PROKKA_06292018:KF701335.1_36 (length 102)
plasmid_files/KF701335.1_results/PROKKA_06292018:KF701335.1_37 (length 272)
plasmid_files/KF701335.1_results/PROKKA_06292018:KF701335.1_38 (length 123)
plasmid_files/KF701335.1_results/PROKKA_06292018:KF701335.1_39 (length 134)
plasmid_files/KF701335.1_results/PROKKA_06292018:KF701335.1_40 (length 318)
plasmid_files/KF701335.1_results/PROKKA_06292018:KF701335.1_41 (length 127)
plasmid_files/KF701335.1_results/PROKKA_06292018:KF701335.1_42 (length 108)
plasmid_files/KF701335.1_results/PROKKA_06292018:KF701335.1_43 (length 847)
plasmid_files/KF701335.1_results/PROKKA_06292018:KF701335.1_44 (length 235)
plasmid_files/KF701335.1_results/PROKKA_06292018:KF701335.1_45 (length 296)
plasmid_files/KF701335.1_results/PROKKA_06292018:KF701335.1_46 (length 150)
plasmid_files/KF701335.1_results/PROKKA_06292018:KF701335.1_47 (length 464)
plasmid_files/KF701335.1_results/PROKKA_06292018:KF701335.1_48 (length 260)
plasmid_files/KF701335.1_results/PROKKA_06292018:KF701335.1_49 (length 66)
plasmid_files/KF701335.1_results/PROKKA_06292018:KF701335.1_50 (length 517)
plasmid_files/KF701335.1_results/PROKKA_06292018:KF701335.1_51 (length 101)
plasmid_files/KF701335.1_results/PROKKA_06292018:KF701335.1_52 (length 256)
plasmid_files/KF701335.1_results/PROKKA_06292018:KF701335.1_53 (length 228)
plasmid_files/KF701335.1_results/PROKKA_06292018:KF701335.1_54 (length 106)
plasmid_files/KF701335.1_results/PROKKA_06292018:KF701335.1_55 (length 76)
plasmid_files/KF701335.1_results/PROKKA_06292018:KF701335.1_56 (length 176)
plasmid_files/KF701335.1_results/PROKKA_06292018:KF701335.1_57 (length 211)
plasmid_files/KF701335.1_results/PROKKA_06292018:KF701335.1_58 (length 114)
plasmid_files/KF701335.1_results/PROKKA_06292018:KF701335.1_59 (length 218)
plasmid_files/KF701335.1_results/PROKKA_06292018:KF701335.1_60 (length 109)
plasmid_files/KF701335.1_results/PROKKA_06292018:KF701335.1_61 (length 294)
plasmid_files/KF701335.1_results/PROKKA_06292018:KF701335.1_62 (length 82)
plasmid_files/KF701335.1_results/PROKKA_06292018:KF701335.1_63 (length 107)
plasmid_files/KF701335.1_results/PROKKA_06292018:KF701335.1_64 (length 63)
plasmid_files/KF701335.1_results/PROKKA_06292018:KF701335.1_65 (length 65)
plasmid_files/KF701335.1_results/PROKKA_06292018:KF701335.1_66 (length 207)
plasmid_files/KF701335.1_results/PROKKA_06292018:KF701335.1_67 (length 68)
plasmid_files/KF701335.1_results/PROKKA_06292018:KF701335.1_68 (length 152)
plasmid_files/KF701335.1_results/PROKKA_06292018:KF701335.1_69 (length 35)
plasmid_files/KF701335.1_results/PROKKA_06292018:KF701335.1_70 (length 59)
plasmid_files/KF701335.1_results/PROKKA_06292018:KF701335.1_71 (length 163)
plasmid_files/KF701335.1_results/PROKKA_06292018:KF701335.1_72 (length 154)
plasmid_files/KF701335.1_results/PROKKA_06292018:KF701335.1_73 (length 1319)
plasmid_files/KF701335.1_results/PROKKA_06292018:KF701335.1_74 (length 61)
plasmid_files/KF701335.1_results/PROKKA_06292018:KF701335.1_75 (length 201)
plasmid_files/KF701335.1_results/PROKKA_06292018:KF701335.1_76 (length 466)
plasmid_files/KF701335.1_results/PROKKA_06292018:KF701335.1_77 (length 109)
plasmid_files/KF701335.1_results/PROKKA_06292018:KF701335.1_78 (length 177)
plasmid_files/KF701335.1_results/PROKKA_06292018:KF701335.1_79 (length 648)
plasmid_files/KF701335.1_results/PROKKA_06292018:KF701335.1_80 (length 51)
plasmid_files/KF701335.1_results/PROKKA_06292018:KF701335.1_81 (length 869)
plasmid_files/KF701335.1_results/PROKKA_06292018:KF701335.1_82 (length 118)
plasmid_files/KF701335.1_results/PROKKA_06292018:KF701335.1_83 (length 144)
plasmid_files/KF701335.1_results/PROKKA_06292018:KF701335.1_84 (length 261)
plasmid_files/KF701335.1_results/PROKKA_06292018:KF701335.1_85 (length 146)
plasmid_files/KF701335.1_results/PROKKA_06292018:KF701335.1_86 (length 77)
plasmid_files/KF701335.1_results/PROKKA_06292018:KF701335.1_87 (length 226)
plasmid_files/KF701335.1_results/PROKKA_06292018:KF701335.1_88 (length 337)
plasmid_files/KF701335.1_results/PROKKA_06292018:KF701335.1_89 (length 65)
plasmid_files/KF701335.1_results/PROKKA_06292018:KF701335.1_90 (length 337)
plasmid_files/KF701335.1_results/PROKKA_06292018:KF701335.1_91 (length 254)

DiscRep_ALL:DISC_INCONSISTENT_MOLINFO_TECH::Molinfo Technique Report (some missing, all same)
DiscRep_SUB:DISC_INCONSISTENT_MOLINFO_TECH::technique (all missing)
DiscRep_SUB:DISC_INCONSISTENT_MOLINFO_TECH::1 Molinfos are missing field technique
plasmid_files/KF701335.1_results/PROKKA_06292018:KF701335.1 (length 69453)

