Discrepancy Report Results

Summary
FATAL: MISSING_PROTEIN_ID:59 proteins have invalid IDs.
DISC_SOURCE_QUALS_ASNDISC:strain (all present, all unique)
DISC_SOURCE_QUALS_ASNDISC:taxname (all present, all unique)
DISC_FEATURE_COUNT:CDS: 59 present
DISC_COUNT_NUCLEOTIDES:1 nucleotide Bioseqs are present
FEATURE_LOCATION_CONFLICT:59 features have inconsistent gene locations.
DISC_QUALITY_SCORES:Quality scores are missing on all sequences.
ONCALLER_COMMENT_PRESENT:1 comment descriptors were found (all same)
SHORT_PROT_SEQUENCES:1 protein sequences are shorter than 50 aa.
MISSING_GENOMEASSEMBLY_COMMENTS:1 bioseqs are missing GenomeAssembly structured comments
MOLTYPE_NOT_MRNA:1 molecule types are not set as mRNA.
TECHNIQUE_NOT_TSA:1 technique are not set as TSA
MISSING_STRUCTURED_COMMENT:1 sequences do not include structured comments.
MISSING_PROJECT:60 sequences do not include project.
DISC_INCONSISTENT_MOLINFO_TECH:Molinfo Technique Report (some missing, all same)


Detailed Report

FATAL: DiscRep_ALL:MISSING_PROTEIN_ID::59 proteins have invalid IDs.
plasmid_files/KX881941.1_results/PROKKA_06292018:KX881941.1_1 (length 189)
plasmid_files/KX881941.1_results/PROKKA_06292018:KX881941.1_2 (length 303)
plasmid_files/KX881941.1_results/PROKKA_06292018:KX881941.1_3 (length 491)
plasmid_files/KX881941.1_results/PROKKA_06292018:KX881941.1_4 (length 202)
plasmid_files/KX881941.1_results/PROKKA_06292018:KX881941.1_5 (length 239)
plasmid_files/KX881941.1_results/PROKKA_06292018:KX881941.1_6 (length 113)
plasmid_files/KX881941.1_results/PROKKA_06292018:KX881941.1_7 (length 263)
plasmid_files/KX881941.1_results/PROKKA_06292018:KX881941.1_8 (length 421)
plasmid_files/KX881941.1_results/PROKKA_06292018:KX881941.1_9 (length 146)
plasmid_files/KX881941.1_results/PROKKA_06292018:KX881941.1_10 (length 141)
plasmid_files/KX881941.1_results/PROKKA_06292018:KX881941.1_11 (length 134)
plasmid_files/KX881941.1_results/PROKKA_06292018:KX881941.1_12 (length 79)
plasmid_files/KX881941.1_results/PROKKA_06292018:KX881941.1_13 (length 51)
plasmid_files/KX881941.1_results/PROKKA_06292018:KX881941.1_14 (length 181)
plasmid_files/KX881941.1_results/PROKKA_06292018:KX881941.1_15 (length 98)
plasmid_files/KX881941.1_results/PROKKA_06292018:KX881941.1_16 (length 119)
plasmid_files/KX881941.1_results/PROKKA_06292018:KX881941.1_17 (length 94)
plasmid_files/KX881941.1_results/PROKKA_06292018:KX881941.1_18 (length 110)
plasmid_files/KX881941.1_results/PROKKA_06292018:KX881941.1_19 (length 35)
plasmid_files/KX881941.1_results/PROKKA_06292018:KX881941.1_20 (length 59)
plasmid_files/KX881941.1_results/PROKKA_06292018:KX881941.1_21 (length 114)
plasmid_files/KX881941.1_results/PROKKA_06292018:KX881941.1_22 (length 122)
plasmid_files/KX881941.1_results/PROKKA_06292018:KX881941.1_23 (length 238)
plasmid_files/KX881941.1_results/PROKKA_06292018:KX881941.1_24 (length 128)
plasmid_files/KX881941.1_results/PROKKA_06292018:KX881941.1_25 (length 138)
plasmid_files/KX881941.1_results/PROKKA_06292018:KX881941.1_26 (length 509)
plasmid_files/KX881941.1_results/PROKKA_06292018:KX881941.1_27 (length 1078)
plasmid_files/KX881941.1_results/PROKKA_06292018:KX881941.1_28 (length 132)
plasmid_files/KX881941.1_results/PROKKA_06292018:KX881941.1_29 (length 234)
plasmid_files/KX881941.1_results/PROKKA_06292018:KX881941.1_30 (length 92)
plasmid_files/KX881941.1_results/PROKKA_06292018:KX881941.1_31 (length 286)
plasmid_files/KX881941.1_results/PROKKA_06292018:KX881941.1_32 (length 293)
plasmid_files/KX881941.1_results/PROKKA_06292018:KX881941.1_33 (length 185)
plasmid_files/KX881941.1_results/PROKKA_06292018:KX881941.1_34 (length 201)
plasmid_files/KX881941.1_results/PROKKA_06292018:KX881941.1_35 (length 965)
plasmid_files/KX881941.1_results/PROKKA_06292018:KX881941.1_36 (length 221)
plasmid_files/KX881941.1_results/PROKKA_06292018:KX881941.1_37 (length 59)
plasmid_files/KX881941.1_results/PROKKA_06292018:KX881941.1_38 (length 331)
plasmid_files/KX881941.1_results/PROKKA_06292018:KX881941.1_39 (length 386)
plasmid_files/KX881941.1_results/PROKKA_06292018:KX881941.1_40 (length 294)
plasmid_files/KX881941.1_results/PROKKA_06292018:KX881941.1_41 (length 232)
plasmid_files/KX881941.1_results/PROKKA_06292018:KX881941.1_42 (length 346)
plasmid_files/KX881941.1_results/PROKKA_06292018:KX881941.1_43 (length 75)
plasmid_files/KX881941.1_results/PROKKA_06292018:KX881941.1_44 (length 237)
plasmid_files/KX881941.1_results/PROKKA_06292018:KX881941.1_45 (length 866)
plasmid_files/KX881941.1_results/PROKKA_06292018:KX881941.1_46 (length 105)
plasmid_files/KX881941.1_results/PROKKA_06292018:KX881941.1_47 (length 97)
plasmid_files/KX881941.1_results/PROKKA_06292018:KX881941.1_48 (length 93)
plasmid_files/KX881941.1_results/PROKKA_06292018:KX881941.1_49 (length 245)
plasmid_files/KX881941.1_results/PROKKA_06292018:KX881941.1_50 (length 101)
plasmid_files/KX881941.1_results/PROKKA_06292018:KX881941.1_51 (length 114)
plasmid_files/KX881941.1_results/PROKKA_06292018:KX881941.1_52 (length 104)
plasmid_files/KX881941.1_results/PROKKA_06292018:KX881941.1_53 (length 103)
plasmid_files/KX881941.1_results/PROKKA_06292018:KX881941.1_54 (length 307)
plasmid_files/KX881941.1_results/PROKKA_06292018:KX881941.1_55 (length 84)
plasmid_files/KX881941.1_results/PROKKA_06292018:KX881941.1_56 (length 68)
plasmid_files/KX881941.1_results/PROKKA_06292018:KX881941.1_57 (length 88)
plasmid_files/KX881941.1_results/PROKKA_06292018:KX881941.1_58 (length 477)
plasmid_files/KX881941.1_results/PROKKA_06292018:KX881941.1_59 (length 402)

DiscRep_ALL:DISC_SOURCE_QUALS_ASNDISC::strain (all present, all unique)
DiscRep_SUB:DISC_SOURCE_QUALS_ASNDISC::1 sources have unique values for strain
DiscRep_ALL:DISC_SOURCE_QUALS_ASNDISC::taxname (all present, all unique)
DiscRep_SUB:DISC_SOURCE_QUALS_ASNDISC::1 sources have unique values for taxname
DiscRep_ALL:DISC_FEATURE_COUNT::CDS: 59 present
DiscRep_ALL:DISC_COUNT_NUCLEOTIDES::1 nucleotide Bioseqs are present
plasmid_files/KX881941.1_results/PROKKA_06292018:KX881941.1 (length 49591)

DiscRep_ALL:FEATURE_LOCATION_CONFLICT::59 features have inconsistent gene locations.
DiscRep_SUB:FEATURE_LOCATION_CONFLICT::Coding region xref gene does not exist
plasmid_files/KX881941.1_results/PROKKA_06292018:CDS	DNA-invertase hin	KX881941.1:81-650	LAFAHBJG_00001

DiscRep_SUB:FEATURE_LOCATION_CONFLICT::Coding region xref gene does not exist
plasmid_files/KX881941.1_results/PROKKA_06292018:CDS	hypothetical protein	KX881941.1:c1707-796	LAFAHBJG_00002

DiscRep_SUB:FEATURE_LOCATION_CONFLICT::Coding region xref gene does not exist
plasmid_files/KX881941.1_results/PROKKA_06292018:CDS	Protein translocase subunit SecA	KX881941.1:c3514-2039	LAFAHBJG_00003

DiscRep_SUB:FEATURE_LOCATION_CONFLICT::Coding region xref gene does not exist
plasmid_files/KX881941.1_results/PROKKA_06292018:CDS	hypothetical protein	KX881941.1:c4875-4267	LAFAHBJG_00004

DiscRep_SUB:FEATURE_LOCATION_CONFLICT::Coding region xref gene does not exist
plasmid_files/KX881941.1_results/PROKKA_06292018:CDS	Replication initiation protein	KX881941.1:c5639-4920	LAFAHBJG_00005

DiscRep_SUB:FEATURE_LOCATION_CONFLICT::Coding region xref gene does not exist
plasmid_files/KX881941.1_results/PROKKA_06292018:CDS	hypothetical protein	KX881941.1:6199-6540	LAFAHBJG_00006

DiscRep_SUB:FEATURE_LOCATION_CONFLICT::Coding region xref gene does not exist
plasmid_files/KX881941.1_results/PROKKA_06292018:CDS	hypothetical protein	KX881941.1:c7346-6555	LAFAHBJG_00007

DiscRep_SUB:FEATURE_LOCATION_CONFLICT::Coding region xref gene does not exist
plasmid_files/KX881941.1_results/PROKKA_06292018:CDS	Protein UmuC	KX881941.1:c8762-7497	LAFAHBJG_00008

DiscRep_SUB:FEATURE_LOCATION_CONFLICT::Coding region xref gene does not exist
plasmid_files/KX881941.1_results/PROKKA_06292018:CDS	Protein UmuD	KX881941.1:c9190-8750	LAFAHBJG_00009

DiscRep_SUB:FEATURE_LOCATION_CONFLICT::Coding region xref gene does not exist
plasmid_files/KX881941.1_results/PROKKA_06292018:CDS	Antirestriction protein KlcA	KX881941.1:9606-10031	LAFAHBJG_00010

DiscRep_SUB:FEATURE_LOCATION_CONFLICT::Coding region xref gene does not exist
plasmid_files/KX881941.1_results/PROKKA_06292018:CDS	hypothetical protein	KX881941.1:10089-10493	LAFAHBJG_00011

DiscRep_SUB:FEATURE_LOCATION_CONFLICT::Coding region xref gene does not exist
plasmid_files/KX881941.1_results/PROKKA_06292018:CDS	hypothetical protein	KX881941.1:10503-10742	LAFAHBJG_00012

DiscRep_SUB:FEATURE_LOCATION_CONFLICT::Coding region xref gene does not exist
plasmid_files/KX881941.1_results/PROKKA_06292018:CDS	hypothetical protein	KX881941.1:10814-10969	LAFAHBJG_00013

DiscRep_SUB:FEATURE_LOCATION_CONFLICT::Coding region xref gene does not exist
plasmid_files/KX881941.1_results/PROKKA_06292018:CDS	hypothetical protein	KX881941.1:10969-11514	LAFAHBJG_00014

DiscRep_SUB:FEATURE_LOCATION_CONFLICT::Coding region xref gene does not exist
plasmid_files/KX881941.1_results/PROKKA_06292018:CDS	hypothetical protein	KX881941.1:11627-11923	LAFAHBJG_00015

DiscRep_SUB:FEATURE_LOCATION_CONFLICT::Coding region xref gene does not exist
plasmid_files/KX881941.1_results/PROKKA_06292018:CDS	hypothetical protein	KX881941.1:11920-12279	LAFAHBJG_00016

DiscRep_SUB:FEATURE_LOCATION_CONFLICT::Coding region xref gene does not exist
plasmid_files/KX881941.1_results/PROKKA_06292018:CDS	hypothetical protein	KX881941.1:12348-12632	LAFAHBJG_00017

DiscRep_SUB:FEATURE_LOCATION_CONFLICT::Coding region xref gene does not exist
plasmid_files/KX881941.1_results/PROKKA_06292018:CDS	hypothetical protein	KX881941.1:12841-13173	LAFAHBJG_00018

DiscRep_SUB:FEATURE_LOCATION_CONFLICT::Coding region xref gene does not exist
plasmid_files/KX881941.1_results/PROKKA_06292018:CDS	hypothetical protein	KX881941.1:13658-13765	LAFAHBJG_00019

DiscRep_SUB:FEATURE_LOCATION_CONFLICT::Coding region xref gene does not exist
plasmid_files/KX881941.1_results/PROKKA_06292018:CDS	hypothetical protein	KX881941.1:14532-14711	LAFAHBJG_00020

DiscRep_SUB:FEATURE_LOCATION_CONFLICT::Coding region xref gene does not exist
plasmid_files/KX881941.1_results/PROKKA_06292018:CDS	hypothetical protein	KX881941.1:c15517-15173	LAFAHBJG_00021

DiscRep_SUB:FEATURE_LOCATION_CONFLICT::Coding region xref gene does not exist
plasmid_files/KX881941.1_results/PROKKA_06292018:CDS	hypothetical protein	KX881941.1:c16086-15718	LAFAHBJG_00022

DiscRep_SUB:FEATURE_LOCATION_CONFLICT::Coding region xref gene does not exist
plasmid_files/KX881941.1_results/PROKKA_06292018:CDS	hypothetical protein	KX881941.1:c16804-16088	LAFAHBJG_00023

DiscRep_SUB:FEATURE_LOCATION_CONFLICT::Coding region xref gene does not exist
plasmid_files/KX881941.1_results/PROKKA_06292018:CDS	hypothetical protein	KX881941.1:c17199-16813	LAFAHBJG_00024

DiscRep_SUB:FEATURE_LOCATION_CONFLICT::Coding region xref gene does not exist
plasmid_files/KX881941.1_results/PROKKA_06292018:CDS	hypothetical protein	KX881941.1:17788-18204	LAFAHBJG_00025

DiscRep_SUB:FEATURE_LOCATION_CONFLICT::Coding region xref gene does not exist
plasmid_files/KX881941.1_results/PROKKA_06292018:CDS	Coupling protein TraD	KX881941.1:18206-19735	LAFAHBJG_00026

DiscRep_SUB:FEATURE_LOCATION_CONFLICT::Coding region xref gene does not exist
plasmid_files/KX881941.1_results/PROKKA_06292018:CDS	Multifunctional conjugation protein TraI	KX881941.1:19735-22971	LAFAHBJG_00027

DiscRep_SUB:FEATURE_LOCATION_CONFLICT::Coding region xref gene does not exist
plasmid_files/KX881941.1_results/PROKKA_06292018:CDS	hypothetical protein	KX881941.1:22971-23369	LAFAHBJG_00028

DiscRep_SUB:FEATURE_LOCATION_CONFLICT::Coding region xref gene does not exist
plasmid_files/KX881941.1_results/PROKKA_06292018:CDS	hypothetical protein	KX881941.1:23736-24440	LAFAHBJG_00029

DiscRep_SUB:FEATURE_LOCATION_CONFLICT::Coding region xref gene does not exist
plasmid_files/KX881941.1_results/PROKKA_06292018:CDS	Transposon Tn3 resolvase	KX881941.1:24480-24758	LAFAHBJG_00030

DiscRep_SUB:FEATURE_LOCATION_CONFLICT::Coding region xref gene does not exist
plasmid_files/KX881941.1_results/PROKKA_06292018:CDS	Beta-lactamase TEM	KX881941.1:24941-25801	LAFAHBJG_00031

DiscRep_SUB:FEATURE_LOCATION_CONFLICT::Coding region xref gene does not exist
plasmid_files/KX881941.1_results/PROKKA_06292018:CDS	Carbapenem-hydrolyzing beta-lactamase KPC	KX881941.1:26060-26941	LAFAHBJG_00032

DiscRep_SUB:FEATURE_LOCATION_CONFLICT::Coding region xref gene does not exist
plasmid_files/KX881941.1_results/PROKKA_06292018:CDS	hypothetical protein	KX881941.1:c27748-27191	LAFAHBJG_00033

DiscRep_SUB:FEATURE_LOCATION_CONFLICT::Coding region xref gene does not exist
plasmid_files/KX881941.1_results/PROKKA_06292018:CDS	Serine recombinase PinR	KX881941.1:c28506-27901	LAFAHBJG_00034

DiscRep_SUB:FEATURE_LOCATION_CONFLICT::Coding region xref gene does not exist
plasmid_files/KX881941.1_results/PROKKA_06292018:CDS	hypothetical protein	KX881941.1:28601-31498	LAFAHBJG_00035

DiscRep_SUB:FEATURE_LOCATION_CONFLICT::Coding region xref gene does not exist
plasmid_files/KX881941.1_results/PROKKA_06292018:CDS	hypothetical protein	KX881941.1:c32179-31514	LAFAHBJG_00036

DiscRep_SUB:FEATURE_LOCATION_CONFLICT::Coding region xref gene does not exist
plasmid_files/KX881941.1_results/PROKKA_06292018:CDS	hypothetical protein	KX881941.1:c32635-32456	LAFAHBJG_00037

DiscRep_SUB:FEATURE_LOCATION_CONFLICT::Coding region xref gene does not exist
plasmid_files/KX881941.1_results/PROKKA_06292018:CDS	Type IV secretion system protein VirB11	KX881941.1:c33630-32635	LAFAHBJG_00038

DiscRep_SUB:FEATURE_LOCATION_CONFLICT::Coding region xref gene does not exist
plasmid_files/KX881941.1_results/PROKKA_06292018:CDS	Protein virB10	KX881941.1:c34832-33672	LAFAHBJG_00039

DiscRep_SUB:FEATURE_LOCATION_CONFLICT::Coding region xref gene does not exist
plasmid_files/KX881941.1_results/PROKKA_06292018:CDS	Type IV secretion system protein virB9	KX881941.1:c35716-34832	LAFAHBJG_00040

DiscRep_SUB:FEATURE_LOCATION_CONFLICT::Coding region xref gene does not exist
plasmid_files/KX881941.1_results/PROKKA_06292018:CDS	Type IV secretion system protein virB8	KX881941.1:c36425-35727	LAFAHBJG_00041

DiscRep_SUB:FEATURE_LOCATION_CONFLICT::Coding region xref gene does not exist
plasmid_files/KX881941.1_results/PROKKA_06292018:CDS	Type IV secretion system protein VirB6	KX881941.1:c37683-36643	LAFAHBJG_00042

DiscRep_SUB:FEATURE_LOCATION_CONFLICT::Coding region xref gene does not exist
plasmid_files/KX881941.1_results/PROKKA_06292018:CDS	hypothetical protein	KX881941.1:c37926-37699	LAFAHBJG_00043

DiscRep_SUB:FEATURE_LOCATION_CONFLICT::Coding region xref gene does not exist
plasmid_files/KX881941.1_results/PROKKA_06292018:CDS	Type IV secretion system protein virB5	KX881941.1:c38647-37934	LAFAHBJG_00044

DiscRep_SUB:FEATURE_LOCATION_CONFLICT::Coding region xref gene does not exist
plasmid_files/KX881941.1_results/PROKKA_06292018:CDS	Type IV secretion system protein virB4	KX881941.1:c41265-38665	LAFAHBJG_00045

DiscRep_SUB:FEATURE_LOCATION_CONFLICT::Coding region xref gene does not exist
plasmid_files/KX881941.1_results/PROKKA_06292018:CDS	hypothetical protein	KX881941.1:c41582-41265	LAFAHBJG_00046

DiscRep_SUB:FEATURE_LOCATION_CONFLICT::Coding region xref gene does not exist
plasmid_files/KX881941.1_results/PROKKA_06292018:CDS	hypothetical protein	KX881941.1:c41926-41633	LAFAHBJG_00047

DiscRep_SUB:FEATURE_LOCATION_CONFLICT::Coding region xref gene does not exist
plasmid_files/KX881941.1_results/PROKKA_06292018:CDS	hypothetical protein	KX881941.1:c42217-41936	LAFAHBJG_00048

DiscRep_SUB:FEATURE_LOCATION_CONFLICT::Coding region xref gene does not exist
plasmid_files/KX881941.1_results/PROKKA_06292018:CDS	Type IV secretion system protein virB1	KX881941.1:c42963-42226	LAFAHBJG_00049

DiscRep_SUB:FEATURE_LOCATION_CONFLICT::Coding region xref gene does not exist
plasmid_files/KX881941.1_results/PROKKA_06292018:CDS	Trans-acting regulatory protein HvrA	KX881941.1:43072-43377	LAFAHBJG_00050

DiscRep_SUB:FEATURE_LOCATION_CONFLICT::Coding region xref gene does not exist
plasmid_files/KX881941.1_results/PROKKA_06292018:CDS	hypothetical protein	KX881941.1:43393-43737	LAFAHBJG_00051

DiscRep_SUB:FEATURE_LOCATION_CONFLICT::Coding region xref gene does not exist
plasmid_files/KX881941.1_results/PROKKA_06292018:CDS	hypothetical protein	KX881941.1:43734-44048	LAFAHBJG_00052

DiscRep_SUB:FEATURE_LOCATION_CONFLICT::Coding region xref gene does not exist
plasmid_files/KX881941.1_results/PROKKA_06292018:CDS	hypothetical protein	KX881941.1:44084-44395	LAFAHBJG_00053

DiscRep_SUB:FEATURE_LOCATION_CONFLICT::Coding region xref gene does not exist
plasmid_files/KX881941.1_results/PROKKA_06292018:CDS	hypothetical protein	KX881941.1:c45676-44753	LAFAHBJG_00054

DiscRep_SUB:FEATURE_LOCATION_CONFLICT::Coding region xref gene does not exist
plasmid_files/KX881941.1_results/PROKKA_06292018:CDS	hypothetical protein	KX881941.1:45904-46158	LAFAHBJG_00055

DiscRep_SUB:FEATURE_LOCATION_CONFLICT::Coding region xref gene does not exist
plasmid_files/KX881941.1_results/PROKKA_06292018:CDS	hypothetical protein	KX881941.1:46163-46369	LAFAHBJG_00056

DiscRep_SUB:FEATURE_LOCATION_CONFLICT::Coding region xref gene does not exist
plasmid_files/KX881941.1_results/PROKKA_06292018:CDS	hypothetical protein	KX881941.1:c46646-46380	LAFAHBJG_00057

DiscRep_SUB:FEATURE_LOCATION_CONFLICT::Coding region xref gene does not exist
plasmid_files/KX881941.1_results/PROKKA_06292018:CDS	DNA-cytosine methyltransferase	KX881941.1:46751-48184	LAFAHBJG_00058

DiscRep_SUB:FEATURE_LOCATION_CONFLICT::Coding region xref gene does not exist
plasmid_files/KX881941.1_results/PROKKA_06292018:CDS	Type-2 restriction enzyme EcoRII	KX881941.1:c49426-48218	LAFAHBJG_00059

DiscRep_ALL:DISC_QUALITY_SCORES::Quality scores are missing on all sequences.

DiscRep_ALL:ONCALLER_COMMENT_PRESENT::1 comment descriptors were found (all same)
plasmid_files/KX881941.1_results/PROKKA_06292018:KX881941.1:Annotated using prokka 1.14-dev from https://github.com/tseemann/prokka

DiscRep_ALL:SHORT_PROT_SEQUENCES::1 protein sequences are shorter than 50 aa.
plasmid_files/KX881941.1_results/PROKKA_06292018:KX881941.1_19 (length 35)

DiscRep_ALL:MISSING_GENOMEASSEMBLY_COMMENTS::1 bioseqs are missing GenomeAssembly structured comments
plasmid_files/KX881941.1_results/PROKKA_06292018:KX881941.1 (length 49591)

DiscRep_ALL:MOLTYPE_NOT_MRNA::1 molecule types are not set as mRNA.
plasmid_files/KX881941.1_results/PROKKA_06292018:KX881941.1 (length 49591)

DiscRep_ALL:TECHNIQUE_NOT_TSA::1 technique are not set as TSA
plasmid_files/KX881941.1_results/PROKKA_06292018:KX881941.1 (length 49591)

DiscRep_ALL:MISSING_STRUCTURED_COMMENT::1 sequences do not include structured comments.
plasmid_files/KX881941.1_results/PROKKA_06292018:KX881941.1 (length 49591)

DiscRep_ALL:MISSING_PROJECT::60 sequences do not include project.
plasmid_files/KX881941.1_results/PROKKA_06292018:KX881941.1 (length 49591)
plasmid_files/KX881941.1_results/PROKKA_06292018:KX881941.1_1 (length 189)
plasmid_files/KX881941.1_results/PROKKA_06292018:KX881941.1_2 (length 303)
plasmid_files/KX881941.1_results/PROKKA_06292018:KX881941.1_3 (length 491)
plasmid_files/KX881941.1_results/PROKKA_06292018:KX881941.1_4 (length 202)
plasmid_files/KX881941.1_results/PROKKA_06292018:KX881941.1_5 (length 239)
plasmid_files/KX881941.1_results/PROKKA_06292018:KX881941.1_6 (length 113)
plasmid_files/KX881941.1_results/PROKKA_06292018:KX881941.1_7 (length 263)
plasmid_files/KX881941.1_results/PROKKA_06292018:KX881941.1_8 (length 421)
plasmid_files/KX881941.1_results/PROKKA_06292018:KX881941.1_9 (length 146)
plasmid_files/KX881941.1_results/PROKKA_06292018:KX881941.1_10 (length 141)
plasmid_files/KX881941.1_results/PROKKA_06292018:KX881941.1_11 (length 134)
plasmid_files/KX881941.1_results/PROKKA_06292018:KX881941.1_12 (length 79)
plasmid_files/KX881941.1_results/PROKKA_06292018:KX881941.1_13 (length 51)
plasmid_files/KX881941.1_results/PROKKA_06292018:KX881941.1_14 (length 181)
plasmid_files/KX881941.1_results/PROKKA_06292018:KX881941.1_15 (length 98)
plasmid_files/KX881941.1_results/PROKKA_06292018:KX881941.1_16 (length 119)
plasmid_files/KX881941.1_results/PROKKA_06292018:KX881941.1_17 (length 94)
plasmid_files/KX881941.1_results/PROKKA_06292018:KX881941.1_18 (length 110)
plasmid_files/KX881941.1_results/PROKKA_06292018:KX881941.1_19 (length 35)
plasmid_files/KX881941.1_results/PROKKA_06292018:KX881941.1_20 (length 59)
plasmid_files/KX881941.1_results/PROKKA_06292018:KX881941.1_21 (length 114)
plasmid_files/KX881941.1_results/PROKKA_06292018:KX881941.1_22 (length 122)
plasmid_files/KX881941.1_results/PROKKA_06292018:KX881941.1_23 (length 238)
plasmid_files/KX881941.1_results/PROKKA_06292018:KX881941.1_24 (length 128)
plasmid_files/KX881941.1_results/PROKKA_06292018:KX881941.1_25 (length 138)
plasmid_files/KX881941.1_results/PROKKA_06292018:KX881941.1_26 (length 509)
plasmid_files/KX881941.1_results/PROKKA_06292018:KX881941.1_27 (length 1078)
plasmid_files/KX881941.1_results/PROKKA_06292018:KX881941.1_28 (length 132)
plasmid_files/KX881941.1_results/PROKKA_06292018:KX881941.1_29 (length 234)
plasmid_files/KX881941.1_results/PROKKA_06292018:KX881941.1_30 (length 92)
plasmid_files/KX881941.1_results/PROKKA_06292018:KX881941.1_31 (length 286)
plasmid_files/KX881941.1_results/PROKKA_06292018:KX881941.1_32 (length 293)
plasmid_files/KX881941.1_results/PROKKA_06292018:KX881941.1_33 (length 185)
plasmid_files/KX881941.1_results/PROKKA_06292018:KX881941.1_34 (length 201)
plasmid_files/KX881941.1_results/PROKKA_06292018:KX881941.1_35 (length 965)
plasmid_files/KX881941.1_results/PROKKA_06292018:KX881941.1_36 (length 221)
plasmid_files/KX881941.1_results/PROKKA_06292018:KX881941.1_37 (length 59)
plasmid_files/KX881941.1_results/PROKKA_06292018:KX881941.1_38 (length 331)
plasmid_files/KX881941.1_results/PROKKA_06292018:KX881941.1_39 (length 386)
plasmid_files/KX881941.1_results/PROKKA_06292018:KX881941.1_40 (length 294)
plasmid_files/KX881941.1_results/PROKKA_06292018:KX881941.1_41 (length 232)
plasmid_files/KX881941.1_results/PROKKA_06292018:KX881941.1_42 (length 346)
plasmid_files/KX881941.1_results/PROKKA_06292018:KX881941.1_43 (length 75)
plasmid_files/KX881941.1_results/PROKKA_06292018:KX881941.1_44 (length 237)
plasmid_files/KX881941.1_results/PROKKA_06292018:KX881941.1_45 (length 866)
plasmid_files/KX881941.1_results/PROKKA_06292018:KX881941.1_46 (length 105)
plasmid_files/KX881941.1_results/PROKKA_06292018:KX881941.1_47 (length 97)
plasmid_files/KX881941.1_results/PROKKA_06292018:KX881941.1_48 (length 93)
plasmid_files/KX881941.1_results/PROKKA_06292018:KX881941.1_49 (length 245)
plasmid_files/KX881941.1_results/PROKKA_06292018:KX881941.1_50 (length 101)
plasmid_files/KX881941.1_results/PROKKA_06292018:KX881941.1_51 (length 114)
plasmid_files/KX881941.1_results/PROKKA_06292018:KX881941.1_52 (length 104)
plasmid_files/KX881941.1_results/PROKKA_06292018:KX881941.1_53 (length 103)
plasmid_files/KX881941.1_results/PROKKA_06292018:KX881941.1_54 (length 307)
plasmid_files/KX881941.1_results/PROKKA_06292018:KX881941.1_55 (length 84)
plasmid_files/KX881941.1_results/PROKKA_06292018:KX881941.1_56 (length 68)
plasmid_files/KX881941.1_results/PROKKA_06292018:KX881941.1_57 (length 88)
plasmid_files/KX881941.1_results/PROKKA_06292018:KX881941.1_58 (length 477)
plasmid_files/KX881941.1_results/PROKKA_06292018:KX881941.1_59 (length 402)

DiscRep_ALL:DISC_INCONSISTENT_MOLINFO_TECH::Molinfo Technique Report (some missing, all same)
DiscRep_SUB:DISC_INCONSISTENT_MOLINFO_TECH::technique (all missing)
DiscRep_SUB:DISC_INCONSISTENT_MOLINFO_TECH::1 Molinfos are missing field technique
plasmid_files/KX881941.1_results/PROKKA_06292018:KX881941.1 (length 49591)

