Discrepancy Report Results

Summary
FATAL: MISSING_PROTEIN_ID:48 proteins have invalid IDs.
DISC_SOURCE_QUALS_ASNDISC:strain (all present, all unique)
DISC_SOURCE_QUALS_ASNDISC:taxname (all present, all unique)
DISC_FEATURE_COUNT:CDS: 48 present
DISC_COUNT_NUCLEOTIDES:1 nucleotide Bioseqs are present
FEATURE_LOCATION_CONFLICT:48 features have inconsistent gene locations.
DISC_QUALITY_SCORES:Quality scores are missing on all sequences.
ONCALLER_COMMENT_PRESENT:1 comment descriptors were found (all same)
SHORT_PROT_SEQUENCES:1 protein sequences are shorter than 50 aa.
MISSING_GENOMEASSEMBLY_COMMENTS:1 bioseqs are missing GenomeAssembly structured comments
MOLTYPE_NOT_MRNA:1 molecule types are not set as mRNA.
TECHNIQUE_NOT_TSA:1 technique are not set as TSA
MISSING_STRUCTURED_COMMENT:1 sequences do not include structured comments.
MISSING_PROJECT:49 sequences do not include project.
DISC_INCONSISTENT_MOLINFO_TECH:Molinfo Technique Report (some missing, all same)


Detailed Report

FATAL: DiscRep_ALL:MISSING_PROTEIN_ID::48 proteins have invalid IDs.
plasmid_files/MG557998.1_results/PROKKA_06292018:MG557998.1_1 (length 247)
plasmid_files/MG557998.1_results/PROKKA_06292018:MG557998.1_2 (length 258)
plasmid_files/MG557998.1_results/PROKKA_06292018:MG557998.1_3 (length 85)
plasmid_files/MG557998.1_results/PROKKA_06292018:MG557998.1_4 (length 288)
plasmid_files/MG557998.1_results/PROKKA_06292018:MG557998.1_5 (length 89)
plasmid_files/MG557998.1_results/PROKKA_06292018:MG557998.1_6 (length 401)
plasmid_files/MG557998.1_results/PROKKA_06292018:MG557998.1_7 (length 324)
plasmid_files/MG557998.1_results/PROKKA_06292018:MG557998.1_8 (length 423)
plasmid_files/MG557998.1_results/PROKKA_06292018:MG557998.1_9 (length 143)
plasmid_files/MG557998.1_results/PROKKA_06292018:MG557998.1_10 (length 495)
plasmid_files/MG557998.1_results/PROKKA_06292018:MG557998.1_11 (length 91)
plasmid_files/MG557998.1_results/PROKKA_06292018:MG557998.1_12 (length 125)
plasmid_files/MG557998.1_results/PROKKA_06292018:MG557998.1_13 (length 183)
plasmid_files/MG557998.1_results/PROKKA_06292018:MG557998.1_14 (length 307)
plasmid_files/MG557998.1_results/PROKKA_06292018:MG557998.1_15 (length 29)
plasmid_files/MG557998.1_results/PROKKA_06292018:MG557998.1_16 (length 128)
plasmid_files/MG557998.1_results/PROKKA_06292018:MG557998.1_17 (length 988)
plasmid_files/MG557998.1_results/PROKKA_06292018:MG557998.1_18 (length 186)
plasmid_files/MG557998.1_results/PROKKA_06292018:MG557998.1_19 (length 116)
plasmid_files/MG557998.1_results/PROKKA_06292018:MG557998.1_20 (length 337)
plasmid_files/MG557998.1_results/PROKKA_06292018:MG557998.1_21 (length 199)
plasmid_files/MG557998.1_results/PROKKA_06292018:MG557998.1_22 (length 291)
plasmid_files/MG557998.1_results/PROKKA_06292018:MG557998.1_23 (length 210)
plasmid_files/MG557998.1_results/PROKKA_06292018:MG557998.1_24 (length 150)
plasmid_files/MG557998.1_results/PROKKA_06292018:MG557998.1_25 (length 115)
plasmid_files/MG557998.1_results/PROKKA_06292018:MG557998.1_26 (length 279)
plasmid_files/MG557998.1_results/PROKKA_06292018:MG557998.1_27 (length 67)
plasmid_files/MG557998.1_results/PROKKA_06292018:MG557998.1_28 (length 401)
plasmid_files/MG557998.1_results/PROKKA_06292018:MG557998.1_29 (length 101)
plasmid_files/MG557998.1_results/PROKKA_06292018:MG557998.1_30 (length 254)
plasmid_files/MG557998.1_results/PROKKA_06292018:MG557998.1_31 (length 194)
plasmid_files/MG557998.1_results/PROKKA_06292018:MG557998.1_32 (length 412)
plasmid_files/MG557998.1_results/PROKKA_06292018:MG557998.1_33 (length 301)
plasmid_files/MG557998.1_results/PROKKA_06292018:MG557998.1_34 (length 109)
plasmid_files/MG557998.1_results/PROKKA_06292018:MG557998.1_35 (length 571)
plasmid_files/MG557998.1_results/PROKKA_06292018:MG557998.1_36 (length 1009)
plasmid_files/MG557998.1_results/PROKKA_06292018:MG557998.1_37 (length 341)
plasmid_files/MG557998.1_results/PROKKA_06292018:MG557998.1_38 (length 259)
plasmid_files/MG557998.1_results/PROKKA_06292018:MG557998.1_39 (length 293)
plasmid_files/MG557998.1_results/PROKKA_06292018:MG557998.1_40 (length 439)
plasmid_files/MG557998.1_results/PROKKA_06292018:MG557998.1_41 (length 172)
plasmid_files/MG557998.1_results/PROKKA_06292018:MG557998.1_42 (length 164)
plasmid_files/MG557998.1_results/PROKKA_06292018:MG557998.1_43 (length 358)
plasmid_files/MG557998.1_results/PROKKA_06292018:MG557998.1_44 (length 195)
plasmid_files/MG557998.1_results/PROKKA_06292018:MG557998.1_45 (length 94)
plasmid_files/MG557998.1_results/PROKKA_06292018:MG557998.1_46 (length 138)
plasmid_files/MG557998.1_results/PROKKA_06292018:MG557998.1_47 (length 76)
plasmid_files/MG557998.1_results/PROKKA_06292018:MG557998.1_48 (length 116)

DiscRep_ALL:DISC_SOURCE_QUALS_ASNDISC::strain (all present, all unique)
DiscRep_SUB:DISC_SOURCE_QUALS_ASNDISC::1 sources have unique values for strain
DiscRep_ALL:DISC_SOURCE_QUALS_ASNDISC::taxname (all present, all unique)
DiscRep_SUB:DISC_SOURCE_QUALS_ASNDISC::1 sources have unique values for taxname
DiscRep_ALL:DISC_FEATURE_COUNT::CDS: 48 present
DiscRep_ALL:DISC_COUNT_NUCLEOTIDES::1 nucleotide Bioseqs are present
plasmid_files/MG557998.1_results/PROKKA_06292018:MG557998.1 (length 46826)

DiscRep_ALL:FEATURE_LOCATION_CONFLICT::48 features have inconsistent gene locations.
DiscRep_SUB:FEATURE_LOCATION_CONFLICT::Coding region xref gene does not exist
plasmid_files/MG557998.1_results/PROKKA_06292018:CDS	hypothetical protein	MG557998.1:21-764	ONHOIBCB_00001

DiscRep_SUB:FEATURE_LOCATION_CONFLICT::Coding region xref gene does not exist
plasmid_files/MG557998.1_results/PROKKA_06292018:CDS	Tyrosine recombinase XerD	MG557998.1:761-1537	ONHOIBCB_00002

DiscRep_SUB:FEATURE_LOCATION_CONFLICT::Coding region xref gene does not exist
plasmid_files/MG557998.1_results/PROKKA_06292018:CDS	hypothetical protein	MG557998.1:c1852-1595	ONHOIBCB_00003

DiscRep_SUB:FEATURE_LOCATION_CONFLICT::Coding region xref gene does not exist
plasmid_files/MG557998.1_results/PROKKA_06292018:CDS	Replication initiation protein	MG557998.1:2615-3481	ONHOIBCB_00004

DiscRep_SUB:FEATURE_LOCATION_CONFLICT::Coding region xref gene does not exist
plasmid_files/MG557998.1_results/PROKKA_06292018:CDS	hypothetical protein	MG557998.1:c3927-3658	ONHOIBCB_00005

DiscRep_SUB:FEATURE_LOCATION_CONFLICT::Coding region xref gene does not exist
plasmid_files/MG557998.1_results/PROKKA_06292018:CDS	Plasmid partition protein A	MG557998.1:4342-5547	ONHOIBCB_00006

DiscRep_SUB:FEATURE_LOCATION_CONFLICT::Coding region xref gene does not exist
plasmid_files/MG557998.1_results/PROKKA_06292018:CDS	Virulence regulon transcriptional activator VirB	MG557998.1:5547-6521	ONHOIBCB_00007

DiscRep_SUB:FEATURE_LOCATION_CONFLICT::Coding region xref gene does not exist
plasmid_files/MG557998.1_results/PROKKA_06292018:CDS	Protein UmuC	MG557998.1:c7874-6603	ONHOIBCB_00008

DiscRep_SUB:FEATURE_LOCATION_CONFLICT::Coding region xref gene does not exist
plasmid_files/MG557998.1_results/PROKKA_06292018:CDS	Protein UmuD	MG557998.1:c8305-7874	ONHOIBCB_00009

DiscRep_SUB:FEATURE_LOCATION_CONFLICT::Coding region xref gene does not exist
plasmid_files/MG557998.1_results/PROKKA_06292018:CDS	Group II intron-encoded protein LtrA	MG557998.1:8711-10198	ONHOIBCB_00010

DiscRep_SUB:FEATURE_LOCATION_CONFLICT::Coding region xref gene does not exist
plasmid_files/MG557998.1_results/PROKKA_06292018:CDS	hypothetical protein	MG557998.1:10350-10625	ONHOIBCB_00011

DiscRep_SUB:FEATURE_LOCATION_CONFLICT::Coding region xref gene does not exist
plasmid_files/MG557998.1_results/PROKKA_06292018:CDS	hypothetical protein	MG557998.1:10670-11047	ONHOIBCB_00012

DiscRep_SUB:FEATURE_LOCATION_CONFLICT::Coding region xref gene does not exist
plasmid_files/MG557998.1_results/PROKKA_06292018:CDS	hypothetical protein	MG557998.1:c11727-11176	ONHOIBCB_00013

DiscRep_SUB:FEATURE_LOCATION_CONFLICT::Coding region xref gene does not exist
plasmid_files/MG557998.1_results/PROKKA_06292018:CDS	hypothetical protein	MG557998.1:12295-13218	ONHOIBCB_00014

DiscRep_SUB:FEATURE_LOCATION_CONFLICT::Coding region xref gene does not exist
plasmid_files/MG557998.1_results/PROKKA_06292018:CDS	hypothetical protein	MG557998.1:c13349-13260	ONHOIBCB_00015

DiscRep_SUB:FEATURE_LOCATION_CONFLICT::Coding region xref gene does not exist
plasmid_files/MG557998.1_results/PROKKA_06292018:CDS	hypothetical protein	MG557998.1:c13744-13358	ONHOIBCB_00016

DiscRep_SUB:FEATURE_LOCATION_CONFLICT::Coding region xref gene does not exist
plasmid_files/MG557998.1_results/PROKKA_06292018:CDS	hypothetical protein	MG557998.1:c17558-14592	ONHOIBCB_00017

DiscRep_SUB:FEATURE_LOCATION_CONFLICT::Coding region xref gene does not exist
plasmid_files/MG557998.1_results/PROKKA_06292018:CDS	DNA-invertase hin	MG557998.1:c18122-17562	ONHOIBCB_00018

DiscRep_SUB:FEATURE_LOCATION_CONFLICT::Coding region xref gene does not exist
plasmid_files/MG557998.1_results/PROKKA_06292018:CDS	Cyclic di-GMP phosphodiesterase PdeR	MG557998.1:c18648-18298	ONHOIBCB_00019

DiscRep_SUB:FEATURE_LOCATION_CONFLICT::Coding region xref gene does not exist
plasmid_files/MG557998.1_results/PROKKA_06292018:CDS	Tyrosine recombinase XerD	MG557998.1:c19864-18851	ONHOIBCB_00020

DiscRep_SUB:FEATURE_LOCATION_CONFLICT::Coding region xref gene does not exist
plasmid_files/MG557998.1_results/PROKKA_06292018:CDS	Aminoglycoside N(6')-acetyltransferase type 1	MG557998.1:20111-20710	ONHOIBCB_00021

DiscRep_SUB:FEATURE_LOCATION_CONFLICT::Coding region xref gene does not exist
plasmid_files/MG557998.1_results/PROKKA_06292018:CDS	Beta-lactamase OXA-1	MG557998.1:20796-21671	ONHOIBCB_00022

DiscRep_SUB:FEATURE_LOCATION_CONFLICT::Coding region xref gene does not exist
plasmid_files/MG557998.1_results/PROKKA_06292018:CDS	Chloramphenicol acetyltransferase	MG557998.1:21809-22441	ONHOIBCB_00023

DiscRep_SUB:FEATURE_LOCATION_CONFLICT::Coding region xref gene does not exist
plasmid_files/MG557998.1_results/PROKKA_06292018:CDS	hypothetical protein	MG557998.1:22526-22978	ONHOIBCB_00024

DiscRep_SUB:FEATURE_LOCATION_CONFLICT::Coding region xref gene does not exist
plasmid_files/MG557998.1_results/PROKKA_06292018:CDS	Multidrug transporter EmrE	MG557998.1:23201-23548	ONHOIBCB_00025

DiscRep_SUB:FEATURE_LOCATION_CONFLICT::Coding region xref gene does not exist
plasmid_files/MG557998.1_results/PROKKA_06292018:CDS	Dihydropteroate synthase	MG557998.1:23542-24381	ONHOIBCB_00026

DiscRep_SUB:FEATURE_LOCATION_CONFLICT::Coding region xref gene does not exist
plasmid_files/MG557998.1_results/PROKKA_06292018:CDS	hypothetical protein	MG557998.1:24509-24712	ONHOIBCB_00027

DiscRep_SUB:FEATURE_LOCATION_CONFLICT::Coding region xref gene does not exist
plasmid_files/MG557998.1_results/PROKKA_06292018:CDS	putative chromate transport protein	MG557998.1:24868-26073	ONHOIBCB_00028

DiscRep_SUB:FEATURE_LOCATION_CONFLICT::Coding region xref gene does not exist
plasmid_files/MG557998.1_results/PROKKA_06292018:CDS	hypothetical protein	MG557998.1:26084-26389	ONHOIBCB_00029

DiscRep_SUB:FEATURE_LOCATION_CONFLICT::Coding region xref gene does not exist
plasmid_files/MG557998.1_results/PROKKA_06292018:CDS	hypothetical protein	MG557998.1:26616-27380	ONHOIBCB_00030

DiscRep_SUB:FEATURE_LOCATION_CONFLICT::Coding region xref gene does not exist
plasmid_files/MG557998.1_results/PROKKA_06292018:CDS	hypothetical protein	MG557998.1:c28457-27873	ONHOIBCB_00031

DiscRep_SUB:FEATURE_LOCATION_CONFLICT::Coding region xref gene does not exist
plasmid_files/MG557998.1_results/PROKKA_06292018:CDS	putative multidrug-efflux transporter	MG557998.1:c29695-28457	ONHOIBCB_00032

DiscRep_SUB:FEATURE_LOCATION_CONFLICT::Coding region xref gene does not exist
plasmid_files/MG557998.1_results/PROKKA_06292018:CDS	hypothetical protein	MG557998.1:c30597-29692	ONHOIBCB_00033

DiscRep_SUB:FEATURE_LOCATION_CONFLICT::Coding region xref gene does not exist
plasmid_files/MG557998.1_results/PROKKA_06292018:CDS	hypothetical protein	MG557998.1:c31048-30719	ONHOIBCB_00034

DiscRep_SUB:FEATURE_LOCATION_CONFLICT::Coding region xref gene does not exist
plasmid_files/MG557998.1_results/PROKKA_06292018:CDS	Tyrosine recombinase XerD	MG557998.1:c32850-31135	ONHOIBCB_00035

DiscRep_SUB:FEATURE_LOCATION_CONFLICT::Coding region xref gene does not exist
plasmid_files/MG557998.1_results/PROKKA_06292018:CDS	hypothetical protein	MG557998.1:32960-35989	ONHOIBCB_00036

DiscRep_SUB:FEATURE_LOCATION_CONFLICT::Coding region xref gene does not exist
plasmid_files/MG557998.1_results/PROKKA_06292018:CDS	hypothetical protein	MG557998.1:36096-37121	ONHOIBCB_00037

DiscRep_SUB:FEATURE_LOCATION_CONFLICT::Coding region xref gene does not exist
plasmid_files/MG557998.1_results/PROKKA_06292018:CDS	Insertion sequence IS5376 putative ATP-binding protein	MG557998.1:37118-37897	ONHOIBCB_00038

DiscRep_SUB:FEATURE_LOCATION_CONFLICT::Coding region xref gene does not exist
plasmid_files/MG557998.1_results/PROKKA_06292018:CDS	Carbapenem-hydrolyzing beta-lactamase KPC	MG557998.1:38185-39066	ONHOIBCB_00039

DiscRep_SUB:FEATURE_LOCATION_CONFLICT::Coding region xref gene does not exist
plasmid_files/MG557998.1_results/PROKKA_06292018:CDS	hypothetical protein	MG557998.1:c40635-39316	ONHOIBCB_00040

DiscRep_SUB:FEATURE_LOCATION_CONFLICT::Coding region xref gene does not exist
plasmid_files/MG557998.1_results/PROKKA_06292018:CDS	hypothetical protein	MG557998.1:c41335-40817	ONHOIBCB_00041

DiscRep_SUB:FEATURE_LOCATION_CONFLICT::Coding region xref gene does not exist
plasmid_files/MG557998.1_results/PROKKA_06292018:CDS	hypothetical protein	MG557998.1:41430-41924	ONHOIBCB_00042

DiscRep_SUB:FEATURE_LOCATION_CONFLICT::Coding region xref gene does not exist
plasmid_files/MG557998.1_results/PROKKA_06292018:CDS	hypothetical protein	MG557998.1:c43887-42811	ONHOIBCB_00043

DiscRep_SUB:FEATURE_LOCATION_CONFLICT::Coding region xref gene does not exist
plasmid_files/MG557998.1_results/PROKKA_06292018:CDS	hypothetical protein	MG557998.1:c44693-44106	ONHOIBCB_00044

DiscRep_SUB:FEATURE_LOCATION_CONFLICT::Coding region xref gene does not exist
plasmid_files/MG557998.1_results/PROKKA_06292018:CDS	hypothetical protein	MG557998.1:c45025-44741	ONHOIBCB_00045

DiscRep_SUB:FEATURE_LOCATION_CONFLICT::Coding region xref gene does not exist
plasmid_files/MG557998.1_results/PROKKA_06292018:CDS	tRNA(fMet)-specific endonuclease VapC	MG557998.1:c45645-45229	ONHOIBCB_00046

DiscRep_SUB:FEATURE_LOCATION_CONFLICT::Coding region xref gene does not exist
plasmid_files/MG557998.1_results/PROKKA_06292018:CDS	Antitoxin VapB	MG557998.1:c45872-45642	ONHOIBCB_00047

DiscRep_SUB:FEATURE_LOCATION_CONFLICT::Coding region xref gene does not exist
plasmid_files/MG557998.1_results/PROKKA_06292018:CDS	hypothetical protein	MG557998.1:46446-46796	ONHOIBCB_00048

DiscRep_ALL:DISC_QUALITY_SCORES::Quality scores are missing on all sequences.

DiscRep_ALL:ONCALLER_COMMENT_PRESENT::1 comment descriptors were found (all same)
plasmid_files/MG557998.1_results/PROKKA_06292018:MG557998.1:Annotated using prokka 1.14-dev from https://github.com/tseemann/prokka

DiscRep_ALL:SHORT_PROT_SEQUENCES::1 protein sequences are shorter than 50 aa.
plasmid_files/MG557998.1_results/PROKKA_06292018:MG557998.1_15 (length 29)

DiscRep_ALL:MISSING_GENOMEASSEMBLY_COMMENTS::1 bioseqs are missing GenomeAssembly structured comments
plasmid_files/MG557998.1_results/PROKKA_06292018:MG557998.1 (length 46826)

DiscRep_ALL:MOLTYPE_NOT_MRNA::1 molecule types are not set as mRNA.
plasmid_files/MG557998.1_results/PROKKA_06292018:MG557998.1 (length 46826)

DiscRep_ALL:TECHNIQUE_NOT_TSA::1 technique are not set as TSA
plasmid_files/MG557998.1_results/PROKKA_06292018:MG557998.1 (length 46826)

DiscRep_ALL:MISSING_STRUCTURED_COMMENT::1 sequences do not include structured comments.
plasmid_files/MG557998.1_results/PROKKA_06292018:MG557998.1 (length 46826)

DiscRep_ALL:MISSING_PROJECT::49 sequences do not include project.
plasmid_files/MG557998.1_results/PROKKA_06292018:MG557998.1 (length 46826)
plasmid_files/MG557998.1_results/PROKKA_06292018:MG557998.1_1 (length 247)
plasmid_files/MG557998.1_results/PROKKA_06292018:MG557998.1_2 (length 258)
plasmid_files/MG557998.1_results/PROKKA_06292018:MG557998.1_3 (length 85)
plasmid_files/MG557998.1_results/PROKKA_06292018:MG557998.1_4 (length 288)
plasmid_files/MG557998.1_results/PROKKA_06292018:MG557998.1_5 (length 89)
plasmid_files/MG557998.1_results/PROKKA_06292018:MG557998.1_6 (length 401)
plasmid_files/MG557998.1_results/PROKKA_06292018:MG557998.1_7 (length 324)
plasmid_files/MG557998.1_results/PROKKA_06292018:MG557998.1_8 (length 423)
plasmid_files/MG557998.1_results/PROKKA_06292018:MG557998.1_9 (length 143)
plasmid_files/MG557998.1_results/PROKKA_06292018:MG557998.1_10 (length 495)
plasmid_files/MG557998.1_results/PROKKA_06292018:MG557998.1_11 (length 91)
plasmid_files/MG557998.1_results/PROKKA_06292018:MG557998.1_12 (length 125)
plasmid_files/MG557998.1_results/PROKKA_06292018:MG557998.1_13 (length 183)
plasmid_files/MG557998.1_results/PROKKA_06292018:MG557998.1_14 (length 307)
plasmid_files/MG557998.1_results/PROKKA_06292018:MG557998.1_15 (length 29)
plasmid_files/MG557998.1_results/PROKKA_06292018:MG557998.1_16 (length 128)
plasmid_files/MG557998.1_results/PROKKA_06292018:MG557998.1_17 (length 988)
plasmid_files/MG557998.1_results/PROKKA_06292018:MG557998.1_18 (length 186)
plasmid_files/MG557998.1_results/PROKKA_06292018:MG557998.1_19 (length 116)
plasmid_files/MG557998.1_results/PROKKA_06292018:MG557998.1_20 (length 337)
plasmid_files/MG557998.1_results/PROKKA_06292018:MG557998.1_21 (length 199)
plasmid_files/MG557998.1_results/PROKKA_06292018:MG557998.1_22 (length 291)
plasmid_files/MG557998.1_results/PROKKA_06292018:MG557998.1_23 (length 210)
plasmid_files/MG557998.1_results/PROKKA_06292018:MG557998.1_24 (length 150)
plasmid_files/MG557998.1_results/PROKKA_06292018:MG557998.1_25 (length 115)
plasmid_files/MG557998.1_results/PROKKA_06292018:MG557998.1_26 (length 279)
plasmid_files/MG557998.1_results/PROKKA_06292018:MG557998.1_27 (length 67)
plasmid_files/MG557998.1_results/PROKKA_06292018:MG557998.1_28 (length 401)
plasmid_files/MG557998.1_results/PROKKA_06292018:MG557998.1_29 (length 101)
plasmid_files/MG557998.1_results/PROKKA_06292018:MG557998.1_30 (length 254)
plasmid_files/MG557998.1_results/PROKKA_06292018:MG557998.1_31 (length 194)
plasmid_files/MG557998.1_results/PROKKA_06292018:MG557998.1_32 (length 412)
plasmid_files/MG557998.1_results/PROKKA_06292018:MG557998.1_33 (length 301)
plasmid_files/MG557998.1_results/PROKKA_06292018:MG557998.1_34 (length 109)
plasmid_files/MG557998.1_results/PROKKA_06292018:MG557998.1_35 (length 571)
plasmid_files/MG557998.1_results/PROKKA_06292018:MG557998.1_36 (length 1009)
plasmid_files/MG557998.1_results/PROKKA_06292018:MG557998.1_37 (length 341)
plasmid_files/MG557998.1_results/PROKKA_06292018:MG557998.1_38 (length 259)
plasmid_files/MG557998.1_results/PROKKA_06292018:MG557998.1_39 (length 293)
plasmid_files/MG557998.1_results/PROKKA_06292018:MG557998.1_40 (length 439)
plasmid_files/MG557998.1_results/PROKKA_06292018:MG557998.1_41 (length 172)
plasmid_files/MG557998.1_results/PROKKA_06292018:MG557998.1_42 (length 164)
plasmid_files/MG557998.1_results/PROKKA_06292018:MG557998.1_43 (length 358)
plasmid_files/MG557998.1_results/PROKKA_06292018:MG557998.1_44 (length 195)
plasmid_files/MG557998.1_results/PROKKA_06292018:MG557998.1_45 (length 94)
plasmid_files/MG557998.1_results/PROKKA_06292018:MG557998.1_46 (length 138)
plasmid_files/MG557998.1_results/PROKKA_06292018:MG557998.1_47 (length 76)
plasmid_files/MG557998.1_results/PROKKA_06292018:MG557998.1_48 (length 116)

DiscRep_ALL:DISC_INCONSISTENT_MOLINFO_TECH::Molinfo Technique Report (some missing, all same)
DiscRep_SUB:DISC_INCONSISTENT_MOLINFO_TECH::technique (all missing)
DiscRep_SUB:DISC_INCONSISTENT_MOLINFO_TECH::1 Molinfos are missing field technique
plasmid_files/MG557998.1_results/PROKKA_06292018:MG557998.1 (length 46826)

