[10:05:04] This is prokka 1.14-dev
[10:05:04] Written by Torsten Seemann <torsten.seemann@gmail.com>
[10:05:04] Homepage is https://github.com/tseemann/prokka
[10:05:04] Local time is Fri Jun 29 10:05:04 2018
[10:05:04] You are christian
[10:05:04] Operating system is linux
[10:05:04] You have BioPerl 1.007002
[10:05:05] System has 20 cores.
[10:05:05] Will use maximum of 20 cores.
[10:05:05] Annotating as >>> Bacteria <<<
[10:05:05] Generating locus_tag from 'plasmid_files/CP026224.1.fasta' contents.
[10:05:05] Setting --locustag DLJMAPGN from MD5 d536a907a7295b68151025004628bb24
[10:05:05] Creating new output folder: plasmid_files/CP026224.1_results
[10:05:05] Running: mkdir -p plasmid_files\/CP026224\.1_results
[10:05:05] Using filename prefix: PROKKA_06292018.XXX
[10:05:05] Setting HMMER_NCPU=1
[10:05:05] Writing log to: plasmid_files/CP026224.1_results/PROKKA_06292018.log
[10:05:05] Command: /home/christian/install/prokka/bin/prokka plasmid_files/CP026224.1.fasta --outdir plasmid_files/CP026224.1_results --cpus 20
[10:05:05] Appending to PATH: /home/christian/install/prokka/bin/../binaries/linux
[10:05:05] Appending to PATH: /home/christian/install/prokka/bin/../binaries/linux/../common
[10:05:05] Appending to PATH: /home/christian/install/prokka/bin
[10:05:05] Looking for 'aragorn' - found /home/christian/install/prokka/bin/../binaries/linux/aragorn
[10:05:05] Determined aragorn version is 1.2
[10:05:05] Looking for 'blastp' - found /usr/bin/blastp
[10:05:05] Determined blastp version is 2.2
[10:05:05] Looking for 'cmpress' - found /usr/local/bin/cmpress
[10:05:05] Determined cmpress version is 1.1
[10:05:05] Looking for 'cmscan' - found /usr/local/bin/cmscan
[10:05:05] Determined cmscan version is 1.1
[10:05:05] Looking for 'egrep' - found /bin/egrep
[10:05:05] Looking for 'find' - found /usr/bin/find
[10:05:05] Looking for 'grep' - found /bin/grep
[10:05:05] Looking for 'hmmpress' - found /usr/local/bin/hmmpress
[10:05:05] Determined hmmpress version is 3.1
[10:05:05] Looking for 'hmmscan' - found /usr/local/bin/hmmscan
[10:05:05] Determined hmmscan version is 3.1
[10:05:05] Looking for 'java' - found /usr/bin/java
[10:05:05] Looking for 'less' - found /usr/bin/less
[10:05:05] Looking for 'makeblastdb' - found /usr/bin/makeblastdb
[10:05:05] Determined makeblastdb version is 2.2
[10:05:05] Looking for 'minced' - found /home/christian/install/prokka/bin/../binaries/linux/../common/minced
[10:05:05] Determined minced version is 2.0
[10:05:05] Looking for 'parallel' - found /usr/bin/parallel
[10:05:05] Determined parallel version is 20141022
[10:05:05] Looking for 'prodigal' - found /usr/local/bin/prodigal
[10:05:05] Determined prodigal version is 2.6
[10:05:05] Looking for 'prokka-genbank_to_fasta_db' - found /home/christian/install/prokka/bin/prokka-genbank_to_fasta_db
[10:05:05] Looking for 'sed' - found /bin/sed
[10:05:05] Looking for 'tbl2asn' - found /home/christian/install/prokka/bin/../binaries/linux/tbl2asn
[10:05:05] Determined tbl2asn version is 25.6
[10:05:05] Using genetic code table 11.
[10:05:05] Loading and checking input file: plasmid_files/CP026224.1.fasta
[10:05:05] Wrote 1 contigs totalling 39148 bp.
[10:05:05] Predicting tRNAs and tmRNAs
[10:05:05] Running: aragorn -l -gc11  -w plasmid_files\/CP026224\.1_results\/PROKKA_06292018\.fna
[10:05:05] Found 0 tRNAs
[10:05:05] Predicting Ribosomal RNAs
[10:05:05] You need either Barrnap or RNAmmer installed to predict rRNAs!
[10:05:05] Skipping ncRNA search, enable with --rfam if desired.
[10:05:05] Total of 0 tRNA + rRNA features
[10:05:05] Searching for CRISPR repeats
[10:05:05] Found 0 CRISPRs
[10:05:05] Predicting coding sequences
[10:05:05] Contigs total 39148 bp, so using meta mode
[10:05:05] Running: prodigal -i plasmid_files\/CP026224\.1_results\/PROKKA_06292018\.fna -c -m -g 11 -p meta -f sco -q
[10:05:05] Found 49 CDS
[10:05:05] Connecting features back to sequences
[10:05:05] Not using genus-specific database. Try --usegenus to enable it.
[10:05:05] Annotating CDS, please be patient.
[10:05:05] Will use 20 CPUs for similarity searching.
[10:05:05] There are still 49 unannotated CDS left (started with 49)
[10:05:05] Will use blast to search against /home/christian/install/prokka/db/kingdom/Bacteria/sprot with 20 CPUs
[10:05:05] Running: cat plasmid_files\/CP026224\.1_results\/sprot\.faa | parallel --gnu --plain -j 20 --block 281 --recstart '>' --pipe blastp -query - -db /home/christian/install/prokka/db/kingdom/Bacteria/sprot -evalue 1e-06 -num_threads 1 -num_descriptions 1 -num_alignments 1 -seg no > plasmid_files\/CP026224\.1_results\/sprot\.blast 2> /dev/null
[10:05:06] Modify product: Putative bifunctional exonuclease/endonuclease protein Rv2191 => Putative bifunctional exonuclease/endonuclease protein
[10:05:06] Cleaned 1 /product names
[10:05:06] Deleting unwanted file: plasmid_files/CP026224.1_results/sprot.faa
[10:05:06] Deleting unwanted file: plasmid_files/CP026224.1_results/sprot.blast
[10:05:06] There are still 32 unannotated CDS left (started with 49)
[10:05:06] Will use hmmer3 to search against /home/christian/install/prokka/db/hmm/HAMAP.hmm with 20 CPUs
[10:05:06] Running: cat plasmid_files\/CP026224\.1_results\/HAMAP\.hmm\.faa | parallel --gnu --plain -j 20 --block 182 --recstart '>' --pipe hmmscan --noali --notextw --acc -E 1e-06 --cpu 1 /home/christian/install/prokka/db/hmm/HAMAP.hmm /dev/stdin > plasmid_files\/CP026224\.1_results\/HAMAP\.hmm\.hmmer3 2> /dev/null
[10:05:07] Deleting unwanted file: plasmid_files/CP026224.1_results/HAMAP.hmm.faa
[10:05:07] Deleting unwanted file: plasmid_files/CP026224.1_results/HAMAP.hmm.hmmer3
[10:05:07] Labelling remaining 31 proteins as 'hypothetical protein'
[10:05:07] Possible /pseudo 'Mercuric transport protein MerT' at CP026224.1 position 26075
[10:05:07] Found 15 unique /gene codes.
[10:05:07] Fixed 2 duplicate /gene - bla_1 bla_2
[10:05:07] Fixed 2 duplicate /gene - merT_1 merT_2
[10:05:07] Fixed 2 colliding /gene names.
[10:05:07] Adding /locus_tag identifiers
[10:05:07] Assigned 49 locus_tags to CDS and RNA features.
[10:05:07] Writing outputs to plasmid_files/CP026224.1_results/
[10:05:07] Generating annotation statistics file
[10:05:07] Generating Genbank and Sequin files
[10:05:07] Running: tbl2asn -V b -a r10k -l paired-ends -M n -N 1 -y 'Annotated using prokka 1.14-dev from https://github.com/tseemann/prokka' -Z plasmid_files\/CP026224\.1_results\/PROKKA_06292018\.err -i plasmid_files\/CP026224\.1_results\/PROKKA_06292018\.fsa 2> /dev/null
[10:05:07] Deleting unwanted file: plasmid_files/CP026224.1_results/errorsummary.val
[10:05:07] Deleting unwanted file: plasmid_files/CP026224.1_results/PROKKA_06292018.dr
[10:05:07] Deleting unwanted file: plasmid_files/CP026224.1_results/PROKKA_06292018.fixedproducts
[10:05:07] Deleting unwanted file: plasmid_files/CP026224.1_results/PROKKA_06292018.ecn
[10:05:07] Deleting unwanted file: plasmid_files/CP026224.1_results/PROKKA_06292018.val
[10:05:07] Repairing broken .GBK output that tbl2asn produces...
[10:05:07] Running: sed 's/COORDINATES: profile/COORDINATES:profile/' < plasmid_files\/CP026224\.1_results\/PROKKA_06292018\.gbf > plasmid_files\/CP026224\.1_results\/PROKKA_06292018\.gbk
[10:05:07] Deleting unwanted file: plasmid_files/CP026224.1_results/PROKKA_06292018.gbf
[10:05:07] Output files:
[10:05:07] plasmid_files/CP026224.1_results/PROKKA_06292018.sqn
[10:05:07] plasmid_files/CP026224.1_results/PROKKA_06292018.fsa
[10:05:07] plasmid_files/CP026224.1_results/PROKKA_06292018.tbl
[10:05:07] plasmid_files/CP026224.1_results/PROKKA_06292018.log
[10:05:07] plasmid_files/CP026224.1_results/PROKKA_06292018.gff
[10:05:07] plasmid_files/CP026224.1_results/PROKKA_06292018.txt
[10:05:07] plasmid_files/CP026224.1_results/PROKKA_06292018.gbk
[10:05:07] plasmid_files/CP026224.1_results/PROKKA_06292018.faa
[10:05:07] plasmid_files/CP026224.1_results/PROKKA_06292018.fna
[10:05:07] plasmid_files/CP026224.1_results/PROKKA_06292018.tsv
[10:05:07] plasmid_files/CP026224.1_results/PROKKA_06292018.ffn
[10:05:07] plasmid_files/CP026224.1_results/PROKKA_06292018.err
[10:05:07] Annotation finished successfully.
[10:05:07] Walltime used: 0.05 minutes
[10:05:07] If you use this result please cite the Prokka paper:
[10:05:07] Seemann T (2014) Prokka: rapid prokaryotic genome annotation. Bioinformatics. 30(14):2068-9.
[10:05:07] Type 'prokka --citation' for more details.
[10:05:07] Share and enjoy!
