Discrepancy Report Results

Summary
FATAL: MISSING_PROTEIN_ID:173 proteins have invalid IDs.
DISC_SOURCE_QUALS_ASNDISC:strain (all present, all unique)
DISC_SOURCE_QUALS_ASNDISC:taxname (all present, all unique)
DISC_FEATURE_COUNT:CDS: 173 present
DISC_COUNT_NUCLEOTIDES:1 nucleotide Bioseqs are present
FEATURE_LOCATION_CONFLICT:173 features have inconsistent gene locations.
SUSPECT_PRODUCT_NAMES:1 product_names contain suspect phrase or characters
	May contain database identifier more appropriate in note; remove from product name
		1 features Three or more numbers together
DISC_QUALITY_SCORES:Quality scores are missing on all sequences.
ONCALLER_COMMENT_PRESENT:1 comment descriptors were found (all same)
SHORT_PROT_SEQUENCES:4 protein sequences are shorter than 50 aa.
MISSING_GENOMEASSEMBLY_COMMENTS:1 bioseqs are missing GenomeAssembly structured comments
MOLTYPE_NOT_MRNA:1 molecule types are not set as mRNA.
TECHNIQUE_NOT_TSA:1 technique are not set as TSA
MISSING_STRUCTURED_COMMENT:1 sequences do not include structured comments.
MISSING_PROJECT:174 sequences do not include project.
DISC_INCONSISTENT_MOLINFO_TECH:Molinfo Technique Report (some missing, all same)


Detailed Report

FATAL: DiscRep_ALL:MISSING_PROTEIN_ID::173 proteins have invalid IDs.
plasmid_files/CP026280.1_results/PROKKA_06292018:CP026280.1_1 (length 201)
plasmid_files/CP026280.1_results/PROKKA_06292018:CP026280.1_2 (length 807)
plasmid_files/CP026280.1_results/PROKKA_06292018:CP026280.1_3 (length 334)
plasmid_files/CP026280.1_results/PROKKA_06292018:CP026280.1_4 (length 104)
plasmid_files/CP026280.1_results/PROKKA_06292018:CP026280.1_5 (length 44)
plasmid_files/CP026280.1_results/PROKKA_06292018:CP026280.1_6 (length 71)
plasmid_files/CP026280.1_results/PROKKA_06292018:CP026280.1_7 (length 234)
plasmid_files/CP026280.1_results/PROKKA_06292018:CP026280.1_8 (length 122)
plasmid_files/CP026280.1_results/PROKKA_06292018:CP026280.1_9 (length 193)
plasmid_files/CP026280.1_results/PROKKA_06292018:CP026280.1_10 (length 112)
plasmid_files/CP026280.1_results/PROKKA_06292018:CP026280.1_11 (length 109)
plasmid_files/CP026280.1_results/PROKKA_06292018:CP026280.1_12 (length 368)
plasmid_files/CP026280.1_results/PROKKA_06292018:CP026280.1_13 (length 233)
plasmid_files/CP026280.1_results/PROKKA_06292018:CP026280.1_14 (length 257)
plasmid_files/CP026280.1_results/PROKKA_06292018:CP026280.1_15 (length 358)
plasmid_files/CP026280.1_results/PROKKA_06292018:CP026280.1_16 (length 46)
plasmid_files/CP026280.1_results/PROKKA_06292018:CP026280.1_17 (length 322)
plasmid_files/CP026280.1_results/PROKKA_06292018:CP026280.1_18 (length 553)
plasmid_files/CP026280.1_results/PROKKA_06292018:CP026280.1_19 (length 247)
plasmid_files/CP026280.1_results/PROKKA_06292018:CP026280.1_20 (length 158)
plasmid_files/CP026280.1_results/PROKKA_06292018:CP026280.1_21 (length 88)
plasmid_files/CP026280.1_results/PROKKA_06292018:CP026280.1_22 (length 219)
plasmid_files/CP026280.1_results/PROKKA_06292018:CP026280.1_23 (length 64)
plasmid_files/CP026280.1_results/PROKKA_06292018:CP026280.1_24 (length 289)
plasmid_files/CP026280.1_results/PROKKA_06292018:CP026280.1_25 (length 250)
plasmid_files/CP026280.1_results/PROKKA_06292018:CP026280.1_26 (length 334)
plasmid_files/CP026280.1_results/PROKKA_06292018:CP026280.1_27 (length 569)
plasmid_files/CP026280.1_results/PROKKA_06292018:CP026280.1_28 (length 334)
plasmid_files/CP026280.1_results/PROKKA_06292018:CP026280.1_29 (length 73)
plasmid_files/CP026280.1_results/PROKKA_06292018:CP026280.1_30 (length 164)
plasmid_files/CP026280.1_results/PROKKA_06292018:CP026280.1_31 (length 153)
plasmid_files/CP026280.1_results/PROKKA_06292018:CP026280.1_32 (length 168)
plasmid_files/CP026280.1_results/PROKKA_06292018:CP026280.1_33 (length 86)
plasmid_files/CP026280.1_results/PROKKA_06292018:CP026280.1_34 (length 185)
plasmid_files/CP026280.1_results/PROKKA_06292018:CP026280.1_35 (length 88)
plasmid_files/CP026280.1_results/PROKKA_06292018:CP026280.1_36 (length 334)
plasmid_files/CP026280.1_results/PROKKA_06292018:CP026280.1_37 (length 289)
plasmid_files/CP026280.1_results/PROKKA_06292018:CP026280.1_38 (length 234)
plasmid_files/CP026280.1_results/PROKKA_06292018:CP026280.1_39 (length 78)
plasmid_files/CP026280.1_results/PROKKA_06292018:CP026280.1_40 (length 138)
plasmid_files/CP026280.1_results/PROKKA_06292018:CP026280.1_41 (length 76)
plasmid_files/CP026280.1_results/PROKKA_06292018:CP026280.1_42 (length 72)
plasmid_files/CP026280.1_results/PROKKA_06292018:CP026280.1_43 (length 101)
plasmid_files/CP026280.1_results/PROKKA_06292018:CP026280.1_44 (length 131)
plasmid_files/CP026280.1_results/PROKKA_06292018:CP026280.1_45 (length 104)
plasmid_files/CP026280.1_results/PROKKA_06292018:CP026280.1_46 (length 338)
plasmid_files/CP026280.1_results/PROKKA_06292018:CP026280.1_47 (length 47)
plasmid_files/CP026280.1_results/PROKKA_06292018:CP026280.1_48 (length 264)
plasmid_files/CP026280.1_results/PROKKA_06292018:CP026280.1_49 (length 100)
plasmid_files/CP026280.1_results/PROKKA_06292018:CP026280.1_50 (length 208)
plasmid_files/CP026280.1_results/PROKKA_06292018:CP026280.1_51 (length 291)
plasmid_files/CP026280.1_results/PROKKA_06292018:CP026280.1_52 (length 423)
plasmid_files/CP026280.1_results/PROKKA_06292018:CP026280.1_53 (length 143)
plasmid_files/CP026280.1_results/PROKKA_06292018:CP026280.1_54 (length 495)
plasmid_files/CP026280.1_results/PROKKA_06292018:CP026280.1_55 (length 323)
plasmid_files/CP026280.1_results/PROKKA_06292018:CP026280.1_56 (length 223)
plasmid_files/CP026280.1_results/PROKKA_06292018:CP026280.1_57 (length 76)
plasmid_files/CP026280.1_results/PROKKA_06292018:CP026280.1_58 (length 233)
plasmid_files/CP026280.1_results/PROKKA_06292018:CP026280.1_59 (length 73)
plasmid_files/CP026280.1_results/PROKKA_06292018:CP026280.1_60 (length 139)
plasmid_files/CP026280.1_results/PROKKA_06292018:CP026280.1_61 (length 254)
plasmid_files/CP026280.1_results/PROKKA_06292018:CP026280.1_62 (length 142)
plasmid_files/CP026280.1_results/PROKKA_06292018:CP026280.1_63 (length 168)
plasmid_files/CP026280.1_results/PROKKA_06292018:CP026280.1_64 (length 63)
plasmid_files/CP026280.1_results/PROKKA_06292018:CP026280.1_65 (length 84)
plasmid_files/CP026280.1_results/PROKKA_06292018:CP026280.1_66 (length 105)
plasmid_files/CP026280.1_results/PROKKA_06292018:CP026280.1_67 (length 170)
plasmid_files/CP026280.1_results/PROKKA_06292018:CP026280.1_68 (length 80)
plasmid_files/CP026280.1_results/PROKKA_06292018:CP026280.1_69 (length 669)
plasmid_files/CP026280.1_results/PROKKA_06292018:CP026280.1_70 (length 143)
plasmid_files/CP026280.1_results/PROKKA_06292018:CP026280.1_71 (length 240)
plasmid_files/CP026280.1_results/PROKKA_06292018:CP026280.1_72 (length 107)
plasmid_files/CP026280.1_results/PROKKA_06292018:CP026280.1_73 (length 118)
plasmid_files/CP026280.1_results/PROKKA_06292018:CP026280.1_74 (length 90)
plasmid_files/CP026280.1_results/PROKKA_06292018:CP026280.1_75 (length 116)
plasmid_files/CP026280.1_results/PROKKA_06292018:CP026280.1_76 (length 117)
plasmid_files/CP026280.1_results/PROKKA_06292018:CP026280.1_77 (length 115)
plasmid_files/CP026280.1_results/PROKKA_06292018:CP026280.1_78 (length 48)
plasmid_files/CP026280.1_results/PROKKA_06292018:CP026280.1_79 (length 277)
plasmid_files/CP026280.1_results/PROKKA_06292018:CP026280.1_80 (length 273)
plasmid_files/CP026280.1_results/PROKKA_06292018:CP026280.1_81 (length 104)
plasmid_files/CP026280.1_results/PROKKA_06292018:CP026280.1_82 (length 161)
plasmid_files/CP026280.1_results/PROKKA_06292018:CP026280.1_83 (length 129)
plasmid_files/CP026280.1_results/PROKKA_06292018:CP026280.1_84 (length 224)
plasmid_files/CP026280.1_results/PROKKA_06292018:CP026280.1_85 (length 122)
plasmid_files/CP026280.1_results/PROKKA_06292018:CP026280.1_86 (length 101)
plasmid_files/CP026280.1_results/PROKKA_06292018:CP026280.1_87 (length 188)
plasmid_files/CP026280.1_results/PROKKA_06292018:CP026280.1_88 (length 246)
plasmid_files/CP026280.1_results/PROKKA_06292018:CP026280.1_89 (length 474)
plasmid_files/CP026280.1_results/PROKKA_06292018:CP026280.1_90 (length 198)
plasmid_files/CP026280.1_results/PROKKA_06292018:CP026280.1_91 (length 189)
plasmid_files/CP026280.1_results/PROKKA_06292018:CP026280.1_92 (length 136)
plasmid_files/CP026280.1_results/PROKKA_06292018:CP026280.1_93 (length 94)
plasmid_files/CP026280.1_results/PROKKA_06292018:CP026280.1_94 (length 72)
plasmid_files/CP026280.1_results/PROKKA_06292018:CP026280.1_95 (length 103)
plasmid_files/CP026280.1_results/PROKKA_06292018:CP026280.1_96 (length 134)
plasmid_files/CP026280.1_results/PROKKA_06292018:CP026280.1_97 (length 96)
plasmid_files/CP026280.1_results/PROKKA_06292018:CP026280.1_98 (length 130)
plasmid_files/CP026280.1_results/PROKKA_06292018:CP026280.1_99 (length 879)
plasmid_files/CP026280.1_results/PROKKA_06292018:CP026280.1_100 (length 130)
plasmid_files/CP026280.1_results/PROKKA_06292018:CP026280.1_101 (length 208)
plasmid_files/CP026280.1_results/PROKKA_06292018:CP026280.1_102 (length 330)
plasmid_files/CP026280.1_results/PROKKA_06292018:CP026280.1_103 (length 182)
plasmid_files/CP026280.1_results/PROKKA_06292018:CP026280.1_104 (length 229)
plasmid_files/CP026280.1_results/PROKKA_06292018:CP026280.1_105 (length 200)
plasmid_files/CP026280.1_results/PROKKA_06292018:CP026280.1_106 (length 215)
plasmid_files/CP026280.1_results/PROKKA_06292018:CP026280.1_107 (length 651)
plasmid_files/CP026280.1_results/PROKKA_06292018:CP026280.1_108 (length 84)
plasmid_files/CP026280.1_results/PROKKA_06292018:CP026280.1_109 (length 88)
plasmid_files/CP026280.1_results/PROKKA_06292018:CP026280.1_110 (length 108)
plasmid_files/CP026280.1_results/PROKKA_06292018:CP026280.1_111 (length 250)
plasmid_files/CP026280.1_results/PROKKA_06292018:CP026280.1_112 (length 79)
plasmid_files/CP026280.1_results/PROKKA_06292018:CP026280.1_113 (length 190)
plasmid_files/CP026280.1_results/PROKKA_06292018:CP026280.1_114 (length 142)
plasmid_files/CP026280.1_results/PROKKA_06292018:CP026280.1_115 (length 456)
plasmid_files/CP026280.1_results/PROKKA_06292018:CP026280.1_116 (length 957)
plasmid_files/CP026280.1_results/PROKKA_06292018:CP026280.1_117 (length 177)
plasmid_files/CP026280.1_results/PROKKA_06292018:CP026280.1_118 (length 230)
plasmid_files/CP026280.1_results/PROKKA_06292018:CP026280.1_119 (length 769)
plasmid_files/CP026280.1_results/PROKKA_06292018:CP026280.1_120 (length 1752)
plasmid_files/CP026280.1_results/PROKKA_06292018:CP026280.1_121 (length 241)
plasmid_files/CP026280.1_results/PROKKA_06292018:CP026280.1_122 (length 197)
plasmid_files/CP026280.1_results/PROKKA_06292018:CP026280.1_123 (length 73)
plasmid_files/CP026280.1_results/PROKKA_06292018:CP026280.1_124 (length 214)
plasmid_files/CP026280.1_results/PROKKA_06292018:CP026280.1_125 (length 216)
plasmid_files/CP026280.1_results/PROKKA_06292018:CP026280.1_126 (length 102)
plasmid_files/CP026280.1_results/PROKKA_06292018:CP026280.1_127 (length 186)
plasmid_files/CP026280.1_results/PROKKA_06292018:CP026280.1_128 (length 89)
plasmid_files/CP026280.1_results/PROKKA_06292018:CP026280.1_129 (length 109)
plasmid_files/CP026280.1_results/PROKKA_06292018:CP026280.1_130 (length 337)
plasmid_files/CP026280.1_results/PROKKA_06292018:CP026280.1_131 (length 439)
plasmid_files/CP026280.1_results/PROKKA_06292018:CP026280.1_132 (length 293)
plasmid_files/CP026280.1_results/PROKKA_06292018:CP026280.1_133 (length 112)
plasmid_files/CP026280.1_results/PROKKA_06292018:CP026280.1_134 (length 259)
plasmid_files/CP026280.1_results/PROKKA_06292018:CP026280.1_135 (length 341)
plasmid_files/CP026280.1_results/PROKKA_06292018:CP026280.1_136 (length 1009)
plasmid_files/CP026280.1_results/PROKKA_06292018:CP026280.1_137 (length 571)
plasmid_files/CP026280.1_results/PROKKA_06292018:CP026280.1_138 (length 50)
plasmid_files/CP026280.1_results/PROKKA_06292018:CP026280.1_139 (length 111)
plasmid_files/CP026280.1_results/PROKKA_06292018:CP026280.1_140 (length 93)
plasmid_files/CP026280.1_results/PROKKA_06292018:CP026280.1_141 (length 204)
plasmid_files/CP026280.1_results/PROKKA_06292018:CP026280.1_142 (length 245)
plasmid_files/CP026280.1_results/PROKKA_06292018:CP026280.1_143 (length 507)
plasmid_files/CP026280.1_results/PROKKA_06292018:CP026280.1_144 (length 267)
plasmid_files/CP026280.1_results/PROKKA_06292018:CP026280.1_145 (length 278)
plasmid_files/CP026280.1_results/PROKKA_06292018:CP026280.1_146 (length 84)
plasmid_files/CP026280.1_results/PROKKA_06292018:CP026280.1_147 (length 496)
plasmid_files/CP026280.1_results/PROKKA_06292018:CP026280.1_148 (length 284)
plasmid_files/CP026280.1_results/PROKKA_06292018:CP026280.1_149 (length 110)
plasmid_files/CP026280.1_results/PROKKA_06292018:CP026280.1_150 (length 102)
plasmid_files/CP026280.1_results/PROKKA_06292018:CP026280.1_151 (length 86)
plasmid_files/CP026280.1_results/PROKKA_06292018:CP026280.1_152 (length 103)
plasmid_files/CP026280.1_results/PROKKA_06292018:CP026280.1_153 (length 1026)
plasmid_files/CP026280.1_results/PROKKA_06292018:CP026280.1_154 (length 108)
plasmid_files/CP026280.1_results/PROKKA_06292018:CP026280.1_155 (length 207)
plasmid_files/CP026280.1_results/PROKKA_06292018:CP026280.1_156 (length 144)
plasmid_files/CP026280.1_results/PROKKA_06292018:CP026280.1_157 (length 464)
plasmid_files/CP026280.1_results/PROKKA_06292018:CP026280.1_158 (length 194)
plasmid_files/CP026280.1_results/PROKKA_06292018:CP026280.1_159 (length 198)
plasmid_files/CP026280.1_results/PROKKA_06292018:CP026280.1_160 (length 215)
plasmid_files/CP026280.1_results/PROKKA_06292018:CP026280.1_161 (length 77)
plasmid_files/CP026280.1_results/PROKKA_06292018:CP026280.1_162 (length 518)
plasmid_files/CP026280.1_results/PROKKA_06292018:CP026280.1_163 (length 425)
plasmid_files/CP026280.1_results/PROKKA_06292018:CP026280.1_164 (length 1040)
plasmid_files/CP026280.1_results/PROKKA_06292018:CP026280.1_165 (length 157)
plasmid_files/CP026280.1_results/PROKKA_06292018:CP026280.1_166 (length 251)
plasmid_files/CP026280.1_results/PROKKA_06292018:CP026280.1_167 (length 578)
plasmid_files/CP026280.1_results/PROKKA_06292018:CP026280.1_168 (length 101)
plasmid_files/CP026280.1_results/PROKKA_06292018:CP026280.1_169 (length 101)
plasmid_files/CP026280.1_results/PROKKA_06292018:CP026280.1_170 (length 341)
plasmid_files/CP026280.1_results/PROKKA_06292018:CP026280.1_171 (length 416)
plasmid_files/CP026280.1_results/PROKKA_06292018:CP026280.1_172 (length 301)
plasmid_files/CP026280.1_results/PROKKA_06292018:CP026280.1_173 (length 227)

DiscRep_ALL:DISC_SOURCE_QUALS_ASNDISC::strain (all present, all unique)
DiscRep_SUB:DISC_SOURCE_QUALS_ASNDISC::1 sources have unique values for strain
DiscRep_ALL:DISC_SOURCE_QUALS_ASNDISC::taxname (all present, all unique)
DiscRep_SUB:DISC_SOURCE_QUALS_ASNDISC::1 sources have unique values for taxname
DiscRep_ALL:DISC_FEATURE_COUNT::CDS: 173 present
DiscRep_ALL:DISC_COUNT_NUCLEOTIDES::1 nucleotide Bioseqs are present
plasmid_files/CP026280.1_results/PROKKA_06292018:CP026280.1 (length 152041)

DiscRep_ALL:FEATURE_LOCATION_CONFLICT::173 features have inconsistent gene locations.
DiscRep_SUB:FEATURE_LOCATION_CONFLICT::Coding region xref gene does not exist
plasmid_files/CP026280.1_results/PROKKA_06292018:CDS	Serine recombinase PinR	CP026280.1:c965-360	INMKGNMD_00001

DiscRep_SUB:FEATURE_LOCATION_CONFLICT::Coding region xref gene does not exist
plasmid_files/CP026280.1_results/PROKKA_06292018:CDS	hypothetical protein	CP026280.1:1060-3483	INMKGNMD_00002

DiscRep_SUB:FEATURE_LOCATION_CONFLICT::Coding region xref gene does not exist
plasmid_files/CP026280.1_results/PROKKA_06292018:CDS	hypothetical protein	CP026280.1:3548-4552	INMKGNMD_00003

DiscRep_SUB:FEATURE_LOCATION_CONFLICT::Coding region xref gene does not exist
plasmid_files/CP026280.1_results/PROKKA_06292018:CDS	hypothetical protein	CP026280.1:4970-5284	INMKGNMD_00004

DiscRep_SUB:FEATURE_LOCATION_CONFLICT::Coding region xref gene does not exist
plasmid_files/CP026280.1_results/PROKKA_06292018:CDS	hypothetical protein	CP026280.1:c5451-5317	INMKGNMD_00005

DiscRep_SUB:FEATURE_LOCATION_CONFLICT::Coding region xref gene does not exist
plasmid_files/CP026280.1_results/PROKKA_06292018:CDS	hypothetical protein	CP026280.1:5671-5886	INMKGNMD_00006

DiscRep_SUB:FEATURE_LOCATION_CONFLICT::Coding region xref gene does not exist
plasmid_files/CP026280.1_results/PROKKA_06292018:CDS	hypothetical protein	CP026280.1:c6705-6001	INMKGNMD_00007

DiscRep_SUB:FEATURE_LOCATION_CONFLICT::Coding region xref gene does not exist
plasmid_files/CP026280.1_results/PROKKA_06292018:CDS	hypothetical protein	CP026280.1:6764-7132	INMKGNMD_00008

DiscRep_SUB:FEATURE_LOCATION_CONFLICT::Coding region xref gene does not exist
plasmid_files/CP026280.1_results/PROKKA_06292018:CDS	HTH-type transcriptional repressor NemR	CP026280.1:7274-7855	INMKGNMD_00009

DiscRep_SUB:FEATURE_LOCATION_CONFLICT::Coding region xref gene does not exist
plasmid_files/CP026280.1_results/PROKKA_06292018:CDS	hypothetical protein	CP026280.1:7860-8198	INMKGNMD_00010

DiscRep_SUB:FEATURE_LOCATION_CONFLICT::Coding region xref gene does not exist
plasmid_files/CP026280.1_results/PROKKA_06292018:CDS	Thioredoxin-like protein	CP026280.1:c8557-8228	INMKGNMD_00011

DiscRep_SUB:FEATURE_LOCATION_CONFLICT::Coding region xref gene does not exist
plasmid_files/CP026280.1_results/PROKKA_06292018:CDS	N-ethylmaleimide reductase	CP026280.1:8771-9877	INMKGNMD_00012

DiscRep_SUB:FEATURE_LOCATION_CONFLICT::Coding region xref gene does not exist
plasmid_files/CP026280.1_results/PROKKA_06292018:CDS	hypothetical protein	CP026280.1:9943-10644	INMKGNMD_00013

DiscRep_SUB:FEATURE_LOCATION_CONFLICT::Coding region xref gene does not exist
plasmid_files/CP026280.1_results/PROKKA_06292018:CDS	3-oxoacyl-[acyl-carrier-protein] reductase FabG	CP026280.1:10710-11483	INMKGNMD_00014

DiscRep_SUB:FEATURE_LOCATION_CONFLICT::Coding region xref gene does not exist
plasmid_files/CP026280.1_results/PROKKA_06292018:CDS	Cystathionine beta-lyase PatB	CP026280.1:c12745-11669	INMKGNMD_00015

DiscRep_SUB:FEATURE_LOCATION_CONFLICT::Coding region xref gene does not exist
plasmid_files/CP026280.1_results/PROKKA_06292018:CDS	hypothetical protein	CP026280.1:c12948-12808	INMKGNMD_00016

DiscRep_SUB:FEATURE_LOCATION_CONFLICT::Coding region xref gene does not exist
plasmid_files/CP026280.1_results/PROKKA_06292018:CDS	hypothetical protein	CP026280.1:c13913-12945	INMKGNMD_00017

DiscRep_SUB:FEATURE_LOCATION_CONFLICT::Coding region xref gene does not exist
plasmid_files/CP026280.1_results/PROKKA_06292018:CDS	hypothetical protein	CP026280.1:c15564-13903	INMKGNMD_00018

DiscRep_SUB:FEATURE_LOCATION_CONFLICT::Coding region xref gene does not exist
plasmid_files/CP026280.1_results/PROKKA_06292018:CDS	Transposon gamma-delta resolvase	CP026280.1:c16291-15548	INMKGNMD_00019

DiscRep_SUB:FEATURE_LOCATION_CONFLICT::Coding region xref gene does not exist
plasmid_files/CP026280.1_results/PROKKA_06292018:CDS	hypothetical protein	CP026280.1:c16923-16447	INMKGNMD_00020

DiscRep_SUB:FEATURE_LOCATION_CONFLICT::Coding region xref gene does not exist
plasmid_files/CP026280.1_results/PROKKA_06292018:CDS	hypothetical protein	CP026280.1:c17282-17016	INMKGNMD_00021

DiscRep_SUB:FEATURE_LOCATION_CONFLICT::Coding region xref gene does not exist
plasmid_files/CP026280.1_results/PROKKA_06292018:CDS	HTH-type transcriptional repressor ComR	CP026280.1:17384-18043	INMKGNMD_00022

DiscRep_SUB:FEATURE_LOCATION_CONFLICT::Coding region xref gene does not exist
plasmid_files/CP026280.1_results/PROKKA_06292018:CDS	hypothetical protein	CP026280.1:c18370-18176	INMKGNMD_00023

DiscRep_SUB:FEATURE_LOCATION_CONFLICT::Coding region xref gene does not exist
plasmid_files/CP026280.1_results/PROKKA_06292018:CDS	hypothetical protein	CP026280.1:c19373-18504	INMKGNMD_00024

DiscRep_SUB:FEATURE_LOCATION_CONFLICT::Coding region xref gene does not exist
plasmid_files/CP026280.1_results/PROKKA_06292018:CDS	hypothetical protein	CP026280.1:19614-20366	INMKGNMD_00025

DiscRep_SUB:FEATURE_LOCATION_CONFLICT::Coding region xref gene does not exist
plasmid_files/CP026280.1_results/PROKKA_06292018:CDS	hypothetical protein	CP026280.1:20806-21810	INMKGNMD_00026

DiscRep_SUB:FEATURE_LOCATION_CONFLICT::Coding region xref gene does not exist
plasmid_files/CP026280.1_results/PROKKA_06292018:CDS	hypothetical protein	CP026280.1:22149-23858	INMKGNMD_00027

DiscRep_SUB:FEATURE_LOCATION_CONFLICT::Coding region xref gene does not exist
plasmid_files/CP026280.1_results/PROKKA_06292018:CDS	hypothetical protein	CP026280.1:23937-24941	INMKGNMD_00028

DiscRep_SUB:FEATURE_LOCATION_CONFLICT::Coding region xref gene does not exist
plasmid_files/CP026280.1_results/PROKKA_06292018:CDS	hypothetical protein	CP026280.1:c25467-25246	INMKGNMD_00029

DiscRep_SUB:FEATURE_LOCATION_CONFLICT::Coding region xref gene does not exist
plasmid_files/CP026280.1_results/PROKKA_06292018:CDS	Peptide methionine sulfoxide reductase MsrA 3	CP026280.1:c26156-25662	INMKGNMD_00030

DiscRep_SUB:FEATURE_LOCATION_CONFLICT::Coding region xref gene does not exist
plasmid_files/CP026280.1_results/PROKKA_06292018:CDS	Peptide methionine sulfoxide reductase MsrB	CP026280.1:c26607-26146	INMKGNMD_00031

DiscRep_SUB:FEATURE_LOCATION_CONFLICT::Coding region xref gene does not exist
plasmid_files/CP026280.1_results/PROKKA_06292018:CDS	hypothetical protein	CP026280.1:c27348-26842	INMKGNMD_00032

DiscRep_SUB:FEATURE_LOCATION_CONFLICT::Coding region xref gene does not exist
plasmid_files/CP026280.1_results/PROKKA_06292018:CDS	hypothetical protein	CP026280.1:c27639-27379	INMKGNMD_00033

DiscRep_SUB:FEATURE_LOCATION_CONFLICT::Coding region xref gene does not exist
plasmid_files/CP026280.1_results/PROKKA_06292018:CDS	hypothetical protein	CP026280.1:c28409-27852	INMKGNMD_00034

DiscRep_SUB:FEATURE_LOCATION_CONFLICT::Coding region xref gene does not exist
plasmid_files/CP026280.1_results/PROKKA_06292018:CDS	Multiple stress resistance protein BhsA	CP026280.1:c28772-28506	INMKGNMD_00035

DiscRep_SUB:FEATURE_LOCATION_CONFLICT::Coding region xref gene does not exist
plasmid_files/CP026280.1_results/PROKKA_06292018:CDS	hypothetical protein	CP026280.1:c30150-29146	INMKGNMD_00036

DiscRep_SUB:FEATURE_LOCATION_CONFLICT::Coding region xref gene does not exist
plasmid_files/CP026280.1_results/PROKKA_06292018:CDS	hypothetical protein	CP026280.1:c31098-30229	INMKGNMD_00037

DiscRep_SUB:FEATURE_LOCATION_CONFLICT::Coding region xref gene does not exist
plasmid_files/CP026280.1_results/PROKKA_06292018:CDS	hypothetical protein	CP026280.1:c31908-31204	INMKGNMD_00038

DiscRep_SUB:FEATURE_LOCATION_CONFLICT::Coding region xref gene does not exist
plasmid_files/CP026280.1_results/PROKKA_06292018:CDS	DNA replication and repair protein RecF	CP026280.1:c32191-31955	INMKGNMD_00039

DiscRep_SUB:FEATURE_LOCATION_CONFLICT::Coding region xref gene does not exist
plasmid_files/CP026280.1_results/PROKKA_06292018:CDS	tRNA(fMet)-specific endonuclease VapC	CP026280.1:c32681-32265	INMKGNMD_00040

DiscRep_SUB:FEATURE_LOCATION_CONFLICT::Coding region xref gene does not exist
plasmid_files/CP026280.1_results/PROKKA_06292018:CDS	Antitoxin VapB	CP026280.1:c32908-32678	INMKGNMD_00041

DiscRep_SUB:FEATURE_LOCATION_CONFLICT::Coding region xref gene does not exist
plasmid_files/CP026280.1_results/PROKKA_06292018:CDS	Antitoxin CcdA	CP026280.1:33496-33714	INMKGNMD_00042

DiscRep_SUB:FEATURE_LOCATION_CONFLICT::Coding region xref gene does not exist
plasmid_files/CP026280.1_results/PROKKA_06292018:CDS	Toxin CcdB	CP026280.1:33716-34021	INMKGNMD_00043

DiscRep_SUB:FEATURE_LOCATION_CONFLICT::Coding region xref gene does not exist
plasmid_files/CP026280.1_results/PROKKA_06292018:CDS	hypothetical protein	CP026280.1:34190-34585	INMKGNMD_00044

DiscRep_SUB:FEATURE_LOCATION_CONFLICT::Coding region xref gene does not exist
plasmid_files/CP026280.1_results/PROKKA_06292018:CDS	hypothetical protein	CP026280.1:34612-34926	INMKGNMD_00045

DiscRep_SUB:FEATURE_LOCATION_CONFLICT::Coding region xref gene does not exist
plasmid_files/CP026280.1_results/PROKKA_06292018:CDS	hypothetical protein	CP026280.1:34937-35953	INMKGNMD_00046

DiscRep_SUB:FEATURE_LOCATION_CONFLICT::Coding region xref gene does not exist
plasmid_files/CP026280.1_results/PROKKA_06292018:CDS	hypothetical protein	CP026280.1:c36091-35948	INMKGNMD_00047

DiscRep_SUB:FEATURE_LOCATION_CONFLICT::Coding region xref gene does not exist
plasmid_files/CP026280.1_results/PROKKA_06292018:CDS	Tyrosine recombinase XerD	CP026280.1:36151-36945	INMKGNMD_00048

DiscRep_SUB:FEATURE_LOCATION_CONFLICT::Coding region xref gene does not exist
plasmid_files/CP026280.1_results/PROKKA_06292018:CDS	hypothetical protein	CP026280.1:c37687-37385	INMKGNMD_00049

DiscRep_SUB:FEATURE_LOCATION_CONFLICT::Coding region xref gene does not exist
plasmid_files/CP026280.1_results/PROKKA_06292018:CDS	Chromosome-partitioning ATPase Soj	CP026280.1:c38310-37684	INMKGNMD_00050

DiscRep_SUB:FEATURE_LOCATION_CONFLICT::Coding region xref gene does not exist
plasmid_files/CP026280.1_results/PROKKA_06292018:CDS	Replication protein RepA	CP026280.1:c39818-38943	INMKGNMD_00051

DiscRep_SUB:FEATURE_LOCATION_CONFLICT::Coding region xref gene does not exist
plasmid_files/CP026280.1_results/PROKKA_06292018:CDS	Protein UmuC	CP026280.1:c41501-40230	INMKGNMD_00052

DiscRep_SUB:FEATURE_LOCATION_CONFLICT::Coding region xref gene does not exist
plasmid_files/CP026280.1_results/PROKKA_06292018:CDS	Protein UmuD	CP026280.1:c41932-41501	INMKGNMD_00053

DiscRep_SUB:FEATURE_LOCATION_CONFLICT::Coding region xref gene does not exist
plasmid_files/CP026280.1_results/PROKKA_06292018:CDS	Group II intron-encoded protein LtrA	CP026280.1:42339-43826	INMKGNMD_00054

DiscRep_SUB:FEATURE_LOCATION_CONFLICT::Coding region xref gene does not exist
plasmid_files/CP026280.1_results/PROKKA_06292018:CDS	Plasmid segregation protein ParM	CP026280.1:44075-45046	INMKGNMD_00055

DiscRep_SUB:FEATURE_LOCATION_CONFLICT::Coding region xref gene does not exist
plasmid_files/CP026280.1_results/PROKKA_06292018:CDS	hypothetical protein	CP026280.1:45049-45720	INMKGNMD_00056

DiscRep_SUB:FEATURE_LOCATION_CONFLICT::Coding region xref gene does not exist
plasmid_files/CP026280.1_results/PROKKA_06292018:CDS	hypothetical protein	CP026280.1:45784-46014	INMKGNMD_00057

DiscRep_SUB:FEATURE_LOCATION_CONFLICT::Coding region xref gene does not exist
plasmid_files/CP026280.1_results/PROKKA_06292018:CDS	DNA adenine methyltransferase YhdJ	CP026280.1:46451-47152	INMKGNMD_00058

DiscRep_SUB:FEATURE_LOCATION_CONFLICT::Coding region xref gene does not exist
plasmid_files/CP026280.1_results/PROKKA_06292018:CDS	hypothetical protein	CP026280.1:47152-47373	INMKGNMD_00059

DiscRep_SUB:FEATURE_LOCATION_CONFLICT::Coding region xref gene does not exist
plasmid_files/CP026280.1_results/PROKKA_06292018:CDS	hypothetical protein	CP026280.1:47383-47802	INMKGNMD_00060

DiscRep_SUB:FEATURE_LOCATION_CONFLICT::Coding region xref gene does not exist
plasmid_files/CP026280.1_results/PROKKA_06292018:CDS	hypothetical protein	CP026280.1:47859-48623	INMKGNMD_00061

DiscRep_SUB:FEATURE_LOCATION_CONFLICT::Coding region xref gene does not exist
plasmid_files/CP026280.1_results/PROKKA_06292018:CDS	Antirestriction protein KlcA	CP026280.1:49304-49732	INMKGNMD_00062

DiscRep_SUB:FEATURE_LOCATION_CONFLICT::Coding region xref gene does not exist
plasmid_files/CP026280.1_results/PROKKA_06292018:CDS	hypothetical protein	CP026280.1:49775-50281	INMKGNMD_00063

DiscRep_SUB:FEATURE_LOCATION_CONFLICT::Coding region xref gene does not exist
plasmid_files/CP026280.1_results/PROKKA_06292018:CDS	hypothetical protein	CP026280.1:50324-50515	INMKGNMD_00064

DiscRep_SUB:FEATURE_LOCATION_CONFLICT::Coding region xref gene does not exist
plasmid_files/CP026280.1_results/PROKKA_06292018:CDS	DNA polymerase III subunit theta	CP026280.1:50703-50957	INMKGNMD_00065

DiscRep_SUB:FEATURE_LOCATION_CONFLICT::Coding region xref gene does not exist
plasmid_files/CP026280.1_results/PROKKA_06292018:CDS	hypothetical protein	CP026280.1:50992-51309	INMKGNMD_00066

DiscRep_SUB:FEATURE_LOCATION_CONFLICT::Coding region xref gene does not exist
plasmid_files/CP026280.1_results/PROKKA_06292018:CDS	Single-stranded DNA-binding protein	CP026280.1:52049-52561	INMKGNMD_00067

DiscRep_SUB:FEATURE_LOCATION_CONFLICT::Coding region xref gene does not exist
plasmid_files/CP026280.1_results/PROKKA_06292018:CDS	hypothetical protein	CP026280.1:52609-52851	INMKGNMD_00068

DiscRep_SUB:FEATURE_LOCATION_CONFLICT::Coding region xref gene does not exist
plasmid_files/CP026280.1_results/PROKKA_06292018:CDS	Chromosome-partitioning protein Spo0J	CP026280.1:52920-54929	INMKGNMD_00069

DiscRep_SUB:FEATURE_LOCATION_CONFLICT::Coding region xref gene does not exist
plasmid_files/CP026280.1_results/PROKKA_06292018:CDS	Protein PsiB	CP026280.1:54975-55406	INMKGNMD_00070

DiscRep_SUB:FEATURE_LOCATION_CONFLICT::Coding region xref gene does not exist
plasmid_files/CP026280.1_results/PROKKA_06292018:CDS	hypothetical protein	CP026280.1:55403-56125	INMKGNMD_00071

DiscRep_SUB:FEATURE_LOCATION_CONFLICT::Coding region xref gene does not exist
plasmid_files/CP026280.1_results/PROKKA_06292018:CDS	hypothetical protein	CP026280.1:56129-56452	INMKGNMD_00072

DiscRep_SUB:FEATURE_LOCATION_CONFLICT::Coding region xref gene does not exist
plasmid_files/CP026280.1_results/PROKKA_06292018:CDS	hypothetical protein	CP026280.1:56566-56922	INMKGNMD_00073

DiscRep_SUB:FEATURE_LOCATION_CONFLICT::Coding region xref gene does not exist
plasmid_files/CP026280.1_results/PROKKA_06292018:CDS	hypothetical protein	CP026280.1:56970-57242	INMKGNMD_00074

DiscRep_SUB:FEATURE_LOCATION_CONFLICT::Coding region xref gene does not exist
plasmid_files/CP026280.1_results/PROKKA_06292018:CDS	hypothetical protein	CP026280.1:57239-57589	INMKGNMD_00075

DiscRep_SUB:FEATURE_LOCATION_CONFLICT::Coding region xref gene does not exist
plasmid_files/CP026280.1_results/PROKKA_06292018:CDS	hypothetical protein	CP026280.1:58219-58572	INMKGNMD_00076

DiscRep_SUB:FEATURE_LOCATION_CONFLICT::Coding region xref gene does not exist
plasmid_files/CP026280.1_results/PROKKA_06292018:CDS	hypothetical protein	CP026280.1:58629-58976	INMKGNMD_00077

DiscRep_SUB:FEATURE_LOCATION_CONFLICT::Coding region xref gene does not exist
plasmid_files/CP026280.1_results/PROKKA_06292018:CDS	hypothetical protein	CP026280.1:59071-59217	INMKGNMD_00078

DiscRep_SUB:FEATURE_LOCATION_CONFLICT::Coding region xref gene does not exist
plasmid_files/CP026280.1_results/PROKKA_06292018:CDS	hypothetical protein	CP026280.1:59268-60101	INMKGNMD_00079

DiscRep_SUB:FEATURE_LOCATION_CONFLICT::Coding region xref gene does not exist
plasmid_files/CP026280.1_results/PROKKA_06292018:CDS	hypothetical protein	CP026280.1:60921-61742	INMKGNMD_00080

DiscRep_SUB:FEATURE_LOCATION_CONFLICT::Coding region xref gene does not exist
plasmid_files/CP026280.1_results/PROKKA_06292018:CDS	hypothetical protein	CP026280.1:61790-62104	INMKGNMD_00081

DiscRep_SUB:FEATURE_LOCATION_CONFLICT::Coding region xref gene does not exist
plasmid_files/CP026280.1_results/PROKKA_06292018:CDS	hypothetical protein	CP026280.1:c62622-62137	INMKGNMD_00082

DiscRep_SUB:FEATURE_LOCATION_CONFLICT::Coding region xref gene does not exist
plasmid_files/CP026280.1_results/PROKKA_06292018:CDS	Relaxosome protein TraM	CP026280.1:63055-63444	INMKGNMD_00083

DiscRep_SUB:FEATURE_LOCATION_CONFLICT::Coding region xref gene does not exist
plasmid_files/CP026280.1_results/PROKKA_06292018:CDS	hypothetical protein	CP026280.1:63683-64357	INMKGNMD_00084

DiscRep_SUB:FEATURE_LOCATION_CONFLICT::Coding region xref gene does not exist
plasmid_files/CP026280.1_results/PROKKA_06292018:CDS	Pilin	CP026280.1:64775-65143	INMKGNMD_00085

DiscRep_SUB:FEATURE_LOCATION_CONFLICT::Coding region xref gene does not exist
plasmid_files/CP026280.1_results/PROKKA_06292018:CDS	hypothetical protein	CP026280.1:65157-65462	INMKGNMD_00086

DiscRep_SUB:FEATURE_LOCATION_CONFLICT::Coding region xref gene does not exist
plasmid_files/CP026280.1_results/PROKKA_06292018:CDS	hypothetical protein	CP026280.1:65482-66048	INMKGNMD_00087

DiscRep_SUB:FEATURE_LOCATION_CONFLICT::Coding region xref gene does not exist
plasmid_files/CP026280.1_results/PROKKA_06292018:CDS	hypothetical protein	CP026280.1:66035-66775	INMKGNMD_00088

DiscRep_SUB:FEATURE_LOCATION_CONFLICT::Coding region xref gene does not exist
plasmid_files/CP026280.1_results/PROKKA_06292018:CDS	hypothetical protein	CP026280.1:66775-68199	INMKGNMD_00089

DiscRep_SUB:FEATURE_LOCATION_CONFLICT::Coding region xref gene does not exist
plasmid_files/CP026280.1_results/PROKKA_06292018:CDS	hypothetical protein	CP026280.1:68192-68788	INMKGNMD_00090

DiscRep_SUB:FEATURE_LOCATION_CONFLICT::Coding region xref gene does not exist
plasmid_files/CP026280.1_results/PROKKA_06292018:CDS	Protein TraV	CP026280.1:68811-69380	INMKGNMD_00091

DiscRep_SUB:FEATURE_LOCATION_CONFLICT::Coding region xref gene does not exist
plasmid_files/CP026280.1_results/PROKKA_06292018:CDS	hypothetical protein	CP026280.1:69512-69922	INMKGNMD_00092

DiscRep_SUB:FEATURE_LOCATION_CONFLICT::Coding region xref gene does not exist
plasmid_files/CP026280.1_results/PROKKA_06292018:CDS	hypothetical protein	CP026280.1:69927-70211	INMKGNMD_00093

DiscRep_SUB:FEATURE_LOCATION_CONFLICT::Coding region xref gene does not exist
plasmid_files/CP026280.1_results/PROKKA_06292018:CDS	hypothetical protein	CP026280.1:70235-70453	INMKGNMD_00094

DiscRep_SUB:FEATURE_LOCATION_CONFLICT::Coding region xref gene does not exist
plasmid_files/CP026280.1_results/PROKKA_06292018:CDS	hypothetical protein	CP026280.1:70454-70765	INMKGNMD_00095

DiscRep_SUB:FEATURE_LOCATION_CONFLICT::Coding region xref gene does not exist
plasmid_files/CP026280.1_results/PROKKA_06292018:CDS	hypothetical protein	CP026280.1:70832-71236	INMKGNMD_00096

DiscRep_SUB:FEATURE_LOCATION_CONFLICT::Coding region xref gene does not exist
plasmid_files/CP026280.1_results/PROKKA_06292018:CDS	hypothetical protein	CP026280.1:71233-71523	INMKGNMD_00097

DiscRep_SUB:FEATURE_LOCATION_CONFLICT::Coding region xref gene does not exist
plasmid_files/CP026280.1_results/PROKKA_06292018:CDS	hypothetical protein	CP026280.1:71537-71929	INMKGNMD_00098

DiscRep_SUB:FEATURE_LOCATION_CONFLICT::Coding region xref gene does not exist
plasmid_files/CP026280.1_results/PROKKA_06292018:CDS	Protein TraC	CP026280.1:72001-74640	INMKGNMD_00099

DiscRep_SUB:FEATURE_LOCATION_CONFLICT::Coding region xref gene does not exist
plasmid_files/CP026280.1_results/PROKKA_06292018:CDS	hypothetical protein	CP026280.1:74637-75029	INMKGNMD_00100

DiscRep_SUB:FEATURE_LOCATION_CONFLICT::Coding region xref gene does not exist
plasmid_files/CP026280.1_results/PROKKA_06292018:CDS	hypothetical protein	CP026280.1:75029-75655	INMKGNMD_00101

DiscRep_SUB:FEATURE_LOCATION_CONFLICT::Coding region xref gene does not exist
plasmid_files/CP026280.1_results/PROKKA_06292018:CDS	hypothetical protein	CP026280.1:75666-76658	INMKGNMD_00102

DiscRep_SUB:FEATURE_LOCATION_CONFLICT::Coding region xref gene does not exist
plasmid_files/CP026280.1_results/PROKKA_06292018:CDS	hypothetical protein	CP026280.1:76673-77221	INMKGNMD_00103

DiscRep_SUB:FEATURE_LOCATION_CONFLICT::Coding region xref gene does not exist
plasmid_files/CP026280.1_results/PROKKA_06292018:CDS	hypothetical protein	CP026280.1:c77885-77196	INMKGNMD_00104

DiscRep_SUB:FEATURE_LOCATION_CONFLICT::Coding region xref gene does not exist
plasmid_files/CP026280.1_results/PROKKA_06292018:CDS	hypothetical protein	CP026280.1:77942-78544	INMKGNMD_00105

DiscRep_SUB:FEATURE_LOCATION_CONFLICT::Coding region xref gene does not exist
plasmid_files/CP026280.1_results/PROKKA_06292018:CDS	hypothetical protein	CP026280.1:78688-79335	INMKGNMD_00106

DiscRep_SUB:FEATURE_LOCATION_CONFLICT::Coding region xref gene does not exist
plasmid_files/CP026280.1_results/PROKKA_06292018:CDS	hypothetical protein	CP026280.1:79394-81349	INMKGNMD_00107

DiscRep_SUB:FEATURE_LOCATION_CONFLICT::Coding region xref gene does not exist
plasmid_files/CP026280.1_results/PROKKA_06292018:CDS	hypothetical protein	CP026280.1:81381-81635	INMKGNMD_00108

DiscRep_SUB:FEATURE_LOCATION_CONFLICT::Coding region xref gene does not exist
plasmid_files/CP026280.1_results/PROKKA_06292018:CDS	hypothetical protein	CP026280.1:81595-81861	INMKGNMD_00109

DiscRep_SUB:FEATURE_LOCATION_CONFLICT::Coding region xref gene does not exist
plasmid_files/CP026280.1_results/PROKKA_06292018:CDS	hypothetical protein	CP026280.1:81874-82200	INMKGNMD_00110

DiscRep_SUB:FEATURE_LOCATION_CONFLICT::Coding region xref gene does not exist
plasmid_files/CP026280.1_results/PROKKA_06292018:CDS	hypothetical protein	CP026280.1:82221-82973	INMKGNMD_00111

DiscRep_SUB:FEATURE_LOCATION_CONFLICT::Coding region xref gene does not exist
plasmid_files/CP026280.1_results/PROKKA_06292018:CDS	Protein TraQ	CP026280.1:82984-83223	INMKGNMD_00112

DiscRep_SUB:FEATURE_LOCATION_CONFLICT::Coding region xref gene does not exist
plasmid_files/CP026280.1_results/PROKKA_06292018:CDS	hypothetical protein	CP026280.1:83195-83767	INMKGNMD_00113

DiscRep_SUB:FEATURE_LOCATION_CONFLICT::Coding region xref gene does not exist
plasmid_files/CP026280.1_results/PROKKA_06292018:CDS	hypothetical protein	CP026280.1:83760-84188	INMKGNMD_00114

DiscRep_SUB:FEATURE_LOCATION_CONFLICT::Coding region xref gene does not exist
plasmid_files/CP026280.1_results/PROKKA_06292018:CDS	hypothetical protein	CP026280.1:84175-85545	INMKGNMD_00115

DiscRep_SUB:FEATURE_LOCATION_CONFLICT::Coding region xref gene does not exist
plasmid_files/CP026280.1_results/PROKKA_06292018:CDS	hypothetical protein	CP026280.1:85545-88418	INMKGNMD_00116

DiscRep_SUB:FEATURE_LOCATION_CONFLICT::Coding region xref gene does not exist
plasmid_files/CP026280.1_results/PROKKA_06292018:CDS	Protein TraS	CP026280.1:88429-88962	INMKGNMD_00117

DiscRep_SUB:FEATURE_LOCATION_CONFLICT::Coding region xref gene does not exist
plasmid_files/CP026280.1_results/PROKKA_06292018:CDS	hypothetical protein	CP026280.1:89153-89845	INMKGNMD_00118

DiscRep_SUB:FEATURE_LOCATION_CONFLICT::Coding region xref gene does not exist
plasmid_files/CP026280.1_results/PROKKA_06292018:CDS	Coupling protein TraD	CP026280.1:89971-92280	INMKGNMD_00119

DiscRep_SUB:FEATURE_LOCATION_CONFLICT::Coding region xref gene does not exist
plasmid_files/CP026280.1_results/PROKKA_06292018:CDS	Multifunctional conjugation protein TraI	CP026280.1:92280-97538	INMKGNMD_00120

DiscRep_SUB:FEATURE_LOCATION_CONFLICT::Coding region xref gene does not exist
plasmid_files/CP026280.1_results/PROKKA_06292018:CDS	hypothetical protein	CP026280.1:97618-98343	INMKGNMD_00121

DiscRep_SUB:FEATURE_LOCATION_CONFLICT::Coding region xref gene does not exist
plasmid_files/CP026280.1_results/PROKKA_06292018:CDS	Fertility inhibition protein	CP026280.1:98499-99092	INMKGNMD_00122

DiscRep_SUB:FEATURE_LOCATION_CONFLICT::Coding region xref gene does not exist
plasmid_files/CP026280.1_results/PROKKA_06292018:CDS	hypothetical protein	CP026280.1:99634-99855	INMKGNMD_00123

DiscRep_SUB:FEATURE_LOCATION_CONFLICT::Coding region xref gene does not exist
plasmid_files/CP026280.1_results/PROKKA_06292018:CDS	hypothetical protein	CP026280.1:99905-100549	INMKGNMD_00124

DiscRep_SUB:FEATURE_LOCATION_CONFLICT::Coding region xref gene does not exist
plasmid_files/CP026280.1_results/PROKKA_06292018:CDS	hypothetical protein	CP026280.1:100605-101255	INMKGNMD_00125

DiscRep_SUB:FEATURE_LOCATION_CONFLICT::Coding region xref gene does not exist
plasmid_files/CP026280.1_results/PROKKA_06292018:CDS	hypothetical protein	CP026280.1:101252-101560	INMKGNMD_00126

DiscRep_SUB:FEATURE_LOCATION_CONFLICT::Coding region xref gene does not exist
plasmid_files/CP026280.1_results/PROKKA_06292018:CDS	Phospholipase D	CP026280.1:101655-102215	INMKGNMD_00127

DiscRep_SUB:FEATURE_LOCATION_CONFLICT::Coding region xref gene does not exist
plasmid_files/CP026280.1_results/PROKKA_06292018:CDS	hypothetical protein	CP026280.1:102351-102620	INMKGNMD_00128

DiscRep_SUB:FEATURE_LOCATION_CONFLICT::Coding region xref gene does not exist
plasmid_files/CP026280.1_results/PROKKA_06292018:CDS	hypothetical protein	CP026280.1:103124-103453	INMKGNMD_00129

DiscRep_SUB:FEATURE_LOCATION_CONFLICT::Coding region xref gene does not exist
plasmid_files/CP026280.1_results/PROKKA_06292018:CDS	Replication initiation protein	CP026280.1:103446-104459	INMKGNMD_00130

DiscRep_SUB:FEATURE_LOCATION_CONFLICT::Coding region xref gene does not exist
plasmid_files/CP026280.1_results/PROKKA_06292018:CDS	hypothetical protein	CP026280.1:104930-106249	INMKGNMD_00131

DiscRep_SUB:FEATURE_LOCATION_CONFLICT::Coding region xref gene does not exist
plasmid_files/CP026280.1_results/PROKKA_06292018:CDS	Carbapenem-hydrolyzing beta-lactamase KPC	CP026280.1:c107380-106499	INMKGNMD_00132

DiscRep_SUB:FEATURE_LOCATION_CONFLICT::Coding region xref gene does not exist
plasmid_files/CP026280.1_results/PROKKA_06292018:CDS	hypothetical protein	CP026280.1:c107770-107432	INMKGNMD_00133

DiscRep_SUB:FEATURE_LOCATION_CONFLICT::Coding region xref gene does not exist
plasmid_files/CP026280.1_results/PROKKA_06292018:CDS	Insertion sequence IS5376 putative ATP-binding protein	CP026280.1:c108546-107767	INMKGNMD_00134

DiscRep_SUB:FEATURE_LOCATION_CONFLICT::Coding region xref gene does not exist
plasmid_files/CP026280.1_results/PROKKA_06292018:CDS	hypothetical protein	CP026280.1:c109568-108543	INMKGNMD_00135

DiscRep_SUB:FEATURE_LOCATION_CONFLICT::Coding region xref gene does not exist
plasmid_files/CP026280.1_results/PROKKA_06292018:CDS	hypothetical protein	CP026280.1:c112704-109675	INMKGNMD_00136

DiscRep_SUB:FEATURE_LOCATION_CONFLICT::Coding region xref gene does not exist
plasmid_files/CP026280.1_results/PROKKA_06292018:CDS	Tyrosine recombinase XerD	CP026280.1:112814-114529	INMKGNMD_00137

DiscRep_SUB:FEATURE_LOCATION_CONFLICT::Coding region xref gene does not exist
plasmid_files/CP026280.1_results/PROKKA_06292018:CDS	hypothetical protein	CP026280.1:c115276-115124	INMKGNMD_00138

DiscRep_SUB:FEATURE_LOCATION_CONFLICT::Coding region xref gene does not exist
plasmid_files/CP026280.1_results/PROKKA_06292018:CDS	hypothetical protein	CP026280.1:c115794-115459	INMKGNMD_00139

DiscRep_SUB:FEATURE_LOCATION_CONFLICT::Coding region xref gene does not exist
plasmid_files/CP026280.1_results/PROKKA_06292018:CDS	hypothetical protein	CP026280.1:115967-116248	INMKGNMD_00140

DiscRep_SUB:FEATURE_LOCATION_CONFLICT::Coding region xref gene does not exist
plasmid_files/CP026280.1_results/PROKKA_06292018:CDS	hypothetical protein	CP026280.1:116302-116916	INMKGNMD_00141

DiscRep_SUB:FEATURE_LOCATION_CONFLICT::Coding region xref gene does not exist
plasmid_files/CP026280.1_results/PROKKA_06292018:CDS	hypothetical protein	CP026280.1:117230-117967	INMKGNMD_00142

DiscRep_SUB:FEATURE_LOCATION_CONFLICT::Coding region xref gene does not exist
plasmid_files/CP026280.1_results/PROKKA_06292018:CDS	Group II intron-encoded protein LtrA	CP026280.1:118559-120082	INMKGNMD_00143

DiscRep_SUB:FEATURE_LOCATION_CONFLICT::Coding region xref gene does not exist
plasmid_files/CP026280.1_results/PROKKA_06292018:CDS	Aminoglycoside 3'-phosphotransferase	CP026280.1:120728-121531	INMKGNMD_00144

DiscRep_SUB:FEATURE_LOCATION_CONFLICT::Coding region xref gene does not exist
plasmid_files/CP026280.1_results/PROKKA_06292018:CDS	hypothetical protein	CP026280.1:121531-122367	INMKGNMD_00145

DiscRep_SUB:FEATURE_LOCATION_CONFLICT::Coding region xref gene does not exist
plasmid_files/CP026280.1_results/PROKKA_06292018:CDS	Transposon gamma-delta resolvase	CP026280.1:122513-122767	INMKGNMD_00146

DiscRep_SUB:FEATURE_LOCATION_CONFLICT::Coding region xref gene does not exist
plasmid_files/CP026280.1_results/PROKKA_06292018:CDS	C4-dicarboxylic acid transporter DauA	CP026280.1:123219-124709	INMKGNMD_00147

DiscRep_SUB:FEATURE_LOCATION_CONFLICT::Coding region xref gene does not exist
plasmid_files/CP026280.1_results/PROKKA_06292018:CDS	hypothetical protein	CP026280.1:124744-125598	INMKGNMD_00148

DiscRep_SUB:FEATURE_LOCATION_CONFLICT::Coding region xref gene does not exist
plasmid_files/CP026280.1_results/PROKKA_06292018:CDS	RNA polymerase-binding transcription factor DksA	CP026280.1:125689-126021	INMKGNMD_00149

DiscRep_SUB:FEATURE_LOCATION_CONFLICT::Coding region xref gene does not exist
plasmid_files/CP026280.1_results/PROKKA_06292018:CDS	Serine recombinase PinR	CP026280.1:c126447-126139	INMKGNMD_00150

DiscRep_SUB:FEATURE_LOCATION_CONFLICT::Coding region xref gene does not exist
plasmid_files/CP026280.1_results/PROKKA_06292018:CDS	hypothetical protein	CP026280.1:126929-127189	INMKGNMD_00151

DiscRep_SUB:FEATURE_LOCATION_CONFLICT::Coding region xref gene does not exist
plasmid_files/CP026280.1_results/PROKKA_06292018:CDS	Toxin ParE1	CP026280.1:127189-127500	INMKGNMD_00152

DiscRep_SUB:FEATURE_LOCATION_CONFLICT::Coding region xref gene does not exist
plasmid_files/CP026280.1_results/PROKKA_06292018:CDS	hypothetical protein	CP026280.1:127524-130604	INMKGNMD_00153

DiscRep_SUB:FEATURE_LOCATION_CONFLICT::Coding region xref gene does not exist
plasmid_files/CP026280.1_results/PROKKA_06292018:CDS	Transposon gamma-delta resolvase	CP026280.1:130601-130927	INMKGNMD_00154

DiscRep_SUB:FEATURE_LOCATION_CONFLICT::Coding region xref gene does not exist
plasmid_files/CP026280.1_results/PROKKA_06292018:CDS	hypothetical protein	CP026280.1:131117-131740	INMKGNMD_00155

DiscRep_SUB:FEATURE_LOCATION_CONFLICT::Coding region xref gene does not exist
plasmid_files/CP026280.1_results/PROKKA_06292018:CDS	Regulatory protein RecX	CP026280.1:c132689-132255	INMKGNMD_00156

DiscRep_SUB:FEATURE_LOCATION_CONFLICT::Coding region xref gene does not exist
plasmid_files/CP026280.1_results/PROKKA_06292018:CDS	hypothetical protein	CP026280.1:c134080-132686	INMKGNMD_00157

DiscRep_SUB:FEATURE_LOCATION_CONFLICT::Coding region xref gene does not exist
plasmid_files/CP026280.1_results/PROKKA_06292018:CDS	Serine recombinase PinR	CP026280.1:c134741-134157	INMKGNMD_00158

DiscRep_SUB:FEATURE_LOCATION_CONFLICT::Coding region xref gene does not exist
plasmid_files/CP026280.1_results/PROKKA_06292018:CDS	hypothetical protein	CP026280.1:135065-135661	INMKGNMD_00159

DiscRep_SUB:FEATURE_LOCATION_CONFLICT::Coding region xref gene does not exist
plasmid_files/CP026280.1_results/PROKKA_06292018:CDS	hypothetical protein	CP026280.1:135781-136428	INMKGNMD_00160

DiscRep_SUB:FEATURE_LOCATION_CONFLICT::Coding region xref gene does not exist
plasmid_files/CP026280.1_results/PROKKA_06292018:CDS	hypothetical protein	CP026280.1:136469-136702	INMKGNMD_00161

DiscRep_SUB:FEATURE_LOCATION_CONFLICT::Coding region xref gene does not exist
plasmid_files/CP026280.1_results/PROKKA_06292018:CDS	Type I restriction enzyme EcoKI M protein	CP026280.1:136943-138499	INMKGNMD_00162

DiscRep_SUB:FEATURE_LOCATION_CONFLICT::Coding region xref gene does not exist
plasmid_files/CP026280.1_results/PROKKA_06292018:CDS	hypothetical protein	CP026280.1:138496-139773	INMKGNMD_00163

DiscRep_SUB:FEATURE_LOCATION_CONFLICT::Coding region xref gene does not exist
plasmid_files/CP026280.1_results/PROKKA_06292018:CDS	Type I restriction enzyme EcoR124II R protein	CP026280.1:139899-143021	INMKGNMD_00164

DiscRep_SUB:FEATURE_LOCATION_CONFLICT::Coding region xref gene does not exist
plasmid_files/CP026280.1_results/PROKKA_06292018:CDS	Thermonuclease	CP026280.1:c143695-143222	INMKGNMD_00165

DiscRep_SUB:FEATURE_LOCATION_CONFLICT::Coding region xref gene does not exist
plasmid_files/CP026280.1_results/PROKKA_06292018:CDS	hypothetical protein	CP026280.1:c144487-143732	INMKGNMD_00166

DiscRep_SUB:FEATURE_LOCATION_CONFLICT::Coding region xref gene does not exist
plasmid_files/CP026280.1_results/PROKKA_06292018:CDS	hypothetical protein	CP026280.1:c146232-144496	INMKGNMD_00167

DiscRep_SUB:FEATURE_LOCATION_CONFLICT::Coding region xref gene does not exist
plasmid_files/CP026280.1_results/PROKKA_06292018:CDS	hypothetical protein	CP026280.1:c147317-147012	INMKGNMD_00168

DiscRep_SUB:FEATURE_LOCATION_CONFLICT::Coding region xref gene does not exist
plasmid_files/CP026280.1_results/PROKKA_06292018:CDS	hypothetical protein	CP026280.1:c147656-147351	INMKGNMD_00169

DiscRep_SUB:FEATURE_LOCATION_CONFLICT::Coding region xref gene does not exist
plasmid_files/CP026280.1_results/PROKKA_06292018:CDS	Type IV secretion system protein VirB11	CP026280.1:c149112-148087	INMKGNMD_00170

DiscRep_SUB:FEATURE_LOCATION_CONFLICT::Coding region xref gene does not exist
plasmid_files/CP026280.1_results/PROKKA_06292018:CDS	Type IV secretion system protein virB10	CP026280.1:c150352-149102	INMKGNMD_00171

DiscRep_SUB:FEATURE_LOCATION_CONFLICT::Coding region xref gene does not exist
plasmid_files/CP026280.1_results/PROKKA_06292018:CDS	Type IV secretion system protein virB9	CP026280.1:c151301-150396	INMKGNMD_00172

DiscRep_SUB:FEATURE_LOCATION_CONFLICT::Coding region xref gene does not exist
plasmid_files/CP026280.1_results/PROKKA_06292018:CDS	Type IV secretion system protein PtlE	CP026280.1:c151984-151301	INMKGNMD_00173

DiscRep_ALL:SUSPECT_PRODUCT_NAMES::1 product_names contain suspect phrase or characters
DiscRep_SUB:SUSPECT_PRODUCT_NAMES::May contain database identifier more appropriate in note; remove from product name
DiscRep_SUB:SUSPECT_PRODUCT_NAMES::1 features Three or more numbers together
plasmid_files/CP026280.1_results/PROKKA_06292018:CDS	Type I restriction enzyme EcoR124II R protein	CP026280.1:139899-143021	INMKGNMD_00164

DiscRep_ALL:DISC_QUALITY_SCORES::Quality scores are missing on all sequences.

DiscRep_ALL:ONCALLER_COMMENT_PRESENT::1 comment descriptors were found (all same)
plasmid_files/CP026280.1_results/PROKKA_06292018:CP026280.1:Annotated using prokka 1.14-dev from https://github.com/tseemann/prokka

DiscRep_ALL:SHORT_PROT_SEQUENCES::4 protein sequences are shorter than 50 aa.
plasmid_files/CP026280.1_results/PROKKA_06292018:CP026280.1_5 (length 44)
plasmid_files/CP026280.1_results/PROKKA_06292018:CP026280.1_16 (length 46)
plasmid_files/CP026280.1_results/PROKKA_06292018:CP026280.1_47 (length 47)
plasmid_files/CP026280.1_results/PROKKA_06292018:CP026280.1_78 (length 48)

DiscRep_ALL:MISSING_GENOMEASSEMBLY_COMMENTS::1 bioseqs are missing GenomeAssembly structured comments
plasmid_files/CP026280.1_results/PROKKA_06292018:CP026280.1 (length 152041)

DiscRep_ALL:MOLTYPE_NOT_MRNA::1 molecule types are not set as mRNA.
plasmid_files/CP026280.1_results/PROKKA_06292018:CP026280.1 (length 152041)

DiscRep_ALL:TECHNIQUE_NOT_TSA::1 technique are not set as TSA
plasmid_files/CP026280.1_results/PROKKA_06292018:CP026280.1 (length 152041)

DiscRep_ALL:MISSING_STRUCTURED_COMMENT::1 sequences do not include structured comments.
plasmid_files/CP026280.1_results/PROKKA_06292018:CP026280.1 (length 152041)

DiscRep_ALL:MISSING_PROJECT::174 sequences do not include project.
plasmid_files/CP026280.1_results/PROKKA_06292018:CP026280.1 (length 152041)
plasmid_files/CP026280.1_results/PROKKA_06292018:CP026280.1_1 (length 201)
plasmid_files/CP026280.1_results/PROKKA_06292018:CP026280.1_2 (length 807)
plasmid_files/CP026280.1_results/PROKKA_06292018:CP026280.1_3 (length 334)
plasmid_files/CP026280.1_results/PROKKA_06292018:CP026280.1_4 (length 104)
plasmid_files/CP026280.1_results/PROKKA_06292018:CP026280.1_5 (length 44)
plasmid_files/CP026280.1_results/PROKKA_06292018:CP026280.1_6 (length 71)
plasmid_files/CP026280.1_results/PROKKA_06292018:CP026280.1_7 (length 234)
plasmid_files/CP026280.1_results/PROKKA_06292018:CP026280.1_8 (length 122)
plasmid_files/CP026280.1_results/PROKKA_06292018:CP026280.1_9 (length 193)
plasmid_files/CP026280.1_results/PROKKA_06292018:CP026280.1_10 (length 112)
plasmid_files/CP026280.1_results/PROKKA_06292018:CP026280.1_11 (length 109)
plasmid_files/CP026280.1_results/PROKKA_06292018:CP026280.1_12 (length 368)
plasmid_files/CP026280.1_results/PROKKA_06292018:CP026280.1_13 (length 233)
plasmid_files/CP026280.1_results/PROKKA_06292018:CP026280.1_14 (length 257)
plasmid_files/CP026280.1_results/PROKKA_06292018:CP026280.1_15 (length 358)
plasmid_files/CP026280.1_results/PROKKA_06292018:CP026280.1_16 (length 46)
plasmid_files/CP026280.1_results/PROKKA_06292018:CP026280.1_17 (length 322)
plasmid_files/CP026280.1_results/PROKKA_06292018:CP026280.1_18 (length 553)
plasmid_files/CP026280.1_results/PROKKA_06292018:CP026280.1_19 (length 247)
plasmid_files/CP026280.1_results/PROKKA_06292018:CP026280.1_20 (length 158)
plasmid_files/CP026280.1_results/PROKKA_06292018:CP026280.1_21 (length 88)
plasmid_files/CP026280.1_results/PROKKA_06292018:CP026280.1_22 (length 219)
plasmid_files/CP026280.1_results/PROKKA_06292018:CP026280.1_23 (length 64)
plasmid_files/CP026280.1_results/PROKKA_06292018:CP026280.1_24 (length 289)
plasmid_files/CP026280.1_results/PROKKA_06292018:CP026280.1_25 (length 250)
plasmid_files/CP026280.1_results/PROKKA_06292018:CP026280.1_26 (length 334)
plasmid_files/CP026280.1_results/PROKKA_06292018:CP026280.1_27 (length 569)
plasmid_files/CP026280.1_results/PROKKA_06292018:CP026280.1_28 (length 334)
plasmid_files/CP026280.1_results/PROKKA_06292018:CP026280.1_29 (length 73)
plasmid_files/CP026280.1_results/PROKKA_06292018:CP026280.1_30 (length 164)
plasmid_files/CP026280.1_results/PROKKA_06292018:CP026280.1_31 (length 153)
plasmid_files/CP026280.1_results/PROKKA_06292018:CP026280.1_32 (length 168)
plasmid_files/CP026280.1_results/PROKKA_06292018:CP026280.1_33 (length 86)
plasmid_files/CP026280.1_results/PROKKA_06292018:CP026280.1_34 (length 185)
plasmid_files/CP026280.1_results/PROKKA_06292018:CP026280.1_35 (length 88)
plasmid_files/CP026280.1_results/PROKKA_06292018:CP026280.1_36 (length 334)
plasmid_files/CP026280.1_results/PROKKA_06292018:CP026280.1_37 (length 289)
plasmid_files/CP026280.1_results/PROKKA_06292018:CP026280.1_38 (length 234)
plasmid_files/CP026280.1_results/PROKKA_06292018:CP026280.1_39 (length 78)
plasmid_files/CP026280.1_results/PROKKA_06292018:CP026280.1_40 (length 138)
plasmid_files/CP026280.1_results/PROKKA_06292018:CP026280.1_41 (length 76)
plasmid_files/CP026280.1_results/PROKKA_06292018:CP026280.1_42 (length 72)
plasmid_files/CP026280.1_results/PROKKA_06292018:CP026280.1_43 (length 101)
plasmid_files/CP026280.1_results/PROKKA_06292018:CP026280.1_44 (length 131)
plasmid_files/CP026280.1_results/PROKKA_06292018:CP026280.1_45 (length 104)
plasmid_files/CP026280.1_results/PROKKA_06292018:CP026280.1_46 (length 338)
plasmid_files/CP026280.1_results/PROKKA_06292018:CP026280.1_47 (length 47)
plasmid_files/CP026280.1_results/PROKKA_06292018:CP026280.1_48 (length 264)
plasmid_files/CP026280.1_results/PROKKA_06292018:CP026280.1_49 (length 100)
plasmid_files/CP026280.1_results/PROKKA_06292018:CP026280.1_50 (length 208)
plasmid_files/CP026280.1_results/PROKKA_06292018:CP026280.1_51 (length 291)
plasmid_files/CP026280.1_results/PROKKA_06292018:CP026280.1_52 (length 423)
plasmid_files/CP026280.1_results/PROKKA_06292018:CP026280.1_53 (length 143)
plasmid_files/CP026280.1_results/PROKKA_06292018:CP026280.1_54 (length 495)
plasmid_files/CP026280.1_results/PROKKA_06292018:CP026280.1_55 (length 323)
plasmid_files/CP026280.1_results/PROKKA_06292018:CP026280.1_56 (length 223)
plasmid_files/CP026280.1_results/PROKKA_06292018:CP026280.1_57 (length 76)
plasmid_files/CP026280.1_results/PROKKA_06292018:CP026280.1_58 (length 233)
plasmid_files/CP026280.1_results/PROKKA_06292018:CP026280.1_59 (length 73)
plasmid_files/CP026280.1_results/PROKKA_06292018:CP026280.1_60 (length 139)
plasmid_files/CP026280.1_results/PROKKA_06292018:CP026280.1_61 (length 254)
plasmid_files/CP026280.1_results/PROKKA_06292018:CP026280.1_62 (length 142)
plasmid_files/CP026280.1_results/PROKKA_06292018:CP026280.1_63 (length 168)
plasmid_files/CP026280.1_results/PROKKA_06292018:CP026280.1_64 (length 63)
plasmid_files/CP026280.1_results/PROKKA_06292018:CP026280.1_65 (length 84)
plasmid_files/CP026280.1_results/PROKKA_06292018:CP026280.1_66 (length 105)
plasmid_files/CP026280.1_results/PROKKA_06292018:CP026280.1_67 (length 170)
plasmid_files/CP026280.1_results/PROKKA_06292018:CP026280.1_68 (length 80)
plasmid_files/CP026280.1_results/PROKKA_06292018:CP026280.1_69 (length 669)
plasmid_files/CP026280.1_results/PROKKA_06292018:CP026280.1_70 (length 143)
plasmid_files/CP026280.1_results/PROKKA_06292018:CP026280.1_71 (length 240)
plasmid_files/CP026280.1_results/PROKKA_06292018:CP026280.1_72 (length 107)
plasmid_files/CP026280.1_results/PROKKA_06292018:CP026280.1_73 (length 118)
plasmid_files/CP026280.1_results/PROKKA_06292018:CP026280.1_74 (length 90)
plasmid_files/CP026280.1_results/PROKKA_06292018:CP026280.1_75 (length 116)
plasmid_files/CP026280.1_results/PROKKA_06292018:CP026280.1_76 (length 117)
plasmid_files/CP026280.1_results/PROKKA_06292018:CP026280.1_77 (length 115)
plasmid_files/CP026280.1_results/PROKKA_06292018:CP026280.1_78 (length 48)
plasmid_files/CP026280.1_results/PROKKA_06292018:CP026280.1_79 (length 277)
plasmid_files/CP026280.1_results/PROKKA_06292018:CP026280.1_80 (length 273)
plasmid_files/CP026280.1_results/PROKKA_06292018:CP026280.1_81 (length 104)
plasmid_files/CP026280.1_results/PROKKA_06292018:CP026280.1_82 (length 161)
plasmid_files/CP026280.1_results/PROKKA_06292018:CP026280.1_83 (length 129)
plasmid_files/CP026280.1_results/PROKKA_06292018:CP026280.1_84 (length 224)
plasmid_files/CP026280.1_results/PROKKA_06292018:CP026280.1_85 (length 122)
plasmid_files/CP026280.1_results/PROKKA_06292018:CP026280.1_86 (length 101)
plasmid_files/CP026280.1_results/PROKKA_06292018:CP026280.1_87 (length 188)
plasmid_files/CP026280.1_results/PROKKA_06292018:CP026280.1_88 (length 246)
plasmid_files/CP026280.1_results/PROKKA_06292018:CP026280.1_89 (length 474)
plasmid_files/CP026280.1_results/PROKKA_06292018:CP026280.1_90 (length 198)
plasmid_files/CP026280.1_results/PROKKA_06292018:CP026280.1_91 (length 189)
plasmid_files/CP026280.1_results/PROKKA_06292018:CP026280.1_92 (length 136)
plasmid_files/CP026280.1_results/PROKKA_06292018:CP026280.1_93 (length 94)
plasmid_files/CP026280.1_results/PROKKA_06292018:CP026280.1_94 (length 72)
plasmid_files/CP026280.1_results/PROKKA_06292018:CP026280.1_95 (length 103)
plasmid_files/CP026280.1_results/PROKKA_06292018:CP026280.1_96 (length 134)
plasmid_files/CP026280.1_results/PROKKA_06292018:CP026280.1_97 (length 96)
plasmid_files/CP026280.1_results/PROKKA_06292018:CP026280.1_98 (length 130)
plasmid_files/CP026280.1_results/PROKKA_06292018:CP026280.1_99 (length 879)
plasmid_files/CP026280.1_results/PROKKA_06292018:CP026280.1_100 (length 130)
plasmid_files/CP026280.1_results/PROKKA_06292018:CP026280.1_101 (length 208)
plasmid_files/CP026280.1_results/PROKKA_06292018:CP026280.1_102 (length 330)
plasmid_files/CP026280.1_results/PROKKA_06292018:CP026280.1_103 (length 182)
plasmid_files/CP026280.1_results/PROKKA_06292018:CP026280.1_104 (length 229)
plasmid_files/CP026280.1_results/PROKKA_06292018:CP026280.1_105 (length 200)
plasmid_files/CP026280.1_results/PROKKA_06292018:CP026280.1_106 (length 215)
plasmid_files/CP026280.1_results/PROKKA_06292018:CP026280.1_107 (length 651)
plasmid_files/CP026280.1_results/PROKKA_06292018:CP026280.1_108 (length 84)
plasmid_files/CP026280.1_results/PROKKA_06292018:CP026280.1_109 (length 88)
plasmid_files/CP026280.1_results/PROKKA_06292018:CP026280.1_110 (length 108)
plasmid_files/CP026280.1_results/PROKKA_06292018:CP026280.1_111 (length 250)
plasmid_files/CP026280.1_results/PROKKA_06292018:CP026280.1_112 (length 79)
plasmid_files/CP026280.1_results/PROKKA_06292018:CP026280.1_113 (length 190)
plasmid_files/CP026280.1_results/PROKKA_06292018:CP026280.1_114 (length 142)
plasmid_files/CP026280.1_results/PROKKA_06292018:CP026280.1_115 (length 456)
plasmid_files/CP026280.1_results/PROKKA_06292018:CP026280.1_116 (length 957)
plasmid_files/CP026280.1_results/PROKKA_06292018:CP026280.1_117 (length 177)
plasmid_files/CP026280.1_results/PROKKA_06292018:CP026280.1_118 (length 230)
plasmid_files/CP026280.1_results/PROKKA_06292018:CP026280.1_119 (length 769)
plasmid_files/CP026280.1_results/PROKKA_06292018:CP026280.1_120 (length 1752)
plasmid_files/CP026280.1_results/PROKKA_06292018:CP026280.1_121 (length 241)
plasmid_files/CP026280.1_results/PROKKA_06292018:CP026280.1_122 (length 197)
plasmid_files/CP026280.1_results/PROKKA_06292018:CP026280.1_123 (length 73)
plasmid_files/CP026280.1_results/PROKKA_06292018:CP026280.1_124 (length 214)
plasmid_files/CP026280.1_results/PROKKA_06292018:CP026280.1_125 (length 216)
plasmid_files/CP026280.1_results/PROKKA_06292018:CP026280.1_126 (length 102)
plasmid_files/CP026280.1_results/PROKKA_06292018:CP026280.1_127 (length 186)
plasmid_files/CP026280.1_results/PROKKA_06292018:CP026280.1_128 (length 89)
plasmid_files/CP026280.1_results/PROKKA_06292018:CP026280.1_129 (length 109)
plasmid_files/CP026280.1_results/PROKKA_06292018:CP026280.1_130 (length 337)
plasmid_files/CP026280.1_results/PROKKA_06292018:CP026280.1_131 (length 439)
plasmid_files/CP026280.1_results/PROKKA_06292018:CP026280.1_132 (length 293)
plasmid_files/CP026280.1_results/PROKKA_06292018:CP026280.1_133 (length 112)
plasmid_files/CP026280.1_results/PROKKA_06292018:CP026280.1_134 (length 259)
plasmid_files/CP026280.1_results/PROKKA_06292018:CP026280.1_135 (length 341)
plasmid_files/CP026280.1_results/PROKKA_06292018:CP026280.1_136 (length 1009)
plasmid_files/CP026280.1_results/PROKKA_06292018:CP026280.1_137 (length 571)
plasmid_files/CP026280.1_results/PROKKA_06292018:CP026280.1_138 (length 50)
plasmid_files/CP026280.1_results/PROKKA_06292018:CP026280.1_139 (length 111)
plasmid_files/CP026280.1_results/PROKKA_06292018:CP026280.1_140 (length 93)
plasmid_files/CP026280.1_results/PROKKA_06292018:CP026280.1_141 (length 204)
plasmid_files/CP026280.1_results/PROKKA_06292018:CP026280.1_142 (length 245)
plasmid_files/CP026280.1_results/PROKKA_06292018:CP026280.1_143 (length 507)
plasmid_files/CP026280.1_results/PROKKA_06292018:CP026280.1_144 (length 267)
plasmid_files/CP026280.1_results/PROKKA_06292018:CP026280.1_145 (length 278)
plasmid_files/CP026280.1_results/PROKKA_06292018:CP026280.1_146 (length 84)
plasmid_files/CP026280.1_results/PROKKA_06292018:CP026280.1_147 (length 496)
plasmid_files/CP026280.1_results/PROKKA_06292018:CP026280.1_148 (length 284)
plasmid_files/CP026280.1_results/PROKKA_06292018:CP026280.1_149 (length 110)
plasmid_files/CP026280.1_results/PROKKA_06292018:CP026280.1_150 (length 102)
plasmid_files/CP026280.1_results/PROKKA_06292018:CP026280.1_151 (length 86)
plasmid_files/CP026280.1_results/PROKKA_06292018:CP026280.1_152 (length 103)
plasmid_files/CP026280.1_results/PROKKA_06292018:CP026280.1_153 (length 1026)
plasmid_files/CP026280.1_results/PROKKA_06292018:CP026280.1_154 (length 108)
plasmid_files/CP026280.1_results/PROKKA_06292018:CP026280.1_155 (length 207)
plasmid_files/CP026280.1_results/PROKKA_06292018:CP026280.1_156 (length 144)
plasmid_files/CP026280.1_results/PROKKA_06292018:CP026280.1_157 (length 464)
plasmid_files/CP026280.1_results/PROKKA_06292018:CP026280.1_158 (length 194)
plasmid_files/CP026280.1_results/PROKKA_06292018:CP026280.1_159 (length 198)
plasmid_files/CP026280.1_results/PROKKA_06292018:CP026280.1_160 (length 215)
plasmid_files/CP026280.1_results/PROKKA_06292018:CP026280.1_161 (length 77)
plasmid_files/CP026280.1_results/PROKKA_06292018:CP026280.1_162 (length 518)
plasmid_files/CP026280.1_results/PROKKA_06292018:CP026280.1_163 (length 425)
plasmid_files/CP026280.1_results/PROKKA_06292018:CP026280.1_164 (length 1040)
plasmid_files/CP026280.1_results/PROKKA_06292018:CP026280.1_165 (length 157)
plasmid_files/CP026280.1_results/PROKKA_06292018:CP026280.1_166 (length 251)
plasmid_files/CP026280.1_results/PROKKA_06292018:CP026280.1_167 (length 578)
plasmid_files/CP026280.1_results/PROKKA_06292018:CP026280.1_168 (length 101)
plasmid_files/CP026280.1_results/PROKKA_06292018:CP026280.1_169 (length 101)
plasmid_files/CP026280.1_results/PROKKA_06292018:CP026280.1_170 (length 341)
plasmid_files/CP026280.1_results/PROKKA_06292018:CP026280.1_171 (length 416)
plasmid_files/CP026280.1_results/PROKKA_06292018:CP026280.1_172 (length 301)
plasmid_files/CP026280.1_results/PROKKA_06292018:CP026280.1_173 (length 227)

DiscRep_ALL:DISC_INCONSISTENT_MOLINFO_TECH::Molinfo Technique Report (some missing, all same)
DiscRep_SUB:DISC_INCONSISTENT_MOLINFO_TECH::technique (all missing)
DiscRep_SUB:DISC_INCONSISTENT_MOLINFO_TECH::1 Molinfos are missing field technique
plasmid_files/CP026280.1_results/PROKKA_06292018:CP026280.1 (length 152041)

