Discrepancy Report Results

Summary
FATAL: MISSING_PROTEIN_ID:127 proteins have invalid IDs.
DISC_SOURCE_QUALS_ASNDISC:strain (all present, all unique)
DISC_SOURCE_QUALS_ASNDISC:taxname (all present, all unique)
DISC_FEATURE_COUNT:CDS: 127 present
DISC_COUNT_NUCLEOTIDES:1 nucleotide Bioseqs are present
FEATURE_LOCATION_CONFLICT:127 features have inconsistent gene locations.
SUSPECT_PRODUCT_NAMES:1 product_names contain suspect phrase or characters
	May contain database identifier more appropriate in note; remove from product name
		1 features Three or more numbers together
DISC_QUALITY_SCORES:Quality scores are missing on all sequences.
ONCALLER_COMMENT_PRESENT:1 comment descriptors were found (all same)
SHORT_PROT_SEQUENCES:2 protein sequences are shorter than 50 aa.
MISSING_GENOMEASSEMBLY_COMMENTS:1 bioseqs are missing GenomeAssembly structured comments
MOLTYPE_NOT_MRNA:1 molecule types are not set as mRNA.
TECHNIQUE_NOT_TSA:1 technique are not set as TSA
MISSING_STRUCTURED_COMMENT:1 sequences do not include structured comments.
MISSING_PROJECT:128 sequences do not include project.
DISC_INCONSISTENT_MOLINFO_TECH:Molinfo Technique Report (some missing, all same)


Detailed Report

FATAL: DiscRep_ALL:MISSING_PROTEIN_ID::127 proteins have invalid IDs.
plasmid_files/HG969995.1_results/PROKKA_06292018:HG969995.1_1 (length 73)
plasmid_files/HG969995.1_results/PROKKA_06292018:HG969995.1_2 (length 214)
plasmid_files/HG969995.1_results/PROKKA_06292018:HG969995.1_3 (length 216)
plasmid_files/HG969995.1_results/PROKKA_06292018:HG969995.1_4 (length 102)
plasmid_files/HG969995.1_results/PROKKA_06292018:HG969995.1_5 (length 186)
plasmid_files/HG969995.1_results/PROKKA_06292018:HG969995.1_6 (length 285)
plasmid_files/HG969995.1_results/PROKKA_06292018:HG969995.1_7 (length 187)
plasmid_files/HG969995.1_results/PROKKA_06292018:HG969995.1_8 (length 203)
plasmid_files/HG969995.1_results/PROKKA_06292018:HG969995.1_9 (length 330)
plasmid_files/HG969995.1_results/PROKKA_06292018:HG969995.1_10 (length 51)
plasmid_files/HG969995.1_results/PROKKA_06292018:HG969995.1_11 (length 571)
plasmid_files/HG969995.1_results/PROKKA_06292018:HG969995.1_12 (length 1009)
plasmid_files/HG969995.1_results/PROKKA_06292018:HG969995.1_13 (length 341)
plasmid_files/HG969995.1_results/PROKKA_06292018:HG969995.1_14 (length 259)
plasmid_files/HG969995.1_results/PROKKA_06292018:HG969995.1_15 (length 79)
plasmid_files/HG969995.1_results/PROKKA_06292018:HG969995.1_16 (length 293)
plasmid_files/HG969995.1_results/PROKKA_06292018:HG969995.1_17 (length 439)
plasmid_files/HG969995.1_results/PROKKA_06292018:HG969995.1_18 (length 394)
plasmid_files/HG969995.1_results/PROKKA_06292018:HG969995.1_19 (length 70)
plasmid_files/HG969995.1_results/PROKKA_06292018:HG969995.1_20 (length 119)
plasmid_files/HG969995.1_results/PROKKA_06292018:HG969995.1_21 (length 38)
plasmid_files/HG969995.1_results/PROKKA_06292018:HG969995.1_22 (length 136)
plasmid_files/HG969995.1_results/PROKKA_06292018:HG969995.1_23 (length 206)
plasmid_files/HG969995.1_results/PROKKA_06292018:HG969995.1_24 (length 965)
plasmid_files/HG969995.1_results/PROKKA_06292018:HG969995.1_25 (length 234)
plasmid_files/HG969995.1_results/PROKKA_06292018:HG969995.1_26 (length 111)
plasmid_files/HG969995.1_results/PROKKA_06292018:HG969995.1_27 (length 119)
plasmid_files/HG969995.1_results/PROKKA_06292018:HG969995.1_28 (length 286)
plasmid_files/HG969995.1_results/PROKKA_06292018:HG969995.1_29 (length 136)
plasmid_files/HG969995.1_results/PROKKA_06292018:HG969995.1_30 (length 422)
plasmid_files/HG969995.1_results/PROKKA_06292018:HG969995.1_31 (length 235)
plasmid_files/HG969995.1_results/PROKKA_06292018:HG969995.1_32 (length 78)
plasmid_files/HG969995.1_results/PROKKA_06292018:HG969995.1_33 (length 120)
plasmid_files/HG969995.1_results/PROKKA_06292018:HG969995.1_34 (length 564)
plasmid_files/HG969995.1_results/PROKKA_06292018:HG969995.1_35 (length 140)
plasmid_files/HG969995.1_results/PROKKA_06292018:HG969995.1_36 (length 125)
plasmid_files/HG969995.1_results/PROKKA_06292018:HG969995.1_37 (length 91)
plasmid_files/HG969995.1_results/PROKKA_06292018:HG969995.1_38 (length 236)
plasmid_files/HG969995.1_results/PROKKA_06292018:HG969995.1_39 (length 138)
plasmid_files/HG969995.1_results/PROKKA_06292018:HG969995.1_40 (length 76)
plasmid_files/HG969995.1_results/PROKKA_06292018:HG969995.1_41 (length 83)
plasmid_files/HG969995.1_results/PROKKA_06292018:HG969995.1_42 (length 102)
plasmid_files/HG969995.1_results/PROKKA_06292018:HG969995.1_43 (length 109)
plasmid_files/HG969995.1_results/PROKKA_06292018:HG969995.1_44 (length 132)
plasmid_files/HG969995.1_results/PROKKA_06292018:HG969995.1_45 (length 110)
plasmid_files/HG969995.1_results/PROKKA_06292018:HG969995.1_46 (length 260)
plasmid_files/HG969995.1_results/PROKKA_06292018:HG969995.1_47 (length 82)
plasmid_files/HG969995.1_results/PROKKA_06292018:HG969995.1_48 (length 157)
plasmid_files/HG969995.1_results/PROKKA_06292018:HG969995.1_49 (length 422)
plasmid_files/HG969995.1_results/PROKKA_06292018:HG969995.1_50 (length 1085)
plasmid_files/HG969995.1_results/PROKKA_06292018:HG969995.1_51 (length 438)
plasmid_files/HG969995.1_results/PROKKA_06292018:HG969995.1_52 (length 675)
plasmid_files/HG969995.1_results/PROKKA_06292018:HG969995.1_53 (length 57)
plasmid_files/HG969995.1_results/PROKKA_06292018:HG969995.1_54 (length 110)
plasmid_files/HG969995.1_results/PROKKA_06292018:HG969995.1_55 (length 324)
plasmid_files/HG969995.1_results/PROKKA_06292018:HG969995.1_56 (length 401)
plasmid_files/HG969995.1_results/PROKKA_06292018:HG969995.1_57 (length 298)
plasmid_files/HG969995.1_results/PROKKA_06292018:HG969995.1_58 (length 423)
plasmid_files/HG969995.1_results/PROKKA_06292018:HG969995.1_59 (length 143)
plasmid_files/HG969995.1_results/PROKKA_06292018:HG969995.1_60 (length 323)
plasmid_files/HG969995.1_results/PROKKA_06292018:HG969995.1_61 (length 223)
plasmid_files/HG969995.1_results/PROKKA_06292018:HG969995.1_62 (length 76)
plasmid_files/HG969995.1_results/PROKKA_06292018:HG969995.1_63 (length 233)
plasmid_files/HG969995.1_results/PROKKA_06292018:HG969995.1_64 (length 73)
plasmid_files/HG969995.1_results/PROKKA_06292018:HG969995.1_65 (length 139)
plasmid_files/HG969995.1_results/PROKKA_06292018:HG969995.1_66 (length 255)
plasmid_files/HG969995.1_results/PROKKA_06292018:HG969995.1_67 (length 142)
plasmid_files/HG969995.1_results/PROKKA_06292018:HG969995.1_68 (length 168)
plasmid_files/HG969995.1_results/PROKKA_06292018:HG969995.1_69 (length 63)
plasmid_files/HG969995.1_results/PROKKA_06292018:HG969995.1_70 (length 84)
plasmid_files/HG969995.1_results/PROKKA_06292018:HG969995.1_71 (length 105)
plasmid_files/HG969995.1_results/PROKKA_06292018:HG969995.1_72 (length 75)
plasmid_files/HG969995.1_results/PROKKA_06292018:HG969995.1_73 (length 76)
plasmid_files/HG969995.1_results/PROKKA_06292018:HG969995.1_74 (length 451)
plasmid_files/HG969995.1_results/PROKKA_06292018:HG969995.1_75 (length 187)
plasmid_files/HG969995.1_results/PROKKA_06292018:HG969995.1_76 (length 106)
plasmid_files/HG969995.1_results/PROKKA_06292018:HG969995.1_77 (length 170)
plasmid_files/HG969995.1_results/PROKKA_06292018:HG969995.1_78 (length 80)
plasmid_files/HG969995.1_results/PROKKA_06292018:HG969995.1_79 (length 669)
plasmid_files/HG969995.1_results/PROKKA_06292018:HG969995.1_80 (length 143)
plasmid_files/HG969995.1_results/PROKKA_06292018:HG969995.1_81 (length 240)
plasmid_files/HG969995.1_results/PROKKA_06292018:HG969995.1_82 (length 118)
plasmid_files/HG969995.1_results/PROKKA_06292018:HG969995.1_83 (length 90)
plasmid_files/HG969995.1_results/PROKKA_06292018:HG969995.1_84 (length 116)
plasmid_files/HG969995.1_results/PROKKA_06292018:HG969995.1_85 (length 117)
plasmid_files/HG969995.1_results/PROKKA_06292018:HG969995.1_86 (length 115)
plasmid_files/HG969995.1_results/PROKKA_06292018:HG969995.1_87 (length 48)
plasmid_files/HG969995.1_results/PROKKA_06292018:HG969995.1_88 (length 277)
plasmid_files/HG969995.1_results/PROKKA_06292018:HG969995.1_89 (length 273)
plasmid_files/HG969995.1_results/PROKKA_06292018:HG969995.1_90 (length 104)
plasmid_files/HG969995.1_results/PROKKA_06292018:HG969995.1_91 (length 161)
plasmid_files/HG969995.1_results/PROKKA_06292018:HG969995.1_92 (length 132)
plasmid_files/HG969995.1_results/PROKKA_06292018:HG969995.1_93 (length 228)
plasmid_files/HG969995.1_results/PROKKA_06292018:HG969995.1_94 (length 128)
plasmid_files/HG969995.1_results/PROKKA_06292018:HG969995.1_95 (length 122)
plasmid_files/HG969995.1_results/PROKKA_06292018:HG969995.1_96 (length 101)
plasmid_files/HG969995.1_results/PROKKA_06292018:HG969995.1_97 (length 188)
plasmid_files/HG969995.1_results/PROKKA_06292018:HG969995.1_98 (length 246)
plasmid_files/HG969995.1_results/PROKKA_06292018:HG969995.1_99 (length 474)
plasmid_files/HG969995.1_results/PROKKA_06292018:HG969995.1_100 (length 190)
plasmid_files/HG969995.1_results/PROKKA_06292018:HG969995.1_101 (length 136)
plasmid_files/HG969995.1_results/PROKKA_06292018:HG969995.1_102 (length 103)
plasmid_files/HG969995.1_results/PROKKA_06292018:HG969995.1_103 (length 129)
plasmid_files/HG969995.1_results/PROKKA_06292018:HG969995.1_104 (length 130)
plasmid_files/HG969995.1_results/PROKKA_06292018:HG969995.1_105 (length 879)
plasmid_files/HG969995.1_results/PROKKA_06292018:HG969995.1_106 (length 129)
plasmid_files/HG969995.1_results/PROKKA_06292018:HG969995.1_107 (length 208)
plasmid_files/HG969995.1_results/PROKKA_06292018:HG969995.1_108 (length 129)
plasmid_files/HG969995.1_results/PROKKA_06292018:HG969995.1_109 (length 329)
plasmid_files/HG969995.1_results/PROKKA_06292018:HG969995.1_110 (length 212)
plasmid_files/HG969995.1_results/PROKKA_06292018:HG969995.1_111 (length 651)
plasmid_files/HG969995.1_results/PROKKA_06292018:HG969995.1_112 (length 84)
plasmid_files/HG969995.1_results/PROKKA_06292018:HG969995.1_113 (length 88)
plasmid_files/HG969995.1_results/PROKKA_06292018:HG969995.1_114 (length 108)
plasmid_files/HG969995.1_results/PROKKA_06292018:HG969995.1_115 (length 250)
plasmid_files/HG969995.1_results/PROKKA_06292018:HG969995.1_116 (length 79)
plasmid_files/HG969995.1_results/PROKKA_06292018:HG969995.1_117 (length 185)
plasmid_files/HG969995.1_results/PROKKA_06292018:HG969995.1_118 (length 147)
plasmid_files/HG969995.1_results/PROKKA_06292018:HG969995.1_119 (length 455)
plasmid_files/HG969995.1_results/PROKKA_06292018:HG969995.1_120 (length 949)
plasmid_files/HG969995.1_results/PROKKA_06292018:HG969995.1_121 (length 182)
plasmid_files/HG969995.1_results/PROKKA_06292018:HG969995.1_122 (length 243)
plasmid_files/HG969995.1_results/PROKKA_06292018:HG969995.1_123 (length 229)
plasmid_files/HG969995.1_results/PROKKA_06292018:HG969995.1_124 (length 770)
plasmid_files/HG969995.1_results/PROKKA_06292018:HG969995.1_125 (length 1753)
plasmid_files/HG969995.1_results/PROKKA_06292018:HG969995.1_126 (length 241)
plasmid_files/HG969995.1_results/PROKKA_06292018:HG969995.1_127 (length 197)

DiscRep_ALL:DISC_SOURCE_QUALS_ASNDISC::strain (all present, all unique)
DiscRep_SUB:DISC_SOURCE_QUALS_ASNDISC::1 sources have unique values for strain
DiscRep_ALL:DISC_SOURCE_QUALS_ASNDISC::taxname (all present, all unique)
DiscRep_SUB:DISC_SOURCE_QUALS_ASNDISC::1 sources have unique values for taxname
DiscRep_ALL:DISC_FEATURE_COUNT::CDS: 127 present
DiscRep_ALL:DISC_COUNT_NUCLEOTIDES::1 nucleotide Bioseqs are present
plasmid_files/HG969995.1_results/PROKKA_06292018:HG969995.1 (length 113642)

DiscRep_ALL:FEATURE_LOCATION_CONFLICT::127 features have inconsistent gene locations.
DiscRep_SUB:FEATURE_LOCATION_CONFLICT::Coding region xref gene does not exist
plasmid_files/HG969995.1_results/PROKKA_06292018:CDS	hypothetical protein	HG969995.1:542-763	GBAEEAEJ_00001

DiscRep_SUB:FEATURE_LOCATION_CONFLICT::Coding region xref gene does not exist
plasmid_files/HG969995.1_results/PROKKA_06292018:CDS	hypothetical protein	HG969995.1:813-1457	GBAEEAEJ_00002

DiscRep_SUB:FEATURE_LOCATION_CONFLICT::Coding region xref gene does not exist
plasmid_files/HG969995.1_results/PROKKA_06292018:CDS	hypothetical protein	HG969995.1:1513-2163	GBAEEAEJ_00003

DiscRep_SUB:FEATURE_LOCATION_CONFLICT::Coding region xref gene does not exist
plasmid_files/HG969995.1_results/PROKKA_06292018:CDS	hypothetical protein	HG969995.1:2160-2468	GBAEEAEJ_00004

DiscRep_SUB:FEATURE_LOCATION_CONFLICT::Coding region xref gene does not exist
plasmid_files/HG969995.1_results/PROKKA_06292018:CDS	Phospholipase D	HG969995.1:2563-3123	GBAEEAEJ_00005

DiscRep_SUB:FEATURE_LOCATION_CONFLICT::Coding region xref gene does not exist
plasmid_files/HG969995.1_results/PROKKA_06292018:CDS	hypothetical protein	HG969995.1:3812-4669	GBAEEAEJ_00006

DiscRep_SUB:FEATURE_LOCATION_CONFLICT::Coding region xref gene does not exist
plasmid_files/HG969995.1_results/PROKKA_06292018:CDS	RNA chaperone ProQ	HG969995.1:5888-6451	GBAEEAEJ_00007

DiscRep_SUB:FEATURE_LOCATION_CONFLICT::Coding region xref gene does not exist
plasmid_files/HG969995.1_results/PROKKA_06292018:CDS	hypothetical protein	HG969995.1:6435-7046	GBAEEAEJ_00008

DiscRep_SUB:FEATURE_LOCATION_CONFLICT::Coding region xref gene does not exist
plasmid_files/HG969995.1_results/PROKKA_06292018:CDS	hypothetical protein	HG969995.1:c8435-7443	GBAEEAEJ_00009

DiscRep_SUB:FEATURE_LOCATION_CONFLICT::Coding region xref gene does not exist
plasmid_files/HG969995.1_results/PROKKA_06292018:CDS	hypothetical protein	HG969995.1:c8639-8484	GBAEEAEJ_00010

DiscRep_SUB:FEATURE_LOCATION_CONFLICT::Coding region xref gene does not exist
plasmid_files/HG969995.1_results/PROKKA_06292018:CDS	Tyrosine recombinase XerD	HG969995.1:c10649-8934	GBAEEAEJ_00011

DiscRep_SUB:FEATURE_LOCATION_CONFLICT::Coding region xref gene does not exist
plasmid_files/HG969995.1_results/PROKKA_06292018:CDS	hypothetical protein	HG969995.1:10759-13788	GBAEEAEJ_00012

DiscRep_SUB:FEATURE_LOCATION_CONFLICT::Coding region xref gene does not exist
plasmid_files/HG969995.1_results/PROKKA_06292018:CDS	hypothetical protein	HG969995.1:13895-14920	GBAEEAEJ_00013

DiscRep_SUB:FEATURE_LOCATION_CONFLICT::Coding region xref gene does not exist
plasmid_files/HG969995.1_results/PROKKA_06292018:CDS	Insertion sequence IS5376 putative ATP-binding protein	HG969995.1:14917-15696	GBAEEAEJ_00014

DiscRep_SUB:FEATURE_LOCATION_CONFLICT::Coding region xref gene does not exist
plasmid_files/HG969995.1_results/PROKKA_06292018:CDS	hypothetical protein	HG969995.1:15693-15932	GBAEEAEJ_00015

DiscRep_SUB:FEATURE_LOCATION_CONFLICT::Coding region xref gene does not exist
plasmid_files/HG969995.1_results/PROKKA_06292018:CDS	Carbapenem-hydrolyzing beta-lactamase KPC	HG969995.1:15984-16865	GBAEEAEJ_00016

DiscRep_SUB:FEATURE_LOCATION_CONFLICT::Coding region xref gene does not exist
plasmid_files/HG969995.1_results/PROKKA_06292018:CDS	hypothetical protein	HG969995.1:c18434-17115	GBAEEAEJ_00017

DiscRep_SUB:FEATURE_LOCATION_CONFLICT::Coding region xref gene does not exist
plasmid_files/HG969995.1_results/PROKKA_06292018:CDS	hypothetical protein	HG969995.1:c19895-18711	GBAEEAEJ_00018

DiscRep_SUB:FEATURE_LOCATION_CONFLICT::Coding region xref gene does not exist
plasmid_files/HG969995.1_results/PROKKA_06292018:CDS	hypothetical protein	HG969995.1:20015-20227	GBAEEAEJ_00019

DiscRep_SUB:FEATURE_LOCATION_CONFLICT::Coding region xref gene does not exist
plasmid_files/HG969995.1_results/PROKKA_06292018:CDS	hypothetical protein	HG969995.1:20399-20758	GBAEEAEJ_00020

DiscRep_SUB:FEATURE_LOCATION_CONFLICT::Coding region xref gene does not exist
plasmid_files/HG969995.1_results/PROKKA_06292018:CDS	hypothetical protein	HG969995.1:c21001-20885	GBAEEAEJ_00021

DiscRep_SUB:FEATURE_LOCATION_CONFLICT::Coding region xref gene does not exist
plasmid_files/HG969995.1_results/PROKKA_06292018:CDS	hypothetical protein	HG969995.1:c21825-21415	GBAEEAEJ_00022

DiscRep_SUB:FEATURE_LOCATION_CONFLICT::Coding region xref gene does not exist
plasmid_files/HG969995.1_results/PROKKA_06292018:CDS	Putative transposon Tn552 DNA-invertase bin3	HG969995.1:c22544-21924	GBAEEAEJ_00023

DiscRep_SUB:FEATURE_LOCATION_CONFLICT::Coding region xref gene does not exist
plasmid_files/HG969995.1_results/PROKKA_06292018:CDS	hypothetical protein	HG969995.1:c25530-22633	GBAEEAEJ_00024

DiscRep_SUB:FEATURE_LOCATION_CONFLICT::Coding region xref gene does not exist
plasmid_files/HG969995.1_results/PROKKA_06292018:CDS	hypothetical protein	HG969995.1:25603-26307	GBAEEAEJ_00025

DiscRep_SUB:FEATURE_LOCATION_CONFLICT::Coding region xref gene does not exist
plasmid_files/HG969995.1_results/PROKKA_06292018:CDS	Beta-lactamase OXA-18	HG969995.1:26527-26862	GBAEEAEJ_00026

DiscRep_SUB:FEATURE_LOCATION_CONFLICT::Coding region xref gene does not exist
plasmid_files/HG969995.1_results/PROKKA_06292018:CDS	Beta-lactamase OXA-18	HG969995.1:26992-27351	GBAEEAEJ_00027

DiscRep_SUB:FEATURE_LOCATION_CONFLICT::Coding region xref gene does not exist
plasmid_files/HG969995.1_results/PROKKA_06292018:CDS	Beta-lactamase TEM	HG969995.1:28051-28911	GBAEEAEJ_00028

DiscRep_SUB:FEATURE_LOCATION_CONFLICT::Coding region xref gene does not exist
plasmid_files/HG969995.1_results/PROKKA_06292018:CDS	hypothetical protein	HG969995.1:c29432-29022	GBAEEAEJ_00029

DiscRep_SUB:FEATURE_LOCATION_CONFLICT::Coding region xref gene does not exist
plasmid_files/HG969995.1_results/PROKKA_06292018:CDS	Transposon Tn7 transposition protein TnsB	HG969995.1:c30747-29479	GBAEEAEJ_00030

DiscRep_SUB:FEATURE_LOCATION_CONFLICT::Coding region xref gene does not exist
plasmid_files/HG969995.1_results/PROKKA_06292018:CDS	putative signaling protein	HG969995.1:c31529-30822	GBAEEAEJ_00031

DiscRep_SUB:FEATURE_LOCATION_CONFLICT::Coding region xref gene does not exist
plasmid_files/HG969995.1_results/PROKKA_06292018:CDS	hypothetical protein	HG969995.1:c31762-31526	GBAEEAEJ_00032

DiscRep_SUB:FEATURE_LOCATION_CONFLICT::Coding region xref gene does not exist
plasmid_files/HG969995.1_results/PROKKA_06292018:CDS	HTH-type transcriptional activator mta	HG969995.1:c32121-31759	GBAEEAEJ_00033

DiscRep_SUB:FEATURE_LOCATION_CONFLICT::Coding region xref gene does not exist
plasmid_files/HG969995.1_results/PROKKA_06292018:CDS	Mercuric reductase	HG969995.1:c33833-32139	GBAEEAEJ_00034

DiscRep_SUB:FEATURE_LOCATION_CONFLICT::Coding region xref gene does not exist
plasmid_files/HG969995.1_results/PROKKA_06292018:CDS	Mercuric transport protein MerC	HG969995.1:c34307-33885	GBAEEAEJ_00035

DiscRep_SUB:FEATURE_LOCATION_CONFLICT::Coding region xref gene does not exist
plasmid_files/HG969995.1_results/PROKKA_06292018:CDS	hypothetical protein	HG969995.1:c34846-34469	GBAEEAEJ_00036

DiscRep_SUB:FEATURE_LOCATION_CONFLICT::Coding region xref gene does not exist
plasmid_files/HG969995.1_results/PROKKA_06292018:CDS	hypothetical protein	HG969995.1:c35166-34891	GBAEEAEJ_00037

DiscRep_SUB:FEATURE_LOCATION_CONFLICT::Coding region xref gene does not exist
plasmid_files/HG969995.1_results/PROKKA_06292018:CDS	DNA replication and repair protein RecF	HG969995.1:c35910-35200	GBAEEAEJ_00038

DiscRep_SUB:FEATURE_LOCATION_CONFLICT::Coding region xref gene does not exist
plasmid_files/HG969995.1_results/PROKKA_06292018:CDS	tRNA(fMet)-specific endonuclease VapC	HG969995.1:c36400-35984	GBAEEAEJ_00039

DiscRep_SUB:FEATURE_LOCATION_CONFLICT::Coding region xref gene does not exist
plasmid_files/HG969995.1_results/PROKKA_06292018:CDS	Antitoxin VapB	HG969995.1:c36627-36397	GBAEEAEJ_00040

DiscRep_SUB:FEATURE_LOCATION_CONFLICT::Coding region xref gene does not exist
plasmid_files/HG969995.1_results/PROKKA_06292018:CDS	hypothetical protein	HG969995.1:37235-37486	GBAEEAEJ_00041

DiscRep_SUB:FEATURE_LOCATION_CONFLICT::Coding region xref gene does not exist
plasmid_files/HG969995.1_results/PROKKA_06292018:CDS	hypothetical protein	HG969995.1:37532-37840	GBAEEAEJ_00042

DiscRep_SUB:FEATURE_LOCATION_CONFLICT::Coding region xref gene does not exist
plasmid_files/HG969995.1_results/PROKKA_06292018:CDS	hypothetical protein	HG969995.1:37868-38197	GBAEEAEJ_00043

DiscRep_SUB:FEATURE_LOCATION_CONFLICT::Coding region xref gene does not exist
plasmid_files/HG969995.1_results/PROKKA_06292018:CDS	hypothetical protein	HG969995.1:38223-38621	GBAEEAEJ_00044

DiscRep_SUB:FEATURE_LOCATION_CONFLICT::Coding region xref gene does not exist
plasmid_files/HG969995.1_results/PROKKA_06292018:CDS	hypothetical protein	HG969995.1:38628-38960	GBAEEAEJ_00045

DiscRep_SUB:FEATURE_LOCATION_CONFLICT::Coding region xref gene does not exist
plasmid_files/HG969995.1_results/PROKKA_06292018:CDS	Tyrosine recombinase XerD	HG969995.1:38960-39742	GBAEEAEJ_00046

DiscRep_SUB:FEATURE_LOCATION_CONFLICT::Coding region xref gene does not exist
plasmid_files/HG969995.1_results/PROKKA_06292018:CDS	hypothetical protein	HG969995.1:c40256-40008	GBAEEAEJ_00047

DiscRep_SUB:FEATURE_LOCATION_CONFLICT::Coding region xref gene does not exist
plasmid_files/HG969995.1_results/PROKKA_06292018:CDS	hypothetical protein	HG969995.1:c41429-40956	GBAEEAEJ_00048

DiscRep_SUB:FEATURE_LOCATION_CONFLICT::Coding region xref gene does not exist
plasmid_files/HG969995.1_results/PROKKA_06292018:CDS	hypothetical protein	HG969995.1:c42817-41549	GBAEEAEJ_00049

DiscRep_SUB:FEATURE_LOCATION_CONFLICT::Coding region xref gene does not exist
plasmid_files/HG969995.1_results/PROKKA_06292018:CDS	Type-1 restriction enzyme R protein	HG969995.1:c46079-42822	GBAEEAEJ_00050

DiscRep_SUB:FEATURE_LOCATION_CONFLICT::Coding region xref gene does not exist
plasmid_files/HG969995.1_results/PROKKA_06292018:CDS	hypothetical protein	HG969995.1:c47396-46080	GBAEEAEJ_00051

DiscRep_SUB:FEATURE_LOCATION_CONFLICT::Coding region xref gene does not exist
plasmid_files/HG969995.1_results/PROKKA_06292018:CDS	Type I restriction enzyme EcoKI M protein	HG969995.1:c49420-47393	GBAEEAEJ_00052

DiscRep_SUB:FEATURE_LOCATION_CONFLICT::Coding region xref gene does not exist
plasmid_files/HG969995.1_results/PROKKA_06292018:CDS	hypothetical protein	HG969995.1:c49970-49797	GBAEEAEJ_00053

DiscRep_SUB:FEATURE_LOCATION_CONFLICT::Coding region xref gene does not exist
plasmid_files/HG969995.1_results/PROKKA_06292018:CDS	hypothetical protein	HG969995.1:c50304-49972	GBAEEAEJ_00054

DiscRep_SUB:FEATURE_LOCATION_CONFLICT::Coding region xref gene does not exist
plasmid_files/HG969995.1_results/PROKKA_06292018:CDS	Virulence regulon transcriptional activator VirB	HG969995.1:c51655-50681	GBAEEAEJ_00055

DiscRep_SUB:FEATURE_LOCATION_CONFLICT::Coding region xref gene does not exist
plasmid_files/HG969995.1_results/PROKKA_06292018:CDS	Plasmid partition protein A	HG969995.1:c52857-51652	GBAEEAEJ_00056

DiscRep_SUB:FEATURE_LOCATION_CONFLICT::Coding region xref gene does not exist
plasmid_files/HG969995.1_results/PROKKA_06292018:CDS	Replication protein RepA	HG969995.1:c54075-53179	GBAEEAEJ_00057

DiscRep_SUB:FEATURE_LOCATION_CONFLICT::Coding region xref gene does not exist
plasmid_files/HG969995.1_results/PROKKA_06292018:CDS	Protein UmuC	HG969995.1:c55747-54476	GBAEEAEJ_00058

DiscRep_SUB:FEATURE_LOCATION_CONFLICT::Coding region xref gene does not exist
plasmid_files/HG969995.1_results/PROKKA_06292018:CDS	Protein UmuD	HG969995.1:c56178-55747	GBAEEAEJ_00059

DiscRep_SUB:FEATURE_LOCATION_CONFLICT::Coding region xref gene does not exist
plasmid_files/HG969995.1_results/PROKKA_06292018:CDS	Plasmid segregation protein ParM	HG969995.1:56410-57381	GBAEEAEJ_00060

DiscRep_SUB:FEATURE_LOCATION_CONFLICT::Coding region xref gene does not exist
plasmid_files/HG969995.1_results/PROKKA_06292018:CDS	hypothetical protein	HG969995.1:57384-58055	GBAEEAEJ_00061

DiscRep_SUB:FEATURE_LOCATION_CONFLICT::Coding region xref gene does not exist
plasmid_files/HG969995.1_results/PROKKA_06292018:CDS	hypothetical protein	HG969995.1:58116-58346	GBAEEAEJ_00062

DiscRep_SUB:FEATURE_LOCATION_CONFLICT::Coding region xref gene does not exist
plasmid_files/HG969995.1_results/PROKKA_06292018:CDS	DNA adenine methyltransferase YhdJ	HG969995.1:58783-59484	GBAEEAEJ_00063

DiscRep_SUB:FEATURE_LOCATION_CONFLICT::Coding region xref gene does not exist
plasmid_files/HG969995.1_results/PROKKA_06292018:CDS	hypothetical protein	HG969995.1:59484-59705	GBAEEAEJ_00064

DiscRep_SUB:FEATURE_LOCATION_CONFLICT::Coding region xref gene does not exist
plasmid_files/HG969995.1_results/PROKKA_06292018:CDS	hypothetical protein	HG969995.1:59715-60134	GBAEEAEJ_00065

DiscRep_SUB:FEATURE_LOCATION_CONFLICT::Coding region xref gene does not exist
plasmid_files/HG969995.1_results/PROKKA_06292018:CDS	hypothetical protein	HG969995.1:60188-60955	GBAEEAEJ_00066

DiscRep_SUB:FEATURE_LOCATION_CONFLICT::Coding region xref gene does not exist
plasmid_files/HG969995.1_results/PROKKA_06292018:CDS	Antirestriction protein KlcA	HG969995.1:61635-62063	GBAEEAEJ_00067

DiscRep_SUB:FEATURE_LOCATION_CONFLICT::Coding region xref gene does not exist
plasmid_files/HG969995.1_results/PROKKA_06292018:CDS	hypothetical protein	HG969995.1:62106-62612	GBAEEAEJ_00068

DiscRep_SUB:FEATURE_LOCATION_CONFLICT::Coding region xref gene does not exist
plasmid_files/HG969995.1_results/PROKKA_06292018:CDS	hypothetical protein	HG969995.1:62655-62846	GBAEEAEJ_00069

DiscRep_SUB:FEATURE_LOCATION_CONFLICT::Coding region xref gene does not exist
plasmid_files/HG969995.1_results/PROKKA_06292018:CDS	DNA polymerase III subunit theta	HG969995.1:63034-63288	GBAEEAEJ_00070

DiscRep_SUB:FEATURE_LOCATION_CONFLICT::Coding region xref gene does not exist
plasmid_files/HG969995.1_results/PROKKA_06292018:CDS	hypothetical protein	HG969995.1:63323-63640	GBAEEAEJ_00071

DiscRep_SUB:FEATURE_LOCATION_CONFLICT::Coding region xref gene does not exist
plasmid_files/HG969995.1_results/PROKKA_06292018:CDS	hypothetical protein	HG969995.1:64424-64651	GBAEEAEJ_00072

DiscRep_SUB:FEATURE_LOCATION_CONFLICT::Coding region xref gene does not exist
plasmid_files/HG969995.1_results/PROKKA_06292018:CDS	hypothetical protein	HG969995.1:64743-64973	GBAEEAEJ_00073

DiscRep_SUB:FEATURE_LOCATION_CONFLICT::Coding region xref gene does not exist
plasmid_files/HG969995.1_results/PROKKA_06292018:CDS	hypothetical protein	HG969995.1:65025-66380	GBAEEAEJ_00074

DiscRep_SUB:FEATURE_LOCATION_CONFLICT::Coding region xref gene does not exist
plasmid_files/HG969995.1_results/PROKKA_06292018:CDS	hypothetical protein	HG969995.1:66428-66991	GBAEEAEJ_00075

DiscRep_SUB:FEATURE_LOCATION_CONFLICT::Coding region xref gene does not exist
plasmid_files/HG969995.1_results/PROKKA_06292018:CDS	hypothetical protein	HG969995.1:c67206-66886	GBAEEAEJ_00076

DiscRep_SUB:FEATURE_LOCATION_CONFLICT::Coding region xref gene does not exist
plasmid_files/HG969995.1_results/PROKKA_06292018:CDS	Single-stranded DNA-binding protein	HG969995.1:67825-68337	GBAEEAEJ_00077

DiscRep_SUB:FEATURE_LOCATION_CONFLICT::Coding region xref gene does not exist
plasmid_files/HG969995.1_results/PROKKA_06292018:CDS	hypothetical protein	HG969995.1:68385-68627	GBAEEAEJ_00078

DiscRep_SUB:FEATURE_LOCATION_CONFLICT::Coding region xref gene does not exist
plasmid_files/HG969995.1_results/PROKKA_06292018:CDS	Chromosome-partitioning protein Spo0J	HG969995.1:68696-70705	GBAEEAEJ_00079

DiscRep_SUB:FEATURE_LOCATION_CONFLICT::Coding region xref gene does not exist
plasmid_files/HG969995.1_results/PROKKA_06292018:CDS	Protein PsiB	HG969995.1:70751-71182	GBAEEAEJ_00080

DiscRep_SUB:FEATURE_LOCATION_CONFLICT::Coding region xref gene does not exist
plasmid_files/HG969995.1_results/PROKKA_06292018:CDS	hypothetical protein	HG969995.1:71179-71901	GBAEEAEJ_00081

DiscRep_SUB:FEATURE_LOCATION_CONFLICT::Coding region xref gene does not exist
plasmid_files/HG969995.1_results/PROKKA_06292018:CDS	hypothetical protein	HG969995.1:72342-72698	GBAEEAEJ_00082

DiscRep_SUB:FEATURE_LOCATION_CONFLICT::Coding region xref gene does not exist
plasmid_files/HG969995.1_results/PROKKA_06292018:CDS	hypothetical protein	HG969995.1:72746-73018	GBAEEAEJ_00083

DiscRep_SUB:FEATURE_LOCATION_CONFLICT::Coding region xref gene does not exist
plasmid_files/HG969995.1_results/PROKKA_06292018:CDS	hypothetical protein	HG969995.1:73015-73365	GBAEEAEJ_00084

DiscRep_SUB:FEATURE_LOCATION_CONFLICT::Coding region xref gene does not exist
plasmid_files/HG969995.1_results/PROKKA_06292018:CDS	hypothetical protein	HG969995.1:73995-74348	GBAEEAEJ_00085

DiscRep_SUB:FEATURE_LOCATION_CONFLICT::Coding region xref gene does not exist
plasmid_files/HG969995.1_results/PROKKA_06292018:CDS	hypothetical protein	HG969995.1:74405-74752	GBAEEAEJ_00086

DiscRep_SUB:FEATURE_LOCATION_CONFLICT::Coding region xref gene does not exist
plasmid_files/HG969995.1_results/PROKKA_06292018:CDS	hypothetical protein	HG969995.1:74847-74993	GBAEEAEJ_00087

DiscRep_SUB:FEATURE_LOCATION_CONFLICT::Coding region xref gene does not exist
plasmid_files/HG969995.1_results/PROKKA_06292018:CDS	hypothetical protein	HG969995.1:75044-75877	GBAEEAEJ_00088

DiscRep_SUB:FEATURE_LOCATION_CONFLICT::Coding region xref gene does not exist
plasmid_files/HG969995.1_results/PROKKA_06292018:CDS	hypothetical protein	HG969995.1:76697-77518	GBAEEAEJ_00089

DiscRep_SUB:FEATURE_LOCATION_CONFLICT::Coding region xref gene does not exist
plasmid_files/HG969995.1_results/PROKKA_06292018:CDS	hypothetical protein	HG969995.1:77566-77880	GBAEEAEJ_00090

DiscRep_SUB:FEATURE_LOCATION_CONFLICT::Coding region xref gene does not exist
plasmid_files/HG969995.1_results/PROKKA_06292018:CDS	hypothetical protein	HG969995.1:c78398-77913	GBAEEAEJ_00091

DiscRep_SUB:FEATURE_LOCATION_CONFLICT::Coding region xref gene does not exist
plasmid_files/HG969995.1_results/PROKKA_06292018:CDS	Relaxosome protein TraM	HG969995.1:78820-79218	GBAEEAEJ_00092

DiscRep_SUB:FEATURE_LOCATION_CONFLICT::Coding region xref gene does not exist
plasmid_files/HG969995.1_results/PROKKA_06292018:CDS	Protein TraJ	HG969995.1:79392-80078	GBAEEAEJ_00093

DiscRep_SUB:FEATURE_LOCATION_CONFLICT::Coding region xref gene does not exist
plasmid_files/HG969995.1_results/PROKKA_06292018:CDS	Relaxosome protein TraY	HG969995.1:80157-80543	GBAEEAEJ_00094

DiscRep_SUB:FEATURE_LOCATION_CONFLICT::Coding region xref gene does not exist
plasmid_files/HG969995.1_results/PROKKA_06292018:CDS	Pilin	HG969995.1:80597-80965	GBAEEAEJ_00095

DiscRep_SUB:FEATURE_LOCATION_CONFLICT::Coding region xref gene does not exist
plasmid_files/HG969995.1_results/PROKKA_06292018:CDS	hypothetical protein	HG969995.1:80979-81284	GBAEEAEJ_00096

DiscRep_SUB:FEATURE_LOCATION_CONFLICT::Coding region xref gene does not exist
plasmid_files/HG969995.1_results/PROKKA_06292018:CDS	hypothetical protein	HG969995.1:81304-81870	GBAEEAEJ_00097

DiscRep_SUB:FEATURE_LOCATION_CONFLICT::Coding region xref gene does not exist
plasmid_files/HG969995.1_results/PROKKA_06292018:CDS	hypothetical protein	HG969995.1:81857-82597	GBAEEAEJ_00098

DiscRep_SUB:FEATURE_LOCATION_CONFLICT::Coding region xref gene does not exist
plasmid_files/HG969995.1_results/PROKKA_06292018:CDS	hypothetical protein	HG969995.1:82597-84021	GBAEEAEJ_00099

DiscRep_SUB:FEATURE_LOCATION_CONFLICT::Coding region xref gene does not exist
plasmid_files/HG969995.1_results/PROKKA_06292018:CDS	Protein TraV	HG969995.1:84147-84719	GBAEEAEJ_00100

DiscRep_SUB:FEATURE_LOCATION_CONFLICT::Coding region xref gene does not exist
plasmid_files/HG969995.1_results/PROKKA_06292018:CDS	hypothetical protein	HG969995.1:84851-85261	GBAEEAEJ_00101

DiscRep_SUB:FEATURE_LOCATION_CONFLICT::Coding region xref gene does not exist
plasmid_files/HG969995.1_results/PROKKA_06292018:CDS	hypothetical protein	HG969995.1:85586-85897	GBAEEAEJ_00102

DiscRep_SUB:FEATURE_LOCATION_CONFLICT::Coding region xref gene does not exist
plasmid_files/HG969995.1_results/PROKKA_06292018:CDS	hypothetical protein	HG969995.1:86411-86800	GBAEEAEJ_00103

DiscRep_SUB:FEATURE_LOCATION_CONFLICT::Coding region xref gene does not exist
plasmid_files/HG969995.1_results/PROKKA_06292018:CDS	hypothetical protein	HG969995.1:86814-87206	GBAEEAEJ_00104

DiscRep_SUB:FEATURE_LOCATION_CONFLICT::Coding region xref gene does not exist
plasmid_files/HG969995.1_results/PROKKA_06292018:CDS	Protein TraC	HG969995.1:87278-89917	GBAEEAEJ_00105

DiscRep_SUB:FEATURE_LOCATION_CONFLICT::Coding region xref gene does not exist
plasmid_files/HG969995.1_results/PROKKA_06292018:CDS	hypothetical protein	HG969995.1:89917-90306	GBAEEAEJ_00106

DiscRep_SUB:FEATURE_LOCATION_CONFLICT::Coding region xref gene does not exist
plasmid_files/HG969995.1_results/PROKKA_06292018:CDS	hypothetical protein	HG969995.1:90306-90932	GBAEEAEJ_00107

DiscRep_SUB:FEATURE_LOCATION_CONFLICT::Coding region xref gene does not exist
plasmid_files/HG969995.1_results/PROKKA_06292018:CDS	hypothetical protein	HG969995.1:90974-91363	GBAEEAEJ_00108

DiscRep_SUB:FEATURE_LOCATION_CONFLICT::Coding region xref gene does not exist
plasmid_files/HG969995.1_results/PROKKA_06292018:CDS	hypothetical protein	HG969995.1:91360-92349	GBAEEAEJ_00109

DiscRep_SUB:FEATURE_LOCATION_CONFLICT::Coding region xref gene does not exist
plasmid_files/HG969995.1_results/PROKKA_06292018:CDS	hypothetical protein	HG969995.1:92362-93000	GBAEEAEJ_00110

DiscRep_SUB:FEATURE_LOCATION_CONFLICT::Coding region xref gene does not exist
plasmid_files/HG969995.1_results/PROKKA_06292018:CDS	hypothetical protein	HG969995.1:93059-95014	GBAEEAEJ_00111

DiscRep_SUB:FEATURE_LOCATION_CONFLICT::Coding region xref gene does not exist
plasmid_files/HG969995.1_results/PROKKA_06292018:CDS	hypothetical protein	HG969995.1:95046-95300	GBAEEAEJ_00112

DiscRep_SUB:FEATURE_LOCATION_CONFLICT::Coding region xref gene does not exist
plasmid_files/HG969995.1_results/PROKKA_06292018:CDS	hypothetical protein	HG969995.1:95260-95526	GBAEEAEJ_00113

DiscRep_SUB:FEATURE_LOCATION_CONFLICT::Coding region xref gene does not exist
plasmid_files/HG969995.1_results/PROKKA_06292018:CDS	hypothetical protein	HG969995.1:95539-95865	GBAEEAEJ_00114

DiscRep_SUB:FEATURE_LOCATION_CONFLICT::Coding region xref gene does not exist
plasmid_files/HG969995.1_results/PROKKA_06292018:CDS	hypothetical protein	HG969995.1:95886-96638	GBAEEAEJ_00115

DiscRep_SUB:FEATURE_LOCATION_CONFLICT::Coding region xref gene does not exist
plasmid_files/HG969995.1_results/PROKKA_06292018:CDS	Protein TraQ	HG969995.1:96649-96888	GBAEEAEJ_00116

DiscRep_SUB:FEATURE_LOCATION_CONFLICT::Coding region xref gene does not exist
plasmid_files/HG969995.1_results/PROKKA_06292018:CDS	hypothetical protein	HG969995.1:96860-97417	GBAEEAEJ_00117

DiscRep_SUB:FEATURE_LOCATION_CONFLICT::Coding region xref gene does not exist
plasmid_files/HG969995.1_results/PROKKA_06292018:CDS	hypothetical protein	HG969995.1:97463-97906	GBAEEAEJ_00118

DiscRep_SUB:FEATURE_LOCATION_CONFLICT::Coding region xref gene does not exist
plasmid_files/HG969995.1_results/PROKKA_06292018:CDS	hypothetical protein	HG969995.1:97896-99263	GBAEEAEJ_00119

DiscRep_SUB:FEATURE_LOCATION_CONFLICT::Coding region xref gene does not exist
plasmid_files/HG969995.1_results/PROKKA_06292018:CDS	hypothetical protein	HG969995.1:99263-102112	GBAEEAEJ_00120

DiscRep_SUB:FEATURE_LOCATION_CONFLICT::Coding region xref gene does not exist
plasmid_files/HG969995.1_results/PROKKA_06292018:CDS	Protein TraS	HG969995.1:102125-102673	GBAEEAEJ_00121

DiscRep_SUB:FEATURE_LOCATION_CONFLICT::Coding region xref gene does not exist
plasmid_files/HG969995.1_results/PROKKA_06292018:CDS	Lipoprotein YlpA	HG969995.1:102857-103588	GBAEEAEJ_00122

DiscRep_SUB:FEATURE_LOCATION_CONFLICT::Coding region xref gene does not exist
plasmid_files/HG969995.1_results/PROKKA_06292018:CDS	hypothetical protein	HG969995.1:103780-104469	GBAEEAEJ_00123

DiscRep_SUB:FEATURE_LOCATION_CONFLICT::Coding region xref gene does not exist
plasmid_files/HG969995.1_results/PROKKA_06292018:CDS	Coupling protein TraD	HG969995.1:104598-106910	GBAEEAEJ_00124

DiscRep_SUB:FEATURE_LOCATION_CONFLICT::Coding region xref gene does not exist
plasmid_files/HG969995.1_results/PROKKA_06292018:CDS	Multifunctional conjugation protein TraI	HG969995.1:106910-112171	GBAEEAEJ_00125

DiscRep_SUB:FEATURE_LOCATION_CONFLICT::Coding region xref gene does not exist
plasmid_files/HG969995.1_results/PROKKA_06292018:CDS	hypothetical protein	HG969995.1:112252-112977	GBAEEAEJ_00126

DiscRep_SUB:FEATURE_LOCATION_CONFLICT::Coding region xref gene does not exist
plasmid_files/HG969995.1_results/PROKKA_06292018:CDS	Fertility inhibition protein	HG969995.1:113049-113642	GBAEEAEJ_00127

DiscRep_ALL:SUSPECT_PRODUCT_NAMES::1 product_names contain suspect phrase or characters
DiscRep_SUB:SUSPECT_PRODUCT_NAMES::May contain database identifier more appropriate in note; remove from product name
DiscRep_SUB:SUSPECT_PRODUCT_NAMES::1 features Three or more numbers together
plasmid_files/HG969995.1_results/PROKKA_06292018:CDS	Putative transposon Tn552 DNA-invertase bin3	HG969995.1:c22544-21924	GBAEEAEJ_00023

DiscRep_ALL:DISC_QUALITY_SCORES::Quality scores are missing on all sequences.

DiscRep_ALL:ONCALLER_COMMENT_PRESENT::1 comment descriptors were found (all same)
plasmid_files/HG969995.1_results/PROKKA_06292018:HG969995.1:Annotated using prokka 1.14-dev from https://github.com/tseemann/prokka

DiscRep_ALL:SHORT_PROT_SEQUENCES::2 protein sequences are shorter than 50 aa.
plasmid_files/HG969995.1_results/PROKKA_06292018:HG969995.1_21 (length 38)
plasmid_files/HG969995.1_results/PROKKA_06292018:HG969995.1_87 (length 48)

DiscRep_ALL:MISSING_GENOMEASSEMBLY_COMMENTS::1 bioseqs are missing GenomeAssembly structured comments
plasmid_files/HG969995.1_results/PROKKA_06292018:HG969995.1 (length 113642)

DiscRep_ALL:MOLTYPE_NOT_MRNA::1 molecule types are not set as mRNA.
plasmid_files/HG969995.1_results/PROKKA_06292018:HG969995.1 (length 113642)

DiscRep_ALL:TECHNIQUE_NOT_TSA::1 technique are not set as TSA
plasmid_files/HG969995.1_results/PROKKA_06292018:HG969995.1 (length 113642)

DiscRep_ALL:MISSING_STRUCTURED_COMMENT::1 sequences do not include structured comments.
plasmid_files/HG969995.1_results/PROKKA_06292018:HG969995.1 (length 113642)

DiscRep_ALL:MISSING_PROJECT::128 sequences do not include project.
plasmid_files/HG969995.1_results/PROKKA_06292018:HG969995.1 (length 113642)
plasmid_files/HG969995.1_results/PROKKA_06292018:HG969995.1_1 (length 73)
plasmid_files/HG969995.1_results/PROKKA_06292018:HG969995.1_2 (length 214)
plasmid_files/HG969995.1_results/PROKKA_06292018:HG969995.1_3 (length 216)
plasmid_files/HG969995.1_results/PROKKA_06292018:HG969995.1_4 (length 102)
plasmid_files/HG969995.1_results/PROKKA_06292018:HG969995.1_5 (length 186)
plasmid_files/HG969995.1_results/PROKKA_06292018:HG969995.1_6 (length 285)
plasmid_files/HG969995.1_results/PROKKA_06292018:HG969995.1_7 (length 187)
plasmid_files/HG969995.1_results/PROKKA_06292018:HG969995.1_8 (length 203)
plasmid_files/HG969995.1_results/PROKKA_06292018:HG969995.1_9 (length 330)
plasmid_files/HG969995.1_results/PROKKA_06292018:HG969995.1_10 (length 51)
plasmid_files/HG969995.1_results/PROKKA_06292018:HG969995.1_11 (length 571)
plasmid_files/HG969995.1_results/PROKKA_06292018:HG969995.1_12 (length 1009)
plasmid_files/HG969995.1_results/PROKKA_06292018:HG969995.1_13 (length 341)
plasmid_files/HG969995.1_results/PROKKA_06292018:HG969995.1_14 (length 259)
plasmid_files/HG969995.1_results/PROKKA_06292018:HG969995.1_15 (length 79)
plasmid_files/HG969995.1_results/PROKKA_06292018:HG969995.1_16 (length 293)
plasmid_files/HG969995.1_results/PROKKA_06292018:HG969995.1_17 (length 439)
plasmid_files/HG969995.1_results/PROKKA_06292018:HG969995.1_18 (length 394)
plasmid_files/HG969995.1_results/PROKKA_06292018:HG969995.1_19 (length 70)
plasmid_files/HG969995.1_results/PROKKA_06292018:HG969995.1_20 (length 119)
plasmid_files/HG969995.1_results/PROKKA_06292018:HG969995.1_21 (length 38)
plasmid_files/HG969995.1_results/PROKKA_06292018:HG969995.1_22 (length 136)
plasmid_files/HG969995.1_results/PROKKA_06292018:HG969995.1_23 (length 206)
plasmid_files/HG969995.1_results/PROKKA_06292018:HG969995.1_24 (length 965)
plasmid_files/HG969995.1_results/PROKKA_06292018:HG969995.1_25 (length 234)
plasmid_files/HG969995.1_results/PROKKA_06292018:HG969995.1_26 (length 111)
plasmid_files/HG969995.1_results/PROKKA_06292018:HG969995.1_27 (length 119)
plasmid_files/HG969995.1_results/PROKKA_06292018:HG969995.1_28 (length 286)
plasmid_files/HG969995.1_results/PROKKA_06292018:HG969995.1_29 (length 136)
plasmid_files/HG969995.1_results/PROKKA_06292018:HG969995.1_30 (length 422)
plasmid_files/HG969995.1_results/PROKKA_06292018:HG969995.1_31 (length 235)
plasmid_files/HG969995.1_results/PROKKA_06292018:HG969995.1_32 (length 78)
plasmid_files/HG969995.1_results/PROKKA_06292018:HG969995.1_33 (length 120)
plasmid_files/HG969995.1_results/PROKKA_06292018:HG969995.1_34 (length 564)
plasmid_files/HG969995.1_results/PROKKA_06292018:HG969995.1_35 (length 140)
plasmid_files/HG969995.1_results/PROKKA_06292018:HG969995.1_36 (length 125)
plasmid_files/HG969995.1_results/PROKKA_06292018:HG969995.1_37 (length 91)
plasmid_files/HG969995.1_results/PROKKA_06292018:HG969995.1_38 (length 236)
plasmid_files/HG969995.1_results/PROKKA_06292018:HG969995.1_39 (length 138)
plasmid_files/HG969995.1_results/PROKKA_06292018:HG969995.1_40 (length 76)
plasmid_files/HG969995.1_results/PROKKA_06292018:HG969995.1_41 (length 83)
plasmid_files/HG969995.1_results/PROKKA_06292018:HG969995.1_42 (length 102)
plasmid_files/HG969995.1_results/PROKKA_06292018:HG969995.1_43 (length 109)
plasmid_files/HG969995.1_results/PROKKA_06292018:HG969995.1_44 (length 132)
plasmid_files/HG969995.1_results/PROKKA_06292018:HG969995.1_45 (length 110)
plasmid_files/HG969995.1_results/PROKKA_06292018:HG969995.1_46 (length 260)
plasmid_files/HG969995.1_results/PROKKA_06292018:HG969995.1_47 (length 82)
plasmid_files/HG969995.1_results/PROKKA_06292018:HG969995.1_48 (length 157)
plasmid_files/HG969995.1_results/PROKKA_06292018:HG969995.1_49 (length 422)
plasmid_files/HG969995.1_results/PROKKA_06292018:HG969995.1_50 (length 1085)
plasmid_files/HG969995.1_results/PROKKA_06292018:HG969995.1_51 (length 438)
plasmid_files/HG969995.1_results/PROKKA_06292018:HG969995.1_52 (length 675)
plasmid_files/HG969995.1_results/PROKKA_06292018:HG969995.1_53 (length 57)
plasmid_files/HG969995.1_results/PROKKA_06292018:HG969995.1_54 (length 110)
plasmid_files/HG969995.1_results/PROKKA_06292018:HG969995.1_55 (length 324)
plasmid_files/HG969995.1_results/PROKKA_06292018:HG969995.1_56 (length 401)
plasmid_files/HG969995.1_results/PROKKA_06292018:HG969995.1_57 (length 298)
plasmid_files/HG969995.1_results/PROKKA_06292018:HG969995.1_58 (length 423)
plasmid_files/HG969995.1_results/PROKKA_06292018:HG969995.1_59 (length 143)
plasmid_files/HG969995.1_results/PROKKA_06292018:HG969995.1_60 (length 323)
plasmid_files/HG969995.1_results/PROKKA_06292018:HG969995.1_61 (length 223)
plasmid_files/HG969995.1_results/PROKKA_06292018:HG969995.1_62 (length 76)
plasmid_files/HG969995.1_results/PROKKA_06292018:HG969995.1_63 (length 233)
plasmid_files/HG969995.1_results/PROKKA_06292018:HG969995.1_64 (length 73)
plasmid_files/HG969995.1_results/PROKKA_06292018:HG969995.1_65 (length 139)
plasmid_files/HG969995.1_results/PROKKA_06292018:HG969995.1_66 (length 255)
plasmid_files/HG969995.1_results/PROKKA_06292018:HG969995.1_67 (length 142)
plasmid_files/HG969995.1_results/PROKKA_06292018:HG969995.1_68 (length 168)
plasmid_files/HG969995.1_results/PROKKA_06292018:HG969995.1_69 (length 63)
plasmid_files/HG969995.1_results/PROKKA_06292018:HG969995.1_70 (length 84)
plasmid_files/HG969995.1_results/PROKKA_06292018:HG969995.1_71 (length 105)
plasmid_files/HG969995.1_results/PROKKA_06292018:HG969995.1_72 (length 75)
plasmid_files/HG969995.1_results/PROKKA_06292018:HG969995.1_73 (length 76)
plasmid_files/HG969995.1_results/PROKKA_06292018:HG969995.1_74 (length 451)
plasmid_files/HG969995.1_results/PROKKA_06292018:HG969995.1_75 (length 187)
plasmid_files/HG969995.1_results/PROKKA_06292018:HG969995.1_76 (length 106)
plasmid_files/HG969995.1_results/PROKKA_06292018:HG969995.1_77 (length 170)
plasmid_files/HG969995.1_results/PROKKA_06292018:HG969995.1_78 (length 80)
plasmid_files/HG969995.1_results/PROKKA_06292018:HG969995.1_79 (length 669)
plasmid_files/HG969995.1_results/PROKKA_06292018:HG969995.1_80 (length 143)
plasmid_files/HG969995.1_results/PROKKA_06292018:HG969995.1_81 (length 240)
plasmid_files/HG969995.1_results/PROKKA_06292018:HG969995.1_82 (length 118)
plasmid_files/HG969995.1_results/PROKKA_06292018:HG969995.1_83 (length 90)
plasmid_files/HG969995.1_results/PROKKA_06292018:HG969995.1_84 (length 116)
plasmid_files/HG969995.1_results/PROKKA_06292018:HG969995.1_85 (length 117)
plasmid_files/HG969995.1_results/PROKKA_06292018:HG969995.1_86 (length 115)
plasmid_files/HG969995.1_results/PROKKA_06292018:HG969995.1_87 (length 48)
plasmid_files/HG969995.1_results/PROKKA_06292018:HG969995.1_88 (length 277)
plasmid_files/HG969995.1_results/PROKKA_06292018:HG969995.1_89 (length 273)
plasmid_files/HG969995.1_results/PROKKA_06292018:HG969995.1_90 (length 104)
plasmid_files/HG969995.1_results/PROKKA_06292018:HG969995.1_91 (length 161)
plasmid_files/HG969995.1_results/PROKKA_06292018:HG969995.1_92 (length 132)
plasmid_files/HG969995.1_results/PROKKA_06292018:HG969995.1_93 (length 228)
plasmid_files/HG969995.1_results/PROKKA_06292018:HG969995.1_94 (length 128)
plasmid_files/HG969995.1_results/PROKKA_06292018:HG969995.1_95 (length 122)
plasmid_files/HG969995.1_results/PROKKA_06292018:HG969995.1_96 (length 101)
plasmid_files/HG969995.1_results/PROKKA_06292018:HG969995.1_97 (length 188)
plasmid_files/HG969995.1_results/PROKKA_06292018:HG969995.1_98 (length 246)
plasmid_files/HG969995.1_results/PROKKA_06292018:HG969995.1_99 (length 474)
plasmid_files/HG969995.1_results/PROKKA_06292018:HG969995.1_100 (length 190)
plasmid_files/HG969995.1_results/PROKKA_06292018:HG969995.1_101 (length 136)
plasmid_files/HG969995.1_results/PROKKA_06292018:HG969995.1_102 (length 103)
plasmid_files/HG969995.1_results/PROKKA_06292018:HG969995.1_103 (length 129)
plasmid_files/HG969995.1_results/PROKKA_06292018:HG969995.1_104 (length 130)
plasmid_files/HG969995.1_results/PROKKA_06292018:HG969995.1_105 (length 879)
plasmid_files/HG969995.1_results/PROKKA_06292018:HG969995.1_106 (length 129)
plasmid_files/HG969995.1_results/PROKKA_06292018:HG969995.1_107 (length 208)
plasmid_files/HG969995.1_results/PROKKA_06292018:HG969995.1_108 (length 129)
plasmid_files/HG969995.1_results/PROKKA_06292018:HG969995.1_109 (length 329)
plasmid_files/HG969995.1_results/PROKKA_06292018:HG969995.1_110 (length 212)
plasmid_files/HG969995.1_results/PROKKA_06292018:HG969995.1_111 (length 651)
plasmid_files/HG969995.1_results/PROKKA_06292018:HG969995.1_112 (length 84)
plasmid_files/HG969995.1_results/PROKKA_06292018:HG969995.1_113 (length 88)
plasmid_files/HG969995.1_results/PROKKA_06292018:HG969995.1_114 (length 108)
plasmid_files/HG969995.1_results/PROKKA_06292018:HG969995.1_115 (length 250)
plasmid_files/HG969995.1_results/PROKKA_06292018:HG969995.1_116 (length 79)
plasmid_files/HG969995.1_results/PROKKA_06292018:HG969995.1_117 (length 185)
plasmid_files/HG969995.1_results/PROKKA_06292018:HG969995.1_118 (length 147)
plasmid_files/HG969995.1_results/PROKKA_06292018:HG969995.1_119 (length 455)
plasmid_files/HG969995.1_results/PROKKA_06292018:HG969995.1_120 (length 949)
plasmid_files/HG969995.1_results/PROKKA_06292018:HG969995.1_121 (length 182)
plasmid_files/HG969995.1_results/PROKKA_06292018:HG969995.1_122 (length 243)
plasmid_files/HG969995.1_results/PROKKA_06292018:HG969995.1_123 (length 229)
plasmid_files/HG969995.1_results/PROKKA_06292018:HG969995.1_124 (length 770)
plasmid_files/HG969995.1_results/PROKKA_06292018:HG969995.1_125 (length 1753)
plasmid_files/HG969995.1_results/PROKKA_06292018:HG969995.1_126 (length 241)
plasmid_files/HG969995.1_results/PROKKA_06292018:HG969995.1_127 (length 197)

DiscRep_ALL:DISC_INCONSISTENT_MOLINFO_TECH::Molinfo Technique Report (some missing, all same)
DiscRep_SUB:DISC_INCONSISTENT_MOLINFO_TECH::technique (all missing)
DiscRep_SUB:DISC_INCONSISTENT_MOLINFO_TECH::1 Molinfos are missing field technique
plasmid_files/HG969995.1_results/PROKKA_06292018:HG969995.1 (length 113642)

