Discrepancy Report Results

Summary
FATAL: MISSING_PROTEIN_ID:130 proteins have invalid IDs.
DISC_SOURCE_QUALS_ASNDISC:strain (all present, all unique)
DISC_SOURCE_QUALS_ASNDISC:taxname (all present, all unique)
DISC_FEATURE_COUNT:CDS: 130 present
DISC_COUNT_NUCLEOTIDES:1 nucleotide Bioseqs are present
FEATURE_LOCATION_CONFLICT:130 features have inconsistent gene locations.
DISC_QUALITY_SCORES:Quality scores are missing on all sequences.
ONCALLER_COMMENT_PRESENT:1 comment descriptors were found (all same)
SHORT_PROT_SEQUENCES:1 protein sequences are shorter than 50 aa.
MISSING_GENOMEASSEMBLY_COMMENTS:1 bioseqs are missing GenomeAssembly structured comments
MOLTYPE_NOT_MRNA:1 molecule types are not set as mRNA.
TECHNIQUE_NOT_TSA:1 technique are not set as TSA
MISSING_STRUCTURED_COMMENT:1 sequences do not include structured comments.
MISSING_PROJECT:131 sequences do not include project.
DISC_INCONSISTENT_MOLINFO_TECH:Molinfo Technique Report (some missing, all same)


Detailed Report

FATAL: DiscRep_ALL:MISSING_PROTEIN_ID::130 proteins have invalid IDs.
plasmid_files/KP987218.1_results/PROKKA_06292018:KP987218.1_1 (length 186)
plasmid_files/KP987218.1_results/PROKKA_06292018:KP987218.1_2 (length 85)
plasmid_files/KP987218.1_results/PROKKA_06292018:KP987218.1_3 (length 287)
plasmid_files/KP987218.1_results/PROKKA_06292018:KP987218.1_4 (length 413)
plasmid_files/KP987218.1_results/PROKKA_06292018:KP987218.1_5 (length 297)
plasmid_files/KP987218.1_results/PROKKA_06292018:KP987218.1_6 (length 665)
plasmid_files/KP987218.1_results/PROKKA_06292018:KP987218.1_7 (length 303)
plasmid_files/KP987218.1_results/PROKKA_06292018:KP987218.1_8 (length 110)
plasmid_files/KP987218.1_results/PROKKA_06292018:KP987218.1_9 (length 167)
plasmid_files/KP987218.1_results/PROKKA_06292018:KP987218.1_10 (length 104)
plasmid_files/KP987218.1_results/PROKKA_06292018:KP987218.1_11 (length 157)
plasmid_files/KP987218.1_results/PROKKA_06292018:KP987218.1_12 (length 64)
plasmid_files/KP987218.1_results/PROKKA_06292018:KP987218.1_13 (length 988)
plasmid_files/KP987218.1_results/PROKKA_06292018:KP987218.1_14 (length 186)
plasmid_files/KP987218.1_results/PROKKA_06292018:KP987218.1_15 (length 186)
plasmid_files/KP987218.1_results/PROKKA_06292018:KP987218.1_16 (length 92)
plasmid_files/KP987218.1_results/PROKKA_06292018:KP987218.1_17 (length 141)
plasmid_files/KP987218.1_results/PROKKA_06292018:KP987218.1_18 (length 51)
plasmid_files/KP987218.1_results/PROKKA_06292018:KP987218.1_19 (length 98)
plasmid_files/KP987218.1_results/PROKKA_06292018:KP987218.1_20 (length 326)
plasmid_files/KP987218.1_results/PROKKA_06292018:KP987218.1_21 (length 293)
plasmid_files/KP987218.1_results/PROKKA_06292018:KP987218.1_22 (length 326)
plasmid_files/KP987218.1_results/PROKKA_06292018:KP987218.1_23 (length 133)
plasmid_files/KP987218.1_results/PROKKA_06292018:KP987218.1_24 (length 234)
plasmid_files/KP987218.1_results/PROKKA_06292018:KP987218.1_25 (length 422)
plasmid_files/KP987218.1_results/PROKKA_06292018:KP987218.1_26 (length 235)
plasmid_files/KP987218.1_results/PROKKA_06292018:KP987218.1_27 (length 78)
plasmid_files/KP987218.1_results/PROKKA_06292018:KP987218.1_28 (length 691)
plasmid_files/KP987218.1_results/PROKKA_06292018:KP987218.1_29 (length 153)
plasmid_files/KP987218.1_results/PROKKA_06292018:KP987218.1_30 (length 91)
plasmid_files/KP987218.1_results/PROKKA_06292018:KP987218.1_31 (length 116)
plasmid_files/KP987218.1_results/PROKKA_06292018:KP987218.1_32 (length 144)
plasmid_files/KP987218.1_results/PROKKA_06292018:KP987218.1_33 (length 334)
plasmid_files/KP987218.1_results/PROKKA_06292018:KP987218.1_34 (length 126)
plasmid_files/KP987218.1_results/PROKKA_06292018:KP987218.1_35 (length 125)
plasmid_files/KP987218.1_results/PROKKA_06292018:KP987218.1_36 (length 340)
plasmid_files/KP987218.1_results/PROKKA_06292018:KP987218.1_37 (length 520)
plasmid_files/KP987218.1_results/PROKKA_06292018:KP987218.1_38 (length 138)
plasmid_files/KP987218.1_results/PROKKA_06292018:KP987218.1_39 (length 76)
plasmid_files/KP987218.1_results/PROKKA_06292018:KP987218.1_40 (length 72)
plasmid_files/KP987218.1_results/PROKKA_06292018:KP987218.1_41 (length 101)
plasmid_files/KP987218.1_results/PROKKA_06292018:KP987218.1_42 (length 131)
plasmid_files/KP987218.1_results/PROKKA_06292018:KP987218.1_43 (length 104)
plasmid_files/KP987218.1_results/PROKKA_06292018:KP987218.1_44 (length 338)
plasmid_files/KP987218.1_results/PROKKA_06292018:KP987218.1_45 (length 47)
plasmid_files/KP987218.1_results/PROKKA_06292018:KP987218.1_46 (length 249)
plasmid_files/KP987218.1_results/PROKKA_06292018:KP987218.1_47 (length 65)
plasmid_files/KP987218.1_results/PROKKA_06292018:KP987218.1_48 (length 100)
plasmid_files/KP987218.1_results/PROKKA_06292018:KP987218.1_49 (length 208)
plasmid_files/KP987218.1_results/PROKKA_06292018:KP987218.1_50 (length 291)
plasmid_files/KP987218.1_results/PROKKA_06292018:KP987218.1_51 (length 423)
plasmid_files/KP987218.1_results/PROKKA_06292018:KP987218.1_52 (length 143)
plasmid_files/KP987218.1_results/PROKKA_06292018:KP987218.1_53 (length 323)
plasmid_files/KP987218.1_results/PROKKA_06292018:KP987218.1_54 (length 223)
plasmid_files/KP987218.1_results/PROKKA_06292018:KP987218.1_55 (length 76)
plasmid_files/KP987218.1_results/PROKKA_06292018:KP987218.1_56 (length 233)
plasmid_files/KP987218.1_results/PROKKA_06292018:KP987218.1_57 (length 73)
plasmid_files/KP987218.1_results/PROKKA_06292018:KP987218.1_58 (length 139)
plasmid_files/KP987218.1_results/PROKKA_06292018:KP987218.1_59 (length 255)
plasmid_files/KP987218.1_results/PROKKA_06292018:KP987218.1_60 (length 142)
plasmid_files/KP987218.1_results/PROKKA_06292018:KP987218.1_61 (length 168)
plasmid_files/KP987218.1_results/PROKKA_06292018:KP987218.1_62 (length 63)
plasmid_files/KP987218.1_results/PROKKA_06292018:KP987218.1_63 (length 84)
plasmid_files/KP987218.1_results/PROKKA_06292018:KP987218.1_64 (length 106)
plasmid_files/KP987218.1_results/PROKKA_06292018:KP987218.1_65 (length 75)
plasmid_files/KP987218.1_results/PROKKA_06292018:KP987218.1_66 (length 76)
plasmid_files/KP987218.1_results/PROKKA_06292018:KP987218.1_67 (length 451)
plasmid_files/KP987218.1_results/PROKKA_06292018:KP987218.1_68 (length 187)
plasmid_files/KP987218.1_results/PROKKA_06292018:KP987218.1_69 (length 106)
plasmid_files/KP987218.1_results/PROKKA_06292018:KP987218.1_70 (length 58)
plasmid_files/KP987218.1_results/PROKKA_06292018:KP987218.1_71 (length 180)
plasmid_files/KP987218.1_results/PROKKA_06292018:KP987218.1_72 (length 82)
plasmid_files/KP987218.1_results/PROKKA_06292018:KP987218.1_73 (length 685)
plasmid_files/KP987218.1_results/PROKKA_06292018:KP987218.1_74 (length 143)
plasmid_files/KP987218.1_results/PROKKA_06292018:KP987218.1_75 (length 242)
plasmid_files/KP987218.1_results/PROKKA_06292018:KP987218.1_76 (length 108)
plasmid_files/KP987218.1_results/PROKKA_06292018:KP987218.1_77 (length 124)
plasmid_files/KP987218.1_results/PROKKA_06292018:KP987218.1_78 (length 357)
plasmid_files/KP987218.1_results/PROKKA_06292018:KP987218.1_79 (length 52)
plasmid_files/KP987218.1_results/PROKKA_06292018:KP987218.1_80 (length 90)
plasmid_files/KP987218.1_results/PROKKA_06292018:KP987218.1_81 (length 116)
plasmid_files/KP987218.1_results/PROKKA_06292018:KP987218.1_82 (length 118)
plasmid_files/KP987218.1_results/PROKKA_06292018:KP987218.1_83 (length 70)
plasmid_files/KP987218.1_results/PROKKA_06292018:KP987218.1_84 (length 74)
plasmid_files/KP987218.1_results/PROKKA_06292018:KP987218.1_85 (length 106)
plasmid_files/KP987218.1_results/PROKKA_06292018:KP987218.1_86 (length 92)
plasmid_files/KP987218.1_results/PROKKA_06292018:KP987218.1_87 (length 137)
plasmid_files/KP987218.1_results/PROKKA_06292018:KP987218.1_88 (length 58)
plasmid_files/KP987218.1_results/PROKKA_06292018:KP987218.1_89 (length 273)
plasmid_files/KP987218.1_results/PROKKA_06292018:KP987218.1_90 (length 161)
plasmid_files/KP987218.1_results/PROKKA_06292018:KP987218.1_91 (length 130)
plasmid_files/KP987218.1_results/PROKKA_06292018:KP987218.1_92 (length 233)
plasmid_files/KP987218.1_results/PROKKA_06292018:KP987218.1_93 (length 122)
plasmid_files/KP987218.1_results/PROKKA_06292018:KP987218.1_94 (length 101)
plasmid_files/KP987218.1_results/PROKKA_06292018:KP987218.1_95 (length 188)
plasmid_files/KP987218.1_results/PROKKA_06292018:KP987218.1_96 (length 246)
plasmid_files/KP987218.1_results/PROKKA_06292018:KP987218.1_97 (length 474)
plasmid_files/KP987218.1_results/PROKKA_06292018:KP987218.1_98 (length 194)
plasmid_files/KP987218.1_results/PROKKA_06292018:KP987218.1_99 (length 72)
plasmid_files/KP987218.1_results/PROKKA_06292018:KP987218.1_100 (length 103)
plasmid_files/KP987218.1_results/PROKKA_06292018:KP987218.1_101 (length 134)
plasmid_files/KP987218.1_results/PROKKA_06292018:KP987218.1_102 (length 130)
plasmid_files/KP987218.1_results/PROKKA_06292018:KP987218.1_103 (length 879)
plasmid_files/KP987218.1_results/PROKKA_06292018:KP987218.1_104 (length 129)
plasmid_files/KP987218.1_results/PROKKA_06292018:KP987218.1_105 (length 211)
plasmid_files/KP987218.1_results/PROKKA_06292018:KP987218.1_106 (length 133)
plasmid_files/KP987218.1_results/PROKKA_06292018:KP987218.1_107 (length 329)
plasmid_files/KP987218.1_results/PROKKA_06292018:KP987218.1_108 (length 212)
plasmid_files/KP987218.1_results/PROKKA_06292018:KP987218.1_109 (length 651)
plasmid_files/KP987218.1_results/PROKKA_06292018:KP987218.1_110 (length 84)
plasmid_files/KP987218.1_results/PROKKA_06292018:KP987218.1_111 (length 88)
plasmid_files/KP987218.1_results/PROKKA_06292018:KP987218.1_112 (length 108)
plasmid_files/KP987218.1_results/PROKKA_06292018:KP987218.1_113 (length 250)
plasmid_files/KP987218.1_results/PROKKA_06292018:KP987218.1_114 (length 79)
plasmid_files/KP987218.1_results/PROKKA_06292018:KP987218.1_115 (length 185)
plasmid_files/KP987218.1_results/PROKKA_06292018:KP987218.1_116 (length 147)
plasmid_files/KP987218.1_results/PROKKA_06292018:KP987218.1_117 (length 455)
plasmid_files/KP987218.1_results/PROKKA_06292018:KP987218.1_118 (length 949)
plasmid_files/KP987218.1_results/PROKKA_06292018:KP987218.1_119 (length 177)
plasmid_files/KP987218.1_results/PROKKA_06292018:KP987218.1_120 (length 243)
plasmid_files/KP987218.1_results/PROKKA_06292018:KP987218.1_121 (length 229)
plasmid_files/KP987218.1_results/PROKKA_06292018:KP987218.1_122 (length 770)
plasmid_files/KP987218.1_results/PROKKA_06292018:KP987218.1_123 (length 81)
plasmid_files/KP987218.1_results/PROKKA_06292018:KP987218.1_124 (length 1660)
plasmid_files/KP987218.1_results/PROKKA_06292018:KP987218.1_125 (length 241)
plasmid_files/KP987218.1_results/PROKKA_06292018:KP987218.1_126 (length 197)
plasmid_files/KP987218.1_results/PROKKA_06292018:KP987218.1_127 (length 73)
plasmid_files/KP987218.1_results/PROKKA_06292018:KP987218.1_128 (length 214)
plasmid_files/KP987218.1_results/PROKKA_06292018:KP987218.1_129 (length 216)
plasmid_files/KP987218.1_results/PROKKA_06292018:KP987218.1_130 (length 102)

DiscRep_ALL:DISC_SOURCE_QUALS_ASNDISC::strain (all present, all unique)
DiscRep_SUB:DISC_SOURCE_QUALS_ASNDISC::1 sources have unique values for strain
DiscRep_ALL:DISC_SOURCE_QUALS_ASNDISC::taxname (all present, all unique)
DiscRep_SUB:DISC_SOURCE_QUALS_ASNDISC::1 sources have unique values for taxname
DiscRep_ALL:DISC_FEATURE_COUNT::CDS: 130 present
DiscRep_ALL:DISC_COUNT_NUCLEOTIDES::1 nucleotide Bioseqs are present
plasmid_files/KP987218.1_results/PROKKA_06292018:KP987218.1 (length 105008)

DiscRep_ALL:FEATURE_LOCATION_CONFLICT::130 features have inconsistent gene locations.
DiscRep_SUB:FEATURE_LOCATION_CONFLICT::Coding region xref gene does not exist
plasmid_files/KP987218.1_results/PROKKA_06292018:CDS	Phospholipase D	KP987218.1:34-594	NMDGKKJC_00001

DiscRep_SUB:FEATURE_LOCATION_CONFLICT::Coding region xref gene does not exist
plasmid_files/KP987218.1_results/PROKKA_06292018:CDS	hypothetical protein	KP987218.1:726-983	NMDGKKJC_00002

DiscRep_SUB:FEATURE_LOCATION_CONFLICT::Coding region xref gene does not exist
plasmid_files/KP987218.1_results/PROKKA_06292018:CDS	hypothetical protein	KP987218.1:1293-2156	NMDGKKJC_00003

DiscRep_SUB:FEATURE_LOCATION_CONFLICT::Coding region xref gene does not exist
plasmid_files/KP987218.1_results/PROKKA_06292018:CDS	tRNA1(Val) (adenine(37)-N6)-methyltransferase	KP987218.1:3476-4717	NMDGKKJC_00004

DiscRep_SUB:FEATURE_LOCATION_CONFLICT::Coding region xref gene does not exist
plasmid_files/KP987218.1_results/PROKKA_06292018:CDS	hypothetical protein	KP987218.1:4725-5618	NMDGKKJC_00005

DiscRep_SUB:FEATURE_LOCATION_CONFLICT::Coding region xref gene does not exist
plasmid_files/KP987218.1_results/PROKKA_06292018:CDS	hypothetical protein	KP987218.1:5622-7619	NMDGKKJC_00006

DiscRep_SUB:FEATURE_LOCATION_CONFLICT::Coding region xref gene does not exist
plasmid_files/KP987218.1_results/PROKKA_06292018:CDS	hypothetical protein	KP987218.1:7616-8527	NMDGKKJC_00007

DiscRep_SUB:FEATURE_LOCATION_CONFLICT::Coding region xref gene does not exist
plasmid_files/KP987218.1_results/PROKKA_06292018:CDS	hypothetical protein	KP987218.1:8913-9245	NMDGKKJC_00008

DiscRep_SUB:FEATURE_LOCATION_CONFLICT::Coding region xref gene does not exist
plasmid_files/KP987218.1_results/PROKKA_06292018:CDS	hypothetical protein	KP987218.1:9258-9761	NMDGKKJC_00009

DiscRep_SUB:FEATURE_LOCATION_CONFLICT::Coding region xref gene does not exist
plasmid_files/KP987218.1_results/PROKKA_06292018:CDS	hypothetical protein	KP987218.1:9777-10091	NMDGKKJC_00010

DiscRep_SUB:FEATURE_LOCATION_CONFLICT::Coding region xref gene does not exist
plasmid_files/KP987218.1_results/PROKKA_06292018:CDS	hypothetical protein	KP987218.1:10181-10654	NMDGKKJC_00011

DiscRep_SUB:FEATURE_LOCATION_CONFLICT::Coding region xref gene does not exist
plasmid_files/KP987218.1_results/PROKKA_06292018:CDS	hypothetical protein	KP987218.1:c11050-10856	NMDGKKJC_00012

DiscRep_SUB:FEATURE_LOCATION_CONFLICT::Coding region xref gene does not exist
plasmid_files/KP987218.1_results/PROKKA_06292018:CDS	hypothetical protein	KP987218.1:c14158-11192	NMDGKKJC_00013

DiscRep_SUB:FEATURE_LOCATION_CONFLICT::Coding region xref gene does not exist
plasmid_files/KP987218.1_results/PROKKA_06292018:CDS	DNA-invertase hin	KP987218.1:c14722-14162	NMDGKKJC_00014

DiscRep_SUB:FEATURE_LOCATION_CONFLICT::Coding region xref gene does not exist
plasmid_files/KP987218.1_results/PROKKA_06292018:CDS	hypothetical protein	KP987218.1:15171-15731	NMDGKKJC_00015

DiscRep_SUB:FEATURE_LOCATION_CONFLICT::Coding region xref gene does not exist
plasmid_files/KP987218.1_results/PROKKA_06292018:CDS	hypothetical protein	KP987218.1:16185-16463	NMDGKKJC_00016

DiscRep_SUB:FEATURE_LOCATION_CONFLICT::Coding region xref gene does not exist
plasmid_files/KP987218.1_results/PROKKA_06292018:CDS	Antirestriction protein KlcA	KP987218.1:16574-16999	NMDGKKJC_00017

DiscRep_SUB:FEATURE_LOCATION_CONFLICT::Coding region xref gene does not exist
plasmid_files/KP987218.1_results/PROKKA_06292018:CDS	hypothetical protein	KP987218.1:17127-17282	NMDGKKJC_00018

DiscRep_SUB:FEATURE_LOCATION_CONFLICT::Coding region xref gene does not exist
plasmid_files/KP987218.1_results/PROKKA_06292018:CDS	hypothetical protein	KP987218.1:17328-17624	NMDGKKJC_00019

DiscRep_SUB:FEATURE_LOCATION_CONFLICT::Coding region xref gene does not exist
plasmid_files/KP987218.1_results/PROKKA_06292018:CDS	hypothetical protein	KP987218.1:17629-18609	NMDGKKJC_00020

DiscRep_SUB:FEATURE_LOCATION_CONFLICT::Coding region xref gene does not exist
plasmid_files/KP987218.1_results/PROKKA_06292018:CDS	Carbapenem-hydrolyzing beta-lactamase KPC	KP987218.1:c19740-18859	NMDGKKJC_00021

DiscRep_SUB:FEATURE_LOCATION_CONFLICT::Coding region xref gene does not exist
plasmid_files/KP987218.1_results/PROKKA_06292018:CDS	hypothetical protein	KP987218.1:c20996-20016	NMDGKKJC_00022

DiscRep_SUB:FEATURE_LOCATION_CONFLICT::Coding region xref gene does not exist
plasmid_files/KP987218.1_results/PROKKA_06292018:CDS	Transposon Tn3 resolvase	KP987218.1:c21520-21119	NMDGKKJC_00023

DiscRep_SUB:FEATURE_LOCATION_CONFLICT::Coding region xref gene does not exist
plasmid_files/KP987218.1_results/PROKKA_06292018:CDS	hypothetical protein	KP987218.1:c22336-21632	NMDGKKJC_00024

DiscRep_SUB:FEATURE_LOCATION_CONFLICT::Coding region xref gene does not exist
plasmid_files/KP987218.1_results/PROKKA_06292018:CDS	Transposon Tn7 transposition protein TnsB	KP987218.1:c23651-22383	NMDGKKJC_00025

DiscRep_SUB:FEATURE_LOCATION_CONFLICT::Coding region xref gene does not exist
plasmid_files/KP987218.1_results/PROKKA_06292018:CDS	putative signaling protein	KP987218.1:c24433-23726	NMDGKKJC_00026

DiscRep_SUB:FEATURE_LOCATION_CONFLICT::Coding region xref gene does not exist
plasmid_files/KP987218.1_results/PROKKA_06292018:CDS	hypothetical protein	KP987218.1:c24666-24430	NMDGKKJC_00027

DiscRep_SUB:FEATURE_LOCATION_CONFLICT::Coding region xref gene does not exist
plasmid_files/KP987218.1_results/PROKKA_06292018:CDS	Mercuric reductase	KP987218.1:c26738-24663	NMDGKKJC_00028

DiscRep_SUB:FEATURE_LOCATION_CONFLICT::Coding region xref gene does not exist
plasmid_files/KP987218.1_results/PROKKA_06292018:CDS	Mercuric transport protein MerC	KP987218.1:c27251-26790	NMDGKKJC_00029

DiscRep_SUB:FEATURE_LOCATION_CONFLICT::Coding region xref gene does not exist
plasmid_files/KP987218.1_results/PROKKA_06292018:CDS	Mercuric transport protein periplasmic component	KP987218.1:c27523-27248	NMDGKKJC_00030

DiscRep_SUB:FEATURE_LOCATION_CONFLICT::Coding region xref gene does not exist
plasmid_files/KP987218.1_results/PROKKA_06292018:CDS	Mercuric transport protein MerT	KP987218.1:c27887-27537	NMDGKKJC_00031

DiscRep_SUB:FEATURE_LOCATION_CONFLICT::Coding region xref gene does not exist
plasmid_files/KP987218.1_results/PROKKA_06292018:CDS	Mercuric resistance operon regulatory protein	KP987218.1:27959-28393	NMDGKKJC_00032

DiscRep_SUB:FEATURE_LOCATION_CONFLICT::Coding region xref gene does not exist
plasmid_files/KP987218.1_results/PROKKA_06292018:CDS	hypothetical protein	KP987218.1:28472-29476	NMDGKKJC_00033

DiscRep_SUB:FEATURE_LOCATION_CONFLICT::Coding region xref gene does not exist
plasmid_files/KP987218.1_results/PROKKA_06292018:CDS	hypothetical protein	KP987218.1:c30055-29675	NMDGKKJC_00034

DiscRep_SUB:FEATURE_LOCATION_CONFLICT::Coding region xref gene does not exist
plasmid_files/KP987218.1_results/PROKKA_06292018:CDS	hypothetical protein	KP987218.1:c30434-30057	NMDGKKJC_00035

DiscRep_SUB:FEATURE_LOCATION_CONFLICT::Coding region xref gene does not exist
plasmid_files/KP987218.1_results/PROKKA_06292018:CDS	hypothetical protein	KP987218.1:c32032-31010	NMDGKKJC_00036

DiscRep_SUB:FEATURE_LOCATION_CONFLICT::Coding region xref gene does not exist
plasmid_files/KP987218.1_results/PROKKA_06292018:CDS	DNA replication and repair protein RecF	KP987218.1:c33579-32017	NMDGKKJC_00037

DiscRep_SUB:FEATURE_LOCATION_CONFLICT::Coding region xref gene does not exist
plasmid_files/KP987218.1_results/PROKKA_06292018:CDS	tRNA(fMet)-specific endonuclease VapC	KP987218.1:c34069-33653	NMDGKKJC_00038

DiscRep_SUB:FEATURE_LOCATION_CONFLICT::Coding region xref gene does not exist
plasmid_files/KP987218.1_results/PROKKA_06292018:CDS	Antitoxin VapB	KP987218.1:c34296-34066	NMDGKKJC_00039

DiscRep_SUB:FEATURE_LOCATION_CONFLICT::Coding region xref gene does not exist
plasmid_files/KP987218.1_results/PROKKA_06292018:CDS	Antitoxin CcdA	KP987218.1:34884-35102	NMDGKKJC_00040

DiscRep_SUB:FEATURE_LOCATION_CONFLICT::Coding region xref gene does not exist
plasmid_files/KP987218.1_results/PROKKA_06292018:CDS	Toxin CcdB	KP987218.1:35104-35409	NMDGKKJC_00041

DiscRep_SUB:FEATURE_LOCATION_CONFLICT::Coding region xref gene does not exist
plasmid_files/KP987218.1_results/PROKKA_06292018:CDS	hypothetical protein	KP987218.1:35578-35973	NMDGKKJC_00042

DiscRep_SUB:FEATURE_LOCATION_CONFLICT::Coding region xref gene does not exist
plasmid_files/KP987218.1_results/PROKKA_06292018:CDS	hypothetical protein	KP987218.1:36000-36314	NMDGKKJC_00043

DiscRep_SUB:FEATURE_LOCATION_CONFLICT::Coding region xref gene does not exist
plasmid_files/KP987218.1_results/PROKKA_06292018:CDS	hypothetical protein	KP987218.1:36325-37341	NMDGKKJC_00044

DiscRep_SUB:FEATURE_LOCATION_CONFLICT::Coding region xref gene does not exist
plasmid_files/KP987218.1_results/PROKKA_06292018:CDS	hypothetical protein	KP987218.1:c37479-37336	NMDGKKJC_00045

DiscRep_SUB:FEATURE_LOCATION_CONFLICT::Coding region xref gene does not exist
plasmid_files/KP987218.1_results/PROKKA_06292018:CDS	Tyrosine recombinase XerD	KP987218.1:37539-38288	NMDGKKJC_00046

DiscRep_SUB:FEATURE_LOCATION_CONFLICT::Coding region xref gene does not exist
plasmid_files/KP987218.1_results/PROKKA_06292018:CDS	hypothetical protein	KP987218.1:c38618-38421	NMDGKKJC_00047

DiscRep_SUB:FEATURE_LOCATION_CONFLICT::Coding region xref gene does not exist
plasmid_files/KP987218.1_results/PROKKA_06292018:CDS	hypothetical protein	KP987218.1:c39092-38790	NMDGKKJC_00048

DiscRep_SUB:FEATURE_LOCATION_CONFLICT::Coding region xref gene does not exist
plasmid_files/KP987218.1_results/PROKKA_06292018:CDS	Chromosome-partitioning ATPase Soj	KP987218.1:c39715-39089	NMDGKKJC_00049

DiscRep_SUB:FEATURE_LOCATION_CONFLICT::Coding region xref gene does not exist
plasmid_files/KP987218.1_results/PROKKA_06292018:CDS	Replication protein RepA	KP987218.1:c41247-40372	NMDGKKJC_00050

DiscRep_SUB:FEATURE_LOCATION_CONFLICT::Coding region xref gene does not exist
plasmid_files/KP987218.1_results/PROKKA_06292018:CDS	Protein UmuC	KP987218.1:c42930-41659	NMDGKKJC_00051

DiscRep_SUB:FEATURE_LOCATION_CONFLICT::Coding region xref gene does not exist
plasmid_files/KP987218.1_results/PROKKA_06292018:CDS	Protein UmuD	KP987218.1:c43361-42930	NMDGKKJC_00052

DiscRep_SUB:FEATURE_LOCATION_CONFLICT::Coding region xref gene does not exist
plasmid_files/KP987218.1_results/PROKKA_06292018:CDS	Plasmid segregation protein ParM	KP987218.1:43595-44566	NMDGKKJC_00053

DiscRep_SUB:FEATURE_LOCATION_CONFLICT::Coding region xref gene does not exist
plasmid_files/KP987218.1_results/PROKKA_06292018:CDS	hypothetical protein	KP987218.1:44569-45240	NMDGKKJC_00054

DiscRep_SUB:FEATURE_LOCATION_CONFLICT::Coding region xref gene does not exist
plasmid_files/KP987218.1_results/PROKKA_06292018:CDS	hypothetical protein	KP987218.1:45303-45533	NMDGKKJC_00055

DiscRep_SUB:FEATURE_LOCATION_CONFLICT::Coding region xref gene does not exist
plasmid_files/KP987218.1_results/PROKKA_06292018:CDS	DNA adenine methyltransferase YhdJ	KP987218.1:45970-46671	NMDGKKJC_00056

DiscRep_SUB:FEATURE_LOCATION_CONFLICT::Coding region xref gene does not exist
plasmid_files/KP987218.1_results/PROKKA_06292018:CDS	hypothetical protein	KP987218.1:46671-46892	NMDGKKJC_00057

DiscRep_SUB:FEATURE_LOCATION_CONFLICT::Coding region xref gene does not exist
plasmid_files/KP987218.1_results/PROKKA_06292018:CDS	hypothetical protein	KP987218.1:46902-47321	NMDGKKJC_00058

DiscRep_SUB:FEATURE_LOCATION_CONFLICT::Coding region xref gene does not exist
plasmid_files/KP987218.1_results/PROKKA_06292018:CDS	hypothetical protein	KP987218.1:47375-48142	NMDGKKJC_00059

DiscRep_SUB:FEATURE_LOCATION_CONFLICT::Coding region xref gene does not exist
plasmid_files/KP987218.1_results/PROKKA_06292018:CDS	Antirestriction protein KlcA	KP987218.1:48823-49251	NMDGKKJC_00060

DiscRep_SUB:FEATURE_LOCATION_CONFLICT::Coding region xref gene does not exist
plasmid_files/KP987218.1_results/PROKKA_06292018:CDS	hypothetical protein	KP987218.1:49294-49800	NMDGKKJC_00061

DiscRep_SUB:FEATURE_LOCATION_CONFLICT::Coding region xref gene does not exist
plasmid_files/KP987218.1_results/PROKKA_06292018:CDS	hypothetical protein	KP987218.1:49843-50034	NMDGKKJC_00062

DiscRep_SUB:FEATURE_LOCATION_CONFLICT::Coding region xref gene does not exist
plasmid_files/KP987218.1_results/PROKKA_06292018:CDS	DNA polymerase III subunit theta	KP987218.1:50222-50476	NMDGKKJC_00063

DiscRep_SUB:FEATURE_LOCATION_CONFLICT::Coding region xref gene does not exist
plasmid_files/KP987218.1_results/PROKKA_06292018:CDS	hypothetical protein	KP987218.1:50511-50831	NMDGKKJC_00064

DiscRep_SUB:FEATURE_LOCATION_CONFLICT::Coding region xref gene does not exist
plasmid_files/KP987218.1_results/PROKKA_06292018:CDS	hypothetical protein	KP987218.1:51569-51796	NMDGKKJC_00065

DiscRep_SUB:FEATURE_LOCATION_CONFLICT::Coding region xref gene does not exist
plasmid_files/KP987218.1_results/PROKKA_06292018:CDS	hypothetical protein	KP987218.1:51888-52118	NMDGKKJC_00066

DiscRep_SUB:FEATURE_LOCATION_CONFLICT::Coding region xref gene does not exist
plasmid_files/KP987218.1_results/PROKKA_06292018:CDS	hypothetical protein	KP987218.1:52170-53525	NMDGKKJC_00067

DiscRep_SUB:FEATURE_LOCATION_CONFLICT::Coding region xref gene does not exist
plasmid_files/KP987218.1_results/PROKKA_06292018:CDS	hypothetical protein	KP987218.1:53573-54136	NMDGKKJC_00068

DiscRep_SUB:FEATURE_LOCATION_CONFLICT::Coding region xref gene does not exist
plasmid_files/KP987218.1_results/PROKKA_06292018:CDS	hypothetical protein	KP987218.1:c54351-54031	NMDGKKJC_00069

DiscRep_SUB:FEATURE_LOCATION_CONFLICT::Coding region xref gene does not exist
plasmid_files/KP987218.1_results/PROKKA_06292018:CDS	hypothetical protein	KP987218.1:54479-54655	NMDGKKJC_00070

DiscRep_SUB:FEATURE_LOCATION_CONFLICT::Coding region xref gene does not exist
plasmid_files/KP987218.1_results/PROKKA_06292018:CDS	Plasmid-derived single-stranded DNA-binding protein	KP987218.1:54967-55509	NMDGKKJC_00071

DiscRep_SUB:FEATURE_LOCATION_CONFLICT::Coding region xref gene does not exist
plasmid_files/KP987218.1_results/PROKKA_06292018:CDS	hypothetical protein	KP987218.1:55558-55806	NMDGKKJC_00072

DiscRep_SUB:FEATURE_LOCATION_CONFLICT::Coding region xref gene does not exist
plasmid_files/KP987218.1_results/PROKKA_06292018:CDS	Chromosome-partitioning protein Spo0J	KP987218.1:55876-57933	NMDGKKJC_00073

DiscRep_SUB:FEATURE_LOCATION_CONFLICT::Coding region xref gene does not exist
plasmid_files/KP987218.1_results/PROKKA_06292018:CDS	Protein PsiB	KP987218.1:57978-58409	NMDGKKJC_00074

DiscRep_SUB:FEATURE_LOCATION_CONFLICT::Coding region xref gene does not exist
plasmid_files/KP987218.1_results/PROKKA_06292018:CDS	hypothetical protein	KP987218.1:58406-59134	NMDGKKJC_00075

DiscRep_SUB:FEATURE_LOCATION_CONFLICT::Coding region xref gene does not exist
plasmid_files/KP987218.1_results/PROKKA_06292018:CDS	hypothetical protein	KP987218.1:59131-59457	NMDGKKJC_00076

DiscRep_SUB:FEATURE_LOCATION_CONFLICT::Coding region xref gene does not exist
plasmid_files/KP987218.1_results/PROKKA_06292018:CDS	hypothetical protein	KP987218.1:59513-59887	NMDGKKJC_00077

DiscRep_SUB:FEATURE_LOCATION_CONFLICT::Coding region xref gene does not exist
plasmid_files/KP987218.1_results/PROKKA_06292018:CDS	hypothetical protein	KP987218.1:c61144-60071	NMDGKKJC_00078

DiscRep_SUB:FEATURE_LOCATION_CONFLICT::Coding region xref gene does not exist
plasmid_files/KP987218.1_results/PROKKA_06292018:CDS	Stable plasmid inheritance protein	KP987218.1:61214-61372	NMDGKKJC_00079

DiscRep_SUB:FEATURE_LOCATION_CONFLICT::Coding region xref gene does not exist
plasmid_files/KP987218.1_results/PROKKA_06292018:CDS	hypothetical protein	KP987218.1:62066-62338	NMDGKKJC_00080

DiscRep_SUB:FEATURE_LOCATION_CONFLICT::Coding region xref gene does not exist
plasmid_files/KP987218.1_results/PROKKA_06292018:CDS	hypothetical protein	KP987218.1:62335-62685	NMDGKKJC_00081

DiscRep_SUB:FEATURE_LOCATION_CONFLICT::Coding region xref gene does not exist
plasmid_files/KP987218.1_results/PROKKA_06292018:CDS	hypothetical protein	KP987218.1:63317-63673	NMDGKKJC_00082

DiscRep_SUB:FEATURE_LOCATION_CONFLICT::Coding region xref gene does not exist
plasmid_files/KP987218.1_results/PROKKA_06292018:CDS	hypothetical protein	KP987218.1:63734-63946	NMDGKKJC_00083

DiscRep_SUB:FEATURE_LOCATION_CONFLICT::Coding region xref gene does not exist
plasmid_files/KP987218.1_results/PROKKA_06292018:CDS	hypothetical protein	KP987218.1:63957-64181	NMDGKKJC_00084

DiscRep_SUB:FEATURE_LOCATION_CONFLICT::Coding region xref gene does not exist
plasmid_files/KP987218.1_results/PROKKA_06292018:CDS	hypothetical protein	KP987218.1:64262-64582	NMDGKKJC_00085

DiscRep_SUB:FEATURE_LOCATION_CONFLICT::Coding region xref gene does not exist
plasmid_files/KP987218.1_results/PROKKA_06292018:CDS	Antitoxin HigA1	KP987218.1:64572-64850	NMDGKKJC_00086

DiscRep_SUB:FEATURE_LOCATION_CONFLICT::Coding region xref gene does not exist
plasmid_files/KP987218.1_results/PROKKA_06292018:CDS	Antitoxin HigA	KP987218.1:64851-65264	NMDGKKJC_00087

DiscRep_SUB:FEATURE_LOCATION_CONFLICT::Coding region xref gene does not exist
plasmid_files/KP987218.1_results/PROKKA_06292018:CDS	hypothetical protein	KP987218.1:65612-65788	NMDGKKJC_00088

DiscRep_SUB:FEATURE_LOCATION_CONFLICT::Coding region xref gene does not exist
plasmid_files/KP987218.1_results/PROKKA_06292018:CDS	hypothetical protein	KP987218.1:66094-66915	NMDGKKJC_00089

DiscRep_SUB:FEATURE_LOCATION_CONFLICT::Coding region xref gene does not exist
plasmid_files/KP987218.1_results/PROKKA_06292018:CDS	hypothetical protein	KP987218.1:c67795-67310	NMDGKKJC_00090

DiscRep_SUB:FEATURE_LOCATION_CONFLICT::Coding region xref gene does not exist
plasmid_files/KP987218.1_results/PROKKA_06292018:CDS	Relaxosome protein TraM	KP987218.1:68227-68619	NMDGKKJC_00091

DiscRep_SUB:FEATURE_LOCATION_CONFLICT::Coding region xref gene does not exist
plasmid_files/KP987218.1_results/PROKKA_06292018:CDS	Protein TraJ	KP987218.1:68849-69550	NMDGKKJC_00092

DiscRep_SUB:FEATURE_LOCATION_CONFLICT::Coding region xref gene does not exist
plasmid_files/KP987218.1_results/PROKKA_06292018:CDS	Pilin	KP987218.1:69905-70273	NMDGKKJC_00093

DiscRep_SUB:FEATURE_LOCATION_CONFLICT::Coding region xref gene does not exist
plasmid_files/KP987218.1_results/PROKKA_06292018:CDS	hypothetical protein	KP987218.1:70287-70592	NMDGKKJC_00094

DiscRep_SUB:FEATURE_LOCATION_CONFLICT::Coding region xref gene does not exist
plasmid_files/KP987218.1_results/PROKKA_06292018:CDS	hypothetical protein	KP987218.1:70612-71178	NMDGKKJC_00095

DiscRep_SUB:FEATURE_LOCATION_CONFLICT::Coding region xref gene does not exist
plasmid_files/KP987218.1_results/PROKKA_06292018:CDS	hypothetical protein	KP987218.1:71165-71905	NMDGKKJC_00096

DiscRep_SUB:FEATURE_LOCATION_CONFLICT::Coding region xref gene does not exist
plasmid_files/KP987218.1_results/PROKKA_06292018:CDS	hypothetical protein	KP987218.1:71905-73329	NMDGKKJC_00097

DiscRep_SUB:FEATURE_LOCATION_CONFLICT::Coding region xref gene does not exist
plasmid_files/KP987218.1_results/PROKKA_06292018:CDS	Protein TraV	KP987218.1:73402-73986	NMDGKKJC_00098

DiscRep_SUB:FEATURE_LOCATION_CONFLICT::Coding region xref gene does not exist
plasmid_files/KP987218.1_results/PROKKA_06292018:CDS	hypothetical protein	KP987218.1:74309-74527	NMDGKKJC_00099

DiscRep_SUB:FEATURE_LOCATION_CONFLICT::Coding region xref gene does not exist
plasmid_files/KP987218.1_results/PROKKA_06292018:CDS	hypothetical protein	KP987218.1:74528-74839	NMDGKKJC_00100

DiscRep_SUB:FEATURE_LOCATION_CONFLICT::Coding region xref gene does not exist
plasmid_files/KP987218.1_results/PROKKA_06292018:CDS	hypothetical protein	KP987218.1:74906-75310	NMDGKKJC_00101

DiscRep_SUB:FEATURE_LOCATION_CONFLICT::Coding region xref gene does not exist
plasmid_files/KP987218.1_results/PROKKA_06292018:CDS	hypothetical protein	KP987218.1:75695-76087	NMDGKKJC_00102

DiscRep_SUB:FEATURE_LOCATION_CONFLICT::Coding region xref gene does not exist
plasmid_files/KP987218.1_results/PROKKA_06292018:CDS	Protein TraC	KP987218.1:76159-78798	NMDGKKJC_00103

DiscRep_SUB:FEATURE_LOCATION_CONFLICT::Coding region xref gene does not exist
plasmid_files/KP987218.1_results/PROKKA_06292018:CDS	hypothetical protein	KP987218.1:78798-79187	NMDGKKJC_00104

DiscRep_SUB:FEATURE_LOCATION_CONFLICT::Coding region xref gene does not exist
plasmid_files/KP987218.1_results/PROKKA_06292018:CDS	hypothetical protein	KP987218.1:79187-79822	NMDGKKJC_00105

DiscRep_SUB:FEATURE_LOCATION_CONFLICT::Coding region xref gene does not exist
plasmid_files/KP987218.1_results/PROKKA_06292018:CDS	hypothetical protein	KP987218.1:79857-80258	NMDGKKJC_00106

DiscRep_SUB:FEATURE_LOCATION_CONFLICT::Coding region xref gene does not exist
plasmid_files/KP987218.1_results/PROKKA_06292018:CDS	hypothetical protein	KP987218.1:80255-81244	NMDGKKJC_00107

DiscRep_SUB:FEATURE_LOCATION_CONFLICT::Coding region xref gene does not exist
plasmid_files/KP987218.1_results/PROKKA_06292018:CDS	hypothetical protein	KP987218.1:81257-81895	NMDGKKJC_00108

DiscRep_SUB:FEATURE_LOCATION_CONFLICT::Coding region xref gene does not exist
plasmid_files/KP987218.1_results/PROKKA_06292018:CDS	hypothetical protein	KP987218.1:81954-83909	NMDGKKJC_00109

DiscRep_SUB:FEATURE_LOCATION_CONFLICT::Coding region xref gene does not exist
plasmid_files/KP987218.1_results/PROKKA_06292018:CDS	hypothetical protein	KP987218.1:83941-84195	NMDGKKJC_00110

DiscRep_SUB:FEATURE_LOCATION_CONFLICT::Coding region xref gene does not exist
plasmid_files/KP987218.1_results/PROKKA_06292018:CDS	hypothetical protein	KP987218.1:84155-84421	NMDGKKJC_00111

DiscRep_SUB:FEATURE_LOCATION_CONFLICT::Coding region xref gene does not exist
plasmid_files/KP987218.1_results/PROKKA_06292018:CDS	hypothetical protein	KP987218.1:84434-84760	NMDGKKJC_00112

DiscRep_SUB:FEATURE_LOCATION_CONFLICT::Coding region xref gene does not exist
plasmid_files/KP987218.1_results/PROKKA_06292018:CDS	hypothetical protein	KP987218.1:84781-85533	NMDGKKJC_00113

DiscRep_SUB:FEATURE_LOCATION_CONFLICT::Coding region xref gene does not exist
plasmid_files/KP987218.1_results/PROKKA_06292018:CDS	Protein TraQ	KP987218.1:85544-85783	NMDGKKJC_00114

DiscRep_SUB:FEATURE_LOCATION_CONFLICT::Coding region xref gene does not exist
plasmid_files/KP987218.1_results/PROKKA_06292018:CDS	hypothetical protein	KP987218.1:85755-86312	NMDGKKJC_00115

DiscRep_SUB:FEATURE_LOCATION_CONFLICT::Coding region xref gene does not exist
plasmid_files/KP987218.1_results/PROKKA_06292018:CDS	hypothetical protein	KP987218.1:86358-86801	NMDGKKJC_00116

DiscRep_SUB:FEATURE_LOCATION_CONFLICT::Coding region xref gene does not exist
plasmid_files/KP987218.1_results/PROKKA_06292018:CDS	hypothetical protein	KP987218.1:86791-88158	NMDGKKJC_00117

DiscRep_SUB:FEATURE_LOCATION_CONFLICT::Coding region xref gene does not exist
plasmid_files/KP987218.1_results/PROKKA_06292018:CDS	hypothetical protein	KP987218.1:88158-91007	NMDGKKJC_00118

DiscRep_SUB:FEATURE_LOCATION_CONFLICT::Coding region xref gene does not exist
plasmid_files/KP987218.1_results/PROKKA_06292018:CDS	Protein TraS	KP987218.1:91010-91543	NMDGKKJC_00119

DiscRep_SUB:FEATURE_LOCATION_CONFLICT::Coding region xref gene does not exist
plasmid_files/KP987218.1_results/PROKKA_06292018:CDS	Lipoprotein YlpA	KP987218.1:91729-92460	NMDGKKJC_00120

DiscRep_SUB:FEATURE_LOCATION_CONFLICT::Coding region xref gene does not exist
plasmid_files/KP987218.1_results/PROKKA_06292018:CDS	hypothetical protein	KP987218.1:92653-93342	NMDGKKJC_00121

DiscRep_SUB:FEATURE_LOCATION_CONFLICT::Coding region xref gene does not exist
plasmid_files/KP987218.1_results/PROKKA_06292018:CDS	Coupling protein TraD	KP987218.1:93471-95783	NMDGKKJC_00122

DiscRep_SUB:FEATURE_LOCATION_CONFLICT::Coding region xref gene does not exist
plasmid_files/KP987218.1_results/PROKKA_06292018:CDS	Multifunctional conjugation protein TraI	KP987218.1:95783-96028	NMDGKKJC_00123

DiscRep_SUB:FEATURE_LOCATION_CONFLICT::Coding region xref gene does not exist
plasmid_files/KP987218.1_results/PROKKA_06292018:CDS	Multifunctional conjugation protein TraI	KP987218.1:96063-101045	NMDGKKJC_00124

DiscRep_SUB:FEATURE_LOCATION_CONFLICT::Coding region xref gene does not exist
plasmid_files/KP987218.1_results/PROKKA_06292018:CDS	hypothetical protein	KP987218.1:101089-101814	NMDGKKJC_00125

DiscRep_SUB:FEATURE_LOCATION_CONFLICT::Coding region xref gene does not exist
plasmid_files/KP987218.1_results/PROKKA_06292018:CDS	Fertility inhibition protein	KP987218.1:101886-102479	NMDGKKJC_00126

DiscRep_SUB:FEATURE_LOCATION_CONFLICT::Coding region xref gene does not exist
plasmid_files/KP987218.1_results/PROKKA_06292018:CDS	hypothetical protein	KP987218.1:103021-103242	NMDGKKJC_00127

DiscRep_SUB:FEATURE_LOCATION_CONFLICT::Coding region xref gene does not exist
plasmid_files/KP987218.1_results/PROKKA_06292018:CDS	hypothetical protein	KP987218.1:103292-103936	NMDGKKJC_00128

DiscRep_SUB:FEATURE_LOCATION_CONFLICT::Coding region xref gene does not exist
plasmid_files/KP987218.1_results/PROKKA_06292018:CDS	hypothetical protein	KP987218.1:103992-104642	NMDGKKJC_00129

DiscRep_SUB:FEATURE_LOCATION_CONFLICT::Coding region xref gene does not exist
plasmid_files/KP987218.1_results/PROKKA_06292018:CDS	hypothetical protein	KP987218.1:104639-104947	NMDGKKJC_00130

DiscRep_ALL:DISC_QUALITY_SCORES::Quality scores are missing on all sequences.

DiscRep_ALL:ONCALLER_COMMENT_PRESENT::1 comment descriptors were found (all same)
plasmid_files/KP987218.1_results/PROKKA_06292018:KP987218.1:Annotated using prokka 1.14-dev from https://github.com/tseemann/prokka

DiscRep_ALL:SHORT_PROT_SEQUENCES::1 protein sequences are shorter than 50 aa.
plasmid_files/KP987218.1_results/PROKKA_06292018:KP987218.1_45 (length 47)

DiscRep_ALL:MISSING_GENOMEASSEMBLY_COMMENTS::1 bioseqs are missing GenomeAssembly structured comments
plasmid_files/KP987218.1_results/PROKKA_06292018:KP987218.1 (length 105008)

DiscRep_ALL:MOLTYPE_NOT_MRNA::1 molecule types are not set as mRNA.
plasmid_files/KP987218.1_results/PROKKA_06292018:KP987218.1 (length 105008)

DiscRep_ALL:TECHNIQUE_NOT_TSA::1 technique are not set as TSA
plasmid_files/KP987218.1_results/PROKKA_06292018:KP987218.1 (length 105008)

DiscRep_ALL:MISSING_STRUCTURED_COMMENT::1 sequences do not include structured comments.
plasmid_files/KP987218.1_results/PROKKA_06292018:KP987218.1 (length 105008)

DiscRep_ALL:MISSING_PROJECT::131 sequences do not include project.
plasmid_files/KP987218.1_results/PROKKA_06292018:KP987218.1 (length 105008)
plasmid_files/KP987218.1_results/PROKKA_06292018:KP987218.1_1 (length 186)
plasmid_files/KP987218.1_results/PROKKA_06292018:KP987218.1_2 (length 85)
plasmid_files/KP987218.1_results/PROKKA_06292018:KP987218.1_3 (length 287)
plasmid_files/KP987218.1_results/PROKKA_06292018:KP987218.1_4 (length 413)
plasmid_files/KP987218.1_results/PROKKA_06292018:KP987218.1_5 (length 297)
plasmid_files/KP987218.1_results/PROKKA_06292018:KP987218.1_6 (length 665)
plasmid_files/KP987218.1_results/PROKKA_06292018:KP987218.1_7 (length 303)
plasmid_files/KP987218.1_results/PROKKA_06292018:KP987218.1_8 (length 110)
plasmid_files/KP987218.1_results/PROKKA_06292018:KP987218.1_9 (length 167)
plasmid_files/KP987218.1_results/PROKKA_06292018:KP987218.1_10 (length 104)
plasmid_files/KP987218.1_results/PROKKA_06292018:KP987218.1_11 (length 157)
plasmid_files/KP987218.1_results/PROKKA_06292018:KP987218.1_12 (length 64)
plasmid_files/KP987218.1_results/PROKKA_06292018:KP987218.1_13 (length 988)
plasmid_files/KP987218.1_results/PROKKA_06292018:KP987218.1_14 (length 186)
plasmid_files/KP987218.1_results/PROKKA_06292018:KP987218.1_15 (length 186)
plasmid_files/KP987218.1_results/PROKKA_06292018:KP987218.1_16 (length 92)
plasmid_files/KP987218.1_results/PROKKA_06292018:KP987218.1_17 (length 141)
plasmid_files/KP987218.1_results/PROKKA_06292018:KP987218.1_18 (length 51)
plasmid_files/KP987218.1_results/PROKKA_06292018:KP987218.1_19 (length 98)
plasmid_files/KP987218.1_results/PROKKA_06292018:KP987218.1_20 (length 326)
plasmid_files/KP987218.1_results/PROKKA_06292018:KP987218.1_21 (length 293)
plasmid_files/KP987218.1_results/PROKKA_06292018:KP987218.1_22 (length 326)
plasmid_files/KP987218.1_results/PROKKA_06292018:KP987218.1_23 (length 133)
plasmid_files/KP987218.1_results/PROKKA_06292018:KP987218.1_24 (length 234)
plasmid_files/KP987218.1_results/PROKKA_06292018:KP987218.1_25 (length 422)
plasmid_files/KP987218.1_results/PROKKA_06292018:KP987218.1_26 (length 235)
plasmid_files/KP987218.1_results/PROKKA_06292018:KP987218.1_27 (length 78)
plasmid_files/KP987218.1_results/PROKKA_06292018:KP987218.1_28 (length 691)
plasmid_files/KP987218.1_results/PROKKA_06292018:KP987218.1_29 (length 153)
plasmid_files/KP987218.1_results/PROKKA_06292018:KP987218.1_30 (length 91)
plasmid_files/KP987218.1_results/PROKKA_06292018:KP987218.1_31 (length 116)
plasmid_files/KP987218.1_results/PROKKA_06292018:KP987218.1_32 (length 144)
plasmid_files/KP987218.1_results/PROKKA_06292018:KP987218.1_33 (length 334)
plasmid_files/KP987218.1_results/PROKKA_06292018:KP987218.1_34 (length 126)
plasmid_files/KP987218.1_results/PROKKA_06292018:KP987218.1_35 (length 125)
plasmid_files/KP987218.1_results/PROKKA_06292018:KP987218.1_36 (length 340)
plasmid_files/KP987218.1_results/PROKKA_06292018:KP987218.1_37 (length 520)
plasmid_files/KP987218.1_results/PROKKA_06292018:KP987218.1_38 (length 138)
plasmid_files/KP987218.1_results/PROKKA_06292018:KP987218.1_39 (length 76)
plasmid_files/KP987218.1_results/PROKKA_06292018:KP987218.1_40 (length 72)
plasmid_files/KP987218.1_results/PROKKA_06292018:KP987218.1_41 (length 101)
plasmid_files/KP987218.1_results/PROKKA_06292018:KP987218.1_42 (length 131)
plasmid_files/KP987218.1_results/PROKKA_06292018:KP987218.1_43 (length 104)
plasmid_files/KP987218.1_results/PROKKA_06292018:KP987218.1_44 (length 338)
plasmid_files/KP987218.1_results/PROKKA_06292018:KP987218.1_45 (length 47)
plasmid_files/KP987218.1_results/PROKKA_06292018:KP987218.1_46 (length 249)
plasmid_files/KP987218.1_results/PROKKA_06292018:KP987218.1_47 (length 65)
plasmid_files/KP987218.1_results/PROKKA_06292018:KP987218.1_48 (length 100)
plasmid_files/KP987218.1_results/PROKKA_06292018:KP987218.1_49 (length 208)
plasmid_files/KP987218.1_results/PROKKA_06292018:KP987218.1_50 (length 291)
plasmid_files/KP987218.1_results/PROKKA_06292018:KP987218.1_51 (length 423)
plasmid_files/KP987218.1_results/PROKKA_06292018:KP987218.1_52 (length 143)
plasmid_files/KP987218.1_results/PROKKA_06292018:KP987218.1_53 (length 323)
plasmid_files/KP987218.1_results/PROKKA_06292018:KP987218.1_54 (length 223)
plasmid_files/KP987218.1_results/PROKKA_06292018:KP987218.1_55 (length 76)
plasmid_files/KP987218.1_results/PROKKA_06292018:KP987218.1_56 (length 233)
plasmid_files/KP987218.1_results/PROKKA_06292018:KP987218.1_57 (length 73)
plasmid_files/KP987218.1_results/PROKKA_06292018:KP987218.1_58 (length 139)
plasmid_files/KP987218.1_results/PROKKA_06292018:KP987218.1_59 (length 255)
plasmid_files/KP987218.1_results/PROKKA_06292018:KP987218.1_60 (length 142)
plasmid_files/KP987218.1_results/PROKKA_06292018:KP987218.1_61 (length 168)
plasmid_files/KP987218.1_results/PROKKA_06292018:KP987218.1_62 (length 63)
plasmid_files/KP987218.1_results/PROKKA_06292018:KP987218.1_63 (length 84)
plasmid_files/KP987218.1_results/PROKKA_06292018:KP987218.1_64 (length 106)
plasmid_files/KP987218.1_results/PROKKA_06292018:KP987218.1_65 (length 75)
plasmid_files/KP987218.1_results/PROKKA_06292018:KP987218.1_66 (length 76)
plasmid_files/KP987218.1_results/PROKKA_06292018:KP987218.1_67 (length 451)
plasmid_files/KP987218.1_results/PROKKA_06292018:KP987218.1_68 (length 187)
plasmid_files/KP987218.1_results/PROKKA_06292018:KP987218.1_69 (length 106)
plasmid_files/KP987218.1_results/PROKKA_06292018:KP987218.1_70 (length 58)
plasmid_files/KP987218.1_results/PROKKA_06292018:KP987218.1_71 (length 180)
plasmid_files/KP987218.1_results/PROKKA_06292018:KP987218.1_72 (length 82)
plasmid_files/KP987218.1_results/PROKKA_06292018:KP987218.1_73 (length 685)
plasmid_files/KP987218.1_results/PROKKA_06292018:KP987218.1_74 (length 143)
plasmid_files/KP987218.1_results/PROKKA_06292018:KP987218.1_75 (length 242)
plasmid_files/KP987218.1_results/PROKKA_06292018:KP987218.1_76 (length 108)
plasmid_files/KP987218.1_results/PROKKA_06292018:KP987218.1_77 (length 124)
plasmid_files/KP987218.1_results/PROKKA_06292018:KP987218.1_78 (length 357)
plasmid_files/KP987218.1_results/PROKKA_06292018:KP987218.1_79 (length 52)
plasmid_files/KP987218.1_results/PROKKA_06292018:KP987218.1_80 (length 90)
plasmid_files/KP987218.1_results/PROKKA_06292018:KP987218.1_81 (length 116)
plasmid_files/KP987218.1_results/PROKKA_06292018:KP987218.1_82 (length 118)
plasmid_files/KP987218.1_results/PROKKA_06292018:KP987218.1_83 (length 70)
plasmid_files/KP987218.1_results/PROKKA_06292018:KP987218.1_84 (length 74)
plasmid_files/KP987218.1_results/PROKKA_06292018:KP987218.1_85 (length 106)
plasmid_files/KP987218.1_results/PROKKA_06292018:KP987218.1_86 (length 92)
plasmid_files/KP987218.1_results/PROKKA_06292018:KP987218.1_87 (length 137)
plasmid_files/KP987218.1_results/PROKKA_06292018:KP987218.1_88 (length 58)
plasmid_files/KP987218.1_results/PROKKA_06292018:KP987218.1_89 (length 273)
plasmid_files/KP987218.1_results/PROKKA_06292018:KP987218.1_90 (length 161)
plasmid_files/KP987218.1_results/PROKKA_06292018:KP987218.1_91 (length 130)
plasmid_files/KP987218.1_results/PROKKA_06292018:KP987218.1_92 (length 233)
plasmid_files/KP987218.1_results/PROKKA_06292018:KP987218.1_93 (length 122)
plasmid_files/KP987218.1_results/PROKKA_06292018:KP987218.1_94 (length 101)
plasmid_files/KP987218.1_results/PROKKA_06292018:KP987218.1_95 (length 188)
plasmid_files/KP987218.1_results/PROKKA_06292018:KP987218.1_96 (length 246)
plasmid_files/KP987218.1_results/PROKKA_06292018:KP987218.1_97 (length 474)
plasmid_files/KP987218.1_results/PROKKA_06292018:KP987218.1_98 (length 194)
plasmid_files/KP987218.1_results/PROKKA_06292018:KP987218.1_99 (length 72)
plasmid_files/KP987218.1_results/PROKKA_06292018:KP987218.1_100 (length 103)
plasmid_files/KP987218.1_results/PROKKA_06292018:KP987218.1_101 (length 134)
plasmid_files/KP987218.1_results/PROKKA_06292018:KP987218.1_102 (length 130)
plasmid_files/KP987218.1_results/PROKKA_06292018:KP987218.1_103 (length 879)
plasmid_files/KP987218.1_results/PROKKA_06292018:KP987218.1_104 (length 129)
plasmid_files/KP987218.1_results/PROKKA_06292018:KP987218.1_105 (length 211)
plasmid_files/KP987218.1_results/PROKKA_06292018:KP987218.1_106 (length 133)
plasmid_files/KP987218.1_results/PROKKA_06292018:KP987218.1_107 (length 329)
plasmid_files/KP987218.1_results/PROKKA_06292018:KP987218.1_108 (length 212)
plasmid_files/KP987218.1_results/PROKKA_06292018:KP987218.1_109 (length 651)
plasmid_files/KP987218.1_results/PROKKA_06292018:KP987218.1_110 (length 84)
plasmid_files/KP987218.1_results/PROKKA_06292018:KP987218.1_111 (length 88)
plasmid_files/KP987218.1_results/PROKKA_06292018:KP987218.1_112 (length 108)
plasmid_files/KP987218.1_results/PROKKA_06292018:KP987218.1_113 (length 250)
plasmid_files/KP987218.1_results/PROKKA_06292018:KP987218.1_114 (length 79)
plasmid_files/KP987218.1_results/PROKKA_06292018:KP987218.1_115 (length 185)
plasmid_files/KP987218.1_results/PROKKA_06292018:KP987218.1_116 (length 147)
plasmid_files/KP987218.1_results/PROKKA_06292018:KP987218.1_117 (length 455)
plasmid_files/KP987218.1_results/PROKKA_06292018:KP987218.1_118 (length 949)
plasmid_files/KP987218.1_results/PROKKA_06292018:KP987218.1_119 (length 177)
plasmid_files/KP987218.1_results/PROKKA_06292018:KP987218.1_120 (length 243)
plasmid_files/KP987218.1_results/PROKKA_06292018:KP987218.1_121 (length 229)
plasmid_files/KP987218.1_results/PROKKA_06292018:KP987218.1_122 (length 770)
plasmid_files/KP987218.1_results/PROKKA_06292018:KP987218.1_123 (length 81)
plasmid_files/KP987218.1_results/PROKKA_06292018:KP987218.1_124 (length 1660)
plasmid_files/KP987218.1_results/PROKKA_06292018:KP987218.1_125 (length 241)
plasmid_files/KP987218.1_results/PROKKA_06292018:KP987218.1_126 (length 197)
plasmid_files/KP987218.1_results/PROKKA_06292018:KP987218.1_127 (length 73)
plasmid_files/KP987218.1_results/PROKKA_06292018:KP987218.1_128 (length 214)
plasmid_files/KP987218.1_results/PROKKA_06292018:KP987218.1_129 (length 216)
plasmid_files/KP987218.1_results/PROKKA_06292018:KP987218.1_130 (length 102)

DiscRep_ALL:DISC_INCONSISTENT_MOLINFO_TECH::Molinfo Technique Report (some missing, all same)
DiscRep_SUB:DISC_INCONSISTENT_MOLINFO_TECH::technique (all missing)
DiscRep_SUB:DISC_INCONSISTENT_MOLINFO_TECH::1 Molinfos are missing field technique
plasmid_files/KP987218.1_results/PROKKA_06292018:KP987218.1 (length 105008)

