Discrepancy Report Results

Summary
FATAL: MISSING_PROTEIN_ID:91 proteins have invalid IDs.
DISC_SOURCE_QUALS_ASNDISC:strain (all present, all unique)
DISC_SOURCE_QUALS_ASNDISC:taxname (all present, all unique)
DISC_FEATURE_COUNT:CDS: 91 present
DISC_COUNT_NUCLEOTIDES:1 nucleotide Bioseqs are present
FEATURE_LOCATION_CONFLICT:91 features have inconsistent gene locations.
OVERLAPPING_CDS:2 coding regions overlap another coding region with a similar or identical name.
DISC_QUALITY_SCORES:Quality scores are missing on all sequences.
ONCALLER_COMMENT_PRESENT:1 comment descriptors were found (all same)
SHORT_PROT_SEQUENCES:6 protein sequences are shorter than 50 aa.
MISSING_GENOMEASSEMBLY_COMMENTS:1 bioseqs are missing GenomeAssembly structured comments
MOLTYPE_NOT_MRNA:1 molecule types are not set as mRNA.
TECHNIQUE_NOT_TSA:1 technique are not set as TSA
MISSING_STRUCTURED_COMMENT:1 sequences do not include structured comments.
MISSING_PROJECT:92 sequences do not include project.
DISC_INCONSISTENT_MOLINFO_TECH:Molinfo Technique Report (some missing, all same)


Detailed Report

FATAL: DiscRep_ALL:MISSING_PROTEIN_ID::91 proteins have invalid IDs.
plasmid_files/MG700548.1_results/PROKKA_06292018:MG700548.1_1 (length 159)
plasmid_files/MG700548.1_results/PROKKA_06292018:MG700548.1_2 (length 130)
plasmid_files/MG700548.1_results/PROKKA_06292018:MG700548.1_3 (length 138)
plasmid_files/MG700548.1_results/PROKKA_06292018:MG700548.1_4 (length 91)
plasmid_files/MG700548.1_results/PROKKA_06292018:MG700548.1_5 (length 79)
plasmid_files/MG700548.1_results/PROKKA_06292018:MG700548.1_6 (length 85)
plasmid_files/MG700548.1_results/PROKKA_06292018:MG700548.1_7 (length 110)
plasmid_files/MG700548.1_results/PROKKA_06292018:MG700548.1_8 (length 114)
plasmid_files/MG700548.1_results/PROKKA_06292018:MG700548.1_9 (length 62)
plasmid_files/MG700548.1_results/PROKKA_06292018:MG700548.1_10 (length 73)
plasmid_files/MG700548.1_results/PROKKA_06292018:MG700548.1_11 (length 111)
plasmid_files/MG700548.1_results/PROKKA_06292018:MG700548.1_12 (length 90)
plasmid_files/MG700548.1_results/PROKKA_06292018:MG700548.1_13 (length 88)
plasmid_files/MG700548.1_results/PROKKA_06292018:MG700548.1_14 (length 92)
plasmid_files/MG700548.1_results/PROKKA_06292018:MG700548.1_15 (length 96)
plasmid_files/MG700548.1_results/PROKKA_06292018:MG700548.1_16 (length 138)
plasmid_files/MG700548.1_results/PROKKA_06292018:MG700548.1_17 (length 77)
plasmid_files/MG700548.1_results/PROKKA_06292018:MG700548.1_18 (length 115)
plasmid_files/MG700548.1_results/PROKKA_06292018:MG700548.1_19 (length 98)
plasmid_files/MG700548.1_results/PROKKA_06292018:MG700548.1_20 (length 104)
plasmid_files/MG700548.1_results/PROKKA_06292018:MG700548.1_21 (length 97)
plasmid_files/MG700548.1_results/PROKKA_06292018:MG700548.1_22 (length 428)
plasmid_files/MG700548.1_results/PROKKA_06292018:MG700548.1_23 (length 111)
plasmid_files/MG700548.1_results/PROKKA_06292018:MG700548.1_24 (length 79)
plasmid_files/MG700548.1_results/PROKKA_06292018:MG700548.1_25 (length 57)
plasmid_files/MG700548.1_results/PROKKA_06292018:MG700548.1_26 (length 51)
plasmid_files/MG700548.1_results/PROKKA_06292018:MG700548.1_27 (length 42)
plasmid_files/MG700548.1_results/PROKKA_06292018:MG700548.1_28 (length 87)
plasmid_files/MG700548.1_results/PROKKA_06292018:MG700548.1_29 (length 174)
plasmid_files/MG700548.1_results/PROKKA_06292018:MG700548.1_30 (length 61)
plasmid_files/MG700548.1_results/PROKKA_06292018:MG700548.1_31 (length 567)
plasmid_files/MG700548.1_results/PROKKA_06292018:MG700548.1_32 (length 150)
plasmid_files/MG700548.1_results/PROKKA_06292018:MG700548.1_33 (length 73)
plasmid_files/MG700548.1_results/PROKKA_06292018:MG700548.1_34 (length 67)
plasmid_files/MG700548.1_results/PROKKA_06292018:MG700548.1_35 (length 95)
plasmid_files/MG700548.1_results/PROKKA_06292018:MG700548.1_36 (length 99)
plasmid_files/MG700548.1_results/PROKKA_06292018:MG700548.1_37 (length 139)
plasmid_files/MG700548.1_results/PROKKA_06292018:MG700548.1_38 (length 118)
plasmid_files/MG700548.1_results/PROKKA_06292018:MG700548.1_39 (length 200)
plasmid_files/MG700548.1_results/PROKKA_06292018:MG700548.1_40 (length 72)
plasmid_files/MG700548.1_results/PROKKA_06292018:MG700548.1_41 (length 124)
plasmid_files/MG700548.1_results/PROKKA_06292018:MG700548.1_42 (length 91)
plasmid_files/MG700548.1_results/PROKKA_06292018:MG700548.1_43 (length 289)
plasmid_files/MG700548.1_results/PROKKA_06292018:MG700548.1_44 (length 92)
plasmid_files/MG700548.1_results/PROKKA_06292018:MG700548.1_45 (length 162)
plasmid_files/MG700548.1_results/PROKKA_06292018:MG700548.1_46 (length 146)
plasmid_files/MG700548.1_results/PROKKA_06292018:MG700548.1_47 (length 287)
plasmid_files/MG700548.1_results/PROKKA_06292018:MG700548.1_48 (length 73)
plasmid_files/MG700548.1_results/PROKKA_06292018:MG700548.1_49 (length 123)
plasmid_files/MG700548.1_results/PROKKA_06292018:MG700548.1_50 (length 133)
plasmid_files/MG700548.1_results/PROKKA_06292018:MG700548.1_51 (length 141)
plasmid_files/MG700548.1_results/PROKKA_06292018:MG700548.1_52 (length 150)
plasmid_files/MG700548.1_results/PROKKA_06292018:MG700548.1_53 (length 142)
plasmid_files/MG700548.1_results/PROKKA_06292018:MG700548.1_54 (length 88)
plasmid_files/MG700548.1_results/PROKKA_06292018:MG700548.1_55 (length 125)
plasmid_files/MG700548.1_results/PROKKA_06292018:MG700548.1_56 (length 83)
plasmid_files/MG700548.1_results/PROKKA_06292018:MG700548.1_57 (length 163)
plasmid_files/MG700548.1_results/PROKKA_06292018:MG700548.1_58 (length 213)
plasmid_files/MG700548.1_results/PROKKA_06292018:MG700548.1_59 (length 108)
plasmid_files/MG700548.1_results/PROKKA_06292018:MG700548.1_60 (length 107)
plasmid_files/MG700548.1_results/PROKKA_06292018:MG700548.1_61 (length 93)
plasmid_files/MG700548.1_results/PROKKA_06292018:MG700548.1_62 (length 38)
plasmid_files/MG700548.1_results/PROKKA_06292018:MG700548.1_63 (length 162)
plasmid_files/MG700548.1_results/PROKKA_06292018:MG700548.1_64 (length 136)
plasmid_files/MG700548.1_results/PROKKA_06292018:MG700548.1_65 (length 34)
plasmid_files/MG700548.1_results/PROKKA_06292018:MG700548.1_66 (length 72)
plasmid_files/MG700548.1_results/PROKKA_06292018:MG700548.1_67 (length 101)
plasmid_files/MG700548.1_results/PROKKA_06292018:MG700548.1_68 (length 61)
plasmid_files/MG700548.1_results/PROKKA_06292018:MG700548.1_69 (length 104)
plasmid_files/MG700548.1_results/PROKKA_06292018:MG700548.1_70 (length 69)
plasmid_files/MG700548.1_results/PROKKA_06292018:MG700548.1_71 (length 174)
plasmid_files/MG700548.1_results/PROKKA_06292018:MG700548.1_72 (length 71)
plasmid_files/MG700548.1_results/PROKKA_06292018:MG700548.1_73 (length 77)
plasmid_files/MG700548.1_results/PROKKA_06292018:MG700548.1_74 (length 165)
plasmid_files/MG700548.1_results/PROKKA_06292018:MG700548.1_75 (length 118)
plasmid_files/MG700548.1_results/PROKKA_06292018:MG700548.1_76 (length 48)
plasmid_files/MG700548.1_results/PROKKA_06292018:MG700548.1_77 (length 97)
plasmid_files/MG700548.1_results/PROKKA_06292018:MG700548.1_78 (length 44)
plasmid_files/MG700548.1_results/PROKKA_06292018:MG700548.1_79 (length 82)
plasmid_files/MG700548.1_results/PROKKA_06292018:MG700548.1_80 (length 132)
plasmid_files/MG700548.1_results/PROKKA_06292018:MG700548.1_81 (length 123)
plasmid_files/MG700548.1_results/PROKKA_06292018:MG700548.1_82 (length 52)
plasmid_files/MG700548.1_results/PROKKA_06292018:MG700548.1_83 (length 112)
plasmid_files/MG700548.1_results/PROKKA_06292018:MG700548.1_84 (length 68)
plasmid_files/MG700548.1_results/PROKKA_06292018:MG700548.1_85 (length 166)
plasmid_files/MG700548.1_results/PROKKA_06292018:MG700548.1_86 (length 44)
plasmid_files/MG700548.1_results/PROKKA_06292018:MG700548.1_87 (length 110)
plasmid_files/MG700548.1_results/PROKKA_06292018:MG700548.1_88 (length 119)
plasmid_files/MG700548.1_results/PROKKA_06292018:MG700548.1_89 (length 142)
plasmid_files/MG700548.1_results/PROKKA_06292018:MG700548.1_90 (length 95)
plasmid_files/MG700548.1_results/PROKKA_06292018:MG700548.1_91 (length 82)

DiscRep_ALL:DISC_SOURCE_QUALS_ASNDISC::strain (all present, all unique)
DiscRep_SUB:DISC_SOURCE_QUALS_ASNDISC::1 sources have unique values for strain
DiscRep_ALL:DISC_SOURCE_QUALS_ASNDISC::taxname (all present, all unique)
DiscRep_SUB:DISC_SOURCE_QUALS_ASNDISC::1 sources have unique values for taxname
DiscRep_ALL:DISC_FEATURE_COUNT::CDS: 91 present
DiscRep_ALL:DISC_COUNT_NUCLEOTIDES::1 nucleotide Bioseqs are present
plasmid_files/MG700548.1_results/PROKKA_06292018:MG700548.1 (length 111335)

DiscRep_ALL:FEATURE_LOCATION_CONFLICT::91 features have inconsistent gene locations.
DiscRep_SUB:FEATURE_LOCATION_CONFLICT::Coding region xref gene does not exist
plasmid_files/MG700548.1_results/PROKKA_06292018:CDS	Coupling protein TraD	MG700548.1:2032-2511	ILMFDEPC_00001

DiscRep_SUB:FEATURE_LOCATION_CONFLICT::Coding region xref gene does not exist
plasmid_files/MG700548.1_results/PROKKA_06292018:CDS	Coupling protein TraD	MG700548.1:2861-3253	ILMFDEPC_00002

DiscRep_SUB:FEATURE_LOCATION_CONFLICT::Coding region xref gene does not exist
plasmid_files/MG700548.1_results/PROKKA_06292018:CDS	hypothetical protein	MG700548.1:c4354-3938	ILMFDEPC_00003

DiscRep_SUB:FEATURE_LOCATION_CONFLICT::Coding region xref gene does not exist
plasmid_files/MG700548.1_results/PROKKA_06292018:CDS	Multifunctional conjugation protein TraI	MG700548.1:4769-5044	ILMFDEPC_00004

DiscRep_SUB:FEATURE_LOCATION_CONFLICT::Coding region xref gene does not exist
plasmid_files/MG700548.1_results/PROKKA_06292018:CDS	Multifunctional conjugation protein TraI	MG700548.1:5041-5280	ILMFDEPC_00005

DiscRep_SUB:FEATURE_LOCATION_CONFLICT::Coding region xref gene does not exist
plasmid_files/MG700548.1_results/PROKKA_06292018:CDS	Multifunctional conjugation protein TraI	MG700548.1:5750-6007	ILMFDEPC_00006

DiscRep_SUB:FEATURE_LOCATION_CONFLICT::Coding region xref gene does not exist
plasmid_files/MG700548.1_results/PROKKA_06292018:CDS	hypothetical protein	MG700548.1:c6858-6526	ILMFDEPC_00007

DiscRep_SUB:FEATURE_LOCATION_CONFLICT::Coding region xref gene does not exist
plasmid_files/MG700548.1_results/PROKKA_06292018:CDS	Multifunctional conjugation protein TraI	MG700548.1:7359-7703	ILMFDEPC_00008

DiscRep_SUB:FEATURE_LOCATION_CONFLICT::Coding region xref gene does not exist
plasmid_files/MG700548.1_results/PROKKA_06292018:CDS	Multifunctional conjugation protein TraI	MG700548.1:7919-8107	ILMFDEPC_00009

DiscRep_SUB:FEATURE_LOCATION_CONFLICT::Coding region xref gene does not exist
plasmid_files/MG700548.1_results/PROKKA_06292018:CDS	hypothetical protein	MG700548.1:8484-8705	ILMFDEPC_00010

DiscRep_SUB:FEATURE_LOCATION_CONFLICT::Coding region xref gene does not exist
plasmid_files/MG700548.1_results/PROKKA_06292018:CDS	Multifunctional conjugation protein TraI	MG700548.1:8731-9066	ILMFDEPC_00011

DiscRep_SUB:FEATURE_LOCATION_CONFLICT::Coding region xref gene does not exist
plasmid_files/MG700548.1_results/PROKKA_06292018:CDS	hypothetical protein	MG700548.1:9089-9361	ILMFDEPC_00012

DiscRep_SUB:FEATURE_LOCATION_CONFLICT::Coding region xref gene does not exist
plasmid_files/MG700548.1_results/PROKKA_06292018:CDS	hypothetical protein	MG700548.1:c10367-10101	ILMFDEPC_00013

DiscRep_SUB:FEATURE_LOCATION_CONFLICT::Coding region xref gene does not exist
plasmid_files/MG700548.1_results/PROKKA_06292018:CDS	hypothetical protein	MG700548.1:11090-11368	ILMFDEPC_00014

DiscRep_SUB:FEATURE_LOCATION_CONFLICT::Coding region xref gene does not exist
plasmid_files/MG700548.1_results/PROKKA_06292018:CDS	hypothetical protein	MG700548.1:13487-13777	ILMFDEPC_00015

DiscRep_SUB:FEATURE_LOCATION_CONFLICT::Coding region xref gene does not exist
plasmid_files/MG700548.1_results/PROKKA_06292018:CDS	hypothetical protein	MG700548.1:14604-15020	ILMFDEPC_00016

DiscRep_SUB:FEATURE_LOCATION_CONFLICT::Coding region xref gene does not exist
plasmid_files/MG700548.1_results/PROKKA_06292018:CDS	hypothetical protein	MG700548.1:c18016-17783	ILMFDEPC_00017

DiscRep_SUB:FEATURE_LOCATION_CONFLICT::Coding region xref gene does not exist
plasmid_files/MG700548.1_results/PROKKA_06292018:CDS	hypothetical protein	MG700548.1:c19800-19453	ILMFDEPC_00018

DiscRep_SUB:FEATURE_LOCATION_CONFLICT::Coding region xref gene does not exist
plasmid_files/MG700548.1_results/PROKKA_06292018:CDS	hypothetical protein	MG700548.1:20765-21061	ILMFDEPC_00019

DiscRep_SUB:FEATURE_LOCATION_CONFLICT::Coding region xref gene does not exist
plasmid_files/MG700548.1_results/PROKKA_06292018:CDS	hypothetical protein	MG700548.1:21369-21683	ILMFDEPC_00020

DiscRep_SUB:FEATURE_LOCATION_CONFLICT::Coding region xref gene does not exist
plasmid_files/MG700548.1_results/PROKKA_06292018:CDS	hypothetical protein	MG700548.1:22477-22770	ILMFDEPC_00021

DiscRep_SUB:FEATURE_LOCATION_CONFLICT::Coding region xref gene does not exist
plasmid_files/MG700548.1_results/PROKKA_06292018:CDS	hypothetical protein	MG700548.1:22724-24010	ILMFDEPC_00022

DiscRep_SUB:FEATURE_LOCATION_CONFLICT::Coding region xref gene does not exist
plasmid_files/MG700548.1_results/PROKKA_06292018:CDS	hypothetical protein	MG700548.1:c24629-24294	ILMFDEPC_00023

DiscRep_SUB:FEATURE_LOCATION_CONFLICT::Coding region xref gene does not exist
plasmid_files/MG700548.1_results/PROKKA_06292018:CDS	hypothetical protein	MG700548.1:24929-25168	ILMFDEPC_00024

DiscRep_SUB:FEATURE_LOCATION_CONFLICT::Coding region xref gene does not exist
plasmid_files/MG700548.1_results/PROKKA_06292018:CDS	hypothetical protein	MG700548.1:25131-25304	ILMFDEPC_00025

DiscRep_SUB:FEATURE_LOCATION_CONFLICT::Coding region xref gene does not exist
plasmid_files/MG700548.1_results/PROKKA_06292018:CDS	Insertion sequence IS5376 putative ATP-binding protein	MG700548.1:25636-25791	ILMFDEPC_00026

DiscRep_SUB:FEATURE_LOCATION_CONFLICT::Coding region xref gene does not exist
plasmid_files/MG700548.1_results/PROKKA_06292018:CDS	Carbapenem-hydrolyzing beta-lactamase KPC	MG700548.1:26797-26925	ILMFDEPC_00027

DiscRep_SUB:FEATURE_LOCATION_CONFLICT::Coding region xref gene does not exist
plasmid_files/MG700548.1_results/PROKKA_06292018:CDS	hypothetical protein	MG700548.1:27810-28073	ILMFDEPC_00028

DiscRep_SUB:FEATURE_LOCATION_CONFLICT::Coding region xref gene does not exist
plasmid_files/MG700548.1_results/PROKKA_06292018:CDS	hypothetical protein	MG700548.1:c28474-27950	ILMFDEPC_00029

DiscRep_SUB:FEATURE_LOCATION_CONFLICT::Coding region xref gene does not exist
plasmid_files/MG700548.1_results/PROKKA_06292018:CDS	hypothetical protein	MG700548.1:c29200-29015	ILMFDEPC_00030

DiscRep_SUB:FEATURE_LOCATION_CONFLICT::Coding region xref gene does not exist
plasmid_files/MG700548.1_results/PROKKA_06292018:CDS	hypothetical protein	MG700548.1:c34822-33119	ILMFDEPC_00031

DiscRep_SUB:FEATURE_LOCATION_CONFLICT::Coding region xref gene does not exist
plasmid_files/MG700548.1_results/PROKKA_06292018:CDS	hypothetical protein	MG700548.1:36135-36587	ILMFDEPC_00032

DiscRep_SUB:FEATURE_LOCATION_CONFLICT::Coding region xref gene does not exist
plasmid_files/MG700548.1_results/PROKKA_06292018:CDS	Beta-lactamase TEM-12	MG700548.1:38430-38651	ILMFDEPC_00033

DiscRep_SUB:FEATURE_LOCATION_CONFLICT::Coding region xref gene does not exist
plasmid_files/MG700548.1_results/PROKKA_06292018:CDS	hypothetical protein	MG700548.1:c39431-39228	ILMFDEPC_00034

DiscRep_SUB:FEATURE_LOCATION_CONFLICT::Coding region xref gene does not exist
plasmid_files/MG700548.1_results/PROKKA_06292018:CDS	hypothetical protein	MG700548.1:c39715-39428	ILMFDEPC_00035

DiscRep_SUB:FEATURE_LOCATION_CONFLICT::Coding region xref gene does not exist
plasmid_files/MG700548.1_results/PROKKA_06292018:CDS	hypothetical protein	MG700548.1:c40080-39781	ILMFDEPC_00036

DiscRep_SUB:FEATURE_LOCATION_CONFLICT::Coding region xref gene does not exist
plasmid_files/MG700548.1_results/PROKKA_06292018:CDS	Transposon Tn7 transposition protein TnsB	MG700548.1:c40466-40047	ILMFDEPC_00037

DiscRep_SUB:FEATURE_LOCATION_CONFLICT::Coding region xref gene does not exist
plasmid_files/MG700548.1_results/PROKKA_06292018:CDS	Phytochrome-like protein cph2	MG700548.1:c41408-41052	ILMFDEPC_00038

DiscRep_SUB:FEATURE_LOCATION_CONFLICT::Coding region xref gene does not exist
plasmid_files/MG700548.1_results/PROKKA_06292018:CDS	hypothetical protein	MG700548.1:c42354-41752	ILMFDEPC_00039

DiscRep_SUB:FEATURE_LOCATION_CONFLICT::Coding region xref gene does not exist
plasmid_files/MG700548.1_results/PROKKA_06292018:CDS	Mercuric reductase	MG700548.1:c42569-42351	ILMFDEPC_00040

DiscRep_SUB:FEATURE_LOCATION_CONFLICT::Coding region xref gene does not exist
plasmid_files/MG700548.1_results/PROKKA_06292018:CDS	Mercuric reductase	MG700548.1:c43001-42627	ILMFDEPC_00041

DiscRep_SUB:FEATURE_LOCATION_CONFLICT::Coding region xref gene does not exist
plasmid_files/MG700548.1_results/PROKKA_06292018:CDS	Mercuric reductase	MG700548.1:c43378-43103	ILMFDEPC_00042

DiscRep_SUB:FEATURE_LOCATION_CONFLICT::Coding region xref gene does not exist
plasmid_files/MG700548.1_results/PROKKA_06292018:CDS	hypothetical protein	MG700548.1:43424-44293	ILMFDEPC_00043

DiscRep_SUB:FEATURE_LOCATION_CONFLICT::Coding region xref gene does not exist
plasmid_files/MG700548.1_results/PROKKA_06292018:CDS	hypothetical protein	MG700548.1:44284-44562	ILMFDEPC_00044

DiscRep_SUB:FEATURE_LOCATION_CONFLICT::Coding region xref gene does not exist
plasmid_files/MG700548.1_results/PROKKA_06292018:CDS	hypothetical protein	MG700548.1:c45355-44867	ILMFDEPC_00045

DiscRep_SUB:FEATURE_LOCATION_CONFLICT::Coding region xref gene does not exist
plasmid_files/MG700548.1_results/PROKKA_06292018:CDS	Ribonuclease VapC2	MG700548.1:c46606-46166	ILMFDEPC_00046

DiscRep_SUB:FEATURE_LOCATION_CONFLICT::Coding region xref gene does not exist
plasmid_files/MG700548.1_results/PROKKA_06292018:CDS	hypothetical protein	MG700548.1:c47910-47047	ILMFDEPC_00047

DiscRep_SUB:FEATURE_LOCATION_CONFLICT::Coding region xref gene does not exist
plasmid_files/MG700548.1_results/PROKKA_06292018:CDS	hypothetical protein	MG700548.1:49024-49245	ILMFDEPC_00048

DiscRep_SUB:FEATURE_LOCATION_CONFLICT::Coding region xref gene does not exist
plasmid_files/MG700548.1_results/PROKKA_06292018:CDS	hypothetical protein	MG700548.1:49242-49613	ILMFDEPC_00049

DiscRep_SUB:FEATURE_LOCATION_CONFLICT::Coding region xref gene does not exist
plasmid_files/MG700548.1_results/PROKKA_06292018:CDS	hypothetical protein	MG700548.1:c52046-51645	ILMFDEPC_00050

DiscRep_SUB:FEATURE_LOCATION_CONFLICT::Coding region xref gene does not exist
plasmid_files/MG700548.1_results/PROKKA_06292018:CDS	hypothetical protein	MG700548.1:c52546-52121	ILMFDEPC_00051

DiscRep_SUB:FEATURE_LOCATION_CONFLICT::Coding region xref gene does not exist
plasmid_files/MG700548.1_results/PROKKA_06292018:CDS	hypothetical protein	MG700548.1:c53903-53451	ILMFDEPC_00052

DiscRep_SUB:FEATURE_LOCATION_CONFLICT::Coding region xref gene does not exist
plasmid_files/MG700548.1_results/PROKKA_06292018:CDS	hypothetical protein	MG700548.1:c54328-53900	ILMFDEPC_00053

DiscRep_SUB:FEATURE_LOCATION_CONFLICT::Coding region xref gene does not exist
plasmid_files/MG700548.1_results/PROKKA_06292018:CDS	hypothetical protein	MG700548.1:c55131-54865	ILMFDEPC_00054

DiscRep_SUB:FEATURE_LOCATION_CONFLICT::Coding region xref gene does not exist
plasmid_files/MG700548.1_results/PROKKA_06292018:CDS	hypothetical protein	MG700548.1:c56774-56397	ILMFDEPC_00055

DiscRep_SUB:FEATURE_LOCATION_CONFLICT::Coding region xref gene does not exist
plasmid_files/MG700548.1_results/PROKKA_06292018:CDS	hypothetical protein	MG700548.1:c57391-57140	ILMFDEPC_00056

DiscRep_SUB:FEATURE_LOCATION_CONFLICT::Coding region xref gene does not exist
plasmid_files/MG700548.1_results/PROKKA_06292018:CDS	hypothetical protein	MG700548.1:c58395-57904	ILMFDEPC_00057

DiscRep_SUB:FEATURE_LOCATION_CONFLICT::Coding region xref gene does not exist
plasmid_files/MG700548.1_results/PROKKA_06292018:CDS	hypothetical protein	MG700548.1:c59471-58830	ILMFDEPC_00058

DiscRep_SUB:FEATURE_LOCATION_CONFLICT::Coding region xref gene does not exist
plasmid_files/MG700548.1_results/PROKKA_06292018:CDS	Replication protein RepA	MG700548.1:c63777-63451	ILMFDEPC_00059

DiscRep_SUB:FEATURE_LOCATION_CONFLICT::Coding region xref gene does not exist
plasmid_files/MG700548.1_results/PROKKA_06292018:CDS	hypothetical protein	MG700548.1:64487-64810	ILMFDEPC_00060

DiscRep_SUB:FEATURE_LOCATION_CONFLICT::Coding region xref gene does not exist
plasmid_files/MG700548.1_results/PROKKA_06292018:CDS	Protein UmuC	MG700548.1:c65335-65054	ILMFDEPC_00061

DiscRep_SUB:FEATURE_LOCATION_CONFLICT::Coding region xref gene does not exist
plasmid_files/MG700548.1_results/PROKKA_06292018:CDS	hypothetical protein	MG700548.1:c65430-65314	ILMFDEPC_00062

DiscRep_SUB:FEATURE_LOCATION_CONFLICT::Coding region xref gene does not exist
plasmid_files/MG700548.1_results/PROKKA_06292018:CDS	hypothetical protein	MG700548.1:67610-68098	ILMFDEPC_00063

DiscRep_SUB:FEATURE_LOCATION_CONFLICT::Coding region xref gene does not exist
plasmid_files/MG700548.1_results/PROKKA_06292018:CDS	hypothetical protein	MG700548.1:68763-69173	ILMFDEPC_00064

DiscRep_SUB:FEATURE_LOCATION_CONFLICT::Coding region xref gene does not exist
plasmid_files/MG700548.1_results/PROKKA_06292018:CDS	hypothetical protein	MG700548.1:69879-69983	ILMFDEPC_00065

DiscRep_SUB:FEATURE_LOCATION_CONFLICT::Coding region xref gene does not exist
plasmid_files/MG700548.1_results/PROKKA_06292018:CDS	hypothetical protein	MG700548.1:70562-70780	ILMFDEPC_00066

DiscRep_SUB:FEATURE_LOCATION_CONFLICT::Coding region xref gene does not exist
plasmid_files/MG700548.1_results/PROKKA_06292018:CDS	hypothetical protein	MG700548.1:c77229-76924	ILMFDEPC_00067

DiscRep_SUB:FEATURE_LOCATION_CONFLICT::Coding region xref gene does not exist
plasmid_files/MG700548.1_results/PROKKA_06292018:CDS	hypothetical protein	MG700548.1:78726-78911	ILMFDEPC_00068

DiscRep_SUB:FEATURE_LOCATION_CONFLICT::Coding region xref gene does not exist
plasmid_files/MG700548.1_results/PROKKA_06292018:CDS	hypothetical protein	MG700548.1:79857-80171	ILMFDEPC_00069

DiscRep_SUB:FEATURE_LOCATION_CONFLICT::Coding region xref gene does not exist
plasmid_files/MG700548.1_results/PROKKA_06292018:CDS	hypothetical protein	MG700548.1:80171-80380	ILMFDEPC_00070

DiscRep_SUB:FEATURE_LOCATION_CONFLICT::Coding region xref gene does not exist
plasmid_files/MG700548.1_results/PROKKA_06292018:CDS	hypothetical protein	MG700548.1:81356-81880	ILMFDEPC_00071

DiscRep_SUB:FEATURE_LOCATION_CONFLICT::Coding region xref gene does not exist
plasmid_files/MG700548.1_results/PROKKA_06292018:CDS	hypothetical protein	MG700548.1:82016-82231	ILMFDEPC_00072

DiscRep_SUB:FEATURE_LOCATION_CONFLICT::Coding region xref gene does not exist
plasmid_files/MG700548.1_results/PROKKA_06292018:CDS	hypothetical protein	MG700548.1:c83302-83069	ILMFDEPC_00073

DiscRep_SUB:FEATURE_LOCATION_CONFLICT::Coding region xref gene does not exist
plasmid_files/MG700548.1_results/PROKKA_06292018:CDS	hypothetical protein	MG700548.1:84603-85100	ILMFDEPC_00074

DiscRep_SUB:FEATURE_LOCATION_CONFLICT::Coding region xref gene does not exist
plasmid_files/MG700548.1_results/PROKKA_06292018:CDS	hypothetical protein	MG700548.1:c85555-85199	ILMFDEPC_00075

DiscRep_SUB:FEATURE_LOCATION_CONFLICT::Coding region xref gene does not exist
plasmid_files/MG700548.1_results/PROKKA_06292018:CDS	hypothetical protein	MG700548.1:c85959-85813	ILMFDEPC_00076

DiscRep_SUB:FEATURE_LOCATION_CONFLICT::Coding region xref gene does not exist
plasmid_files/MG700548.1_results/PROKKA_06292018:CDS	hypothetical protein	MG700548.1:c87757-87464	ILMFDEPC_00077

DiscRep_SUB:FEATURE_LOCATION_CONFLICT::Coding region xref gene does not exist
plasmid_files/MG700548.1_results/PROKKA_06292018:CDS	hypothetical protein	MG700548.1:c91886-91752	ILMFDEPC_00078

DiscRep_SUB:FEATURE_LOCATION_CONFLICT::Coding region xref gene does not exist
plasmid_files/MG700548.1_results/PROKKA_06292018:CDS	hypothetical protein	MG700548.1:c97095-96847	ILMFDEPC_00079

DiscRep_SUB:FEATURE_LOCATION_CONFLICT::Coding region xref gene does not exist
plasmid_files/MG700548.1_results/PROKKA_06292018:CDS	Protein TraC	MG700548.1:98164-98562	ILMFDEPC_00080

DiscRep_SUB:FEATURE_LOCATION_CONFLICT::Coding region xref gene does not exist
plasmid_files/MG700548.1_results/PROKKA_06292018:CDS	Protein TraC	MG700548.1:98875-99246	ILMFDEPC_00081

DiscRep_SUB:FEATURE_LOCATION_CONFLICT::Coding region xref gene does not exist
plasmid_files/MG700548.1_results/PROKKA_06292018:CDS	hypothetical protein	MG700548.1:99243-99401	ILMFDEPC_00082

DiscRep_SUB:FEATURE_LOCATION_CONFLICT::Coding region xref gene does not exist
plasmid_files/MG700548.1_results/PROKKA_06292018:CDS	hypothetical protein	MG700548.1:100757-101095	ILMFDEPC_00083

DiscRep_SUB:FEATURE_LOCATION_CONFLICT::Coding region xref gene does not exist
plasmid_files/MG700548.1_results/PROKKA_06292018:CDS	hypothetical protein	MG700548.1:102385-102591	ILMFDEPC_00084

DiscRep_SUB:FEATURE_LOCATION_CONFLICT::Coding region xref gene does not exist
plasmid_files/MG700548.1_results/PROKKA_06292018:CDS	hypothetical protein	MG700548.1:103251-103751	ILMFDEPC_00085

DiscRep_SUB:FEATURE_LOCATION_CONFLICT::Coding region xref gene does not exist
plasmid_files/MG700548.1_results/PROKKA_06292018:CDS	hypothetical protein	MG700548.1:104511-104645	ILMFDEPC_00086

DiscRep_SUB:FEATURE_LOCATION_CONFLICT::Coding region xref gene does not exist
plasmid_files/MG700548.1_results/PROKKA_06292018:CDS	hypothetical protein	MG700548.1:104774-105106	ILMFDEPC_00087

DiscRep_SUB:FEATURE_LOCATION_CONFLICT::Coding region xref gene does not exist
plasmid_files/MG700548.1_results/PROKKA_06292018:CDS	hypothetical protein	MG700548.1:107618-107977	ILMFDEPC_00088

DiscRep_SUB:FEATURE_LOCATION_CONFLICT::Coding region xref gene does not exist
plasmid_files/MG700548.1_results/PROKKA_06292018:CDS	hypothetical protein	MG700548.1:108030-108458	ILMFDEPC_00089

DiscRep_SUB:FEATURE_LOCATION_CONFLICT::Coding region xref gene does not exist
plasmid_files/MG700548.1_results/PROKKA_06292018:CDS	hypothetical protein	MG700548.1:109270-109557	ILMFDEPC_00090

DiscRep_SUB:FEATURE_LOCATION_CONFLICT::Coding region xref gene does not exist
plasmid_files/MG700548.1_results/PROKKA_06292018:CDS	hypothetical protein	MG700548.1:110494-110742	ILMFDEPC_00091

DiscRep_ALL:OVERLAPPING_CDS::2 coding regions overlap another coding region with a similar or identical name.
DiscRep_SUB:OVERLAPPING_CDS::2 coding regions overlap another coding region with a similar or identical name that do not have the appropriate note text
plasmid_files/MG700548.1_results/PROKKA_06292018:CDS	Multifunctional conjugation protein TraI	MG700548.1:4769-5044	ILMFDEPC_00004
plasmid_files/MG700548.1_results/PROKKA_06292018:CDS	Multifunctional conjugation protein TraI	MG700548.1:5041-5280	ILMFDEPC_00005

DiscRep_ALL:DISC_QUALITY_SCORES::Quality scores are missing on all sequences.

DiscRep_ALL:ONCALLER_COMMENT_PRESENT::1 comment descriptors were found (all same)
plasmid_files/MG700548.1_results/PROKKA_06292018:MG700548.1:Annotated using prokka 1.14-dev from https://github.com/tseemann/prokka

DiscRep_ALL:SHORT_PROT_SEQUENCES::6 protein sequences are shorter than 50 aa.
plasmid_files/MG700548.1_results/PROKKA_06292018:MG700548.1_27 (length 42)
plasmid_files/MG700548.1_results/PROKKA_06292018:MG700548.1_62 (length 38)
plasmid_files/MG700548.1_results/PROKKA_06292018:MG700548.1_65 (length 34)
plasmid_files/MG700548.1_results/PROKKA_06292018:MG700548.1_76 (length 48)
plasmid_files/MG700548.1_results/PROKKA_06292018:MG700548.1_78 (length 44)
plasmid_files/MG700548.1_results/PROKKA_06292018:MG700548.1_86 (length 44)

DiscRep_ALL:MISSING_GENOMEASSEMBLY_COMMENTS::1 bioseqs are missing GenomeAssembly structured comments
plasmid_files/MG700548.1_results/PROKKA_06292018:MG700548.1 (length 111335)

DiscRep_ALL:MOLTYPE_NOT_MRNA::1 molecule types are not set as mRNA.
plasmid_files/MG700548.1_results/PROKKA_06292018:MG700548.1 (length 111335)

DiscRep_ALL:TECHNIQUE_NOT_TSA::1 technique are not set as TSA
plasmid_files/MG700548.1_results/PROKKA_06292018:MG700548.1 (length 111335)

DiscRep_ALL:MISSING_STRUCTURED_COMMENT::1 sequences do not include structured comments.
plasmid_files/MG700548.1_results/PROKKA_06292018:MG700548.1 (length 111335)

DiscRep_ALL:MISSING_PROJECT::92 sequences do not include project.
plasmid_files/MG700548.1_results/PROKKA_06292018:MG700548.1 (length 111335)
plasmid_files/MG700548.1_results/PROKKA_06292018:MG700548.1_1 (length 159)
plasmid_files/MG700548.1_results/PROKKA_06292018:MG700548.1_2 (length 130)
plasmid_files/MG700548.1_results/PROKKA_06292018:MG700548.1_3 (length 138)
plasmid_files/MG700548.1_results/PROKKA_06292018:MG700548.1_4 (length 91)
plasmid_files/MG700548.1_results/PROKKA_06292018:MG700548.1_5 (length 79)
plasmid_files/MG700548.1_results/PROKKA_06292018:MG700548.1_6 (length 85)
plasmid_files/MG700548.1_results/PROKKA_06292018:MG700548.1_7 (length 110)
plasmid_files/MG700548.1_results/PROKKA_06292018:MG700548.1_8 (length 114)
plasmid_files/MG700548.1_results/PROKKA_06292018:MG700548.1_9 (length 62)
plasmid_files/MG700548.1_results/PROKKA_06292018:MG700548.1_10 (length 73)
plasmid_files/MG700548.1_results/PROKKA_06292018:MG700548.1_11 (length 111)
plasmid_files/MG700548.1_results/PROKKA_06292018:MG700548.1_12 (length 90)
plasmid_files/MG700548.1_results/PROKKA_06292018:MG700548.1_13 (length 88)
plasmid_files/MG700548.1_results/PROKKA_06292018:MG700548.1_14 (length 92)
plasmid_files/MG700548.1_results/PROKKA_06292018:MG700548.1_15 (length 96)
plasmid_files/MG700548.1_results/PROKKA_06292018:MG700548.1_16 (length 138)
plasmid_files/MG700548.1_results/PROKKA_06292018:MG700548.1_17 (length 77)
plasmid_files/MG700548.1_results/PROKKA_06292018:MG700548.1_18 (length 115)
plasmid_files/MG700548.1_results/PROKKA_06292018:MG700548.1_19 (length 98)
plasmid_files/MG700548.1_results/PROKKA_06292018:MG700548.1_20 (length 104)
plasmid_files/MG700548.1_results/PROKKA_06292018:MG700548.1_21 (length 97)
plasmid_files/MG700548.1_results/PROKKA_06292018:MG700548.1_22 (length 428)
plasmid_files/MG700548.1_results/PROKKA_06292018:MG700548.1_23 (length 111)
plasmid_files/MG700548.1_results/PROKKA_06292018:MG700548.1_24 (length 79)
plasmid_files/MG700548.1_results/PROKKA_06292018:MG700548.1_25 (length 57)
plasmid_files/MG700548.1_results/PROKKA_06292018:MG700548.1_26 (length 51)
plasmid_files/MG700548.1_results/PROKKA_06292018:MG700548.1_27 (length 42)
plasmid_files/MG700548.1_results/PROKKA_06292018:MG700548.1_28 (length 87)
plasmid_files/MG700548.1_results/PROKKA_06292018:MG700548.1_29 (length 174)
plasmid_files/MG700548.1_results/PROKKA_06292018:MG700548.1_30 (length 61)
plasmid_files/MG700548.1_results/PROKKA_06292018:MG700548.1_31 (length 567)
plasmid_files/MG700548.1_results/PROKKA_06292018:MG700548.1_32 (length 150)
plasmid_files/MG700548.1_results/PROKKA_06292018:MG700548.1_33 (length 73)
plasmid_files/MG700548.1_results/PROKKA_06292018:MG700548.1_34 (length 67)
plasmid_files/MG700548.1_results/PROKKA_06292018:MG700548.1_35 (length 95)
plasmid_files/MG700548.1_results/PROKKA_06292018:MG700548.1_36 (length 99)
plasmid_files/MG700548.1_results/PROKKA_06292018:MG700548.1_37 (length 139)
plasmid_files/MG700548.1_results/PROKKA_06292018:MG700548.1_38 (length 118)
plasmid_files/MG700548.1_results/PROKKA_06292018:MG700548.1_39 (length 200)
plasmid_files/MG700548.1_results/PROKKA_06292018:MG700548.1_40 (length 72)
plasmid_files/MG700548.1_results/PROKKA_06292018:MG700548.1_41 (length 124)
plasmid_files/MG700548.1_results/PROKKA_06292018:MG700548.1_42 (length 91)
plasmid_files/MG700548.1_results/PROKKA_06292018:MG700548.1_43 (length 289)
plasmid_files/MG700548.1_results/PROKKA_06292018:MG700548.1_44 (length 92)
plasmid_files/MG700548.1_results/PROKKA_06292018:MG700548.1_45 (length 162)
plasmid_files/MG700548.1_results/PROKKA_06292018:MG700548.1_46 (length 146)
plasmid_files/MG700548.1_results/PROKKA_06292018:MG700548.1_47 (length 287)
plasmid_files/MG700548.1_results/PROKKA_06292018:MG700548.1_48 (length 73)
plasmid_files/MG700548.1_results/PROKKA_06292018:MG700548.1_49 (length 123)
plasmid_files/MG700548.1_results/PROKKA_06292018:MG700548.1_50 (length 133)
plasmid_files/MG700548.1_results/PROKKA_06292018:MG700548.1_51 (length 141)
plasmid_files/MG700548.1_results/PROKKA_06292018:MG700548.1_52 (length 150)
plasmid_files/MG700548.1_results/PROKKA_06292018:MG700548.1_53 (length 142)
plasmid_files/MG700548.1_results/PROKKA_06292018:MG700548.1_54 (length 88)
plasmid_files/MG700548.1_results/PROKKA_06292018:MG700548.1_55 (length 125)
plasmid_files/MG700548.1_results/PROKKA_06292018:MG700548.1_56 (length 83)
plasmid_files/MG700548.1_results/PROKKA_06292018:MG700548.1_57 (length 163)
plasmid_files/MG700548.1_results/PROKKA_06292018:MG700548.1_58 (length 213)
plasmid_files/MG700548.1_results/PROKKA_06292018:MG700548.1_59 (length 108)
plasmid_files/MG700548.1_results/PROKKA_06292018:MG700548.1_60 (length 107)
plasmid_files/MG700548.1_results/PROKKA_06292018:MG700548.1_61 (length 93)
plasmid_files/MG700548.1_results/PROKKA_06292018:MG700548.1_62 (length 38)
plasmid_files/MG700548.1_results/PROKKA_06292018:MG700548.1_63 (length 162)
plasmid_files/MG700548.1_results/PROKKA_06292018:MG700548.1_64 (length 136)
plasmid_files/MG700548.1_results/PROKKA_06292018:MG700548.1_65 (length 34)
plasmid_files/MG700548.1_results/PROKKA_06292018:MG700548.1_66 (length 72)
plasmid_files/MG700548.1_results/PROKKA_06292018:MG700548.1_67 (length 101)
plasmid_files/MG700548.1_results/PROKKA_06292018:MG700548.1_68 (length 61)
plasmid_files/MG700548.1_results/PROKKA_06292018:MG700548.1_69 (length 104)
plasmid_files/MG700548.1_results/PROKKA_06292018:MG700548.1_70 (length 69)
plasmid_files/MG700548.1_results/PROKKA_06292018:MG700548.1_71 (length 174)
plasmid_files/MG700548.1_results/PROKKA_06292018:MG700548.1_72 (length 71)
plasmid_files/MG700548.1_results/PROKKA_06292018:MG700548.1_73 (length 77)
plasmid_files/MG700548.1_results/PROKKA_06292018:MG700548.1_74 (length 165)
plasmid_files/MG700548.1_results/PROKKA_06292018:MG700548.1_75 (length 118)
plasmid_files/MG700548.1_results/PROKKA_06292018:MG700548.1_76 (length 48)
plasmid_files/MG700548.1_results/PROKKA_06292018:MG700548.1_77 (length 97)
plasmid_files/MG700548.1_results/PROKKA_06292018:MG700548.1_78 (length 44)
plasmid_files/MG700548.1_results/PROKKA_06292018:MG700548.1_79 (length 82)
plasmid_files/MG700548.1_results/PROKKA_06292018:MG700548.1_80 (length 132)
plasmid_files/MG700548.1_results/PROKKA_06292018:MG700548.1_81 (length 123)
plasmid_files/MG700548.1_results/PROKKA_06292018:MG700548.1_82 (length 52)
plasmid_files/MG700548.1_results/PROKKA_06292018:MG700548.1_83 (length 112)
plasmid_files/MG700548.1_results/PROKKA_06292018:MG700548.1_84 (length 68)
plasmid_files/MG700548.1_results/PROKKA_06292018:MG700548.1_85 (length 166)
plasmid_files/MG700548.1_results/PROKKA_06292018:MG700548.1_86 (length 44)
plasmid_files/MG700548.1_results/PROKKA_06292018:MG700548.1_87 (length 110)
plasmid_files/MG700548.1_results/PROKKA_06292018:MG700548.1_88 (length 119)
plasmid_files/MG700548.1_results/PROKKA_06292018:MG700548.1_89 (length 142)
plasmid_files/MG700548.1_results/PROKKA_06292018:MG700548.1_90 (length 95)
plasmid_files/MG700548.1_results/PROKKA_06292018:MG700548.1_91 (length 82)

DiscRep_ALL:DISC_INCONSISTENT_MOLINFO_TECH::Molinfo Technique Report (some missing, all same)
DiscRep_SUB:DISC_INCONSISTENT_MOLINFO_TECH::technique (all missing)
DiscRep_SUB:DISC_INCONSISTENT_MOLINFO_TECH::1 Molinfos are missing field technique
plasmid_files/MG700548.1_results/PROKKA_06292018:MG700548.1 (length 111335)

