Discrepancy Report Results

Summary
FATAL: MISSING_PROTEIN_ID:50 proteins have invalid IDs.
DISC_SOURCE_QUALS_ASNDISC:strain (all present, all unique)
DISC_SOURCE_QUALS_ASNDISC:taxname (all present, all unique)
DISC_FEATURE_COUNT:CDS: 50 present
DISC_COUNT_NUCLEOTIDES:1 nucleotide Bioseqs are present
FEATURE_LOCATION_CONFLICT:50 features have inconsistent gene locations.
DISC_QUALITY_SCORES:Quality scores are missing on all sequences.
ONCALLER_COMMENT_PRESENT:1 comment descriptors were found (all same)
MISSING_GENOMEASSEMBLY_COMMENTS:1 bioseqs are missing GenomeAssembly structured comments
MOLTYPE_NOT_MRNA:1 molecule types are not set as mRNA.
TECHNIQUE_NOT_TSA:1 technique are not set as TSA
MISSING_STRUCTURED_COMMENT:1 sequences do not include structured comments.
MISSING_PROJECT:51 sequences do not include project.
DISC_INCONSISTENT_MOLINFO_TECH:Molinfo Technique Report (some missing, all same)


Detailed Report

FATAL: DiscRep_ALL:MISSING_PROTEIN_ID::50 proteins have invalid IDs.
plasmid_files/CP017937.1_results/PROKKA_06292018:CP017937.1_1 (length 297)
plasmid_files/CP017937.1_results/PROKKA_06292018:CP017937.1_2 (length 149)
plasmid_files/CP017937.1_results/PROKKA_06292018:CP017937.1_3 (length 95)
plasmid_files/CP017937.1_results/PROKKA_06292018:CP017937.1_4 (length 91)
plasmid_files/CP017937.1_results/PROKKA_06292018:CP017937.1_5 (length 83)
plasmid_files/CP017937.1_results/PROKKA_06292018:CP017937.1_6 (length 215)
plasmid_files/CP017937.1_results/PROKKA_06292018:CP017937.1_7 (length 147)
plasmid_files/CP017937.1_results/PROKKA_06292018:CP017937.1_8 (length 255)
plasmid_files/CP017937.1_results/PROKKA_06292018:CP017937.1_9 (length 64)
plasmid_files/CP017937.1_results/PROKKA_06292018:CP017937.1_10 (length 129)
plasmid_files/CP017937.1_results/PROKKA_06292018:CP017937.1_11 (length 63)
plasmid_files/CP017937.1_results/PROKKA_06292018:CP017937.1_12 (length 107)
plasmid_files/CP017937.1_results/PROKKA_06292018:CP017937.1_13 (length 82)
plasmid_files/CP017937.1_results/PROKKA_06292018:CP017937.1_14 (length 154)
plasmid_files/CP017937.1_results/PROKKA_06292018:CP017937.1_15 (length 122)
plasmid_files/CP017937.1_results/PROKKA_06292018:CP017937.1_16 (length 142)
plasmid_files/CP017937.1_results/PROKKA_06292018:CP017937.1_17 (length 196)
plasmid_files/CP017937.1_results/PROKKA_06292018:CP017937.1_18 (length 152)
plasmid_files/CP017937.1_results/PROKKA_06292018:CP017937.1_19 (length 275)
plasmid_files/CP017937.1_results/PROKKA_06292018:CP017937.1_20 (length 661)
plasmid_files/CP017937.1_results/PROKKA_06292018:CP017937.1_21 (length 237)
plasmid_files/CP017937.1_results/PROKKA_06292018:CP017937.1_22 (length 340)
plasmid_files/CP017937.1_results/PROKKA_06292018:CP017937.1_23 (length 115)
plasmid_files/CP017937.1_results/PROKKA_06292018:CP017937.1_24 (length 78)
plasmid_files/CP017937.1_results/PROKKA_06292018:CP017937.1_25 (length 119)
plasmid_files/CP017937.1_results/PROKKA_06292018:CP017937.1_26 (length 859)
plasmid_files/CP017937.1_results/PROKKA_06292018:CP017937.1_27 (length 270)
plasmid_files/CP017937.1_results/PROKKA_06292018:CP017937.1_28 (length 152)
plasmid_files/CP017937.1_results/PROKKA_06292018:CP017937.1_29 (length 324)
plasmid_files/CP017937.1_results/PROKKA_06292018:CP017937.1_30 (length 241)
plasmid_files/CP017937.1_results/PROKKA_06292018:CP017937.1_31 (length 277)
plasmid_files/CP017937.1_results/PROKKA_06292018:CP017937.1_32 (length 458)
plasmid_files/CP017937.1_results/PROKKA_06292018:CP017937.1_33 (length 178)
plasmid_files/CP017937.1_results/PROKKA_06292018:CP017937.1_34 (length 63)
plasmid_files/CP017937.1_results/PROKKA_06292018:CP017937.1_35 (length 228)
plasmid_files/CP017937.1_results/PROKKA_06292018:CP017937.1_36 (length 116)
plasmid_files/CP017937.1_results/PROKKA_06292018:CP017937.1_37 (length 73)
plasmid_files/CP017937.1_results/PROKKA_06292018:CP017937.1_38 (length 715)
plasmid_files/CP017937.1_results/PROKKA_06292018:CP017937.1_39 (length 439)
plasmid_files/CP017937.1_results/PROKKA_06292018:CP017937.1_40 (length 293)
plasmid_files/CP017937.1_results/PROKKA_06292018:CP017937.1_41 (length 112)
plasmid_files/CP017937.1_results/PROKKA_06292018:CP017937.1_42 (length 259)
plasmid_files/CP017937.1_results/PROKKA_06292018:CP017937.1_43 (length 341)
plasmid_files/CP017937.1_results/PROKKA_06292018:CP017937.1_44 (length 1009)
plasmid_files/CP017937.1_results/PROKKA_06292018:CP017937.1_45 (length 571)
plasmid_files/CP017937.1_results/PROKKA_06292018:CP017937.1_46 (length 302)
plasmid_files/CP017937.1_results/PROKKA_06292018:CP017937.1_47 (length 185)
plasmid_files/CP017937.1_results/PROKKA_06292018:CP017937.1_48 (length 286)
plasmid_files/CP017937.1_results/PROKKA_06292018:CP017937.1_49 (length 76)
plasmid_files/CP017937.1_results/PROKKA_06292018:CP017937.1_50 (length 79)

DiscRep_ALL:DISC_SOURCE_QUALS_ASNDISC::strain (all present, all unique)
DiscRep_SUB:DISC_SOURCE_QUALS_ASNDISC::1 sources have unique values for strain
DiscRep_ALL:DISC_SOURCE_QUALS_ASNDISC::taxname (all present, all unique)
DiscRep_SUB:DISC_SOURCE_QUALS_ASNDISC::1 sources have unique values for taxname
DiscRep_ALL:DISC_FEATURE_COUNT::CDS: 50 present
DiscRep_ALL:DISC_COUNT_NUCLEOTIDES::1 nucleotide Bioseqs are present
plasmid_files/CP017937.1_results/PROKKA_06292018:CP017937.1 (length 43621)

DiscRep_ALL:FEATURE_LOCATION_CONFLICT::50 features have inconsistent gene locations.
DiscRep_SUB:FEATURE_LOCATION_CONFLICT::Coding region xref gene does not exist
plasmid_files/CP017937.1_results/PROKKA_06292018:CDS	hypothetical protein	CP017937.1:1-894	IDLIHKAE_00001

DiscRep_SUB:FEATURE_LOCATION_CONFLICT::Coding region xref gene does not exist
plasmid_files/CP017937.1_results/PROKKA_06292018:CDS	hypothetical protein	CP017937.1:c2001-1552	IDLIHKAE_00002

DiscRep_SUB:FEATURE_LOCATION_CONFLICT::Coding region xref gene does not exist
plasmid_files/CP017937.1_results/PROKKA_06292018:CDS	hypothetical protein	CP017937.1:c2367-2080	IDLIHKAE_00003

DiscRep_SUB:FEATURE_LOCATION_CONFLICT::Coding region xref gene does not exist
plasmid_files/CP017937.1_results/PROKKA_06292018:CDS	hypothetical protein	CP017937.1:c2802-2527	IDLIHKAE_00004

DiscRep_SUB:FEATURE_LOCATION_CONFLICT::Coding region xref gene does not exist
plasmid_files/CP017937.1_results/PROKKA_06292018:CDS	hypothetical protein	CP017937.1:c3129-2878	IDLIHKAE_00005

DiscRep_SUB:FEATURE_LOCATION_CONFLICT::Coding region xref gene does not exist
plasmid_files/CP017937.1_results/PROKKA_06292018:CDS	hypothetical protein	CP017937.1:c3867-3220	IDLIHKAE_00006

DiscRep_SUB:FEATURE_LOCATION_CONFLICT::Coding region xref gene does not exist
plasmid_files/CP017937.1_results/PROKKA_06292018:CDS	hypothetical protein	CP017937.1:c4472-4029	IDLIHKAE_00007

DiscRep_SUB:FEATURE_LOCATION_CONFLICT::Coding region xref gene does not exist
plasmid_files/CP017937.1_results/PROKKA_06292018:CDS	Tyrosine recombinase XerD	CP017937.1:c5475-4708	IDLIHKAE_00008

DiscRep_SUB:FEATURE_LOCATION_CONFLICT::Coding region xref gene does not exist
plasmid_files/CP017937.1_results/PROKKA_06292018:CDS	hypothetical protein	CP017937.1:c5983-5789	IDLIHKAE_00009

DiscRep_SUB:FEATURE_LOCATION_CONFLICT::Coding region xref gene does not exist
plasmid_files/CP017937.1_results/PROKKA_06292018:CDS	hypothetical protein	CP017937.1:6089-6478	IDLIHKAE_00010

DiscRep_SUB:FEATURE_LOCATION_CONFLICT::Coding region xref gene does not exist
plasmid_files/CP017937.1_results/PROKKA_06292018:CDS	hypothetical protein	CP017937.1:c6920-6729	IDLIHKAE_00011

DiscRep_SUB:FEATURE_LOCATION_CONFLICT::Coding region xref gene does not exist
plasmid_files/CP017937.1_results/PROKKA_06292018:CDS	hypothetical protein	CP017937.1:c7405-7082	IDLIHKAE_00012

DiscRep_SUB:FEATURE_LOCATION_CONFLICT::Coding region xref gene does not exist
plasmid_files/CP017937.1_results/PROKKA_06292018:CDS	hypothetical protein	CP017937.1:c7653-7405	IDLIHKAE_00013

DiscRep_SUB:FEATURE_LOCATION_CONFLICT::Coding region xref gene does not exist
plasmid_files/CP017937.1_results/PROKKA_06292018:CDS	Thermonuclease	CP017937.1:c8215-7751	IDLIHKAE_00014

DiscRep_SUB:FEATURE_LOCATION_CONFLICT::Coding region xref gene does not exist
plasmid_files/CP017937.1_results/PROKKA_06292018:CDS	hypothetical protein	CP017937.1:8615-8983	IDLIHKAE_00015

DiscRep_SUB:FEATURE_LOCATION_CONFLICT::Coding region xref gene does not exist
plasmid_files/CP017937.1_results/PROKKA_06292018:CDS	Antirestriction protein KlcA	CP017937.1:9156-9584	IDLIHKAE_00016

DiscRep_SUB:FEATURE_LOCATION_CONFLICT::Coding region xref gene does not exist
plasmid_files/CP017937.1_results/PROKKA_06292018:CDS	hypothetical protein	CP017937.1:c10206-9616	IDLIHKAE_00017

DiscRep_SUB:FEATURE_LOCATION_CONFLICT::Coding region xref gene does not exist
plasmid_files/CP017937.1_results/PROKKA_06292018:CDS	hypothetical protein	CP017937.1:c10648-10190	IDLIHKAE_00018

DiscRep_SUB:FEATURE_LOCATION_CONFLICT::Coding region xref gene does not exist
plasmid_files/CP017937.1_results/PROKKA_06292018:CDS	Nucleoid occlusion protein	CP017937.1:c11472-10645	IDLIHKAE_00019

DiscRep_SUB:FEATURE_LOCATION_CONFLICT::Coding region xref gene does not exist
plasmid_files/CP017937.1_results/PROKKA_06292018:CDS	hypothetical protein	CP017937.1:c13460-11475	IDLIHKAE_00020

DiscRep_SUB:FEATURE_LOCATION_CONFLICT::Coding region xref gene does not exist
plasmid_files/CP017937.1_results/PROKKA_06292018:CDS	hypothetical protein	CP017937.1:14538-15251	IDLIHKAE_00021

DiscRep_SUB:FEATURE_LOCATION_CONFLICT::Coding region xref gene does not exist
plasmid_files/CP017937.1_results/PROKKA_06292018:CDS	Type IV secretion system protein VirB11	CP017937.1:15266-16288	IDLIHKAE_00022

DiscRep_SUB:FEATURE_LOCATION_CONFLICT::Coding region xref gene does not exist
plasmid_files/CP017937.1_results/PROKKA_06292018:CDS	hypothetical protein	CP017937.1:c16838-16491	IDLIHKAE_00023

DiscRep_SUB:FEATURE_LOCATION_CONFLICT::Coding region xref gene does not exist
plasmid_files/CP017937.1_results/PROKKA_06292018:CDS	hypothetical protein	CP017937.1:c17139-16903	IDLIHKAE_00024

DiscRep_SUB:FEATURE_LOCATION_CONFLICT::Coding region xref gene does not exist
plasmid_files/CP017937.1_results/PROKKA_06292018:CDS	hypothetical protein	CP017937.1:17269-17628	IDLIHKAE_00025

DiscRep_SUB:FEATURE_LOCATION_CONFLICT::Coding region xref gene does not exist
plasmid_files/CP017937.1_results/PROKKA_06292018:CDS	Type IV secretion system protein virB4	CP017937.1:17641-20220	IDLIHKAE_00026

DiscRep_SUB:FEATURE_LOCATION_CONFLICT::Coding region xref gene does not exist
plasmid_files/CP017937.1_results/PROKKA_06292018:CDS	hypothetical protein	CP017937.1:20217-21029	IDLIHKAE_00027

DiscRep_SUB:FEATURE_LOCATION_CONFLICT::Coding region xref gene does not exist
plasmid_files/CP017937.1_results/PROKKA_06292018:CDS	hypothetical protein	CP017937.1:21029-21487	IDLIHKAE_00028

DiscRep_SUB:FEATURE_LOCATION_CONFLICT::Coding region xref gene does not exist
plasmid_files/CP017937.1_results/PROKKA_06292018:CDS	hypothetical protein	CP017937.1:21534-22508	IDLIHKAE_00029

DiscRep_SUB:FEATURE_LOCATION_CONFLICT::Coding region xref gene does not exist
plasmid_files/CP017937.1_results/PROKKA_06292018:CDS	hypothetical protein	CP017937.1:22519-23244	IDLIHKAE_00030

DiscRep_SUB:FEATURE_LOCATION_CONFLICT::Coding region xref gene does not exist
plasmid_files/CP017937.1_results/PROKKA_06292018:CDS	hypothetical protein	CP017937.1:23249-24082	IDLIHKAE_00031

DiscRep_SUB:FEATURE_LOCATION_CONFLICT::Coding region xref gene does not exist
plasmid_files/CP017937.1_results/PROKKA_06292018:CDS	hypothetical protein	CP017937.1:24085-25461	IDLIHKAE_00032

DiscRep_SUB:FEATURE_LOCATION_CONFLICT::Coding region xref gene does not exist
plasmid_files/CP017937.1_results/PROKKA_06292018:CDS	hypothetical protein	CP017937.1:25442-25978	IDLIHKAE_00033

DiscRep_SUB:FEATURE_LOCATION_CONFLICT::Coding region xref gene does not exist
plasmid_files/CP017937.1_results/PROKKA_06292018:CDS	hypothetical protein	CP017937.1:25984-26175	IDLIHKAE_00034

DiscRep_SUB:FEATURE_LOCATION_CONFLICT::Coding region xref gene does not exist
plasmid_files/CP017937.1_results/PROKKA_06292018:CDS	Soluble lytic murein transglycosylase	CP017937.1:26172-26858	IDLIHKAE_00035

DiscRep_SUB:FEATURE_LOCATION_CONFLICT::Coding region xref gene does not exist
plasmid_files/CP017937.1_results/PROKKA_06292018:CDS	hypothetical protein	CP017937.1:26859-27209	IDLIHKAE_00036

DiscRep_SUB:FEATURE_LOCATION_CONFLICT::Coding region xref gene does not exist
plasmid_files/CP017937.1_results/PROKKA_06292018:CDS	Single-stranded DNA-binding protein	CP017937.1:27251-27472	IDLIHKAE_00037

DiscRep_SUB:FEATURE_LOCATION_CONFLICT::Coding region xref gene does not exist
plasmid_files/CP017937.1_results/PROKKA_06292018:CDS	hypothetical protein	CP017937.1:c29644-27497	IDLIHKAE_00038

DiscRep_SUB:FEATURE_LOCATION_CONFLICT::Coding region xref gene does not exist
plasmid_files/CP017937.1_results/PROKKA_06292018:CDS	hypothetical protein	CP017937.1:29963-31282	IDLIHKAE_00039

DiscRep_SUB:FEATURE_LOCATION_CONFLICT::Coding region xref gene does not exist
plasmid_files/CP017937.1_results/PROKKA_06292018:CDS	Carbapenem-hydrolyzing beta-lactamase KPC	CP017937.1:c32413-31532	IDLIHKAE_00040

DiscRep_SUB:FEATURE_LOCATION_CONFLICT::Coding region xref gene does not exist
plasmid_files/CP017937.1_results/PROKKA_06292018:CDS	hypothetical protein	CP017937.1:c32803-32465	IDLIHKAE_00041

DiscRep_SUB:FEATURE_LOCATION_CONFLICT::Coding region xref gene does not exist
plasmid_files/CP017937.1_results/PROKKA_06292018:CDS	Insertion sequence IS5376 putative ATP-binding protein	CP017937.1:c33579-32800	IDLIHKAE_00042

DiscRep_SUB:FEATURE_LOCATION_CONFLICT::Coding region xref gene does not exist
plasmid_files/CP017937.1_results/PROKKA_06292018:CDS	hypothetical protein	CP017937.1:c34601-33576	IDLIHKAE_00043

DiscRep_SUB:FEATURE_LOCATION_CONFLICT::Coding region xref gene does not exist
plasmid_files/CP017937.1_results/PROKKA_06292018:CDS	hypothetical protein	CP017937.1:c37737-34708	IDLIHKAE_00044

DiscRep_SUB:FEATURE_LOCATION_CONFLICT::Coding region xref gene does not exist
plasmid_files/CP017937.1_results/PROKKA_06292018:CDS	Tyrosine recombinase XerD	CP017937.1:37847-39562	IDLIHKAE_00045

DiscRep_SUB:FEATURE_LOCATION_CONFLICT::Coding region xref gene does not exist
plasmid_files/CP017937.1_results/PROKKA_06292018:CDS	hypothetical protein	CP017937.1:c40513-39605	IDLIHKAE_00046

DiscRep_SUB:FEATURE_LOCATION_CONFLICT::Coding region xref gene does not exist
plasmid_files/CP017937.1_results/PROKKA_06292018:CDS	Transposon Tn3 resolvase	CP017937.1:40676-41233	IDLIHKAE_00047

DiscRep_SUB:FEATURE_LOCATION_CONFLICT::Coding region xref gene does not exist
plasmid_files/CP017937.1_results/PROKKA_06292018:CDS	Beta-lactamase TEM	CP017937.1:41416-42276	IDLIHKAE_00048

DiscRep_SUB:FEATURE_LOCATION_CONFLICT::Coding region xref gene does not exist
plasmid_files/CP017937.1_results/PROKKA_06292018:CDS	Single-stranded DNA-binding protein	CP017937.1:42447-42677	IDLIHKAE_00049

DiscRep_SUB:FEATURE_LOCATION_CONFLICT::Coding region xref gene does not exist
plasmid_files/CP017937.1_results/PROKKA_06292018:CDS	hypothetical protein	CP017937.1:42981-43220	IDLIHKAE_00050

DiscRep_ALL:DISC_QUALITY_SCORES::Quality scores are missing on all sequences.

DiscRep_ALL:ONCALLER_COMMENT_PRESENT::1 comment descriptors were found (all same)
plasmid_files/CP017937.1_results/PROKKA_06292018:CP017937.1:Annotated using prokka 1.14-dev from https://github.com/tseemann/prokka

DiscRep_ALL:MISSING_GENOMEASSEMBLY_COMMENTS::1 bioseqs are missing GenomeAssembly structured comments
plasmid_files/CP017937.1_results/PROKKA_06292018:CP017937.1 (length 43621)

DiscRep_ALL:MOLTYPE_NOT_MRNA::1 molecule types are not set as mRNA.
plasmid_files/CP017937.1_results/PROKKA_06292018:CP017937.1 (length 43621)

DiscRep_ALL:TECHNIQUE_NOT_TSA::1 technique are not set as TSA
plasmid_files/CP017937.1_results/PROKKA_06292018:CP017937.1 (length 43621)

DiscRep_ALL:MISSING_STRUCTURED_COMMENT::1 sequences do not include structured comments.
plasmid_files/CP017937.1_results/PROKKA_06292018:CP017937.1 (length 43621)

DiscRep_ALL:MISSING_PROJECT::51 sequences do not include project.
plasmid_files/CP017937.1_results/PROKKA_06292018:CP017937.1 (length 43621)
plasmid_files/CP017937.1_results/PROKKA_06292018:CP017937.1_1 (length 297)
plasmid_files/CP017937.1_results/PROKKA_06292018:CP017937.1_2 (length 149)
plasmid_files/CP017937.1_results/PROKKA_06292018:CP017937.1_3 (length 95)
plasmid_files/CP017937.1_results/PROKKA_06292018:CP017937.1_4 (length 91)
plasmid_files/CP017937.1_results/PROKKA_06292018:CP017937.1_5 (length 83)
plasmid_files/CP017937.1_results/PROKKA_06292018:CP017937.1_6 (length 215)
plasmid_files/CP017937.1_results/PROKKA_06292018:CP017937.1_7 (length 147)
plasmid_files/CP017937.1_results/PROKKA_06292018:CP017937.1_8 (length 255)
plasmid_files/CP017937.1_results/PROKKA_06292018:CP017937.1_9 (length 64)
plasmid_files/CP017937.1_results/PROKKA_06292018:CP017937.1_10 (length 129)
plasmid_files/CP017937.1_results/PROKKA_06292018:CP017937.1_11 (length 63)
plasmid_files/CP017937.1_results/PROKKA_06292018:CP017937.1_12 (length 107)
plasmid_files/CP017937.1_results/PROKKA_06292018:CP017937.1_13 (length 82)
plasmid_files/CP017937.1_results/PROKKA_06292018:CP017937.1_14 (length 154)
plasmid_files/CP017937.1_results/PROKKA_06292018:CP017937.1_15 (length 122)
plasmid_files/CP017937.1_results/PROKKA_06292018:CP017937.1_16 (length 142)
plasmid_files/CP017937.1_results/PROKKA_06292018:CP017937.1_17 (length 196)
plasmid_files/CP017937.1_results/PROKKA_06292018:CP017937.1_18 (length 152)
plasmid_files/CP017937.1_results/PROKKA_06292018:CP017937.1_19 (length 275)
plasmid_files/CP017937.1_results/PROKKA_06292018:CP017937.1_20 (length 661)
plasmid_files/CP017937.1_results/PROKKA_06292018:CP017937.1_21 (length 237)
plasmid_files/CP017937.1_results/PROKKA_06292018:CP017937.1_22 (length 340)
plasmid_files/CP017937.1_results/PROKKA_06292018:CP017937.1_23 (length 115)
plasmid_files/CP017937.1_results/PROKKA_06292018:CP017937.1_24 (length 78)
plasmid_files/CP017937.1_results/PROKKA_06292018:CP017937.1_25 (length 119)
plasmid_files/CP017937.1_results/PROKKA_06292018:CP017937.1_26 (length 859)
plasmid_files/CP017937.1_results/PROKKA_06292018:CP017937.1_27 (length 270)
plasmid_files/CP017937.1_results/PROKKA_06292018:CP017937.1_28 (length 152)
plasmid_files/CP017937.1_results/PROKKA_06292018:CP017937.1_29 (length 324)
plasmid_files/CP017937.1_results/PROKKA_06292018:CP017937.1_30 (length 241)
plasmid_files/CP017937.1_results/PROKKA_06292018:CP017937.1_31 (length 277)
plasmid_files/CP017937.1_results/PROKKA_06292018:CP017937.1_32 (length 458)
plasmid_files/CP017937.1_results/PROKKA_06292018:CP017937.1_33 (length 178)
plasmid_files/CP017937.1_results/PROKKA_06292018:CP017937.1_34 (length 63)
plasmid_files/CP017937.1_results/PROKKA_06292018:CP017937.1_35 (length 228)
plasmid_files/CP017937.1_results/PROKKA_06292018:CP017937.1_36 (length 116)
plasmid_files/CP017937.1_results/PROKKA_06292018:CP017937.1_37 (length 73)
plasmid_files/CP017937.1_results/PROKKA_06292018:CP017937.1_38 (length 715)
plasmid_files/CP017937.1_results/PROKKA_06292018:CP017937.1_39 (length 439)
plasmid_files/CP017937.1_results/PROKKA_06292018:CP017937.1_40 (length 293)
plasmid_files/CP017937.1_results/PROKKA_06292018:CP017937.1_41 (length 112)
plasmid_files/CP017937.1_results/PROKKA_06292018:CP017937.1_42 (length 259)
plasmid_files/CP017937.1_results/PROKKA_06292018:CP017937.1_43 (length 341)
plasmid_files/CP017937.1_results/PROKKA_06292018:CP017937.1_44 (length 1009)
plasmid_files/CP017937.1_results/PROKKA_06292018:CP017937.1_45 (length 571)
plasmid_files/CP017937.1_results/PROKKA_06292018:CP017937.1_46 (length 302)
plasmid_files/CP017937.1_results/PROKKA_06292018:CP017937.1_47 (length 185)
plasmid_files/CP017937.1_results/PROKKA_06292018:CP017937.1_48 (length 286)
plasmid_files/CP017937.1_results/PROKKA_06292018:CP017937.1_49 (length 76)
plasmid_files/CP017937.1_results/PROKKA_06292018:CP017937.1_50 (length 79)

DiscRep_ALL:DISC_INCONSISTENT_MOLINFO_TECH::Molinfo Technique Report (some missing, all same)
DiscRep_SUB:DISC_INCONSISTENT_MOLINFO_TECH::technique (all missing)
DiscRep_SUB:DISC_INCONSISTENT_MOLINFO_TECH::1 Molinfos are missing field technique
plasmid_files/CP017937.1_results/PROKKA_06292018:CP017937.1 (length 43621)

