Discrepancy Report Results

Summary
FATAL: MISSING_PROTEIN_ID:99 proteins have invalid IDs.
DISC_SOURCE_QUALS_ASNDISC:strain (all present, all unique)
DISC_SOURCE_QUALS_ASNDISC:taxname (all present, all unique)
DISC_FEATURE_COUNT:CDS: 99 present
DISC_COUNT_NUCLEOTIDES:1 nucleotide Bioseqs are present
FEATURE_LOCATION_CONFLICT:99 features have inconsistent gene locations.
DISC_QUALITY_SCORES:Quality scores are missing on all sequences.
ONCALLER_COMMENT_PRESENT:1 comment descriptors were found (all same)
SHORT_PROT_SEQUENCES:3 protein sequences are shorter than 50 aa.
MISSING_GENOMEASSEMBLY_COMMENTS:1 bioseqs are missing GenomeAssembly structured comments
MOLTYPE_NOT_MRNA:1 molecule types are not set as mRNA.
TECHNIQUE_NOT_TSA:1 technique are not set as TSA
MISSING_STRUCTURED_COMMENT:1 sequences do not include structured comments.
MISSING_PROJECT:100 sequences do not include project.
DISC_INCONSISTENT_MOLINFO_TECH:Molinfo Technique Report (some missing, all same)


Detailed Report

FATAL: DiscRep_ALL:MISSING_PROTEIN_ID::99 proteins have invalid IDs.
plasmid_files/CP026210.1_results/PROKKA_06292018:CP026210.1_1 (length 105)
plasmid_files/CP026210.1_results/PROKKA_06292018:CP026210.1_2 (length 121)
plasmid_files/CP026210.1_results/PROKKA_06292018:CP026210.1_3 (length 78)
plasmid_files/CP026210.1_results/PROKKA_06292018:CP026210.1_4 (length 46)
plasmid_files/CP026210.1_results/PROKKA_06292018:CP026210.1_5 (length 178)
plasmid_files/CP026210.1_results/PROKKA_06292018:CP026210.1_6 (length 103)
plasmid_files/CP026210.1_results/PROKKA_06292018:CP026210.1_7 (length 144)
plasmid_files/CP026210.1_results/PROKKA_06292018:CP026210.1_8 (length 73)
plasmid_files/CP026210.1_results/PROKKA_06292018:CP026210.1_9 (length 94)
plasmid_files/CP026210.1_results/PROKKA_06292018:CP026210.1_10 (length 146)
plasmid_files/CP026210.1_results/PROKKA_06292018:CP026210.1_11 (length 101)
plasmid_files/CP026210.1_results/PROKKA_06292018:CP026210.1_12 (length 136)
plasmid_files/CP026210.1_results/PROKKA_06292018:CP026210.1_13 (length 71)
plasmid_files/CP026210.1_results/PROKKA_06292018:CP026210.1_14 (length 37)
plasmid_files/CP026210.1_results/PROKKA_06292018:CP026210.1_15 (length 76)
plasmid_files/CP026210.1_results/PROKKA_06292018:CP026210.1_16 (length 112)
plasmid_files/CP026210.1_results/PROKKA_06292018:CP026210.1_17 (length 286)
plasmid_files/CP026210.1_results/PROKKA_06292018:CP026210.1_18 (length 59)
plasmid_files/CP026210.1_results/PROKKA_06292018:CP026210.1_19 (length 427)
plasmid_files/CP026210.1_results/PROKKA_06292018:CP026210.1_20 (length 88)
plasmid_files/CP026210.1_results/PROKKA_06292018:CP026210.1_21 (length 149)
plasmid_files/CP026210.1_results/PROKKA_06292018:CP026210.1_22 (length 120)
plasmid_files/CP026210.1_results/PROKKA_06292018:CP026210.1_23 (length 87)
plasmid_files/CP026210.1_results/PROKKA_06292018:CP026210.1_24 (length 136)
plasmid_files/CP026210.1_results/PROKKA_06292018:CP026210.1_25 (length 159)
plasmid_files/CP026210.1_results/PROKKA_06292018:CP026210.1_26 (length 168)
plasmid_files/CP026210.1_results/PROKKA_06292018:CP026210.1_27 (length 183)
plasmid_files/CP026210.1_results/PROKKA_06292018:CP026210.1_28 (length 147)
plasmid_files/CP026210.1_results/PROKKA_06292018:CP026210.1_29 (length 324)
plasmid_files/CP026210.1_results/PROKKA_06292018:CP026210.1_30 (length 246)
plasmid_files/CP026210.1_results/PROKKA_06292018:CP026210.1_31 (length 82)
plasmid_files/CP026210.1_results/PROKKA_06292018:CP026210.1_32 (length 161)
plasmid_files/CP026210.1_results/PROKKA_06292018:CP026210.1_33 (length 195)
plasmid_files/CP026210.1_results/PROKKA_06292018:CP026210.1_34 (length 82)
plasmid_files/CP026210.1_results/PROKKA_06292018:CP026210.1_35 (length 152)
plasmid_files/CP026210.1_results/PROKKA_06292018:CP026210.1_36 (length 181)
plasmid_files/CP026210.1_results/PROKKA_06292018:CP026210.1_37 (length 135)
plasmid_files/CP026210.1_results/PROKKA_06292018:CP026210.1_38 (length 192)
plasmid_files/CP026210.1_results/PROKKA_06292018:CP026210.1_39 (length 118)
plasmid_files/CP026210.1_results/PROKKA_06292018:CP026210.1_40 (length 424)
plasmid_files/CP026210.1_results/PROKKA_06292018:CP026210.1_41 (length 227)
plasmid_files/CP026210.1_results/PROKKA_06292018:CP026210.1_42 (length 72)
plasmid_files/CP026210.1_results/PROKKA_06292018:CP026210.1_43 (length 69)
plasmid_files/CP026210.1_results/PROKKA_06292018:CP026210.1_44 (length 212)
plasmid_files/CP026210.1_results/PROKKA_06292018:CP026210.1_45 (length 106)
plasmid_files/CP026210.1_results/PROKKA_06292018:CP026210.1_46 (length 282)
plasmid_files/CP026210.1_results/PROKKA_06292018:CP026210.1_47 (length 434)
plasmid_files/CP026210.1_results/PROKKA_06292018:CP026210.1_48 (length 144)
plasmid_files/CP026210.1_results/PROKKA_06292018:CP026210.1_49 (length 110)
plasmid_files/CP026210.1_results/PROKKA_06292018:CP026210.1_50 (length 85)
plasmid_files/CP026210.1_results/PROKKA_06292018:CP026210.1_51 (length 217)
plasmid_files/CP026210.1_results/PROKKA_06292018:CP026210.1_52 (length 116)
plasmid_files/CP026210.1_results/PROKKA_06292018:CP026210.1_53 (length 131)
plasmid_files/CP026210.1_results/PROKKA_06292018:CP026210.1_54 (length 435)
plasmid_files/CP026210.1_results/PROKKA_06292018:CP026210.1_55 (length 316)
plasmid_files/CP026210.1_results/PROKKA_06292018:CP026210.1_56 (length 695)
plasmid_files/CP026210.1_results/PROKKA_06292018:CP026210.1_57 (length 115)
plasmid_files/CP026210.1_results/PROKKA_06292018:CP026210.1_58 (length 198)
plasmid_files/CP026210.1_results/PROKKA_06292018:CP026210.1_59 (length 286)
plasmid_files/CP026210.1_results/PROKKA_06292018:CP026210.1_60 (length 83)
plasmid_files/CP026210.1_results/PROKKA_06292018:CP026210.1_61 (length 274)
plasmid_files/CP026210.1_results/PROKKA_06292018:CP026210.1_62 (length 258)
plasmid_files/CP026210.1_results/PROKKA_06292018:CP026210.1_63 (length 201)
plasmid_files/CP026210.1_results/PROKKA_06292018:CP026210.1_64 (length 185)
plasmid_files/CP026210.1_results/PROKKA_06292018:CP026210.1_65 (length 101)
plasmid_files/CP026210.1_results/PROKKA_06292018:CP026210.1_66 (length 234)
plasmid_files/CP026210.1_results/PROKKA_06292018:CP026210.1_67 (length 281)
plasmid_files/CP026210.1_results/PROKKA_06292018:CP026210.1_68 (length 201)
plasmid_files/CP026210.1_results/PROKKA_06292018:CP026210.1_69 (length 439)
plasmid_files/CP026210.1_results/PROKKA_06292018:CP026210.1_70 (length 293)
plasmid_files/CP026210.1_results/PROKKA_06292018:CP026210.1_71 (length 234)
plasmid_files/CP026210.1_results/PROKKA_06292018:CP026210.1_72 (length 108)
plasmid_files/CP026210.1_results/PROKKA_06292018:CP026210.1_73 (length 234)
plasmid_files/CP026210.1_results/PROKKA_06292018:CP026210.1_74 (length 699)
plasmid_files/CP026210.1_results/PROKKA_06292018:CP026210.1_75 (length 800)
plasmid_files/CP026210.1_results/PROKKA_06292018:CP026210.1_76 (length 49)
plasmid_files/CP026210.1_results/PROKKA_06292018:CP026210.1_77 (length 351)
plasmid_files/CP026210.1_results/PROKKA_06292018:CP026210.1_78 (length 82)
plasmid_files/CP026210.1_results/PROKKA_06292018:CP026210.1_79 (length 217)
plasmid_files/CP026210.1_results/PROKKA_06292018:CP026210.1_80 (length 731)
plasmid_files/CP026210.1_results/PROKKA_06292018:CP026210.1_81 (length 198)
plasmid_files/CP026210.1_results/PROKKA_06292018:CP026210.1_82 (length 402)
plasmid_files/CP026210.1_results/PROKKA_06292018:CP026210.1_83 (length 1016)
plasmid_files/CP026210.1_results/PROKKA_06292018:CP026210.1_84 (length 164)
plasmid_files/CP026210.1_results/PROKKA_06292018:CP026210.1_85 (length 129)
plasmid_files/CP026210.1_results/PROKKA_06292018:CP026210.1_86 (length 176)
plasmid_files/CP026210.1_results/PROKKA_06292018:CP026210.1_87 (length 234)
plasmid_files/CP026210.1_results/PROKKA_06292018:CP026210.1_88 (length 449)
plasmid_files/CP026210.1_results/PROKKA_06292018:CP026210.1_89 (length 376)
plasmid_files/CP026210.1_results/PROKKA_06292018:CP026210.1_90 (length 237)
plasmid_files/CP026210.1_results/PROKKA_06292018:CP026210.1_91 (length 136)
plasmid_files/CP026210.1_results/PROKKA_06292018:CP026210.1_92 (length 65)
plasmid_files/CP026210.1_results/PROKKA_06292018:CP026210.1_93 (length 170)
plasmid_files/CP026210.1_results/PROKKA_06292018:CP026210.1_94 (length 1160)
plasmid_files/CP026210.1_results/PROKKA_06292018:CP026210.1_95 (length 86)
plasmid_files/CP026210.1_results/PROKKA_06292018:CP026210.1_96 (length 387)
plasmid_files/CP026210.1_results/PROKKA_06292018:CP026210.1_97 (length 259)
plasmid_files/CP026210.1_results/PROKKA_06292018:CP026210.1_98 (length 166)
plasmid_files/CP026210.1_results/PROKKA_06292018:CP026210.1_99 (length 424)

DiscRep_ALL:DISC_SOURCE_QUALS_ASNDISC::strain (all present, all unique)
DiscRep_SUB:DISC_SOURCE_QUALS_ASNDISC::1 sources have unique values for strain
DiscRep_ALL:DISC_SOURCE_QUALS_ASNDISC::taxname (all present, all unique)
DiscRep_SUB:DISC_SOURCE_QUALS_ASNDISC::1 sources have unique values for taxname
DiscRep_ALL:DISC_FEATURE_COUNT::CDS: 99 present
DiscRep_ALL:DISC_COUNT_NUCLEOTIDES::1 nucleotide Bioseqs are present
plasmid_files/CP026210.1_results/PROKKA_06292018:CP026210.1 (length 77585)

DiscRep_ALL:FEATURE_LOCATION_CONFLICT::99 features have inconsistent gene locations.
DiscRep_SUB:FEATURE_LOCATION_CONFLICT::Coding region xref gene does not exist
plasmid_files/CP026210.1_results/PROKKA_06292018:CDS	hypothetical protein	CP026210.1:c959-642	LGMIHDIN_00001

DiscRep_SUB:FEATURE_LOCATION_CONFLICT::Coding region xref gene does not exist
plasmid_files/CP026210.1_results/PROKKA_06292018:CDS	hypothetical protein	CP026210.1:1234-1599	LGMIHDIN_00002

DiscRep_SUB:FEATURE_LOCATION_CONFLICT::Coding region xref gene does not exist
plasmid_files/CP026210.1_results/PROKKA_06292018:CDS	hypothetical protein	CP026210.1:c1795-1559	LGMIHDIN_00003

DiscRep_SUB:FEATURE_LOCATION_CONFLICT::Coding region xref gene does not exist
plasmid_files/CP026210.1_results/PROKKA_06292018:CDS	hypothetical protein	CP026210.1:c2030-1890	LGMIHDIN_00004

DiscRep_SUB:FEATURE_LOCATION_CONFLICT::Coding region xref gene does not exist
plasmid_files/CP026210.1_results/PROKKA_06292018:CDS	hypothetical protein	CP026210.1:c2636-2100	LGMIHDIN_00005

DiscRep_SUB:FEATURE_LOCATION_CONFLICT::Coding region xref gene does not exist
plasmid_files/CP026210.1_results/PROKKA_06292018:CDS	hypothetical protein	CP026210.1:c3080-2769	LGMIHDIN_00006

DiscRep_SUB:FEATURE_LOCATION_CONFLICT::Coding region xref gene does not exist
plasmid_files/CP026210.1_results/PROKKA_06292018:CDS	Single-stranded DNA-binding protein	CP026210.1:c3571-3137	LGMIHDIN_00007

DiscRep_SUB:FEATURE_LOCATION_CONFLICT::Coding region xref gene does not exist
plasmid_files/CP026210.1_results/PROKKA_06292018:CDS	hypothetical protein	CP026210.1:c3864-3643	LGMIHDIN_00008

DiscRep_SUB:FEATURE_LOCATION_CONFLICT::Coding region xref gene does not exist
plasmid_files/CP026210.1_results/PROKKA_06292018:CDS	hypothetical protein	CP026210.1:c4303-4019	LGMIHDIN_00009

DiscRep_SUB:FEATURE_LOCATION_CONFLICT::Coding region xref gene does not exist
plasmid_files/CP026210.1_results/PROKKA_06292018:CDS	Antirestriction protein KlcA	CP026210.1:c4787-4347	LGMIHDIN_00010

DiscRep_SUB:FEATURE_LOCATION_CONFLICT::Coding region xref gene does not exist
plasmid_files/CP026210.1_results/PROKKA_06292018:CDS	hypothetical protein	CP026210.1:c5293-4988	LGMIHDIN_00011

DiscRep_SUB:FEATURE_LOCATION_CONFLICT::Coding region xref gene does not exist
plasmid_files/CP026210.1_results/PROKKA_06292018:CDS	hypothetical protein	CP026210.1:c5765-5355	LGMIHDIN_00012

DiscRep_SUB:FEATURE_LOCATION_CONFLICT::Coding region xref gene does not exist
plasmid_files/CP026210.1_results/PROKKA_06292018:CDS	hypothetical protein	CP026210.1:c6052-5837	LGMIHDIN_00013

DiscRep_SUB:FEATURE_LOCATION_CONFLICT::Coding region xref gene does not exist
plasmid_files/CP026210.1_results/PROKKA_06292018:CDS	hypothetical protein	CP026210.1:c6271-6158	LGMIHDIN_00014

DiscRep_SUB:FEATURE_LOCATION_CONFLICT::Coding region xref gene does not exist
plasmid_files/CP026210.1_results/PROKKA_06292018:CDS	Modulating protein YmoA	CP026210.1:c6614-6384	LGMIHDIN_00015

DiscRep_SUB:FEATURE_LOCATION_CONFLICT::Coding region xref gene does not exist
plasmid_files/CP026210.1_results/PROKKA_06292018:CDS	hypothetical protein	CP026210.1:c7050-6712	LGMIHDIN_00016

DiscRep_SUB:FEATURE_LOCATION_CONFLICT::Coding region xref gene does not exist
plasmid_files/CP026210.1_results/PROKKA_06292018:CDS	hypothetical protein	CP026210.1:c8101-7241	LGMIHDIN_00017

DiscRep_SUB:FEATURE_LOCATION_CONFLICT::Coding region xref gene does not exist
plasmid_files/CP026210.1_results/PROKKA_06292018:CDS	hypothetical protein	CP026210.1:c8353-8174	LGMIHDIN_00018

DiscRep_SUB:FEATURE_LOCATION_CONFLICT::Coding region xref gene does not exist
plasmid_files/CP026210.1_results/PROKKA_06292018:CDS	hypothetical protein	CP026210.1:c10244-8961	LGMIHDIN_00019

DiscRep_SUB:FEATURE_LOCATION_CONFLICT::Coding region xref gene does not exist
plasmid_files/CP026210.1_results/PROKKA_06292018:CDS	hypothetical protein	CP026210.1:c10574-10308	LGMIHDIN_00020

DiscRep_SUB:FEATURE_LOCATION_CONFLICT::Coding region xref gene does not exist
plasmid_files/CP026210.1_results/PROKKA_06292018:CDS	hypothetical protein	CP026210.1:c11068-10619	LGMIHDIN_00021

DiscRep_SUB:FEATURE_LOCATION_CONFLICT::Coding region xref gene does not exist
plasmid_files/CP026210.1_results/PROKKA_06292018:CDS	hypothetical protein	CP026210.1:c11552-11190	LGMIHDIN_00022

DiscRep_SUB:FEATURE_LOCATION_CONFLICT::Coding region xref gene does not exist
plasmid_files/CP026210.1_results/PROKKA_06292018:CDS	hypothetical protein	CP026210.1:c11837-11574	LGMIHDIN_00023

DiscRep_SUB:FEATURE_LOCATION_CONFLICT::Coding region xref gene does not exist
plasmid_files/CP026210.1_results/PROKKA_06292018:CDS	hypothetical protein	CP026210.1:c12365-11955	LGMIHDIN_00024

DiscRep_SUB:FEATURE_LOCATION_CONFLICT::Coding region xref gene does not exist
plasmid_files/CP026210.1_results/PROKKA_06292018:CDS	hypothetical protein	CP026210.1:c12873-12394	LGMIHDIN_00025

DiscRep_SUB:FEATURE_LOCATION_CONFLICT::Coding region xref gene does not exist
plasmid_files/CP026210.1_results/PROKKA_06292018:CDS	hypothetical protein	CP026210.1:c13372-12866	LGMIHDIN_00026

DiscRep_SUB:FEATURE_LOCATION_CONFLICT::Coding region xref gene does not exist
plasmid_files/CP026210.1_results/PROKKA_06292018:CDS	Phospholipase D	CP026210.1:c14041-13490	LGMIHDIN_00027

DiscRep_SUB:FEATURE_LOCATION_CONFLICT::Coding region xref gene does not exist
plasmid_files/CP026210.1_results/PROKKA_06292018:CDS	Protein StbB	CP026210.1:c14494-14051	LGMIHDIN_00028

DiscRep_SUB:FEATURE_LOCATION_CONFLICT::Coding region xref gene does not exist
plasmid_files/CP026210.1_results/PROKKA_06292018:CDS	Plasmid segregation protein ParM	CP026210.1:c15471-14497	LGMIHDIN_00029

DiscRep_SUB:FEATURE_LOCATION_CONFLICT::Coding region xref gene does not exist
plasmid_files/CP026210.1_results/PROKKA_06292018:CDS	Tyrosine recombinase XerD	CP026210.1:c16452-15712	LGMIHDIN_00030

DiscRep_SUB:FEATURE_LOCATION_CONFLICT::Coding region xref gene does not exist
plasmid_files/CP026210.1_results/PROKKA_06292018:CDS	hypothetical protein	CP026210.1:c16719-16471	LGMIHDIN_00031

DiscRep_SUB:FEATURE_LOCATION_CONFLICT::Coding region xref gene does not exist
plasmid_files/CP026210.1_results/PROKKA_06292018:CDS	hypothetical protein	CP026210.1:c17201-16716	LGMIHDIN_00032

DiscRep_SUB:FEATURE_LOCATION_CONFLICT::Coding region xref gene does not exist
plasmid_files/CP026210.1_results/PROKKA_06292018:CDS	hypothetical protein	CP026210.1:c17785-17198	LGMIHDIN_00033

DiscRep_SUB:FEATURE_LOCATION_CONFLICT::Coding region xref gene does not exist
plasmid_files/CP026210.1_results/PROKKA_06292018:CDS	hypothetical protein	CP026210.1:c18026-17778	LGMIHDIN_00034

DiscRep_SUB:FEATURE_LOCATION_CONFLICT::Coding region xref gene does not exist
plasmid_files/CP026210.1_results/PROKKA_06292018:CDS	hypothetical protein	CP026210.1:c18481-18023	LGMIHDIN_00035

DiscRep_SUB:FEATURE_LOCATION_CONFLICT::Coding region xref gene does not exist
plasmid_files/CP026210.1_results/PROKKA_06292018:CDS	hypothetical protein	CP026210.1:18620-19165	LGMIHDIN_00036

DiscRep_SUB:FEATURE_LOCATION_CONFLICT::Coding region xref gene does not exist
plasmid_files/CP026210.1_results/PROKKA_06292018:CDS	hypothetical protein	CP026210.1:c19725-19318	LGMIHDIN_00037

DiscRep_SUB:FEATURE_LOCATION_CONFLICT::Coding region xref gene does not exist
plasmid_files/CP026210.1_results/PROKKA_06292018:CDS	hypothetical protein	CP026210.1:c20305-19727	LGMIHDIN_00038

DiscRep_SUB:FEATURE_LOCATION_CONFLICT::Coding region xref gene does not exist
plasmid_files/CP026210.1_results/PROKKA_06292018:CDS	hypothetical protein	CP026210.1:c20639-20283	LGMIHDIN_00039

DiscRep_SUB:FEATURE_LOCATION_CONFLICT::Coding region xref gene does not exist
plasmid_files/CP026210.1_results/PROKKA_06292018:CDS	hypothetical protein	CP026210.1:21166-22440	LGMIHDIN_00040

DiscRep_SUB:FEATURE_LOCATION_CONFLICT::Coding region xref gene does not exist
plasmid_files/CP026210.1_results/PROKKA_06292018:CDS	hypothetical protein	CP026210.1:22457-23140	LGMIHDIN_00041

DiscRep_SUB:FEATURE_LOCATION_CONFLICT::Coding region xref gene does not exist
plasmid_files/CP026210.1_results/PROKKA_06292018:CDS	hypothetical protein	CP026210.1:23185-23403	LGMIHDIN_00042

DiscRep_SUB:FEATURE_LOCATION_CONFLICT::Coding region xref gene does not exist
plasmid_files/CP026210.1_results/PROKKA_06292018:CDS	hypothetical protein	CP026210.1:23406-23615	LGMIHDIN_00043

DiscRep_SUB:FEATURE_LOCATION_CONFLICT::Coding region xref gene does not exist
plasmid_files/CP026210.1_results/PROKKA_06292018:CDS	hypothetical protein	CP026210.1:23683-24321	LGMIHDIN_00044

DiscRep_SUB:FEATURE_LOCATION_CONFLICT::Coding region xref gene does not exist
plasmid_files/CP026210.1_results/PROKKA_06292018:CDS	hypothetical protein	CP026210.1:24466-24786	LGMIHDIN_00045

DiscRep_SUB:FEATURE_LOCATION_CONFLICT::Coding region xref gene does not exist
plasmid_files/CP026210.1_results/PROKKA_06292018:CDS	DNA polymerase III subunit epsilon	CP026210.1:24789-25637	LGMIHDIN_00046

DiscRep_SUB:FEATURE_LOCATION_CONFLICT::Coding region xref gene does not exist
plasmid_files/CP026210.1_results/PROKKA_06292018:CDS	Protein UmuC	CP026210.1:c26964-25660	LGMIHDIN_00047

DiscRep_SUB:FEATURE_LOCATION_CONFLICT::Coding region xref gene does not exist
plasmid_files/CP026210.1_results/PROKKA_06292018:CDS	Protein UmuD	CP026210.1:c27347-26913	LGMIHDIN_00048

DiscRep_SUB:FEATURE_LOCATION_CONFLICT::Coding region xref gene does not exist
plasmid_files/CP026210.1_results/PROKKA_06292018:CDS	Endoribonuclease PemK	CP026210.1:c27737-27405	LGMIHDIN_00049

DiscRep_SUB:FEATURE_LOCATION_CONFLICT::Coding region xref gene does not exist
plasmid_files/CP026210.1_results/PROKKA_06292018:CDS	Antitoxin PemI	CP026210.1:c27996-27739	LGMIHDIN_00050

DiscRep_SUB:FEATURE_LOCATION_CONFLICT::Coding region xref gene does not exist
plasmid_files/CP026210.1_results/PROKKA_06292018:CDS	hypothetical protein	CP026210.1:c28742-28089	LGMIHDIN_00051

DiscRep_SUB:FEATURE_LOCATION_CONFLICT::Coding region xref gene does not exist
plasmid_files/CP026210.1_results/PROKKA_06292018:CDS	hypothetical protein	CP026210.1:28855-29205	LGMIHDIN_00052

DiscRep_SUB:FEATURE_LOCATION_CONFLICT::Coding region xref gene does not exist
plasmid_files/CP026210.1_results/PROKKA_06292018:CDS	hypothetical protein	CP026210.1:29310-29705	LGMIHDIN_00053

DiscRep_SUB:FEATURE_LOCATION_CONFLICT::Coding region xref gene does not exist
plasmid_files/CP026210.1_results/PROKKA_06292018:CDS	hypothetical protein	CP026210.1:29705-31012	LGMIHDIN_00054

DiscRep_SUB:FEATURE_LOCATION_CONFLICT::Coding region xref gene does not exist
plasmid_files/CP026210.1_results/PROKKA_06292018:CDS	hypothetical protein	CP026210.1:31023-31973	LGMIHDIN_00055

DiscRep_SUB:FEATURE_LOCATION_CONFLICT::Coding region xref gene does not exist
plasmid_files/CP026210.1_results/PROKKA_06292018:CDS	hypothetical protein	CP026210.1:31986-34073	LGMIHDIN_00056

DiscRep_SUB:FEATURE_LOCATION_CONFLICT::Coding region xref gene does not exist
plasmid_files/CP026210.1_results/PROKKA_06292018:CDS	hypothetical protein	CP026210.1:c34604-34257	LGMIHDIN_00057

DiscRep_SUB:FEATURE_LOCATION_CONFLICT::Coding region xref gene does not exist
plasmid_files/CP026210.1_results/PROKKA_06292018:CDS	2''-aminoglycoside nucleotidyltransferase	CP026210.1:34690-35286	LGMIHDIN_00058

DiscRep_SUB:FEATURE_LOCATION_CONFLICT::Coding region xref gene does not exist
plasmid_files/CP026210.1_results/PROKKA_06292018:CDS	Beta-lactamase TEM	CP026210.1:c36542-35682	LGMIHDIN_00059

DiscRep_SUB:FEATURE_LOCATION_CONFLICT::Coding region xref gene does not exist
plasmid_files/CP026210.1_results/PROKKA_06292018:CDS	Transposon Tn3 resolvase	CP026210.1:c36976-36725	LGMIHDIN_00060

DiscRep_SUB:FEATURE_LOCATION_CONFLICT::Coding region xref gene does not exist
plasmid_files/CP026210.1_results/PROKKA_06292018:CDS	Beta-lactamase OXA-18	CP026210.1:c38066-37242	LGMIHDIN_00061

DiscRep_SUB:FEATURE_LOCATION_CONFLICT::Coding region xref gene does not exist
plasmid_files/CP026210.1_results/PROKKA_06292018:CDS	Streptomycin 3''-adenylyltransferase	CP026210.1:c38902-38126	LGMIHDIN_00062

DiscRep_SUB:FEATURE_LOCATION_CONFLICT::Coding region xref gene does not exist
plasmid_files/CP026210.1_results/PROKKA_06292018:CDS	Aminoglycoside N(6')-acetyltransferase type 1	CP026210.1:c39589-38984	LGMIHDIN_00063

DiscRep_SUB:FEATURE_LOCATION_CONFLICT::Coding region xref gene does not exist
plasmid_files/CP026210.1_results/PROKKA_06292018:CDS	Transposon Tn3 resolvase	CP026210.1:c40329-39772	LGMIHDIN_00064

DiscRep_SUB:FEATURE_LOCATION_CONFLICT::Coding region xref gene does not exist
plasmid_files/CP026210.1_results/PROKKA_06292018:CDS	hypothetical protein	CP026210.1:40491-40796	LGMIHDIN_00065

DiscRep_SUB:FEATURE_LOCATION_CONFLICT::Coding region xref gene does not exist
plasmid_files/CP026210.1_results/PROKKA_06292018:CDS	hypothetical protein	CP026210.1:c41391-40687	LGMIHDIN_00066

DiscRep_SUB:FEATURE_LOCATION_CONFLICT::Coding region xref gene does not exist
plasmid_files/CP026210.1_results/PROKKA_06292018:CDS	hypothetical protein	CP026210.1:c42273-41428	LGMIHDIN_00067

DiscRep_SUB:FEATURE_LOCATION_CONFLICT::Coding region xref gene does not exist
plasmid_files/CP026210.1_results/PROKKA_06292018:CDS	Serine recombinase PinR	CP026210.1:42368-42973	LGMIHDIN_00068

DiscRep_SUB:FEATURE_LOCATION_CONFLICT::Coding region xref gene does not exist
plasmid_files/CP026210.1_results/PROKKA_06292018:CDS	hypothetical protein	CP026210.1:43287-44606	LGMIHDIN_00069

DiscRep_SUB:FEATURE_LOCATION_CONFLICT::Coding region xref gene does not exist
plasmid_files/CP026210.1_results/PROKKA_06292018:CDS	Carbapenem-hydrolyzing beta-lactamase KPC	CP026210.1:c45737-44856	LGMIHDIN_00070

DiscRep_SUB:FEATURE_LOCATION_CONFLICT::Coding region xref gene does not exist
plasmid_files/CP026210.1_results/PROKKA_06292018:CDS	hypothetical protein	CP026210.1:c46966-46262	LGMIHDIN_00071

DiscRep_SUB:FEATURE_LOCATION_CONFLICT::Coding region xref gene does not exist
plasmid_files/CP026210.1_results/PROKKA_06292018:CDS	Aerotaxis receptor	CP026210.1:47088-47414	LGMIHDIN_00072

DiscRep_SUB:FEATURE_LOCATION_CONFLICT::Coding region xref gene does not exist
plasmid_files/CP026210.1_results/PROKKA_06292018:CDS	hypothetical protein	CP026210.1:47501-48205	LGMIHDIN_00073

DiscRep_SUB:FEATURE_LOCATION_CONFLICT::Coding region xref gene does not exist
plasmid_files/CP026210.1_results/PROKKA_06292018:CDS	hypothetical protein	CP026210.1:48245-50344	LGMIHDIN_00074

DiscRep_SUB:FEATURE_LOCATION_CONFLICT::Coding region xref gene does not exist
plasmid_files/CP026210.1_results/PROKKA_06292018:CDS	hypothetical protein	CP026210.1:50320-52722	LGMIHDIN_00075

DiscRep_SUB:FEATURE_LOCATION_CONFLICT::Coding region xref gene does not exist
plasmid_files/CP026210.1_results/PROKKA_06292018:CDS	hypothetical protein	CP026210.1:c53124-52975	LGMIHDIN_00076

DiscRep_SUB:FEATURE_LOCATION_CONFLICT::Coding region xref gene does not exist
plasmid_files/CP026210.1_results/PROKKA_06292018:CDS	Replication initiation protein	CP026210.1:c55173-54118	LGMIHDIN_00077

DiscRep_SUB:FEATURE_LOCATION_CONFLICT::Coding region xref gene does not exist
plasmid_files/CP026210.1_results/PROKKA_06292018:CDS	hypothetical protein	CP026210.1:c55718-55470	LGMIHDIN_00078

DiscRep_SUB:FEATURE_LOCATION_CONFLICT::Coding region xref gene does not exist
plasmid_files/CP026210.1_results/PROKKA_06292018:CDS	hypothetical protein	CP026210.1:c56435-55782	LGMIHDIN_00079

DiscRep_SUB:FEATURE_LOCATION_CONFLICT::Coding region xref gene does not exist
plasmid_files/CP026210.1_results/PROKKA_06292018:CDS	hypothetical protein	CP026210.1:c58632-56437	LGMIHDIN_00080

DiscRep_SUB:FEATURE_LOCATION_CONFLICT::Coding region xref gene does not exist
plasmid_files/CP026210.1_results/PROKKA_06292018:CDS	hypothetical protein	CP026210.1:c59221-58625	LGMIHDIN_00081

DiscRep_SUB:FEATURE_LOCATION_CONFLICT::Coding region xref gene does not exist
plasmid_files/CP026210.1_results/PROKKA_06292018:CDS	hypothetical protein	CP026210.1:c60426-59218	LGMIHDIN_00082

DiscRep_SUB:FEATURE_LOCATION_CONFLICT::Coding region xref gene does not exist
plasmid_files/CP026210.1_results/PROKKA_06292018:CDS	hypothetical protein	CP026210.1:c63473-60423	LGMIHDIN_00083

DiscRep_SUB:FEATURE_LOCATION_CONFLICT::Coding region xref gene does not exist
plasmid_files/CP026210.1_results/PROKKA_06292018:CDS	hypothetical protein	CP026210.1:c63964-63470	LGMIHDIN_00084

DiscRep_SUB:FEATURE_LOCATION_CONFLICT::Coding region xref gene does not exist
plasmid_files/CP026210.1_results/PROKKA_06292018:CDS	hypothetical protein	CP026210.1:c64399-64010	LGMIHDIN_00085

DiscRep_SUB:FEATURE_LOCATION_CONFLICT::Coding region xref gene does not exist
plasmid_files/CP026210.1_results/PROKKA_06292018:CDS	hypothetical protein	CP026210.1:c64946-64416	LGMIHDIN_00086

DiscRep_SUB:FEATURE_LOCATION_CONFLICT::Coding region xref gene does not exist
plasmid_files/CP026210.1_results/PROKKA_06292018:CDS	hypothetical protein	CP026210.1:c65674-64970	LGMIHDIN_00087

DiscRep_SUB:FEATURE_LOCATION_CONFLICT::Coding region xref gene does not exist
plasmid_files/CP026210.1_results/PROKKA_06292018:CDS	hypothetical protein	CP026210.1:c67035-65686	LGMIHDIN_00088

DiscRep_SUB:FEATURE_LOCATION_CONFLICT::Coding region xref gene does not exist
plasmid_files/CP026210.1_results/PROKKA_06292018:CDS	hypothetical protein	CP026210.1:c68177-67047	LGMIHDIN_00089

DiscRep_SUB:FEATURE_LOCATION_CONFLICT::Coding region xref gene does not exist
plasmid_files/CP026210.1_results/PROKKA_06292018:CDS	hypothetical protein	CP026210.1:c68899-68186	LGMIHDIN_00090

DiscRep_SUB:FEATURE_LOCATION_CONFLICT::Coding region xref gene does not exist
plasmid_files/CP026210.1_results/PROKKA_06292018:CDS	hypothetical protein	CP026210.1:68967-69377	LGMIHDIN_00091

DiscRep_SUB:FEATURE_LOCATION_CONFLICT::Coding region xref gene does not exist
plasmid_files/CP026210.1_results/PROKKA_06292018:CDS	hypothetical protein	CP026210.1:69364-69561	LGMIHDIN_00092

DiscRep_SUB:FEATURE_LOCATION_CONFLICT::Coding region xref gene does not exist
plasmid_files/CP026210.1_results/PROKKA_06292018:CDS	hypothetical protein	CP026210.1:c70074-69562	LGMIHDIN_00093

DiscRep_SUB:FEATURE_LOCATION_CONFLICT::Coding region xref gene does not exist
plasmid_files/CP026210.1_results/PROKKA_06292018:CDS	DNA primase TraC	CP026210.1:c73522-70040	LGMIHDIN_00094

DiscRep_SUB:FEATURE_LOCATION_CONFLICT::Coding region xref gene does not exist
plasmid_files/CP026210.1_results/PROKKA_06292018:CDS	hypothetical protein	CP026210.1:c73807-73547	LGMIHDIN_00095

DiscRep_SUB:FEATURE_LOCATION_CONFLICT::Coding region xref gene does not exist
plasmid_files/CP026210.1_results/PROKKA_06292018:CDS	putative protein YggR	CP026210.1:c74960-73797	LGMIHDIN_00096

DiscRep_SUB:FEATURE_LOCATION_CONFLICT::Coding region xref gene does not exist
plasmid_files/CP026210.1_results/PROKKA_06292018:CDS	hypothetical protein	CP026210.1:c75750-74971	LGMIHDIN_00097

DiscRep_SUB:FEATURE_LOCATION_CONFLICT::Coding region xref gene does not exist
plasmid_files/CP026210.1_results/PROKKA_06292018:CDS	hypothetical protein	CP026210.1:c76247-75747	LGMIHDIN_00098

DiscRep_SUB:FEATURE_LOCATION_CONFLICT::Coding region xref gene does not exist
plasmid_files/CP026210.1_results/PROKKA_06292018:CDS	hypothetical protein	CP026210.1:c77535-76261	LGMIHDIN_00099

DiscRep_ALL:DISC_QUALITY_SCORES::Quality scores are missing on all sequences.

DiscRep_ALL:ONCALLER_COMMENT_PRESENT::1 comment descriptors were found (all same)
plasmid_files/CP026210.1_results/PROKKA_06292018:CP026210.1:Annotated using prokka 1.14-dev from https://github.com/tseemann/prokka

DiscRep_ALL:SHORT_PROT_SEQUENCES::3 protein sequences are shorter than 50 aa.
plasmid_files/CP026210.1_results/PROKKA_06292018:CP026210.1_4 (length 46)
plasmid_files/CP026210.1_results/PROKKA_06292018:CP026210.1_14 (length 37)
plasmid_files/CP026210.1_results/PROKKA_06292018:CP026210.1_76 (length 49)

DiscRep_ALL:MISSING_GENOMEASSEMBLY_COMMENTS::1 bioseqs are missing GenomeAssembly structured comments
plasmid_files/CP026210.1_results/PROKKA_06292018:CP026210.1 (length 77585)

DiscRep_ALL:MOLTYPE_NOT_MRNA::1 molecule types are not set as mRNA.
plasmid_files/CP026210.1_results/PROKKA_06292018:CP026210.1 (length 77585)

DiscRep_ALL:TECHNIQUE_NOT_TSA::1 technique are not set as TSA
plasmid_files/CP026210.1_results/PROKKA_06292018:CP026210.1 (length 77585)

DiscRep_ALL:MISSING_STRUCTURED_COMMENT::1 sequences do not include structured comments.
plasmid_files/CP026210.1_results/PROKKA_06292018:CP026210.1 (length 77585)

DiscRep_ALL:MISSING_PROJECT::100 sequences do not include project.
plasmid_files/CP026210.1_results/PROKKA_06292018:CP026210.1 (length 77585)
plasmid_files/CP026210.1_results/PROKKA_06292018:CP026210.1_1 (length 105)
plasmid_files/CP026210.1_results/PROKKA_06292018:CP026210.1_2 (length 121)
plasmid_files/CP026210.1_results/PROKKA_06292018:CP026210.1_3 (length 78)
plasmid_files/CP026210.1_results/PROKKA_06292018:CP026210.1_4 (length 46)
plasmid_files/CP026210.1_results/PROKKA_06292018:CP026210.1_5 (length 178)
plasmid_files/CP026210.1_results/PROKKA_06292018:CP026210.1_6 (length 103)
plasmid_files/CP026210.1_results/PROKKA_06292018:CP026210.1_7 (length 144)
plasmid_files/CP026210.1_results/PROKKA_06292018:CP026210.1_8 (length 73)
plasmid_files/CP026210.1_results/PROKKA_06292018:CP026210.1_9 (length 94)
plasmid_files/CP026210.1_results/PROKKA_06292018:CP026210.1_10 (length 146)
plasmid_files/CP026210.1_results/PROKKA_06292018:CP026210.1_11 (length 101)
plasmid_files/CP026210.1_results/PROKKA_06292018:CP026210.1_12 (length 136)
plasmid_files/CP026210.1_results/PROKKA_06292018:CP026210.1_13 (length 71)
plasmid_files/CP026210.1_results/PROKKA_06292018:CP026210.1_14 (length 37)
plasmid_files/CP026210.1_results/PROKKA_06292018:CP026210.1_15 (length 76)
plasmid_files/CP026210.1_results/PROKKA_06292018:CP026210.1_16 (length 112)
plasmid_files/CP026210.1_results/PROKKA_06292018:CP026210.1_17 (length 286)
plasmid_files/CP026210.1_results/PROKKA_06292018:CP026210.1_18 (length 59)
plasmid_files/CP026210.1_results/PROKKA_06292018:CP026210.1_19 (length 427)
plasmid_files/CP026210.1_results/PROKKA_06292018:CP026210.1_20 (length 88)
plasmid_files/CP026210.1_results/PROKKA_06292018:CP026210.1_21 (length 149)
plasmid_files/CP026210.1_results/PROKKA_06292018:CP026210.1_22 (length 120)
plasmid_files/CP026210.1_results/PROKKA_06292018:CP026210.1_23 (length 87)
plasmid_files/CP026210.1_results/PROKKA_06292018:CP026210.1_24 (length 136)
plasmid_files/CP026210.1_results/PROKKA_06292018:CP026210.1_25 (length 159)
plasmid_files/CP026210.1_results/PROKKA_06292018:CP026210.1_26 (length 168)
plasmid_files/CP026210.1_results/PROKKA_06292018:CP026210.1_27 (length 183)
plasmid_files/CP026210.1_results/PROKKA_06292018:CP026210.1_28 (length 147)
plasmid_files/CP026210.1_results/PROKKA_06292018:CP026210.1_29 (length 324)
plasmid_files/CP026210.1_results/PROKKA_06292018:CP026210.1_30 (length 246)
plasmid_files/CP026210.1_results/PROKKA_06292018:CP026210.1_31 (length 82)
plasmid_files/CP026210.1_results/PROKKA_06292018:CP026210.1_32 (length 161)
plasmid_files/CP026210.1_results/PROKKA_06292018:CP026210.1_33 (length 195)
plasmid_files/CP026210.1_results/PROKKA_06292018:CP026210.1_34 (length 82)
plasmid_files/CP026210.1_results/PROKKA_06292018:CP026210.1_35 (length 152)
plasmid_files/CP026210.1_results/PROKKA_06292018:CP026210.1_36 (length 181)
plasmid_files/CP026210.1_results/PROKKA_06292018:CP026210.1_37 (length 135)
plasmid_files/CP026210.1_results/PROKKA_06292018:CP026210.1_38 (length 192)
plasmid_files/CP026210.1_results/PROKKA_06292018:CP026210.1_39 (length 118)
plasmid_files/CP026210.1_results/PROKKA_06292018:CP026210.1_40 (length 424)
plasmid_files/CP026210.1_results/PROKKA_06292018:CP026210.1_41 (length 227)
plasmid_files/CP026210.1_results/PROKKA_06292018:CP026210.1_42 (length 72)
plasmid_files/CP026210.1_results/PROKKA_06292018:CP026210.1_43 (length 69)
plasmid_files/CP026210.1_results/PROKKA_06292018:CP026210.1_44 (length 212)
plasmid_files/CP026210.1_results/PROKKA_06292018:CP026210.1_45 (length 106)
plasmid_files/CP026210.1_results/PROKKA_06292018:CP026210.1_46 (length 282)
plasmid_files/CP026210.1_results/PROKKA_06292018:CP026210.1_47 (length 434)
plasmid_files/CP026210.1_results/PROKKA_06292018:CP026210.1_48 (length 144)
plasmid_files/CP026210.1_results/PROKKA_06292018:CP026210.1_49 (length 110)
plasmid_files/CP026210.1_results/PROKKA_06292018:CP026210.1_50 (length 85)
plasmid_files/CP026210.1_results/PROKKA_06292018:CP026210.1_51 (length 217)
plasmid_files/CP026210.1_results/PROKKA_06292018:CP026210.1_52 (length 116)
plasmid_files/CP026210.1_results/PROKKA_06292018:CP026210.1_53 (length 131)
plasmid_files/CP026210.1_results/PROKKA_06292018:CP026210.1_54 (length 435)
plasmid_files/CP026210.1_results/PROKKA_06292018:CP026210.1_55 (length 316)
plasmid_files/CP026210.1_results/PROKKA_06292018:CP026210.1_56 (length 695)
plasmid_files/CP026210.1_results/PROKKA_06292018:CP026210.1_57 (length 115)
plasmid_files/CP026210.1_results/PROKKA_06292018:CP026210.1_58 (length 198)
plasmid_files/CP026210.1_results/PROKKA_06292018:CP026210.1_59 (length 286)
plasmid_files/CP026210.1_results/PROKKA_06292018:CP026210.1_60 (length 83)
plasmid_files/CP026210.1_results/PROKKA_06292018:CP026210.1_61 (length 274)
plasmid_files/CP026210.1_results/PROKKA_06292018:CP026210.1_62 (length 258)
plasmid_files/CP026210.1_results/PROKKA_06292018:CP026210.1_63 (length 201)
plasmid_files/CP026210.1_results/PROKKA_06292018:CP026210.1_64 (length 185)
plasmid_files/CP026210.1_results/PROKKA_06292018:CP026210.1_65 (length 101)
plasmid_files/CP026210.1_results/PROKKA_06292018:CP026210.1_66 (length 234)
plasmid_files/CP026210.1_results/PROKKA_06292018:CP026210.1_67 (length 281)
plasmid_files/CP026210.1_results/PROKKA_06292018:CP026210.1_68 (length 201)
plasmid_files/CP026210.1_results/PROKKA_06292018:CP026210.1_69 (length 439)
plasmid_files/CP026210.1_results/PROKKA_06292018:CP026210.1_70 (length 293)
plasmid_files/CP026210.1_results/PROKKA_06292018:CP026210.1_71 (length 234)
plasmid_files/CP026210.1_results/PROKKA_06292018:CP026210.1_72 (length 108)
plasmid_files/CP026210.1_results/PROKKA_06292018:CP026210.1_73 (length 234)
plasmid_files/CP026210.1_results/PROKKA_06292018:CP026210.1_74 (length 699)
plasmid_files/CP026210.1_results/PROKKA_06292018:CP026210.1_75 (length 800)
plasmid_files/CP026210.1_results/PROKKA_06292018:CP026210.1_76 (length 49)
plasmid_files/CP026210.1_results/PROKKA_06292018:CP026210.1_77 (length 351)
plasmid_files/CP026210.1_results/PROKKA_06292018:CP026210.1_78 (length 82)
plasmid_files/CP026210.1_results/PROKKA_06292018:CP026210.1_79 (length 217)
plasmid_files/CP026210.1_results/PROKKA_06292018:CP026210.1_80 (length 731)
plasmid_files/CP026210.1_results/PROKKA_06292018:CP026210.1_81 (length 198)
plasmid_files/CP026210.1_results/PROKKA_06292018:CP026210.1_82 (length 402)
plasmid_files/CP026210.1_results/PROKKA_06292018:CP026210.1_83 (length 1016)
plasmid_files/CP026210.1_results/PROKKA_06292018:CP026210.1_84 (length 164)
plasmid_files/CP026210.1_results/PROKKA_06292018:CP026210.1_85 (length 129)
plasmid_files/CP026210.1_results/PROKKA_06292018:CP026210.1_86 (length 176)
plasmid_files/CP026210.1_results/PROKKA_06292018:CP026210.1_87 (length 234)
plasmid_files/CP026210.1_results/PROKKA_06292018:CP026210.1_88 (length 449)
plasmid_files/CP026210.1_results/PROKKA_06292018:CP026210.1_89 (length 376)
plasmid_files/CP026210.1_results/PROKKA_06292018:CP026210.1_90 (length 237)
plasmid_files/CP026210.1_results/PROKKA_06292018:CP026210.1_91 (length 136)
plasmid_files/CP026210.1_results/PROKKA_06292018:CP026210.1_92 (length 65)
plasmid_files/CP026210.1_results/PROKKA_06292018:CP026210.1_93 (length 170)
plasmid_files/CP026210.1_results/PROKKA_06292018:CP026210.1_94 (length 1160)
plasmid_files/CP026210.1_results/PROKKA_06292018:CP026210.1_95 (length 86)
plasmid_files/CP026210.1_results/PROKKA_06292018:CP026210.1_96 (length 387)
plasmid_files/CP026210.1_results/PROKKA_06292018:CP026210.1_97 (length 259)
plasmid_files/CP026210.1_results/PROKKA_06292018:CP026210.1_98 (length 166)
plasmid_files/CP026210.1_results/PROKKA_06292018:CP026210.1_99 (length 424)

DiscRep_ALL:DISC_INCONSISTENT_MOLINFO_TECH::Molinfo Technique Report (some missing, all same)
DiscRep_SUB:DISC_INCONSISTENT_MOLINFO_TECH::technique (all missing)
DiscRep_SUB:DISC_INCONSISTENT_MOLINFO_TECH::1 Molinfos are missing field technique
plasmid_files/CP026210.1_results/PROKKA_06292018:CP026210.1 (length 77585)

