Discrepancy Report Results

Summary
FATAL: MISSING_PROTEIN_ID:96 proteins have invalid IDs.
DISC_SOURCE_QUALS_ASNDISC:strain (all present, all unique)
DISC_SOURCE_QUALS_ASNDISC:taxname (all present, all unique)
DISC_FEATURE_COUNT:CDS: 96 present
DISC_COUNT_NUCLEOTIDES:1 nucleotide Bioseqs are present
FEATURE_LOCATION_CONFLICT:96 features have inconsistent gene locations.
SUSPECT_PRODUCT_NAMES:1 product_names contain suspect phrase or characters
	May contain database identifier more appropriate in note; remove from product name
		1 features Three or more numbers together
DISC_QUALITY_SCORES:Quality scores are missing on all sequences.
ONCALLER_COMMENT_PRESENT:1 comment descriptors were found (all same)
SHORT_PROT_SEQUENCES:1 protein sequences are shorter than 50 aa.
MISSING_GENOMEASSEMBLY_COMMENTS:1 bioseqs are missing GenomeAssembly structured comments
MOLTYPE_NOT_MRNA:1 molecule types are not set as mRNA.
TECHNIQUE_NOT_TSA:1 technique are not set as TSA
MISSING_STRUCTURED_COMMENT:1 sequences do not include structured comments.
MISSING_PROJECT:97 sequences do not include project.
DISC_INCONSISTENT_MOLINFO_TECH:Molinfo Technique Report (some missing, all same)


Detailed Report

FATAL: DiscRep_ALL:MISSING_PROTEIN_ID::96 proteins have invalid IDs.
plasmid_files/KC845573.1_results/PROKKA_06292018:KC845573.1_1 (length 342)
plasmid_files/KC845573.1_results/PROKKA_06292018:KC845573.1_2 (length 53)
plasmid_files/KC845573.1_results/PROKKA_06292018:KC845573.1_3 (length 71)
plasmid_files/KC845573.1_results/PROKKA_06292018:KC845573.1_4 (length 190)
plasmid_files/KC845573.1_results/PROKKA_06292018:KC845573.1_5 (length 94)
plasmid_files/KC845573.1_results/PROKKA_06292018:KC845573.1_6 (length 221)
plasmid_files/KC845573.1_results/PROKKA_06292018:KC845573.1_7 (length 109)
plasmid_files/KC845573.1_results/PROKKA_06292018:KC845573.1_8 (length 171)
plasmid_files/KC845573.1_results/PROKKA_06292018:KC845573.1_9 (length 180)
plasmid_files/KC845573.1_results/PROKKA_06292018:KC845573.1_10 (length 84)
plasmid_files/KC845573.1_results/PROKKA_06292018:KC845573.1_11 (length 80)
plasmid_files/KC845573.1_results/PROKKA_06292018:KC845573.1_12 (length 107)
plasmid_files/KC845573.1_results/PROKKA_06292018:KC845573.1_13 (length 69)
plasmid_files/KC845573.1_results/PROKKA_06292018:KC845573.1_14 (length 74)
plasmid_files/KC845573.1_results/PROKKA_06292018:KC845573.1_15 (length 86)
plasmid_files/KC845573.1_results/PROKKA_06292018:KC845573.1_16 (length 79)
plasmid_files/KC845573.1_results/PROKKA_06292018:KC845573.1_17 (length 86)
plasmid_files/KC845573.1_results/PROKKA_06292018:KC845573.1_18 (length 44)
plasmid_files/KC845573.1_results/PROKKA_06292018:KC845573.1_19 (length 147)
plasmid_files/KC845573.1_results/PROKKA_06292018:KC845573.1_20 (length 60)
plasmid_files/KC845573.1_results/PROKKA_06292018:KC845573.1_21 (length 145)
plasmid_files/KC845573.1_results/PROKKA_06292018:KC845573.1_22 (length 106)
plasmid_files/KC845573.1_results/PROKKA_06292018:KC845573.1_23 (length 171)
plasmid_files/KC845573.1_results/PROKKA_06292018:KC845573.1_24 (length 87)
plasmid_files/KC845573.1_results/PROKKA_06292018:KC845573.1_25 (length 139)
plasmid_files/KC845573.1_results/PROKKA_06292018:KC845573.1_26 (length 243)
plasmid_files/KC845573.1_results/PROKKA_06292018:KC845573.1_27 (length 250)
plasmid_files/KC845573.1_results/PROKKA_06292018:KC845573.1_28 (length 133)
plasmid_files/KC845573.1_results/PROKKA_06292018:KC845573.1_29 (length 113)
plasmid_files/KC845573.1_results/PROKKA_06292018:KC845573.1_30 (length 1413)
plasmid_files/KC845573.1_results/PROKKA_06292018:KC845573.1_31 (length 146)
plasmid_files/KC845573.1_results/PROKKA_06292018:KC845573.1_32 (length 143)
plasmid_files/KC845573.1_results/PROKKA_06292018:KC845573.1_33 (length 68)
plasmid_files/KC845573.1_results/PROKKA_06292018:KC845573.1_34 (length 721)
plasmid_files/KC845573.1_results/PROKKA_06292018:KC845573.1_35 (length 195)
plasmid_files/KC845573.1_results/PROKKA_06292018:KC845573.1_36 (length 134)
plasmid_files/KC845573.1_results/PROKKA_06292018:KC845573.1_37 (length 172)
plasmid_files/KC845573.1_results/PROKKA_06292018:KC845573.1_38 (length 217)
plasmid_files/KC845573.1_results/PROKKA_06292018:KC845573.1_39 (length 374)
plasmid_files/KC845573.1_results/PROKKA_06292018:KC845573.1_40 (length 104)
plasmid_files/KC845573.1_results/PROKKA_06292018:KC845573.1_41 (length 160)
plasmid_files/KC845573.1_results/PROKKA_06292018:KC845573.1_42 (length 414)
plasmid_files/KC845573.1_results/PROKKA_06292018:KC845573.1_43 (length 211)
plasmid_files/KC845573.1_results/PROKKA_06292018:KC845573.1_44 (length 160)
plasmid_files/KC845573.1_results/PROKKA_06292018:KC845573.1_45 (length 185)
plasmid_files/KC845573.1_results/PROKKA_06292018:KC845573.1_46 (length 369)
plasmid_files/KC845573.1_results/PROKKA_06292018:KC845573.1_47 (length 512)
plasmid_files/KC845573.1_results/PROKKA_06292018:KC845573.1_48 (length 171)
plasmid_files/KC845573.1_results/PROKKA_06292018:KC845573.1_49 (length 436)
plasmid_files/KC845573.1_results/PROKKA_06292018:KC845573.1_50 (length 547)
plasmid_files/KC845573.1_results/PROKKA_06292018:KC845573.1_51 (length 172)
plasmid_files/KC845573.1_results/PROKKA_06292018:KC845573.1_52 (length 652)
plasmid_files/KC845573.1_results/PROKKA_06292018:KC845573.1_53 (length 351)
plasmid_files/KC845573.1_results/PROKKA_06292018:KC845573.1_54 (length 379)
plasmid_files/KC845573.1_results/PROKKA_06292018:KC845573.1_55 (length 256)
plasmid_files/KC845573.1_results/PROKKA_06292018:KC845573.1_56 (length 244)
plasmid_files/KC845573.1_results/PROKKA_06292018:KC845573.1_57 (length 785)
plasmid_files/KC845573.1_results/PROKKA_06292018:KC845573.1_58 (length 94)
plasmid_files/KC845573.1_results/PROKKA_06292018:KC845573.1_59 (length 96)
plasmid_files/KC845573.1_results/PROKKA_06292018:KC845573.1_60 (length 194)
plasmid_files/KC845573.1_results/PROKKA_06292018:KC845573.1_61 (length 132)
plasmid_files/KC845573.1_results/PROKKA_06292018:KC845573.1_62 (length 53)
plasmid_files/KC845573.1_results/PROKKA_06292018:KC845573.1_63 (length 145)
plasmid_files/KC845573.1_results/PROKKA_06292018:KC845573.1_64 (length 411)
plasmid_files/KC845573.1_results/PROKKA_06292018:KC845573.1_65 (length 99)
plasmid_files/KC845573.1_results/PROKKA_06292018:KC845573.1_66 (length 210)
plasmid_files/KC845573.1_results/PROKKA_06292018:KC845573.1_67 (length 269)
plasmid_files/KC845573.1_results/PROKKA_06292018:KC845573.1_68 (length 78)
plasmid_files/KC845573.1_results/PROKKA_06292018:KC845573.1_69 (length 215)
plasmid_files/KC845573.1_results/PROKKA_06292018:KC845573.1_70 (length 328)
plasmid_files/KC845573.1_results/PROKKA_06292018:KC845573.1_71 (length 85)
plasmid_files/KC845573.1_results/PROKKA_06292018:KC845573.1_72 (length 100)
plasmid_files/KC845573.1_results/PROKKA_06292018:KC845573.1_73 (length 71)
plasmid_files/KC845573.1_results/PROKKA_06292018:KC845573.1_74 (length 60)
plasmid_files/KC845573.1_results/PROKKA_06292018:KC845573.1_75 (length 220)
plasmid_files/KC845573.1_results/PROKKA_06292018:KC845573.1_76 (length 56)
plasmid_files/KC845573.1_results/PROKKA_06292018:KC845573.1_77 (length 147)
plasmid_files/KC845573.1_results/PROKKA_06292018:KC845573.1_78 (length 99)
plasmid_files/KC845573.1_results/PROKKA_06292018:KC845573.1_79 (length 715)
plasmid_files/KC845573.1_results/PROKKA_06292018:KC845573.1_80 (length 439)
plasmid_files/KC845573.1_results/PROKKA_06292018:KC845573.1_81 (length 293)
plasmid_files/KC845573.1_results/PROKKA_06292018:KC845573.1_82 (length 112)
plasmid_files/KC845573.1_results/PROKKA_06292018:KC845573.1_83 (length 259)
plasmid_files/KC845573.1_results/PROKKA_06292018:KC845573.1_84 (length 341)
plasmid_files/KC845573.1_results/PROKKA_06292018:KC845573.1_85 (length 1009)
plasmid_files/KC845573.1_results/PROKKA_06292018:KC845573.1_86 (length 571)
plasmid_files/KC845573.1_results/PROKKA_06292018:KC845573.1_87 (length 302)
plasmid_files/KC845573.1_results/PROKKA_06292018:KC845573.1_88 (length 185)
plasmid_files/KC845573.1_results/PROKKA_06292018:KC845573.1_89 (length 201)
plasmid_files/KC845573.1_results/PROKKA_06292018:KC845573.1_90 (length 258)
plasmid_files/KC845573.1_results/PROKKA_06292018:KC845573.1_91 (length 274)
plasmid_files/KC845573.1_results/PROKKA_06292018:KC845573.1_92 (length 83)
plasmid_files/KC845573.1_results/PROKKA_06292018:KC845573.1_93 (length 286)
plasmid_files/KC845573.1_results/PROKKA_06292018:KC845573.1_94 (length 325)
plasmid_files/KC845573.1_results/PROKKA_06292018:KC845573.1_95 (length 64)
plasmid_files/KC845573.1_results/PROKKA_06292018:KC845573.1_96 (length 150)

DiscRep_ALL:DISC_SOURCE_QUALS_ASNDISC::strain (all present, all unique)
DiscRep_SUB:DISC_SOURCE_QUALS_ASNDISC::1 sources have unique values for strain
DiscRep_ALL:DISC_SOURCE_QUALS_ASNDISC::taxname (all present, all unique)
DiscRep_SUB:DISC_SOURCE_QUALS_ASNDISC::1 sources have unique values for taxname
DiscRep_ALL:DISC_FEATURE_COUNT::CDS: 96 present
DiscRep_ALL:DISC_COUNT_NUCLEOTIDES::1 nucleotide Bioseqs are present
plasmid_files/KC845573.1_results/PROKKA_06292018:KC845573.1 (length 77801)

DiscRep_ALL:FEATURE_LOCATION_CONFLICT::96 features have inconsistent gene locations.
DiscRep_SUB:FEATURE_LOCATION_CONFLICT::Coding region xref gene does not exist
plasmid_files/KC845573.1_results/PROKKA_06292018:CDS	Replication initiation protein	KC845573.1:38-1066	FIAFIKGO_00001

DiscRep_SUB:FEATURE_LOCATION_CONFLICT::Coding region xref gene does not exist
plasmid_files/KC845573.1_results/PROKKA_06292018:CDS	hypothetical protein	KC845573.1:2120-2281	FIAFIKGO_00002

DiscRep_SUB:FEATURE_LOCATION_CONFLICT::Coding region xref gene does not exist
plasmid_files/KC845573.1_results/PROKKA_06292018:CDS	Protein FlmC	KC845573.1:2417-2632	FIAFIKGO_00003

DiscRep_SUB:FEATURE_LOCATION_CONFLICT::Coding region xref gene does not exist
plasmid_files/KC845573.1_results/PROKKA_06292018:CDS	RNA chaperone ProQ	KC845573.1:2810-3382	FIAFIKGO_00004

DiscRep_SUB:FEATURE_LOCATION_CONFLICT::Coding region xref gene does not exist
plasmid_files/KC845573.1_results/PROKKA_06292018:CDS	hypothetical protein	KC845573.1:c3684-3400	FIAFIKGO_00005

DiscRep_SUB:FEATURE_LOCATION_CONFLICT::Coding region xref gene does not exist
plasmid_files/KC845573.1_results/PROKKA_06292018:CDS	Iron-sulfur cluster carrier protein	KC845573.1:c4423-3758	FIAFIKGO_00006

DiscRep_SUB:FEATURE_LOCATION_CONFLICT::Coding region xref gene does not exist
plasmid_files/KC845573.1_results/PROKKA_06292018:CDS	hypothetical protein	KC845573.1:5010-5339	FIAFIKGO_00007

DiscRep_SUB:FEATURE_LOCATION_CONFLICT::Coding region xref gene does not exist
plasmid_files/KC845573.1_results/PROKKA_06292018:CDS	DnaJ-like protein MG200	KC845573.1:5743-6258	FIAFIKGO_00008

DiscRep_SUB:FEATURE_LOCATION_CONFLICT::Coding region xref gene does not exist
plasmid_files/KC845573.1_results/PROKKA_06292018:CDS	hypothetical protein	KC845573.1:6362-6904	FIAFIKGO_00009

DiscRep_SUB:FEATURE_LOCATION_CONFLICT::Coding region xref gene does not exist
plasmid_files/KC845573.1_results/PROKKA_06292018:CDS	hypothetical protein	KC845573.1:6901-7155	FIAFIKGO_00010

DiscRep_SUB:FEATURE_LOCATION_CONFLICT::Coding region xref gene does not exist
plasmid_files/KC845573.1_results/PROKKA_06292018:CDS	hypothetical protein	KC845573.1:7152-7394	FIAFIKGO_00011

DiscRep_SUB:FEATURE_LOCATION_CONFLICT::Coding region xref gene does not exist
plasmid_files/KC845573.1_results/PROKKA_06292018:CDS	hypothetical protein	KC845573.1:7975-8298	FIAFIKGO_00012

DiscRep_SUB:FEATURE_LOCATION_CONFLICT::Coding region xref gene does not exist
plasmid_files/KC845573.1_results/PROKKA_06292018:CDS	hypothetical protein	KC845573.1:8340-8549	FIAFIKGO_00013

DiscRep_SUB:FEATURE_LOCATION_CONFLICT::Coding region xref gene does not exist
plasmid_files/KC845573.1_results/PROKKA_06292018:CDS	hypothetical protein	KC845573.1:8646-8870	FIAFIKGO_00014

DiscRep_SUB:FEATURE_LOCATION_CONFLICT::Coding region xref gene does not exist
plasmid_files/KC845573.1_results/PROKKA_06292018:CDS	hypothetical protein	KC845573.1:8922-9182	FIAFIKGO_00015

DiscRep_SUB:FEATURE_LOCATION_CONFLICT::Coding region xref gene does not exist
plasmid_files/KC845573.1_results/PROKKA_06292018:CDS	hypothetical protein	KC845573.1:9172-9411	FIAFIKGO_00016

DiscRep_SUB:FEATURE_LOCATION_CONFLICT::Coding region xref gene does not exist
plasmid_files/KC845573.1_results/PROKKA_06292018:CDS	hypothetical protein	KC845573.1:9946-10206	FIAFIKGO_00017

DiscRep_SUB:FEATURE_LOCATION_CONFLICT::Coding region xref gene does not exist
plasmid_files/KC845573.1_results/PROKKA_06292018:CDS	hypothetical protein	KC845573.1:10275-10409	FIAFIKGO_00018

DiscRep_SUB:FEATURE_LOCATION_CONFLICT::Coding region xref gene does not exist
plasmid_files/KC845573.1_results/PROKKA_06292018:CDS	hypothetical protein	KC845573.1:c11036-10593	FIAFIKGO_00019

DiscRep_SUB:FEATURE_LOCATION_CONFLICT::Coding region xref gene does not exist
plasmid_files/KC845573.1_results/PROKKA_06292018:CDS	hypothetical protein	KC845573.1:11320-11502	FIAFIKGO_00020

DiscRep_SUB:FEATURE_LOCATION_CONFLICT::Coding region xref gene does not exist
plasmid_files/KC845573.1_results/PROKKA_06292018:CDS	hypothetical protein	KC845573.1:11527-11964	FIAFIKGO_00021

DiscRep_SUB:FEATURE_LOCATION_CONFLICT::Coding region xref gene does not exist
plasmid_files/KC845573.1_results/PROKKA_06292018:CDS	hypothetical protein	KC845573.1:c12415-12095	FIAFIKGO_00022

DiscRep_SUB:FEATURE_LOCATION_CONFLICT::Coding region xref gene does not exist
plasmid_files/KC845573.1_results/PROKKA_06292018:CDS	hypothetical protein	KC845573.1:c12927-12412	FIAFIKGO_00023

DiscRep_SUB:FEATURE_LOCATION_CONFLICT::Coding region xref gene does not exist
plasmid_files/KC845573.1_results/PROKKA_06292018:CDS	hypothetical protein	KC845573.1:c13227-12964	FIAFIKGO_00024

DiscRep_SUB:FEATURE_LOCATION_CONFLICT::Coding region xref gene does not exist
plasmid_files/KC845573.1_results/PROKKA_06292018:CDS	hypothetical protein	KC845573.1:c13648-13229	FIAFIKGO_00025

DiscRep_SUB:FEATURE_LOCATION_CONFLICT::Coding region xref gene does not exist
plasmid_files/KC845573.1_results/PROKKA_06292018:CDS	hypothetical protein	KC845573.1:c14399-13668	FIAFIKGO_00026

DiscRep_SUB:FEATURE_LOCATION_CONFLICT::Coding region xref gene does not exist
plasmid_files/KC845573.1_results/PROKKA_06292018:CDS	Protein TraL	KC845573.1:c15129-14377	FIAFIKGO_00027

DiscRep_SUB:FEATURE_LOCATION_CONFLICT::Coding region xref gene does not exist
plasmid_files/KC845573.1_results/PROKKA_06292018:CDS	hypothetical protein	KC845573.1:c15548-15147	FIAFIKGO_00028

DiscRep_SUB:FEATURE_LOCATION_CONFLICT::Coding region xref gene does not exist
plasmid_files/KC845573.1_results/PROKKA_06292018:CDS	hypothetical protein	KC845573.1:15919-16260	FIAFIKGO_00029

DiscRep_SUB:FEATURE_LOCATION_CONFLICT::Coding region xref gene does not exist
plasmid_files/KC845573.1_results/PROKKA_06292018:CDS	hypothetical protein	KC845573.1:16257-20498	FIAFIKGO_00030

DiscRep_SUB:FEATURE_LOCATION_CONFLICT::Coding region xref gene does not exist
plasmid_files/KC845573.1_results/PROKKA_06292018:CDS	hypothetical protein	KC845573.1:c20981-20541	FIAFIKGO_00031

DiscRep_SUB:FEATURE_LOCATION_CONFLICT::Coding region xref gene does not exist
plasmid_files/KC845573.1_results/PROKKA_06292018:CDS	hypothetical protein	KC845573.1:c21657-21226	FIAFIKGO_00032

DiscRep_SUB:FEATURE_LOCATION_CONFLICT::Coding region xref gene does not exist
plasmid_files/KC845573.1_results/PROKKA_06292018:CDS	Modulating protein YmoA	KC845573.1:c22009-21803	FIAFIKGO_00033

DiscRep_SUB:FEATURE_LOCATION_CONFLICT::Coding region xref gene does not exist
plasmid_files/KC845573.1_results/PROKKA_06292018:CDS	DNA topoisomerase 3	KC845573.1:c24243-22078	FIAFIKGO_00034

DiscRep_SUB:FEATURE_LOCATION_CONFLICT::Coding region xref gene does not exist
plasmid_files/KC845573.1_results/PROKKA_06292018:CDS	hypothetical protein	KC845573.1:c24842-24255	FIAFIKGO_00035

DiscRep_SUB:FEATURE_LOCATION_CONFLICT::Coding region xref gene does not exist
plasmid_files/KC845573.1_results/PROKKA_06292018:CDS	hypothetical protein	KC845573.1:c25610-25206	FIAFIKGO_00036

DiscRep_SUB:FEATURE_LOCATION_CONFLICT::Coding region xref gene does not exist
plasmid_files/KC845573.1_results/PROKKA_06292018:CDS	Endonuclease YhcR	KC845573.1:c26144-25626	FIAFIKGO_00037

DiscRep_SUB:FEATURE_LOCATION_CONFLICT::Coding region xref gene does not exist
plasmid_files/KC845573.1_results/PROKKA_06292018:CDS	hypothetical protein	KC845573.1:c26844-26191	FIAFIKGO_00038

DiscRep_SUB:FEATURE_LOCATION_CONFLICT::Coding region xref gene does not exist
plasmid_files/KC845573.1_results/PROKKA_06292018:CDS	Tyrosine recombinase XerC	KC845573.1:c27980-26856	FIAFIKGO_00039

DiscRep_SUB:FEATURE_LOCATION_CONFLICT::Coding region xref gene does not exist
plasmid_files/KC845573.1_results/PROKKA_06292018:CDS	hypothetical protein	KC845573.1:c28475-28161	FIAFIKGO_00040

DiscRep_SUB:FEATURE_LOCATION_CONFLICT::Coding region xref gene does not exist
plasmid_files/KC845573.1_results/PROKKA_06292018:CDS	hypothetical protein	KC845573.1:28491-28973	FIAFIKGO_00041

DiscRep_SUB:FEATURE_LOCATION_CONFLICT::Coding region xref gene does not exist
plasmid_files/KC845573.1_results/PROKKA_06292018:CDS	hypothetical protein	KC845573.1:c30214-28970	FIAFIKGO_00042

DiscRep_SUB:FEATURE_LOCATION_CONFLICT::Coding region xref gene does not exist
plasmid_files/KC845573.1_results/PROKKA_06292018:CDS	Type 4 prepilin-like proteins leader peptide-processing enzyme	KC845573.1:c30862-30227	FIAFIKGO_00043

DiscRep_SUB:FEATURE_LOCATION_CONFLICT::Coding region xref gene does not exist
plasmid_files/KC845573.1_results/PROKKA_06292018:CDS	hypothetical protein	KC845573.1:c31348-30866	FIAFIKGO_00044

DiscRep_SUB:FEATURE_LOCATION_CONFLICT::Coding region xref gene does not exist
plasmid_files/KC845573.1_results/PROKKA_06292018:CDS	hypothetical protein	KC845573.1:c31972-31415	FIAFIKGO_00045

DiscRep_SUB:FEATURE_LOCATION_CONFLICT::Coding region xref gene does not exist
plasmid_files/KC845573.1_results/PROKKA_06292018:CDS	Toxin coregulated pilus biosynthesis protein E	KC845573.1:c33126-32017	FIAFIKGO_00046

DiscRep_SUB:FEATURE_LOCATION_CONFLICT::Coding region xref gene does not exist
plasmid_files/KC845573.1_results/PROKKA_06292018:CDS	Type II secretion system protein E	KC845573.1:c34655-33117	FIAFIKGO_00047

DiscRep_SUB:FEATURE_LOCATION_CONFLICT::Coding region xref gene does not exist
plasmid_files/KC845573.1_results/PROKKA_06292018:CDS	hypothetical protein	KC845573.1:c35195-34680	FIAFIKGO_00048

DiscRep_SUB:FEATURE_LOCATION_CONFLICT::Coding region xref gene does not exist
plasmid_files/KC845573.1_results/PROKKA_06292018:CDS	hypothetical protein	KC845573.1:c36468-35158	FIAFIKGO_00049

DiscRep_SUB:FEATURE_LOCATION_CONFLICT::Coding region xref gene does not exist
plasmid_files/KC845573.1_results/PROKKA_06292018:CDS	Outer membrane lipoprotein BfpB	KC845573.1:c38162-36519	FIAFIKGO_00050

DiscRep_SUB:FEATURE_LOCATION_CONFLICT::Coding region xref gene does not exist
plasmid_files/KC845573.1_results/PROKKA_06292018:CDS	hypothetical protein	KC845573.1:c38673-38155	FIAFIKGO_00051

DiscRep_SUB:FEATURE_LOCATION_CONFLICT::Coding region xref gene does not exist
plasmid_files/KC845573.1_results/PROKKA_06292018:CDS	Conjugal transfer protein TraG	KC845573.1:c40678-38720	FIAFIKGO_00052

DiscRep_SUB:FEATURE_LOCATION_CONFLICT::Coding region xref gene does not exist
plasmid_files/KC845573.1_results/PROKKA_06292018:CDS	Type IV secretion system protein VirB11	KC845573.1:c41749-40694	FIAFIKGO_00053

DiscRep_SUB:FEATURE_LOCATION_CONFLICT::Coding region xref gene does not exist
plasmid_files/KC845573.1_results/PROKKA_06292018:CDS	Type IV secretion system protein virB10	KC845573.1:c42907-41768	FIAFIKGO_00054

DiscRep_SUB:FEATURE_LOCATION_CONFLICT::Coding region xref gene does not exist
plasmid_files/KC845573.1_results/PROKKA_06292018:CDS	Type IV secretion system protein PtlF	KC845573.1:c43667-42897	FIAFIKGO_00055

DiscRep_SUB:FEATURE_LOCATION_CONFLICT::Coding region xref gene does not exist
plasmid_files/KC845573.1_results/PROKKA_06292018:CDS	Type IV secretion system protein virB8	KC845573.1:c44398-43664	FIAFIKGO_00056

DiscRep_SUB:FEATURE_LOCATION_CONFLICT::Coding region xref gene does not exist
plasmid_files/KC845573.1_results/PROKKA_06292018:CDS	Type IV secretion system protein virB4	KC845573.1:c46919-44562	FIAFIKGO_00057

DiscRep_SUB:FEATURE_LOCATION_CONFLICT::Coding region xref gene does not exist
plasmid_files/KC845573.1_results/PROKKA_06292018:CDS	hypothetical protein	KC845573.1:c47209-46925	FIAFIKGO_00058

DiscRep_SUB:FEATURE_LOCATION_CONFLICT::Coding region xref gene does not exist
plasmid_files/KC845573.1_results/PROKKA_06292018:CDS	hypothetical protein	KC845573.1:c47606-47316	FIAFIKGO_00059

DiscRep_SUB:FEATURE_LOCATION_CONFLICT::Coding region xref gene does not exist
plasmid_files/KC845573.1_results/PROKKA_06292018:CDS	Type IV secretion system protein virB1	KC845573.1:c48190-47606	FIAFIKGO_00060

DiscRep_SUB:FEATURE_LOCATION_CONFLICT::Coding region xref gene does not exist
plasmid_files/KC845573.1_results/PROKKA_06292018:CDS	hypothetical protein	KC845573.1:c48609-48211	FIAFIKGO_00061

DiscRep_SUB:FEATURE_LOCATION_CONFLICT::Coding region xref gene does not exist
plasmid_files/KC845573.1_results/PROKKA_06292018:CDS	hypothetical protein	KC845573.1:c48928-48767	FIAFIKGO_00062

DiscRep_SUB:FEATURE_LOCATION_CONFLICT::Coding region xref gene does not exist
plasmid_files/KC845573.1_results/PROKKA_06292018:CDS	hypothetical protein	KC845573.1:c49386-48949	FIAFIKGO_00063

DiscRep_SUB:FEATURE_LOCATION_CONFLICT::Coding region xref gene does not exist
plasmid_files/KC845573.1_results/PROKKA_06292018:CDS	hypothetical protein	KC845573.1:c50627-49392	FIAFIKGO_00064

DiscRep_SUB:FEATURE_LOCATION_CONFLICT::Coding region xref gene does not exist
plasmid_files/KC845573.1_results/PROKKA_06292018:CDS	hypothetical protein	KC845573.1:c50929-50630	FIAFIKGO_00065

DiscRep_SUB:FEATURE_LOCATION_CONFLICT::Coding region xref gene does not exist
plasmid_files/KC845573.1_results/PROKKA_06292018:CDS	hypothetical protein	KC845573.1:c51628-50996	FIAFIKGO_00066

DiscRep_SUB:FEATURE_LOCATION_CONFLICT::Coding region xref gene does not exist
plasmid_files/KC845573.1_results/PROKKA_06292018:CDS	DNA primase TraC	KC845573.1:51676-52485	FIAFIKGO_00067

DiscRep_SUB:FEATURE_LOCATION_CONFLICT::Coding region xref gene does not exist
plasmid_files/KC845573.1_results/PROKKA_06292018:CDS	hypothetical protein	KC845573.1:c52768-52532	FIAFIKGO_00068

DiscRep_SUB:FEATURE_LOCATION_CONFLICT::Coding region xref gene does not exist
plasmid_files/KC845573.1_results/PROKKA_06292018:CDS	hypothetical protein	KC845573.1:c53419-52772	FIAFIKGO_00069

DiscRep_SUB:FEATURE_LOCATION_CONFLICT::Coding region xref gene does not exist
plasmid_files/KC845573.1_results/PROKKA_06292018:CDS	hypothetical protein	KC845573.1:c54411-53425	FIAFIKGO_00070

DiscRep_SUB:FEATURE_LOCATION_CONFLICT::Coding region xref gene does not exist
plasmid_files/KC845573.1_results/PROKKA_06292018:CDS	hypothetical protein	KC845573.1:c54672-54415	FIAFIKGO_00071

DiscRep_SUB:FEATURE_LOCATION_CONFLICT::Coding region xref gene does not exist
plasmid_files/KC845573.1_results/PROKKA_06292018:CDS	hypothetical protein	KC845573.1:c54971-54669	FIAFIKGO_00072

DiscRep_SUB:FEATURE_LOCATION_CONFLICT::Coding region xref gene does not exist
plasmid_files/KC845573.1_results/PROKKA_06292018:CDS	hypothetical protein	KC845573.1:c55202-54987	FIAFIKGO_00073

DiscRep_SUB:FEATURE_LOCATION_CONFLICT::Coding region xref gene does not exist
plasmid_files/KC845573.1_results/PROKKA_06292018:CDS	hypothetical protein	KC845573.1:c55417-55235	FIAFIKGO_00074

DiscRep_SUB:FEATURE_LOCATION_CONFLICT::Coding region xref gene does not exist
plasmid_files/KC845573.1_results/PROKKA_06292018:CDS	hypothetical protein	KC845573.1:c56048-55386	FIAFIKGO_00075

DiscRep_SUB:FEATURE_LOCATION_CONFLICT::Coding region xref gene does not exist
plasmid_files/KC845573.1_results/PROKKA_06292018:CDS	hypothetical protein	KC845573.1:c56229-56059	FIAFIKGO_00076

DiscRep_SUB:FEATURE_LOCATION_CONFLICT::Coding region xref gene does not exist
plasmid_files/KC845573.1_results/PROKKA_06292018:CDS	Inner membrane protein YbbJ	KC845573.1:c56676-56233	FIAFIKGO_00077

DiscRep_SUB:FEATURE_LOCATION_CONFLICT::Coding region xref gene does not exist
plasmid_files/KC845573.1_results/PROKKA_06292018:CDS	hypothetical protein	KC845573.1:c56978-56679	FIAFIKGO_00078

DiscRep_SUB:FEATURE_LOCATION_CONFLICT::Coding region xref gene does not exist
plasmid_files/KC845573.1_results/PROKKA_06292018:CDS	hypothetical protein	KC845573.1:c59239-57092	FIAFIKGO_00079

DiscRep_SUB:FEATURE_LOCATION_CONFLICT::Coding region xref gene does not exist
plasmid_files/KC845573.1_results/PROKKA_06292018:CDS	hypothetical protein	KC845573.1:59558-60877	FIAFIKGO_00080

DiscRep_SUB:FEATURE_LOCATION_CONFLICT::Coding region xref gene does not exist
plasmid_files/KC845573.1_results/PROKKA_06292018:CDS	Carbapenem-hydrolyzing beta-lactamase KPC	KC845573.1:c62008-61127	FIAFIKGO_00081

DiscRep_SUB:FEATURE_LOCATION_CONFLICT::Coding region xref gene does not exist
plasmid_files/KC845573.1_results/PROKKA_06292018:CDS	hypothetical protein	KC845573.1:c62398-62060	FIAFIKGO_00082

DiscRep_SUB:FEATURE_LOCATION_CONFLICT::Coding region xref gene does not exist
plasmid_files/KC845573.1_results/PROKKA_06292018:CDS	Insertion sequence IS5376 putative ATP-binding protein	KC845573.1:c63174-62395	FIAFIKGO_00083

DiscRep_SUB:FEATURE_LOCATION_CONFLICT::Coding region xref gene does not exist
plasmid_files/KC845573.1_results/PROKKA_06292018:CDS	hypothetical protein	KC845573.1:c64196-63171	FIAFIKGO_00084

DiscRep_SUB:FEATURE_LOCATION_CONFLICT::Coding region xref gene does not exist
plasmid_files/KC845573.1_results/PROKKA_06292018:CDS	hypothetical protein	KC845573.1:c67332-64303	FIAFIKGO_00085

DiscRep_SUB:FEATURE_LOCATION_CONFLICT::Coding region xref gene does not exist
plasmid_files/KC845573.1_results/PROKKA_06292018:CDS	Tyrosine recombinase XerD	KC845573.1:67442-69157	FIAFIKGO_00086

DiscRep_SUB:FEATURE_LOCATION_CONFLICT::Coding region xref gene does not exist
plasmid_files/KC845573.1_results/PROKKA_06292018:CDS	hypothetical protein	KC845573.1:c70108-69200	FIAFIKGO_00087

DiscRep_SUB:FEATURE_LOCATION_CONFLICT::Coding region xref gene does not exist
plasmid_files/KC845573.1_results/PROKKA_06292018:CDS	Transposon Tn3 resolvase	KC845573.1:70272-70829	FIAFIKGO_00088

DiscRep_SUB:FEATURE_LOCATION_CONFLICT::Coding region xref gene does not exist
plasmid_files/KC845573.1_results/PROKKA_06292018:CDS	Aminoglycoside N(6')-acetyltransferase type 1	KC845573.1:71012-71617	FIAFIKGO_00089

DiscRep_SUB:FEATURE_LOCATION_CONFLICT::Coding region xref gene does not exist
plasmid_files/KC845573.1_results/PROKKA_06292018:CDS	Streptomycin 3''-adenylyltransferase	KC845573.1:71699-72475	FIAFIKGO_00090

DiscRep_SUB:FEATURE_LOCATION_CONFLICT::Coding region xref gene does not exist
plasmid_files/KC845573.1_results/PROKKA_06292018:CDS	Beta-lactamase OXA-18	KC845573.1:72535-73359	FIAFIKGO_00091

DiscRep_SUB:FEATURE_LOCATION_CONFLICT::Coding region xref gene does not exist
plasmid_files/KC845573.1_results/PROKKA_06292018:CDS	Transposon Tn3 resolvase	KC845573.1:73625-73876	FIAFIKGO_00092

DiscRep_SUB:FEATURE_LOCATION_CONFLICT::Coding region xref gene does not exist
plasmid_files/KC845573.1_results/PROKKA_06292018:CDS	Beta-lactamase TEM	KC845573.1:74059-74919	FIAFIKGO_00093

DiscRep_SUB:FEATURE_LOCATION_CONFLICT::Coding region xref gene does not exist
plasmid_files/KC845573.1_results/PROKKA_06292018:CDS	Protein QmcA	KC845573.1:c76046-75069	FIAFIKGO_00094

DiscRep_SUB:FEATURE_LOCATION_CONFLICT::Coding region xref gene does not exist
plasmid_files/KC845573.1_results/PROKKA_06292018:CDS	Double-strand break reduction protein	KC845573.1:c76262-76068	FIAFIKGO_00095

DiscRep_SUB:FEATURE_LOCATION_CONFLICT::Coding region xref gene does not exist
plasmid_files/KC845573.1_results/PROKKA_06292018:CDS	hypothetical protein	KC845573.1:c76707-76255	FIAFIKGO_00096

DiscRep_ALL:SUSPECT_PRODUCT_NAMES::1 product_names contain suspect phrase or characters
DiscRep_SUB:SUSPECT_PRODUCT_NAMES::May contain database identifier more appropriate in note; remove from product name
DiscRep_SUB:SUSPECT_PRODUCT_NAMES::1 features Three or more numbers together
plasmid_files/KC845573.1_results/PROKKA_06292018:CDS	DnaJ-like protein MG200	KC845573.1:5743-6258	FIAFIKGO_00008

DiscRep_ALL:DISC_QUALITY_SCORES::Quality scores are missing on all sequences.

DiscRep_ALL:ONCALLER_COMMENT_PRESENT::1 comment descriptors were found (all same)
plasmid_files/KC845573.1_results/PROKKA_06292018:KC845573.1:Annotated using prokka 1.14-dev from https://github.com/tseemann/prokka

DiscRep_ALL:SHORT_PROT_SEQUENCES::1 protein sequences are shorter than 50 aa.
plasmid_files/KC845573.1_results/PROKKA_06292018:KC845573.1_18 (length 44)

DiscRep_ALL:MISSING_GENOMEASSEMBLY_COMMENTS::1 bioseqs are missing GenomeAssembly structured comments
plasmid_files/KC845573.1_results/PROKKA_06292018:KC845573.1 (length 77801)

DiscRep_ALL:MOLTYPE_NOT_MRNA::1 molecule types are not set as mRNA.
plasmid_files/KC845573.1_results/PROKKA_06292018:KC845573.1 (length 77801)

DiscRep_ALL:TECHNIQUE_NOT_TSA::1 technique are not set as TSA
plasmid_files/KC845573.1_results/PROKKA_06292018:KC845573.1 (length 77801)

DiscRep_ALL:MISSING_STRUCTURED_COMMENT::1 sequences do not include structured comments.
plasmid_files/KC845573.1_results/PROKKA_06292018:KC845573.1 (length 77801)

DiscRep_ALL:MISSING_PROJECT::97 sequences do not include project.
plasmid_files/KC845573.1_results/PROKKA_06292018:KC845573.1 (length 77801)
plasmid_files/KC845573.1_results/PROKKA_06292018:KC845573.1_1 (length 342)
plasmid_files/KC845573.1_results/PROKKA_06292018:KC845573.1_2 (length 53)
plasmid_files/KC845573.1_results/PROKKA_06292018:KC845573.1_3 (length 71)
plasmid_files/KC845573.1_results/PROKKA_06292018:KC845573.1_4 (length 190)
plasmid_files/KC845573.1_results/PROKKA_06292018:KC845573.1_5 (length 94)
plasmid_files/KC845573.1_results/PROKKA_06292018:KC845573.1_6 (length 221)
plasmid_files/KC845573.1_results/PROKKA_06292018:KC845573.1_7 (length 109)
plasmid_files/KC845573.1_results/PROKKA_06292018:KC845573.1_8 (length 171)
plasmid_files/KC845573.1_results/PROKKA_06292018:KC845573.1_9 (length 180)
plasmid_files/KC845573.1_results/PROKKA_06292018:KC845573.1_10 (length 84)
plasmid_files/KC845573.1_results/PROKKA_06292018:KC845573.1_11 (length 80)
plasmid_files/KC845573.1_results/PROKKA_06292018:KC845573.1_12 (length 107)
plasmid_files/KC845573.1_results/PROKKA_06292018:KC845573.1_13 (length 69)
plasmid_files/KC845573.1_results/PROKKA_06292018:KC845573.1_14 (length 74)
plasmid_files/KC845573.1_results/PROKKA_06292018:KC845573.1_15 (length 86)
plasmid_files/KC845573.1_results/PROKKA_06292018:KC845573.1_16 (length 79)
plasmid_files/KC845573.1_results/PROKKA_06292018:KC845573.1_17 (length 86)
plasmid_files/KC845573.1_results/PROKKA_06292018:KC845573.1_18 (length 44)
plasmid_files/KC845573.1_results/PROKKA_06292018:KC845573.1_19 (length 147)
plasmid_files/KC845573.1_results/PROKKA_06292018:KC845573.1_20 (length 60)
plasmid_files/KC845573.1_results/PROKKA_06292018:KC845573.1_21 (length 145)
plasmid_files/KC845573.1_results/PROKKA_06292018:KC845573.1_22 (length 106)
plasmid_files/KC845573.1_results/PROKKA_06292018:KC845573.1_23 (length 171)
plasmid_files/KC845573.1_results/PROKKA_06292018:KC845573.1_24 (length 87)
plasmid_files/KC845573.1_results/PROKKA_06292018:KC845573.1_25 (length 139)
plasmid_files/KC845573.1_results/PROKKA_06292018:KC845573.1_26 (length 243)
plasmid_files/KC845573.1_results/PROKKA_06292018:KC845573.1_27 (length 250)
plasmid_files/KC845573.1_results/PROKKA_06292018:KC845573.1_28 (length 133)
plasmid_files/KC845573.1_results/PROKKA_06292018:KC845573.1_29 (length 113)
plasmid_files/KC845573.1_results/PROKKA_06292018:KC845573.1_30 (length 1413)
plasmid_files/KC845573.1_results/PROKKA_06292018:KC845573.1_31 (length 146)
plasmid_files/KC845573.1_results/PROKKA_06292018:KC845573.1_32 (length 143)
plasmid_files/KC845573.1_results/PROKKA_06292018:KC845573.1_33 (length 68)
plasmid_files/KC845573.1_results/PROKKA_06292018:KC845573.1_34 (length 721)
plasmid_files/KC845573.1_results/PROKKA_06292018:KC845573.1_35 (length 195)
plasmid_files/KC845573.1_results/PROKKA_06292018:KC845573.1_36 (length 134)
plasmid_files/KC845573.1_results/PROKKA_06292018:KC845573.1_37 (length 172)
plasmid_files/KC845573.1_results/PROKKA_06292018:KC845573.1_38 (length 217)
plasmid_files/KC845573.1_results/PROKKA_06292018:KC845573.1_39 (length 374)
plasmid_files/KC845573.1_results/PROKKA_06292018:KC845573.1_40 (length 104)
plasmid_files/KC845573.1_results/PROKKA_06292018:KC845573.1_41 (length 160)
plasmid_files/KC845573.1_results/PROKKA_06292018:KC845573.1_42 (length 414)
plasmid_files/KC845573.1_results/PROKKA_06292018:KC845573.1_43 (length 211)
plasmid_files/KC845573.1_results/PROKKA_06292018:KC845573.1_44 (length 160)
plasmid_files/KC845573.1_results/PROKKA_06292018:KC845573.1_45 (length 185)
plasmid_files/KC845573.1_results/PROKKA_06292018:KC845573.1_46 (length 369)
plasmid_files/KC845573.1_results/PROKKA_06292018:KC845573.1_47 (length 512)
plasmid_files/KC845573.1_results/PROKKA_06292018:KC845573.1_48 (length 171)
plasmid_files/KC845573.1_results/PROKKA_06292018:KC845573.1_49 (length 436)
plasmid_files/KC845573.1_results/PROKKA_06292018:KC845573.1_50 (length 547)
plasmid_files/KC845573.1_results/PROKKA_06292018:KC845573.1_51 (length 172)
plasmid_files/KC845573.1_results/PROKKA_06292018:KC845573.1_52 (length 652)
plasmid_files/KC845573.1_results/PROKKA_06292018:KC845573.1_53 (length 351)
plasmid_files/KC845573.1_results/PROKKA_06292018:KC845573.1_54 (length 379)
plasmid_files/KC845573.1_results/PROKKA_06292018:KC845573.1_55 (length 256)
plasmid_files/KC845573.1_results/PROKKA_06292018:KC845573.1_56 (length 244)
plasmid_files/KC845573.1_results/PROKKA_06292018:KC845573.1_57 (length 785)
plasmid_files/KC845573.1_results/PROKKA_06292018:KC845573.1_58 (length 94)
plasmid_files/KC845573.1_results/PROKKA_06292018:KC845573.1_59 (length 96)
plasmid_files/KC845573.1_results/PROKKA_06292018:KC845573.1_60 (length 194)
plasmid_files/KC845573.1_results/PROKKA_06292018:KC845573.1_61 (length 132)
plasmid_files/KC845573.1_results/PROKKA_06292018:KC845573.1_62 (length 53)
plasmid_files/KC845573.1_results/PROKKA_06292018:KC845573.1_63 (length 145)
plasmid_files/KC845573.1_results/PROKKA_06292018:KC845573.1_64 (length 411)
plasmid_files/KC845573.1_results/PROKKA_06292018:KC845573.1_65 (length 99)
plasmid_files/KC845573.1_results/PROKKA_06292018:KC845573.1_66 (length 210)
plasmid_files/KC845573.1_results/PROKKA_06292018:KC845573.1_67 (length 269)
plasmid_files/KC845573.1_results/PROKKA_06292018:KC845573.1_68 (length 78)
plasmid_files/KC845573.1_results/PROKKA_06292018:KC845573.1_69 (length 215)
plasmid_files/KC845573.1_results/PROKKA_06292018:KC845573.1_70 (length 328)
plasmid_files/KC845573.1_results/PROKKA_06292018:KC845573.1_71 (length 85)
plasmid_files/KC845573.1_results/PROKKA_06292018:KC845573.1_72 (length 100)
plasmid_files/KC845573.1_results/PROKKA_06292018:KC845573.1_73 (length 71)
plasmid_files/KC845573.1_results/PROKKA_06292018:KC845573.1_74 (length 60)
plasmid_files/KC845573.1_results/PROKKA_06292018:KC845573.1_75 (length 220)
plasmid_files/KC845573.1_results/PROKKA_06292018:KC845573.1_76 (length 56)
plasmid_files/KC845573.1_results/PROKKA_06292018:KC845573.1_77 (length 147)
plasmid_files/KC845573.1_results/PROKKA_06292018:KC845573.1_78 (length 99)
plasmid_files/KC845573.1_results/PROKKA_06292018:KC845573.1_79 (length 715)
plasmid_files/KC845573.1_results/PROKKA_06292018:KC845573.1_80 (length 439)
plasmid_files/KC845573.1_results/PROKKA_06292018:KC845573.1_81 (length 293)
plasmid_files/KC845573.1_results/PROKKA_06292018:KC845573.1_82 (length 112)
plasmid_files/KC845573.1_results/PROKKA_06292018:KC845573.1_83 (length 259)
plasmid_files/KC845573.1_results/PROKKA_06292018:KC845573.1_84 (length 341)
plasmid_files/KC845573.1_results/PROKKA_06292018:KC845573.1_85 (length 1009)
plasmid_files/KC845573.1_results/PROKKA_06292018:KC845573.1_86 (length 571)
plasmid_files/KC845573.1_results/PROKKA_06292018:KC845573.1_87 (length 302)
plasmid_files/KC845573.1_results/PROKKA_06292018:KC845573.1_88 (length 185)
plasmid_files/KC845573.1_results/PROKKA_06292018:KC845573.1_89 (length 201)
plasmid_files/KC845573.1_results/PROKKA_06292018:KC845573.1_90 (length 258)
plasmid_files/KC845573.1_results/PROKKA_06292018:KC845573.1_91 (length 274)
plasmid_files/KC845573.1_results/PROKKA_06292018:KC845573.1_92 (length 83)
plasmid_files/KC845573.1_results/PROKKA_06292018:KC845573.1_93 (length 286)
plasmid_files/KC845573.1_results/PROKKA_06292018:KC845573.1_94 (length 325)
plasmid_files/KC845573.1_results/PROKKA_06292018:KC845573.1_95 (length 64)
plasmid_files/KC845573.1_results/PROKKA_06292018:KC845573.1_96 (length 150)

DiscRep_ALL:DISC_INCONSISTENT_MOLINFO_TECH::Molinfo Technique Report (some missing, all same)
DiscRep_SUB:DISC_INCONSISTENT_MOLINFO_TECH::technique (all missing)
DiscRep_SUB:DISC_INCONSISTENT_MOLINFO_TECH::1 Molinfos are missing field technique
plasmid_files/KC845573.1_results/PROKKA_06292018:KC845573.1 (length 77801)

