Discrepancy Report Results

Summary
FATAL: MISSING_PROTEIN_ID:200 proteins have invalid IDs.
DISC_SOURCE_QUALS_ASNDISC:strain (all present, all unique)
DISC_SOURCE_QUALS_ASNDISC:taxname (all present, all unique)
DISC_FEATURE_COUNT:CDS: 200 present
DISC_COUNT_NUCLEOTIDES:1 nucleotide Bioseqs are present
FEATURE_LOCATION_CONFLICT:200 features have inconsistent gene locations.
OVERLAPPING_CDS:2 coding regions overlap another coding region with a similar or identical name.
DISC_QUALITY_SCORES:Quality scores are missing on all sequences.
ONCALLER_COMMENT_PRESENT:1 comment descriptors were found (all same)
SHORT_PROT_SEQUENCES:5 protein sequences are shorter than 50 aa.
MISSING_GENOMEASSEMBLY_COMMENTS:1 bioseqs are missing GenomeAssembly structured comments
MOLTYPE_NOT_MRNA:1 molecule types are not set as mRNA.
TECHNIQUE_NOT_TSA:1 technique are not set as TSA
MISSING_STRUCTURED_COMMENT:1 sequences do not include structured comments.
MISSING_PROJECT:201 sequences do not include project.
DISC_INCONSISTENT_MOLINFO_TECH:Molinfo Technique Report (some missing, all same)


Detailed Report

FATAL: DiscRep_ALL:MISSING_PROTEIN_ID::200 proteins have invalid IDs.
plasmid_files/CP025009.1_results/PROKKA_06292018:CP025009.1_1 (length 336)
plasmid_files/CP025009.1_results/PROKKA_06292018:CP025009.1_2 (length 246)
plasmid_files/CP025009.1_results/PROKKA_06292018:CP025009.1_3 (length 55)
plasmid_files/CP025009.1_results/PROKKA_06292018:CP025009.1_4 (length 33)
plasmid_files/CP025009.1_results/PROKKA_06292018:CP025009.1_5 (length 318)
plasmid_files/CP025009.1_results/PROKKA_06292018:CP025009.1_6 (length 307)
plasmid_files/CP025009.1_results/PROKKA_06292018:CP025009.1_7 (length 42)
plasmid_files/CP025009.1_results/PROKKA_06292018:CP025009.1_8 (length 471)
plasmid_files/CP025009.1_results/PROKKA_06292018:CP025009.1_9 (length 63)
plasmid_files/CP025009.1_results/PROKKA_06292018:CP025009.1_10 (length 425)
plasmid_files/CP025009.1_results/PROKKA_06292018:CP025009.1_11 (length 665)
plasmid_files/CP025009.1_results/PROKKA_06292018:CP025009.1_12 (length 125)
plasmid_files/CP025009.1_results/PROKKA_06292018:CP025009.1_13 (length 293)
plasmid_files/CP025009.1_results/PROKKA_06292018:CP025009.1_14 (length 131)
plasmid_files/CP025009.1_results/PROKKA_06292018:CP025009.1_15 (length 125)
plasmid_files/CP025009.1_results/PROKKA_06292018:CP025009.1_16 (length 134)
plasmid_files/CP025009.1_results/PROKKA_06292018:CP025009.1_17 (length 143)
plasmid_files/CP025009.1_results/PROKKA_06292018:CP025009.1_18 (length 491)
plasmid_files/CP025009.1_results/PROKKA_06292018:CP025009.1_19 (length 226)
plasmid_files/CP025009.1_results/PROKKA_06292018:CP025009.1_20 (length 461)
plasmid_files/CP025009.1_results/PROKKA_06292018:CP025009.1_21 (length 117)
plasmid_files/CP025009.1_results/PROKKA_06292018:CP025009.1_22 (length 430)
plasmid_files/CP025009.1_results/PROKKA_06292018:CP025009.1_23 (length 1048)
plasmid_files/CP025009.1_results/PROKKA_06292018:CP025009.1_24 (length 146)
plasmid_files/CP025009.1_results/PROKKA_06292018:CP025009.1_25 (length 815)
plasmid_files/CP025009.1_results/PROKKA_06292018:CP025009.1_26 (length 65)
plasmid_files/CP025009.1_results/PROKKA_06292018:CP025009.1_27 (length 245)
plasmid_files/CP025009.1_results/PROKKA_06292018:CP025009.1_28 (length 149)
plasmid_files/CP025009.1_results/PROKKA_06292018:CP025009.1_29 (length 605)
plasmid_files/CP025009.1_results/PROKKA_06292018:CP025009.1_30 (length 296)
plasmid_files/CP025009.1_results/PROKKA_06292018:CP025009.1_31 (length 126)
plasmid_files/CP025009.1_results/PROKKA_06292018:CP025009.1_32 (length 309)
plasmid_files/CP025009.1_results/PROKKA_06292018:CP025009.1_33 (length 226)
plasmid_files/CP025009.1_results/PROKKA_06292018:CP025009.1_34 (length 466)
plasmid_files/CP025009.1_results/PROKKA_06292018:CP025009.1_35 (length 144)
plasmid_files/CP025009.1_results/PROKKA_06292018:CP025009.1_36 (length 216)
plasmid_files/CP025009.1_results/PROKKA_06292018:CP025009.1_37 (length 267)
plasmid_files/CP025009.1_results/PROKKA_06292018:CP025009.1_38 (length 134)
plasmid_files/CP025009.1_results/PROKKA_06292018:CP025009.1_39 (length 165)
plasmid_files/CP025009.1_results/PROKKA_06292018:CP025009.1_40 (length 108)
plasmid_files/CP025009.1_results/PROKKA_06292018:CP025009.1_41 (length 237)
plasmid_files/CP025009.1_results/PROKKA_06292018:CP025009.1_42 (length 181)
plasmid_files/CP025009.1_results/PROKKA_06292018:CP025009.1_43 (length 120)
plasmid_files/CP025009.1_results/PROKKA_06292018:CP025009.1_44 (length 446)
plasmid_files/CP025009.1_results/PROKKA_06292018:CP025009.1_45 (length 157)
plasmid_files/CP025009.1_results/PROKKA_06292018:CP025009.1_46 (length 178)
plasmid_files/CP025009.1_results/PROKKA_06292018:CP025009.1_47 (length 141)
plasmid_files/CP025009.1_results/PROKKA_06292018:CP025009.1_48 (length 429)
plasmid_files/CP025009.1_results/PROKKA_06292018:CP025009.1_49 (length 583)
plasmid_files/CP025009.1_results/PROKKA_06292018:CP025009.1_50 (length 120)
plasmid_files/CP025009.1_results/PROKKA_06292018:CP025009.1_51 (length 116)
plasmid_files/CP025009.1_results/PROKKA_06292018:CP025009.1_52 (length 89)
plasmid_files/CP025009.1_results/PROKKA_06292018:CP025009.1_53 (length 191)
plasmid_files/CP025009.1_results/PROKKA_06292018:CP025009.1_54 (length 164)
plasmid_files/CP025009.1_results/PROKKA_06292018:CP025009.1_55 (length 122)
plasmid_files/CP025009.1_results/PROKKA_06292018:CP025009.1_56 (length 67)
plasmid_files/CP025009.1_results/PROKKA_06292018:CP025009.1_57 (length 85)
plasmid_files/CP025009.1_results/PROKKA_06292018:CP025009.1_58 (length 84)
plasmid_files/CP025009.1_results/PROKKA_06292018:CP025009.1_59 (length 88)
plasmid_files/CP025009.1_results/PROKKA_06292018:CP025009.1_60 (length 160)
plasmid_files/CP025009.1_results/PROKKA_06292018:CP025009.1_61 (length 452)
plasmid_files/CP025009.1_results/PROKKA_06292018:CP025009.1_62 (length 45)
plasmid_files/CP025009.1_results/PROKKA_06292018:CP025009.1_63 (length 241)
plasmid_files/CP025009.1_results/PROKKA_06292018:CP025009.1_64 (length 101)
plasmid_files/CP025009.1_results/PROKKA_06292018:CP025009.1_65 (length 329)
plasmid_files/CP025009.1_results/PROKKA_06292018:CP025009.1_66 (length 249)
plasmid_files/CP025009.1_results/PROKKA_06292018:CP025009.1_67 (length 65)
plasmid_files/CP025009.1_results/PROKKA_06292018:CP025009.1_68 (length 931)
plasmid_files/CP025009.1_results/PROKKA_06292018:CP025009.1_69 (length 189)
plasmid_files/CP025009.1_results/PROKKA_06292018:CP025009.1_70 (length 93)
plasmid_files/CP025009.1_results/PROKKA_06292018:CP025009.1_71 (length 87)
plasmid_files/CP025009.1_results/PROKKA_06292018:CP025009.1_72 (length 84)
plasmid_files/CP025009.1_results/PROKKA_06292018:CP025009.1_73 (length 125)
plasmid_files/CP025009.1_results/PROKKA_06292018:CP025009.1_74 (length 326)
plasmid_files/CP025009.1_results/PROKKA_06292018:CP025009.1_75 (length 173)
plasmid_files/CP025009.1_results/PROKKA_06292018:CP025009.1_76 (length 211)
plasmid_files/CP025009.1_results/PROKKA_06292018:CP025009.1_77 (length 289)
plasmid_files/CP025009.1_results/PROKKA_06292018:CP025009.1_78 (length 336)
plasmid_files/CP025009.1_results/PROKKA_06292018:CP025009.1_79 (length 275)
plasmid_files/CP025009.1_results/PROKKA_06292018:CP025009.1_80 (length 287)
plasmid_files/CP025009.1_results/PROKKA_06292018:CP025009.1_81 (length 275)
plasmid_files/CP025009.1_results/PROKKA_06292018:CP025009.1_82 (length 106)
plasmid_files/CP025009.1_results/PROKKA_06292018:CP025009.1_83 (length 234)
plasmid_files/CP025009.1_results/PROKKA_06292018:CP025009.1_84 (length 369)
plasmid_files/CP025009.1_results/PROKKA_06292018:CP025009.1_85 (length 201)
plasmid_files/CP025009.1_results/PROKKA_06292018:CP025009.1_86 (length 271)
plasmid_files/CP025009.1_results/PROKKA_06292018:CP025009.1_87 (length 234)
plasmid_files/CP025009.1_results/PROKKA_06292018:CP025009.1_88 (length 273)
plasmid_files/CP025009.1_results/PROKKA_06292018:CP025009.1_89 (length 85)
plasmid_files/CP025009.1_results/PROKKA_06292018:CP025009.1_90 (length 49)
plasmid_files/CP025009.1_results/PROKKA_06292018:CP025009.1_91 (length 42)
plasmid_files/CP025009.1_results/PROKKA_06292018:CP025009.1_92 (length 654)
plasmid_files/CP025009.1_results/PROKKA_06292018:CP025009.1_93 (length 243)
plasmid_files/CP025009.1_results/PROKKA_06292018:CP025009.1_94 (length 176)
plasmid_files/CP025009.1_results/PROKKA_06292018:CP025009.1_95 (length 59)
plasmid_files/CP025009.1_results/PROKKA_06292018:CP025009.1_96 (length 125)
plasmid_files/CP025009.1_results/PROKKA_06292018:CP025009.1_97 (length 99)
plasmid_files/CP025009.1_results/PROKKA_06292018:CP025009.1_98 (length 87)
plasmid_files/CP025009.1_results/PROKKA_06292018:CP025009.1_99 (length 82)
plasmid_files/CP025009.1_results/PROKKA_06292018:CP025009.1_100 (length 1001)
plasmid_files/CP025009.1_results/PROKKA_06292018:CP025009.1_101 (length 185)
plasmid_files/CP025009.1_results/PROKKA_06292018:CP025009.1_102 (length 201)
plasmid_files/CP025009.1_results/PROKKA_06292018:CP025009.1_103 (length 85)
plasmid_files/CP025009.1_results/PROKKA_06292018:CP025009.1_104 (length 234)
plasmid_files/CP025009.1_results/PROKKA_06292018:CP025009.1_105 (length 394)
plasmid_files/CP025009.1_results/PROKKA_06292018:CP025009.1_106 (length 439)
plasmid_files/CP025009.1_results/PROKKA_06292018:CP025009.1_107 (length 293)
plasmid_files/CP025009.1_results/PROKKA_06292018:CP025009.1_108 (length 79)
plasmid_files/CP025009.1_results/PROKKA_06292018:CP025009.1_109 (length 259)
plasmid_files/CP025009.1_results/PROKKA_06292018:CP025009.1_110 (length 341)
plasmid_files/CP025009.1_results/PROKKA_06292018:CP025009.1_111 (length 1009)
plasmid_files/CP025009.1_results/PROKKA_06292018:CP025009.1_112 (length 571)
plasmid_files/CP025009.1_results/PROKKA_06292018:CP025009.1_113 (length 51)
plasmid_files/CP025009.1_results/PROKKA_06292018:CP025009.1_114 (length 330)
plasmid_files/CP025009.1_results/PROKKA_06292018:CP025009.1_115 (length 53)
plasmid_files/CP025009.1_results/PROKKA_06292018:CP025009.1_116 (length 203)
plasmid_files/CP025009.1_results/PROKKA_06292018:CP025009.1_117 (length 187)
plasmid_files/CP025009.1_results/PROKKA_06292018:CP025009.1_118 (length 285)
plasmid_files/CP025009.1_results/PROKKA_06292018:CP025009.1_119 (length 83)
plasmid_files/CP025009.1_results/PROKKA_06292018:CP025009.1_120 (length 186)
plasmid_files/CP025009.1_results/PROKKA_06292018:CP025009.1_121 (length 102)
plasmid_files/CP025009.1_results/PROKKA_06292018:CP025009.1_122 (length 216)
plasmid_files/CP025009.1_results/PROKKA_06292018:CP025009.1_123 (length 214)
plasmid_files/CP025009.1_results/PROKKA_06292018:CP025009.1_124 (length 198)
plasmid_files/CP025009.1_results/PROKKA_06292018:CP025009.1_125 (length 197)
plasmid_files/CP025009.1_results/PROKKA_06292018:CP025009.1_126 (length 241)
plasmid_files/CP025009.1_results/PROKKA_06292018:CP025009.1_127 (length 1753)
plasmid_files/CP025009.1_results/PROKKA_06292018:CP025009.1_128 (length 770)
plasmid_files/CP025009.1_results/PROKKA_06292018:CP025009.1_129 (length 229)
plasmid_files/CP025009.1_results/PROKKA_06292018:CP025009.1_130 (length 243)
plasmid_files/CP025009.1_results/PROKKA_06292018:CP025009.1_131 (length 182)
plasmid_files/CP025009.1_results/PROKKA_06292018:CP025009.1_132 (length 949)
plasmid_files/CP025009.1_results/PROKKA_06292018:CP025009.1_133 (length 456)
plasmid_files/CP025009.1_results/PROKKA_06292018:CP025009.1_134 (length 142)
plasmid_files/CP025009.1_results/PROKKA_06292018:CP025009.1_135 (length 190)
plasmid_files/CP025009.1_results/PROKKA_06292018:CP025009.1_136 (length 79)
plasmid_files/CP025009.1_results/PROKKA_06292018:CP025009.1_137 (length 250)
plasmid_files/CP025009.1_results/PROKKA_06292018:CP025009.1_138 (length 108)
plasmid_files/CP025009.1_results/PROKKA_06292018:CP025009.1_139 (length 61)
plasmid_files/CP025009.1_results/PROKKA_06292018:CP025009.1_140 (length 78)
plasmid_files/CP025009.1_results/PROKKA_06292018:CP025009.1_141 (length 668)
plasmid_files/CP025009.1_results/PROKKA_06292018:CP025009.1_142 (length 212)
plasmid_files/CP025009.1_results/PROKKA_06292018:CP025009.1_143 (length 330)
plasmid_files/CP025009.1_results/PROKKA_06292018:CP025009.1_144 (length 208)
plasmid_files/CP025009.1_results/PROKKA_06292018:CP025009.1_145 (length 129)
plasmid_files/CP025009.1_results/PROKKA_06292018:CP025009.1_146 (length 879)
plasmid_files/CP025009.1_results/PROKKA_06292018:CP025009.1_147 (length 130)
plasmid_files/CP025009.1_results/PROKKA_06292018:CP025009.1_148 (length 134)
plasmid_files/CP025009.1_results/PROKKA_06292018:CP025009.1_149 (length 105)
plasmid_files/CP025009.1_results/PROKKA_06292018:CP025009.1_150 (length 72)
plasmid_files/CP025009.1_results/PROKKA_06292018:CP025009.1_151 (length 96)
plasmid_files/CP025009.1_results/PROKKA_06292018:CP025009.1_152 (length 136)
plasmid_files/CP025009.1_results/PROKKA_06292018:CP025009.1_153 (length 189)
plasmid_files/CP025009.1_results/PROKKA_06292018:CP025009.1_154 (length 198)
plasmid_files/CP025009.1_results/PROKKA_06292018:CP025009.1_155 (length 474)
plasmid_files/CP025009.1_results/PROKKA_06292018:CP025009.1_156 (length 246)
plasmid_files/CP025009.1_results/PROKKA_06292018:CP025009.1_157 (length 188)
plasmid_files/CP025009.1_results/PROKKA_06292018:CP025009.1_158 (length 101)
plasmid_files/CP025009.1_results/PROKKA_06292018:CP025009.1_159 (length 122)
plasmid_files/CP025009.1_results/PROKKA_06292018:CP025009.1_160 (length 126)
plasmid_files/CP025009.1_results/PROKKA_06292018:CP025009.1_161 (length 231)
plasmid_files/CP025009.1_results/PROKKA_06292018:CP025009.1_162 (length 130)
plasmid_files/CP025009.1_results/PROKKA_06292018:CP025009.1_163 (length 161)
plasmid_files/CP025009.1_results/PROKKA_06292018:CP025009.1_164 (length 104)
plasmid_files/CP025009.1_results/PROKKA_06292018:CP025009.1_165 (length 273)
plasmid_files/CP025009.1_results/PROKKA_06292018:CP025009.1_166 (length 137)
plasmid_files/CP025009.1_results/PROKKA_06292018:CP025009.1_167 (length 92)
plasmid_files/CP025009.1_results/PROKKA_06292018:CP025009.1_168 (length 116)
plasmid_files/CP025009.1_results/PROKKA_06292018:CP025009.1_169 (length 74)
plasmid_files/CP025009.1_results/PROKKA_06292018:CP025009.1_170 (length 70)
plasmid_files/CP025009.1_results/PROKKA_06292018:CP025009.1_171 (length 118)
plasmid_files/CP025009.1_results/PROKKA_06292018:CP025009.1_172 (length 116)
plasmid_files/CP025009.1_results/PROKKA_06292018:CP025009.1_173 (length 90)
plasmid_files/CP025009.1_results/PROKKA_06292018:CP025009.1_174 (length 53)
plasmid_files/CP025009.1_results/PROKKA_06292018:CP025009.1_175 (length 359)
plasmid_files/CP025009.1_results/PROKKA_06292018:CP025009.1_176 (length 124)
plasmid_files/CP025009.1_results/PROKKA_06292018:CP025009.1_177 (length 108)
plasmid_files/CP025009.1_results/PROKKA_06292018:CP025009.1_178 (length 242)
plasmid_files/CP025009.1_results/PROKKA_06292018:CP025009.1_179 (length 143)
plasmid_files/CP025009.1_results/PROKKA_06292018:CP025009.1_180 (length 678)
plasmid_files/CP025009.1_results/PROKKA_06292018:CP025009.1_181 (length 82)
plasmid_files/CP025009.1_results/PROKKA_06292018:CP025009.1_182 (length 180)
plasmid_files/CP025009.1_results/PROKKA_06292018:CP025009.1_183 (length 109)
plasmid_files/CP025009.1_results/PROKKA_06292018:CP025009.1_184 (length 187)
plasmid_files/CP025009.1_results/PROKKA_06292018:CP025009.1_185 (length 451)
plasmid_files/CP025009.1_results/PROKKA_06292018:CP025009.1_186 (length 76)
plasmid_files/CP025009.1_results/PROKKA_06292018:CP025009.1_187 (length 75)
plasmid_files/CP025009.1_results/PROKKA_06292018:CP025009.1_188 (length 105)
plasmid_files/CP025009.1_results/PROKKA_06292018:CP025009.1_189 (length 84)
plasmid_files/CP025009.1_results/PROKKA_06292018:CP025009.1_190 (length 141)
plasmid_files/CP025009.1_results/PROKKA_06292018:CP025009.1_191 (length 52)
plasmid_files/CP025009.1_results/PROKKA_06292018:CP025009.1_192 (length 172)
plasmid_files/CP025009.1_results/PROKKA_06292018:CP025009.1_193 (length 495)
plasmid_files/CP025009.1_results/PROKKA_06292018:CP025009.1_194 (length 141)
plasmid_files/CP025009.1_results/PROKKA_06292018:CP025009.1_195 (length 423)
plasmid_files/CP025009.1_results/PROKKA_06292018:CP025009.1_196 (length 285)
plasmid_files/CP025009.1_results/PROKKA_06292018:CP025009.1_197 (length 94)
plasmid_files/CP025009.1_results/PROKKA_06292018:CP025009.1_198 (length 320)
plasmid_files/CP025009.1_results/PROKKA_06292018:CP025009.1_199 (length 323)
plasmid_files/CP025009.1_results/PROKKA_06292018:CP025009.1_200 (length 388)

DiscRep_ALL:DISC_SOURCE_QUALS_ASNDISC::strain (all present, all unique)
DiscRep_SUB:DISC_SOURCE_QUALS_ASNDISC::1 sources have unique values for strain
DiscRep_ALL:DISC_SOURCE_QUALS_ASNDISC::taxname (all present, all unique)
DiscRep_SUB:DISC_SOURCE_QUALS_ASNDISC::1 sources have unique values for taxname
DiscRep_ALL:DISC_FEATURE_COUNT::CDS: 200 present
DiscRep_ALL:DISC_COUNT_NUCLEOTIDES::1 nucleotide Bioseqs are present
plasmid_files/CP025009.1_results/PROKKA_06292018:CP025009.1 (length 176049)

DiscRep_ALL:FEATURE_LOCATION_CONFLICT::200 features have inconsistent gene locations.
DiscRep_SUB:FEATURE_LOCATION_CONFLICT::Coding region xref gene does not exist
plasmid_files/CP025009.1_results/PROKKA_06292018:CDS	RepFIB replication protein A	CP025009.1:51-1061	NDGGMLKM_00001

DiscRep_SUB:FEATURE_LOCATION_CONFLICT::Coding region xref gene does not exist
plasmid_files/CP025009.1_results/PROKKA_06292018:CDS	Tyrosine recombinase XerD	CP025009.1:c2518-1778	NDGGMLKM_00002

DiscRep_SUB:FEATURE_LOCATION_CONFLICT::Coding region xref gene does not exist
plasmid_files/CP025009.1_results/PROKKA_06292018:CDS	hypothetical protein	CP025009.1:2551-2718	NDGGMLKM_00003

DiscRep_SUB:FEATURE_LOCATION_CONFLICT::Coding region xref gene does not exist
plasmid_files/CP025009.1_results/PROKKA_06292018:CDS	hypothetical protein	CP025009.1:2761-2862	NDGGMLKM_00004

DiscRep_SUB:FEATURE_LOCATION_CONFLICT::Coding region xref gene does not exist
plasmid_files/CP025009.1_results/PROKKA_06292018:CDS	Diguanylate cyclase DgcP	CP025009.1:3653-4609	NDGGMLKM_00005

DiscRep_SUB:FEATURE_LOCATION_CONFLICT::Coding region xref gene does not exist
plasmid_files/CP025009.1_results/PROKKA_06292018:CDS	hypothetical protein	CP025009.1:5012-5935	NDGGMLKM_00006

DiscRep_SUB:FEATURE_LOCATION_CONFLICT::Coding region xref gene does not exist
plasmid_files/CP025009.1_results/PROKKA_06292018:CDS	hypothetical protein	CP025009.1:7342-7470	NDGGMLKM_00007

DiscRep_SUB:FEATURE_LOCATION_CONFLICT::Coding region xref gene does not exist
plasmid_files/CP025009.1_results/PROKKA_06292018:CDS	putative cyclic di-GMP phosphodiesterase PdeB	CP025009.1:7506-8921	NDGGMLKM_00008

DiscRep_SUB:FEATURE_LOCATION_CONFLICT::Coding region xref gene does not exist
plasmid_files/CP025009.1_results/PROKKA_06292018:CDS	hypothetical protein	CP025009.1:c9869-9678	NDGGMLKM_00009

DiscRep_SUB:FEATURE_LOCATION_CONFLICT::Coding region xref gene does not exist
plasmid_files/CP025009.1_results/PROKKA_06292018:CDS	hypothetical protein	CP025009.1:c11181-9904	NDGGMLKM_00010

DiscRep_SUB:FEATURE_LOCATION_CONFLICT::Coding region xref gene does not exist
plasmid_files/CP025009.1_results/PROKKA_06292018:CDS	Glycine betaine transporter	CP025009.1:c13241-11244	NDGGMLKM_00011

DiscRep_SUB:FEATURE_LOCATION_CONFLICT::Coding region xref gene does not exist
plasmid_files/CP025009.1_results/PROKKA_06292018:CDS	hypothetical protein	CP025009.1:c13770-13393	NDGGMLKM_00012

DiscRep_SUB:FEATURE_LOCATION_CONFLICT::Coding region xref gene does not exist
plasmid_files/CP025009.1_results/PROKKA_06292018:CDS	hypothetical protein	CP025009.1:c15162-14281	NDGGMLKM_00013

DiscRep_SUB:FEATURE_LOCATION_CONFLICT::Coding region xref gene does not exist
plasmid_files/CP025009.1_results/PROKKA_06292018:CDS	hypothetical protein	CP025009.1:c15515-15120	NDGGMLKM_00014

DiscRep_SUB:FEATURE_LOCATION_CONFLICT::Coding region xref gene does not exist
plasmid_files/CP025009.1_results/PROKKA_06292018:CDS	hypothetical protein	CP025009.1:15686-16063	NDGGMLKM_00015

DiscRep_SUB:FEATURE_LOCATION_CONFLICT::Coding region xref gene does not exist
plasmid_files/CP025009.1_results/PROKKA_06292018:CDS	hypothetical protein	CP025009.1:16217-16621	NDGGMLKM_00016

DiscRep_SUB:FEATURE_LOCATION_CONFLICT::Coding region xref gene does not exist
plasmid_files/CP025009.1_results/PROKKA_06292018:CDS	Silver-binding protein SilE	CP025009.1:c17348-16917	NDGGMLKM_00017

DiscRep_SUB:FEATURE_LOCATION_CONFLICT::Coding region xref gene does not exist
plasmid_files/CP025009.1_results/PROKKA_06292018:CDS	Sensor kinase CusS	CP025009.1:c19074-17599	NDGGMLKM_00018

DiscRep_SUB:FEATURE_LOCATION_CONFLICT::Coding region xref gene does not exist
plasmid_files/CP025009.1_results/PROKKA_06292018:CDS	Transcriptional regulatory protein CusR	CP025009.1:c19747-19067	NDGGMLKM_00019

DiscRep_SUB:FEATURE_LOCATION_CONFLICT::Coding region xref gene does not exist
plasmid_files/CP025009.1_results/PROKKA_06292018:CDS	Cation efflux system protein CusC	CP025009.1:19937-21322	NDGGMLKM_00020

DiscRep_SUB:FEATURE_LOCATION_CONFLICT::Coding region xref gene does not exist
plasmid_files/CP025009.1_results/PROKKA_06292018:CDS	Cation efflux system protein CusF	CP025009.1:21351-21704	NDGGMLKM_00021

DiscRep_SUB:FEATURE_LOCATION_CONFLICT::Coding region xref gene does not exist
plasmid_files/CP025009.1_results/PROKKA_06292018:CDS	Cation efflux system protein CusB	CP025009.1:21818-23110	NDGGMLKM_00022

DiscRep_SUB:FEATURE_LOCATION_CONFLICT::Coding region xref gene does not exist
plasmid_files/CP025009.1_results/PROKKA_06292018:CDS	Cation efflux system protein CusA	CP025009.1:23121-26267	NDGGMLKM_00023

DiscRep_SUB:FEATURE_LOCATION_CONFLICT::Coding region xref gene does not exist
plasmid_files/CP025009.1_results/PROKKA_06292018:CDS	hypothetical protein	CP025009.1:26354-26794	NDGGMLKM_00024

DiscRep_SUB:FEATURE_LOCATION_CONFLICT::Coding region xref gene does not exist
plasmid_files/CP025009.1_results/PROKKA_06292018:CDS	Silver exporting P-type ATPase	CP025009.1:26921-29368	NDGGMLKM_00025

DiscRep_SUB:FEATURE_LOCATION_CONFLICT::Coding region xref gene does not exist
plasmid_files/CP025009.1_results/PROKKA_06292018:CDS	hypothetical protein	CP025009.1:29409-29606	NDGGMLKM_00026

DiscRep_SUB:FEATURE_LOCATION_CONFLICT::Coding region xref gene does not exist
plasmid_files/CP025009.1_results/PROKKA_06292018:CDS	Murein DD-endopeptidase MepM	CP025009.1:c30377-29640	NDGGMLKM_00027

DiscRep_SUB:FEATURE_LOCATION_CONFLICT::Coding region xref gene does not exist
plasmid_files/CP025009.1_results/PROKKA_06292018:CDS	Silver-binding protein SilE	CP025009.1:c31115-30666	NDGGMLKM_00028

DiscRep_SUB:FEATURE_LOCATION_CONFLICT::Coding region xref gene does not exist
plasmid_files/CP025009.1_results/PROKKA_06292018:CDS	Copper resistance protein A	CP025009.1:31349-33166	NDGGMLKM_00029

DiscRep_SUB:FEATURE_LOCATION_CONFLICT::Coding region xref gene does not exist
plasmid_files/CP025009.1_results/PROKKA_06292018:CDS	Copper resistance protein B	CP025009.1:33172-34062	NDGGMLKM_00030

DiscRep_SUB:FEATURE_LOCATION_CONFLICT::Coding region xref gene does not exist
plasmid_files/CP025009.1_results/PROKKA_06292018:CDS	Copper resistance protein C	CP025009.1:34102-34482	NDGGMLKM_00031

DiscRep_SUB:FEATURE_LOCATION_CONFLICT::Coding region xref gene does not exist
plasmid_files/CP025009.1_results/PROKKA_06292018:CDS	Copper resistance protein D	CP025009.1:34487-35416	NDGGMLKM_00032

DiscRep_SUB:FEATURE_LOCATION_CONFLICT::Coding region xref gene does not exist
plasmid_files/CP025009.1_results/PROKKA_06292018:CDS	Transcriptional activator protein CopR	CP025009.1:35471-36151	NDGGMLKM_00033

DiscRep_SUB:FEATURE_LOCATION_CONFLICT::Coding region xref gene does not exist
plasmid_files/CP025009.1_results/PROKKA_06292018:CDS	Sensor kinase CusS	CP025009.1:36148-37548	NDGGMLKM_00034

DiscRep_SUB:FEATURE_LOCATION_CONFLICT::Coding region xref gene does not exist
plasmid_files/CP025009.1_results/PROKKA_06292018:CDS	putative copper-binding protein PcoE	CP025009.1:37765-38199	NDGGMLKM_00035

DiscRep_SUB:FEATURE_LOCATION_CONFLICT::Coding region xref gene does not exist
plasmid_files/CP025009.1_results/PROKKA_06292018:CDS	hypothetical protein	CP025009.1:c39321-38671	NDGGMLKM_00036

DiscRep_SUB:FEATURE_LOCATION_CONFLICT::Coding region xref gene does not exist
plasmid_files/CP025009.1_results/PROKKA_06292018:CDS	hypothetical protein	CP025009.1:c40279-39476	NDGGMLKM_00037

DiscRep_SUB:FEATURE_LOCATION_CONFLICT::Coding region xref gene does not exist
plasmid_files/CP025009.1_results/PROKKA_06292018:CDS	Aquaporin Z 2	CP025009.1:40458-40862	NDGGMLKM_00038

DiscRep_SUB:FEATURE_LOCATION_CONFLICT::Coding region xref gene does not exist
plasmid_files/CP025009.1_results/PROKKA_06292018:CDS	Putative phosphinothricin acetyltransferase YwnH	CP025009.1:c41409-40912	NDGGMLKM_00039

DiscRep_SUB:FEATURE_LOCATION_CONFLICT::Coding region xref gene does not exist
plasmid_files/CP025009.1_results/PROKKA_06292018:CDS	hypothetical protein	CP025009.1:41741-42067	NDGGMLKM_00040

DiscRep_SUB:FEATURE_LOCATION_CONFLICT::Coding region xref gene does not exist
plasmid_files/CP025009.1_results/PROKKA_06292018:CDS	NADPH-dependent FMN reductase ArsH	CP025009.1:42064-42777	NDGGMLKM_00041

DiscRep_SUB:FEATURE_LOCATION_CONFLICT::Coding region xref gene does not exist
plasmid_files/CP025009.1_results/PROKKA_06292018:CDS	ECF RNA polymerase sigma factor SigL	CP025009.1:42786-43331	NDGGMLKM_00042

DiscRep_SUB:FEATURE_LOCATION_CONFLICT::Coding region xref gene does not exist
plasmid_files/CP025009.1_results/PROKKA_06292018:CDS	Arsenical resistance operon trans-acting repressor ArsD	CP025009.1:43407-43769	NDGGMLKM_00043

DiscRep_SUB:FEATURE_LOCATION_CONFLICT::Coding region xref gene does not exist
plasmid_files/CP025009.1_results/PROKKA_06292018:CDS	Arsenical pump-driving ATPase	CP025009.1:43788-45128	NDGGMLKM_00044

DiscRep_SUB:FEATURE_LOCATION_CONFLICT::Coding region xref gene does not exist
plasmid_files/CP025009.1_results/PROKKA_06292018:CDS	Arsenical pump-driving ATPase	CP025009.1:45071-45544	NDGGMLKM_00045

DiscRep_SUB:FEATURE_LOCATION_CONFLICT::Coding region xref gene does not exist
plasmid_files/CP025009.1_results/PROKKA_06292018:CDS	L-methionine sulfoximine/L-methionine sulfone acetyltransferase	CP025009.1:45666-46202	NDGGMLKM_00046

DiscRep_SUB:FEATURE_LOCATION_CONFLICT::Coding region xref gene does not exist
plasmid_files/CP025009.1_results/PROKKA_06292018:CDS	Arsenate reductase	CP025009.1:c46660-46235	NDGGMLKM_00047

DiscRep_SUB:FEATURE_LOCATION_CONFLICT::Coding region xref gene does not exist
plasmid_files/CP025009.1_results/PROKKA_06292018:CDS	Arsenical pump membrane protein	CP025009.1:c47962-46673	NDGGMLKM_00048

DiscRep_SUB:FEATURE_LOCATION_CONFLICT::Coding region xref gene does not exist
plasmid_files/CP025009.1_results/PROKKA_06292018:CDS	Arsenical pump-driving ATPase	CP025009.1:c49761-48010	NDGGMLKM_00049

DiscRep_SUB:FEATURE_LOCATION_CONFLICT::Coding region xref gene does not exist
plasmid_files/CP025009.1_results/PROKKA_06292018:CDS	Arsenical resistance operon trans-acting repressor ArsD	CP025009.1:c50141-49779	NDGGMLKM_00050

DiscRep_SUB:FEATURE_LOCATION_CONFLICT::Coding region xref gene does not exist
plasmid_files/CP025009.1_results/PROKKA_06292018:CDS	Arsenic resistance transcriptional regulator ArsR2	CP025009.1:c50541-50191	NDGGMLKM_00051

DiscRep_SUB:FEATURE_LOCATION_CONFLICT::Coding region xref gene does not exist
plasmid_files/CP025009.1_results/PROKKA_06292018:CDS	hypothetical protein	CP025009.1:50899-51168	NDGGMLKM_00052

DiscRep_SUB:FEATURE_LOCATION_CONFLICT::Coding region xref gene does not exist
plasmid_files/CP025009.1_results/PROKKA_06292018:CDS	hypothetical protein	CP025009.1:51156-51731	NDGGMLKM_00053

DiscRep_SUB:FEATURE_LOCATION_CONFLICT::Coding region xref gene does not exist
plasmid_files/CP025009.1_results/PROKKA_06292018:CDS	hypothetical protein	CP025009.1:51762-52256	NDGGMLKM_00054

DiscRep_SUB:FEATURE_LOCATION_CONFLICT::Coding region xref gene does not exist
plasmid_files/CP025009.1_results/PROKKA_06292018:CDS	hypothetical protein	CP025009.1:52300-52668	NDGGMLKM_00055

DiscRep_SUB:FEATURE_LOCATION_CONFLICT::Coding region xref gene does not exist
plasmid_files/CP025009.1_results/PROKKA_06292018:CDS	Modulating protein YmoA	CP025009.1:52702-52905	NDGGMLKM_00056

DiscRep_SUB:FEATURE_LOCATION_CONFLICT::Coding region xref gene does not exist
plasmid_files/CP025009.1_results/PROKKA_06292018:CDS	hypothetical protein	CP025009.1:52954-53211	NDGGMLKM_00057

DiscRep_SUB:FEATURE_LOCATION_CONFLICT::Coding region xref gene does not exist
plasmid_files/CP025009.1_results/PROKKA_06292018:CDS	hypothetical protein	CP025009.1:53287-53541	NDGGMLKM_00058

DiscRep_SUB:FEATURE_LOCATION_CONFLICT::Coding region xref gene does not exist
plasmid_files/CP025009.1_results/PROKKA_06292018:CDS	hypothetical protein	CP025009.1:53717-53983	NDGGMLKM_00059

DiscRep_SUB:FEATURE_LOCATION_CONFLICT::Coding region xref gene does not exist
plasmid_files/CP025009.1_results/PROKKA_06292018:CDS	hypothetical protein	CP025009.1:53971-54453	NDGGMLKM_00060

DiscRep_SUB:FEATURE_LOCATION_CONFLICT::Coding region xref gene does not exist
plasmid_files/CP025009.1_results/PROKKA_06292018:CDS	hypothetical protein	CP025009.1:54653-56011	NDGGMLKM_00061

DiscRep_SUB:FEATURE_LOCATION_CONFLICT::Coding region xref gene does not exist
plasmid_files/CP025009.1_results/PROKKA_06292018:CDS	hypothetical protein	CP025009.1:c56345-56208	NDGGMLKM_00062

DiscRep_SUB:FEATURE_LOCATION_CONFLICT::Coding region xref gene does not exist
plasmid_files/CP025009.1_results/PROKKA_06292018:CDS	hypothetical protein	CP025009.1:c57237-56512	NDGGMLKM_00063

DiscRep_SUB:FEATURE_LOCATION_CONFLICT::Coding region xref gene does not exist
plasmid_files/CP025009.1_results/PROKKA_06292018:CDS	hypothetical protein	CP025009.1:c57539-57234	NDGGMLKM_00064

DiscRep_SUB:FEATURE_LOCATION_CONFLICT::Coding region xref gene does not exist
plasmid_files/CP025009.1_results/PROKKA_06292018:CDS	Protease HtpX	CP025009.1:c58843-57854	NDGGMLKM_00065

DiscRep_SUB:FEATURE_LOCATION_CONFLICT::Coding region xref gene does not exist
plasmid_files/CP025009.1_results/PROKKA_06292018:CDS	hypothetical protein	CP025009.1:c59552-58803	NDGGMLKM_00066

DiscRep_SUB:FEATURE_LOCATION_CONFLICT::Coding region xref gene does not exist
plasmid_files/CP025009.1_results/PROKKA_06292018:CDS	hypothetical protein	CP025009.1:c59987-59790	NDGGMLKM_00067

DiscRep_SUB:FEATURE_LOCATION_CONFLICT::Coding region xref gene does not exist
plasmid_files/CP025009.1_results/PROKKA_06292018:CDS	ATP-dependent Clp protease ATP-binding subunit ClpC	CP025009.1:c62782-59987	NDGGMLKM_00068

DiscRep_SUB:FEATURE_LOCATION_CONFLICT::Coding region xref gene does not exist
plasmid_files/CP025009.1_results/PROKKA_06292018:CDS	Spore protein SP21	CP025009.1:c63466-62897	NDGGMLKM_00069

DiscRep_SUB:FEATURE_LOCATION_CONFLICT::Coding region xref gene does not exist
plasmid_files/CP025009.1_results/PROKKA_06292018:CDS	hypothetical protein	CP025009.1:c63782-63501	NDGGMLKM_00070

DiscRep_SUB:FEATURE_LOCATION_CONFLICT::Coding region xref gene does not exist
plasmid_files/CP025009.1_results/PROKKA_06292018:CDS	hypothetical protein	CP025009.1:c64289-64026	NDGGMLKM_00071

DiscRep_SUB:FEATURE_LOCATION_CONFLICT::Coding region xref gene does not exist
plasmid_files/CP025009.1_results/PROKKA_06292018:CDS	hypothetical protein	CP025009.1:c64543-64289	NDGGMLKM_00072

DiscRep_SUB:FEATURE_LOCATION_CONFLICT::Coding region xref gene does not exist
plasmid_files/CP025009.1_results/PROKKA_06292018:CDS	hypothetical protein	CP025009.1:65133-65510	NDGGMLKM_00073

DiscRep_SUB:FEATURE_LOCATION_CONFLICT::Coding region xref gene does not exist
plasmid_files/CP025009.1_results/PROKKA_06292018:CDS	hypothetical protein	CP025009.1:65769-66749	NDGGMLKM_00074

DiscRep_SUB:FEATURE_LOCATION_CONFLICT::Coding region xref gene does not exist
plasmid_files/CP025009.1_results/PROKKA_06292018:CDS	hypothetical protein	CP025009.1:66731-67252	NDGGMLKM_00075

DiscRep_SUB:FEATURE_LOCATION_CONFLICT::Coding region xref gene does not exist
plasmid_files/CP025009.1_results/PROKKA_06292018:CDS	hypothetical protein	CP025009.1:c67850-67215	NDGGMLKM_00076

DiscRep_SUB:FEATURE_LOCATION_CONFLICT::Coding region xref gene does not exist
plasmid_files/CP025009.1_results/PROKKA_06292018:CDS	HTH-type transcriptional activator CmpR	CP025009.1:c68827-67958	NDGGMLKM_00077

DiscRep_SUB:FEATURE_LOCATION_CONFLICT::Coding region xref gene does not exist
plasmid_files/CP025009.1_results/PROKKA_06292018:CDS	Phosphonate dehydrogenase	CP025009.1:c69831-68821	NDGGMLKM_00078

DiscRep_SUB:FEATURE_LOCATION_CONFLICT::Coding region xref gene does not exist
plasmid_files/CP025009.1_results/PROKKA_06292018:CDS	Phosphate-import permease protein PhnE	CP025009.1:c70667-69840	NDGGMLKM_00079

DiscRep_SUB:FEATURE_LOCATION_CONFLICT::Coding region xref gene does not exist
plasmid_files/CP025009.1_results/PROKKA_06292018:CDS	putative phosphite transport system-binding protein PtxB	CP025009.1:c71539-70676	NDGGMLKM_00080

DiscRep_SUB:FEATURE_LOCATION_CONFLICT::Coding region xref gene does not exist
plasmid_files/CP025009.1_results/PROKKA_06292018:CDS	Glutamine transport ATP-binding protein GlnQ	CP025009.1:c72363-71536	NDGGMLKM_00081

DiscRep_SUB:FEATURE_LOCATION_CONFLICT::Coding region xref gene does not exist
plasmid_files/CP025009.1_results/PROKKA_06292018:CDS	hypothetical protein	CP025009.1:72705-73025	NDGGMLKM_00082

DiscRep_SUB:FEATURE_LOCATION_CONFLICT::Coding region xref gene does not exist
plasmid_files/CP025009.1_results/PROKKA_06292018:CDS	hypothetical protein	CP025009.1:c73923-73219	NDGGMLKM_00083

DiscRep_SUB:FEATURE_LOCATION_CONFLICT::Coding region xref gene does not exist
plasmid_files/CP025009.1_results/PROKKA_06292018:CDS	hypothetical protein	CP025009.1:74070-75179	NDGGMLKM_00084

DiscRep_SUB:FEATURE_LOCATION_CONFLICT::Coding region xref gene does not exist
plasmid_files/CP025009.1_results/PROKKA_06292018:CDS	hypothetical protein	CP025009.1:75290-75895	NDGGMLKM_00085

DiscRep_SUB:FEATURE_LOCATION_CONFLICT::Coding region xref gene does not exist
plasmid_files/CP025009.1_results/PROKKA_06292018:CDS	Aminoglycoside 3'-phosphotransferase	CP025009.1:c76900-76085	NDGGMLKM_00086

DiscRep_SUB:FEATURE_LOCATION_CONFLICT::Coding region xref gene does not exist
plasmid_files/CP025009.1_results/PROKKA_06292018:CDS	hypothetical protein	CP025009.1:77051-77755	NDGGMLKM_00087

DiscRep_SUB:FEATURE_LOCATION_CONFLICT::Coding region xref gene does not exist
plasmid_files/CP025009.1_results/PROKKA_06292018:CDS	Colicin-E3	CP025009.1:78096-78917	NDGGMLKM_00088

DiscRep_SUB:FEATURE_LOCATION_CONFLICT::Coding region xref gene does not exist
plasmid_files/CP025009.1_results/PROKKA_06292018:CDS	Cloacin immunity protein	CP025009.1:78927-79184	NDGGMLKM_00089

DiscRep_SUB:FEATURE_LOCATION_CONFLICT::Coding region xref gene does not exist
plasmid_files/CP025009.1_results/PROKKA_06292018:CDS	Lysis protein for colicin N	CP025009.1:79269-79418	NDGGMLKM_00090

DiscRep_SUB:FEATURE_LOCATION_CONFLICT::Coding region xref gene does not exist
plasmid_files/CP025009.1_results/PROKKA_06292018:CDS	hypothetical protein	CP025009.1:80059-80187	NDGGMLKM_00091

DiscRep_SUB:FEATURE_LOCATION_CONFLICT::Coding region xref gene does not exist
plasmid_files/CP025009.1_results/PROKKA_06292018:CDS	hypothetical protein	CP025009.1:80899-82863	NDGGMLKM_00092

DiscRep_SUB:FEATURE_LOCATION_CONFLICT::Coding region xref gene does not exist
plasmid_files/CP025009.1_results/PROKKA_06292018:CDS	hypothetical protein	CP025009.1:82863-83594	NDGGMLKM_00093

DiscRep_SUB:FEATURE_LOCATION_CONFLICT::Coding region xref gene does not exist
plasmid_files/CP025009.1_results/PROKKA_06292018:CDS	hypothetical protein	CP025009.1:83601-84131	NDGGMLKM_00094

DiscRep_SUB:FEATURE_LOCATION_CONFLICT::Coding region xref gene does not exist
plasmid_files/CP025009.1_results/PROKKA_06292018:CDS	Regulatory protein rop	CP025009.1:c84338-84159	NDGGMLKM_00095

DiscRep_SUB:FEATURE_LOCATION_CONFLICT::Coding region xref gene does not exist
plasmid_files/CP025009.1_results/PROKKA_06292018:CDS	hypothetical protein	CP025009.1:84407-84784	NDGGMLKM_00096

DiscRep_SUB:FEATURE_LOCATION_CONFLICT::Coding region xref gene does not exist
plasmid_files/CP025009.1_results/PROKKA_06292018:CDS	hypothetical protein	CP025009.1:c85145-84846	NDGGMLKM_00097

DiscRep_SUB:FEATURE_LOCATION_CONFLICT::Coding region xref gene does not exist
plasmid_files/CP025009.1_results/PROKKA_06292018:CDS	hypothetical protein	CP025009.1:c85398-85135	NDGGMLKM_00098

DiscRep_SUB:FEATURE_LOCATION_CONFLICT::Coding region xref gene does not exist
plasmid_files/CP025009.1_results/PROKKA_06292018:CDS	hypothetical protein	CP025009.1:c85952-85704	NDGGMLKM_00099

DiscRep_SUB:FEATURE_LOCATION_CONFLICT::Coding region xref gene does not exist
plasmid_files/CP025009.1_results/PROKKA_06292018:CDS	hypothetical protein	CP025009.1:c89034-86029	NDGGMLKM_00100

DiscRep_SUB:FEATURE_LOCATION_CONFLICT::Coding region xref gene does not exist
plasmid_files/CP025009.1_results/PROKKA_06292018:CDS	Transposon Tn3 resolvase	CP025009.1:89196-89753	NDGGMLKM_00101

DiscRep_SUB:FEATURE_LOCATION_CONFLICT::Coding region xref gene does not exist
plasmid_files/CP025009.1_results/PROKKA_06292018:CDS	Aminoglycoside N(6')-acetyltransferase type 1	CP025009.1:89936-90541	NDGGMLKM_00102

DiscRep_SUB:FEATURE_LOCATION_CONFLICT::Coding region xref gene does not exist
plasmid_files/CP025009.1_results/PROKKA_06292018:CDS	Streptomycin 3''-adenylyltransferase	CP025009.1:90623-90880	NDGGMLKM_00103

DiscRep_SUB:FEATURE_LOCATION_CONFLICT::Coding region xref gene does not exist
plasmid_files/CP025009.1_results/PROKKA_06292018:CDS	hypothetical protein	CP025009.1:90892-91596	NDGGMLKM_00104

DiscRep_SUB:FEATURE_LOCATION_CONFLICT::Coding region xref gene does not exist
plasmid_files/CP025009.1_results/PROKKA_06292018:CDS	hypothetical protein	CP025009.1:92213-93397	NDGGMLKM_00105

DiscRep_SUB:FEATURE_LOCATION_CONFLICT::Coding region xref gene does not exist
plasmid_files/CP025009.1_results/PROKKA_06292018:CDS	hypothetical protein	CP025009.1:93674-94993	NDGGMLKM_00106

DiscRep_SUB:FEATURE_LOCATION_CONFLICT::Coding region xref gene does not exist
plasmid_files/CP025009.1_results/PROKKA_06292018:CDS	Carbapenem-hydrolyzing beta-lactamase KPC	CP025009.1:c96124-95243	NDGGMLKM_00107

DiscRep_SUB:FEATURE_LOCATION_CONFLICT::Coding region xref gene does not exist
plasmid_files/CP025009.1_results/PROKKA_06292018:CDS	hypothetical protein	CP025009.1:c96415-96176	NDGGMLKM_00108

DiscRep_SUB:FEATURE_LOCATION_CONFLICT::Coding region xref gene does not exist
plasmid_files/CP025009.1_results/PROKKA_06292018:CDS	Insertion sequence IS5376 putative ATP-binding protein	CP025009.1:c97191-96412	NDGGMLKM_00109

DiscRep_SUB:FEATURE_LOCATION_CONFLICT::Coding region xref gene does not exist
plasmid_files/CP025009.1_results/PROKKA_06292018:CDS	hypothetical protein	CP025009.1:c98213-97188	NDGGMLKM_00110

DiscRep_SUB:FEATURE_LOCATION_CONFLICT::Coding region xref gene does not exist
plasmid_files/CP025009.1_results/PROKKA_06292018:CDS	hypothetical protein	CP025009.1:c101349-98320	NDGGMLKM_00111

DiscRep_SUB:FEATURE_LOCATION_CONFLICT::Coding region xref gene does not exist
plasmid_files/CP025009.1_results/PROKKA_06292018:CDS	Tyrosine recombinase XerD	CP025009.1:101459-103174	NDGGMLKM_00112

DiscRep_SUB:FEATURE_LOCATION_CONFLICT::Coding region xref gene does not exist
plasmid_files/CP025009.1_results/PROKKA_06292018:CDS	hypothetical protein	CP025009.1:103469-103624	NDGGMLKM_00113

DiscRep_SUB:FEATURE_LOCATION_CONFLICT::Coding region xref gene does not exist
plasmid_files/CP025009.1_results/PROKKA_06292018:CDS	hypothetical protein	CP025009.1:103673-104665	NDGGMLKM_00114

DiscRep_SUB:FEATURE_LOCATION_CONFLICT::Coding region xref gene does not exist
plasmid_files/CP025009.1_results/PROKKA_06292018:CDS	hypothetical protein	CP025009.1:104692-104853	NDGGMLKM_00115

DiscRep_SUB:FEATURE_LOCATION_CONFLICT::Coding region xref gene does not exist
plasmid_files/CP025009.1_results/PROKKA_06292018:CDS	hypothetical protein	CP025009.1:c105673-105062	NDGGMLKM_00116

DiscRep_SUB:FEATURE_LOCATION_CONFLICT::Coding region xref gene does not exist
plasmid_files/CP025009.1_results/PROKKA_06292018:CDS	RNA chaperone ProQ	CP025009.1:c106220-105657	NDGGMLKM_00117

DiscRep_SUB:FEATURE_LOCATION_CONFLICT::Coding region xref gene does not exist
plasmid_files/CP025009.1_results/PROKKA_06292018:CDS	hypothetical protein	CP025009.1:c108295-107438	NDGGMLKM_00118

DiscRep_SUB:FEATURE_LOCATION_CONFLICT::Coding region xref gene does not exist
plasmid_files/CP025009.1_results/PROKKA_06292018:CDS	hypothetical protein	CP025009.1:c108848-108597	NDGGMLKM_00119

DiscRep_SUB:FEATURE_LOCATION_CONFLICT::Coding region xref gene does not exist
plasmid_files/CP025009.1_results/PROKKA_06292018:CDS	Phospholipase D	CP025009.1:c109544-108984	NDGGMLKM_00120

DiscRep_SUB:FEATURE_LOCATION_CONFLICT::Coding region xref gene does not exist
plasmid_files/CP025009.1_results/PROKKA_06292018:CDS	hypothetical protein	CP025009.1:c109947-109639	NDGGMLKM_00121

DiscRep_SUB:FEATURE_LOCATION_CONFLICT::Coding region xref gene does not exist
plasmid_files/CP025009.1_results/PROKKA_06292018:CDS	hypothetical protein	CP025009.1:c110594-109944	NDGGMLKM_00122

DiscRep_SUB:FEATURE_LOCATION_CONFLICT::Coding region xref gene does not exist
plasmid_files/CP025009.1_results/PROKKA_06292018:CDS	hypothetical protein	CP025009.1:c111294-110650	NDGGMLKM_00123

DiscRep_SUB:FEATURE_LOCATION_CONFLICT::Coding region xref gene does not exist
plasmid_files/CP025009.1_results/PROKKA_06292018:CDS	hypothetical protein	CP025009.1:c111940-111344	NDGGMLKM_00124

DiscRep_SUB:FEATURE_LOCATION_CONFLICT::Coding region xref gene does not exist
plasmid_files/CP025009.1_results/PROKKA_06292018:CDS	Fertility inhibition protein	CP025009.1:c112700-112107	NDGGMLKM_00125

DiscRep_SUB:FEATURE_LOCATION_CONFLICT::Coding region xref gene does not exist
plasmid_files/CP025009.1_results/PROKKA_06292018:CDS	hypothetical protein	CP025009.1:c113497-112772	NDGGMLKM_00126

DiscRep_SUB:FEATURE_LOCATION_CONFLICT::Coding region xref gene does not exist
plasmid_files/CP025009.1_results/PROKKA_06292018:CDS	Multifunctional conjugation protein TraI	CP025009.1:c118839-113578	NDGGMLKM_00127

DiscRep_SUB:FEATURE_LOCATION_CONFLICT::Coding region xref gene does not exist
plasmid_files/CP025009.1_results/PROKKA_06292018:CDS	Coupling protein TraD	CP025009.1:c121151-118839	NDGGMLKM_00128

DiscRep_SUB:FEATURE_LOCATION_CONFLICT::Coding region xref gene does not exist
plasmid_files/CP025009.1_results/PROKKA_06292018:CDS	hypothetical protein	CP025009.1:c121969-121280	NDGGMLKM_00129

DiscRep_SUB:FEATURE_LOCATION_CONFLICT::Coding region xref gene does not exist
plasmid_files/CP025009.1_results/PROKKA_06292018:CDS	Lipoprotein YlpA	CP025009.1:c122892-122161	NDGGMLKM_00130

DiscRep_SUB:FEATURE_LOCATION_CONFLICT::Coding region xref gene does not exist
plasmid_files/CP025009.1_results/PROKKA_06292018:CDS	Protein TraS	CP025009.1:c123624-123076	NDGGMLKM_00131

DiscRep_SUB:FEATURE_LOCATION_CONFLICT::Coding region xref gene does not exist
plasmid_files/CP025009.1_results/PROKKA_06292018:CDS	hypothetical protein	CP025009.1:c126486-123637	NDGGMLKM_00132

DiscRep_SUB:FEATURE_LOCATION_CONFLICT::Coding region xref gene does not exist
plasmid_files/CP025009.1_results/PROKKA_06292018:CDS	hypothetical protein	CP025009.1:c127856-126486	NDGGMLKM_00133

DiscRep_SUB:FEATURE_LOCATION_CONFLICT::Coding region xref gene does not exist
plasmid_files/CP025009.1_results/PROKKA_06292018:CDS	hypothetical protein	CP025009.1:c128271-127843	NDGGMLKM_00134

DiscRep_SUB:FEATURE_LOCATION_CONFLICT::Coding region xref gene does not exist
plasmid_files/CP025009.1_results/PROKKA_06292018:CDS	hypothetical protein	CP025009.1:c128836-128264	NDGGMLKM_00135

DiscRep_SUB:FEATURE_LOCATION_CONFLICT::Coding region xref gene does not exist
plasmid_files/CP025009.1_results/PROKKA_06292018:CDS	Protein TraQ	CP025009.1:c129047-128808	NDGGMLKM_00136

DiscRep_SUB:FEATURE_LOCATION_CONFLICT::Coding region xref gene does not exist
plasmid_files/CP025009.1_results/PROKKA_06292018:CDS	hypothetical protein	CP025009.1:c129810-129058	NDGGMLKM_00137

DiscRep_SUB:FEATURE_LOCATION_CONFLICT::Coding region xref gene does not exist
plasmid_files/CP025009.1_results/PROKKA_06292018:CDS	hypothetical protein	CP025009.1:c130157-129831	NDGGMLKM_00138

DiscRep_SUB:FEATURE_LOCATION_CONFLICT::Coding region xref gene does not exist
plasmid_files/CP025009.1_results/PROKKA_06292018:CDS	hypothetical protein	CP025009.1:c130388-130203	NDGGMLKM_00139

DiscRep_SUB:FEATURE_LOCATION_CONFLICT::Coding region xref gene does not exist
plasmid_files/CP025009.1_results/PROKKA_06292018:CDS	hypothetical protein	CP025009.1:c130621-130385	NDGGMLKM_00140

DiscRep_SUB:FEATURE_LOCATION_CONFLICT::Coding region xref gene does not exist
plasmid_files/CP025009.1_results/PROKKA_06292018:CDS	hypothetical protein	CP025009.1:c132659-130653	NDGGMLKM_00141

DiscRep_SUB:FEATURE_LOCATION_CONFLICT::Coding region xref gene does not exist
plasmid_files/CP025009.1_results/PROKKA_06292018:CDS	hypothetical protein	CP025009.1:c133294-132656	NDGGMLKM_00142

DiscRep_SUB:FEATURE_LOCATION_CONFLICT::Coding region xref gene does not exist
plasmid_files/CP025009.1_results/PROKKA_06292018:CDS	hypothetical protein	CP025009.1:c134299-133307	NDGGMLKM_00143

DiscRep_SUB:FEATURE_LOCATION_CONFLICT::Coding region xref gene does not exist
plasmid_files/CP025009.1_results/PROKKA_06292018:CDS	hypothetical protein	CP025009.1:c134936-134310	NDGGMLKM_00144

DiscRep_SUB:FEATURE_LOCATION_CONFLICT::Coding region xref gene does not exist
plasmid_files/CP025009.1_results/PROKKA_06292018:CDS	hypothetical protein	CP025009.1:c135325-134936	NDGGMLKM_00145

DiscRep_SUB:FEATURE_LOCATION_CONFLICT::Coding region xref gene does not exist
plasmid_files/CP025009.1_results/PROKKA_06292018:CDS	Protein TraC	CP025009.1:c137964-135325	NDGGMLKM_00146

DiscRep_SUB:FEATURE_LOCATION_CONFLICT::Coding region xref gene does not exist
plasmid_files/CP025009.1_results/PROKKA_06292018:CDS	hypothetical protein	CP025009.1:c138428-138036	NDGGMLKM_00147

DiscRep_SUB:FEATURE_LOCATION_CONFLICT::Coding region xref gene does not exist
plasmid_files/CP025009.1_results/PROKKA_06292018:CDS	hypothetical protein	CP025009.1:c139134-138730	NDGGMLKM_00148

DiscRep_SUB:FEATURE_LOCATION_CONFLICT::Coding region xref gene does not exist
plasmid_files/CP025009.1_results/PROKKA_06292018:CDS	hypothetical protein	CP025009.1:c139518-139201	NDGGMLKM_00149

DiscRep_SUB:FEATURE_LOCATION_CONFLICT::Coding region xref gene does not exist
plasmid_files/CP025009.1_results/PROKKA_06292018:CDS	hypothetical protein	CP025009.1:c139737-139519	NDGGMLKM_00150

DiscRep_SUB:FEATURE_LOCATION_CONFLICT::Coding region xref gene does not exist
plasmid_files/CP025009.1_results/PROKKA_06292018:CDS	hypothetical protein	CP025009.1:c140051-139761	NDGGMLKM_00151

DiscRep_SUB:FEATURE_LOCATION_CONFLICT::Coding region xref gene does not exist
plasmid_files/CP025009.1_results/PROKKA_06292018:CDS	hypothetical protein	CP025009.1:c140466-140056	NDGGMLKM_00152

DiscRep_SUB:FEATURE_LOCATION_CONFLICT::Coding region xref gene does not exist
plasmid_files/CP025009.1_results/PROKKA_06292018:CDS	Protein TraV	CP025009.1:c141167-140598	NDGGMLKM_00153

DiscRep_SUB:FEATURE_LOCATION_CONFLICT::Coding region xref gene does not exist
plasmid_files/CP025009.1_results/PROKKA_06292018:CDS	hypothetical protein	CP025009.1:c141786-141190	NDGGMLKM_00154

DiscRep_SUB:FEATURE_LOCATION_CONFLICT::Coding region xref gene does not exist
plasmid_files/CP025009.1_results/PROKKA_06292018:CDS	hypothetical protein	CP025009.1:c143203-141779	NDGGMLKM_00155

DiscRep_SUB:FEATURE_LOCATION_CONFLICT::Coding region xref gene does not exist
plasmid_files/CP025009.1_results/PROKKA_06292018:CDS	hypothetical protein	CP025009.1:c143943-143203	NDGGMLKM_00156

DiscRep_SUB:FEATURE_LOCATION_CONFLICT::Coding region xref gene does not exist
plasmid_files/CP025009.1_results/PROKKA_06292018:CDS	hypothetical protein	CP025009.1:c144496-143930	NDGGMLKM_00157

DiscRep_SUB:FEATURE_LOCATION_CONFLICT::Coding region xref gene does not exist
plasmid_files/CP025009.1_results/PROKKA_06292018:CDS	hypothetical protein	CP025009.1:c144821-144516	NDGGMLKM_00158

DiscRep_SUB:FEATURE_LOCATION_CONFLICT::Coding region xref gene does not exist
plasmid_files/CP025009.1_results/PROKKA_06292018:CDS	Pilin	CP025009.1:c145203-144835	NDGGMLKM_00159

DiscRep_SUB:FEATURE_LOCATION_CONFLICT::Coding region xref gene does not exist
plasmid_files/CP025009.1_results/PROKKA_06292018:CDS	Relaxosome protein TraY	CP025009.1:c145637-145257	NDGGMLKM_00160

DiscRep_SUB:FEATURE_LOCATION_CONFLICT::Coding region xref gene does not exist
plasmid_files/CP025009.1_results/PROKKA_06292018:CDS	Protein TraJ	CP025009.1:c146407-145712	NDGGMLKM_00161

DiscRep_SUB:FEATURE_LOCATION_CONFLICT::Coding region xref gene does not exist
plasmid_files/CP025009.1_results/PROKKA_06292018:CDS	Relaxosome protein TraM	CP025009.1:c147013-146621	NDGGMLKM_00162

DiscRep_SUB:FEATURE_LOCATION_CONFLICT::Coding region xref gene does not exist
plasmid_files/CP025009.1_results/PROKKA_06292018:CDS	hypothetical protein	CP025009.1:147447-147932	NDGGMLKM_00163

DiscRep_SUB:FEATURE_LOCATION_CONFLICT::Coding region xref gene does not exist
plasmid_files/CP025009.1_results/PROKKA_06292018:CDS	hypothetical protein	CP025009.1:c148279-147965	NDGGMLKM_00164

DiscRep_SUB:FEATURE_LOCATION_CONFLICT::Coding region xref gene does not exist
plasmid_files/CP025009.1_results/PROKKA_06292018:CDS	hypothetical protein	CP025009.1:c149148-148327	NDGGMLKM_00165

DiscRep_SUB:FEATURE_LOCATION_CONFLICT::Coding region xref gene does not exist
plasmid_files/CP025009.1_results/PROKKA_06292018:CDS	Antitoxin HigA	CP025009.1:c150395-149982	NDGGMLKM_00166

DiscRep_SUB:FEATURE_LOCATION_CONFLICT::Coding region xref gene does not exist
plasmid_files/CP025009.1_results/PROKKA_06292018:CDS	Antitoxin HigA1	CP025009.1:c150674-150396	NDGGMLKM_00167

DiscRep_SUB:FEATURE_LOCATION_CONFLICT::Coding region xref gene does not exist
plasmid_files/CP025009.1_results/PROKKA_06292018:CDS	hypothetical protein	CP025009.1:c151014-150664	NDGGMLKM_00168

DiscRep_SUB:FEATURE_LOCATION_CONFLICT::Coding region xref gene does not exist
plasmid_files/CP025009.1_results/PROKKA_06292018:CDS	hypothetical protein	CP025009.1:c151289-151065	NDGGMLKM_00169

DiscRep_SUB:FEATURE_LOCATION_CONFLICT::Coding region xref gene does not exist
plasmid_files/CP025009.1_results/PROKKA_06292018:CDS	hypothetical protein	CP025009.1:c151512-151300	NDGGMLKM_00170

DiscRep_SUB:FEATURE_LOCATION_CONFLICT::Coding region xref gene does not exist
plasmid_files/CP025009.1_results/PROKKA_06292018:CDS	hypothetical protein	CP025009.1:c151929-151573	NDGGMLKM_00171

DiscRep_SUB:FEATURE_LOCATION_CONFLICT::Coding region xref gene does not exist
plasmid_files/CP025009.1_results/PROKKA_06292018:CDS	hypothetical protein	CP025009.1:c152915-152565	NDGGMLKM_00172

DiscRep_SUB:FEATURE_LOCATION_CONFLICT::Coding region xref gene does not exist
plasmid_files/CP025009.1_results/PROKKA_06292018:CDS	hypothetical protein	CP025009.1:c153184-152912	NDGGMLKM_00173

DiscRep_SUB:FEATURE_LOCATION_CONFLICT::Coding region xref gene does not exist
plasmid_files/CP025009.1_results/PROKKA_06292018:CDS	Stable plasmid inheritance protein	CP025009.1:c154045-153884	NDGGMLKM_00174

DiscRep_SUB:FEATURE_LOCATION_CONFLICT::Coding region xref gene does not exist
plasmid_files/CP025009.1_results/PROKKA_06292018:CDS	hypothetical protein	CP025009.1:154117-155196	NDGGMLKM_00175

DiscRep_SUB:FEATURE_LOCATION_CONFLICT::Coding region xref gene does not exist
plasmid_files/CP025009.1_results/PROKKA_06292018:CDS	hypothetical protein	CP025009.1:c155748-155374	NDGGMLKM_00176

DiscRep_SUB:FEATURE_LOCATION_CONFLICT::Coding region xref gene does not exist
plasmid_files/CP025009.1_results/PROKKA_06292018:CDS	hypothetical protein	CP025009.1:c156130-155804	NDGGMLKM_00177

DiscRep_SUB:FEATURE_LOCATION_CONFLICT::Coding region xref gene does not exist
plasmid_files/CP025009.1_results/PROKKA_06292018:CDS	hypothetical protein	CP025009.1:c156855-156127	NDGGMLKM_00178

DiscRep_SUB:FEATURE_LOCATION_CONFLICT::Coding region xref gene does not exist
plasmid_files/CP025009.1_results/PROKKA_06292018:CDS	Protein PsiB	CP025009.1:c157283-156852	NDGGMLKM_00179

DiscRep_SUB:FEATURE_LOCATION_CONFLICT::Coding region xref gene does not exist
plasmid_files/CP025009.1_results/PROKKA_06292018:CDS	Chromosome-partitioning protein Spo0J	CP025009.1:c159386-157350	NDGGMLKM_00180

DiscRep_SUB:FEATURE_LOCATION_CONFLICT::Coding region xref gene does not exist
plasmid_files/CP025009.1_results/PROKKA_06292018:CDS	hypothetical protein	CP025009.1:c159704-159456	NDGGMLKM_00181

DiscRep_SUB:FEATURE_LOCATION_CONFLICT::Coding region xref gene does not exist
plasmid_files/CP025009.1_results/PROKKA_06292018:CDS	Plasmid-derived single-stranded DNA-binding protein	CP025009.1:c160295-159753	NDGGMLKM_00182

DiscRep_SUB:FEATURE_LOCATION_CONFLICT::Coding region xref gene does not exist
plasmid_files/CP025009.1_results/PROKKA_06292018:CDS	hypothetical protein	CP025009.1:160847-161176	NDGGMLKM_00183

DiscRep_SUB:FEATURE_LOCATION_CONFLICT::Coding region xref gene does not exist
plasmid_files/CP025009.1_results/PROKKA_06292018:CDS	hypothetical protein	CP025009.1:c161634-161071	NDGGMLKM_00184

DiscRep_SUB:FEATURE_LOCATION_CONFLICT::Coding region xref gene does not exist
plasmid_files/CP025009.1_results/PROKKA_06292018:CDS	hypothetical protein	CP025009.1:c163037-161682	NDGGMLKM_00185

DiscRep_SUB:FEATURE_LOCATION_CONFLICT::Coding region xref gene does not exist
plasmid_files/CP025009.1_results/PROKKA_06292018:CDS	hypothetical protein	CP025009.1:c163319-163089	NDGGMLKM_00186

DiscRep_SUB:FEATURE_LOCATION_CONFLICT::Coding region xref gene does not exist
plasmid_files/CP025009.1_results/PROKKA_06292018:CDS	hypothetical protein	CP025009.1:c163638-163411	NDGGMLKM_00187

DiscRep_SUB:FEATURE_LOCATION_CONFLICT::Coding region xref gene does not exist
plasmid_files/CP025009.1_results/PROKKA_06292018:CDS	hypothetical protein	CP025009.1:c164737-164420	NDGGMLKM_00188

DiscRep_SUB:FEATURE_LOCATION_CONFLICT::Coding region xref gene does not exist
plasmid_files/CP025009.1_results/PROKKA_06292018:CDS	DNA polymerase III subunit theta	CP025009.1:c165026-164772	NDGGMLKM_00189

DiscRep_SUB:FEATURE_LOCATION_CONFLICT::Coding region xref gene does not exist
plasmid_files/CP025009.1_results/PROKKA_06292018:CDS	Antirestriction protein KlcA	CP025009.1:c165688-165263	NDGGMLKM_00190

DiscRep_SUB:FEATURE_LOCATION_CONFLICT::Coding region xref gene does not exist
plasmid_files/CP025009.1_results/PROKKA_06292018:CDS	hypothetical protein	CP025009.1:165986-166144	NDGGMLKM_00191

DiscRep_SUB:FEATURE_LOCATION_CONFLICT::Coding region xref gene does not exist
plasmid_files/CP025009.1_results/PROKKA_06292018:CDS	hypothetical protein	CP025009.1:c166727-166209	NDGGMLKM_00192

DiscRep_SUB:FEATURE_LOCATION_CONFLICT::Coding region xref gene does not exist
plasmid_files/CP025009.1_results/PROKKA_06292018:CDS	Group II intron-encoded protein LtrA	CP025009.1:c168160-166673	NDGGMLKM_00193

DiscRep_SUB:FEATURE_LOCATION_CONFLICT::Coding region xref gene does not exist
plasmid_files/CP025009.1_results/PROKKA_06292018:CDS	Protein UmuD	CP025009.1:168563-168988	NDGGMLKM_00194

DiscRep_SUB:FEATURE_LOCATION_CONFLICT::Coding region xref gene does not exist
plasmid_files/CP025009.1_results/PROKKA_06292018:CDS	Protein UmuC	CP025009.1:168988-170259	NDGGMLKM_00195

DiscRep_SUB:FEATURE_LOCATION_CONFLICT::Coding region xref gene does not exist
plasmid_files/CP025009.1_results/PROKKA_06292018:CDS	hypothetical protein	CP025009.1:c171433-170576	NDGGMLKM_00196

DiscRep_SUB:FEATURE_LOCATION_CONFLICT::Coding region xref gene does not exist
plasmid_files/CP025009.1_results/PROKKA_06292018:CDS	hypothetical protein	CP025009.1:c171714-171430	NDGGMLKM_00197

DiscRep_SUB:FEATURE_LOCATION_CONFLICT::Coding region xref gene does not exist
plasmid_files/CP025009.1_results/PROKKA_06292018:CDS	hypothetical protein	CP025009.1:c173211-172249	NDGGMLKM_00198

DiscRep_SUB:FEATURE_LOCATION_CONFLICT::Coding region xref gene does not exist
plasmid_files/CP025009.1_results/PROKKA_06292018:CDS	Protein SopB	CP025009.1:c174182-173211	NDGGMLKM_00199

DiscRep_SUB:FEATURE_LOCATION_CONFLICT::Coding region xref gene does not exist
plasmid_files/CP025009.1_results/PROKKA_06292018:CDS	Sporulation initiation inhibitor protein Soj	CP025009.1:c175348-174182	NDGGMLKM_00200

DiscRep_ALL:OVERLAPPING_CDS::2 coding regions overlap another coding region with a similar or identical name.
DiscRep_SUB:OVERLAPPING_CDS::2 coding regions overlap another coding region with a similar or identical name that do not have the appropriate note text
plasmid_files/CP025009.1_results/PROKKA_06292018:CDS	Arsenical pump-driving ATPase	CP025009.1:43788-45128	NDGGMLKM_00044
plasmid_files/CP025009.1_results/PROKKA_06292018:CDS	Arsenical pump-driving ATPase	CP025009.1:45071-45544	NDGGMLKM_00045

DiscRep_ALL:DISC_QUALITY_SCORES::Quality scores are missing on all sequences.

DiscRep_ALL:ONCALLER_COMMENT_PRESENT::1 comment descriptors were found (all same)
plasmid_files/CP025009.1_results/PROKKA_06292018:CP025009.1:Annotated using prokka 1.14-dev from https://github.com/tseemann/prokka

DiscRep_ALL:SHORT_PROT_SEQUENCES::5 protein sequences are shorter than 50 aa.
plasmid_files/CP025009.1_results/PROKKA_06292018:CP025009.1_4 (length 33)
plasmid_files/CP025009.1_results/PROKKA_06292018:CP025009.1_7 (length 42)
plasmid_files/CP025009.1_results/PROKKA_06292018:CP025009.1_62 (length 45)
plasmid_files/CP025009.1_results/PROKKA_06292018:CP025009.1_90 (length 49)
plasmid_files/CP025009.1_results/PROKKA_06292018:CP025009.1_91 (length 42)

DiscRep_ALL:MISSING_GENOMEASSEMBLY_COMMENTS::1 bioseqs are missing GenomeAssembly structured comments
plasmid_files/CP025009.1_results/PROKKA_06292018:CP025009.1 (length 176049)

DiscRep_ALL:MOLTYPE_NOT_MRNA::1 molecule types are not set as mRNA.
plasmid_files/CP025009.1_results/PROKKA_06292018:CP025009.1 (length 176049)

DiscRep_ALL:TECHNIQUE_NOT_TSA::1 technique are not set as TSA
plasmid_files/CP025009.1_results/PROKKA_06292018:CP025009.1 (length 176049)

DiscRep_ALL:MISSING_STRUCTURED_COMMENT::1 sequences do not include structured comments.
plasmid_files/CP025009.1_results/PROKKA_06292018:CP025009.1 (length 176049)

DiscRep_ALL:MISSING_PROJECT::201 sequences do not include project.
plasmid_files/CP025009.1_results/PROKKA_06292018:CP025009.1 (length 176049)
plasmid_files/CP025009.1_results/PROKKA_06292018:CP025009.1_1 (length 336)
plasmid_files/CP025009.1_results/PROKKA_06292018:CP025009.1_2 (length 246)
plasmid_files/CP025009.1_results/PROKKA_06292018:CP025009.1_3 (length 55)
plasmid_files/CP025009.1_results/PROKKA_06292018:CP025009.1_4 (length 33)
plasmid_files/CP025009.1_results/PROKKA_06292018:CP025009.1_5 (length 318)
plasmid_files/CP025009.1_results/PROKKA_06292018:CP025009.1_6 (length 307)
plasmid_files/CP025009.1_results/PROKKA_06292018:CP025009.1_7 (length 42)
plasmid_files/CP025009.1_results/PROKKA_06292018:CP025009.1_8 (length 471)
plasmid_files/CP025009.1_results/PROKKA_06292018:CP025009.1_9 (length 63)
plasmid_files/CP025009.1_results/PROKKA_06292018:CP025009.1_10 (length 425)
plasmid_files/CP025009.1_results/PROKKA_06292018:CP025009.1_11 (length 665)
plasmid_files/CP025009.1_results/PROKKA_06292018:CP025009.1_12 (length 125)
plasmid_files/CP025009.1_results/PROKKA_06292018:CP025009.1_13 (length 293)
plasmid_files/CP025009.1_results/PROKKA_06292018:CP025009.1_14 (length 131)
plasmid_files/CP025009.1_results/PROKKA_06292018:CP025009.1_15 (length 125)
plasmid_files/CP025009.1_results/PROKKA_06292018:CP025009.1_16 (length 134)
plasmid_files/CP025009.1_results/PROKKA_06292018:CP025009.1_17 (length 143)
plasmid_files/CP025009.1_results/PROKKA_06292018:CP025009.1_18 (length 491)
plasmid_files/CP025009.1_results/PROKKA_06292018:CP025009.1_19 (length 226)
plasmid_files/CP025009.1_results/PROKKA_06292018:CP025009.1_20 (length 461)
plasmid_files/CP025009.1_results/PROKKA_06292018:CP025009.1_21 (length 117)
plasmid_files/CP025009.1_results/PROKKA_06292018:CP025009.1_22 (length 430)
plasmid_files/CP025009.1_results/PROKKA_06292018:CP025009.1_23 (length 1048)
plasmid_files/CP025009.1_results/PROKKA_06292018:CP025009.1_24 (length 146)
plasmid_files/CP025009.1_results/PROKKA_06292018:CP025009.1_25 (length 815)
plasmid_files/CP025009.1_results/PROKKA_06292018:CP025009.1_26 (length 65)
plasmid_files/CP025009.1_results/PROKKA_06292018:CP025009.1_27 (length 245)
plasmid_files/CP025009.1_results/PROKKA_06292018:CP025009.1_28 (length 149)
plasmid_files/CP025009.1_results/PROKKA_06292018:CP025009.1_29 (length 605)
plasmid_files/CP025009.1_results/PROKKA_06292018:CP025009.1_30 (length 296)
plasmid_files/CP025009.1_results/PROKKA_06292018:CP025009.1_31 (length 126)
plasmid_files/CP025009.1_results/PROKKA_06292018:CP025009.1_32 (length 309)
plasmid_files/CP025009.1_results/PROKKA_06292018:CP025009.1_33 (length 226)
plasmid_files/CP025009.1_results/PROKKA_06292018:CP025009.1_34 (length 466)
plasmid_files/CP025009.1_results/PROKKA_06292018:CP025009.1_35 (length 144)
plasmid_files/CP025009.1_results/PROKKA_06292018:CP025009.1_36 (length 216)
plasmid_files/CP025009.1_results/PROKKA_06292018:CP025009.1_37 (length 267)
plasmid_files/CP025009.1_results/PROKKA_06292018:CP025009.1_38 (length 134)
plasmid_files/CP025009.1_results/PROKKA_06292018:CP025009.1_39 (length 165)
plasmid_files/CP025009.1_results/PROKKA_06292018:CP025009.1_40 (length 108)
plasmid_files/CP025009.1_results/PROKKA_06292018:CP025009.1_41 (length 237)
plasmid_files/CP025009.1_results/PROKKA_06292018:CP025009.1_42 (length 181)
plasmid_files/CP025009.1_results/PROKKA_06292018:CP025009.1_43 (length 120)
plasmid_files/CP025009.1_results/PROKKA_06292018:CP025009.1_44 (length 446)
plasmid_files/CP025009.1_results/PROKKA_06292018:CP025009.1_45 (length 157)
plasmid_files/CP025009.1_results/PROKKA_06292018:CP025009.1_46 (length 178)
plasmid_files/CP025009.1_results/PROKKA_06292018:CP025009.1_47 (length 141)
plasmid_files/CP025009.1_results/PROKKA_06292018:CP025009.1_48 (length 429)
plasmid_files/CP025009.1_results/PROKKA_06292018:CP025009.1_49 (length 583)
plasmid_files/CP025009.1_results/PROKKA_06292018:CP025009.1_50 (length 120)
plasmid_files/CP025009.1_results/PROKKA_06292018:CP025009.1_51 (length 116)
plasmid_files/CP025009.1_results/PROKKA_06292018:CP025009.1_52 (length 89)
plasmid_files/CP025009.1_results/PROKKA_06292018:CP025009.1_53 (length 191)
plasmid_files/CP025009.1_results/PROKKA_06292018:CP025009.1_54 (length 164)
plasmid_files/CP025009.1_results/PROKKA_06292018:CP025009.1_55 (length 122)
plasmid_files/CP025009.1_results/PROKKA_06292018:CP025009.1_56 (length 67)
plasmid_files/CP025009.1_results/PROKKA_06292018:CP025009.1_57 (length 85)
plasmid_files/CP025009.1_results/PROKKA_06292018:CP025009.1_58 (length 84)
plasmid_files/CP025009.1_results/PROKKA_06292018:CP025009.1_59 (length 88)
plasmid_files/CP025009.1_results/PROKKA_06292018:CP025009.1_60 (length 160)
plasmid_files/CP025009.1_results/PROKKA_06292018:CP025009.1_61 (length 452)
plasmid_files/CP025009.1_results/PROKKA_06292018:CP025009.1_62 (length 45)
plasmid_files/CP025009.1_results/PROKKA_06292018:CP025009.1_63 (length 241)
plasmid_files/CP025009.1_results/PROKKA_06292018:CP025009.1_64 (length 101)
plasmid_files/CP025009.1_results/PROKKA_06292018:CP025009.1_65 (length 329)
plasmid_files/CP025009.1_results/PROKKA_06292018:CP025009.1_66 (length 249)
plasmid_files/CP025009.1_results/PROKKA_06292018:CP025009.1_67 (length 65)
plasmid_files/CP025009.1_results/PROKKA_06292018:CP025009.1_68 (length 931)
plasmid_files/CP025009.1_results/PROKKA_06292018:CP025009.1_69 (length 189)
plasmid_files/CP025009.1_results/PROKKA_06292018:CP025009.1_70 (length 93)
plasmid_files/CP025009.1_results/PROKKA_06292018:CP025009.1_71 (length 87)
plasmid_files/CP025009.1_results/PROKKA_06292018:CP025009.1_72 (length 84)
plasmid_files/CP025009.1_results/PROKKA_06292018:CP025009.1_73 (length 125)
plasmid_files/CP025009.1_results/PROKKA_06292018:CP025009.1_74 (length 326)
plasmid_files/CP025009.1_results/PROKKA_06292018:CP025009.1_75 (length 173)
plasmid_files/CP025009.1_results/PROKKA_06292018:CP025009.1_76 (length 211)
plasmid_files/CP025009.1_results/PROKKA_06292018:CP025009.1_77 (length 289)
plasmid_files/CP025009.1_results/PROKKA_06292018:CP025009.1_78 (length 336)
plasmid_files/CP025009.1_results/PROKKA_06292018:CP025009.1_79 (length 275)
plasmid_files/CP025009.1_results/PROKKA_06292018:CP025009.1_80 (length 287)
plasmid_files/CP025009.1_results/PROKKA_06292018:CP025009.1_81 (length 275)
plasmid_files/CP025009.1_results/PROKKA_06292018:CP025009.1_82 (length 106)
plasmid_files/CP025009.1_results/PROKKA_06292018:CP025009.1_83 (length 234)
plasmid_files/CP025009.1_results/PROKKA_06292018:CP025009.1_84 (length 369)
plasmid_files/CP025009.1_results/PROKKA_06292018:CP025009.1_85 (length 201)
plasmid_files/CP025009.1_results/PROKKA_06292018:CP025009.1_86 (length 271)
plasmid_files/CP025009.1_results/PROKKA_06292018:CP025009.1_87 (length 234)
plasmid_files/CP025009.1_results/PROKKA_06292018:CP025009.1_88 (length 273)
plasmid_files/CP025009.1_results/PROKKA_06292018:CP025009.1_89 (length 85)
plasmid_files/CP025009.1_results/PROKKA_06292018:CP025009.1_90 (length 49)
plasmid_files/CP025009.1_results/PROKKA_06292018:CP025009.1_91 (length 42)
plasmid_files/CP025009.1_results/PROKKA_06292018:CP025009.1_92 (length 654)
plasmid_files/CP025009.1_results/PROKKA_06292018:CP025009.1_93 (length 243)
plasmid_files/CP025009.1_results/PROKKA_06292018:CP025009.1_94 (length 176)
plasmid_files/CP025009.1_results/PROKKA_06292018:CP025009.1_95 (length 59)
plasmid_files/CP025009.1_results/PROKKA_06292018:CP025009.1_96 (length 125)
plasmid_files/CP025009.1_results/PROKKA_06292018:CP025009.1_97 (length 99)
plasmid_files/CP025009.1_results/PROKKA_06292018:CP025009.1_98 (length 87)
plasmid_files/CP025009.1_results/PROKKA_06292018:CP025009.1_99 (length 82)
plasmid_files/CP025009.1_results/PROKKA_06292018:CP025009.1_100 (length 1001)
plasmid_files/CP025009.1_results/PROKKA_06292018:CP025009.1_101 (length 185)
plasmid_files/CP025009.1_results/PROKKA_06292018:CP025009.1_102 (length 201)
plasmid_files/CP025009.1_results/PROKKA_06292018:CP025009.1_103 (length 85)
plasmid_files/CP025009.1_results/PROKKA_06292018:CP025009.1_104 (length 234)
plasmid_files/CP025009.1_results/PROKKA_06292018:CP025009.1_105 (length 394)
plasmid_files/CP025009.1_results/PROKKA_06292018:CP025009.1_106 (length 439)
plasmid_files/CP025009.1_results/PROKKA_06292018:CP025009.1_107 (length 293)
plasmid_files/CP025009.1_results/PROKKA_06292018:CP025009.1_108 (length 79)
plasmid_files/CP025009.1_results/PROKKA_06292018:CP025009.1_109 (length 259)
plasmid_files/CP025009.1_results/PROKKA_06292018:CP025009.1_110 (length 341)
plasmid_files/CP025009.1_results/PROKKA_06292018:CP025009.1_111 (length 1009)
plasmid_files/CP025009.1_results/PROKKA_06292018:CP025009.1_112 (length 571)
plasmid_files/CP025009.1_results/PROKKA_06292018:CP025009.1_113 (length 51)
plasmid_files/CP025009.1_results/PROKKA_06292018:CP025009.1_114 (length 330)
plasmid_files/CP025009.1_results/PROKKA_06292018:CP025009.1_115 (length 53)
plasmid_files/CP025009.1_results/PROKKA_06292018:CP025009.1_116 (length 203)
plasmid_files/CP025009.1_results/PROKKA_06292018:CP025009.1_117 (length 187)
plasmid_files/CP025009.1_results/PROKKA_06292018:CP025009.1_118 (length 285)
plasmid_files/CP025009.1_results/PROKKA_06292018:CP025009.1_119 (length 83)
plasmid_files/CP025009.1_results/PROKKA_06292018:CP025009.1_120 (length 186)
plasmid_files/CP025009.1_results/PROKKA_06292018:CP025009.1_121 (length 102)
plasmid_files/CP025009.1_results/PROKKA_06292018:CP025009.1_122 (length 216)
plasmid_files/CP025009.1_results/PROKKA_06292018:CP025009.1_123 (length 214)
plasmid_files/CP025009.1_results/PROKKA_06292018:CP025009.1_124 (length 198)
plasmid_files/CP025009.1_results/PROKKA_06292018:CP025009.1_125 (length 197)
plasmid_files/CP025009.1_results/PROKKA_06292018:CP025009.1_126 (length 241)
plasmid_files/CP025009.1_results/PROKKA_06292018:CP025009.1_127 (length 1753)
plasmid_files/CP025009.1_results/PROKKA_06292018:CP025009.1_128 (length 770)
plasmid_files/CP025009.1_results/PROKKA_06292018:CP025009.1_129 (length 229)
plasmid_files/CP025009.1_results/PROKKA_06292018:CP025009.1_130 (length 243)
plasmid_files/CP025009.1_results/PROKKA_06292018:CP025009.1_131 (length 182)
plasmid_files/CP025009.1_results/PROKKA_06292018:CP025009.1_132 (length 949)
plasmid_files/CP025009.1_results/PROKKA_06292018:CP025009.1_133 (length 456)
plasmid_files/CP025009.1_results/PROKKA_06292018:CP025009.1_134 (length 142)
plasmid_files/CP025009.1_results/PROKKA_06292018:CP025009.1_135 (length 190)
plasmid_files/CP025009.1_results/PROKKA_06292018:CP025009.1_136 (length 79)
plasmid_files/CP025009.1_results/PROKKA_06292018:CP025009.1_137 (length 250)
plasmid_files/CP025009.1_results/PROKKA_06292018:CP025009.1_138 (length 108)
plasmid_files/CP025009.1_results/PROKKA_06292018:CP025009.1_139 (length 61)
plasmid_files/CP025009.1_results/PROKKA_06292018:CP025009.1_140 (length 78)
plasmid_files/CP025009.1_results/PROKKA_06292018:CP025009.1_141 (length 668)
plasmid_files/CP025009.1_results/PROKKA_06292018:CP025009.1_142 (length 212)
plasmid_files/CP025009.1_results/PROKKA_06292018:CP025009.1_143 (length 330)
plasmid_files/CP025009.1_results/PROKKA_06292018:CP025009.1_144 (length 208)
plasmid_files/CP025009.1_results/PROKKA_06292018:CP025009.1_145 (length 129)
plasmid_files/CP025009.1_results/PROKKA_06292018:CP025009.1_146 (length 879)
plasmid_files/CP025009.1_results/PROKKA_06292018:CP025009.1_147 (length 130)
plasmid_files/CP025009.1_results/PROKKA_06292018:CP025009.1_148 (length 134)
plasmid_files/CP025009.1_results/PROKKA_06292018:CP025009.1_149 (length 105)
plasmid_files/CP025009.1_results/PROKKA_06292018:CP025009.1_150 (length 72)
plasmid_files/CP025009.1_results/PROKKA_06292018:CP025009.1_151 (length 96)
plasmid_files/CP025009.1_results/PROKKA_06292018:CP025009.1_152 (length 136)
plasmid_files/CP025009.1_results/PROKKA_06292018:CP025009.1_153 (length 189)
plasmid_files/CP025009.1_results/PROKKA_06292018:CP025009.1_154 (length 198)
plasmid_files/CP025009.1_results/PROKKA_06292018:CP025009.1_155 (length 474)
plasmid_files/CP025009.1_results/PROKKA_06292018:CP025009.1_156 (length 246)
plasmid_files/CP025009.1_results/PROKKA_06292018:CP025009.1_157 (length 188)
plasmid_files/CP025009.1_results/PROKKA_06292018:CP025009.1_158 (length 101)
plasmid_files/CP025009.1_results/PROKKA_06292018:CP025009.1_159 (length 122)
plasmid_files/CP025009.1_results/PROKKA_06292018:CP025009.1_160 (length 126)
plasmid_files/CP025009.1_results/PROKKA_06292018:CP025009.1_161 (length 231)
plasmid_files/CP025009.1_results/PROKKA_06292018:CP025009.1_162 (length 130)
plasmid_files/CP025009.1_results/PROKKA_06292018:CP025009.1_163 (length 161)
plasmid_files/CP025009.1_results/PROKKA_06292018:CP025009.1_164 (length 104)
plasmid_files/CP025009.1_results/PROKKA_06292018:CP025009.1_165 (length 273)
plasmid_files/CP025009.1_results/PROKKA_06292018:CP025009.1_166 (length 137)
plasmid_files/CP025009.1_results/PROKKA_06292018:CP025009.1_167 (length 92)
plasmid_files/CP025009.1_results/PROKKA_06292018:CP025009.1_168 (length 116)
plasmid_files/CP025009.1_results/PROKKA_06292018:CP025009.1_169 (length 74)
plasmid_files/CP025009.1_results/PROKKA_06292018:CP025009.1_170 (length 70)
plasmid_files/CP025009.1_results/PROKKA_06292018:CP025009.1_171 (length 118)
plasmid_files/CP025009.1_results/PROKKA_06292018:CP025009.1_172 (length 116)
plasmid_files/CP025009.1_results/PROKKA_06292018:CP025009.1_173 (length 90)
plasmid_files/CP025009.1_results/PROKKA_06292018:CP025009.1_174 (length 53)
plasmid_files/CP025009.1_results/PROKKA_06292018:CP025009.1_175 (length 359)
plasmid_files/CP025009.1_results/PROKKA_06292018:CP025009.1_176 (length 124)
plasmid_files/CP025009.1_results/PROKKA_06292018:CP025009.1_177 (length 108)
plasmid_files/CP025009.1_results/PROKKA_06292018:CP025009.1_178 (length 242)
plasmid_files/CP025009.1_results/PROKKA_06292018:CP025009.1_179 (length 143)
plasmid_files/CP025009.1_results/PROKKA_06292018:CP025009.1_180 (length 678)
plasmid_files/CP025009.1_results/PROKKA_06292018:CP025009.1_181 (length 82)
plasmid_files/CP025009.1_results/PROKKA_06292018:CP025009.1_182 (length 180)
plasmid_files/CP025009.1_results/PROKKA_06292018:CP025009.1_183 (length 109)
plasmid_files/CP025009.1_results/PROKKA_06292018:CP025009.1_184 (length 187)
plasmid_files/CP025009.1_results/PROKKA_06292018:CP025009.1_185 (length 451)
plasmid_files/CP025009.1_results/PROKKA_06292018:CP025009.1_186 (length 76)
plasmid_files/CP025009.1_results/PROKKA_06292018:CP025009.1_187 (length 75)
plasmid_files/CP025009.1_results/PROKKA_06292018:CP025009.1_188 (length 105)
plasmid_files/CP025009.1_results/PROKKA_06292018:CP025009.1_189 (length 84)
plasmid_files/CP025009.1_results/PROKKA_06292018:CP025009.1_190 (length 141)
plasmid_files/CP025009.1_results/PROKKA_06292018:CP025009.1_191 (length 52)
plasmid_files/CP025009.1_results/PROKKA_06292018:CP025009.1_192 (length 172)
plasmid_files/CP025009.1_results/PROKKA_06292018:CP025009.1_193 (length 495)
plasmid_files/CP025009.1_results/PROKKA_06292018:CP025009.1_194 (length 141)
plasmid_files/CP025009.1_results/PROKKA_06292018:CP025009.1_195 (length 423)
plasmid_files/CP025009.1_results/PROKKA_06292018:CP025009.1_196 (length 285)
plasmid_files/CP025009.1_results/PROKKA_06292018:CP025009.1_197 (length 94)
plasmid_files/CP025009.1_results/PROKKA_06292018:CP025009.1_198 (length 320)
plasmid_files/CP025009.1_results/PROKKA_06292018:CP025009.1_199 (length 323)
plasmid_files/CP025009.1_results/PROKKA_06292018:CP025009.1_200 (length 388)

DiscRep_ALL:DISC_INCONSISTENT_MOLINFO_TECH::Molinfo Technique Report (some missing, all same)
DiscRep_SUB:DISC_INCONSISTENT_MOLINFO_TECH::technique (all missing)
DiscRep_SUB:DISC_INCONSISTENT_MOLINFO_TECH::1 Molinfos are missing field technique
plasmid_files/CP025009.1_results/PROKKA_06292018:CP025009.1 (length 176049)

