[10:03:12] This is prokka 1.14-dev
[10:03:12] Written by Torsten Seemann <torsten.seemann@gmail.com>
[10:03:12] Homepage is https://github.com/tseemann/prokka
[10:03:12] Local time is Fri Jun 29 10:03:12 2018
[10:03:12] You are christian
[10:03:12] Operating system is linux
[10:03:12] You have BioPerl 1.007002
[10:03:12] System has 20 cores.
[10:03:12] Will use maximum of 20 cores.
[10:03:12] Annotating as >>> Bacteria <<<
[10:03:12] Generating locus_tag from 'plasmid_files/CP023894.1.fasta' contents.
[10:03:12] Setting --locustag NMBKOHBL from MD5 76b481b5076a7bc779685cd4d5c9e8f8
[10:03:12] Creating new output folder: plasmid_files/CP023894.1_results
[10:03:12] Running: mkdir -p plasmid_files\/CP023894\.1_results
[10:03:12] Using filename prefix: PROKKA_06292018.XXX
[10:03:12] Setting HMMER_NCPU=1
[10:03:12] Writing log to: plasmid_files/CP023894.1_results/PROKKA_06292018.log
[10:03:12] Command: /home/christian/install/prokka/bin/prokka plasmid_files/CP023894.1.fasta --outdir plasmid_files/CP023894.1_results --cpus 20
[10:03:12] Appending to PATH: /home/christian/install/prokka/bin/../binaries/linux
[10:03:12] Appending to PATH: /home/christian/install/prokka/bin/../binaries/linux/../common
[10:03:12] Appending to PATH: /home/christian/install/prokka/bin
[10:03:12] Looking for 'aragorn' - found /home/christian/install/prokka/bin/../binaries/linux/aragorn
[10:03:12] Determined aragorn version is 1.2
[10:03:12] Looking for 'blastp' - found /usr/bin/blastp
[10:03:12] Determined blastp version is 2.2
[10:03:12] Looking for 'cmpress' - found /usr/local/bin/cmpress
[10:03:12] Determined cmpress version is 1.1
[10:03:12] Looking for 'cmscan' - found /usr/local/bin/cmscan
[10:03:12] Determined cmscan version is 1.1
[10:03:12] Looking for 'egrep' - found /bin/egrep
[10:03:12] Looking for 'find' - found /usr/bin/find
[10:03:12] Looking for 'grep' - found /bin/grep
[10:03:12] Looking for 'hmmpress' - found /usr/local/bin/hmmpress
[10:03:12] Determined hmmpress version is 3.1
[10:03:12] Looking for 'hmmscan' - found /usr/local/bin/hmmscan
[10:03:12] Determined hmmscan version is 3.1
[10:03:12] Looking for 'java' - found /usr/bin/java
[10:03:12] Looking for 'less' - found /usr/bin/less
[10:03:12] Looking for 'makeblastdb' - found /usr/bin/makeblastdb
[10:03:12] Determined makeblastdb version is 2.2
[10:03:12] Looking for 'minced' - found /home/christian/install/prokka/bin/../binaries/linux/../common/minced
[10:03:12] Determined minced version is 2.0
[10:03:12] Looking for 'parallel' - found /usr/bin/parallel
[10:03:12] Determined parallel version is 20141022
[10:03:12] Looking for 'prodigal' - found /usr/local/bin/prodigal
[10:03:12] Determined prodigal version is 2.6
[10:03:12] Looking for 'prokka-genbank_to_fasta_db' - found /home/christian/install/prokka/bin/prokka-genbank_to_fasta_db
[10:03:12] Looking for 'sed' - found /bin/sed
[10:03:12] Looking for 'tbl2asn' - found /home/christian/install/prokka/bin/../binaries/linux/tbl2asn
[10:03:12] Determined tbl2asn version is 25.6
[10:03:12] Using genetic code table 11.
[10:03:12] Loading and checking input file: plasmid_files/CP023894.1.fasta
[10:03:12] Wrote 1 contigs totalling 71267 bp.
[10:03:12] Predicting tRNAs and tmRNAs
[10:03:12] Running: aragorn -l -gc11  -w plasmid_files\/CP023894\.1_results\/PROKKA_06292018\.fna
[10:03:12] Found 0 tRNAs
[10:03:12] Predicting Ribosomal RNAs
[10:03:12] You need either Barrnap or RNAmmer installed to predict rRNAs!
[10:03:12] Skipping ncRNA search, enable with --rfam if desired.
[10:03:12] Total of 0 tRNA + rRNA features
[10:03:12] Searching for CRISPR repeats
[10:03:12] Found 0 CRISPRs
[10:03:12] Predicting coding sequences
[10:03:12] Contigs total 71267 bp, so using meta mode
[10:03:12] Running: prodigal -i plasmid_files\/CP023894\.1_results\/PROKKA_06292018\.fna -c -m -g 11 -p meta -f sco -q
[10:03:13] Found 88 CDS
[10:03:13] Connecting features back to sequences
[10:03:13] Not using genus-specific database. Try --usegenus to enable it.
[10:03:13] Annotating CDS, please be patient.
[10:03:13] Will use 20 CPUs for similarity searching.
[10:03:13] There are still 88 unannotated CDS left (started with 88)
[10:03:13] Will use blast to search against /home/christian/install/prokka/db/kingdom/Bacteria/sprot with 20 CPUs
[10:03:13] Running: cat plasmid_files\/CP023894\.1_results\/sprot\.faa | parallel --gnu --plain -j 20 --block 495 --recstart '>' --pipe blastp -query - -db /home/christian/install/prokka/db/kingdom/Bacteria/sprot -evalue 1e-06 -num_threads 1 -num_descriptions 1 -num_alignments 1 -seg no > plasmid_files\/CP023894\.1_results\/sprot\.blast 2> /dev/null
[10:03:14] Modify product: Pentapeptide repeat protein VPA0095 => Pentapeptide repeat protein
[10:03:14] Modify product: Pentapeptide repeat protein VPA0095 => Pentapeptide repeat protein
[10:03:14] Cleaned 2 /product names
[10:03:14] Deleting unwanted file: plasmid_files/CP023894.1_results/sprot.faa
[10:03:14] Deleting unwanted file: plasmid_files/CP023894.1_results/sprot.blast
[10:03:14] There are still 54 unannotated CDS left (started with 88)
[10:03:14] Will use hmmer3 to search against /home/christian/install/prokka/db/hmm/HAMAP.hmm with 20 CPUs
[10:03:14] Running: cat plasmid_files\/CP023894\.1_results\/HAMAP\.hmm\.faa | parallel --gnu --plain -j 20 --block 236 --recstart '>' --pipe hmmscan --noali --notextw --acc -E 1e-06 --cpu 1 /home/christian/install/prokka/db/hmm/HAMAP.hmm /dev/stdin > plasmid_files\/CP023894\.1_results\/HAMAP\.hmm\.hmmer3 2> /dev/null
[10:03:14] Deleting unwanted file: plasmid_files/CP023894.1_results/HAMAP.hmm.faa
[10:03:14] Deleting unwanted file: plasmid_files/CP023894.1_results/HAMAP.hmm.hmmer3
[10:03:14] Labelling remaining 54 proteins as 'hypothetical protein'
[10:03:14] Found 25 unique /gene codes.
[10:03:14] Fixed 5 duplicate /gene - hin_1 hin_2 hin_3 hin_4 hin_5
[10:03:14] Fixed 1 colliding /gene names.
[10:03:14] Adding /locus_tag identifiers
[10:03:14] Assigned 88 locus_tags to CDS and RNA features.
[10:03:14] Writing outputs to plasmid_files/CP023894.1_results/
[10:03:14] Generating annotation statistics file
[10:03:14] Generating Genbank and Sequin files
[10:03:14] Running: tbl2asn -V b -a r10k -l paired-ends -M n -N 1 -y 'Annotated using prokka 1.14-dev from https://github.com/tseemann/prokka' -Z plasmid_files\/CP023894\.1_results\/PROKKA_06292018\.err -i plasmid_files\/CP023894\.1_results\/PROKKA_06292018\.fsa 2> /dev/null
[10:03:15] Deleting unwanted file: plasmid_files/CP023894.1_results/errorsummary.val
[10:03:15] Deleting unwanted file: plasmid_files/CP023894.1_results/PROKKA_06292018.dr
[10:03:15] Deleting unwanted file: plasmid_files/CP023894.1_results/PROKKA_06292018.fixedproducts
[10:03:15] Deleting unwanted file: plasmid_files/CP023894.1_results/PROKKA_06292018.ecn
[10:03:15] Deleting unwanted file: plasmid_files/CP023894.1_results/PROKKA_06292018.val
[10:03:15] Repairing broken .GBK output that tbl2asn produces...
[10:03:15] Running: sed 's/COORDINATES: profile/COORDINATES:profile/' < plasmid_files\/CP023894\.1_results\/PROKKA_06292018\.gbf > plasmid_files\/CP023894\.1_results\/PROKKA_06292018\.gbk
[10:03:15] Deleting unwanted file: plasmid_files/CP023894.1_results/PROKKA_06292018.gbf
[10:03:15] Output files:
[10:03:15] plasmid_files/CP023894.1_results/PROKKA_06292018.sqn
[10:03:15] plasmid_files/CP023894.1_results/PROKKA_06292018.fsa
[10:03:15] plasmid_files/CP023894.1_results/PROKKA_06292018.tbl
[10:03:15] plasmid_files/CP023894.1_results/PROKKA_06292018.log
[10:03:15] plasmid_files/CP023894.1_results/PROKKA_06292018.gff
[10:03:15] plasmid_files/CP023894.1_results/PROKKA_06292018.txt
[10:03:15] plasmid_files/CP023894.1_results/PROKKA_06292018.gbk
[10:03:15] plasmid_files/CP023894.1_results/PROKKA_06292018.faa
[10:03:15] plasmid_files/CP023894.1_results/PROKKA_06292018.fna
[10:03:15] plasmid_files/CP023894.1_results/PROKKA_06292018.tsv
[10:03:15] plasmid_files/CP023894.1_results/PROKKA_06292018.ffn
[10:03:15] plasmid_files/CP023894.1_results/PROKKA_06292018.err
[10:03:15] Annotation finished successfully.
[10:03:15] Walltime used: 0.05 minutes
[10:03:15] If you use this result please cite the Prokka paper:
[10:03:15] Seemann T (2014) Prokka: rapid prokaryotic genome annotation. Bioinformatics. 30(14):2068-9.
[10:03:15] Type 'prokka --citation' for more details.
[10:03:15] Share and enjoy!
