Discrepancy Report Results

Summary
FATAL: MISSING_PROTEIN_ID:88 proteins have invalid IDs.
DISC_SOURCE_QUALS_ASNDISC:strain (all present, all unique)
DISC_SOURCE_QUALS_ASNDISC:taxname (all present, all unique)
DISC_FEATURE_COUNT:CDS: 88 present
DISC_COUNT_NUCLEOTIDES:1 nucleotide Bioseqs are present
FEATURE_LOCATION_CONFLICT:88 features have inconsistent gene locations.
SUSPECT_PRODUCT_NAMES:1 product_names contain suspect phrase or characters
	May contain database identifier more appropriate in note; remove from product name
		1 features Three or more numbers together
DISC_QUALITY_SCORES:Quality scores are missing on all sequences.
ONCALLER_COMMENT_PRESENT:1 comment descriptors were found (all same)
SHORT_PROT_SEQUENCES:4 protein sequences are shorter than 50 aa.
MISSING_GENOMEASSEMBLY_COMMENTS:1 bioseqs are missing GenomeAssembly structured comments
MOLTYPE_NOT_MRNA:1 molecule types are not set as mRNA.
TECHNIQUE_NOT_TSA:1 technique are not set as TSA
MISSING_STRUCTURED_COMMENT:1 sequences do not include structured comments.
MISSING_PROJECT:89 sequences do not include project.
DISC_INCONSISTENT_MOLINFO_TECH:Molinfo Technique Report (some missing, all same)


Detailed Report

FATAL: DiscRep_ALL:MISSING_PROTEIN_ID::88 proteins have invalid IDs.
plasmid_files/CP023894.1_results/PROKKA_06292018:CP023894.1_1 (length 394)
plasmid_files/CP023894.1_results/PROKKA_06292018:CP023894.1_2 (length 127)
plasmid_files/CP023894.1_results/PROKKA_06292018:CP023894.1_3 (length 439)
plasmid_files/CP023894.1_results/PROKKA_06292018:CP023894.1_4 (length 293)
plasmid_files/CP023894.1_results/PROKKA_06292018:CP023894.1_5 (length 259)
plasmid_files/CP023894.1_results/PROKKA_06292018:CP023894.1_6 (length 341)
plasmid_files/CP023894.1_results/PROKKA_06292018:CP023894.1_7 (length 599)
plasmid_files/CP023894.1_results/PROKKA_06292018:CP023894.1_8 (length 463)
plasmid_files/CP023894.1_results/PROKKA_06292018:CP023894.1_9 (length 186)
plasmid_files/CP023894.1_results/PROKKA_06292018:CP023894.1_10 (length 181)
plasmid_files/CP023894.1_results/PROKKA_06292018:CP023894.1_11 (length 41)
plasmid_files/CP023894.1_results/PROKKA_06292018:CP023894.1_12 (length 204)
plasmid_files/CP023894.1_results/PROKKA_06292018:CP023894.1_13 (length 218)
plasmid_files/CP023894.1_results/PROKKA_06292018:CP023894.1_14 (length 234)
plasmid_files/CP023894.1_results/PROKKA_06292018:CP023894.1_15 (length 65)
plasmid_files/CP023894.1_results/PROKKA_06292018:CP023894.1_16 (length 46)
plasmid_files/CP023894.1_results/PROKKA_06292018:CP023894.1_17 (length 65)
plasmid_files/CP023894.1_results/PROKKA_06292018:CP023894.1_18 (length 234)
plasmid_files/CP023894.1_results/PROKKA_06292018:CP023894.1_19 (length 218)
plasmid_files/CP023894.1_results/PROKKA_06292018:CP023894.1_20 (length 204)
plasmid_files/CP023894.1_results/PROKKA_06292018:CP023894.1_21 (length 85)
plasmid_files/CP023894.1_results/PROKKA_06292018:CP023894.1_22 (length 181)
plasmid_files/CP023894.1_results/PROKKA_06292018:CP023894.1_23 (length 190)
plasmid_files/CP023894.1_results/PROKKA_06292018:CP023894.1_24 (length 463)
plasmid_files/CP023894.1_results/PROKKA_06292018:CP023894.1_25 (length 136)
plasmid_files/CP023894.1_results/PROKKA_06292018:CP023894.1_26 (length 1078)
plasmid_files/CP023894.1_results/PROKKA_06292018:CP023894.1_27 (length 509)
plasmid_files/CP023894.1_results/PROKKA_06292018:CP023894.1_28 (length 138)
plasmid_files/CP023894.1_results/PROKKA_06292018:CP023894.1_29 (length 139)
plasmid_files/CP023894.1_results/PROKKA_06292018:CP023894.1_30 (length 238)
plasmid_files/CP023894.1_results/PROKKA_06292018:CP023894.1_31 (length 122)
plasmid_files/CP023894.1_results/PROKKA_06292018:CP023894.1_32 (length 114)
plasmid_files/CP023894.1_results/PROKKA_06292018:CP023894.1_33 (length 106)
plasmid_files/CP023894.1_results/PROKKA_06292018:CP023894.1_34 (length 59)
plasmid_files/CP023894.1_results/PROKKA_06292018:CP023894.1_35 (length 169)
plasmid_files/CP023894.1_results/PROKKA_06292018:CP023894.1_36 (length 35)
plasmid_files/CP023894.1_results/PROKKA_06292018:CP023894.1_37 (length 110)
plasmid_files/CP023894.1_results/PROKKA_06292018:CP023894.1_38 (length 94)
plasmid_files/CP023894.1_results/PROKKA_06292018:CP023894.1_39 (length 119)
plasmid_files/CP023894.1_results/PROKKA_06292018:CP023894.1_40 (length 98)
plasmid_files/CP023894.1_results/PROKKA_06292018:CP023894.1_41 (length 181)
plasmid_files/CP023894.1_results/PROKKA_06292018:CP023894.1_42 (length 51)
plasmid_files/CP023894.1_results/PROKKA_06292018:CP023894.1_43 (length 79)
plasmid_files/CP023894.1_results/PROKKA_06292018:CP023894.1_44 (length 134)
plasmid_files/CP023894.1_results/PROKKA_06292018:CP023894.1_45 (length 141)
plasmid_files/CP023894.1_results/PROKKA_06292018:CP023894.1_46 (length 146)
plasmid_files/CP023894.1_results/PROKKA_06292018:CP023894.1_47 (length 421)
plasmid_files/CP023894.1_results/PROKKA_06292018:CP023894.1_48 (length 263)
plasmid_files/CP023894.1_results/PROKKA_06292018:CP023894.1_49 (length 113)
plasmid_files/CP023894.1_results/PROKKA_06292018:CP023894.1_50 (length 239)
plasmid_files/CP023894.1_results/PROKKA_06292018:CP023894.1_51 (length 355)
plasmid_files/CP023894.1_results/PROKKA_06292018:CP023894.1_52 (length 189)
plasmid_files/CP023894.1_results/PROKKA_06292018:CP023894.1_53 (length 337)
plasmid_files/CP023894.1_results/PROKKA_06292018:CP023894.1_54 (length 157)
plasmid_files/CP023894.1_results/PROKKA_06292018:CP023894.1_55 (length 94)
plasmid_files/CP023894.1_results/PROKKA_06292018:CP023894.1_56 (length 254)
plasmid_files/CP023894.1_results/PROKKA_06292018:CP023894.1_57 (length 402)
plasmid_files/CP023894.1_results/PROKKA_06292018:CP023894.1_58 (length 477)
plasmid_files/CP023894.1_results/PROKKA_06292018:CP023894.1_59 (length 88)
plasmid_files/CP023894.1_results/PROKKA_06292018:CP023894.1_60 (length 68)
plasmid_files/CP023894.1_results/PROKKA_06292018:CP023894.1_61 (length 215)
plasmid_files/CP023894.1_results/PROKKA_06292018:CP023894.1_62 (length 103)
plasmid_files/CP023894.1_results/PROKKA_06292018:CP023894.1_63 (length 104)
plasmid_files/CP023894.1_results/PROKKA_06292018:CP023894.1_64 (length 114)
plasmid_files/CP023894.1_results/PROKKA_06292018:CP023894.1_65 (length 101)
plasmid_files/CP023894.1_results/PROKKA_06292018:CP023894.1_66 (length 244)
plasmid_files/CP023894.1_results/PROKKA_06292018:CP023894.1_67 (length 93)
plasmid_files/CP023894.1_results/PROKKA_06292018:CP023894.1_68 (length 97)
plasmid_files/CP023894.1_results/PROKKA_06292018:CP023894.1_69 (length 105)
plasmid_files/CP023894.1_results/PROKKA_06292018:CP023894.1_70 (length 866)
plasmid_files/CP023894.1_results/PROKKA_06292018:CP023894.1_71 (length 237)
plasmid_files/CP023894.1_results/PROKKA_06292018:CP023894.1_72 (length 75)
plasmid_files/CP023894.1_results/PROKKA_06292018:CP023894.1_73 (length 346)
plasmid_files/CP023894.1_results/PROKKA_06292018:CP023894.1_74 (length 232)
plasmid_files/CP023894.1_results/PROKKA_06292018:CP023894.1_75 (length 294)
plasmid_files/CP023894.1_results/PROKKA_06292018:CP023894.1_76 (length 386)
plasmid_files/CP023894.1_results/PROKKA_06292018:CP023894.1_77 (length 331)
plasmid_files/CP023894.1_results/PROKKA_06292018:CP023894.1_78 (length 148)
plasmid_files/CP023894.1_results/PROKKA_06292018:CP023894.1_79 (length 36)
plasmid_files/CP023894.1_results/PROKKA_06292018:CP023894.1_80 (length 91)
plasmid_files/CP023894.1_results/PROKKA_06292018:CP023894.1_81 (length 369)
plasmid_files/CP023894.1_results/PROKKA_06292018:CP023894.1_82 (length 132)
plasmid_files/CP023894.1_results/PROKKA_06292018:CP023894.1_83 (length 283)
plasmid_files/CP023894.1_results/PROKKA_06292018:CP023894.1_84 (length 211)
plasmid_files/CP023894.1_results/PROKKA_06292018:CP023894.1_85 (length 117)
plasmid_files/CP023894.1_results/PROKKA_06292018:CP023894.1_86 (length 554)
plasmid_files/CP023894.1_results/PROKKA_06292018:CP023894.1_87 (length 201)
plasmid_files/CP023894.1_results/PROKKA_06292018:CP023894.1_88 (length 127)

DiscRep_ALL:DISC_SOURCE_QUALS_ASNDISC::strain (all present, all unique)
DiscRep_SUB:DISC_SOURCE_QUALS_ASNDISC::1 sources have unique values for strain
DiscRep_ALL:DISC_SOURCE_QUALS_ASNDISC::taxname (all present, all unique)
DiscRep_SUB:DISC_SOURCE_QUALS_ASNDISC::1 sources have unique values for taxname
DiscRep_ALL:DISC_FEATURE_COUNT::CDS: 88 present
DiscRep_ALL:DISC_COUNT_NUCLEOTIDES::1 nucleotide Bioseqs are present
plasmid_files/CP023894.1_results/PROKKA_06292018:CP023894.1 (length 71267)

DiscRep_ALL:FEATURE_LOCATION_CONFLICT::88 features have inconsistent gene locations.
DiscRep_SUB:FEATURE_LOCATION_CONFLICT::Coding region xref gene does not exist
plasmid_files/CP023894.1_results/PROKKA_06292018:CDS	hypothetical protein	CP023894.1:93-1277	NMBKOHBL_00001

DiscRep_SUB:FEATURE_LOCATION_CONFLICT::Coding region xref gene does not exist
plasmid_files/CP023894.1_results/PROKKA_06292018:CDS	hypothetical protein	CP023894.1:c1657-1274	NMBKOHBL_00002

DiscRep_SUB:FEATURE_LOCATION_CONFLICT::Coding region xref gene does not exist
plasmid_files/CP023894.1_results/PROKKA_06292018:CDS	hypothetical protein	CP023894.1:1976-3295	NMBKOHBL_00003

DiscRep_SUB:FEATURE_LOCATION_CONFLICT::Coding region xref gene does not exist
plasmid_files/CP023894.1_results/PROKKA_06292018:CDS	Carbapenem-hydrolyzing beta-lactamase KPC	CP023894.1:c4426-3545	NMBKOHBL_00004

DiscRep_SUB:FEATURE_LOCATION_CONFLICT::Coding region xref gene does not exist
plasmid_files/CP023894.1_results/PROKKA_06292018:CDS	Insertion sequence IS5376 putative ATP-binding protein	CP023894.1:c5592-4813	NMBKOHBL_00005

DiscRep_SUB:FEATURE_LOCATION_CONFLICT::Coding region xref gene does not exist
plasmid_files/CP023894.1_results/PROKKA_06292018:CDS	hypothetical protein	CP023894.1:c6614-5589	NMBKOHBL_00006

DiscRep_SUB:FEATURE_LOCATION_CONFLICT::Coding region xref gene does not exist
plasmid_files/CP023894.1_results/PROKKA_06292018:CDS	hypothetical protein	CP023894.1:c8520-6721	NMBKOHBL_00007

DiscRep_SUB:FEATURE_LOCATION_CONFLICT::Coding region xref gene does not exist
plasmid_files/CP023894.1_results/PROKKA_06292018:CDS	hypothetical protein	CP023894.1:c9935-8544	NMBKOHBL_00008

DiscRep_SUB:FEATURE_LOCATION_CONFLICT::Coding region xref gene does not exist
plasmid_files/CP023894.1_results/PROKKA_06292018:CDS	DNA-invertase hin	CP023894.1:c10543-9983	NMBKOHBL_00009

DiscRep_SUB:FEATURE_LOCATION_CONFLICT::Coding region xref gene does not exist
plasmid_files/CP023894.1_results/PROKKA_06292018:CDS	hypothetical protein	CP023894.1:c11224-10679	NMBKOHBL_00010

DiscRep_SUB:FEATURE_LOCATION_CONFLICT::Coding region xref gene does not exist
plasmid_files/CP023894.1_results/PROKKA_06292018:CDS	hypothetical protein	CP023894.1:11354-11479	NMBKOHBL_00011

DiscRep_SUB:FEATURE_LOCATION_CONFLICT::Coding region xref gene does not exist
plasmid_files/CP023894.1_results/PROKKA_06292018:CDS	DNA-invertase hin	CP023894.1:11703-12317	NMBKOHBL_00012

DiscRep_SUB:FEATURE_LOCATION_CONFLICT::Coding region xref gene does not exist
plasmid_files/CP023894.1_results/PROKKA_06292018:CDS	Pentapeptide repeat protein	CP023894.1:c13292-12636	NMBKOHBL_00013

DiscRep_SUB:FEATURE_LOCATION_CONFLICT::Coding region xref gene does not exist
plasmid_files/CP023894.1_results/PROKKA_06292018:CDS	hypothetical protein	CP023894.1:c14501-13797	NMBKOHBL_00014

DiscRep_SUB:FEATURE_LOCATION_CONFLICT::Coding region xref gene does not exist
plasmid_files/CP023894.1_results/PROKKA_06292018:CDS	hypothetical protein	CP023894.1:c14745-14548	NMBKOHBL_00015

DiscRep_SUB:FEATURE_LOCATION_CONFLICT::Coding region xref gene does not exist
plasmid_files/CP023894.1_results/PROKKA_06292018:CDS	hypothetical protein	CP023894.1:15177-15317	NMBKOHBL_00016

DiscRep_SUB:FEATURE_LOCATION_CONFLICT::Coding region xref gene does not exist
plasmid_files/CP023894.1_results/PROKKA_06292018:CDS	hypothetical protein	CP023894.1:15421-15618	NMBKOHBL_00017

DiscRep_SUB:FEATURE_LOCATION_CONFLICT::Coding region xref gene does not exist
plasmid_files/CP023894.1_results/PROKKA_06292018:CDS	hypothetical protein	CP023894.1:15665-16369	NMBKOHBL_00018

DiscRep_SUB:FEATURE_LOCATION_CONFLICT::Coding region xref gene does not exist
plasmid_files/CP023894.1_results/PROKKA_06292018:CDS	Pentapeptide repeat protein	CP023894.1:16874-17530	NMBKOHBL_00019

DiscRep_SUB:FEATURE_LOCATION_CONFLICT::Coding region xref gene does not exist
plasmid_files/CP023894.1_results/PROKKA_06292018:CDS	DNA-invertase hin	CP023894.1:c18463-17849	NMBKOHBL_00020

DiscRep_SUB:FEATURE_LOCATION_CONFLICT::Coding region xref gene does not exist
plasmid_files/CP023894.1_results/PROKKA_06292018:CDS	hypothetical protein	CP023894.1:18625-18882	NMBKOHBL_00021

DiscRep_SUB:FEATURE_LOCATION_CONFLICT::Coding region xref gene does not exist
plasmid_files/CP023894.1_results/PROKKA_06292018:CDS	hypothetical protein	CP023894.1:18943-19488	NMBKOHBL_00022

DiscRep_SUB:FEATURE_LOCATION_CONFLICT::Coding region xref gene does not exist
plasmid_files/CP023894.1_results/PROKKA_06292018:CDS	DNA-invertase hin	CP023894.1:19625-20197	NMBKOHBL_00023

DiscRep_SUB:FEATURE_LOCATION_CONFLICT::Coding region xref gene does not exist
plasmid_files/CP023894.1_results/PROKKA_06292018:CDS	hypothetical protein	CP023894.1:20234-21625	NMBKOHBL_00024

DiscRep_SUB:FEATURE_LOCATION_CONFLICT::Coding region xref gene does not exist
plasmid_files/CP023894.1_results/PROKKA_06292018:CDS	hypothetical protein	CP023894.1:c21999-21589	NMBKOHBL_00025

DiscRep_SUB:FEATURE_LOCATION_CONFLICT::Coding region xref gene does not exist
plasmid_files/CP023894.1_results/PROKKA_06292018:CDS	Multifunctional conjugation protein TraI	CP023894.1:c25235-21999	NMBKOHBL_00026

DiscRep_SUB:FEATURE_LOCATION_CONFLICT::Coding region xref gene does not exist
plasmid_files/CP023894.1_results/PROKKA_06292018:CDS	Coupling protein TraD	CP023894.1:c26764-25235	NMBKOHBL_00027

DiscRep_SUB:FEATURE_LOCATION_CONFLICT::Coding region xref gene does not exist
plasmid_files/CP023894.1_results/PROKKA_06292018:CDS	hypothetical protein	CP023894.1:c27182-26766	NMBKOHBL_00028

DiscRep_SUB:FEATURE_LOCATION_CONFLICT::Coding region xref gene does not exist
plasmid_files/CP023894.1_results/PROKKA_06292018:CDS	hypothetical protein	CP023894.1:27673-28092	NMBKOHBL_00029

DiscRep_SUB:FEATURE_LOCATION_CONFLICT::Coding region xref gene does not exist
plasmid_files/CP023894.1_results/PROKKA_06292018:CDS	hypothetical protein	CP023894.1:28101-28817	NMBKOHBL_00030

DiscRep_SUB:FEATURE_LOCATION_CONFLICT::Coding region xref gene does not exist
plasmid_files/CP023894.1_results/PROKKA_06292018:CDS	hypothetical protein	CP023894.1:28819-29187	NMBKOHBL_00031

DiscRep_SUB:FEATURE_LOCATION_CONFLICT::Coding region xref gene does not exist
plasmid_files/CP023894.1_results/PROKKA_06292018:CDS	hypothetical protein	CP023894.1:29369-29713	NMBKOHBL_00032

DiscRep_SUB:FEATURE_LOCATION_CONFLICT::Coding region xref gene does not exist
plasmid_files/CP023894.1_results/PROKKA_06292018:CDS	hypothetical protein	CP023894.1:c30144-29824	NMBKOHBL_00033

DiscRep_SUB:FEATURE_LOCATION_CONFLICT::Coding region xref gene does not exist
plasmid_files/CP023894.1_results/PROKKA_06292018:CDS	hypothetical protein	CP023894.1:c30378-30199	NMBKOHBL_00034

DiscRep_SUB:FEATURE_LOCATION_CONFLICT::Coding region xref gene does not exist
plasmid_files/CP023894.1_results/PROKKA_06292018:CDS	hypothetical protein	CP023894.1:c31614-31105	NMBKOHBL_00035

DiscRep_SUB:FEATURE_LOCATION_CONFLICT::Coding region xref gene does not exist
plasmid_files/CP023894.1_results/PROKKA_06292018:CDS	hypothetical protein	CP023894.1:c32489-32382	NMBKOHBL_00036

DiscRep_SUB:FEATURE_LOCATION_CONFLICT::Coding region xref gene does not exist
plasmid_files/CP023894.1_results/PROKKA_06292018:CDS	hypothetical protein	CP023894.1:c33299-32967	NMBKOHBL_00037

DiscRep_SUB:FEATURE_LOCATION_CONFLICT::Coding region xref gene does not exist
plasmid_files/CP023894.1_results/PROKKA_06292018:CDS	hypothetical protein	CP023894.1:c33792-33508	NMBKOHBL_00038

DiscRep_SUB:FEATURE_LOCATION_CONFLICT::Coding region xref gene does not exist
plasmid_files/CP023894.1_results/PROKKA_06292018:CDS	hypothetical protein	CP023894.1:c34220-33861	NMBKOHBL_00039

DiscRep_SUB:FEATURE_LOCATION_CONFLICT::Coding region xref gene does not exist
plasmid_files/CP023894.1_results/PROKKA_06292018:CDS	hypothetical protein	CP023894.1:c34513-34217	NMBKOHBL_00040

DiscRep_SUB:FEATURE_LOCATION_CONFLICT::Coding region xref gene does not exist
plasmid_files/CP023894.1_results/PROKKA_06292018:CDS	hypothetical protein	CP023894.1:c35171-34626	NMBKOHBL_00041

DiscRep_SUB:FEATURE_LOCATION_CONFLICT::Coding region xref gene does not exist
plasmid_files/CP023894.1_results/PROKKA_06292018:CDS	hypothetical protein	CP023894.1:c35326-35171	NMBKOHBL_00042

DiscRep_SUB:FEATURE_LOCATION_CONFLICT::Coding region xref gene does not exist
plasmid_files/CP023894.1_results/PROKKA_06292018:CDS	hypothetical protein	CP023894.1:c35638-35399	NMBKOHBL_00043

DiscRep_SUB:FEATURE_LOCATION_CONFLICT::Coding region xref gene does not exist
plasmid_files/CP023894.1_results/PROKKA_06292018:CDS	hypothetical protein	CP023894.1:c36052-35648	NMBKOHBL_00044

DiscRep_SUB:FEATURE_LOCATION_CONFLICT::Coding region xref gene does not exist
plasmid_files/CP023894.1_results/PROKKA_06292018:CDS	Antirestriction protein KlcA	CP023894.1:c36535-36110	NMBKOHBL_00045

DiscRep_SUB:FEATURE_LOCATION_CONFLICT::Coding region xref gene does not exist
plasmid_files/CP023894.1_results/PROKKA_06292018:CDS	Protein UmuD	CP023894.1:36950-37390	NMBKOHBL_00046

DiscRep_SUB:FEATURE_LOCATION_CONFLICT::Coding region xref gene does not exist
plasmid_files/CP023894.1_results/PROKKA_06292018:CDS	Protein UmuC	CP023894.1:37378-38643	NMBKOHBL_00047

DiscRep_SUB:FEATURE_LOCATION_CONFLICT::Coding region xref gene does not exist
plasmid_files/CP023894.1_results/PROKKA_06292018:CDS	hypothetical protein	CP023894.1:38794-39585	NMBKOHBL_00048

DiscRep_SUB:FEATURE_LOCATION_CONFLICT::Coding region xref gene does not exist
plasmid_files/CP023894.1_results/PROKKA_06292018:CDS	hypothetical protein	CP023894.1:c39941-39600	NMBKOHBL_00049

DiscRep_SUB:FEATURE_LOCATION_CONFLICT::Coding region xref gene does not exist
plasmid_files/CP023894.1_results/PROKKA_06292018:CDS	Replication initiation protein	CP023894.1:40501-41220	NMBKOHBL_00050

DiscRep_SUB:FEATURE_LOCATION_CONFLICT::Coding region xref gene does not exist
plasmid_files/CP023894.1_results/PROKKA_06292018:CDS	hypothetical protein	CP023894.1:c42098-41031	NMBKOHBL_00051

DiscRep_SUB:FEATURE_LOCATION_CONFLICT::Coding region xref gene does not exist
plasmid_files/CP023894.1_results/PROKKA_06292018:CDS	DNA-invertase hin	CP023894.1:c43035-42466	NMBKOHBL_00052

DiscRep_SUB:FEATURE_LOCATION_CONFLICT::Coding region xref gene does not exist
plasmid_files/CP023894.1_results/PROKKA_06292018:CDS	Tyrosine recombinase XerD	CP023894.1:c44441-43428	NMBKOHBL_00053

DiscRep_SUB:FEATURE_LOCATION_CONFLICT::Coding region xref gene does not exist
plasmid_files/CP023894.1_results/PROKKA_06292018:CDS	Dihydrofolate reductase type 1	CP023894.1:44597-45070	NMBKOHBL_00054

DiscRep_SUB:FEATURE_LOCATION_CONFLICT::Coding region xref gene does not exist
plasmid_files/CP023894.1_results/PROKKA_06292018:CDS	hypothetical protein	CP023894.1:c45521-45237	NMBKOHBL_00055

DiscRep_SUB:FEATURE_LOCATION_CONFLICT::Coding region xref gene does not exist
plasmid_files/CP023894.1_results/PROKKA_06292018:CDS	hypothetical protein	CP023894.1:45700-46464	NMBKOHBL_00056

DiscRep_SUB:FEATURE_LOCATION_CONFLICT::Coding region xref gene does not exist
plasmid_files/CP023894.1_results/PROKKA_06292018:CDS	Type-2 restriction enzyme EcoRII	CP023894.1:46731-47939	NMBKOHBL_00057

DiscRep_SUB:FEATURE_LOCATION_CONFLICT::Coding region xref gene does not exist
plasmid_files/CP023894.1_results/PROKKA_06292018:CDS	DNA-cytosine methyltransferase	CP023894.1:c49406-47973	NMBKOHBL_00058

DiscRep_SUB:FEATURE_LOCATION_CONFLICT::Coding region xref gene does not exist
plasmid_files/CP023894.1_results/PROKKA_06292018:CDS	hypothetical protein	CP023894.1:49511-49777	NMBKOHBL_00059

DiscRep_SUB:FEATURE_LOCATION_CONFLICT::Coding region xref gene does not exist
plasmid_files/CP023894.1_results/PROKKA_06292018:CDS	hypothetical protein	CP023894.1:c49994-49788	NMBKOHBL_00060

DiscRep_SUB:FEATURE_LOCATION_CONFLICT::Coding region xref gene does not exist
plasmid_files/CP023894.1_results/PROKKA_06292018:CDS	hypothetical protein	CP023894.1:c50646-49999	NMBKOHBL_00061

DiscRep_SUB:FEATURE_LOCATION_CONFLICT::Coding region xref gene does not exist
plasmid_files/CP023894.1_results/PROKKA_06292018:CDS	hypothetical protein	CP023894.1:c51007-50696	NMBKOHBL_00062

DiscRep_SUB:FEATURE_LOCATION_CONFLICT::Coding region xref gene does not exist
plasmid_files/CP023894.1_results/PROKKA_06292018:CDS	hypothetical protein	CP023894.1:c51357-51043	NMBKOHBL_00063

DiscRep_SUB:FEATURE_LOCATION_CONFLICT::Coding region xref gene does not exist
plasmid_files/CP023894.1_results/PROKKA_06292018:CDS	hypothetical protein	CP023894.1:c51698-51354	NMBKOHBL_00064

DiscRep_SUB:FEATURE_LOCATION_CONFLICT::Coding region xref gene does not exist
plasmid_files/CP023894.1_results/PROKKA_06292018:CDS	Trans-acting regulatory protein HvrA	CP023894.1:c52019-51714	NMBKOHBL_00065

DiscRep_SUB:FEATURE_LOCATION_CONFLICT::Coding region xref gene does not exist
plasmid_files/CP023894.1_results/PROKKA_06292018:CDS	Type IV secretion system protein virB1	CP023894.1:52128-52862	NMBKOHBL_00066

DiscRep_SUB:FEATURE_LOCATION_CONFLICT::Coding region xref gene does not exist
plasmid_files/CP023894.1_results/PROKKA_06292018:CDS	hypothetical protein	CP023894.1:52871-53152	NMBKOHBL_00067

DiscRep_SUB:FEATURE_LOCATION_CONFLICT::Coding region xref gene does not exist
plasmid_files/CP023894.1_results/PROKKA_06292018:CDS	hypothetical protein	CP023894.1:53162-53455	NMBKOHBL_00068

DiscRep_SUB:FEATURE_LOCATION_CONFLICT::Coding region xref gene does not exist
plasmid_files/CP023894.1_results/PROKKA_06292018:CDS	hypothetical protein	CP023894.1:53505-53822	NMBKOHBL_00069

DiscRep_SUB:FEATURE_LOCATION_CONFLICT::Coding region xref gene does not exist
plasmid_files/CP023894.1_results/PROKKA_06292018:CDS	Type IV secretion system protein virB4	CP023894.1:53822-56422	NMBKOHBL_00070

DiscRep_SUB:FEATURE_LOCATION_CONFLICT::Coding region xref gene does not exist
plasmid_files/CP023894.1_results/PROKKA_06292018:CDS	Type IV secretion system protein virB5	CP023894.1:56440-57153	NMBKOHBL_00071

DiscRep_SUB:FEATURE_LOCATION_CONFLICT::Coding region xref gene does not exist
plasmid_files/CP023894.1_results/PROKKA_06292018:CDS	hypothetical protein	CP023894.1:57161-57388	NMBKOHBL_00072

DiscRep_SUB:FEATURE_LOCATION_CONFLICT::Coding region xref gene does not exist
plasmid_files/CP023894.1_results/PROKKA_06292018:CDS	Type IV secretion system protein VirB6	CP023894.1:57404-58444	NMBKOHBL_00073

DiscRep_SUB:FEATURE_LOCATION_CONFLICT::Coding region xref gene does not exist
plasmid_files/CP023894.1_results/PROKKA_06292018:CDS	Type IV secretion system protein virB8	CP023894.1:58663-59361	NMBKOHBL_00074

DiscRep_SUB:FEATURE_LOCATION_CONFLICT::Coding region xref gene does not exist
plasmid_files/CP023894.1_results/PROKKA_06292018:CDS	Type IV secretion system protein virB9	CP023894.1:59372-60256	NMBKOHBL_00075

DiscRep_SUB:FEATURE_LOCATION_CONFLICT::Coding region xref gene does not exist
plasmid_files/CP023894.1_results/PROKKA_06292018:CDS	Protein virB10	CP023894.1:60256-61416	NMBKOHBL_00076

DiscRep_SUB:FEATURE_LOCATION_CONFLICT::Coding region xref gene does not exist
plasmid_files/CP023894.1_results/PROKKA_06292018:CDS	Type IV secretion system protein VirB11	CP023894.1:61458-62453	NMBKOHBL_00077

DiscRep_SUB:FEATURE_LOCATION_CONFLICT::Coding region xref gene does not exist
plasmid_files/CP023894.1_results/PROKKA_06292018:CDS	Phospholipase D	CP023894.1:62453-62899	NMBKOHBL_00078

DiscRep_SUB:FEATURE_LOCATION_CONFLICT::Coding region xref gene does not exist
plasmid_files/CP023894.1_results/PROKKA_06292018:CDS	hypothetical protein	CP023894.1:63048-63158	NMBKOHBL_00079

DiscRep_SUB:FEATURE_LOCATION_CONFLICT::Coding region xref gene does not exist
plasmid_files/CP023894.1_results/PROKKA_06292018:CDS	Transcriptional repressor FrmR	CP023894.1:63142-63417	NMBKOHBL_00080

DiscRep_SUB:FEATURE_LOCATION_CONFLICT::Coding region xref gene does not exist
plasmid_files/CP023894.1_results/PROKKA_06292018:CDS	S-(hydroxymethyl)glutathione dehydrogenase	CP023894.1:63448-64557	NMBKOHBL_00081

DiscRep_SUB:FEATURE_LOCATION_CONFLICT::Coding region xref gene does not exist
plasmid_files/CP023894.1_results/PROKKA_06292018:CDS	hypothetical protein	CP023894.1:64599-64997	NMBKOHBL_00082

DiscRep_SUB:FEATURE_LOCATION_CONFLICT::Coding region xref gene does not exist
plasmid_files/CP023894.1_results/PROKKA_06292018:CDS	S-formylglutathione hydrolase FrmB	CP023894.1:65048-65899	NMBKOHBL_00083

DiscRep_SUB:FEATURE_LOCATION_CONFLICT::Coding region xref gene does not exist
plasmid_files/CP023894.1_results/PROKKA_06292018:CDS	Putative transposon Tn552 DNA-invertase bin3	CP023894.1:c66562-65927	NMBKOHBL_00084

DiscRep_SUB:FEATURE_LOCATION_CONFLICT::Coding region xref gene does not exist
plasmid_files/CP023894.1_results/PROKKA_06292018:CDS	hypothetical protein	CP023894.1:66730-67083	NMBKOHBL_00085

DiscRep_SUB:FEATURE_LOCATION_CONFLICT::Coding region xref gene does not exist
plasmid_files/CP023894.1_results/PROKKA_06292018:CDS	hypothetical protein	CP023894.1:c68772-67108	NMBKOHBL_00086

DiscRep_SUB:FEATURE_LOCATION_CONFLICT::Coding region xref gene does not exist
plasmid_files/CP023894.1_results/PROKKA_06292018:CDS	Serine recombinase PinR	CP023894.1:c69552-68947	NMBKOHBL_00087

DiscRep_SUB:FEATURE_LOCATION_CONFLICT::Coding region xref gene does not exist
plasmid_files/CP023894.1_results/PROKKA_06292018:CDS	hypothetical protein	CP023894.1:c70582-70199	NMBKOHBL_00088

DiscRep_ALL:SUSPECT_PRODUCT_NAMES::1 product_names contain suspect phrase or characters
DiscRep_SUB:SUSPECT_PRODUCT_NAMES::May contain database identifier more appropriate in note; remove from product name
DiscRep_SUB:SUSPECT_PRODUCT_NAMES::1 features Three or more numbers together
plasmid_files/CP023894.1_results/PROKKA_06292018:CDS	Putative transposon Tn552 DNA-invertase bin3	CP023894.1:c66562-65927	NMBKOHBL_00084

DiscRep_ALL:DISC_QUALITY_SCORES::Quality scores are missing on all sequences.

DiscRep_ALL:ONCALLER_COMMENT_PRESENT::1 comment descriptors were found (all same)
plasmid_files/CP023894.1_results/PROKKA_06292018:CP023894.1:Annotated using prokka 1.14-dev from https://github.com/tseemann/prokka

DiscRep_ALL:SHORT_PROT_SEQUENCES::4 protein sequences are shorter than 50 aa.
plasmid_files/CP023894.1_results/PROKKA_06292018:CP023894.1_11 (length 41)
plasmid_files/CP023894.1_results/PROKKA_06292018:CP023894.1_16 (length 46)
plasmid_files/CP023894.1_results/PROKKA_06292018:CP023894.1_36 (length 35)
plasmid_files/CP023894.1_results/PROKKA_06292018:CP023894.1_79 (length 36)

DiscRep_ALL:MISSING_GENOMEASSEMBLY_COMMENTS::1 bioseqs are missing GenomeAssembly structured comments
plasmid_files/CP023894.1_results/PROKKA_06292018:CP023894.1 (length 71267)

DiscRep_ALL:MOLTYPE_NOT_MRNA::1 molecule types are not set as mRNA.
plasmid_files/CP023894.1_results/PROKKA_06292018:CP023894.1 (length 71267)

DiscRep_ALL:TECHNIQUE_NOT_TSA::1 technique are not set as TSA
plasmid_files/CP023894.1_results/PROKKA_06292018:CP023894.1 (length 71267)

DiscRep_ALL:MISSING_STRUCTURED_COMMENT::1 sequences do not include structured comments.
plasmid_files/CP023894.1_results/PROKKA_06292018:CP023894.1 (length 71267)

DiscRep_ALL:MISSING_PROJECT::89 sequences do not include project.
plasmid_files/CP023894.1_results/PROKKA_06292018:CP023894.1 (length 71267)
plasmid_files/CP023894.1_results/PROKKA_06292018:CP023894.1_1 (length 394)
plasmid_files/CP023894.1_results/PROKKA_06292018:CP023894.1_2 (length 127)
plasmid_files/CP023894.1_results/PROKKA_06292018:CP023894.1_3 (length 439)
plasmid_files/CP023894.1_results/PROKKA_06292018:CP023894.1_4 (length 293)
plasmid_files/CP023894.1_results/PROKKA_06292018:CP023894.1_5 (length 259)
plasmid_files/CP023894.1_results/PROKKA_06292018:CP023894.1_6 (length 341)
plasmid_files/CP023894.1_results/PROKKA_06292018:CP023894.1_7 (length 599)
plasmid_files/CP023894.1_results/PROKKA_06292018:CP023894.1_8 (length 463)
plasmid_files/CP023894.1_results/PROKKA_06292018:CP023894.1_9 (length 186)
plasmid_files/CP023894.1_results/PROKKA_06292018:CP023894.1_10 (length 181)
plasmid_files/CP023894.1_results/PROKKA_06292018:CP023894.1_11 (length 41)
plasmid_files/CP023894.1_results/PROKKA_06292018:CP023894.1_12 (length 204)
plasmid_files/CP023894.1_results/PROKKA_06292018:CP023894.1_13 (length 218)
plasmid_files/CP023894.1_results/PROKKA_06292018:CP023894.1_14 (length 234)
plasmid_files/CP023894.1_results/PROKKA_06292018:CP023894.1_15 (length 65)
plasmid_files/CP023894.1_results/PROKKA_06292018:CP023894.1_16 (length 46)
plasmid_files/CP023894.1_results/PROKKA_06292018:CP023894.1_17 (length 65)
plasmid_files/CP023894.1_results/PROKKA_06292018:CP023894.1_18 (length 234)
plasmid_files/CP023894.1_results/PROKKA_06292018:CP023894.1_19 (length 218)
plasmid_files/CP023894.1_results/PROKKA_06292018:CP023894.1_20 (length 204)
plasmid_files/CP023894.1_results/PROKKA_06292018:CP023894.1_21 (length 85)
plasmid_files/CP023894.1_results/PROKKA_06292018:CP023894.1_22 (length 181)
plasmid_files/CP023894.1_results/PROKKA_06292018:CP023894.1_23 (length 190)
plasmid_files/CP023894.1_results/PROKKA_06292018:CP023894.1_24 (length 463)
plasmid_files/CP023894.1_results/PROKKA_06292018:CP023894.1_25 (length 136)
plasmid_files/CP023894.1_results/PROKKA_06292018:CP023894.1_26 (length 1078)
plasmid_files/CP023894.1_results/PROKKA_06292018:CP023894.1_27 (length 509)
plasmid_files/CP023894.1_results/PROKKA_06292018:CP023894.1_28 (length 138)
plasmid_files/CP023894.1_results/PROKKA_06292018:CP023894.1_29 (length 139)
plasmid_files/CP023894.1_results/PROKKA_06292018:CP023894.1_30 (length 238)
plasmid_files/CP023894.1_results/PROKKA_06292018:CP023894.1_31 (length 122)
plasmid_files/CP023894.1_results/PROKKA_06292018:CP023894.1_32 (length 114)
plasmid_files/CP023894.1_results/PROKKA_06292018:CP023894.1_33 (length 106)
plasmid_files/CP023894.1_results/PROKKA_06292018:CP023894.1_34 (length 59)
plasmid_files/CP023894.1_results/PROKKA_06292018:CP023894.1_35 (length 169)
plasmid_files/CP023894.1_results/PROKKA_06292018:CP023894.1_36 (length 35)
plasmid_files/CP023894.1_results/PROKKA_06292018:CP023894.1_37 (length 110)
plasmid_files/CP023894.1_results/PROKKA_06292018:CP023894.1_38 (length 94)
plasmid_files/CP023894.1_results/PROKKA_06292018:CP023894.1_39 (length 119)
plasmid_files/CP023894.1_results/PROKKA_06292018:CP023894.1_40 (length 98)
plasmid_files/CP023894.1_results/PROKKA_06292018:CP023894.1_41 (length 181)
plasmid_files/CP023894.1_results/PROKKA_06292018:CP023894.1_42 (length 51)
plasmid_files/CP023894.1_results/PROKKA_06292018:CP023894.1_43 (length 79)
plasmid_files/CP023894.1_results/PROKKA_06292018:CP023894.1_44 (length 134)
plasmid_files/CP023894.1_results/PROKKA_06292018:CP023894.1_45 (length 141)
plasmid_files/CP023894.1_results/PROKKA_06292018:CP023894.1_46 (length 146)
plasmid_files/CP023894.1_results/PROKKA_06292018:CP023894.1_47 (length 421)
plasmid_files/CP023894.1_results/PROKKA_06292018:CP023894.1_48 (length 263)
plasmid_files/CP023894.1_results/PROKKA_06292018:CP023894.1_49 (length 113)
plasmid_files/CP023894.1_results/PROKKA_06292018:CP023894.1_50 (length 239)
plasmid_files/CP023894.1_results/PROKKA_06292018:CP023894.1_51 (length 355)
plasmid_files/CP023894.1_results/PROKKA_06292018:CP023894.1_52 (length 189)
plasmid_files/CP023894.1_results/PROKKA_06292018:CP023894.1_53 (length 337)
plasmid_files/CP023894.1_results/PROKKA_06292018:CP023894.1_54 (length 157)
plasmid_files/CP023894.1_results/PROKKA_06292018:CP023894.1_55 (length 94)
plasmid_files/CP023894.1_results/PROKKA_06292018:CP023894.1_56 (length 254)
plasmid_files/CP023894.1_results/PROKKA_06292018:CP023894.1_57 (length 402)
plasmid_files/CP023894.1_results/PROKKA_06292018:CP023894.1_58 (length 477)
plasmid_files/CP023894.1_results/PROKKA_06292018:CP023894.1_59 (length 88)
plasmid_files/CP023894.1_results/PROKKA_06292018:CP023894.1_60 (length 68)
plasmid_files/CP023894.1_results/PROKKA_06292018:CP023894.1_61 (length 215)
plasmid_files/CP023894.1_results/PROKKA_06292018:CP023894.1_62 (length 103)
plasmid_files/CP023894.1_results/PROKKA_06292018:CP023894.1_63 (length 104)
plasmid_files/CP023894.1_results/PROKKA_06292018:CP023894.1_64 (length 114)
plasmid_files/CP023894.1_results/PROKKA_06292018:CP023894.1_65 (length 101)
plasmid_files/CP023894.1_results/PROKKA_06292018:CP023894.1_66 (length 244)
plasmid_files/CP023894.1_results/PROKKA_06292018:CP023894.1_67 (length 93)
plasmid_files/CP023894.1_results/PROKKA_06292018:CP023894.1_68 (length 97)
plasmid_files/CP023894.1_results/PROKKA_06292018:CP023894.1_69 (length 105)
plasmid_files/CP023894.1_results/PROKKA_06292018:CP023894.1_70 (length 866)
plasmid_files/CP023894.1_results/PROKKA_06292018:CP023894.1_71 (length 237)
plasmid_files/CP023894.1_results/PROKKA_06292018:CP023894.1_72 (length 75)
plasmid_files/CP023894.1_results/PROKKA_06292018:CP023894.1_73 (length 346)
plasmid_files/CP023894.1_results/PROKKA_06292018:CP023894.1_74 (length 232)
plasmid_files/CP023894.1_results/PROKKA_06292018:CP023894.1_75 (length 294)
plasmid_files/CP023894.1_results/PROKKA_06292018:CP023894.1_76 (length 386)
plasmid_files/CP023894.1_results/PROKKA_06292018:CP023894.1_77 (length 331)
plasmid_files/CP023894.1_results/PROKKA_06292018:CP023894.1_78 (length 148)
plasmid_files/CP023894.1_results/PROKKA_06292018:CP023894.1_79 (length 36)
plasmid_files/CP023894.1_results/PROKKA_06292018:CP023894.1_80 (length 91)
plasmid_files/CP023894.1_results/PROKKA_06292018:CP023894.1_81 (length 369)
plasmid_files/CP023894.1_results/PROKKA_06292018:CP023894.1_82 (length 132)
plasmid_files/CP023894.1_results/PROKKA_06292018:CP023894.1_83 (length 283)
plasmid_files/CP023894.1_results/PROKKA_06292018:CP023894.1_84 (length 211)
plasmid_files/CP023894.1_results/PROKKA_06292018:CP023894.1_85 (length 117)
plasmid_files/CP023894.1_results/PROKKA_06292018:CP023894.1_86 (length 554)
plasmid_files/CP023894.1_results/PROKKA_06292018:CP023894.1_87 (length 201)
plasmid_files/CP023894.1_results/PROKKA_06292018:CP023894.1_88 (length 127)

DiscRep_ALL:DISC_INCONSISTENT_MOLINFO_TECH::Molinfo Technique Report (some missing, all same)
DiscRep_SUB:DISC_INCONSISTENT_MOLINFO_TECH::technique (all missing)
DiscRep_SUB:DISC_INCONSISTENT_MOLINFO_TECH::1 Molinfos are missing field technique
plasmid_files/CP023894.1_results/PROKKA_06292018:CP023894.1 (length 71267)

