[09:58:58] This is prokka 1.14-dev
[09:58:58] Written by Torsten Seemann <torsten.seemann@gmail.com>
[09:58:58] Homepage is https://github.com/tseemann/prokka
[09:58:58] Local time is Fri Jun 29 09:58:58 2018
[09:58:58] You are christian
[09:58:58] Operating system is linux
[09:58:58] You have BioPerl 1.007002
[09:58:58] System has 20 cores.
[09:58:58] Will use maximum of 20 cores.
[09:58:58] Annotating as >>> Bacteria <<<
[09:58:58] Generating locus_tag from 'plasmid_files/CP011999.1.fasta' contents.
[09:58:58] Setting --locustag PKPOOOKH from MD5 94988841d698a0c2ecb46219f398a16f
[09:58:58] Creating new output folder: plasmid_files/CP011999.1_results
[09:58:58] Running: mkdir -p plasmid_files\/CP011999\.1_results
[09:58:58] Using filename prefix: PROKKA_06292018.XXX
[09:58:58] Setting HMMER_NCPU=1
[09:58:58] Writing log to: plasmid_files/CP011999.1_results/PROKKA_06292018.log
[09:58:58] Command: /home/christian/install/prokka/bin/prokka plasmid_files/CP011999.1.fasta --outdir plasmid_files/CP011999.1_results --cpus 20
[09:58:58] Appending to PATH: /home/christian/install/prokka/bin/../binaries/linux
[09:58:58] Appending to PATH: /home/christian/install/prokka/bin/../binaries/linux/../common
[09:58:58] Appending to PATH: /home/christian/install/prokka/bin
[09:58:58] Looking for 'aragorn' - found /home/christian/install/prokka/bin/../binaries/linux/aragorn
[09:58:58] Determined aragorn version is 1.2
[09:58:58] Looking for 'blastp' - found /usr/bin/blastp
[09:58:58] Determined blastp version is 2.2
[09:58:58] Looking for 'cmpress' - found /usr/local/bin/cmpress
[09:58:58] Determined cmpress version is 1.1
[09:58:58] Looking for 'cmscan' - found /usr/local/bin/cmscan
[09:58:58] Determined cmscan version is 1.1
[09:58:58] Looking for 'egrep' - found /bin/egrep
[09:58:58] Looking for 'find' - found /usr/bin/find
[09:58:58] Looking for 'grep' - found /bin/grep
[09:58:58] Looking for 'hmmpress' - found /usr/local/bin/hmmpress
[09:58:58] Determined hmmpress version is 3.1
[09:58:58] Looking for 'hmmscan' - found /usr/local/bin/hmmscan
[09:58:58] Determined hmmscan version is 3.1
[09:58:58] Looking for 'java' - found /usr/bin/java
[09:58:58] Looking for 'less' - found /usr/bin/less
[09:58:58] Looking for 'makeblastdb' - found /usr/bin/makeblastdb
[09:58:58] Determined makeblastdb version is 2.2
[09:58:58] Looking for 'minced' - found /home/christian/install/prokka/bin/../binaries/linux/../common/minced
[09:58:58] Determined minced version is 2.0
[09:58:58] Looking for 'parallel' - found /usr/bin/parallel
[09:58:58] Determined parallel version is 20141022
[09:58:58] Looking for 'prodigal' - found /usr/local/bin/prodigal
[09:58:58] Determined prodigal version is 2.6
[09:58:58] Looking for 'prokka-genbank_to_fasta_db' - found /home/christian/install/prokka/bin/prokka-genbank_to_fasta_db
[09:58:58] Looking for 'sed' - found /bin/sed
[09:58:58] Looking for 'tbl2asn' - found /home/christian/install/prokka/bin/../binaries/linux/tbl2asn
[09:58:59] Determined tbl2asn version is 25.6
[09:58:59] Using genetic code table 11.
[09:58:59] Loading and checking input file: plasmid_files/CP011999.1.fasta
[09:58:59] Wrote 1 contigs totalling 83399 bp.
[09:58:59] Predicting tRNAs and tmRNAs
[09:58:59] Running: aragorn -l -gc11  -w plasmid_files\/CP011999\.1_results\/PROKKA_06292018\.fna
[09:58:59] Found 0 tRNAs
[09:58:59] Predicting Ribosomal RNAs
[09:58:59] You need either Barrnap or RNAmmer installed to predict rRNAs!
[09:58:59] Skipping ncRNA search, enable with --rfam if desired.
[09:58:59] Total of 0 tRNA + rRNA features
[09:58:59] Searching for CRISPR repeats
[09:58:59] Found 0 CRISPRs
[09:58:59] Predicting coding sequences
[09:58:59] Contigs total 83399 bp, so using meta mode
[09:58:59] Running: prodigal -i plasmid_files\/CP011999\.1_results\/PROKKA_06292018\.fna -c -m -g 11 -p meta -f sco -q
[09:59:00] Found 92 CDS
[09:59:00] Connecting features back to sequences
[09:59:00] Not using genus-specific database. Try --usegenus to enable it.
[09:59:00] Annotating CDS, please be patient.
[09:59:00] Will use 20 CPUs for similarity searching.
[09:59:00] There are still 92 unannotated CDS left (started with 92)
[09:59:00] Will use blast to search against /home/christian/install/prokka/db/kingdom/Bacteria/sprot with 20 CPUs
[09:59:00] Running: cat plasmid_files\/CP011999\.1_results\/sprot\.faa | parallel --gnu --plain -j 20 --block 529 --recstart '>' --pipe blastp -query - -db /home/christian/install/prokka/db/kingdom/Bacteria/sprot -evalue 1e-06 -num_threads 1 -num_descriptions 1 -num_alignments 1 -seg no > plasmid_files\/CP011999\.1_results\/sprot\.blast 2> /dev/null
[09:59:00] Modify product: Uncharacterized signaling protein PA1727 => putative signaling protein
[09:59:01] Modify product: UPF0401 protein YkfF => hypothetical protein
[09:59:01] Cleaned 2 /product names
[09:59:01] Deleting unwanted file: plasmid_files/CP011999.1_results/sprot.faa
[09:59:01] Deleting unwanted file: plasmid_files/CP011999.1_results/sprot.blast
[09:59:01] There are still 53 unannotated CDS left (started with 92)
[09:59:01] Will use hmmer3 to search against /home/christian/install/prokka/db/hmm/HAMAP.hmm with 20 CPUs
[09:59:01] Running: cat plasmid_files\/CP011999\.1_results\/HAMAP\.hmm\.faa | parallel --gnu --plain -j 20 --block 284 --recstart '>' --pipe hmmscan --noali --notextw --acc -E 1e-06 --cpu 1 /home/christian/install/prokka/db/hmm/HAMAP.hmm /dev/stdin > plasmid_files\/CP011999\.1_results\/HAMAP\.hmm\.hmmer3 2> /dev/null
[09:59:01] Deleting unwanted file: plasmid_files/CP011999.1_results/HAMAP.hmm.faa
[09:59:01] Deleting unwanted file: plasmid_files/CP011999.1_results/HAMAP.hmm.hmmer3
[09:59:01] Labelling remaining 52 proteins as 'hypothetical protein'
[09:59:01] Possible /pseudo 'Beta-lactamase OXA-18' at CP011999.1 position 17894
[09:59:01] Found 32 unique /gene codes.
[09:59:01] Fixed 4 duplicate /gene - bla_1 bla_2 bla_3 bla_4
[09:59:01] Fixed 3 duplicate /gene - xerD_1 xerD_2 xerD_3
[09:59:01] Fixed 2 colliding /gene names.
[09:59:01] Adding /locus_tag identifiers
[09:59:01] Assigned 92 locus_tags to CDS and RNA features.
[09:59:01] Writing outputs to plasmid_files/CP011999.1_results/
[09:59:01] Generating annotation statistics file
[09:59:01] Generating Genbank and Sequin files
[09:59:01] Running: tbl2asn -V b -a r10k -l paired-ends -M n -N 1 -y 'Annotated using prokka 1.14-dev from https://github.com/tseemann/prokka' -Z plasmid_files\/CP011999\.1_results\/PROKKA_06292018\.err -i plasmid_files\/CP011999\.1_results\/PROKKA_06292018\.fsa 2> /dev/null
[09:59:01] Deleting unwanted file: plasmid_files/CP011999.1_results/errorsummary.val
[09:59:01] Deleting unwanted file: plasmid_files/CP011999.1_results/PROKKA_06292018.dr
[09:59:01] Deleting unwanted file: plasmid_files/CP011999.1_results/PROKKA_06292018.fixedproducts
[09:59:01] Deleting unwanted file: plasmid_files/CP011999.1_results/PROKKA_06292018.ecn
[09:59:01] Deleting unwanted file: plasmid_files/CP011999.1_results/PROKKA_06292018.val
[09:59:01] Repairing broken .GBK output that tbl2asn produces...
[09:59:01] Running: sed 's/COORDINATES: profile/COORDINATES:profile/' < plasmid_files\/CP011999\.1_results\/PROKKA_06292018\.gbf > plasmid_files\/CP011999\.1_results\/PROKKA_06292018\.gbk
[09:59:01] Deleting unwanted file: plasmid_files/CP011999.1_results/PROKKA_06292018.gbf
[09:59:01] Output files:
[09:59:01] plasmid_files/CP011999.1_results/PROKKA_06292018.sqn
[09:59:01] plasmid_files/CP011999.1_results/PROKKA_06292018.fsa
[09:59:01] plasmid_files/CP011999.1_results/PROKKA_06292018.tbl
[09:59:01] plasmid_files/CP011999.1_results/PROKKA_06292018.log
[09:59:01] plasmid_files/CP011999.1_results/PROKKA_06292018.gff
[09:59:01] plasmid_files/CP011999.1_results/PROKKA_06292018.txt
[09:59:01] plasmid_files/CP011999.1_results/PROKKA_06292018.gbk
[09:59:01] plasmid_files/CP011999.1_results/PROKKA_06292018.faa
[09:59:01] plasmid_files/CP011999.1_results/PROKKA_06292018.fna
[09:59:01] plasmid_files/CP011999.1_results/PROKKA_06292018.tsv
[09:59:01] plasmid_files/CP011999.1_results/PROKKA_06292018.ffn
[09:59:01] plasmid_files/CP011999.1_results/PROKKA_06292018.err
[09:59:01] Annotation finished successfully.
[09:59:01] Walltime used: 0.05 minutes
[09:59:01] If you use this result please cite the Prokka paper:
[09:59:01] Seemann T (2014) Prokka: rapid prokaryotic genome annotation. Bioinformatics. 30(14):2068-9.
[09:59:01] Type 'prokka --citation' for more details.
[09:59:01] Share and enjoy!
