Discrepancy Report Results

Summary
FATAL: MISSING_PROTEIN_ID:166 proteins have invalid IDs.
DISC_SOURCE_QUALS_ASNDISC:strain (all present, all unique)
DISC_SOURCE_QUALS_ASNDISC:taxname (all present, all unique)
DISC_FEATURE_COUNT:CDS: 166 present
DISC_FEATURE_COUNT:tRNA: 1 present
DISC_COUNT_NUCLEOTIDES:1 nucleotide Bioseqs are present
FEATURE_LOCATION_CONFLICT:167 features have inconsistent gene locations.
SUSPECT_PRODUCT_NAMES:2 product_names contain suspect phrase or characters
	May contain database identifier more appropriate in note; remove from product name
		2 features Three or more numbers together
DISC_QUALITY_SCORES:Quality scores are missing on all sequences.
ONCALLER_COMMENT_PRESENT:1 comment descriptors were found (all same)
SHORT_PROT_SEQUENCES:3 protein sequences are shorter than 50 aa.
MISSING_GENOMEASSEMBLY_COMMENTS:1 bioseqs are missing GenomeAssembly structured comments
MOLTYPE_NOT_MRNA:1 molecule types are not set as mRNA.
TECHNIQUE_NOT_TSA:1 technique are not set as TSA
MISSING_STRUCTURED_COMMENT:1 sequences do not include structured comments.
MISSING_PROJECT:167 sequences do not include project.
DISC_INCONSISTENT_MOLINFO_TECH:Molinfo Technique Report (some missing, all same)


Detailed Report

FATAL: DiscRep_ALL:MISSING_PROTEIN_ID::166 proteins have invalid IDs.
plasmid_files/CP029219.1_results/PROKKA_06292018:CP029219.1_1 (length 40)
plasmid_files/CP029219.1_results/PROKKA_06292018:CP029219.1_2 (length 101)
plasmid_files/CP029219.1_results/PROKKA_06292018:CP029219.1_3 (length 122)
plasmid_files/CP029219.1_results/PROKKA_06292018:CP029219.1_4 (length 245)
plasmid_files/CP029219.1_results/PROKKA_06292018:CP029219.1_5 (length 127)
plasmid_files/CP029219.1_results/PROKKA_06292018:CP029219.1_6 (length 161)
plasmid_files/CP029219.1_results/PROKKA_06292018:CP029219.1_7 (length 104)
plasmid_files/CP029219.1_results/PROKKA_06292018:CP029219.1_8 (length 273)
plasmid_files/CP029219.1_results/PROKKA_06292018:CP029219.1_9 (length 35)
plasmid_files/CP029219.1_results/PROKKA_06292018:CP029219.1_10 (length 92)
plasmid_files/CP029219.1_results/PROKKA_06292018:CP029219.1_11 (length 106)
plasmid_files/CP029219.1_results/PROKKA_06292018:CP029219.1_12 (length 74)
plasmid_files/CP029219.1_results/PROKKA_06292018:CP029219.1_13 (length 70)
plasmid_files/CP029219.1_results/PROKKA_06292018:CP029219.1_14 (length 118)
plasmid_files/CP029219.1_results/PROKKA_06292018:CP029219.1_15 (length 105)
plasmid_files/CP029219.1_results/PROKKA_06292018:CP029219.1_16 (length 116)
plasmid_files/CP029219.1_results/PROKKA_06292018:CP029219.1_17 (length 90)
plasmid_files/CP029219.1_results/PROKKA_06292018:CP029219.1_18 (length 61)
plasmid_files/CP029219.1_results/PROKKA_06292018:CP029219.1_19 (length 124)
plasmid_files/CP029219.1_results/PROKKA_06292018:CP029219.1_20 (length 108)
plasmid_files/CP029219.1_results/PROKKA_06292018:CP029219.1_21 (length 242)
plasmid_files/CP029219.1_results/PROKKA_06292018:CP029219.1_22 (length 143)
plasmid_files/CP029219.1_results/PROKKA_06292018:CP029219.1_23 (length 685)
plasmid_files/CP029219.1_results/PROKKA_06292018:CP029219.1_24 (length 82)
plasmid_files/CP029219.1_results/PROKKA_06292018:CP029219.1_25 (length 180)
plasmid_files/CP029219.1_results/PROKKA_06292018:CP029219.1_26 (length 110)
plasmid_files/CP029219.1_results/PROKKA_06292018:CP029219.1_27 (length 109)
plasmid_files/CP029219.1_results/PROKKA_06292018:CP029219.1_28 (length 187)
plasmid_files/CP029219.1_results/PROKKA_06292018:CP029219.1_29 (length 451)
plasmid_files/CP029219.1_results/PROKKA_06292018:CP029219.1_30 (length 76)
plasmid_files/CP029219.1_results/PROKKA_06292018:CP029219.1_31 (length 75)
plasmid_files/CP029219.1_results/PROKKA_06292018:CP029219.1_32 (length 106)
plasmid_files/CP029219.1_results/PROKKA_06292018:CP029219.1_33 (length 84)
plasmid_files/CP029219.1_results/PROKKA_06292018:CP029219.1_34 (length 63)
plasmid_files/CP029219.1_results/PROKKA_06292018:CP029219.1_35 (length 168)
plasmid_files/CP029219.1_results/PROKKA_06292018:CP029219.1_36 (length 142)
plasmid_files/CP029219.1_results/PROKKA_06292018:CP029219.1_37 (length 255)
plasmid_files/CP029219.1_results/PROKKA_06292018:CP029219.1_38 (length 139)
plasmid_files/CP029219.1_results/PROKKA_06292018:CP029219.1_39 (length 73)
plasmid_files/CP029219.1_results/PROKKA_06292018:CP029219.1_40 (length 233)
plasmid_files/CP029219.1_results/PROKKA_06292018:CP029219.1_41 (length 76)
plasmid_files/CP029219.1_results/PROKKA_06292018:CP029219.1_42 (length 223)
plasmid_files/CP029219.1_results/PROKKA_06292018:CP029219.1_43 (length 323)
plasmid_files/CP029219.1_results/PROKKA_06292018:CP029219.1_44 (length 495)
plasmid_files/CP029219.1_results/PROKKA_06292018:CP029219.1_45 (length 143)
plasmid_files/CP029219.1_results/PROKKA_06292018:CP029219.1_46 (length 423)
plasmid_files/CP029219.1_results/PROKKA_06292018:CP029219.1_47 (length 324)
plasmid_files/CP029219.1_results/PROKKA_06292018:CP029219.1_48 (length 401)
plasmid_files/CP029219.1_results/PROKKA_06292018:CP029219.1_49 (length 125)
plasmid_files/CP029219.1_results/PROKKA_06292018:CP029219.1_50 (length 334)
plasmid_files/CP029219.1_results/PROKKA_06292018:CP029219.1_51 (length 144)
plasmid_files/CP029219.1_results/PROKKA_06292018:CP029219.1_52 (length 116)
plasmid_files/CP029219.1_results/PROKKA_06292018:CP029219.1_53 (length 91)
plasmid_files/CP029219.1_results/PROKKA_06292018:CP029219.1_54 (length 153)
plasmid_files/CP029219.1_results/PROKKA_06292018:CP029219.1_55 (length 564)
plasmid_files/CP029219.1_results/PROKKA_06292018:CP029219.1_56 (length 120)
plasmid_files/CP029219.1_results/PROKKA_06292018:CP029219.1_57 (length 78)
plasmid_files/CP029219.1_results/PROKKA_06292018:CP029219.1_58 (length 235)
plasmid_files/CP029219.1_results/PROKKA_06292018:CP029219.1_59 (length 396)
plasmid_files/CP029219.1_results/PROKKA_06292018:CP029219.1_60 (length 234)
plasmid_files/CP029219.1_results/PROKKA_06292018:CP029219.1_61 (length 131)
plasmid_files/CP029219.1_results/PROKKA_06292018:CP029219.1_62 (length 326)
plasmid_files/CP029219.1_results/PROKKA_06292018:CP029219.1_63 (length 293)
plasmid_files/CP029219.1_results/PROKKA_06292018:CP029219.1_64 (length 326)
plasmid_files/CP029219.1_results/PROKKA_06292018:CP029219.1_65 (length 98)
plasmid_files/CP029219.1_results/PROKKA_06292018:CP029219.1_66 (length 51)
plasmid_files/CP029219.1_results/PROKKA_06292018:CP029219.1_67 (length 234)
plasmid_files/CP029219.1_results/PROKKA_06292018:CP029219.1_68 (length 81)
plasmid_files/CP029219.1_results/PROKKA_06292018:CP029219.1_69 (length 65)
plasmid_files/CP029219.1_results/PROKKA_06292018:CP029219.1_70 (length 83)
plasmid_files/CP029219.1_results/PROKKA_06292018:CP029219.1_71 (length 171)
plasmid_files/CP029219.1_results/PROKKA_06292018:CP029219.1_72 (length 73)
plasmid_files/CP029219.1_results/PROKKA_06292018:CP029219.1_73 (length 875)
plasmid_files/CP029219.1_results/PROKKA_06292018:CP029219.1_74 (length 128)
plasmid_files/CP029219.1_results/PROKKA_06292018:CP029219.1_75 (length 210)
plasmid_files/CP029219.1_results/PROKKA_06292018:CP029219.1_76 (length 330)
plasmid_files/CP029219.1_results/PROKKA_06292018:CP029219.1_77 (length 102)
plasmid_files/CP029219.1_results/PROKKA_06292018:CP029219.1_78 (length 173)
plasmid_files/CP029219.1_results/PROKKA_06292018:CP029219.1_79 (length 212)
plasmid_files/CP029219.1_results/PROKKA_06292018:CP029219.1_80 (length 123)
plasmid_files/CP029219.1_results/PROKKA_06292018:CP029219.1_81 (length 140)
plasmid_files/CP029219.1_results/PROKKA_06292018:CP029219.1_82 (length 616)
plasmid_files/CP029219.1_results/PROKKA_06292018:CP029219.1_83 (length 86)
plasmid_files/CP029219.1_results/PROKKA_06292018:CP029219.1_84 (length 247)
plasmid_files/CP029219.1_results/PROKKA_06292018:CP029219.1_85 (length 93)
plasmid_files/CP029219.1_results/PROKKA_06292018:CP029219.1_86 (length 181)
plasmid_files/CP029219.1_results/PROKKA_06292018:CP029219.1_87 (length 104)
plasmid_files/CP029219.1_results/PROKKA_06292018:CP029219.1_88 (length 130)
plasmid_files/CP029219.1_results/PROKKA_06292018:CP029219.1_89 (length 938)
plasmid_files/CP029219.1_results/PROKKA_06292018:CP029219.1_90 (length 173)
plasmid_files/CP029219.1_results/PROKKA_06292018:CP029219.1_91 (length 244)
plasmid_files/CP029219.1_results/PROKKA_06292018:CP029219.1_92 (length 245)
plasmid_files/CP029219.1_results/PROKKA_06292018:CP029219.1_93 (length 738)
plasmid_files/CP029219.1_results/PROKKA_06292018:CP029219.1_94 (length 1711)
plasmid_files/CP029219.1_results/PROKKA_06292018:CP029219.1_95 (length 234)
plasmid_files/CP029219.1_results/PROKKA_06292018:CP029219.1_96 (length 124)
plasmid_files/CP029219.1_results/PROKKA_06292018:CP029219.1_97 (length 475)
plasmid_files/CP029219.1_results/PROKKA_06292018:CP029219.1_98 (length 242)
plasmid_files/CP029219.1_results/PROKKA_06292018:CP029219.1_99 (length 188)
plasmid_files/CP029219.1_results/PROKKA_06292018:CP029219.1_100 (length 103)
plasmid_files/CP029219.1_results/PROKKA_06292018:CP029219.1_101 (length 121)
plasmid_files/CP029219.1_results/PROKKA_06292018:CP029219.1_102 (length 75)
plasmid_files/CP029219.1_results/PROKKA_06292018:CP029219.1_103 (length 228)
plasmid_files/CP029219.1_results/PROKKA_06292018:CP029219.1_104 (length 127)
plasmid_files/CP029219.1_results/PROKKA_06292018:CP029219.1_105 (length 215)
plasmid_files/CP029219.1_results/PROKKA_06292018:CP029219.1_106 (length 273)
plasmid_files/CP029219.1_results/PROKKA_06292018:CP029219.1_107 (length 98)
plasmid_files/CP029219.1_results/PROKKA_06292018:CP029219.1_108 (length 125)
plasmid_files/CP029219.1_results/PROKKA_06292018:CP029219.1_109 (length 71)
plasmid_files/CP029219.1_results/PROKKA_06292018:CP029219.1_110 (length 239)
plasmid_files/CP029219.1_results/PROKKA_06292018:CP029219.1_111 (length 144)
plasmid_files/CP029219.1_results/PROKKA_06292018:CP029219.1_112 (length 191)
plasmid_files/CP029219.1_results/PROKKA_06292018:CP029219.1_113 (length 146)
plasmid_files/CP029219.1_results/PROKKA_06292018:CP029219.1_114 (length 234)
plasmid_files/CP029219.1_results/PROKKA_06292018:CP029219.1_115 (length 191)
plasmid_files/CP029219.1_results/PROKKA_06292018:CP029219.1_116 (length 234)
plasmid_files/CP029219.1_results/PROKKA_06292018:CP029219.1_117 (length 172)
plasmid_files/CP029219.1_results/PROKKA_06292018:CP029219.1_118 (length 138)
plasmid_files/CP029219.1_results/PROKKA_06292018:CP029219.1_119 (length 234)
plasmid_files/CP029219.1_results/PROKKA_06292018:CP029219.1_120 (length 240)
plasmid_files/CP029219.1_results/PROKKA_06292018:CP029219.1_121 (length 62)
plasmid_files/CP029219.1_results/PROKKA_06292018:CP029219.1_122 (length 171)
plasmid_files/CP029219.1_results/PROKKA_06292018:CP029219.1_123 (length 286)
plasmid_files/CP029219.1_results/PROKKA_06292018:CP029219.1_124 (length 251)
plasmid_files/CP029219.1_results/PROKKA_06292018:CP029219.1_125 (length 93)
plasmid_files/CP029219.1_results/PROKKA_06292018:CP029219.1_126 (length 234)
plasmid_files/CP029219.1_results/PROKKA_06292018:CP029219.1_127 (length 93)
plasmid_files/CP029219.1_results/PROKKA_06292018:CP029219.1_128 (length 117)
plasmid_files/CP029219.1_results/PROKKA_06292018:CP029219.1_129 (length 320)
plasmid_files/CP029219.1_results/PROKKA_06292018:CP029219.1_130 (length 227)
plasmid_files/CP029219.1_results/PROKKA_06292018:CP029219.1_131 (length 73)
plasmid_files/CP029219.1_results/PROKKA_06292018:CP029219.1_132 (length 144)
plasmid_files/CP029219.1_results/PROKKA_06292018:CP029219.1_133 (length 275)
plasmid_files/CP029219.1_results/PROKKA_06292018:CP029219.1_134 (length 141)
plasmid_files/CP029219.1_results/PROKKA_06292018:CP029219.1_135 (length 140)
plasmid_files/CP029219.1_results/PROKKA_06292018:CP029219.1_136 (length 63)
plasmid_files/CP029219.1_results/PROKKA_06292018:CP029219.1_137 (length 555)
plasmid_files/CP029219.1_results/PROKKA_06292018:CP029219.1_138 (length 85)
plasmid_files/CP029219.1_results/PROKKA_06292018:CP029219.1_139 (length 76)
plasmid_files/CP029219.1_results/PROKKA_06292018:CP029219.1_140 (length 453)
plasmid_files/CP029219.1_results/PROKKA_06292018:CP029219.1_141 (length 187)
plasmid_files/CP029219.1_results/PROKKA_06292018:CP029219.1_142 (length 151)
plasmid_files/CP029219.1_results/PROKKA_06292018:CP029219.1_143 (length 175)
plasmid_files/CP029219.1_results/PROKKA_06292018:CP029219.1_144 (length 77)
plasmid_files/CP029219.1_results/PROKKA_06292018:CP029219.1_145 (length 326)
plasmid_files/CP029219.1_results/PROKKA_06292018:CP029219.1_146 (length 234)
plasmid_files/CP029219.1_results/PROKKA_06292018:CP029219.1_147 (length 177)
plasmid_files/CP029219.1_results/PROKKA_06292018:CP029219.1_148 (length 71)
plasmid_files/CP029219.1_results/PROKKA_06292018:CP029219.1_149 (length 110)
plasmid_files/CP029219.1_results/PROKKA_06292018:CP029219.1_150 (length 85)
plasmid_files/CP029219.1_results/PROKKA_06292018:CP029219.1_151 (length 217)
plasmid_files/CP029219.1_results/PROKKA_06292018:CP029219.1_152 (length 285)
plasmid_files/CP029219.1_results/PROKKA_06292018:CP029219.1_153 (length 82)
plasmid_files/CP029219.1_results/PROKKA_06292018:CP029219.1_154 (length 49)
plasmid_files/CP029219.1_results/PROKKA_06292018:CP029219.1_155 (length 110)
plasmid_files/CP029219.1_results/PROKKA_06292018:CP029219.1_156 (length 199)
plasmid_files/CP029219.1_results/PROKKA_06292018:CP029219.1_157 (length 66)
plasmid_files/CP029219.1_results/PROKKA_06292018:CP029219.1_158 (length 186)
plasmid_files/CP029219.1_results/PROKKA_06292018:CP029219.1_159 (length 248)
plasmid_files/CP029219.1_results/PROKKA_06292018:CP029219.1_160 (length 66)
plasmid_files/CP029219.1_results/PROKKA_06292018:CP029219.1_161 (length 234)
plasmid_files/CP029219.1_results/PROKKA_06292018:CP029219.1_162 (length 988)
plasmid_files/CP029219.1_results/PROKKA_06292018:CP029219.1_163 (length 334)
plasmid_files/CP029219.1_results/PROKKA_06292018:CP029219.1_164 (length 58)
plasmid_files/CP029219.1_results/PROKKA_06292018:CP029219.1_165 (length 74)
plasmid_files/CP029219.1_results/PROKKA_06292018:CP029219.1_166 (length 245)

DiscRep_ALL:DISC_SOURCE_QUALS_ASNDISC::strain (all present, all unique)
DiscRep_SUB:DISC_SOURCE_QUALS_ASNDISC::1 sources have unique values for strain
DiscRep_ALL:DISC_SOURCE_QUALS_ASNDISC::taxname (all present, all unique)
DiscRep_SUB:DISC_SOURCE_QUALS_ASNDISC::1 sources have unique values for taxname
DiscRep_ALL:DISC_FEATURE_COUNT::CDS: 166 present
DiscRep_ALL:DISC_FEATURE_COUNT::tRNA: 1 present
DiscRep_ALL:DISC_COUNT_NUCLEOTIDES::1 nucleotide Bioseqs are present
plasmid_files/CP029219.1_results/PROKKA_06292018:CP029219.1 (length 128737)

DiscRep_ALL:FEATURE_LOCATION_CONFLICT::167 features have inconsistent gene locations.
DiscRep_SUB:FEATURE_LOCATION_CONFLICT::Coding region xref gene does not exist
plasmid_files/CP029219.1_results/PROKKA_06292018:CDS	hypothetical protein	CP029219.1:90-212	DNJHOBEM_00001

DiscRep_SUB:FEATURE_LOCATION_CONFLICT::Coding region xref gene does not exist
plasmid_files/CP029219.1_results/PROKKA_06292018:CDS	hypothetical protein	CP029219.1:c693-388	DNJHOBEM_00002

DiscRep_SUB:FEATURE_LOCATION_CONFLICT::Coding region xref gene does not exist
plasmid_files/CP029219.1_results/PROKKA_06292018:CDS	Pilin	CP029219.1:c1075-707	DNJHOBEM_00003

DiscRep_SUB:FEATURE_LOCATION_CONFLICT::Coding region xref gene does not exist
plasmid_files/CP029219.1_results/PROKKA_06292018:CDS	Protein TraJ	CP029219.1:c2195-1458	DNJHOBEM_00004

DiscRep_SUB:FEATURE_LOCATION_CONFLICT::Coding region xref gene does not exist
plasmid_files/CP029219.1_results/PROKKA_06292018:CDS	Relaxosome protein TraM	CP029219.1:c2778-2395	DNJHOBEM_00005

DiscRep_SUB:FEATURE_LOCATION_CONFLICT::Coding region xref gene does not exist
plasmid_files/CP029219.1_results/PROKKA_06292018:CDS	hypothetical protein	CP029219.1:3202-3687	DNJHOBEM_00006

DiscRep_SUB:FEATURE_LOCATION_CONFLICT::Coding region xref gene does not exist
plasmid_files/CP029219.1_results/PROKKA_06292018:CDS	hypothetical protein	CP029219.1:c4034-3720	DNJHOBEM_00007

DiscRep_SUB:FEATURE_LOCATION_CONFLICT::Coding region xref gene does not exist
plasmid_files/CP029219.1_results/PROKKA_06292018:CDS	hypothetical protein	CP029219.1:c4903-4082	DNJHOBEM_00008

DiscRep_SUB:FEATURE_LOCATION_CONFLICT::Coding region xref gene does not exist
plasmid_files/CP029219.1_results/PROKKA_06292018:CDS	Antitoxin HigA	CP029219.1:c5839-5732	DNJHOBEM_00009

DiscRep_SUB:FEATURE_LOCATION_CONFLICT::Coding region xref gene does not exist
plasmid_files/CP029219.1_results/PROKKA_06292018:CDS	Antitoxin HigA1	CP029219.1:c6118-5840	DNJHOBEM_00010

DiscRep_SUB:FEATURE_LOCATION_CONFLICT::Coding region xref gene does not exist
plasmid_files/CP029219.1_results/PROKKA_06292018:CDS	hypothetical protein	CP029219.1:c6428-6108	DNJHOBEM_00011

DiscRep_SUB:FEATURE_LOCATION_CONFLICT::Coding region xref gene does not exist
plasmid_files/CP029219.1_results/PROKKA_06292018:CDS	hypothetical protein	CP029219.1:c6733-6509	DNJHOBEM_00012

DiscRep_SUB:FEATURE_LOCATION_CONFLICT::Coding region xref gene does not exist
plasmid_files/CP029219.1_results/PROKKA_06292018:CDS	hypothetical protein	CP029219.1:c6956-6744	DNJHOBEM_00013

DiscRep_SUB:FEATURE_LOCATION_CONFLICT::Coding region xref gene does not exist
plasmid_files/CP029219.1_results/PROKKA_06292018:CDS	hypothetical protein	CP029219.1:c7373-7017	DNJHOBEM_00014

DiscRep_SUB:FEATURE_LOCATION_CONFLICT::Coding region xref gene does not exist
plasmid_files/CP029219.1_results/PROKKA_06292018:CDS	hypothetical protein	CP029219.1:c8531-8214	DNJHOBEM_00015

DiscRep_SUB:FEATURE_LOCATION_CONFLICT::Coding region xref gene does not exist
plasmid_files/CP029219.1_results/PROKKA_06292018:CDS	hypothetical protein	CP029219.1:c8896-8546	DNJHOBEM_00016

DiscRep_SUB:FEATURE_LOCATION_CONFLICT::Coding region xref gene does not exist
plasmid_files/CP029219.1_results/PROKKA_06292018:CDS	hypothetical protein	CP029219.1:c9165-8893	DNJHOBEM_00017

DiscRep_SUB:FEATURE_LOCATION_CONFLICT::Coding region xref gene does not exist
plasmid_files/CP029219.1_results/PROKKA_06292018:CDS	Stable plasmid inheritance protein	CP029219.1:c10043-9858	DNJHOBEM_00018

DiscRep_SUB:FEATURE_LOCATION_CONFLICT::Coding region xref gene does not exist
plasmid_files/CP029219.1_results/PROKKA_06292018:CDS	hypothetical protein	CP029219.1:c10618-10244	DNJHOBEM_00019

DiscRep_SUB:FEATURE_LOCATION_CONFLICT::Coding region xref gene does not exist
plasmid_files/CP029219.1_results/PROKKA_06292018:CDS	hypothetical protein	CP029219.1:c11000-10674	DNJHOBEM_00020

DiscRep_SUB:FEATURE_LOCATION_CONFLICT::Coding region xref gene does not exist
plasmid_files/CP029219.1_results/PROKKA_06292018:CDS	hypothetical protein	CP029219.1:c11725-10997	DNJHOBEM_00021

DiscRep_SUB:FEATURE_LOCATION_CONFLICT::Coding region xref gene does not exist
plasmid_files/CP029219.1_results/PROKKA_06292018:CDS	Protein PsiB	CP029219.1:c12153-11722	DNJHOBEM_00022

DiscRep_SUB:FEATURE_LOCATION_CONFLICT::Coding region xref gene does not exist
plasmid_files/CP029219.1_results/PROKKA_06292018:CDS	Chromosome-partitioning protein Spo0J	CP029219.1:c14255-12198	DNJHOBEM_00023

DiscRep_SUB:FEATURE_LOCATION_CONFLICT::Coding region xref gene does not exist
plasmid_files/CP029219.1_results/PROKKA_06292018:CDS	hypothetical protein	CP029219.1:c14573-14325	DNJHOBEM_00024

DiscRep_SUB:FEATURE_LOCATION_CONFLICT::Coding region xref gene does not exist
plasmid_files/CP029219.1_results/PROKKA_06292018:CDS	Plasmid-derived single-stranded DNA-binding protein	CP029219.1:c15164-14622	DNJHOBEM_00025

DiscRep_SUB:FEATURE_LOCATION_CONFLICT::Coding region xref gene does not exist
plasmid_files/CP029219.1_results/PROKKA_06292018:CDS	hypothetical protein	CP029219.1:15331-15663	DNJHOBEM_00026

DiscRep_SUB:FEATURE_LOCATION_CONFLICT::Coding region xref gene does not exist
plasmid_files/CP029219.1_results/PROKKA_06292018:CDS	hypothetical protein	CP029219.1:15773-16102	DNJHOBEM_00027

DiscRep_SUB:FEATURE_LOCATION_CONFLICT::Coding region xref gene does not exist
plasmid_files/CP029219.1_results/PROKKA_06292018:CDS	hypothetical protein	CP029219.1:c16560-15997	DNJHOBEM_00028

DiscRep_SUB:FEATURE_LOCATION_CONFLICT::Coding region xref gene does not exist
plasmid_files/CP029219.1_results/PROKKA_06292018:CDS	hypothetical protein	CP029219.1:c17963-16608	DNJHOBEM_00029

DiscRep_SUB:FEATURE_LOCATION_CONFLICT::Coding region xref gene does not exist
plasmid_files/CP029219.1_results/PROKKA_06292018:CDS	hypothetical protein	CP029219.1:c18245-18015	DNJHOBEM_00030

DiscRep_SUB:FEATURE_LOCATION_CONFLICT::Coding region xref gene does not exist
plasmid_files/CP029219.1_results/PROKKA_06292018:CDS	hypothetical protein	CP029219.1:c18564-18337	DNJHOBEM_00031

DiscRep_SUB:FEATURE_LOCATION_CONFLICT::Coding region xref gene does not exist
plasmid_files/CP029219.1_results/PROKKA_06292018:CDS	hypothetical protein	CP029219.1:c19564-19244	DNJHOBEM_00032

DiscRep_SUB:FEATURE_LOCATION_CONFLICT::Coding region xref gene does not exist
plasmid_files/CP029219.1_results/PROKKA_06292018:CDS	DNA polymerase III subunit theta	CP029219.1:c19853-19599	DNJHOBEM_00033

DiscRep_SUB:FEATURE_LOCATION_CONFLICT::Coding region xref gene does not exist
plasmid_files/CP029219.1_results/PROKKA_06292018:CDS	hypothetical protein	CP029219.1:c20232-20041	DNJHOBEM_00034

DiscRep_SUB:FEATURE_LOCATION_CONFLICT::Coding region xref gene does not exist
plasmid_files/CP029219.1_results/PROKKA_06292018:CDS	hypothetical protein	CP029219.1:c20781-20275	DNJHOBEM_00035

DiscRep_SUB:FEATURE_LOCATION_CONFLICT::Coding region xref gene does not exist
plasmid_files/CP029219.1_results/PROKKA_06292018:CDS	Antirestriction protein KlcA	CP029219.1:c21252-20824	DNJHOBEM_00036

DiscRep_SUB:FEATURE_LOCATION_CONFLICT::Coding region xref gene does not exist
plasmid_files/CP029219.1_results/PROKKA_06292018:CDS	hypothetical protein	CP029219.1:c22700-21933	DNJHOBEM_00037

DiscRep_SUB:FEATURE_LOCATION_CONFLICT::Coding region xref gene does not exist
plasmid_files/CP029219.1_results/PROKKA_06292018:CDS	hypothetical protein	CP029219.1:c23173-22754	DNJHOBEM_00038

DiscRep_SUB:FEATURE_LOCATION_CONFLICT::Coding region xref gene does not exist
plasmid_files/CP029219.1_results/PROKKA_06292018:CDS	hypothetical protein	CP029219.1:c23404-23183	DNJHOBEM_00039

DiscRep_SUB:FEATURE_LOCATION_CONFLICT::Coding region xref gene does not exist
plasmid_files/CP029219.1_results/PROKKA_06292018:CDS	DNA adenine methyltransferase YhdJ	CP029219.1:c24105-23404	DNJHOBEM_00040

DiscRep_SUB:FEATURE_LOCATION_CONFLICT::Coding region xref gene does not exist
plasmid_files/CP029219.1_results/PROKKA_06292018:CDS	hypothetical protein	CP029219.1:c24772-24542	DNJHOBEM_00041

DiscRep_SUB:FEATURE_LOCATION_CONFLICT::Coding region xref gene does not exist
plasmid_files/CP029219.1_results/PROKKA_06292018:CDS	hypothetical protein	CP029219.1:c25506-24835	DNJHOBEM_00042

DiscRep_SUB:FEATURE_LOCATION_CONFLICT::Coding region xref gene does not exist
plasmid_files/CP029219.1_results/PROKKA_06292018:CDS	Plasmid segregation protein ParM	CP029219.1:c26480-25509	DNJHOBEM_00043

DiscRep_SUB:FEATURE_LOCATION_CONFLICT::Coding region xref gene does not exist
plasmid_files/CP029219.1_results/PROKKA_06292018:CDS	Group II intron-encoded protein LtrA	CP029219.1:c28216-26729	DNJHOBEM_00044

DiscRep_SUB:FEATURE_LOCATION_CONFLICT::Coding region xref gene does not exist
plasmid_files/CP029219.1_results/PROKKA_06292018:CDS	Protein UmuD	CP029219.1:28623-29054	DNJHOBEM_00045

DiscRep_SUB:FEATURE_LOCATION_CONFLICT::Coding region xref gene does not exist
plasmid_files/CP029219.1_results/PROKKA_06292018:CDS	Protein UmuC	CP029219.1:29054-30325	DNJHOBEM_00046

DiscRep_SUB:FEATURE_LOCATION_CONFLICT::Coding region xref gene does not exist
plasmid_files/CP029219.1_results/PROKKA_06292018:CDS	Virulence regulon transcriptional activator VirB	CP029219.1:c31381-30407	DNJHOBEM_00047

DiscRep_SUB:FEATURE_LOCATION_CONFLICT::Coding region xref gene does not exist
plasmid_files/CP029219.1_results/PROKKA_06292018:CDS	Plasmid partition protein A	CP029219.1:c32586-31381	DNJHOBEM_00048

DiscRep_SUB:FEATURE_LOCATION_CONFLICT::Coding region xref gene does not exist
plasmid_files/CP029219.1_results/PROKKA_06292018:CDS	hypothetical protein	CP029219.1:33147-33524	DNJHOBEM_00049

DiscRep_SUB:FEATURE_LOCATION_CONFLICT::Coding region xref gene does not exist
plasmid_files/CP029219.1_results/PROKKA_06292018:CDS	hypothetical protein	CP029219.1:c35109-34105	DNJHOBEM_00050

DiscRep_SUB:FEATURE_LOCATION_CONFLICT::Coding region xref gene does not exist
plasmid_files/CP029219.1_results/PROKKA_06292018:CDS	Mercuric resistance operon regulatory protein	CP029219.1:c35622-35188	DNJHOBEM_00051

DiscRep_SUB:FEATURE_LOCATION_CONFLICT::Coding region xref gene does not exist
plasmid_files/CP029219.1_results/PROKKA_06292018:CDS	Mercuric transport protein MerT	CP029219.1:35694-36044	DNJHOBEM_00052

DiscRep_SUB:FEATURE_LOCATION_CONFLICT::Coding region xref gene does not exist
plasmid_files/CP029219.1_results/PROKKA_06292018:CDS	Mercuric transport protein periplasmic component	CP029219.1:36058-36333	DNJHOBEM_00053

DiscRep_SUB:FEATURE_LOCATION_CONFLICT::Coding region xref gene does not exist
plasmid_files/CP029219.1_results/PROKKA_06292018:CDS	Mercuric transport protein MerC	CP029219.1:36330-36791	DNJHOBEM_00054

DiscRep_SUB:FEATURE_LOCATION_CONFLICT::Coding region xref gene does not exist
plasmid_files/CP029219.1_results/PROKKA_06292018:CDS	Mercuric reductase	CP029219.1:36843-38537	DNJHOBEM_00055

DiscRep_SUB:FEATURE_LOCATION_CONFLICT::Coding region xref gene does not exist
plasmid_files/CP029219.1_results/PROKKA_06292018:CDS	HTH-type transcriptional activator mta	CP029219.1:38555-38917	DNJHOBEM_00056

DiscRep_SUB:FEATURE_LOCATION_CONFLICT::Coding region xref gene does not exist
plasmid_files/CP029219.1_results/PROKKA_06292018:CDS	hypothetical protein	CP029219.1:38914-39150	DNJHOBEM_00057

DiscRep_SUB:FEATURE_LOCATION_CONFLICT::Coding region xref gene does not exist
plasmid_files/CP029219.1_results/PROKKA_06292018:CDS	putative signaling protein	CP029219.1:39147-39854	DNJHOBEM_00058

DiscRep_SUB:FEATURE_LOCATION_CONFLICT::Coding region xref gene does not exist
plasmid_files/CP029219.1_results/PROKKA_06292018:CDS	Transposon Tn7 transposition protein TnsB	CP029219.1:39929-41119	DNJHOBEM_00059

DiscRep_SUB:FEATURE_LOCATION_CONFLICT::Coding region xref gene does not exist
plasmid_files/CP029219.1_results/PROKKA_06292018:CDS	hypothetical protein	CP029219.1:41166-41870	DNJHOBEM_00060

DiscRep_SUB:FEATURE_LOCATION_CONFLICT::Coding region xref gene does not exist
plasmid_files/CP029219.1_results/PROKKA_06292018:CDS	Transposon Tn3 resolvase	CP029219.1:41988-42383	DNJHOBEM_00061

DiscRep_SUB:FEATURE_LOCATION_CONFLICT::Coding region xref gene does not exist
plasmid_files/CP029219.1_results/PROKKA_06292018:CDS	hypothetical protein	CP029219.1:42506-43486	DNJHOBEM_00062

DiscRep_SUB:FEATURE_LOCATION_CONFLICT::Coding region xref gene does not exist
plasmid_files/CP029219.1_results/PROKKA_06292018:CDS	Carbapenem-hydrolyzing beta-lactamase KPC	CP029219.1:43762-44643	DNJHOBEM_00063

DiscRep_SUB:FEATURE_LOCATION_CONFLICT::Coding region xref gene does not exist
plasmid_files/CP029219.1_results/PROKKA_06292018:CDS	hypothetical protein	CP029219.1:c45873-44893	DNJHOBEM_00064

DiscRep_SUB:FEATURE_LOCATION_CONFLICT::Coding region xref gene does not exist
plasmid_files/CP029219.1_results/PROKKA_06292018:CDS	hypothetical protein	CP029219.1:c46174-45878	DNJHOBEM_00065

DiscRep_SUB:FEATURE_LOCATION_CONFLICT::Coding region xref gene does not exist
plasmid_files/CP029219.1_results/PROKKA_06292018:CDS	hypothetical protein	CP029219.1:c46375-46220	DNJHOBEM_00066

DiscRep_SUB:FEATURE_LOCATION_CONFLICT::Coding region xref gene does not exist
plasmid_files/CP029219.1_results/PROKKA_06292018:CDS	hypothetical protein	CP029219.1:46515-47219	DNJHOBEM_00067

DiscRep_SUB:FEATURE_LOCATION_CONFLICT::Coding region xref gene does not exist
plasmid_files/CP029219.1_results/PROKKA_06292018:CDS	hypothetical protein	CP029219.1:47277-47522	DNJHOBEM_00068

DiscRep_SUB:FEATURE_LOCATION_CONFLICT::Coding region xref gene does not exist
plasmid_files/CP029219.1_results/PROKKA_06292018:CDS	hypothetical protein	CP029219.1:47509-47706	DNJHOBEM_00069

DiscRep_SUB:FEATURE_LOCATION_CONFLICT::Coding region xref gene does not exist
plasmid_files/CP029219.1_results/PROKKA_06292018:CDS	hypothetical protein	CP029219.1:47718-47969	DNJHOBEM_00070

DiscRep_SUB:FEATURE_LOCATION_CONFLICT::Coding region xref gene does not exist
plasmid_files/CP029219.1_results/PROKKA_06292018:CDS	Protein TraV	CP029219.1:47966-48481	DNJHOBEM_00071

DiscRep_SUB:FEATURE_LOCATION_CONFLICT::Coding region xref gene does not exist
plasmid_files/CP029219.1_results/PROKKA_06292018:CDS	Protein TraR	CP029219.1:48616-48837	DNJHOBEM_00072

DiscRep_SUB:FEATURE_LOCATION_CONFLICT::Coding region xref gene does not exist
plasmid_files/CP029219.1_results/PROKKA_06292018:CDS	Protein TraC	CP029219.1:48997-51624	DNJHOBEM_00073

DiscRep_SUB:FEATURE_LOCATION_CONFLICT::Coding region xref gene does not exist
plasmid_files/CP029219.1_results/PROKKA_06292018:CDS	hypothetical protein	CP029219.1:51621-52007	DNJHOBEM_00074

DiscRep_SUB:FEATURE_LOCATION_CONFLICT::Coding region xref gene does not exist
plasmid_files/CP029219.1_results/PROKKA_06292018:CDS	hypothetical protein	CP029219.1:52004-52636	DNJHOBEM_00075

DiscRep_SUB:FEATURE_LOCATION_CONFLICT::Coding region xref gene does not exist
plasmid_files/CP029219.1_results/PROKKA_06292018:CDS	hypothetical protein	CP029219.1:52633-53625	DNJHOBEM_00076

DiscRep_SUB:FEATURE_LOCATION_CONFLICT::Coding region xref gene does not exist
plasmid_files/CP029219.1_results/PROKKA_06292018:CDS	hypothetical protein	CP029219.1:53652-53960	DNJHOBEM_00077

DiscRep_SUB:FEATURE_LOCATION_CONFLICT::Coding region xref gene does not exist
plasmid_files/CP029219.1_results/PROKKA_06292018:CDS	hypothetical protein	CP029219.1:54023-54544	DNJHOBEM_00078

DiscRep_SUB:FEATURE_LOCATION_CONFLICT::Coding region xref gene does not exist
plasmid_files/CP029219.1_results/PROKKA_06292018:CDS	hypothetical protein	CP029219.1:54571-55209	DNJHOBEM_00079

DiscRep_SUB:FEATURE_LOCATION_CONFLICT::Coding region xref gene does not exist
plasmid_files/CP029219.1_results/PROKKA_06292018:CDS	hypothetical protein	CP029219.1:55206-55577	DNJHOBEM_00080

DiscRep_SUB:FEATURE_LOCATION_CONFLICT::Coding region xref gene does not exist
plasmid_files/CP029219.1_results/PROKKA_06292018:CDS	hypothetical protein	CP029219.1:55603-56025	DNJHOBEM_00081

DiscRep_SUB:FEATURE_LOCATION_CONFLICT::Coding region xref gene does not exist
plasmid_files/CP029219.1_results/PROKKA_06292018:CDS	hypothetical protein	CP029219.1:56022-57872	DNJHOBEM_00082

DiscRep_SUB:FEATURE_LOCATION_CONFLICT::Coding region xref gene does not exist
plasmid_files/CP029219.1_results/PROKKA_06292018:CDS	hypothetical protein	CP029219.1:57896-58156	DNJHOBEM_00083

DiscRep_SUB:FEATURE_LOCATION_CONFLICT::Coding region xref gene does not exist
plasmid_files/CP029219.1_results/PROKKA_06292018:CDS	hypothetical protein	CP029219.1:58149-58892	DNJHOBEM_00084

DiscRep_SUB:FEATURE_LOCATION_CONFLICT::Coding region xref gene does not exist
plasmid_files/CP029219.1_results/PROKKA_06292018:CDS	Protein TraQ	CP029219.1:59008-59289	DNJHOBEM_00085

DiscRep_SUB:FEATURE_LOCATION_CONFLICT::Coding region xref gene does not exist
plasmid_files/CP029219.1_results/PROKKA_06292018:CDS	hypothetical protein	CP029219.1:59276-59821	DNJHOBEM_00086

DiscRep_SUB:FEATURE_LOCATION_CONFLICT::Coding region xref gene does not exist
plasmid_files/CP029219.1_results/PROKKA_06292018:CDS	hypothetical protein	CP029219.1:59811-60125	DNJHOBEM_00087

DiscRep_SUB:FEATURE_LOCATION_CONFLICT::Coding region xref gene does not exist
plasmid_files/CP029219.1_results/PROKKA_06292018:CDS	hypothetical protein	CP029219.1:60079-60471	DNJHOBEM_00088

DiscRep_SUB:FEATURE_LOCATION_CONFLICT::Coding region xref gene does not exist
plasmid_files/CP029219.1_results/PROKKA_06292018:CDS	hypothetical protein	CP029219.1:61828-64644	DNJHOBEM_00090

DiscRep_SUB:FEATURE_LOCATION_CONFLICT::Coding region xref gene does not exist
plasmid_files/CP029219.1_results/PROKKA_06292018:CDS	Protein TraS	CP029219.1:64677-65198	DNJHOBEM_00091

DiscRep_SUB:FEATURE_LOCATION_CONFLICT::Coding region xref gene does not exist
plasmid_files/CP029219.1_results/PROKKA_06292018:CDS	Lipoprotein YlpA	CP029219.1:65220-65954	DNJHOBEM_00092

DiscRep_SUB:FEATURE_LOCATION_CONFLICT::Coding region xref gene does not exist
plasmid_files/CP029219.1_results/PROKKA_06292018:CDS	hypothetical protein	CP029219.1:66157-66894	DNJHOBEM_00093

DiscRep_SUB:FEATURE_LOCATION_CONFLICT::Coding region xref gene does not exist
plasmid_files/CP029219.1_results/PROKKA_06292018:CDS	Coupling protein TraD	CP029219.1:66945-69161	DNJHOBEM_00094

DiscRep_SUB:FEATURE_LOCATION_CONFLICT::Coding region xref gene does not exist
plasmid_files/CP029219.1_results/PROKKA_06292018:CDS	Multifunctional conjugation protein TraI	CP029219.1:69161-74296	DNJHOBEM_00095

DiscRep_SUB:FEATURE_LOCATION_CONFLICT::Coding region xref gene does not exist
plasmid_files/CP029219.1_results/PROKKA_06292018:CDS	hypothetical protein	CP029219.1:c75034-74330	DNJHOBEM_00096

DiscRep_SUB:FEATURE_LOCATION_CONFLICT::Coding region xref gene does not exist
plasmid_files/CP029219.1_results/PROKKA_06292018:CDS	hypothetical protein	CP029219.1:c75445-75071	DNJHOBEM_00097

DiscRep_SUB:FEATURE_LOCATION_CONFLICT::Coding region xref gene does not exist
plasmid_files/CP029219.1_results/PROKKA_06292018:CDS	hypothetical protein	CP029219.1:c76862-75435	DNJHOBEM_00098

DiscRep_SUB:FEATURE_LOCATION_CONFLICT::Coding region xref gene does not exist
plasmid_files/CP029219.1_results/PROKKA_06292018:CDS	hypothetical protein	CP029219.1:c77590-76862	DNJHOBEM_00099

DiscRep_SUB:FEATURE_LOCATION_CONFLICT::Coding region xref gene does not exist
plasmid_files/CP029219.1_results/PROKKA_06292018:CDS	hypothetical protein	CP029219.1:c78143-77577	DNJHOBEM_00100

DiscRep_SUB:FEATURE_LOCATION_CONFLICT::Coding region xref gene does not exist
plasmid_files/CP029219.1_results/PROKKA_06292018:CDS	hypothetical protein	CP029219.1:c78476-78165	DNJHOBEM_00101

DiscRep_SUB:FEATURE_LOCATION_CONFLICT::Coding region xref gene does not exist
plasmid_files/CP029219.1_results/PROKKA_06292018:CDS	Pilin	CP029219.1:c78856-78491	DNJHOBEM_00102

DiscRep_SUB:FEATURE_LOCATION_CONFLICT::Coding region xref gene does not exist
plasmid_files/CP029219.1_results/PROKKA_06292018:CDS	Relaxosome protein TraY	CP029219.1:c79117-78890	DNJHOBEM_00103

DiscRep_SUB:FEATURE_LOCATION_CONFLICT::Coding region xref gene does not exist
plasmid_files/CP029219.1_results/PROKKA_06292018:CDS	Protein TraJ	CP029219.1:c79897-79211	DNJHOBEM_00104

DiscRep_SUB:FEATURE_LOCATION_CONFLICT::Coding region xref gene does not exist
plasmid_files/CP029219.1_results/PROKKA_06292018:CDS	Relaxosome protein TraM	CP029219.1:c80471-80088	DNJHOBEM_00105

DiscRep_SUB:FEATURE_LOCATION_CONFLICT::Coding region xref gene does not exist
plasmid_files/CP029219.1_results/PROKKA_06292018:CDS	hypothetical protein	CP029219.1:80748-81395	DNJHOBEM_00106

DiscRep_SUB:FEATURE_LOCATION_CONFLICT::Coding region xref gene does not exist
plasmid_files/CP029219.1_results/PROKKA_06292018:CDS	hypothetical protein	CP029219.1:c82513-81692	DNJHOBEM_00107

DiscRep_SUB:FEATURE_LOCATION_CONFLICT::Coding region xref gene does not exist
plasmid_files/CP029219.1_results/PROKKA_06292018:CDS	hypothetical protein	CP029219.1:c82920-82624	DNJHOBEM_00108

DiscRep_SUB:FEATURE_LOCATION_CONFLICT::Coding region xref gene does not exist
plasmid_files/CP029219.1_results/PROKKA_06292018:CDS	hypothetical protein	CP029219.1:83220-83597	DNJHOBEM_00109

DiscRep_SUB:FEATURE_LOCATION_CONFLICT::Coding region xref gene does not exist
plasmid_files/CP029219.1_results/PROKKA_06292018:CDS	hypothetical protein	CP029219.1:84037-84252	DNJHOBEM_00110

DiscRep_SUB:FEATURE_LOCATION_CONFLICT::Coding region xref gene does not exist
plasmid_files/CP029219.1_results/PROKKA_06292018:CDS	hypothetical protein	CP029219.1:c84992-84273	DNJHOBEM_00111

DiscRep_SUB:FEATURE_LOCATION_CONFLICT::Coding region xref gene does not exist
plasmid_files/CP029219.1_results/PROKKA_06292018:CDS	Protein PsiB	CP029219.1:c85423-84989	DNJHOBEM_00112

DiscRep_SUB:FEATURE_LOCATION_CONFLICT::Coding region xref gene does not exist
plasmid_files/CP029219.1_results/PROKKA_06292018:CDS	hypothetical protein	CP029219.1:c86067-85492	DNJHOBEM_00113

DiscRep_SUB:FEATURE_LOCATION_CONFLICT::Coding region xref gene does not exist
plasmid_files/CP029219.1_results/PROKKA_06292018:CDS	hypothetical protein	CP029219.1:c86534-86094	DNJHOBEM_00114

DiscRep_SUB:FEATURE_LOCATION_CONFLICT::Coding region xref gene does not exist
plasmid_files/CP029219.1_results/PROKKA_06292018:CDS	hypothetical protein	CP029219.1:c87351-86647	DNJHOBEM_00115

DiscRep_SUB:FEATURE_LOCATION_CONFLICT::Coding region xref gene does not exist
plasmid_files/CP029219.1_results/PROKKA_06292018:CDS	hypothetical protein	CP029219.1:87431-88006	DNJHOBEM_00116

DiscRep_SUB:FEATURE_LOCATION_CONFLICT::Coding region xref gene does not exist
plasmid_files/CP029219.1_results/PROKKA_06292018:CDS	hypothetical protein	CP029219.1:88462-89166	DNJHOBEM_00117

DiscRep_SUB:FEATURE_LOCATION_CONFLICT::Coding region xref gene does not exist
plasmid_files/CP029219.1_results/PROKKA_06292018:CDS	hypothetical protein	CP029219.1:89232-89750	DNJHOBEM_00118

DiscRep_SUB:FEATURE_LOCATION_CONFLICT::Coding region xref gene does not exist
plasmid_files/CP029219.1_results/PROKKA_06292018:CDS	Glutathione transferase FosA	CP029219.1:c90171-89755	DNJHOBEM_00119

DiscRep_SUB:FEATURE_LOCATION_CONFLICT::Coding region xref gene does not exist
plasmid_files/CP029219.1_results/PROKKA_06292018:CDS	hypothetical protein	CP029219.1:90557-91261	DNJHOBEM_00120

DiscRep_SUB:FEATURE_LOCATION_CONFLICT::Coding region xref gene does not exist
plasmid_files/CP029219.1_results/PROKKA_06292018:CDS	hypothetical protein	CP029219.1:c91929-91207	DNJHOBEM_00121

DiscRep_SUB:FEATURE_LOCATION_CONFLICT::Coding region xref gene does not exist
plasmid_files/CP029219.1_results/PROKKA_06292018:CDS	hypothetical protein	CP029219.1:c92127-91939	DNJHOBEM_00122

DiscRep_SUB:FEATURE_LOCATION_CONFLICT::Coding region xref gene does not exist
plasmid_files/CP029219.1_results/PROKKA_06292018:CDS	Transposon Tn3 resolvase	CP029219.1:92240-92755	DNJHOBEM_00123

DiscRep_SUB:FEATURE_LOCATION_CONFLICT::Coding region xref gene does not exist
plasmid_files/CP029219.1_results/PROKKA_06292018:CDS	Beta-lactamase TEM	CP029219.1:92938-93798	DNJHOBEM_00124

DiscRep_SUB:FEATURE_LOCATION_CONFLICT::Coding region xref gene does not exist
plasmid_files/CP029219.1_results/PROKKA_06292018:CDS	16S rRNA (guanine(1405)-N(7))-methyltransferase	CP029219.1:93968-94723	DNJHOBEM_00125

DiscRep_SUB:FEATURE_LOCATION_CONFLICT::Coding region xref gene does not exist
plasmid_files/CP029219.1_results/PROKKA_06292018:CDS	hypothetical protein	CP029219.1:c95085-94804	DNJHOBEM_00126

DiscRep_SUB:FEATURE_LOCATION_CONFLICT::Coding region xref gene does not exist
plasmid_files/CP029219.1_results/PROKKA_06292018:CDS	hypothetical protein	CP029219.1:c95877-95173	DNJHOBEM_00127

DiscRep_SUB:FEATURE_LOCATION_CONFLICT::Coding region xref gene does not exist
plasmid_files/CP029219.1_results/PROKKA_06292018:CDS	hypothetical protein	CP029219.1:97819-98100	DNJHOBEM_00128

DiscRep_SUB:FEATURE_LOCATION_CONFLICT::Coding region xref gene does not exist
plasmid_files/CP029219.1_results/PROKKA_06292018:CDS	Protein StbB	CP029219.1:c98576-98223	DNJHOBEM_00129

DiscRep_SUB:FEATURE_LOCATION_CONFLICT::Coding region xref gene does not exist
plasmid_files/CP029219.1_results/PROKKA_06292018:CDS	Plasmid segregation protein ParM	CP029219.1:c99538-98576	DNJHOBEM_00130

DiscRep_SUB:FEATURE_LOCATION_CONFLICT::Coding region xref gene does not exist
plasmid_files/CP029219.1_results/PROKKA_06292018:CDS	DNA adenine methyltransferase YhdJ	CP029219.1:100055-100738	DNJHOBEM_00131

DiscRep_SUB:FEATURE_LOCATION_CONFLICT::Coding region xref gene does not exist
plasmid_files/CP029219.1_results/PROKKA_06292018:CDS	hypothetical protein	CP029219.1:100739-100960	DNJHOBEM_00132

DiscRep_SUB:FEATURE_LOCATION_CONFLICT::Coding region xref gene does not exist
plasmid_files/CP029219.1_results/PROKKA_06292018:CDS	hypothetical protein	CP029219.1:100974-101408	DNJHOBEM_00133

DiscRep_SUB:FEATURE_LOCATION_CONFLICT::Coding region xref gene does not exist
plasmid_files/CP029219.1_results/PROKKA_06292018:CDS	hypothetical protein	CP029219.1:101408-102235	DNJHOBEM_00134

DiscRep_SUB:FEATURE_LOCATION_CONFLICT::Coding region xref gene does not exist
plasmid_files/CP029219.1_results/PROKKA_06292018:CDS	Antirestriction protein KlcA	CP029219.1:102653-103078	DNJHOBEM_00135

DiscRep_SUB:FEATURE_LOCATION_CONFLICT::Coding region xref gene does not exist
plasmid_files/CP029219.1_results/PROKKA_06292018:CDS	hypothetical protein	CP029219.1:103125-103547	DNJHOBEM_00136

DiscRep_SUB:FEATURE_LOCATION_CONFLICT::Coding region xref gene does not exist
plasmid_files/CP029219.1_results/PROKKA_06292018:CDS	hypothetical protein	CP029219.1:103544-103735	DNJHOBEM_00137

DiscRep_SUB:FEATURE_LOCATION_CONFLICT::Coding region xref gene does not exist
plasmid_files/CP029219.1_results/PROKKA_06292018:CDS	Group II intron-encoded protein LtrA	CP029219.1:c105716-104049	DNJHOBEM_00138

DiscRep_SUB:FEATURE_LOCATION_CONFLICT::Coding region xref gene does not exist
plasmid_files/CP029219.1_results/PROKKA_06292018:CDS	hypothetical protein	CP029219.1:c106853-106596	DNJHOBEM_00139

DiscRep_SUB:FEATURE_LOCATION_CONFLICT::Coding region xref gene does not exist
plasmid_files/CP029219.1_results/PROKKA_06292018:CDS	hypothetical protein	CP029219.1:107116-107346	DNJHOBEM_00140

DiscRep_SUB:FEATURE_LOCATION_CONFLICT::Coding region xref gene does not exist
plasmid_files/CP029219.1_results/PROKKA_06292018:CDS	hypothetical protein	CP029219.1:107398-108759	DNJHOBEM_00141

DiscRep_SUB:FEATURE_LOCATION_CONFLICT::Coding region xref gene does not exist
plasmid_files/CP029219.1_results/PROKKA_06292018:CDS	Ribosomal RNA small subunit methyltransferase A	CP029219.1:108806-109369	DNJHOBEM_00142

DiscRep_SUB:FEATURE_LOCATION_CONFLICT::Coding region xref gene does not exist
plasmid_files/CP029219.1_results/PROKKA_06292018:CDS	hypothetical protein	CP029219.1:c109910-109455	DNJHOBEM_00143

DiscRep_SUB:FEATURE_LOCATION_CONFLICT::Coding region xref gene does not exist
plasmid_files/CP029219.1_results/PROKKA_06292018:CDS	Plasmid-derived single-stranded DNA-binding protein	CP029219.1:110212-110739	DNJHOBEM_00144

DiscRep_SUB:FEATURE_LOCATION_CONFLICT::Coding region xref gene does not exist
plasmid_files/CP029219.1_results/PROKKA_06292018:CDS	hypothetical protein	CP029219.1:110797-111030	DNJHOBEM_00145

DiscRep_SUB:FEATURE_LOCATION_CONFLICT::Coding region xref gene does not exist
plasmid_files/CP029219.1_results/PROKKA_06292018:CDS	Chromosome-partitioning protein Spo0J	CP029219.1:111091-112071	DNJHOBEM_00146

DiscRep_SUB:FEATURE_LOCATION_CONFLICT::Coding region xref gene does not exist
plasmid_files/CP029219.1_results/PROKKA_06292018:CDS	hypothetical protein	CP029219.1:112083-112787	DNJHOBEM_00147

DiscRep_SUB:FEATURE_LOCATION_CONFLICT::Coding region xref gene does not exist
plasmid_files/CP029219.1_results/PROKKA_06292018:CDS	hypothetical protein	CP029219.1:112865-113398	DNJHOBEM_00148

DiscRep_SUB:FEATURE_LOCATION_CONFLICT::Coding region xref gene does not exist
plasmid_files/CP029219.1_results/PROKKA_06292018:CDS	hypothetical protein	CP029219.1:113601-113816	DNJHOBEM_00149

DiscRep_SUB:FEATURE_LOCATION_CONFLICT::Coding region xref gene does not exist
plasmid_files/CP029219.1_results/PROKKA_06292018:CDS	Endoribonuclease PemK	CP029219.1:c114430-114098	DNJHOBEM_00150

DiscRep_SUB:FEATURE_LOCATION_CONFLICT::Coding region xref gene does not exist
plasmid_files/CP029219.1_results/PROKKA_06292018:CDS	Antitoxin PemI	CP029219.1:c114689-114432	DNJHOBEM_00151

DiscRep_SUB:FEATURE_LOCATION_CONFLICT::Coding region xref gene does not exist
plasmid_files/CP029219.1_results/PROKKA_06292018:CDS	hypothetical protein	CP029219.1:c115435-114782	DNJHOBEM_00152

DiscRep_SUB:FEATURE_LOCATION_CONFLICT::Coding region xref gene does not exist
plasmid_files/CP029219.1_results/PROKKA_06292018:CDS	hypothetical protein	CP029219.1:c117231-116374	DNJHOBEM_00153

DiscRep_SUB:FEATURE_LOCATION_CONFLICT::Coding region xref gene does not exist
plasmid_files/CP029219.1_results/PROKKA_06292018:CDS	hypothetical protein	CP029219.1:c117791-117543	DNJHOBEM_00154

DiscRep_SUB:FEATURE_LOCATION_CONFLICT::Coding region xref gene does not exist
plasmid_files/CP029219.1_results/PROKKA_06292018:CDS	Protein PndA	CP029219.1:c118224-118075	DNJHOBEM_00155

DiscRep_SUB:FEATURE_LOCATION_CONFLICT::Coding region xref gene does not exist
plasmid_files/CP029219.1_results/PROKKA_06292018:CDS	hypothetical protein	CP029219.1:c118861-118529	DNJHOBEM_00156

DiscRep_SUB:FEATURE_LOCATION_CONFLICT::Coding region xref gene does not exist
plasmid_files/CP029219.1_results/PROKKA_06292018:CDS	hypothetical protein	CP029219.1:c119522-118923	DNJHOBEM_00157

DiscRep_SUB:FEATURE_LOCATION_CONFLICT::Coding region xref gene does not exist
plasmid_files/CP029219.1_results/PROKKA_06292018:CDS	hypothetical protein	CP029219.1:c120108-119908	DNJHOBEM_00158

DiscRep_SUB:FEATURE_LOCATION_CONFLICT::Coding region xref gene does not exist
plasmid_files/CP029219.1_results/PROKKA_06292018:CDS	Fertility inhibition protein	CP029219.1:c120800-120240	DNJHOBEM_00159

DiscRep_SUB:FEATURE_LOCATION_CONFLICT::Coding region xref gene does not exist
plasmid_files/CP029219.1_results/PROKKA_06292018:CDS	hypothetical protein	CP029219.1:c121601-120855	DNJHOBEM_00160

DiscRep_SUB:FEATURE_LOCATION_CONFLICT::Coding region xref gene does not exist
plasmid_files/CP029219.1_results/PROKKA_06292018:CDS	Multifunctional conjugation protein TraI	CP029219.1:c121821-121621	DNJHOBEM_00161

DiscRep_SUB:FEATURE_LOCATION_CONFLICT::Coding region xref gene does not exist
plasmid_files/CP029219.1_results/PROKKA_06292018:CDS	hypothetical protein	CP029219.1:121846-122550	DNJHOBEM_00162

DiscRep_SUB:FEATURE_LOCATION_CONFLICT::Coding region xref gene does not exist
plasmid_files/CP029219.1_results/PROKKA_06292018:CDS	hypothetical protein	CP029219.1:122671-125637	DNJHOBEM_00163

DiscRep_SUB:FEATURE_LOCATION_CONFLICT::Coding region xref gene does not exist
plasmid_files/CP029219.1_results/PROKKA_06292018:CDS	hypothetical protein	CP029219.1:125716-126720	DNJHOBEM_00164

DiscRep_SUB:FEATURE_LOCATION_CONFLICT::Coding region xref gene does not exist
plasmid_files/CP029219.1_results/PROKKA_06292018:CDS	hypothetical protein	CP029219.1:c127078-126902	DNJHOBEM_00165

DiscRep_SUB:FEATURE_LOCATION_CONFLICT::Coding region xref gene does not exist
plasmid_files/CP029219.1_results/PROKKA_06292018:CDS	hypothetical protein	CP029219.1:c127424-127200	DNJHOBEM_00166

DiscRep_SUB:FEATURE_LOCATION_CONFLICT::Coding region xref gene does not exist
plasmid_files/CP029219.1_results/PROKKA_06292018:CDS	Putative transposon Tn552 DNA-invertase bin3	CP029219.1:c128158-127421	DNJHOBEM_00167

DiscRep_SUB:FEATURE_LOCATION_CONFLICT::RNA feature xref gene does not exist
plasmid_files/CP029219.1_results/PROKKA_06292018:tRNA	Thr	CP029219.1:c61279-61208	DNJHOBEM_00089

DiscRep_ALL:SUSPECT_PRODUCT_NAMES::2 product_names contain suspect phrase or characters
DiscRep_SUB:SUSPECT_PRODUCT_NAMES::May contain database identifier more appropriate in note; remove from product name
DiscRep_SUB:SUSPECT_PRODUCT_NAMES::2 features Three or more numbers together
plasmid_files/CP029219.1_results/PROKKA_06292018:CDS	16S rRNA (guanine(1405)-N(7))-methyltransferase	CP029219.1:93968-94723	DNJHOBEM_00125
plasmid_files/CP029219.1_results/PROKKA_06292018:CDS	Putative transposon Tn552 DNA-invertase bin3	CP029219.1:c128158-127421	DNJHOBEM_00167

DiscRep_ALL:DISC_QUALITY_SCORES::Quality scores are missing on all sequences.

DiscRep_ALL:ONCALLER_COMMENT_PRESENT::1 comment descriptors were found (all same)
plasmid_files/CP029219.1_results/PROKKA_06292018:CP029219.1:Annotated using prokka 1.14-dev from https://github.com/tseemann/prokka

DiscRep_ALL:SHORT_PROT_SEQUENCES::3 protein sequences are shorter than 50 aa.
plasmid_files/CP029219.1_results/PROKKA_06292018:CP029219.1_1 (length 40)
plasmid_files/CP029219.1_results/PROKKA_06292018:CP029219.1_9 (length 35)
plasmid_files/CP029219.1_results/PROKKA_06292018:CP029219.1_154 (length 49)

DiscRep_ALL:MISSING_GENOMEASSEMBLY_COMMENTS::1 bioseqs are missing GenomeAssembly structured comments
plasmid_files/CP029219.1_results/PROKKA_06292018:CP029219.1 (length 128737)

DiscRep_ALL:MOLTYPE_NOT_MRNA::1 molecule types are not set as mRNA.
plasmid_files/CP029219.1_results/PROKKA_06292018:CP029219.1 (length 128737)

DiscRep_ALL:TECHNIQUE_NOT_TSA::1 technique are not set as TSA
plasmid_files/CP029219.1_results/PROKKA_06292018:CP029219.1 (length 128737)

DiscRep_ALL:MISSING_STRUCTURED_COMMENT::1 sequences do not include structured comments.
plasmid_files/CP029219.1_results/PROKKA_06292018:CP029219.1 (length 128737)

DiscRep_ALL:MISSING_PROJECT::167 sequences do not include project.
plasmid_files/CP029219.1_results/PROKKA_06292018:CP029219.1 (length 128737)
plasmid_files/CP029219.1_results/PROKKA_06292018:CP029219.1_1 (length 40)
plasmid_files/CP029219.1_results/PROKKA_06292018:CP029219.1_2 (length 101)
plasmid_files/CP029219.1_results/PROKKA_06292018:CP029219.1_3 (length 122)
plasmid_files/CP029219.1_results/PROKKA_06292018:CP029219.1_4 (length 245)
plasmid_files/CP029219.1_results/PROKKA_06292018:CP029219.1_5 (length 127)
plasmid_files/CP029219.1_results/PROKKA_06292018:CP029219.1_6 (length 161)
plasmid_files/CP029219.1_results/PROKKA_06292018:CP029219.1_7 (length 104)
plasmid_files/CP029219.1_results/PROKKA_06292018:CP029219.1_8 (length 273)
plasmid_files/CP029219.1_results/PROKKA_06292018:CP029219.1_9 (length 35)
plasmid_files/CP029219.1_results/PROKKA_06292018:CP029219.1_10 (length 92)
plasmid_files/CP029219.1_results/PROKKA_06292018:CP029219.1_11 (length 106)
plasmid_files/CP029219.1_results/PROKKA_06292018:CP029219.1_12 (length 74)
plasmid_files/CP029219.1_results/PROKKA_06292018:CP029219.1_13 (length 70)
plasmid_files/CP029219.1_results/PROKKA_06292018:CP029219.1_14 (length 118)
plasmid_files/CP029219.1_results/PROKKA_06292018:CP029219.1_15 (length 105)
plasmid_files/CP029219.1_results/PROKKA_06292018:CP029219.1_16 (length 116)
plasmid_files/CP029219.1_results/PROKKA_06292018:CP029219.1_17 (length 90)
plasmid_files/CP029219.1_results/PROKKA_06292018:CP029219.1_18 (length 61)
plasmid_files/CP029219.1_results/PROKKA_06292018:CP029219.1_19 (length 124)
plasmid_files/CP029219.1_results/PROKKA_06292018:CP029219.1_20 (length 108)
plasmid_files/CP029219.1_results/PROKKA_06292018:CP029219.1_21 (length 242)
plasmid_files/CP029219.1_results/PROKKA_06292018:CP029219.1_22 (length 143)
plasmid_files/CP029219.1_results/PROKKA_06292018:CP029219.1_23 (length 685)
plasmid_files/CP029219.1_results/PROKKA_06292018:CP029219.1_24 (length 82)
plasmid_files/CP029219.1_results/PROKKA_06292018:CP029219.1_25 (length 180)
plasmid_files/CP029219.1_results/PROKKA_06292018:CP029219.1_26 (length 110)
plasmid_files/CP029219.1_results/PROKKA_06292018:CP029219.1_27 (length 109)
plasmid_files/CP029219.1_results/PROKKA_06292018:CP029219.1_28 (length 187)
plasmid_files/CP029219.1_results/PROKKA_06292018:CP029219.1_29 (length 451)
plasmid_files/CP029219.1_results/PROKKA_06292018:CP029219.1_30 (length 76)
plasmid_files/CP029219.1_results/PROKKA_06292018:CP029219.1_31 (length 75)
plasmid_files/CP029219.1_results/PROKKA_06292018:CP029219.1_32 (length 106)
plasmid_files/CP029219.1_results/PROKKA_06292018:CP029219.1_33 (length 84)
plasmid_files/CP029219.1_results/PROKKA_06292018:CP029219.1_34 (length 63)
plasmid_files/CP029219.1_results/PROKKA_06292018:CP029219.1_35 (length 168)
plasmid_files/CP029219.1_results/PROKKA_06292018:CP029219.1_36 (length 142)
plasmid_files/CP029219.1_results/PROKKA_06292018:CP029219.1_37 (length 255)
plasmid_files/CP029219.1_results/PROKKA_06292018:CP029219.1_38 (length 139)
plasmid_files/CP029219.1_results/PROKKA_06292018:CP029219.1_39 (length 73)
plasmid_files/CP029219.1_results/PROKKA_06292018:CP029219.1_40 (length 233)
plasmid_files/CP029219.1_results/PROKKA_06292018:CP029219.1_41 (length 76)
plasmid_files/CP029219.1_results/PROKKA_06292018:CP029219.1_42 (length 223)
plasmid_files/CP029219.1_results/PROKKA_06292018:CP029219.1_43 (length 323)
plasmid_files/CP029219.1_results/PROKKA_06292018:CP029219.1_44 (length 495)
plasmid_files/CP029219.1_results/PROKKA_06292018:CP029219.1_45 (length 143)
plasmid_files/CP029219.1_results/PROKKA_06292018:CP029219.1_46 (length 423)
plasmid_files/CP029219.1_results/PROKKA_06292018:CP029219.1_47 (length 324)
plasmid_files/CP029219.1_results/PROKKA_06292018:CP029219.1_48 (length 401)
plasmid_files/CP029219.1_results/PROKKA_06292018:CP029219.1_49 (length 125)
plasmid_files/CP029219.1_results/PROKKA_06292018:CP029219.1_50 (length 334)
plasmid_files/CP029219.1_results/PROKKA_06292018:CP029219.1_51 (length 144)
plasmid_files/CP029219.1_results/PROKKA_06292018:CP029219.1_52 (length 116)
plasmid_files/CP029219.1_results/PROKKA_06292018:CP029219.1_53 (length 91)
plasmid_files/CP029219.1_results/PROKKA_06292018:CP029219.1_54 (length 153)
plasmid_files/CP029219.1_results/PROKKA_06292018:CP029219.1_55 (length 564)
plasmid_files/CP029219.1_results/PROKKA_06292018:CP029219.1_56 (length 120)
plasmid_files/CP029219.1_results/PROKKA_06292018:CP029219.1_57 (length 78)
plasmid_files/CP029219.1_results/PROKKA_06292018:CP029219.1_58 (length 235)
plasmid_files/CP029219.1_results/PROKKA_06292018:CP029219.1_59 (length 396)
plasmid_files/CP029219.1_results/PROKKA_06292018:CP029219.1_60 (length 234)
plasmid_files/CP029219.1_results/PROKKA_06292018:CP029219.1_61 (length 131)
plasmid_files/CP029219.1_results/PROKKA_06292018:CP029219.1_62 (length 326)
plasmid_files/CP029219.1_results/PROKKA_06292018:CP029219.1_63 (length 293)
plasmid_files/CP029219.1_results/PROKKA_06292018:CP029219.1_64 (length 326)
plasmid_files/CP029219.1_results/PROKKA_06292018:CP029219.1_65 (length 98)
plasmid_files/CP029219.1_results/PROKKA_06292018:CP029219.1_66 (length 51)
plasmid_files/CP029219.1_results/PROKKA_06292018:CP029219.1_67 (length 234)
plasmid_files/CP029219.1_results/PROKKA_06292018:CP029219.1_68 (length 81)
plasmid_files/CP029219.1_results/PROKKA_06292018:CP029219.1_69 (length 65)
plasmid_files/CP029219.1_results/PROKKA_06292018:CP029219.1_70 (length 83)
plasmid_files/CP029219.1_results/PROKKA_06292018:CP029219.1_71 (length 171)
plasmid_files/CP029219.1_results/PROKKA_06292018:CP029219.1_72 (length 73)
plasmid_files/CP029219.1_results/PROKKA_06292018:CP029219.1_73 (length 875)
plasmid_files/CP029219.1_results/PROKKA_06292018:CP029219.1_74 (length 128)
plasmid_files/CP029219.1_results/PROKKA_06292018:CP029219.1_75 (length 210)
plasmid_files/CP029219.1_results/PROKKA_06292018:CP029219.1_76 (length 330)
plasmid_files/CP029219.1_results/PROKKA_06292018:CP029219.1_77 (length 102)
plasmid_files/CP029219.1_results/PROKKA_06292018:CP029219.1_78 (length 173)
plasmid_files/CP029219.1_results/PROKKA_06292018:CP029219.1_79 (length 212)
plasmid_files/CP029219.1_results/PROKKA_06292018:CP029219.1_80 (length 123)
plasmid_files/CP029219.1_results/PROKKA_06292018:CP029219.1_81 (length 140)
plasmid_files/CP029219.1_results/PROKKA_06292018:CP029219.1_82 (length 616)
plasmid_files/CP029219.1_results/PROKKA_06292018:CP029219.1_83 (length 86)
plasmid_files/CP029219.1_results/PROKKA_06292018:CP029219.1_84 (length 247)
plasmid_files/CP029219.1_results/PROKKA_06292018:CP029219.1_85 (length 93)
plasmid_files/CP029219.1_results/PROKKA_06292018:CP029219.1_86 (length 181)
plasmid_files/CP029219.1_results/PROKKA_06292018:CP029219.1_87 (length 104)
plasmid_files/CP029219.1_results/PROKKA_06292018:CP029219.1_88 (length 130)
plasmid_files/CP029219.1_results/PROKKA_06292018:CP029219.1_89 (length 938)
plasmid_files/CP029219.1_results/PROKKA_06292018:CP029219.1_90 (length 173)
plasmid_files/CP029219.1_results/PROKKA_06292018:CP029219.1_91 (length 244)
plasmid_files/CP029219.1_results/PROKKA_06292018:CP029219.1_92 (length 245)
plasmid_files/CP029219.1_results/PROKKA_06292018:CP029219.1_93 (length 738)
plasmid_files/CP029219.1_results/PROKKA_06292018:CP029219.1_94 (length 1711)
plasmid_files/CP029219.1_results/PROKKA_06292018:CP029219.1_95 (length 234)
plasmid_files/CP029219.1_results/PROKKA_06292018:CP029219.1_96 (length 124)
plasmid_files/CP029219.1_results/PROKKA_06292018:CP029219.1_97 (length 475)
plasmid_files/CP029219.1_results/PROKKA_06292018:CP029219.1_98 (length 242)
plasmid_files/CP029219.1_results/PROKKA_06292018:CP029219.1_99 (length 188)
plasmid_files/CP029219.1_results/PROKKA_06292018:CP029219.1_100 (length 103)
plasmid_files/CP029219.1_results/PROKKA_06292018:CP029219.1_101 (length 121)
plasmid_files/CP029219.1_results/PROKKA_06292018:CP029219.1_102 (length 75)
plasmid_files/CP029219.1_results/PROKKA_06292018:CP029219.1_103 (length 228)
plasmid_files/CP029219.1_results/PROKKA_06292018:CP029219.1_104 (length 127)
plasmid_files/CP029219.1_results/PROKKA_06292018:CP029219.1_105 (length 215)
plasmid_files/CP029219.1_results/PROKKA_06292018:CP029219.1_106 (length 273)
plasmid_files/CP029219.1_results/PROKKA_06292018:CP029219.1_107 (length 98)
plasmid_files/CP029219.1_results/PROKKA_06292018:CP029219.1_108 (length 125)
plasmid_files/CP029219.1_results/PROKKA_06292018:CP029219.1_109 (length 71)
plasmid_files/CP029219.1_results/PROKKA_06292018:CP029219.1_110 (length 239)
plasmid_files/CP029219.1_results/PROKKA_06292018:CP029219.1_111 (length 144)
plasmid_files/CP029219.1_results/PROKKA_06292018:CP029219.1_112 (length 191)
plasmid_files/CP029219.1_results/PROKKA_06292018:CP029219.1_113 (length 146)
plasmid_files/CP029219.1_results/PROKKA_06292018:CP029219.1_114 (length 234)
plasmid_files/CP029219.1_results/PROKKA_06292018:CP029219.1_115 (length 191)
plasmid_files/CP029219.1_results/PROKKA_06292018:CP029219.1_116 (length 234)
plasmid_files/CP029219.1_results/PROKKA_06292018:CP029219.1_117 (length 172)
plasmid_files/CP029219.1_results/PROKKA_06292018:CP029219.1_118 (length 138)
plasmid_files/CP029219.1_results/PROKKA_06292018:CP029219.1_119 (length 234)
plasmid_files/CP029219.1_results/PROKKA_06292018:CP029219.1_120 (length 240)
plasmid_files/CP029219.1_results/PROKKA_06292018:CP029219.1_121 (length 62)
plasmid_files/CP029219.1_results/PROKKA_06292018:CP029219.1_122 (length 171)
plasmid_files/CP029219.1_results/PROKKA_06292018:CP029219.1_123 (length 286)
plasmid_files/CP029219.1_results/PROKKA_06292018:CP029219.1_124 (length 251)
plasmid_files/CP029219.1_results/PROKKA_06292018:CP029219.1_125 (length 93)
plasmid_files/CP029219.1_results/PROKKA_06292018:CP029219.1_126 (length 234)
plasmid_files/CP029219.1_results/PROKKA_06292018:CP029219.1_127 (length 93)
plasmid_files/CP029219.1_results/PROKKA_06292018:CP029219.1_128 (length 117)
plasmid_files/CP029219.1_results/PROKKA_06292018:CP029219.1_129 (length 320)
plasmid_files/CP029219.1_results/PROKKA_06292018:CP029219.1_130 (length 227)
plasmid_files/CP029219.1_results/PROKKA_06292018:CP029219.1_131 (length 73)
plasmid_files/CP029219.1_results/PROKKA_06292018:CP029219.1_132 (length 144)
plasmid_files/CP029219.1_results/PROKKA_06292018:CP029219.1_133 (length 275)
plasmid_files/CP029219.1_results/PROKKA_06292018:CP029219.1_134 (length 141)
plasmid_files/CP029219.1_results/PROKKA_06292018:CP029219.1_135 (length 140)
plasmid_files/CP029219.1_results/PROKKA_06292018:CP029219.1_136 (length 63)
plasmid_files/CP029219.1_results/PROKKA_06292018:CP029219.1_137 (length 555)
plasmid_files/CP029219.1_results/PROKKA_06292018:CP029219.1_138 (length 85)
plasmid_files/CP029219.1_results/PROKKA_06292018:CP029219.1_139 (length 76)
plasmid_files/CP029219.1_results/PROKKA_06292018:CP029219.1_140 (length 453)
plasmid_files/CP029219.1_results/PROKKA_06292018:CP029219.1_141 (length 187)
plasmid_files/CP029219.1_results/PROKKA_06292018:CP029219.1_142 (length 151)
plasmid_files/CP029219.1_results/PROKKA_06292018:CP029219.1_143 (length 175)
plasmid_files/CP029219.1_results/PROKKA_06292018:CP029219.1_144 (length 77)
plasmid_files/CP029219.1_results/PROKKA_06292018:CP029219.1_145 (length 326)
plasmid_files/CP029219.1_results/PROKKA_06292018:CP029219.1_146 (length 234)
plasmid_files/CP029219.1_results/PROKKA_06292018:CP029219.1_147 (length 177)
plasmid_files/CP029219.1_results/PROKKA_06292018:CP029219.1_148 (length 71)
plasmid_files/CP029219.1_results/PROKKA_06292018:CP029219.1_149 (length 110)
plasmid_files/CP029219.1_results/PROKKA_06292018:CP029219.1_150 (length 85)
plasmid_files/CP029219.1_results/PROKKA_06292018:CP029219.1_151 (length 217)
plasmid_files/CP029219.1_results/PROKKA_06292018:CP029219.1_152 (length 285)
plasmid_files/CP029219.1_results/PROKKA_06292018:CP029219.1_153 (length 82)
plasmid_files/CP029219.1_results/PROKKA_06292018:CP029219.1_154 (length 49)
plasmid_files/CP029219.1_results/PROKKA_06292018:CP029219.1_155 (length 110)
plasmid_files/CP029219.1_results/PROKKA_06292018:CP029219.1_156 (length 199)
plasmid_files/CP029219.1_results/PROKKA_06292018:CP029219.1_157 (length 66)
plasmid_files/CP029219.1_results/PROKKA_06292018:CP029219.1_158 (length 186)
plasmid_files/CP029219.1_results/PROKKA_06292018:CP029219.1_159 (length 248)
plasmid_files/CP029219.1_results/PROKKA_06292018:CP029219.1_160 (length 66)
plasmid_files/CP029219.1_results/PROKKA_06292018:CP029219.1_161 (length 234)
plasmid_files/CP029219.1_results/PROKKA_06292018:CP029219.1_162 (length 988)
plasmid_files/CP029219.1_results/PROKKA_06292018:CP029219.1_163 (length 334)
plasmid_files/CP029219.1_results/PROKKA_06292018:CP029219.1_164 (length 58)
plasmid_files/CP029219.1_results/PROKKA_06292018:CP029219.1_165 (length 74)
plasmid_files/CP029219.1_results/PROKKA_06292018:CP029219.1_166 (length 245)

DiscRep_ALL:DISC_INCONSISTENT_MOLINFO_TECH::Molinfo Technique Report (some missing, all same)
DiscRep_SUB:DISC_INCONSISTENT_MOLINFO_TECH::technique (all missing)
DiscRep_SUB:DISC_INCONSISTENT_MOLINFO_TECH::1 Molinfos are missing field technique
plasmid_files/CP029219.1_results/PROKKA_06292018:CP029219.1 (length 128737)

