Discrepancy Report Results

Summary
FATAL: MISSING_PROTEIN_ID:96 proteins have invalid IDs.
DISC_SOURCE_QUALS_ASNDISC:strain (all present, all unique)
DISC_SOURCE_QUALS_ASNDISC:taxname (all present, all unique)
DISC_FEATURE_COUNT:CDS: 96 present
DISC_COUNT_NUCLEOTIDES:1 nucleotide Bioseqs are present
FEATURE_LOCATION_CONFLICT:96 features have inconsistent gene locations.
DISC_QUALITY_SCORES:Quality scores are missing on all sequences.
ONCALLER_COMMENT_PRESENT:1 comment descriptors were found (all same)
SHORT_PROT_SEQUENCES:1 protein sequences are shorter than 50 aa.
MISSING_GENOMEASSEMBLY_COMMENTS:1 bioseqs are missing GenomeAssembly structured comments
MOLTYPE_NOT_MRNA:1 molecule types are not set as mRNA.
TECHNIQUE_NOT_TSA:1 technique are not set as TSA
MISSING_STRUCTURED_COMMENT:1 sequences do not include structured comments.
MISSING_PROJECT:97 sequences do not include project.
DISC_INCONSISTENT_MOLINFO_TECH:Molinfo Technique Report (some missing, all same)


Detailed Report

FATAL: DiscRep_ALL:MISSING_PROTEIN_ID::96 proteins have invalid IDs.
plasmid_files/CP021861.1_results/PROKKA_06292018:CP021861.1_1 (length 61)
plasmid_files/CP021861.1_results/PROKKA_06292018:CP021861.1_2 (length 244)
plasmid_files/CP021861.1_results/PROKKA_06292018:CP021861.1_3 (length 256)
plasmid_files/CP021861.1_results/PROKKA_06292018:CP021861.1_4 (length 379)
plasmid_files/CP021861.1_results/PROKKA_06292018:CP021861.1_5 (length 351)
plasmid_files/CP021861.1_results/PROKKA_06292018:CP021861.1_6 (length 652)
plasmid_files/CP021861.1_results/PROKKA_06292018:CP021861.1_7 (length 172)
plasmid_files/CP021861.1_results/PROKKA_06292018:CP021861.1_8 (length 547)
plasmid_files/CP021861.1_results/PROKKA_06292018:CP021861.1_9 (length 436)
plasmid_files/CP021861.1_results/PROKKA_06292018:CP021861.1_10 (length 171)
plasmid_files/CP021861.1_results/PROKKA_06292018:CP021861.1_11 (length 512)
plasmid_files/CP021861.1_results/PROKKA_06292018:CP021861.1_12 (length 369)
plasmid_files/CP021861.1_results/PROKKA_06292018:CP021861.1_13 (length 185)
plasmid_files/CP021861.1_results/PROKKA_06292018:CP021861.1_14 (length 160)
plasmid_files/CP021861.1_results/PROKKA_06292018:CP021861.1_15 (length 211)
plasmid_files/CP021861.1_results/PROKKA_06292018:CP021861.1_16 (length 428)
plasmid_files/CP021861.1_results/PROKKA_06292018:CP021861.1_17 (length 374)
plasmid_files/CP021861.1_results/PROKKA_06292018:CP021861.1_18 (length 217)
plasmid_files/CP021861.1_results/PROKKA_06292018:CP021861.1_19 (length 172)
plasmid_files/CP021861.1_results/PROKKA_06292018:CP021861.1_20 (length 134)
plasmid_files/CP021861.1_results/PROKKA_06292018:CP021861.1_21 (length 195)
plasmid_files/CP021861.1_results/PROKKA_06292018:CP021861.1_22 (length 721)
plasmid_files/CP021861.1_results/PROKKA_06292018:CP021861.1_23 (length 68)
plasmid_files/CP021861.1_results/PROKKA_06292018:CP021861.1_24 (length 143)
plasmid_files/CP021861.1_results/PROKKA_06292018:CP021861.1_25 (length 146)
plasmid_files/CP021861.1_results/PROKKA_06292018:CP021861.1_26 (length 1413)
plasmid_files/CP021861.1_results/PROKKA_06292018:CP021861.1_27 (length 113)
plasmid_files/CP021861.1_results/PROKKA_06292018:CP021861.1_28 (length 133)
plasmid_files/CP021861.1_results/PROKKA_06292018:CP021861.1_29 (length 250)
plasmid_files/CP021861.1_results/PROKKA_06292018:CP021861.1_30 (length 243)
plasmid_files/CP021861.1_results/PROKKA_06292018:CP021861.1_31 (length 139)
plasmid_files/CP021861.1_results/PROKKA_06292018:CP021861.1_32 (length 87)
plasmid_files/CP021861.1_results/PROKKA_06292018:CP021861.1_33 (length 171)
plasmid_files/CP021861.1_results/PROKKA_06292018:CP021861.1_34 (length 106)
plasmid_files/CP021861.1_results/PROKKA_06292018:CP021861.1_35 (length 145)
plasmid_files/CP021861.1_results/PROKKA_06292018:CP021861.1_36 (length 60)
plasmid_files/CP021861.1_results/PROKKA_06292018:CP021861.1_37 (length 147)
plasmid_files/CP021861.1_results/PROKKA_06292018:CP021861.1_38 (length 44)
plasmid_files/CP021861.1_results/PROKKA_06292018:CP021861.1_39 (length 86)
plasmid_files/CP021861.1_results/PROKKA_06292018:CP021861.1_40 (length 79)
plasmid_files/CP021861.1_results/PROKKA_06292018:CP021861.1_41 (length 86)
plasmid_files/CP021861.1_results/PROKKA_06292018:CP021861.1_42 (length 74)
plasmid_files/CP021861.1_results/PROKKA_06292018:CP021861.1_43 (length 69)
plasmid_files/CP021861.1_results/PROKKA_06292018:CP021861.1_44 (length 107)
plasmid_files/CP021861.1_results/PROKKA_06292018:CP021861.1_45 (length 80)
plasmid_files/CP021861.1_results/PROKKA_06292018:CP021861.1_46 (length 84)
plasmid_files/CP021861.1_results/PROKKA_06292018:CP021861.1_47 (length 180)
plasmid_files/CP021861.1_results/PROKKA_06292018:CP021861.1_48 (length 62)
plasmid_files/CP021861.1_results/PROKKA_06292018:CP021861.1_49 (length 399)
plasmid_files/CP021861.1_results/PROKKA_06292018:CP021861.1_50 (length 82)
plasmid_files/CP021861.1_results/PROKKA_06292018:CP021861.1_51 (length 109)
plasmid_files/CP021861.1_results/PROKKA_06292018:CP021861.1_52 (length 221)
plasmid_files/CP021861.1_results/PROKKA_06292018:CP021861.1_53 (length 94)
plasmid_files/CP021861.1_results/PROKKA_06292018:CP021861.1_54 (length 190)
plasmid_files/CP021861.1_results/PROKKA_06292018:CP021861.1_55 (length 71)
plasmid_files/CP021861.1_results/PROKKA_06292018:CP021861.1_56 (length 53)
plasmid_files/CP021861.1_results/PROKKA_06292018:CP021861.1_57 (length 342)
plasmid_files/CP021861.1_results/PROKKA_06292018:CP021861.1_58 (length 150)
plasmid_files/CP021861.1_results/PROKKA_06292018:CP021861.1_59 (length 64)
plasmid_files/CP021861.1_results/PROKKA_06292018:CP021861.1_60 (length 325)
plasmid_files/CP021861.1_results/PROKKA_06292018:CP021861.1_61 (length 286)
plasmid_files/CP021861.1_results/PROKKA_06292018:CP021861.1_62 (length 83)
plasmid_files/CP021861.1_results/PROKKA_06292018:CP021861.1_63 (length 274)
plasmid_files/CP021861.1_results/PROKKA_06292018:CP021861.1_64 (length 258)
plasmid_files/CP021861.1_results/PROKKA_06292018:CP021861.1_65 (length 201)
plasmid_files/CP021861.1_results/PROKKA_06292018:CP021861.1_66 (length 185)
plasmid_files/CP021861.1_results/PROKKA_06292018:CP021861.1_67 (length 302)
plasmid_files/CP021861.1_results/PROKKA_06292018:CP021861.1_68 (length 571)
plasmid_files/CP021861.1_results/PROKKA_06292018:CP021861.1_69 (length 1009)
plasmid_files/CP021861.1_results/PROKKA_06292018:CP021861.1_70 (length 341)
plasmid_files/CP021861.1_results/PROKKA_06292018:CP021861.1_71 (length 259)
plasmid_files/CP021861.1_results/PROKKA_06292018:CP021861.1_72 (length 112)
plasmid_files/CP021861.1_results/PROKKA_06292018:CP021861.1_73 (length 293)
plasmid_files/CP021861.1_results/PROKKA_06292018:CP021861.1_74 (length 439)
plasmid_files/CP021861.1_results/PROKKA_06292018:CP021861.1_75 (length 715)
plasmid_files/CP021861.1_results/PROKKA_06292018:CP021861.1_76 (length 99)
plasmid_files/CP021861.1_results/PROKKA_06292018:CP021861.1_77 (length 147)
plasmid_files/CP021861.1_results/PROKKA_06292018:CP021861.1_78 (length 56)
plasmid_files/CP021861.1_results/PROKKA_06292018:CP021861.1_79 (length 220)
plasmid_files/CP021861.1_results/PROKKA_06292018:CP021861.1_80 (length 60)
plasmid_files/CP021861.1_results/PROKKA_06292018:CP021861.1_81 (length 71)
plasmid_files/CP021861.1_results/PROKKA_06292018:CP021861.1_82 (length 100)
plasmid_files/CP021861.1_results/PROKKA_06292018:CP021861.1_83 (length 85)
plasmid_files/CP021861.1_results/PROKKA_06292018:CP021861.1_84 (length 328)
plasmid_files/CP021861.1_results/PROKKA_06292018:CP021861.1_85 (length 215)
plasmid_files/CP021861.1_results/PROKKA_06292018:CP021861.1_86 (length 78)
plasmid_files/CP021861.1_results/PROKKA_06292018:CP021861.1_87 (length 269)
plasmid_files/CP021861.1_results/PROKKA_06292018:CP021861.1_88 (length 210)
plasmid_files/CP021861.1_results/PROKKA_06292018:CP021861.1_89 (length 99)
plasmid_files/CP021861.1_results/PROKKA_06292018:CP021861.1_90 (length 411)
plasmid_files/CP021861.1_results/PROKKA_06292018:CP021861.1_91 (length 145)
plasmid_files/CP021861.1_results/PROKKA_06292018:CP021861.1_92 (length 53)
plasmid_files/CP021861.1_results/PROKKA_06292018:CP021861.1_93 (length 132)
plasmid_files/CP021861.1_results/PROKKA_06292018:CP021861.1_94 (length 194)
plasmid_files/CP021861.1_results/PROKKA_06292018:CP021861.1_95 (length 96)
plasmid_files/CP021861.1_results/PROKKA_06292018:CP021861.1_96 (length 94)

DiscRep_ALL:DISC_SOURCE_QUALS_ASNDISC::strain (all present, all unique)
DiscRep_SUB:DISC_SOURCE_QUALS_ASNDISC::1 sources have unique values for strain
DiscRep_ALL:DISC_SOURCE_QUALS_ASNDISC::taxname (all present, all unique)
DiscRep_SUB:DISC_SOURCE_QUALS_ASNDISC::1 sources have unique values for taxname
DiscRep_ALL:DISC_FEATURE_COUNT::CDS: 96 present
DiscRep_ALL:DISC_COUNT_NUCLEOTIDES::1 nucleotide Bioseqs are present
plasmid_files/CP021861.1_results/PROKKA_06292018:CP021861.1 (length 79489)

DiscRep_ALL:FEATURE_LOCATION_CONFLICT::96 features have inconsistent gene locations.
DiscRep_SUB:FEATURE_LOCATION_CONFLICT::Coding region xref gene does not exist
plasmid_files/CP021861.1_results/PROKKA_06292018:CDS	Type IV secretion system protein virB4	CP021861.1:5-190	APMGAMMO_00001

DiscRep_SUB:FEATURE_LOCATION_CONFLICT::Coding region xref gene does not exist
plasmid_files/CP021861.1_results/PROKKA_06292018:CDS	Type IV secretion system protein virB8	CP021861.1:354-1088	APMGAMMO_00002

DiscRep_SUB:FEATURE_LOCATION_CONFLICT::Coding region xref gene does not exist
plasmid_files/CP021861.1_results/PROKKA_06292018:CDS	Type IV secretion system protein PtlF	CP021861.1:1085-1855	APMGAMMO_00003

DiscRep_SUB:FEATURE_LOCATION_CONFLICT::Coding region xref gene does not exist
plasmid_files/CP021861.1_results/PROKKA_06292018:CDS	Type IV secretion system protein virB10	CP021861.1:1845-2984	APMGAMMO_00004

DiscRep_SUB:FEATURE_LOCATION_CONFLICT::Coding region xref gene does not exist
plasmid_files/CP021861.1_results/PROKKA_06292018:CDS	Type IV secretion system protein VirB11	CP021861.1:3003-4058	APMGAMMO_00005

DiscRep_SUB:FEATURE_LOCATION_CONFLICT::Coding region xref gene does not exist
plasmid_files/CP021861.1_results/PROKKA_06292018:CDS	Conjugal transfer protein TraG	CP021861.1:4074-6032	APMGAMMO_00006

DiscRep_SUB:FEATURE_LOCATION_CONFLICT::Coding region xref gene does not exist
plasmid_files/CP021861.1_results/PROKKA_06292018:CDS	hypothetical protein	CP021861.1:6079-6597	APMGAMMO_00007

DiscRep_SUB:FEATURE_LOCATION_CONFLICT::Coding region xref gene does not exist
plasmid_files/CP021861.1_results/PROKKA_06292018:CDS	Outer membrane lipoprotein BfpB	CP021861.1:6590-8233	APMGAMMO_00008

DiscRep_SUB:FEATURE_LOCATION_CONFLICT::Coding region xref gene does not exist
plasmid_files/CP021861.1_results/PROKKA_06292018:CDS	hypothetical protein	CP021861.1:8284-9594	APMGAMMO_00009

DiscRep_SUB:FEATURE_LOCATION_CONFLICT::Coding region xref gene does not exist
plasmid_files/CP021861.1_results/PROKKA_06292018:CDS	hypothetical protein	CP021861.1:9557-10072	APMGAMMO_00010

DiscRep_SUB:FEATURE_LOCATION_CONFLICT::Coding region xref gene does not exist
plasmid_files/CP021861.1_results/PROKKA_06292018:CDS	Type II secretion system protein E	CP021861.1:10097-11635	APMGAMMO_00011

DiscRep_SUB:FEATURE_LOCATION_CONFLICT::Coding region xref gene does not exist
plasmid_files/CP021861.1_results/PROKKA_06292018:CDS	Toxin coregulated pilus biosynthesis protein E	CP021861.1:11626-12735	APMGAMMO_00012

DiscRep_SUB:FEATURE_LOCATION_CONFLICT::Coding region xref gene does not exist
plasmid_files/CP021861.1_results/PROKKA_06292018:CDS	hypothetical protein	CP021861.1:12780-13337	APMGAMMO_00013

DiscRep_SUB:FEATURE_LOCATION_CONFLICT::Coding region xref gene does not exist
plasmid_files/CP021861.1_results/PROKKA_06292018:CDS	hypothetical protein	CP021861.1:13404-13886	APMGAMMO_00014

DiscRep_SUB:FEATURE_LOCATION_CONFLICT::Coding region xref gene does not exist
plasmid_files/CP021861.1_results/PROKKA_06292018:CDS	Type 4 prepilin-like proteins leader peptide-processing enzyme	CP021861.1:13890-14525	APMGAMMO_00015

DiscRep_SUB:FEATURE_LOCATION_CONFLICT::Coding region xref gene does not exist
plasmid_files/CP021861.1_results/PROKKA_06292018:CDS	hypothetical protein	CP021861.1:14538-15824	APMGAMMO_00016

DiscRep_SUB:FEATURE_LOCATION_CONFLICT::Coding region xref gene does not exist
plasmid_files/CP021861.1_results/PROKKA_06292018:CDS	Tyrosine recombinase XerC	CP021861.1:16772-17896	APMGAMMO_00017

DiscRep_SUB:FEATURE_LOCATION_CONFLICT::Coding region xref gene does not exist
plasmid_files/CP021861.1_results/PROKKA_06292018:CDS	hypothetical protein	CP021861.1:17908-18561	APMGAMMO_00018

DiscRep_SUB:FEATURE_LOCATION_CONFLICT::Coding region xref gene does not exist
plasmid_files/CP021861.1_results/PROKKA_06292018:CDS	Endonuclease YhcR	CP021861.1:18608-19126	APMGAMMO_00019

DiscRep_SUB:FEATURE_LOCATION_CONFLICT::Coding region xref gene does not exist
plasmid_files/CP021861.1_results/PROKKA_06292018:CDS	hypothetical protein	CP021861.1:19142-19546	APMGAMMO_00020

DiscRep_SUB:FEATURE_LOCATION_CONFLICT::Coding region xref gene does not exist
plasmid_files/CP021861.1_results/PROKKA_06292018:CDS	hypothetical protein	CP021861.1:19910-20497	APMGAMMO_00021

DiscRep_SUB:FEATURE_LOCATION_CONFLICT::Coding region xref gene does not exist
plasmid_files/CP021861.1_results/PROKKA_06292018:CDS	DNA topoisomerase 3	CP021861.1:20509-22674	APMGAMMO_00022

DiscRep_SUB:FEATURE_LOCATION_CONFLICT::Coding region xref gene does not exist
plasmid_files/CP021861.1_results/PROKKA_06292018:CDS	Modulating protein YmoA	CP021861.1:22743-22949	APMGAMMO_00023

DiscRep_SUB:FEATURE_LOCATION_CONFLICT::Coding region xref gene does not exist
plasmid_files/CP021861.1_results/PROKKA_06292018:CDS	hypothetical protein	CP021861.1:23095-23526	APMGAMMO_00024

DiscRep_SUB:FEATURE_LOCATION_CONFLICT::Coding region xref gene does not exist
plasmid_files/CP021861.1_results/PROKKA_06292018:CDS	hypothetical protein	CP021861.1:23771-24211	APMGAMMO_00025

DiscRep_SUB:FEATURE_LOCATION_CONFLICT::Coding region xref gene does not exist
plasmid_files/CP021861.1_results/PROKKA_06292018:CDS	hypothetical protein	CP021861.1:c28495-24254	APMGAMMO_00026

DiscRep_SUB:FEATURE_LOCATION_CONFLICT::Coding region xref gene does not exist
plasmid_files/CP021861.1_results/PROKKA_06292018:CDS	hypothetical protein	CP021861.1:c28833-28492	APMGAMMO_00027

DiscRep_SUB:FEATURE_LOCATION_CONFLICT::Coding region xref gene does not exist
plasmid_files/CP021861.1_results/PROKKA_06292018:CDS	hypothetical protein	CP021861.1:29204-29605	APMGAMMO_00028

DiscRep_SUB:FEATURE_LOCATION_CONFLICT::Coding region xref gene does not exist
plasmid_files/CP021861.1_results/PROKKA_06292018:CDS	Protein TraL	CP021861.1:29623-30375	APMGAMMO_00029

DiscRep_SUB:FEATURE_LOCATION_CONFLICT::Coding region xref gene does not exist
plasmid_files/CP021861.1_results/PROKKA_06292018:CDS	hypothetical protein	CP021861.1:30353-31084	APMGAMMO_00030

DiscRep_SUB:FEATURE_LOCATION_CONFLICT::Coding region xref gene does not exist
plasmid_files/CP021861.1_results/PROKKA_06292018:CDS	hypothetical protein	CP021861.1:31104-31523	APMGAMMO_00031

DiscRep_SUB:FEATURE_LOCATION_CONFLICT::Coding region xref gene does not exist
plasmid_files/CP021861.1_results/PROKKA_06292018:CDS	hypothetical protein	CP021861.1:31525-31788	APMGAMMO_00032

DiscRep_SUB:FEATURE_LOCATION_CONFLICT::Coding region xref gene does not exist
plasmid_files/CP021861.1_results/PROKKA_06292018:CDS	hypothetical protein	CP021861.1:31825-32340	APMGAMMO_00033

DiscRep_SUB:FEATURE_LOCATION_CONFLICT::Coding region xref gene does not exist
plasmid_files/CP021861.1_results/PROKKA_06292018:CDS	hypothetical protein	CP021861.1:32337-32657	APMGAMMO_00034

DiscRep_SUB:FEATURE_LOCATION_CONFLICT::Coding region xref gene does not exist
plasmid_files/CP021861.1_results/PROKKA_06292018:CDS	hypothetical protein	CP021861.1:c33225-32788	APMGAMMO_00035

DiscRep_SUB:FEATURE_LOCATION_CONFLICT::Coding region xref gene does not exist
plasmid_files/CP021861.1_results/PROKKA_06292018:CDS	hypothetical protein	CP021861.1:c33432-33250	APMGAMMO_00036

DiscRep_SUB:FEATURE_LOCATION_CONFLICT::Coding region xref gene does not exist
plasmid_files/CP021861.1_results/PROKKA_06292018:CDS	hypothetical protein	CP021861.1:33716-34159	APMGAMMO_00037

DiscRep_SUB:FEATURE_LOCATION_CONFLICT::Coding region xref gene does not exist
plasmid_files/CP021861.1_results/PROKKA_06292018:CDS	hypothetical protein	CP021861.1:c34477-34343	APMGAMMO_00038

DiscRep_SUB:FEATURE_LOCATION_CONFLICT::Coding region xref gene does not exist
plasmid_files/CP021861.1_results/PROKKA_06292018:CDS	hypothetical protein	CP021861.1:c34806-34546	APMGAMMO_00039

DiscRep_SUB:FEATURE_LOCATION_CONFLICT::Coding region xref gene does not exist
plasmid_files/CP021861.1_results/PROKKA_06292018:CDS	hypothetical protein	CP021861.1:c35580-35341	APMGAMMO_00040

DiscRep_SUB:FEATURE_LOCATION_CONFLICT::Coding region xref gene does not exist
plasmid_files/CP021861.1_results/PROKKA_06292018:CDS	hypothetical protein	CP021861.1:c35830-35570	APMGAMMO_00041

DiscRep_SUB:FEATURE_LOCATION_CONFLICT::Coding region xref gene does not exist
plasmid_files/CP021861.1_results/PROKKA_06292018:CDS	hypothetical protein	CP021861.1:c36106-35882	APMGAMMO_00042

DiscRep_SUB:FEATURE_LOCATION_CONFLICT::Coding region xref gene does not exist
plasmid_files/CP021861.1_results/PROKKA_06292018:CDS	hypothetical protein	CP021861.1:c36412-36203	APMGAMMO_00043

DiscRep_SUB:FEATURE_LOCATION_CONFLICT::Coding region xref gene does not exist
plasmid_files/CP021861.1_results/PROKKA_06292018:CDS	hypothetical protein	CP021861.1:c36777-36454	APMGAMMO_00044

DiscRep_SUB:FEATURE_LOCATION_CONFLICT::Coding region xref gene does not exist
plasmid_files/CP021861.1_results/PROKKA_06292018:CDS	hypothetical protein	CP021861.1:c37600-37358	APMGAMMO_00045

DiscRep_SUB:FEATURE_LOCATION_CONFLICT::Coding region xref gene does not exist
plasmid_files/CP021861.1_results/PROKKA_06292018:CDS	hypothetical protein	CP021861.1:c37851-37597	APMGAMMO_00046

DiscRep_SUB:FEATURE_LOCATION_CONFLICT::Coding region xref gene does not exist
plasmid_files/CP021861.1_results/PROKKA_06292018:CDS	hypothetical protein	CP021861.1:c38390-37848	APMGAMMO_00047

DiscRep_SUB:FEATURE_LOCATION_CONFLICT::Coding region xref gene does not exist
plasmid_files/CP021861.1_results/PROKKA_06292018:CDS	hypothetical protein	CP021861.1:38937-39125	APMGAMMO_00048

DiscRep_SUB:FEATURE_LOCATION_CONFLICT::Coding region xref gene does not exist
plasmid_files/CP021861.1_results/PROKKA_06292018:CDS	hypothetical protein	CP021861.1:39135-40334	APMGAMMO_00049

DiscRep_SUB:FEATURE_LOCATION_CONFLICT::Coding region xref gene does not exist
plasmid_files/CP021861.1_results/PROKKA_06292018:CDS	Chaperone protein DnaJ	CP021861.1:c40697-40449	APMGAMMO_00050

DiscRep_SUB:FEATURE_LOCATION_CONFLICT::Coding region xref gene does not exist
plasmid_files/CP021861.1_results/PROKKA_06292018:CDS	hypothetical protein	CP021861.1:c41430-41101	APMGAMMO_00051

DiscRep_SUB:FEATURE_LOCATION_CONFLICT::Coding region xref gene does not exist
plasmid_files/CP021861.1_results/PROKKA_06292018:CDS	Iron-sulfur cluster carrier protein	CP021861.1:42017-42682	APMGAMMO_00052

DiscRep_SUB:FEATURE_LOCATION_CONFLICT::Coding region xref gene does not exist
plasmid_files/CP021861.1_results/PROKKA_06292018:CDS	hypothetical protein	CP021861.1:42756-43040	APMGAMMO_00053

DiscRep_SUB:FEATURE_LOCATION_CONFLICT::Coding region xref gene does not exist
plasmid_files/CP021861.1_results/PROKKA_06292018:CDS	RNA chaperone ProQ	CP021861.1:c43630-43058	APMGAMMO_00054

DiscRep_SUB:FEATURE_LOCATION_CONFLICT::Coding region xref gene does not exist
plasmid_files/CP021861.1_results/PROKKA_06292018:CDS	Protein FlmC	CP021861.1:c44023-43808	APMGAMMO_00055

DiscRep_SUB:FEATURE_LOCATION_CONFLICT::Coding region xref gene does not exist
plasmid_files/CP021861.1_results/PROKKA_06292018:CDS	hypothetical protein	CP021861.1:c44320-44159	APMGAMMO_00056

DiscRep_SUB:FEATURE_LOCATION_CONFLICT::Coding region xref gene does not exist
plasmid_files/CP021861.1_results/PROKKA_06292018:CDS	Replication initiation protein	CP021861.1:c46402-45374	APMGAMMO_00057

DiscRep_SUB:FEATURE_LOCATION_CONFLICT::Coding region xref gene does not exist
plasmid_files/CP021861.1_results/PROKKA_06292018:CDS	hypothetical protein	CP021861.1:47534-47986	APMGAMMO_00058

DiscRep_SUB:FEATURE_LOCATION_CONFLICT::Coding region xref gene does not exist
plasmid_files/CP021861.1_results/PROKKA_06292018:CDS	Double-strand break reduction protein	CP021861.1:47979-48173	APMGAMMO_00059

DiscRep_SUB:FEATURE_LOCATION_CONFLICT::Coding region xref gene does not exist
plasmid_files/CP021861.1_results/PROKKA_06292018:CDS	Protein QmcA	CP021861.1:48195-49172	APMGAMMO_00060

DiscRep_SUB:FEATURE_LOCATION_CONFLICT::Coding region xref gene does not exist
plasmid_files/CP021861.1_results/PROKKA_06292018:CDS	Beta-lactamase TEM	CP021861.1:c50182-49322	APMGAMMO_00061

DiscRep_SUB:FEATURE_LOCATION_CONFLICT::Coding region xref gene does not exist
plasmid_files/CP021861.1_results/PROKKA_06292018:CDS	Transposon Tn3 resolvase	CP021861.1:c50616-50365	APMGAMMO_00062

DiscRep_SUB:FEATURE_LOCATION_CONFLICT::Coding region xref gene does not exist
plasmid_files/CP021861.1_results/PROKKA_06292018:CDS	Beta-lactamase OXA-18	CP021861.1:c51706-50882	APMGAMMO_00063

DiscRep_SUB:FEATURE_LOCATION_CONFLICT::Coding region xref gene does not exist
plasmid_files/CP021861.1_results/PROKKA_06292018:CDS	Streptomycin 3''-adenylyltransferase	CP021861.1:c52542-51766	APMGAMMO_00064

DiscRep_SUB:FEATURE_LOCATION_CONFLICT::Coding region xref gene does not exist
plasmid_files/CP021861.1_results/PROKKA_06292018:CDS	Aminoglycoside N(6')-acetyltransferase type 1	CP021861.1:c53229-52624	APMGAMMO_00065

DiscRep_SUB:FEATURE_LOCATION_CONFLICT::Coding region xref gene does not exist
plasmid_files/CP021861.1_results/PROKKA_06292018:CDS	Transposon Tn3 resolvase	CP021861.1:c53969-53412	APMGAMMO_00066

DiscRep_SUB:FEATURE_LOCATION_CONFLICT::Coding region xref gene does not exist
plasmid_files/CP021861.1_results/PROKKA_06292018:CDS	hypothetical protein	CP021861.1:54133-55041	APMGAMMO_00067

DiscRep_SUB:FEATURE_LOCATION_CONFLICT::Coding region xref gene does not exist
plasmid_files/CP021861.1_results/PROKKA_06292018:CDS	Tyrosine recombinase XerD	CP021861.1:c56799-55084	APMGAMMO_00068

DiscRep_SUB:FEATURE_LOCATION_CONFLICT::Coding region xref gene does not exist
plasmid_files/CP021861.1_results/PROKKA_06292018:CDS	hypothetical protein	CP021861.1:56909-59938	APMGAMMO_00069

DiscRep_SUB:FEATURE_LOCATION_CONFLICT::Coding region xref gene does not exist
plasmid_files/CP021861.1_results/PROKKA_06292018:CDS	hypothetical protein	CP021861.1:60045-61070	APMGAMMO_00070

DiscRep_SUB:FEATURE_LOCATION_CONFLICT::Coding region xref gene does not exist
plasmid_files/CP021861.1_results/PROKKA_06292018:CDS	Insertion sequence IS5376 putative ATP-binding protein	CP021861.1:61067-61846	APMGAMMO_00071

DiscRep_SUB:FEATURE_LOCATION_CONFLICT::Coding region xref gene does not exist
plasmid_files/CP021861.1_results/PROKKA_06292018:CDS	hypothetical protein	CP021861.1:61843-62181	APMGAMMO_00072

DiscRep_SUB:FEATURE_LOCATION_CONFLICT::Coding region xref gene does not exist
plasmid_files/CP021861.1_results/PROKKA_06292018:CDS	Carbapenem-hydrolyzing beta-lactamase KPC	CP021861.1:62233-63114	APMGAMMO_00073

DiscRep_SUB:FEATURE_LOCATION_CONFLICT::Coding region xref gene does not exist
plasmid_files/CP021861.1_results/PROKKA_06292018:CDS	hypothetical protein	CP021861.1:c64683-63364	APMGAMMO_00074

DiscRep_SUB:FEATURE_LOCATION_CONFLICT::Coding region xref gene does not exist
plasmid_files/CP021861.1_results/PROKKA_06292018:CDS	hypothetical protein	CP021861.1:65002-67149	APMGAMMO_00075

DiscRep_SUB:FEATURE_LOCATION_CONFLICT::Coding region xref gene does not exist
plasmid_files/CP021861.1_results/PROKKA_06292018:CDS	hypothetical protein	CP021861.1:67263-67562	APMGAMMO_00076

DiscRep_SUB:FEATURE_LOCATION_CONFLICT::Coding region xref gene does not exist
plasmid_files/CP021861.1_results/PROKKA_06292018:CDS	Inner membrane protein YbbJ	CP021861.1:67565-68008	APMGAMMO_00077

DiscRep_SUB:FEATURE_LOCATION_CONFLICT::Coding region xref gene does not exist
plasmid_files/CP021861.1_results/PROKKA_06292018:CDS	hypothetical protein	CP021861.1:68012-68182	APMGAMMO_00078

DiscRep_SUB:FEATURE_LOCATION_CONFLICT::Coding region xref gene does not exist
plasmid_files/CP021861.1_results/PROKKA_06292018:CDS	hypothetical protein	CP021861.1:68193-68855	APMGAMMO_00079

DiscRep_SUB:FEATURE_LOCATION_CONFLICT::Coding region xref gene does not exist
plasmid_files/CP021861.1_results/PROKKA_06292018:CDS	hypothetical protein	CP021861.1:68824-69006	APMGAMMO_00080

DiscRep_SUB:FEATURE_LOCATION_CONFLICT::Coding region xref gene does not exist
plasmid_files/CP021861.1_results/PROKKA_06292018:CDS	hypothetical protein	CP021861.1:69039-69254	APMGAMMO_00081

DiscRep_SUB:FEATURE_LOCATION_CONFLICT::Coding region xref gene does not exist
plasmid_files/CP021861.1_results/PROKKA_06292018:CDS	hypothetical protein	CP021861.1:69270-69572	APMGAMMO_00082

DiscRep_SUB:FEATURE_LOCATION_CONFLICT::Coding region xref gene does not exist
plasmid_files/CP021861.1_results/PROKKA_06292018:CDS	hypothetical protein	CP021861.1:69569-69826	APMGAMMO_00083

DiscRep_SUB:FEATURE_LOCATION_CONFLICT::Coding region xref gene does not exist
plasmid_files/CP021861.1_results/PROKKA_06292018:CDS	hypothetical protein	CP021861.1:69830-70816	APMGAMMO_00084

DiscRep_SUB:FEATURE_LOCATION_CONFLICT::Coding region xref gene does not exist
plasmid_files/CP021861.1_results/PROKKA_06292018:CDS	hypothetical protein	CP021861.1:70822-71469	APMGAMMO_00085

DiscRep_SUB:FEATURE_LOCATION_CONFLICT::Coding region xref gene does not exist
plasmid_files/CP021861.1_results/PROKKA_06292018:CDS	hypothetical protein	CP021861.1:71473-71709	APMGAMMO_00086

DiscRep_SUB:FEATURE_LOCATION_CONFLICT::Coding region xref gene does not exist
plasmid_files/CP021861.1_results/PROKKA_06292018:CDS	DNA primase TraC	CP021861.1:c72565-71756	APMGAMMO_00087

DiscRep_SUB:FEATURE_LOCATION_CONFLICT::Coding region xref gene does not exist
plasmid_files/CP021861.1_results/PROKKA_06292018:CDS	hypothetical protein	CP021861.1:72613-73245	APMGAMMO_00088

DiscRep_SUB:FEATURE_LOCATION_CONFLICT::Coding region xref gene does not exist
plasmid_files/CP021861.1_results/PROKKA_06292018:CDS	hypothetical protein	CP021861.1:73312-73611	APMGAMMO_00089

DiscRep_SUB:FEATURE_LOCATION_CONFLICT::Coding region xref gene does not exist
plasmid_files/CP021861.1_results/PROKKA_06292018:CDS	hypothetical protein	CP021861.1:73614-74849	APMGAMMO_00090

DiscRep_SUB:FEATURE_LOCATION_CONFLICT::Coding region xref gene does not exist
plasmid_files/CP021861.1_results/PROKKA_06292018:CDS	hypothetical protein	CP021861.1:74855-75292	APMGAMMO_00091

DiscRep_SUB:FEATURE_LOCATION_CONFLICT::Coding region xref gene does not exist
plasmid_files/CP021861.1_results/PROKKA_06292018:CDS	hypothetical protein	CP021861.1:75313-75474	APMGAMMO_00092

DiscRep_SUB:FEATURE_LOCATION_CONFLICT::Coding region xref gene does not exist
plasmid_files/CP021861.1_results/PROKKA_06292018:CDS	hypothetical protein	CP021861.1:75632-76030	APMGAMMO_00093

DiscRep_SUB:FEATURE_LOCATION_CONFLICT::Coding region xref gene does not exist
plasmid_files/CP021861.1_results/PROKKA_06292018:CDS	Type IV secretion system protein virB1	CP021861.1:76051-76635	APMGAMMO_00094

DiscRep_SUB:FEATURE_LOCATION_CONFLICT::Coding region xref gene does not exist
plasmid_files/CP021861.1_results/PROKKA_06292018:CDS	hypothetical protein	CP021861.1:76635-76925	APMGAMMO_00095

DiscRep_SUB:FEATURE_LOCATION_CONFLICT::Coding region xref gene does not exist
plasmid_files/CP021861.1_results/PROKKA_06292018:CDS	hypothetical protein	CP021861.1:77032-77316	APMGAMMO_00096

DiscRep_ALL:DISC_QUALITY_SCORES::Quality scores are missing on all sequences.

DiscRep_ALL:ONCALLER_COMMENT_PRESENT::1 comment descriptors were found (all same)
plasmid_files/CP021861.1_results/PROKKA_06292018:CP021861.1:Annotated using prokka 1.14-dev from https://github.com/tseemann/prokka

DiscRep_ALL:SHORT_PROT_SEQUENCES::1 protein sequences are shorter than 50 aa.
plasmid_files/CP021861.1_results/PROKKA_06292018:CP021861.1_38 (length 44)

DiscRep_ALL:MISSING_GENOMEASSEMBLY_COMMENTS::1 bioseqs are missing GenomeAssembly structured comments
plasmid_files/CP021861.1_results/PROKKA_06292018:CP021861.1 (length 79489)

DiscRep_ALL:MOLTYPE_NOT_MRNA::1 molecule types are not set as mRNA.
plasmid_files/CP021861.1_results/PROKKA_06292018:CP021861.1 (length 79489)

DiscRep_ALL:TECHNIQUE_NOT_TSA::1 technique are not set as TSA
plasmid_files/CP021861.1_results/PROKKA_06292018:CP021861.1 (length 79489)

DiscRep_ALL:MISSING_STRUCTURED_COMMENT::1 sequences do not include structured comments.
plasmid_files/CP021861.1_results/PROKKA_06292018:CP021861.1 (length 79489)

DiscRep_ALL:MISSING_PROJECT::97 sequences do not include project.
plasmid_files/CP021861.1_results/PROKKA_06292018:CP021861.1 (length 79489)
plasmid_files/CP021861.1_results/PROKKA_06292018:CP021861.1_1 (length 61)
plasmid_files/CP021861.1_results/PROKKA_06292018:CP021861.1_2 (length 244)
plasmid_files/CP021861.1_results/PROKKA_06292018:CP021861.1_3 (length 256)
plasmid_files/CP021861.1_results/PROKKA_06292018:CP021861.1_4 (length 379)
plasmid_files/CP021861.1_results/PROKKA_06292018:CP021861.1_5 (length 351)
plasmid_files/CP021861.1_results/PROKKA_06292018:CP021861.1_6 (length 652)
plasmid_files/CP021861.1_results/PROKKA_06292018:CP021861.1_7 (length 172)
plasmid_files/CP021861.1_results/PROKKA_06292018:CP021861.1_8 (length 547)
plasmid_files/CP021861.1_results/PROKKA_06292018:CP021861.1_9 (length 436)
plasmid_files/CP021861.1_results/PROKKA_06292018:CP021861.1_10 (length 171)
plasmid_files/CP021861.1_results/PROKKA_06292018:CP021861.1_11 (length 512)
plasmid_files/CP021861.1_results/PROKKA_06292018:CP021861.1_12 (length 369)
plasmid_files/CP021861.1_results/PROKKA_06292018:CP021861.1_13 (length 185)
plasmid_files/CP021861.1_results/PROKKA_06292018:CP021861.1_14 (length 160)
plasmid_files/CP021861.1_results/PROKKA_06292018:CP021861.1_15 (length 211)
plasmid_files/CP021861.1_results/PROKKA_06292018:CP021861.1_16 (length 428)
plasmid_files/CP021861.1_results/PROKKA_06292018:CP021861.1_17 (length 374)
plasmid_files/CP021861.1_results/PROKKA_06292018:CP021861.1_18 (length 217)
plasmid_files/CP021861.1_results/PROKKA_06292018:CP021861.1_19 (length 172)
plasmid_files/CP021861.1_results/PROKKA_06292018:CP021861.1_20 (length 134)
plasmid_files/CP021861.1_results/PROKKA_06292018:CP021861.1_21 (length 195)
plasmid_files/CP021861.1_results/PROKKA_06292018:CP021861.1_22 (length 721)
plasmid_files/CP021861.1_results/PROKKA_06292018:CP021861.1_23 (length 68)
plasmid_files/CP021861.1_results/PROKKA_06292018:CP021861.1_24 (length 143)
plasmid_files/CP021861.1_results/PROKKA_06292018:CP021861.1_25 (length 146)
plasmid_files/CP021861.1_results/PROKKA_06292018:CP021861.1_26 (length 1413)
plasmid_files/CP021861.1_results/PROKKA_06292018:CP021861.1_27 (length 113)
plasmid_files/CP021861.1_results/PROKKA_06292018:CP021861.1_28 (length 133)
plasmid_files/CP021861.1_results/PROKKA_06292018:CP021861.1_29 (length 250)
plasmid_files/CP021861.1_results/PROKKA_06292018:CP021861.1_30 (length 243)
plasmid_files/CP021861.1_results/PROKKA_06292018:CP021861.1_31 (length 139)
plasmid_files/CP021861.1_results/PROKKA_06292018:CP021861.1_32 (length 87)
plasmid_files/CP021861.1_results/PROKKA_06292018:CP021861.1_33 (length 171)
plasmid_files/CP021861.1_results/PROKKA_06292018:CP021861.1_34 (length 106)
plasmid_files/CP021861.1_results/PROKKA_06292018:CP021861.1_35 (length 145)
plasmid_files/CP021861.1_results/PROKKA_06292018:CP021861.1_36 (length 60)
plasmid_files/CP021861.1_results/PROKKA_06292018:CP021861.1_37 (length 147)
plasmid_files/CP021861.1_results/PROKKA_06292018:CP021861.1_38 (length 44)
plasmid_files/CP021861.1_results/PROKKA_06292018:CP021861.1_39 (length 86)
plasmid_files/CP021861.1_results/PROKKA_06292018:CP021861.1_40 (length 79)
plasmid_files/CP021861.1_results/PROKKA_06292018:CP021861.1_41 (length 86)
plasmid_files/CP021861.1_results/PROKKA_06292018:CP021861.1_42 (length 74)
plasmid_files/CP021861.1_results/PROKKA_06292018:CP021861.1_43 (length 69)
plasmid_files/CP021861.1_results/PROKKA_06292018:CP021861.1_44 (length 107)
plasmid_files/CP021861.1_results/PROKKA_06292018:CP021861.1_45 (length 80)
plasmid_files/CP021861.1_results/PROKKA_06292018:CP021861.1_46 (length 84)
plasmid_files/CP021861.1_results/PROKKA_06292018:CP021861.1_47 (length 180)
plasmid_files/CP021861.1_results/PROKKA_06292018:CP021861.1_48 (length 62)
plasmid_files/CP021861.1_results/PROKKA_06292018:CP021861.1_49 (length 399)
plasmid_files/CP021861.1_results/PROKKA_06292018:CP021861.1_50 (length 82)
plasmid_files/CP021861.1_results/PROKKA_06292018:CP021861.1_51 (length 109)
plasmid_files/CP021861.1_results/PROKKA_06292018:CP021861.1_52 (length 221)
plasmid_files/CP021861.1_results/PROKKA_06292018:CP021861.1_53 (length 94)
plasmid_files/CP021861.1_results/PROKKA_06292018:CP021861.1_54 (length 190)
plasmid_files/CP021861.1_results/PROKKA_06292018:CP021861.1_55 (length 71)
plasmid_files/CP021861.1_results/PROKKA_06292018:CP021861.1_56 (length 53)
plasmid_files/CP021861.1_results/PROKKA_06292018:CP021861.1_57 (length 342)
plasmid_files/CP021861.1_results/PROKKA_06292018:CP021861.1_58 (length 150)
plasmid_files/CP021861.1_results/PROKKA_06292018:CP021861.1_59 (length 64)
plasmid_files/CP021861.1_results/PROKKA_06292018:CP021861.1_60 (length 325)
plasmid_files/CP021861.1_results/PROKKA_06292018:CP021861.1_61 (length 286)
plasmid_files/CP021861.1_results/PROKKA_06292018:CP021861.1_62 (length 83)
plasmid_files/CP021861.1_results/PROKKA_06292018:CP021861.1_63 (length 274)
plasmid_files/CP021861.1_results/PROKKA_06292018:CP021861.1_64 (length 258)
plasmid_files/CP021861.1_results/PROKKA_06292018:CP021861.1_65 (length 201)
plasmid_files/CP021861.1_results/PROKKA_06292018:CP021861.1_66 (length 185)
plasmid_files/CP021861.1_results/PROKKA_06292018:CP021861.1_67 (length 302)
plasmid_files/CP021861.1_results/PROKKA_06292018:CP021861.1_68 (length 571)
plasmid_files/CP021861.1_results/PROKKA_06292018:CP021861.1_69 (length 1009)
plasmid_files/CP021861.1_results/PROKKA_06292018:CP021861.1_70 (length 341)
plasmid_files/CP021861.1_results/PROKKA_06292018:CP021861.1_71 (length 259)
plasmid_files/CP021861.1_results/PROKKA_06292018:CP021861.1_72 (length 112)
plasmid_files/CP021861.1_results/PROKKA_06292018:CP021861.1_73 (length 293)
plasmid_files/CP021861.1_results/PROKKA_06292018:CP021861.1_74 (length 439)
plasmid_files/CP021861.1_results/PROKKA_06292018:CP021861.1_75 (length 715)
plasmid_files/CP021861.1_results/PROKKA_06292018:CP021861.1_76 (length 99)
plasmid_files/CP021861.1_results/PROKKA_06292018:CP021861.1_77 (length 147)
plasmid_files/CP021861.1_results/PROKKA_06292018:CP021861.1_78 (length 56)
plasmid_files/CP021861.1_results/PROKKA_06292018:CP021861.1_79 (length 220)
plasmid_files/CP021861.1_results/PROKKA_06292018:CP021861.1_80 (length 60)
plasmid_files/CP021861.1_results/PROKKA_06292018:CP021861.1_81 (length 71)
plasmid_files/CP021861.1_results/PROKKA_06292018:CP021861.1_82 (length 100)
plasmid_files/CP021861.1_results/PROKKA_06292018:CP021861.1_83 (length 85)
plasmid_files/CP021861.1_results/PROKKA_06292018:CP021861.1_84 (length 328)
plasmid_files/CP021861.1_results/PROKKA_06292018:CP021861.1_85 (length 215)
plasmid_files/CP021861.1_results/PROKKA_06292018:CP021861.1_86 (length 78)
plasmid_files/CP021861.1_results/PROKKA_06292018:CP021861.1_87 (length 269)
plasmid_files/CP021861.1_results/PROKKA_06292018:CP021861.1_88 (length 210)
plasmid_files/CP021861.1_results/PROKKA_06292018:CP021861.1_89 (length 99)
plasmid_files/CP021861.1_results/PROKKA_06292018:CP021861.1_90 (length 411)
plasmid_files/CP021861.1_results/PROKKA_06292018:CP021861.1_91 (length 145)
plasmid_files/CP021861.1_results/PROKKA_06292018:CP021861.1_92 (length 53)
plasmid_files/CP021861.1_results/PROKKA_06292018:CP021861.1_93 (length 132)
plasmid_files/CP021861.1_results/PROKKA_06292018:CP021861.1_94 (length 194)
plasmid_files/CP021861.1_results/PROKKA_06292018:CP021861.1_95 (length 96)
plasmid_files/CP021861.1_results/PROKKA_06292018:CP021861.1_96 (length 94)

DiscRep_ALL:DISC_INCONSISTENT_MOLINFO_TECH::Molinfo Technique Report (some missing, all same)
DiscRep_SUB:DISC_INCONSISTENT_MOLINFO_TECH::technique (all missing)
DiscRep_SUB:DISC_INCONSISTENT_MOLINFO_TECH::1 Molinfos are missing field technique
plasmid_files/CP021861.1_results/PROKKA_06292018:CP021861.1 (length 79489)

