Discrepancy Report Results

Summary
FATAL: MISSING_PROTEIN_ID:14 proteins have invalid IDs.
DISC_SOURCE_QUALS_ASNDISC:strain (all present, all unique)
DISC_SOURCE_QUALS_ASNDISC:taxname (all present, all unique)
DISC_FEATURE_COUNT:CDS: 14 present
DISC_COUNT_NUCLEOTIDES:1 nucleotide Bioseqs are present
FEATURE_LOCATION_CONFLICT:14 features have inconsistent gene locations.
DISC_QUALITY_SCORES:Quality scores are missing on all sequences.
ONCALLER_COMMENT_PRESENT:1 comment descriptors were found (all same)
MISSING_GENOMEASSEMBLY_COMMENTS:1 bioseqs are missing GenomeAssembly structured comments
MOLTYPE_NOT_MRNA:1 molecule types are not set as mRNA.
TECHNIQUE_NOT_TSA:1 technique are not set as TSA
MISSING_STRUCTURED_COMMENT:1 sequences do not include structured comments.
MISSING_PROJECT:15 sequences do not include project.
DISC_INCONSISTENT_MOLINFO_TECH:Molinfo Technique Report (some missing, all same)


Detailed Report

FATAL: DiscRep_ALL:MISSING_PROTEIN_ID::14 proteins have invalid IDs.
plasmid_files/KT922274.1_results/PROKKA_06292018:KT922274.1_1 (length 157)
plasmid_files/KT922274.1_results/PROKKA_06292018:KT922274.1_2 (length 64)
plasmid_files/KT922274.1_results/PROKKA_06292018:KT922274.1_3 (length 988)
plasmid_files/KT922274.1_results/PROKKA_06292018:KT922274.1_4 (length 186)
plasmid_files/KT922274.1_results/PROKKA_06292018:KT922274.1_5 (length 186)
plasmid_files/KT922274.1_results/PROKKA_06292018:KT922274.1_6 (length 92)
plasmid_files/KT922274.1_results/PROKKA_06292018:KT922274.1_7 (length 141)
plasmid_files/KT922274.1_results/PROKKA_06292018:KT922274.1_8 (length 51)
plasmid_files/KT922274.1_results/PROKKA_06292018:KT922274.1_9 (length 98)
plasmid_files/KT922274.1_results/PROKKA_06292018:KT922274.1_10 (length 326)
plasmid_files/KT922274.1_results/PROKKA_06292018:KT922274.1_11 (length 293)
plasmid_files/KT922274.1_results/PROKKA_06292018:KT922274.1_12 (length 171)
plasmid_files/KT922274.1_results/PROKKA_06292018:KT922274.1_13 (length 234)
plasmid_files/KT922274.1_results/PROKKA_06292018:KT922274.1_14 (length 73)

DiscRep_ALL:DISC_SOURCE_QUALS_ASNDISC::strain (all present, all unique)
DiscRep_SUB:DISC_SOURCE_QUALS_ASNDISC::1 sources have unique values for strain
DiscRep_ALL:DISC_SOURCE_QUALS_ASNDISC::taxname (all present, all unique)
DiscRep_SUB:DISC_SOURCE_QUALS_ASNDISC::1 sources have unique values for taxname
DiscRep_ALL:DISC_FEATURE_COUNT::CDS: 14 present
DiscRep_ALL:DISC_COUNT_NUCLEOTIDES::1 nucleotide Bioseqs are present
plasmid_files/KT922274.1_results/PROKKA_06292018:KT922274.1 (length 11957)

DiscRep_ALL:FEATURE_LOCATION_CONFLICT::14 features have inconsistent gene locations.
DiscRep_SUB:FEATURE_LOCATION_CONFLICT::Coding region xref gene does not exist
plasmid_files/KT922274.1_results/PROKKA_06292018:CDS	hypothetical protein	KT922274.1:529-1002	JOABCOPL_00001

DiscRep_SUB:FEATURE_LOCATION_CONFLICT::Coding region xref gene does not exist
plasmid_files/KT922274.1_results/PROKKA_06292018:CDS	hypothetical protein	KT922274.1:c1398-1204	JOABCOPL_00002

DiscRep_SUB:FEATURE_LOCATION_CONFLICT::Coding region xref gene does not exist
plasmid_files/KT922274.1_results/PROKKA_06292018:CDS	hypothetical protein	KT922274.1:c4506-1540	JOABCOPL_00003

DiscRep_SUB:FEATURE_LOCATION_CONFLICT::Coding region xref gene does not exist
plasmid_files/KT922274.1_results/PROKKA_06292018:CDS	DNA-invertase hin	KT922274.1:c5070-4510	JOABCOPL_00004

DiscRep_SUB:FEATURE_LOCATION_CONFLICT::Coding region xref gene does not exist
plasmid_files/KT922274.1_results/PROKKA_06292018:CDS	hypothetical protein	KT922274.1:5519-6079	JOABCOPL_00005

DiscRep_SUB:FEATURE_LOCATION_CONFLICT::Coding region xref gene does not exist
plasmid_files/KT922274.1_results/PROKKA_06292018:CDS	hypothetical protein	KT922274.1:6532-6810	JOABCOPL_00006

DiscRep_SUB:FEATURE_LOCATION_CONFLICT::Coding region xref gene does not exist
plasmid_files/KT922274.1_results/PROKKA_06292018:CDS	Antirestriction protein KlcA	KT922274.1:6921-7346	JOABCOPL_00007

DiscRep_SUB:FEATURE_LOCATION_CONFLICT::Coding region xref gene does not exist
plasmid_files/KT922274.1_results/PROKKA_06292018:CDS	hypothetical protein	KT922274.1:7474-7629	JOABCOPL_00008

DiscRep_SUB:FEATURE_LOCATION_CONFLICT::Coding region xref gene does not exist
plasmid_files/KT922274.1_results/PROKKA_06292018:CDS	hypothetical protein	KT922274.1:7676-7972	JOABCOPL_00009

DiscRep_SUB:FEATURE_LOCATION_CONFLICT::Coding region xref gene does not exist
plasmid_files/KT922274.1_results/PROKKA_06292018:CDS	hypothetical protein	KT922274.1:7977-8957	JOABCOPL_00010

DiscRep_SUB:FEATURE_LOCATION_CONFLICT::Coding region xref gene does not exist
plasmid_files/KT922274.1_results/PROKKA_06292018:CDS	Carbapenem-hydrolyzing beta-lactamase KPC	KT922274.1:c10088-9207	JOABCOPL_00011

DiscRep_SUB:FEATURE_LOCATION_CONFLICT::Coding region xref gene does not exist
plasmid_files/KT922274.1_results/PROKKA_06292018:CDS	hypothetical protein	KT922274.1:c10879-10364	JOABCOPL_00012

DiscRep_SUB:FEATURE_LOCATION_CONFLICT::Coding region xref gene does not exist
plasmid_files/KT922274.1_results/PROKKA_06292018:CDS	hypothetical protein	KT922274.1:c11623-10919	JOABCOPL_00013

DiscRep_SUB:FEATURE_LOCATION_CONFLICT::Coding region xref gene does not exist
plasmid_files/KT922274.1_results/PROKKA_06292018:CDS	hypothetical protein	KT922274.1:c11891-11670	JOABCOPL_00014

DiscRep_ALL:DISC_QUALITY_SCORES::Quality scores are missing on all sequences.

DiscRep_ALL:ONCALLER_COMMENT_PRESENT::1 comment descriptors were found (all same)
plasmid_files/KT922274.1_results/PROKKA_06292018:KT922274.1:Annotated using prokka 1.14-dev from https://github.com/tseemann/prokka

DiscRep_ALL:MISSING_GENOMEASSEMBLY_COMMENTS::1 bioseqs are missing GenomeAssembly structured comments
plasmid_files/KT922274.1_results/PROKKA_06292018:KT922274.1 (length 11957)

DiscRep_ALL:MOLTYPE_NOT_MRNA::1 molecule types are not set as mRNA.
plasmid_files/KT922274.1_results/PROKKA_06292018:KT922274.1 (length 11957)

DiscRep_ALL:TECHNIQUE_NOT_TSA::1 technique are not set as TSA
plasmid_files/KT922274.1_results/PROKKA_06292018:KT922274.1 (length 11957)

DiscRep_ALL:MISSING_STRUCTURED_COMMENT::1 sequences do not include structured comments.
plasmid_files/KT922274.1_results/PROKKA_06292018:KT922274.1 (length 11957)

DiscRep_ALL:MISSING_PROJECT::15 sequences do not include project.
plasmid_files/KT922274.1_results/PROKKA_06292018:KT922274.1 (length 11957)
plasmid_files/KT922274.1_results/PROKKA_06292018:KT922274.1_1 (length 157)
plasmid_files/KT922274.1_results/PROKKA_06292018:KT922274.1_2 (length 64)
plasmid_files/KT922274.1_results/PROKKA_06292018:KT922274.1_3 (length 988)
plasmid_files/KT922274.1_results/PROKKA_06292018:KT922274.1_4 (length 186)
plasmid_files/KT922274.1_results/PROKKA_06292018:KT922274.1_5 (length 186)
plasmid_files/KT922274.1_results/PROKKA_06292018:KT922274.1_6 (length 92)
plasmid_files/KT922274.1_results/PROKKA_06292018:KT922274.1_7 (length 141)
plasmid_files/KT922274.1_results/PROKKA_06292018:KT922274.1_8 (length 51)
plasmid_files/KT922274.1_results/PROKKA_06292018:KT922274.1_9 (length 98)
plasmid_files/KT922274.1_results/PROKKA_06292018:KT922274.1_10 (length 326)
plasmid_files/KT922274.1_results/PROKKA_06292018:KT922274.1_11 (length 293)
plasmid_files/KT922274.1_results/PROKKA_06292018:KT922274.1_12 (length 171)
plasmid_files/KT922274.1_results/PROKKA_06292018:KT922274.1_13 (length 234)
plasmid_files/KT922274.1_results/PROKKA_06292018:KT922274.1_14 (length 73)

DiscRep_ALL:DISC_INCONSISTENT_MOLINFO_TECH::Molinfo Technique Report (some missing, all same)
DiscRep_SUB:DISC_INCONSISTENT_MOLINFO_TECH::technique (all missing)
DiscRep_SUB:DISC_INCONSISTENT_MOLINFO_TECH::1 Molinfos are missing field technique
plasmid_files/KT922274.1_results/PROKKA_06292018:KT922274.1 (length 11957)

