Discrepancy Report Results

Summary
FATAL: MISSING_PROTEIN_ID:93 proteins have invalid IDs.
DISC_SOURCE_QUALS_ASNDISC:strain (all present, all unique)
DISC_SOURCE_QUALS_ASNDISC:taxname (all present, all unique)
DISC_FEATURE_COUNT:CDS: 93 present
DISC_COUNT_NUCLEOTIDES:1 nucleotide Bioseqs are present
FEATURE_LOCATION_CONFLICT:93 features have inconsistent gene locations.
SUSPECT_PRODUCT_NAMES:1 product_names contain suspect phrase or characters
	May contain database identifier more appropriate in note; remove from product name
		1 features Three or more numbers together
DISC_QUALITY_SCORES:Quality scores are missing on all sequences.
ONCALLER_COMMENT_PRESENT:1 comment descriptors were found (all same)
MISSING_GENOMEASSEMBLY_COMMENTS:1 bioseqs are missing GenomeAssembly structured comments
MOLTYPE_NOT_MRNA:1 molecule types are not set as mRNA.
TECHNIQUE_NOT_TSA:1 technique are not set as TSA
MISSING_STRUCTURED_COMMENT:1 sequences do not include structured comments.
MISSING_PROJECT:94 sequences do not include project.
DISC_INCONSISTENT_MOLINFO_TECH:Molinfo Technique Report (some missing, all same)


Detailed Report

FATAL: DiscRep_ALL:MISSING_PROTEIN_ID::93 proteins have invalid IDs.
plasmid_files/CP018989.1_results/PROKKA_06292018:CP018989.1_1 (length 206)
plasmid_files/CP018989.1_results/PROKKA_06292018:CP018989.1_2 (length 119)
plasmid_files/CP018989.1_results/PROKKA_06292018:CP018989.1_3 (length 119)
plasmid_files/CP018989.1_results/PROKKA_06292018:CP018989.1_4 (length 70)
plasmid_files/CP018989.1_results/PROKKA_06292018:CP018989.1_5 (length 394)
plasmid_files/CP018989.1_results/PROKKA_06292018:CP018989.1_6 (length 439)
plasmid_files/CP018989.1_results/PROKKA_06292018:CP018989.1_7 (length 293)
plasmid_files/CP018989.1_results/PROKKA_06292018:CP018989.1_8 (length 259)
plasmid_files/CP018989.1_results/PROKKA_06292018:CP018989.1_9 (length 341)
plasmid_files/CP018989.1_results/PROKKA_06292018:CP018989.1_10 (length 1009)
plasmid_files/CP018989.1_results/PROKKA_06292018:CP018989.1_11 (length 571)
plasmid_files/CP018989.1_results/PROKKA_06292018:CP018989.1_12 (length 51)
plasmid_files/CP018989.1_results/PROKKA_06292018:CP018989.1_13 (length 330)
plasmid_files/CP018989.1_results/PROKKA_06292018:CP018989.1_14 (length 53)
plasmid_files/CP018989.1_results/PROKKA_06292018:CP018989.1_15 (length 203)
plasmid_files/CP018989.1_results/PROKKA_06292018:CP018989.1_16 (length 187)
plasmid_files/CP018989.1_results/PROKKA_06292018:CP018989.1_17 (length 285)
plasmid_files/CP018989.1_results/PROKKA_06292018:CP018989.1_18 (length 83)
plasmid_files/CP018989.1_results/PROKKA_06292018:CP018989.1_19 (length 186)
plasmid_files/CP018989.1_results/PROKKA_06292018:CP018989.1_20 (length 102)
plasmid_files/CP018989.1_results/PROKKA_06292018:CP018989.1_21 (length 216)
plasmid_files/CP018989.1_results/PROKKA_06292018:CP018989.1_22 (length 214)
plasmid_files/CP018989.1_results/PROKKA_06292018:CP018989.1_23 (length 198)
plasmid_files/CP018989.1_results/PROKKA_06292018:CP018989.1_24 (length 197)
plasmid_files/CP018989.1_results/PROKKA_06292018:CP018989.1_25 (length 241)
plasmid_files/CP018989.1_results/PROKKA_06292018:CP018989.1_26 (length 1753)
plasmid_files/CP018989.1_results/PROKKA_06292018:CP018989.1_27 (length 770)
plasmid_files/CP018989.1_results/PROKKA_06292018:CP018989.1_28 (length 229)
plasmid_files/CP018989.1_results/PROKKA_06292018:CP018989.1_29 (length 243)
plasmid_files/CP018989.1_results/PROKKA_06292018:CP018989.1_30 (length 182)
plasmid_files/CP018989.1_results/PROKKA_06292018:CP018989.1_31 (length 949)
plasmid_files/CP018989.1_results/PROKKA_06292018:CP018989.1_32 (length 455)
plasmid_files/CP018989.1_results/PROKKA_06292018:CP018989.1_33 (length 147)
plasmid_files/CP018989.1_results/PROKKA_06292018:CP018989.1_34 (length 185)
plasmid_files/CP018989.1_results/PROKKA_06292018:CP018989.1_35 (length 79)
plasmid_files/CP018989.1_results/PROKKA_06292018:CP018989.1_36 (length 250)
plasmid_files/CP018989.1_results/PROKKA_06292018:CP018989.1_37 (length 108)
plasmid_files/CP018989.1_results/PROKKA_06292018:CP018989.1_38 (length 88)
plasmid_files/CP018989.1_results/PROKKA_06292018:CP018989.1_39 (length 84)
plasmid_files/CP018989.1_results/PROKKA_06292018:CP018989.1_40 (length 210)
plasmid_files/CP018989.1_results/PROKKA_06292018:CP018989.1_41 (length 234)
plasmid_files/CP018989.1_results/PROKKA_06292018:CP018989.1_42 (length 352)
plasmid_files/CP018989.1_results/PROKKA_06292018:CP018989.1_43 (length 228)
plasmid_files/CP018989.1_results/PROKKA_06292018:CP018989.1_44 (length 245)
plasmid_files/CP018989.1_results/PROKKA_06292018:CP018989.1_45 (length 489)
plasmid_files/CP018989.1_results/PROKKA_06292018:CP018989.1_46 (length 234)
plasmid_files/CP018989.1_results/PROKKA_06292018:CP018989.1_47 (length 86)
plasmid_files/CP018989.1_results/PROKKA_06292018:CP018989.1_48 (length 128)
plasmid_files/CP018989.1_results/PROKKA_06292018:CP018989.1_49 (length 63)
plasmid_files/CP018989.1_results/PROKKA_06292018:CP018989.1_50 (length 59)
plasmid_files/CP018989.1_results/PROKKA_06292018:CP018989.1_51 (length 251)
plasmid_files/CP018989.1_results/PROKKA_06292018:CP018989.1_52 (length 234)
plasmid_files/CP018989.1_results/PROKKA_06292018:CP018989.1_53 (length 78)
plasmid_files/CP018989.1_results/PROKKA_06292018:CP018989.1_54 (length 121)
plasmid_files/CP018989.1_results/PROKKA_06292018:CP018989.1_55 (length 561)
plasmid_files/CP018989.1_results/PROKKA_06292018:CP018989.1_56 (length 141)
plasmid_files/CP018989.1_results/PROKKA_06292018:CP018989.1_57 (length 91)
plasmid_files/CP018989.1_results/PROKKA_06292018:CP018989.1_58 (length 121)
plasmid_files/CP018989.1_results/PROKKA_06292018:CP018989.1_59 (length 151)
plasmid_files/CP018989.1_results/PROKKA_06292018:CP018989.1_60 (length 73)
plasmid_files/CP018989.1_results/PROKKA_06292018:CP018989.1_61 (length 175)
plasmid_files/CP018989.1_results/PROKKA_06292018:CP018989.1_62 (length 143)
plasmid_files/CP018989.1_results/PROKKA_06292018:CP018989.1_63 (length 58)
plasmid_files/CP018989.1_results/PROKKA_06292018:CP018989.1_64 (length 321)
plasmid_files/CP018989.1_results/PROKKA_06292018:CP018989.1_65 (length 494)
plasmid_files/CP018989.1_results/PROKKA_06292018:CP018989.1_66 (length 143)
plasmid_files/CP018989.1_results/PROKKA_06292018:CP018989.1_67 (length 423)
plasmid_files/CP018989.1_results/PROKKA_06292018:CP018989.1_68 (length 324)
plasmid_files/CP018989.1_results/PROKKA_06292018:CP018989.1_69 (length 401)
plasmid_files/CP018989.1_results/PROKKA_06292018:CP018989.1_70 (length 89)
plasmid_files/CP018989.1_results/PROKKA_06292018:CP018989.1_71 (length 288)
plasmid_files/CP018989.1_results/PROKKA_06292018:CP018989.1_72 (length 85)
plasmid_files/CP018989.1_results/PROKKA_06292018:CP018989.1_73 (length 258)
plasmid_files/CP018989.1_results/PROKKA_06292018:CP018989.1_74 (length 247)
plasmid_files/CP018989.1_results/PROKKA_06292018:CP018989.1_75 (length 116)
plasmid_files/CP018989.1_results/PROKKA_06292018:CP018989.1_76 (length 76)
plasmid_files/CP018989.1_results/PROKKA_06292018:CP018989.1_77 (length 138)
plasmid_files/CP018989.1_results/PROKKA_06292018:CP018989.1_78 (length 236)
plasmid_files/CP018989.1_results/PROKKA_06292018:CP018989.1_79 (length 91)
plasmid_files/CP018989.1_results/PROKKA_06292018:CP018989.1_80 (length 125)
plasmid_files/CP018989.1_results/PROKKA_06292018:CP018989.1_81 (length 140)
plasmid_files/CP018989.1_results/PROKKA_06292018:CP018989.1_82 (length 564)
plasmid_files/CP018989.1_results/PROKKA_06292018:CP018989.1_83 (length 120)
plasmid_files/CP018989.1_results/PROKKA_06292018:CP018989.1_84 (length 78)
plasmid_files/CP018989.1_results/PROKKA_06292018:CP018989.1_85 (length 235)
plasmid_files/CP018989.1_results/PROKKA_06292018:CP018989.1_86 (length 422)
plasmid_files/CP018989.1_results/PROKKA_06292018:CP018989.1_87 (length 136)
plasmid_files/CP018989.1_results/PROKKA_06292018:CP018989.1_88 (length 286)
plasmid_files/CP018989.1_results/PROKKA_06292018:CP018989.1_89 (length 83)
plasmid_files/CP018989.1_results/PROKKA_06292018:CP018989.1_90 (length 119)
plasmid_files/CP018989.1_results/PROKKA_06292018:CP018989.1_91 (length 111)
plasmid_files/CP018989.1_results/PROKKA_06292018:CP018989.1_92 (length 234)
plasmid_files/CP018989.1_results/PROKKA_06292018:CP018989.1_93 (length 965)

DiscRep_ALL:DISC_SOURCE_QUALS_ASNDISC::strain (all present, all unique)
DiscRep_SUB:DISC_SOURCE_QUALS_ASNDISC::1 sources have unique values for strain
DiscRep_ALL:DISC_SOURCE_QUALS_ASNDISC::taxname (all present, all unique)
DiscRep_SUB:DISC_SOURCE_QUALS_ASNDISC::1 sources have unique values for taxname
DiscRep_ALL:DISC_FEATURE_COUNT::CDS: 93 present
DiscRep_ALL:DISC_COUNT_NUCLEOTIDES::1 nucleotide Bioseqs are present
plasmid_files/CP018989.1_results/PROKKA_06292018:CP018989.1 (length 85865)

DiscRep_ALL:FEATURE_LOCATION_CONFLICT::93 features have inconsistent gene locations.
DiscRep_SUB:FEATURE_LOCATION_CONFLICT::Coding region xref gene does not exist
plasmid_files/CP018989.1_results/PROKKA_06292018:CDS	Putative transposon Tn552 DNA-invertase bin3	CP018989.1:1-621	PCFEOEIA_00001

DiscRep_SUB:FEATURE_LOCATION_CONFLICT::Coding region xref gene does not exist
plasmid_files/CP018989.1_results/PROKKA_06292018:CDS	hypothetical protein	CP018989.1:771-1130	PCFEOEIA_00002

DiscRep_SUB:FEATURE_LOCATION_CONFLICT::Coding region xref gene does not exist
plasmid_files/CP018989.1_results/PROKKA_06292018:CDS	hypothetical protein	CP018989.1:c2146-1787	PCFEOEIA_00003

DiscRep_SUB:FEATURE_LOCATION_CONFLICT::Coding region xref gene does not exist
plasmid_files/CP018989.1_results/PROKKA_06292018:CDS	hypothetical protein	CP018989.1:c2530-2318	PCFEOEIA_00004

DiscRep_SUB:FEATURE_LOCATION_CONFLICT::Coding region xref gene does not exist
plasmid_files/CP018989.1_results/PROKKA_06292018:CDS	hypothetical protein	CP018989.1:2650-3834	PCFEOEIA_00005

DiscRep_SUB:FEATURE_LOCATION_CONFLICT::Coding region xref gene does not exist
plasmid_files/CP018989.1_results/PROKKA_06292018:CDS	hypothetical protein	CP018989.1:4111-5430	PCFEOEIA_00006

DiscRep_SUB:FEATURE_LOCATION_CONFLICT::Coding region xref gene does not exist
plasmid_files/CP018989.1_results/PROKKA_06292018:CDS	Carbapenem-hydrolyzing beta-lactamase KPC	CP018989.1:c6561-5680	PCFEOEIA_00007

DiscRep_SUB:FEATURE_LOCATION_CONFLICT::Coding region xref gene does not exist
plasmid_files/CP018989.1_results/PROKKA_06292018:CDS	Insertion sequence IS5376 putative ATP-binding protein	CP018989.1:c7628-6849	PCFEOEIA_00008

DiscRep_SUB:FEATURE_LOCATION_CONFLICT::Coding region xref gene does not exist
plasmid_files/CP018989.1_results/PROKKA_06292018:CDS	hypothetical protein	CP018989.1:c8650-7625	PCFEOEIA_00009

DiscRep_SUB:FEATURE_LOCATION_CONFLICT::Coding region xref gene does not exist
plasmid_files/CP018989.1_results/PROKKA_06292018:CDS	hypothetical protein	CP018989.1:c11786-8757	PCFEOEIA_00010

DiscRep_SUB:FEATURE_LOCATION_CONFLICT::Coding region xref gene does not exist
plasmid_files/CP018989.1_results/PROKKA_06292018:CDS	Tyrosine recombinase XerD	CP018989.1:11896-13611	PCFEOEIA_00011

DiscRep_SUB:FEATURE_LOCATION_CONFLICT::Coding region xref gene does not exist
plasmid_files/CP018989.1_results/PROKKA_06292018:CDS	hypothetical protein	CP018989.1:13906-14061	PCFEOEIA_00012

DiscRep_SUB:FEATURE_LOCATION_CONFLICT::Coding region xref gene does not exist
plasmid_files/CP018989.1_results/PROKKA_06292018:CDS	hypothetical protein	CP018989.1:14110-15102	PCFEOEIA_00013

DiscRep_SUB:FEATURE_LOCATION_CONFLICT::Coding region xref gene does not exist
plasmid_files/CP018989.1_results/PROKKA_06292018:CDS	hypothetical protein	CP018989.1:15129-15290	PCFEOEIA_00014

DiscRep_SUB:FEATURE_LOCATION_CONFLICT::Coding region xref gene does not exist
plasmid_files/CP018989.1_results/PROKKA_06292018:CDS	hypothetical protein	CP018989.1:c16110-15499	PCFEOEIA_00015

DiscRep_SUB:FEATURE_LOCATION_CONFLICT::Coding region xref gene does not exist
plasmid_files/CP018989.1_results/PROKKA_06292018:CDS	RNA chaperone ProQ	CP018989.1:c16657-16094	PCFEOEIA_00016

DiscRep_SUB:FEATURE_LOCATION_CONFLICT::Coding region xref gene does not exist
plasmid_files/CP018989.1_results/PROKKA_06292018:CDS	hypothetical protein	CP018989.1:c18733-17876	PCFEOEIA_00017

DiscRep_SUB:FEATURE_LOCATION_CONFLICT::Coding region xref gene does not exist
plasmid_files/CP018989.1_results/PROKKA_06292018:CDS	hypothetical protein	CP018989.1:c19286-19035	PCFEOEIA_00018

DiscRep_SUB:FEATURE_LOCATION_CONFLICT::Coding region xref gene does not exist
plasmid_files/CP018989.1_results/PROKKA_06292018:CDS	Phospholipase D	CP018989.1:c19982-19422	PCFEOEIA_00019

DiscRep_SUB:FEATURE_LOCATION_CONFLICT::Coding region xref gene does not exist
plasmid_files/CP018989.1_results/PROKKA_06292018:CDS	hypothetical protein	CP018989.1:c20385-20077	PCFEOEIA_00020

DiscRep_SUB:FEATURE_LOCATION_CONFLICT::Coding region xref gene does not exist
plasmid_files/CP018989.1_results/PROKKA_06292018:CDS	hypothetical protein	CP018989.1:c21032-20382	PCFEOEIA_00021

DiscRep_SUB:FEATURE_LOCATION_CONFLICT::Coding region xref gene does not exist
plasmid_files/CP018989.1_results/PROKKA_06292018:CDS	hypothetical protein	CP018989.1:c21732-21088	PCFEOEIA_00022

DiscRep_SUB:FEATURE_LOCATION_CONFLICT::Coding region xref gene does not exist
plasmid_files/CP018989.1_results/PROKKA_06292018:CDS	hypothetical protein	CP018989.1:c22378-21782	PCFEOEIA_00023

DiscRep_SUB:FEATURE_LOCATION_CONFLICT::Coding region xref gene does not exist
plasmid_files/CP018989.1_results/PROKKA_06292018:CDS	Fertility inhibition protein	CP018989.1:c23138-22545	PCFEOEIA_00024

DiscRep_SUB:FEATURE_LOCATION_CONFLICT::Coding region xref gene does not exist
plasmid_files/CP018989.1_results/PROKKA_06292018:CDS	hypothetical protein	CP018989.1:c23935-23210	PCFEOEIA_00025

DiscRep_SUB:FEATURE_LOCATION_CONFLICT::Coding region xref gene does not exist
plasmid_files/CP018989.1_results/PROKKA_06292018:CDS	Multifunctional conjugation protein TraI	CP018989.1:c29277-24016	PCFEOEIA_00026

DiscRep_SUB:FEATURE_LOCATION_CONFLICT::Coding region xref gene does not exist
plasmid_files/CP018989.1_results/PROKKA_06292018:CDS	Coupling protein TraD	CP018989.1:c31589-29277	PCFEOEIA_00027

DiscRep_SUB:FEATURE_LOCATION_CONFLICT::Coding region xref gene does not exist
plasmid_files/CP018989.1_results/PROKKA_06292018:CDS	hypothetical protein	CP018989.1:c32407-31718	PCFEOEIA_00028

DiscRep_SUB:FEATURE_LOCATION_CONFLICT::Coding region xref gene does not exist
plasmid_files/CP018989.1_results/PROKKA_06292018:CDS	Lipoprotein YlpA	CP018989.1:c33330-32599	PCFEOEIA_00029

DiscRep_SUB:FEATURE_LOCATION_CONFLICT::Coding region xref gene does not exist
plasmid_files/CP018989.1_results/PROKKA_06292018:CDS	Protein TraS	CP018989.1:c34062-33514	PCFEOEIA_00030

DiscRep_SUB:FEATURE_LOCATION_CONFLICT::Coding region xref gene does not exist
plasmid_files/CP018989.1_results/PROKKA_06292018:CDS	hypothetical protein	CP018989.1:c36924-34075	PCFEOEIA_00031

DiscRep_SUB:FEATURE_LOCATION_CONFLICT::Coding region xref gene does not exist
plasmid_files/CP018989.1_results/PROKKA_06292018:CDS	hypothetical protein	CP018989.1:c38291-36924	PCFEOEIA_00032

DiscRep_SUB:FEATURE_LOCATION_CONFLICT::Coding region xref gene does not exist
plasmid_files/CP018989.1_results/PROKKA_06292018:CDS	hypothetical protein	CP018989.1:c38724-38281	PCFEOEIA_00033

DiscRep_SUB:FEATURE_LOCATION_CONFLICT::Coding region xref gene does not exist
plasmid_files/CP018989.1_results/PROKKA_06292018:CDS	hypothetical protein	CP018989.1:c39327-38770	PCFEOEIA_00034

DiscRep_SUB:FEATURE_LOCATION_CONFLICT::Coding region xref gene does not exist
plasmid_files/CP018989.1_results/PROKKA_06292018:CDS	Protein TraQ	CP018989.1:c39538-39299	PCFEOEIA_00035

DiscRep_SUB:FEATURE_LOCATION_CONFLICT::Coding region xref gene does not exist
plasmid_files/CP018989.1_results/PROKKA_06292018:CDS	hypothetical protein	CP018989.1:c40301-39549	PCFEOEIA_00036

DiscRep_SUB:FEATURE_LOCATION_CONFLICT::Coding region xref gene does not exist
plasmid_files/CP018989.1_results/PROKKA_06292018:CDS	hypothetical protein	CP018989.1:c40648-40322	PCFEOEIA_00037

DiscRep_SUB:FEATURE_LOCATION_CONFLICT::Coding region xref gene does not exist
plasmid_files/CP018989.1_results/PROKKA_06292018:CDS	hypothetical protein	CP018989.1:c40927-40661	PCFEOEIA_00038

DiscRep_SUB:FEATURE_LOCATION_CONFLICT::Coding region xref gene does not exist
plasmid_files/CP018989.1_results/PROKKA_06292018:CDS	hypothetical protein	CP018989.1:c41141-40887	PCFEOEIA_00039

DiscRep_SUB:FEATURE_LOCATION_CONFLICT::Coding region xref gene does not exist
plasmid_files/CP018989.1_results/PROKKA_06292018:CDS	hypothetical protein	CP018989.1:c41805-41173	PCFEOEIA_00040

DiscRep_SUB:FEATURE_LOCATION_CONFLICT::Coding region xref gene does not exist
plasmid_files/CP018989.1_results/PROKKA_06292018:CDS	hypothetical protein	CP018989.1:c42614-41910	PCFEOEIA_00041

DiscRep_SUB:FEATURE_LOCATION_CONFLICT::Coding region xref gene does not exist
plasmid_files/CP018989.1_results/PROKKA_06292018:CDS	hypothetical protein	CP018989.1:c43817-42759	PCFEOEIA_00042

DiscRep_SUB:FEATURE_LOCATION_CONFLICT::Coding region xref gene does not exist
plasmid_files/CP018989.1_results/PROKKA_06292018:CDS	6-hydroxy-3-succinoylpyridine 3-monooxygenase HspA	CP018989.1:44406-45092	PCFEOEIA_00043

DiscRep_SUB:FEATURE_LOCATION_CONFLICT::Coding region xref gene does not exist
plasmid_files/CP018989.1_results/PROKKA_06292018:CDS	hypothetical protein	CP018989.1:45230-45967	PCFEOEIA_00044

DiscRep_SUB:FEATURE_LOCATION_CONFLICT::Coding region xref gene does not exist
plasmid_files/CP018989.1_results/PROKKA_06292018:CDS	hypothetical protein	CP018989.1:c47956-46487	PCFEOEIA_00045

DiscRep_SUB:FEATURE_LOCATION_CONFLICT::Coding region xref gene does not exist
plasmid_files/CP018989.1_results/PROKKA_06292018:CDS	hypothetical protein	CP018989.1:48427-49131	PCFEOEIA_00046

DiscRep_SUB:FEATURE_LOCATION_CONFLICT::Coding region xref gene does not exist
plasmid_files/CP018989.1_results/PROKKA_06292018:CDS	hypothetical protein	CP018989.1:c49337-49077	PCFEOEIA_00047

DiscRep_SUB:FEATURE_LOCATION_CONFLICT::Coding region xref gene does not exist
plasmid_files/CP018989.1_results/PROKKA_06292018:CDS	hypothetical protein	CP018989.1:49883-50269	PCFEOEIA_00048

DiscRep_SUB:FEATURE_LOCATION_CONFLICT::Coding region xref gene does not exist
plasmid_files/CP018989.1_results/PROKKA_06292018:CDS	hypothetical protein	CP018989.1:50278-50469	PCFEOEIA_00049

DiscRep_SUB:FEATURE_LOCATION_CONFLICT::Coding region xref gene does not exist
plasmid_files/CP018989.1_results/PROKKA_06292018:CDS	hypothetical protein	CP018989.1:c50659-50480	PCFEOEIA_00050

DiscRep_SUB:FEATURE_LOCATION_CONFLICT::Coding region xref gene does not exist
plasmid_files/CP018989.1_results/PROKKA_06292018:CDS	Replication initiation protein	CP018989.1:51481-52236	PCFEOEIA_00051

DiscRep_SUB:FEATURE_LOCATION_CONFLICT::Coding region xref gene does not exist
plasmid_files/CP018989.1_results/PROKKA_06292018:CDS	hypothetical protein	CP018989.1:52501-53205	PCFEOEIA_00052

DiscRep_SUB:FEATURE_LOCATION_CONFLICT::Coding region xref gene does not exist
plasmid_files/CP018989.1_results/PROKKA_06292018:CDS	hypothetical protein	CP018989.1:c53552-53316	PCFEOEIA_00053

DiscRep_SUB:FEATURE_LOCATION_CONFLICT::Coding region xref gene does not exist
plasmid_files/CP018989.1_results/PROKKA_06292018:CDS	hypothetical protein	CP018989.1:c53914-53549	PCFEOEIA_00054

DiscRep_SUB:FEATURE_LOCATION_CONFLICT::Coding region xref gene does not exist
plasmid_files/CP018989.1_results/PROKKA_06292018:CDS	Mercuric reductase	CP018989.1:c55617-53932	PCFEOEIA_00055

DiscRep_SUB:FEATURE_LOCATION_CONFLICT::Coding region xref gene does not exist
plasmid_files/CP018989.1_results/PROKKA_06292018:CDS	Mercuric transport protein MerC	CP018989.1:c56081-55656	PCFEOEIA_00056

DiscRep_SUB:FEATURE_LOCATION_CONFLICT::Coding region xref gene does not exist
plasmid_files/CP018989.1_results/PROKKA_06292018:CDS	Mercuric transport protein periplasmic component	CP018989.1:c56384-56109	PCFEOEIA_00057

DiscRep_SUB:FEATURE_LOCATION_CONFLICT::Coding region xref gene does not exist
plasmid_files/CP018989.1_results/PROKKA_06292018:CDS	Mercuric transport protein MerT	CP018989.1:c56765-56400	PCFEOEIA_00058

DiscRep_SUB:FEATURE_LOCATION_CONFLICT::Coding region xref gene does not exist
plasmid_files/CP018989.1_results/PROKKA_06292018:CDS	Mercuric resistance operon regulatory protein	CP018989.1:56837-57292	PCFEOEIA_00059

DiscRep_SUB:FEATURE_LOCATION_CONFLICT::Coding region xref gene does not exist
plasmid_files/CP018989.1_results/PROKKA_06292018:CDS	hypothetical protein	CP018989.1:57338-57559	PCFEOEIA_00060

DiscRep_SUB:FEATURE_LOCATION_CONFLICT::Coding region xref gene does not exist
plasmid_files/CP018989.1_results/PROKKA_06292018:CDS	Phospholipase D	CP018989.1:57552-58079	PCFEOEIA_00061

DiscRep_SUB:FEATURE_LOCATION_CONFLICT::Coding region xref gene does not exist
plasmid_files/CP018989.1_results/PROKKA_06292018:CDS	hypothetical protein	CP018989.1:c58543-58112	PCFEOEIA_00062

DiscRep_SUB:FEATURE_LOCATION_CONFLICT::Coding region xref gene does not exist
plasmid_files/CP018989.1_results/PROKKA_06292018:CDS	hypothetical protein	CP018989.1:c58851-58675	PCFEOEIA_00063

DiscRep_SUB:FEATURE_LOCATION_CONFLICT::Coding region xref gene does not exist
plasmid_files/CP018989.1_results/PROKKA_06292018:CDS	DNA primase TraC	CP018989.1:c59988-59023	PCFEOEIA_00064

DiscRep_SUB:FEATURE_LOCATION_CONFLICT::Coding region xref gene does not exist
plasmid_files/CP018989.1_results/PROKKA_06292018:CDS	Group II intron-encoded protein LtrA	CP018989.1:c61942-60458	PCFEOEIA_00065

DiscRep_SUB:FEATURE_LOCATION_CONFLICT::Coding region xref gene does not exist
plasmid_files/CP018989.1_results/PROKKA_06292018:CDS	Protein UmuD	CP018989.1:62351-62782	PCFEOEIA_00066

DiscRep_SUB:FEATURE_LOCATION_CONFLICT::Coding region xref gene does not exist
plasmid_files/CP018989.1_results/PROKKA_06292018:CDS	Protein UmuC	CP018989.1:62782-64053	PCFEOEIA_00067

DiscRep_SUB:FEATURE_LOCATION_CONFLICT::Coding region xref gene does not exist
plasmid_files/CP018989.1_results/PROKKA_06292018:CDS	Virulence regulon transcriptional activator VirB	CP018989.1:c65109-64135	PCFEOEIA_00068

DiscRep_SUB:FEATURE_LOCATION_CONFLICT::Coding region xref gene does not exist
plasmid_files/CP018989.1_results/PROKKA_06292018:CDS	Plasmid partition protein A	CP018989.1:c66314-65109	PCFEOEIA_00069

DiscRep_SUB:FEATURE_LOCATION_CONFLICT::Coding region xref gene does not exist
plasmid_files/CP018989.1_results/PROKKA_06292018:CDS	hypothetical protein	CP018989.1:66729-66998	PCFEOEIA_00070

DiscRep_SUB:FEATURE_LOCATION_CONFLICT::Coding region xref gene does not exist
plasmid_files/CP018989.1_results/PROKKA_06292018:CDS	Replication initiation protein	CP018989.1:c68221-67355	PCFEOEIA_00071

DiscRep_SUB:FEATURE_LOCATION_CONFLICT::Coding region xref gene does not exist
plasmid_files/CP018989.1_results/PROKKA_06292018:CDS	hypothetical protein	CP018989.1:68989-69246	PCFEOEIA_00072

DiscRep_SUB:FEATURE_LOCATION_CONFLICT::Coding region xref gene does not exist
plasmid_files/CP018989.1_results/PROKKA_06292018:CDS	Tyrosine recombinase XerD	CP018989.1:c70080-69304	PCFEOEIA_00073

DiscRep_SUB:FEATURE_LOCATION_CONFLICT::Coding region xref gene does not exist
plasmid_files/CP018989.1_results/PROKKA_06292018:CDS	hypothetical protein	CP018989.1:c70820-70077	PCFEOEIA_00074

DiscRep_SUB:FEATURE_LOCATION_CONFLICT::Coding region xref gene does not exist
plasmid_files/CP018989.1_results/PROKKA_06292018:CDS	hypothetical protein	CP018989.1:c71221-70871	PCFEOEIA_00075

DiscRep_SUB:FEATURE_LOCATION_CONFLICT::Coding region xref gene does not exist
plasmid_files/CP018989.1_results/PROKKA_06292018:CDS	Antitoxin VapB	CP018989.1:71783-72013	PCFEOEIA_00076

DiscRep_SUB:FEATURE_LOCATION_CONFLICT::Coding region xref gene does not exist
plasmid_files/CP018989.1_results/PROKKA_06292018:CDS	tRNA(fMet)-specific endonuclease VapC	CP018989.1:72010-72426	PCFEOEIA_00077

DiscRep_SUB:FEATURE_LOCATION_CONFLICT::Coding region xref gene does not exist
plasmid_files/CP018989.1_results/PROKKA_06292018:CDS	DNA replication and repair protein RecF	CP018989.1:72500-73210	PCFEOEIA_00078

DiscRep_SUB:FEATURE_LOCATION_CONFLICT::Coding region xref gene does not exist
plasmid_files/CP018989.1_results/PROKKA_06292018:CDS	hypothetical protein	CP018989.1:73244-73519	PCFEOEIA_00079

DiscRep_SUB:FEATURE_LOCATION_CONFLICT::Coding region xref gene does not exist
plasmid_files/CP018989.1_results/PROKKA_06292018:CDS	hypothetical protein	CP018989.1:73564-73941	PCFEOEIA_00080

DiscRep_SUB:FEATURE_LOCATION_CONFLICT::Coding region xref gene does not exist
plasmid_files/CP018989.1_results/PROKKA_06292018:CDS	Mercuric transport protein MerC	CP018989.1:74103-74525	PCFEOEIA_00081

DiscRep_SUB:FEATURE_LOCATION_CONFLICT::Coding region xref gene does not exist
plasmid_files/CP018989.1_results/PROKKA_06292018:CDS	Mercuric reductase	CP018989.1:74577-76271	PCFEOEIA_00082

DiscRep_SUB:FEATURE_LOCATION_CONFLICT::Coding region xref gene does not exist
plasmid_files/CP018989.1_results/PROKKA_06292018:CDS	HTH-type transcriptional activator mta	CP018989.1:76289-76651	PCFEOEIA_00083

DiscRep_SUB:FEATURE_LOCATION_CONFLICT::Coding region xref gene does not exist
plasmid_files/CP018989.1_results/PROKKA_06292018:CDS	hypothetical protein	CP018989.1:76648-76884	PCFEOEIA_00084

DiscRep_SUB:FEATURE_LOCATION_CONFLICT::Coding region xref gene does not exist
plasmid_files/CP018989.1_results/PROKKA_06292018:CDS	putative signaling protein	CP018989.1:76881-77588	PCFEOEIA_00085

DiscRep_SUB:FEATURE_LOCATION_CONFLICT::Coding region xref gene does not exist
plasmid_files/CP018989.1_results/PROKKA_06292018:CDS	Transposon Tn7 transposition protein TnsB	CP018989.1:77663-78931	PCFEOEIA_00086

DiscRep_SUB:FEATURE_LOCATION_CONFLICT::Coding region xref gene does not exist
plasmid_files/CP018989.1_results/PROKKA_06292018:CDS	hypothetical protein	CP018989.1:78978-79388	PCFEOEIA_00087

DiscRep_SUB:FEATURE_LOCATION_CONFLICT::Coding region xref gene does not exist
plasmid_files/CP018989.1_results/PROKKA_06292018:CDS	Beta-lactamase TEM	CP018989.1:c80359-79499	PCFEOEIA_00088

DiscRep_SUB:FEATURE_LOCATION_CONFLICT::Coding region xref gene does not exist
plasmid_files/CP018989.1_results/PROKKA_06292018:CDS	Transposon Tn3 resolvase	CP018989.1:c80793-80542	PCFEOEIA_00089

DiscRep_SUB:FEATURE_LOCATION_CONFLICT::Coding region xref gene does not exist
plasmid_files/CP018989.1_results/PROKKA_06292018:CDS	Beta-lactamase OXA-18	CP018989.1:c81418-81059	PCFEOEIA_00090

DiscRep_SUB:FEATURE_LOCATION_CONFLICT::Coding region xref gene does not exist
plasmid_files/CP018989.1_results/PROKKA_06292018:CDS	Beta-lactamase OXA-18	CP018989.1:c81883-81548	PCFEOEIA_00091

DiscRep_SUB:FEATURE_LOCATION_CONFLICT::Coding region xref gene does not exist
plasmid_files/CP018989.1_results/PROKKA_06292018:CDS	hypothetical protein	CP018989.1:c82807-82103	PCFEOEIA_00092

DiscRep_SUB:FEATURE_LOCATION_CONFLICT::Coding region xref gene does not exist
plasmid_files/CP018989.1_results/PROKKA_06292018:CDS	hypothetical protein	CP018989.1:82880-85777	PCFEOEIA_00093

DiscRep_ALL:SUSPECT_PRODUCT_NAMES::1 product_names contain suspect phrase or characters
DiscRep_SUB:SUSPECT_PRODUCT_NAMES::May contain database identifier more appropriate in note; remove from product name
DiscRep_SUB:SUSPECT_PRODUCT_NAMES::1 features Three or more numbers together
plasmid_files/CP018989.1_results/PROKKA_06292018:CDS	Putative transposon Tn552 DNA-invertase bin3	CP018989.1:1-621	PCFEOEIA_00001

DiscRep_ALL:DISC_QUALITY_SCORES::Quality scores are missing on all sequences.

DiscRep_ALL:ONCALLER_COMMENT_PRESENT::1 comment descriptors were found (all same)
plasmid_files/CP018989.1_results/PROKKA_06292018:CP018989.1:Annotated using prokka 1.14-dev from https://github.com/tseemann/prokka

DiscRep_ALL:MISSING_GENOMEASSEMBLY_COMMENTS::1 bioseqs are missing GenomeAssembly structured comments
plasmid_files/CP018989.1_results/PROKKA_06292018:CP018989.1 (length 85865)

DiscRep_ALL:MOLTYPE_NOT_MRNA::1 molecule types are not set as mRNA.
plasmid_files/CP018989.1_results/PROKKA_06292018:CP018989.1 (length 85865)

DiscRep_ALL:TECHNIQUE_NOT_TSA::1 technique are not set as TSA
plasmid_files/CP018989.1_results/PROKKA_06292018:CP018989.1 (length 85865)

DiscRep_ALL:MISSING_STRUCTURED_COMMENT::1 sequences do not include structured comments.
plasmid_files/CP018989.1_results/PROKKA_06292018:CP018989.1 (length 85865)

DiscRep_ALL:MISSING_PROJECT::94 sequences do not include project.
plasmid_files/CP018989.1_results/PROKKA_06292018:CP018989.1 (length 85865)
plasmid_files/CP018989.1_results/PROKKA_06292018:CP018989.1_1 (length 206)
plasmid_files/CP018989.1_results/PROKKA_06292018:CP018989.1_2 (length 119)
plasmid_files/CP018989.1_results/PROKKA_06292018:CP018989.1_3 (length 119)
plasmid_files/CP018989.1_results/PROKKA_06292018:CP018989.1_4 (length 70)
plasmid_files/CP018989.1_results/PROKKA_06292018:CP018989.1_5 (length 394)
plasmid_files/CP018989.1_results/PROKKA_06292018:CP018989.1_6 (length 439)
plasmid_files/CP018989.1_results/PROKKA_06292018:CP018989.1_7 (length 293)
plasmid_files/CP018989.1_results/PROKKA_06292018:CP018989.1_8 (length 259)
plasmid_files/CP018989.1_results/PROKKA_06292018:CP018989.1_9 (length 341)
plasmid_files/CP018989.1_results/PROKKA_06292018:CP018989.1_10 (length 1009)
plasmid_files/CP018989.1_results/PROKKA_06292018:CP018989.1_11 (length 571)
plasmid_files/CP018989.1_results/PROKKA_06292018:CP018989.1_12 (length 51)
plasmid_files/CP018989.1_results/PROKKA_06292018:CP018989.1_13 (length 330)
plasmid_files/CP018989.1_results/PROKKA_06292018:CP018989.1_14 (length 53)
plasmid_files/CP018989.1_results/PROKKA_06292018:CP018989.1_15 (length 203)
plasmid_files/CP018989.1_results/PROKKA_06292018:CP018989.1_16 (length 187)
plasmid_files/CP018989.1_results/PROKKA_06292018:CP018989.1_17 (length 285)
plasmid_files/CP018989.1_results/PROKKA_06292018:CP018989.1_18 (length 83)
plasmid_files/CP018989.1_results/PROKKA_06292018:CP018989.1_19 (length 186)
plasmid_files/CP018989.1_results/PROKKA_06292018:CP018989.1_20 (length 102)
plasmid_files/CP018989.1_results/PROKKA_06292018:CP018989.1_21 (length 216)
plasmid_files/CP018989.1_results/PROKKA_06292018:CP018989.1_22 (length 214)
plasmid_files/CP018989.1_results/PROKKA_06292018:CP018989.1_23 (length 198)
plasmid_files/CP018989.1_results/PROKKA_06292018:CP018989.1_24 (length 197)
plasmid_files/CP018989.1_results/PROKKA_06292018:CP018989.1_25 (length 241)
plasmid_files/CP018989.1_results/PROKKA_06292018:CP018989.1_26 (length 1753)
plasmid_files/CP018989.1_results/PROKKA_06292018:CP018989.1_27 (length 770)
plasmid_files/CP018989.1_results/PROKKA_06292018:CP018989.1_28 (length 229)
plasmid_files/CP018989.1_results/PROKKA_06292018:CP018989.1_29 (length 243)
plasmid_files/CP018989.1_results/PROKKA_06292018:CP018989.1_30 (length 182)
plasmid_files/CP018989.1_results/PROKKA_06292018:CP018989.1_31 (length 949)
plasmid_files/CP018989.1_results/PROKKA_06292018:CP018989.1_32 (length 455)
plasmid_files/CP018989.1_results/PROKKA_06292018:CP018989.1_33 (length 147)
plasmid_files/CP018989.1_results/PROKKA_06292018:CP018989.1_34 (length 185)
plasmid_files/CP018989.1_results/PROKKA_06292018:CP018989.1_35 (length 79)
plasmid_files/CP018989.1_results/PROKKA_06292018:CP018989.1_36 (length 250)
plasmid_files/CP018989.1_results/PROKKA_06292018:CP018989.1_37 (length 108)
plasmid_files/CP018989.1_results/PROKKA_06292018:CP018989.1_38 (length 88)
plasmid_files/CP018989.1_results/PROKKA_06292018:CP018989.1_39 (length 84)
plasmid_files/CP018989.1_results/PROKKA_06292018:CP018989.1_40 (length 210)
plasmid_files/CP018989.1_results/PROKKA_06292018:CP018989.1_41 (length 234)
plasmid_files/CP018989.1_results/PROKKA_06292018:CP018989.1_42 (length 352)
plasmid_files/CP018989.1_results/PROKKA_06292018:CP018989.1_43 (length 228)
plasmid_files/CP018989.1_results/PROKKA_06292018:CP018989.1_44 (length 245)
plasmid_files/CP018989.1_results/PROKKA_06292018:CP018989.1_45 (length 489)
plasmid_files/CP018989.1_results/PROKKA_06292018:CP018989.1_46 (length 234)
plasmid_files/CP018989.1_results/PROKKA_06292018:CP018989.1_47 (length 86)
plasmid_files/CP018989.1_results/PROKKA_06292018:CP018989.1_48 (length 128)
plasmid_files/CP018989.1_results/PROKKA_06292018:CP018989.1_49 (length 63)
plasmid_files/CP018989.1_results/PROKKA_06292018:CP018989.1_50 (length 59)
plasmid_files/CP018989.1_results/PROKKA_06292018:CP018989.1_51 (length 251)
plasmid_files/CP018989.1_results/PROKKA_06292018:CP018989.1_52 (length 234)
plasmid_files/CP018989.1_results/PROKKA_06292018:CP018989.1_53 (length 78)
plasmid_files/CP018989.1_results/PROKKA_06292018:CP018989.1_54 (length 121)
plasmid_files/CP018989.1_results/PROKKA_06292018:CP018989.1_55 (length 561)
plasmid_files/CP018989.1_results/PROKKA_06292018:CP018989.1_56 (length 141)
plasmid_files/CP018989.1_results/PROKKA_06292018:CP018989.1_57 (length 91)
plasmid_files/CP018989.1_results/PROKKA_06292018:CP018989.1_58 (length 121)
plasmid_files/CP018989.1_results/PROKKA_06292018:CP018989.1_59 (length 151)
plasmid_files/CP018989.1_results/PROKKA_06292018:CP018989.1_60 (length 73)
plasmid_files/CP018989.1_results/PROKKA_06292018:CP018989.1_61 (length 175)
plasmid_files/CP018989.1_results/PROKKA_06292018:CP018989.1_62 (length 143)
plasmid_files/CP018989.1_results/PROKKA_06292018:CP018989.1_63 (length 58)
plasmid_files/CP018989.1_results/PROKKA_06292018:CP018989.1_64 (length 321)
plasmid_files/CP018989.1_results/PROKKA_06292018:CP018989.1_65 (length 494)
plasmid_files/CP018989.1_results/PROKKA_06292018:CP018989.1_66 (length 143)
plasmid_files/CP018989.1_results/PROKKA_06292018:CP018989.1_67 (length 423)
plasmid_files/CP018989.1_results/PROKKA_06292018:CP018989.1_68 (length 324)
plasmid_files/CP018989.1_results/PROKKA_06292018:CP018989.1_69 (length 401)
plasmid_files/CP018989.1_results/PROKKA_06292018:CP018989.1_70 (length 89)
plasmid_files/CP018989.1_results/PROKKA_06292018:CP018989.1_71 (length 288)
plasmid_files/CP018989.1_results/PROKKA_06292018:CP018989.1_72 (length 85)
plasmid_files/CP018989.1_results/PROKKA_06292018:CP018989.1_73 (length 258)
plasmid_files/CP018989.1_results/PROKKA_06292018:CP018989.1_74 (length 247)
plasmid_files/CP018989.1_results/PROKKA_06292018:CP018989.1_75 (length 116)
plasmid_files/CP018989.1_results/PROKKA_06292018:CP018989.1_76 (length 76)
plasmid_files/CP018989.1_results/PROKKA_06292018:CP018989.1_77 (length 138)
plasmid_files/CP018989.1_results/PROKKA_06292018:CP018989.1_78 (length 236)
plasmid_files/CP018989.1_results/PROKKA_06292018:CP018989.1_79 (length 91)
plasmid_files/CP018989.1_results/PROKKA_06292018:CP018989.1_80 (length 125)
plasmid_files/CP018989.1_results/PROKKA_06292018:CP018989.1_81 (length 140)
plasmid_files/CP018989.1_results/PROKKA_06292018:CP018989.1_82 (length 564)
plasmid_files/CP018989.1_results/PROKKA_06292018:CP018989.1_83 (length 120)
plasmid_files/CP018989.1_results/PROKKA_06292018:CP018989.1_84 (length 78)
plasmid_files/CP018989.1_results/PROKKA_06292018:CP018989.1_85 (length 235)
plasmid_files/CP018989.1_results/PROKKA_06292018:CP018989.1_86 (length 422)
plasmid_files/CP018989.1_results/PROKKA_06292018:CP018989.1_87 (length 136)
plasmid_files/CP018989.1_results/PROKKA_06292018:CP018989.1_88 (length 286)
plasmid_files/CP018989.1_results/PROKKA_06292018:CP018989.1_89 (length 83)
plasmid_files/CP018989.1_results/PROKKA_06292018:CP018989.1_90 (length 119)
plasmid_files/CP018989.1_results/PROKKA_06292018:CP018989.1_91 (length 111)
plasmid_files/CP018989.1_results/PROKKA_06292018:CP018989.1_92 (length 234)
plasmid_files/CP018989.1_results/PROKKA_06292018:CP018989.1_93 (length 965)

DiscRep_ALL:DISC_INCONSISTENT_MOLINFO_TECH::Molinfo Technique Report (some missing, all same)
DiscRep_SUB:DISC_INCONSISTENT_MOLINFO_TECH::technique (all missing)
DiscRep_SUB:DISC_INCONSISTENT_MOLINFO_TECH::1 Molinfos are missing field technique
plasmid_files/CP018989.1_results/PROKKA_06292018:CP018989.1 (length 85865)

