Discrepancy Report Results

Summary
FATAL: MISSING_PROTEIN_ID:63 proteins have invalid IDs.
DISC_SOURCE_QUALS_ASNDISC:strain (all present, all unique)
DISC_SOURCE_QUALS_ASNDISC:taxname (all present, all unique)
DISC_FEATURE_COUNT:CDS: 63 present
DISC_COUNT_NUCLEOTIDES:1 nucleotide Bioseqs are present
FEATURE_LOCATION_CONFLICT:63 features have inconsistent gene locations.
OVERLAPPING_CDS:2 coding regions overlap another coding region with a similar or identical name.
SUSPECT_PRODUCT_NAMES:1 product_names contain suspect phrase or characters
	May contain database identifier more appropriate in note; remove from product name
		1 features Three or more numbers together
DISC_QUALITY_SCORES:Quality scores are missing on all sequences.
ONCALLER_COMMENT_PRESENT:1 comment descriptors were found (all same)
SHORT_PROT_SEQUENCES:2 protein sequences are shorter than 50 aa.
MISSING_GENOMEASSEMBLY_COMMENTS:1 bioseqs are missing GenomeAssembly structured comments
MOLTYPE_NOT_MRNA:1 molecule types are not set as mRNA.
TECHNIQUE_NOT_TSA:1 technique are not set as TSA
MISSING_STRUCTURED_COMMENT:1 sequences do not include structured comments.
MISSING_PROJECT:64 sequences do not include project.
DISC_INCONSISTENT_MOLINFO_TECH:Molinfo Technique Report (some missing, all same)


Detailed Report

FATAL: DiscRep_ALL:MISSING_PROTEIN_ID::63 proteins have invalid IDs.
plasmid_files/KY659387.1_results/PROKKA_06292018:KY659387.1_1 (length 290)
plasmid_files/KY659387.1_results/PROKKA_06292018:KY659387.1_2 (length 147)
plasmid_files/KY659387.1_results/PROKKA_06292018:KY659387.1_3 (length 117)
plasmid_files/KY659387.1_results/PROKKA_06292018:KY659387.1_4 (length 94)
plasmid_files/KY659387.1_results/PROKKA_06292018:KY659387.1_5 (length 103)
plasmid_files/KY659387.1_results/PROKKA_06292018:KY659387.1_6 (length 94)
plasmid_files/KY659387.1_results/PROKKA_06292018:KY659387.1_7 (length 220)
plasmid_files/KY659387.1_results/PROKKA_06292018:KY659387.1_8 (length 220)
plasmid_files/KY659387.1_results/PROKKA_06292018:KY659387.1_9 (length 79)
plasmid_files/KY659387.1_results/PROKKA_06292018:KY659387.1_10 (length 65)
plasmid_files/KY659387.1_results/PROKKA_06292018:KY659387.1_11 (length 439)
plasmid_files/KY659387.1_results/PROKKA_06292018:KY659387.1_12 (length 293)
plasmid_files/KY659387.1_results/PROKKA_06292018:KY659387.1_13 (length 259)
plasmid_files/KY659387.1_results/PROKKA_06292018:KY659387.1_14 (length 341)
plasmid_files/KY659387.1_results/PROKKA_06292018:KY659387.1_15 (length 1009)
plasmid_files/KY659387.1_results/PROKKA_06292018:KY659387.1_16 (length 571)
plasmid_files/KY659387.1_results/PROKKA_06292018:KY659387.1_17 (length 234)
plasmid_files/KY659387.1_results/PROKKA_06292018:KY659387.1_18 (length 286)
plasmid_files/KY659387.1_results/PROKKA_06292018:KY659387.1_19 (length 253)
plasmid_files/KY659387.1_results/PROKKA_06292018:KY659387.1_20 (length 300)
plasmid_files/KY659387.1_results/PROKKA_06292018:KY659387.1_21 (length 210)
plasmid_files/KY659387.1_results/PROKKA_06292018:KY659387.1_22 (length 212)
plasmid_files/KY659387.1_results/PROKKA_06292018:KY659387.1_23 (length 1005)
plasmid_files/KY659387.1_results/PROKKA_06292018:KY659387.1_24 (length 177)
plasmid_files/KY659387.1_results/PROKKA_06292018:KY659387.1_25 (length 31)
plasmid_files/KY659387.1_results/PROKKA_06292018:KY659387.1_26 (length 48)
plasmid_files/KY659387.1_results/PROKKA_06292018:KY659387.1_27 (length 92)
plasmid_files/KY659387.1_results/PROKKA_06292018:KY659387.1_28 (length 91)
plasmid_files/KY659387.1_results/PROKKA_06292018:KY659387.1_29 (length 84)
plasmid_files/KY659387.1_results/PROKKA_06292018:KY659387.1_30 (length 273)
plasmid_files/KY659387.1_results/PROKKA_06292018:KY659387.1_31 (length 59)
plasmid_files/KY659387.1_results/PROKKA_06292018:KY659387.1_32 (length 216)
plasmid_files/KY659387.1_results/PROKKA_06292018:KY659387.1_33 (length 151)
plasmid_files/KY659387.1_results/PROKKA_06292018:KY659387.1_34 (length 775)
plasmid_files/KY659387.1_results/PROKKA_06292018:KY659387.1_35 (length 420)
plasmid_files/KY659387.1_results/PROKKA_06292018:KY659387.1_36 (length 164)
plasmid_files/KY659387.1_results/PROKKA_06292018:KY659387.1_37 (length 108)
plasmid_files/KY659387.1_results/PROKKA_06292018:KY659387.1_38 (length 104)
plasmid_files/KY659387.1_results/PROKKA_06292018:KY659387.1_39 (length 130)
plasmid_files/KY659387.1_results/PROKKA_06292018:KY659387.1_40 (length 611)
plasmid_files/KY659387.1_results/PROKKA_06292018:KY659387.1_41 (length 344)
plasmid_files/KY659387.1_results/PROKKA_06292018:KY659387.1_42 (length 65)
plasmid_files/KY659387.1_results/PROKKA_06292018:KY659387.1_43 (length 404)
plasmid_files/KY659387.1_results/PROKKA_06292018:KY659387.1_44 (length 309)
plasmid_files/KY659387.1_results/PROKKA_06292018:KY659387.1_45 (length 242)
plasmid_files/KY659387.1_results/PROKKA_06292018:KY659387.1_46 (length 351)
plasmid_files/KY659387.1_results/PROKKA_06292018:KY659387.1_47 (length 85)
plasmid_files/KY659387.1_results/PROKKA_06292018:KY659387.1_48 (length 256)
plasmid_files/KY659387.1_results/PROKKA_06292018:KY659387.1_49 (length 917)
plasmid_files/KY659387.1_results/PROKKA_06292018:KY659387.1_50 (length 96)
plasmid_files/KY659387.1_results/PROKKA_06292018:KY659387.1_51 (length 214)
plasmid_files/KY659387.1_results/PROKKA_06292018:KY659387.1_52 (length 78)
plasmid_files/KY659387.1_results/PROKKA_06292018:KY659387.1_53 (length 216)
plasmid_files/KY659387.1_results/PROKKA_06292018:KY659387.1_54 (length 386)
plasmid_files/KY659387.1_results/PROKKA_06292018:KY659387.1_55 (length 181)
plasmid_files/KY659387.1_results/PROKKA_06292018:KY659387.1_56 (length 85)
plasmid_files/KY659387.1_results/PROKKA_06292018:KY659387.1_57 (length 54)
plasmid_files/KY659387.1_results/PROKKA_06292018:KY659387.1_58 (length 112)
plasmid_files/KY659387.1_results/PROKKA_06292018:KY659387.1_59 (length 80)
plasmid_files/KY659387.1_results/PROKKA_06292018:KY659387.1_60 (length 89)
plasmid_files/KY659387.1_results/PROKKA_06292018:KY659387.1_61 (length 183)
plasmid_files/KY659387.1_results/PROKKA_06292018:KY659387.1_62 (length 78)
plasmid_files/KY659387.1_results/PROKKA_06292018:KY659387.1_63 (length 171)

DiscRep_ALL:DISC_SOURCE_QUALS_ASNDISC::strain (all present, all unique)
DiscRep_SUB:DISC_SOURCE_QUALS_ASNDISC::1 sources have unique values for strain
DiscRep_ALL:DISC_SOURCE_QUALS_ASNDISC::taxname (all present, all unique)
DiscRep_SUB:DISC_SOURCE_QUALS_ASNDISC::1 sources have unique values for taxname
DiscRep_ALL:DISC_FEATURE_COUNT::CDS: 63 present
DiscRep_ALL:DISC_COUNT_NUCLEOTIDES::1 nucleotide Bioseqs are present
plasmid_files/KY659387.1_results/PROKKA_06292018:KY659387.1 (length 53292)

DiscRep_ALL:FEATURE_LOCATION_CONFLICT::63 features have inconsistent gene locations.
DiscRep_SUB:FEATURE_LOCATION_CONFLICT::Coding region xref gene does not exist
plasmid_files/KY659387.1_results/PROKKA_06292018:CDS	PI protein	KY659387.1:142-1014	MLABFKGE_00001

DiscRep_SUB:FEATURE_LOCATION_CONFLICT::Coding region xref gene does not exist
plasmid_files/KY659387.1_results/PROKKA_06292018:CDS	hypothetical protein	KY659387.1:1023-1466	MLABFKGE_00002

DiscRep_SUB:FEATURE_LOCATION_CONFLICT::Coding region xref gene does not exist
plasmid_files/KY659387.1_results/PROKKA_06292018:CDS	hypothetical protein	KY659387.1:1654-2007	MLABFKGE_00003

DiscRep_SUB:FEATURE_LOCATION_CONFLICT::Coding region xref gene does not exist
plasmid_files/KY659387.1_results/PROKKA_06292018:CDS	hypothetical protein	KY659387.1:c2312-2028	MLABFKGE_00004

DiscRep_SUB:FEATURE_LOCATION_CONFLICT::Coding region xref gene does not exist
plasmid_files/KY659387.1_results/PROKKA_06292018:CDS	hypothetical protein	KY659387.1:c2659-2348	MLABFKGE_00005

DiscRep_SUB:FEATURE_LOCATION_CONFLICT::Coding region xref gene does not exist
plasmid_files/KY659387.1_results/PROKKA_06292018:CDS	hypothetical protein	KY659387.1:c3149-2865	MLABFKGE_00006

DiscRep_SUB:FEATURE_LOCATION_CONFLICT::Coding region xref gene does not exist
plasmid_files/KY659387.1_results/PROKKA_06292018:CDS	Iron-sulfur cluster carrier protein	KY659387.1:c3911-3249	MLABFKGE_00007

DiscRep_SUB:FEATURE_LOCATION_CONFLICT::Coding region xref gene does not exist
plasmid_files/KY659387.1_results/PROKKA_06292018:CDS	Putative transposon Tn552 DNA-invertase bin3	KY659387.1:4292-4954	MLABFKGE_00008

DiscRep_SUB:FEATURE_LOCATION_CONFLICT::Coding region xref gene does not exist
plasmid_files/KY659387.1_results/PROKKA_06292018:CDS	hypothetical protein	KY659387.1:5041-5280	MLABFKGE_00009

DiscRep_SUB:FEATURE_LOCATION_CONFLICT::Coding region xref gene does not exist
plasmid_files/KY659387.1_results/PROKKA_06292018:CDS	hypothetical protein	KY659387.1:5283-5480	MLABFKGE_00010

DiscRep_SUB:FEATURE_LOCATION_CONFLICT::Coding region xref gene does not exist
plasmid_files/KY659387.1_results/PROKKA_06292018:CDS	hypothetical protein	KY659387.1:5757-7076	MLABFKGE_00011

DiscRep_SUB:FEATURE_LOCATION_CONFLICT::Coding region xref gene does not exist
plasmid_files/KY659387.1_results/PROKKA_06292018:CDS	Carbapenem-hydrolyzing beta-lactamase KPC	KY659387.1:c8207-7326	MLABFKGE_00012

DiscRep_SUB:FEATURE_LOCATION_CONFLICT::Coding region xref gene does not exist
plasmid_files/KY659387.1_results/PROKKA_06292018:CDS	Insertion sequence IS5376 putative ATP-binding protein	KY659387.1:c9274-8495	MLABFKGE_00013

DiscRep_SUB:FEATURE_LOCATION_CONFLICT::Coding region xref gene does not exist
plasmid_files/KY659387.1_results/PROKKA_06292018:CDS	hypothetical protein	KY659387.1:c10296-9271	MLABFKGE_00014

DiscRep_SUB:FEATURE_LOCATION_CONFLICT::Coding region xref gene does not exist
plasmid_files/KY659387.1_results/PROKKA_06292018:CDS	hypothetical protein	KY659387.1:c13432-10403	MLABFKGE_00015

DiscRep_SUB:FEATURE_LOCATION_CONFLICT::Coding region xref gene does not exist
plasmid_files/KY659387.1_results/PROKKA_06292018:CDS	Tyrosine recombinase XerD	KY659387.1:13542-15257	MLABFKGE_00016

DiscRep_SUB:FEATURE_LOCATION_CONFLICT::Coding region xref gene does not exist
plasmid_files/KY659387.1_results/PROKKA_06292018:CDS	hypothetical protein	KY659387.1:c16289-15585	MLABFKGE_00017

DiscRep_SUB:FEATURE_LOCATION_CONFLICT::Coding region xref gene does not exist
plasmid_files/KY659387.1_results/PROKKA_06292018:CDS	Beta-lactamase SHV-1	KY659387.1:16426-17286	MLABFKGE_00018

DiscRep_SUB:FEATURE_LOCATION_CONFLICT::Coding region xref gene does not exist
plasmid_files/KY659387.1_results/PROKKA_06292018:CDS	Glycerol-3-phosphate regulon repressor	KY659387.1:c18068-17307	MLABFKGE_00019

DiscRep_SUB:FEATURE_LOCATION_CONFLICT::Coding region xref gene does not exist
plasmid_files/KY659387.1_results/PROKKA_06292018:CDS	L-threonate dehydrogenase	KY659387.1:18330-19232	MLABFKGE_00020

DiscRep_SUB:FEATURE_LOCATION_CONFLICT::Coding region xref gene does not exist
plasmid_files/KY659387.1_results/PROKKA_06292018:CDS	3-oxo-tetronate kinase	KY659387.1:19244-19876	MLABFKGE_00021

DiscRep_SUB:FEATURE_LOCATION_CONFLICT::Coding region xref gene does not exist
plasmid_files/KY659387.1_results/PROKKA_06292018:CDS	3-oxo-tetronate kinase	KY659387.1:19816-20454	MLABFKGE_00022

DiscRep_SUB:FEATURE_LOCATION_CONFLICT::Coding region xref gene does not exist
plasmid_files/KY659387.1_results/PROKKA_06292018:CDS	hypothetical protein	KY659387.1:c23458-20441	MLABFKGE_00023

DiscRep_SUB:FEATURE_LOCATION_CONFLICT::Coding region xref gene does not exist
plasmid_files/KY659387.1_results/PROKKA_06292018:CDS	hypothetical protein	KY659387.1:23614-24147	MLABFKGE_00024

DiscRep_SUB:FEATURE_LOCATION_CONFLICT::Coding region xref gene does not exist
plasmid_files/KY659387.1_results/PROKKA_06292018:CDS	hypothetical protein	KY659387.1:c24461-24366	MLABFKGE_00025

DiscRep_SUB:FEATURE_LOCATION_CONFLICT::Coding region xref gene does not exist
plasmid_files/KY659387.1_results/PROKKA_06292018:CDS	hypothetical protein	KY659387.1:c25269-25123	MLABFKGE_00026

DiscRep_SUB:FEATURE_LOCATION_CONFLICT::Coding region xref gene does not exist
plasmid_files/KY659387.1_results/PROKKA_06292018:CDS	hypothetical protein	KY659387.1:c25544-25266	MLABFKGE_00027

DiscRep_SUB:FEATURE_LOCATION_CONFLICT::Coding region xref gene does not exist
plasmid_files/KY659387.1_results/PROKKA_06292018:CDS	hypothetical protein	KY659387.1:c25816-25541	MLABFKGE_00028

DiscRep_SUB:FEATURE_LOCATION_CONFLICT::Coding region xref gene does not exist
plasmid_files/KY659387.1_results/PROKKA_06292018:CDS	hypothetical protein	KY659387.1:c26088-25834	MLABFKGE_00029

DiscRep_SUB:FEATURE_LOCATION_CONFLICT::Coding region xref gene does not exist
plasmid_files/KY659387.1_results/PROKKA_06292018:CDS	hypothetical protein	KY659387.1:c27019-26198	MLABFKGE_00030

DiscRep_SUB:FEATURE_LOCATION_CONFLICT::Coding region xref gene does not exist
plasmid_files/KY659387.1_results/PROKKA_06292018:CDS	hypothetical protein	KY659387.1:c27195-27016	MLABFKGE_00031

DiscRep_SUB:FEATURE_LOCATION_CONFLICT::Coding region xref gene does not exist
plasmid_files/KY659387.1_results/PROKKA_06292018:CDS	hypothetical protein	KY659387.1:27468-28118	MLABFKGE_00032

DiscRep_SUB:FEATURE_LOCATION_CONFLICT::Coding region xref gene does not exist
plasmid_files/KY659387.1_results/PROKKA_06292018:CDS	DNA-binding protein StpA	KY659387.1:c28611-28156	MLABFKGE_00033

DiscRep_SUB:FEATURE_LOCATION_CONFLICT::Coding region xref gene does not exist
plasmid_files/KY659387.1_results/PROKKA_06292018:CDS	DNA topoisomerase 3	KY659387.1:c30950-28623	MLABFKGE_00034

DiscRep_SUB:FEATURE_LOCATION_CONFLICT::Coding region xref gene does not exist
plasmid_files/KY659387.1_results/PROKKA_06292018:CDS	putative ATPase YjoB	KY659387.1:c32216-30954	MLABFKGE_00035

DiscRep_SUB:FEATURE_LOCATION_CONFLICT::Coding region xref gene does not exist
plasmid_files/KY659387.1_results/PROKKA_06292018:CDS	Endonuclease YhcR	KY659387.1:c32793-32299	MLABFKGE_00036

DiscRep_SUB:FEATURE_LOCATION_CONFLICT::Coding region xref gene does not exist
plasmid_files/KY659387.1_results/PROKKA_06292018:CDS	hypothetical protein	KY659387.1:c33116-32790	MLABFKGE_00037

DiscRep_SUB:FEATURE_LOCATION_CONFLICT::Coding region xref gene does not exist
plasmid_files/KY659387.1_results/PROKKA_06292018:CDS	hypothetical protein	KY659387.1:c33516-33202	MLABFKGE_00038

DiscRep_SUB:FEATURE_LOCATION_CONFLICT::Coding region xref gene does not exist
plasmid_files/KY659387.1_results/PROKKA_06292018:CDS	hypothetical protein	KY659387.1:c33996-33604	MLABFKGE_00039

DiscRep_SUB:FEATURE_LOCATION_CONFLICT::Coding region xref gene does not exist
plasmid_files/KY659387.1_results/PROKKA_06292018:CDS	Protein VirD4	KY659387.1:c35828-33993	MLABFKGE_00040

DiscRep_SUB:FEATURE_LOCATION_CONFLICT::Coding region xref gene does not exist
plasmid_files/KY659387.1_results/PROKKA_06292018:CDS	Type IV secretion system protein PtlH	KY659387.1:c36865-35831	MLABFKGE_00041

DiscRep_SUB:FEATURE_LOCATION_CONFLICT::Coding region xref gene does not exist
plasmid_files/KY659387.1_results/PROKKA_06292018:CDS	hypothetical protein	KY659387.1:c37059-36862	MLABFKGE_00042

DiscRep_SUB:FEATURE_LOCATION_CONFLICT::Coding region xref gene does not exist
plasmid_files/KY659387.1_results/PROKKA_06292018:CDS	Type IV secretion system protein virB10	KY659387.1:c38275-37061	MLABFKGE_00043

DiscRep_SUB:FEATURE_LOCATION_CONFLICT::Coding region xref gene does not exist
plasmid_files/KY659387.1_results/PROKKA_06292018:CDS	Type IV secretion system protein virB9	KY659387.1:c39201-38272	MLABFKGE_00044

DiscRep_SUB:FEATURE_LOCATION_CONFLICT::Coding region xref gene does not exist
plasmid_files/KY659387.1_results/PROKKA_06292018:CDS	Type IV secretion system protein virB8	KY659387.1:c39935-39207	MLABFKGE_00045

DiscRep_SUB:FEATURE_LOCATION_CONFLICT::Coding region xref gene does not exist
plasmid_files/KY659387.1_results/PROKKA_06292018:CDS	hypothetical protein	KY659387.1:c41185-40130	MLABFKGE_00046

DiscRep_SUB:FEATURE_LOCATION_CONFLICT::Coding region xref gene does not exist
plasmid_files/KY659387.1_results/PROKKA_06292018:CDS	hypothetical protein	KY659387.1:c41454-41197	MLABFKGE_00047

DiscRep_SUB:FEATURE_LOCATION_CONFLICT::Coding region xref gene does not exist
plasmid_files/KY659387.1_results/PROKKA_06292018:CDS	hypothetical protein	KY659387.1:c42234-41464	MLABFKGE_00048

DiscRep_SUB:FEATURE_LOCATION_CONFLICT::Coding region xref gene does not exist
plasmid_files/KY659387.1_results/PROKKA_06292018:CDS	Type IV secretion system protein virB4	KY659387.1:c44997-42244	MLABFKGE_00049

DiscRep_SUB:FEATURE_LOCATION_CONFLICT::Coding region xref gene does not exist
plasmid_files/KY659387.1_results/PROKKA_06292018:CDS	hypothetical protein	KY659387.1:c45312-45022	MLABFKGE_00050

DiscRep_SUB:FEATURE_LOCATION_CONFLICT::Coding region xref gene does not exist
plasmid_files/KY659387.1_results/PROKKA_06292018:CDS	Type IV secretion system protein virB1	KY659387.1:c45940-45296	MLABFKGE_00051

DiscRep_SUB:FEATURE_LOCATION_CONFLICT::Coding region xref gene does not exist
plasmid_files/KY659387.1_results/PROKKA_06292018:CDS	hypothetical protein	KY659387.1:c46222-45986	MLABFKGE_00052

DiscRep_SUB:FEATURE_LOCATION_CONFLICT::Coding region xref gene does not exist
plasmid_files/KY659387.1_results/PROKKA_06292018:CDS	Transcription antitermination protein RfaH	KY659387.1:c46823-46173	MLABFKGE_00053

DiscRep_SUB:FEATURE_LOCATION_CONFLICT::Coding region xref gene does not exist
plasmid_files/KY659387.1_results/PROKKA_06292018:CDS	hypothetical protein	KY659387.1:c48195-47035	MLABFKGE_00054

DiscRep_SUB:FEATURE_LOCATION_CONFLICT::Coding region xref gene does not exist
plasmid_files/KY659387.1_results/PROKKA_06292018:CDS	hypothetical protein	KY659387.1:c48743-48198	MLABFKGE_00055

DiscRep_SUB:FEATURE_LOCATION_CONFLICT::Coding region xref gene does not exist
plasmid_files/KY659387.1_results/PROKKA_06292018:CDS	hypothetical protein	KY659387.1:c49341-49084	MLABFKGE_00056

DiscRep_SUB:FEATURE_LOCATION_CONFLICT::Coding region xref gene does not exist
plasmid_files/KY659387.1_results/PROKKA_06292018:CDS	hypothetical protein	KY659387.1:c49502-49338	MLABFKGE_00057

DiscRep_SUB:FEATURE_LOCATION_CONFLICT::Coding region xref gene does not exist
plasmid_files/KY659387.1_results/PROKKA_06292018:CDS	hypothetical protein	KY659387.1:c49915-49577	MLABFKGE_00058

DiscRep_SUB:FEATURE_LOCATION_CONFLICT::Coding region xref gene does not exist
plasmid_files/KY659387.1_results/PROKKA_06292018:CDS	hypothetical protein	KY659387.1:c50251-50009	MLABFKGE_00059

DiscRep_SUB:FEATURE_LOCATION_CONFLICT::Coding region xref gene does not exist
plasmid_files/KY659387.1_results/PROKKA_06292018:CDS	hypothetical protein	KY659387.1:c50510-50241	MLABFKGE_00060

DiscRep_SUB:FEATURE_LOCATION_CONFLICT::Coding region xref gene does not exist
plasmid_files/KY659387.1_results/PROKKA_06292018:CDS	hypothetical protein	KY659387.1:c51070-50519	MLABFKGE_00061

DiscRep_SUB:FEATURE_LOCATION_CONFLICT::Coding region xref gene does not exist
plasmid_files/KY659387.1_results/PROKKA_06292018:CDS	hypothetical protein	KY659387.1:c51366-51130	MLABFKGE_00062

DiscRep_SUB:FEATURE_LOCATION_CONFLICT::Coding region xref gene does not exist
plasmid_files/KY659387.1_results/PROKKA_06292018:CDS	Chaperone protein DnaJ	KY659387.1:c51940-51425	MLABFKGE_00063

DiscRep_ALL:OVERLAPPING_CDS::2 coding regions overlap another coding region with a similar or identical name.
DiscRep_SUB:OVERLAPPING_CDS::2 coding regions overlap another coding region with a similar or identical name that do not have the appropriate note text
plasmid_files/KY659387.1_results/PROKKA_06292018:CDS	3-oxo-tetronate kinase	KY659387.1:19244-19876	MLABFKGE_00021
plasmid_files/KY659387.1_results/PROKKA_06292018:CDS	3-oxo-tetronate kinase	KY659387.1:19816-20454	MLABFKGE_00022

DiscRep_ALL:SUSPECT_PRODUCT_NAMES::1 product_names contain suspect phrase or characters
DiscRep_SUB:SUSPECT_PRODUCT_NAMES::May contain database identifier more appropriate in note; remove from product name
DiscRep_SUB:SUSPECT_PRODUCT_NAMES::1 features Three or more numbers together
plasmid_files/KY659387.1_results/PROKKA_06292018:CDS	Putative transposon Tn552 DNA-invertase bin3	KY659387.1:4292-4954	MLABFKGE_00008

DiscRep_ALL:DISC_QUALITY_SCORES::Quality scores are missing on all sequences.

DiscRep_ALL:ONCALLER_COMMENT_PRESENT::1 comment descriptors were found (all same)
plasmid_files/KY659387.1_results/PROKKA_06292018:KY659387.1:Annotated using prokka 1.14-dev from https://github.com/tseemann/prokka

DiscRep_ALL:SHORT_PROT_SEQUENCES::2 protein sequences are shorter than 50 aa.
plasmid_files/KY659387.1_results/PROKKA_06292018:KY659387.1_25 (length 31)
plasmid_files/KY659387.1_results/PROKKA_06292018:KY659387.1_26 (length 48)

DiscRep_ALL:MISSING_GENOMEASSEMBLY_COMMENTS::1 bioseqs are missing GenomeAssembly structured comments
plasmid_files/KY659387.1_results/PROKKA_06292018:KY659387.1 (length 53292)

DiscRep_ALL:MOLTYPE_NOT_MRNA::1 molecule types are not set as mRNA.
plasmid_files/KY659387.1_results/PROKKA_06292018:KY659387.1 (length 53292)

DiscRep_ALL:TECHNIQUE_NOT_TSA::1 technique are not set as TSA
plasmid_files/KY659387.1_results/PROKKA_06292018:KY659387.1 (length 53292)

DiscRep_ALL:MISSING_STRUCTURED_COMMENT::1 sequences do not include structured comments.
plasmid_files/KY659387.1_results/PROKKA_06292018:KY659387.1 (length 53292)

DiscRep_ALL:MISSING_PROJECT::64 sequences do not include project.
plasmid_files/KY659387.1_results/PROKKA_06292018:KY659387.1 (length 53292)
plasmid_files/KY659387.1_results/PROKKA_06292018:KY659387.1_1 (length 290)
plasmid_files/KY659387.1_results/PROKKA_06292018:KY659387.1_2 (length 147)
plasmid_files/KY659387.1_results/PROKKA_06292018:KY659387.1_3 (length 117)
plasmid_files/KY659387.1_results/PROKKA_06292018:KY659387.1_4 (length 94)
plasmid_files/KY659387.1_results/PROKKA_06292018:KY659387.1_5 (length 103)
plasmid_files/KY659387.1_results/PROKKA_06292018:KY659387.1_6 (length 94)
plasmid_files/KY659387.1_results/PROKKA_06292018:KY659387.1_7 (length 220)
plasmid_files/KY659387.1_results/PROKKA_06292018:KY659387.1_8 (length 220)
plasmid_files/KY659387.1_results/PROKKA_06292018:KY659387.1_9 (length 79)
plasmid_files/KY659387.1_results/PROKKA_06292018:KY659387.1_10 (length 65)
plasmid_files/KY659387.1_results/PROKKA_06292018:KY659387.1_11 (length 439)
plasmid_files/KY659387.1_results/PROKKA_06292018:KY659387.1_12 (length 293)
plasmid_files/KY659387.1_results/PROKKA_06292018:KY659387.1_13 (length 259)
plasmid_files/KY659387.1_results/PROKKA_06292018:KY659387.1_14 (length 341)
plasmid_files/KY659387.1_results/PROKKA_06292018:KY659387.1_15 (length 1009)
plasmid_files/KY659387.1_results/PROKKA_06292018:KY659387.1_16 (length 571)
plasmid_files/KY659387.1_results/PROKKA_06292018:KY659387.1_17 (length 234)
plasmid_files/KY659387.1_results/PROKKA_06292018:KY659387.1_18 (length 286)
plasmid_files/KY659387.1_results/PROKKA_06292018:KY659387.1_19 (length 253)
plasmid_files/KY659387.1_results/PROKKA_06292018:KY659387.1_20 (length 300)
plasmid_files/KY659387.1_results/PROKKA_06292018:KY659387.1_21 (length 210)
plasmid_files/KY659387.1_results/PROKKA_06292018:KY659387.1_22 (length 212)
plasmid_files/KY659387.1_results/PROKKA_06292018:KY659387.1_23 (length 1005)
plasmid_files/KY659387.1_results/PROKKA_06292018:KY659387.1_24 (length 177)
plasmid_files/KY659387.1_results/PROKKA_06292018:KY659387.1_25 (length 31)
plasmid_files/KY659387.1_results/PROKKA_06292018:KY659387.1_26 (length 48)
plasmid_files/KY659387.1_results/PROKKA_06292018:KY659387.1_27 (length 92)
plasmid_files/KY659387.1_results/PROKKA_06292018:KY659387.1_28 (length 91)
plasmid_files/KY659387.1_results/PROKKA_06292018:KY659387.1_29 (length 84)
plasmid_files/KY659387.1_results/PROKKA_06292018:KY659387.1_30 (length 273)
plasmid_files/KY659387.1_results/PROKKA_06292018:KY659387.1_31 (length 59)
plasmid_files/KY659387.1_results/PROKKA_06292018:KY659387.1_32 (length 216)
plasmid_files/KY659387.1_results/PROKKA_06292018:KY659387.1_33 (length 151)
plasmid_files/KY659387.1_results/PROKKA_06292018:KY659387.1_34 (length 775)
plasmid_files/KY659387.1_results/PROKKA_06292018:KY659387.1_35 (length 420)
plasmid_files/KY659387.1_results/PROKKA_06292018:KY659387.1_36 (length 164)
plasmid_files/KY659387.1_results/PROKKA_06292018:KY659387.1_37 (length 108)
plasmid_files/KY659387.1_results/PROKKA_06292018:KY659387.1_38 (length 104)
plasmid_files/KY659387.1_results/PROKKA_06292018:KY659387.1_39 (length 130)
plasmid_files/KY659387.1_results/PROKKA_06292018:KY659387.1_40 (length 611)
plasmid_files/KY659387.1_results/PROKKA_06292018:KY659387.1_41 (length 344)
plasmid_files/KY659387.1_results/PROKKA_06292018:KY659387.1_42 (length 65)
plasmid_files/KY659387.1_results/PROKKA_06292018:KY659387.1_43 (length 404)
plasmid_files/KY659387.1_results/PROKKA_06292018:KY659387.1_44 (length 309)
plasmid_files/KY659387.1_results/PROKKA_06292018:KY659387.1_45 (length 242)
plasmid_files/KY659387.1_results/PROKKA_06292018:KY659387.1_46 (length 351)
plasmid_files/KY659387.1_results/PROKKA_06292018:KY659387.1_47 (length 85)
plasmid_files/KY659387.1_results/PROKKA_06292018:KY659387.1_48 (length 256)
plasmid_files/KY659387.1_results/PROKKA_06292018:KY659387.1_49 (length 917)
plasmid_files/KY659387.1_results/PROKKA_06292018:KY659387.1_50 (length 96)
plasmid_files/KY659387.1_results/PROKKA_06292018:KY659387.1_51 (length 214)
plasmid_files/KY659387.1_results/PROKKA_06292018:KY659387.1_52 (length 78)
plasmid_files/KY659387.1_results/PROKKA_06292018:KY659387.1_53 (length 216)
plasmid_files/KY659387.1_results/PROKKA_06292018:KY659387.1_54 (length 386)
plasmid_files/KY659387.1_results/PROKKA_06292018:KY659387.1_55 (length 181)
plasmid_files/KY659387.1_results/PROKKA_06292018:KY659387.1_56 (length 85)
plasmid_files/KY659387.1_results/PROKKA_06292018:KY659387.1_57 (length 54)
plasmid_files/KY659387.1_results/PROKKA_06292018:KY659387.1_58 (length 112)
plasmid_files/KY659387.1_results/PROKKA_06292018:KY659387.1_59 (length 80)
plasmid_files/KY659387.1_results/PROKKA_06292018:KY659387.1_60 (length 89)
plasmid_files/KY659387.1_results/PROKKA_06292018:KY659387.1_61 (length 183)
plasmid_files/KY659387.1_results/PROKKA_06292018:KY659387.1_62 (length 78)
plasmid_files/KY659387.1_results/PROKKA_06292018:KY659387.1_63 (length 171)

DiscRep_ALL:DISC_INCONSISTENT_MOLINFO_TECH::Molinfo Technique Report (some missing, all same)
DiscRep_SUB:DISC_INCONSISTENT_MOLINFO_TECH::technique (all missing)
DiscRep_SUB:DISC_INCONSISTENT_MOLINFO_TECH::1 Molinfos are missing field technique
plasmid_files/KY659387.1_results/PROKKA_06292018:KY659387.1 (length 53292)

