[10:09:27] This is prokka 1.14-dev
[10:09:27] Written by Torsten Seemann <torsten.seemann@gmail.com>
[10:09:27] Homepage is https://github.com/tseemann/prokka
[10:09:27] Local time is Fri Jun 29 10:09:27 2018
[10:09:27] You are christian
[10:09:27] Operating system is linux
[10:09:27] You have BioPerl 1.007002
[10:09:27] System has 20 cores.
[10:09:27] Will use maximum of 20 cores.
[10:09:27] Annotating as >>> Bacteria <<<
[10:09:27] Generating locus_tag from 'plasmid_files/JX966417.1.fasta' contents.
[10:09:27] Setting --locustag DBIICDAM from MD5 db22cda6d8da157eae8830dea2eb8ce0
[10:09:27] Creating new output folder: plasmid_files/JX966417.1_results
[10:09:27] Running: mkdir -p plasmid_files\/JX966417\.1_results
[10:09:27] Using filename prefix: PROKKA_06292018.XXX
[10:09:27] Setting HMMER_NCPU=1
[10:09:27] Writing log to: plasmid_files/JX966417.1_results/PROKKA_06292018.log
[10:09:27] Command: /home/christian/install/prokka/bin/prokka plasmid_files/JX966417.1.fasta --outdir plasmid_files/JX966417.1_results --cpus 20
[10:09:27] Appending to PATH: /home/christian/install/prokka/bin/../binaries/linux
[10:09:27] Appending to PATH: /home/christian/install/prokka/bin/../binaries/linux/../common
[10:09:27] Appending to PATH: /home/christian/install/prokka/bin
[10:09:27] Looking for 'aragorn' - found /home/christian/install/prokka/bin/../binaries/linux/aragorn
[10:09:27] Determined aragorn version is 1.2
[10:09:27] Looking for 'blastp' - found /usr/bin/blastp
[10:09:27] Determined blastp version is 2.2
[10:09:27] Looking for 'cmpress' - found /usr/local/bin/cmpress
[10:09:27] Determined cmpress version is 1.1
[10:09:27] Looking for 'cmscan' - found /usr/local/bin/cmscan
[10:09:27] Determined cmscan version is 1.1
[10:09:27] Looking for 'egrep' - found /bin/egrep
[10:09:27] Looking for 'find' - found /usr/bin/find
[10:09:27] Looking for 'grep' - found /bin/grep
[10:09:27] Looking for 'hmmpress' - found /usr/local/bin/hmmpress
[10:09:27] Determined hmmpress version is 3.1
[10:09:27] Looking for 'hmmscan' - found /usr/local/bin/hmmscan
[10:09:27] Determined hmmscan version is 3.1
[10:09:27] Looking for 'java' - found /usr/bin/java
[10:09:27] Looking for 'less' - found /usr/bin/less
[10:09:27] Looking for 'makeblastdb' - found /usr/bin/makeblastdb
[10:09:27] Determined makeblastdb version is 2.2
[10:09:27] Looking for 'minced' - found /home/christian/install/prokka/bin/../binaries/linux/../common/minced
[10:09:27] Determined minced version is 2.0
[10:09:27] Looking for 'parallel' - found /usr/bin/parallel
[10:09:27] Determined parallel version is 20141022
[10:09:27] Looking for 'prodigal' - found /usr/local/bin/prodigal
[10:09:27] Determined prodigal version is 2.6
[10:09:27] Looking for 'prokka-genbank_to_fasta_db' - found /home/christian/install/prokka/bin/prokka-genbank_to_fasta_db
[10:09:27] Looking for 'sed' - found /bin/sed
[10:09:27] Looking for 'tbl2asn' - found /home/christian/install/prokka/bin/../binaries/linux/tbl2asn
[10:09:27] Determined tbl2asn version is 25.6
[10:09:27] Using genetic code table 11.
[10:09:27] Loading and checking input file: plasmid_files/JX966417.1.fasta
[10:09:27] Wrote 1 contigs totalling 477 bp.
[10:09:27] Predicting tRNAs and tmRNAs
[10:09:27] Running: aragorn -l -gc11  -w plasmid_files\/JX966417\.1_results\/PROKKA_06292018\.fna
[10:09:27] Found 0 tRNAs
[10:09:27] Predicting Ribosomal RNAs
[10:09:27] You need either Barrnap or RNAmmer installed to predict rRNAs!
[10:09:27] Skipping ncRNA search, enable with --rfam if desired.
[10:09:27] Total of 0 tRNA + rRNA features
[10:09:27] Searching for CRISPR repeats
[10:09:27] Found 0 CRISPRs
[10:09:27] Predicting coding sequences
[10:09:27] Contigs total 477 bp, so using meta mode
[10:09:27] Running: prodigal -i plasmid_files\/JX966417\.1_results\/PROKKA_06292018\.fna -c -m -g 11 -p meta -f sco -q
[10:09:27] Found 1 CDS
[10:09:27] Connecting features back to sequences
[10:09:27] Not using genus-specific database. Try --usegenus to enable it.
[10:09:27] Annotating CDS, please be patient.
[10:09:27] Will use 20 CPUs for similarity searching.
[10:09:27] There are still 1 unannotated CDS left (started with 1)
[10:09:27] Will use blast to search against /home/christian/install/prokka/db/kingdom/Bacteria/sprot with 20 CPUs
[10:09:27] Running: cat plasmid_files\/JX966417\.1_results\/sprot\.faa | parallel --gnu --plain -j 20 --block 2 --recstart '>' --pipe blastp -query - -db /home/christian/install/prokka/db/kingdom/Bacteria/sprot -evalue 1e-06 -num_threads 1 -num_descriptions 1 -num_alignments 1 -seg no > plasmid_files\/JX966417\.1_results\/sprot\.blast 2> /dev/null
[10:09:27] Deleting unwanted file: plasmid_files/JX966417.1_results/sprot.faa
[10:09:27] Deleting unwanted file: plasmid_files/JX966417.1_results/sprot.blast
[10:09:27] There are still 1 unannotated CDS left (started with 1)
[10:09:27] Will use hmmer3 to search against /home/christian/install/prokka/db/hmm/HAMAP.hmm with 20 CPUs
[10:09:27] Running: cat plasmid_files\/JX966417\.1_results\/HAMAP\.hmm\.faa | parallel --gnu --plain -j 20 --block 2 --recstart '>' --pipe hmmscan --noali --notextw --acc -E 1e-06 --cpu 1 /home/christian/install/prokka/db/hmm/HAMAP.hmm /dev/stdin > plasmid_files\/JX966417\.1_results\/HAMAP\.hmm\.hmmer3 2> /dev/null
[10:09:28] Deleting unwanted file: plasmid_files/JX966417.1_results/HAMAP.hmm.faa
[10:09:28] Deleting unwanted file: plasmid_files/JX966417.1_results/HAMAP.hmm.hmmer3
[10:09:28] Labelling remaining 1 proteins as 'hypothetical protein'
[10:09:28] Found 0 unique /gene codes.
[10:09:28] Fixed 0 colliding /gene names.
[10:09:28] Adding /locus_tag identifiers
[10:09:28] Assigned 1 locus_tags to CDS and RNA features.
[10:09:28] Writing outputs to plasmid_files/JX966417.1_results/
[10:09:28] Generating annotation statistics file
[10:09:28] Generating Genbank and Sequin files
[10:09:28] Running: tbl2asn -V b -a r10k -l paired-ends -M n -N 1 -y 'Annotated using prokka 1.14-dev from https://github.com/tseemann/prokka' -Z plasmid_files\/JX966417\.1_results\/PROKKA_06292018\.err -i plasmid_files\/JX966417\.1_results\/PROKKA_06292018\.fsa 2> /dev/null
[10:09:28] Deleting unwanted file: plasmid_files/JX966417.1_results/errorsummary.val
[10:09:28] Deleting unwanted file: plasmid_files/JX966417.1_results/PROKKA_06292018.dr
[10:09:28] Deleting unwanted file: plasmid_files/JX966417.1_results/PROKKA_06292018.fixedproducts
[10:09:28] Deleting unwanted file: plasmid_files/JX966417.1_results/PROKKA_06292018.ecn
[10:09:28] Deleting unwanted file: plasmid_files/JX966417.1_results/PROKKA_06292018.val
[10:09:28] Repairing broken .GBK output that tbl2asn produces...
[10:09:28] Running: sed 's/COORDINATES: profile/COORDINATES:profile/' < plasmid_files\/JX966417\.1_results\/PROKKA_06292018\.gbf > plasmid_files\/JX966417\.1_results\/PROKKA_06292018\.gbk
[10:09:28] Deleting unwanted file: plasmid_files/JX966417.1_results/PROKKA_06292018.gbf
[10:09:28] Output files:
[10:09:28] plasmid_files/JX966417.1_results/PROKKA_06292018.sqn
[10:09:28] plasmid_files/JX966417.1_results/PROKKA_06292018.fsa
[10:09:28] plasmid_files/JX966417.1_results/PROKKA_06292018.tbl
[10:09:28] plasmid_files/JX966417.1_results/PROKKA_06292018.log
[10:09:28] plasmid_files/JX966417.1_results/PROKKA_06292018.gff
[10:09:28] plasmid_files/JX966417.1_results/PROKKA_06292018.txt
[10:09:28] plasmid_files/JX966417.1_results/PROKKA_06292018.gbk
[10:09:28] plasmid_files/JX966417.1_results/PROKKA_06292018.faa
[10:09:28] plasmid_files/JX966417.1_results/PROKKA_06292018.fna
[10:09:28] plasmid_files/JX966417.1_results/PROKKA_06292018.tsv
[10:09:28] plasmid_files/JX966417.1_results/PROKKA_06292018.ffn
[10:09:28] plasmid_files/JX966417.1_results/PROKKA_06292018.err
[10:09:28] Annotation finished successfully.
[10:09:28] Walltime used: 0.02 minutes
[10:09:28] If you use this result please cite the Prokka paper:
[10:09:28] Seemann T (2014) Prokka: rapid prokaryotic genome annotation. Bioinformatics. 30(14):2068-9.
[10:09:28] Type 'prokka --citation' for more details.
[10:09:28] Share and enjoy!
