Discrepancy Report Results

Summary
FATAL: MISSING_PROTEIN_ID:115 proteins have invalid IDs.
DISC_SOURCE_QUALS_ASNDISC:strain (all present, all unique)
DISC_SOURCE_QUALS_ASNDISC:taxname (all present, all unique)
DISC_FEATURE_COUNT:CDS: 115 present
DISC_COUNT_NUCLEOTIDES:1 nucleotide Bioseqs are present
FEATURE_LOCATION_CONFLICT:115 features have inconsistent gene locations.
DISC_QUALITY_SCORES:Quality scores are missing on all sequences.
ONCALLER_COMMENT_PRESENT:1 comment descriptors were found (all same)
SHORT_PROT_SEQUENCES:1 protein sequences are shorter than 50 aa.
MISSING_GENOMEASSEMBLY_COMMENTS:1 bioseqs are missing GenomeAssembly structured comments
MOLTYPE_NOT_MRNA:1 molecule types are not set as mRNA.
TECHNIQUE_NOT_TSA:1 technique are not set as TSA
MISSING_STRUCTURED_COMMENT:1 sequences do not include structured comments.
MISSING_PROJECT:116 sequences do not include project.
DISC_INCONSISTENT_MOLINFO_TECH:Molinfo Technique Report (some missing, all same)


Detailed Report

FATAL: DiscRep_ALL:MISSING_PROTEIN_ID::115 proteins have invalid IDs.
plasmid_files/HG969998.1_results/PROKKA_06292018:HG969998.1_1 (length 73)
plasmid_files/HG969998.1_results/PROKKA_06292018:HG969998.1_2 (length 214)
plasmid_files/HG969998.1_results/PROKKA_06292018:HG969998.1_3 (length 216)
plasmid_files/HG969998.1_results/PROKKA_06292018:HG969998.1_4 (length 102)
plasmid_files/HG969998.1_results/PROKKA_06292018:HG969998.1_5 (length 186)
plasmid_files/HG969998.1_results/PROKKA_06292018:HG969998.1_6 (length 83)
plasmid_files/HG969998.1_results/PROKKA_06292018:HG969998.1_7 (length 285)
plasmid_files/HG969998.1_results/PROKKA_06292018:HG969998.1_8 (length 187)
plasmid_files/HG969998.1_results/PROKKA_06292018:HG969998.1_9 (length 203)
plasmid_files/HG969998.1_results/PROKKA_06292018:HG969998.1_10 (length 330)
plasmid_files/HG969998.1_results/PROKKA_06292018:HG969998.1_11 (length 51)
plasmid_files/HG969998.1_results/PROKKA_06292018:HG969998.1_12 (length 571)
plasmid_files/HG969998.1_results/PROKKA_06292018:HG969998.1_13 (length 1009)
plasmid_files/HG969998.1_results/PROKKA_06292018:HG969998.1_14 (length 341)
plasmid_files/HG969998.1_results/PROKKA_06292018:HG969998.1_15 (length 259)
plasmid_files/HG969998.1_results/PROKKA_06292018:HG969998.1_16 (length 79)
plasmid_files/HG969998.1_results/PROKKA_06292018:HG969998.1_17 (length 293)
plasmid_files/HG969998.1_results/PROKKA_06292018:HG969998.1_18 (length 439)
plasmid_files/HG969998.1_results/PROKKA_06292018:HG969998.1_19 (length 394)
plasmid_files/HG969998.1_results/PROKKA_06292018:HG969998.1_20 (length 70)
plasmid_files/HG969998.1_results/PROKKA_06292018:HG969998.1_21 (length 119)
plasmid_files/HG969998.1_results/PROKKA_06292018:HG969998.1_22 (length 38)
plasmid_files/HG969998.1_results/PROKKA_06292018:HG969998.1_23 (length 125)
plasmid_files/HG969998.1_results/PROKKA_06292018:HG969998.1_24 (length 91)
plasmid_files/HG969998.1_results/PROKKA_06292018:HG969998.1_25 (length 236)
plasmid_files/HG969998.1_results/PROKKA_06292018:HG969998.1_26 (length 138)
plasmid_files/HG969998.1_results/PROKKA_06292018:HG969998.1_27 (length 76)
plasmid_files/HG969998.1_results/PROKKA_06292018:HG969998.1_28 (length 83)
plasmid_files/HG969998.1_results/PROKKA_06292018:HG969998.1_29 (length 102)
plasmid_files/HG969998.1_results/PROKKA_06292018:HG969998.1_30 (length 109)
plasmid_files/HG969998.1_results/PROKKA_06292018:HG969998.1_31 (length 147)
plasmid_files/HG969998.1_results/PROKKA_06292018:HG969998.1_32 (length 110)
plasmid_files/HG969998.1_results/PROKKA_06292018:HG969998.1_33 (length 260)
plasmid_files/HG969998.1_results/PROKKA_06292018:HG969998.1_34 (length 157)
plasmid_files/HG969998.1_results/PROKKA_06292018:HG969998.1_35 (length 422)
plasmid_files/HG969998.1_results/PROKKA_06292018:HG969998.1_36 (length 1085)
plasmid_files/HG969998.1_results/PROKKA_06292018:HG969998.1_37 (length 438)
plasmid_files/HG969998.1_results/PROKKA_06292018:HG969998.1_38 (length 675)
plasmid_files/HG969998.1_results/PROKKA_06292018:HG969998.1_39 (length 57)
plasmid_files/HG969998.1_results/PROKKA_06292018:HG969998.1_40 (length 110)
plasmid_files/HG969998.1_results/PROKKA_06292018:HG969998.1_41 (length 324)
plasmid_files/HG969998.1_results/PROKKA_06292018:HG969998.1_42 (length 401)
plasmid_files/HG969998.1_results/PROKKA_06292018:HG969998.1_43 (length 298)
plasmid_files/HG969998.1_results/PROKKA_06292018:HG969998.1_44 (length 423)
plasmid_files/HG969998.1_results/PROKKA_06292018:HG969998.1_45 (length 143)
plasmid_files/HG969998.1_results/PROKKA_06292018:HG969998.1_46 (length 323)
plasmid_files/HG969998.1_results/PROKKA_06292018:HG969998.1_47 (length 223)
plasmid_files/HG969998.1_results/PROKKA_06292018:HG969998.1_48 (length 76)
plasmid_files/HG969998.1_results/PROKKA_06292018:HG969998.1_49 (length 233)
plasmid_files/HG969998.1_results/PROKKA_06292018:HG969998.1_50 (length 73)
plasmid_files/HG969998.1_results/PROKKA_06292018:HG969998.1_51 (length 139)
plasmid_files/HG969998.1_results/PROKKA_06292018:HG969998.1_52 (length 254)
plasmid_files/HG969998.1_results/PROKKA_06292018:HG969998.1_53 (length 142)
plasmid_files/HG969998.1_results/PROKKA_06292018:HG969998.1_54 (length 168)
plasmid_files/HG969998.1_results/PROKKA_06292018:HG969998.1_55 (length 63)
plasmid_files/HG969998.1_results/PROKKA_06292018:HG969998.1_56 (length 84)
plasmid_files/HG969998.1_results/PROKKA_06292018:HG969998.1_57 (length 105)
plasmid_files/HG969998.1_results/PROKKA_06292018:HG969998.1_58 (length 58)
plasmid_files/HG969998.1_results/PROKKA_06292018:HG969998.1_59 (length 75)
plasmid_files/HG969998.1_results/PROKKA_06292018:HG969998.1_60 (length 76)
plasmid_files/HG969998.1_results/PROKKA_06292018:HG969998.1_61 (length 451)
plasmid_files/HG969998.1_results/PROKKA_06292018:HG969998.1_62 (length 187)
plasmid_files/HG969998.1_results/PROKKA_06292018:HG969998.1_63 (length 106)
plasmid_files/HG969998.1_results/PROKKA_06292018:HG969998.1_64 (length 180)
plasmid_files/HG969998.1_results/PROKKA_06292018:HG969998.1_65 (length 82)
plasmid_files/HG969998.1_results/PROKKA_06292018:HG969998.1_66 (length 678)
plasmid_files/HG969998.1_results/PROKKA_06292018:HG969998.1_67 (length 143)
plasmid_files/HG969998.1_results/PROKKA_06292018:HG969998.1_68 (length 242)
plasmid_files/HG969998.1_results/PROKKA_06292018:HG969998.1_69 (length 108)
plasmid_files/HG969998.1_results/PROKKA_06292018:HG969998.1_70 (length 124)
plasmid_files/HG969998.1_results/PROKKA_06292018:HG969998.1_71 (length 359)
plasmid_files/HG969998.1_results/PROKKA_06292018:HG969998.1_72 (length 53)
plasmid_files/HG969998.1_results/PROKKA_06292018:HG969998.1_73 (length 90)
plasmid_files/HG969998.1_results/PROKKA_06292018:HG969998.1_74 (length 116)
plasmid_files/HG969998.1_results/PROKKA_06292018:HG969998.1_75 (length 118)
plasmid_files/HG969998.1_results/PROKKA_06292018:HG969998.1_76 (length 70)
plasmid_files/HG969998.1_results/PROKKA_06292018:HG969998.1_77 (length 74)
plasmid_files/HG969998.1_results/PROKKA_06292018:HG969998.1_78 (length 92)
plasmid_files/HG969998.1_results/PROKKA_06292018:HG969998.1_79 (length 137)
plasmid_files/HG969998.1_results/PROKKA_06292018:HG969998.1_80 (length 273)
plasmid_files/HG969998.1_results/PROKKA_06292018:HG969998.1_81 (length 161)
plasmid_files/HG969998.1_results/PROKKA_06292018:HG969998.1_82 (length 231)
plasmid_files/HG969998.1_results/PROKKA_06292018:HG969998.1_83 (length 326)
plasmid_files/HG969998.1_results/PROKKA_06292018:HG969998.1_84 (length 196)
plasmid_files/HG969998.1_results/PROKKA_06292018:HG969998.1_85 (length 246)
plasmid_files/HG969998.1_results/PROKKA_06292018:HG969998.1_86 (length 474)
plasmid_files/HG969998.1_results/PROKKA_06292018:HG969998.1_87 (length 190)
plasmid_files/HG969998.1_results/PROKKA_06292018:HG969998.1_88 (length 136)
plasmid_files/HG969998.1_results/PROKKA_06292018:HG969998.1_89 (length 72)
plasmid_files/HG969998.1_results/PROKKA_06292018:HG969998.1_90 (length 103)
plasmid_files/HG969998.1_results/PROKKA_06292018:HG969998.1_91 (length 129)
plasmid_files/HG969998.1_results/PROKKA_06292018:HG969998.1_92 (length 130)
plasmid_files/HG969998.1_results/PROKKA_06292018:HG969998.1_93 (length 879)
plasmid_files/HG969998.1_results/PROKKA_06292018:HG969998.1_94 (length 129)
plasmid_files/HG969998.1_results/PROKKA_06292018:HG969998.1_95 (length 208)
plasmid_files/HG969998.1_results/PROKKA_06292018:HG969998.1_96 (length 129)
plasmid_files/HG969998.1_results/PROKKA_06292018:HG969998.1_97 (length 329)
plasmid_files/HG969998.1_results/PROKKA_06292018:HG969998.1_98 (length 212)
plasmid_files/HG969998.1_results/PROKKA_06292018:HG969998.1_99 (length 651)
plasmid_files/HG969998.1_results/PROKKA_06292018:HG969998.1_100 (length 84)
plasmid_files/HG969998.1_results/PROKKA_06292018:HG969998.1_101 (length 88)
plasmid_files/HG969998.1_results/PROKKA_06292018:HG969998.1_102 (length 108)
plasmid_files/HG969998.1_results/PROKKA_06292018:HG969998.1_103 (length 250)
plasmid_files/HG969998.1_results/PROKKA_06292018:HG969998.1_104 (length 79)
plasmid_files/HG969998.1_results/PROKKA_06292018:HG969998.1_105 (length 185)
plasmid_files/HG969998.1_results/PROKKA_06292018:HG969998.1_106 (length 147)
plasmid_files/HG969998.1_results/PROKKA_06292018:HG969998.1_107 (length 455)
plasmid_files/HG969998.1_results/PROKKA_06292018:HG969998.1_108 (length 949)
plasmid_files/HG969998.1_results/PROKKA_06292018:HG969998.1_109 (length 182)
plasmid_files/HG969998.1_results/PROKKA_06292018:HG969998.1_110 (length 243)
plasmid_files/HG969998.1_results/PROKKA_06292018:HG969998.1_111 (length 229)
plasmid_files/HG969998.1_results/PROKKA_06292018:HG969998.1_112 (length 770)
plasmid_files/HG969998.1_results/PROKKA_06292018:HG969998.1_113 (length 1753)
plasmid_files/HG969998.1_results/PROKKA_06292018:HG969998.1_114 (length 241)
plasmid_files/HG969998.1_results/PROKKA_06292018:HG969998.1_115 (length 197)

DiscRep_ALL:DISC_SOURCE_QUALS_ASNDISC::strain (all present, all unique)
DiscRep_SUB:DISC_SOURCE_QUALS_ASNDISC::1 sources have unique values for strain
DiscRep_ALL:DISC_SOURCE_QUALS_ASNDISC::taxname (all present, all unique)
DiscRep_SUB:DISC_SOURCE_QUALS_ASNDISC::1 sources have unique values for taxname
DiscRep_ALL:DISC_FEATURE_COUNT::CDS: 115 present
DiscRep_ALL:DISC_COUNT_NUCLEOTIDES::1 nucleotide Bioseqs are present
plasmid_files/HG969998.1_results/PROKKA_06292018:HG969998.1 (length 103164)

DiscRep_ALL:FEATURE_LOCATION_CONFLICT::115 features have inconsistent gene locations.
DiscRep_SUB:FEATURE_LOCATION_CONFLICT::Coding region xref gene does not exist
plasmid_files/HG969998.1_results/PROKKA_06292018:CDS	hypothetical protein	HG969998.1:542-763	OFADLCKP_00001

DiscRep_SUB:FEATURE_LOCATION_CONFLICT::Coding region xref gene does not exist
plasmid_files/HG969998.1_results/PROKKA_06292018:CDS	hypothetical protein	HG969998.1:813-1457	OFADLCKP_00002

DiscRep_SUB:FEATURE_LOCATION_CONFLICT::Coding region xref gene does not exist
plasmid_files/HG969998.1_results/PROKKA_06292018:CDS	hypothetical protein	HG969998.1:1513-2163	OFADLCKP_00003

DiscRep_SUB:FEATURE_LOCATION_CONFLICT::Coding region xref gene does not exist
plasmid_files/HG969998.1_results/PROKKA_06292018:CDS	hypothetical protein	HG969998.1:2160-2468	OFADLCKP_00004

DiscRep_SUB:FEATURE_LOCATION_CONFLICT::Coding region xref gene does not exist
plasmid_files/HG969998.1_results/PROKKA_06292018:CDS	Phospholipase D	HG969998.1:2563-3123	OFADLCKP_00005

DiscRep_SUB:FEATURE_LOCATION_CONFLICT::Coding region xref gene does not exist
plasmid_files/HG969998.1_results/PROKKA_06292018:CDS	hypothetical protein	HG969998.1:3259-3510	OFADLCKP_00006

DiscRep_SUB:FEATURE_LOCATION_CONFLICT::Coding region xref gene does not exist
plasmid_files/HG969998.1_results/PROKKA_06292018:CDS	hypothetical protein	HG969998.1:3812-4669	OFADLCKP_00007

DiscRep_SUB:FEATURE_LOCATION_CONFLICT::Coding region xref gene does not exist
plasmid_files/HG969998.1_results/PROKKA_06292018:CDS	RNA chaperone ProQ	HG969998.1:5888-6451	OFADLCKP_00008

DiscRep_SUB:FEATURE_LOCATION_CONFLICT::Coding region xref gene does not exist
plasmid_files/HG969998.1_results/PROKKA_06292018:CDS	hypothetical protein	HG969998.1:6435-7046	OFADLCKP_00009

DiscRep_SUB:FEATURE_LOCATION_CONFLICT::Coding region xref gene does not exist
plasmid_files/HG969998.1_results/PROKKA_06292018:CDS	hypothetical protein	HG969998.1:c8435-7443	OFADLCKP_00010

DiscRep_SUB:FEATURE_LOCATION_CONFLICT::Coding region xref gene does not exist
plasmid_files/HG969998.1_results/PROKKA_06292018:CDS	hypothetical protein	HG969998.1:c8639-8484	OFADLCKP_00011

DiscRep_SUB:FEATURE_LOCATION_CONFLICT::Coding region xref gene does not exist
plasmid_files/HG969998.1_results/PROKKA_06292018:CDS	Tyrosine recombinase XerD	HG969998.1:c10649-8934	OFADLCKP_00012

DiscRep_SUB:FEATURE_LOCATION_CONFLICT::Coding region xref gene does not exist
plasmid_files/HG969998.1_results/PROKKA_06292018:CDS	hypothetical protein	HG969998.1:10759-13788	OFADLCKP_00013

DiscRep_SUB:FEATURE_LOCATION_CONFLICT::Coding region xref gene does not exist
plasmid_files/HG969998.1_results/PROKKA_06292018:CDS	hypothetical protein	HG969998.1:13895-14920	OFADLCKP_00014

DiscRep_SUB:FEATURE_LOCATION_CONFLICT::Coding region xref gene does not exist
plasmid_files/HG969998.1_results/PROKKA_06292018:CDS	Insertion sequence IS5376 putative ATP-binding protein	HG969998.1:14917-15696	OFADLCKP_00015

DiscRep_SUB:FEATURE_LOCATION_CONFLICT::Coding region xref gene does not exist
plasmid_files/HG969998.1_results/PROKKA_06292018:CDS	hypothetical protein	HG969998.1:15693-15932	OFADLCKP_00016

DiscRep_SUB:FEATURE_LOCATION_CONFLICT::Coding region xref gene does not exist
plasmid_files/HG969998.1_results/PROKKA_06292018:CDS	Carbapenem-hydrolyzing beta-lactamase KPC	HG969998.1:15984-16865	OFADLCKP_00017

DiscRep_SUB:FEATURE_LOCATION_CONFLICT::Coding region xref gene does not exist
plasmid_files/HG969998.1_results/PROKKA_06292018:CDS	hypothetical protein	HG969998.1:c18434-17115	OFADLCKP_00018

DiscRep_SUB:FEATURE_LOCATION_CONFLICT::Coding region xref gene does not exist
plasmid_files/HG969998.1_results/PROKKA_06292018:CDS	hypothetical protein	HG969998.1:c19895-18711	OFADLCKP_00019

DiscRep_SUB:FEATURE_LOCATION_CONFLICT::Coding region xref gene does not exist
plasmid_files/HG969998.1_results/PROKKA_06292018:CDS	hypothetical protein	HG969998.1:20015-20227	OFADLCKP_00020

DiscRep_SUB:FEATURE_LOCATION_CONFLICT::Coding region xref gene does not exist
plasmid_files/HG969998.1_results/PROKKA_06292018:CDS	hypothetical protein	HG969998.1:20399-20758	OFADLCKP_00021

DiscRep_SUB:FEATURE_LOCATION_CONFLICT::Coding region xref gene does not exist
plasmid_files/HG969998.1_results/PROKKA_06292018:CDS	hypothetical protein	HG969998.1:c21001-20885	OFADLCKP_00022

DiscRep_SUB:FEATURE_LOCATION_CONFLICT::Coding region xref gene does not exist
plasmid_files/HG969998.1_results/PROKKA_06292018:CDS	hypothetical protein	HG969998.1:c21620-21243	OFADLCKP_00023

DiscRep_SUB:FEATURE_LOCATION_CONFLICT::Coding region xref gene does not exist
plasmid_files/HG969998.1_results/PROKKA_06292018:CDS	hypothetical protein	HG969998.1:c21940-21665	OFADLCKP_00024

DiscRep_SUB:FEATURE_LOCATION_CONFLICT::Coding region xref gene does not exist
plasmid_files/HG969998.1_results/PROKKA_06292018:CDS	DNA replication and repair protein RecF	HG969998.1:c22684-21974	OFADLCKP_00025

DiscRep_SUB:FEATURE_LOCATION_CONFLICT::Coding region xref gene does not exist
plasmid_files/HG969998.1_results/PROKKA_06292018:CDS	tRNA(fMet)-specific endonuclease VapC	HG969998.1:c23174-22758	OFADLCKP_00026

DiscRep_SUB:FEATURE_LOCATION_CONFLICT::Coding region xref gene does not exist
plasmid_files/HG969998.1_results/PROKKA_06292018:CDS	Antitoxin VapB	HG969998.1:c23401-23171	OFADLCKP_00027

DiscRep_SUB:FEATURE_LOCATION_CONFLICT::Coding region xref gene does not exist
plasmid_files/HG969998.1_results/PROKKA_06292018:CDS	hypothetical protein	HG969998.1:24009-24260	OFADLCKP_00028

DiscRep_SUB:FEATURE_LOCATION_CONFLICT::Coding region xref gene does not exist
plasmid_files/HG969998.1_results/PROKKA_06292018:CDS	hypothetical protein	HG969998.1:24306-24614	OFADLCKP_00029

DiscRep_SUB:FEATURE_LOCATION_CONFLICT::Coding region xref gene does not exist
plasmid_files/HG969998.1_results/PROKKA_06292018:CDS	hypothetical protein	HG969998.1:24642-24971	OFADLCKP_00030

DiscRep_SUB:FEATURE_LOCATION_CONFLICT::Coding region xref gene does not exist
plasmid_files/HG969998.1_results/PROKKA_06292018:CDS	hypothetical protein	HG969998.1:24952-25395	OFADLCKP_00031

DiscRep_SUB:FEATURE_LOCATION_CONFLICT::Coding region xref gene does not exist
plasmid_files/HG969998.1_results/PROKKA_06292018:CDS	hypothetical protein	HG969998.1:25402-25734	OFADLCKP_00032

DiscRep_SUB:FEATURE_LOCATION_CONFLICT::Coding region xref gene does not exist
plasmid_files/HG969998.1_results/PROKKA_06292018:CDS	Tyrosine recombinase XerD	HG969998.1:25734-26516	OFADLCKP_00033

DiscRep_SUB:FEATURE_LOCATION_CONFLICT::Coding region xref gene does not exist
plasmid_files/HG969998.1_results/PROKKA_06292018:CDS	hypothetical protein	HG969998.1:c28203-27730	OFADLCKP_00034

DiscRep_SUB:FEATURE_LOCATION_CONFLICT::Coding region xref gene does not exist
plasmid_files/HG969998.1_results/PROKKA_06292018:CDS	hypothetical protein	HG969998.1:c29591-28323	OFADLCKP_00035

DiscRep_SUB:FEATURE_LOCATION_CONFLICT::Coding region xref gene does not exist
plasmid_files/HG969998.1_results/PROKKA_06292018:CDS	Type-1 restriction enzyme R protein	HG969998.1:c32853-29596	OFADLCKP_00036

DiscRep_SUB:FEATURE_LOCATION_CONFLICT::Coding region xref gene does not exist
plasmid_files/HG969998.1_results/PROKKA_06292018:CDS	hypothetical protein	HG969998.1:c34170-32854	OFADLCKP_00037

DiscRep_SUB:FEATURE_LOCATION_CONFLICT::Coding region xref gene does not exist
plasmid_files/HG969998.1_results/PROKKA_06292018:CDS	Type I restriction enzyme EcoKI M protein	HG969998.1:c36194-34167	OFADLCKP_00038

DiscRep_SUB:FEATURE_LOCATION_CONFLICT::Coding region xref gene does not exist
plasmid_files/HG969998.1_results/PROKKA_06292018:CDS	hypothetical protein	HG969998.1:c36744-36571	OFADLCKP_00039

DiscRep_SUB:FEATURE_LOCATION_CONFLICT::Coding region xref gene does not exist
plasmid_files/HG969998.1_results/PROKKA_06292018:CDS	hypothetical protein	HG969998.1:c37078-36746	OFADLCKP_00040

DiscRep_SUB:FEATURE_LOCATION_CONFLICT::Coding region xref gene does not exist
plasmid_files/HG969998.1_results/PROKKA_06292018:CDS	Virulence regulon transcriptional activator VirB	HG969998.1:c38429-37455	OFADLCKP_00041

DiscRep_SUB:FEATURE_LOCATION_CONFLICT::Coding region xref gene does not exist
plasmid_files/HG969998.1_results/PROKKA_06292018:CDS	Plasmid partition protein A	HG969998.1:c39631-38426	OFADLCKP_00042

DiscRep_SUB:FEATURE_LOCATION_CONFLICT::Coding region xref gene does not exist
plasmid_files/HG969998.1_results/PROKKA_06292018:CDS	Replication protein RepA	HG969998.1:c40849-39953	OFADLCKP_00043

DiscRep_SUB:FEATURE_LOCATION_CONFLICT::Coding region xref gene does not exist
plasmid_files/HG969998.1_results/PROKKA_06292018:CDS	Protein UmuC	HG969998.1:c42521-41250	OFADLCKP_00044

DiscRep_SUB:FEATURE_LOCATION_CONFLICT::Coding region xref gene does not exist
plasmid_files/HG969998.1_results/PROKKA_06292018:CDS	Protein UmuD	HG969998.1:c42952-42521	OFADLCKP_00045

DiscRep_SUB:FEATURE_LOCATION_CONFLICT::Coding region xref gene does not exist
plasmid_files/HG969998.1_results/PROKKA_06292018:CDS	Plasmid segregation protein ParM	HG969998.1:43184-44155	OFADLCKP_00046

DiscRep_SUB:FEATURE_LOCATION_CONFLICT::Coding region xref gene does not exist
plasmid_files/HG969998.1_results/PROKKA_06292018:CDS	hypothetical protein	HG969998.1:44158-44829	OFADLCKP_00047

DiscRep_SUB:FEATURE_LOCATION_CONFLICT::Coding region xref gene does not exist
plasmid_files/HG969998.1_results/PROKKA_06292018:CDS	hypothetical protein	HG969998.1:44890-45120	OFADLCKP_00048

DiscRep_SUB:FEATURE_LOCATION_CONFLICT::Coding region xref gene does not exist
plasmid_files/HG969998.1_results/PROKKA_06292018:CDS	DNA adenine methyltransferase YhdJ	HG969998.1:45557-46258	OFADLCKP_00049

DiscRep_SUB:FEATURE_LOCATION_CONFLICT::Coding region xref gene does not exist
plasmid_files/HG969998.1_results/PROKKA_06292018:CDS	hypothetical protein	HG969998.1:46258-46479	OFADLCKP_00050

DiscRep_SUB:FEATURE_LOCATION_CONFLICT::Coding region xref gene does not exist
plasmid_files/HG969998.1_results/PROKKA_06292018:CDS	hypothetical protein	HG969998.1:46489-46908	OFADLCKP_00051

DiscRep_SUB:FEATURE_LOCATION_CONFLICT::Coding region xref gene does not exist
plasmid_files/HG969998.1_results/PROKKA_06292018:CDS	hypothetical protein	HG969998.1:46965-47729	OFADLCKP_00052

DiscRep_SUB:FEATURE_LOCATION_CONFLICT::Coding region xref gene does not exist
plasmid_files/HG969998.1_results/PROKKA_06292018:CDS	Antirestriction protein KlcA	HG969998.1:48409-48837	OFADLCKP_00053

DiscRep_SUB:FEATURE_LOCATION_CONFLICT::Coding region xref gene does not exist
plasmid_files/HG969998.1_results/PROKKA_06292018:CDS	hypothetical protein	HG969998.1:48880-49386	OFADLCKP_00054

DiscRep_SUB:FEATURE_LOCATION_CONFLICT::Coding region xref gene does not exist
plasmid_files/HG969998.1_results/PROKKA_06292018:CDS	hypothetical protein	HG969998.1:49429-49620	OFADLCKP_00055

DiscRep_SUB:FEATURE_LOCATION_CONFLICT::Coding region xref gene does not exist
plasmid_files/HG969998.1_results/PROKKA_06292018:CDS	DNA polymerase III subunit theta	HG969998.1:49808-50062	OFADLCKP_00056

DiscRep_SUB:FEATURE_LOCATION_CONFLICT::Coding region xref gene does not exist
plasmid_files/HG969998.1_results/PROKKA_06292018:CDS	hypothetical protein	HG969998.1:50097-50414	OFADLCKP_00057

DiscRep_SUB:FEATURE_LOCATION_CONFLICT::Coding region xref gene does not exist
plasmid_files/HG969998.1_results/PROKKA_06292018:CDS	hypothetical protein	HG969998.1:50722-50898	OFADLCKP_00058

DiscRep_SUB:FEATURE_LOCATION_CONFLICT::Coding region xref gene does not exist
plasmid_files/HG969998.1_results/PROKKA_06292018:CDS	hypothetical protein	HG969998.1:51198-51425	OFADLCKP_00059

DiscRep_SUB:FEATURE_LOCATION_CONFLICT::Coding region xref gene does not exist
plasmid_files/HG969998.1_results/PROKKA_06292018:CDS	hypothetical protein	HG969998.1:51517-51747	OFADLCKP_00060

DiscRep_SUB:FEATURE_LOCATION_CONFLICT::Coding region xref gene does not exist
plasmid_files/HG969998.1_results/PROKKA_06292018:CDS	hypothetical protein	HG969998.1:51799-53154	OFADLCKP_00061

DiscRep_SUB:FEATURE_LOCATION_CONFLICT::Coding region xref gene does not exist
plasmid_files/HG969998.1_results/PROKKA_06292018:CDS	hypothetical protein	HG969998.1:53202-53765	OFADLCKP_00062

DiscRep_SUB:FEATURE_LOCATION_CONFLICT::Coding region xref gene does not exist
plasmid_files/HG969998.1_results/PROKKA_06292018:CDS	hypothetical protein	HG969998.1:c53980-53660	OFADLCKP_00063

DiscRep_SUB:FEATURE_LOCATION_CONFLICT::Coding region xref gene does not exist
plasmid_files/HG969998.1_results/PROKKA_06292018:CDS	Plasmid-derived single-stranded DNA-binding protein	HG969998.1:54541-55083	OFADLCKP_00064

DiscRep_SUB:FEATURE_LOCATION_CONFLICT::Coding region xref gene does not exist
plasmid_files/HG969998.1_results/PROKKA_06292018:CDS	hypothetical protein	HG969998.1:55132-55380	OFADLCKP_00065

DiscRep_SUB:FEATURE_LOCATION_CONFLICT::Coding region xref gene does not exist
plasmid_files/HG969998.1_results/PROKKA_06292018:CDS	Chromosome-partitioning protein Spo0J	HG969998.1:55450-57486	OFADLCKP_00066

DiscRep_SUB:FEATURE_LOCATION_CONFLICT::Coding region xref gene does not exist
plasmid_files/HG969998.1_results/PROKKA_06292018:CDS	Protein PsiB	HG969998.1:57553-57984	OFADLCKP_00067

DiscRep_SUB:FEATURE_LOCATION_CONFLICT::Coding region xref gene does not exist
plasmid_files/HG969998.1_results/PROKKA_06292018:CDS	hypothetical protein	HG969998.1:57981-58709	OFADLCKP_00068

DiscRep_SUB:FEATURE_LOCATION_CONFLICT::Coding region xref gene does not exist
plasmid_files/HG969998.1_results/PROKKA_06292018:CDS	hypothetical protein	HG969998.1:58706-59032	OFADLCKP_00069

DiscRep_SUB:FEATURE_LOCATION_CONFLICT::Coding region xref gene does not exist
plasmid_files/HG969998.1_results/PROKKA_06292018:CDS	hypothetical protein	HG969998.1:59088-59462	OFADLCKP_00070

DiscRep_SUB:FEATURE_LOCATION_CONFLICT::Coding region xref gene does not exist
plasmid_files/HG969998.1_results/PROKKA_06292018:CDS	hypothetical protein	HG969998.1:c60719-59640	OFADLCKP_00071

DiscRep_SUB:FEATURE_LOCATION_CONFLICT::Coding region xref gene does not exist
plasmid_files/HG969998.1_results/PROKKA_06292018:CDS	Stable plasmid inheritance protein	HG969998.1:60791-60952	OFADLCKP_00072

DiscRep_SUB:FEATURE_LOCATION_CONFLICT::Coding region xref gene does not exist
plasmid_files/HG969998.1_results/PROKKA_06292018:CDS	hypothetical protein	HG969998.1:61652-61924	OFADLCKP_00073

DiscRep_SUB:FEATURE_LOCATION_CONFLICT::Coding region xref gene does not exist
plasmid_files/HG969998.1_results/PROKKA_06292018:CDS	hypothetical protein	HG969998.1:61921-62271	OFADLCKP_00074

DiscRep_SUB:FEATURE_LOCATION_CONFLICT::Coding region xref gene does not exist
plasmid_files/HG969998.1_results/PROKKA_06292018:CDS	hypothetical protein	HG969998.1:62907-63263	OFADLCKP_00075

DiscRep_SUB:FEATURE_LOCATION_CONFLICT::Coding region xref gene does not exist
plasmid_files/HG969998.1_results/PROKKA_06292018:CDS	hypothetical protein	HG969998.1:63324-63536	OFADLCKP_00076

DiscRep_SUB:FEATURE_LOCATION_CONFLICT::Coding region xref gene does not exist
plasmid_files/HG969998.1_results/PROKKA_06292018:CDS	hypothetical protein	HG969998.1:63547-63771	OFADLCKP_00077

DiscRep_SUB:FEATURE_LOCATION_CONFLICT::Coding region xref gene does not exist
plasmid_files/HG969998.1_results/PROKKA_06292018:CDS	Antitoxin HigA1	HG969998.1:64162-64440	OFADLCKP_00078

DiscRep_SUB:FEATURE_LOCATION_CONFLICT::Coding region xref gene does not exist
plasmid_files/HG969998.1_results/PROKKA_06292018:CDS	Antitoxin HigA	HG969998.1:64441-64854	OFADLCKP_00079

DiscRep_SUB:FEATURE_LOCATION_CONFLICT::Coding region xref gene does not exist
plasmid_files/HG969998.1_results/PROKKA_06292018:CDS	hypothetical protein	HG969998.1:65688-66509	OFADLCKP_00080

DiscRep_SUB:FEATURE_LOCATION_CONFLICT::Coding region xref gene does not exist
plasmid_files/HG969998.1_results/PROKKA_06292018:CDS	hypothetical protein	HG969998.1:c67389-66904	OFADLCKP_00081

DiscRep_SUB:FEATURE_LOCATION_CONFLICT::Coding region xref gene does not exist
plasmid_files/HG969998.1_results/PROKKA_06292018:CDS	Protein TraJ	HG969998.1:68429-69124	OFADLCKP_00082

DiscRep_SUB:FEATURE_LOCATION_CONFLICT::Coding region xref gene does not exist
plasmid_files/HG969998.1_results/PROKKA_06292018:CDS	hypothetical protein	HG969998.1:c70776-69796	OFADLCKP_00083

DiscRep_SUB:FEATURE_LOCATION_CONFLICT::Coding region xref gene does not exist
plasmid_files/HG969998.1_results/PROKKA_06292018:CDS	hypothetical protein	HG969998.1:70802-71392	OFADLCKP_00084

DiscRep_SUB:FEATURE_LOCATION_CONFLICT::Coding region xref gene does not exist
plasmid_files/HG969998.1_results/PROKKA_06292018:CDS	hypothetical protein	HG969998.1:71379-72119	OFADLCKP_00085

DiscRep_SUB:FEATURE_LOCATION_CONFLICT::Coding region xref gene does not exist
plasmid_files/HG969998.1_results/PROKKA_06292018:CDS	hypothetical protein	HG969998.1:72119-73543	OFADLCKP_00086

DiscRep_SUB:FEATURE_LOCATION_CONFLICT::Coding region xref gene does not exist
plasmid_files/HG969998.1_results/PROKKA_06292018:CDS	Protein TraV	HG969998.1:73669-74241	OFADLCKP_00087

DiscRep_SUB:FEATURE_LOCATION_CONFLICT::Coding region xref gene does not exist
plasmid_files/HG969998.1_results/PROKKA_06292018:CDS	hypothetical protein	HG969998.1:74373-74783	OFADLCKP_00088

DiscRep_SUB:FEATURE_LOCATION_CONFLICT::Coding region xref gene does not exist
plasmid_files/HG969998.1_results/PROKKA_06292018:CDS	hypothetical protein	HG969998.1:74889-75107	OFADLCKP_00089

DiscRep_SUB:FEATURE_LOCATION_CONFLICT::Coding region xref gene does not exist
plasmid_files/HG969998.1_results/PROKKA_06292018:CDS	hypothetical protein	HG969998.1:75108-75419	OFADLCKP_00090

DiscRep_SUB:FEATURE_LOCATION_CONFLICT::Coding region xref gene does not exist
plasmid_files/HG969998.1_results/PROKKA_06292018:CDS	hypothetical protein	HG969998.1:75933-76322	OFADLCKP_00091

DiscRep_SUB:FEATURE_LOCATION_CONFLICT::Coding region xref gene does not exist
plasmid_files/HG969998.1_results/PROKKA_06292018:CDS	hypothetical protein	HG969998.1:76336-76728	OFADLCKP_00092

DiscRep_SUB:FEATURE_LOCATION_CONFLICT::Coding region xref gene does not exist
plasmid_files/HG969998.1_results/PROKKA_06292018:CDS	Protein TraC	HG969998.1:76800-79439	OFADLCKP_00093

DiscRep_SUB:FEATURE_LOCATION_CONFLICT::Coding region xref gene does not exist
plasmid_files/HG969998.1_results/PROKKA_06292018:CDS	hypothetical protein	HG969998.1:79439-79828	OFADLCKP_00094

DiscRep_SUB:FEATURE_LOCATION_CONFLICT::Coding region xref gene does not exist
plasmid_files/HG969998.1_results/PROKKA_06292018:CDS	hypothetical protein	HG969998.1:79828-80454	OFADLCKP_00095

DiscRep_SUB:FEATURE_LOCATION_CONFLICT::Coding region xref gene does not exist
plasmid_files/HG969998.1_results/PROKKA_06292018:CDS	hypothetical protein	HG969998.1:80496-80885	OFADLCKP_00096

DiscRep_SUB:FEATURE_LOCATION_CONFLICT::Coding region xref gene does not exist
plasmid_files/HG969998.1_results/PROKKA_06292018:CDS	hypothetical protein	HG969998.1:80882-81871	OFADLCKP_00097

DiscRep_SUB:FEATURE_LOCATION_CONFLICT::Coding region xref gene does not exist
plasmid_files/HG969998.1_results/PROKKA_06292018:CDS	hypothetical protein	HG969998.1:81884-82522	OFADLCKP_00098

DiscRep_SUB:FEATURE_LOCATION_CONFLICT::Coding region xref gene does not exist
plasmid_files/HG969998.1_results/PROKKA_06292018:CDS	hypothetical protein	HG969998.1:82581-84536	OFADLCKP_00099

DiscRep_SUB:FEATURE_LOCATION_CONFLICT::Coding region xref gene does not exist
plasmid_files/HG969998.1_results/PROKKA_06292018:CDS	hypothetical protein	HG969998.1:84568-84822	OFADLCKP_00100

DiscRep_SUB:FEATURE_LOCATION_CONFLICT::Coding region xref gene does not exist
plasmid_files/HG969998.1_results/PROKKA_06292018:CDS	hypothetical protein	HG969998.1:84782-85048	OFADLCKP_00101

DiscRep_SUB:FEATURE_LOCATION_CONFLICT::Coding region xref gene does not exist
plasmid_files/HG969998.1_results/PROKKA_06292018:CDS	hypothetical protein	HG969998.1:85061-85387	OFADLCKP_00102

DiscRep_SUB:FEATURE_LOCATION_CONFLICT::Coding region xref gene does not exist
plasmid_files/HG969998.1_results/PROKKA_06292018:CDS	hypothetical protein	HG969998.1:85408-86160	OFADLCKP_00103

DiscRep_SUB:FEATURE_LOCATION_CONFLICT::Coding region xref gene does not exist
plasmid_files/HG969998.1_results/PROKKA_06292018:CDS	Protein TraQ	HG969998.1:86171-86410	OFADLCKP_00104

DiscRep_SUB:FEATURE_LOCATION_CONFLICT::Coding region xref gene does not exist
plasmid_files/HG969998.1_results/PROKKA_06292018:CDS	hypothetical protein	HG969998.1:86382-86939	OFADLCKP_00105

DiscRep_SUB:FEATURE_LOCATION_CONFLICT::Coding region xref gene does not exist
plasmid_files/HG969998.1_results/PROKKA_06292018:CDS	hypothetical protein	HG969998.1:86985-87428	OFADLCKP_00106

DiscRep_SUB:FEATURE_LOCATION_CONFLICT::Coding region xref gene does not exist
plasmid_files/HG969998.1_results/PROKKA_06292018:CDS	hypothetical protein	HG969998.1:87418-88785	OFADLCKP_00107

DiscRep_SUB:FEATURE_LOCATION_CONFLICT::Coding region xref gene does not exist
plasmid_files/HG969998.1_results/PROKKA_06292018:CDS	hypothetical protein	HG969998.1:88785-91634	OFADLCKP_00108

DiscRep_SUB:FEATURE_LOCATION_CONFLICT::Coding region xref gene does not exist
plasmid_files/HG969998.1_results/PROKKA_06292018:CDS	Protein TraS	HG969998.1:91647-92195	OFADLCKP_00109

DiscRep_SUB:FEATURE_LOCATION_CONFLICT::Coding region xref gene does not exist
plasmid_files/HG969998.1_results/PROKKA_06292018:CDS	Lipoprotein YlpA	HG969998.1:92379-93110	OFADLCKP_00110

DiscRep_SUB:FEATURE_LOCATION_CONFLICT::Coding region xref gene does not exist
plasmid_files/HG969998.1_results/PROKKA_06292018:CDS	hypothetical protein	HG969998.1:93302-93991	OFADLCKP_00111

DiscRep_SUB:FEATURE_LOCATION_CONFLICT::Coding region xref gene does not exist
plasmid_files/HG969998.1_results/PROKKA_06292018:CDS	Coupling protein TraD	HG969998.1:94120-96432	OFADLCKP_00112

DiscRep_SUB:FEATURE_LOCATION_CONFLICT::Coding region xref gene does not exist
plasmid_files/HG969998.1_results/PROKKA_06292018:CDS	Multifunctional conjugation protein TraI	HG969998.1:96432-101693	OFADLCKP_00113

DiscRep_SUB:FEATURE_LOCATION_CONFLICT::Coding region xref gene does not exist
plasmid_files/HG969998.1_results/PROKKA_06292018:CDS	hypothetical protein	HG969998.1:101774-102499	OFADLCKP_00114

DiscRep_SUB:FEATURE_LOCATION_CONFLICT::Coding region xref gene does not exist
plasmid_files/HG969998.1_results/PROKKA_06292018:CDS	Fertility inhibition protein	HG969998.1:102571-103164	OFADLCKP_00115

DiscRep_ALL:DISC_QUALITY_SCORES::Quality scores are missing on all sequences.

DiscRep_ALL:ONCALLER_COMMENT_PRESENT::1 comment descriptors were found (all same)
plasmid_files/HG969998.1_results/PROKKA_06292018:HG969998.1:Annotated using prokka 1.14-dev from https://github.com/tseemann/prokka

DiscRep_ALL:SHORT_PROT_SEQUENCES::1 protein sequences are shorter than 50 aa.
plasmid_files/HG969998.1_results/PROKKA_06292018:HG969998.1_22 (length 38)

DiscRep_ALL:MISSING_GENOMEASSEMBLY_COMMENTS::1 bioseqs are missing GenomeAssembly structured comments
plasmid_files/HG969998.1_results/PROKKA_06292018:HG969998.1 (length 103164)

DiscRep_ALL:MOLTYPE_NOT_MRNA::1 molecule types are not set as mRNA.
plasmid_files/HG969998.1_results/PROKKA_06292018:HG969998.1 (length 103164)

DiscRep_ALL:TECHNIQUE_NOT_TSA::1 technique are not set as TSA
plasmid_files/HG969998.1_results/PROKKA_06292018:HG969998.1 (length 103164)

DiscRep_ALL:MISSING_STRUCTURED_COMMENT::1 sequences do not include structured comments.
plasmid_files/HG969998.1_results/PROKKA_06292018:HG969998.1 (length 103164)

DiscRep_ALL:MISSING_PROJECT::116 sequences do not include project.
plasmid_files/HG969998.1_results/PROKKA_06292018:HG969998.1 (length 103164)
plasmid_files/HG969998.1_results/PROKKA_06292018:HG969998.1_1 (length 73)
plasmid_files/HG969998.1_results/PROKKA_06292018:HG969998.1_2 (length 214)
plasmid_files/HG969998.1_results/PROKKA_06292018:HG969998.1_3 (length 216)
plasmid_files/HG969998.1_results/PROKKA_06292018:HG969998.1_4 (length 102)
plasmid_files/HG969998.1_results/PROKKA_06292018:HG969998.1_5 (length 186)
plasmid_files/HG969998.1_results/PROKKA_06292018:HG969998.1_6 (length 83)
plasmid_files/HG969998.1_results/PROKKA_06292018:HG969998.1_7 (length 285)
plasmid_files/HG969998.1_results/PROKKA_06292018:HG969998.1_8 (length 187)
plasmid_files/HG969998.1_results/PROKKA_06292018:HG969998.1_9 (length 203)
plasmid_files/HG969998.1_results/PROKKA_06292018:HG969998.1_10 (length 330)
plasmid_files/HG969998.1_results/PROKKA_06292018:HG969998.1_11 (length 51)
plasmid_files/HG969998.1_results/PROKKA_06292018:HG969998.1_12 (length 571)
plasmid_files/HG969998.1_results/PROKKA_06292018:HG969998.1_13 (length 1009)
plasmid_files/HG969998.1_results/PROKKA_06292018:HG969998.1_14 (length 341)
plasmid_files/HG969998.1_results/PROKKA_06292018:HG969998.1_15 (length 259)
plasmid_files/HG969998.1_results/PROKKA_06292018:HG969998.1_16 (length 79)
plasmid_files/HG969998.1_results/PROKKA_06292018:HG969998.1_17 (length 293)
plasmid_files/HG969998.1_results/PROKKA_06292018:HG969998.1_18 (length 439)
plasmid_files/HG969998.1_results/PROKKA_06292018:HG969998.1_19 (length 394)
plasmid_files/HG969998.1_results/PROKKA_06292018:HG969998.1_20 (length 70)
plasmid_files/HG969998.1_results/PROKKA_06292018:HG969998.1_21 (length 119)
plasmid_files/HG969998.1_results/PROKKA_06292018:HG969998.1_22 (length 38)
plasmid_files/HG969998.1_results/PROKKA_06292018:HG969998.1_23 (length 125)
plasmid_files/HG969998.1_results/PROKKA_06292018:HG969998.1_24 (length 91)
plasmid_files/HG969998.1_results/PROKKA_06292018:HG969998.1_25 (length 236)
plasmid_files/HG969998.1_results/PROKKA_06292018:HG969998.1_26 (length 138)
plasmid_files/HG969998.1_results/PROKKA_06292018:HG969998.1_27 (length 76)
plasmid_files/HG969998.1_results/PROKKA_06292018:HG969998.1_28 (length 83)
plasmid_files/HG969998.1_results/PROKKA_06292018:HG969998.1_29 (length 102)
plasmid_files/HG969998.1_results/PROKKA_06292018:HG969998.1_30 (length 109)
plasmid_files/HG969998.1_results/PROKKA_06292018:HG969998.1_31 (length 147)
plasmid_files/HG969998.1_results/PROKKA_06292018:HG969998.1_32 (length 110)
plasmid_files/HG969998.1_results/PROKKA_06292018:HG969998.1_33 (length 260)
plasmid_files/HG969998.1_results/PROKKA_06292018:HG969998.1_34 (length 157)
plasmid_files/HG969998.1_results/PROKKA_06292018:HG969998.1_35 (length 422)
plasmid_files/HG969998.1_results/PROKKA_06292018:HG969998.1_36 (length 1085)
plasmid_files/HG969998.1_results/PROKKA_06292018:HG969998.1_37 (length 438)
plasmid_files/HG969998.1_results/PROKKA_06292018:HG969998.1_38 (length 675)
plasmid_files/HG969998.1_results/PROKKA_06292018:HG969998.1_39 (length 57)
plasmid_files/HG969998.1_results/PROKKA_06292018:HG969998.1_40 (length 110)
plasmid_files/HG969998.1_results/PROKKA_06292018:HG969998.1_41 (length 324)
plasmid_files/HG969998.1_results/PROKKA_06292018:HG969998.1_42 (length 401)
plasmid_files/HG969998.1_results/PROKKA_06292018:HG969998.1_43 (length 298)
plasmid_files/HG969998.1_results/PROKKA_06292018:HG969998.1_44 (length 423)
plasmid_files/HG969998.1_results/PROKKA_06292018:HG969998.1_45 (length 143)
plasmid_files/HG969998.1_results/PROKKA_06292018:HG969998.1_46 (length 323)
plasmid_files/HG969998.1_results/PROKKA_06292018:HG969998.1_47 (length 223)
plasmid_files/HG969998.1_results/PROKKA_06292018:HG969998.1_48 (length 76)
plasmid_files/HG969998.1_results/PROKKA_06292018:HG969998.1_49 (length 233)
plasmid_files/HG969998.1_results/PROKKA_06292018:HG969998.1_50 (length 73)
plasmid_files/HG969998.1_results/PROKKA_06292018:HG969998.1_51 (length 139)
plasmid_files/HG969998.1_results/PROKKA_06292018:HG969998.1_52 (length 254)
plasmid_files/HG969998.1_results/PROKKA_06292018:HG969998.1_53 (length 142)
plasmid_files/HG969998.1_results/PROKKA_06292018:HG969998.1_54 (length 168)
plasmid_files/HG969998.1_results/PROKKA_06292018:HG969998.1_55 (length 63)
plasmid_files/HG969998.1_results/PROKKA_06292018:HG969998.1_56 (length 84)
plasmid_files/HG969998.1_results/PROKKA_06292018:HG969998.1_57 (length 105)
plasmid_files/HG969998.1_results/PROKKA_06292018:HG969998.1_58 (length 58)
plasmid_files/HG969998.1_results/PROKKA_06292018:HG969998.1_59 (length 75)
plasmid_files/HG969998.1_results/PROKKA_06292018:HG969998.1_60 (length 76)
plasmid_files/HG969998.1_results/PROKKA_06292018:HG969998.1_61 (length 451)
plasmid_files/HG969998.1_results/PROKKA_06292018:HG969998.1_62 (length 187)
plasmid_files/HG969998.1_results/PROKKA_06292018:HG969998.1_63 (length 106)
plasmid_files/HG969998.1_results/PROKKA_06292018:HG969998.1_64 (length 180)
plasmid_files/HG969998.1_results/PROKKA_06292018:HG969998.1_65 (length 82)
plasmid_files/HG969998.1_results/PROKKA_06292018:HG969998.1_66 (length 678)
plasmid_files/HG969998.1_results/PROKKA_06292018:HG969998.1_67 (length 143)
plasmid_files/HG969998.1_results/PROKKA_06292018:HG969998.1_68 (length 242)
plasmid_files/HG969998.1_results/PROKKA_06292018:HG969998.1_69 (length 108)
plasmid_files/HG969998.1_results/PROKKA_06292018:HG969998.1_70 (length 124)
plasmid_files/HG969998.1_results/PROKKA_06292018:HG969998.1_71 (length 359)
plasmid_files/HG969998.1_results/PROKKA_06292018:HG969998.1_72 (length 53)
plasmid_files/HG969998.1_results/PROKKA_06292018:HG969998.1_73 (length 90)
plasmid_files/HG969998.1_results/PROKKA_06292018:HG969998.1_74 (length 116)
plasmid_files/HG969998.1_results/PROKKA_06292018:HG969998.1_75 (length 118)
plasmid_files/HG969998.1_results/PROKKA_06292018:HG969998.1_76 (length 70)
plasmid_files/HG969998.1_results/PROKKA_06292018:HG969998.1_77 (length 74)
plasmid_files/HG969998.1_results/PROKKA_06292018:HG969998.1_78 (length 92)
plasmid_files/HG969998.1_results/PROKKA_06292018:HG969998.1_79 (length 137)
plasmid_files/HG969998.1_results/PROKKA_06292018:HG969998.1_80 (length 273)
plasmid_files/HG969998.1_results/PROKKA_06292018:HG969998.1_81 (length 161)
plasmid_files/HG969998.1_results/PROKKA_06292018:HG969998.1_82 (length 231)
plasmid_files/HG969998.1_results/PROKKA_06292018:HG969998.1_83 (length 326)
plasmid_files/HG969998.1_results/PROKKA_06292018:HG969998.1_84 (length 196)
plasmid_files/HG969998.1_results/PROKKA_06292018:HG969998.1_85 (length 246)
plasmid_files/HG969998.1_results/PROKKA_06292018:HG969998.1_86 (length 474)
plasmid_files/HG969998.1_results/PROKKA_06292018:HG969998.1_87 (length 190)
plasmid_files/HG969998.1_results/PROKKA_06292018:HG969998.1_88 (length 136)
plasmid_files/HG969998.1_results/PROKKA_06292018:HG969998.1_89 (length 72)
plasmid_files/HG969998.1_results/PROKKA_06292018:HG969998.1_90 (length 103)
plasmid_files/HG969998.1_results/PROKKA_06292018:HG969998.1_91 (length 129)
plasmid_files/HG969998.1_results/PROKKA_06292018:HG969998.1_92 (length 130)
plasmid_files/HG969998.1_results/PROKKA_06292018:HG969998.1_93 (length 879)
plasmid_files/HG969998.1_results/PROKKA_06292018:HG969998.1_94 (length 129)
plasmid_files/HG969998.1_results/PROKKA_06292018:HG969998.1_95 (length 208)
plasmid_files/HG969998.1_results/PROKKA_06292018:HG969998.1_96 (length 129)
plasmid_files/HG969998.1_results/PROKKA_06292018:HG969998.1_97 (length 329)
plasmid_files/HG969998.1_results/PROKKA_06292018:HG969998.1_98 (length 212)
plasmid_files/HG969998.1_results/PROKKA_06292018:HG969998.1_99 (length 651)
plasmid_files/HG969998.1_results/PROKKA_06292018:HG969998.1_100 (length 84)
plasmid_files/HG969998.1_results/PROKKA_06292018:HG969998.1_101 (length 88)
plasmid_files/HG969998.1_results/PROKKA_06292018:HG969998.1_102 (length 108)
plasmid_files/HG969998.1_results/PROKKA_06292018:HG969998.1_103 (length 250)
plasmid_files/HG969998.1_results/PROKKA_06292018:HG969998.1_104 (length 79)
plasmid_files/HG969998.1_results/PROKKA_06292018:HG969998.1_105 (length 185)
plasmid_files/HG969998.1_results/PROKKA_06292018:HG969998.1_106 (length 147)
plasmid_files/HG969998.1_results/PROKKA_06292018:HG969998.1_107 (length 455)
plasmid_files/HG969998.1_results/PROKKA_06292018:HG969998.1_108 (length 949)
plasmid_files/HG969998.1_results/PROKKA_06292018:HG969998.1_109 (length 182)
plasmid_files/HG969998.1_results/PROKKA_06292018:HG969998.1_110 (length 243)
plasmid_files/HG969998.1_results/PROKKA_06292018:HG969998.1_111 (length 229)
plasmid_files/HG969998.1_results/PROKKA_06292018:HG969998.1_112 (length 770)
plasmid_files/HG969998.1_results/PROKKA_06292018:HG969998.1_113 (length 1753)
plasmid_files/HG969998.1_results/PROKKA_06292018:HG969998.1_114 (length 241)
plasmid_files/HG969998.1_results/PROKKA_06292018:HG969998.1_115 (length 197)

DiscRep_ALL:DISC_INCONSISTENT_MOLINFO_TECH::Molinfo Technique Report (some missing, all same)
DiscRep_SUB:DISC_INCONSISTENT_MOLINFO_TECH::technique (all missing)
DiscRep_SUB:DISC_INCONSISTENT_MOLINFO_TECH::1 Molinfos are missing field technique
plasmid_files/HG969998.1_results/PROKKA_06292018:HG969998.1 (length 103164)

