Discrepancy Report Results

Summary
FATAL: MISSING_PROTEIN_ID:170 proteins have invalid IDs.
DISC_SOURCE_QUALS_ASNDISC:strain (all present, all unique)
DISC_SOURCE_QUALS_ASNDISC:taxname (all present, all unique)
DISC_FEATURE_COUNT:CDS: 170 present
DISC_FEATURE_COUNT:tRNA: 1 present
DISC_COUNT_NUCLEOTIDES:1 nucleotide Bioseqs are present
FEATURE_LOCATION_CONFLICT:171 features have inconsistent gene locations.
DISC_QUALITY_SCORES:Quality scores are missing on all sequences.
ONCALLER_COMMENT_PRESENT:1 comment descriptors were found (all same)
SHORT_PROT_SEQUENCES:4 protein sequences are shorter than 50 aa.
MISSING_GENOMEASSEMBLY_COMMENTS:1 bioseqs are missing GenomeAssembly structured comments
MOLTYPE_NOT_MRNA:1 molecule types are not set as mRNA.
TECHNIQUE_NOT_TSA:1 technique are not set as TSA
MISSING_STRUCTURED_COMMENT:1 sequences do not include structured comments.
MISSING_PROJECT:171 sequences do not include project.
DISC_INCONSISTENT_MOLINFO_TECH:Molinfo Technique Report (some missing, all same)


Detailed Report

FATAL: DiscRep_ALL:MISSING_PROTEIN_ID::170 proteins have invalid IDs.
plasmid_files/KC788405.1_results/PROKKA_06292018:KC788405.1_1 (length 433)
plasmid_files/KC788405.1_results/PROKKA_06292018:KC788405.1_2 (length 399)
plasmid_files/KC788405.1_results/PROKKA_06292018:KC788405.1_3 (length 62)
plasmid_files/KC788405.1_results/PROKKA_06292018:KC788405.1_4 (length 169)
plasmid_files/KC788405.1_results/PROKKA_06292018:KC788405.1_5 (length 200)
plasmid_files/KC788405.1_results/PROKKA_06292018:KC788405.1_6 (length 448)
plasmid_files/KC788405.1_results/PROKKA_06292018:KC788405.1_7 (length 100)
plasmid_files/KC788405.1_results/PROKKA_06292018:KC788405.1_8 (length 208)
plasmid_files/KC788405.1_results/PROKKA_06292018:KC788405.1_9 (length 423)
plasmid_files/KC788405.1_results/PROKKA_06292018:KC788405.1_10 (length 145)
plasmid_files/KC788405.1_results/PROKKA_06292018:KC788405.1_11 (length 82)
plasmid_files/KC788405.1_results/PROKKA_06292018:KC788405.1_12 (length 308)
plasmid_files/KC788405.1_results/PROKKA_06292018:KC788405.1_13 (length 111)
plasmid_files/KC788405.1_results/PROKKA_06292018:KC788405.1_14 (length 326)
plasmid_files/KC788405.1_results/PROKKA_06292018:KC788405.1_15 (length 142)
plasmid_files/KC788405.1_results/PROKKA_06292018:KC788405.1_16 (length 227)
plasmid_files/KC788405.1_results/PROKKA_06292018:KC788405.1_17 (length 73)
plasmid_files/KC788405.1_results/PROKKA_06292018:KC788405.1_18 (length 144)
plasmid_files/KC788405.1_results/PROKKA_06292018:KC788405.1_19 (length 256)
plasmid_files/KC788405.1_results/PROKKA_06292018:KC788405.1_20 (length 141)
plasmid_files/KC788405.1_results/PROKKA_06292018:KC788405.1_21 (length 140)
plasmid_files/KC788405.1_results/PROKKA_06292018:KC788405.1_22 (length 63)
plasmid_files/KC788405.1_results/PROKKA_06292018:KC788405.1_23 (length 175)
plasmid_files/KC788405.1_results/PROKKA_06292018:KC788405.1_24 (length 77)
plasmid_files/KC788405.1_results/PROKKA_06292018:KC788405.1_25 (length 652)
plasmid_files/KC788405.1_results/PROKKA_06292018:KC788405.1_26 (length 144)
plasmid_files/KC788405.1_results/PROKKA_06292018:KC788405.1_27 (length 239)
plasmid_files/KC788405.1_results/PROKKA_06292018:KC788405.1_28 (length 187)
plasmid_files/KC788405.1_results/PROKKA_06292018:KC788405.1_29 (length 296)
plasmid_files/KC788405.1_results/PROKKA_06292018:KC788405.1_30 (length 144)
plasmid_files/KC788405.1_results/PROKKA_06292018:KC788405.1_31 (length 88)
plasmid_files/KC788405.1_results/PROKKA_06292018:KC788405.1_32 (length 129)
plasmid_files/KC788405.1_results/PROKKA_06292018:KC788405.1_33 (length 300)
plasmid_files/KC788405.1_results/PROKKA_06292018:KC788405.1_34 (length 68)
plasmid_files/KC788405.1_results/PROKKA_06292018:KC788405.1_35 (length 83)
plasmid_files/KC788405.1_results/PROKKA_06292018:KC788405.1_36 (length 282)
plasmid_files/KC788405.1_results/PROKKA_06292018:KC788405.1_37 (length 111)
plasmid_files/KC788405.1_results/PROKKA_06292018:KC788405.1_38 (length 110)
plasmid_files/KC788405.1_results/PROKKA_06292018:KC788405.1_39 (length 899)
plasmid_files/KC788405.1_results/PROKKA_06292018:KC788405.1_40 (length 793)
plasmid_files/KC788405.1_results/PROKKA_06292018:KC788405.1_41 (length 356)
plasmid_files/KC788405.1_results/PROKKA_06292018:KC788405.1_42 (length 402)
plasmid_files/KC788405.1_results/PROKKA_06292018:KC788405.1_43 (length 260)
plasmid_files/KC788405.1_results/PROKKA_06292018:KC788405.1_44 (length 105)
plasmid_files/KC788405.1_results/PROKKA_06292018:KC788405.1_45 (length 177)
plasmid_files/KC788405.1_results/PROKKA_06292018:KC788405.1_46 (length 381)
plasmid_files/KC788405.1_results/PROKKA_06292018:KC788405.1_47 (length 121)
plasmid_files/KC788405.1_results/PROKKA_06292018:KC788405.1_48 (length 301)
plasmid_files/KC788405.1_results/PROKKA_06292018:KC788405.1_49 (length 420)
plasmid_files/KC788405.1_results/PROKKA_06292018:KC788405.1_50 (length 78)
plasmid_files/KC788405.1_results/PROKKA_06292018:KC788405.1_51 (length 121)
plasmid_files/KC788405.1_results/PROKKA_06292018:KC788405.1_52 (length 894)
plasmid_files/KC788405.1_results/PROKKA_06292018:KC788405.1_53 (length 181)
plasmid_files/KC788405.1_results/PROKKA_06292018:KC788405.1_54 (length 509)
plasmid_files/KC788405.1_results/PROKKA_06292018:KC788405.1_55 (length 138)
plasmid_files/KC788405.1_results/PROKKA_06292018:KC788405.1_56 (length 139)
plasmid_files/KC788405.1_results/PROKKA_06292018:KC788405.1_57 (length 238)
plasmid_files/KC788405.1_results/PROKKA_06292018:KC788405.1_58 (length 122)
plasmid_files/KC788405.1_results/PROKKA_06292018:KC788405.1_59 (length 114)
plasmid_files/KC788405.1_results/PROKKA_06292018:KC788405.1_60 (length 106)
plasmid_files/KC788405.1_results/PROKKA_06292018:KC788405.1_61 (length 59)
plasmid_files/KC788405.1_results/PROKKA_06292018:KC788405.1_62 (length 127)
plasmid_files/KC788405.1_results/PROKKA_06292018:KC788405.1_63 (length 169)
plasmid_files/KC788405.1_results/PROKKA_06292018:KC788405.1_64 (length 101)
plasmid_files/KC788405.1_results/PROKKA_06292018:KC788405.1_65 (length 35)
plasmid_files/KC788405.1_results/PROKKA_06292018:KC788405.1_66 (length 110)
plasmid_files/KC788405.1_results/PROKKA_06292018:KC788405.1_67 (length 94)
plasmid_files/KC788405.1_results/PROKKA_06292018:KC788405.1_68 (length 119)
plasmid_files/KC788405.1_results/PROKKA_06292018:KC788405.1_69 (length 98)
plasmid_files/KC788405.1_results/PROKKA_06292018:KC788405.1_70 (length 181)
plasmid_files/KC788405.1_results/PROKKA_06292018:KC788405.1_71 (length 51)
plasmid_files/KC788405.1_results/PROKKA_06292018:KC788405.1_72 (length 79)
plasmid_files/KC788405.1_results/PROKKA_06292018:KC788405.1_73 (length 134)
plasmid_files/KC788405.1_results/PROKKA_06292018:KC788405.1_74 (length 141)
plasmid_files/KC788405.1_results/PROKKA_06292018:KC788405.1_75 (length 146)
plasmid_files/KC788405.1_results/PROKKA_06292018:KC788405.1_76 (length 421)
plasmid_files/KC788405.1_results/PROKKA_06292018:KC788405.1_77 (length 263)
plasmid_files/KC788405.1_results/PROKKA_06292018:KC788405.1_78 (length 113)
plasmid_files/KC788405.1_results/PROKKA_06292018:KC788405.1_79 (length 239)
plasmid_files/KC788405.1_results/PROKKA_06292018:KC788405.1_80 (length 433)
plasmid_files/KC788405.1_results/PROKKA_06292018:KC788405.1_81 (length 80)
plasmid_files/KC788405.1_results/PROKKA_06292018:KC788405.1_82 (length 50)
plasmid_files/KC788405.1_results/PROKKA_06292018:KC788405.1_83 (length 392)
plasmid_files/KC788405.1_results/PROKKA_06292018:KC788405.1_84 (length 133)
plasmid_files/KC788405.1_results/PROKKA_06292018:KC788405.1_85 (length 137)
plasmid_files/KC788405.1_results/PROKKA_06292018:KC788405.1_86 (length 131)
plasmid_files/KC788405.1_results/PROKKA_06292018:KC788405.1_87 (length 37)
plasmid_files/KC788405.1_results/PROKKA_06292018:KC788405.1_88 (length 293)
plasmid_files/KC788405.1_results/PROKKA_06292018:KC788405.1_89 (length 126)
plasmid_files/KC788405.1_results/PROKKA_06292018:KC788405.1_90 (length 234)
plasmid_files/KC788405.1_results/PROKKA_06292018:KC788405.1_91 (length 247)
plasmid_files/KC788405.1_results/PROKKA_06292018:KC788405.1_92 (length 115)
plasmid_files/KC788405.1_results/PROKKA_06292018:KC788405.1_93 (length 104)
plasmid_files/KC788405.1_results/PROKKA_06292018:KC788405.1_94 (length 94)
plasmid_files/KC788405.1_results/PROKKA_06292018:KC788405.1_95 (length 181)
plasmid_files/KC788405.1_results/PROKKA_06292018:KC788405.1_96 (length 93)
plasmid_files/KC788405.1_results/PROKKA_06292018:KC788405.1_97 (length 126)
plasmid_files/KC788405.1_results/PROKKA_06292018:KC788405.1_98 (length 940)
plasmid_files/KC788405.1_results/PROKKA_06292018:KC788405.1_99 (length 163)
plasmid_files/KC788405.1_results/PROKKA_06292018:KC788405.1_100 (length 258)
plasmid_files/KC788405.1_results/PROKKA_06292018:KC788405.1_101 (length 382)
plasmid_files/KC788405.1_results/PROKKA_06292018:KC788405.1_102 (length 1012)
plasmid_files/KC788405.1_results/PROKKA_06292018:KC788405.1_103 (length 248)
plasmid_files/KC788405.1_results/PROKKA_06292018:KC788405.1_104 (length 286)
plasmid_files/KC788405.1_results/PROKKA_06292018:KC788405.1_105 (length 186)
plasmid_files/KC788405.1_results/PROKKA_06292018:KC788405.1_106 (length 70)
plasmid_files/KC788405.1_results/PROKKA_06292018:KC788405.1_107 (length 68)
plasmid_files/KC788405.1_results/PROKKA_06292018:KC788405.1_108 (length 85)
plasmid_files/KC788405.1_results/PROKKA_06292018:KC788405.1_109 (length 97)
plasmid_files/KC788405.1_results/PROKKA_06292018:KC788405.1_110 (length 285)
plasmid_files/KC788405.1_results/PROKKA_06292018:KC788405.1_111 (length 217)
plasmid_files/KC788405.1_results/PROKKA_06292018:KC788405.1_112 (length 85)
plasmid_files/KC788405.1_results/PROKKA_06292018:KC788405.1_113 (length 110)
plasmid_files/KC788405.1_results/PROKKA_06292018:KC788405.1_114 (length 91)
plasmid_files/KC788405.1_results/PROKKA_06292018:KC788405.1_115 (length 177)
plasmid_files/KC788405.1_results/PROKKA_06292018:KC788405.1_116 (length 234)
plasmid_files/KC788405.1_results/PROKKA_06292018:KC788405.1_117 (length 41)
plasmid_files/KC788405.1_results/PROKKA_06292018:KC788405.1_118 (length 129)
plasmid_files/KC788405.1_results/PROKKA_06292018:KC788405.1_119 (length 285)
plasmid_files/KC788405.1_results/PROKKA_06292018:KC788405.1_120 (length 158)
plasmid_files/KC788405.1_results/PROKKA_06292018:KC788405.1_121 (length 291)
plasmid_files/KC788405.1_results/PROKKA_06292018:KC788405.1_122 (length 40)
plasmid_files/KC788405.1_results/PROKKA_06292018:KC788405.1_123 (length 420)
plasmid_files/KC788405.1_results/PROKKA_06292018:KC788405.1_124 (length 124)
plasmid_files/KC788405.1_results/PROKKA_06292018:KC788405.1_125 (length 51)
plasmid_files/KC788405.1_results/PROKKA_06292018:KC788405.1_126 (length 83)
plasmid_files/KC788405.1_results/PROKKA_06292018:KC788405.1_127 (length 80)
plasmid_files/KC788405.1_results/PROKKA_06292018:KC788405.1_128 (length 58)
plasmid_files/KC788405.1_results/PROKKA_06292018:KC788405.1_129 (length 69)
plasmid_files/KC788405.1_results/PROKKA_06292018:KC788405.1_130 (length 220)
plasmid_files/KC788405.1_results/PROKKA_06292018:KC788405.1_131 (length 722)
plasmid_files/KC788405.1_results/PROKKA_06292018:KC788405.1_132 (length 194)
plasmid_files/KC788405.1_results/PROKKA_06292018:KC788405.1_133 (length 400)
plasmid_files/KC788405.1_results/PROKKA_06292018:KC788405.1_134 (length 204)
plasmid_files/KC788405.1_results/PROKKA_06292018:KC788405.1_135 (length 1014)
plasmid_files/KC788405.1_results/PROKKA_06292018:KC788405.1_136 (length 266)
plasmid_files/KC788405.1_results/PROKKA_06292018:KC788405.1_137 (length 62)
plasmid_files/KC788405.1_results/PROKKA_06292018:KC788405.1_138 (length 134)
plasmid_files/KC788405.1_results/PROKKA_06292018:KC788405.1_139 (length 175)
plasmid_files/KC788405.1_results/PROKKA_06292018:KC788405.1_140 (length 234)
plasmid_files/KC788405.1_results/PROKKA_06292018:KC788405.1_141 (length 429)
plasmid_files/KC788405.1_results/PROKKA_06292018:KC788405.1_142 (length 327)
plasmid_files/KC788405.1_results/PROKKA_06292018:KC788405.1_143 (length 230)
plasmid_files/KC788405.1_results/PROKKA_06292018:KC788405.1_144 (length 115)
plasmid_files/KC788405.1_results/PROKKA_06292018:KC788405.1_145 (length 1255)
plasmid_files/KC788405.1_results/PROKKA_06292018:KC788405.1_146 (length 183)
plasmid_files/KC788405.1_results/PROKKA_06292018:KC788405.1_147 (length 96)
plasmid_files/KC788405.1_results/PROKKA_06292018:KC788405.1_148 (length 382)
plasmid_files/KC788405.1_results/PROKKA_06292018:KC788405.1_149 (length 272)
plasmid_files/KC788405.1_results/PROKKA_06292018:KC788405.1_150 (length 152)
plasmid_files/KC788405.1_results/PROKKA_06292018:KC788405.1_151 (length 194)
plasmid_files/KC788405.1_results/PROKKA_06292018:KC788405.1_152 (length 400)
plasmid_files/KC788405.1_results/PROKKA_06292018:KC788405.1_153 (length 274)
plasmid_files/KC788405.1_results/PROKKA_06292018:KC788405.1_154 (length 384)
plasmid_files/KC788405.1_results/PROKKA_06292018:KC788405.1_155 (length 474)
plasmid_files/KC788405.1_results/PROKKA_06292018:KC788405.1_156 (length 218)
plasmid_files/KC788405.1_results/PROKKA_06292018:KC788405.1_157 (length 169)
plasmid_files/KC788405.1_results/PROKKA_06292018:KC788405.1_158 (length 204)
plasmid_files/KC788405.1_results/PROKKA_06292018:KC788405.1_159 (length 361)
plasmid_files/KC788405.1_results/PROKKA_06292018:KC788405.1_160 (length 517)
plasmid_files/KC788405.1_results/PROKKA_06292018:KC788405.1_161 (length 150)
plasmid_files/KC788405.1_results/PROKKA_06292018:KC788405.1_162 (length 431)
plasmid_files/KC788405.1_results/PROKKA_06292018:KC788405.1_163 (length 560)
plasmid_files/KC788405.1_results/PROKKA_06292018:KC788405.1_164 (length 145)
plasmid_files/KC788405.1_results/PROKKA_06292018:KC788405.1_165 (length 355)
plasmid_files/KC788405.1_results/PROKKA_06292018:KC788405.1_166 (length 197)
plasmid_files/KC788405.1_results/PROKKA_06292018:KC788405.1_167 (length 84)
plasmid_files/KC788405.1_results/PROKKA_06292018:KC788405.1_168 (length 227)
plasmid_files/KC788405.1_results/PROKKA_06292018:KC788405.1_169 (length 177)
plasmid_files/KC788405.1_results/PROKKA_06292018:KC788405.1_170 (length 95)

DiscRep_ALL:DISC_SOURCE_QUALS_ASNDISC::strain (all present, all unique)
DiscRep_SUB:DISC_SOURCE_QUALS_ASNDISC::1 sources have unique values for strain
DiscRep_ALL:DISC_SOURCE_QUALS_ASNDISC::taxname (all present, all unique)
DiscRep_SUB:DISC_SOURCE_QUALS_ASNDISC::1 sources have unique values for taxname
DiscRep_ALL:DISC_FEATURE_COUNT::CDS: 170 present
DiscRep_ALL:DISC_FEATURE_COUNT::tRNA: 1 present
DiscRep_ALL:DISC_COUNT_NUCLEOTIDES::1 nucleotide Bioseqs are present
plasmid_files/KC788405.1_results/PROKKA_06292018:KC788405.1 (length 145401)

DiscRep_ALL:FEATURE_LOCATION_CONFLICT::171 features have inconsistent gene locations.
DiscRep_SUB:FEATURE_LOCATION_CONFLICT::Coding region xref gene does not exist
plasmid_files/KC788405.1_results/PROKKA_06292018:CDS	Replication initiation protein	KC788405.1:185-1486	LKKNJIII_00001

DiscRep_SUB:FEATURE_LOCATION_CONFLICT::Coding region xref gene does not exist
plasmid_files/KC788405.1_results/PROKKA_06292018:CDS	hypothetical protein	KC788405.1:c3846-2647	LKKNJIII_00002

DiscRep_SUB:FEATURE_LOCATION_CONFLICT::Coding region xref gene does not exist
plasmid_files/KC788405.1_results/PROKKA_06292018:CDS	hypothetical protein	KC788405.1:c4044-3856	LKKNJIII_00003

DiscRep_SUB:FEATURE_LOCATION_CONFLICT::Coding region xref gene does not exist
plasmid_files/KC788405.1_results/PROKKA_06292018:CDS	hypothetical protein	KC788405.1:c4752-4243	LKKNJIII_00004

DiscRep_SUB:FEATURE_LOCATION_CONFLICT::Coding region xref gene does not exist
plasmid_files/KC788405.1_results/PROKKA_06292018:CDS	RNA chaperone ProQ	KC788405.1:c5410-4808	LKKNJIII_00005

DiscRep_SUB:FEATURE_LOCATION_CONFLICT::Coding region xref gene does not exist
plasmid_files/KC788405.1_results/PROKKA_06292018:CDS	hypothetical protein	KC788405.1:5764-7110	LKKNJIII_00006

DiscRep_SUB:FEATURE_LOCATION_CONFLICT::Coding region xref gene does not exist
plasmid_files/KC788405.1_results/PROKKA_06292018:CDS	hypothetical protein	KC788405.1:c7919-7617	LKKNJIII_00007

DiscRep_SUB:FEATURE_LOCATION_CONFLICT::Coding region xref gene does not exist
plasmid_files/KC788405.1_results/PROKKA_06292018:CDS	Chromosome-partitioning ATPase Soj	KC788405.1:c8542-7916	LKKNJIII_00008

DiscRep_SUB:FEATURE_LOCATION_CONFLICT::Coding region xref gene does not exist
plasmid_files/KC788405.1_results/PROKKA_06292018:CDS	Protein UmuC	KC788405.1:c10017-8746	LKKNJIII_00009

DiscRep_SUB:FEATURE_LOCATION_CONFLICT::Coding region xref gene does not exist
plasmid_files/KC788405.1_results/PROKKA_06292018:CDS	Protein UmuD	KC788405.1:c10454-10017	LKKNJIII_00010

DiscRep_SUB:FEATURE_LOCATION_CONFLICT::Coding region xref gene does not exist
plasmid_files/KC788405.1_results/PROKKA_06292018:CDS	hypothetical protein	KC788405.1:c10699-10451	LKKNJIII_00011

DiscRep_SUB:FEATURE_LOCATION_CONFLICT::Coding region xref gene does not exist
plasmid_files/KC788405.1_results/PROKKA_06292018:CDS	hypothetical protein	KC788405.1:11093-12019	LKKNJIII_00012

DiscRep_SUB:FEATURE_LOCATION_CONFLICT::Coding region xref gene does not exist
plasmid_files/KC788405.1_results/PROKKA_06292018:CDS	hypothetical protein	KC788405.1:c12449-12114	LKKNJIII_00013

DiscRep_SUB:FEATURE_LOCATION_CONFLICT::Coding region xref gene does not exist
plasmid_files/KC788405.1_results/PROKKA_06292018:CDS	Plasmid segregation protein ParM	KC788405.1:12787-13767	LKKNJIII_00014

DiscRep_SUB:FEATURE_LOCATION_CONFLICT::Coding region xref gene does not exist
plasmid_files/KC788405.1_results/PROKKA_06292018:CDS	Protein StbB	KC788405.1:13764-14192	LKKNJIII_00015

DiscRep_SUB:FEATURE_LOCATION_CONFLICT::Coding region xref gene does not exist
plasmid_files/KC788405.1_results/PROKKA_06292018:CDS	DNA adenine methyltransferase YhdJ	KC788405.1:14583-15266	LKKNJIII_00016

DiscRep_SUB:FEATURE_LOCATION_CONFLICT::Coding region xref gene does not exist
plasmid_files/KC788405.1_results/PROKKA_06292018:CDS	hypothetical protein	KC788405.1:15267-15488	LKKNJIII_00017

DiscRep_SUB:FEATURE_LOCATION_CONFLICT::Coding region xref gene does not exist
plasmid_files/KC788405.1_results/PROKKA_06292018:CDS	hypothetical protein	KC788405.1:15502-15936	LKKNJIII_00018

DiscRep_SUB:FEATURE_LOCATION_CONFLICT::Coding region xref gene does not exist
plasmid_files/KC788405.1_results/PROKKA_06292018:CDS	hypothetical protein	KC788405.1:15981-16751	LKKNJIII_00019

DiscRep_SUB:FEATURE_LOCATION_CONFLICT::Coding region xref gene does not exist
plasmid_files/KC788405.1_results/PROKKA_06292018:CDS	Antirestriction protein KlcA	KC788405.1:17169-17594	LKKNJIII_00020

DiscRep_SUB:FEATURE_LOCATION_CONFLICT::Coding region xref gene does not exist
plasmid_files/KC788405.1_results/PROKKA_06292018:CDS	hypothetical protein	KC788405.1:17641-18063	LKKNJIII_00021

DiscRep_SUB:FEATURE_LOCATION_CONFLICT::Coding region xref gene does not exist
plasmid_files/KC788405.1_results/PROKKA_06292018:CDS	hypothetical protein	KC788405.1:18060-18251	LKKNJIII_00022

DiscRep_SUB:FEATURE_LOCATION_CONFLICT::Coding region xref gene does not exist
plasmid_files/KC788405.1_results/PROKKA_06292018:CDS	Plasmid-derived single-stranded DNA-binding protein	KC788405.1:19020-19547	LKKNJIII_00023

DiscRep_SUB:FEATURE_LOCATION_CONFLICT::Coding region xref gene does not exist
plasmid_files/KC788405.1_results/PROKKA_06292018:CDS	hypothetical protein	KC788405.1:19605-19838	LKKNJIII_00024

DiscRep_SUB:FEATURE_LOCATION_CONFLICT::Coding region xref gene does not exist
plasmid_files/KC788405.1_results/PROKKA_06292018:CDS	Chromosome-partitioning protein Spo0J	KC788405.1:19897-21855	LKKNJIII_00025

DiscRep_SUB:FEATURE_LOCATION_CONFLICT::Coding region xref gene does not exist
plasmid_files/KC788405.1_results/PROKKA_06292018:CDS	Protein PsiB	KC788405.1:21908-22342	LKKNJIII_00026

DiscRep_SUB:FEATURE_LOCATION_CONFLICT::Coding region xref gene does not exist
plasmid_files/KC788405.1_results/PROKKA_06292018:CDS	hypothetical protein	KC788405.1:22339-23058	LKKNJIII_00027

DiscRep_SUB:FEATURE_LOCATION_CONFLICT::Coding region xref gene does not exist
plasmid_files/KC788405.1_results/PROKKA_06292018:CDS	hypothetical protein	KC788405.1:23090-23653	LKKNJIII_00028

DiscRep_SUB:FEATURE_LOCATION_CONFLICT::Coding region xref gene does not exist
plasmid_files/KC788405.1_results/PROKKA_06292018:CDS	hypothetical protein	KC788405.1:23725-24615	LKKNJIII_00029

DiscRep_SUB:FEATURE_LOCATION_CONFLICT::Coding region xref gene does not exist
plasmid_files/KC788405.1_results/PROKKA_06292018:CDS	hypothetical protein	KC788405.1:25344-25778	LKKNJIII_00030

DiscRep_SUB:FEATURE_LOCATION_CONFLICT::Coding region xref gene does not exist
plasmid_files/KC788405.1_results/PROKKA_06292018:CDS	hypothetical protein	KC788405.1:25872-26138	LKKNJIII_00031

DiscRep_SUB:FEATURE_LOCATION_CONFLICT::Coding region xref gene does not exist
plasmid_files/KC788405.1_results/PROKKA_06292018:CDS	hypothetical protein	KC788405.1:26315-26704	LKKNJIII_00032

DiscRep_SUB:FEATURE_LOCATION_CONFLICT::Coding region xref gene does not exist
plasmid_files/KC788405.1_results/PROKKA_06292018:CDS	Recombination-promoting nuclease RpnA	KC788405.1:26701-27603	LKKNJIII_00033

DiscRep_SUB:FEATURE_LOCATION_CONFLICT::Coding region xref gene does not exist
plasmid_files/KC788405.1_results/PROKKA_06292018:CDS	hypothetical protein	KC788405.1:27665-27871	LKKNJIII_00034

DiscRep_SUB:FEATURE_LOCATION_CONFLICT::Coding region xref gene does not exist
plasmid_files/KC788405.1_results/PROKKA_06292018:CDS	hypothetical protein	KC788405.1:c28153-27902	LKKNJIII_00035

DiscRep_SUB:FEATURE_LOCATION_CONFLICT::Coding region xref gene does not exist
plasmid_files/KC788405.1_results/PROKKA_06292018:CDS	hypothetical protein	KC788405.1:28733-29581	LKKNJIII_00036

DiscRep_SUB:FEATURE_LOCATION_CONFLICT::Coding region xref gene does not exist
plasmid_files/KC788405.1_results/PROKKA_06292018:CDS	hypothetical protein	KC788405.1:c30002-29667	LKKNJIII_00037

DiscRep_SUB:FEATURE_LOCATION_CONFLICT::Coding region xref gene does not exist
plasmid_files/KC788405.1_results/PROKKA_06292018:CDS	hypothetical protein	KC788405.1:30236-30568	LKKNJIII_00038

DiscRep_SUB:FEATURE_LOCATION_CONFLICT::Coding region xref gene does not exist
plasmid_files/KC788405.1_results/PROKKA_06292018:CDS	Protein TraI	KC788405.1:30579-33278	LKKNJIII_00039

DiscRep_SUB:FEATURE_LOCATION_CONFLICT::Coding region xref gene does not exist
plasmid_files/KC788405.1_results/PROKKA_06292018:CDS	hypothetical protein	KC788405.1:c35606-33225	LKKNJIII_00040

DiscRep_SUB:FEATURE_LOCATION_CONFLICT::Coding region xref gene does not exist
plasmid_files/KC788405.1_results/PROKKA_06292018:CDS	hypothetical protein	KC788405.1:c36669-35599	LKKNJIII_00041

DiscRep_SUB:FEATURE_LOCATION_CONFLICT::Coding region xref gene does not exist
plasmid_files/KC788405.1_results/PROKKA_06292018:CDS	hypothetical protein	KC788405.1:c37896-36688	LKKNJIII_00042

DiscRep_SUB:FEATURE_LOCATION_CONFLICT::Coding region xref gene does not exist
plasmid_files/KC788405.1_results/PROKKA_06292018:CDS	hypothetical protein	KC788405.1:c38985-38203	LKKNJIII_00043

DiscRep_SUB:FEATURE_LOCATION_CONFLICT::Coding region xref gene does not exist
plasmid_files/KC788405.1_results/PROKKA_06292018:CDS	Quaternary ammonium compound-resistance protein SugE	KC788405.1:39181-39498	LKKNJIII_00044

DiscRep_SUB:FEATURE_LOCATION_CONFLICT::Coding region xref gene does not exist
plasmid_files/KC788405.1_results/PROKKA_06292018:CDS	Outer membrane lipoprotein Blc	KC788405.1:c40028-39495	LKKNJIII_00045

DiscRep_SUB:FEATURE_LOCATION_CONFLICT::Coding region xref gene does not exist
plasmid_files/KC788405.1_results/PROKKA_06292018:CDS	Beta-lactamase	KC788405.1:c41267-40122	LKKNJIII_00046

DiscRep_SUB:FEATURE_LOCATION_CONFLICT::Coding region xref gene does not exist
plasmid_files/KC788405.1_results/PROKKA_06292018:CDS	hypothetical protein	KC788405.1:41621-41986	LKKNJIII_00047

DiscRep_SUB:FEATURE_LOCATION_CONFLICT::Coding region xref gene does not exist
plasmid_files/KC788405.1_results/PROKKA_06292018:CDS	hypothetical protein	KC788405.1:41944-42849	LKKNJIII_00048

DiscRep_SUB:FEATURE_LOCATION_CONFLICT::Coding region xref gene does not exist
plasmid_files/KC788405.1_results/PROKKA_06292018:CDS	hypothetical protein	KC788405.1:c44189-42927	LKKNJIII_00049

DiscRep_SUB:FEATURE_LOCATION_CONFLICT::Coding region xref gene does not exist
plasmid_files/KC788405.1_results/PROKKA_06292018:CDS	hypothetical protein	KC788405.1:44473-44709	LKKNJIII_00050

DiscRep_SUB:FEATURE_LOCATION_CONFLICT::Coding region xref gene does not exist
plasmid_files/KC788405.1_results/PROKKA_06292018:CDS	hypothetical protein	KC788405.1:c45084-44719	LKKNJIII_00051

DiscRep_SUB:FEATURE_LOCATION_CONFLICT::Coding region xref gene does not exist
plasmid_files/KC788405.1_results/PROKKA_06292018:CDS	Multifunctional conjugation protein TraI	KC788405.1:c47768-45084	LKKNJIII_00052

DiscRep_SUB:FEATURE_LOCATION_CONFLICT::Coding region xref gene does not exist
plasmid_files/KC788405.1_results/PROKKA_06292018:CDS	Multifunctional conjugation protein TraI	KC788405.1:c48321-47776	LKKNJIII_00053

DiscRep_SUB:FEATURE_LOCATION_CONFLICT::Coding region xref gene does not exist
plasmid_files/KC788405.1_results/PROKKA_06292018:CDS	Coupling protein TraD	KC788405.1:c49850-48321	LKKNJIII_00054

DiscRep_SUB:FEATURE_LOCATION_CONFLICT::Coding region xref gene does not exist
plasmid_files/KC788405.1_results/PROKKA_06292018:CDS	hypothetical protein	KC788405.1:c50268-49852	LKKNJIII_00055

DiscRep_SUB:FEATURE_LOCATION_CONFLICT::Coding region xref gene does not exist
plasmid_files/KC788405.1_results/PROKKA_06292018:CDS	hypothetical protein	KC788405.1:50759-51178	LKKNJIII_00056

DiscRep_SUB:FEATURE_LOCATION_CONFLICT::Coding region xref gene does not exist
plasmid_files/KC788405.1_results/PROKKA_06292018:CDS	hypothetical protein	KC788405.1:51187-51903	LKKNJIII_00057

DiscRep_SUB:FEATURE_LOCATION_CONFLICT::Coding region xref gene does not exist
plasmid_files/KC788405.1_results/PROKKA_06292018:CDS	hypothetical protein	KC788405.1:51905-52273	LKKNJIII_00058

DiscRep_SUB:FEATURE_LOCATION_CONFLICT::Coding region xref gene does not exist
plasmid_files/KC788405.1_results/PROKKA_06292018:CDS	hypothetical protein	KC788405.1:52455-52799	LKKNJIII_00059

DiscRep_SUB:FEATURE_LOCATION_CONFLICT::Coding region xref gene does not exist
plasmid_files/KC788405.1_results/PROKKA_06292018:CDS	hypothetical protein	KC788405.1:c53230-52910	LKKNJIII_00060

DiscRep_SUB:FEATURE_LOCATION_CONFLICT::Coding region xref gene does not exist
plasmid_files/KC788405.1_results/PROKKA_06292018:CDS	hypothetical protein	KC788405.1:c53464-53285	LKKNJIII_00061

DiscRep_SUB:FEATURE_LOCATION_CONFLICT::Coding region xref gene does not exist
plasmid_files/KC788405.1_results/PROKKA_06292018:CDS	hypothetical protein	KC788405.1:53503-53886	LKKNJIII_00062

DiscRep_SUB:FEATURE_LOCATION_CONFLICT::Coding region xref gene does not exist
plasmid_files/KC788405.1_results/PROKKA_06292018:CDS	hypothetical protein	KC788405.1:c54700-54191	LKKNJIII_00063

DiscRep_SUB:FEATURE_LOCATION_CONFLICT::Coding region xref gene does not exist
plasmid_files/KC788405.1_results/PROKKA_06292018:CDS	hypothetical protein	KC788405.1:54818-55123	LKKNJIII_00064

DiscRep_SUB:FEATURE_LOCATION_CONFLICT::Coding region xref gene does not exist
plasmid_files/KC788405.1_results/PROKKA_06292018:CDS	hypothetical protein	KC788405.1:c55575-55468	LKKNJIII_00065

DiscRep_SUB:FEATURE_LOCATION_CONFLICT::Coding region xref gene does not exist
plasmid_files/KC788405.1_results/PROKKA_06292018:CDS	hypothetical protein	KC788405.1:c56385-56053	LKKNJIII_00066

DiscRep_SUB:FEATURE_LOCATION_CONFLICT::Coding region xref gene does not exist
plasmid_files/KC788405.1_results/PROKKA_06292018:CDS	hypothetical protein	KC788405.1:c56878-56594	LKKNJIII_00067

DiscRep_SUB:FEATURE_LOCATION_CONFLICT::Coding region xref gene does not exist
plasmid_files/KC788405.1_results/PROKKA_06292018:CDS	hypothetical protein	KC788405.1:c57306-56947	LKKNJIII_00068

DiscRep_SUB:FEATURE_LOCATION_CONFLICT::Coding region xref gene does not exist
plasmid_files/KC788405.1_results/PROKKA_06292018:CDS	hypothetical protein	KC788405.1:c57599-57303	LKKNJIII_00069

DiscRep_SUB:FEATURE_LOCATION_CONFLICT::Coding region xref gene does not exist
plasmid_files/KC788405.1_results/PROKKA_06292018:CDS	hypothetical protein	KC788405.1:c58257-57712	LKKNJIII_00070

DiscRep_SUB:FEATURE_LOCATION_CONFLICT::Coding region xref gene does not exist
plasmid_files/KC788405.1_results/PROKKA_06292018:CDS	hypothetical protein	KC788405.1:c58412-58257	LKKNJIII_00071

DiscRep_SUB:FEATURE_LOCATION_CONFLICT::Coding region xref gene does not exist
plasmid_files/KC788405.1_results/PROKKA_06292018:CDS	hypothetical protein	KC788405.1:c58724-58485	LKKNJIII_00072

DiscRep_SUB:FEATURE_LOCATION_CONFLICT::Coding region xref gene does not exist
plasmid_files/KC788405.1_results/PROKKA_06292018:CDS	hypothetical protein	KC788405.1:c59138-58734	LKKNJIII_00073

DiscRep_SUB:FEATURE_LOCATION_CONFLICT::Coding region xref gene does not exist
plasmid_files/KC788405.1_results/PROKKA_06292018:CDS	Antirestriction protein KlcA	KC788405.1:c59621-59196	LKKNJIII_00074

DiscRep_SUB:FEATURE_LOCATION_CONFLICT::Coding region xref gene does not exist
plasmid_files/KC788405.1_results/PROKKA_06292018:CDS	Protein UmuD	KC788405.1:60036-60476	LKKNJIII_00075

DiscRep_SUB:FEATURE_LOCATION_CONFLICT::Coding region xref gene does not exist
plasmid_files/KC788405.1_results/PROKKA_06292018:CDS	Protein UmuC	KC788405.1:60464-61729	LKKNJIII_00076

DiscRep_SUB:FEATURE_LOCATION_CONFLICT::Coding region xref gene does not exist
plasmid_files/KC788405.1_results/PROKKA_06292018:CDS	hypothetical protein	KC788405.1:61880-62671	LKKNJIII_00077

DiscRep_SUB:FEATURE_LOCATION_CONFLICT::Coding region xref gene does not exist
plasmid_files/KC788405.1_results/PROKKA_06292018:CDS	hypothetical protein	KC788405.1:c63027-62686	LKKNJIII_00078

DiscRep_SUB:FEATURE_LOCATION_CONFLICT::Coding region xref gene does not exist
plasmid_files/KC788405.1_results/PROKKA_06292018:CDS	Replication initiation protein	KC788405.1:63587-64306	LKKNJIII_00079

DiscRep_SUB:FEATURE_LOCATION_CONFLICT::Coding region xref gene does not exist
plasmid_files/KC788405.1_results/PROKKA_06292018:CDS	hypothetical protein	KC788405.1:c65540-64239	LKKNJIII_00080

DiscRep_SUB:FEATURE_LOCATION_CONFLICT::Coding region xref gene does not exist
plasmid_files/KC788405.1_results/PROKKA_06292018:CDS	hypothetical protein	KC788405.1:c65797-65555	LKKNJIII_00081

DiscRep_SUB:FEATURE_LOCATION_CONFLICT::Coding region xref gene does not exist
plasmid_files/KC788405.1_results/PROKKA_06292018:CDS	hypothetical protein	KC788405.1:c65903-65751	LKKNJIII_00082

DiscRep_SUB:FEATURE_LOCATION_CONFLICT::Coding region xref gene does not exist
plasmid_files/KC788405.1_results/PROKKA_06292018:CDS	DNA-invertase hin	KC788405.1:c67078-65900	LKKNJIII_00083

DiscRep_SUB:FEATURE_LOCATION_CONFLICT::Coding region xref gene does not exist
plasmid_files/KC788405.1_results/PROKKA_06292018:CDS	Transposon Tn3 resolvase	KC788405.1:67368-67769	LKKNJIII_00084

DiscRep_SUB:FEATURE_LOCATION_CONFLICT::Coding region xref gene does not exist
plasmid_files/KC788405.1_results/PROKKA_06292018:CDS	hypothetical protein	KC788405.1:c68218-67805	LKKNJIII_00085

DiscRep_SUB:FEATURE_LOCATION_CONFLICT::Coding region xref gene does not exist
plasmid_files/KC788405.1_results/PROKKA_06292018:CDS	hypothetical protein	KC788405.1:c68626-68231	LKKNJIII_00086

DiscRep_SUB:FEATURE_LOCATION_CONFLICT::Coding region xref gene does not exist
plasmid_files/KC788405.1_results/PROKKA_06292018:CDS	hypothetical protein	KC788405.1:c68812-68699	LKKNJIII_00087

DiscRep_SUB:FEATURE_LOCATION_CONFLICT::Coding region xref gene does not exist
plasmid_files/KC788405.1_results/PROKKA_06292018:CDS	Carbapenem-hydrolyzing beta-lactamase KPC	KC788405.1:69148-70029	LKKNJIII_00088

DiscRep_SUB:FEATURE_LOCATION_CONFLICT::Coding region xref gene does not exist
plasmid_files/KC788405.1_results/PROKKA_06292018:CDS	hypothetical protein	KC788405.1:c70659-70279	LKKNJIII_00089

DiscRep_SUB:FEATURE_LOCATION_CONFLICT::Coding region xref gene does not exist
plasmid_files/KC788405.1_results/PROKKA_06292018:CDS	hypothetical protein	KC788405.1:c71424-70720	LKKNJIII_00090

DiscRep_SUB:FEATURE_LOCATION_CONFLICT::Coding region xref gene does not exist
plasmid_files/KC788405.1_results/PROKKA_06292018:CDS	hypothetical protein	KC788405.1:71634-72377	LKKNJIII_00091

DiscRep_SUB:FEATURE_LOCATION_CONFLICT::Coding region xref gene does not exist
plasmid_files/KC788405.1_results/PROKKA_06292018:CDS	hypothetical protein	KC788405.1:72393-72740	LKKNJIII_00092

DiscRep_SUB:FEATURE_LOCATION_CONFLICT::Coding region xref gene does not exist
plasmid_files/KC788405.1_results/PROKKA_06292018:CDS	hypothetical protein	KC788405.1:c73056-72742	LKKNJIII_00093

DiscRep_SUB:FEATURE_LOCATION_CONFLICT::Coding region xref gene does not exist
plasmid_files/KC788405.1_results/PROKKA_06292018:CDS	Protein TraQ	KC788405.1:73137-73421	LKKNJIII_00094

DiscRep_SUB:FEATURE_LOCATION_CONFLICT::Coding region xref gene does not exist
plasmid_files/KC788405.1_results/PROKKA_06292018:CDS	hypothetical protein	KC788405.1:73408-73953	LKKNJIII_00095

DiscRep_SUB:FEATURE_LOCATION_CONFLICT::Coding region xref gene does not exist
plasmid_files/KC788405.1_results/PROKKA_06292018:CDS	hypothetical protein	KC788405.1:73943-74224	LKKNJIII_00096

DiscRep_SUB:FEATURE_LOCATION_CONFLICT::Coding region xref gene does not exist
plasmid_files/KC788405.1_results/PROKKA_06292018:CDS	hypothetical protein	KC788405.1:74211-74591	LKKNJIII_00097

DiscRep_SUB:FEATURE_LOCATION_CONFLICT::Coding region xref gene does not exist
plasmid_files/KC788405.1_results/PROKKA_06292018:CDS	hypothetical protein	KC788405.1:75961-78783	LKKNJIII_00099

DiscRep_SUB:FEATURE_LOCATION_CONFLICT::Coding region xref gene does not exist
plasmid_files/KC788405.1_results/PROKKA_06292018:CDS	hypothetical protein	KC788405.1:78805-79296	LKKNJIII_00100

DiscRep_SUB:FEATURE_LOCATION_CONFLICT::Coding region xref gene does not exist
plasmid_files/KC788405.1_results/PROKKA_06292018:CDS	Lipoprotein YlpA	KC788405.1:79283-80059	LKKNJIII_00101

DiscRep_SUB:FEATURE_LOCATION_CONFLICT::Coding region xref gene does not exist
plasmid_files/KC788405.1_results/PROKKA_06292018:CDS	Coupling protein TraD	KC788405.1:80312-81460	LKKNJIII_00102

DiscRep_SUB:FEATURE_LOCATION_CONFLICT::Coding region xref gene does not exist
plasmid_files/KC788405.1_results/PROKKA_06292018:CDS	Multifunctional conjugation protein TraI	KC788405.1:81457-84495	LKKNJIII_00103

DiscRep_SUB:FEATURE_LOCATION_CONFLICT::Coding region xref gene does not exist
plasmid_files/KC788405.1_results/PROKKA_06292018:CDS	hypothetical protein	KC788405.1:84515-85261	LKKNJIII_00104

DiscRep_SUB:FEATURE_LOCATION_CONFLICT::Coding region xref gene does not exist
plasmid_files/KC788405.1_results/PROKKA_06292018:CDS	putative protein YcjY	KC788405.1:85320-86180	LKKNJIII_00105

DiscRep_SUB:FEATURE_LOCATION_CONFLICT::Coding region xref gene does not exist
plasmid_files/KC788405.1_results/PROKKA_06292018:CDS	Fertility inhibition protein	KC788405.1:86283-86843	LKKNJIII_00106

DiscRep_SUB:FEATURE_LOCATION_CONFLICT::Coding region xref gene does not exist
plasmid_files/KC788405.1_results/PROKKA_06292018:CDS	hypothetical protein	KC788405.1:86979-87191	LKKNJIII_00107

DiscRep_SUB:FEATURE_LOCATION_CONFLICT::Coding region xref gene does not exist
plasmid_files/KC788405.1_results/PROKKA_06292018:CDS	Protein PndA	KC788405.1:87815-88021	LKKNJIII_00108

DiscRep_SUB:FEATURE_LOCATION_CONFLICT::Coding region xref gene does not exist
plasmid_files/KC788405.1_results/PROKKA_06292018:CDS	hypothetical protein	KC788405.1:88305-88562	LKKNJIII_00109

DiscRep_SUB:FEATURE_LOCATION_CONFLICT::Coding region xref gene does not exist
plasmid_files/KC788405.1_results/PROKKA_06292018:CDS	hypothetical protein	KC788405.1:c88872-88579	LKKNJIII_00110

DiscRep_SUB:FEATURE_LOCATION_CONFLICT::Coding region xref gene does not exist
plasmid_files/KC788405.1_results/PROKKA_06292018:CDS	hypothetical protein	KC788405.1:89336-90193	LKKNJIII_00111

DiscRep_SUB:FEATURE_LOCATION_CONFLICT::Coding region xref gene does not exist
plasmid_files/KC788405.1_results/PROKKA_06292018:CDS	hypothetical protein	KC788405.1:91132-91785	LKKNJIII_00112

DiscRep_SUB:FEATURE_LOCATION_CONFLICT::Coding region xref gene does not exist
plasmid_files/KC788405.1_results/PROKKA_06292018:CDS	Antitoxin PemI	KC788405.1:91878-92135	LKKNJIII_00113

DiscRep_SUB:FEATURE_LOCATION_CONFLICT::Coding region xref gene does not exist
plasmid_files/KC788405.1_results/PROKKA_06292018:CDS	Endoribonuclease PemK	KC788405.1:92137-92469	LKKNJIII_00114

DiscRep_SUB:FEATURE_LOCATION_CONFLICT::Coding region xref gene does not exist
plasmid_files/KC788405.1_results/PROKKA_06292018:CDS	hypothetical protein	KC788405.1:92718-92993	LKKNJIII_00115

DiscRep_SUB:FEATURE_LOCATION_CONFLICT::Coding region xref gene does not exist
plasmid_files/KC788405.1_results/PROKKA_06292018:CDS	hypothetical protein	KC788405.1:c93702-93169	LKKNJIII_00116

DiscRep_SUB:FEATURE_LOCATION_CONFLICT::Coding region xref gene does not exist
plasmid_files/KC788405.1_results/PROKKA_06292018:CDS	hypothetical protein	KC788405.1:c94485-93781	LKKNJIII_00117

DiscRep_SUB:FEATURE_LOCATION_CONFLICT::Coding region xref gene does not exist
plasmid_files/KC788405.1_results/PROKKA_06292018:CDS	hypothetical protein	KC788405.1:c94657-94532	LKKNJIII_00118

DiscRep_SUB:FEATURE_LOCATION_CONFLICT::Coding region xref gene does not exist
plasmid_files/KC788405.1_results/PROKKA_06292018:CDS	Transposon Tn3 resolvase	KC788405.1:94821-95210	LKKNJIII_00119

DiscRep_SUB:FEATURE_LOCATION_CONFLICT::Coding region xref gene does not exist
plasmid_files/KC788405.1_results/PROKKA_06292018:CDS	Beta-lactamase TEM	KC788405.1:95393-96250	LKKNJIII_00120

DiscRep_SUB:FEATURE_LOCATION_CONFLICT::Coding region xref gene does not exist
plasmid_files/KC788405.1_results/PROKKA_06292018:CDS	hypothetical protein	KC788405.1:96517-96993	LKKNJIII_00121

DiscRep_SUB:FEATURE_LOCATION_CONFLICT::Coding region xref gene does not exist
plasmid_files/KC788405.1_results/PROKKA_06292018:CDS	Beta-lactamase CTX-M-1	KC788405.1:c97915-97040	LKKNJIII_00122

DiscRep_SUB:FEATURE_LOCATION_CONFLICT::Coding region xref gene does not exist
plasmid_files/KC788405.1_results/PROKKA_06292018:CDS	hypothetical protein	KC788405.1:c98269-98147	LKKNJIII_00123

DiscRep_SUB:FEATURE_LOCATION_CONFLICT::Coding region xref gene does not exist
plasmid_files/KC788405.1_results/PROKKA_06292018:CDS	hypothetical protein	KC788405.1:c99512-98250	LKKNJIII_00124

DiscRep_SUB:FEATURE_LOCATION_CONFLICT::Coding region xref gene does not exist
plasmid_files/KC788405.1_results/PROKKA_06292018:CDS	hypothetical protein	KC788405.1:c100039-99665	LKKNJIII_00125

DiscRep_SUB:FEATURE_LOCATION_CONFLICT::Coding region xref gene does not exist
plasmid_files/KC788405.1_results/PROKKA_06292018:CDS	Protein PndA	KC788405.1:100377-100532	LKKNJIII_00126

DiscRep_SUB:FEATURE_LOCATION_CONFLICT::Coding region xref gene does not exist
plasmid_files/KC788405.1_results/PROKKA_06292018:CDS	hypothetical protein	KC788405.1:c100855-100604	LKKNJIII_00127

DiscRep_SUB:FEATURE_LOCATION_CONFLICT::Coding region xref gene does not exist
plasmid_files/KC788405.1_results/PROKKA_06292018:CDS	hypothetical protein	KC788405.1:101209-101451	LKKNJIII_00128

DiscRep_SUB:FEATURE_LOCATION_CONFLICT::Coding region xref gene does not exist
plasmid_files/KC788405.1_results/PROKKA_06292018:CDS	hypothetical protein	KC788405.1:c101692-101516	LKKNJIII_00129

DiscRep_SUB:FEATURE_LOCATION_CONFLICT::Coding region xref gene does not exist
plasmid_files/KC788405.1_results/PROKKA_06292018:CDS	hypothetical protein	KC788405.1:102084-102293	LKKNJIII_00130

DiscRep_SUB:FEATURE_LOCATION_CONFLICT::Coding region xref gene does not exist
plasmid_files/KC788405.1_results/PROKKA_06292018:CDS	hypothetical protein	KC788405.1:c103027-102365	LKKNJIII_00131

DiscRep_SUB:FEATURE_LOCATION_CONFLICT::Coding region xref gene does not exist
plasmid_files/KC788405.1_results/PROKKA_06292018:CDS	hypothetical protein	KC788405.1:c105266-103098	LKKNJIII_00132

DiscRep_SUB:FEATURE_LOCATION_CONFLICT::Coding region xref gene does not exist
plasmid_files/KC788405.1_results/PROKKA_06292018:CDS	hypothetical protein	KC788405.1:c105947-105363	LKKNJIII_00133

DiscRep_SUB:FEATURE_LOCATION_CONFLICT::Coding region xref gene does not exist
plasmid_files/KC788405.1_results/PROKKA_06292018:CDS	hypothetical protein	KC788405.1:c107178-105976	LKKNJIII_00134

DiscRep_SUB:FEATURE_LOCATION_CONFLICT::Coding region xref gene does not exist
plasmid_files/KC788405.1_results/PROKKA_06292018:CDS	hypothetical protein	KC788405.1:c107759-107145	LKKNJIII_00135

DiscRep_SUB:FEATURE_LOCATION_CONFLICT::Coding region xref gene does not exist
plasmid_files/KC788405.1_results/PROKKA_06292018:CDS	hypothetical protein	KC788405.1:c110803-107759	LKKNJIII_00136

DiscRep_SUB:FEATURE_LOCATION_CONFLICT::Coding region xref gene does not exist
plasmid_files/KC788405.1_results/PROKKA_06292018:CDS	hypothetical protein	KC788405.1:c111693-110893	LKKNJIII_00137

DiscRep_SUB:FEATURE_LOCATION_CONFLICT::Coding region xref gene does not exist
plasmid_files/KC788405.1_results/PROKKA_06292018:CDS	hypothetical protein	KC788405.1:c111865-111677	LKKNJIII_00138

DiscRep_SUB:FEATURE_LOCATION_CONFLICT::Coding region xref gene does not exist
plasmid_files/KC788405.1_results/PROKKA_06292018:CDS	hypothetical protein	KC788405.1:c112333-111929	LKKNJIII_00139

DiscRep_SUB:FEATURE_LOCATION_CONFLICT::Coding region xref gene does not exist
plasmid_files/KC788405.1_results/PROKKA_06292018:CDS	hypothetical protein	KC788405.1:c112911-112384	LKKNJIII_00140

DiscRep_SUB:FEATURE_LOCATION_CONFLICT::Coding region xref gene does not exist
plasmid_files/KC788405.1_results/PROKKA_06292018:CDS	hypothetical protein	KC788405.1:c113615-112911	LKKNJIII_00141

DiscRep_SUB:FEATURE_LOCATION_CONFLICT::Coding region xref gene does not exist
plasmid_files/KC788405.1_results/PROKKA_06292018:CDS	hypothetical protein	KC788405.1:c114904-113615	LKKNJIII_00142

DiscRep_SUB:FEATURE_LOCATION_CONFLICT::Coding region xref gene does not exist
plasmid_files/KC788405.1_results/PROKKA_06292018:CDS	hypothetical protein	KC788405.1:c115890-114907	LKKNJIII_00143

DiscRep_SUB:FEATURE_LOCATION_CONFLICT::Coding region xref gene does not exist
plasmid_files/KC788405.1_results/PROKKA_06292018:CDS	hypothetical protein	KC788405.1:c116593-115901	LKKNJIII_00144

DiscRep_SUB:FEATURE_LOCATION_CONFLICT::Coding region xref gene does not exist
plasmid_files/KC788405.1_results/PROKKA_06292018:CDS	hypothetical protein	KC788405.1:c116937-116590	LKKNJIII_00145

DiscRep_SUB:FEATURE_LOCATION_CONFLICT::Coding region xref gene does not exist
plasmid_files/KC788405.1_results/PROKKA_06292018:CDS	DNA primase TraC	KC788405.1:c120722-116955	LKKNJIII_00146

DiscRep_SUB:FEATURE_LOCATION_CONFLICT::Coding region xref gene does not exist
plasmid_files/KC788405.1_results/PROKKA_06292018:CDS	Phospholipase D	KC788405.1:c121363-120812	LKKNJIII_00147

DiscRep_SUB:FEATURE_LOCATION_CONFLICT::Coding region xref gene does not exist
plasmid_files/KC788405.1_results/PROKKA_06292018:CDS	hypothetical protein	KC788405.1:c121668-121378	LKKNJIII_00148

DiscRep_SUB:FEATURE_LOCATION_CONFLICT::Coding region xref gene does not exist
plasmid_files/KC788405.1_results/PROKKA_06292018:CDS	putative protein YggR	KC788405.1:c122813-121665	LKKNJIII_00149

DiscRep_SUB:FEATURE_LOCATION_CONFLICT::Coding region xref gene does not exist
plasmid_files/KC788405.1_results/PROKKA_06292018:CDS	hypothetical protein	KC788405.1:c123628-122810	LKKNJIII_00150

DiscRep_SUB:FEATURE_LOCATION_CONFLICT::Coding region xref gene does not exist
plasmid_files/KC788405.1_results/PROKKA_06292018:CDS	hypothetical protein	KC788405.1:c124083-123625	LKKNJIII_00151

DiscRep_SUB:FEATURE_LOCATION_CONFLICT::Coding region xref gene does not exist
plasmid_files/KC788405.1_results/PROKKA_06292018:CDS	Lipopolysaccharide core heptose(II)-phosphate phosphatase	KC788405.1:c125062-124478	LKKNJIII_00152

DiscRep_SUB:FEATURE_LOCATION_CONFLICT::Coding region xref gene does not exist
plasmid_files/KC788405.1_results/PROKKA_06292018:CDS	hypothetical protein	KC788405.1:c126324-125122	LKKNJIII_00153

DiscRep_SUB:FEATURE_LOCATION_CONFLICT::Coding region xref gene does not exist
plasmid_files/KC788405.1_results/PROKKA_06292018:CDS	hypothetical protein	KC788405.1:c127234-126410	LKKNJIII_00154

DiscRep_SUB:FEATURE_LOCATION_CONFLICT::Coding region xref gene does not exist
plasmid_files/KC788405.1_results/PROKKA_06292018:CDS	Tyrosine recombinase XerC	KC788405.1:c128539-127385	LKKNJIII_00155

DiscRep_SUB:FEATURE_LOCATION_CONFLICT::Coding region xref gene does not exist
plasmid_files/KC788405.1_results/PROKKA_06292018:CDS	hypothetical protein	KC788405.1:c131603-130179	LKKNJIII_00156

DiscRep_SUB:FEATURE_LOCATION_CONFLICT::Coding region xref gene does not exist
plasmid_files/KC788405.1_results/PROKKA_06292018:CDS	hypothetical protein	KC788405.1:c132259-131603	LKKNJIII_00157

DiscRep_SUB:FEATURE_LOCATION_CONFLICT::Coding region xref gene does not exist
plasmid_files/KC788405.1_results/PROKKA_06292018:CDS	hypothetical protein	KC788405.1:c132803-132294	LKKNJIII_00158

DiscRep_SUB:FEATURE_LOCATION_CONFLICT::Coding region xref gene does not exist
plasmid_files/KC788405.1_results/PROKKA_06292018:CDS	hypothetical protein	KC788405.1:c133427-132813	LKKNJIII_00159

DiscRep_SUB:FEATURE_LOCATION_CONFLICT::Coding region xref gene does not exist
plasmid_files/KC788405.1_results/PROKKA_06292018:CDS	Toxin coregulated pilus biosynthesis protein E	KC788405.1:c134529-133444	LKKNJIII_00160

DiscRep_SUB:FEATURE_LOCATION_CONFLICT::Coding region xref gene does not exist
plasmid_files/KC788405.1_results/PROKKA_06292018:CDS	Toxin coregulated pilus biosynthesis protein T	KC788405.1:c136095-134542	LKKNJIII_00161

DiscRep_SUB:FEATURE_LOCATION_CONFLICT::Coding region xref gene does not exist
plasmid_files/KC788405.1_results/PROKKA_06292018:CDS	hypothetical protein	KC788405.1:c136558-136106	LKKNJIII_00162

DiscRep_SUB:FEATURE_LOCATION_CONFLICT::Coding region xref gene does not exist
plasmid_files/KC788405.1_results/PROKKA_06292018:CDS	hypothetical protein	KC788405.1:c137840-136545	LKKNJIII_00163

DiscRep_SUB:FEATURE_LOCATION_CONFLICT::Coding region xref gene does not exist
plasmid_files/KC788405.1_results/PROKKA_06292018:CDS	Outer membrane lipoprotein BfpB	KC788405.1:c139515-137833	LKKNJIII_00164

DiscRep_SUB:FEATURE_LOCATION_CONFLICT::Coding region xref gene does not exist
plasmid_files/KC788405.1_results/PROKKA_06292018:CDS	hypothetical protein	KC788405.1:c139966-139529	LKKNJIII_00165

DiscRep_SUB:FEATURE_LOCATION_CONFLICT::Coding region xref gene does not exist
plasmid_files/KC788405.1_results/PROKKA_06292018:CDS	hypothetical protein	KC788405.1:c141033-139966	LKKNJIII_00166

DiscRep_SUB:FEATURE_LOCATION_CONFLICT::Coding region xref gene does not exist
plasmid_files/KC788405.1_results/PROKKA_06292018:CDS	hypothetical protein	KC788405.1:c141954-141361	LKKNJIII_00167

DiscRep_SUB:FEATURE_LOCATION_CONFLICT::Coding region xref gene does not exist
plasmid_files/KC788405.1_results/PROKKA_06292018:CDS	hypothetical protein	KC788405.1:c142333-142079	LKKNJIII_00168

DiscRep_SUB:FEATURE_LOCATION_CONFLICT::Coding region xref gene does not exist
plasmid_files/KC788405.1_results/PROKKA_06292018:CDS	hypothetical protein	KC788405.1:c143188-142505	LKKNJIII_00169

DiscRep_SUB:FEATURE_LOCATION_CONFLICT::Coding region xref gene does not exist
plasmid_files/KC788405.1_results/PROKKA_06292018:CDS	Transcription antitermination protein RfaH	KC788405.1:c143975-143442	LKKNJIII_00170

DiscRep_SUB:FEATURE_LOCATION_CONFLICT::Coding region xref gene does not exist
plasmid_files/KC788405.1_results/PROKKA_06292018:CDS	hypothetical protein	KC788405.1:c144704-144417	LKKNJIII_00171

DiscRep_SUB:FEATURE_LOCATION_CONFLICT::RNA feature xref gene does not exist
plasmid_files/KC788405.1_results/PROKKA_06292018:tRNA	Thr	KC788405.1:c75412-75341	LKKNJIII_00098

DiscRep_ALL:DISC_QUALITY_SCORES::Quality scores are missing on all sequences.

DiscRep_ALL:ONCALLER_COMMENT_PRESENT::1 comment descriptors were found (all same)
plasmid_files/KC788405.1_results/PROKKA_06292018:KC788405.1:Annotated using prokka 1.14-dev from https://github.com/tseemann/prokka

DiscRep_ALL:SHORT_PROT_SEQUENCES::4 protein sequences are shorter than 50 aa.
plasmid_files/KC788405.1_results/PROKKA_06292018:KC788405.1_65 (length 35)
plasmid_files/KC788405.1_results/PROKKA_06292018:KC788405.1_87 (length 37)
plasmid_files/KC788405.1_results/PROKKA_06292018:KC788405.1_117 (length 41)
plasmid_files/KC788405.1_results/PROKKA_06292018:KC788405.1_122 (length 40)

DiscRep_ALL:MISSING_GENOMEASSEMBLY_COMMENTS::1 bioseqs are missing GenomeAssembly structured comments
plasmid_files/KC788405.1_results/PROKKA_06292018:KC788405.1 (length 145401)

DiscRep_ALL:MOLTYPE_NOT_MRNA::1 molecule types are not set as mRNA.
plasmid_files/KC788405.1_results/PROKKA_06292018:KC788405.1 (length 145401)

DiscRep_ALL:TECHNIQUE_NOT_TSA::1 technique are not set as TSA
plasmid_files/KC788405.1_results/PROKKA_06292018:KC788405.1 (length 145401)

DiscRep_ALL:MISSING_STRUCTURED_COMMENT::1 sequences do not include structured comments.
plasmid_files/KC788405.1_results/PROKKA_06292018:KC788405.1 (length 145401)

DiscRep_ALL:MISSING_PROJECT::171 sequences do not include project.
plasmid_files/KC788405.1_results/PROKKA_06292018:KC788405.1 (length 145401)
plasmid_files/KC788405.1_results/PROKKA_06292018:KC788405.1_1 (length 433)
plasmid_files/KC788405.1_results/PROKKA_06292018:KC788405.1_2 (length 399)
plasmid_files/KC788405.1_results/PROKKA_06292018:KC788405.1_3 (length 62)
plasmid_files/KC788405.1_results/PROKKA_06292018:KC788405.1_4 (length 169)
plasmid_files/KC788405.1_results/PROKKA_06292018:KC788405.1_5 (length 200)
plasmid_files/KC788405.1_results/PROKKA_06292018:KC788405.1_6 (length 448)
plasmid_files/KC788405.1_results/PROKKA_06292018:KC788405.1_7 (length 100)
plasmid_files/KC788405.1_results/PROKKA_06292018:KC788405.1_8 (length 208)
plasmid_files/KC788405.1_results/PROKKA_06292018:KC788405.1_9 (length 423)
plasmid_files/KC788405.1_results/PROKKA_06292018:KC788405.1_10 (length 145)
plasmid_files/KC788405.1_results/PROKKA_06292018:KC788405.1_11 (length 82)
plasmid_files/KC788405.1_results/PROKKA_06292018:KC788405.1_12 (length 308)
plasmid_files/KC788405.1_results/PROKKA_06292018:KC788405.1_13 (length 111)
plasmid_files/KC788405.1_results/PROKKA_06292018:KC788405.1_14 (length 326)
plasmid_files/KC788405.1_results/PROKKA_06292018:KC788405.1_15 (length 142)
plasmid_files/KC788405.1_results/PROKKA_06292018:KC788405.1_16 (length 227)
plasmid_files/KC788405.1_results/PROKKA_06292018:KC788405.1_17 (length 73)
plasmid_files/KC788405.1_results/PROKKA_06292018:KC788405.1_18 (length 144)
plasmid_files/KC788405.1_results/PROKKA_06292018:KC788405.1_19 (length 256)
plasmid_files/KC788405.1_results/PROKKA_06292018:KC788405.1_20 (length 141)
plasmid_files/KC788405.1_results/PROKKA_06292018:KC788405.1_21 (length 140)
plasmid_files/KC788405.1_results/PROKKA_06292018:KC788405.1_22 (length 63)
plasmid_files/KC788405.1_results/PROKKA_06292018:KC788405.1_23 (length 175)
plasmid_files/KC788405.1_results/PROKKA_06292018:KC788405.1_24 (length 77)
plasmid_files/KC788405.1_results/PROKKA_06292018:KC788405.1_25 (length 652)
plasmid_files/KC788405.1_results/PROKKA_06292018:KC788405.1_26 (length 144)
plasmid_files/KC788405.1_results/PROKKA_06292018:KC788405.1_27 (length 239)
plasmid_files/KC788405.1_results/PROKKA_06292018:KC788405.1_28 (length 187)
plasmid_files/KC788405.1_results/PROKKA_06292018:KC788405.1_29 (length 296)
plasmid_files/KC788405.1_results/PROKKA_06292018:KC788405.1_30 (length 144)
plasmid_files/KC788405.1_results/PROKKA_06292018:KC788405.1_31 (length 88)
plasmid_files/KC788405.1_results/PROKKA_06292018:KC788405.1_32 (length 129)
plasmid_files/KC788405.1_results/PROKKA_06292018:KC788405.1_33 (length 300)
plasmid_files/KC788405.1_results/PROKKA_06292018:KC788405.1_34 (length 68)
plasmid_files/KC788405.1_results/PROKKA_06292018:KC788405.1_35 (length 83)
plasmid_files/KC788405.1_results/PROKKA_06292018:KC788405.1_36 (length 282)
plasmid_files/KC788405.1_results/PROKKA_06292018:KC788405.1_37 (length 111)
plasmid_files/KC788405.1_results/PROKKA_06292018:KC788405.1_38 (length 110)
plasmid_files/KC788405.1_results/PROKKA_06292018:KC788405.1_39 (length 899)
plasmid_files/KC788405.1_results/PROKKA_06292018:KC788405.1_40 (length 793)
plasmid_files/KC788405.1_results/PROKKA_06292018:KC788405.1_41 (length 356)
plasmid_files/KC788405.1_results/PROKKA_06292018:KC788405.1_42 (length 402)
plasmid_files/KC788405.1_results/PROKKA_06292018:KC788405.1_43 (length 260)
plasmid_files/KC788405.1_results/PROKKA_06292018:KC788405.1_44 (length 105)
plasmid_files/KC788405.1_results/PROKKA_06292018:KC788405.1_45 (length 177)
plasmid_files/KC788405.1_results/PROKKA_06292018:KC788405.1_46 (length 381)
plasmid_files/KC788405.1_results/PROKKA_06292018:KC788405.1_47 (length 121)
plasmid_files/KC788405.1_results/PROKKA_06292018:KC788405.1_48 (length 301)
plasmid_files/KC788405.1_results/PROKKA_06292018:KC788405.1_49 (length 420)
plasmid_files/KC788405.1_results/PROKKA_06292018:KC788405.1_50 (length 78)
plasmid_files/KC788405.1_results/PROKKA_06292018:KC788405.1_51 (length 121)
plasmid_files/KC788405.1_results/PROKKA_06292018:KC788405.1_52 (length 894)
plasmid_files/KC788405.1_results/PROKKA_06292018:KC788405.1_53 (length 181)
plasmid_files/KC788405.1_results/PROKKA_06292018:KC788405.1_54 (length 509)
plasmid_files/KC788405.1_results/PROKKA_06292018:KC788405.1_55 (length 138)
plasmid_files/KC788405.1_results/PROKKA_06292018:KC788405.1_56 (length 139)
plasmid_files/KC788405.1_results/PROKKA_06292018:KC788405.1_57 (length 238)
plasmid_files/KC788405.1_results/PROKKA_06292018:KC788405.1_58 (length 122)
plasmid_files/KC788405.1_results/PROKKA_06292018:KC788405.1_59 (length 114)
plasmid_files/KC788405.1_results/PROKKA_06292018:KC788405.1_60 (length 106)
plasmid_files/KC788405.1_results/PROKKA_06292018:KC788405.1_61 (length 59)
plasmid_files/KC788405.1_results/PROKKA_06292018:KC788405.1_62 (length 127)
plasmid_files/KC788405.1_results/PROKKA_06292018:KC788405.1_63 (length 169)
plasmid_files/KC788405.1_results/PROKKA_06292018:KC788405.1_64 (length 101)
plasmid_files/KC788405.1_results/PROKKA_06292018:KC788405.1_65 (length 35)
plasmid_files/KC788405.1_results/PROKKA_06292018:KC788405.1_66 (length 110)
plasmid_files/KC788405.1_results/PROKKA_06292018:KC788405.1_67 (length 94)
plasmid_files/KC788405.1_results/PROKKA_06292018:KC788405.1_68 (length 119)
plasmid_files/KC788405.1_results/PROKKA_06292018:KC788405.1_69 (length 98)
plasmid_files/KC788405.1_results/PROKKA_06292018:KC788405.1_70 (length 181)
plasmid_files/KC788405.1_results/PROKKA_06292018:KC788405.1_71 (length 51)
plasmid_files/KC788405.1_results/PROKKA_06292018:KC788405.1_72 (length 79)
plasmid_files/KC788405.1_results/PROKKA_06292018:KC788405.1_73 (length 134)
plasmid_files/KC788405.1_results/PROKKA_06292018:KC788405.1_74 (length 141)
plasmid_files/KC788405.1_results/PROKKA_06292018:KC788405.1_75 (length 146)
plasmid_files/KC788405.1_results/PROKKA_06292018:KC788405.1_76 (length 421)
plasmid_files/KC788405.1_results/PROKKA_06292018:KC788405.1_77 (length 263)
plasmid_files/KC788405.1_results/PROKKA_06292018:KC788405.1_78 (length 113)
plasmid_files/KC788405.1_results/PROKKA_06292018:KC788405.1_79 (length 239)
plasmid_files/KC788405.1_results/PROKKA_06292018:KC788405.1_80 (length 433)
plasmid_files/KC788405.1_results/PROKKA_06292018:KC788405.1_81 (length 80)
plasmid_files/KC788405.1_results/PROKKA_06292018:KC788405.1_82 (length 50)
plasmid_files/KC788405.1_results/PROKKA_06292018:KC788405.1_83 (length 392)
plasmid_files/KC788405.1_results/PROKKA_06292018:KC788405.1_84 (length 133)
plasmid_files/KC788405.1_results/PROKKA_06292018:KC788405.1_85 (length 137)
plasmid_files/KC788405.1_results/PROKKA_06292018:KC788405.1_86 (length 131)
plasmid_files/KC788405.1_results/PROKKA_06292018:KC788405.1_87 (length 37)
plasmid_files/KC788405.1_results/PROKKA_06292018:KC788405.1_88 (length 293)
plasmid_files/KC788405.1_results/PROKKA_06292018:KC788405.1_89 (length 126)
plasmid_files/KC788405.1_results/PROKKA_06292018:KC788405.1_90 (length 234)
plasmid_files/KC788405.1_results/PROKKA_06292018:KC788405.1_91 (length 247)
plasmid_files/KC788405.1_results/PROKKA_06292018:KC788405.1_92 (length 115)
plasmid_files/KC788405.1_results/PROKKA_06292018:KC788405.1_93 (length 104)
plasmid_files/KC788405.1_results/PROKKA_06292018:KC788405.1_94 (length 94)
plasmid_files/KC788405.1_results/PROKKA_06292018:KC788405.1_95 (length 181)
plasmid_files/KC788405.1_results/PROKKA_06292018:KC788405.1_96 (length 93)
plasmid_files/KC788405.1_results/PROKKA_06292018:KC788405.1_97 (length 126)
plasmid_files/KC788405.1_results/PROKKA_06292018:KC788405.1_98 (length 940)
plasmid_files/KC788405.1_results/PROKKA_06292018:KC788405.1_99 (length 163)
plasmid_files/KC788405.1_results/PROKKA_06292018:KC788405.1_100 (length 258)
plasmid_files/KC788405.1_results/PROKKA_06292018:KC788405.1_101 (length 382)
plasmid_files/KC788405.1_results/PROKKA_06292018:KC788405.1_102 (length 1012)
plasmid_files/KC788405.1_results/PROKKA_06292018:KC788405.1_103 (length 248)
plasmid_files/KC788405.1_results/PROKKA_06292018:KC788405.1_104 (length 286)
plasmid_files/KC788405.1_results/PROKKA_06292018:KC788405.1_105 (length 186)
plasmid_files/KC788405.1_results/PROKKA_06292018:KC788405.1_106 (length 70)
plasmid_files/KC788405.1_results/PROKKA_06292018:KC788405.1_107 (length 68)
plasmid_files/KC788405.1_results/PROKKA_06292018:KC788405.1_108 (length 85)
plasmid_files/KC788405.1_results/PROKKA_06292018:KC788405.1_109 (length 97)
plasmid_files/KC788405.1_results/PROKKA_06292018:KC788405.1_110 (length 285)
plasmid_files/KC788405.1_results/PROKKA_06292018:KC788405.1_111 (length 217)
plasmid_files/KC788405.1_results/PROKKA_06292018:KC788405.1_112 (length 85)
plasmid_files/KC788405.1_results/PROKKA_06292018:KC788405.1_113 (length 110)
plasmid_files/KC788405.1_results/PROKKA_06292018:KC788405.1_114 (length 91)
plasmid_files/KC788405.1_results/PROKKA_06292018:KC788405.1_115 (length 177)
plasmid_files/KC788405.1_results/PROKKA_06292018:KC788405.1_116 (length 234)
plasmid_files/KC788405.1_results/PROKKA_06292018:KC788405.1_117 (length 41)
plasmid_files/KC788405.1_results/PROKKA_06292018:KC788405.1_118 (length 129)
plasmid_files/KC788405.1_results/PROKKA_06292018:KC788405.1_119 (length 285)
plasmid_files/KC788405.1_results/PROKKA_06292018:KC788405.1_120 (length 158)
plasmid_files/KC788405.1_results/PROKKA_06292018:KC788405.1_121 (length 291)
plasmid_files/KC788405.1_results/PROKKA_06292018:KC788405.1_122 (length 40)
plasmid_files/KC788405.1_results/PROKKA_06292018:KC788405.1_123 (length 420)
plasmid_files/KC788405.1_results/PROKKA_06292018:KC788405.1_124 (length 124)
plasmid_files/KC788405.1_results/PROKKA_06292018:KC788405.1_125 (length 51)
plasmid_files/KC788405.1_results/PROKKA_06292018:KC788405.1_126 (length 83)
plasmid_files/KC788405.1_results/PROKKA_06292018:KC788405.1_127 (length 80)
plasmid_files/KC788405.1_results/PROKKA_06292018:KC788405.1_128 (length 58)
plasmid_files/KC788405.1_results/PROKKA_06292018:KC788405.1_129 (length 69)
plasmid_files/KC788405.1_results/PROKKA_06292018:KC788405.1_130 (length 220)
plasmid_files/KC788405.1_results/PROKKA_06292018:KC788405.1_131 (length 722)
plasmid_files/KC788405.1_results/PROKKA_06292018:KC788405.1_132 (length 194)
plasmid_files/KC788405.1_results/PROKKA_06292018:KC788405.1_133 (length 400)
plasmid_files/KC788405.1_results/PROKKA_06292018:KC788405.1_134 (length 204)
plasmid_files/KC788405.1_results/PROKKA_06292018:KC788405.1_135 (length 1014)
plasmid_files/KC788405.1_results/PROKKA_06292018:KC788405.1_136 (length 266)
plasmid_files/KC788405.1_results/PROKKA_06292018:KC788405.1_137 (length 62)
plasmid_files/KC788405.1_results/PROKKA_06292018:KC788405.1_138 (length 134)
plasmid_files/KC788405.1_results/PROKKA_06292018:KC788405.1_139 (length 175)
plasmid_files/KC788405.1_results/PROKKA_06292018:KC788405.1_140 (length 234)
plasmid_files/KC788405.1_results/PROKKA_06292018:KC788405.1_141 (length 429)
plasmid_files/KC788405.1_results/PROKKA_06292018:KC788405.1_142 (length 327)
plasmid_files/KC788405.1_results/PROKKA_06292018:KC788405.1_143 (length 230)
plasmid_files/KC788405.1_results/PROKKA_06292018:KC788405.1_144 (length 115)
plasmid_files/KC788405.1_results/PROKKA_06292018:KC788405.1_145 (length 1255)
plasmid_files/KC788405.1_results/PROKKA_06292018:KC788405.1_146 (length 183)
plasmid_files/KC788405.1_results/PROKKA_06292018:KC788405.1_147 (length 96)
plasmid_files/KC788405.1_results/PROKKA_06292018:KC788405.1_148 (length 382)
plasmid_files/KC788405.1_results/PROKKA_06292018:KC788405.1_149 (length 272)
plasmid_files/KC788405.1_results/PROKKA_06292018:KC788405.1_150 (length 152)
plasmid_files/KC788405.1_results/PROKKA_06292018:KC788405.1_151 (length 194)
plasmid_files/KC788405.1_results/PROKKA_06292018:KC788405.1_152 (length 400)
plasmid_files/KC788405.1_results/PROKKA_06292018:KC788405.1_153 (length 274)
plasmid_files/KC788405.1_results/PROKKA_06292018:KC788405.1_154 (length 384)
plasmid_files/KC788405.1_results/PROKKA_06292018:KC788405.1_155 (length 474)
plasmid_files/KC788405.1_results/PROKKA_06292018:KC788405.1_156 (length 218)
plasmid_files/KC788405.1_results/PROKKA_06292018:KC788405.1_157 (length 169)
plasmid_files/KC788405.1_results/PROKKA_06292018:KC788405.1_158 (length 204)
plasmid_files/KC788405.1_results/PROKKA_06292018:KC788405.1_159 (length 361)
plasmid_files/KC788405.1_results/PROKKA_06292018:KC788405.1_160 (length 517)
plasmid_files/KC788405.1_results/PROKKA_06292018:KC788405.1_161 (length 150)
plasmid_files/KC788405.1_results/PROKKA_06292018:KC788405.1_162 (length 431)
plasmid_files/KC788405.1_results/PROKKA_06292018:KC788405.1_163 (length 560)
plasmid_files/KC788405.1_results/PROKKA_06292018:KC788405.1_164 (length 145)
plasmid_files/KC788405.1_results/PROKKA_06292018:KC788405.1_165 (length 355)
plasmid_files/KC788405.1_results/PROKKA_06292018:KC788405.1_166 (length 197)
plasmid_files/KC788405.1_results/PROKKA_06292018:KC788405.1_167 (length 84)
plasmid_files/KC788405.1_results/PROKKA_06292018:KC788405.1_168 (length 227)
plasmid_files/KC788405.1_results/PROKKA_06292018:KC788405.1_169 (length 177)
plasmid_files/KC788405.1_results/PROKKA_06292018:KC788405.1_170 (length 95)

DiscRep_ALL:DISC_INCONSISTENT_MOLINFO_TECH::Molinfo Technique Report (some missing, all same)
DiscRep_SUB:DISC_INCONSISTENT_MOLINFO_TECH::technique (all missing)
DiscRep_SUB:DISC_INCONSISTENT_MOLINFO_TECH::1 Molinfos are missing field technique
plasmid_files/KC788405.1_results/PROKKA_06292018:KC788405.1 (length 145401)

