Discrepancy Report Results

Summary
FATAL: MISSING_PROTEIN_ID:131 proteins have invalid IDs.
DISC_SOURCE_QUALS_ASNDISC:strain (all present, all unique)
DISC_SOURCE_QUALS_ASNDISC:taxname (all present, all unique)
DISC_FEATURE_COUNT:CDS: 131 present
DISC_COUNT_NUCLEOTIDES:1 nucleotide Bioseqs are present
FEATURE_LOCATION_CONFLICT:131 features have inconsistent gene locations.
OVERLAPPING_CDS:5 coding regions overlap another coding region with a similar or identical name.
SUSPECT_PRODUCT_NAMES:1 product_names contain suspect phrase or characters
	May contain database identifier more appropriate in note; remove from product name
		1 features Three or more numbers together
DISC_QUALITY_SCORES:Quality scores are missing on all sequences.
ONCALLER_COMMENT_PRESENT:1 comment descriptors were found (all same)
SHORT_PROT_SEQUENCES:2 protein sequences are shorter than 50 aa.
MISSING_GENOMEASSEMBLY_COMMENTS:1 bioseqs are missing GenomeAssembly structured comments
MOLTYPE_NOT_MRNA:1 molecule types are not set as mRNA.
TECHNIQUE_NOT_TSA:1 technique are not set as TSA
MISSING_STRUCTURED_COMMENT:1 sequences do not include structured comments.
MISSING_PROJECT:132 sequences do not include project.
DISC_INCONSISTENT_MOLINFO_TECH:Molinfo Technique Report (some missing, all same)


Detailed Report

FATAL: DiscRep_ALL:MISSING_PROTEIN_ID::131 proteins have invalid IDs.
plasmid_files/CP019774.1_results/PROKKA_06292018:CP019774.1_1 (length 323)
plasmid_files/CP019774.1_results/PROKKA_06292018:CP019774.1_2 (length 223)
plasmid_files/CP019774.1_results/PROKKA_06292018:CP019774.1_3 (length 76)
plasmid_files/CP019774.1_results/PROKKA_06292018:CP019774.1_4 (length 233)
plasmid_files/CP019774.1_results/PROKKA_06292018:CP019774.1_5 (length 73)
plasmid_files/CP019774.1_results/PROKKA_06292018:CP019774.1_6 (length 139)
plasmid_files/CP019774.1_results/PROKKA_06292018:CP019774.1_7 (length 255)
plasmid_files/CP019774.1_results/PROKKA_06292018:CP019774.1_8 (length 142)
plasmid_files/CP019774.1_results/PROKKA_06292018:CP019774.1_9 (length 168)
plasmid_files/CP019774.1_results/PROKKA_06292018:CP019774.1_10 (length 119)
plasmid_files/CP019774.1_results/PROKKA_06292018:CP019774.1_11 (length 84)
plasmid_files/CP019774.1_results/PROKKA_06292018:CP019774.1_12 (length 105)
plasmid_files/CP019774.1_results/PROKKA_06292018:CP019774.1_13 (length 75)
plasmid_files/CP019774.1_results/PROKKA_06292018:CP019774.1_14 (length 76)
plasmid_files/CP019774.1_results/PROKKA_06292018:CP019774.1_15 (length 451)
plasmid_files/CP019774.1_results/PROKKA_06292018:CP019774.1_16 (length 187)
plasmid_files/CP019774.1_results/PROKKA_06292018:CP019774.1_17 (length 106)
plasmid_files/CP019774.1_results/PROKKA_06292018:CP019774.1_18 (length 170)
plasmid_files/CP019774.1_results/PROKKA_06292018:CP019774.1_19 (length 80)
plasmid_files/CP019774.1_results/PROKKA_06292018:CP019774.1_20 (length 669)
plasmid_files/CP019774.1_results/PROKKA_06292018:CP019774.1_21 (length 143)
plasmid_files/CP019774.1_results/PROKKA_06292018:CP019774.1_22 (length 240)
plasmid_files/CP019774.1_results/PROKKA_06292018:CP019774.1_23 (length 118)
plasmid_files/CP019774.1_results/PROKKA_06292018:CP019774.1_24 (length 90)
plasmid_files/CP019774.1_results/PROKKA_06292018:CP019774.1_25 (length 116)
plasmid_files/CP019774.1_results/PROKKA_06292018:CP019774.1_26 (length 117)
plasmid_files/CP019774.1_results/PROKKA_06292018:CP019774.1_27 (length 115)
plasmid_files/CP019774.1_results/PROKKA_06292018:CP019774.1_28 (length 48)
plasmid_files/CP019774.1_results/PROKKA_06292018:CP019774.1_29 (length 277)
plasmid_files/CP019774.1_results/PROKKA_06292018:CP019774.1_30 (length 273)
plasmid_files/CP019774.1_results/PROKKA_06292018:CP019774.1_31 (length 104)
plasmid_files/CP019774.1_results/PROKKA_06292018:CP019774.1_32 (length 161)
plasmid_files/CP019774.1_results/PROKKA_06292018:CP019774.1_33 (length 132)
plasmid_files/CP019774.1_results/PROKKA_06292018:CP019774.1_34 (length 228)
plasmid_files/CP019774.1_results/PROKKA_06292018:CP019774.1_35 (length 128)
plasmid_files/CP019774.1_results/PROKKA_06292018:CP019774.1_36 (length 122)
plasmid_files/CP019774.1_results/PROKKA_06292018:CP019774.1_37 (length 101)
plasmid_files/CP019774.1_results/PROKKA_06292018:CP019774.1_38 (length 188)
plasmid_files/CP019774.1_results/PROKKA_06292018:CP019774.1_39 (length 246)
plasmid_files/CP019774.1_results/PROKKA_06292018:CP019774.1_40 (length 474)
plasmid_files/CP019774.1_results/PROKKA_06292018:CP019774.1_41 (length 190)
plasmid_files/CP019774.1_results/PROKKA_06292018:CP019774.1_42 (length 72)
plasmid_files/CP019774.1_results/PROKKA_06292018:CP019774.1_43 (length 103)
plasmid_files/CP019774.1_results/PROKKA_06292018:CP019774.1_44 (length 80)
plasmid_files/CP019774.1_results/PROKKA_06292018:CP019774.1_45 (length 130)
plasmid_files/CP019774.1_results/PROKKA_06292018:CP019774.1_46 (length 879)
plasmid_files/CP019774.1_results/PROKKA_06292018:CP019774.1_47 (length 129)
plasmid_files/CP019774.1_results/PROKKA_06292018:CP019774.1_48 (length 208)
plasmid_files/CP019774.1_results/PROKKA_06292018:CP019774.1_49 (length 129)
plasmid_files/CP019774.1_results/PROKKA_06292018:CP019774.1_50 (length 329)
plasmid_files/CP019774.1_results/PROKKA_06292018:CP019774.1_51 (length 212)
plasmid_files/CP019774.1_results/PROKKA_06292018:CP019774.1_52 (length 651)
plasmid_files/CP019774.1_results/PROKKA_06292018:CP019774.1_53 (length 84)
plasmid_files/CP019774.1_results/PROKKA_06292018:CP019774.1_54 (length 88)
plasmid_files/CP019774.1_results/PROKKA_06292018:CP019774.1_55 (length 108)
plasmid_files/CP019774.1_results/PROKKA_06292018:CP019774.1_56 (length 250)
plasmid_files/CP019774.1_results/PROKKA_06292018:CP019774.1_57 (length 79)
plasmid_files/CP019774.1_results/PROKKA_06292018:CP019774.1_58 (length 185)
plasmid_files/CP019774.1_results/PROKKA_06292018:CP019774.1_59 (length 147)
plasmid_files/CP019774.1_results/PROKKA_06292018:CP019774.1_60 (length 455)
plasmid_files/CP019774.1_results/PROKKA_06292018:CP019774.1_61 (length 949)
plasmid_files/CP019774.1_results/PROKKA_06292018:CP019774.1_62 (length 182)
plasmid_files/CP019774.1_results/PROKKA_06292018:CP019774.1_63 (length 243)
plasmid_files/CP019774.1_results/PROKKA_06292018:CP019774.1_64 (length 229)
plasmid_files/CP019774.1_results/PROKKA_06292018:CP019774.1_65 (length 770)
plasmid_files/CP019774.1_results/PROKKA_06292018:CP019774.1_66 (length 1753)
plasmid_files/CP019774.1_results/PROKKA_06292018:CP019774.1_67 (length 241)
plasmid_files/CP019774.1_results/PROKKA_06292018:CP019774.1_68 (length 197)
plasmid_files/CP019774.1_results/PROKKA_06292018:CP019774.1_69 (length 73)
plasmid_files/CP019774.1_results/PROKKA_06292018:CP019774.1_70 (length 214)
plasmid_files/CP019774.1_results/PROKKA_06292018:CP019774.1_71 (length 216)
plasmid_files/CP019774.1_results/PROKKA_06292018:CP019774.1_72 (length 102)
plasmid_files/CP019774.1_results/PROKKA_06292018:CP019774.1_73 (length 186)
plasmid_files/CP019774.1_results/PROKKA_06292018:CP019774.1_74 (length 83)
plasmid_files/CP019774.1_results/PROKKA_06292018:CP019774.1_75 (length 285)
plasmid_files/CP019774.1_results/PROKKA_06292018:CP019774.1_76 (length 187)
plasmid_files/CP019774.1_results/PROKKA_06292018:CP019774.1_77 (length 203)
plasmid_files/CP019774.1_results/PROKKA_06292018:CP019774.1_78 (length 318)
plasmid_files/CP019774.1_results/PROKKA_06292018:CP019774.1_79 (length 51)
plasmid_files/CP019774.1_results/PROKKA_06292018:CP019774.1_80 (length 571)
plasmid_files/CP019774.1_results/PROKKA_06292018:CP019774.1_81 (length 1009)
plasmid_files/CP019774.1_results/PROKKA_06292018:CP019774.1_82 (length 341)
plasmid_files/CP019774.1_results/PROKKA_06292018:CP019774.1_83 (length 259)
plasmid_files/CP019774.1_results/PROKKA_06292018:CP019774.1_84 (length 79)
plasmid_files/CP019774.1_results/PROKKA_06292018:CP019774.1_85 (length 293)
plasmid_files/CP019774.1_results/PROKKA_06292018:CP019774.1_86 (length 439)
plasmid_files/CP019774.1_results/PROKKA_06292018:CP019774.1_87 (length 394)
plasmid_files/CP019774.1_results/PROKKA_06292018:CP019774.1_88 (length 70)
plasmid_files/CP019774.1_results/PROKKA_06292018:CP019774.1_89 (length 119)
plasmid_files/CP019774.1_results/PROKKA_06292018:CP019774.1_90 (length 38)
plasmid_files/CP019774.1_results/PROKKA_06292018:CP019774.1_91 (length 119)
plasmid_files/CP019774.1_results/PROKKA_06292018:CP019774.1_92 (length 206)
plasmid_files/CP019774.1_results/PROKKA_06292018:CP019774.1_93 (length 965)
plasmid_files/CP019774.1_results/PROKKA_06292018:CP019774.1_94 (length 234)
plasmid_files/CP019774.1_results/PROKKA_06292018:CP019774.1_95 (length 111)
plasmid_files/CP019774.1_results/PROKKA_06292018:CP019774.1_96 (length 119)
plasmid_files/CP019774.1_results/PROKKA_06292018:CP019774.1_97 (length 286)
plasmid_files/CP019774.1_results/PROKKA_06292018:CP019774.1_98 (length 136)
plasmid_files/CP019774.1_results/PROKKA_06292018:CP019774.1_99 (length 422)
plasmid_files/CP019774.1_results/PROKKA_06292018:CP019774.1_100 (length 235)
plasmid_files/CP019774.1_results/PROKKA_06292018:CP019774.1_101 (length 78)
plasmid_files/CP019774.1_results/PROKKA_06292018:CP019774.1_102 (length 120)
plasmid_files/CP019774.1_results/PROKKA_06292018:CP019774.1_103 (length 564)
plasmid_files/CP019774.1_results/PROKKA_06292018:CP019774.1_104 (length 140)
plasmid_files/CP019774.1_results/PROKKA_06292018:CP019774.1_105 (length 125)
plasmid_files/CP019774.1_results/PROKKA_06292018:CP019774.1_106 (length 91)
plasmid_files/CP019774.1_results/PROKKA_06292018:CP019774.1_107 (length 236)
plasmid_files/CP019774.1_results/PROKKA_06292018:CP019774.1_108 (length 138)
plasmid_files/CP019774.1_results/PROKKA_06292018:CP019774.1_109 (length 76)
plasmid_files/CP019774.1_results/PROKKA_06292018:CP019774.1_110 (length 83)
plasmid_files/CP019774.1_results/PROKKA_06292018:CP019774.1_111 (length 102)
plasmid_files/CP019774.1_results/PROKKA_06292018:CP019774.1_112 (length 109)
plasmid_files/CP019774.1_results/PROKKA_06292018:CP019774.1_113 (length 132)
plasmid_files/CP019774.1_results/PROKKA_06292018:CP019774.1_114 (length 110)
plasmid_files/CP019774.1_results/PROKKA_06292018:CP019774.1_115 (length 260)
plasmid_files/CP019774.1_results/PROKKA_06292018:CP019774.1_116 (length 82)
plasmid_files/CP019774.1_results/PROKKA_06292018:CP019774.1_117 (length 157)
plasmid_files/CP019774.1_results/PROKKA_06292018:CP019774.1_118 (length 422)
plasmid_files/CP019774.1_results/PROKKA_06292018:CP019774.1_119 (length 1085)
plasmid_files/CP019774.1_results/PROKKA_06292018:CP019774.1_120 (length 438)
plasmid_files/CP019774.1_results/PROKKA_06292018:CP019774.1_121 (length 675)
plasmid_files/CP019774.1_results/PROKKA_06292018:CP019774.1_122 (length 57)
plasmid_files/CP019774.1_results/PROKKA_06292018:CP019774.1_123 (length 110)
plasmid_files/CP019774.1_results/PROKKA_06292018:CP019774.1_124 (length 324)
plasmid_files/CP019774.1_results/PROKKA_06292018:CP019774.1_125 (length 401)
plasmid_files/CP019774.1_results/PROKKA_06292018:CP019774.1_126 (length 100)
plasmid_files/CP019774.1_results/PROKKA_06292018:CP019774.1_127 (length 108)
plasmid_files/CP019774.1_results/PROKKA_06292018:CP019774.1_128 (length 105)
plasmid_files/CP019774.1_results/PROKKA_06292018:CP019774.1_129 (length 253)
plasmid_files/CP019774.1_results/PROKKA_06292018:CP019774.1_130 (length 78)
plasmid_files/CP019774.1_results/PROKKA_06292018:CP019774.1_131 (length 146)

DiscRep_ALL:DISC_SOURCE_QUALS_ASNDISC::strain (all present, all unique)
DiscRep_SUB:DISC_SOURCE_QUALS_ASNDISC::1 sources have unique values for strain
DiscRep_ALL:DISC_SOURCE_QUALS_ASNDISC::taxname (all present, all unique)
DiscRep_SUB:DISC_SOURCE_QUALS_ASNDISC::1 sources have unique values for taxname
DiscRep_ALL:DISC_FEATURE_COUNT::CDS: 131 present
DiscRep_ALL:DISC_COUNT_NUCLEOTIDES::1 nucleotide Bioseqs are present
plasmid_files/CP019774.1_results/PROKKA_06292018:CP019774.1 (length 114073)

DiscRep_ALL:FEATURE_LOCATION_CONFLICT::131 features have inconsistent gene locations.
DiscRep_SUB:FEATURE_LOCATION_CONFLICT::Coding region xref gene does not exist
plasmid_files/CP019774.1_results/PROKKA_06292018:CDS	Plasmid segregation protein ParM	CP019774.1:312-1283	MIPIAFMO_00001

DiscRep_SUB:FEATURE_LOCATION_CONFLICT::Coding region xref gene does not exist
plasmid_files/CP019774.1_results/PROKKA_06292018:CDS	hypothetical protein	CP019774.1:1286-1957	MIPIAFMO_00002

DiscRep_SUB:FEATURE_LOCATION_CONFLICT::Coding region xref gene does not exist
plasmid_files/CP019774.1_results/PROKKA_06292018:CDS	hypothetical protein	CP019774.1:2018-2248	MIPIAFMO_00003

DiscRep_SUB:FEATURE_LOCATION_CONFLICT::Coding region xref gene does not exist
plasmid_files/CP019774.1_results/PROKKA_06292018:CDS	DNA adenine methyltransferase YhdJ	CP019774.1:2685-3386	MIPIAFMO_00004

DiscRep_SUB:FEATURE_LOCATION_CONFLICT::Coding region xref gene does not exist
plasmid_files/CP019774.1_results/PROKKA_06292018:CDS	hypothetical protein	CP019774.1:3386-3607	MIPIAFMO_00005

DiscRep_SUB:FEATURE_LOCATION_CONFLICT::Coding region xref gene does not exist
plasmid_files/CP019774.1_results/PROKKA_06292018:CDS	hypothetical protein	CP019774.1:3617-4036	MIPIAFMO_00006

DiscRep_SUB:FEATURE_LOCATION_CONFLICT::Coding region xref gene does not exist
plasmid_files/CP019774.1_results/PROKKA_06292018:CDS	hypothetical protein	CP019774.1:4090-4857	MIPIAFMO_00007

DiscRep_SUB:FEATURE_LOCATION_CONFLICT::Coding region xref gene does not exist
plasmid_files/CP019774.1_results/PROKKA_06292018:CDS	Antirestriction protein KlcA	CP019774.1:5537-5965	MIPIAFMO_00008

DiscRep_SUB:FEATURE_LOCATION_CONFLICT::Coding region xref gene does not exist
plasmid_files/CP019774.1_results/PROKKA_06292018:CDS	hypothetical protein	CP019774.1:6008-6514	MIPIAFMO_00009

DiscRep_SUB:FEATURE_LOCATION_CONFLICT::Coding region xref gene does not exist
plasmid_files/CP019774.1_results/PROKKA_06292018:CDS	hypothetical protein	CP019774.1:6557-6916	MIPIAFMO_00010

DiscRep_SUB:FEATURE_LOCATION_CONFLICT::Coding region xref gene does not exist
plasmid_files/CP019774.1_results/PROKKA_06292018:CDS	DNA polymerase III subunit theta	CP019774.1:6935-7189	MIPIAFMO_00011

DiscRep_SUB:FEATURE_LOCATION_CONFLICT::Coding region xref gene does not exist
plasmid_files/CP019774.1_results/PROKKA_06292018:CDS	hypothetical protein	CP019774.1:7224-7541	MIPIAFMO_00012

DiscRep_SUB:FEATURE_LOCATION_CONFLICT::Coding region xref gene does not exist
plasmid_files/CP019774.1_results/PROKKA_06292018:CDS	hypothetical protein	CP019774.1:8325-8552	MIPIAFMO_00013

DiscRep_SUB:FEATURE_LOCATION_CONFLICT::Coding region xref gene does not exist
plasmid_files/CP019774.1_results/PROKKA_06292018:CDS	hypothetical protein	CP019774.1:8644-8874	MIPIAFMO_00014

DiscRep_SUB:FEATURE_LOCATION_CONFLICT::Coding region xref gene does not exist
plasmid_files/CP019774.1_results/PROKKA_06292018:CDS	hypothetical protein	CP019774.1:8926-10281	MIPIAFMO_00015

DiscRep_SUB:FEATURE_LOCATION_CONFLICT::Coding region xref gene does not exist
plasmid_files/CP019774.1_results/PROKKA_06292018:CDS	hypothetical protein	CP019774.1:10329-10892	MIPIAFMO_00016

DiscRep_SUB:FEATURE_LOCATION_CONFLICT::Coding region xref gene does not exist
plasmid_files/CP019774.1_results/PROKKA_06292018:CDS	hypothetical protein	CP019774.1:c11107-10787	MIPIAFMO_00017

DiscRep_SUB:FEATURE_LOCATION_CONFLICT::Coding region xref gene does not exist
plasmid_files/CP019774.1_results/PROKKA_06292018:CDS	Single-stranded DNA-binding protein	CP019774.1:11723-12235	MIPIAFMO_00018

DiscRep_SUB:FEATURE_LOCATION_CONFLICT::Coding region xref gene does not exist
plasmid_files/CP019774.1_results/PROKKA_06292018:CDS	hypothetical protein	CP019774.1:12283-12525	MIPIAFMO_00019

DiscRep_SUB:FEATURE_LOCATION_CONFLICT::Coding region xref gene does not exist
plasmid_files/CP019774.1_results/PROKKA_06292018:CDS	Chromosome-partitioning protein Spo0J	CP019774.1:12594-14603	MIPIAFMO_00020

DiscRep_SUB:FEATURE_LOCATION_CONFLICT::Coding region xref gene does not exist
plasmid_files/CP019774.1_results/PROKKA_06292018:CDS	Protein PsiB	CP019774.1:14649-15080	MIPIAFMO_00021

DiscRep_SUB:FEATURE_LOCATION_CONFLICT::Coding region xref gene does not exist
plasmid_files/CP019774.1_results/PROKKA_06292018:CDS	hypothetical protein	CP019774.1:15077-15799	MIPIAFMO_00022

DiscRep_SUB:FEATURE_LOCATION_CONFLICT::Coding region xref gene does not exist
plasmid_files/CP019774.1_results/PROKKA_06292018:CDS	hypothetical protein	CP019774.1:16240-16596	MIPIAFMO_00023

DiscRep_SUB:FEATURE_LOCATION_CONFLICT::Coding region xref gene does not exist
plasmid_files/CP019774.1_results/PROKKA_06292018:CDS	hypothetical protein	CP019774.1:16644-16916	MIPIAFMO_00024

DiscRep_SUB:FEATURE_LOCATION_CONFLICT::Coding region xref gene does not exist
plasmid_files/CP019774.1_results/PROKKA_06292018:CDS	hypothetical protein	CP019774.1:16913-17263	MIPIAFMO_00025

DiscRep_SUB:FEATURE_LOCATION_CONFLICT::Coding region xref gene does not exist
plasmid_files/CP019774.1_results/PROKKA_06292018:CDS	hypothetical protein	CP019774.1:17893-18246	MIPIAFMO_00026

DiscRep_SUB:FEATURE_LOCATION_CONFLICT::Coding region xref gene does not exist
plasmid_files/CP019774.1_results/PROKKA_06292018:CDS	hypothetical protein	CP019774.1:18303-18650	MIPIAFMO_00027

DiscRep_SUB:FEATURE_LOCATION_CONFLICT::Coding region xref gene does not exist
plasmid_files/CP019774.1_results/PROKKA_06292018:CDS	hypothetical protein	CP019774.1:18745-18891	MIPIAFMO_00028

DiscRep_SUB:FEATURE_LOCATION_CONFLICT::Coding region xref gene does not exist
plasmid_files/CP019774.1_results/PROKKA_06292018:CDS	hypothetical protein	CP019774.1:18942-19775	MIPIAFMO_00029

DiscRep_SUB:FEATURE_LOCATION_CONFLICT::Coding region xref gene does not exist
plasmid_files/CP019774.1_results/PROKKA_06292018:CDS	hypothetical protein	CP019774.1:20595-21416	MIPIAFMO_00030

DiscRep_SUB:FEATURE_LOCATION_CONFLICT::Coding region xref gene does not exist
plasmid_files/CP019774.1_results/PROKKA_06292018:CDS	hypothetical protein	CP019774.1:21464-21778	MIPIAFMO_00031

DiscRep_SUB:FEATURE_LOCATION_CONFLICT::Coding region xref gene does not exist
plasmid_files/CP019774.1_results/PROKKA_06292018:CDS	hypothetical protein	CP019774.1:c22296-21811	MIPIAFMO_00032

DiscRep_SUB:FEATURE_LOCATION_CONFLICT::Coding region xref gene does not exist
plasmid_files/CP019774.1_results/PROKKA_06292018:CDS	Relaxosome protein TraM	CP019774.1:22718-23116	MIPIAFMO_00033

DiscRep_SUB:FEATURE_LOCATION_CONFLICT::Coding region xref gene does not exist
plasmid_files/CP019774.1_results/PROKKA_06292018:CDS	Protein TraJ	CP019774.1:23290-23976	MIPIAFMO_00034

DiscRep_SUB:FEATURE_LOCATION_CONFLICT::Coding region xref gene does not exist
plasmid_files/CP019774.1_results/PROKKA_06292018:CDS	Relaxosome protein TraY	CP019774.1:24055-24441	MIPIAFMO_00035

DiscRep_SUB:FEATURE_LOCATION_CONFLICT::Coding region xref gene does not exist
plasmid_files/CP019774.1_results/PROKKA_06292018:CDS	Pilin	CP019774.1:24495-24863	MIPIAFMO_00036

DiscRep_SUB:FEATURE_LOCATION_CONFLICT::Coding region xref gene does not exist
plasmid_files/CP019774.1_results/PROKKA_06292018:CDS	hypothetical protein	CP019774.1:24877-25182	MIPIAFMO_00037

DiscRep_SUB:FEATURE_LOCATION_CONFLICT::Coding region xref gene does not exist
plasmid_files/CP019774.1_results/PROKKA_06292018:CDS	hypothetical protein	CP019774.1:25202-25768	MIPIAFMO_00038

DiscRep_SUB:FEATURE_LOCATION_CONFLICT::Coding region xref gene does not exist
plasmid_files/CP019774.1_results/PROKKA_06292018:CDS	hypothetical protein	CP019774.1:25755-26495	MIPIAFMO_00039

DiscRep_SUB:FEATURE_LOCATION_CONFLICT::Coding region xref gene does not exist
plasmid_files/CP019774.1_results/PROKKA_06292018:CDS	hypothetical protein	CP019774.1:26495-27919	MIPIAFMO_00040

DiscRep_SUB:FEATURE_LOCATION_CONFLICT::Coding region xref gene does not exist
plasmid_files/CP019774.1_results/PROKKA_06292018:CDS	Protein TraV	CP019774.1:28045-28617	MIPIAFMO_00041

DiscRep_SUB:FEATURE_LOCATION_CONFLICT::Coding region xref gene does not exist
plasmid_files/CP019774.1_results/PROKKA_06292018:CDS	hypothetical protein	CP019774.1:29265-29483	MIPIAFMO_00042

DiscRep_SUB:FEATURE_LOCATION_CONFLICT::Coding region xref gene does not exist
plasmid_files/CP019774.1_results/PROKKA_06292018:CDS	hypothetical protein	CP019774.1:29484-29795	MIPIAFMO_00043

DiscRep_SUB:FEATURE_LOCATION_CONFLICT::Coding region xref gene does not exist
plasmid_files/CP019774.1_results/PROKKA_06292018:CDS	hypothetical protein	CP019774.1:30456-30698	MIPIAFMO_00044

DiscRep_SUB:FEATURE_LOCATION_CONFLICT::Coding region xref gene does not exist
plasmid_files/CP019774.1_results/PROKKA_06292018:CDS	hypothetical protein	CP019774.1:30712-31104	MIPIAFMO_00045

DiscRep_SUB:FEATURE_LOCATION_CONFLICT::Coding region xref gene does not exist
plasmid_files/CP019774.1_results/PROKKA_06292018:CDS	Protein TraC	CP019774.1:31176-33815	MIPIAFMO_00046

DiscRep_SUB:FEATURE_LOCATION_CONFLICT::Coding region xref gene does not exist
plasmid_files/CP019774.1_results/PROKKA_06292018:CDS	hypothetical protein	CP019774.1:33815-34204	MIPIAFMO_00047

DiscRep_SUB:FEATURE_LOCATION_CONFLICT::Coding region xref gene does not exist
plasmid_files/CP019774.1_results/PROKKA_06292018:CDS	hypothetical protein	CP019774.1:34204-34830	MIPIAFMO_00048

DiscRep_SUB:FEATURE_LOCATION_CONFLICT::Coding region xref gene does not exist
plasmid_files/CP019774.1_results/PROKKA_06292018:CDS	hypothetical protein	CP019774.1:34872-35261	MIPIAFMO_00049

DiscRep_SUB:FEATURE_LOCATION_CONFLICT::Coding region xref gene does not exist
plasmid_files/CP019774.1_results/PROKKA_06292018:CDS	hypothetical protein	CP019774.1:35258-36247	MIPIAFMO_00050

DiscRep_SUB:FEATURE_LOCATION_CONFLICT::Coding region xref gene does not exist
plasmid_files/CP019774.1_results/PROKKA_06292018:CDS	hypothetical protein	CP019774.1:36260-36898	MIPIAFMO_00051

DiscRep_SUB:FEATURE_LOCATION_CONFLICT::Coding region xref gene does not exist
plasmid_files/CP019774.1_results/PROKKA_06292018:CDS	hypothetical protein	CP019774.1:36957-38912	MIPIAFMO_00052

DiscRep_SUB:FEATURE_LOCATION_CONFLICT::Coding region xref gene does not exist
plasmid_files/CP019774.1_results/PROKKA_06292018:CDS	hypothetical protein	CP019774.1:38944-39198	MIPIAFMO_00053

DiscRep_SUB:FEATURE_LOCATION_CONFLICT::Coding region xref gene does not exist
plasmid_files/CP019774.1_results/PROKKA_06292018:CDS	hypothetical protein	CP019774.1:39158-39424	MIPIAFMO_00054

DiscRep_SUB:FEATURE_LOCATION_CONFLICT::Coding region xref gene does not exist
plasmid_files/CP019774.1_results/PROKKA_06292018:CDS	hypothetical protein	CP019774.1:39437-39763	MIPIAFMO_00055

DiscRep_SUB:FEATURE_LOCATION_CONFLICT::Coding region xref gene does not exist
plasmid_files/CP019774.1_results/PROKKA_06292018:CDS	hypothetical protein	CP019774.1:39784-40536	MIPIAFMO_00056

DiscRep_SUB:FEATURE_LOCATION_CONFLICT::Coding region xref gene does not exist
plasmid_files/CP019774.1_results/PROKKA_06292018:CDS	Protein TraQ	CP019774.1:40547-40786	MIPIAFMO_00057

DiscRep_SUB:FEATURE_LOCATION_CONFLICT::Coding region xref gene does not exist
plasmid_files/CP019774.1_results/PROKKA_06292018:CDS	hypothetical protein	CP019774.1:40758-41315	MIPIAFMO_00058

DiscRep_SUB:FEATURE_LOCATION_CONFLICT::Coding region xref gene does not exist
plasmid_files/CP019774.1_results/PROKKA_06292018:CDS	hypothetical protein	CP019774.1:41361-41804	MIPIAFMO_00059

DiscRep_SUB:FEATURE_LOCATION_CONFLICT::Coding region xref gene does not exist
plasmid_files/CP019774.1_results/PROKKA_06292018:CDS	hypothetical protein	CP019774.1:41794-43161	MIPIAFMO_00060

DiscRep_SUB:FEATURE_LOCATION_CONFLICT::Coding region xref gene does not exist
plasmid_files/CP019774.1_results/PROKKA_06292018:CDS	hypothetical protein	CP019774.1:43161-46010	MIPIAFMO_00061

DiscRep_SUB:FEATURE_LOCATION_CONFLICT::Coding region xref gene does not exist
plasmid_files/CP019774.1_results/PROKKA_06292018:CDS	Protein TraS	CP019774.1:46023-46571	MIPIAFMO_00062

DiscRep_SUB:FEATURE_LOCATION_CONFLICT::Coding region xref gene does not exist
plasmid_files/CP019774.1_results/PROKKA_06292018:CDS	Lipoprotein YlpA	CP019774.1:46755-47486	MIPIAFMO_00063

DiscRep_SUB:FEATURE_LOCATION_CONFLICT::Coding region xref gene does not exist
plasmid_files/CP019774.1_results/PROKKA_06292018:CDS	hypothetical protein	CP019774.1:47678-48367	MIPIAFMO_00064

DiscRep_SUB:FEATURE_LOCATION_CONFLICT::Coding region xref gene does not exist
plasmid_files/CP019774.1_results/PROKKA_06292018:CDS	Coupling protein TraD	CP019774.1:48496-50808	MIPIAFMO_00065

DiscRep_SUB:FEATURE_LOCATION_CONFLICT::Coding region xref gene does not exist
plasmid_files/CP019774.1_results/PROKKA_06292018:CDS	Multifunctional conjugation protein TraI	CP019774.1:50808-56069	MIPIAFMO_00066

DiscRep_SUB:FEATURE_LOCATION_CONFLICT::Coding region xref gene does not exist
plasmid_files/CP019774.1_results/PROKKA_06292018:CDS	hypothetical protein	CP019774.1:56150-56875	MIPIAFMO_00067

DiscRep_SUB:FEATURE_LOCATION_CONFLICT::Coding region xref gene does not exist
plasmid_files/CP019774.1_results/PROKKA_06292018:CDS	Fertility inhibition protein	CP019774.1:56947-57540	MIPIAFMO_00068

DiscRep_SUB:FEATURE_LOCATION_CONFLICT::Coding region xref gene does not exist
plasmid_files/CP019774.1_results/PROKKA_06292018:CDS	hypothetical protein	CP019774.1:58082-58303	MIPIAFMO_00069

DiscRep_SUB:FEATURE_LOCATION_CONFLICT::Coding region xref gene does not exist
plasmid_files/CP019774.1_results/PROKKA_06292018:CDS	hypothetical protein	CP019774.1:58353-58997	MIPIAFMO_00070

DiscRep_SUB:FEATURE_LOCATION_CONFLICT::Coding region xref gene does not exist
plasmid_files/CP019774.1_results/PROKKA_06292018:CDS	hypothetical protein	CP019774.1:59053-59703	MIPIAFMO_00071

DiscRep_SUB:FEATURE_LOCATION_CONFLICT::Coding region xref gene does not exist
plasmid_files/CP019774.1_results/PROKKA_06292018:CDS	hypothetical protein	CP019774.1:59700-60008	MIPIAFMO_00072

DiscRep_SUB:FEATURE_LOCATION_CONFLICT::Coding region xref gene does not exist
plasmid_files/CP019774.1_results/PROKKA_06292018:CDS	Phospholipase D	CP019774.1:60103-60663	MIPIAFMO_00073

DiscRep_SUB:FEATURE_LOCATION_CONFLICT::Coding region xref gene does not exist
plasmid_files/CP019774.1_results/PROKKA_06292018:CDS	hypothetical protein	CP019774.1:60799-61050	MIPIAFMO_00074

DiscRep_SUB:FEATURE_LOCATION_CONFLICT::Coding region xref gene does not exist
plasmid_files/CP019774.1_results/PROKKA_06292018:CDS	hypothetical protein	CP019774.1:61352-62209	MIPIAFMO_00075

DiscRep_SUB:FEATURE_LOCATION_CONFLICT::Coding region xref gene does not exist
plasmid_files/CP019774.1_results/PROKKA_06292018:CDS	RNA chaperone ProQ	CP019774.1:63428-63991	MIPIAFMO_00076

DiscRep_SUB:FEATURE_LOCATION_CONFLICT::Coding region xref gene does not exist
plasmid_files/CP019774.1_results/PROKKA_06292018:CDS	hypothetical protein	CP019774.1:63975-64586	MIPIAFMO_00077

DiscRep_SUB:FEATURE_LOCATION_CONFLICT::Coding region xref gene does not exist
plasmid_files/CP019774.1_results/PROKKA_06292018:CDS	hypothetical protein	CP019774.1:c65939-64983	MIPIAFMO_00078

DiscRep_SUB:FEATURE_LOCATION_CONFLICT::Coding region xref gene does not exist
plasmid_files/CP019774.1_results/PROKKA_06292018:CDS	hypothetical protein	CP019774.1:c66179-66024	MIPIAFMO_00079

DiscRep_SUB:FEATURE_LOCATION_CONFLICT::Coding region xref gene does not exist
plasmid_files/CP019774.1_results/PROKKA_06292018:CDS	Tyrosine recombinase XerD	CP019774.1:c68189-66474	MIPIAFMO_00080

DiscRep_SUB:FEATURE_LOCATION_CONFLICT::Coding region xref gene does not exist
plasmid_files/CP019774.1_results/PROKKA_06292018:CDS	hypothetical protein	CP019774.1:68299-71328	MIPIAFMO_00081

DiscRep_SUB:FEATURE_LOCATION_CONFLICT::Coding region xref gene does not exist
plasmid_files/CP019774.1_results/PROKKA_06292018:CDS	hypothetical protein	CP019774.1:71435-72460	MIPIAFMO_00082

DiscRep_SUB:FEATURE_LOCATION_CONFLICT::Coding region xref gene does not exist
plasmid_files/CP019774.1_results/PROKKA_06292018:CDS	Insertion sequence IS5376 putative ATP-binding protein	CP019774.1:72457-73236	MIPIAFMO_00083

DiscRep_SUB:FEATURE_LOCATION_CONFLICT::Coding region xref gene does not exist
plasmid_files/CP019774.1_results/PROKKA_06292018:CDS	hypothetical protein	CP019774.1:73233-73472	MIPIAFMO_00084

DiscRep_SUB:FEATURE_LOCATION_CONFLICT::Coding region xref gene does not exist
plasmid_files/CP019774.1_results/PROKKA_06292018:CDS	Carbapenem-hydrolyzing beta-lactamase KPC	CP019774.1:73524-74405	MIPIAFMO_00085

DiscRep_SUB:FEATURE_LOCATION_CONFLICT::Coding region xref gene does not exist
plasmid_files/CP019774.1_results/PROKKA_06292018:CDS	hypothetical protein	CP019774.1:c75974-74655	MIPIAFMO_00086

DiscRep_SUB:FEATURE_LOCATION_CONFLICT::Coding region xref gene does not exist
plasmid_files/CP019774.1_results/PROKKA_06292018:CDS	hypothetical protein	CP019774.1:c77435-76251	MIPIAFMO_00087

DiscRep_SUB:FEATURE_LOCATION_CONFLICT::Coding region xref gene does not exist
plasmid_files/CP019774.1_results/PROKKA_06292018:CDS	hypothetical protein	CP019774.1:77555-77767	MIPIAFMO_00088

DiscRep_SUB:FEATURE_LOCATION_CONFLICT::Coding region xref gene does not exist
plasmid_files/CP019774.1_results/PROKKA_06292018:CDS	hypothetical protein	CP019774.1:77939-78298	MIPIAFMO_00089

DiscRep_SUB:FEATURE_LOCATION_CONFLICT::Coding region xref gene does not exist
plasmid_files/CP019774.1_results/PROKKA_06292018:CDS	hypothetical protein	CP019774.1:c78541-78425	MIPIAFMO_00090

DiscRep_SUB:FEATURE_LOCATION_CONFLICT::Coding region xref gene does not exist
plasmid_files/CP019774.1_results/PROKKA_06292018:CDS	hypothetical protein	CP019774.1:c79314-78955	MIPIAFMO_00091

DiscRep_SUB:FEATURE_LOCATION_CONFLICT::Coding region xref gene does not exist
plasmid_files/CP019774.1_results/PROKKA_06292018:CDS	Putative transposon Tn552 DNA-invertase bin3	CP019774.1:c80084-79464	MIPIAFMO_00092

DiscRep_SUB:FEATURE_LOCATION_CONFLICT::Coding region xref gene does not exist
plasmid_files/CP019774.1_results/PROKKA_06292018:CDS	hypothetical protein	CP019774.1:c83070-80173	MIPIAFMO_00093

DiscRep_SUB:FEATURE_LOCATION_CONFLICT::Coding region xref gene does not exist
plasmid_files/CP019774.1_results/PROKKA_06292018:CDS	hypothetical protein	CP019774.1:83143-83847	MIPIAFMO_00094

DiscRep_SUB:FEATURE_LOCATION_CONFLICT::Coding region xref gene does not exist
plasmid_files/CP019774.1_results/PROKKA_06292018:CDS	Beta-lactamase OXA-18	CP019774.1:84067-84402	MIPIAFMO_00095

DiscRep_SUB:FEATURE_LOCATION_CONFLICT::Coding region xref gene does not exist
plasmid_files/CP019774.1_results/PROKKA_06292018:CDS	Beta-lactamase OXA-18	CP019774.1:84532-84891	MIPIAFMO_00096

DiscRep_SUB:FEATURE_LOCATION_CONFLICT::Coding region xref gene does not exist
plasmid_files/CP019774.1_results/PROKKA_06292018:CDS	Beta-lactamase TEM	CP019774.1:85591-86451	MIPIAFMO_00097

DiscRep_SUB:FEATURE_LOCATION_CONFLICT::Coding region xref gene does not exist
plasmid_files/CP019774.1_results/PROKKA_06292018:CDS	hypothetical protein	CP019774.1:c86972-86562	MIPIAFMO_00098

DiscRep_SUB:FEATURE_LOCATION_CONFLICT::Coding region xref gene does not exist
plasmid_files/CP019774.1_results/PROKKA_06292018:CDS	Transposon Tn7 transposition protein TnsB	CP019774.1:c88287-87019	MIPIAFMO_00099

DiscRep_SUB:FEATURE_LOCATION_CONFLICT::Coding region xref gene does not exist
plasmid_files/CP019774.1_results/PROKKA_06292018:CDS	putative signaling protein	CP019774.1:c89069-88362	MIPIAFMO_00100

DiscRep_SUB:FEATURE_LOCATION_CONFLICT::Coding region xref gene does not exist
plasmid_files/CP019774.1_results/PROKKA_06292018:CDS	hypothetical protein	CP019774.1:c89302-89066	MIPIAFMO_00101

DiscRep_SUB:FEATURE_LOCATION_CONFLICT::Coding region xref gene does not exist
plasmid_files/CP019774.1_results/PROKKA_06292018:CDS	HTH-type transcriptional activator mta	CP019774.1:c89661-89299	MIPIAFMO_00102

DiscRep_SUB:FEATURE_LOCATION_CONFLICT::Coding region xref gene does not exist
plasmid_files/CP019774.1_results/PROKKA_06292018:CDS	Mercuric reductase	CP019774.1:c91373-89679	MIPIAFMO_00103

DiscRep_SUB:FEATURE_LOCATION_CONFLICT::Coding region xref gene does not exist
plasmid_files/CP019774.1_results/PROKKA_06292018:CDS	Mercuric transport protein MerC	CP019774.1:c91847-91425	MIPIAFMO_00104

DiscRep_SUB:FEATURE_LOCATION_CONFLICT::Coding region xref gene does not exist
plasmid_files/CP019774.1_results/PROKKA_06292018:CDS	hypothetical protein	CP019774.1:c92386-92009	MIPIAFMO_00105

DiscRep_SUB:FEATURE_LOCATION_CONFLICT::Coding region xref gene does not exist
plasmid_files/CP019774.1_results/PROKKA_06292018:CDS	hypothetical protein	CP019774.1:c92706-92431	MIPIAFMO_00106

DiscRep_SUB:FEATURE_LOCATION_CONFLICT::Coding region xref gene does not exist
plasmid_files/CP019774.1_results/PROKKA_06292018:CDS	DNA replication and repair protein RecF	CP019774.1:c93450-92740	MIPIAFMO_00107

DiscRep_SUB:FEATURE_LOCATION_CONFLICT::Coding region xref gene does not exist
plasmid_files/CP019774.1_results/PROKKA_06292018:CDS	tRNA(fMet)-specific endonuclease VapC	CP019774.1:c93940-93524	MIPIAFMO_00108

DiscRep_SUB:FEATURE_LOCATION_CONFLICT::Coding region xref gene does not exist
plasmid_files/CP019774.1_results/PROKKA_06292018:CDS	Antitoxin VapB	CP019774.1:c94167-93937	MIPIAFMO_00109

DiscRep_SUB:FEATURE_LOCATION_CONFLICT::Coding region xref gene does not exist
plasmid_files/CP019774.1_results/PROKKA_06292018:CDS	hypothetical protein	CP019774.1:94775-95026	MIPIAFMO_00110

DiscRep_SUB:FEATURE_LOCATION_CONFLICT::Coding region xref gene does not exist
plasmid_files/CP019774.1_results/PROKKA_06292018:CDS	hypothetical protein	CP019774.1:95072-95380	MIPIAFMO_00111

DiscRep_SUB:FEATURE_LOCATION_CONFLICT::Coding region xref gene does not exist
plasmid_files/CP019774.1_results/PROKKA_06292018:CDS	hypothetical protein	CP019774.1:95408-95737	MIPIAFMO_00112

DiscRep_SUB:FEATURE_LOCATION_CONFLICT::Coding region xref gene does not exist
plasmid_files/CP019774.1_results/PROKKA_06292018:CDS	hypothetical protein	CP019774.1:95763-96161	MIPIAFMO_00113

DiscRep_SUB:FEATURE_LOCATION_CONFLICT::Coding region xref gene does not exist
plasmid_files/CP019774.1_results/PROKKA_06292018:CDS	hypothetical protein	CP019774.1:96168-96500	MIPIAFMO_00114

DiscRep_SUB:FEATURE_LOCATION_CONFLICT::Coding region xref gene does not exist
plasmid_files/CP019774.1_results/PROKKA_06292018:CDS	Tyrosine recombinase XerD	CP019774.1:96500-97282	MIPIAFMO_00115

DiscRep_SUB:FEATURE_LOCATION_CONFLICT::Coding region xref gene does not exist
plasmid_files/CP019774.1_results/PROKKA_06292018:CDS	hypothetical protein	CP019774.1:c97796-97548	MIPIAFMO_00116

DiscRep_SUB:FEATURE_LOCATION_CONFLICT::Coding region xref gene does not exist
plasmid_files/CP019774.1_results/PROKKA_06292018:CDS	hypothetical protein	CP019774.1:c98969-98496	MIPIAFMO_00117

DiscRep_SUB:FEATURE_LOCATION_CONFLICT::Coding region xref gene does not exist
plasmid_files/CP019774.1_results/PROKKA_06292018:CDS	hypothetical protein	CP019774.1:c100357-99089	MIPIAFMO_00118

DiscRep_SUB:FEATURE_LOCATION_CONFLICT::Coding region xref gene does not exist
plasmid_files/CP019774.1_results/PROKKA_06292018:CDS	Type-1 restriction enzyme R protein	CP019774.1:c103619-100362	MIPIAFMO_00119

DiscRep_SUB:FEATURE_LOCATION_CONFLICT::Coding region xref gene does not exist
plasmid_files/CP019774.1_results/PROKKA_06292018:CDS	hypothetical protein	CP019774.1:c104936-103620	MIPIAFMO_00120

DiscRep_SUB:FEATURE_LOCATION_CONFLICT::Coding region xref gene does not exist
plasmid_files/CP019774.1_results/PROKKA_06292018:CDS	Type I restriction enzyme EcoKI M protein	CP019774.1:c106960-104933	MIPIAFMO_00121

DiscRep_SUB:FEATURE_LOCATION_CONFLICT::Coding region xref gene does not exist
plasmid_files/CP019774.1_results/PROKKA_06292018:CDS	hypothetical protein	CP019774.1:c107510-107337	MIPIAFMO_00122

DiscRep_SUB:FEATURE_LOCATION_CONFLICT::Coding region xref gene does not exist
plasmid_files/CP019774.1_results/PROKKA_06292018:CDS	hypothetical protein	CP019774.1:c107844-107512	MIPIAFMO_00123

DiscRep_SUB:FEATURE_LOCATION_CONFLICT::Coding region xref gene does not exist
plasmid_files/CP019774.1_results/PROKKA_06292018:CDS	Virulence regulon transcriptional activator VirB	CP019774.1:c109194-108220	MIPIAFMO_00124

DiscRep_SUB:FEATURE_LOCATION_CONFLICT::Coding region xref gene does not exist
plasmid_files/CP019774.1_results/PROKKA_06292018:CDS	Plasmid partition protein A	CP019774.1:c110396-109191	MIPIAFMO_00125

DiscRep_SUB:FEATURE_LOCATION_CONFLICT::Coding region xref gene does not exist
plasmid_files/CP019774.1_results/PROKKA_06292018:CDS	Replication protein RepA	CP019774.1:c111020-110718	MIPIAFMO_00126

DiscRep_SUB:FEATURE_LOCATION_CONFLICT::Coding region xref gene does not exist
plasmid_files/CP019774.1_results/PROKKA_06292018:CDS	Replication protein RepA	CP019774.1:c111337-111011	MIPIAFMO_00127

DiscRep_SUB:FEATURE_LOCATION_CONFLICT::Coding region xref gene does not exist
plasmid_files/CP019774.1_results/PROKKA_06292018:CDS	Replication protein RepA	CP019774.1:c111612-111295	MIPIAFMO_00128

DiscRep_SUB:FEATURE_LOCATION_CONFLICT::Coding region xref gene does not exist
plasmid_files/CP019774.1_results/PROKKA_06292018:CDS	Protein UmuC	CP019774.1:c112999-112238	MIPIAFMO_00129

DiscRep_SUB:FEATURE_LOCATION_CONFLICT::Coding region xref gene does not exist
plasmid_files/CP019774.1_results/PROKKA_06292018:CDS	Protein UmuC	CP019774.1:c113196-112960	MIPIAFMO_00130

DiscRep_SUB:FEATURE_LOCATION_CONFLICT::Coding region xref gene does not exist
plasmid_files/CP019774.1_results/PROKKA_06292018:CDS	Protein UmuD	CP019774.1:c113651-113211	MIPIAFMO_00131

DiscRep_ALL:OVERLAPPING_CDS::5 coding regions overlap another coding region with a similar or identical name.
DiscRep_SUB:OVERLAPPING_CDS::5 coding regions overlap another coding region with a similar or identical name that do not have the appropriate note text
plasmid_files/CP019774.1_results/PROKKA_06292018:CDS	Replication protein RepA	CP019774.1:c111020-110718	MIPIAFMO_00126
plasmid_files/CP019774.1_results/PROKKA_06292018:CDS	Replication protein RepA	CP019774.1:c111337-111011	MIPIAFMO_00127
plasmid_files/CP019774.1_results/PROKKA_06292018:CDS	Replication protein RepA	CP019774.1:c111612-111295	MIPIAFMO_00128
plasmid_files/CP019774.1_results/PROKKA_06292018:CDS	Protein UmuC	CP019774.1:c112999-112238	MIPIAFMO_00129
plasmid_files/CP019774.1_results/PROKKA_06292018:CDS	Protein UmuC	CP019774.1:c113196-112960	MIPIAFMO_00130

DiscRep_ALL:SUSPECT_PRODUCT_NAMES::1 product_names contain suspect phrase or characters
DiscRep_SUB:SUSPECT_PRODUCT_NAMES::May contain database identifier more appropriate in note; remove from product name
DiscRep_SUB:SUSPECT_PRODUCT_NAMES::1 features Three or more numbers together
plasmid_files/CP019774.1_results/PROKKA_06292018:CDS	Putative transposon Tn552 DNA-invertase bin3	CP019774.1:c80084-79464	MIPIAFMO_00092

DiscRep_ALL:DISC_QUALITY_SCORES::Quality scores are missing on all sequences.

DiscRep_ALL:ONCALLER_COMMENT_PRESENT::1 comment descriptors were found (all same)
plasmid_files/CP019774.1_results/PROKKA_06292018:CP019774.1:Annotated using prokka 1.14-dev from https://github.com/tseemann/prokka

DiscRep_ALL:SHORT_PROT_SEQUENCES::2 protein sequences are shorter than 50 aa.
plasmid_files/CP019774.1_results/PROKKA_06292018:CP019774.1_28 (length 48)
plasmid_files/CP019774.1_results/PROKKA_06292018:CP019774.1_90 (length 38)

DiscRep_ALL:MISSING_GENOMEASSEMBLY_COMMENTS::1 bioseqs are missing GenomeAssembly structured comments
plasmid_files/CP019774.1_results/PROKKA_06292018:CP019774.1 (length 114073)

DiscRep_ALL:MOLTYPE_NOT_MRNA::1 molecule types are not set as mRNA.
plasmid_files/CP019774.1_results/PROKKA_06292018:CP019774.1 (length 114073)

DiscRep_ALL:TECHNIQUE_NOT_TSA::1 technique are not set as TSA
plasmid_files/CP019774.1_results/PROKKA_06292018:CP019774.1 (length 114073)

DiscRep_ALL:MISSING_STRUCTURED_COMMENT::1 sequences do not include structured comments.
plasmid_files/CP019774.1_results/PROKKA_06292018:CP019774.1 (length 114073)

DiscRep_ALL:MISSING_PROJECT::132 sequences do not include project.
plasmid_files/CP019774.1_results/PROKKA_06292018:CP019774.1 (length 114073)
plasmid_files/CP019774.1_results/PROKKA_06292018:CP019774.1_1 (length 323)
plasmid_files/CP019774.1_results/PROKKA_06292018:CP019774.1_2 (length 223)
plasmid_files/CP019774.1_results/PROKKA_06292018:CP019774.1_3 (length 76)
plasmid_files/CP019774.1_results/PROKKA_06292018:CP019774.1_4 (length 233)
plasmid_files/CP019774.1_results/PROKKA_06292018:CP019774.1_5 (length 73)
plasmid_files/CP019774.1_results/PROKKA_06292018:CP019774.1_6 (length 139)
plasmid_files/CP019774.1_results/PROKKA_06292018:CP019774.1_7 (length 255)
plasmid_files/CP019774.1_results/PROKKA_06292018:CP019774.1_8 (length 142)
plasmid_files/CP019774.1_results/PROKKA_06292018:CP019774.1_9 (length 168)
plasmid_files/CP019774.1_results/PROKKA_06292018:CP019774.1_10 (length 119)
plasmid_files/CP019774.1_results/PROKKA_06292018:CP019774.1_11 (length 84)
plasmid_files/CP019774.1_results/PROKKA_06292018:CP019774.1_12 (length 105)
plasmid_files/CP019774.1_results/PROKKA_06292018:CP019774.1_13 (length 75)
plasmid_files/CP019774.1_results/PROKKA_06292018:CP019774.1_14 (length 76)
plasmid_files/CP019774.1_results/PROKKA_06292018:CP019774.1_15 (length 451)
plasmid_files/CP019774.1_results/PROKKA_06292018:CP019774.1_16 (length 187)
plasmid_files/CP019774.1_results/PROKKA_06292018:CP019774.1_17 (length 106)
plasmid_files/CP019774.1_results/PROKKA_06292018:CP019774.1_18 (length 170)
plasmid_files/CP019774.1_results/PROKKA_06292018:CP019774.1_19 (length 80)
plasmid_files/CP019774.1_results/PROKKA_06292018:CP019774.1_20 (length 669)
plasmid_files/CP019774.1_results/PROKKA_06292018:CP019774.1_21 (length 143)
plasmid_files/CP019774.1_results/PROKKA_06292018:CP019774.1_22 (length 240)
plasmid_files/CP019774.1_results/PROKKA_06292018:CP019774.1_23 (length 118)
plasmid_files/CP019774.1_results/PROKKA_06292018:CP019774.1_24 (length 90)
plasmid_files/CP019774.1_results/PROKKA_06292018:CP019774.1_25 (length 116)
plasmid_files/CP019774.1_results/PROKKA_06292018:CP019774.1_26 (length 117)
plasmid_files/CP019774.1_results/PROKKA_06292018:CP019774.1_27 (length 115)
plasmid_files/CP019774.1_results/PROKKA_06292018:CP019774.1_28 (length 48)
plasmid_files/CP019774.1_results/PROKKA_06292018:CP019774.1_29 (length 277)
plasmid_files/CP019774.1_results/PROKKA_06292018:CP019774.1_30 (length 273)
plasmid_files/CP019774.1_results/PROKKA_06292018:CP019774.1_31 (length 104)
plasmid_files/CP019774.1_results/PROKKA_06292018:CP019774.1_32 (length 161)
plasmid_files/CP019774.1_results/PROKKA_06292018:CP019774.1_33 (length 132)
plasmid_files/CP019774.1_results/PROKKA_06292018:CP019774.1_34 (length 228)
plasmid_files/CP019774.1_results/PROKKA_06292018:CP019774.1_35 (length 128)
plasmid_files/CP019774.1_results/PROKKA_06292018:CP019774.1_36 (length 122)
plasmid_files/CP019774.1_results/PROKKA_06292018:CP019774.1_37 (length 101)
plasmid_files/CP019774.1_results/PROKKA_06292018:CP019774.1_38 (length 188)
plasmid_files/CP019774.1_results/PROKKA_06292018:CP019774.1_39 (length 246)
plasmid_files/CP019774.1_results/PROKKA_06292018:CP019774.1_40 (length 474)
plasmid_files/CP019774.1_results/PROKKA_06292018:CP019774.1_41 (length 190)
plasmid_files/CP019774.1_results/PROKKA_06292018:CP019774.1_42 (length 72)
plasmid_files/CP019774.1_results/PROKKA_06292018:CP019774.1_43 (length 103)
plasmid_files/CP019774.1_results/PROKKA_06292018:CP019774.1_44 (length 80)
plasmid_files/CP019774.1_results/PROKKA_06292018:CP019774.1_45 (length 130)
plasmid_files/CP019774.1_results/PROKKA_06292018:CP019774.1_46 (length 879)
plasmid_files/CP019774.1_results/PROKKA_06292018:CP019774.1_47 (length 129)
plasmid_files/CP019774.1_results/PROKKA_06292018:CP019774.1_48 (length 208)
plasmid_files/CP019774.1_results/PROKKA_06292018:CP019774.1_49 (length 129)
plasmid_files/CP019774.1_results/PROKKA_06292018:CP019774.1_50 (length 329)
plasmid_files/CP019774.1_results/PROKKA_06292018:CP019774.1_51 (length 212)
plasmid_files/CP019774.1_results/PROKKA_06292018:CP019774.1_52 (length 651)
plasmid_files/CP019774.1_results/PROKKA_06292018:CP019774.1_53 (length 84)
plasmid_files/CP019774.1_results/PROKKA_06292018:CP019774.1_54 (length 88)
plasmid_files/CP019774.1_results/PROKKA_06292018:CP019774.1_55 (length 108)
plasmid_files/CP019774.1_results/PROKKA_06292018:CP019774.1_56 (length 250)
plasmid_files/CP019774.1_results/PROKKA_06292018:CP019774.1_57 (length 79)
plasmid_files/CP019774.1_results/PROKKA_06292018:CP019774.1_58 (length 185)
plasmid_files/CP019774.1_results/PROKKA_06292018:CP019774.1_59 (length 147)
plasmid_files/CP019774.1_results/PROKKA_06292018:CP019774.1_60 (length 455)
plasmid_files/CP019774.1_results/PROKKA_06292018:CP019774.1_61 (length 949)
plasmid_files/CP019774.1_results/PROKKA_06292018:CP019774.1_62 (length 182)
plasmid_files/CP019774.1_results/PROKKA_06292018:CP019774.1_63 (length 243)
plasmid_files/CP019774.1_results/PROKKA_06292018:CP019774.1_64 (length 229)
plasmid_files/CP019774.1_results/PROKKA_06292018:CP019774.1_65 (length 770)
plasmid_files/CP019774.1_results/PROKKA_06292018:CP019774.1_66 (length 1753)
plasmid_files/CP019774.1_results/PROKKA_06292018:CP019774.1_67 (length 241)
plasmid_files/CP019774.1_results/PROKKA_06292018:CP019774.1_68 (length 197)
plasmid_files/CP019774.1_results/PROKKA_06292018:CP019774.1_69 (length 73)
plasmid_files/CP019774.1_results/PROKKA_06292018:CP019774.1_70 (length 214)
plasmid_files/CP019774.1_results/PROKKA_06292018:CP019774.1_71 (length 216)
plasmid_files/CP019774.1_results/PROKKA_06292018:CP019774.1_72 (length 102)
plasmid_files/CP019774.1_results/PROKKA_06292018:CP019774.1_73 (length 186)
plasmid_files/CP019774.1_results/PROKKA_06292018:CP019774.1_74 (length 83)
plasmid_files/CP019774.1_results/PROKKA_06292018:CP019774.1_75 (length 285)
plasmid_files/CP019774.1_results/PROKKA_06292018:CP019774.1_76 (length 187)
plasmid_files/CP019774.1_results/PROKKA_06292018:CP019774.1_77 (length 203)
plasmid_files/CP019774.1_results/PROKKA_06292018:CP019774.1_78 (length 318)
plasmid_files/CP019774.1_results/PROKKA_06292018:CP019774.1_79 (length 51)
plasmid_files/CP019774.1_results/PROKKA_06292018:CP019774.1_80 (length 571)
plasmid_files/CP019774.1_results/PROKKA_06292018:CP019774.1_81 (length 1009)
plasmid_files/CP019774.1_results/PROKKA_06292018:CP019774.1_82 (length 341)
plasmid_files/CP019774.1_results/PROKKA_06292018:CP019774.1_83 (length 259)
plasmid_files/CP019774.1_results/PROKKA_06292018:CP019774.1_84 (length 79)
plasmid_files/CP019774.1_results/PROKKA_06292018:CP019774.1_85 (length 293)
plasmid_files/CP019774.1_results/PROKKA_06292018:CP019774.1_86 (length 439)
plasmid_files/CP019774.1_results/PROKKA_06292018:CP019774.1_87 (length 394)
plasmid_files/CP019774.1_results/PROKKA_06292018:CP019774.1_88 (length 70)
plasmid_files/CP019774.1_results/PROKKA_06292018:CP019774.1_89 (length 119)
plasmid_files/CP019774.1_results/PROKKA_06292018:CP019774.1_90 (length 38)
plasmid_files/CP019774.1_results/PROKKA_06292018:CP019774.1_91 (length 119)
plasmid_files/CP019774.1_results/PROKKA_06292018:CP019774.1_92 (length 206)
plasmid_files/CP019774.1_results/PROKKA_06292018:CP019774.1_93 (length 965)
plasmid_files/CP019774.1_results/PROKKA_06292018:CP019774.1_94 (length 234)
plasmid_files/CP019774.1_results/PROKKA_06292018:CP019774.1_95 (length 111)
plasmid_files/CP019774.1_results/PROKKA_06292018:CP019774.1_96 (length 119)
plasmid_files/CP019774.1_results/PROKKA_06292018:CP019774.1_97 (length 286)
plasmid_files/CP019774.1_results/PROKKA_06292018:CP019774.1_98 (length 136)
plasmid_files/CP019774.1_results/PROKKA_06292018:CP019774.1_99 (length 422)
plasmid_files/CP019774.1_results/PROKKA_06292018:CP019774.1_100 (length 235)
plasmid_files/CP019774.1_results/PROKKA_06292018:CP019774.1_101 (length 78)
plasmid_files/CP019774.1_results/PROKKA_06292018:CP019774.1_102 (length 120)
plasmid_files/CP019774.1_results/PROKKA_06292018:CP019774.1_103 (length 564)
plasmid_files/CP019774.1_results/PROKKA_06292018:CP019774.1_104 (length 140)
plasmid_files/CP019774.1_results/PROKKA_06292018:CP019774.1_105 (length 125)
plasmid_files/CP019774.1_results/PROKKA_06292018:CP019774.1_106 (length 91)
plasmid_files/CP019774.1_results/PROKKA_06292018:CP019774.1_107 (length 236)
plasmid_files/CP019774.1_results/PROKKA_06292018:CP019774.1_108 (length 138)
plasmid_files/CP019774.1_results/PROKKA_06292018:CP019774.1_109 (length 76)
plasmid_files/CP019774.1_results/PROKKA_06292018:CP019774.1_110 (length 83)
plasmid_files/CP019774.1_results/PROKKA_06292018:CP019774.1_111 (length 102)
plasmid_files/CP019774.1_results/PROKKA_06292018:CP019774.1_112 (length 109)
plasmid_files/CP019774.1_results/PROKKA_06292018:CP019774.1_113 (length 132)
plasmid_files/CP019774.1_results/PROKKA_06292018:CP019774.1_114 (length 110)
plasmid_files/CP019774.1_results/PROKKA_06292018:CP019774.1_115 (length 260)
plasmid_files/CP019774.1_results/PROKKA_06292018:CP019774.1_116 (length 82)
plasmid_files/CP019774.1_results/PROKKA_06292018:CP019774.1_117 (length 157)
plasmid_files/CP019774.1_results/PROKKA_06292018:CP019774.1_118 (length 422)
plasmid_files/CP019774.1_results/PROKKA_06292018:CP019774.1_119 (length 1085)
plasmid_files/CP019774.1_results/PROKKA_06292018:CP019774.1_120 (length 438)
plasmid_files/CP019774.1_results/PROKKA_06292018:CP019774.1_121 (length 675)
plasmid_files/CP019774.1_results/PROKKA_06292018:CP019774.1_122 (length 57)
plasmid_files/CP019774.1_results/PROKKA_06292018:CP019774.1_123 (length 110)
plasmid_files/CP019774.1_results/PROKKA_06292018:CP019774.1_124 (length 324)
plasmid_files/CP019774.1_results/PROKKA_06292018:CP019774.1_125 (length 401)
plasmid_files/CP019774.1_results/PROKKA_06292018:CP019774.1_126 (length 100)
plasmid_files/CP019774.1_results/PROKKA_06292018:CP019774.1_127 (length 108)
plasmid_files/CP019774.1_results/PROKKA_06292018:CP019774.1_128 (length 105)
plasmid_files/CP019774.1_results/PROKKA_06292018:CP019774.1_129 (length 253)
plasmid_files/CP019774.1_results/PROKKA_06292018:CP019774.1_130 (length 78)
plasmid_files/CP019774.1_results/PROKKA_06292018:CP019774.1_131 (length 146)

DiscRep_ALL:DISC_INCONSISTENT_MOLINFO_TECH::Molinfo Technique Report (some missing, all same)
DiscRep_SUB:DISC_INCONSISTENT_MOLINFO_TECH::technique (all missing)
DiscRep_SUB:DISC_INCONSISTENT_MOLINFO_TECH::1 Molinfos are missing field technique
plasmid_files/CP019774.1_results/PROKKA_06292018:CP019774.1 (length 114073)

