[10:01:20] This is prokka 1.14-dev
[10:01:20] Written by Torsten Seemann <torsten.seemann@gmail.com>
[10:01:20] Homepage is https://github.com/tseemann/prokka
[10:01:20] Local time is Fri Jun 29 10:01:20 2018
[10:01:20] You are christian
[10:01:20] Operating system is linux
[10:01:20] You have BioPerl 1.007002
[10:01:20] System has 20 cores.
[10:01:20] Will use maximum of 20 cores.
[10:01:20] Annotating as >>> Bacteria <<<
[10:01:20] Generating locus_tag from 'plasmid_files/CP019774.1.fasta' contents.
[10:01:20] Setting --locustag MIPIAFMO from MD5 6292af68e50b663a1dbdeb56b311db88
[10:01:20] Creating new output folder: plasmid_files/CP019774.1_results
[10:01:20] Running: mkdir -p plasmid_files\/CP019774\.1_results
[10:01:20] Using filename prefix: PROKKA_06292018.XXX
[10:01:20] Setting HMMER_NCPU=1
[10:01:20] Writing log to: plasmid_files/CP019774.1_results/PROKKA_06292018.log
[10:01:20] Command: /home/christian/install/prokka/bin/prokka plasmid_files/CP019774.1.fasta --outdir plasmid_files/CP019774.1_results --cpus 20
[10:01:20] Appending to PATH: /home/christian/install/prokka/bin/../binaries/linux
[10:01:20] Appending to PATH: /home/christian/install/prokka/bin/../binaries/linux/../common
[10:01:20] Appending to PATH: /home/christian/install/prokka/bin
[10:01:20] Looking for 'aragorn' - found /home/christian/install/prokka/bin/../binaries/linux/aragorn
[10:01:20] Determined aragorn version is 1.2
[10:01:20] Looking for 'blastp' - found /usr/bin/blastp
[10:01:21] Determined blastp version is 2.2
[10:01:21] Looking for 'cmpress' - found /usr/local/bin/cmpress
[10:01:21] Determined cmpress version is 1.1
[10:01:21] Looking for 'cmscan' - found /usr/local/bin/cmscan
[10:01:21] Determined cmscan version is 1.1
[10:01:21] Looking for 'egrep' - found /bin/egrep
[10:01:21] Looking for 'find' - found /usr/bin/find
[10:01:21] Looking for 'grep' - found /bin/grep
[10:01:21] Looking for 'hmmpress' - found /usr/local/bin/hmmpress
[10:01:21] Determined hmmpress version is 3.1
[10:01:21] Looking for 'hmmscan' - found /usr/local/bin/hmmscan
[10:01:21] Determined hmmscan version is 3.1
[10:01:21] Looking for 'java' - found /usr/bin/java
[10:01:21] Looking for 'less' - found /usr/bin/less
[10:01:21] Looking for 'makeblastdb' - found /usr/bin/makeblastdb
[10:01:21] Determined makeblastdb version is 2.2
[10:01:21] Looking for 'minced' - found /home/christian/install/prokka/bin/../binaries/linux/../common/minced
[10:01:21] Determined minced version is 2.0
[10:01:21] Looking for 'parallel' - found /usr/bin/parallel
[10:01:21] Determined parallel version is 20141022
[10:01:21] Looking for 'prodigal' - found /usr/local/bin/prodigal
[10:01:21] Determined prodigal version is 2.6
[10:01:21] Looking for 'prokka-genbank_to_fasta_db' - found /home/christian/install/prokka/bin/prokka-genbank_to_fasta_db
[10:01:21] Looking for 'sed' - found /bin/sed
[10:01:21] Looking for 'tbl2asn' - found /home/christian/install/prokka/bin/../binaries/linux/tbl2asn
[10:01:21] Determined tbl2asn version is 25.6
[10:01:21] Using genetic code table 11.
[10:01:21] Loading and checking input file: plasmid_files/CP019774.1.fasta
[10:01:21] Wrote 1 contigs totalling 114073 bp.
[10:01:21] Predicting tRNAs and tmRNAs
[10:01:21] Running: aragorn -l -gc11  -w plasmid_files\/CP019774\.1_results\/PROKKA_06292018\.fna
[10:01:21] Found 0 tRNAs
[10:01:21] Predicting Ribosomal RNAs
[10:01:21] You need either Barrnap or RNAmmer installed to predict rRNAs!
[10:01:21] Skipping ncRNA search, enable with --rfam if desired.
[10:01:21] Total of 0 tRNA + rRNA features
[10:01:21] Searching for CRISPR repeats
[10:01:21] Found 0 CRISPRs
[10:01:21] Predicting coding sequences
[10:01:21] Contigs total 114073 bp, so using single mode
[10:01:21] Running: prodigal -i plasmid_files\/CP019774\.1_results\/PROKKA_06292018\.fna -c -m -g 11 -p single -f sco -q
[10:01:21] Found 131 CDS
[10:01:21] Connecting features back to sequences
[10:01:21] Not using genus-specific database. Try --usegenus to enable it.
[10:01:21] Annotating CDS, please be patient.
[10:01:21] Will use 20 CPUs for similarity searching.
[10:01:21] There are still 131 unannotated CDS left (started with 131)
[10:01:21] Will use blast to search against /home/christian/install/prokka/db/kingdom/Bacteria/sprot with 20 CPUs
[10:01:21] Running: cat plasmid_files\/CP019774\.1_results\/sprot\.faa | parallel --gnu --plain -j 20 --block 804 --recstart '>' --pipe blastp -query - -db /home/christian/install/prokka/db/kingdom/Bacteria/sprot -evalue 1e-06 -num_threads 1 -num_descriptions 1 -num_alignments 1 -seg no > plasmid_files\/CP019774\.1_results\/sprot\.blast 2> /dev/null
[10:01:22] Modify product: UPF0401 protein YkfF => hypothetical protein
[10:01:22] Modify product: Uncharacterized signaling protein PA1727 => putative signaling protein
[10:01:22] Cleaned 2 /product names
[10:01:22] Deleting unwanted file: plasmid_files/CP019774.1_results/sprot.faa
[10:01:22] Deleting unwanted file: plasmid_files/CP019774.1_results/sprot.blast
[10:01:22] There are still 84 unannotated CDS left (started with 131)
[10:01:22] Will use hmmer3 to search against /home/christian/install/prokka/db/hmm/HAMAP.hmm with 20 CPUs
[10:01:22] Running: cat plasmid_files\/CP019774\.1_results\/HAMAP\.hmm\.faa | parallel --gnu --plain -j 20 --block 443 --recstart '>' --pipe hmmscan --noali --notextw --acc -E 1e-06 --cpu 1 /home/christian/install/prokka/db/hmm/HAMAP.hmm /dev/stdin > plasmid_files\/CP019774\.1_results\/HAMAP\.hmm\.hmmer3 2> /dev/null
[10:01:23] Deleting unwanted file: plasmid_files/CP019774.1_results/HAMAP.hmm.faa
[10:01:23] Deleting unwanted file: plasmid_files/CP019774.1_results/HAMAP.hmm.hmmer3
[10:01:23] Labelling remaining 83 proteins as 'hypothetical protein'
[10:01:23] Possible /pseudo 'Beta-lactamase OXA-18' at CP019774.1 position 84532
[10:01:23] Possible /pseudo 'Replication protein RepA' at CP019774.1 position 111011
[10:01:23] Possible /pseudo 'Replication protein RepA' at CP019774.1 position 111295
[10:01:23] Possible /pseudo 'Protein UmuC' at CP019774.1 position 112960
[10:01:23] Found 38 unique /gene codes.
[10:01:23] Fixed 3 duplicate /gene - repA_1 repA_2 repA_3
[10:01:23] Fixed 2 duplicate /gene - umuC_1 umuC_2
[10:01:23] Fixed 2 duplicate /gene - xerD_1 xerD_2
[10:01:23] Fixed 4 duplicate /gene - bla_1 bla_2 bla_3 bla_4
[10:01:23] Fixed 4 colliding /gene names.
[10:01:23] Adding /locus_tag identifiers
[10:01:23] Assigned 131 locus_tags to CDS and RNA features.
[10:01:23] Writing outputs to plasmid_files/CP019774.1_results/
[10:01:23] Generating annotation statistics file
[10:01:23] Generating Genbank and Sequin files
[10:01:23] Running: tbl2asn -V b -a r10k -l paired-ends -M n -N 1 -y 'Annotated using prokka 1.14-dev from https://github.com/tseemann/prokka' -Z plasmid_files\/CP019774\.1_results\/PROKKA_06292018\.err -i plasmid_files\/CP019774\.1_results\/PROKKA_06292018\.fsa 2> /dev/null
[10:01:23] Deleting unwanted file: plasmid_files/CP019774.1_results/errorsummary.val
[10:01:23] Deleting unwanted file: plasmid_files/CP019774.1_results/PROKKA_06292018.dr
[10:01:23] Deleting unwanted file: plasmid_files/CP019774.1_results/PROKKA_06292018.fixedproducts
[10:01:23] Deleting unwanted file: plasmid_files/CP019774.1_results/PROKKA_06292018.ecn
[10:01:23] Deleting unwanted file: plasmid_files/CP019774.1_results/PROKKA_06292018.val
[10:01:23] Repairing broken .GBK output that tbl2asn produces...
[10:01:23] Running: sed 's/COORDINATES: profile/COORDINATES:profile/' < plasmid_files\/CP019774\.1_results\/PROKKA_06292018\.gbf > plasmid_files\/CP019774\.1_results\/PROKKA_06292018\.gbk
[10:01:23] Deleting unwanted file: plasmid_files/CP019774.1_results/PROKKA_06292018.gbf
[10:01:23] Output files:
[10:01:23] plasmid_files/CP019774.1_results/PROKKA_06292018.sqn
[10:01:23] plasmid_files/CP019774.1_results/PROKKA_06292018.fsa
[10:01:23] plasmid_files/CP019774.1_results/PROKKA_06292018.tbl
[10:01:23] plasmid_files/CP019774.1_results/PROKKA_06292018.log
[10:01:23] plasmid_files/CP019774.1_results/PROKKA_06292018.gff
[10:01:23] plasmid_files/CP019774.1_results/PROKKA_06292018.txt
[10:01:23] plasmid_files/CP019774.1_results/PROKKA_06292018.gbk
[10:01:23] plasmid_files/CP019774.1_results/PROKKA_06292018.faa
[10:01:23] plasmid_files/CP019774.1_results/PROKKA_06292018.fna
[10:01:23] plasmid_files/CP019774.1_results/PROKKA_06292018.tsv
[10:01:23] plasmid_files/CP019774.1_results/PROKKA_06292018.ffn
[10:01:23] plasmid_files/CP019774.1_results/PROKKA_06292018.err
[10:01:23] Annotation finished successfully.
[10:01:23] Walltime used: 0.05 minutes
[10:01:23] If you use this result please cite the Prokka paper:
[10:01:23] Seemann T (2014) Prokka: rapid prokaryotic genome annotation. Bioinformatics. 30(14):2068-9.
[10:01:23] Type 'prokka --citation' for more details.
[10:01:23] Share and enjoy!
