Discrepancy Report Results

Summary
FATAL: MISSING_PROTEIN_ID:20 proteins have invalid IDs.
DISC_SOURCE_QUALS_ASNDISC:strain (all present, all unique)
DISC_SOURCE_QUALS_ASNDISC:taxname (all present, all unique)
DISC_FEATURE_COUNT:CDS: 20 present
DISC_COUNT_NUCLEOTIDES:1 nucleotide Bioseqs are present
FEATURE_LOCATION_CONFLICT:20 features have inconsistent gene locations.
DISC_QUALITY_SCORES:Quality scores are missing on all sequences.
ONCALLER_COMMENT_PRESENT:1 comment descriptors were found (all same)
SHORT_PROT_SEQUENCES:1 protein sequences are shorter than 50 aa.
MISSING_GENOMEASSEMBLY_COMMENTS:1 bioseqs are missing GenomeAssembly structured comments
MOLTYPE_NOT_MRNA:1 molecule types are not set as mRNA.
TECHNIQUE_NOT_TSA:1 technique are not set as TSA
MISSING_STRUCTURED_COMMENT:1 sequences do not include structured comments.
MISSING_PROJECT:21 sequences do not include project.
DISC_INCONSISTENT_MOLINFO_TECH:Molinfo Technique Report (some missing, all same)


Detailed Report

FATAL: DiscRep_ALL:MISSING_PROTEIN_ID::20 proteins have invalid IDs.
plasmid_files/CP020075.1_results/PROKKA_06292018:CP020075.1_1 (length 64)
plasmid_files/CP020075.1_results/PROKKA_06292018:CP020075.1_2 (length 286)
plasmid_files/CP020075.1_results/PROKKA_06292018:CP020075.1_3 (length 185)
plasmid_files/CP020075.1_results/PROKKA_06292018:CP020075.1_4 (length 302)
plasmid_files/CP020075.1_results/PROKKA_06292018:CP020075.1_5 (length 571)
plasmid_files/CP020075.1_results/PROKKA_06292018:CP020075.1_6 (length 1009)
plasmid_files/CP020075.1_results/PROKKA_06292018:CP020075.1_7 (length 341)
plasmid_files/CP020075.1_results/PROKKA_06292018:CP020075.1_8 (length 259)
plasmid_files/CP020075.1_results/PROKKA_06292018:CP020075.1_9 (length 293)
plasmid_files/CP020075.1_results/PROKKA_06292018:CP020075.1_10 (length 439)
plasmid_files/CP020075.1_results/PROKKA_06292018:CP020075.1_11 (length 87)
plasmid_files/CP020075.1_results/PROKKA_06292018:CP020075.1_12 (length 99)
plasmid_files/CP020075.1_results/PROKKA_06292018:CP020075.1_13 (length 125)
plasmid_files/CP020075.1_results/PROKKA_06292018:CP020075.1_14 (length 59)
plasmid_files/CP020075.1_results/PROKKA_06292018:CP020075.1_15 (length 176)
plasmid_files/CP020075.1_results/PROKKA_06292018:CP020075.1_16 (length 243)
plasmid_files/CP020075.1_results/PROKKA_06292018:CP020075.1_17 (length 654)
plasmid_files/CP020075.1_results/PROKKA_06292018:CP020075.1_18 (length 42)
plasmid_files/CP020075.1_results/PROKKA_06292018:CP020075.1_19 (length 85)
plasmid_files/CP020075.1_results/PROKKA_06292018:CP020075.1_20 (length 561)

DiscRep_ALL:DISC_SOURCE_QUALS_ASNDISC::strain (all present, all unique)
DiscRep_SUB:DISC_SOURCE_QUALS_ASNDISC::1 sources have unique values for strain
DiscRep_ALL:DISC_SOURCE_QUALS_ASNDISC::taxname (all present, all unique)
DiscRep_SUB:DISC_SOURCE_QUALS_ASNDISC::1 sources have unique values for taxname
DiscRep_ALL:DISC_FEATURE_COUNT::CDS: 20 present
DiscRep_ALL:DISC_COUNT_NUCLEOTIDES::1 nucleotide Bioseqs are present
plasmid_files/CP020075.1_results/PROKKA_06292018:CP020075.1 (length 22062)

DiscRep_ALL:FEATURE_LOCATION_CONFLICT::20 features have inconsistent gene locations.
DiscRep_SUB:FEATURE_LOCATION_CONFLICT::Coding region xref gene does not exist
plasmid_files/CP020075.1_results/PROKKA_06292018:CDS	hypothetical protein	CP020075.1:c246-52	LGECLOIH_00001

DiscRep_SUB:FEATURE_LOCATION_CONFLICT::Coding region xref gene does not exist
plasmid_files/CP020075.1_results/PROKKA_06292018:CDS	Beta-lactamase TEM	CP020075.1:c1365-505	LGECLOIH_00002

DiscRep_SUB:FEATURE_LOCATION_CONFLICT::Coding region xref gene does not exist
plasmid_files/CP020075.1_results/PROKKA_06292018:CDS	Transposon Tn3 resolvase	CP020075.1:c2105-1548	LGECLOIH_00003

DiscRep_SUB:FEATURE_LOCATION_CONFLICT::Coding region xref gene does not exist
plasmid_files/CP020075.1_results/PROKKA_06292018:CDS	hypothetical protein	CP020075.1:2269-3177	LGECLOIH_00004

DiscRep_SUB:FEATURE_LOCATION_CONFLICT::Coding region xref gene does not exist
plasmid_files/CP020075.1_results/PROKKA_06292018:CDS	Tyrosine recombinase XerD	CP020075.1:c4935-3220	LGECLOIH_00005

DiscRep_SUB:FEATURE_LOCATION_CONFLICT::Coding region xref gene does not exist
plasmid_files/CP020075.1_results/PROKKA_06292018:CDS	hypothetical protein	CP020075.1:5045-8074	LGECLOIH_00006

DiscRep_SUB:FEATURE_LOCATION_CONFLICT::Coding region xref gene does not exist
plasmid_files/CP020075.1_results/PROKKA_06292018:CDS	hypothetical protein	CP020075.1:8181-9206	LGECLOIH_00007

DiscRep_SUB:FEATURE_LOCATION_CONFLICT::Coding region xref gene does not exist
plasmid_files/CP020075.1_results/PROKKA_06292018:CDS	Insertion sequence IS5376 putative ATP-binding protein	CP020075.1:9203-9982	LGECLOIH_00008

DiscRep_SUB:FEATURE_LOCATION_CONFLICT::Coding region xref gene does not exist
plasmid_files/CP020075.1_results/PROKKA_06292018:CDS	Carbapenem-hydrolyzing beta-lactamase KPC	CP020075.1:10369-11250	LGECLOIH_00009

DiscRep_SUB:FEATURE_LOCATION_CONFLICT::Coding region xref gene does not exist
plasmid_files/CP020075.1_results/PROKKA_06292018:CDS	hypothetical protein	CP020075.1:c12819-11500	LGECLOIH_00010

DiscRep_SUB:FEATURE_LOCATION_CONFLICT::Coding region xref gene does not exist
plasmid_files/CP020075.1_results/PROKKA_06292018:CDS	hypothetical protein	CP020075.1:13641-13904	LGECLOIH_00011

DiscRep_SUB:FEATURE_LOCATION_CONFLICT::Coding region xref gene does not exist
plasmid_files/CP020075.1_results/PROKKA_06292018:CDS	hypothetical protein	CP020075.1:13894-14193	LGECLOIH_00012

DiscRep_SUB:FEATURE_LOCATION_CONFLICT::Coding region xref gene does not exist
plasmid_files/CP020075.1_results/PROKKA_06292018:CDS	hypothetical protein	CP020075.1:c14632-14255	LGECLOIH_00013

DiscRep_SUB:FEATURE_LOCATION_CONFLICT::Coding region xref gene does not exist
plasmid_files/CP020075.1_results/PROKKA_06292018:CDS	Regulatory protein rop	CP020075.1:14701-14880	LGECLOIH_00014

DiscRep_SUB:FEATURE_LOCATION_CONFLICT::Coding region xref gene does not exist
plasmid_files/CP020075.1_results/PROKKA_06292018:CDS	hypothetical protein	CP020075.1:c15438-14908	LGECLOIH_00015

DiscRep_SUB:FEATURE_LOCATION_CONFLICT::Coding region xref gene does not exist
plasmid_files/CP020075.1_results/PROKKA_06292018:CDS	hypothetical protein	CP020075.1:c16176-15445	LGECLOIH_00016

DiscRep_SUB:FEATURE_LOCATION_CONFLICT::Coding region xref gene does not exist
plasmid_files/CP020075.1_results/PROKKA_06292018:CDS	hypothetical protein	CP020075.1:c18140-16176	LGECLOIH_00017

DiscRep_SUB:FEATURE_LOCATION_CONFLICT::Coding region xref gene does not exist
plasmid_files/CP020075.1_results/PROKKA_06292018:CDS	hypothetical protein	CP020075.1:c18980-18852	LGECLOIH_00018

DiscRep_SUB:FEATURE_LOCATION_CONFLICT::Coding region xref gene does not exist
plasmid_files/CP020075.1_results/PROKKA_06292018:CDS	Cloacin immunity protein	CP020075.1:c20112-19855	LGECLOIH_00019

DiscRep_SUB:FEATURE_LOCATION_CONFLICT::Coding region xref gene does not exist
plasmid_files/CP020075.1_results/PROKKA_06292018:CDS	Colicin-E3	CP020075.1:c21807-20122	LGECLOIH_00020

DiscRep_ALL:DISC_QUALITY_SCORES::Quality scores are missing on all sequences.

DiscRep_ALL:ONCALLER_COMMENT_PRESENT::1 comment descriptors were found (all same)
plasmid_files/CP020075.1_results/PROKKA_06292018:CP020075.1:Annotated using prokka 1.14-dev from https://github.com/tseemann/prokka

DiscRep_ALL:SHORT_PROT_SEQUENCES::1 protein sequences are shorter than 50 aa.
plasmid_files/CP020075.1_results/PROKKA_06292018:CP020075.1_18 (length 42)

DiscRep_ALL:MISSING_GENOMEASSEMBLY_COMMENTS::1 bioseqs are missing GenomeAssembly structured comments
plasmid_files/CP020075.1_results/PROKKA_06292018:CP020075.1 (length 22062)

DiscRep_ALL:MOLTYPE_NOT_MRNA::1 molecule types are not set as mRNA.
plasmid_files/CP020075.1_results/PROKKA_06292018:CP020075.1 (length 22062)

DiscRep_ALL:TECHNIQUE_NOT_TSA::1 technique are not set as TSA
plasmid_files/CP020075.1_results/PROKKA_06292018:CP020075.1 (length 22062)

DiscRep_ALL:MISSING_STRUCTURED_COMMENT::1 sequences do not include structured comments.
plasmid_files/CP020075.1_results/PROKKA_06292018:CP020075.1 (length 22062)

DiscRep_ALL:MISSING_PROJECT::21 sequences do not include project.
plasmid_files/CP020075.1_results/PROKKA_06292018:CP020075.1 (length 22062)
plasmid_files/CP020075.1_results/PROKKA_06292018:CP020075.1_1 (length 64)
plasmid_files/CP020075.1_results/PROKKA_06292018:CP020075.1_2 (length 286)
plasmid_files/CP020075.1_results/PROKKA_06292018:CP020075.1_3 (length 185)
plasmid_files/CP020075.1_results/PROKKA_06292018:CP020075.1_4 (length 302)
plasmid_files/CP020075.1_results/PROKKA_06292018:CP020075.1_5 (length 571)
plasmid_files/CP020075.1_results/PROKKA_06292018:CP020075.1_6 (length 1009)
plasmid_files/CP020075.1_results/PROKKA_06292018:CP020075.1_7 (length 341)
plasmid_files/CP020075.1_results/PROKKA_06292018:CP020075.1_8 (length 259)
plasmid_files/CP020075.1_results/PROKKA_06292018:CP020075.1_9 (length 293)
plasmid_files/CP020075.1_results/PROKKA_06292018:CP020075.1_10 (length 439)
plasmid_files/CP020075.1_results/PROKKA_06292018:CP020075.1_11 (length 87)
plasmid_files/CP020075.1_results/PROKKA_06292018:CP020075.1_12 (length 99)
plasmid_files/CP020075.1_results/PROKKA_06292018:CP020075.1_13 (length 125)
plasmid_files/CP020075.1_results/PROKKA_06292018:CP020075.1_14 (length 59)
plasmid_files/CP020075.1_results/PROKKA_06292018:CP020075.1_15 (length 176)
plasmid_files/CP020075.1_results/PROKKA_06292018:CP020075.1_16 (length 243)
plasmid_files/CP020075.1_results/PROKKA_06292018:CP020075.1_17 (length 654)
plasmid_files/CP020075.1_results/PROKKA_06292018:CP020075.1_18 (length 42)
plasmid_files/CP020075.1_results/PROKKA_06292018:CP020075.1_19 (length 85)
plasmid_files/CP020075.1_results/PROKKA_06292018:CP020075.1_20 (length 561)

DiscRep_ALL:DISC_INCONSISTENT_MOLINFO_TECH::Molinfo Technique Report (some missing, all same)
DiscRep_SUB:DISC_INCONSISTENT_MOLINFO_TECH::technique (all missing)
DiscRep_SUB:DISC_INCONSISTENT_MOLINFO_TECH::1 Molinfos are missing field technique
plasmid_files/CP020075.1_results/PROKKA_06292018:CP020075.1 (length 22062)

