[10:12:33] This is prokka 1.14-dev
[10:12:33] Written by Torsten Seemann <torsten.seemann@gmail.com>
[10:12:33] Homepage is https://github.com/tseemann/prokka
[10:12:33] Local time is Fri Jun 29 10:12:33 2018
[10:12:33] You are christian
[10:12:33] Operating system is linux
[10:12:33] You have BioPerl 1.007002
[10:12:33] System has 20 cores.
[10:12:33] Will use maximum of 20 cores.
[10:12:33] Annotating as >>> Bacteria <<<
[10:12:33] Generating locus_tag from 'plasmid_files/KU934011.1.fasta' contents.
[10:12:33] Setting --locustag ICFLADHJ from MD5 2cf5ad1396d91e02e3d99205d657124e
[10:12:33] Creating new output folder: plasmid_files/KU934011.1_results
[10:12:33] Running: mkdir -p plasmid_files\/KU934011\.1_results
[10:12:33] Using filename prefix: PROKKA_06292018.XXX
[10:12:33] Setting HMMER_NCPU=1
[10:12:33] Writing log to: plasmid_files/KU934011.1_results/PROKKA_06292018.log
[10:12:33] Command: /home/christian/install/prokka/bin/prokka plasmid_files/KU934011.1.fasta --outdir plasmid_files/KU934011.1_results --cpus 20
[10:12:33] Appending to PATH: /home/christian/install/prokka/bin/../binaries/linux
[10:12:33] Appending to PATH: /home/christian/install/prokka/bin/../binaries/linux/../common
[10:12:33] Appending to PATH: /home/christian/install/prokka/bin
[10:12:33] Looking for 'aragorn' - found /home/christian/install/prokka/bin/../binaries/linux/aragorn
[10:12:33] Determined aragorn version is 1.2
[10:12:33] Looking for 'blastp' - found /usr/bin/blastp
[10:12:33] Determined blastp version is 2.2
[10:12:33] Looking for 'cmpress' - found /usr/local/bin/cmpress
[10:12:33] Determined cmpress version is 1.1
[10:12:33] Looking for 'cmscan' - found /usr/local/bin/cmscan
[10:12:33] Determined cmscan version is 1.1
[10:12:33] Looking for 'egrep' - found /bin/egrep
[10:12:33] Looking for 'find' - found /usr/bin/find
[10:12:33] Looking for 'grep' - found /bin/grep
[10:12:33] Looking for 'hmmpress' - found /usr/local/bin/hmmpress
[10:12:33] Determined hmmpress version is 3.1
[10:12:33] Looking for 'hmmscan' - found /usr/local/bin/hmmscan
[10:12:33] Determined hmmscan version is 3.1
[10:12:33] Looking for 'java' - found /usr/bin/java
[10:12:33] Looking for 'less' - found /usr/bin/less
[10:12:33] Looking for 'makeblastdb' - found /usr/bin/makeblastdb
[10:12:33] Determined makeblastdb version is 2.2
[10:12:33] Looking for 'minced' - found /home/christian/install/prokka/bin/../binaries/linux/../common/minced
[10:12:33] Determined minced version is 2.0
[10:12:33] Looking for 'parallel' - found /usr/bin/parallel
[10:12:33] Determined parallel version is 20141022
[10:12:33] Looking for 'prodigal' - found /usr/local/bin/prodigal
[10:12:33] Determined prodigal version is 2.6
[10:12:33] Looking for 'prokka-genbank_to_fasta_db' - found /home/christian/install/prokka/bin/prokka-genbank_to_fasta_db
[10:12:33] Looking for 'sed' - found /bin/sed
[10:12:33] Looking for 'tbl2asn' - found /home/christian/install/prokka/bin/../binaries/linux/tbl2asn
[10:12:33] Determined tbl2asn version is 25.6
[10:12:33] Using genetic code table 11.
[10:12:33] Loading and checking input file: plasmid_files/KU934011.1.fasta
[10:12:33] Wrote 1 contigs totalling 53292 bp.
[10:12:33] Predicting tRNAs and tmRNAs
[10:12:33] Running: aragorn -l -gc11  -w plasmid_files\/KU934011\.1_results\/PROKKA_06292018\.fna
[10:12:33] Found 0 tRNAs
[10:12:33] Predicting Ribosomal RNAs
[10:12:33] You need either Barrnap or RNAmmer installed to predict rRNAs!
[10:12:33] Skipping ncRNA search, enable with --rfam if desired.
[10:12:33] Total of 0 tRNA + rRNA features
[10:12:33] Searching for CRISPR repeats
[10:12:33] Found 0 CRISPRs
[10:12:33] Predicting coding sequences
[10:12:33] Contigs total 53292 bp, so using meta mode
[10:12:33] Running: prodigal -i plasmid_files\/KU934011\.1_results\/PROKKA_06292018\.fna -c -m -g 11 -p meta -f sco -q
[10:12:34] Found 64 CDS
[10:12:34] Connecting features back to sequences
[10:12:34] Not using genus-specific database. Try --usegenus to enable it.
[10:12:34] Annotating CDS, please be patient.
[10:12:34] Will use 20 CPUs for similarity searching.
[10:12:34] There are still 64 unannotated CDS left (started with 64)
[10:12:34] Will use blast to search against /home/christian/install/prokka/db/kingdom/Bacteria/sprot with 20 CPUs
[10:12:34] Running: cat plasmid_files\/KU934011\.1_results\/sprot\.faa | parallel --gnu --plain -j 20 --block 393 --recstart '>' --pipe blastp -query - -db /home/christian/install/prokka/db/kingdom/Bacteria/sprot -evalue 1e-06 -num_threads 1 -num_descriptions 1 -num_alignments 1 -seg no > plasmid_files\/KU934011\.1_results\/sprot\.blast 2> /dev/null
[10:12:34] Modify product: Uncharacterized ATPase YjoB => putative ATPase YjoB
[10:12:34] Cleaned 1 /product names
[10:12:34] Deleting unwanted file: plasmid_files/KU934011.1_results/sprot.faa
[10:12:34] Deleting unwanted file: plasmid_files/KU934011.1_results/sprot.blast
[10:12:34] There are still 41 unannotated CDS left (started with 64)
[10:12:34] Will use hmmer3 to search against /home/christian/install/prokka/db/hmm/HAMAP.hmm with 20 CPUs
[10:12:34] Running: cat plasmid_files\/KU934011\.1_results\/HAMAP\.hmm\.faa | parallel --gnu --plain -j 20 --block 195 --recstart '>' --pipe hmmscan --noali --notextw --acc -E 1e-06 --cpu 1 /home/christian/install/prokka/db/hmm/HAMAP.hmm /dev/stdin > plasmid_files\/KU934011\.1_results\/HAMAP\.hmm\.hmmer3 2> /dev/null
[10:12:35] Deleting unwanted file: plasmid_files/KU934011.1_results/HAMAP.hmm.faa
[10:12:35] Deleting unwanted file: plasmid_files/KU934011.1_results/HAMAP.hmm.hmmer3
[10:12:35] Labelling remaining 39 proteins as 'hypothetical protein'
[10:12:35] Possible /pseudo '3-oxo-tetronate kinase' at KU934011.1 position 8337
[10:12:35] Found 20 unique /gene codes.
[10:12:35] Fixed 2 duplicate /gene - otnK_1 otnK_2
[10:12:35] Fixed 2 duplicate /gene - bla_1 bla_2
[10:12:35] Fixed 2 colliding /gene names.
[10:12:35] Adding /locus_tag identifiers
[10:12:35] Assigned 64 locus_tags to CDS and RNA features.
[10:12:35] Writing outputs to plasmid_files/KU934011.1_results/
[10:12:35] Generating annotation statistics file
[10:12:35] Generating Genbank and Sequin files
[10:12:35] Running: tbl2asn -V b -a r10k -l paired-ends -M n -N 1 -y 'Annotated using prokka 1.14-dev from https://github.com/tseemann/prokka' -Z plasmid_files\/KU934011\.1_results\/PROKKA_06292018\.err -i plasmid_files\/KU934011\.1_results\/PROKKA_06292018\.fsa 2> /dev/null
[10:12:35] Deleting unwanted file: plasmid_files/KU934011.1_results/errorsummary.val
[10:12:35] Deleting unwanted file: plasmid_files/KU934011.1_results/PROKKA_06292018.dr
[10:12:35] Deleting unwanted file: plasmid_files/KU934011.1_results/PROKKA_06292018.fixedproducts
[10:12:35] Deleting unwanted file: plasmid_files/KU934011.1_results/PROKKA_06292018.ecn
[10:12:35] Deleting unwanted file: plasmid_files/KU934011.1_results/PROKKA_06292018.val
[10:12:35] Repairing broken .GBK output that tbl2asn produces...
[10:12:35] Running: sed 's/COORDINATES: profile/COORDINATES:profile/' < plasmid_files\/KU934011\.1_results\/PROKKA_06292018\.gbf > plasmid_files\/KU934011\.1_results\/PROKKA_06292018\.gbk
[10:12:35] Deleting unwanted file: plasmid_files/KU934011.1_results/PROKKA_06292018.gbf
[10:12:35] Output files:
[10:12:35] plasmid_files/KU934011.1_results/PROKKA_06292018.sqn
[10:12:35] plasmid_files/KU934011.1_results/PROKKA_06292018.fsa
[10:12:35] plasmid_files/KU934011.1_results/PROKKA_06292018.tbl
[10:12:35] plasmid_files/KU934011.1_results/PROKKA_06292018.log
[10:12:35] plasmid_files/KU934011.1_results/PROKKA_06292018.gff
[10:12:35] plasmid_files/KU934011.1_results/PROKKA_06292018.txt
[10:12:35] plasmid_files/KU934011.1_results/PROKKA_06292018.gbk
[10:12:35] plasmid_files/KU934011.1_results/PROKKA_06292018.faa
[10:12:35] plasmid_files/KU934011.1_results/PROKKA_06292018.fna
[10:12:35] plasmid_files/KU934011.1_results/PROKKA_06292018.tsv
[10:12:35] plasmid_files/KU934011.1_results/PROKKA_06292018.ffn
[10:12:35] plasmid_files/KU934011.1_results/PROKKA_06292018.err
[10:12:35] Annotation finished successfully.
[10:12:35] Walltime used: 0.03 minutes
[10:12:35] If you use this result please cite the Prokka paper:
[10:12:35] Seemann T (2014) Prokka: rapid prokaryotic genome annotation. Bioinformatics. 30(14):2068-9.
[10:12:35] Type 'prokka --citation' for more details.
[10:12:35] Thank you, come again.
