Discrepancy Report Results

Summary
FATAL: MISSING_PROTEIN_ID:128 proteins have invalid IDs.
DISC_SOURCE_QUALS_ASNDISC:strain (all present, all unique)
DISC_SOURCE_QUALS_ASNDISC:taxname (all present, all unique)
DISC_FEATURE_COUNT:CDS: 128 present
DISC_COUNT_NUCLEOTIDES:1 nucleotide Bioseqs are present
FEATURE_LOCATION_CONFLICT:128 features have inconsistent gene locations.
SUSPECT_PRODUCT_NAMES:1 product_names contain suspect phrase or characters
	May contain database identifier more appropriate in note; remove from product name
		1 features Three or more numbers together
DISC_QUALITY_SCORES:Quality scores are missing on all sequences.
ONCALLER_COMMENT_PRESENT:1 comment descriptors were found (all same)
SHORT_PROT_SEQUENCES:3 protein sequences are shorter than 50 aa.
MISSING_GENOMEASSEMBLY_COMMENTS:1 bioseqs are missing GenomeAssembly structured comments
MOLTYPE_NOT_MRNA:1 molecule types are not set as mRNA.
TECHNIQUE_NOT_TSA:1 technique are not set as TSA
MISSING_STRUCTURED_COMMENT:1 sequences do not include structured comments.
MISSING_PROJECT:129 sequences do not include project.
DISC_INCONSISTENT_MOLINFO_TECH:Molinfo Technique Report (some missing, all same)


Detailed Report

FATAL: DiscRep_ALL:MISSING_PROTEIN_ID::128 proteins have invalid IDs.
plasmid_files/KY798506.1_results/PROKKA_06292018:KY798506.1_1 (length 183)
plasmid_files/KY798506.1_results/PROKKA_06292018:KY798506.1_2 (length 83)
plasmid_files/KY798506.1_results/PROKKA_06292018:KY798506.1_3 (length 285)
plasmid_files/KY798506.1_results/PROKKA_06292018:KY798506.1_4 (length 187)
plasmid_files/KY798506.1_results/PROKKA_06292018:KY798506.1_5 (length 203)
plasmid_files/KY798506.1_results/PROKKA_06292018:KY798506.1_6 (length 330)
plasmid_files/KY798506.1_results/PROKKA_06292018:KY798506.1_7 (length 51)
plasmid_files/KY798506.1_results/PROKKA_06292018:KY798506.1_8 (length 571)
plasmid_files/KY798506.1_results/PROKKA_06292018:KY798506.1_9 (length 1009)
plasmid_files/KY798506.1_results/PROKKA_06292018:KY798506.1_10 (length 341)
plasmid_files/KY798506.1_results/PROKKA_06292018:KY798506.1_11 (length 259)
plasmid_files/KY798506.1_results/PROKKA_06292018:KY798506.1_12 (length 79)
plasmid_files/KY798506.1_results/PROKKA_06292018:KY798506.1_13 (length 293)
plasmid_files/KY798506.1_results/PROKKA_06292018:KY798506.1_14 (length 439)
plasmid_files/KY798506.1_results/PROKKA_06292018:KY798506.1_15 (length 394)
plasmid_files/KY798506.1_results/PROKKA_06292018:KY798506.1_16 (length 70)
plasmid_files/KY798506.1_results/PROKKA_06292018:KY798506.1_17 (length 119)
plasmid_files/KY798506.1_results/PROKKA_06292018:KY798506.1_18 (length 38)
plasmid_files/KY798506.1_results/PROKKA_06292018:KY798506.1_19 (length 206)
plasmid_files/KY798506.1_results/PROKKA_06292018:KY798506.1_20 (length 965)
plasmid_files/KY798506.1_results/PROKKA_06292018:KY798506.1_21 (length 234)
plasmid_files/KY798506.1_results/PROKKA_06292018:KY798506.1_22 (length 111)
plasmid_files/KY798506.1_results/PROKKA_06292018:KY798506.1_23 (length 119)
plasmid_files/KY798506.1_results/PROKKA_06292018:KY798506.1_24 (length 286)
plasmid_files/KY798506.1_results/PROKKA_06292018:KY798506.1_25 (length 136)
plasmid_files/KY798506.1_results/PROKKA_06292018:KY798506.1_26 (length 422)
plasmid_files/KY798506.1_results/PROKKA_06292018:KY798506.1_27 (length 235)
plasmid_files/KY798506.1_results/PROKKA_06292018:KY798506.1_28 (length 78)
plasmid_files/KY798506.1_results/PROKKA_06292018:KY798506.1_29 (length 120)
plasmid_files/KY798506.1_results/PROKKA_06292018:KY798506.1_30 (length 564)
plasmid_files/KY798506.1_results/PROKKA_06292018:KY798506.1_31 (length 140)
plasmid_files/KY798506.1_results/PROKKA_06292018:KY798506.1_32 (length 125)
plasmid_files/KY798506.1_results/PROKKA_06292018:KY798506.1_33 (length 91)
plasmid_files/KY798506.1_results/PROKKA_06292018:KY798506.1_34 (length 236)
plasmid_files/KY798506.1_results/PROKKA_06292018:KY798506.1_35 (length 133)
plasmid_files/KY798506.1_results/PROKKA_06292018:KY798506.1_36 (length 76)
plasmid_files/KY798506.1_results/PROKKA_06292018:KY798506.1_37 (length 109)
plasmid_files/KY798506.1_results/PROKKA_06292018:KY798506.1_38 (length 296)
plasmid_files/KY798506.1_results/PROKKA_06292018:KY798506.1_39 (length 260)
plasmid_files/KY798506.1_results/PROKKA_06292018:KY798506.1_40 (length 129)
plasmid_files/KY798506.1_results/PROKKA_06292018:KY798506.1_41 (length 147)
plasmid_files/KY798506.1_results/PROKKA_06292018:KY798506.1_42 (length 272)
plasmid_files/KY798506.1_results/PROKKA_06292018:KY798506.1_43 (length 317)
plasmid_files/KY798506.1_results/PROKKA_06292018:KY798506.1_44 (length 78)
plasmid_files/KY798506.1_results/PROKKA_06292018:KY798506.1_45 (length 247)
plasmid_files/KY798506.1_results/PROKKA_06292018:KY798506.1_46 (length 341)
plasmid_files/KY798506.1_results/PROKKA_06292018:KY798506.1_47 (length 240)
plasmid_files/KY798506.1_results/PROKKA_06292018:KY798506.1_48 (length 200)
plasmid_files/KY798506.1_results/PROKKA_06292018:KY798506.1_49 (length 401)
plasmid_files/KY798506.1_results/PROKKA_06292018:KY798506.1_50 (length 324)
plasmid_files/KY798506.1_results/PROKKA_06292018:KY798506.1_51 (length 423)
plasmid_files/KY798506.1_results/PROKKA_06292018:KY798506.1_52 (length 143)
plasmid_files/KY798506.1_results/PROKKA_06292018:KY798506.1_53 (length 495)
plasmid_files/KY798506.1_results/PROKKA_06292018:KY798506.1_54 (length 323)
plasmid_files/KY798506.1_results/PROKKA_06292018:KY798506.1_55 (length 223)
plasmid_files/KY798506.1_results/PROKKA_06292018:KY798506.1_56 (length 76)
plasmid_files/KY798506.1_results/PROKKA_06292018:KY798506.1_57 (length 233)
plasmid_files/KY798506.1_results/PROKKA_06292018:KY798506.1_58 (length 73)
plasmid_files/KY798506.1_results/PROKKA_06292018:KY798506.1_59 (length 139)
plasmid_files/KY798506.1_results/PROKKA_06292018:KY798506.1_60 (length 255)
plasmid_files/KY798506.1_results/PROKKA_06292018:KY798506.1_61 (length 142)
plasmid_files/KY798506.1_results/PROKKA_06292018:KY798506.1_62 (length 168)
plasmid_files/KY798506.1_results/PROKKA_06292018:KY798506.1_63 (length 63)
plasmid_files/KY798506.1_results/PROKKA_06292018:KY798506.1_64 (length 84)
plasmid_files/KY798506.1_results/PROKKA_06292018:KY798506.1_65 (length 105)
plasmid_files/KY798506.1_results/PROKKA_06292018:KY798506.1_66 (length 75)
plasmid_files/KY798506.1_results/PROKKA_06292018:KY798506.1_67 (length 76)
plasmid_files/KY798506.1_results/PROKKA_06292018:KY798506.1_68 (length 451)
plasmid_files/KY798506.1_results/PROKKA_06292018:KY798506.1_69 (length 187)
plasmid_files/KY798506.1_results/PROKKA_06292018:KY798506.1_70 (length 106)
plasmid_files/KY798506.1_results/PROKKA_06292018:KY798506.1_71 (length 170)
plasmid_files/KY798506.1_results/PROKKA_06292018:KY798506.1_72 (length 80)
plasmid_files/KY798506.1_results/PROKKA_06292018:KY798506.1_73 (length 669)
plasmid_files/KY798506.1_results/PROKKA_06292018:KY798506.1_74 (length 143)
plasmid_files/KY798506.1_results/PROKKA_06292018:KY798506.1_75 (length 240)
plasmid_files/KY798506.1_results/PROKKA_06292018:KY798506.1_76 (length 107)
plasmid_files/KY798506.1_results/PROKKA_06292018:KY798506.1_77 (length 118)
plasmid_files/KY798506.1_results/PROKKA_06292018:KY798506.1_78 (length 90)
plasmid_files/KY798506.1_results/PROKKA_06292018:KY798506.1_79 (length 116)
plasmid_files/KY798506.1_results/PROKKA_06292018:KY798506.1_80 (length 117)
plasmid_files/KY798506.1_results/PROKKA_06292018:KY798506.1_81 (length 115)
plasmid_files/KY798506.1_results/PROKKA_06292018:KY798506.1_82 (length 48)
plasmid_files/KY798506.1_results/PROKKA_06292018:KY798506.1_83 (length 291)
plasmid_files/KY798506.1_results/PROKKA_06292018:KY798506.1_84 (length 273)
plasmid_files/KY798506.1_results/PROKKA_06292018:KY798506.1_85 (length 104)
plasmid_files/KY798506.1_results/PROKKA_06292018:KY798506.1_86 (length 161)
plasmid_files/KY798506.1_results/PROKKA_06292018:KY798506.1_87 (length 132)
plasmid_files/KY798506.1_results/PROKKA_06292018:KY798506.1_88 (length 228)
plasmid_files/KY798506.1_results/PROKKA_06292018:KY798506.1_89 (length 128)
plasmid_files/KY798506.1_results/PROKKA_06292018:KY798506.1_90 (length 122)
plasmid_files/KY798506.1_results/PROKKA_06292018:KY798506.1_91 (length 101)
plasmid_files/KY798506.1_results/PROKKA_06292018:KY798506.1_92 (length 188)
plasmid_files/KY798506.1_results/PROKKA_06292018:KY798506.1_93 (length 246)
plasmid_files/KY798506.1_results/PROKKA_06292018:KY798506.1_94 (length 474)
plasmid_files/KY798506.1_results/PROKKA_06292018:KY798506.1_95 (length 190)
plasmid_files/KY798506.1_results/PROKKA_06292018:KY798506.1_96 (length 136)
plasmid_files/KY798506.1_results/PROKKA_06292018:KY798506.1_97 (length 72)
plasmid_files/KY798506.1_results/PROKKA_06292018:KY798506.1_98 (length 103)
plasmid_files/KY798506.1_results/PROKKA_06292018:KY798506.1_99 (length 134)
plasmid_files/KY798506.1_results/PROKKA_06292018:KY798506.1_100 (length 48)
plasmid_files/KY798506.1_results/PROKKA_06292018:KY798506.1_101 (length 129)
plasmid_files/KY798506.1_results/PROKKA_06292018:KY798506.1_102 (length 879)
plasmid_files/KY798506.1_results/PROKKA_06292018:KY798506.1_103 (length 129)
plasmid_files/KY798506.1_results/PROKKA_06292018:KY798506.1_104 (length 208)
plasmid_files/KY798506.1_results/PROKKA_06292018:KY798506.1_105 (length 129)
plasmid_files/KY798506.1_results/PROKKA_06292018:KY798506.1_106 (length 329)
plasmid_files/KY798506.1_results/PROKKA_06292018:KY798506.1_107 (length 212)
plasmid_files/KY798506.1_results/PROKKA_06292018:KY798506.1_108 (length 651)
plasmid_files/KY798506.1_results/PROKKA_06292018:KY798506.1_109 (length 84)
plasmid_files/KY798506.1_results/PROKKA_06292018:KY798506.1_110 (length 88)
plasmid_files/KY798506.1_results/PROKKA_06292018:KY798506.1_111 (length 108)
plasmid_files/KY798506.1_results/PROKKA_06292018:KY798506.1_112 (length 250)
plasmid_files/KY798506.1_results/PROKKA_06292018:KY798506.1_113 (length 79)
plasmid_files/KY798506.1_results/PROKKA_06292018:KY798506.1_114 (length 185)
plasmid_files/KY798506.1_results/PROKKA_06292018:KY798506.1_115 (length 147)
plasmid_files/KY798506.1_results/PROKKA_06292018:KY798506.1_116 (length 455)
plasmid_files/KY798506.1_results/PROKKA_06292018:KY798506.1_117 (length 949)
plasmid_files/KY798506.1_results/PROKKA_06292018:KY798506.1_118 (length 182)
plasmid_files/KY798506.1_results/PROKKA_06292018:KY798506.1_119 (length 243)
plasmid_files/KY798506.1_results/PROKKA_06292018:KY798506.1_120 (length 229)
plasmid_files/KY798506.1_results/PROKKA_06292018:KY798506.1_121 (length 770)
plasmid_files/KY798506.1_results/PROKKA_06292018:KY798506.1_122 (length 1753)
plasmid_files/KY798506.1_results/PROKKA_06292018:KY798506.1_123 (length 241)
plasmid_files/KY798506.1_results/PROKKA_06292018:KY798506.1_124 (length 197)
plasmid_files/KY798506.1_results/PROKKA_06292018:KY798506.1_125 (length 198)
plasmid_files/KY798506.1_results/PROKKA_06292018:KY798506.1_126 (length 214)
plasmid_files/KY798506.1_results/PROKKA_06292018:KY798506.1_127 (length 216)
plasmid_files/KY798506.1_results/PROKKA_06292018:KY798506.1_128 (length 102)

DiscRep_ALL:DISC_SOURCE_QUALS_ASNDISC::strain (all present, all unique)
DiscRep_SUB:DISC_SOURCE_QUALS_ASNDISC::1 sources have unique values for strain
DiscRep_ALL:DISC_SOURCE_QUALS_ASNDISC::taxname (all present, all unique)
DiscRep_SUB:DISC_SOURCE_QUALS_ASNDISC::1 sources have unique values for taxname
DiscRep_ALL:DISC_FEATURE_COUNT::CDS: 128 present
DiscRep_ALL:DISC_COUNT_NUCLEOTIDES::1 nucleotide Bioseqs are present
plasmid_files/KY798506.1_results/PROKKA_06292018:KY798506.1 (length 111742)

DiscRep_ALL:FEATURE_LOCATION_CONFLICT::128 features have inconsistent gene locations.
DiscRep_SUB:FEATURE_LOCATION_CONFLICT::Coding region xref gene does not exist
plasmid_files/KY798506.1_results/PROKKA_06292018:CDS	Phospholipase D	KY798506.1:1-552	BOHEIGPO_00001

DiscRep_SUB:FEATURE_LOCATION_CONFLICT::Coding region xref gene does not exist
plasmid_files/KY798506.1_results/PROKKA_06292018:CDS	hypothetical protein	KY798506.1:688-939	BOHEIGPO_00002

DiscRep_SUB:FEATURE_LOCATION_CONFLICT::Coding region xref gene does not exist
plasmid_files/KY798506.1_results/PROKKA_06292018:CDS	hypothetical protein	KY798506.1:1241-2098	BOHEIGPO_00003

DiscRep_SUB:FEATURE_LOCATION_CONFLICT::Coding region xref gene does not exist
plasmid_files/KY798506.1_results/PROKKA_06292018:CDS	RNA chaperone ProQ	KY798506.1:3317-3880	BOHEIGPO_00004

DiscRep_SUB:FEATURE_LOCATION_CONFLICT::Coding region xref gene does not exist
plasmid_files/KY798506.1_results/PROKKA_06292018:CDS	hypothetical protein	KY798506.1:3864-4475	BOHEIGPO_00005

DiscRep_SUB:FEATURE_LOCATION_CONFLICT::Coding region xref gene does not exist
plasmid_files/KY798506.1_results/PROKKA_06292018:CDS	hypothetical protein	KY798506.1:c5864-4872	BOHEIGPO_00006

DiscRep_SUB:FEATURE_LOCATION_CONFLICT::Coding region xref gene does not exist
plasmid_files/KY798506.1_results/PROKKA_06292018:CDS	hypothetical protein	KY798506.1:c6068-5913	BOHEIGPO_00007

DiscRep_SUB:FEATURE_LOCATION_CONFLICT::Coding region xref gene does not exist
plasmid_files/KY798506.1_results/PROKKA_06292018:CDS	Tyrosine recombinase XerD	KY798506.1:c8078-6363	BOHEIGPO_00008

DiscRep_SUB:FEATURE_LOCATION_CONFLICT::Coding region xref gene does not exist
plasmid_files/KY798506.1_results/PROKKA_06292018:CDS	hypothetical protein	KY798506.1:8188-11217	BOHEIGPO_00009

DiscRep_SUB:FEATURE_LOCATION_CONFLICT::Coding region xref gene does not exist
plasmid_files/KY798506.1_results/PROKKA_06292018:CDS	hypothetical protein	KY798506.1:11324-12349	BOHEIGPO_00010

DiscRep_SUB:FEATURE_LOCATION_CONFLICT::Coding region xref gene does not exist
plasmid_files/KY798506.1_results/PROKKA_06292018:CDS	Insertion sequence IS5376 putative ATP-binding protein	KY798506.1:12346-13125	BOHEIGPO_00011

DiscRep_SUB:FEATURE_LOCATION_CONFLICT::Coding region xref gene does not exist
plasmid_files/KY798506.1_results/PROKKA_06292018:CDS	hypothetical protein	KY798506.1:13122-13361	BOHEIGPO_00012

DiscRep_SUB:FEATURE_LOCATION_CONFLICT::Coding region xref gene does not exist
plasmid_files/KY798506.1_results/PROKKA_06292018:CDS	Carbapenem-hydrolyzing beta-lactamase KPC	KY798506.1:13413-14294	BOHEIGPO_00013

DiscRep_SUB:FEATURE_LOCATION_CONFLICT::Coding region xref gene does not exist
plasmid_files/KY798506.1_results/PROKKA_06292018:CDS	hypothetical protein	KY798506.1:c15863-14544	BOHEIGPO_00014

DiscRep_SUB:FEATURE_LOCATION_CONFLICT::Coding region xref gene does not exist
plasmid_files/KY798506.1_results/PROKKA_06292018:CDS	hypothetical protein	KY798506.1:c17324-16140	BOHEIGPO_00015

DiscRep_SUB:FEATURE_LOCATION_CONFLICT::Coding region xref gene does not exist
plasmid_files/KY798506.1_results/PROKKA_06292018:CDS	hypothetical protein	KY798506.1:17444-17656	BOHEIGPO_00016

DiscRep_SUB:FEATURE_LOCATION_CONFLICT::Coding region xref gene does not exist
plasmid_files/KY798506.1_results/PROKKA_06292018:CDS	hypothetical protein	KY798506.1:17828-18187	BOHEIGPO_00017

DiscRep_SUB:FEATURE_LOCATION_CONFLICT::Coding region xref gene does not exist
plasmid_files/KY798506.1_results/PROKKA_06292018:CDS	hypothetical protein	KY798506.1:c18430-18314	BOHEIGPO_00018

DiscRep_SUB:FEATURE_LOCATION_CONFLICT::Coding region xref gene does not exist
plasmid_files/KY798506.1_results/PROKKA_06292018:CDS	Putative transposon Tn552 DNA-invertase bin3	KY798506.1:c19973-19353	BOHEIGPO_00019

DiscRep_SUB:FEATURE_LOCATION_CONFLICT::Coding region xref gene does not exist
plasmid_files/KY798506.1_results/PROKKA_06292018:CDS	hypothetical protein	KY798506.1:c22959-20062	BOHEIGPO_00020

DiscRep_SUB:FEATURE_LOCATION_CONFLICT::Coding region xref gene does not exist
plasmid_files/KY798506.1_results/PROKKA_06292018:CDS	hypothetical protein	KY798506.1:23032-23736	BOHEIGPO_00021

DiscRep_SUB:FEATURE_LOCATION_CONFLICT::Coding region xref gene does not exist
plasmid_files/KY798506.1_results/PROKKA_06292018:CDS	Beta-lactamase OXA-18	KY798506.1:23956-24291	BOHEIGPO_00022

DiscRep_SUB:FEATURE_LOCATION_CONFLICT::Coding region xref gene does not exist
plasmid_files/KY798506.1_results/PROKKA_06292018:CDS	Beta-lactamase OXA-18	KY798506.1:24421-24780	BOHEIGPO_00023

DiscRep_SUB:FEATURE_LOCATION_CONFLICT::Coding region xref gene does not exist
plasmid_files/KY798506.1_results/PROKKA_06292018:CDS	Beta-lactamase TEM	KY798506.1:25480-26340	BOHEIGPO_00024

DiscRep_SUB:FEATURE_LOCATION_CONFLICT::Coding region xref gene does not exist
plasmid_files/KY798506.1_results/PROKKA_06292018:CDS	hypothetical protein	KY798506.1:c26861-26451	BOHEIGPO_00025

DiscRep_SUB:FEATURE_LOCATION_CONFLICT::Coding region xref gene does not exist
plasmid_files/KY798506.1_results/PROKKA_06292018:CDS	Transposon Tn7 transposition protein TnsB	KY798506.1:c28175-26907	BOHEIGPO_00026

DiscRep_SUB:FEATURE_LOCATION_CONFLICT::Coding region xref gene does not exist
plasmid_files/KY798506.1_results/PROKKA_06292018:CDS	putative signaling protein	KY798506.1:c28957-28250	BOHEIGPO_00027

DiscRep_SUB:FEATURE_LOCATION_CONFLICT::Coding region xref gene does not exist
plasmid_files/KY798506.1_results/PROKKA_06292018:CDS	hypothetical protein	KY798506.1:c29190-28954	BOHEIGPO_00028

DiscRep_SUB:FEATURE_LOCATION_CONFLICT::Coding region xref gene does not exist
plasmid_files/KY798506.1_results/PROKKA_06292018:CDS	HTH-type transcriptional activator mta	KY798506.1:c29549-29187	BOHEIGPO_00029

DiscRep_SUB:FEATURE_LOCATION_CONFLICT::Coding region xref gene does not exist
plasmid_files/KY798506.1_results/PROKKA_06292018:CDS	Mercuric reductase	KY798506.1:c31261-29567	BOHEIGPO_00030

DiscRep_SUB:FEATURE_LOCATION_CONFLICT::Coding region xref gene does not exist
plasmid_files/KY798506.1_results/PROKKA_06292018:CDS	Mercuric transport protein MerC	KY798506.1:c31735-31313	BOHEIGPO_00031

DiscRep_SUB:FEATURE_LOCATION_CONFLICT::Coding region xref gene does not exist
plasmid_files/KY798506.1_results/PROKKA_06292018:CDS	hypothetical protein	KY798506.1:c32274-31897	BOHEIGPO_00032

DiscRep_SUB:FEATURE_LOCATION_CONFLICT::Coding region xref gene does not exist
plasmid_files/KY798506.1_results/PROKKA_06292018:CDS	hypothetical protein	KY798506.1:c32594-32319	BOHEIGPO_00033

DiscRep_SUB:FEATURE_LOCATION_CONFLICT::Coding region xref gene does not exist
plasmid_files/KY798506.1_results/PROKKA_06292018:CDS	DNA replication and repair protein RecF	KY798506.1:c33338-32628	BOHEIGPO_00034

DiscRep_SUB:FEATURE_LOCATION_CONFLICT::Coding region xref gene does not exist
plasmid_files/KY798506.1_results/PROKKA_06292018:CDS	tRNA(fMet)-specific endonuclease VapC	KY798506.1:c33813-33412	BOHEIGPO_00035

DiscRep_SUB:FEATURE_LOCATION_CONFLICT::Coding region xref gene does not exist
plasmid_files/KY798506.1_results/PROKKA_06292018:CDS	Antitoxin VapB	KY798506.1:c34055-33825	BOHEIGPO_00036

DiscRep_SUB:FEATURE_LOCATION_CONFLICT::Coding region xref gene does not exist
plasmid_files/KY798506.1_results/PROKKA_06292018:CDS	hypothetical protein	KY798506.1:34625-34954	BOHEIGPO_00037

DiscRep_SUB:FEATURE_LOCATION_CONFLICT::Coding region xref gene does not exist
plasmid_files/KY798506.1_results/PROKKA_06292018:CDS	hypothetical protein	KY798506.1:34926-35816	BOHEIGPO_00038

DiscRep_SUB:FEATURE_LOCATION_CONFLICT::Coding region xref gene does not exist
plasmid_files/KY798506.1_results/PROKKA_06292018:CDS	Tyrosine recombinase XerD	KY798506.1:35813-36595	BOHEIGPO_00039

DiscRep_SUB:FEATURE_LOCATION_CONFLICT::Coding region xref gene does not exist
plasmid_files/KY798506.1_results/PROKKA_06292018:CDS	hypothetical protein	KY798506.1:37339-37728	BOHEIGPO_00040

DiscRep_SUB:FEATURE_LOCATION_CONFLICT::Coding region xref gene does not exist
plasmid_files/KY798506.1_results/PROKKA_06292018:CDS	hypothetical protein	KY798506.1:37806-38249	BOHEIGPO_00041

DiscRep_SUB:FEATURE_LOCATION_CONFLICT::Coding region xref gene does not exist
plasmid_files/KY798506.1_results/PROKKA_06292018:CDS	hypothetical protein	KY798506.1:38392-39210	BOHEIGPO_00042

DiscRep_SUB:FEATURE_LOCATION_CONFLICT::Coding region xref gene does not exist
plasmid_files/KY798506.1_results/PROKKA_06292018:CDS	hypothetical protein	KY798506.1:39291-40244	BOHEIGPO_00043

DiscRep_SUB:FEATURE_LOCATION_CONFLICT::Coding region xref gene does not exist
plasmid_files/KY798506.1_results/PROKKA_06292018:CDS	hypothetical protein	KY798506.1:c40572-40336	BOHEIGPO_00044

DiscRep_SUB:FEATURE_LOCATION_CONFLICT::Coding region xref gene does not exist
plasmid_files/KY798506.1_results/PROKKA_06292018:CDS	hypothetical protein	KY798506.1:41211-41954	BOHEIGPO_00045

DiscRep_SUB:FEATURE_LOCATION_CONFLICT::Coding region xref gene does not exist
plasmid_files/KY798506.1_results/PROKKA_06292018:CDS	hypothetical protein	KY798506.1:c43297-42272	BOHEIGPO_00046

DiscRep_SUB:FEATURE_LOCATION_CONFLICT::Coding region xref gene does not exist
plasmid_files/KY798506.1_results/PROKKA_06292018:CDS	Replication initiation protein	KY798506.1:43997-44719	BOHEIGPO_00047

DiscRep_SUB:FEATURE_LOCATION_CONFLICT::Coding region xref gene does not exist
plasmid_files/KY798506.1_results/PROKKA_06292018:CDS	hypothetical protein	KY798506.1:c45418-44816	BOHEIGPO_00048

DiscRep_SUB:FEATURE_LOCATION_CONFLICT::Coding region xref gene does not exist
plasmid_files/KY798506.1_results/PROKKA_06292018:CDS	Plasmid partition protein A	KY798506.1:45833-47038	BOHEIGPO_00049

DiscRep_SUB:FEATURE_LOCATION_CONFLICT::Coding region xref gene does not exist
plasmid_files/KY798506.1_results/PROKKA_06292018:CDS	Virulence regulon transcriptional activator VirB	KY798506.1:47038-48012	BOHEIGPO_00050

DiscRep_SUB:FEATURE_LOCATION_CONFLICT::Coding region xref gene does not exist
plasmid_files/KY798506.1_results/PROKKA_06292018:CDS	Protein UmuC	KY798506.1:c49365-48094	BOHEIGPO_00051

DiscRep_SUB:FEATURE_LOCATION_CONFLICT::Coding region xref gene does not exist
plasmid_files/KY798506.1_results/PROKKA_06292018:CDS	Protein UmuD	KY798506.1:c49796-49365	BOHEIGPO_00052

DiscRep_SUB:FEATURE_LOCATION_CONFLICT::Coding region xref gene does not exist
plasmid_files/KY798506.1_results/PROKKA_06292018:CDS	Group II intron-encoded protein LtrA	KY798506.1:50203-51690	BOHEIGPO_00053

DiscRep_SUB:FEATURE_LOCATION_CONFLICT::Coding region xref gene does not exist
plasmid_files/KY798506.1_results/PROKKA_06292018:CDS	Plasmid segregation protein ParM	KY798506.1:51939-52910	BOHEIGPO_00054

DiscRep_SUB:FEATURE_LOCATION_CONFLICT::Coding region xref gene does not exist
plasmid_files/KY798506.1_results/PROKKA_06292018:CDS	hypothetical protein	KY798506.1:52913-53584	BOHEIGPO_00055

DiscRep_SUB:FEATURE_LOCATION_CONFLICT::Coding region xref gene does not exist
plasmid_files/KY798506.1_results/PROKKA_06292018:CDS	hypothetical protein	KY798506.1:53646-53876	BOHEIGPO_00056

DiscRep_SUB:FEATURE_LOCATION_CONFLICT::Coding region xref gene does not exist
plasmid_files/KY798506.1_results/PROKKA_06292018:CDS	DNA adenine methyltransferase YhdJ	KY798506.1:54313-55014	BOHEIGPO_00057

DiscRep_SUB:FEATURE_LOCATION_CONFLICT::Coding region xref gene does not exist
plasmid_files/KY798506.1_results/PROKKA_06292018:CDS	hypothetical protein	KY798506.1:55014-55235	BOHEIGPO_00058

DiscRep_SUB:FEATURE_LOCATION_CONFLICT::Coding region xref gene does not exist
plasmid_files/KY798506.1_results/PROKKA_06292018:CDS	hypothetical protein	KY798506.1:55245-55664	BOHEIGPO_00059

DiscRep_SUB:FEATURE_LOCATION_CONFLICT::Coding region xref gene does not exist
plasmid_files/KY798506.1_results/PROKKA_06292018:CDS	hypothetical protein	KY798506.1:55718-56485	BOHEIGPO_00060

DiscRep_SUB:FEATURE_LOCATION_CONFLICT::Coding region xref gene does not exist
plasmid_files/KY798506.1_results/PROKKA_06292018:CDS	Antirestriction protein KlcA	KY798506.1:57166-57594	BOHEIGPO_00061

DiscRep_SUB:FEATURE_LOCATION_CONFLICT::Coding region xref gene does not exist
plasmid_files/KY798506.1_results/PROKKA_06292018:CDS	hypothetical protein	KY798506.1:57637-58143	BOHEIGPO_00062

DiscRep_SUB:FEATURE_LOCATION_CONFLICT::Coding region xref gene does not exist
plasmid_files/KY798506.1_results/PROKKA_06292018:CDS	hypothetical protein	KY798506.1:58186-58377	BOHEIGPO_00063

DiscRep_SUB:FEATURE_LOCATION_CONFLICT::Coding region xref gene does not exist
plasmid_files/KY798506.1_results/PROKKA_06292018:CDS	DNA polymerase III subunit theta	KY798506.1:58565-58819	BOHEIGPO_00064

DiscRep_SUB:FEATURE_LOCATION_CONFLICT::Coding region xref gene does not exist
plasmid_files/KY798506.1_results/PROKKA_06292018:CDS	hypothetical protein	KY798506.1:58854-59171	BOHEIGPO_00065

DiscRep_SUB:FEATURE_LOCATION_CONFLICT::Coding region xref gene does not exist
plasmid_files/KY798506.1_results/PROKKA_06292018:CDS	hypothetical protein	KY798506.1:59955-60182	BOHEIGPO_00066

DiscRep_SUB:FEATURE_LOCATION_CONFLICT::Coding region xref gene does not exist
plasmid_files/KY798506.1_results/PROKKA_06292018:CDS	hypothetical protein	KY798506.1:60274-60504	BOHEIGPO_00067

DiscRep_SUB:FEATURE_LOCATION_CONFLICT::Coding region xref gene does not exist
plasmid_files/KY798506.1_results/PROKKA_06292018:CDS	hypothetical protein	KY798506.1:60556-61911	BOHEIGPO_00068

DiscRep_SUB:FEATURE_LOCATION_CONFLICT::Coding region xref gene does not exist
plasmid_files/KY798506.1_results/PROKKA_06292018:CDS	hypothetical protein	KY798506.1:61959-62522	BOHEIGPO_00069

DiscRep_SUB:FEATURE_LOCATION_CONFLICT::Coding region xref gene does not exist
plasmid_files/KY798506.1_results/PROKKA_06292018:CDS	hypothetical protein	KY798506.1:c62737-62417	BOHEIGPO_00070

DiscRep_SUB:FEATURE_LOCATION_CONFLICT::Coding region xref gene does not exist
plasmid_files/KY798506.1_results/PROKKA_06292018:CDS	Single-stranded DNA-binding protein	KY798506.1:63354-63866	BOHEIGPO_00071

DiscRep_SUB:FEATURE_LOCATION_CONFLICT::Coding region xref gene does not exist
plasmid_files/KY798506.1_results/PROKKA_06292018:CDS	hypothetical protein	KY798506.1:63914-64156	BOHEIGPO_00072

DiscRep_SUB:FEATURE_LOCATION_CONFLICT::Coding region xref gene does not exist
plasmid_files/KY798506.1_results/PROKKA_06292018:CDS	Chromosome-partitioning protein Spo0J	KY798506.1:64225-66234	BOHEIGPO_00073

DiscRep_SUB:FEATURE_LOCATION_CONFLICT::Coding region xref gene does not exist
plasmid_files/KY798506.1_results/PROKKA_06292018:CDS	Protein PsiB	KY798506.1:66280-66711	BOHEIGPO_00074

DiscRep_SUB:FEATURE_LOCATION_CONFLICT::Coding region xref gene does not exist
plasmid_files/KY798506.1_results/PROKKA_06292018:CDS	hypothetical protein	KY798506.1:66708-67430	BOHEIGPO_00075

DiscRep_SUB:FEATURE_LOCATION_CONFLICT::Coding region xref gene does not exist
plasmid_files/KY798506.1_results/PROKKA_06292018:CDS	hypothetical protein	KY798506.1:67434-67757	BOHEIGPO_00076

DiscRep_SUB:FEATURE_LOCATION_CONFLICT::Coding region xref gene does not exist
plasmid_files/KY798506.1_results/PROKKA_06292018:CDS	hypothetical protein	KY798506.1:67871-68227	BOHEIGPO_00077

DiscRep_SUB:FEATURE_LOCATION_CONFLICT::Coding region xref gene does not exist
plasmid_files/KY798506.1_results/PROKKA_06292018:CDS	hypothetical protein	KY798506.1:68275-68547	BOHEIGPO_00078

DiscRep_SUB:FEATURE_LOCATION_CONFLICT::Coding region xref gene does not exist
plasmid_files/KY798506.1_results/PROKKA_06292018:CDS	hypothetical protein	KY798506.1:68544-68894	BOHEIGPO_00079

DiscRep_SUB:FEATURE_LOCATION_CONFLICT::Coding region xref gene does not exist
plasmid_files/KY798506.1_results/PROKKA_06292018:CDS	hypothetical protein	KY798506.1:69524-69877	BOHEIGPO_00080

DiscRep_SUB:FEATURE_LOCATION_CONFLICT::Coding region xref gene does not exist
plasmid_files/KY798506.1_results/PROKKA_06292018:CDS	hypothetical protein	KY798506.1:69934-70281	BOHEIGPO_00081

DiscRep_SUB:FEATURE_LOCATION_CONFLICT::Coding region xref gene does not exist
plasmid_files/KY798506.1_results/PROKKA_06292018:CDS	hypothetical protein	KY798506.1:70376-70522	BOHEIGPO_00082

DiscRep_SUB:FEATURE_LOCATION_CONFLICT::Coding region xref gene does not exist
plasmid_files/KY798506.1_results/PROKKA_06292018:CDS	hypothetical protein	KY798506.1:70573-71448	BOHEIGPO_00083

DiscRep_SUB:FEATURE_LOCATION_CONFLICT::Coding region xref gene does not exist
plasmid_files/KY798506.1_results/PROKKA_06292018:CDS	hypothetical protein	KY798506.1:72227-73048	BOHEIGPO_00084

DiscRep_SUB:FEATURE_LOCATION_CONFLICT::Coding region xref gene does not exist
plasmid_files/KY798506.1_results/PROKKA_06292018:CDS	hypothetical protein	KY798506.1:73096-73410	BOHEIGPO_00085

DiscRep_SUB:FEATURE_LOCATION_CONFLICT::Coding region xref gene does not exist
plasmid_files/KY798506.1_results/PROKKA_06292018:CDS	hypothetical protein	KY798506.1:c73928-73443	BOHEIGPO_00086

DiscRep_SUB:FEATURE_LOCATION_CONFLICT::Coding region xref gene does not exist
plasmid_files/KY798506.1_results/PROKKA_06292018:CDS	Relaxosome protein TraM	KY798506.1:74350-74748	BOHEIGPO_00087

DiscRep_SUB:FEATURE_LOCATION_CONFLICT::Coding region xref gene does not exist
plasmid_files/KY798506.1_results/PROKKA_06292018:CDS	Protein TraJ	KY798506.1:74922-75608	BOHEIGPO_00088

DiscRep_SUB:FEATURE_LOCATION_CONFLICT::Coding region xref gene does not exist
plasmid_files/KY798506.1_results/PROKKA_06292018:CDS	Relaxosome protein TraY	KY798506.1:75687-76073	BOHEIGPO_00089

DiscRep_SUB:FEATURE_LOCATION_CONFLICT::Coding region xref gene does not exist
plasmid_files/KY798506.1_results/PROKKA_06292018:CDS	Pilin	KY798506.1:76127-76495	BOHEIGPO_00090

DiscRep_SUB:FEATURE_LOCATION_CONFLICT::Coding region xref gene does not exist
plasmid_files/KY798506.1_results/PROKKA_06292018:CDS	hypothetical protein	KY798506.1:76509-76814	BOHEIGPO_00091

DiscRep_SUB:FEATURE_LOCATION_CONFLICT::Coding region xref gene does not exist
plasmid_files/KY798506.1_results/PROKKA_06292018:CDS	hypothetical protein	KY798506.1:76834-77400	BOHEIGPO_00092

DiscRep_SUB:FEATURE_LOCATION_CONFLICT::Coding region xref gene does not exist
plasmid_files/KY798506.1_results/PROKKA_06292018:CDS	hypothetical protein	KY798506.1:77387-78127	BOHEIGPO_00093

DiscRep_SUB:FEATURE_LOCATION_CONFLICT::Coding region xref gene does not exist
plasmid_files/KY798506.1_results/PROKKA_06292018:CDS	hypothetical protein	KY798506.1:78127-79551	BOHEIGPO_00094

DiscRep_SUB:FEATURE_LOCATION_CONFLICT::Coding region xref gene does not exist
plasmid_files/KY798506.1_results/PROKKA_06292018:CDS	Protein TraV	KY798506.1:79677-80249	BOHEIGPO_00095

DiscRep_SUB:FEATURE_LOCATION_CONFLICT::Coding region xref gene does not exist
plasmid_files/KY798506.1_results/PROKKA_06292018:CDS	hypothetical protein	KY798506.1:80381-80791	BOHEIGPO_00096

DiscRep_SUB:FEATURE_LOCATION_CONFLICT::Coding region xref gene does not exist
plasmid_files/KY798506.1_results/PROKKA_06292018:CDS	hypothetical protein	KY798506.1:80897-81115	BOHEIGPO_00097

DiscRep_SUB:FEATURE_LOCATION_CONFLICT::Coding region xref gene does not exist
plasmid_files/KY798506.1_results/PROKKA_06292018:CDS	hypothetical protein	KY798506.1:81116-81427	BOHEIGPO_00098

DiscRep_SUB:FEATURE_LOCATION_CONFLICT::Coding region xref gene does not exist
plasmid_files/KY798506.1_results/PROKKA_06292018:CDS	hypothetical protein	KY798506.1:81494-81898	BOHEIGPO_00099

DiscRep_SUB:FEATURE_LOCATION_CONFLICT::Coding region xref gene does not exist
plasmid_files/KY798506.1_results/PROKKA_06292018:CDS	hypothetical protein	KY798506.1:82183-82329	BOHEIGPO_00100

DiscRep_SUB:FEATURE_LOCATION_CONFLICT::Coding region xref gene does not exist
plasmid_files/KY798506.1_results/PROKKA_06292018:CDS	hypothetical protein	KY798506.1:82346-82735	BOHEIGPO_00101

DiscRep_SUB:FEATURE_LOCATION_CONFLICT::Coding region xref gene does not exist
plasmid_files/KY798506.1_results/PROKKA_06292018:CDS	Protein TraC	KY798506.1:82807-85446	BOHEIGPO_00102

DiscRep_SUB:FEATURE_LOCATION_CONFLICT::Coding region xref gene does not exist
plasmid_files/KY798506.1_results/PROKKA_06292018:CDS	hypothetical protein	KY798506.1:85446-85835	BOHEIGPO_00103

DiscRep_SUB:FEATURE_LOCATION_CONFLICT::Coding region xref gene does not exist
plasmid_files/KY798506.1_results/PROKKA_06292018:CDS	hypothetical protein	KY798506.1:85835-86461	BOHEIGPO_00104

DiscRep_SUB:FEATURE_LOCATION_CONFLICT::Coding region xref gene does not exist
plasmid_files/KY798506.1_results/PROKKA_06292018:CDS	hypothetical protein	KY798506.1:86503-86892	BOHEIGPO_00105

DiscRep_SUB:FEATURE_LOCATION_CONFLICT::Coding region xref gene does not exist
plasmid_files/KY798506.1_results/PROKKA_06292018:CDS	hypothetical protein	KY798506.1:86889-87878	BOHEIGPO_00106

DiscRep_SUB:FEATURE_LOCATION_CONFLICT::Coding region xref gene does not exist
plasmid_files/KY798506.1_results/PROKKA_06292018:CDS	hypothetical protein	KY798506.1:87891-88529	BOHEIGPO_00107

DiscRep_SUB:FEATURE_LOCATION_CONFLICT::Coding region xref gene does not exist
plasmid_files/KY798506.1_results/PROKKA_06292018:CDS	hypothetical protein	KY798506.1:88588-90543	BOHEIGPO_00108

DiscRep_SUB:FEATURE_LOCATION_CONFLICT::Coding region xref gene does not exist
plasmid_files/KY798506.1_results/PROKKA_06292018:CDS	hypothetical protein	KY798506.1:90575-90829	BOHEIGPO_00109

DiscRep_SUB:FEATURE_LOCATION_CONFLICT::Coding region xref gene does not exist
plasmid_files/KY798506.1_results/PROKKA_06292018:CDS	hypothetical protein	KY798506.1:90789-91055	BOHEIGPO_00110

DiscRep_SUB:FEATURE_LOCATION_CONFLICT::Coding region xref gene does not exist
plasmid_files/KY798506.1_results/PROKKA_06292018:CDS	hypothetical protein	KY798506.1:91068-91394	BOHEIGPO_00111

DiscRep_SUB:FEATURE_LOCATION_CONFLICT::Coding region xref gene does not exist
plasmid_files/KY798506.1_results/PROKKA_06292018:CDS	hypothetical protein	KY798506.1:91415-92167	BOHEIGPO_00112

DiscRep_SUB:FEATURE_LOCATION_CONFLICT::Coding region xref gene does not exist
plasmid_files/KY798506.1_results/PROKKA_06292018:CDS	Protein TraQ	KY798506.1:92178-92417	BOHEIGPO_00113

DiscRep_SUB:FEATURE_LOCATION_CONFLICT::Coding region xref gene does not exist
plasmid_files/KY798506.1_results/PROKKA_06292018:CDS	hypothetical protein	KY798506.1:92389-92946	BOHEIGPO_00114

DiscRep_SUB:FEATURE_LOCATION_CONFLICT::Coding region xref gene does not exist
plasmid_files/KY798506.1_results/PROKKA_06292018:CDS	hypothetical protein	KY798506.1:92992-93435	BOHEIGPO_00115

DiscRep_SUB:FEATURE_LOCATION_CONFLICT::Coding region xref gene does not exist
plasmid_files/KY798506.1_results/PROKKA_06292018:CDS	hypothetical protein	KY798506.1:93425-94792	BOHEIGPO_00116

DiscRep_SUB:FEATURE_LOCATION_CONFLICT::Coding region xref gene does not exist
plasmid_files/KY798506.1_results/PROKKA_06292018:CDS	hypothetical protein	KY798506.1:94792-97641	BOHEIGPO_00117

DiscRep_SUB:FEATURE_LOCATION_CONFLICT::Coding region xref gene does not exist
plasmid_files/KY798506.1_results/PROKKA_06292018:CDS	Protein TraS	KY798506.1:97654-98202	BOHEIGPO_00118

DiscRep_SUB:FEATURE_LOCATION_CONFLICT::Coding region xref gene does not exist
plasmid_files/KY798506.1_results/PROKKA_06292018:CDS	Lipoprotein YlpA	KY798506.1:98386-99117	BOHEIGPO_00119

DiscRep_SUB:FEATURE_LOCATION_CONFLICT::Coding region xref gene does not exist
plasmid_files/KY798506.1_results/PROKKA_06292018:CDS	hypothetical protein	KY798506.1:99309-99998	BOHEIGPO_00120

DiscRep_SUB:FEATURE_LOCATION_CONFLICT::Coding region xref gene does not exist
plasmid_files/KY798506.1_results/PROKKA_06292018:CDS	Coupling protein TraD	KY798506.1:100127-102439	BOHEIGPO_00121

DiscRep_SUB:FEATURE_LOCATION_CONFLICT::Coding region xref gene does not exist
plasmid_files/KY798506.1_results/PROKKA_06292018:CDS	Multifunctional conjugation protein TraI	KY798506.1:102439-107700	BOHEIGPO_00122

DiscRep_SUB:FEATURE_LOCATION_CONFLICT::Coding region xref gene does not exist
plasmid_files/KY798506.1_results/PROKKA_06292018:CDS	hypothetical protein	KY798506.1:107781-108506	BOHEIGPO_00123

DiscRep_SUB:FEATURE_LOCATION_CONFLICT::Coding region xref gene does not exist
plasmid_files/KY798506.1_results/PROKKA_06292018:CDS	Fertility inhibition protein	KY798506.1:108578-109171	BOHEIGPO_00124

DiscRep_SUB:FEATURE_LOCATION_CONFLICT::Coding region xref gene does not exist
plasmid_files/KY798506.1_results/PROKKA_06292018:CDS	hypothetical protein	KY798506.1:109338-109934	BOHEIGPO_00125

DiscRep_SUB:FEATURE_LOCATION_CONFLICT::Coding region xref gene does not exist
plasmid_files/KY798506.1_results/PROKKA_06292018:CDS	hypothetical protein	KY798506.1:109984-110628	BOHEIGPO_00126

DiscRep_SUB:FEATURE_LOCATION_CONFLICT::Coding region xref gene does not exist
plasmid_files/KY798506.1_results/PROKKA_06292018:CDS	hypothetical protein	KY798506.1:110684-111334	BOHEIGPO_00127

DiscRep_SUB:FEATURE_LOCATION_CONFLICT::Coding region xref gene does not exist
plasmid_files/KY798506.1_results/PROKKA_06292018:CDS	hypothetical protein	KY798506.1:111331-111639	BOHEIGPO_00128

DiscRep_ALL:SUSPECT_PRODUCT_NAMES::1 product_names contain suspect phrase or characters
DiscRep_SUB:SUSPECT_PRODUCT_NAMES::May contain database identifier more appropriate in note; remove from product name
DiscRep_SUB:SUSPECT_PRODUCT_NAMES::1 features Three or more numbers together
plasmid_files/KY798506.1_results/PROKKA_06292018:CDS	Putative transposon Tn552 DNA-invertase bin3	KY798506.1:c19973-19353	BOHEIGPO_00019

DiscRep_ALL:DISC_QUALITY_SCORES::Quality scores are missing on all sequences.

DiscRep_ALL:ONCALLER_COMMENT_PRESENT::1 comment descriptors were found (all same)
plasmid_files/KY798506.1_results/PROKKA_06292018:KY798506.1:Annotated using prokka 1.14-dev from https://github.com/tseemann/prokka

DiscRep_ALL:SHORT_PROT_SEQUENCES::3 protein sequences are shorter than 50 aa.
plasmid_files/KY798506.1_results/PROKKA_06292018:KY798506.1_18 (length 38)
plasmid_files/KY798506.1_results/PROKKA_06292018:KY798506.1_82 (length 48)
plasmid_files/KY798506.1_results/PROKKA_06292018:KY798506.1_100 (length 48)

DiscRep_ALL:MISSING_GENOMEASSEMBLY_COMMENTS::1 bioseqs are missing GenomeAssembly structured comments
plasmid_files/KY798506.1_results/PROKKA_06292018:KY798506.1 (length 111742)

DiscRep_ALL:MOLTYPE_NOT_MRNA::1 molecule types are not set as mRNA.
plasmid_files/KY798506.1_results/PROKKA_06292018:KY798506.1 (length 111742)

DiscRep_ALL:TECHNIQUE_NOT_TSA::1 technique are not set as TSA
plasmid_files/KY798506.1_results/PROKKA_06292018:KY798506.1 (length 111742)

DiscRep_ALL:MISSING_STRUCTURED_COMMENT::1 sequences do not include structured comments.
plasmid_files/KY798506.1_results/PROKKA_06292018:KY798506.1 (length 111742)

DiscRep_ALL:MISSING_PROJECT::129 sequences do not include project.
plasmid_files/KY798506.1_results/PROKKA_06292018:KY798506.1 (length 111742)
plasmid_files/KY798506.1_results/PROKKA_06292018:KY798506.1_1 (length 183)
plasmid_files/KY798506.1_results/PROKKA_06292018:KY798506.1_2 (length 83)
plasmid_files/KY798506.1_results/PROKKA_06292018:KY798506.1_3 (length 285)
plasmid_files/KY798506.1_results/PROKKA_06292018:KY798506.1_4 (length 187)
plasmid_files/KY798506.1_results/PROKKA_06292018:KY798506.1_5 (length 203)
plasmid_files/KY798506.1_results/PROKKA_06292018:KY798506.1_6 (length 330)
plasmid_files/KY798506.1_results/PROKKA_06292018:KY798506.1_7 (length 51)
plasmid_files/KY798506.1_results/PROKKA_06292018:KY798506.1_8 (length 571)
plasmid_files/KY798506.1_results/PROKKA_06292018:KY798506.1_9 (length 1009)
plasmid_files/KY798506.1_results/PROKKA_06292018:KY798506.1_10 (length 341)
plasmid_files/KY798506.1_results/PROKKA_06292018:KY798506.1_11 (length 259)
plasmid_files/KY798506.1_results/PROKKA_06292018:KY798506.1_12 (length 79)
plasmid_files/KY798506.1_results/PROKKA_06292018:KY798506.1_13 (length 293)
plasmid_files/KY798506.1_results/PROKKA_06292018:KY798506.1_14 (length 439)
plasmid_files/KY798506.1_results/PROKKA_06292018:KY798506.1_15 (length 394)
plasmid_files/KY798506.1_results/PROKKA_06292018:KY798506.1_16 (length 70)
plasmid_files/KY798506.1_results/PROKKA_06292018:KY798506.1_17 (length 119)
plasmid_files/KY798506.1_results/PROKKA_06292018:KY798506.1_18 (length 38)
plasmid_files/KY798506.1_results/PROKKA_06292018:KY798506.1_19 (length 206)
plasmid_files/KY798506.1_results/PROKKA_06292018:KY798506.1_20 (length 965)
plasmid_files/KY798506.1_results/PROKKA_06292018:KY798506.1_21 (length 234)
plasmid_files/KY798506.1_results/PROKKA_06292018:KY798506.1_22 (length 111)
plasmid_files/KY798506.1_results/PROKKA_06292018:KY798506.1_23 (length 119)
plasmid_files/KY798506.1_results/PROKKA_06292018:KY798506.1_24 (length 286)
plasmid_files/KY798506.1_results/PROKKA_06292018:KY798506.1_25 (length 136)
plasmid_files/KY798506.1_results/PROKKA_06292018:KY798506.1_26 (length 422)
plasmid_files/KY798506.1_results/PROKKA_06292018:KY798506.1_27 (length 235)
plasmid_files/KY798506.1_results/PROKKA_06292018:KY798506.1_28 (length 78)
plasmid_files/KY798506.1_results/PROKKA_06292018:KY798506.1_29 (length 120)
plasmid_files/KY798506.1_results/PROKKA_06292018:KY798506.1_30 (length 564)
plasmid_files/KY798506.1_results/PROKKA_06292018:KY798506.1_31 (length 140)
plasmid_files/KY798506.1_results/PROKKA_06292018:KY798506.1_32 (length 125)
plasmid_files/KY798506.1_results/PROKKA_06292018:KY798506.1_33 (length 91)
plasmid_files/KY798506.1_results/PROKKA_06292018:KY798506.1_34 (length 236)
plasmid_files/KY798506.1_results/PROKKA_06292018:KY798506.1_35 (length 133)
plasmid_files/KY798506.1_results/PROKKA_06292018:KY798506.1_36 (length 76)
plasmid_files/KY798506.1_results/PROKKA_06292018:KY798506.1_37 (length 109)
plasmid_files/KY798506.1_results/PROKKA_06292018:KY798506.1_38 (length 296)
plasmid_files/KY798506.1_results/PROKKA_06292018:KY798506.1_39 (length 260)
plasmid_files/KY798506.1_results/PROKKA_06292018:KY798506.1_40 (length 129)
plasmid_files/KY798506.1_results/PROKKA_06292018:KY798506.1_41 (length 147)
plasmid_files/KY798506.1_results/PROKKA_06292018:KY798506.1_42 (length 272)
plasmid_files/KY798506.1_results/PROKKA_06292018:KY798506.1_43 (length 317)
plasmid_files/KY798506.1_results/PROKKA_06292018:KY798506.1_44 (length 78)
plasmid_files/KY798506.1_results/PROKKA_06292018:KY798506.1_45 (length 247)
plasmid_files/KY798506.1_results/PROKKA_06292018:KY798506.1_46 (length 341)
plasmid_files/KY798506.1_results/PROKKA_06292018:KY798506.1_47 (length 240)
plasmid_files/KY798506.1_results/PROKKA_06292018:KY798506.1_48 (length 200)
plasmid_files/KY798506.1_results/PROKKA_06292018:KY798506.1_49 (length 401)
plasmid_files/KY798506.1_results/PROKKA_06292018:KY798506.1_50 (length 324)
plasmid_files/KY798506.1_results/PROKKA_06292018:KY798506.1_51 (length 423)
plasmid_files/KY798506.1_results/PROKKA_06292018:KY798506.1_52 (length 143)
plasmid_files/KY798506.1_results/PROKKA_06292018:KY798506.1_53 (length 495)
plasmid_files/KY798506.1_results/PROKKA_06292018:KY798506.1_54 (length 323)
plasmid_files/KY798506.1_results/PROKKA_06292018:KY798506.1_55 (length 223)
plasmid_files/KY798506.1_results/PROKKA_06292018:KY798506.1_56 (length 76)
plasmid_files/KY798506.1_results/PROKKA_06292018:KY798506.1_57 (length 233)
plasmid_files/KY798506.1_results/PROKKA_06292018:KY798506.1_58 (length 73)
plasmid_files/KY798506.1_results/PROKKA_06292018:KY798506.1_59 (length 139)
plasmid_files/KY798506.1_results/PROKKA_06292018:KY798506.1_60 (length 255)
plasmid_files/KY798506.1_results/PROKKA_06292018:KY798506.1_61 (length 142)
plasmid_files/KY798506.1_results/PROKKA_06292018:KY798506.1_62 (length 168)
plasmid_files/KY798506.1_results/PROKKA_06292018:KY798506.1_63 (length 63)
plasmid_files/KY798506.1_results/PROKKA_06292018:KY798506.1_64 (length 84)
plasmid_files/KY798506.1_results/PROKKA_06292018:KY798506.1_65 (length 105)
plasmid_files/KY798506.1_results/PROKKA_06292018:KY798506.1_66 (length 75)
plasmid_files/KY798506.1_results/PROKKA_06292018:KY798506.1_67 (length 76)
plasmid_files/KY798506.1_results/PROKKA_06292018:KY798506.1_68 (length 451)
plasmid_files/KY798506.1_results/PROKKA_06292018:KY798506.1_69 (length 187)
plasmid_files/KY798506.1_results/PROKKA_06292018:KY798506.1_70 (length 106)
plasmid_files/KY798506.1_results/PROKKA_06292018:KY798506.1_71 (length 170)
plasmid_files/KY798506.1_results/PROKKA_06292018:KY798506.1_72 (length 80)
plasmid_files/KY798506.1_results/PROKKA_06292018:KY798506.1_73 (length 669)
plasmid_files/KY798506.1_results/PROKKA_06292018:KY798506.1_74 (length 143)
plasmid_files/KY798506.1_results/PROKKA_06292018:KY798506.1_75 (length 240)
plasmid_files/KY798506.1_results/PROKKA_06292018:KY798506.1_76 (length 107)
plasmid_files/KY798506.1_results/PROKKA_06292018:KY798506.1_77 (length 118)
plasmid_files/KY798506.1_results/PROKKA_06292018:KY798506.1_78 (length 90)
plasmid_files/KY798506.1_results/PROKKA_06292018:KY798506.1_79 (length 116)
plasmid_files/KY798506.1_results/PROKKA_06292018:KY798506.1_80 (length 117)
plasmid_files/KY798506.1_results/PROKKA_06292018:KY798506.1_81 (length 115)
plasmid_files/KY798506.1_results/PROKKA_06292018:KY798506.1_82 (length 48)
plasmid_files/KY798506.1_results/PROKKA_06292018:KY798506.1_83 (length 291)
plasmid_files/KY798506.1_results/PROKKA_06292018:KY798506.1_84 (length 273)
plasmid_files/KY798506.1_results/PROKKA_06292018:KY798506.1_85 (length 104)
plasmid_files/KY798506.1_results/PROKKA_06292018:KY798506.1_86 (length 161)
plasmid_files/KY798506.1_results/PROKKA_06292018:KY798506.1_87 (length 132)
plasmid_files/KY798506.1_results/PROKKA_06292018:KY798506.1_88 (length 228)
plasmid_files/KY798506.1_results/PROKKA_06292018:KY798506.1_89 (length 128)
plasmid_files/KY798506.1_results/PROKKA_06292018:KY798506.1_90 (length 122)
plasmid_files/KY798506.1_results/PROKKA_06292018:KY798506.1_91 (length 101)
plasmid_files/KY798506.1_results/PROKKA_06292018:KY798506.1_92 (length 188)
plasmid_files/KY798506.1_results/PROKKA_06292018:KY798506.1_93 (length 246)
plasmid_files/KY798506.1_results/PROKKA_06292018:KY798506.1_94 (length 474)
plasmid_files/KY798506.1_results/PROKKA_06292018:KY798506.1_95 (length 190)
plasmid_files/KY798506.1_results/PROKKA_06292018:KY798506.1_96 (length 136)
plasmid_files/KY798506.1_results/PROKKA_06292018:KY798506.1_97 (length 72)
plasmid_files/KY798506.1_results/PROKKA_06292018:KY798506.1_98 (length 103)
plasmid_files/KY798506.1_results/PROKKA_06292018:KY798506.1_99 (length 134)
plasmid_files/KY798506.1_results/PROKKA_06292018:KY798506.1_100 (length 48)
plasmid_files/KY798506.1_results/PROKKA_06292018:KY798506.1_101 (length 129)
plasmid_files/KY798506.1_results/PROKKA_06292018:KY798506.1_102 (length 879)
plasmid_files/KY798506.1_results/PROKKA_06292018:KY798506.1_103 (length 129)
plasmid_files/KY798506.1_results/PROKKA_06292018:KY798506.1_104 (length 208)
plasmid_files/KY798506.1_results/PROKKA_06292018:KY798506.1_105 (length 129)
plasmid_files/KY798506.1_results/PROKKA_06292018:KY798506.1_106 (length 329)
plasmid_files/KY798506.1_results/PROKKA_06292018:KY798506.1_107 (length 212)
plasmid_files/KY798506.1_results/PROKKA_06292018:KY798506.1_108 (length 651)
plasmid_files/KY798506.1_results/PROKKA_06292018:KY798506.1_109 (length 84)
plasmid_files/KY798506.1_results/PROKKA_06292018:KY798506.1_110 (length 88)
plasmid_files/KY798506.1_results/PROKKA_06292018:KY798506.1_111 (length 108)
plasmid_files/KY798506.1_results/PROKKA_06292018:KY798506.1_112 (length 250)
plasmid_files/KY798506.1_results/PROKKA_06292018:KY798506.1_113 (length 79)
plasmid_files/KY798506.1_results/PROKKA_06292018:KY798506.1_114 (length 185)
plasmid_files/KY798506.1_results/PROKKA_06292018:KY798506.1_115 (length 147)
plasmid_files/KY798506.1_results/PROKKA_06292018:KY798506.1_116 (length 455)
plasmid_files/KY798506.1_results/PROKKA_06292018:KY798506.1_117 (length 949)
plasmid_files/KY798506.1_results/PROKKA_06292018:KY798506.1_118 (length 182)
plasmid_files/KY798506.1_results/PROKKA_06292018:KY798506.1_119 (length 243)
plasmid_files/KY798506.1_results/PROKKA_06292018:KY798506.1_120 (length 229)
plasmid_files/KY798506.1_results/PROKKA_06292018:KY798506.1_121 (length 770)
plasmid_files/KY798506.1_results/PROKKA_06292018:KY798506.1_122 (length 1753)
plasmid_files/KY798506.1_results/PROKKA_06292018:KY798506.1_123 (length 241)
plasmid_files/KY798506.1_results/PROKKA_06292018:KY798506.1_124 (length 197)
plasmid_files/KY798506.1_results/PROKKA_06292018:KY798506.1_125 (length 198)
plasmid_files/KY798506.1_results/PROKKA_06292018:KY798506.1_126 (length 214)
plasmid_files/KY798506.1_results/PROKKA_06292018:KY798506.1_127 (length 216)
plasmid_files/KY798506.1_results/PROKKA_06292018:KY798506.1_128 (length 102)

DiscRep_ALL:DISC_INCONSISTENT_MOLINFO_TECH::Molinfo Technique Report (some missing, all same)
DiscRep_SUB:DISC_INCONSISTENT_MOLINFO_TECH::technique (all missing)
DiscRep_SUB:DISC_INCONSISTENT_MOLINFO_TECH::1 Molinfos are missing field technique
plasmid_files/KY798506.1_results/PROKKA_06292018:KY798506.1 (length 111742)

