Discrepancy Report Results

Summary
FATAL: MISSING_PROTEIN_ID:135 proteins have invalid IDs.
DISC_SOURCE_QUALS_ASNDISC:strain (all present, all unique)
DISC_SOURCE_QUALS_ASNDISC:taxname (all present, all unique)
DISC_FEATURE_COUNT:CDS: 135 present
DISC_COUNT_NUCLEOTIDES:1 nucleotide Bioseqs are present
FEATURE_LOCATION_CONFLICT:135 features have inconsistent gene locations.
DISC_QUALITY_SCORES:Quality scores are missing on all sequences.
ONCALLER_COMMENT_PRESENT:1 comment descriptors were found (all same)
SHORT_PROT_SEQUENCES:4 protein sequences are shorter than 50 aa.
MISSING_GENOMEASSEMBLY_COMMENTS:1 bioseqs are missing GenomeAssembly structured comments
MOLTYPE_NOT_MRNA:1 molecule types are not set as mRNA.
TECHNIQUE_NOT_TSA:1 technique are not set as TSA
MISSING_STRUCTURED_COMMENT:1 sequences do not include structured comments.
MISSING_PROJECT:136 sequences do not include project.
DISC_INCONSISTENT_MOLINFO_TECH:Molinfo Technique Report (some missing, all same)


Detailed Report

FATAL: DiscRep_ALL:MISSING_PROTEIN_ID::135 proteins have invalid IDs.
plasmid_files/KU295131.1_results/PROKKA_06292018:KU295131.1_1 (length 239)
plasmid_files/KU295131.1_results/PROKKA_06292018:KU295131.1_2 (length 234)
plasmid_files/KU295131.1_results/PROKKA_06292018:KU295131.1_3 (length 80)
plasmid_files/KU295131.1_results/PROKKA_06292018:KU295131.1_4 (length 50)
plasmid_files/KU295131.1_results/PROKKA_06292018:KU295131.1_5 (length 189)
plasmid_files/KU295131.1_results/PROKKA_06292018:KU295131.1_6 (length 337)
plasmid_files/KU295131.1_results/PROKKA_06292018:KU295131.1_7 (length 152)
plasmid_files/KU295131.1_results/PROKKA_06292018:KU295131.1_8 (length 115)
plasmid_files/KU295131.1_results/PROKKA_06292018:KU295131.1_9 (length 279)
plasmid_files/KU295131.1_results/PROKKA_06292018:KU295131.1_10 (length 166)
plasmid_files/KU295131.1_results/PROKKA_06292018:KU295131.1_11 (length 234)
plasmid_files/KU295131.1_results/PROKKA_06292018:KU295131.1_12 (length 96)
plasmid_files/KU295131.1_results/PROKKA_06292018:KU295131.1_13 (length 133)
plasmid_files/KU295131.1_results/PROKKA_06292018:KU295131.1_14 (length 118)
plasmid_files/KU295131.1_results/PROKKA_06292018:KU295131.1_15 (length 108)
plasmid_files/KU295131.1_results/PROKKA_06292018:KU295131.1_16 (length 166)
plasmid_files/KU295131.1_results/PROKKA_06292018:KU295131.1_17 (length 123)
plasmid_files/KU295131.1_results/PROKKA_06292018:KU295131.1_18 (length 185)
plasmid_files/KU295131.1_results/PROKKA_06292018:KU295131.1_19 (length 336)
plasmid_files/KU295131.1_results/PROKKA_06292018:KU295131.1_20 (length 234)
plasmid_files/KU295131.1_results/PROKKA_06292018:KU295131.1_21 (length 65)
plasmid_files/KU295131.1_results/PROKKA_06292018:KU295131.1_22 (length 177)
plasmid_files/KU295131.1_results/PROKKA_06292018:KU295131.1_23 (length 331)
plasmid_files/KU295131.1_results/PROKKA_06292018:KU295131.1_24 (length 386)
plasmid_files/KU295131.1_results/PROKKA_06292018:KU295131.1_25 (length 294)
plasmid_files/KU295131.1_results/PROKKA_06292018:KU295131.1_26 (length 232)
plasmid_files/KU295131.1_results/PROKKA_06292018:KU295131.1_27 (length 346)
plasmid_files/KU295131.1_results/PROKKA_06292018:KU295131.1_28 (length 75)
plasmid_files/KU295131.1_results/PROKKA_06292018:KU295131.1_29 (length 237)
plasmid_files/KU295131.1_results/PROKKA_06292018:KU295131.1_30 (length 866)
plasmid_files/KU295131.1_results/PROKKA_06292018:KU295131.1_31 (length 105)
plasmid_files/KU295131.1_results/PROKKA_06292018:KU295131.1_32 (length 97)
plasmid_files/KU295131.1_results/PROKKA_06292018:KU295131.1_33 (length 93)
plasmid_files/KU295131.1_results/PROKKA_06292018:KU295131.1_34 (length 244)
plasmid_files/KU295131.1_results/PROKKA_06292018:KU295131.1_35 (length 101)
plasmid_files/KU295131.1_results/PROKKA_06292018:KU295131.1_36 (length 114)
plasmid_files/KU295131.1_results/PROKKA_06292018:KU295131.1_37 (length 104)
plasmid_files/KU295131.1_results/PROKKA_06292018:KU295131.1_38 (length 103)
plasmid_files/KU295131.1_results/PROKKA_06292018:KU295131.1_39 (length 215)
plasmid_files/KU295131.1_results/PROKKA_06292018:KU295131.1_40 (length 68)
plasmid_files/KU295131.1_results/PROKKA_06292018:KU295131.1_41 (length 88)
plasmid_files/KU295131.1_results/PROKKA_06292018:KU295131.1_42 (length 477)
plasmid_files/KU295131.1_results/PROKKA_06292018:KU295131.1_43 (length 404)
plasmid_files/KU295131.1_results/PROKKA_06292018:KU295131.1_44 (length 254)
plasmid_files/KU295131.1_results/PROKKA_06292018:KU295131.1_45 (length 234)
plasmid_files/KU295131.1_results/PROKKA_06292018:KU295131.1_46 (length 916)
plasmid_files/KU295131.1_results/PROKKA_06292018:KU295131.1_47 (length 238)
plasmid_files/KU295131.1_results/PROKKA_06292018:KU295131.1_48 (length 94)
plasmid_files/KU295131.1_results/PROKKA_06292018:KU295131.1_49 (length 335)
plasmid_files/KU295131.1_results/PROKKA_06292018:KU295131.1_50 (length 46)
plasmid_files/KU295131.1_results/PROKKA_06292018:KU295131.1_51 (length 228)
plasmid_files/KU295131.1_results/PROKKA_06292018:KU295131.1_52 (length 297)
plasmid_files/KU295131.1_results/PROKKA_06292018:KU295131.1_53 (length 398)
plasmid_files/KU295131.1_results/PROKKA_06292018:KU295131.1_54 (length 349)
plasmid_files/KU295131.1_results/PROKKA_06292018:KU295131.1_55 (length 133)
plasmid_files/KU295131.1_results/PROKKA_06292018:KU295131.1_56 (length 105)
plasmid_files/KU295131.1_results/PROKKA_06292018:KU295131.1_57 (length 111)
plasmid_files/KU295131.1_results/PROKKA_06292018:KU295131.1_58 (length 102)
plasmid_files/KU295131.1_results/PROKKA_06292018:KU295131.1_59 (length 733)
plasmid_files/KU295131.1_results/PROKKA_06292018:KU295131.1_60 (length 130)
plasmid_files/KU295131.1_results/PROKKA_06292018:KU295131.1_61 (length 635)
plasmid_files/KU295131.1_results/PROKKA_06292018:KU295131.1_62 (length 248)
plasmid_files/KU295131.1_results/PROKKA_06292018:KU295131.1_63 (length 175)
plasmid_files/KU295131.1_results/PROKKA_06292018:KU295131.1_64 (length 143)
plasmid_files/KU295131.1_results/PROKKA_06292018:KU295131.1_65 (length 321)
plasmid_files/KU295131.1_results/PROKKA_06292018:KU295131.1_66 (length 89)
plasmid_files/KU295131.1_results/PROKKA_06292018:KU295131.1_67 (length 494)
plasmid_files/KU295131.1_results/PROKKA_06292018:KU295131.1_68 (length 79)
plasmid_files/KU295131.1_results/PROKKA_06292018:KU295131.1_69 (length 127)
plasmid_files/KU295131.1_results/PROKKA_06292018:KU295131.1_70 (length 93)
plasmid_files/KU295131.1_results/PROKKA_06292018:KU295131.1_71 (length 100)
plasmid_files/KU295131.1_results/PROKKA_06292018:KU295131.1_72 (length 34)
plasmid_files/KU295131.1_results/PROKKA_06292018:KU295131.1_73 (length 322)
plasmid_files/KU295131.1_results/PROKKA_06292018:KU295131.1_74 (length 244)
plasmid_files/KU295131.1_results/PROKKA_06292018:KU295131.1_75 (length 122)
plasmid_files/KU295131.1_results/PROKKA_06292018:KU295131.1_76 (length 41)
plasmid_files/KU295131.1_results/PROKKA_06292018:KU295131.1_77 (length 286)
plasmid_files/KU295131.1_results/PROKKA_06292018:KU295131.1_78 (length 401)
plasmid_files/KU295131.1_results/PROKKA_06292018:KU295131.1_79 (length 321)
plasmid_files/KU295131.1_results/PROKKA_06292018:KU295131.1_80 (length 332)
plasmid_files/KU295131.1_results/PROKKA_06292018:KU295131.1_81 (length 205)
plasmid_files/KU295131.1_results/PROKKA_06292018:KU295131.1_82 (length 479)
plasmid_files/KU295131.1_results/PROKKA_06292018:KU295131.1_83 (length 234)
plasmid_files/KU295131.1_results/PROKKA_06292018:KU295131.1_84 (length 93)
plasmid_files/KU295131.1_results/PROKKA_06292018:KU295131.1_85 (length 271)
plasmid_files/KU295131.1_results/PROKKA_06292018:KU295131.1_86 (length 154)
plasmid_files/KU295131.1_results/PROKKA_06292018:KU295131.1_87 (length 169)
plasmid_files/KU295131.1_results/PROKKA_06292018:KU295131.1_88 (length 51)
plasmid_files/KU295131.1_results/PROKKA_06292018:KU295131.1_89 (length 245)
plasmid_files/KU295131.1_results/PROKKA_06292018:KU295131.1_90 (length 125)
plasmid_files/KU295131.1_results/PROKKA_06292018:KU295131.1_91 (length 91)
plasmid_files/KU295131.1_results/PROKKA_06292018:KU295131.1_92 (length 72)
plasmid_files/KU295131.1_results/PROKKA_06292018:KU295131.1_93 (length 84)
plasmid_files/KU295131.1_results/PROKKA_06292018:KU295131.1_94 (length 84)
plasmid_files/KU295131.1_results/PROKKA_06292018:KU295131.1_95 (length 117)
plasmid_files/KU295131.1_results/PROKKA_06292018:KU295131.1_96 (length 120)
plasmid_files/KU295131.1_results/PROKKA_06292018:KU295131.1_97 (length 365)
plasmid_files/KU295131.1_results/PROKKA_06292018:KU295131.1_98 (length 286)
plasmid_files/KU295131.1_results/PROKKA_06292018:KU295131.1_99 (length 185)
plasmid_files/KU295131.1_results/PROKKA_06292018:KU295131.1_100 (length 302)
plasmid_files/KU295131.1_results/PROKKA_06292018:KU295131.1_101 (length 571)
plasmid_files/KU295131.1_results/PROKKA_06292018:KU295131.1_102 (length 1009)
plasmid_files/KU295131.1_results/PROKKA_06292018:KU295131.1_103 (length 341)
plasmid_files/KU295131.1_results/PROKKA_06292018:KU295131.1_104 (length 259)
plasmid_files/KU295131.1_results/PROKKA_06292018:KU295131.1_105 (length 112)
plasmid_files/KU295131.1_results/PROKKA_06292018:KU295131.1_106 (length 293)
plasmid_files/KU295131.1_results/PROKKA_06292018:KU295131.1_107 (length 439)
plasmid_files/KU295131.1_results/PROKKA_06292018:KU295131.1_108 (length 715)
plasmid_files/KU295131.1_results/PROKKA_06292018:KU295131.1_109 (length 218)
plasmid_files/KU295131.1_results/PROKKA_06292018:KU295131.1_110 (length 142)
plasmid_files/KU295131.1_results/PROKKA_06292018:KU295131.1_111 (length 121)
plasmid_files/KU295131.1_results/PROKKA_06292018:KU295131.1_112 (length 1078)
plasmid_files/KU295131.1_results/PROKKA_06292018:KU295131.1_113 (length 509)
plasmid_files/KU295131.1_results/PROKKA_06292018:KU295131.1_114 (length 138)
plasmid_files/KU295131.1_results/PROKKA_06292018:KU295131.1_115 (length 139)
plasmid_files/KU295131.1_results/PROKKA_06292018:KU295131.1_116 (length 238)
plasmid_files/KU295131.1_results/PROKKA_06292018:KU295131.1_117 (length 122)
plasmid_files/KU295131.1_results/PROKKA_06292018:KU295131.1_118 (length 114)
plasmid_files/KU295131.1_results/PROKKA_06292018:KU295131.1_119 (length 106)
plasmid_files/KU295131.1_results/PROKKA_06292018:KU295131.1_120 (length 59)
plasmid_files/KU295131.1_results/PROKKA_06292018:KU295131.1_121 (length 169)
plasmid_files/KU295131.1_results/PROKKA_06292018:KU295131.1_122 (length 188)
plasmid_files/KU295131.1_results/PROKKA_06292018:KU295131.1_123 (length 35)
plasmid_files/KU295131.1_results/PROKKA_06292018:KU295131.1_124 (length 110)
plasmid_files/KU295131.1_results/PROKKA_06292018:KU295131.1_125 (length 94)
plasmid_files/KU295131.1_results/PROKKA_06292018:KU295131.1_126 (length 119)
plasmid_files/KU295131.1_results/PROKKA_06292018:KU295131.1_127 (length 98)
plasmid_files/KU295131.1_results/PROKKA_06292018:KU295131.1_128 (length 181)
plasmid_files/KU295131.1_results/PROKKA_06292018:KU295131.1_129 (length 79)
plasmid_files/KU295131.1_results/PROKKA_06292018:KU295131.1_130 (length 111)
plasmid_files/KU295131.1_results/PROKKA_06292018:KU295131.1_131 (length 141)
plasmid_files/KU295131.1_results/PROKKA_06292018:KU295131.1_132 (length 146)
plasmid_files/KU295131.1_results/PROKKA_06292018:KU295131.1_133 (length 421)
plasmid_files/KU295131.1_results/PROKKA_06292018:KU295131.1_134 (length 263)
plasmid_files/KU295131.1_results/PROKKA_06292018:KU295131.1_135 (length 113)

DiscRep_ALL:DISC_SOURCE_QUALS_ASNDISC::strain (all present, all unique)
DiscRep_SUB:DISC_SOURCE_QUALS_ASNDISC::1 sources have unique values for strain
DiscRep_ALL:DISC_SOURCE_QUALS_ASNDISC::taxname (all present, all unique)
DiscRep_SUB:DISC_SOURCE_QUALS_ASNDISC::1 sources have unique values for taxname
DiscRep_ALL:DISC_FEATURE_COUNT::CDS: 135 present
DiscRep_ALL:DISC_COUNT_NUCLEOTIDES::1 nucleotide Bioseqs are present
plasmid_files/KU295131.1_results/PROKKA_06292018:KU295131.1 (length 107760)

DiscRep_ALL:FEATURE_LOCATION_CONFLICT::135 features have inconsistent gene locations.
DiscRep_SUB:FEATURE_LOCATION_CONFLICT::Coding region xref gene does not exist
plasmid_files/KU295131.1_results/PROKKA_06292018:CDS	Replication initiation protein	KU295131.1:1-720	GOMINIBK_00001

DiscRep_SUB:FEATURE_LOCATION_CONFLICT::Coding region xref gene does not exist
plasmid_files/KU295131.1_results/PROKKA_06292018:CDS	hypothetical protein	KU295131.1:765-1469	GOMINIBK_00002

DiscRep_SUB:FEATURE_LOCATION_CONFLICT::Coding region xref gene does not exist
plasmid_files/KU295131.1_results/PROKKA_06292018:CDS	hypothetical protein	KU295131.1:c1718-1476	GOMINIBK_00003

DiscRep_SUB:FEATURE_LOCATION_CONFLICT::Coding region xref gene does not exist
plasmid_files/KU295131.1_results/PROKKA_06292018:CDS	hypothetical protein	KU295131.1:c1824-1672	GOMINIBK_00004

DiscRep_SUB:FEATURE_LOCATION_CONFLICT::Coding region xref gene does not exist
plasmid_files/KU295131.1_results/PROKKA_06292018:CDS	DNA-invertase hin	KU295131.1:c2390-1821	GOMINIBK_00005

DiscRep_SUB:FEATURE_LOCATION_CONFLICT::Coding region xref gene does not exist
plasmid_files/KU295131.1_results/PROKKA_06292018:CDS	Tyrosine recombinase XerD	KU295131.1:c3796-2783	GOMINIBK_00006

DiscRep_SUB:FEATURE_LOCATION_CONFLICT::Coding region xref gene does not exist
plasmid_files/KU295131.1_results/PROKKA_06292018:CDS	Dihydrofolate reductase type 1	KU295131.1:3967-4425	GOMINIBK_00007

DiscRep_SUB:FEATURE_LOCATION_CONFLICT::Coding region xref gene does not exist
plasmid_files/KU295131.1_results/PROKKA_06292018:CDS	Multidrug transporter EmrE	KU295131.1:4609-4956	GOMINIBK_00008

DiscRep_SUB:FEATURE_LOCATION_CONFLICT::Coding region xref gene does not exist
plasmid_files/KU295131.1_results/PROKKA_06292018:CDS	Dihydropteroate synthase	KU295131.1:4950-5789	GOMINIBK_00009

DiscRep_SUB:FEATURE_LOCATION_CONFLICT::Coding region xref gene does not exist
plasmid_files/KU295131.1_results/PROKKA_06292018:CDS	hypothetical protein	KU295131.1:5917-6417	GOMINIBK_00010

DiscRep_SUB:FEATURE_LOCATION_CONFLICT::Coding region xref gene does not exist
plasmid_files/KU295131.1_results/PROKKA_06292018:CDS	hypothetical protein	KU295131.1:6547-7251	GOMINIBK_00011

DiscRep_SUB:FEATURE_LOCATION_CONFLICT::Coding region xref gene does not exist
plasmid_files/KU295131.1_results/PROKKA_06292018:CDS	hypothetical protein	KU295131.1:7505-7795	GOMINIBK_00012

DiscRep_SUB:FEATURE_LOCATION_CONFLICT::Coding region xref gene does not exist
plasmid_files/KU295131.1_results/PROKKA_06292018:CDS	hypothetical protein	KU295131.1:7792-8193	GOMINIBK_00013

DiscRep_SUB:FEATURE_LOCATION_CONFLICT::Coding region xref gene does not exist
plasmid_files/KU295131.1_results/PROKKA_06292018:CDS	hypothetical protein	KU295131.1:8183-8539	GOMINIBK_00014

DiscRep_SUB:FEATURE_LOCATION_CONFLICT::Coding region xref gene does not exist
plasmid_files/KU295131.1_results/PROKKA_06292018:CDS	hypothetical protein	KU295131.1:8794-9120	GOMINIBK_00015

DiscRep_SUB:FEATURE_LOCATION_CONFLICT::Coding region xref gene does not exist
plasmid_files/KU295131.1_results/PROKKA_06292018:CDS	hypothetical protein	KU295131.1:9117-9617	GOMINIBK_00016

DiscRep_SUB:FEATURE_LOCATION_CONFLICT::Coding region xref gene does not exist
plasmid_files/KU295131.1_results/PROKKA_06292018:CDS	hypothetical protein	KU295131.1:9614-9985	GOMINIBK_00017

DiscRep_SUB:FEATURE_LOCATION_CONFLICT::Coding region xref gene does not exist
plasmid_files/KU295131.1_results/PROKKA_06292018:CDS	DNA-invertase hin	KU295131.1:9979-10536	GOMINIBK_00018

DiscRep_SUB:FEATURE_LOCATION_CONFLICT::Coding region xref gene does not exist
plasmid_files/KU295131.1_results/PROKKA_06292018:CDS	hypothetical protein	KU295131.1:10615-11625	GOMINIBK_00019

DiscRep_SUB:FEATURE_LOCATION_CONFLICT::Coding region xref gene does not exist
plasmid_files/KU295131.1_results/PROKKA_06292018:CDS	hypothetical protein	KU295131.1:c12275-11571	GOMINIBK_00020

DiscRep_SUB:FEATURE_LOCATION_CONFLICT::Coding region xref gene does not exist
plasmid_files/KU295131.1_results/PROKKA_06292018:CDS	hypothetical protein	KU295131.1:c12519-12322	GOMINIBK_00021

DiscRep_SUB:FEATURE_LOCATION_CONFLICT::Coding region xref gene does not exist
plasmid_files/KU295131.1_results/PROKKA_06292018:CDS	Phospholipase D	KU295131.1:c13780-13247	GOMINIBK_00022

DiscRep_SUB:FEATURE_LOCATION_CONFLICT::Coding region xref gene does not exist
plasmid_files/KU295131.1_results/PROKKA_06292018:CDS	Type IV secretion system protein VirB11	KU295131.1:c14775-13780	GOMINIBK_00023

DiscRep_SUB:FEATURE_LOCATION_CONFLICT::Coding region xref gene does not exist
plasmid_files/KU295131.1_results/PROKKA_06292018:CDS	Protein virB10	KU295131.1:c15977-14817	GOMINIBK_00024

DiscRep_SUB:FEATURE_LOCATION_CONFLICT::Coding region xref gene does not exist
plasmid_files/KU295131.1_results/PROKKA_06292018:CDS	Type IV secretion system protein virB9	KU295131.1:c16861-15977	GOMINIBK_00025

DiscRep_SUB:FEATURE_LOCATION_CONFLICT::Coding region xref gene does not exist
plasmid_files/KU295131.1_results/PROKKA_06292018:CDS	Type IV secretion system protein virB8	KU295131.1:c17570-16872	GOMINIBK_00026

DiscRep_SUB:FEATURE_LOCATION_CONFLICT::Coding region xref gene does not exist
plasmid_files/KU295131.1_results/PROKKA_06292018:CDS	Type IV secretion system protein VirB6	KU295131.1:c18829-17789	GOMINIBK_00027

DiscRep_SUB:FEATURE_LOCATION_CONFLICT::Coding region xref gene does not exist
plasmid_files/KU295131.1_results/PROKKA_06292018:CDS	hypothetical protein	KU295131.1:c19072-18845	GOMINIBK_00028

DiscRep_SUB:FEATURE_LOCATION_CONFLICT::Coding region xref gene does not exist
plasmid_files/KU295131.1_results/PROKKA_06292018:CDS	Type IV secretion system protein virB5	KU295131.1:c19793-19080	GOMINIBK_00029

DiscRep_SUB:FEATURE_LOCATION_CONFLICT::Coding region xref gene does not exist
plasmid_files/KU295131.1_results/PROKKA_06292018:CDS	Type IV secretion system protein virB4	KU295131.1:c22411-19811	GOMINIBK_00030

DiscRep_SUB:FEATURE_LOCATION_CONFLICT::Coding region xref gene does not exist
plasmid_files/KU295131.1_results/PROKKA_06292018:CDS	hypothetical protein	KU295131.1:c22728-22411	GOMINIBK_00031

DiscRep_SUB:FEATURE_LOCATION_CONFLICT::Coding region xref gene does not exist
plasmid_files/KU295131.1_results/PROKKA_06292018:CDS	hypothetical protein	KU295131.1:c23071-22778	GOMINIBK_00032

DiscRep_SUB:FEATURE_LOCATION_CONFLICT::Coding region xref gene does not exist
plasmid_files/KU295131.1_results/PROKKA_06292018:CDS	hypothetical protein	KU295131.1:c23362-23081	GOMINIBK_00033

DiscRep_SUB:FEATURE_LOCATION_CONFLICT::Coding region xref gene does not exist
plasmid_files/KU295131.1_results/PROKKA_06292018:CDS	Type IV secretion system protein virB1	KU295131.1:c24105-23371	GOMINIBK_00034

DiscRep_SUB:FEATURE_LOCATION_CONFLICT::Coding region xref gene does not exist
plasmid_files/KU295131.1_results/PROKKA_06292018:CDS	Trans-acting regulatory protein HvrA	KU295131.1:24214-24519	GOMINIBK_00035

DiscRep_SUB:FEATURE_LOCATION_CONFLICT::Coding region xref gene does not exist
plasmid_files/KU295131.1_results/PROKKA_06292018:CDS	hypothetical protein	KU295131.1:24535-24879	GOMINIBK_00036

DiscRep_SUB:FEATURE_LOCATION_CONFLICT::Coding region xref gene does not exist
plasmid_files/KU295131.1_results/PROKKA_06292018:CDS	hypothetical protein	KU295131.1:24876-25190	GOMINIBK_00037

DiscRep_SUB:FEATURE_LOCATION_CONFLICT::Coding region xref gene does not exist
plasmid_files/KU295131.1_results/PROKKA_06292018:CDS	hypothetical protein	KU295131.1:25226-25537	GOMINIBK_00038

DiscRep_SUB:FEATURE_LOCATION_CONFLICT::Coding region xref gene does not exist
plasmid_files/KU295131.1_results/PROKKA_06292018:CDS	hypothetical protein	KU295131.1:25587-26234	GOMINIBK_00039

DiscRep_SUB:FEATURE_LOCATION_CONFLICT::Coding region xref gene does not exist
plasmid_files/KU295131.1_results/PROKKA_06292018:CDS	hypothetical protein	KU295131.1:26239-26445	GOMINIBK_00040

DiscRep_SUB:FEATURE_LOCATION_CONFLICT::Coding region xref gene does not exist
plasmid_files/KU295131.1_results/PROKKA_06292018:CDS	hypothetical protein	KU295131.1:c26722-26456	GOMINIBK_00041

DiscRep_SUB:FEATURE_LOCATION_CONFLICT::Coding region xref gene does not exist
plasmid_files/KU295131.1_results/PROKKA_06292018:CDS	DNA-cytosine methyltransferase	KU295131.1:26827-28260	GOMINIBK_00042

DiscRep_SUB:FEATURE_LOCATION_CONFLICT::Coding region xref gene does not exist
plasmid_files/KU295131.1_results/PROKKA_06292018:CDS	Type-2 restriction enzyme EcoRII	KU295131.1:c29508-28294	GOMINIBK_00043

DiscRep_SUB:FEATURE_LOCATION_CONFLICT::Coding region xref gene does not exist
plasmid_files/KU295131.1_results/PROKKA_06292018:CDS	hypothetical protein	KU295131.1:c30533-29769	GOMINIBK_00044

DiscRep_SUB:FEATURE_LOCATION_CONFLICT::Coding region xref gene does not exist
plasmid_files/KU295131.1_results/PROKKA_06292018:CDS	hypothetical protein	KU295131.1:c31738-31034	GOMINIBK_00045

DiscRep_SUB:FEATURE_LOCATION_CONFLICT::Coding region xref gene does not exist
plasmid_files/KU295131.1_results/PROKKA_06292018:CDS	Type IV secretion system protein virB4	KU295131.1:31993-34743	GOMINIBK_00046

DiscRep_SUB:FEATURE_LOCATION_CONFLICT::Coding region xref gene does not exist
plasmid_files/KU295131.1_results/PROKKA_06292018:CDS	hypothetical protein	KU295131.1:34762-35478	GOMINIBK_00047

DiscRep_SUB:FEATURE_LOCATION_CONFLICT::Coding region xref gene does not exist
plasmid_files/KU295131.1_results/PROKKA_06292018:CDS	hypothetical protein	KU295131.1:35490-35774	GOMINIBK_00048

DiscRep_SUB:FEATURE_LOCATION_CONFLICT::Coding region xref gene does not exist
plasmid_files/KU295131.1_results/PROKKA_06292018:CDS	Type IV secretion system protein VirB6	KU295131.1:35792-36799	GOMINIBK_00049

DiscRep_SUB:FEATURE_LOCATION_CONFLICT::Coding region xref gene does not exist
plasmid_files/KU295131.1_results/PROKKA_06292018:CDS	hypothetical protein	KU295131.1:36876-37016	GOMINIBK_00050

DiscRep_SUB:FEATURE_LOCATION_CONFLICT::Coding region xref gene does not exist
plasmid_files/KU295131.1_results/PROKKA_06292018:CDS	Type IV secretion system protein PtlE	KU295131.1:37009-37695	GOMINIBK_00051

DiscRep_SUB:FEATURE_LOCATION_CONFLICT::Coding region xref gene does not exist
plasmid_files/KU295131.1_results/PROKKA_06292018:CDS	Type IV secretion system protein virB9	KU295131.1:37688-38581	GOMINIBK_00052

DiscRep_SUB:FEATURE_LOCATION_CONFLICT::Coding region xref gene does not exist
plasmid_files/KU295131.1_results/PROKKA_06292018:CDS	Type IV secretion system protein virB10	KU295131.1:38578-39774	GOMINIBK_00053

DiscRep_SUB:FEATURE_LOCATION_CONFLICT::Coding region xref gene does not exist
plasmid_files/KU295131.1_results/PROKKA_06292018:CDS	Type IV secretion system protein VirB11	KU295131.1:39778-40827	GOMINIBK_00054

DiscRep_SUB:FEATURE_LOCATION_CONFLICT::Coding region xref gene does not exist
plasmid_files/KU295131.1_results/PROKKA_06292018:CDS	hypothetical protein	KU295131.1:40814-41215	GOMINIBK_00055

DiscRep_SUB:FEATURE_LOCATION_CONFLICT::Coding region xref gene does not exist
plasmid_files/KU295131.1_results/PROKKA_06292018:CDS	hypothetical protein	KU295131.1:41306-41623	GOMINIBK_00056

DiscRep_SUB:FEATURE_LOCATION_CONFLICT::Coding region xref gene does not exist
plasmid_files/KU295131.1_results/PROKKA_06292018:CDS	hypothetical protein	KU295131.1:41650-41985	GOMINIBK_00057

DiscRep_SUB:FEATURE_LOCATION_CONFLICT::Coding region xref gene does not exist
plasmid_files/KU295131.1_results/PROKKA_06292018:CDS	hypothetical protein	KU295131.1:41961-42269	GOMINIBK_00058

DiscRep_SUB:FEATURE_LOCATION_CONFLICT::Coding region xref gene does not exist
plasmid_files/KU295131.1_results/PROKKA_06292018:CDS	DNA topoisomerase 3	KU295131.1:42266-44467	GOMINIBK_00059

DiscRep_SUB:FEATURE_LOCATION_CONFLICT::Coding region xref gene does not exist
plasmid_files/KU295131.1_results/PROKKA_06292018:CDS	DNA-binding protein H-NS, plasmid	KU295131.1:44464-44856	GOMINIBK_00060

DiscRep_SUB:FEATURE_LOCATION_CONFLICT::Coding region xref gene does not exist
plasmid_files/KU295131.1_results/PROKKA_06292018:CDS	hypothetical protein	KU295131.1:45565-47472	GOMINIBK_00061

DiscRep_SUB:FEATURE_LOCATION_CONFLICT::Coding region xref gene does not exist
plasmid_files/KU295131.1_results/PROKKA_06292018:CDS	hypothetical protein	KU295131.1:47487-48233	GOMINIBK_00062

DiscRep_SUB:FEATURE_LOCATION_CONFLICT::Coding region xref gene does not exist
plasmid_files/KU295131.1_results/PROKKA_06292018:CDS	Phospholipase D	KU295131.1:48226-48753	GOMINIBK_00063

DiscRep_SUB:FEATURE_LOCATION_CONFLICT::Coding region xref gene does not exist
plasmid_files/KU295131.1_results/PROKKA_06292018:CDS	hypothetical protein	KU295131.1:c49217-48786	GOMINIBK_00064

DiscRep_SUB:FEATURE_LOCATION_CONFLICT::Coding region xref gene does not exist
plasmid_files/KU295131.1_results/PROKKA_06292018:CDS	DNA primase TraC	KU295131.1:c50662-49697	GOMINIBK_00065

DiscRep_SUB:FEATURE_LOCATION_CONFLICT::Coding region xref gene does not exist
plasmid_files/KU295131.1_results/PROKKA_06292018:CDS	hypothetical protein	KU295131.1:c51139-50870	GOMINIBK_00066

DiscRep_SUB:FEATURE_LOCATION_CONFLICT::Coding region xref gene does not exist
plasmid_files/KU295131.1_results/PROKKA_06292018:CDS	Group II intron-encoded protein LtrA	KU295131.1:c52616-51132	GOMINIBK_00067

DiscRep_SUB:FEATURE_LOCATION_CONFLICT::Coding region xref gene does not exist
plasmid_files/KU295131.1_results/PROKKA_06292018:CDS	hypothetical protein	KU295131.1:53018-53257	GOMINIBK_00068

DiscRep_SUB:FEATURE_LOCATION_CONFLICT::Coding region xref gene does not exist
plasmid_files/KU295131.1_results/PROKKA_06292018:CDS	Protein UmuD	KU295131.1:53259-53642	GOMINIBK_00069

DiscRep_SUB:FEATURE_LOCATION_CONFLICT::Coding region xref gene does not exist
plasmid_files/KU295131.1_results/PROKKA_06292018:CDS	Endoribonuclease HigB	KU295131.1:53833-54114	GOMINIBK_00070

DiscRep_SUB:FEATURE_LOCATION_CONFLICT::Coding region xref gene does not exist
plasmid_files/KU295131.1_results/PROKKA_06292018:CDS	putative HTH-type transcriptional regulator YddM	KU295131.1:54114-54416	GOMINIBK_00071

DiscRep_SUB:FEATURE_LOCATION_CONFLICT::Coding region xref gene does not exist
plasmid_files/KU295131.1_results/PROKKA_06292018:CDS	hypothetical protein	KU295131.1:54907-55011	GOMINIBK_00072

DiscRep_SUB:FEATURE_LOCATION_CONFLICT::Coding region xref gene does not exist
plasmid_files/KU295131.1_results/PROKKA_06292018:CDS	hypothetical protein	KU295131.1:c56021-55053	GOMINIBK_00073

DiscRep_SUB:FEATURE_LOCATION_CONFLICT::Coding region xref gene does not exist
plasmid_files/KU295131.1_results/PROKKA_06292018:CDS	hypothetical protein	KU295131.1:c56777-56043	GOMINIBK_00074

DiscRep_SUB:FEATURE_LOCATION_CONFLICT::Coding region xref gene does not exist
plasmid_files/KU295131.1_results/PROKKA_06292018:CDS	hypothetical protein	KU295131.1:c57102-56734	GOMINIBK_00075

DiscRep_SUB:FEATURE_LOCATION_CONFLICT::Coding region xref gene does not exist
plasmid_files/KU295131.1_results/PROKKA_06292018:CDS	hypothetical protein	KU295131.1:c57358-57233	GOMINIBK_00076

DiscRep_SUB:FEATURE_LOCATION_CONFLICT::Coding region xref gene does not exist
plasmid_files/KU295131.1_results/PROKKA_06292018:CDS	Replication protein RepA	KU295131.1:57572-58432	GOMINIBK_00077

DiscRep_SUB:FEATURE_LOCATION_CONFLICT::Coding region xref gene does not exist
plasmid_files/KU295131.1_results/PROKKA_06292018:CDS	Plasmid partition protein A	KU295131.1:58832-60037	GOMINIBK_00078

DiscRep_SUB:FEATURE_LOCATION_CONFLICT::Coding region xref gene does not exist
plasmid_files/KU295131.1_results/PROKKA_06292018:CDS	Virulence regulon transcriptional activator VirB	KU295131.1:60034-60999	GOMINIBK_00079

DiscRep_SUB:FEATURE_LOCATION_CONFLICT::Coding region xref gene does not exist
plasmid_files/KU295131.1_results/PROKKA_06292018:CDS	hypothetical protein	KU295131.1:61264-62262	GOMINIBK_00080

DiscRep_SUB:FEATURE_LOCATION_CONFLICT::Coding region xref gene does not exist
plasmid_files/KU295131.1_results/PROKKA_06292018:CDS	hypothetical protein	KU295131.1:62353-62970	GOMINIBK_00081

DiscRep_SUB:FEATURE_LOCATION_CONFLICT::Coding region xref gene does not exist
plasmid_files/KU295131.1_results/PROKKA_06292018:CDS	hypothetical protein	KU295131.1:63031-64470	GOMINIBK_00082

DiscRep_SUB:FEATURE_LOCATION_CONFLICT::Coding region xref gene does not exist
plasmid_files/KU295131.1_results/PROKKA_06292018:CDS	hypothetical protein	KU295131.1:c65065-64361	GOMINIBK_00083

DiscRep_SUB:FEATURE_LOCATION_CONFLICT::Coding region xref gene does not exist
plasmid_files/KU295131.1_results/PROKKA_06292018:CDS	hypothetical protein	KU295131.1:65167-65448	GOMINIBK_00084

DiscRep_SUB:FEATURE_LOCATION_CONFLICT::Coding region xref gene does not exist
plasmid_files/KU295131.1_results/PROKKA_06292018:CDS	hypothetical protein	KU295131.1:65458-66273	GOMINIBK_00085

DiscRep_SUB:FEATURE_LOCATION_CONFLICT::Coding region xref gene does not exist
plasmid_files/KU295131.1_results/PROKKA_06292018:CDS	hypothetical protein	KU295131.1:66426-66890	GOMINIBK_00086

DiscRep_SUB:FEATURE_LOCATION_CONFLICT::Coding region xref gene does not exist
plasmid_files/KU295131.1_results/PROKKA_06292018:CDS	hypothetical protein	KU295131.1:66902-67411	GOMINIBK_00087

DiscRep_SUB:FEATURE_LOCATION_CONFLICT::Coding region xref gene does not exist
plasmid_files/KU295131.1_results/PROKKA_06292018:CDS	Toxic protein HokC	KU295131.1:c67683-67528	GOMINIBK_00088

DiscRep_SUB:FEATURE_LOCATION_CONFLICT::Coding region xref gene does not exist
plasmid_files/KU295131.1_results/PROKKA_06292018:CDS	hypothetical protein	KU295131.1:c68725-67988	GOMINIBK_00089

DiscRep_SUB:FEATURE_LOCATION_CONFLICT::Coding region xref gene does not exist
plasmid_files/KU295131.1_results/PROKKA_06292018:CDS	hypothetical protein	KU295131.1:c69156-68779	GOMINIBK_00090

DiscRep_SUB:FEATURE_LOCATION_CONFLICT::Coding region xref gene does not exist
plasmid_files/KU295131.1_results/PROKKA_06292018:CDS	hypothetical protein	KU295131.1:c69476-69201	GOMINIBK_00091

DiscRep_SUB:FEATURE_LOCATION_CONFLICT::Coding region xref gene does not exist
plasmid_files/KU295131.1_results/PROKKA_06292018:CDS	hypothetical protein	KU295131.1:c69728-69510	GOMINIBK_00092

DiscRep_SUB:FEATURE_LOCATION_CONFLICT::Coding region xref gene does not exist
plasmid_files/KU295131.1_results/PROKKA_06292018:CDS	hypothetical protein	KU295131.1:c70057-69803	GOMINIBK_00093

DiscRep_SUB:FEATURE_LOCATION_CONFLICT::Coding region xref gene does not exist
plasmid_files/KU295131.1_results/PROKKA_06292018:CDS	hypothetical protein	KU295131.1:70452-70706	GOMINIBK_00094

DiscRep_SUB:FEATURE_LOCATION_CONFLICT::Coding region xref gene does not exist
plasmid_files/KU295131.1_results/PROKKA_06292018:CDS	Arsenic resistance transcriptional regulator ArsR2	KU295131.1:70973-71326	GOMINIBK_00095

DiscRep_SUB:FEATURE_LOCATION_CONFLICT::Coding region xref gene does not exist
plasmid_files/KU295131.1_results/PROKKA_06292018:CDS	Arsenical resistance operon trans-acting repressor ArsD	KU295131.1:71374-71736	GOMINIBK_00096

DiscRep_SUB:FEATURE_LOCATION_CONFLICT::Coding region xref gene does not exist
plasmid_files/KU295131.1_results/PROKKA_06292018:CDS	Arsenical pump-driving ATPase	KU295131.1:71754-72851	GOMINIBK_00097

DiscRep_SUB:FEATURE_LOCATION_CONFLICT::Coding region xref gene does not exist
plasmid_files/KU295131.1_results/PROKKA_06292018:CDS	Beta-lactamase TEM	KU295131.1:c73822-72962	GOMINIBK_00098

DiscRep_SUB:FEATURE_LOCATION_CONFLICT::Coding region xref gene does not exist
plasmid_files/KU295131.1_results/PROKKA_06292018:CDS	Transposon Tn3 resolvase	KU295131.1:c74562-74005	GOMINIBK_00099

DiscRep_SUB:FEATURE_LOCATION_CONFLICT::Coding region xref gene does not exist
plasmid_files/KU295131.1_results/PROKKA_06292018:CDS	hypothetical protein	KU295131.1:74726-75634	GOMINIBK_00100

DiscRep_SUB:FEATURE_LOCATION_CONFLICT::Coding region xref gene does not exist
plasmid_files/KU295131.1_results/PROKKA_06292018:CDS	Tyrosine recombinase XerD	KU295131.1:c77392-75677	GOMINIBK_00101

DiscRep_SUB:FEATURE_LOCATION_CONFLICT::Coding region xref gene does not exist
plasmid_files/KU295131.1_results/PROKKA_06292018:CDS	hypothetical protein	KU295131.1:77502-80531	GOMINIBK_00102

DiscRep_SUB:FEATURE_LOCATION_CONFLICT::Coding region xref gene does not exist
plasmid_files/KU295131.1_results/PROKKA_06292018:CDS	hypothetical protein	KU295131.1:80638-81663	GOMINIBK_00103

DiscRep_SUB:FEATURE_LOCATION_CONFLICT::Coding region xref gene does not exist
plasmid_files/KU295131.1_results/PROKKA_06292018:CDS	Insertion sequence IS5376 putative ATP-binding protein	KU295131.1:81660-82439	GOMINIBK_00104

DiscRep_SUB:FEATURE_LOCATION_CONFLICT::Coding region xref gene does not exist
plasmid_files/KU295131.1_results/PROKKA_06292018:CDS	hypothetical protein	KU295131.1:82436-82774	GOMINIBK_00105

DiscRep_SUB:FEATURE_LOCATION_CONFLICT::Coding region xref gene does not exist
plasmid_files/KU295131.1_results/PROKKA_06292018:CDS	Carbapenem-hydrolyzing beta-lactamase KPC	KU295131.1:82826-83707	GOMINIBK_00106

DiscRep_SUB:FEATURE_LOCATION_CONFLICT::Coding region xref gene does not exist
plasmid_files/KU295131.1_results/PROKKA_06292018:CDS	hypothetical protein	KU295131.1:c85276-83957	GOMINIBK_00107

DiscRep_SUB:FEATURE_LOCATION_CONFLICT::Coding region xref gene does not exist
plasmid_files/KU295131.1_results/PROKKA_06292018:CDS	hypothetical protein	KU295131.1:85595-87742	GOMINIBK_00108

DiscRep_SUB:FEATURE_LOCATION_CONFLICT::Coding region xref gene does not exist
plasmid_files/KU295131.1_results/PROKKA_06292018:CDS	hypothetical protein	KU295131.1:c88322-87666	GOMINIBK_00109

DiscRep_SUB:FEATURE_LOCATION_CONFLICT::Coding region xref gene does not exist
plasmid_files/KU295131.1_results/PROKKA_06292018:CDS	hypothetical protein	KU295131.1:88457-88885	GOMINIBK_00110

DiscRep_SUB:FEATURE_LOCATION_CONFLICT::Coding region xref gene does not exist
plasmid_files/KU295131.1_results/PROKKA_06292018:CDS	hypothetical protein	KU295131.1:c89260-88895	GOMINIBK_00111

DiscRep_SUB:FEATURE_LOCATION_CONFLICT::Coding region xref gene does not exist
plasmid_files/KU295131.1_results/PROKKA_06292018:CDS	Multifunctional conjugation protein TraI	KU295131.1:c92496-89260	GOMINIBK_00112

DiscRep_SUB:FEATURE_LOCATION_CONFLICT::Coding region xref gene does not exist
plasmid_files/KU295131.1_results/PROKKA_06292018:CDS	Coupling protein TraD	KU295131.1:c94025-92496	GOMINIBK_00113

DiscRep_SUB:FEATURE_LOCATION_CONFLICT::Coding region xref gene does not exist
plasmid_files/KU295131.1_results/PROKKA_06292018:CDS	hypothetical protein	KU295131.1:c94443-94027	GOMINIBK_00114

DiscRep_SUB:FEATURE_LOCATION_CONFLICT::Coding region xref gene does not exist
plasmid_files/KU295131.1_results/PROKKA_06292018:CDS	hypothetical protein	KU295131.1:94934-95353	GOMINIBK_00115

DiscRep_SUB:FEATURE_LOCATION_CONFLICT::Coding region xref gene does not exist
plasmid_files/KU295131.1_results/PROKKA_06292018:CDS	hypothetical protein	KU295131.1:95362-96078	GOMINIBK_00116

DiscRep_SUB:FEATURE_LOCATION_CONFLICT::Coding region xref gene does not exist
plasmid_files/KU295131.1_results/PROKKA_06292018:CDS	hypothetical protein	KU295131.1:96080-96448	GOMINIBK_00117

DiscRep_SUB:FEATURE_LOCATION_CONFLICT::Coding region xref gene does not exist
plasmid_files/KU295131.1_results/PROKKA_06292018:CDS	hypothetical protein	KU295131.1:96630-96974	GOMINIBK_00118

DiscRep_SUB:FEATURE_LOCATION_CONFLICT::Coding region xref gene does not exist
plasmid_files/KU295131.1_results/PROKKA_06292018:CDS	hypothetical protein	KU295131.1:c97405-97085	GOMINIBK_00119

DiscRep_SUB:FEATURE_LOCATION_CONFLICT::Coding region xref gene does not exist
plasmid_files/KU295131.1_results/PROKKA_06292018:CDS	hypothetical protein	KU295131.1:c97639-97460	GOMINIBK_00120

DiscRep_SUB:FEATURE_LOCATION_CONFLICT::Coding region xref gene does not exist
plasmid_files/KU295131.1_results/PROKKA_06292018:CDS	hypothetical protein	KU295131.1:c98875-98366	GOMINIBK_00121

DiscRep_SUB:FEATURE_LOCATION_CONFLICT::Coding region xref gene does not exist
plasmid_files/KU295131.1_results/PROKKA_06292018:CDS	hypothetical protein	KU295131.1:c99555-98989	GOMINIBK_00122

DiscRep_SUB:FEATURE_LOCATION_CONFLICT::Coding region xref gene does not exist
plasmid_files/KU295131.1_results/PROKKA_06292018:CDS	hypothetical protein	KU295131.1:c99749-99642	GOMINIBK_00123

DiscRep_SUB:FEATURE_LOCATION_CONFLICT::Coding region xref gene does not exist
plasmid_files/KU295131.1_results/PROKKA_06292018:CDS	hypothetical protein	KU295131.1:c100559-100227	GOMINIBK_00124

DiscRep_SUB:FEATURE_LOCATION_CONFLICT::Coding region xref gene does not exist
plasmid_files/KU295131.1_results/PROKKA_06292018:CDS	hypothetical protein	KU295131.1:c101052-100768	GOMINIBK_00125

DiscRep_SUB:FEATURE_LOCATION_CONFLICT::Coding region xref gene does not exist
plasmid_files/KU295131.1_results/PROKKA_06292018:CDS	hypothetical protein	KU295131.1:c101480-101121	GOMINIBK_00126

DiscRep_SUB:FEATURE_LOCATION_CONFLICT::Coding region xref gene does not exist
plasmid_files/KU295131.1_results/PROKKA_06292018:CDS	hypothetical protein	KU295131.1:c101773-101477	GOMINIBK_00127

DiscRep_SUB:FEATURE_LOCATION_CONFLICT::Coding region xref gene does not exist
plasmid_files/KU295131.1_results/PROKKA_06292018:CDS	hypothetical protein	KU295131.1:c102431-101886	GOMINIBK_00128

DiscRep_SUB:FEATURE_LOCATION_CONFLICT::Coding region xref gene does not exist
plasmid_files/KU295131.1_results/PROKKA_06292018:CDS	hypothetical protein	KU295131.1:c102898-102659	GOMINIBK_00129

DiscRep_SUB:FEATURE_LOCATION_CONFLICT::Coding region xref gene does not exist
plasmid_files/KU295131.1_results/PROKKA_06292018:CDS	hypothetical protein	KU295131.1:c103243-102908	GOMINIBK_00130

DiscRep_SUB:FEATURE_LOCATION_CONFLICT::Coding region xref gene does not exist
plasmid_files/KU295131.1_results/PROKKA_06292018:CDS	Antirestriction protein KlcA	KU295131.1:c103795-103370	GOMINIBK_00131

DiscRep_SUB:FEATURE_LOCATION_CONFLICT::Coding region xref gene does not exist
plasmid_files/KU295131.1_results/PROKKA_06292018:CDS	Protein UmuD	KU295131.1:104210-104650	GOMINIBK_00132

DiscRep_SUB:FEATURE_LOCATION_CONFLICT::Coding region xref gene does not exist
plasmid_files/KU295131.1_results/PROKKA_06292018:CDS	Protein UmuC	KU295131.1:104638-105903	GOMINIBK_00133

DiscRep_SUB:FEATURE_LOCATION_CONFLICT::Coding region xref gene does not exist
plasmid_files/KU295131.1_results/PROKKA_06292018:CDS	hypothetical protein	KU295131.1:106054-106845	GOMINIBK_00134

DiscRep_SUB:FEATURE_LOCATION_CONFLICT::Coding region xref gene does not exist
plasmid_files/KU295131.1_results/PROKKA_06292018:CDS	hypothetical protein	KU295131.1:c107201-106860	GOMINIBK_00135

DiscRep_ALL:DISC_QUALITY_SCORES::Quality scores are missing on all sequences.

DiscRep_ALL:ONCALLER_COMMENT_PRESENT::1 comment descriptors were found (all same)
plasmid_files/KU295131.1_results/PROKKA_06292018:KU295131.1:Annotated using prokka 1.14-dev from https://github.com/tseemann/prokka

DiscRep_ALL:SHORT_PROT_SEQUENCES::4 protein sequences are shorter than 50 aa.
plasmid_files/KU295131.1_results/PROKKA_06292018:KU295131.1_50 (length 46)
plasmid_files/KU295131.1_results/PROKKA_06292018:KU295131.1_72 (length 34)
plasmid_files/KU295131.1_results/PROKKA_06292018:KU295131.1_76 (length 41)
plasmid_files/KU295131.1_results/PROKKA_06292018:KU295131.1_123 (length 35)

DiscRep_ALL:MISSING_GENOMEASSEMBLY_COMMENTS::1 bioseqs are missing GenomeAssembly structured comments
plasmid_files/KU295131.1_results/PROKKA_06292018:KU295131.1 (length 107760)

DiscRep_ALL:MOLTYPE_NOT_MRNA::1 molecule types are not set as mRNA.
plasmid_files/KU295131.1_results/PROKKA_06292018:KU295131.1 (length 107760)

DiscRep_ALL:TECHNIQUE_NOT_TSA::1 technique are not set as TSA
plasmid_files/KU295131.1_results/PROKKA_06292018:KU295131.1 (length 107760)

DiscRep_ALL:MISSING_STRUCTURED_COMMENT::1 sequences do not include structured comments.
plasmid_files/KU295131.1_results/PROKKA_06292018:KU295131.1 (length 107760)

DiscRep_ALL:MISSING_PROJECT::136 sequences do not include project.
plasmid_files/KU295131.1_results/PROKKA_06292018:KU295131.1 (length 107760)
plasmid_files/KU295131.1_results/PROKKA_06292018:KU295131.1_1 (length 239)
plasmid_files/KU295131.1_results/PROKKA_06292018:KU295131.1_2 (length 234)
plasmid_files/KU295131.1_results/PROKKA_06292018:KU295131.1_3 (length 80)
plasmid_files/KU295131.1_results/PROKKA_06292018:KU295131.1_4 (length 50)
plasmid_files/KU295131.1_results/PROKKA_06292018:KU295131.1_5 (length 189)
plasmid_files/KU295131.1_results/PROKKA_06292018:KU295131.1_6 (length 337)
plasmid_files/KU295131.1_results/PROKKA_06292018:KU295131.1_7 (length 152)
plasmid_files/KU295131.1_results/PROKKA_06292018:KU295131.1_8 (length 115)
plasmid_files/KU295131.1_results/PROKKA_06292018:KU295131.1_9 (length 279)
plasmid_files/KU295131.1_results/PROKKA_06292018:KU295131.1_10 (length 166)
plasmid_files/KU295131.1_results/PROKKA_06292018:KU295131.1_11 (length 234)
plasmid_files/KU295131.1_results/PROKKA_06292018:KU295131.1_12 (length 96)
plasmid_files/KU295131.1_results/PROKKA_06292018:KU295131.1_13 (length 133)
plasmid_files/KU295131.1_results/PROKKA_06292018:KU295131.1_14 (length 118)
plasmid_files/KU295131.1_results/PROKKA_06292018:KU295131.1_15 (length 108)
plasmid_files/KU295131.1_results/PROKKA_06292018:KU295131.1_16 (length 166)
plasmid_files/KU295131.1_results/PROKKA_06292018:KU295131.1_17 (length 123)
plasmid_files/KU295131.1_results/PROKKA_06292018:KU295131.1_18 (length 185)
plasmid_files/KU295131.1_results/PROKKA_06292018:KU295131.1_19 (length 336)
plasmid_files/KU295131.1_results/PROKKA_06292018:KU295131.1_20 (length 234)
plasmid_files/KU295131.1_results/PROKKA_06292018:KU295131.1_21 (length 65)
plasmid_files/KU295131.1_results/PROKKA_06292018:KU295131.1_22 (length 177)
plasmid_files/KU295131.1_results/PROKKA_06292018:KU295131.1_23 (length 331)
plasmid_files/KU295131.1_results/PROKKA_06292018:KU295131.1_24 (length 386)
plasmid_files/KU295131.1_results/PROKKA_06292018:KU295131.1_25 (length 294)
plasmid_files/KU295131.1_results/PROKKA_06292018:KU295131.1_26 (length 232)
plasmid_files/KU295131.1_results/PROKKA_06292018:KU295131.1_27 (length 346)
plasmid_files/KU295131.1_results/PROKKA_06292018:KU295131.1_28 (length 75)
plasmid_files/KU295131.1_results/PROKKA_06292018:KU295131.1_29 (length 237)
plasmid_files/KU295131.1_results/PROKKA_06292018:KU295131.1_30 (length 866)
plasmid_files/KU295131.1_results/PROKKA_06292018:KU295131.1_31 (length 105)
plasmid_files/KU295131.1_results/PROKKA_06292018:KU295131.1_32 (length 97)
plasmid_files/KU295131.1_results/PROKKA_06292018:KU295131.1_33 (length 93)
plasmid_files/KU295131.1_results/PROKKA_06292018:KU295131.1_34 (length 244)
plasmid_files/KU295131.1_results/PROKKA_06292018:KU295131.1_35 (length 101)
plasmid_files/KU295131.1_results/PROKKA_06292018:KU295131.1_36 (length 114)
plasmid_files/KU295131.1_results/PROKKA_06292018:KU295131.1_37 (length 104)
plasmid_files/KU295131.1_results/PROKKA_06292018:KU295131.1_38 (length 103)
plasmid_files/KU295131.1_results/PROKKA_06292018:KU295131.1_39 (length 215)
plasmid_files/KU295131.1_results/PROKKA_06292018:KU295131.1_40 (length 68)
plasmid_files/KU295131.1_results/PROKKA_06292018:KU295131.1_41 (length 88)
plasmid_files/KU295131.1_results/PROKKA_06292018:KU295131.1_42 (length 477)
plasmid_files/KU295131.1_results/PROKKA_06292018:KU295131.1_43 (length 404)
plasmid_files/KU295131.1_results/PROKKA_06292018:KU295131.1_44 (length 254)
plasmid_files/KU295131.1_results/PROKKA_06292018:KU295131.1_45 (length 234)
plasmid_files/KU295131.1_results/PROKKA_06292018:KU295131.1_46 (length 916)
plasmid_files/KU295131.1_results/PROKKA_06292018:KU295131.1_47 (length 238)
plasmid_files/KU295131.1_results/PROKKA_06292018:KU295131.1_48 (length 94)
plasmid_files/KU295131.1_results/PROKKA_06292018:KU295131.1_49 (length 335)
plasmid_files/KU295131.1_results/PROKKA_06292018:KU295131.1_50 (length 46)
plasmid_files/KU295131.1_results/PROKKA_06292018:KU295131.1_51 (length 228)
plasmid_files/KU295131.1_results/PROKKA_06292018:KU295131.1_52 (length 297)
plasmid_files/KU295131.1_results/PROKKA_06292018:KU295131.1_53 (length 398)
plasmid_files/KU295131.1_results/PROKKA_06292018:KU295131.1_54 (length 349)
plasmid_files/KU295131.1_results/PROKKA_06292018:KU295131.1_55 (length 133)
plasmid_files/KU295131.1_results/PROKKA_06292018:KU295131.1_56 (length 105)
plasmid_files/KU295131.1_results/PROKKA_06292018:KU295131.1_57 (length 111)
plasmid_files/KU295131.1_results/PROKKA_06292018:KU295131.1_58 (length 102)
plasmid_files/KU295131.1_results/PROKKA_06292018:KU295131.1_59 (length 733)
plasmid_files/KU295131.1_results/PROKKA_06292018:KU295131.1_60 (length 130)
plasmid_files/KU295131.1_results/PROKKA_06292018:KU295131.1_61 (length 635)
plasmid_files/KU295131.1_results/PROKKA_06292018:KU295131.1_62 (length 248)
plasmid_files/KU295131.1_results/PROKKA_06292018:KU295131.1_63 (length 175)
plasmid_files/KU295131.1_results/PROKKA_06292018:KU295131.1_64 (length 143)
plasmid_files/KU295131.1_results/PROKKA_06292018:KU295131.1_65 (length 321)
plasmid_files/KU295131.1_results/PROKKA_06292018:KU295131.1_66 (length 89)
plasmid_files/KU295131.1_results/PROKKA_06292018:KU295131.1_67 (length 494)
plasmid_files/KU295131.1_results/PROKKA_06292018:KU295131.1_68 (length 79)
plasmid_files/KU295131.1_results/PROKKA_06292018:KU295131.1_69 (length 127)
plasmid_files/KU295131.1_results/PROKKA_06292018:KU295131.1_70 (length 93)
plasmid_files/KU295131.1_results/PROKKA_06292018:KU295131.1_71 (length 100)
plasmid_files/KU295131.1_results/PROKKA_06292018:KU295131.1_72 (length 34)
plasmid_files/KU295131.1_results/PROKKA_06292018:KU295131.1_73 (length 322)
plasmid_files/KU295131.1_results/PROKKA_06292018:KU295131.1_74 (length 244)
plasmid_files/KU295131.1_results/PROKKA_06292018:KU295131.1_75 (length 122)
plasmid_files/KU295131.1_results/PROKKA_06292018:KU295131.1_76 (length 41)
plasmid_files/KU295131.1_results/PROKKA_06292018:KU295131.1_77 (length 286)
plasmid_files/KU295131.1_results/PROKKA_06292018:KU295131.1_78 (length 401)
plasmid_files/KU295131.1_results/PROKKA_06292018:KU295131.1_79 (length 321)
plasmid_files/KU295131.1_results/PROKKA_06292018:KU295131.1_80 (length 332)
plasmid_files/KU295131.1_results/PROKKA_06292018:KU295131.1_81 (length 205)
plasmid_files/KU295131.1_results/PROKKA_06292018:KU295131.1_82 (length 479)
plasmid_files/KU295131.1_results/PROKKA_06292018:KU295131.1_83 (length 234)
plasmid_files/KU295131.1_results/PROKKA_06292018:KU295131.1_84 (length 93)
plasmid_files/KU295131.1_results/PROKKA_06292018:KU295131.1_85 (length 271)
plasmid_files/KU295131.1_results/PROKKA_06292018:KU295131.1_86 (length 154)
plasmid_files/KU295131.1_results/PROKKA_06292018:KU295131.1_87 (length 169)
plasmid_files/KU295131.1_results/PROKKA_06292018:KU295131.1_88 (length 51)
plasmid_files/KU295131.1_results/PROKKA_06292018:KU295131.1_89 (length 245)
plasmid_files/KU295131.1_results/PROKKA_06292018:KU295131.1_90 (length 125)
plasmid_files/KU295131.1_results/PROKKA_06292018:KU295131.1_91 (length 91)
plasmid_files/KU295131.1_results/PROKKA_06292018:KU295131.1_92 (length 72)
plasmid_files/KU295131.1_results/PROKKA_06292018:KU295131.1_93 (length 84)
plasmid_files/KU295131.1_results/PROKKA_06292018:KU295131.1_94 (length 84)
plasmid_files/KU295131.1_results/PROKKA_06292018:KU295131.1_95 (length 117)
plasmid_files/KU295131.1_results/PROKKA_06292018:KU295131.1_96 (length 120)
plasmid_files/KU295131.1_results/PROKKA_06292018:KU295131.1_97 (length 365)
plasmid_files/KU295131.1_results/PROKKA_06292018:KU295131.1_98 (length 286)
plasmid_files/KU295131.1_results/PROKKA_06292018:KU295131.1_99 (length 185)
plasmid_files/KU295131.1_results/PROKKA_06292018:KU295131.1_100 (length 302)
plasmid_files/KU295131.1_results/PROKKA_06292018:KU295131.1_101 (length 571)
plasmid_files/KU295131.1_results/PROKKA_06292018:KU295131.1_102 (length 1009)
plasmid_files/KU295131.1_results/PROKKA_06292018:KU295131.1_103 (length 341)
plasmid_files/KU295131.1_results/PROKKA_06292018:KU295131.1_104 (length 259)
plasmid_files/KU295131.1_results/PROKKA_06292018:KU295131.1_105 (length 112)
plasmid_files/KU295131.1_results/PROKKA_06292018:KU295131.1_106 (length 293)
plasmid_files/KU295131.1_results/PROKKA_06292018:KU295131.1_107 (length 439)
plasmid_files/KU295131.1_results/PROKKA_06292018:KU295131.1_108 (length 715)
plasmid_files/KU295131.1_results/PROKKA_06292018:KU295131.1_109 (length 218)
plasmid_files/KU295131.1_results/PROKKA_06292018:KU295131.1_110 (length 142)
plasmid_files/KU295131.1_results/PROKKA_06292018:KU295131.1_111 (length 121)
plasmid_files/KU295131.1_results/PROKKA_06292018:KU295131.1_112 (length 1078)
plasmid_files/KU295131.1_results/PROKKA_06292018:KU295131.1_113 (length 509)
plasmid_files/KU295131.1_results/PROKKA_06292018:KU295131.1_114 (length 138)
plasmid_files/KU295131.1_results/PROKKA_06292018:KU295131.1_115 (length 139)
plasmid_files/KU295131.1_results/PROKKA_06292018:KU295131.1_116 (length 238)
plasmid_files/KU295131.1_results/PROKKA_06292018:KU295131.1_117 (length 122)
plasmid_files/KU295131.1_results/PROKKA_06292018:KU295131.1_118 (length 114)
plasmid_files/KU295131.1_results/PROKKA_06292018:KU295131.1_119 (length 106)
plasmid_files/KU295131.1_results/PROKKA_06292018:KU295131.1_120 (length 59)
plasmid_files/KU295131.1_results/PROKKA_06292018:KU295131.1_121 (length 169)
plasmid_files/KU295131.1_results/PROKKA_06292018:KU295131.1_122 (length 188)
plasmid_files/KU295131.1_results/PROKKA_06292018:KU295131.1_123 (length 35)
plasmid_files/KU295131.1_results/PROKKA_06292018:KU295131.1_124 (length 110)
plasmid_files/KU295131.1_results/PROKKA_06292018:KU295131.1_125 (length 94)
plasmid_files/KU295131.1_results/PROKKA_06292018:KU295131.1_126 (length 119)
plasmid_files/KU295131.1_results/PROKKA_06292018:KU295131.1_127 (length 98)
plasmid_files/KU295131.1_results/PROKKA_06292018:KU295131.1_128 (length 181)
plasmid_files/KU295131.1_results/PROKKA_06292018:KU295131.1_129 (length 79)
plasmid_files/KU295131.1_results/PROKKA_06292018:KU295131.1_130 (length 111)
plasmid_files/KU295131.1_results/PROKKA_06292018:KU295131.1_131 (length 141)
plasmid_files/KU295131.1_results/PROKKA_06292018:KU295131.1_132 (length 146)
plasmid_files/KU295131.1_results/PROKKA_06292018:KU295131.1_133 (length 421)
plasmid_files/KU295131.1_results/PROKKA_06292018:KU295131.1_134 (length 263)
plasmid_files/KU295131.1_results/PROKKA_06292018:KU295131.1_135 (length 113)

DiscRep_ALL:DISC_INCONSISTENT_MOLINFO_TECH::Molinfo Technique Report (some missing, all same)
DiscRep_SUB:DISC_INCONSISTENT_MOLINFO_TECH::technique (all missing)
DiscRep_SUB:DISC_INCONSISTENT_MOLINFO_TECH::1 Molinfos are missing field technique
plasmid_files/KU295131.1_results/PROKKA_06292018:KU295131.1 (length 107760)

