Discrepancy Report Results

Summary
FATAL: MISSING_PROTEIN_ID:71 proteins have invalid IDs.
DISC_SOURCE_QUALS_ASNDISC:strain (all present, all unique)
DISC_SOURCE_QUALS_ASNDISC:taxname (all present, all unique)
DISC_FEATURE_COUNT:CDS: 71 present
DISC_COUNT_NUCLEOTIDES:1 nucleotide Bioseqs are present
FEATURE_LOCATION_CONFLICT:71 features have inconsistent gene locations.
DISC_QUALITY_SCORES:Quality scores are missing on all sequences.
ONCALLER_COMMENT_PRESENT:1 comment descriptors were found (all same)
SHORT_PROT_SEQUENCES:1 protein sequences are shorter than 50 aa.
MISSING_GENOMEASSEMBLY_COMMENTS:1 bioseqs are missing GenomeAssembly structured comments
MOLTYPE_NOT_MRNA:1 molecule types are not set as mRNA.
TECHNIQUE_NOT_TSA:1 technique are not set as TSA
MISSING_STRUCTURED_COMMENT:1 sequences do not include structured comments.
MISSING_PROJECT:72 sequences do not include project.
DISC_INCONSISTENT_MOLINFO_TECH:Molinfo Technique Report (some missing, all same)


Detailed Report

FATAL: DiscRep_ALL:MISSING_PROTEIN_ID::71 proteins have invalid IDs.
plasmid_files/CP025758.1_results/PROKKA_06292018:CP025758.1_1 (length 615)
plasmid_files/CP025758.1_results/PROKKA_06292018:CP025758.1_2 (length 189)
plasmid_files/CP025758.1_results/PROKKA_06292018:CP025758.1_3 (length 337)
plasmid_files/CP025758.1_results/PROKKA_06292018:CP025758.1_4 (length 157)
plasmid_files/CP025758.1_results/PROKKA_06292018:CP025758.1_5 (length 94)
plasmid_files/CP025758.1_results/PROKKA_06292018:CP025758.1_6 (length 254)
plasmid_files/CP025758.1_results/PROKKA_06292018:CP025758.1_7 (length 402)
plasmid_files/CP025758.1_results/PROKKA_06292018:CP025758.1_8 (length 477)
plasmid_files/CP025758.1_results/PROKKA_06292018:CP025758.1_9 (length 88)
plasmid_files/CP025758.1_results/PROKKA_06292018:CP025758.1_10 (length 68)
plasmid_files/CP025758.1_results/PROKKA_06292018:CP025758.1_11 (length 215)
plasmid_files/CP025758.1_results/PROKKA_06292018:CP025758.1_12 (length 103)
plasmid_files/CP025758.1_results/PROKKA_06292018:CP025758.1_13 (length 104)
plasmid_files/CP025758.1_results/PROKKA_06292018:CP025758.1_14 (length 114)
plasmid_files/CP025758.1_results/PROKKA_06292018:CP025758.1_15 (length 101)
plasmid_files/CP025758.1_results/PROKKA_06292018:CP025758.1_16 (length 244)
plasmid_files/CP025758.1_results/PROKKA_06292018:CP025758.1_17 (length 93)
plasmid_files/CP025758.1_results/PROKKA_06292018:CP025758.1_18 (length 97)
plasmid_files/CP025758.1_results/PROKKA_06292018:CP025758.1_19 (length 105)
plasmid_files/CP025758.1_results/PROKKA_06292018:CP025758.1_20 (length 866)
plasmid_files/CP025758.1_results/PROKKA_06292018:CP025758.1_21 (length 237)
plasmid_files/CP025758.1_results/PROKKA_06292018:CP025758.1_22 (length 75)
plasmid_files/CP025758.1_results/PROKKA_06292018:CP025758.1_23 (length 346)
plasmid_files/CP025758.1_results/PROKKA_06292018:CP025758.1_24 (length 232)
plasmid_files/CP025758.1_results/PROKKA_06292018:CP025758.1_25 (length 294)
plasmid_files/CP025758.1_results/PROKKA_06292018:CP025758.1_26 (length 366)
plasmid_files/CP025758.1_results/PROKKA_06292018:CP025758.1_27 (length 331)
plasmid_files/CP025758.1_results/PROKKA_06292018:CP025758.1_28 (length 177)
plasmid_files/CP025758.1_results/PROKKA_06292018:CP025758.1_29 (length 65)
plasmid_files/CP025758.1_results/PROKKA_06292018:CP025758.1_30 (length 218)
plasmid_files/CP025758.1_results/PROKKA_06292018:CP025758.1_31 (length 715)
plasmid_files/CP025758.1_results/PROKKA_06292018:CP025758.1_32 (length 439)
plasmid_files/CP025758.1_results/PROKKA_06292018:CP025758.1_33 (length 293)
plasmid_files/CP025758.1_results/PROKKA_06292018:CP025758.1_34 (length 259)
plasmid_files/CP025758.1_results/PROKKA_06292018:CP025758.1_35 (length 341)
plasmid_files/CP025758.1_results/PROKKA_06292018:CP025758.1_36 (length 1009)
plasmid_files/CP025758.1_results/PROKKA_06292018:CP025758.1_37 (length 571)
plasmid_files/CP025758.1_results/PROKKA_06292018:CP025758.1_38 (length 302)
plasmid_files/CP025758.1_results/PROKKA_06292018:CP025758.1_39 (length 185)
plasmid_files/CP025758.1_results/PROKKA_06292018:CP025758.1_40 (length 201)
plasmid_files/CP025758.1_results/PROKKA_06292018:CP025758.1_41 (length 258)
plasmid_files/CP025758.1_results/PROKKA_06292018:CP025758.1_42 (length 274)
plasmid_files/CP025758.1_results/PROKKA_06292018:CP025758.1_43 (length 83)
plasmid_files/CP025758.1_results/PROKKA_06292018:CP025758.1_44 (length 202)
plasmid_files/CP025758.1_results/PROKKA_06292018:CP025758.1_45 (length 234)
plasmid_files/CP025758.1_results/PROKKA_06292018:CP025758.1_46 (length 142)
plasmid_files/CP025758.1_results/PROKKA_06292018:CP025758.1_47 (length 121)
plasmid_files/CP025758.1_results/PROKKA_06292018:CP025758.1_48 (length 1078)
plasmid_files/CP025758.1_results/PROKKA_06292018:CP025758.1_49 (length 509)
plasmid_files/CP025758.1_results/PROKKA_06292018:CP025758.1_50 (length 138)
plasmid_files/CP025758.1_results/PROKKA_06292018:CP025758.1_51 (length 139)
plasmid_files/CP025758.1_results/PROKKA_06292018:CP025758.1_52 (length 238)
plasmid_files/CP025758.1_results/PROKKA_06292018:CP025758.1_53 (length 122)
plasmid_files/CP025758.1_results/PROKKA_06292018:CP025758.1_54 (length 114)
plasmid_files/CP025758.1_results/PROKKA_06292018:CP025758.1_55 (length 106)
plasmid_files/CP025758.1_results/PROKKA_06292018:CP025758.1_56 (length 59)
plasmid_files/CP025758.1_results/PROKKA_06292018:CP025758.1_57 (length 169)
plasmid_files/CP025758.1_results/PROKKA_06292018:CP025758.1_58 (length 35)
plasmid_files/CP025758.1_results/PROKKA_06292018:CP025758.1_59 (length 110)
plasmid_files/CP025758.1_results/PROKKA_06292018:CP025758.1_60 (length 94)
plasmid_files/CP025758.1_results/PROKKA_06292018:CP025758.1_61 (length 119)
plasmid_files/CP025758.1_results/PROKKA_06292018:CP025758.1_62 (length 98)
plasmid_files/CP025758.1_results/PROKKA_06292018:CP025758.1_63 (length 158)
plasmid_files/CP025758.1_results/PROKKA_06292018:CP025758.1_64 (length 51)
plasmid_files/CP025758.1_results/PROKKA_06292018:CP025758.1_65 (length 79)
plasmid_files/CP025758.1_results/PROKKA_06292018:CP025758.1_66 (length 134)
plasmid_files/CP025758.1_results/PROKKA_06292018:CP025758.1_67 (length 141)
plasmid_files/CP025758.1_results/PROKKA_06292018:CP025758.1_68 (length 146)
plasmid_files/CP025758.1_results/PROKKA_06292018:CP025758.1_69 (length 421)
plasmid_files/CP025758.1_results/PROKKA_06292018:CP025758.1_70 (length 263)
plasmid_files/CP025758.1_results/PROKKA_06292018:CP025758.1_71 (length 113)

DiscRep_ALL:DISC_SOURCE_QUALS_ASNDISC::strain (all present, all unique)
DiscRep_SUB:DISC_SOURCE_QUALS_ASNDISC::1 sources have unique values for strain
DiscRep_ALL:DISC_SOURCE_QUALS_ASNDISC::taxname (all present, all unique)
DiscRep_SUB:DISC_SOURCE_QUALS_ASNDISC::1 sources have unique values for taxname
DiscRep_ALL:DISC_FEATURE_COUNT::CDS: 71 present
DiscRep_ALL:DISC_COUNT_NUCLEOTIDES::1 nucleotide Bioseqs are present
plasmid_files/CP025758.1_results/PROKKA_06292018:CP025758.1 (length 62588)

DiscRep_ALL:FEATURE_LOCATION_CONFLICT::71 features have inconsistent gene locations.
DiscRep_SUB:FEATURE_LOCATION_CONFLICT::Coding region xref gene does not exist
plasmid_files/CP025758.1_results/PROKKA_06292018:CDS	hypothetical protein	CP025758.1:c1956-109	NALCMCAH_00001

DiscRep_SUB:FEATURE_LOCATION_CONFLICT::Coding region xref gene does not exist
plasmid_files/CP025758.1_results/PROKKA_06292018:CDS	DNA-invertase hin	CP025758.1:c2702-2133	NALCMCAH_00002

DiscRep_SUB:FEATURE_LOCATION_CONFLICT::Coding region xref gene does not exist
plasmid_files/CP025758.1_results/PROKKA_06292018:CDS	Tyrosine recombinase XerD	CP025758.1:c4108-3095	NALCMCAH_00003

DiscRep_SUB:FEATURE_LOCATION_CONFLICT::Coding region xref gene does not exist
plasmid_files/CP025758.1_results/PROKKA_06292018:CDS	Dihydrofolate reductase type 1	CP025758.1:4264-4737	NALCMCAH_00004

DiscRep_SUB:FEATURE_LOCATION_CONFLICT::Coding region xref gene does not exist
plasmid_files/CP025758.1_results/PROKKA_06292018:CDS	hypothetical protein	CP025758.1:c5188-4904	NALCMCAH_00005

DiscRep_SUB:FEATURE_LOCATION_CONFLICT::Coding region xref gene does not exist
plasmid_files/CP025758.1_results/PROKKA_06292018:CDS	hypothetical protein	CP025758.1:5367-6131	NALCMCAH_00006

DiscRep_SUB:FEATURE_LOCATION_CONFLICT::Coding region xref gene does not exist
plasmid_files/CP025758.1_results/PROKKA_06292018:CDS	Type-2 restriction enzyme EcoRII	CP025758.1:6398-7606	NALCMCAH_00007

DiscRep_SUB:FEATURE_LOCATION_CONFLICT::Coding region xref gene does not exist
plasmid_files/CP025758.1_results/PROKKA_06292018:CDS	DNA-cytosine methyltransferase	CP025758.1:c9073-7640	NALCMCAH_00008

DiscRep_SUB:FEATURE_LOCATION_CONFLICT::Coding region xref gene does not exist
plasmid_files/CP025758.1_results/PROKKA_06292018:CDS	hypothetical protein	CP025758.1:9178-9444	NALCMCAH_00009

DiscRep_SUB:FEATURE_LOCATION_CONFLICT::Coding region xref gene does not exist
plasmid_files/CP025758.1_results/PROKKA_06292018:CDS	hypothetical protein	CP025758.1:c9661-9455	NALCMCAH_00010

DiscRep_SUB:FEATURE_LOCATION_CONFLICT::Coding region xref gene does not exist
plasmid_files/CP025758.1_results/PROKKA_06292018:CDS	hypothetical protein	CP025758.1:c10313-9666	NALCMCAH_00011

DiscRep_SUB:FEATURE_LOCATION_CONFLICT::Coding region xref gene does not exist
plasmid_files/CP025758.1_results/PROKKA_06292018:CDS	hypothetical protein	CP025758.1:c10674-10363	NALCMCAH_00012

DiscRep_SUB:FEATURE_LOCATION_CONFLICT::Coding region xref gene does not exist
plasmid_files/CP025758.1_results/PROKKA_06292018:CDS	hypothetical protein	CP025758.1:c11024-10710	NALCMCAH_00013

DiscRep_SUB:FEATURE_LOCATION_CONFLICT::Coding region xref gene does not exist
plasmid_files/CP025758.1_results/PROKKA_06292018:CDS	hypothetical protein	CP025758.1:c11365-11021	NALCMCAH_00014

DiscRep_SUB:FEATURE_LOCATION_CONFLICT::Coding region xref gene does not exist
plasmid_files/CP025758.1_results/PROKKA_06292018:CDS	Trans-acting regulatory protein HvrA	CP025758.1:c11686-11381	NALCMCAH_00015

DiscRep_SUB:FEATURE_LOCATION_CONFLICT::Coding region xref gene does not exist
plasmid_files/CP025758.1_results/PROKKA_06292018:CDS	Type IV secretion system protein virB1	CP025758.1:11795-12529	NALCMCAH_00016

DiscRep_SUB:FEATURE_LOCATION_CONFLICT::Coding region xref gene does not exist
plasmid_files/CP025758.1_results/PROKKA_06292018:CDS	hypothetical protein	CP025758.1:12538-12819	NALCMCAH_00017

DiscRep_SUB:FEATURE_LOCATION_CONFLICT::Coding region xref gene does not exist
plasmid_files/CP025758.1_results/PROKKA_06292018:CDS	hypothetical protein	CP025758.1:12829-13122	NALCMCAH_00018

DiscRep_SUB:FEATURE_LOCATION_CONFLICT::Coding region xref gene does not exist
plasmid_files/CP025758.1_results/PROKKA_06292018:CDS	hypothetical protein	CP025758.1:13172-13489	NALCMCAH_00019

DiscRep_SUB:FEATURE_LOCATION_CONFLICT::Coding region xref gene does not exist
plasmid_files/CP025758.1_results/PROKKA_06292018:CDS	Type IV secretion system protein virB4	CP025758.1:13489-16089	NALCMCAH_00020

DiscRep_SUB:FEATURE_LOCATION_CONFLICT::Coding region xref gene does not exist
plasmid_files/CP025758.1_results/PROKKA_06292018:CDS	Type IV secretion system protein virB5	CP025758.1:16107-16820	NALCMCAH_00021

DiscRep_SUB:FEATURE_LOCATION_CONFLICT::Coding region xref gene does not exist
plasmid_files/CP025758.1_results/PROKKA_06292018:CDS	hypothetical protein	CP025758.1:16828-17055	NALCMCAH_00022

DiscRep_SUB:FEATURE_LOCATION_CONFLICT::Coding region xref gene does not exist
plasmid_files/CP025758.1_results/PROKKA_06292018:CDS	Type IV secretion system protein VirB6	CP025758.1:17071-18111	NALCMCAH_00023

DiscRep_SUB:FEATURE_LOCATION_CONFLICT::Coding region xref gene does not exist
plasmid_files/CP025758.1_results/PROKKA_06292018:CDS	Type IV secretion system protein virB8	CP025758.1:18330-19028	NALCMCAH_00024

DiscRep_SUB:FEATURE_LOCATION_CONFLICT::Coding region xref gene does not exist
plasmid_files/CP025758.1_results/PROKKA_06292018:CDS	Type IV secretion system protein virB9	CP025758.1:19039-19923	NALCMCAH_00025

DiscRep_SUB:FEATURE_LOCATION_CONFLICT::Coding region xref gene does not exist
plasmid_files/CP025758.1_results/PROKKA_06292018:CDS	Protein virB10	CP025758.1:19923-21023	NALCMCAH_00026

DiscRep_SUB:FEATURE_LOCATION_CONFLICT::Coding region xref gene does not exist
plasmid_files/CP025758.1_results/PROKKA_06292018:CDS	Type IV secretion system protein VirB11	CP025758.1:21124-22119	NALCMCAH_00027

DiscRep_SUB:FEATURE_LOCATION_CONFLICT::Coding region xref gene does not exist
plasmid_files/CP025758.1_results/PROKKA_06292018:CDS	Phospholipase D	CP025758.1:22119-22652	NALCMCAH_00028

DiscRep_SUB:FEATURE_LOCATION_CONFLICT::Coding region xref gene does not exist
plasmid_files/CP025758.1_results/PROKKA_06292018:CDS	hypothetical protein	CP025758.1:23380-23577	NALCMCAH_00029

DiscRep_SUB:FEATURE_LOCATION_CONFLICT::Coding region xref gene does not exist
plasmid_files/CP025758.1_results/PROKKA_06292018:CDS	hypothetical protein	CP025758.1:23624-24280	NALCMCAH_00030

DiscRep_SUB:FEATURE_LOCATION_CONFLICT::Coding region xref gene does not exist
plasmid_files/CP025758.1_results/PROKKA_06292018:CDS	hypothetical protein	CP025758.1:c26351-24204	NALCMCAH_00031

DiscRep_SUB:FEATURE_LOCATION_CONFLICT::Coding region xref gene does not exist
plasmid_files/CP025758.1_results/PROKKA_06292018:CDS	hypothetical protein	CP025758.1:26670-27989	NALCMCAH_00032

DiscRep_SUB:FEATURE_LOCATION_CONFLICT::Coding region xref gene does not exist
plasmid_files/CP025758.1_results/PROKKA_06292018:CDS	Carbapenem-hydrolyzing beta-lactamase KPC	CP025758.1:c29120-28239	NALCMCAH_00033

DiscRep_SUB:FEATURE_LOCATION_CONFLICT::Coding region xref gene does not exist
plasmid_files/CP025758.1_results/PROKKA_06292018:CDS	Insertion sequence IS5376 putative ATP-binding protein	CP025758.1:c30286-29507	NALCMCAH_00034

DiscRep_SUB:FEATURE_LOCATION_CONFLICT::Coding region xref gene does not exist
plasmid_files/CP025758.1_results/PROKKA_06292018:CDS	hypothetical protein	CP025758.1:c31308-30283	NALCMCAH_00035

DiscRep_SUB:FEATURE_LOCATION_CONFLICT::Coding region xref gene does not exist
plasmid_files/CP025758.1_results/PROKKA_06292018:CDS	hypothetical protein	CP025758.1:c34444-31415	NALCMCAH_00036

DiscRep_SUB:FEATURE_LOCATION_CONFLICT::Coding region xref gene does not exist
plasmid_files/CP025758.1_results/PROKKA_06292018:CDS	Tyrosine recombinase XerD	CP025758.1:34554-36269	NALCMCAH_00037

DiscRep_SUB:FEATURE_LOCATION_CONFLICT::Coding region xref gene does not exist
plasmid_files/CP025758.1_results/PROKKA_06292018:CDS	hypothetical protein	CP025758.1:c37220-36312	NALCMCAH_00038

DiscRep_SUB:FEATURE_LOCATION_CONFLICT::Coding region xref gene does not exist
plasmid_files/CP025758.1_results/PROKKA_06292018:CDS	Transposon Tn3 resolvase	CP025758.1:37384-37941	NALCMCAH_00039

DiscRep_SUB:FEATURE_LOCATION_CONFLICT::Coding region xref gene does not exist
plasmid_files/CP025758.1_results/PROKKA_06292018:CDS	Aminoglycoside N(6')-acetyltransferase type 1	CP025758.1:38124-38729	NALCMCAH_00040

DiscRep_SUB:FEATURE_LOCATION_CONFLICT::Coding region xref gene does not exist
plasmid_files/CP025758.1_results/PROKKA_06292018:CDS	Streptomycin 3''-adenylyltransferase	CP025758.1:38811-39587	NALCMCAH_00041

DiscRep_SUB:FEATURE_LOCATION_CONFLICT::Coding region xref gene does not exist
plasmid_files/CP025758.1_results/PROKKA_06292018:CDS	Beta-lactamase OXA-18	CP025758.1:39647-40471	NALCMCAH_00042

DiscRep_SUB:FEATURE_LOCATION_CONFLICT::Coding region xref gene does not exist
plasmid_files/CP025758.1_results/PROKKA_06292018:CDS	Transposon Tn3 resolvase	CP025758.1:40737-40988	NALCMCAH_00043

DiscRep_SUB:FEATURE_LOCATION_CONFLICT::Coding region xref gene does not exist
plasmid_files/CP025758.1_results/PROKKA_06292018:CDS	Beta-lactamase TEM	CP025758.1:41171-41779	NALCMCAH_00044

DiscRep_SUB:FEATURE_LOCATION_CONFLICT::Coding region xref gene does not exist
plasmid_files/CP025758.1_results/PROKKA_06292018:CDS	hypothetical protein	CP025758.1:c42674-41970	NALCMCAH_00045

DiscRep_SUB:FEATURE_LOCATION_CONFLICT::Coding region xref gene does not exist
plasmid_files/CP025758.1_results/PROKKA_06292018:CDS	hypothetical protein	CP025758.1:42809-43237	NALCMCAH_00046

DiscRep_SUB:FEATURE_LOCATION_CONFLICT::Coding region xref gene does not exist
plasmid_files/CP025758.1_results/PROKKA_06292018:CDS	hypothetical protein	CP025758.1:c43612-43247	NALCMCAH_00047

DiscRep_SUB:FEATURE_LOCATION_CONFLICT::Coding region xref gene does not exist
plasmid_files/CP025758.1_results/PROKKA_06292018:CDS	Multifunctional conjugation protein TraI	CP025758.1:c46848-43612	NALCMCAH_00048

DiscRep_SUB:FEATURE_LOCATION_CONFLICT::Coding region xref gene does not exist
plasmid_files/CP025758.1_results/PROKKA_06292018:CDS	Coupling protein TraD	CP025758.1:c48377-46848	NALCMCAH_00049

DiscRep_SUB:FEATURE_LOCATION_CONFLICT::Coding region xref gene does not exist
plasmid_files/CP025758.1_results/PROKKA_06292018:CDS	hypothetical protein	CP025758.1:c48795-48379	NALCMCAH_00050

DiscRep_SUB:FEATURE_LOCATION_CONFLICT::Coding region xref gene does not exist
plasmid_files/CP025758.1_results/PROKKA_06292018:CDS	hypothetical protein	CP025758.1:49286-49705	NALCMCAH_00051

DiscRep_SUB:FEATURE_LOCATION_CONFLICT::Coding region xref gene does not exist
plasmid_files/CP025758.1_results/PROKKA_06292018:CDS	hypothetical protein	CP025758.1:49714-50430	NALCMCAH_00052

DiscRep_SUB:FEATURE_LOCATION_CONFLICT::Coding region xref gene does not exist
plasmid_files/CP025758.1_results/PROKKA_06292018:CDS	hypothetical protein	CP025758.1:50432-50800	NALCMCAH_00053

DiscRep_SUB:FEATURE_LOCATION_CONFLICT::Coding region xref gene does not exist
plasmid_files/CP025758.1_results/PROKKA_06292018:CDS	hypothetical protein	CP025758.1:50982-51326	NALCMCAH_00054

DiscRep_SUB:FEATURE_LOCATION_CONFLICT::Coding region xref gene does not exist
plasmid_files/CP025758.1_results/PROKKA_06292018:CDS	hypothetical protein	CP025758.1:c51757-51437	NALCMCAH_00055

DiscRep_SUB:FEATURE_LOCATION_CONFLICT::Coding region xref gene does not exist
plasmid_files/CP025758.1_results/PROKKA_06292018:CDS	hypothetical protein	CP025758.1:c51991-51812	NALCMCAH_00056

DiscRep_SUB:FEATURE_LOCATION_CONFLICT::Coding region xref gene does not exist
plasmid_files/CP025758.1_results/PROKKA_06292018:CDS	hypothetical protein	CP025758.1:c53227-52718	NALCMCAH_00057

DiscRep_SUB:FEATURE_LOCATION_CONFLICT::Coding region xref gene does not exist
plasmid_files/CP025758.1_results/PROKKA_06292018:CDS	hypothetical protein	CP025758.1:c54102-53995	NALCMCAH_00058

DiscRep_SUB:FEATURE_LOCATION_CONFLICT::Coding region xref gene does not exist
plasmid_files/CP025758.1_results/PROKKA_06292018:CDS	hypothetical protein	CP025758.1:c54912-54580	NALCMCAH_00059

DiscRep_SUB:FEATURE_LOCATION_CONFLICT::Coding region xref gene does not exist
plasmid_files/CP025758.1_results/PROKKA_06292018:CDS	hypothetical protein	CP025758.1:c55405-55121	NALCMCAH_00060

DiscRep_SUB:FEATURE_LOCATION_CONFLICT::Coding region xref gene does not exist
plasmid_files/CP025758.1_results/PROKKA_06292018:CDS	hypothetical protein	CP025758.1:c55833-55474	NALCMCAH_00061

DiscRep_SUB:FEATURE_LOCATION_CONFLICT::Coding region xref gene does not exist
plasmid_files/CP025758.1_results/PROKKA_06292018:CDS	hypothetical protein	CP025758.1:c56126-55830	NALCMCAH_00062

DiscRep_SUB:FEATURE_LOCATION_CONFLICT::Coding region xref gene does not exist
plasmid_files/CP025758.1_results/PROKKA_06292018:CDS	hypothetical protein	CP025758.1:c56715-56239	NALCMCAH_00063

DiscRep_SUB:FEATURE_LOCATION_CONFLICT::Coding region xref gene does not exist
plasmid_files/CP025758.1_results/PROKKA_06292018:CDS	hypothetical protein	CP025758.1:c56870-56715	NALCMCAH_00064

DiscRep_SUB:FEATURE_LOCATION_CONFLICT::Coding region xref gene does not exist
plasmid_files/CP025758.1_results/PROKKA_06292018:CDS	hypothetical protein	CP025758.1:c57182-56943	NALCMCAH_00065

DiscRep_SUB:FEATURE_LOCATION_CONFLICT::Coding region xref gene does not exist
plasmid_files/CP025758.1_results/PROKKA_06292018:CDS	hypothetical protein	CP025758.1:c57596-57192	NALCMCAH_00066

DiscRep_SUB:FEATURE_LOCATION_CONFLICT::Coding region xref gene does not exist
plasmid_files/CP025758.1_results/PROKKA_06292018:CDS	Antirestriction protein KlcA	CP025758.1:c58079-57654	NALCMCAH_00067

DiscRep_SUB:FEATURE_LOCATION_CONFLICT::Coding region xref gene does not exist
plasmid_files/CP025758.1_results/PROKKA_06292018:CDS	Protein UmuD	CP025758.1:58494-58934	NALCMCAH_00068

DiscRep_SUB:FEATURE_LOCATION_CONFLICT::Coding region xref gene does not exist
plasmid_files/CP025758.1_results/PROKKA_06292018:CDS	Protein UmuC	CP025758.1:58922-60187	NALCMCAH_00069

DiscRep_SUB:FEATURE_LOCATION_CONFLICT::Coding region xref gene does not exist
plasmid_files/CP025758.1_results/PROKKA_06292018:CDS	hypothetical protein	CP025758.1:60338-61129	NALCMCAH_00070

DiscRep_SUB:FEATURE_LOCATION_CONFLICT::Coding region xref gene does not exist
plasmid_files/CP025758.1_results/PROKKA_06292018:CDS	hypothetical protein	CP025758.1:c61485-61144	NALCMCAH_00071

DiscRep_ALL:DISC_QUALITY_SCORES::Quality scores are missing on all sequences.

DiscRep_ALL:ONCALLER_COMMENT_PRESENT::1 comment descriptors were found (all same)
plasmid_files/CP025758.1_results/PROKKA_06292018:CP025758.1:Annotated using prokka 1.14-dev from https://github.com/tseemann/prokka

DiscRep_ALL:SHORT_PROT_SEQUENCES::1 protein sequences are shorter than 50 aa.
plasmid_files/CP025758.1_results/PROKKA_06292018:CP025758.1_58 (length 35)

DiscRep_ALL:MISSING_GENOMEASSEMBLY_COMMENTS::1 bioseqs are missing GenomeAssembly structured comments
plasmid_files/CP025758.1_results/PROKKA_06292018:CP025758.1 (length 62588)

DiscRep_ALL:MOLTYPE_NOT_MRNA::1 molecule types are not set as mRNA.
plasmid_files/CP025758.1_results/PROKKA_06292018:CP025758.1 (length 62588)

DiscRep_ALL:TECHNIQUE_NOT_TSA::1 technique are not set as TSA
plasmid_files/CP025758.1_results/PROKKA_06292018:CP025758.1 (length 62588)

DiscRep_ALL:MISSING_STRUCTURED_COMMENT::1 sequences do not include structured comments.
plasmid_files/CP025758.1_results/PROKKA_06292018:CP025758.1 (length 62588)

DiscRep_ALL:MISSING_PROJECT::72 sequences do not include project.
plasmid_files/CP025758.1_results/PROKKA_06292018:CP025758.1 (length 62588)
plasmid_files/CP025758.1_results/PROKKA_06292018:CP025758.1_1 (length 615)
plasmid_files/CP025758.1_results/PROKKA_06292018:CP025758.1_2 (length 189)
plasmid_files/CP025758.1_results/PROKKA_06292018:CP025758.1_3 (length 337)
plasmid_files/CP025758.1_results/PROKKA_06292018:CP025758.1_4 (length 157)
plasmid_files/CP025758.1_results/PROKKA_06292018:CP025758.1_5 (length 94)
plasmid_files/CP025758.1_results/PROKKA_06292018:CP025758.1_6 (length 254)
plasmid_files/CP025758.1_results/PROKKA_06292018:CP025758.1_7 (length 402)
plasmid_files/CP025758.1_results/PROKKA_06292018:CP025758.1_8 (length 477)
plasmid_files/CP025758.1_results/PROKKA_06292018:CP025758.1_9 (length 88)
plasmid_files/CP025758.1_results/PROKKA_06292018:CP025758.1_10 (length 68)
plasmid_files/CP025758.1_results/PROKKA_06292018:CP025758.1_11 (length 215)
plasmid_files/CP025758.1_results/PROKKA_06292018:CP025758.1_12 (length 103)
plasmid_files/CP025758.1_results/PROKKA_06292018:CP025758.1_13 (length 104)
plasmid_files/CP025758.1_results/PROKKA_06292018:CP025758.1_14 (length 114)
plasmid_files/CP025758.1_results/PROKKA_06292018:CP025758.1_15 (length 101)
plasmid_files/CP025758.1_results/PROKKA_06292018:CP025758.1_16 (length 244)
plasmid_files/CP025758.1_results/PROKKA_06292018:CP025758.1_17 (length 93)
plasmid_files/CP025758.1_results/PROKKA_06292018:CP025758.1_18 (length 97)
plasmid_files/CP025758.1_results/PROKKA_06292018:CP025758.1_19 (length 105)
plasmid_files/CP025758.1_results/PROKKA_06292018:CP025758.1_20 (length 866)
plasmid_files/CP025758.1_results/PROKKA_06292018:CP025758.1_21 (length 237)
plasmid_files/CP025758.1_results/PROKKA_06292018:CP025758.1_22 (length 75)
plasmid_files/CP025758.1_results/PROKKA_06292018:CP025758.1_23 (length 346)
plasmid_files/CP025758.1_results/PROKKA_06292018:CP025758.1_24 (length 232)
plasmid_files/CP025758.1_results/PROKKA_06292018:CP025758.1_25 (length 294)
plasmid_files/CP025758.1_results/PROKKA_06292018:CP025758.1_26 (length 366)
plasmid_files/CP025758.1_results/PROKKA_06292018:CP025758.1_27 (length 331)
plasmid_files/CP025758.1_results/PROKKA_06292018:CP025758.1_28 (length 177)
plasmid_files/CP025758.1_results/PROKKA_06292018:CP025758.1_29 (length 65)
plasmid_files/CP025758.1_results/PROKKA_06292018:CP025758.1_30 (length 218)
plasmid_files/CP025758.1_results/PROKKA_06292018:CP025758.1_31 (length 715)
plasmid_files/CP025758.1_results/PROKKA_06292018:CP025758.1_32 (length 439)
plasmid_files/CP025758.1_results/PROKKA_06292018:CP025758.1_33 (length 293)
plasmid_files/CP025758.1_results/PROKKA_06292018:CP025758.1_34 (length 259)
plasmid_files/CP025758.1_results/PROKKA_06292018:CP025758.1_35 (length 341)
plasmid_files/CP025758.1_results/PROKKA_06292018:CP025758.1_36 (length 1009)
plasmid_files/CP025758.1_results/PROKKA_06292018:CP025758.1_37 (length 571)
plasmid_files/CP025758.1_results/PROKKA_06292018:CP025758.1_38 (length 302)
plasmid_files/CP025758.1_results/PROKKA_06292018:CP025758.1_39 (length 185)
plasmid_files/CP025758.1_results/PROKKA_06292018:CP025758.1_40 (length 201)
plasmid_files/CP025758.1_results/PROKKA_06292018:CP025758.1_41 (length 258)
plasmid_files/CP025758.1_results/PROKKA_06292018:CP025758.1_42 (length 274)
plasmid_files/CP025758.1_results/PROKKA_06292018:CP025758.1_43 (length 83)
plasmid_files/CP025758.1_results/PROKKA_06292018:CP025758.1_44 (length 202)
plasmid_files/CP025758.1_results/PROKKA_06292018:CP025758.1_45 (length 234)
plasmid_files/CP025758.1_results/PROKKA_06292018:CP025758.1_46 (length 142)
plasmid_files/CP025758.1_results/PROKKA_06292018:CP025758.1_47 (length 121)
plasmid_files/CP025758.1_results/PROKKA_06292018:CP025758.1_48 (length 1078)
plasmid_files/CP025758.1_results/PROKKA_06292018:CP025758.1_49 (length 509)
plasmid_files/CP025758.1_results/PROKKA_06292018:CP025758.1_50 (length 138)
plasmid_files/CP025758.1_results/PROKKA_06292018:CP025758.1_51 (length 139)
plasmid_files/CP025758.1_results/PROKKA_06292018:CP025758.1_52 (length 238)
plasmid_files/CP025758.1_results/PROKKA_06292018:CP025758.1_53 (length 122)
plasmid_files/CP025758.1_results/PROKKA_06292018:CP025758.1_54 (length 114)
plasmid_files/CP025758.1_results/PROKKA_06292018:CP025758.1_55 (length 106)
plasmid_files/CP025758.1_results/PROKKA_06292018:CP025758.1_56 (length 59)
plasmid_files/CP025758.1_results/PROKKA_06292018:CP025758.1_57 (length 169)
plasmid_files/CP025758.1_results/PROKKA_06292018:CP025758.1_58 (length 35)
plasmid_files/CP025758.1_results/PROKKA_06292018:CP025758.1_59 (length 110)
plasmid_files/CP025758.1_results/PROKKA_06292018:CP025758.1_60 (length 94)
plasmid_files/CP025758.1_results/PROKKA_06292018:CP025758.1_61 (length 119)
plasmid_files/CP025758.1_results/PROKKA_06292018:CP025758.1_62 (length 98)
plasmid_files/CP025758.1_results/PROKKA_06292018:CP025758.1_63 (length 158)
plasmid_files/CP025758.1_results/PROKKA_06292018:CP025758.1_64 (length 51)
plasmid_files/CP025758.1_results/PROKKA_06292018:CP025758.1_65 (length 79)
plasmid_files/CP025758.1_results/PROKKA_06292018:CP025758.1_66 (length 134)
plasmid_files/CP025758.1_results/PROKKA_06292018:CP025758.1_67 (length 141)
plasmid_files/CP025758.1_results/PROKKA_06292018:CP025758.1_68 (length 146)
plasmid_files/CP025758.1_results/PROKKA_06292018:CP025758.1_69 (length 421)
plasmid_files/CP025758.1_results/PROKKA_06292018:CP025758.1_70 (length 263)
plasmid_files/CP025758.1_results/PROKKA_06292018:CP025758.1_71 (length 113)

DiscRep_ALL:DISC_INCONSISTENT_MOLINFO_TECH::Molinfo Technique Report (some missing, all same)
DiscRep_SUB:DISC_INCONSISTENT_MOLINFO_TECH::technique (all missing)
DiscRep_SUB:DISC_INCONSISTENT_MOLINFO_TECH::1 Molinfos are missing field technique
plasmid_files/CP025758.1_results/PROKKA_06292018:CP025758.1 (length 62588)

