Discrepancy Report Results

Summary
FATAL: MISSING_PROTEIN_ID:43 proteins have invalid IDs.
DISC_SOURCE_QUALS_ASNDISC:strain (all present, all unique)
DISC_SOURCE_QUALS_ASNDISC:taxname (all present, all unique)
DISC_FEATURE_COUNT:CDS: 43 present
DISC_COUNT_NUCLEOTIDES:1 nucleotide Bioseqs are present
FEATURE_LOCATION_CONFLICT:43 features have inconsistent gene locations.
SUSPECT_PRODUCT_NAMES:1 product_names contain suspect phrase or characters
	May contain database identifier more appropriate in note; remove from product name
		1 features Three or more numbers together
DISC_QUALITY_SCORES:Quality scores are missing on all sequences.
ONCALLER_COMMENT_PRESENT:1 comment descriptors were found (all same)
SHORT_PROT_SEQUENCES:1 protein sequences are shorter than 50 aa.
MISSING_GENOMEASSEMBLY_COMMENTS:1 bioseqs are missing GenomeAssembly structured comments
MOLTYPE_NOT_MRNA:1 molecule types are not set as mRNA.
TECHNIQUE_NOT_TSA:1 technique are not set as TSA
MISSING_STRUCTURED_COMMENT:1 sequences do not include structured comments.
MISSING_PROJECT:44 sequences do not include project.
DISC_INCONSISTENT_MOLINFO_TECH:Molinfo Technique Report (some missing, all same)


Detailed Report

FATAL: DiscRep_ALL:MISSING_PROTEIN_ID::43 proteins have invalid IDs.
plasmid_files/KY296104.1_results/PROKKA_06292018:KY296104.1_1 (length 138)
plasmid_files/KY296104.1_results/PROKKA_06292018:KY296104.1_2 (length 76)
plasmid_files/KY296104.1_results/PROKKA_06292018:KY296104.1_3 (length 116)
plasmid_files/KY296104.1_results/PROKKA_06292018:KY296104.1_4 (length 247)
plasmid_files/KY296104.1_results/PROKKA_06292018:KY296104.1_5 (length 258)
plasmid_files/KY296104.1_results/PROKKA_06292018:KY296104.1_6 (length 85)
plasmid_files/KY296104.1_results/PROKKA_06292018:KY296104.1_7 (length 288)
plasmid_files/KY296104.1_results/PROKKA_06292018:KY296104.1_8 (length 89)
plasmid_files/KY296104.1_results/PROKKA_06292018:KY296104.1_9 (length 401)
plasmid_files/KY296104.1_results/PROKKA_06292018:KY296104.1_10 (length 324)
plasmid_files/KY296104.1_results/PROKKA_06292018:KY296104.1_11 (length 423)
plasmid_files/KY296104.1_results/PROKKA_06292018:KY296104.1_12 (length 143)
plasmid_files/KY296104.1_results/PROKKA_06292018:KY296104.1_13 (length 121)
plasmid_files/KY296104.1_results/PROKKA_06292018:KY296104.1_14 (length 336)
plasmid_files/KY296104.1_results/PROKKA_06292018:KY296104.1_15 (length 91)
plasmid_files/KY296104.1_results/PROKKA_06292018:KY296104.1_16 (length 125)
plasmid_files/KY296104.1_results/PROKKA_06292018:KY296104.1_17 (length 346)
plasmid_files/KY296104.1_results/PROKKA_06292018:KY296104.1_18 (length 307)
plasmid_files/KY296104.1_results/PROKKA_06292018:KY296104.1_19 (length 29)
plasmid_files/KY296104.1_results/PROKKA_06292018:KY296104.1_20 (length 128)
plasmid_files/KY296104.1_results/PROKKA_06292018:KY296104.1_21 (length 114)
plasmid_files/KY296104.1_results/PROKKA_06292018:KY296104.1_22 (length 488)
plasmid_files/KY296104.1_results/PROKKA_06292018:KY296104.1_23 (length 294)
plasmid_files/KY296104.1_results/PROKKA_06292018:KY296104.1_24 (length 399)
plasmid_files/KY296104.1_results/PROKKA_06292018:KY296104.1_25 (length 225)
plasmid_files/KY296104.1_results/PROKKA_06292018:KY296104.1_26 (length 80)
plasmid_files/KY296104.1_results/PROKKA_06292018:KY296104.1_27 (length 266)
plasmid_files/KY296104.1_results/PROKKA_06292018:KY296104.1_28 (length 700)
plasmid_files/KY296104.1_results/PROKKA_06292018:KY296104.1_29 (length 186)
plasmid_files/KY296104.1_results/PROKKA_06292018:KY296104.1_30 (length 186)
plasmid_files/KY296104.1_results/PROKKA_06292018:KY296104.1_31 (length 92)
plasmid_files/KY296104.1_results/PROKKA_06292018:KY296104.1_32 (length 141)
plasmid_files/KY296104.1_results/PROKKA_06292018:KY296104.1_33 (length 51)
plasmid_files/KY296104.1_results/PROKKA_06292018:KY296104.1_34 (length 98)
plasmid_files/KY296104.1_results/PROKKA_06292018:KY296104.1_35 (length 326)
plasmid_files/KY296104.1_results/PROKKA_06292018:KY296104.1_36 (length 293)
plasmid_files/KY296104.1_results/PROKKA_06292018:KY296104.1_37 (length 326)
plasmid_files/KY296104.1_results/PROKKA_06292018:KY296104.1_38 (length 185)
plasmid_files/KY296104.1_results/PROKKA_06292018:KY296104.1_39 (length 1002)
plasmid_files/KY296104.1_results/PROKKA_06292018:KY296104.1_40 (length 181)
plasmid_files/KY296104.1_results/PROKKA_06292018:KY296104.1_41 (length 190)
plasmid_files/KY296104.1_results/PROKKA_06292018:KY296104.1_42 (length 463)
plasmid_files/KY296104.1_results/PROKKA_06292018:KY296104.1_43 (length 93)

DiscRep_ALL:DISC_SOURCE_QUALS_ASNDISC::strain (all present, all unique)
DiscRep_SUB:DISC_SOURCE_QUALS_ASNDISC::1 sources have unique values for strain
DiscRep_ALL:DISC_SOURCE_QUALS_ASNDISC::taxname (all present, all unique)
DiscRep_SUB:DISC_SOURCE_QUALS_ASNDISC::1 sources have unique values for taxname
DiscRep_ALL:DISC_FEATURE_COUNT::CDS: 43 present
DiscRep_ALL:DISC_COUNT_NUCLEOTIDES::1 nucleotide Bioseqs are present
plasmid_files/KY296104.1_results/PROKKA_06292018:KY296104.1 (length 39367)

DiscRep_ALL:FEATURE_LOCATION_CONFLICT::43 features have inconsistent gene locations.
DiscRep_SUB:FEATURE_LOCATION_CONFLICT::Coding region xref gene does not exist
plasmid_files/KY296104.1_results/PROKKA_06292018:CDS	tRNA(fMet)-specific endonuclease VapC	KY296104.1:c417-1	BEFIELEE_00001

DiscRep_SUB:FEATURE_LOCATION_CONFLICT::Coding region xref gene does not exist
plasmid_files/KY296104.1_results/PROKKA_06292018:CDS	Antitoxin VapB	KY296104.1:c644-414	BEFIELEE_00002

DiscRep_SUB:FEATURE_LOCATION_CONFLICT::Coding region xref gene does not exist
plasmid_files/KY296104.1_results/PROKKA_06292018:CDS	hypothetical protein	KY296104.1:1218-1568	BEFIELEE_00003

DiscRep_SUB:FEATURE_LOCATION_CONFLICT::Coding region xref gene does not exist
plasmid_files/KY296104.1_results/PROKKA_06292018:CDS	hypothetical protein	KY296104.1:1619-2362	BEFIELEE_00004

DiscRep_SUB:FEATURE_LOCATION_CONFLICT::Coding region xref gene does not exist
plasmid_files/KY296104.1_results/PROKKA_06292018:CDS	Tyrosine recombinase XerD	KY296104.1:2359-3135	BEFIELEE_00005

DiscRep_SUB:FEATURE_LOCATION_CONFLICT::Coding region xref gene does not exist
plasmid_files/KY296104.1_results/PROKKA_06292018:CDS	hypothetical protein	KY296104.1:c3450-3193	BEFIELEE_00006

DiscRep_SUB:FEATURE_LOCATION_CONFLICT::Coding region xref gene does not exist
plasmid_files/KY296104.1_results/PROKKA_06292018:CDS	Replication initiation protein	KY296104.1:4213-5079	BEFIELEE_00007

DiscRep_SUB:FEATURE_LOCATION_CONFLICT::Coding region xref gene does not exist
plasmid_files/KY296104.1_results/PROKKA_06292018:CDS	hypothetical protein	KY296104.1:c5525-5256	BEFIELEE_00008

DiscRep_SUB:FEATURE_LOCATION_CONFLICT::Coding region xref gene does not exist
plasmid_files/KY296104.1_results/PROKKA_06292018:CDS	Plasmid partition protein A	KY296104.1:5940-7145	BEFIELEE_00009

DiscRep_SUB:FEATURE_LOCATION_CONFLICT::Coding region xref gene does not exist
plasmid_files/KY296104.1_results/PROKKA_06292018:CDS	Virulence regulon transcriptional activator VirB	KY296104.1:7145-8119	BEFIELEE_00010

DiscRep_SUB:FEATURE_LOCATION_CONFLICT::Coding region xref gene does not exist
plasmid_files/KY296104.1_results/PROKKA_06292018:CDS	Protein UmuC	KY296104.1:c9472-8201	BEFIELEE_00011

DiscRep_SUB:FEATURE_LOCATION_CONFLICT::Coding region xref gene does not exist
plasmid_files/KY296104.1_results/PROKKA_06292018:CDS	Protein UmuD	KY296104.1:c9903-9472	BEFIELEE_00012

DiscRep_SUB:FEATURE_LOCATION_CONFLICT::Coding region xref gene does not exist
plasmid_files/KY296104.1_results/PROKKA_06292018:CDS	hypothetical protein	KY296104.1:10309-10674	BEFIELEE_00013

DiscRep_SUB:FEATURE_LOCATION_CONFLICT::Coding region xref gene does not exist
plasmid_files/KY296104.1_results/PROKKA_06292018:CDS	Group II intron-encoded protein LtrA	KY296104.1:10786-11796	BEFIELEE_00014

DiscRep_SUB:FEATURE_LOCATION_CONFLICT::Coding region xref gene does not exist
plasmid_files/KY296104.1_results/PROKKA_06292018:CDS	hypothetical protein	KY296104.1:11948-12223	BEFIELEE_00015

DiscRep_SUB:FEATURE_LOCATION_CONFLICT::Coding region xref gene does not exist
plasmid_files/KY296104.1_results/PROKKA_06292018:CDS	hypothetical protein	KY296104.1:12268-12645	BEFIELEE_00016

DiscRep_SUB:FEATURE_LOCATION_CONFLICT::Coding region xref gene does not exist
plasmid_files/KY296104.1_results/PROKKA_06292018:CDS	hypothetical protein	KY296104.1:c13936-12896	BEFIELEE_00017

DiscRep_SUB:FEATURE_LOCATION_CONFLICT::Coding region xref gene does not exist
plasmid_files/KY296104.1_results/PROKKA_06292018:CDS	hypothetical protein	KY296104.1:14504-15427	BEFIELEE_00018

DiscRep_SUB:FEATURE_LOCATION_CONFLICT::Coding region xref gene does not exist
plasmid_files/KY296104.1_results/PROKKA_06292018:CDS	hypothetical protein	KY296104.1:c15558-15469	BEFIELEE_00019

DiscRep_SUB:FEATURE_LOCATION_CONFLICT::Coding region xref gene does not exist
plasmid_files/KY296104.1_results/PROKKA_06292018:CDS	hypothetical protein	KY296104.1:c15953-15567	BEFIELEE_00020

DiscRep_SUB:FEATURE_LOCATION_CONFLICT::Coding region xref gene does not exist
plasmid_files/KY296104.1_results/PROKKA_06292018:CDS	hypothetical protein	KY296104.1:c17144-16800	BEFIELEE_00021

DiscRep_SUB:FEATURE_LOCATION_CONFLICT::Coding region xref gene does not exist
plasmid_files/KY296104.1_results/PROKKA_06292018:CDS	hypothetical protein	KY296104.1:c18595-17129	BEFIELEE_00022

DiscRep_SUB:FEATURE_LOCATION_CONFLICT::Coding region xref gene does not exist
plasmid_files/KY296104.1_results/PROKKA_06292018:CDS	putative inner membrane transporter YedA	KY296104.1:19084-19968	BEFIELEE_00023

DiscRep_SUB:FEATURE_LOCATION_CONFLICT::Coding region xref gene does not exist
plasmid_files/KY296104.1_results/PROKKA_06292018:CDS	Tetracycline resistance protein, class C	KY296104.1:c21199-20000	BEFIELEE_00024

DiscRep_SUB:FEATURE_LOCATION_CONFLICT::Coding region xref gene does not exist
plasmid_files/KY296104.1_results/PROKKA_06292018:CDS	Tetracycline repressor protein class A from transposon 1721	KY296104.1:21278-21955	BEFIELEE_00025

DiscRep_SUB:FEATURE_LOCATION_CONFLICT::Coding region xref gene does not exist
plasmid_files/KY296104.1_results/PROKKA_06292018:CDS	hypothetical protein	KY296104.1:c22229-21987	BEFIELEE_00026

DiscRep_SUB:FEATURE_LOCATION_CONFLICT::Coding region xref gene does not exist
plasmid_files/KY296104.1_results/PROKKA_06292018:CDS	hypothetical protein	KY296104.1:c23087-22287	BEFIELEE_00027

DiscRep_SUB:FEATURE_LOCATION_CONFLICT::Coding region xref gene does not exist
plasmid_files/KY296104.1_results/PROKKA_06292018:CDS	hypothetical protein	KY296104.1:c25251-23149	BEFIELEE_00028

DiscRep_SUB:FEATURE_LOCATION_CONFLICT::Coding region xref gene does not exist
plasmid_files/KY296104.1_results/PROKKA_06292018:CDS	DNA-invertase hin	KY296104.1:c25815-25255	BEFIELEE_00029

DiscRep_SUB:FEATURE_LOCATION_CONFLICT::Coding region xref gene does not exist
plasmid_files/KY296104.1_results/PROKKA_06292018:CDS	hypothetical protein	KY296104.1:26264-26824	BEFIELEE_00030

DiscRep_SUB:FEATURE_LOCATION_CONFLICT::Coding region xref gene does not exist
plasmid_files/KY296104.1_results/PROKKA_06292018:CDS	hypothetical protein	KY296104.1:27358-27636	BEFIELEE_00031

DiscRep_SUB:FEATURE_LOCATION_CONFLICT::Coding region xref gene does not exist
plasmid_files/KY296104.1_results/PROKKA_06292018:CDS	Antirestriction protein KlcA	KY296104.1:27747-28172	BEFIELEE_00032

DiscRep_SUB:FEATURE_LOCATION_CONFLICT::Coding region xref gene does not exist
plasmid_files/KY296104.1_results/PROKKA_06292018:CDS	hypothetical protein	KY296104.1:28300-28455	BEFIELEE_00033

DiscRep_SUB:FEATURE_LOCATION_CONFLICT::Coding region xref gene does not exist
plasmid_files/KY296104.1_results/PROKKA_06292018:CDS	hypothetical protein	KY296104.1:28501-28797	BEFIELEE_00034

DiscRep_SUB:FEATURE_LOCATION_CONFLICT::Coding region xref gene does not exist
plasmid_files/KY296104.1_results/PROKKA_06292018:CDS	hypothetical protein	KY296104.1:28802-29782	BEFIELEE_00035

DiscRep_SUB:FEATURE_LOCATION_CONFLICT::Coding region xref gene does not exist
plasmid_files/KY296104.1_results/PROKKA_06292018:CDS	Carbapenem-hydrolyzing beta-lactamase KPC	KY296104.1:c30913-30032	BEFIELEE_00036

DiscRep_SUB:FEATURE_LOCATION_CONFLICT::Coding region xref gene does not exist
plasmid_files/KY296104.1_results/PROKKA_06292018:CDS	hypothetical protein	KY296104.1:c32169-31189	BEFIELEE_00037

DiscRep_SUB:FEATURE_LOCATION_CONFLICT::Coding region xref gene does not exist
plasmid_files/KY296104.1_results/PROKKA_06292018:CDS	Transposon Tn3 resolvase	KY296104.1:c32849-32292	BEFIELEE_00038

DiscRep_SUB:FEATURE_LOCATION_CONFLICT::Coding region xref gene does not exist
plasmid_files/KY296104.1_results/PROKKA_06292018:CDS	hypothetical protein	KY296104.1:33012-36020	BEFIELEE_00039

DiscRep_SUB:FEATURE_LOCATION_CONFLICT::Coding region xref gene does not exist
plasmid_files/KY296104.1_results/PROKKA_06292018:CDS	hypothetical protein	KY296104.1:36199-36744	BEFIELEE_00040

DiscRep_SUB:FEATURE_LOCATION_CONFLICT::Coding region xref gene does not exist
plasmid_files/KY296104.1_results/PROKKA_06292018:CDS	DNA-invertase hin	KY296104.1:36881-37453	BEFIELEE_00041

DiscRep_SUB:FEATURE_LOCATION_CONFLICT::Coding region xref gene does not exist
plasmid_files/KY296104.1_results/PROKKA_06292018:CDS	hypothetical protein	KY296104.1:37490-38881	BEFIELEE_00042

DiscRep_SUB:FEATURE_LOCATION_CONFLICT::Coding region xref gene does not exist
plasmid_files/KY296104.1_results/PROKKA_06292018:CDS	hypothetical protein	KY296104.1:c39164-38883	BEFIELEE_00043

DiscRep_ALL:SUSPECT_PRODUCT_NAMES::1 product_names contain suspect phrase or characters
DiscRep_SUB:SUSPECT_PRODUCT_NAMES::May contain database identifier more appropriate in note; remove from product name
DiscRep_SUB:SUSPECT_PRODUCT_NAMES::1 features Three or more numbers together
plasmid_files/KY296104.1_results/PROKKA_06292018:CDS	Tetracycline repressor protein class A from transposon 1721	KY296104.1:21278-21955	BEFIELEE_00025

DiscRep_ALL:DISC_QUALITY_SCORES::Quality scores are missing on all sequences.

DiscRep_ALL:ONCALLER_COMMENT_PRESENT::1 comment descriptors were found (all same)
plasmid_files/KY296104.1_results/PROKKA_06292018:KY296104.1:Annotated using prokka 1.14-dev from https://github.com/tseemann/prokka

DiscRep_ALL:SHORT_PROT_SEQUENCES::1 protein sequences are shorter than 50 aa.
plasmid_files/KY296104.1_results/PROKKA_06292018:KY296104.1_19 (length 29)

DiscRep_ALL:MISSING_GENOMEASSEMBLY_COMMENTS::1 bioseqs are missing GenomeAssembly structured comments
plasmid_files/KY296104.1_results/PROKKA_06292018:KY296104.1 (length 39367)

DiscRep_ALL:MOLTYPE_NOT_MRNA::1 molecule types are not set as mRNA.
plasmid_files/KY296104.1_results/PROKKA_06292018:KY296104.1 (length 39367)

DiscRep_ALL:TECHNIQUE_NOT_TSA::1 technique are not set as TSA
plasmid_files/KY296104.1_results/PROKKA_06292018:KY296104.1 (length 39367)

DiscRep_ALL:MISSING_STRUCTURED_COMMENT::1 sequences do not include structured comments.
plasmid_files/KY296104.1_results/PROKKA_06292018:KY296104.1 (length 39367)

DiscRep_ALL:MISSING_PROJECT::44 sequences do not include project.
plasmid_files/KY296104.1_results/PROKKA_06292018:KY296104.1 (length 39367)
plasmid_files/KY296104.1_results/PROKKA_06292018:KY296104.1_1 (length 138)
plasmid_files/KY296104.1_results/PROKKA_06292018:KY296104.1_2 (length 76)
plasmid_files/KY296104.1_results/PROKKA_06292018:KY296104.1_3 (length 116)
plasmid_files/KY296104.1_results/PROKKA_06292018:KY296104.1_4 (length 247)
plasmid_files/KY296104.1_results/PROKKA_06292018:KY296104.1_5 (length 258)
plasmid_files/KY296104.1_results/PROKKA_06292018:KY296104.1_6 (length 85)
plasmid_files/KY296104.1_results/PROKKA_06292018:KY296104.1_7 (length 288)
plasmid_files/KY296104.1_results/PROKKA_06292018:KY296104.1_8 (length 89)
plasmid_files/KY296104.1_results/PROKKA_06292018:KY296104.1_9 (length 401)
plasmid_files/KY296104.1_results/PROKKA_06292018:KY296104.1_10 (length 324)
plasmid_files/KY296104.1_results/PROKKA_06292018:KY296104.1_11 (length 423)
plasmid_files/KY296104.1_results/PROKKA_06292018:KY296104.1_12 (length 143)
plasmid_files/KY296104.1_results/PROKKA_06292018:KY296104.1_13 (length 121)
plasmid_files/KY296104.1_results/PROKKA_06292018:KY296104.1_14 (length 336)
plasmid_files/KY296104.1_results/PROKKA_06292018:KY296104.1_15 (length 91)
plasmid_files/KY296104.1_results/PROKKA_06292018:KY296104.1_16 (length 125)
plasmid_files/KY296104.1_results/PROKKA_06292018:KY296104.1_17 (length 346)
plasmid_files/KY296104.1_results/PROKKA_06292018:KY296104.1_18 (length 307)
plasmid_files/KY296104.1_results/PROKKA_06292018:KY296104.1_19 (length 29)
plasmid_files/KY296104.1_results/PROKKA_06292018:KY296104.1_20 (length 128)
plasmid_files/KY296104.1_results/PROKKA_06292018:KY296104.1_21 (length 114)
plasmid_files/KY296104.1_results/PROKKA_06292018:KY296104.1_22 (length 488)
plasmid_files/KY296104.1_results/PROKKA_06292018:KY296104.1_23 (length 294)
plasmid_files/KY296104.1_results/PROKKA_06292018:KY296104.1_24 (length 399)
plasmid_files/KY296104.1_results/PROKKA_06292018:KY296104.1_25 (length 225)
plasmid_files/KY296104.1_results/PROKKA_06292018:KY296104.1_26 (length 80)
plasmid_files/KY296104.1_results/PROKKA_06292018:KY296104.1_27 (length 266)
plasmid_files/KY296104.1_results/PROKKA_06292018:KY296104.1_28 (length 700)
plasmid_files/KY296104.1_results/PROKKA_06292018:KY296104.1_29 (length 186)
plasmid_files/KY296104.1_results/PROKKA_06292018:KY296104.1_30 (length 186)
plasmid_files/KY296104.1_results/PROKKA_06292018:KY296104.1_31 (length 92)
plasmid_files/KY296104.1_results/PROKKA_06292018:KY296104.1_32 (length 141)
plasmid_files/KY296104.1_results/PROKKA_06292018:KY296104.1_33 (length 51)
plasmid_files/KY296104.1_results/PROKKA_06292018:KY296104.1_34 (length 98)
plasmid_files/KY296104.1_results/PROKKA_06292018:KY296104.1_35 (length 326)
plasmid_files/KY296104.1_results/PROKKA_06292018:KY296104.1_36 (length 293)
plasmid_files/KY296104.1_results/PROKKA_06292018:KY296104.1_37 (length 326)
plasmid_files/KY296104.1_results/PROKKA_06292018:KY296104.1_38 (length 185)
plasmid_files/KY296104.1_results/PROKKA_06292018:KY296104.1_39 (length 1002)
plasmid_files/KY296104.1_results/PROKKA_06292018:KY296104.1_40 (length 181)
plasmid_files/KY296104.1_results/PROKKA_06292018:KY296104.1_41 (length 190)
plasmid_files/KY296104.1_results/PROKKA_06292018:KY296104.1_42 (length 463)
plasmid_files/KY296104.1_results/PROKKA_06292018:KY296104.1_43 (length 93)

DiscRep_ALL:DISC_INCONSISTENT_MOLINFO_TECH::Molinfo Technique Report (some missing, all same)
DiscRep_SUB:DISC_INCONSISTENT_MOLINFO_TECH::technique (all missing)
DiscRep_SUB:DISC_INCONSISTENT_MOLINFO_TECH::1 Molinfos are missing field technique
plasmid_files/KY296104.1_results/PROKKA_06292018:KY296104.1 (length 39367)

