Discrepancy Report Results

Summary
FATAL: MISSING_PROTEIN_ID:81 proteins have invalid IDs.
DISC_SOURCE_QUALS_ASNDISC:strain (all present, all unique)
DISC_SOURCE_QUALS_ASNDISC:taxname (all present, all unique)
DISC_FEATURE_COUNT:CDS: 81 present
DISC_COUNT_NUCLEOTIDES:1 nucleotide Bioseqs are present
FEATURE_LOCATION_CONFLICT:81 features have inconsistent gene locations.
DISC_QUALITY_SCORES:Quality scores are missing on all sequences.
ONCALLER_COMMENT_PRESENT:1 comment descriptors were found (all same)
SHORT_PROT_SEQUENCES:3 protein sequences are shorter than 50 aa.
MISSING_GENOMEASSEMBLY_COMMENTS:1 bioseqs are missing GenomeAssembly structured comments
MOLTYPE_NOT_MRNA:1 molecule types are not set as mRNA.
TECHNIQUE_NOT_TSA:1 technique are not set as TSA
MISSING_STRUCTURED_COMMENT:1 sequences do not include structured comments.
MISSING_PROJECT:82 sequences do not include project.
DISC_INCONSISTENT_MOLINFO_TECH:Molinfo Technique Report (some missing, all same)


Detailed Report

FATAL: DiscRep_ALL:MISSING_PROTEIN_ID::81 proteins have invalid IDs.
plasmid_files/KC958437.1_results/PROKKA_06292018:KC958437.1_1 (length 239)
plasmid_files/KC958437.1_results/PROKKA_06292018:KC958437.1_2 (length 431)
plasmid_files/KC958437.1_results/PROKKA_06292018:KC958437.1_3 (length 189)
plasmid_files/KC958437.1_results/PROKKA_06292018:KC958437.1_4 (length 234)
plasmid_files/KC958437.1_results/PROKKA_06292018:KC958437.1_5 (length 133)
plasmid_files/KC958437.1_results/PROKKA_06292018:KC958437.1_6 (length 326)
plasmid_files/KC958437.1_results/PROKKA_06292018:KC958437.1_7 (length 293)
plasmid_files/KC958437.1_results/PROKKA_06292018:KC958437.1_8 (length 234)
plasmid_files/KC958437.1_results/PROKKA_06292018:KC958437.1_9 (length 238)
plasmid_files/KC958437.1_results/PROKKA_06292018:KC958437.1_10 (length 157)
plasmid_files/KC958437.1_results/PROKKA_06292018:KC958437.1_11 (length 94)
plasmid_files/KC958437.1_results/PROKKA_06292018:KC958437.1_12 (length 254)
plasmid_files/KC958437.1_results/PROKKA_06292018:KC958437.1_13 (length 402)
plasmid_files/KC958437.1_results/PROKKA_06292018:KC958437.1_14 (length 477)
plasmid_files/KC958437.1_results/PROKKA_06292018:KC958437.1_15 (length 88)
plasmid_files/KC958437.1_results/PROKKA_06292018:KC958437.1_16 (length 68)
plasmid_files/KC958437.1_results/PROKKA_06292018:KC958437.1_17 (length 215)
plasmid_files/KC958437.1_results/PROKKA_06292018:KC958437.1_18 (length 103)
plasmid_files/KC958437.1_results/PROKKA_06292018:KC958437.1_19 (length 104)
plasmid_files/KC958437.1_results/PROKKA_06292018:KC958437.1_20 (length 114)
plasmid_files/KC958437.1_results/PROKKA_06292018:KC958437.1_21 (length 101)
plasmid_files/KC958437.1_results/PROKKA_06292018:KC958437.1_22 (length 244)
plasmid_files/KC958437.1_results/PROKKA_06292018:KC958437.1_23 (length 93)
plasmid_files/KC958437.1_results/PROKKA_06292018:KC958437.1_24 (length 97)
plasmid_files/KC958437.1_results/PROKKA_06292018:KC958437.1_25 (length 105)
plasmid_files/KC958437.1_results/PROKKA_06292018:KC958437.1_26 (length 866)
plasmid_files/KC958437.1_results/PROKKA_06292018:KC958437.1_27 (length 237)
plasmid_files/KC958437.1_results/PROKKA_06292018:KC958437.1_28 (length 75)
plasmid_files/KC958437.1_results/PROKKA_06292018:KC958437.1_29 (length 346)
plasmid_files/KC958437.1_results/PROKKA_06292018:KC958437.1_30 (length 232)
plasmid_files/KC958437.1_results/PROKKA_06292018:KC958437.1_31 (length 294)
plasmid_files/KC958437.1_results/PROKKA_06292018:KC958437.1_32 (length 386)
plasmid_files/KC958437.1_results/PROKKA_06292018:KC958437.1_33 (length 331)
plasmid_files/KC958437.1_results/PROKKA_06292018:KC958437.1_34 (length 177)
plasmid_files/KC958437.1_results/PROKKA_06292018:KC958437.1_35 (length 125)
plasmid_files/KC958437.1_results/PROKKA_06292018:KC958437.1_36 (length 91)
plasmid_files/KC958437.1_results/PROKKA_06292018:KC958437.1_37 (length 29)
plasmid_files/KC958437.1_results/PROKKA_06292018:KC958437.1_38 (length 463)
plasmid_files/KC958437.1_results/PROKKA_06292018:KC958437.1_39 (length 190)
plasmid_files/KC958437.1_results/PROKKA_06292018:KC958437.1_40 (length 181)
plasmid_files/KC958437.1_results/PROKKA_06292018:KC958437.1_41 (length 85)
plasmid_files/KC958437.1_results/PROKKA_06292018:KC958437.1_42 (length 204)
plasmid_files/KC958437.1_results/PROKKA_06292018:KC958437.1_43 (length 218)
plasmid_files/KC958437.1_results/PROKKA_06292018:KC958437.1_44 (length 63)
plasmid_files/KC958437.1_results/PROKKA_06292018:KC958437.1_45 (length 55)
plasmid_files/KC958437.1_results/PROKKA_06292018:KC958437.1_46 (length 234)
plasmid_files/KC958437.1_results/PROKKA_06292018:KC958437.1_47 (length 337)
plasmid_files/KC958437.1_results/PROKKA_06292018:KC958437.1_48 (length 199)
plasmid_files/KC958437.1_results/PROKKA_06292018:KC958437.1_49 (length 150)
plasmid_files/KC958437.1_results/PROKKA_06292018:KC958437.1_50 (length 1001)
plasmid_files/KC958437.1_results/PROKKA_06292018:KC958437.1_51 (length 185)
plasmid_files/KC958437.1_results/PROKKA_06292018:KC958437.1_52 (length 286)
plasmid_files/KC958437.1_results/PROKKA_06292018:KC958437.1_53 (length 158)
plasmid_files/KC958437.1_results/PROKKA_06292018:KC958437.1_54 (length 291)
plasmid_files/KC958437.1_results/PROKKA_06292018:KC958437.1_55 (length 40)
plasmid_files/KC958437.1_results/PROKKA_06292018:KC958437.1_56 (length 420)
plasmid_files/KC958437.1_results/PROKKA_06292018:KC958437.1_57 (length 121)
plasmid_files/KC958437.1_results/PROKKA_06292018:KC958437.1_58 (length 1078)
plasmid_files/KC958437.1_results/PROKKA_06292018:KC958437.1_59 (length 509)
plasmid_files/KC958437.1_results/PROKKA_06292018:KC958437.1_60 (length 138)
plasmid_files/KC958437.1_results/PROKKA_06292018:KC958437.1_61 (length 139)
plasmid_files/KC958437.1_results/PROKKA_06292018:KC958437.1_62 (length 238)
plasmid_files/KC958437.1_results/PROKKA_06292018:KC958437.1_63 (length 122)
plasmid_files/KC958437.1_results/PROKKA_06292018:KC958437.1_64 (length 114)
plasmid_files/KC958437.1_results/PROKKA_06292018:KC958437.1_65 (length 106)
plasmid_files/KC958437.1_results/PROKKA_06292018:KC958437.1_66 (length 59)
plasmid_files/KC958437.1_results/PROKKA_06292018:KC958437.1_67 (length 169)
plasmid_files/KC958437.1_results/PROKKA_06292018:KC958437.1_68 (length 35)
plasmid_files/KC958437.1_results/PROKKA_06292018:KC958437.1_69 (length 110)
plasmid_files/KC958437.1_results/PROKKA_06292018:KC958437.1_70 (length 94)
plasmid_files/KC958437.1_results/PROKKA_06292018:KC958437.1_71 (length 119)
plasmid_files/KC958437.1_results/PROKKA_06292018:KC958437.1_72 (length 98)
plasmid_files/KC958437.1_results/PROKKA_06292018:KC958437.1_73 (length 181)
plasmid_files/KC958437.1_results/PROKKA_06292018:KC958437.1_74 (length 51)
plasmid_files/KC958437.1_results/PROKKA_06292018:KC958437.1_75 (length 79)
plasmid_files/KC958437.1_results/PROKKA_06292018:KC958437.1_76 (length 134)
plasmid_files/KC958437.1_results/PROKKA_06292018:KC958437.1_77 (length 141)
plasmid_files/KC958437.1_results/PROKKA_06292018:KC958437.1_78 (length 146)
plasmid_files/KC958437.1_results/PROKKA_06292018:KC958437.1_79 (length 421)
plasmid_files/KC958437.1_results/PROKKA_06292018:KC958437.1_80 (length 263)
plasmid_files/KC958437.1_results/PROKKA_06292018:KC958437.1_81 (length 113)

DiscRep_ALL:DISC_SOURCE_QUALS_ASNDISC::strain (all present, all unique)
DiscRep_SUB:DISC_SOURCE_QUALS_ASNDISC::1 sources have unique values for strain
DiscRep_ALL:DISC_SOURCE_QUALS_ASNDISC::taxname (all present, all unique)
DiscRep_SUB:DISC_SOURCE_QUALS_ASNDISC::1 sources have unique values for taxname
DiscRep_ALL:DISC_FEATURE_COUNT::CDS: 81 present
DiscRep_ALL:DISC_COUNT_NUCLEOTIDES::1 nucleotide Bioseqs are present
plasmid_files/KC958437.1_results/PROKKA_06292018:KC958437.1 (length 65549)

DiscRep_ALL:FEATURE_LOCATION_CONFLICT::81 features have inconsistent gene locations.
DiscRep_SUB:FEATURE_LOCATION_CONFLICT::Coding region xref gene does not exist
plasmid_files/KC958437.1_results/PROKKA_06292018:CDS	Replication initiation protein	KC958437.1:1-720	DBEFFEIA_00001

DiscRep_SUB:FEATURE_LOCATION_CONFLICT::Coding region xref gene does not exist
plasmid_files/KC958437.1_results/PROKKA_06292018:CDS	hypothetical protein	KC958437.1:c1826-531	DBEFFEIA_00002

DiscRep_SUB:FEATURE_LOCATION_CONFLICT::Coding region xref gene does not exist
plasmid_files/KC958437.1_results/PROKKA_06292018:CDS	DNA-invertase hin	KC958437.1:c2763-2194	DBEFFEIA_00003

DiscRep_SUB:FEATURE_LOCATION_CONFLICT::Coding region xref gene does not exist
plasmid_files/KC958437.1_results/PROKKA_06292018:CDS	hypothetical protein	KC958437.1:2845-3549	DBEFFEIA_00004

DiscRep_SUB:FEATURE_LOCATION_CONFLICT::Coding region xref gene does not exist
plasmid_files/KC958437.1_results/PROKKA_06292018:CDS	Transposon Tn3 resolvase	KC958437.1:3661-4062	DBEFFEIA_00005

DiscRep_SUB:FEATURE_LOCATION_CONFLICT::Coding region xref gene does not exist
plasmid_files/KC958437.1_results/PROKKA_06292018:CDS	hypothetical protein	KC958437.1:4185-5165	DBEFFEIA_00006

DiscRep_SUB:FEATURE_LOCATION_CONFLICT::Coding region xref gene does not exist
plasmid_files/KC958437.1_results/PROKKA_06292018:CDS	Carbapenem-hydrolyzing beta-lactamase KPC	KC958437.1:5441-6322	DBEFFEIA_00007

DiscRep_SUB:FEATURE_LOCATION_CONFLICT::Coding region xref gene does not exist
plasmid_files/KC958437.1_results/PROKKA_06292018:CDS	hypothetical protein	KC958437.1:c7552-6848	DBEFFEIA_00008

DiscRep_SUB:FEATURE_LOCATION_CONFLICT::Coding region xref gene does not exist
plasmid_files/KC958437.1_results/PROKKA_06292018:CDS	Tyrosine recombinase XerD	KC958437.1:c8315-7599	DBEFFEIA_00009

DiscRep_SUB:FEATURE_LOCATION_CONFLICT::Coding region xref gene does not exist
plasmid_files/KC958437.1_results/PROKKA_06292018:CDS	Dihydrofolate reductase type 1	KC958437.1:8471-8944	DBEFFEIA_00010

DiscRep_SUB:FEATURE_LOCATION_CONFLICT::Coding region xref gene does not exist
plasmid_files/KC958437.1_results/PROKKA_06292018:CDS	hypothetical protein	KC958437.1:c9395-9111	DBEFFEIA_00011

DiscRep_SUB:FEATURE_LOCATION_CONFLICT::Coding region xref gene does not exist
plasmid_files/KC958437.1_results/PROKKA_06292018:CDS	hypothetical protein	KC958437.1:9574-10338	DBEFFEIA_00012

DiscRep_SUB:FEATURE_LOCATION_CONFLICT::Coding region xref gene does not exist
plasmid_files/KC958437.1_results/PROKKA_06292018:CDS	Type-2 restriction enzyme EcoRII	KC958437.1:10605-11813	DBEFFEIA_00013

DiscRep_SUB:FEATURE_LOCATION_CONFLICT::Coding region xref gene does not exist
plasmid_files/KC958437.1_results/PROKKA_06292018:CDS	DNA-cytosine methyltransferase	KC958437.1:c13280-11847	DBEFFEIA_00014

DiscRep_SUB:FEATURE_LOCATION_CONFLICT::Coding region xref gene does not exist
plasmid_files/KC958437.1_results/PROKKA_06292018:CDS	hypothetical protein	KC958437.1:13385-13651	DBEFFEIA_00015

DiscRep_SUB:FEATURE_LOCATION_CONFLICT::Coding region xref gene does not exist
plasmid_files/KC958437.1_results/PROKKA_06292018:CDS	hypothetical protein	KC958437.1:c13868-13662	DBEFFEIA_00016

DiscRep_SUB:FEATURE_LOCATION_CONFLICT::Coding region xref gene does not exist
plasmid_files/KC958437.1_results/PROKKA_06292018:CDS	hypothetical protein	KC958437.1:c14520-13873	DBEFFEIA_00017

DiscRep_SUB:FEATURE_LOCATION_CONFLICT::Coding region xref gene does not exist
plasmid_files/KC958437.1_results/PROKKA_06292018:CDS	hypothetical protein	KC958437.1:c14881-14570	DBEFFEIA_00018

DiscRep_SUB:FEATURE_LOCATION_CONFLICT::Coding region xref gene does not exist
plasmid_files/KC958437.1_results/PROKKA_06292018:CDS	hypothetical protein	KC958437.1:c15231-14917	DBEFFEIA_00019

DiscRep_SUB:FEATURE_LOCATION_CONFLICT::Coding region xref gene does not exist
plasmid_files/KC958437.1_results/PROKKA_06292018:CDS	hypothetical protein	KC958437.1:c15572-15228	DBEFFEIA_00020

DiscRep_SUB:FEATURE_LOCATION_CONFLICT::Coding region xref gene does not exist
plasmid_files/KC958437.1_results/PROKKA_06292018:CDS	Trans-acting regulatory protein HvrA	KC958437.1:c15893-15588	DBEFFEIA_00021

DiscRep_SUB:FEATURE_LOCATION_CONFLICT::Coding region xref gene does not exist
plasmid_files/KC958437.1_results/PROKKA_06292018:CDS	Type IV secretion system protein virB1	KC958437.1:16002-16736	DBEFFEIA_00022

DiscRep_SUB:FEATURE_LOCATION_CONFLICT::Coding region xref gene does not exist
plasmid_files/KC958437.1_results/PROKKA_06292018:CDS	hypothetical protein	KC958437.1:16745-17026	DBEFFEIA_00023

DiscRep_SUB:FEATURE_LOCATION_CONFLICT::Coding region xref gene does not exist
plasmid_files/KC958437.1_results/PROKKA_06292018:CDS	hypothetical protein	KC958437.1:17036-17329	DBEFFEIA_00024

DiscRep_SUB:FEATURE_LOCATION_CONFLICT::Coding region xref gene does not exist
plasmid_files/KC958437.1_results/PROKKA_06292018:CDS	hypothetical protein	KC958437.1:17379-17696	DBEFFEIA_00025

DiscRep_SUB:FEATURE_LOCATION_CONFLICT::Coding region xref gene does not exist
plasmid_files/KC958437.1_results/PROKKA_06292018:CDS	Type IV secretion system protein virB4	KC958437.1:17696-20296	DBEFFEIA_00026

DiscRep_SUB:FEATURE_LOCATION_CONFLICT::Coding region xref gene does not exist
plasmid_files/KC958437.1_results/PROKKA_06292018:CDS	Type IV secretion system protein virB5	KC958437.1:20314-21027	DBEFFEIA_00027

DiscRep_SUB:FEATURE_LOCATION_CONFLICT::Coding region xref gene does not exist
plasmid_files/KC958437.1_results/PROKKA_06292018:CDS	hypothetical protein	KC958437.1:21035-21262	DBEFFEIA_00028

DiscRep_SUB:FEATURE_LOCATION_CONFLICT::Coding region xref gene does not exist
plasmid_files/KC958437.1_results/PROKKA_06292018:CDS	Type IV secretion system protein VirB6	KC958437.1:21278-22318	DBEFFEIA_00029

DiscRep_SUB:FEATURE_LOCATION_CONFLICT::Coding region xref gene does not exist
plasmid_files/KC958437.1_results/PROKKA_06292018:CDS	Type IV secretion system protein virB8	KC958437.1:22537-23235	DBEFFEIA_00030

DiscRep_SUB:FEATURE_LOCATION_CONFLICT::Coding region xref gene does not exist
plasmid_files/KC958437.1_results/PROKKA_06292018:CDS	Type IV secretion system protein virB9	KC958437.1:23246-24130	DBEFFEIA_00031

DiscRep_SUB:FEATURE_LOCATION_CONFLICT::Coding region xref gene does not exist
plasmid_files/KC958437.1_results/PROKKA_06292018:CDS	Protein virB10	KC958437.1:24130-25290	DBEFFEIA_00032

DiscRep_SUB:FEATURE_LOCATION_CONFLICT::Coding region xref gene does not exist
plasmid_files/KC958437.1_results/PROKKA_06292018:CDS	Type IV secretion system protein VirB11	KC958437.1:25332-26327	DBEFFEIA_00033

DiscRep_SUB:FEATURE_LOCATION_CONFLICT::Coding region xref gene does not exist
plasmid_files/KC958437.1_results/PROKKA_06292018:CDS	Phospholipase D	KC958437.1:26327-26860	DBEFFEIA_00034

DiscRep_SUB:FEATURE_LOCATION_CONFLICT::Coding region xref gene does not exist
plasmid_files/KC958437.1_results/PROKKA_06292018:CDS	hypothetical protein	KC958437.1:c27939-27562	DBEFFEIA_00035

DiscRep_SUB:FEATURE_LOCATION_CONFLICT::Coding region xref gene does not exist
plasmid_files/KC958437.1_results/PROKKA_06292018:CDS	hypothetical protein	KC958437.1:c28259-27984	DBEFFEIA_00036

DiscRep_SUB:FEATURE_LOCATION_CONFLICT::Coding region xref gene does not exist
plasmid_files/KC958437.1_results/PROKKA_06292018:CDS	hypothetical protein	KC958437.1:28365-28454	DBEFFEIA_00037

DiscRep_SUB:FEATURE_LOCATION_CONFLICT::Coding region xref gene does not exist
plasmid_files/KC958437.1_results/PROKKA_06292018:CDS	hypothetical protein	KC958437.1:c29809-28418	DBEFFEIA_00038

DiscRep_SUB:FEATURE_LOCATION_CONFLICT::Coding region xref gene does not exist
plasmid_files/KC958437.1_results/PROKKA_06292018:CDS	DNA-invertase hin	KC958437.1:c30418-29846	DBEFFEIA_00039

DiscRep_SUB:FEATURE_LOCATION_CONFLICT::Coding region xref gene does not exist
plasmid_files/KC958437.1_results/PROKKA_06292018:CDS	hypothetical protein	KC958437.1:c31100-30555	DBEFFEIA_00040

DiscRep_SUB:FEATURE_LOCATION_CONFLICT::Coding region xref gene does not exist
plasmid_files/KC958437.1_results/PROKKA_06292018:CDS	hypothetical protein	KC958437.1:c31418-31161	DBEFFEIA_00041

DiscRep_SUB:FEATURE_LOCATION_CONFLICT::Coding region xref gene does not exist
plasmid_files/KC958437.1_results/PROKKA_06292018:CDS	DNA-invertase hin	KC958437.1:31580-32194	DBEFFEIA_00042

DiscRep_SUB:FEATURE_LOCATION_CONFLICT::Coding region xref gene does not exist
plasmid_files/KC958437.1_results/PROKKA_06292018:CDS	Pentapeptide repeat protein	KC958437.1:c33169-32513	DBEFFEIA_00043

DiscRep_SUB:FEATURE_LOCATION_CONFLICT::Coding region xref gene does not exist
plasmid_files/KC958437.1_results/PROKKA_06292018:CDS	hypothetical protein	KC958437.1:33537-33728	DBEFFEIA_00044

DiscRep_SUB:FEATURE_LOCATION_CONFLICT::Coding region xref gene does not exist
plasmid_files/KC958437.1_results/PROKKA_06292018:CDS	hypothetical protein	KC958437.1:c33902-33735	DBEFFEIA_00045

DiscRep_SUB:FEATURE_LOCATION_CONFLICT::Coding region xref gene does not exist
plasmid_files/KC958437.1_results/PROKKA_06292018:CDS	hypothetical protein	KC958437.1:c34953-34249	DBEFFEIA_00046

DiscRep_SUB:FEATURE_LOCATION_CONFLICT::Coding region xref gene does not exist
plasmid_files/KC958437.1_results/PROKKA_06292018:CDS	Tyrosine recombinase XerD	KC958437.1:c36431-35418	DBEFFEIA_00047

DiscRep_SUB:FEATURE_LOCATION_CONFLICT::Coding region xref gene does not exist
plasmid_files/KC958437.1_results/PROKKA_06292018:CDS	Aminoglycoside N(6')-acetyltransferase type 1	KC958437.1:36678-37277	DBEFFEIA_00048

DiscRep_SUB:FEATURE_LOCATION_CONFLICT::Coding region xref gene does not exist
plasmid_files/KC958437.1_results/PROKKA_06292018:CDS	hypothetical protein	KC958437.1:37374-37826	DBEFFEIA_00049

DiscRep_SUB:FEATURE_LOCATION_CONFLICT::Coding region xref gene does not exist
plasmid_files/KC958437.1_results/PROKKA_06292018:CDS	hypothetical protein	KC958437.1:c41135-38130	DBEFFEIA_00050

DiscRep_SUB:FEATURE_LOCATION_CONFLICT::Coding region xref gene does not exist
plasmid_files/KC958437.1_results/PROKKA_06292018:CDS	Transposon Tn3 resolvase	KC958437.1:41299-41856	DBEFFEIA_00051

DiscRep_SUB:FEATURE_LOCATION_CONFLICT::Coding region xref gene does not exist
plasmid_files/KC958437.1_results/PROKKA_06292018:CDS	Beta-lactamase TEM	KC958437.1:42039-42899	DBEFFEIA_00052

DiscRep_SUB:FEATURE_LOCATION_CONFLICT::Coding region xref gene does not exist
plasmid_files/KC958437.1_results/PROKKA_06292018:CDS	hypothetical protein	KC958437.1:43158-43634	DBEFFEIA_00053

DiscRep_SUB:FEATURE_LOCATION_CONFLICT::Coding region xref gene does not exist
plasmid_files/KC958437.1_results/PROKKA_06292018:CDS	Beta-lactamase CTX-M-1	KC958437.1:c44556-43681	DBEFFEIA_00054

DiscRep_SUB:FEATURE_LOCATION_CONFLICT::Coding region xref gene does not exist
plasmid_files/KC958437.1_results/PROKKA_06292018:CDS	hypothetical protein	KC958437.1:c44910-44788	DBEFFEIA_00055

DiscRep_SUB:FEATURE_LOCATION_CONFLICT::Coding region xref gene does not exist
plasmid_files/KC958437.1_results/PROKKA_06292018:CDS	hypothetical protein	KC958437.1:c46153-44891	DBEFFEIA_00056

DiscRep_SUB:FEATURE_LOCATION_CONFLICT::Coding region xref gene does not exist
plasmid_files/KC958437.1_results/PROKKA_06292018:CDS	hypothetical protein	KC958437.1:c47048-46683	DBEFFEIA_00057

DiscRep_SUB:FEATURE_LOCATION_CONFLICT::Coding region xref gene does not exist
plasmid_files/KC958437.1_results/PROKKA_06292018:CDS	Multifunctional conjugation protein TraI	KC958437.1:c50284-47048	DBEFFEIA_00058

DiscRep_SUB:FEATURE_LOCATION_CONFLICT::Coding region xref gene does not exist
plasmid_files/KC958437.1_results/PROKKA_06292018:CDS	Coupling protein TraD	KC958437.1:c51813-50284	DBEFFEIA_00059

DiscRep_SUB:FEATURE_LOCATION_CONFLICT::Coding region xref gene does not exist
plasmid_files/KC958437.1_results/PROKKA_06292018:CDS	hypothetical protein	KC958437.1:c52231-51815	DBEFFEIA_00060

DiscRep_SUB:FEATURE_LOCATION_CONFLICT::Coding region xref gene does not exist
plasmid_files/KC958437.1_results/PROKKA_06292018:CDS	hypothetical protein	KC958437.1:52722-53141	DBEFFEIA_00061

DiscRep_SUB:FEATURE_LOCATION_CONFLICT::Coding region xref gene does not exist
plasmid_files/KC958437.1_results/PROKKA_06292018:CDS	hypothetical protein	KC958437.1:53150-53866	DBEFFEIA_00062

DiscRep_SUB:FEATURE_LOCATION_CONFLICT::Coding region xref gene does not exist
plasmid_files/KC958437.1_results/PROKKA_06292018:CDS	hypothetical protein	KC958437.1:53868-54236	DBEFFEIA_00063

DiscRep_SUB:FEATURE_LOCATION_CONFLICT::Coding region xref gene does not exist
plasmid_files/KC958437.1_results/PROKKA_06292018:CDS	hypothetical protein	KC958437.1:54418-54762	DBEFFEIA_00064

DiscRep_SUB:FEATURE_LOCATION_CONFLICT::Coding region xref gene does not exist
plasmid_files/KC958437.1_results/PROKKA_06292018:CDS	hypothetical protein	KC958437.1:c55193-54873	DBEFFEIA_00065

DiscRep_SUB:FEATURE_LOCATION_CONFLICT::Coding region xref gene does not exist
plasmid_files/KC958437.1_results/PROKKA_06292018:CDS	hypothetical protein	KC958437.1:c55427-55248	DBEFFEIA_00066

DiscRep_SUB:FEATURE_LOCATION_CONFLICT::Coding region xref gene does not exist
plasmid_files/KC958437.1_results/PROKKA_06292018:CDS	hypothetical protein	KC958437.1:c56663-56154	DBEFFEIA_00067

DiscRep_SUB:FEATURE_LOCATION_CONFLICT::Coding region xref gene does not exist
plasmid_files/KC958437.1_results/PROKKA_06292018:CDS	hypothetical protein	KC958437.1:c57538-57431	DBEFFEIA_00068

DiscRep_SUB:FEATURE_LOCATION_CONFLICT::Coding region xref gene does not exist
plasmid_files/KC958437.1_results/PROKKA_06292018:CDS	hypothetical protein	KC958437.1:c58348-58016	DBEFFEIA_00069

DiscRep_SUB:FEATURE_LOCATION_CONFLICT::Coding region xref gene does not exist
plasmid_files/KC958437.1_results/PROKKA_06292018:CDS	hypothetical protein	KC958437.1:c58841-58557	DBEFFEIA_00070

DiscRep_SUB:FEATURE_LOCATION_CONFLICT::Coding region xref gene does not exist
plasmid_files/KC958437.1_results/PROKKA_06292018:CDS	hypothetical protein	KC958437.1:c59269-58910	DBEFFEIA_00071

DiscRep_SUB:FEATURE_LOCATION_CONFLICT::Coding region xref gene does not exist
plasmid_files/KC958437.1_results/PROKKA_06292018:CDS	hypothetical protein	KC958437.1:c59562-59266	DBEFFEIA_00072

DiscRep_SUB:FEATURE_LOCATION_CONFLICT::Coding region xref gene does not exist
plasmid_files/KC958437.1_results/PROKKA_06292018:CDS	hypothetical protein	KC958437.1:c60220-59675	DBEFFEIA_00073

DiscRep_SUB:FEATURE_LOCATION_CONFLICT::Coding region xref gene does not exist
plasmid_files/KC958437.1_results/PROKKA_06292018:CDS	hypothetical protein	KC958437.1:c60375-60220	DBEFFEIA_00074

DiscRep_SUB:FEATURE_LOCATION_CONFLICT::Coding region xref gene does not exist
plasmid_files/KC958437.1_results/PROKKA_06292018:CDS	hypothetical protein	KC958437.1:c60687-60448	DBEFFEIA_00075

DiscRep_SUB:FEATURE_LOCATION_CONFLICT::Coding region xref gene does not exist
plasmid_files/KC958437.1_results/PROKKA_06292018:CDS	hypothetical protein	KC958437.1:c61101-60697	DBEFFEIA_00076

DiscRep_SUB:FEATURE_LOCATION_CONFLICT::Coding region xref gene does not exist
plasmid_files/KC958437.1_results/PROKKA_06292018:CDS	Antirestriction protein KlcA	KC958437.1:c61584-61159	DBEFFEIA_00077

DiscRep_SUB:FEATURE_LOCATION_CONFLICT::Coding region xref gene does not exist
plasmid_files/KC958437.1_results/PROKKA_06292018:CDS	Protein UmuD	KC958437.1:61999-62439	DBEFFEIA_00078

DiscRep_SUB:FEATURE_LOCATION_CONFLICT::Coding region xref gene does not exist
plasmid_files/KC958437.1_results/PROKKA_06292018:CDS	Protein UmuC	KC958437.1:62427-63692	DBEFFEIA_00079

DiscRep_SUB:FEATURE_LOCATION_CONFLICT::Coding region xref gene does not exist
plasmid_files/KC958437.1_results/PROKKA_06292018:CDS	hypothetical protein	KC958437.1:63843-64634	DBEFFEIA_00080

DiscRep_SUB:FEATURE_LOCATION_CONFLICT::Coding region xref gene does not exist
plasmid_files/KC958437.1_results/PROKKA_06292018:CDS	hypothetical protein	KC958437.1:c64990-64649	DBEFFEIA_00081

DiscRep_ALL:DISC_QUALITY_SCORES::Quality scores are missing on all sequences.

DiscRep_ALL:ONCALLER_COMMENT_PRESENT::1 comment descriptors were found (all same)
plasmid_files/KC958437.1_results/PROKKA_06292018:KC958437.1:Annotated using prokka 1.14-dev from https://github.com/tseemann/prokka

DiscRep_ALL:SHORT_PROT_SEQUENCES::3 protein sequences are shorter than 50 aa.
plasmid_files/KC958437.1_results/PROKKA_06292018:KC958437.1_37 (length 29)
plasmid_files/KC958437.1_results/PROKKA_06292018:KC958437.1_55 (length 40)
plasmid_files/KC958437.1_results/PROKKA_06292018:KC958437.1_68 (length 35)

DiscRep_ALL:MISSING_GENOMEASSEMBLY_COMMENTS::1 bioseqs are missing GenomeAssembly structured comments
plasmid_files/KC958437.1_results/PROKKA_06292018:KC958437.1 (length 65549)

DiscRep_ALL:MOLTYPE_NOT_MRNA::1 molecule types are not set as mRNA.
plasmid_files/KC958437.1_results/PROKKA_06292018:KC958437.1 (length 65549)

DiscRep_ALL:TECHNIQUE_NOT_TSA::1 technique are not set as TSA
plasmid_files/KC958437.1_results/PROKKA_06292018:KC958437.1 (length 65549)

DiscRep_ALL:MISSING_STRUCTURED_COMMENT::1 sequences do not include structured comments.
plasmid_files/KC958437.1_results/PROKKA_06292018:KC958437.1 (length 65549)

DiscRep_ALL:MISSING_PROJECT::82 sequences do not include project.
plasmid_files/KC958437.1_results/PROKKA_06292018:KC958437.1 (length 65549)
plasmid_files/KC958437.1_results/PROKKA_06292018:KC958437.1_1 (length 239)
plasmid_files/KC958437.1_results/PROKKA_06292018:KC958437.1_2 (length 431)
plasmid_files/KC958437.1_results/PROKKA_06292018:KC958437.1_3 (length 189)
plasmid_files/KC958437.1_results/PROKKA_06292018:KC958437.1_4 (length 234)
plasmid_files/KC958437.1_results/PROKKA_06292018:KC958437.1_5 (length 133)
plasmid_files/KC958437.1_results/PROKKA_06292018:KC958437.1_6 (length 326)
plasmid_files/KC958437.1_results/PROKKA_06292018:KC958437.1_7 (length 293)
plasmid_files/KC958437.1_results/PROKKA_06292018:KC958437.1_8 (length 234)
plasmid_files/KC958437.1_results/PROKKA_06292018:KC958437.1_9 (length 238)
plasmid_files/KC958437.1_results/PROKKA_06292018:KC958437.1_10 (length 157)
plasmid_files/KC958437.1_results/PROKKA_06292018:KC958437.1_11 (length 94)
plasmid_files/KC958437.1_results/PROKKA_06292018:KC958437.1_12 (length 254)
plasmid_files/KC958437.1_results/PROKKA_06292018:KC958437.1_13 (length 402)
plasmid_files/KC958437.1_results/PROKKA_06292018:KC958437.1_14 (length 477)
plasmid_files/KC958437.1_results/PROKKA_06292018:KC958437.1_15 (length 88)
plasmid_files/KC958437.1_results/PROKKA_06292018:KC958437.1_16 (length 68)
plasmid_files/KC958437.1_results/PROKKA_06292018:KC958437.1_17 (length 215)
plasmid_files/KC958437.1_results/PROKKA_06292018:KC958437.1_18 (length 103)
plasmid_files/KC958437.1_results/PROKKA_06292018:KC958437.1_19 (length 104)
plasmid_files/KC958437.1_results/PROKKA_06292018:KC958437.1_20 (length 114)
plasmid_files/KC958437.1_results/PROKKA_06292018:KC958437.1_21 (length 101)
plasmid_files/KC958437.1_results/PROKKA_06292018:KC958437.1_22 (length 244)
plasmid_files/KC958437.1_results/PROKKA_06292018:KC958437.1_23 (length 93)
plasmid_files/KC958437.1_results/PROKKA_06292018:KC958437.1_24 (length 97)
plasmid_files/KC958437.1_results/PROKKA_06292018:KC958437.1_25 (length 105)
plasmid_files/KC958437.1_results/PROKKA_06292018:KC958437.1_26 (length 866)
plasmid_files/KC958437.1_results/PROKKA_06292018:KC958437.1_27 (length 237)
plasmid_files/KC958437.1_results/PROKKA_06292018:KC958437.1_28 (length 75)
plasmid_files/KC958437.1_results/PROKKA_06292018:KC958437.1_29 (length 346)
plasmid_files/KC958437.1_results/PROKKA_06292018:KC958437.1_30 (length 232)
plasmid_files/KC958437.1_results/PROKKA_06292018:KC958437.1_31 (length 294)
plasmid_files/KC958437.1_results/PROKKA_06292018:KC958437.1_32 (length 386)
plasmid_files/KC958437.1_results/PROKKA_06292018:KC958437.1_33 (length 331)
plasmid_files/KC958437.1_results/PROKKA_06292018:KC958437.1_34 (length 177)
plasmid_files/KC958437.1_results/PROKKA_06292018:KC958437.1_35 (length 125)
plasmid_files/KC958437.1_results/PROKKA_06292018:KC958437.1_36 (length 91)
plasmid_files/KC958437.1_results/PROKKA_06292018:KC958437.1_37 (length 29)
plasmid_files/KC958437.1_results/PROKKA_06292018:KC958437.1_38 (length 463)
plasmid_files/KC958437.1_results/PROKKA_06292018:KC958437.1_39 (length 190)
plasmid_files/KC958437.1_results/PROKKA_06292018:KC958437.1_40 (length 181)
plasmid_files/KC958437.1_results/PROKKA_06292018:KC958437.1_41 (length 85)
plasmid_files/KC958437.1_results/PROKKA_06292018:KC958437.1_42 (length 204)
plasmid_files/KC958437.1_results/PROKKA_06292018:KC958437.1_43 (length 218)
plasmid_files/KC958437.1_results/PROKKA_06292018:KC958437.1_44 (length 63)
plasmid_files/KC958437.1_results/PROKKA_06292018:KC958437.1_45 (length 55)
plasmid_files/KC958437.1_results/PROKKA_06292018:KC958437.1_46 (length 234)
plasmid_files/KC958437.1_results/PROKKA_06292018:KC958437.1_47 (length 337)
plasmid_files/KC958437.1_results/PROKKA_06292018:KC958437.1_48 (length 199)
plasmid_files/KC958437.1_results/PROKKA_06292018:KC958437.1_49 (length 150)
plasmid_files/KC958437.1_results/PROKKA_06292018:KC958437.1_50 (length 1001)
plasmid_files/KC958437.1_results/PROKKA_06292018:KC958437.1_51 (length 185)
plasmid_files/KC958437.1_results/PROKKA_06292018:KC958437.1_52 (length 286)
plasmid_files/KC958437.1_results/PROKKA_06292018:KC958437.1_53 (length 158)
plasmid_files/KC958437.1_results/PROKKA_06292018:KC958437.1_54 (length 291)
plasmid_files/KC958437.1_results/PROKKA_06292018:KC958437.1_55 (length 40)
plasmid_files/KC958437.1_results/PROKKA_06292018:KC958437.1_56 (length 420)
plasmid_files/KC958437.1_results/PROKKA_06292018:KC958437.1_57 (length 121)
plasmid_files/KC958437.1_results/PROKKA_06292018:KC958437.1_58 (length 1078)
plasmid_files/KC958437.1_results/PROKKA_06292018:KC958437.1_59 (length 509)
plasmid_files/KC958437.1_results/PROKKA_06292018:KC958437.1_60 (length 138)
plasmid_files/KC958437.1_results/PROKKA_06292018:KC958437.1_61 (length 139)
plasmid_files/KC958437.1_results/PROKKA_06292018:KC958437.1_62 (length 238)
plasmid_files/KC958437.1_results/PROKKA_06292018:KC958437.1_63 (length 122)
plasmid_files/KC958437.1_results/PROKKA_06292018:KC958437.1_64 (length 114)
plasmid_files/KC958437.1_results/PROKKA_06292018:KC958437.1_65 (length 106)
plasmid_files/KC958437.1_results/PROKKA_06292018:KC958437.1_66 (length 59)
plasmid_files/KC958437.1_results/PROKKA_06292018:KC958437.1_67 (length 169)
plasmid_files/KC958437.1_results/PROKKA_06292018:KC958437.1_68 (length 35)
plasmid_files/KC958437.1_results/PROKKA_06292018:KC958437.1_69 (length 110)
plasmid_files/KC958437.1_results/PROKKA_06292018:KC958437.1_70 (length 94)
plasmid_files/KC958437.1_results/PROKKA_06292018:KC958437.1_71 (length 119)
plasmid_files/KC958437.1_results/PROKKA_06292018:KC958437.1_72 (length 98)
plasmid_files/KC958437.1_results/PROKKA_06292018:KC958437.1_73 (length 181)
plasmid_files/KC958437.1_results/PROKKA_06292018:KC958437.1_74 (length 51)
plasmid_files/KC958437.1_results/PROKKA_06292018:KC958437.1_75 (length 79)
plasmid_files/KC958437.1_results/PROKKA_06292018:KC958437.1_76 (length 134)
plasmid_files/KC958437.1_results/PROKKA_06292018:KC958437.1_77 (length 141)
plasmid_files/KC958437.1_results/PROKKA_06292018:KC958437.1_78 (length 146)
plasmid_files/KC958437.1_results/PROKKA_06292018:KC958437.1_79 (length 421)
plasmid_files/KC958437.1_results/PROKKA_06292018:KC958437.1_80 (length 263)
plasmid_files/KC958437.1_results/PROKKA_06292018:KC958437.1_81 (length 113)

DiscRep_ALL:DISC_INCONSISTENT_MOLINFO_TECH::Molinfo Technique Report (some missing, all same)
DiscRep_SUB:DISC_INCONSISTENT_MOLINFO_TECH::technique (all missing)
DiscRep_SUB:DISC_INCONSISTENT_MOLINFO_TECH::1 Molinfos are missing field technique
plasmid_files/KC958437.1_results/PROKKA_06292018:KC958437.1 (length 65549)

