[10:10:46] This is prokka 1.14-dev
[10:10:46] Written by Torsten Seemann <torsten.seemann@gmail.com>
[10:10:46] Homepage is https://github.com/tseemann/prokka
[10:10:46] Local time is Fri Jun 29 10:10:46 2018
[10:10:46] You are christian
[10:10:46] Operating system is linux
[10:10:46] You have BioPerl 1.007002
[10:10:46] System has 20 cores.
[10:10:46] Will use maximum of 20 cores.
[10:10:46] Annotating as >>> Bacteria <<<
[10:10:46] Generating locus_tag from 'plasmid_files/KJ721789.1.fasta' contents.
[10:10:46] Setting --locustag GFPPOPLA from MD5 0f99895a6bd9a23990ea65e7701666fb
[10:10:46] Creating new output folder: plasmid_files/KJ721789.1_results
[10:10:46] Running: mkdir -p plasmid_files\/KJ721789\.1_results
[10:10:46] Using filename prefix: PROKKA_06292018.XXX
[10:10:46] Setting HMMER_NCPU=1
[10:10:46] Writing log to: plasmid_files/KJ721789.1_results/PROKKA_06292018.log
[10:10:46] Command: /home/christian/install/prokka/bin/prokka plasmid_files/KJ721789.1.fasta --outdir plasmid_files/KJ721789.1_results --cpus 20
[10:10:46] Appending to PATH: /home/christian/install/prokka/bin/../binaries/linux
[10:10:46] Appending to PATH: /home/christian/install/prokka/bin/../binaries/linux/../common
[10:10:46] Appending to PATH: /home/christian/install/prokka/bin
[10:10:46] Looking for 'aragorn' - found /home/christian/install/prokka/bin/../binaries/linux/aragorn
[10:10:46] Determined aragorn version is 1.2
[10:10:46] Looking for 'blastp' - found /usr/bin/blastp
[10:10:46] Determined blastp version is 2.2
[10:10:46] Looking for 'cmpress' - found /usr/local/bin/cmpress
[10:10:46] Determined cmpress version is 1.1
[10:10:46] Looking for 'cmscan' - found /usr/local/bin/cmscan
[10:10:46] Determined cmscan version is 1.1
[10:10:46] Looking for 'egrep' - found /bin/egrep
[10:10:46] Looking for 'find' - found /usr/bin/find
[10:10:46] Looking for 'grep' - found /bin/grep
[10:10:46] Looking for 'hmmpress' - found /usr/local/bin/hmmpress
[10:10:46] Determined hmmpress version is 3.1
[10:10:46] Looking for 'hmmscan' - found /usr/local/bin/hmmscan
[10:10:46] Determined hmmscan version is 3.1
[10:10:46] Looking for 'java' - found /usr/bin/java
[10:10:46] Looking for 'less' - found /usr/bin/less
[10:10:46] Looking for 'makeblastdb' - found /usr/bin/makeblastdb
[10:10:47] Determined makeblastdb version is 2.2
[10:10:47] Looking for 'minced' - found /home/christian/install/prokka/bin/../binaries/linux/../common/minced
[10:10:47] Determined minced version is 2.0
[10:10:47] Looking for 'parallel' - found /usr/bin/parallel
[10:10:47] Determined parallel version is 20141022
[10:10:47] Looking for 'prodigal' - found /usr/local/bin/prodigal
[10:10:47] Determined prodigal version is 2.6
[10:10:47] Looking for 'prokka-genbank_to_fasta_db' - found /home/christian/install/prokka/bin/prokka-genbank_to_fasta_db
[10:10:47] Looking for 'sed' - found /bin/sed
[10:10:47] Looking for 'tbl2asn' - found /home/christian/install/prokka/bin/../binaries/linux/tbl2asn
[10:10:47] Determined tbl2asn version is 25.6
[10:10:47] Using genetic code table 11.
[10:10:47] Loading and checking input file: plasmid_files/KJ721789.1.fasta
[10:10:47] Wrote 1 contigs totalling 169774 bp.
[10:10:47] Predicting tRNAs and tmRNAs
[10:10:47] Running: aragorn -l -gc11  -w plasmid_files\/KJ721789\.1_results\/PROKKA_06292018\.fna
[10:10:47] Found 0 tRNAs
[10:10:47] Predicting Ribosomal RNAs
[10:10:47] You need either Barrnap or RNAmmer installed to predict rRNAs!
[10:10:47] Skipping ncRNA search, enable with --rfam if desired.
[10:10:47] Total of 0 tRNA + rRNA features
[10:10:47] Searching for CRISPR repeats
[10:10:47] Found 0 CRISPRs
[10:10:47] Predicting coding sequences
[10:10:47] Contigs total 169774 bp, so using single mode
[10:10:47] Running: prodigal -i plasmid_files\/KJ721789\.1_results\/PROKKA_06292018\.fna -c -m -g 11 -p single -f sco -q
[10:10:47] Found 197 CDS
[10:10:47] Connecting features back to sequences
[10:10:47] Not using genus-specific database. Try --usegenus to enable it.
[10:10:47] Annotating CDS, please be patient.
[10:10:47] Will use 20 CPUs for similarity searching.
[10:10:47] There are still 197 unannotated CDS left (started with 197)
[10:10:47] Will use blast to search against /home/christian/install/prokka/db/kingdom/Bacteria/sprot with 20 CPUs
[10:10:47] Running: cat plasmid_files\/KJ721789\.1_results\/sprot\.faa | parallel --gnu --plain -j 20 --block 1205 --recstart '>' --pipe blastp -query - -db /home/christian/install/prokka/db/kingdom/Bacteria/sprot -evalue 1e-06 -num_threads 1 -num_descriptions 1 -num_alignments 1 -seg no > plasmid_files\/KJ721789\.1_results\/sprot\.blast 2> /dev/null
[10:10:49] Modify product: UPF0401 protein YkfF => hypothetical protein
[10:10:49] Modify product: UPF0401 protein YkfF => hypothetical protein
[10:10:49] Cleaned 2 /product names
[10:10:49] Deleting unwanted file: plasmid_files/KJ721789.1_results/sprot.faa
[10:10:49] Deleting unwanted file: plasmid_files/KJ721789.1_results/sprot.blast
[10:10:49] There are still 134 unannotated CDS left (started with 197)
[10:10:49] Will use hmmer3 to search against /home/christian/install/prokka/db/hmm/HAMAP.hmm with 20 CPUs
[10:10:49] Running: cat plasmid_files\/KJ721789\.1_results\/HAMAP\.hmm\.faa | parallel --gnu --plain -j 20 --block 761 --recstart '>' --pipe hmmscan --noali --notextw --acc -E 1e-06 --cpu 1 /home/christian/install/prokka/db/hmm/HAMAP.hmm /dev/stdin > plasmid_files\/KJ721789\.1_results\/HAMAP\.hmm\.hmmer3 2> /dev/null
[10:10:49] Deleting unwanted file: plasmid_files/KJ721789.1_results/HAMAP.hmm.faa
[10:10:49] Deleting unwanted file: plasmid_files/KJ721789.1_results/HAMAP.hmm.hmmer3
[10:10:49] Labelling remaining 131 proteins as 'hypothetical protein'
[10:10:49] Found 47 unique /gene codes.
[10:10:49] Fixed 2 duplicate /gene - spo0C_1 spo0C_2
[10:10:49] Fixed 2 duplicate /gene - yhdJ_1 yhdJ_2
[10:10:49] Fixed 4 duplicate /gene - xerD_1 xerD_2 xerD_3 xerD_4
[10:10:49] Fixed 2 duplicate /gene - ssb_1 ssb_2
[10:10:49] Fixed 2 duplicate /gene - holE_1 holE_2
[10:10:49] Fixed 2 duplicate /gene - pinR_1 pinR_2
[10:10:49] Fixed 2 duplicate /gene - repA_1 repA_2
[10:10:49] Fixed 3 duplicate /gene - umuC_1 umuC_2 umuC_3
[10:10:49] Fixed 2 duplicate /gene - umuD_1 umuD_2
[10:10:49] Fixed 2 duplicate /gene - psiB_1 psiB_2
[10:10:49] Fixed 3 duplicate /gene - klcA_1 klcA_2 klcA_3
[10:10:49] Fixed 11 colliding /gene names.
[10:10:49] Adding /locus_tag identifiers
[10:10:49] Assigned 197 locus_tags to CDS and RNA features.
[10:10:49] Writing outputs to plasmid_files/KJ721789.1_results/
[10:10:50] Generating annotation statistics file
[10:10:50] Generating Genbank and Sequin files
[10:10:50] Running: tbl2asn -V b -a r10k -l paired-ends -M n -N 1 -y 'Annotated using prokka 1.14-dev from https://github.com/tseemann/prokka' -Z plasmid_files\/KJ721789\.1_results\/PROKKA_06292018\.err -i plasmid_files\/KJ721789\.1_results\/PROKKA_06292018\.fsa 2> /dev/null
[10:10:50] Deleting unwanted file: plasmid_files/KJ721789.1_results/errorsummary.val
[10:10:50] Deleting unwanted file: plasmid_files/KJ721789.1_results/PROKKA_06292018.dr
[10:10:50] Deleting unwanted file: plasmid_files/KJ721789.1_results/PROKKA_06292018.fixedproducts
[10:10:50] Deleting unwanted file: plasmid_files/KJ721789.1_results/PROKKA_06292018.ecn
[10:10:50] Deleting unwanted file: plasmid_files/KJ721789.1_results/PROKKA_06292018.val
[10:10:50] Repairing broken .GBK output that tbl2asn produces...
[10:10:50] Running: sed 's/COORDINATES: profile/COORDINATES:profile/' < plasmid_files\/KJ721789\.1_results\/PROKKA_06292018\.gbf > plasmid_files\/KJ721789\.1_results\/PROKKA_06292018\.gbk
[10:10:50] Deleting unwanted file: plasmid_files/KJ721789.1_results/PROKKA_06292018.gbf
[10:10:50] Output files:
[10:10:50] plasmid_files/KJ721789.1_results/PROKKA_06292018.sqn
[10:10:50] plasmid_files/KJ721789.1_results/PROKKA_06292018.fsa
[10:10:50] plasmid_files/KJ721789.1_results/PROKKA_06292018.tbl
[10:10:50] plasmid_files/KJ721789.1_results/PROKKA_06292018.log
[10:10:50] plasmid_files/KJ721789.1_results/PROKKA_06292018.gff
[10:10:50] plasmid_files/KJ721789.1_results/PROKKA_06292018.txt
[10:10:50] plasmid_files/KJ721789.1_results/PROKKA_06292018.gbk
[10:10:50] plasmid_files/KJ721789.1_results/PROKKA_06292018.faa
[10:10:50] plasmid_files/KJ721789.1_results/PROKKA_06292018.fna
[10:10:50] plasmid_files/KJ721789.1_results/PROKKA_06292018.tsv
[10:10:50] plasmid_files/KJ721789.1_results/PROKKA_06292018.ffn
[10:10:50] plasmid_files/KJ721789.1_results/PROKKA_06292018.err
[10:10:50] Annotation finished successfully.
[10:10:50] Walltime used: 0.07 minutes
[10:10:50] If you use this result please cite the Prokka paper:
[10:10:50] Seemann T (2014) Prokka: rapid prokaryotic genome annotation. Bioinformatics. 30(14):2068-9.
[10:10:50] Type 'prokka --citation' for more details.
[10:10:50] Thank you, come again.
