Discrepancy Report Results

Summary
FATAL: MISSING_PROTEIN_ID:197 proteins have invalid IDs.
DISC_SOURCE_QUALS_ASNDISC:strain (all present, all unique)
DISC_SOURCE_QUALS_ASNDISC:taxname (all present, all unique)
DISC_FEATURE_COUNT:CDS: 197 present
DISC_COUNT_NUCLEOTIDES:1 nucleotide Bioseqs are present
FEATURE_LOCATION_CONFLICT:197 features have inconsistent gene locations.
DISC_QUALITY_SCORES:Quality scores are missing on all sequences.
ONCALLER_COMMENT_PRESENT:1 comment descriptors were found (all same)
SHORT_PROT_SEQUENCES:5 protein sequences are shorter than 50 aa.
MISSING_GENOMEASSEMBLY_COMMENTS:1 bioseqs are missing GenomeAssembly structured comments
MOLTYPE_NOT_MRNA:1 molecule types are not set as mRNA.
TECHNIQUE_NOT_TSA:1 technique are not set as TSA
MISSING_STRUCTURED_COMMENT:1 sequences do not include structured comments.
MISSING_PROJECT:198 sequences do not include project.
DISC_INCONSISTENT_MOLINFO_TECH:Molinfo Technique Report (some missing, all same)


Detailed Report

FATAL: DiscRep_ALL:MISSING_PROTEIN_ID::197 proteins have invalid IDs.
plasmid_files/KJ721789.1_results/PROKKA_06292018:KJ721789.1_1 (length 251)
plasmid_files/KJ721789.1_results/PROKKA_06292018:KJ721789.1_2 (length 512)
plasmid_files/KJ721789.1_results/PROKKA_06292018:KJ721789.1_3 (length 115)
plasmid_files/KJ721789.1_results/PROKKA_06292018:KJ721789.1_4 (length 134)
plasmid_files/KJ721789.1_results/PROKKA_06292018:KJ721789.1_5 (length 401)
plasmid_files/KJ721789.1_results/PROKKA_06292018:KJ721789.1_6 (length 324)
plasmid_files/KJ721789.1_results/PROKKA_06292018:KJ721789.1_7 (length 423)
plasmid_files/KJ721789.1_results/PROKKA_06292018:KJ721789.1_8 (length 143)
plasmid_files/KJ721789.1_results/PROKKA_06292018:KJ721789.1_9 (length 323)
plasmid_files/KJ721789.1_results/PROKKA_06292018:KJ721789.1_10 (length 223)
plasmid_files/KJ721789.1_results/PROKKA_06292018:KJ721789.1_11 (length 76)
plasmid_files/KJ721789.1_results/PROKKA_06292018:KJ721789.1_12 (length 233)
plasmid_files/KJ721789.1_results/PROKKA_06292018:KJ721789.1_13 (length 73)
plasmid_files/KJ721789.1_results/PROKKA_06292018:KJ721789.1_14 (length 139)
plasmid_files/KJ721789.1_results/PROKKA_06292018:KJ721789.1_15 (length 255)
plasmid_files/KJ721789.1_results/PROKKA_06292018:KJ721789.1_16 (length 142)
plasmid_files/KJ721789.1_results/PROKKA_06292018:KJ721789.1_17 (length 168)
plasmid_files/KJ721789.1_results/PROKKA_06292018:KJ721789.1_18 (length 63)
plasmid_files/KJ721789.1_results/PROKKA_06292018:KJ721789.1_19 (length 87)
plasmid_files/KJ721789.1_results/PROKKA_06292018:KJ721789.1_20 (length 106)
plasmid_files/KJ721789.1_results/PROKKA_06292018:KJ721789.1_21 (length 185)
plasmid_files/KJ721789.1_results/PROKKA_06292018:KJ721789.1_22 (length 82)
plasmid_files/KJ721789.1_results/PROKKA_06292018:KJ721789.1_23 (length 666)
plasmid_files/KJ721789.1_results/PROKKA_06292018:KJ721789.1_24 (length 143)
plasmid_files/KJ721789.1_results/PROKKA_06292018:KJ721789.1_25 (length 242)
plasmid_files/KJ721789.1_results/PROKKA_06292018:KJ721789.1_26 (length 107)
plasmid_files/KJ721789.1_results/PROKKA_06292018:KJ721789.1_27 (length 75)
plasmid_files/KJ721789.1_results/PROKKA_06292018:KJ721789.1_28 (length 76)
plasmid_files/KJ721789.1_results/PROKKA_06292018:KJ721789.1_29 (length 291)
plasmid_files/KJ721789.1_results/PROKKA_06292018:KJ721789.1_30 (length 112)
plasmid_files/KJ721789.1_results/PROKKA_06292018:KJ721789.1_31 (length 115)
plasmid_files/KJ721789.1_results/PROKKA_06292018:KJ721789.1_32 (length 48)
plasmid_files/KJ721789.1_results/PROKKA_06292018:KJ721789.1_33 (length 180)
plasmid_files/KJ721789.1_results/PROKKA_06292018:KJ721789.1_34 (length 180)
plasmid_files/KJ721789.1_results/PROKKA_06292018:KJ721789.1_35 (length 160)
plasmid_files/KJ721789.1_results/PROKKA_06292018:KJ721789.1_36 (length 130)
plasmid_files/KJ721789.1_results/PROKKA_06292018:KJ721789.1_37 (length 233)
plasmid_files/KJ721789.1_results/PROKKA_06292018:KJ721789.1_38 (length 66)
plasmid_files/KJ721789.1_results/PROKKA_06292018:KJ721789.1_39 (length 122)
plasmid_files/KJ721789.1_results/PROKKA_06292018:KJ721789.1_40 (length 101)
plasmid_files/KJ721789.1_results/PROKKA_06292018:KJ721789.1_41 (length 188)
plasmid_files/KJ721789.1_results/PROKKA_06292018:KJ721789.1_42 (length 246)
plasmid_files/KJ721789.1_results/PROKKA_06292018:KJ721789.1_43 (length 474)
plasmid_files/KJ721789.1_results/PROKKA_06292018:KJ721789.1_44 (length 190)
plasmid_files/KJ721789.1_results/PROKKA_06292018:KJ721789.1_45 (length 136)
plasmid_files/KJ721789.1_results/PROKKA_06292018:KJ721789.1_46 (length 72)
plasmid_files/KJ721789.1_results/PROKKA_06292018:KJ721789.1_47 (length 103)
plasmid_files/KJ721789.1_results/PROKKA_06292018:KJ721789.1_48 (length 43)
plasmid_files/KJ721789.1_results/PROKKA_06292018:KJ721789.1_49 (length 48)
plasmid_files/KJ721789.1_results/PROKKA_06292018:KJ721789.1_50 (length 130)
plasmid_files/KJ721789.1_results/PROKKA_06292018:KJ721789.1_51 (length 879)
plasmid_files/KJ721789.1_results/PROKKA_06292018:KJ721789.1_52 (length 130)
plasmid_files/KJ721789.1_results/PROKKA_06292018:KJ721789.1_53 (length 211)
plasmid_files/KJ721789.1_results/PROKKA_06292018:KJ721789.1_54 (length 133)
plasmid_files/KJ721789.1_results/PROKKA_06292018:KJ721789.1_55 (length 329)
plasmid_files/KJ721789.1_results/PROKKA_06292018:KJ721789.1_56 (length 212)
plasmid_files/KJ721789.1_results/PROKKA_06292018:KJ721789.1_57 (length 651)
plasmid_files/KJ721789.1_results/PROKKA_06292018:KJ721789.1_58 (length 84)
plasmid_files/KJ721789.1_results/PROKKA_06292018:KJ721789.1_59 (length 82)
plasmid_files/KJ721789.1_results/PROKKA_06292018:KJ721789.1_60 (length 108)
plasmid_files/KJ721789.1_results/PROKKA_06292018:KJ721789.1_61 (length 250)
plasmid_files/KJ721789.1_results/PROKKA_06292018:KJ721789.1_62 (length 79)
plasmid_files/KJ721789.1_results/PROKKA_06292018:KJ721789.1_63 (length 185)
plasmid_files/KJ721789.1_results/PROKKA_06292018:KJ721789.1_64 (length 147)
plasmid_files/KJ721789.1_results/PROKKA_06292018:KJ721789.1_65 (length 455)
plasmid_files/KJ721789.1_results/PROKKA_06292018:KJ721789.1_66 (length 949)
plasmid_files/KJ721789.1_results/PROKKA_06292018:KJ721789.1_67 (length 182)
plasmid_files/KJ721789.1_results/PROKKA_06292018:KJ721789.1_68 (length 243)
plasmid_files/KJ721789.1_results/PROKKA_06292018:KJ721789.1_69 (length 229)
plasmid_files/KJ721789.1_results/PROKKA_06292018:KJ721789.1_70 (length 770)
plasmid_files/KJ721789.1_results/PROKKA_06292018:KJ721789.1_71 (length 1753)
plasmid_files/KJ721789.1_results/PROKKA_06292018:KJ721789.1_72 (length 241)
plasmid_files/KJ721789.1_results/PROKKA_06292018:KJ721789.1_73 (length 197)
plasmid_files/KJ721789.1_results/PROKKA_06292018:KJ721789.1_74 (length 73)
plasmid_files/KJ721789.1_results/PROKKA_06292018:KJ721789.1_75 (length 207)
plasmid_files/KJ721789.1_results/PROKKA_06292018:KJ721789.1_76 (length 216)
plasmid_files/KJ721789.1_results/PROKKA_06292018:KJ721789.1_77 (length 102)
plasmid_files/KJ721789.1_results/PROKKA_06292018:KJ721789.1_78 (length 185)
plasmid_files/KJ721789.1_results/PROKKA_06292018:KJ721789.1_79 (length 85)
plasmid_files/KJ721789.1_results/PROKKA_06292018:KJ721789.1_80 (length 339)
plasmid_files/KJ721789.1_results/PROKKA_06292018:KJ721789.1_81 (length 301)
plasmid_files/KJ721789.1_results/PROKKA_06292018:KJ721789.1_82 (length 399)
plasmid_files/KJ721789.1_results/PROKKA_06292018:KJ721789.1_83 (length 62)
plasmid_files/KJ721789.1_results/PROKKA_06292018:KJ721789.1_84 (length 245)
plasmid_files/KJ721789.1_results/PROKKA_06292018:KJ721789.1_85 (length 317)
plasmid_files/KJ721789.1_results/PROKKA_06292018:KJ721789.1_86 (length 195)
plasmid_files/KJ721789.1_results/PROKKA_06292018:KJ721789.1_87 (length 172)
plasmid_files/KJ721789.1_results/PROKKA_06292018:KJ721789.1_88 (length 215)
plasmid_files/KJ721789.1_results/PROKKA_06292018:KJ721789.1_89 (length 91)
plasmid_files/KJ721789.1_results/PROKKA_06292018:KJ721789.1_90 (length 66)
plasmid_files/KJ721789.1_results/PROKKA_06292018:KJ721789.1_91 (length 423)
plasmid_files/KJ721789.1_results/PROKKA_06292018:KJ721789.1_92 (length 153)
plasmid_files/KJ721789.1_results/PROKKA_06292018:KJ721789.1_93 (length 81)
plasmid_files/KJ721789.1_results/PROKKA_06292018:KJ721789.1_94 (length 76)
plasmid_files/KJ721789.1_results/PROKKA_06292018:KJ721789.1_95 (length 58)
plasmid_files/KJ721789.1_results/PROKKA_06292018:KJ721789.1_96 (length 122)
plasmid_files/KJ721789.1_results/PROKKA_06292018:KJ721789.1_97 (length 399)
plasmid_files/KJ721789.1_results/PROKKA_06292018:KJ721789.1_98 (length 62)
plasmid_files/KJ721789.1_results/PROKKA_06292018:KJ721789.1_99 (length 186)
plasmid_files/KJ721789.1_results/PROKKA_06292018:KJ721789.1_100 (length 77)
plasmid_files/KJ721789.1_results/PROKKA_06292018:KJ721789.1_101 (length 111)
plasmid_files/KJ721789.1_results/PROKKA_06292018:KJ721789.1_102 (length 233)
plasmid_files/KJ721789.1_results/PROKKA_06292018:KJ721789.1_103 (length 73)
plasmid_files/KJ721789.1_results/PROKKA_06292018:KJ721789.1_104 (length 139)
plasmid_files/KJ721789.1_results/PROKKA_06292018:KJ721789.1_105 (length 255)
plasmid_files/KJ721789.1_results/PROKKA_06292018:KJ721789.1_106 (length 142)
plasmid_files/KJ721789.1_results/PROKKA_06292018:KJ721789.1_107 (length 193)
plasmid_files/KJ721789.1_results/PROKKA_06292018:KJ721789.1_108 (length 63)
plasmid_files/KJ721789.1_results/PROKKA_06292018:KJ721789.1_109 (length 86)
plasmid_files/KJ721789.1_results/PROKKA_06292018:KJ721789.1_110 (length 106)
plasmid_files/KJ721789.1_results/PROKKA_06292018:KJ721789.1_111 (length 180)
plasmid_files/KJ721789.1_results/PROKKA_06292018:KJ721789.1_112 (length 82)
plasmid_files/KJ721789.1_results/PROKKA_06292018:KJ721789.1_113 (length 666)
plasmid_files/KJ721789.1_results/PROKKA_06292018:KJ721789.1_114 (length 143)
plasmid_files/KJ721789.1_results/PROKKA_06292018:KJ721789.1_115 (length 242)
plasmid_files/KJ721789.1_results/PROKKA_06292018:KJ721789.1_116 (length 108)
plasmid_files/KJ721789.1_results/PROKKA_06292018:KJ721789.1_117 (length 169)
plasmid_files/KJ721789.1_results/PROKKA_06292018:KJ721789.1_118 (length 269)
plasmid_files/KJ721789.1_results/PROKKA_06292018:KJ721789.1_119 (length 346)
plasmid_files/KJ721789.1_results/PROKKA_06292018:KJ721789.1_120 (length 836)
plasmid_files/KJ721789.1_results/PROKKA_06292018:KJ721789.1_121 (length 510)
plasmid_files/KJ721789.1_results/PROKKA_06292018:KJ721789.1_122 (length 446)
plasmid_files/KJ721789.1_results/PROKKA_06292018:KJ721789.1_123 (length 136)
plasmid_files/KJ721789.1_results/PROKKA_06292018:KJ721789.1_124 (length 376)
plasmid_files/KJ721789.1_results/PROKKA_06292018:KJ721789.1_125 (length 89)
plasmid_files/KJ721789.1_results/PROKKA_06292018:KJ721789.1_126 (length 432)
plasmid_files/KJ721789.1_results/PROKKA_06292018:KJ721789.1_127 (length 252)
plasmid_files/KJ721789.1_results/PROKKA_06292018:KJ721789.1_128 (length 306)
plasmid_files/KJ721789.1_results/PROKKA_06292018:KJ721789.1_129 (length 123)
plasmid_files/KJ721789.1_results/PROKKA_06292018:KJ721789.1_130 (length 109)
plasmid_files/KJ721789.1_results/PROKKA_06292018:KJ721789.1_131 (length 439)
plasmid_files/KJ721789.1_results/PROKKA_06292018:KJ721789.1_132 (length 293)
plasmid_files/KJ721789.1_results/PROKKA_06292018:KJ721789.1_133 (length 97)
plasmid_files/KJ721789.1_results/PROKKA_06292018:KJ721789.1_134 (length 259)
plasmid_files/KJ721789.1_results/PROKKA_06292018:KJ721789.1_135 (length 399)
plasmid_files/KJ721789.1_results/PROKKA_06292018:KJ721789.1_136 (length 62)
plasmid_files/KJ721789.1_results/PROKKA_06292018:KJ721789.1_137 (length 293)
plasmid_files/KJ721789.1_results/PROKKA_06292018:KJ721789.1_138 (length 1009)
plasmid_files/KJ721789.1_results/PROKKA_06292018:KJ721789.1_139 (length 571)
plasmid_files/KJ721789.1_results/PROKKA_06292018:KJ721789.1_140 (length 302)
plasmid_files/KJ721789.1_results/PROKKA_06292018:KJ721789.1_141 (length 159)
plasmid_files/KJ721789.1_results/PROKKA_06292018:KJ721789.1_142 (length 234)
plasmid_files/KJ721789.1_results/PROKKA_06292018:KJ721789.1_143 (length 75)
plasmid_files/KJ721789.1_results/PROKKA_06292018:KJ721789.1_144 (length 103)
plasmid_files/KJ721789.1_results/PROKKA_06292018:KJ721789.1_145 (length 213)
plasmid_files/KJ721789.1_results/PROKKA_06292018:KJ721789.1_146 (length 68)
plasmid_files/KJ721789.1_results/PROKKA_06292018:KJ721789.1_147 (length 88)
plasmid_files/KJ721789.1_results/PROKKA_06292018:KJ721789.1_148 (length 477)
plasmid_files/KJ721789.1_results/PROKKA_06292018:KJ721789.1_149 (length 402)
plasmid_files/KJ721789.1_results/PROKKA_06292018:KJ721789.1_150 (length 254)
plasmid_files/KJ721789.1_results/PROKKA_06292018:KJ721789.1_151 (length 88)
plasmid_files/KJ721789.1_results/PROKKA_06292018:KJ721789.1_152 (length 157)
plasmid_files/KJ721789.1_results/PROKKA_06292018:KJ721789.1_153 (length 309)
plasmid_files/KJ721789.1_results/PROKKA_06292018:KJ721789.1_154 (length 234)
plasmid_files/KJ721789.1_results/PROKKA_06292018:KJ721789.1_155 (length 78)
plasmid_files/KJ721789.1_results/PROKKA_06292018:KJ721789.1_156 (length 138)
plasmid_files/KJ721789.1_results/PROKKA_06292018:KJ721789.1_157 (length 76)
plasmid_files/KJ721789.1_results/PROKKA_06292018:KJ721789.1_158 (length 62)
plasmid_files/KJ721789.1_results/PROKKA_06292018:KJ721789.1_159 (length 399)
plasmid_files/KJ721789.1_results/PROKKA_06292018:KJ721789.1_160 (length 177)
plasmid_files/KJ721789.1_results/PROKKA_06292018:KJ721789.1_161 (length 291)
plasmid_files/KJ721789.1_results/PROKKA_06292018:KJ721789.1_162 (length 208)
plasmid_files/KJ721789.1_results/PROKKA_06292018:KJ721789.1_163 (length 100)
plasmid_files/KJ721789.1_results/PROKKA_06292018:KJ721789.1_164 (length 264)
plasmid_files/KJ721789.1_results/PROKKA_06292018:KJ721789.1_165 (length 338)
plasmid_files/KJ721789.1_results/PROKKA_06292018:KJ721789.1_166 (length 107)
plasmid_files/KJ721789.1_results/PROKKA_06292018:KJ721789.1_167 (length 131)
plasmid_files/KJ721789.1_results/PROKKA_06292018:KJ721789.1_168 (length 101)
plasmid_files/KJ721789.1_results/PROKKA_06292018:KJ721789.1_169 (length 72)
plasmid_files/KJ721789.1_results/PROKKA_06292018:KJ721789.1_170 (length 399)
plasmid_files/KJ721789.1_results/PROKKA_06292018:KJ721789.1_171 (length 62)
plasmid_files/KJ721789.1_results/PROKKA_06292018:KJ721789.1_172 (length 376)
plasmid_files/KJ721789.1_results/PROKKA_06292018:KJ721789.1_173 (length 1050)
plasmid_files/KJ721789.1_results/PROKKA_06292018:KJ721789.1_174 (length 326)
plasmid_files/KJ721789.1_results/PROKKA_06292018:KJ721789.1_175 (length 899)
plasmid_files/KJ721789.1_results/PROKKA_06292018:KJ721789.1_176 (length 965)
plasmid_files/KJ721789.1_results/PROKKA_06292018:KJ721789.1_177 (length 201)
plasmid_files/KJ721789.1_results/PROKKA_06292018:KJ721789.1_178 (length 393)
plasmid_files/KJ721789.1_results/PROKKA_06292018:KJ721789.1_179 (length 104)
plasmid_files/KJ721789.1_results/PROKKA_06292018:KJ721789.1_180 (length 118)
plasmid_files/KJ721789.1_results/PROKKA_06292018:KJ721789.1_181 (length 133)
plasmid_files/KJ721789.1_results/PROKKA_06292018:KJ721789.1_182 (length 96)
plasmid_files/KJ721789.1_results/PROKKA_06292018:KJ721789.1_183 (length 988)
plasmid_files/KJ721789.1_results/PROKKA_06292018:KJ721789.1_184 (length 334)
plasmid_files/KJ721789.1_results/PROKKA_06292018:KJ721789.1_185 (length 67)
plasmid_files/KJ721789.1_results/PROKKA_06292018:KJ721789.1_186 (length 67)
plasmid_files/KJ721789.1_results/PROKKA_06292018:KJ721789.1_187 (length 122)
plasmid_files/KJ721789.1_results/PROKKA_06292018:KJ721789.1_188 (length 164)
plasmid_files/KJ721789.1_results/PROKKA_06292018:KJ721789.1_189 (length 191)
plasmid_files/KJ721789.1_results/PROKKA_06292018:KJ721789.1_190 (length 89)
plasmid_files/KJ721789.1_results/PROKKA_06292018:KJ721789.1_191 (length 229)
plasmid_files/KJ721789.1_results/PROKKA_06292018:KJ721789.1_192 (length 229)
plasmid_files/KJ721789.1_results/PROKKA_06292018:KJ721789.1_193 (length 106)
plasmid_files/KJ721789.1_results/PROKKA_06292018:KJ721789.1_194 (length 212)
plasmid_files/KJ721789.1_results/PROKKA_06292018:KJ721789.1_195 (length 261)
plasmid_files/KJ721789.1_results/PROKKA_06292018:KJ721789.1_196 (length 42)
plasmid_files/KJ721789.1_results/PROKKA_06292018:KJ721789.1_197 (length 31)

DiscRep_ALL:DISC_SOURCE_QUALS_ASNDISC::strain (all present, all unique)
DiscRep_SUB:DISC_SOURCE_QUALS_ASNDISC::1 sources have unique values for strain
DiscRep_ALL:DISC_SOURCE_QUALS_ASNDISC::taxname (all present, all unique)
DiscRep_SUB:DISC_SOURCE_QUALS_ASNDISC::1 sources have unique values for taxname
DiscRep_ALL:DISC_FEATURE_COUNT::CDS: 197 present
DiscRep_ALL:DISC_COUNT_NUCLEOTIDES::1 nucleotide Bioseqs are present
plasmid_files/KJ721789.1_results/PROKKA_06292018:KJ721789.1 (length 169774)

DiscRep_ALL:FEATURE_LOCATION_CONFLICT::197 features have inconsistent gene locations.
DiscRep_SUB:FEATURE_LOCATION_CONFLICT::Coding region xref gene does not exist
plasmid_files/KJ721789.1_results/PROKKA_06292018:CDS	Replication initiation protein	KJ721789.1:49-804	GFPPOPLA_00001

DiscRep_SUB:FEATURE_LOCATION_CONFLICT::Coding region xref gene does not exist
plasmid_files/KJ721789.1_results/PROKKA_06292018:CDS	hypothetical protein	KJ721789.1:c2430-892	GFPPOPLA_00002

DiscRep_SUB:FEATURE_LOCATION_CONFLICT::Coding region xref gene does not exist
plasmid_files/KJ721789.1_results/PROKKA_06292018:CDS	hypothetical protein	KJ721789.1:c2826-2479	GFPPOPLA_00003

DiscRep_SUB:FEATURE_LOCATION_CONFLICT::Coding region xref gene does not exist
plasmid_files/KJ721789.1_results/PROKKA_06292018:CDS	hypothetical protein	KJ721789.1:c3227-2823	GFPPOPLA_00004

DiscRep_SUB:FEATURE_LOCATION_CONFLICT::Coding region xref gene does not exist
plasmid_files/KJ721789.1_results/PROKKA_06292018:CDS	Plasmid partition protein A	KJ721789.1:4009-5214	GFPPOPLA_00005

DiscRep_SUB:FEATURE_LOCATION_CONFLICT::Coding region xref gene does not exist
plasmid_files/KJ721789.1_results/PROKKA_06292018:CDS	Virulence regulon transcriptional activator VirB	KJ721789.1:5214-6188	GFPPOPLA_00006

DiscRep_SUB:FEATURE_LOCATION_CONFLICT::Coding region xref gene does not exist
plasmid_files/KJ721789.1_results/PROKKA_06292018:CDS	Protein UmuC	KJ721789.1:c7541-6270	GFPPOPLA_00007

DiscRep_SUB:FEATURE_LOCATION_CONFLICT::Coding region xref gene does not exist
plasmid_files/KJ721789.1_results/PROKKA_06292018:CDS	Protein UmuD	KJ721789.1:c7972-7541	GFPPOPLA_00008

DiscRep_SUB:FEATURE_LOCATION_CONFLICT::Coding region xref gene does not exist
plasmid_files/KJ721789.1_results/PROKKA_06292018:CDS	Plasmid segregation protein ParM	KJ721789.1:8205-9176	GFPPOPLA_00009

DiscRep_SUB:FEATURE_LOCATION_CONFLICT::Coding region xref gene does not exist
plasmid_files/KJ721789.1_results/PROKKA_06292018:CDS	hypothetical protein	KJ721789.1:9179-9850	GFPPOPLA_00010

DiscRep_SUB:FEATURE_LOCATION_CONFLICT::Coding region xref gene does not exist
plasmid_files/KJ721789.1_results/PROKKA_06292018:CDS	hypothetical protein	KJ721789.1:9912-10142	GFPPOPLA_00011

DiscRep_SUB:FEATURE_LOCATION_CONFLICT::Coding region xref gene does not exist
plasmid_files/KJ721789.1_results/PROKKA_06292018:CDS	DNA adenine methyltransferase YhdJ	KJ721789.1:10579-11280	GFPPOPLA_00012

DiscRep_SUB:FEATURE_LOCATION_CONFLICT::Coding region xref gene does not exist
plasmid_files/KJ721789.1_results/PROKKA_06292018:CDS	hypothetical protein	KJ721789.1:11280-11501	GFPPOPLA_00013

DiscRep_SUB:FEATURE_LOCATION_CONFLICT::Coding region xref gene does not exist
plasmid_files/KJ721789.1_results/PROKKA_06292018:CDS	hypothetical protein	KJ721789.1:11511-11930	GFPPOPLA_00014

DiscRep_SUB:FEATURE_LOCATION_CONFLICT::Coding region xref gene does not exist
plasmid_files/KJ721789.1_results/PROKKA_06292018:CDS	hypothetical protein	KJ721789.1:11984-12751	GFPPOPLA_00015

DiscRep_SUB:FEATURE_LOCATION_CONFLICT::Coding region xref gene does not exist
plasmid_files/KJ721789.1_results/PROKKA_06292018:CDS	Antirestriction protein KlcA	KJ721789.1:13432-13860	GFPPOPLA_00016

DiscRep_SUB:FEATURE_LOCATION_CONFLICT::Coding region xref gene does not exist
plasmid_files/KJ721789.1_results/PROKKA_06292018:CDS	hypothetical protein	KJ721789.1:13903-14409	GFPPOPLA_00017

DiscRep_SUB:FEATURE_LOCATION_CONFLICT::Coding region xref gene does not exist
plasmid_files/KJ721789.1_results/PROKKA_06292018:CDS	hypothetical protein	KJ721789.1:14452-14643	GFPPOPLA_00018

DiscRep_SUB:FEATURE_LOCATION_CONFLICT::Coding region xref gene does not exist
plasmid_files/KJ721789.1_results/PROKKA_06292018:CDS	DNA polymerase III subunit theta	KJ721789.1:14831-15094	GFPPOPLA_00019

DiscRep_SUB:FEATURE_LOCATION_CONFLICT::Coding region xref gene does not exist
plasmid_files/KJ721789.1_results/PROKKA_06292018:CDS	hypothetical protein	KJ721789.1:15119-15439	GFPPOPLA_00020

DiscRep_SUB:FEATURE_LOCATION_CONFLICT::Coding region xref gene does not exist
plasmid_files/KJ721789.1_results/PROKKA_06292018:CDS	Plasmid-derived single-stranded DNA-binding protein	KJ721789.1:16240-16797	GFPPOPLA_00021

DiscRep_SUB:FEATURE_LOCATION_CONFLICT::Coding region xref gene does not exist
plasmid_files/KJ721789.1_results/PROKKA_06292018:CDS	hypothetical protein	KJ721789.1:16847-17095	GFPPOPLA_00022

DiscRep_SUB:FEATURE_LOCATION_CONFLICT::Coding region xref gene does not exist
plasmid_files/KJ721789.1_results/PROKKA_06292018:CDS	Chromosome-partitioning protein Spo0J	KJ721789.1:17164-19164	GFPPOPLA_00023

DiscRep_SUB:FEATURE_LOCATION_CONFLICT::Coding region xref gene does not exist
plasmid_files/KJ721789.1_results/PROKKA_06292018:CDS	Protein PsiB	KJ721789.1:19208-19639	GFPPOPLA_00024

DiscRep_SUB:FEATURE_LOCATION_CONFLICT::Coding region xref gene does not exist
plasmid_files/KJ721789.1_results/PROKKA_06292018:CDS	hypothetical protein	KJ721789.1:19636-20364	GFPPOPLA_00025

DiscRep_SUB:FEATURE_LOCATION_CONFLICT::Coding region xref gene does not exist
plasmid_files/KJ721789.1_results/PROKKA_06292018:CDS	hypothetical protein	KJ721789.1:20361-20684	GFPPOPLA_00026

DiscRep_SUB:FEATURE_LOCATION_CONFLICT::Coding region xref gene does not exist
plasmid_files/KJ721789.1_results/PROKKA_06292018:CDS	hypothetical protein	KJ721789.1:21480-21707	GFPPOPLA_00027

DiscRep_SUB:FEATURE_LOCATION_CONFLICT::Coding region xref gene does not exist
plasmid_files/KJ721789.1_results/PROKKA_06292018:CDS	hypothetical protein	KJ721789.1:21800-22030	GFPPOPLA_00028

DiscRep_SUB:FEATURE_LOCATION_CONFLICT::Coding region xref gene does not exist
plasmid_files/KJ721789.1_results/PROKKA_06292018:CDS	hypothetical protein	KJ721789.1:22079-22954	GFPPOPLA_00029

DiscRep_SUB:FEATURE_LOCATION_CONFLICT::Coding region xref gene does not exist
plasmid_files/KJ721789.1_results/PROKKA_06292018:CDS	hypothetical protein	KJ721789.1:23740-24078	GFPPOPLA_00030

DiscRep_SUB:FEATURE_LOCATION_CONFLICT::Coding region xref gene does not exist
plasmid_files/KJ721789.1_results/PROKKA_06292018:CDS	hypothetical protein	KJ721789.1:24134-24481	GFPPOPLA_00031

DiscRep_SUB:FEATURE_LOCATION_CONFLICT::Coding region xref gene does not exist
plasmid_files/KJ721789.1_results/PROKKA_06292018:CDS	hypothetical protein	KJ721789.1:24574-24720	GFPPOPLA_00032

DiscRep_SUB:FEATURE_LOCATION_CONFLICT::Coding region xref gene does not exist
plasmid_files/KJ721789.1_results/PROKKA_06292018:CDS	hypothetical protein	KJ721789.1:24768-25310	GFPPOPLA_00033

DiscRep_SUB:FEATURE_LOCATION_CONFLICT::Coding region xref gene does not exist
plasmid_files/KJ721789.1_results/PROKKA_06292018:CDS	Antirestriction protein KlcA	KJ721789.1:25353-25895	GFPPOPLA_00034

DiscRep_SUB:FEATURE_LOCATION_CONFLICT::Coding region xref gene does not exist
plasmid_files/KJ721789.1_results/PROKKA_06292018:CDS	hypothetical protein	KJ721789.1:c26401-25919	GFPPOPLA_00035

DiscRep_SUB:FEATURE_LOCATION_CONFLICT::Coding region xref gene does not exist
plasmid_files/KJ721789.1_results/PROKKA_06292018:CDS	Relaxosome protein TraM	KJ721789.1:26847-27239	GFPPOPLA_00036

DiscRep_SUB:FEATURE_LOCATION_CONFLICT::Coding region xref gene does not exist
plasmid_files/KJ721789.1_results/PROKKA_06292018:CDS	Protein TraJ	KJ721789.1:27474-28175	GFPPOPLA_00037

DiscRep_SUB:FEATURE_LOCATION_CONFLICT::Coding region xref gene does not exist
plasmid_files/KJ721789.1_results/PROKKA_06292018:CDS	Relaxosome protein TraY	KJ721789.1:28260-28460	GFPPOPLA_00038

DiscRep_SUB:FEATURE_LOCATION_CONFLICT::Coding region xref gene does not exist
plasmid_files/KJ721789.1_results/PROKKA_06292018:CDS	Pilin	KJ721789.1:28529-28897	GFPPOPLA_00039

DiscRep_SUB:FEATURE_LOCATION_CONFLICT::Coding region xref gene does not exist
plasmid_files/KJ721789.1_results/PROKKA_06292018:CDS	hypothetical protein	KJ721789.1:28911-29216	GFPPOPLA_00040

DiscRep_SUB:FEATURE_LOCATION_CONFLICT::Coding region xref gene does not exist
plasmid_files/KJ721789.1_results/PROKKA_06292018:CDS	hypothetical protein	KJ721789.1:29236-29802	GFPPOPLA_00041

DiscRep_SUB:FEATURE_LOCATION_CONFLICT::Coding region xref gene does not exist
plasmid_files/KJ721789.1_results/PROKKA_06292018:CDS	hypothetical protein	KJ721789.1:29789-30529	GFPPOPLA_00042

DiscRep_SUB:FEATURE_LOCATION_CONFLICT::Coding region xref gene does not exist
plasmid_files/KJ721789.1_results/PROKKA_06292018:CDS	hypothetical protein	KJ721789.1:30529-31953	GFPPOPLA_00043

DiscRep_SUB:FEATURE_LOCATION_CONFLICT::Coding region xref gene does not exist
plasmid_files/KJ721789.1_results/PROKKA_06292018:CDS	Protein TraV	KJ721789.1:32079-32651	GFPPOPLA_00044

DiscRep_SUB:FEATURE_LOCATION_CONFLICT::Coding region xref gene does not exist
plasmid_files/KJ721789.1_results/PROKKA_06292018:CDS	hypothetical protein	KJ721789.1:32783-33193	GFPPOPLA_00045

DiscRep_SUB:FEATURE_LOCATION_CONFLICT::Coding region xref gene does not exist
plasmid_files/KJ721789.1_results/PROKKA_06292018:CDS	hypothetical protein	KJ721789.1:33299-33517	GFPPOPLA_00046

DiscRep_SUB:FEATURE_LOCATION_CONFLICT::Coding region xref gene does not exist
plasmid_files/KJ721789.1_results/PROKKA_06292018:CDS	hypothetical protein	KJ721789.1:33518-33829	GFPPOPLA_00047

DiscRep_SUB:FEATURE_LOCATION_CONFLICT::Coding region xref gene does not exist
plasmid_files/KJ721789.1_results/PROKKA_06292018:CDS	hypothetical protein	KJ721789.1:34343-34474	GFPPOPLA_00048

DiscRep_SUB:FEATURE_LOCATION_CONFLICT::Coding region xref gene does not exist
plasmid_files/KJ721789.1_results/PROKKA_06292018:CDS	hypothetical protein	KJ721789.1:34585-34731	GFPPOPLA_00049

DiscRep_SUB:FEATURE_LOCATION_CONFLICT::Coding region xref gene does not exist
plasmid_files/KJ721789.1_results/PROKKA_06292018:CDS	hypothetical protein	KJ721789.1:34745-35137	GFPPOPLA_00050

DiscRep_SUB:FEATURE_LOCATION_CONFLICT::Coding region xref gene does not exist
plasmid_files/KJ721789.1_results/PROKKA_06292018:CDS	Protein TraC	KJ721789.1:35209-37848	GFPPOPLA_00051

DiscRep_SUB:FEATURE_LOCATION_CONFLICT::Coding region xref gene does not exist
plasmid_files/KJ721789.1_results/PROKKA_06292018:CDS	hypothetical protein	KJ721789.1:37848-38240	GFPPOPLA_00052

DiscRep_SUB:FEATURE_LOCATION_CONFLICT::Coding region xref gene does not exist
plasmid_files/KJ721789.1_results/PROKKA_06292018:CDS	hypothetical protein	KJ721789.1:38237-38872	GFPPOPLA_00053

DiscRep_SUB:FEATURE_LOCATION_CONFLICT::Coding region xref gene does not exist
plasmid_files/KJ721789.1_results/PROKKA_06292018:CDS	hypothetical protein	KJ721789.1:38907-39308	GFPPOPLA_00054

DiscRep_SUB:FEATURE_LOCATION_CONFLICT::Coding region xref gene does not exist
plasmid_files/KJ721789.1_results/PROKKA_06292018:CDS	hypothetical protein	KJ721789.1:39305-40294	GFPPOPLA_00055

DiscRep_SUB:FEATURE_LOCATION_CONFLICT::Coding region xref gene does not exist
plasmid_files/KJ721789.1_results/PROKKA_06292018:CDS	hypothetical protein	KJ721789.1:40307-40945	GFPPOPLA_00056

DiscRep_SUB:FEATURE_LOCATION_CONFLICT::Coding region xref gene does not exist
plasmid_files/KJ721789.1_results/PROKKA_06292018:CDS	hypothetical protein	KJ721789.1:41004-42959	GFPPOPLA_00057

DiscRep_SUB:FEATURE_LOCATION_CONFLICT::Coding region xref gene does not exist
plasmid_files/KJ721789.1_results/PROKKA_06292018:CDS	hypothetical protein	KJ721789.1:42991-43245	GFPPOPLA_00058

DiscRep_SUB:FEATURE_LOCATION_CONFLICT::Coding region xref gene does not exist
plasmid_files/KJ721789.1_results/PROKKA_06292018:CDS	hypothetical protein	KJ721789.1:43223-43471	GFPPOPLA_00059

DiscRep_SUB:FEATURE_LOCATION_CONFLICT::Coding region xref gene does not exist
plasmid_files/KJ721789.1_results/PROKKA_06292018:CDS	hypothetical protein	KJ721789.1:43484-43810	GFPPOPLA_00060

DiscRep_SUB:FEATURE_LOCATION_CONFLICT::Coding region xref gene does not exist
plasmid_files/KJ721789.1_results/PROKKA_06292018:CDS	hypothetical protein	KJ721789.1:43831-44583	GFPPOPLA_00061

DiscRep_SUB:FEATURE_LOCATION_CONFLICT::Coding region xref gene does not exist
plasmid_files/KJ721789.1_results/PROKKA_06292018:CDS	Protein TraQ	KJ721789.1:44594-44833	GFPPOPLA_00062

DiscRep_SUB:FEATURE_LOCATION_CONFLICT::Coding region xref gene does not exist
plasmid_files/KJ721789.1_results/PROKKA_06292018:CDS	hypothetical protein	KJ721789.1:44805-45362	GFPPOPLA_00063

DiscRep_SUB:FEATURE_LOCATION_CONFLICT::Coding region xref gene does not exist
plasmid_files/KJ721789.1_results/PROKKA_06292018:CDS	hypothetical protein	KJ721789.1:45408-45851	GFPPOPLA_00064

DiscRep_SUB:FEATURE_LOCATION_CONFLICT::Coding region xref gene does not exist
plasmid_files/KJ721789.1_results/PROKKA_06292018:CDS	hypothetical protein	KJ721789.1:45841-47208	GFPPOPLA_00065

DiscRep_SUB:FEATURE_LOCATION_CONFLICT::Coding region xref gene does not exist
plasmid_files/KJ721789.1_results/PROKKA_06292018:CDS	hypothetical protein	KJ721789.1:47208-50057	GFPPOPLA_00066

DiscRep_SUB:FEATURE_LOCATION_CONFLICT::Coding region xref gene does not exist
plasmid_files/KJ721789.1_results/PROKKA_06292018:CDS	Protein TraS	KJ721789.1:50070-50618	GFPPOPLA_00067

DiscRep_SUB:FEATURE_LOCATION_CONFLICT::Coding region xref gene does not exist
plasmid_files/KJ721789.1_results/PROKKA_06292018:CDS	Lipoprotein YlpA	KJ721789.1:50802-51533	GFPPOPLA_00068

DiscRep_SUB:FEATURE_LOCATION_CONFLICT::Coding region xref gene does not exist
plasmid_files/KJ721789.1_results/PROKKA_06292018:CDS	hypothetical protein	KJ721789.1:51725-52414	GFPPOPLA_00069

DiscRep_SUB:FEATURE_LOCATION_CONFLICT::Coding region xref gene does not exist
plasmid_files/KJ721789.1_results/PROKKA_06292018:CDS	Coupling protein TraD	KJ721789.1:52543-54855	GFPPOPLA_00070

DiscRep_SUB:FEATURE_LOCATION_CONFLICT::Coding region xref gene does not exist
plasmid_files/KJ721789.1_results/PROKKA_06292018:CDS	Multifunctional conjugation protein TraI	KJ721789.1:54855-60116	GFPPOPLA_00071

DiscRep_SUB:FEATURE_LOCATION_CONFLICT::Coding region xref gene does not exist
plasmid_files/KJ721789.1_results/PROKKA_06292018:CDS	hypothetical protein	KJ721789.1:60197-60922	GFPPOPLA_00072

DiscRep_SUB:FEATURE_LOCATION_CONFLICT::Coding region xref gene does not exist
plasmid_files/KJ721789.1_results/PROKKA_06292018:CDS	Fertility inhibition protein	KJ721789.1:61079-61672	GFPPOPLA_00073

DiscRep_SUB:FEATURE_LOCATION_CONFLICT::Coding region xref gene does not exist
plasmid_files/KJ721789.1_results/PROKKA_06292018:CDS	hypothetical protein	KJ721789.1:62214-62435	GFPPOPLA_00074

DiscRep_SUB:FEATURE_LOCATION_CONFLICT::Coding region xref gene does not exist
plasmid_files/KJ721789.1_results/PROKKA_06292018:CDS	hypothetical protein	KJ721789.1:62485-63108	GFPPOPLA_00075

DiscRep_SUB:FEATURE_LOCATION_CONFLICT::Coding region xref gene does not exist
plasmid_files/KJ721789.1_results/PROKKA_06292018:CDS	hypothetical protein	KJ721789.1:63114-63764	GFPPOPLA_00076

DiscRep_SUB:FEATURE_LOCATION_CONFLICT::Coding region xref gene does not exist
plasmid_files/KJ721789.1_results/PROKKA_06292018:CDS	hypothetical protein	KJ721789.1:63761-64069	GFPPOPLA_00077

DiscRep_SUB:FEATURE_LOCATION_CONFLICT::Coding region xref gene does not exist
plasmid_files/KJ721789.1_results/PROKKA_06292018:CDS	Phospholipase D	KJ721789.1:64167-64724	GFPPOPLA_00078

DiscRep_SUB:FEATURE_LOCATION_CONFLICT::Coding region xref gene does not exist
plasmid_files/KJ721789.1_results/PROKKA_06292018:CDS	hypothetical protein	KJ721789.1:64856-65113	GFPPOPLA_00079

DiscRep_SUB:FEATURE_LOCATION_CONFLICT::Coding region xref gene does not exist
plasmid_files/KJ721789.1_results/PROKKA_06292018:CDS	Replication initiation protein	KJ721789.1:65426-66445	GFPPOPLA_00080

DiscRep_SUB:FEATURE_LOCATION_CONFLICT::Coding region xref gene does not exist
plasmid_files/KJ721789.1_results/PROKKA_06292018:CDS	hypothetical protein	KJ721789.1:67461-68366	GFPPOPLA_00081

DiscRep_SUB:FEATURE_LOCATION_CONFLICT::Coding region xref gene does not exist
plasmid_files/KJ721789.1_results/PROKKA_06292018:CDS	hypothetical protein	KJ721789.1:c69916-68717	GFPPOPLA_00082

DiscRep_SUB:FEATURE_LOCATION_CONFLICT::Coding region xref gene does not exist
plasmid_files/KJ721789.1_results/PROKKA_06292018:CDS	hypothetical protein	KJ721789.1:c70114-69926	GFPPOPLA_00083

DiscRep_SUB:FEATURE_LOCATION_CONFLICT::Coding region xref gene does not exist
plasmid_files/KJ721789.1_results/PROKKA_06292018:CDS	hypothetical protein	KJ721789.1:70267-71004	GFPPOPLA_00084

DiscRep_SUB:FEATURE_LOCATION_CONFLICT::Coding region xref gene does not exist
plasmid_files/KJ721789.1_results/PROKKA_06292018:CDS	Recombination-promoting nuclease RpnA	KJ721789.1:c71997-71044	GFPPOPLA_00085

DiscRep_SUB:FEATURE_LOCATION_CONFLICT::Coding region xref gene does not exist
plasmid_files/KJ721789.1_results/PROKKA_06292018:CDS	Serine recombinase PinR	KJ721789.1:c72692-72105	GFPPOPLA_00086

DiscRep_SUB:FEATURE_LOCATION_CONFLICT::Coding region xref gene does not exist
plasmid_files/KJ721789.1_results/PROKKA_06292018:CDS	hypothetical protein	KJ721789.1:73232-73750	GFPPOPLA_00087

DiscRep_SUB:FEATURE_LOCATION_CONFLICT::Coding region xref gene does not exist
plasmid_files/KJ721789.1_results/PROKKA_06292018:CDS	Iron-sulfur cluster carrier protein	KJ721789.1:74080-74727	GFPPOPLA_00088

DiscRep_SUB:FEATURE_LOCATION_CONFLICT::Coding region xref gene does not exist
plasmid_files/KJ721789.1_results/PROKKA_06292018:CDS	hypothetical protein	KJ721789.1:74718-74993	GFPPOPLA_00089

DiscRep_SUB:FEATURE_LOCATION_CONFLICT::Coding region xref gene does not exist
plasmid_files/KJ721789.1_results/PROKKA_06292018:CDS	hypothetical protein	KJ721789.1:c75394-75194	GFPPOPLA_00090

DiscRep_SUB:FEATURE_LOCATION_CONFLICT::Coding region xref gene does not exist
plasmid_files/KJ721789.1_results/PROKKA_06292018:CDS	Protein UmuC	KJ721789.1:c76767-75496	GFPPOPLA_00091

DiscRep_SUB:FEATURE_LOCATION_CONFLICT::Coding region xref gene does not exist
plasmid_files/KJ721789.1_results/PROKKA_06292018:CDS	Protein UmuD	KJ721789.1:c77240-76779	GFPPOPLA_00092

DiscRep_SUB:FEATURE_LOCATION_CONFLICT::Coding region xref gene does not exist
plasmid_files/KJ721789.1_results/PROKKA_06292018:CDS	hypothetical protein	KJ721789.1:c77470-77225	GFPPOPLA_00093

DiscRep_SUB:FEATURE_LOCATION_CONFLICT::Coding region xref gene does not exist
plasmid_files/KJ721789.1_results/PROKKA_06292018:CDS	hypothetical protein	KJ721789.1:77674-77904	GFPPOPLA_00094

DiscRep_SUB:FEATURE_LOCATION_CONFLICT::Coding region xref gene does not exist
plasmid_files/KJ721789.1_results/PROKKA_06292018:CDS	hypothetical protein	KJ721789.1:78023-78199	GFPPOPLA_00095

DiscRep_SUB:FEATURE_LOCATION_CONFLICT::Coding region xref gene does not exist
plasmid_files/KJ721789.1_results/PROKKA_06292018:CDS	hypothetical protein	KJ721789.1:78340-78708	GFPPOPLA_00096

DiscRep_SUB:FEATURE_LOCATION_CONFLICT::Coding region xref gene does not exist
plasmid_files/KJ721789.1_results/PROKKA_06292018:CDS	hypothetical protein	KJ721789.1:c80071-78872	GFPPOPLA_00097

DiscRep_SUB:FEATURE_LOCATION_CONFLICT::Coding region xref gene does not exist
plasmid_files/KJ721789.1_results/PROKKA_06292018:CDS	hypothetical protein	KJ721789.1:c80269-80081	GFPPOPLA_00098

DiscRep_SUB:FEATURE_LOCATION_CONFLICT::Coding region xref gene does not exist
plasmid_files/KJ721789.1_results/PROKKA_06292018:CDS	hypothetical protein	KJ721789.1:80400-80960	GFPPOPLA_00099

DiscRep_SUB:FEATURE_LOCATION_CONFLICT::Coding region xref gene does not exist
plasmid_files/KJ721789.1_results/PROKKA_06292018:CDS	hypothetical protein	KJ721789.1:80995-81228	GFPPOPLA_00100

DiscRep_SUB:FEATURE_LOCATION_CONFLICT::Coding region xref gene does not exist
plasmid_files/KJ721789.1_results/PROKKA_06292018:CDS	hypothetical protein	KJ721789.1:81225-81560	GFPPOPLA_00101

DiscRep_SUB:FEATURE_LOCATION_CONFLICT::Coding region xref gene does not exist
plasmid_files/KJ721789.1_results/PROKKA_06292018:CDS	DNA adenine methyltransferase YhdJ	KJ721789.1:81946-82647	GFPPOPLA_00102

DiscRep_SUB:FEATURE_LOCATION_CONFLICT::Coding region xref gene does not exist
plasmid_files/KJ721789.1_results/PROKKA_06292018:CDS	hypothetical protein	KJ721789.1:82647-82868	GFPPOPLA_00103

DiscRep_SUB:FEATURE_LOCATION_CONFLICT::Coding region xref gene does not exist
plasmid_files/KJ721789.1_results/PROKKA_06292018:CDS	hypothetical protein	KJ721789.1:82878-83297	GFPPOPLA_00104

DiscRep_SUB:FEATURE_LOCATION_CONFLICT::Coding region xref gene does not exist
plasmid_files/KJ721789.1_results/PROKKA_06292018:CDS	hypothetical protein	KJ721789.1:83351-84118	GFPPOPLA_00105

DiscRep_SUB:FEATURE_LOCATION_CONFLICT::Coding region xref gene does not exist
plasmid_files/KJ721789.1_results/PROKKA_06292018:CDS	Antirestriction protein KlcA	KJ721789.1:84799-85227	GFPPOPLA_00106

DiscRep_SUB:FEATURE_LOCATION_CONFLICT::Coding region xref gene does not exist
plasmid_files/KJ721789.1_results/PROKKA_06292018:CDS	hypothetical protein	KJ721789.1:85197-85778	GFPPOPLA_00107

DiscRep_SUB:FEATURE_LOCATION_CONFLICT::Coding region xref gene does not exist
plasmid_files/KJ721789.1_results/PROKKA_06292018:CDS	hypothetical protein	KJ721789.1:85821-86012	GFPPOPLA_00108

DiscRep_SUB:FEATURE_LOCATION_CONFLICT::Coding region xref gene does not exist
plasmid_files/KJ721789.1_results/PROKKA_06292018:CDS	DNA polymerase III subunit theta	KJ721789.1:86200-86460	GFPPOPLA_00109

DiscRep_SUB:FEATURE_LOCATION_CONFLICT::Coding region xref gene does not exist
plasmid_files/KJ721789.1_results/PROKKA_06292018:CDS	hypothetical protein	KJ721789.1:86496-86816	GFPPOPLA_00110

DiscRep_SUB:FEATURE_LOCATION_CONFLICT::Coding region xref gene does not exist
plasmid_files/KJ721789.1_results/PROKKA_06292018:CDS	Plasmid-derived single-stranded DNA-binding protein	KJ721789.1:87491-88033	GFPPOPLA_00111

DiscRep_SUB:FEATURE_LOCATION_CONFLICT::Coding region xref gene does not exist
plasmid_files/KJ721789.1_results/PROKKA_06292018:CDS	hypothetical protein	KJ721789.1:88082-88330	GFPPOPLA_00112

DiscRep_SUB:FEATURE_LOCATION_CONFLICT::Coding region xref gene does not exist
plasmid_files/KJ721789.1_results/PROKKA_06292018:CDS	Chromosome-partitioning protein Spo0J	KJ721789.1:88399-90399	GFPPOPLA_00113

DiscRep_SUB:FEATURE_LOCATION_CONFLICT::Coding region xref gene does not exist
plasmid_files/KJ721789.1_results/PROKKA_06292018:CDS	Protein PsiB	KJ721789.1:90444-90875	GFPPOPLA_00114

DiscRep_SUB:FEATURE_LOCATION_CONFLICT::Coding region xref gene does not exist
plasmid_files/KJ721789.1_results/PROKKA_06292018:CDS	hypothetical protein	KJ721789.1:90872-91600	GFPPOPLA_00115

DiscRep_SUB:FEATURE_LOCATION_CONFLICT::Coding region xref gene does not exist
plasmid_files/KJ721789.1_results/PROKKA_06292018:CDS	hypothetical protein	KJ721789.1:91597-91923	GFPPOPLA_00116

DiscRep_SUB:FEATURE_LOCATION_CONFLICT::Coding region xref gene does not exist
plasmid_files/KJ721789.1_results/PROKKA_06292018:CDS	hypothetical protein	KJ721789.1:92112-92621	GFPPOPLA_00117

DiscRep_SUB:FEATURE_LOCATION_CONFLICT::Coding region xref gene does not exist
plasmid_files/KJ721789.1_results/PROKKA_06292018:CDS	hypothetical protein	KJ721789.1:92678-93487	GFPPOPLA_00118

DiscRep_SUB:FEATURE_LOCATION_CONFLICT::Coding region xref gene does not exist
plasmid_files/KJ721789.1_results/PROKKA_06292018:CDS	ATP-dependent zinc metalloprotease FtsH	KJ721789.1:93657-94697	GFPPOPLA_00119

DiscRep_SUB:FEATURE_LOCATION_CONFLICT::Coding region xref gene does not exist
plasmid_files/KJ721789.1_results/PROKKA_06292018:CDS	hypothetical protein	KJ721789.1:94675-97185	GFPPOPLA_00120

DiscRep_SUB:FEATURE_LOCATION_CONFLICT::Coding region xref gene does not exist
plasmid_files/KJ721789.1_results/PROKKA_06292018:CDS	hypothetical protein	KJ721789.1:c99151-97619	GFPPOPLA_00121

DiscRep_SUB:FEATURE_LOCATION_CONFLICT::Coding region xref gene does not exist
plasmid_files/KJ721789.1_results/PROKKA_06292018:CDS	hypothetical protein	KJ721789.1:99240-100580	GFPPOPLA_00122

DiscRep_SUB:FEATURE_LOCATION_CONFLICT::Coding region xref gene does not exist
plasmid_files/KJ721789.1_results/PROKKA_06292018:CDS	Protein YgiW	KJ721789.1:c101246-100836	GFPPOPLA_00123

DiscRep_SUB:FEATURE_LOCATION_CONFLICT::Coding region xref gene does not exist
plasmid_files/KJ721789.1_results/PROKKA_06292018:CDS	Nickel/cobalt efflux system RcnA	KJ721789.1:c102550-101420	GFPPOPLA_00124

DiscRep_SUB:FEATURE_LOCATION_CONFLICT::Coding region xref gene does not exist
plasmid_files/KJ721789.1_results/PROKKA_06292018:CDS	Copper-sensing transcriptional repressor CsoR	KJ721789.1:c102832-102563	GFPPOPLA_00125

DiscRep_SUB:FEATURE_LOCATION_CONFLICT::Coding region xref gene does not exist
plasmid_files/KJ721789.1_results/PROKKA_06292018:CDS	Multidrug resistance protein MdtG	KJ721789.1:c104236-102938	GFPPOPLA_00126

DiscRep_SUB:FEATURE_LOCATION_CONFLICT::Coding region xref gene does not exist
plasmid_files/KJ721789.1_results/PROKKA_06292018:CDS	hypothetical protein	KJ721789.1:c105228-104470	GFPPOPLA_00127

DiscRep_SUB:FEATURE_LOCATION_CONFLICT::Coding region xref gene does not exist
plasmid_files/KJ721789.1_results/PROKKA_06292018:CDS	hypothetical protein	KJ721789.1:c106202-105282	GFPPOPLA_00128

DiscRep_SUB:FEATURE_LOCATION_CONFLICT::Coding region xref gene does not exist
plasmid_files/KJ721789.1_results/PROKKA_06292018:CDS	hypothetical protein	KJ721789.1:c106636-106265	GFPPOPLA_00129

DiscRep_SUB:FEATURE_LOCATION_CONFLICT::Coding region xref gene does not exist
plasmid_files/KJ721789.1_results/PROKKA_06292018:CDS	hypothetical protein	KJ721789.1:107037-107366	GFPPOPLA_00130

DiscRep_SUB:FEATURE_LOCATION_CONFLICT::Coding region xref gene does not exist
plasmid_files/KJ721789.1_results/PROKKA_06292018:CDS	hypothetical protein	KJ721789.1:107548-108867	GFPPOPLA_00131

DiscRep_SUB:FEATURE_LOCATION_CONFLICT::Coding region xref gene does not exist
plasmid_files/KJ721789.1_results/PROKKA_06292018:CDS	Carbapenem-hydrolyzing beta-lactamase KPC	KJ721789.1:c109998-109117	GFPPOPLA_00132

DiscRep_SUB:FEATURE_LOCATION_CONFLICT::Coding region xref gene does not exist
plasmid_files/KJ721789.1_results/PROKKA_06292018:CDS	hypothetical protein	KJ721789.1:c110320-110027	GFPPOPLA_00133

DiscRep_SUB:FEATURE_LOCATION_CONFLICT::Coding region xref gene does not exist
plasmid_files/KJ721789.1_results/PROKKA_06292018:CDS	Insertion sequence IS5376 putative ATP-binding protein	KJ721789.1:c111096-110317	GFPPOPLA_00134

DiscRep_SUB:FEATURE_LOCATION_CONFLICT::Coding region xref gene does not exist
plasmid_files/KJ721789.1_results/PROKKA_06292018:CDS	hypothetical protein	KJ721789.1:c112638-111439	GFPPOPLA_00135

DiscRep_SUB:FEATURE_LOCATION_CONFLICT::Coding region xref gene does not exist
plasmid_files/KJ721789.1_results/PROKKA_06292018:CDS	hypothetical protein	KJ721789.1:c112836-112648	GFPPOPLA_00136

DiscRep_SUB:FEATURE_LOCATION_CONFLICT::Coding region xref gene does not exist
plasmid_files/KJ721789.1_results/PROKKA_06292018:CDS	hypothetical protein	KJ721789.1:c113806-112925	GFPPOPLA_00137

DiscRep_SUB:FEATURE_LOCATION_CONFLICT::Coding region xref gene does not exist
plasmid_files/KJ721789.1_results/PROKKA_06292018:CDS	hypothetical protein	KJ721789.1:c116942-113913	GFPPOPLA_00138

DiscRep_SUB:FEATURE_LOCATION_CONFLICT::Coding region xref gene does not exist
plasmid_files/KJ721789.1_results/PROKKA_06292018:CDS	Tyrosine recombinase XerD	KJ721789.1:117052-118767	GFPPOPLA_00139

DiscRep_SUB:FEATURE_LOCATION_CONFLICT::Coding region xref gene does not exist
plasmid_files/KJ721789.1_results/PROKKA_06292018:CDS	hypothetical protein	KJ721789.1:c119718-118810	GFPPOPLA_00140

DiscRep_SUB:FEATURE_LOCATION_CONFLICT::Coding region xref gene does not exist
plasmid_files/KJ721789.1_results/PROKKA_06292018:CDS	Transposon Tn3 resolvase	KJ721789.1:119882-120361	GFPPOPLA_00141

DiscRep_SUB:FEATURE_LOCATION_CONFLICT::Coding region xref gene does not exist
plasmid_files/KJ721789.1_results/PROKKA_06292018:CDS	hypothetical protein	KJ721789.1:c121099-120395	GFPPOPLA_00142

DiscRep_SUB:FEATURE_LOCATION_CONFLICT::Coding region xref gene does not exist
plasmid_files/KJ721789.1_results/PROKKA_06292018:CDS	hypothetical protein	KJ721789.1:121213-121440	GFPPOPLA_00143

DiscRep_SUB:FEATURE_LOCATION_CONFLICT::Coding region xref gene does not exist
plasmid_files/KJ721789.1_results/PROKKA_06292018:CDS	hypothetical protein	KJ721789.1:121476-121787	GFPPOPLA_00144

DiscRep_SUB:FEATURE_LOCATION_CONFLICT::Coding region xref gene does not exist
plasmid_files/KJ721789.1_results/PROKKA_06292018:CDS	hypothetical protein	KJ721789.1:121843-122484	GFPPOPLA_00145

DiscRep_SUB:FEATURE_LOCATION_CONFLICT::Coding region xref gene does not exist
plasmid_files/KJ721789.1_results/PROKKA_06292018:CDS	hypothetical protein	KJ721789.1:122489-122695	GFPPOPLA_00146

DiscRep_SUB:FEATURE_LOCATION_CONFLICT::Coding region xref gene does not exist
plasmid_files/KJ721789.1_results/PROKKA_06292018:CDS	hypothetical protein	KJ721789.1:c122972-122706	GFPPOPLA_00147

DiscRep_SUB:FEATURE_LOCATION_CONFLICT::Coding region xref gene does not exist
plasmid_files/KJ721789.1_results/PROKKA_06292018:CDS	DNA-cytosine methyltransferase	KJ721789.1:123077-124510	GFPPOPLA_00148

DiscRep_SUB:FEATURE_LOCATION_CONFLICT::Coding region xref gene does not exist
plasmid_files/KJ721789.1_results/PROKKA_06292018:CDS	Type-2 restriction enzyme EcoRII	KJ721789.1:c125752-124544	GFPPOPLA_00149

DiscRep_SUB:FEATURE_LOCATION_CONFLICT::Coding region xref gene does not exist
plasmid_files/KJ721789.1_results/PROKKA_06292018:CDS	hypothetical protein	KJ721789.1:c126783-126019	GFPPOPLA_00150

DiscRep_SUB:FEATURE_LOCATION_CONFLICT::Coding region xref gene does not exist
plasmid_files/KJ721789.1_results/PROKKA_06292018:CDS	hypothetical protein	KJ721789.1:c127192-126926	GFPPOPLA_00151

DiscRep_SUB:FEATURE_LOCATION_CONFLICT::Coding region xref gene does not exist
plasmid_files/KJ721789.1_results/PROKKA_06292018:CDS	Dihydrofolate reductase type 1	KJ721789.1:c127886-127413	GFPPOPLA_00152

DiscRep_SUB:FEATURE_LOCATION_CONFLICT::Coding region xref gene does not exist
plasmid_files/KJ721789.1_results/PROKKA_06292018:CDS	Tyrosine recombinase XerD	KJ721789.1:128042-128971	GFPPOPLA_00153

DiscRep_SUB:FEATURE_LOCATION_CONFLICT::Coding region xref gene does not exist
plasmid_files/KJ721789.1_results/PROKKA_06292018:CDS	hypothetical protein	KJ721789.1:c129566-128862	GFPPOPLA_00154

DiscRep_SUB:FEATURE_LOCATION_CONFLICT::Coding region xref gene does not exist
plasmid_files/KJ721789.1_results/PROKKA_06292018:CDS	DNA replication and repair protein RecF	KJ721789.1:c129849-129613	GFPPOPLA_00155

DiscRep_SUB:FEATURE_LOCATION_CONFLICT::Coding region xref gene does not exist
plasmid_files/KJ721789.1_results/PROKKA_06292018:CDS	tRNA(fMet)-specific endonuclease VapC	KJ721789.1:c130339-129923	GFPPOPLA_00156

DiscRep_SUB:FEATURE_LOCATION_CONFLICT::Coding region xref gene does not exist
plasmid_files/KJ721789.1_results/PROKKA_06292018:CDS	Antitoxin VapB	KJ721789.1:c130566-130336	GFPPOPLA_00157

DiscRep_SUB:FEATURE_LOCATION_CONFLICT::Coding region xref gene does not exist
plasmid_files/KJ721789.1_results/PROKKA_06292018:CDS	hypothetical protein	KJ721789.1:130920-131108	GFPPOPLA_00158

DiscRep_SUB:FEATURE_LOCATION_CONFLICT::Coding region xref gene does not exist
plasmid_files/KJ721789.1_results/PROKKA_06292018:CDS	hypothetical protein	KJ721789.1:131118-132317	GFPPOPLA_00159

DiscRep_SUB:FEATURE_LOCATION_CONFLICT::Coding region xref gene does not exist
plasmid_files/KJ721789.1_results/PROKKA_06292018:CDS	Protein UmuC	KJ721789.1:132448-132981	GFPPOPLA_00160

DiscRep_SUB:FEATURE_LOCATION_CONFLICT::Coding region xref gene does not exist
plasmid_files/KJ721789.1_results/PROKKA_06292018:CDS	Replication protein RepA	KJ721789.1:133397-134272	GFPPOPLA_00161

DiscRep_SUB:FEATURE_LOCATION_CONFLICT::Coding region xref gene does not exist
plasmid_files/KJ721789.1_results/PROKKA_06292018:CDS	Chromosome-partitioning ATPase Soj	KJ721789.1:134905-135531	GFPPOPLA_00162

DiscRep_SUB:FEATURE_LOCATION_CONFLICT::Coding region xref gene does not exist
plasmid_files/KJ721789.1_results/PROKKA_06292018:CDS	hypothetical protein	KJ721789.1:135528-135830	GFPPOPLA_00163

DiscRep_SUB:FEATURE_LOCATION_CONFLICT::Coding region xref gene does not exist
plasmid_files/KJ721789.1_results/PROKKA_06292018:CDS	Tyrosine recombinase XerD	KJ721789.1:c137080-136286	GFPPOPLA_00164

DiscRep_SUB:FEATURE_LOCATION_CONFLICT::Coding region xref gene does not exist
plasmid_files/KJ721789.1_results/PROKKA_06292018:CDS	hypothetical protein	KJ721789.1:c138294-137278	GFPPOPLA_00165

DiscRep_SUB:FEATURE_LOCATION_CONFLICT::Coding region xref gene does not exist
plasmid_files/KJ721789.1_results/PROKKA_06292018:CDS	hypothetical protein	KJ721789.1:c138614-138291	GFPPOPLA_00166

DiscRep_SUB:FEATURE_LOCATION_CONFLICT::Coding region xref gene does not exist
plasmid_files/KJ721789.1_results/PROKKA_06292018:CDS	hypothetical protein	KJ721789.1:c139036-138641	GFPPOPLA_00167

DiscRep_SUB:FEATURE_LOCATION_CONFLICT::Coding region xref gene does not exist
plasmid_files/KJ721789.1_results/PROKKA_06292018:CDS	Toxin CcdB	KJ721789.1:c139510-139205	GFPPOPLA_00168

DiscRep_SUB:FEATURE_LOCATION_CONFLICT::Coding region xref gene does not exist
plasmid_files/KJ721789.1_results/PROKKA_06292018:CDS	Antitoxin CcdA	KJ721789.1:c139730-139512	GFPPOPLA_00169

DiscRep_SUB:FEATURE_LOCATION_CONFLICT::Coding region xref gene does not exist
plasmid_files/KJ721789.1_results/PROKKA_06292018:CDS	hypothetical protein	KJ721789.1:c141452-140253	GFPPOPLA_00170

DiscRep_SUB:FEATURE_LOCATION_CONFLICT::Coding region xref gene does not exist
plasmid_files/KJ721789.1_results/PROKKA_06292018:CDS	hypothetical protein	KJ721789.1:c141650-141462	GFPPOPLA_00171

DiscRep_SUB:FEATURE_LOCATION_CONFLICT::Coding region xref gene does not exist
plasmid_files/KJ721789.1_results/PROKKA_06292018:CDS	hypothetical protein	KJ721789.1:141770-142900	GFPPOPLA_00172

DiscRep_SUB:FEATURE_LOCATION_CONFLICT::Coding region xref gene does not exist
plasmid_files/KJ721789.1_results/PROKKA_06292018:CDS	hypothetical protein	KJ721789.1:143087-146239	GFPPOPLA_00173

DiscRep_SUB:FEATURE_LOCATION_CONFLICT::Coding region xref gene does not exist
plasmid_files/KJ721789.1_results/PROKKA_06292018:CDS	hypothetical protein	KJ721789.1:146285-147265	GFPPOPLA_00174

DiscRep_SUB:FEATURE_LOCATION_CONFLICT::Coding region xref gene does not exist
plasmid_files/KJ721789.1_results/PROKKA_06292018:CDS	hypothetical protein	KJ721789.1:147323-150022	GFPPOPLA_00175

DiscRep_SUB:FEATURE_LOCATION_CONFLICT::Coding region xref gene does not exist
plasmid_files/KJ721789.1_results/PROKKA_06292018:CDS	hypothetical protein	KJ721789.1:c153381-150484	GFPPOPLA_00176

DiscRep_SUB:FEATURE_LOCATION_CONFLICT::Coding region xref gene does not exist
plasmid_files/KJ721789.1_results/PROKKA_06292018:CDS	Serine recombinase PinR	KJ721789.1:153476-154081	GFPPOPLA_00177

DiscRep_SUB:FEATURE_LOCATION_CONFLICT::Coding region xref gene does not exist
plasmid_files/KJ721789.1_results/PROKKA_06292018:CDS	Na(+)/H(+) antiporter NhaA	KJ721789.1:154741-155922	GFPPOPLA_00178

DiscRep_SUB:FEATURE_LOCATION_CONFLICT::Coding region xref gene does not exist
plasmid_files/KJ721789.1_results/PROKKA_06292018:CDS	hypothetical protein	KJ721789.1:c156663-156349	GFPPOPLA_00179

DiscRep_SUB:FEATURE_LOCATION_CONFLICT::Coding region xref gene does not exist
plasmid_files/KJ721789.1_results/PROKKA_06292018:CDS	hypothetical protein	KJ721789.1:c157274-156918	GFPPOPLA_00180

DiscRep_SUB:FEATURE_LOCATION_CONFLICT::Coding region xref gene does not exist
plasmid_files/KJ721789.1_results/PROKKA_06292018:CDS	hypothetical protein	KJ721789.1:c157665-157264	GFPPOPLA_00181

DiscRep_SUB:FEATURE_LOCATION_CONFLICT::Coding region xref gene does not exist
plasmid_files/KJ721789.1_results/PROKKA_06292018:CDS	hypothetical protein	KJ721789.1:c157952-157662	GFPPOPLA_00182

DiscRep_SUB:FEATURE_LOCATION_CONFLICT::Coding region xref gene does not exist
plasmid_files/KJ721789.1_results/PROKKA_06292018:CDS	hypothetical protein	KJ721789.1:158027-160993	GFPPOPLA_00183

DiscRep_SUB:FEATURE_LOCATION_CONFLICT::Coding region xref gene does not exist
plasmid_files/KJ721789.1_results/PROKKA_06292018:CDS	hypothetical protein	KJ721789.1:161072-162076	GFPPOPLA_00184

DiscRep_SUB:FEATURE_LOCATION_CONFLICT::Coding region xref gene does not exist
plasmid_files/KJ721789.1_results/PROKKA_06292018:CDS	hypothetical protein	KJ721789.1:c162461-162258	GFPPOPLA_00185

DiscRep_SUB:FEATURE_LOCATION_CONFLICT::Coding region xref gene does not exist
plasmid_files/KJ721789.1_results/PROKKA_06292018:CDS	Modulating protein YmoA	KJ721789.1:c162678-162475	GFPPOPLA_00186

DiscRep_SUB:FEATURE_LOCATION_CONFLICT::Coding region xref gene does not exist
plasmid_files/KJ721789.1_results/PROKKA_06292018:CDS	hypothetical protein	KJ721789.1:c163080-162712	GFPPOPLA_00187

DiscRep_SUB:FEATURE_LOCATION_CONFLICT::Coding region xref gene does not exist
plasmid_files/KJ721789.1_results/PROKKA_06292018:CDS	hypothetical protein	KJ721789.1:c163618-163124	GFPPOPLA_00188

DiscRep_SUB:FEATURE_LOCATION_CONFLICT::Coding region xref gene does not exist
plasmid_files/KJ721789.1_results/PROKKA_06292018:CDS	hypothetical protein	KJ721789.1:c164224-163649	GFPPOPLA_00189

DiscRep_SUB:FEATURE_LOCATION_CONFLICT::Coding region xref gene does not exist
plasmid_files/KJ721789.1_results/PROKKA_06292018:CDS	hypothetical protein	KJ721789.1:c164481-164212	GFPPOPLA_00190

DiscRep_SUB:FEATURE_LOCATION_CONFLICT::Coding region xref gene does not exist
plasmid_files/KJ721789.1_results/PROKKA_06292018:CDS	hypothetical protein	KJ721789.1:164918-165607	GFPPOPLA_00191

DiscRep_SUB:FEATURE_LOCATION_CONFLICT::Coding region xref gene does not exist
plasmid_files/KJ721789.1_results/PROKKA_06292018:CDS	hypothetical protein	KJ721789.1:c166328-165639	GFPPOPLA_00192

DiscRep_SUB:FEATURE_LOCATION_CONFLICT::Coding region xref gene does not exist
plasmid_files/KJ721789.1_results/PROKKA_06292018:CDS	hypothetical protein	KJ721789.1:166840-167160	GFPPOPLA_00193

DiscRep_SUB:FEATURE_LOCATION_CONFLICT::Coding region xref gene does not exist
plasmid_files/KJ721789.1_results/PROKKA_06292018:CDS	hypothetical protein	KJ721789.1:167209-167847	GFPPOPLA_00194

DiscRep_SUB:FEATURE_LOCATION_CONFLICT::Coding region xref gene does not exist
plasmid_files/KJ721789.1_results/PROKKA_06292018:CDS	Tyrosine recombinase XerD	KJ721789.1:167850-168635	GFPPOPLA_00195

DiscRep_SUB:FEATURE_LOCATION_CONFLICT::Coding region xref gene does not exist
plasmid_files/KJ721789.1_results/PROKKA_06292018:CDS	hypothetical protein	KJ721789.1:168651-168779	GFPPOPLA_00196

DiscRep_SUB:FEATURE_LOCATION_CONFLICT::Coding region xref gene does not exist
plasmid_files/KJ721789.1_results/PROKKA_06292018:CDS	hypothetical protein	KJ721789.1:c169174-169079	GFPPOPLA_00197

DiscRep_ALL:DISC_QUALITY_SCORES::Quality scores are missing on all sequences.

DiscRep_ALL:ONCALLER_COMMENT_PRESENT::1 comment descriptors were found (all same)
plasmid_files/KJ721789.1_results/PROKKA_06292018:KJ721789.1:Annotated using prokka 1.14-dev from https://github.com/tseemann/prokka

DiscRep_ALL:SHORT_PROT_SEQUENCES::5 protein sequences are shorter than 50 aa.
plasmid_files/KJ721789.1_results/PROKKA_06292018:KJ721789.1_32 (length 48)
plasmid_files/KJ721789.1_results/PROKKA_06292018:KJ721789.1_48 (length 43)
plasmid_files/KJ721789.1_results/PROKKA_06292018:KJ721789.1_49 (length 48)
plasmid_files/KJ721789.1_results/PROKKA_06292018:KJ721789.1_196 (length 42)
plasmid_files/KJ721789.1_results/PROKKA_06292018:KJ721789.1_197 (length 31)

DiscRep_ALL:MISSING_GENOMEASSEMBLY_COMMENTS::1 bioseqs are missing GenomeAssembly structured comments
plasmid_files/KJ721789.1_results/PROKKA_06292018:KJ721789.1 (length 169774)

DiscRep_ALL:MOLTYPE_NOT_MRNA::1 molecule types are not set as mRNA.
plasmid_files/KJ721789.1_results/PROKKA_06292018:KJ721789.1 (length 169774)

DiscRep_ALL:TECHNIQUE_NOT_TSA::1 technique are not set as TSA
plasmid_files/KJ721789.1_results/PROKKA_06292018:KJ721789.1 (length 169774)

DiscRep_ALL:MISSING_STRUCTURED_COMMENT::1 sequences do not include structured comments.
plasmid_files/KJ721789.1_results/PROKKA_06292018:KJ721789.1 (length 169774)

DiscRep_ALL:MISSING_PROJECT::198 sequences do not include project.
plasmid_files/KJ721789.1_results/PROKKA_06292018:KJ721789.1 (length 169774)
plasmid_files/KJ721789.1_results/PROKKA_06292018:KJ721789.1_1 (length 251)
plasmid_files/KJ721789.1_results/PROKKA_06292018:KJ721789.1_2 (length 512)
plasmid_files/KJ721789.1_results/PROKKA_06292018:KJ721789.1_3 (length 115)
plasmid_files/KJ721789.1_results/PROKKA_06292018:KJ721789.1_4 (length 134)
plasmid_files/KJ721789.1_results/PROKKA_06292018:KJ721789.1_5 (length 401)
plasmid_files/KJ721789.1_results/PROKKA_06292018:KJ721789.1_6 (length 324)
plasmid_files/KJ721789.1_results/PROKKA_06292018:KJ721789.1_7 (length 423)
plasmid_files/KJ721789.1_results/PROKKA_06292018:KJ721789.1_8 (length 143)
plasmid_files/KJ721789.1_results/PROKKA_06292018:KJ721789.1_9 (length 323)
plasmid_files/KJ721789.1_results/PROKKA_06292018:KJ721789.1_10 (length 223)
plasmid_files/KJ721789.1_results/PROKKA_06292018:KJ721789.1_11 (length 76)
plasmid_files/KJ721789.1_results/PROKKA_06292018:KJ721789.1_12 (length 233)
plasmid_files/KJ721789.1_results/PROKKA_06292018:KJ721789.1_13 (length 73)
plasmid_files/KJ721789.1_results/PROKKA_06292018:KJ721789.1_14 (length 139)
plasmid_files/KJ721789.1_results/PROKKA_06292018:KJ721789.1_15 (length 255)
plasmid_files/KJ721789.1_results/PROKKA_06292018:KJ721789.1_16 (length 142)
plasmid_files/KJ721789.1_results/PROKKA_06292018:KJ721789.1_17 (length 168)
plasmid_files/KJ721789.1_results/PROKKA_06292018:KJ721789.1_18 (length 63)
plasmid_files/KJ721789.1_results/PROKKA_06292018:KJ721789.1_19 (length 87)
plasmid_files/KJ721789.1_results/PROKKA_06292018:KJ721789.1_20 (length 106)
plasmid_files/KJ721789.1_results/PROKKA_06292018:KJ721789.1_21 (length 185)
plasmid_files/KJ721789.1_results/PROKKA_06292018:KJ721789.1_22 (length 82)
plasmid_files/KJ721789.1_results/PROKKA_06292018:KJ721789.1_23 (length 666)
plasmid_files/KJ721789.1_results/PROKKA_06292018:KJ721789.1_24 (length 143)
plasmid_files/KJ721789.1_results/PROKKA_06292018:KJ721789.1_25 (length 242)
plasmid_files/KJ721789.1_results/PROKKA_06292018:KJ721789.1_26 (length 107)
plasmid_files/KJ721789.1_results/PROKKA_06292018:KJ721789.1_27 (length 75)
plasmid_files/KJ721789.1_results/PROKKA_06292018:KJ721789.1_28 (length 76)
plasmid_files/KJ721789.1_results/PROKKA_06292018:KJ721789.1_29 (length 291)
plasmid_files/KJ721789.1_results/PROKKA_06292018:KJ721789.1_30 (length 112)
plasmid_files/KJ721789.1_results/PROKKA_06292018:KJ721789.1_31 (length 115)
plasmid_files/KJ721789.1_results/PROKKA_06292018:KJ721789.1_32 (length 48)
plasmid_files/KJ721789.1_results/PROKKA_06292018:KJ721789.1_33 (length 180)
plasmid_files/KJ721789.1_results/PROKKA_06292018:KJ721789.1_34 (length 180)
plasmid_files/KJ721789.1_results/PROKKA_06292018:KJ721789.1_35 (length 160)
plasmid_files/KJ721789.1_results/PROKKA_06292018:KJ721789.1_36 (length 130)
plasmid_files/KJ721789.1_results/PROKKA_06292018:KJ721789.1_37 (length 233)
plasmid_files/KJ721789.1_results/PROKKA_06292018:KJ721789.1_38 (length 66)
plasmid_files/KJ721789.1_results/PROKKA_06292018:KJ721789.1_39 (length 122)
plasmid_files/KJ721789.1_results/PROKKA_06292018:KJ721789.1_40 (length 101)
plasmid_files/KJ721789.1_results/PROKKA_06292018:KJ721789.1_41 (length 188)
plasmid_files/KJ721789.1_results/PROKKA_06292018:KJ721789.1_42 (length 246)
plasmid_files/KJ721789.1_results/PROKKA_06292018:KJ721789.1_43 (length 474)
plasmid_files/KJ721789.1_results/PROKKA_06292018:KJ721789.1_44 (length 190)
plasmid_files/KJ721789.1_results/PROKKA_06292018:KJ721789.1_45 (length 136)
plasmid_files/KJ721789.1_results/PROKKA_06292018:KJ721789.1_46 (length 72)
plasmid_files/KJ721789.1_results/PROKKA_06292018:KJ721789.1_47 (length 103)
plasmid_files/KJ721789.1_results/PROKKA_06292018:KJ721789.1_48 (length 43)
plasmid_files/KJ721789.1_results/PROKKA_06292018:KJ721789.1_49 (length 48)
plasmid_files/KJ721789.1_results/PROKKA_06292018:KJ721789.1_50 (length 130)
plasmid_files/KJ721789.1_results/PROKKA_06292018:KJ721789.1_51 (length 879)
plasmid_files/KJ721789.1_results/PROKKA_06292018:KJ721789.1_52 (length 130)
plasmid_files/KJ721789.1_results/PROKKA_06292018:KJ721789.1_53 (length 211)
plasmid_files/KJ721789.1_results/PROKKA_06292018:KJ721789.1_54 (length 133)
plasmid_files/KJ721789.1_results/PROKKA_06292018:KJ721789.1_55 (length 329)
plasmid_files/KJ721789.1_results/PROKKA_06292018:KJ721789.1_56 (length 212)
plasmid_files/KJ721789.1_results/PROKKA_06292018:KJ721789.1_57 (length 651)
plasmid_files/KJ721789.1_results/PROKKA_06292018:KJ721789.1_58 (length 84)
plasmid_files/KJ721789.1_results/PROKKA_06292018:KJ721789.1_59 (length 82)
plasmid_files/KJ721789.1_results/PROKKA_06292018:KJ721789.1_60 (length 108)
plasmid_files/KJ721789.1_results/PROKKA_06292018:KJ721789.1_61 (length 250)
plasmid_files/KJ721789.1_results/PROKKA_06292018:KJ721789.1_62 (length 79)
plasmid_files/KJ721789.1_results/PROKKA_06292018:KJ721789.1_63 (length 185)
plasmid_files/KJ721789.1_results/PROKKA_06292018:KJ721789.1_64 (length 147)
plasmid_files/KJ721789.1_results/PROKKA_06292018:KJ721789.1_65 (length 455)
plasmid_files/KJ721789.1_results/PROKKA_06292018:KJ721789.1_66 (length 949)
plasmid_files/KJ721789.1_results/PROKKA_06292018:KJ721789.1_67 (length 182)
plasmid_files/KJ721789.1_results/PROKKA_06292018:KJ721789.1_68 (length 243)
plasmid_files/KJ721789.1_results/PROKKA_06292018:KJ721789.1_69 (length 229)
plasmid_files/KJ721789.1_results/PROKKA_06292018:KJ721789.1_70 (length 770)
plasmid_files/KJ721789.1_results/PROKKA_06292018:KJ721789.1_71 (length 1753)
plasmid_files/KJ721789.1_results/PROKKA_06292018:KJ721789.1_72 (length 241)
plasmid_files/KJ721789.1_results/PROKKA_06292018:KJ721789.1_73 (length 197)
plasmid_files/KJ721789.1_results/PROKKA_06292018:KJ721789.1_74 (length 73)
plasmid_files/KJ721789.1_results/PROKKA_06292018:KJ721789.1_75 (length 207)
plasmid_files/KJ721789.1_results/PROKKA_06292018:KJ721789.1_76 (length 216)
plasmid_files/KJ721789.1_results/PROKKA_06292018:KJ721789.1_77 (length 102)
plasmid_files/KJ721789.1_results/PROKKA_06292018:KJ721789.1_78 (length 185)
plasmid_files/KJ721789.1_results/PROKKA_06292018:KJ721789.1_79 (length 85)
plasmid_files/KJ721789.1_results/PROKKA_06292018:KJ721789.1_80 (length 339)
plasmid_files/KJ721789.1_results/PROKKA_06292018:KJ721789.1_81 (length 301)
plasmid_files/KJ721789.1_results/PROKKA_06292018:KJ721789.1_82 (length 399)
plasmid_files/KJ721789.1_results/PROKKA_06292018:KJ721789.1_83 (length 62)
plasmid_files/KJ721789.1_results/PROKKA_06292018:KJ721789.1_84 (length 245)
plasmid_files/KJ721789.1_results/PROKKA_06292018:KJ721789.1_85 (length 317)
plasmid_files/KJ721789.1_results/PROKKA_06292018:KJ721789.1_86 (length 195)
plasmid_files/KJ721789.1_results/PROKKA_06292018:KJ721789.1_87 (length 172)
plasmid_files/KJ721789.1_results/PROKKA_06292018:KJ721789.1_88 (length 215)
plasmid_files/KJ721789.1_results/PROKKA_06292018:KJ721789.1_89 (length 91)
plasmid_files/KJ721789.1_results/PROKKA_06292018:KJ721789.1_90 (length 66)
plasmid_files/KJ721789.1_results/PROKKA_06292018:KJ721789.1_91 (length 423)
plasmid_files/KJ721789.1_results/PROKKA_06292018:KJ721789.1_92 (length 153)
plasmid_files/KJ721789.1_results/PROKKA_06292018:KJ721789.1_93 (length 81)
plasmid_files/KJ721789.1_results/PROKKA_06292018:KJ721789.1_94 (length 76)
plasmid_files/KJ721789.1_results/PROKKA_06292018:KJ721789.1_95 (length 58)
plasmid_files/KJ721789.1_results/PROKKA_06292018:KJ721789.1_96 (length 122)
plasmid_files/KJ721789.1_results/PROKKA_06292018:KJ721789.1_97 (length 399)
plasmid_files/KJ721789.1_results/PROKKA_06292018:KJ721789.1_98 (length 62)
plasmid_files/KJ721789.1_results/PROKKA_06292018:KJ721789.1_99 (length 186)
plasmid_files/KJ721789.1_results/PROKKA_06292018:KJ721789.1_100 (length 77)
plasmid_files/KJ721789.1_results/PROKKA_06292018:KJ721789.1_101 (length 111)
plasmid_files/KJ721789.1_results/PROKKA_06292018:KJ721789.1_102 (length 233)
plasmid_files/KJ721789.1_results/PROKKA_06292018:KJ721789.1_103 (length 73)
plasmid_files/KJ721789.1_results/PROKKA_06292018:KJ721789.1_104 (length 139)
plasmid_files/KJ721789.1_results/PROKKA_06292018:KJ721789.1_105 (length 255)
plasmid_files/KJ721789.1_results/PROKKA_06292018:KJ721789.1_106 (length 142)
plasmid_files/KJ721789.1_results/PROKKA_06292018:KJ721789.1_107 (length 193)
plasmid_files/KJ721789.1_results/PROKKA_06292018:KJ721789.1_108 (length 63)
plasmid_files/KJ721789.1_results/PROKKA_06292018:KJ721789.1_109 (length 86)
plasmid_files/KJ721789.1_results/PROKKA_06292018:KJ721789.1_110 (length 106)
plasmid_files/KJ721789.1_results/PROKKA_06292018:KJ721789.1_111 (length 180)
plasmid_files/KJ721789.1_results/PROKKA_06292018:KJ721789.1_112 (length 82)
plasmid_files/KJ721789.1_results/PROKKA_06292018:KJ721789.1_113 (length 666)
plasmid_files/KJ721789.1_results/PROKKA_06292018:KJ721789.1_114 (length 143)
plasmid_files/KJ721789.1_results/PROKKA_06292018:KJ721789.1_115 (length 242)
plasmid_files/KJ721789.1_results/PROKKA_06292018:KJ721789.1_116 (length 108)
plasmid_files/KJ721789.1_results/PROKKA_06292018:KJ721789.1_117 (length 169)
plasmid_files/KJ721789.1_results/PROKKA_06292018:KJ721789.1_118 (length 269)
plasmid_files/KJ721789.1_results/PROKKA_06292018:KJ721789.1_119 (length 346)
plasmid_files/KJ721789.1_results/PROKKA_06292018:KJ721789.1_120 (length 836)
plasmid_files/KJ721789.1_results/PROKKA_06292018:KJ721789.1_121 (length 510)
plasmid_files/KJ721789.1_results/PROKKA_06292018:KJ721789.1_122 (length 446)
plasmid_files/KJ721789.1_results/PROKKA_06292018:KJ721789.1_123 (length 136)
plasmid_files/KJ721789.1_results/PROKKA_06292018:KJ721789.1_124 (length 376)
plasmid_files/KJ721789.1_results/PROKKA_06292018:KJ721789.1_125 (length 89)
plasmid_files/KJ721789.1_results/PROKKA_06292018:KJ721789.1_126 (length 432)
plasmid_files/KJ721789.1_results/PROKKA_06292018:KJ721789.1_127 (length 252)
plasmid_files/KJ721789.1_results/PROKKA_06292018:KJ721789.1_128 (length 306)
plasmid_files/KJ721789.1_results/PROKKA_06292018:KJ721789.1_129 (length 123)
plasmid_files/KJ721789.1_results/PROKKA_06292018:KJ721789.1_130 (length 109)
plasmid_files/KJ721789.1_results/PROKKA_06292018:KJ721789.1_131 (length 439)
plasmid_files/KJ721789.1_results/PROKKA_06292018:KJ721789.1_132 (length 293)
plasmid_files/KJ721789.1_results/PROKKA_06292018:KJ721789.1_133 (length 97)
plasmid_files/KJ721789.1_results/PROKKA_06292018:KJ721789.1_134 (length 259)
plasmid_files/KJ721789.1_results/PROKKA_06292018:KJ721789.1_135 (length 399)
plasmid_files/KJ721789.1_results/PROKKA_06292018:KJ721789.1_136 (length 62)
plasmid_files/KJ721789.1_results/PROKKA_06292018:KJ721789.1_137 (length 293)
plasmid_files/KJ721789.1_results/PROKKA_06292018:KJ721789.1_138 (length 1009)
plasmid_files/KJ721789.1_results/PROKKA_06292018:KJ721789.1_139 (length 571)
plasmid_files/KJ721789.1_results/PROKKA_06292018:KJ721789.1_140 (length 302)
plasmid_files/KJ721789.1_results/PROKKA_06292018:KJ721789.1_141 (length 159)
plasmid_files/KJ721789.1_results/PROKKA_06292018:KJ721789.1_142 (length 234)
plasmid_files/KJ721789.1_results/PROKKA_06292018:KJ721789.1_143 (length 75)
plasmid_files/KJ721789.1_results/PROKKA_06292018:KJ721789.1_144 (length 103)
plasmid_files/KJ721789.1_results/PROKKA_06292018:KJ721789.1_145 (length 213)
plasmid_files/KJ721789.1_results/PROKKA_06292018:KJ721789.1_146 (length 68)
plasmid_files/KJ721789.1_results/PROKKA_06292018:KJ721789.1_147 (length 88)
plasmid_files/KJ721789.1_results/PROKKA_06292018:KJ721789.1_148 (length 477)
plasmid_files/KJ721789.1_results/PROKKA_06292018:KJ721789.1_149 (length 402)
plasmid_files/KJ721789.1_results/PROKKA_06292018:KJ721789.1_150 (length 254)
plasmid_files/KJ721789.1_results/PROKKA_06292018:KJ721789.1_151 (length 88)
plasmid_files/KJ721789.1_results/PROKKA_06292018:KJ721789.1_152 (length 157)
plasmid_files/KJ721789.1_results/PROKKA_06292018:KJ721789.1_153 (length 309)
plasmid_files/KJ721789.1_results/PROKKA_06292018:KJ721789.1_154 (length 234)
plasmid_files/KJ721789.1_results/PROKKA_06292018:KJ721789.1_155 (length 78)
plasmid_files/KJ721789.1_results/PROKKA_06292018:KJ721789.1_156 (length 138)
plasmid_files/KJ721789.1_results/PROKKA_06292018:KJ721789.1_157 (length 76)
plasmid_files/KJ721789.1_results/PROKKA_06292018:KJ721789.1_158 (length 62)
plasmid_files/KJ721789.1_results/PROKKA_06292018:KJ721789.1_159 (length 399)
plasmid_files/KJ721789.1_results/PROKKA_06292018:KJ721789.1_160 (length 177)
plasmid_files/KJ721789.1_results/PROKKA_06292018:KJ721789.1_161 (length 291)
plasmid_files/KJ721789.1_results/PROKKA_06292018:KJ721789.1_162 (length 208)
plasmid_files/KJ721789.1_results/PROKKA_06292018:KJ721789.1_163 (length 100)
plasmid_files/KJ721789.1_results/PROKKA_06292018:KJ721789.1_164 (length 264)
plasmid_files/KJ721789.1_results/PROKKA_06292018:KJ721789.1_165 (length 338)
plasmid_files/KJ721789.1_results/PROKKA_06292018:KJ721789.1_166 (length 107)
plasmid_files/KJ721789.1_results/PROKKA_06292018:KJ721789.1_167 (length 131)
plasmid_files/KJ721789.1_results/PROKKA_06292018:KJ721789.1_168 (length 101)
plasmid_files/KJ721789.1_results/PROKKA_06292018:KJ721789.1_169 (length 72)
plasmid_files/KJ721789.1_results/PROKKA_06292018:KJ721789.1_170 (length 399)
plasmid_files/KJ721789.1_results/PROKKA_06292018:KJ721789.1_171 (length 62)
plasmid_files/KJ721789.1_results/PROKKA_06292018:KJ721789.1_172 (length 376)
plasmid_files/KJ721789.1_results/PROKKA_06292018:KJ721789.1_173 (length 1050)
plasmid_files/KJ721789.1_results/PROKKA_06292018:KJ721789.1_174 (length 326)
plasmid_files/KJ721789.1_results/PROKKA_06292018:KJ721789.1_175 (length 899)
plasmid_files/KJ721789.1_results/PROKKA_06292018:KJ721789.1_176 (length 965)
plasmid_files/KJ721789.1_results/PROKKA_06292018:KJ721789.1_177 (length 201)
plasmid_files/KJ721789.1_results/PROKKA_06292018:KJ721789.1_178 (length 393)
plasmid_files/KJ721789.1_results/PROKKA_06292018:KJ721789.1_179 (length 104)
plasmid_files/KJ721789.1_results/PROKKA_06292018:KJ721789.1_180 (length 118)
plasmid_files/KJ721789.1_results/PROKKA_06292018:KJ721789.1_181 (length 133)
plasmid_files/KJ721789.1_results/PROKKA_06292018:KJ721789.1_182 (length 96)
plasmid_files/KJ721789.1_results/PROKKA_06292018:KJ721789.1_183 (length 988)
plasmid_files/KJ721789.1_results/PROKKA_06292018:KJ721789.1_184 (length 334)
plasmid_files/KJ721789.1_results/PROKKA_06292018:KJ721789.1_185 (length 67)
plasmid_files/KJ721789.1_results/PROKKA_06292018:KJ721789.1_186 (length 67)
plasmid_files/KJ721789.1_results/PROKKA_06292018:KJ721789.1_187 (length 122)
plasmid_files/KJ721789.1_results/PROKKA_06292018:KJ721789.1_188 (length 164)
plasmid_files/KJ721789.1_results/PROKKA_06292018:KJ721789.1_189 (length 191)
plasmid_files/KJ721789.1_results/PROKKA_06292018:KJ721789.1_190 (length 89)
plasmid_files/KJ721789.1_results/PROKKA_06292018:KJ721789.1_191 (length 229)
plasmid_files/KJ721789.1_results/PROKKA_06292018:KJ721789.1_192 (length 229)
plasmid_files/KJ721789.1_results/PROKKA_06292018:KJ721789.1_193 (length 106)
plasmid_files/KJ721789.1_results/PROKKA_06292018:KJ721789.1_194 (length 212)
plasmid_files/KJ721789.1_results/PROKKA_06292018:KJ721789.1_195 (length 261)
plasmid_files/KJ721789.1_results/PROKKA_06292018:KJ721789.1_196 (length 42)
plasmid_files/KJ721789.1_results/PROKKA_06292018:KJ721789.1_197 (length 31)

DiscRep_ALL:DISC_INCONSISTENT_MOLINFO_TECH::Molinfo Technique Report (some missing, all same)
DiscRep_SUB:DISC_INCONSISTENT_MOLINFO_TECH::technique (all missing)
DiscRep_SUB:DISC_INCONSISTENT_MOLINFO_TECH::1 Molinfos are missing field technique
plasmid_files/KJ721789.1_results/PROKKA_06292018:KJ721789.1 (length 169774)

