Discrepancy Report Results

Summary
FATAL: MISSING_PROTEIN_ID:211 proteins have invalid IDs.
DISC_SOURCE_QUALS_ASNDISC:strain (all present, all unique)
DISC_SOURCE_QUALS_ASNDISC:taxname (all present, all unique)
DISC_FEATURE_COUNT:CDS: 211 present
DISC_COUNT_NUCLEOTIDES:1 nucleotide Bioseqs are present
FEATURE_LOCATION_CONFLICT:211 features have inconsistent gene locations.
OVERLAPPING_CDS:15 coding regions overlap another coding region with a similar or identical name.
DISC_QUALITY_SCORES:Quality scores are missing on all sequences.
ONCALLER_COMMENT_PRESENT:1 comment descriptors were found (all same)
SHORT_PROT_SEQUENCES:17 protein sequences are shorter than 50 aa.
MISSING_GENOMEASSEMBLY_COMMENTS:1 bioseqs are missing GenomeAssembly structured comments
MOLTYPE_NOT_MRNA:1 molecule types are not set as mRNA.
TECHNIQUE_NOT_TSA:1 technique are not set as TSA
MISSING_STRUCTURED_COMMENT:1 sequences do not include structured comments.
MISSING_PROJECT:212 sequences do not include project.
DISC_INCONSISTENT_MOLINFO_TECH:Molinfo Technique Report (some missing, all same)


Detailed Report

FATAL: DiscRep_ALL:MISSING_PROTEIN_ID::211 proteins have invalid IDs.
plasmid_files/MG700549.1_results/PROKKA_06292018:MG700549.1_1 (length 113)
plasmid_files/MG700549.1_results/PROKKA_06292018:MG700549.1_2 (length 87)
plasmid_files/MG700549.1_results/PROKKA_06292018:MG700549.1_3 (length 196)
plasmid_files/MG700549.1_results/PROKKA_06292018:MG700549.1_4 (length 92)
plasmid_files/MG700549.1_results/PROKKA_06292018:MG700549.1_5 (length 159)
plasmid_files/MG700549.1_results/PROKKA_06292018:MG700549.1_6 (length 58)
plasmid_files/MG700549.1_results/PROKKA_06292018:MG700549.1_7 (length 241)
plasmid_files/MG700549.1_results/PROKKA_06292018:MG700549.1_8 (length 59)
plasmid_files/MG700549.1_results/PROKKA_06292018:MG700549.1_9 (length 60)
plasmid_files/MG700549.1_results/PROKKA_06292018:MG700549.1_10 (length 47)
plasmid_files/MG700549.1_results/PROKKA_06292018:MG700549.1_11 (length 83)
plasmid_files/MG700549.1_results/PROKKA_06292018:MG700549.1_12 (length 128)
plasmid_files/MG700549.1_results/PROKKA_06292018:MG700549.1_13 (length 113)
plasmid_files/MG700549.1_results/PROKKA_06292018:MG700549.1_14 (length 102)
plasmid_files/MG700549.1_results/PROKKA_06292018:MG700549.1_15 (length 49)
plasmid_files/MG700549.1_results/PROKKA_06292018:MG700549.1_16 (length 60)
plasmid_files/MG700549.1_results/PROKKA_06292018:MG700549.1_17 (length 48)
plasmid_files/MG700549.1_results/PROKKA_06292018:MG700549.1_18 (length 121)
plasmid_files/MG700549.1_results/PROKKA_06292018:MG700549.1_19 (length 70)
plasmid_files/MG700549.1_results/PROKKA_06292018:MG700549.1_20 (length 97)
plasmid_files/MG700549.1_results/PROKKA_06292018:MG700549.1_21 (length 222)
plasmid_files/MG700549.1_results/PROKKA_06292018:MG700549.1_22 (length 133)
plasmid_files/MG700549.1_results/PROKKA_06292018:MG700549.1_23 (length 71)
plasmid_files/MG700549.1_results/PROKKA_06292018:MG700549.1_24 (length 83)
plasmid_files/MG700549.1_results/PROKKA_06292018:MG700549.1_25 (length 78)
plasmid_files/MG700549.1_results/PROKKA_06292018:MG700549.1_26 (length 52)
plasmid_files/MG700549.1_results/PROKKA_06292018:MG700549.1_27 (length 81)
plasmid_files/MG700549.1_results/PROKKA_06292018:MG700549.1_28 (length 97)
plasmid_files/MG700549.1_results/PROKKA_06292018:MG700549.1_29 (length 160)
plasmid_files/MG700549.1_results/PROKKA_06292018:MG700549.1_30 (length 61)
plasmid_files/MG700549.1_results/PROKKA_06292018:MG700549.1_31 (length 94)
plasmid_files/MG700549.1_results/PROKKA_06292018:MG700549.1_32 (length 77)
plasmid_files/MG700549.1_results/PROKKA_06292018:MG700549.1_33 (length 110)
plasmid_files/MG700549.1_results/PROKKA_06292018:MG700549.1_34 (length 116)
plasmid_files/MG700549.1_results/PROKKA_06292018:MG700549.1_35 (length 54)
plasmid_files/MG700549.1_results/PROKKA_06292018:MG700549.1_36 (length 151)
plasmid_files/MG700549.1_results/PROKKA_06292018:MG700549.1_37 (length 140)
plasmid_files/MG700549.1_results/PROKKA_06292018:MG700549.1_38 (length 161)
plasmid_files/MG700549.1_results/PROKKA_06292018:MG700549.1_39 (length 109)
plasmid_files/MG700549.1_results/PROKKA_06292018:MG700549.1_40 (length 94)
plasmid_files/MG700549.1_results/PROKKA_06292018:MG700549.1_41 (length 292)
plasmid_files/MG700549.1_results/PROKKA_06292018:MG700549.1_42 (length 70)
plasmid_files/MG700549.1_results/PROKKA_06292018:MG700549.1_43 (length 49)
plasmid_files/MG700549.1_results/PROKKA_06292018:MG700549.1_44 (length 48)
plasmid_files/MG700549.1_results/PROKKA_06292018:MG700549.1_45 (length 155)
plasmid_files/MG700549.1_results/PROKKA_06292018:MG700549.1_46 (length 171)
plasmid_files/MG700549.1_results/PROKKA_06292018:MG700549.1_47 (length 97)
plasmid_files/MG700549.1_results/PROKKA_06292018:MG700549.1_48 (length 124)
plasmid_files/MG700549.1_results/PROKKA_06292018:MG700549.1_49 (length 73)
plasmid_files/MG700549.1_results/PROKKA_06292018:MG700549.1_50 (length 137)
plasmid_files/MG700549.1_results/PROKKA_06292018:MG700549.1_51 (length 63)
plasmid_files/MG700549.1_results/PROKKA_06292018:MG700549.1_52 (length 83)
plasmid_files/MG700549.1_results/PROKKA_06292018:MG700549.1_53 (length 196)
plasmid_files/MG700549.1_results/PROKKA_06292018:MG700549.1_54 (length 84)
plasmid_files/MG700549.1_results/PROKKA_06292018:MG700549.1_55 (length 85)
plasmid_files/MG700549.1_results/PROKKA_06292018:MG700549.1_56 (length 111)
plasmid_files/MG700549.1_results/PROKKA_06292018:MG700549.1_57 (length 124)
plasmid_files/MG700549.1_results/PROKKA_06292018:MG700549.1_58 (length 37)
plasmid_files/MG700549.1_results/PROKKA_06292018:MG700549.1_59 (length 72)
plasmid_files/MG700549.1_results/PROKKA_06292018:MG700549.1_60 (length 184)
plasmid_files/MG700549.1_results/PROKKA_06292018:MG700549.1_61 (length 92)
plasmid_files/MG700549.1_results/PROKKA_06292018:MG700549.1_62 (length 151)
plasmid_files/MG700549.1_results/PROKKA_06292018:MG700549.1_63 (length 105)
plasmid_files/MG700549.1_results/PROKKA_06292018:MG700549.1_64 (length 55)
plasmid_files/MG700549.1_results/PROKKA_06292018:MG700549.1_65 (length 80)
plasmid_files/MG700549.1_results/PROKKA_06292018:MG700549.1_66 (length 44)
plasmid_files/MG700549.1_results/PROKKA_06292018:MG700549.1_67 (length 156)
plasmid_files/MG700549.1_results/PROKKA_06292018:MG700549.1_68 (length 72)
plasmid_files/MG700549.1_results/PROKKA_06292018:MG700549.1_69 (length 73)
plasmid_files/MG700549.1_results/PROKKA_06292018:MG700549.1_70 (length 88)
plasmid_files/MG700549.1_results/PROKKA_06292018:MG700549.1_71 (length 37)
plasmid_files/MG700549.1_results/PROKKA_06292018:MG700549.1_72 (length 62)
plasmid_files/MG700549.1_results/PROKKA_06292018:MG700549.1_73 (length 65)
plasmid_files/MG700549.1_results/PROKKA_06292018:MG700549.1_74 (length 79)
plasmid_files/MG700549.1_results/PROKKA_06292018:MG700549.1_75 (length 63)
plasmid_files/MG700549.1_results/PROKKA_06292018:MG700549.1_76 (length 38)
plasmid_files/MG700549.1_results/PROKKA_06292018:MG700549.1_77 (length 58)
plasmid_files/MG700549.1_results/PROKKA_06292018:MG700549.1_78 (length 82)
plasmid_files/MG700549.1_results/PROKKA_06292018:MG700549.1_79 (length 83)
plasmid_files/MG700549.1_results/PROKKA_06292018:MG700549.1_80 (length 101)
plasmid_files/MG700549.1_results/PROKKA_06292018:MG700549.1_81 (length 100)
plasmid_files/MG700549.1_results/PROKKA_06292018:MG700549.1_82 (length 91)
plasmid_files/MG700549.1_results/PROKKA_06292018:MG700549.1_83 (length 105)
plasmid_files/MG700549.1_results/PROKKA_06292018:MG700549.1_84 (length 151)
plasmid_files/MG700549.1_results/PROKKA_06292018:MG700549.1_85 (length 82)
plasmid_files/MG700549.1_results/PROKKA_06292018:MG700549.1_86 (length 59)
plasmid_files/MG700549.1_results/PROKKA_06292018:MG700549.1_87 (length 142)
plasmid_files/MG700549.1_results/PROKKA_06292018:MG700549.1_88 (length 91)
plasmid_files/MG700549.1_results/PROKKA_06292018:MG700549.1_89 (length 60)
plasmid_files/MG700549.1_results/PROKKA_06292018:MG700549.1_90 (length 83)
plasmid_files/MG700549.1_results/PROKKA_06292018:MG700549.1_91 (length 129)
plasmid_files/MG700549.1_results/PROKKA_06292018:MG700549.1_92 (length 214)
plasmid_files/MG700549.1_results/PROKKA_06292018:MG700549.1_93 (length 305)
plasmid_files/MG700549.1_results/PROKKA_06292018:MG700549.1_94 (length 120)
plasmid_files/MG700549.1_results/PROKKA_06292018:MG700549.1_95 (length 567)
plasmid_files/MG700549.1_results/PROKKA_06292018:MG700549.1_96 (length 79)
plasmid_files/MG700549.1_results/PROKKA_06292018:MG700549.1_97 (length 97)
plasmid_files/MG700549.1_results/PROKKA_06292018:MG700549.1_98 (length 110)
plasmid_files/MG700549.1_results/PROKKA_06292018:MG700549.1_99 (length 183)
plasmid_files/MG700549.1_results/PROKKA_06292018:MG700549.1_100 (length 64)
plasmid_files/MG700549.1_results/PROKKA_06292018:MG700549.1_101 (length 167)
plasmid_files/MG700549.1_results/PROKKA_06292018:MG700549.1_102 (length 193)
plasmid_files/MG700549.1_results/PROKKA_06292018:MG700549.1_103 (length 185)
plasmid_files/MG700549.1_results/PROKKA_06292018:MG700549.1_104 (length 280)
plasmid_files/MG700549.1_results/PROKKA_06292018:MG700549.1_105 (length 184)
plasmid_files/MG700549.1_results/PROKKA_06292018:MG700549.1_106 (length 111)
plasmid_files/MG700549.1_results/PROKKA_06292018:MG700549.1_107 (length 63)
plasmid_files/MG700549.1_results/PROKKA_06292018:MG700549.1_108 (length 83)
plasmid_files/MG700549.1_results/PROKKA_06292018:MG700549.1_109 (length 122)
plasmid_files/MG700549.1_results/PROKKA_06292018:MG700549.1_110 (length 38)
plasmid_files/MG700549.1_results/PROKKA_06292018:MG700549.1_111 (length 119)
plasmid_files/MG700549.1_results/PROKKA_06292018:MG700549.1_112 (length 107)
plasmid_files/MG700549.1_results/PROKKA_06292018:MG700549.1_113 (length 75)
plasmid_files/MG700549.1_results/PROKKA_06292018:MG700549.1_114 (length 89)
plasmid_files/MG700549.1_results/PROKKA_06292018:MG700549.1_115 (length 127)
plasmid_files/MG700549.1_results/PROKKA_06292018:MG700549.1_116 (length 182)
plasmid_files/MG700549.1_results/PROKKA_06292018:MG700549.1_117 (length 93)
plasmid_files/MG700549.1_results/PROKKA_06292018:MG700549.1_118 (length 195)
plasmid_files/MG700549.1_results/PROKKA_06292018:MG700549.1_119 (length 81)
plasmid_files/MG700549.1_results/PROKKA_06292018:MG700549.1_120 (length 89)
plasmid_files/MG700549.1_results/PROKKA_06292018:MG700549.1_121 (length 61)
plasmid_files/MG700549.1_results/PROKKA_06292018:MG700549.1_122 (length 42)
plasmid_files/MG700549.1_results/PROKKA_06292018:MG700549.1_123 (length 50)
plasmid_files/MG700549.1_results/PROKKA_06292018:MG700549.1_124 (length 233)
plasmid_files/MG700549.1_results/PROKKA_06292018:MG700549.1_125 (length 111)
plasmid_files/MG700549.1_results/PROKKA_06292018:MG700549.1_126 (length 122)
plasmid_files/MG700549.1_results/PROKKA_06292018:MG700549.1_127 (length 59)
plasmid_files/MG700549.1_results/PROKKA_06292018:MG700549.1_128 (length 316)
plasmid_files/MG700549.1_results/PROKKA_06292018:MG700549.1_129 (length 82)
plasmid_files/MG700549.1_results/PROKKA_06292018:MG700549.1_130 (length 65)
plasmid_files/MG700549.1_results/PROKKA_06292018:MG700549.1_131 (length 75)
plasmid_files/MG700549.1_results/PROKKA_06292018:MG700549.1_132 (length 106)
plasmid_files/MG700549.1_results/PROKKA_06292018:MG700549.1_133 (length 203)
plasmid_files/MG700549.1_results/PROKKA_06292018:MG700549.1_134 (length 78)
plasmid_files/MG700549.1_results/PROKKA_06292018:MG700549.1_135 (length 197)
plasmid_files/MG700549.1_results/PROKKA_06292018:MG700549.1_136 (length 66)
plasmid_files/MG700549.1_results/PROKKA_06292018:MG700549.1_137 (length 154)
plasmid_files/MG700549.1_results/PROKKA_06292018:MG700549.1_138 (length 179)
plasmid_files/MG700549.1_results/PROKKA_06292018:MG700549.1_139 (length 115)
plasmid_files/MG700549.1_results/PROKKA_06292018:MG700549.1_140 (length 64)
plasmid_files/MG700549.1_results/PROKKA_06292018:MG700549.1_141 (length 144)
plasmid_files/MG700549.1_results/PROKKA_06292018:MG700549.1_142 (length 51)
plasmid_files/MG700549.1_results/PROKKA_06292018:MG700549.1_143 (length 47)
plasmid_files/MG700549.1_results/PROKKA_06292018:MG700549.1_144 (length 46)
plasmid_files/MG700549.1_results/PROKKA_06292018:MG700549.1_145 (length 87)
plasmid_files/MG700549.1_results/PROKKA_06292018:MG700549.1_146 (length 51)
plasmid_files/MG700549.1_results/PROKKA_06292018:MG700549.1_147 (length 102)
plasmid_files/MG700549.1_results/PROKKA_06292018:MG700549.1_148 (length 81)
plasmid_files/MG700549.1_results/PROKKA_06292018:MG700549.1_149 (length 52)
plasmid_files/MG700549.1_results/PROKKA_06292018:MG700549.1_150 (length 108)
plasmid_files/MG700549.1_results/PROKKA_06292018:MG700549.1_151 (length 55)
plasmid_files/MG700549.1_results/PROKKA_06292018:MG700549.1_152 (length 52)
plasmid_files/MG700549.1_results/PROKKA_06292018:MG700549.1_153 (length 91)
plasmid_files/MG700549.1_results/PROKKA_06292018:MG700549.1_154 (length 97)
plasmid_files/MG700549.1_results/PROKKA_06292018:MG700549.1_155 (length 75)
plasmid_files/MG700549.1_results/PROKKA_06292018:MG700549.1_156 (length 79)
plasmid_files/MG700549.1_results/PROKKA_06292018:MG700549.1_157 (length 74)
plasmid_files/MG700549.1_results/PROKKA_06292018:MG700549.1_158 (length 115)
plasmid_files/MG700549.1_results/PROKKA_06292018:MG700549.1_159 (length 78)
plasmid_files/MG700549.1_results/PROKKA_06292018:MG700549.1_160 (length 31)
plasmid_files/MG700549.1_results/PROKKA_06292018:MG700549.1_161 (length 125)
plasmid_files/MG700549.1_results/PROKKA_06292018:MG700549.1_162 (length 149)
plasmid_files/MG700549.1_results/PROKKA_06292018:MG700549.1_163 (length 144)
plasmid_files/MG700549.1_results/PROKKA_06292018:MG700549.1_164 (length 142)
plasmid_files/MG700549.1_results/PROKKA_06292018:MG700549.1_165 (length 127)
plasmid_files/MG700549.1_results/PROKKA_06292018:MG700549.1_166 (length 58)
plasmid_files/MG700549.1_results/PROKKA_06292018:MG700549.1_167 (length 166)
plasmid_files/MG700549.1_results/PROKKA_06292018:MG700549.1_168 (length 88)
plasmid_files/MG700549.1_results/PROKKA_06292018:MG700549.1_169 (length 105)
plasmid_files/MG700549.1_results/PROKKA_06292018:MG700549.1_170 (length 123)
plasmid_files/MG700549.1_results/PROKKA_06292018:MG700549.1_171 (length 112)
plasmid_files/MG700549.1_results/PROKKA_06292018:MG700549.1_172 (length 435)
plasmid_files/MG700549.1_results/PROKKA_06292018:MG700549.1_173 (length 81)
plasmid_files/MG700549.1_results/PROKKA_06292018:MG700549.1_174 (length 92)
plasmid_files/MG700549.1_results/PROKKA_06292018:MG700549.1_175 (length 84)
plasmid_files/MG700549.1_results/PROKKA_06292018:MG700549.1_176 (length 77)
plasmid_files/MG700549.1_results/PROKKA_06292018:MG700549.1_177 (length 61)
plasmid_files/MG700549.1_results/PROKKA_06292018:MG700549.1_178 (length 216)
plasmid_files/MG700549.1_results/PROKKA_06292018:MG700549.1_179 (length 141)
plasmid_files/MG700549.1_results/PROKKA_06292018:MG700549.1_180 (length 116)
plasmid_files/MG700549.1_results/PROKKA_06292018:MG700549.1_181 (length 100)
plasmid_files/MG700549.1_results/PROKKA_06292018:MG700549.1_182 (length 200)
plasmid_files/MG700549.1_results/PROKKA_06292018:MG700549.1_183 (length 117)
plasmid_files/MG700549.1_results/PROKKA_06292018:MG700549.1_184 (length 92)
plasmid_files/MG700549.1_results/PROKKA_06292018:MG700549.1_185 (length 88)
plasmid_files/MG700549.1_results/PROKKA_06292018:MG700549.1_186 (length 156)
plasmid_files/MG700549.1_results/PROKKA_06292018:MG700549.1_187 (length 32)
plasmid_files/MG700549.1_results/PROKKA_06292018:MG700549.1_188 (length 85)
plasmid_files/MG700549.1_results/PROKKA_06292018:MG700549.1_189 (length 199)
plasmid_files/MG700549.1_results/PROKKA_06292018:MG700549.1_190 (length 63)
plasmid_files/MG700549.1_results/PROKKA_06292018:MG700549.1_191 (length 153)
plasmid_files/MG700549.1_results/PROKKA_06292018:MG700549.1_192 (length 70)
plasmid_files/MG700549.1_results/PROKKA_06292018:MG700549.1_193 (length 162)
plasmid_files/MG700549.1_results/PROKKA_06292018:MG700549.1_194 (length 77)
plasmid_files/MG700549.1_results/PROKKA_06292018:MG700549.1_195 (length 73)
plasmid_files/MG700549.1_results/PROKKA_06292018:MG700549.1_196 (length 79)
plasmid_files/MG700549.1_results/PROKKA_06292018:MG700549.1_197 (length 131)
plasmid_files/MG700549.1_results/PROKKA_06292018:MG700549.1_198 (length 175)
plasmid_files/MG700549.1_results/PROKKA_06292018:MG700549.1_199 (length 74)
plasmid_files/MG700549.1_results/PROKKA_06292018:MG700549.1_200 (length 104)
plasmid_files/MG700549.1_results/PROKKA_06292018:MG700549.1_201 (length 121)
plasmid_files/MG700549.1_results/PROKKA_06292018:MG700549.1_202 (length 65)
plasmid_files/MG700549.1_results/PROKKA_06292018:MG700549.1_203 (length 50)
plasmid_files/MG700549.1_results/PROKKA_06292018:MG700549.1_204 (length 100)
plasmid_files/MG700549.1_results/PROKKA_06292018:MG700549.1_205 (length 43)
plasmid_files/MG700549.1_results/PROKKA_06292018:MG700549.1_206 (length 106)
plasmid_files/MG700549.1_results/PROKKA_06292018:MG700549.1_207 (length 57)
plasmid_files/MG700549.1_results/PROKKA_06292018:MG700549.1_208 (length 33)
plasmid_files/MG700549.1_results/PROKKA_06292018:MG700549.1_209 (length 84)
plasmid_files/MG700549.1_results/PROKKA_06292018:MG700549.1_210 (length 97)
plasmid_files/MG700549.1_results/PROKKA_06292018:MG700549.1_211 (length 91)

DiscRep_ALL:DISC_SOURCE_QUALS_ASNDISC::strain (all present, all unique)
DiscRep_SUB:DISC_SOURCE_QUALS_ASNDISC::1 sources have unique values for strain
DiscRep_ALL:DISC_SOURCE_QUALS_ASNDISC::taxname (all present, all unique)
DiscRep_SUB:DISC_SOURCE_QUALS_ASNDISC::1 sources have unique values for taxname
DiscRep_ALL:DISC_FEATURE_COUNT::CDS: 211 present
DiscRep_ALL:DISC_COUNT_NUCLEOTIDES::1 nucleotide Bioseqs are present
plasmid_files/MG700549.1_results/PROKKA_06292018:MG700549.1 (length 97971, 175 other)

DiscRep_ALL:FEATURE_LOCATION_CONFLICT::211 features have inconsistent gene locations.
DiscRep_SUB:FEATURE_LOCATION_CONFLICT::Coding region xref gene does not exist
plasmid_files/MG700549.1_results/PROKKA_06292018:CDS	hypothetical protein	MG700549.1:225-566	HGNBFLAO_00001

DiscRep_SUB:FEATURE_LOCATION_CONFLICT::Coding region xref gene does not exist
plasmid_files/MG700549.1_results/PROKKA_06292018:CDS	hypothetical protein	MG700549.1:563-826	HGNBFLAO_00002

DiscRep_SUB:FEATURE_LOCATION_CONFLICT::Coding region xref gene does not exist
plasmid_files/MG700549.1_results/PROKKA_06292018:CDS	hypothetical protein	MG700549.1:1050-1640	HGNBFLAO_00003

DiscRep_SUB:FEATURE_LOCATION_CONFLICT::Coding region xref gene does not exist
plasmid_files/MG700549.1_results/PROKKA_06292018:CDS	hypothetical protein	MG700549.1:1737-2015	HGNBFLAO_00004

DiscRep_SUB:FEATURE_LOCATION_CONFLICT::Coding region xref gene does not exist
plasmid_files/MG700549.1_results/PROKKA_06292018:CDS	Protein PsiB	MG700549.1:2015-2494	HGNBFLAO_00005

DiscRep_SUB:FEATURE_LOCATION_CONFLICT::Coding region xref gene does not exist
plasmid_files/MG700549.1_results/PROKKA_06292018:CDS	Protein PsiB	MG700549.1:2524-2700	HGNBFLAO_00006

DiscRep_SUB:FEATURE_LOCATION_CONFLICT::Coding region xref gene does not exist
plasmid_files/MG700549.1_results/PROKKA_06292018:CDS	hypothetical protein	MG700549.1:2697-3422	HGNBFLAO_00007

DiscRep_SUB:FEATURE_LOCATION_CONFLICT::Coding region xref gene does not exist
plasmid_files/MG700549.1_results/PROKKA_06292018:CDS	hypothetical protein	MG700549.1:3427-3606	HGNBFLAO_00008

DiscRep_SUB:FEATURE_LOCATION_CONFLICT::Coding region xref gene does not exist
plasmid_files/MG700549.1_results/PROKKA_06292018:CDS	hypothetical protein	MG700549.1:3563-3745	HGNBFLAO_00009

DiscRep_SUB:FEATURE_LOCATION_CONFLICT::Coding region xref gene does not exist
plasmid_files/MG700549.1_results/PROKKA_06292018:CDS	hypothetical protein	MG700549.1:3854-3997	HGNBFLAO_00010

DiscRep_SUB:FEATURE_LOCATION_CONFLICT::Coding region xref gene does not exist
plasmid_files/MG700549.1_results/PROKKA_06292018:CDS	hypothetical protein	MG700549.1:4257-4508	HGNBFLAO_00011

DiscRep_SUB:FEATURE_LOCATION_CONFLICT::Coding region xref gene does not exist
plasmid_files/MG700549.1_results/PROKKA_06292018:CDS	hypothetical protein	MG700549.1:4518-4904	HGNBFLAO_00012

DiscRep_SUB:FEATURE_LOCATION_CONFLICT::Coding region xref gene does not exist
plasmid_files/MG700549.1_results/PROKKA_06292018:CDS	hypothetical protein	MG700549.1:c5280-4939	HGNBFLAO_00013

DiscRep_SUB:FEATURE_LOCATION_CONFLICT::Coding region xref gene does not exist
plasmid_files/MG700549.1_results/PROKKA_06292018:CDS	hypothetical protein	MG700549.1:5485-5793	HGNBFLAO_00014

DiscRep_SUB:FEATURE_LOCATION_CONFLICT::Coding region xref gene does not exist
plasmid_files/MG700549.1_results/PROKKA_06292018:CDS	hypothetical protein	MG700549.1:5893-6042	HGNBFLAO_00015

DiscRep_SUB:FEATURE_LOCATION_CONFLICT::Coding region xref gene does not exist
plasmid_files/MG700549.1_results/PROKKA_06292018:CDS	hypothetical protein	MG700549.1:6042-6224	HGNBFLAO_00016

DiscRep_SUB:FEATURE_LOCATION_CONFLICT::Coding region xref gene does not exist
plasmid_files/MG700549.1_results/PROKKA_06292018:CDS	hypothetical protein	MG700549.1:6330-6476	HGNBFLAO_00017

DiscRep_SUB:FEATURE_LOCATION_CONFLICT::Coding region xref gene does not exist
plasmid_files/MG700549.1_results/PROKKA_06292018:CDS	hypothetical protein	MG700549.1:6525-6890	HGNBFLAO_00018

DiscRep_SUB:FEATURE_LOCATION_CONFLICT::Coding region xref gene does not exist
plasmid_files/MG700549.1_results/PROKKA_06292018:CDS	hypothetical protein	MG700549.1:6859-7071	HGNBFLAO_00019

DiscRep_SUB:FEATURE_LOCATION_CONFLICT::Coding region xref gene does not exist
plasmid_files/MG700549.1_results/PROKKA_06292018:CDS	hypothetical protein	MG700549.1:7065-7358	HGNBFLAO_00020

DiscRep_SUB:FEATURE_LOCATION_CONFLICT::Coding region xref gene does not exist
plasmid_files/MG700549.1_results/PROKKA_06292018:CDS	hypothetical protein	MG700549.1:c7933-7265	HGNBFLAO_00021

DiscRep_SUB:FEATURE_LOCATION_CONFLICT::Coding region xref gene does not exist
plasmid_files/MG700549.1_results/PROKKA_06292018:CDS	hypothetical protein	MG700549.1:8149-8550	HGNBFLAO_00022

DiscRep_SUB:FEATURE_LOCATION_CONFLICT::Coding region xref gene does not exist
plasmid_files/MG700549.1_results/PROKKA_06292018:CDS	hypothetical protein	MG700549.1:8737-8952	HGNBFLAO_00023

DiscRep_SUB:FEATURE_LOCATION_CONFLICT::Coding region xref gene does not exist
plasmid_files/MG700549.1_results/PROKKA_06292018:CDS	hypothetical protein	MG700549.1:9050-9301	HGNBFLAO_00024

DiscRep_SUB:FEATURE_LOCATION_CONFLICT::Coding region xref gene does not exist
plasmid_files/MG700549.1_results/PROKKA_06292018:CDS	hypothetical protein	MG700549.1:9250-9486	HGNBFLAO_00025

DiscRep_SUB:FEATURE_LOCATION_CONFLICT::Coding region xref gene does not exist
plasmid_files/MG700549.1_results/PROKKA_06292018:CDS	hypothetical protein	MG700549.1:9764-9922	HGNBFLAO_00026

DiscRep_SUB:FEATURE_LOCATION_CONFLICT::Coding region xref gene does not exist
plasmid_files/MG700549.1_results/PROKKA_06292018:CDS	hypothetical protein	MG700549.1:10028-10273	HGNBFLAO_00027

DiscRep_SUB:FEATURE_LOCATION_CONFLICT::Coding region xref gene does not exist
plasmid_files/MG700549.1_results/PROKKA_06292018:CDS	hypothetical protein	MG700549.1:10310-10603	HGNBFLAO_00028

DiscRep_SUB:FEATURE_LOCATION_CONFLICT::Coding region xref gene does not exist
plasmid_files/MG700549.1_results/PROKKA_06292018:CDS	hypothetical protein	MG700549.1:10636-11118	HGNBFLAO_00029

DiscRep_SUB:FEATURE_LOCATION_CONFLICT::Coding region xref gene does not exist
plasmid_files/MG700549.1_results/PROKKA_06292018:CDS	Protein TraQ	MG700549.1:11378-11563	HGNBFLAO_00030

DiscRep_SUB:FEATURE_LOCATION_CONFLICT::Coding region xref gene does not exist
plasmid_files/MG700549.1_results/PROKKA_06292018:CDS	hypothetical protein	MG700549.1:11585-11869	HGNBFLAO_00031

DiscRep_SUB:FEATURE_LOCATION_CONFLICT::Coding region xref gene does not exist
plasmid_files/MG700549.1_results/PROKKA_06292018:CDS	hypothetical protein	MG700549.1:11808-12041	HGNBFLAO_00032

DiscRep_SUB:FEATURE_LOCATION_CONFLICT::Coding region xref gene does not exist
plasmid_files/MG700549.1_results/PROKKA_06292018:CDS	hypothetical protein	MG700549.1:12185-12517	HGNBFLAO_00033

DiscRep_SUB:FEATURE_LOCATION_CONFLICT::Coding region xref gene does not exist
plasmid_files/MG700549.1_results/PROKKA_06292018:CDS	hypothetical protein	MG700549.1:12613-12963	HGNBFLAO_00034

DiscRep_SUB:FEATURE_LOCATION_CONFLICT::Coding region xref gene does not exist
plasmid_files/MG700549.1_results/PROKKA_06292018:CDS	hypothetical protein	MG700549.1:13247-13411	HGNBFLAO_00035

DiscRep_SUB:FEATURE_LOCATION_CONFLICT::Coding region xref gene does not exist
plasmid_files/MG700549.1_results/PROKKA_06292018:CDS	hypothetical protein	MG700549.1:13564-14019	HGNBFLAO_00036

DiscRep_SUB:FEATURE_LOCATION_CONFLICT::Coding region xref gene does not exist
plasmid_files/MG700549.1_results/PROKKA_06292018:CDS	hypothetical protein	MG700549.1:14037-14459	HGNBFLAO_00037

DiscRep_SUB:FEATURE_LOCATION_CONFLICT::Coding region xref gene does not exist
plasmid_files/MG700549.1_results/PROKKA_06292018:CDS	hypothetical protein	MG700549.1:14459-14944	HGNBFLAO_00038

DiscRep_SUB:FEATURE_LOCATION_CONFLICT::Coding region xref gene does not exist
plasmid_files/MG700549.1_results/PROKKA_06292018:CDS	hypothetical protein	MG700549.1:14911-15240	HGNBFLAO_00039

DiscRep_SUB:FEATURE_LOCATION_CONFLICT::Coding region xref gene does not exist
plasmid_files/MG700549.1_results/PROKKA_06292018:CDS	hypothetical protein	MG700549.1:15323-15607	HGNBFLAO_00040

DiscRep_SUB:FEATURE_LOCATION_CONFLICT::Coding region xref gene does not exist
plasmid_files/MG700549.1_results/PROKKA_06292018:CDS	hypothetical protein	MG700549.1:15664-16542	HGNBFLAO_00041

DiscRep_SUB:FEATURE_LOCATION_CONFLICT::Coding region xref gene does not exist
plasmid_files/MG700549.1_results/PROKKA_06292018:CDS	hypothetical protein	MG700549.1:16588-16800	HGNBFLAO_00042

DiscRep_SUB:FEATURE_LOCATION_CONFLICT::Coding region xref gene does not exist
plasmid_files/MG700549.1_results/PROKKA_06292018:CDS	hypothetical protein	MG700549.1:16813-16962	HGNBFLAO_00043

DiscRep_SUB:FEATURE_LOCATION_CONFLICT::Coding region xref gene does not exist
plasmid_files/MG700549.1_results/PROKKA_06292018:CDS	hypothetical protein	MG700549.1:17542-17688	HGNBFLAO_00044

DiscRep_SUB:FEATURE_LOCATION_CONFLICT::Coding region xref gene does not exist
plasmid_files/MG700549.1_results/PROKKA_06292018:CDS	Lipoprotein YlpA	MG700549.1:17887-18354	HGNBFLAO_00045

DiscRep_SUB:FEATURE_LOCATION_CONFLICT::Coding region xref gene does not exist
plasmid_files/MG700549.1_results/PROKKA_06292018:CDS	hypothetical protein	MG700549.1:18451-18966	HGNBFLAO_00046

DiscRep_SUB:FEATURE_LOCATION_CONFLICT::Coding region xref gene does not exist
plasmid_files/MG700549.1_results/PROKKA_06292018:CDS	Coupling protein TraD	MG700549.1:19264-19557	HGNBFLAO_00047

DiscRep_SUB:FEATURE_LOCATION_CONFLICT::Coding region xref gene does not exist
plasmid_files/MG700549.1_results/PROKKA_06292018:CDS	Coupling protein TraD	MG700549.1:19878-20252	HGNBFLAO_00048

DiscRep_SUB:FEATURE_LOCATION_CONFLICT::Coding region xref gene does not exist
plasmid_files/MG700549.1_results/PROKKA_06292018:CDS	Coupling protein TraD	MG700549.1:20278-20499	HGNBFLAO_00049

DiscRep_SUB:FEATURE_LOCATION_CONFLICT::Coding region xref gene does not exist
plasmid_files/MG700549.1_results/PROKKA_06292018:CDS	Coupling protein TraD	MG700549.1:20596-21009	HGNBFLAO_00050

DiscRep_SUB:FEATURE_LOCATION_CONFLICT::Coding region xref gene does not exist
plasmid_files/MG700549.1_results/PROKKA_06292018:CDS	hypothetical protein	MG700549.1:c21281-21090	HGNBFLAO_00051

DiscRep_SUB:FEATURE_LOCATION_CONFLICT::Coding region xref gene does not exist
plasmid_files/MG700549.1_results/PROKKA_06292018:CDS	Multifunctional conjugation protein TraI	MG700549.1:21467-21718	HGNBFLAO_00052

DiscRep_SUB:FEATURE_LOCATION_CONFLICT::Coding region xref gene does not exist
plasmid_files/MG700549.1_results/PROKKA_06292018:CDS	hypothetical protein	MG700549.1:c22206-21616	HGNBFLAO_00053

DiscRep_SUB:FEATURE_LOCATION_CONFLICT::Coding region xref gene does not exist
plasmid_files/MG700549.1_results/PROKKA_06292018:CDS	Multifunctional conjugation protein TraI	MG700549.1:22212-22466	HGNBFLAO_00054

DiscRep_SUB:FEATURE_LOCATION_CONFLICT::Coding region xref gene does not exist
plasmid_files/MG700549.1_results/PROKKA_06292018:CDS	Multifunctional conjugation protein TraI	MG700549.1:22463-22720	HGNBFLAO_00055

DiscRep_SUB:FEATURE_LOCATION_CONFLICT::Coding region xref gene does not exist
plasmid_files/MG700549.1_results/PROKKA_06292018:CDS	Multifunctional conjugation protein TraI	MG700549.1:22830-23165	HGNBFLAO_00056

DiscRep_SUB:FEATURE_LOCATION_CONFLICT::Coding region xref gene does not exist
plasmid_files/MG700549.1_results/PROKKA_06292018:CDS	Multifunctional conjugation protein TraI	MG700549.1:23111-23485	HGNBFLAO_00057

DiscRep_SUB:FEATURE_LOCATION_CONFLICT::Coding region xref gene does not exist
plasmid_files/MG700549.1_results/PROKKA_06292018:CDS	Multifunctional conjugation protein TraI	MG700549.1:23485-23598	HGNBFLAO_00058

DiscRep_SUB:FEATURE_LOCATION_CONFLICT::Coding region xref gene does not exist
plasmid_files/MG700549.1_results/PROKKA_06292018:CDS	hypothetical protein	MG700549.1:23673-23891	HGNBFLAO_00059

DiscRep_SUB:FEATURE_LOCATION_CONFLICT::Coding region xref gene does not exist
plasmid_files/MG700549.1_results/PROKKA_06292018:CDS	Multifunctional conjugation protein TraI	MG700549.1:24378-24932	HGNBFLAO_00060

DiscRep_SUB:FEATURE_LOCATION_CONFLICT::Coding region xref gene does not exist
plasmid_files/MG700549.1_results/PROKKA_06292018:CDS	Multifunctional conjugation protein TraI	MG700549.1:25128-25406	HGNBFLAO_00061

DiscRep_SUB:FEATURE_LOCATION_CONFLICT::Coding region xref gene does not exist
plasmid_files/MG700549.1_results/PROKKA_06292018:CDS	Multifunctional conjugation protein TraI	MG700549.1:25346-25801	HGNBFLAO_00062

DiscRep_SUB:FEATURE_LOCATION_CONFLICT::Coding region xref gene does not exist
plasmid_files/MG700549.1_results/PROKKA_06292018:CDS	Multifunctional conjugation protein TraI	MG700549.1:25759-26076	HGNBFLAO_00063

DiscRep_SUB:FEATURE_LOCATION_CONFLICT::Coding region xref gene does not exist
plasmid_files/MG700549.1_results/PROKKA_06292018:CDS	Multifunctional conjugation protein TraI	MG700549.1:26162-26329	HGNBFLAO_00064

DiscRep_SUB:FEATURE_LOCATION_CONFLICT::Coding region xref gene does not exist
plasmid_files/MG700549.1_results/PROKKA_06292018:CDS	hypothetical protein	MG700549.1:26326-26568	HGNBFLAO_00065

DiscRep_SUB:FEATURE_LOCATION_CONFLICT::Coding region xref gene does not exist
plasmid_files/MG700549.1_results/PROKKA_06292018:CDS	hypothetical protein	MG700549.1:26641-26775	HGNBFLAO_00066

DiscRep_SUB:FEATURE_LOCATION_CONFLICT::Coding region xref gene does not exist
plasmid_files/MG700549.1_results/PROKKA_06292018:CDS	hypothetical protein	MG700549.1:26890-27360	HGNBFLAO_00067

DiscRep_SUB:FEATURE_LOCATION_CONFLICT::Coding region xref gene does not exist
plasmid_files/MG700549.1_results/PROKKA_06292018:CDS	hypothetical protein	MG700549.1:27333-27551	HGNBFLAO_00068

DiscRep_SUB:FEATURE_LOCATION_CONFLICT::Coding region xref gene does not exist
plasmid_files/MG700549.1_results/PROKKA_06292018:CDS	hypothetical protein	MG700549.1:27601-27822	HGNBFLAO_00069

DiscRep_SUB:FEATURE_LOCATION_CONFLICT::Coding region xref gene does not exist
plasmid_files/MG700549.1_results/PROKKA_06292018:CDS	Fertility inhibition protein	MG700549.1:27876-28142	HGNBFLAO_00070

DiscRep_SUB:FEATURE_LOCATION_CONFLICT::Coding region xref gene does not exist
plasmid_files/MG700549.1_results/PROKKA_06292018:CDS	hypothetical protein	MG700549.1:28722-28835	HGNBFLAO_00071

DiscRep_SUB:FEATURE_LOCATION_CONFLICT::Coding region xref gene does not exist
plasmid_files/MG700549.1_results/PROKKA_06292018:CDS	hypothetical protein	MG700549.1:28991-29179	HGNBFLAO_00072

DiscRep_SUB:FEATURE_LOCATION_CONFLICT::Coding region xref gene does not exist
plasmid_files/MG700549.1_results/PROKKA_06292018:CDS	hypothetical protein	MG700549.1:29176-29373	HGNBFLAO_00073

DiscRep_SUB:FEATURE_LOCATION_CONFLICT::Coding region xref gene does not exist
plasmid_files/MG700549.1_results/PROKKA_06292018:CDS	hypothetical protein	MG700549.1:29559-29798	HGNBFLAO_00074

DiscRep_SUB:FEATURE_LOCATION_CONFLICT::Coding region xref gene does not exist
plasmid_files/MG700549.1_results/PROKKA_06292018:CDS	hypothetical protein	MG700549.1:c30019-29828	HGNBFLAO_00075

DiscRep_SUB:FEATURE_LOCATION_CONFLICT::Coding region xref gene does not exist
plasmid_files/MG700549.1_results/PROKKA_06292018:CDS	hypothetical protein	MG700549.1:30331-30447	HGNBFLAO_00076

DiscRep_SUB:FEATURE_LOCATION_CONFLICT::Coding region xref gene does not exist
plasmid_files/MG700549.1_results/PROKKA_06292018:CDS	hypothetical protein	MG700549.1:c30625-30449	HGNBFLAO_00077

DiscRep_SUB:FEATURE_LOCATION_CONFLICT::Coding region xref gene does not exist
plasmid_files/MG700549.1_results/PROKKA_06292018:CDS	Phospholipase D	MG700549.1:31046-31294	HGNBFLAO_00078

DiscRep_SUB:FEATURE_LOCATION_CONFLICT::Coding region xref gene does not exist
plasmid_files/MG700549.1_results/PROKKA_06292018:CDS	hypothetical protein	MG700549.1:31426-31677	HGNBFLAO_00079

DiscRep_SUB:FEATURE_LOCATION_CONFLICT::Coding region xref gene does not exist
plasmid_files/MG700549.1_results/PROKKA_06292018:CDS	hypothetical protein	MG700549.1:32217-32522	HGNBFLAO_00080

DiscRep_SUB:FEATURE_LOCATION_CONFLICT::Coding region xref gene does not exist
plasmid_files/MG700549.1_results/PROKKA_06292018:CDS	hypothetical protein	MG700549.1:32534-32836	HGNBFLAO_00081

DiscRep_SUB:FEATURE_LOCATION_CONFLICT::Coding region xref gene does not exist
plasmid_files/MG700549.1_results/PROKKA_06292018:CDS	hypothetical protein	MG700549.1:c34335-34060	HGNBFLAO_00082

DiscRep_SUB:FEATURE_LOCATION_CONFLICT::Coding region xref gene does not exist
plasmid_files/MG700549.1_results/PROKKA_06292018:CDS	hypothetical protein	MG700549.1:c34769-34452	HGNBFLAO_00083

DiscRep_SUB:FEATURE_LOCATION_CONFLICT::Coding region xref gene does not exist
plasmid_files/MG700549.1_results/PROKKA_06292018:CDS	hypothetical protein	MG700549.1:34796-35251	HGNBFLAO_00084

DiscRep_SUB:FEATURE_LOCATION_CONFLICT::Coding region xref gene does not exist
plasmid_files/MG700549.1_results/PROKKA_06292018:CDS	hypothetical protein	MG700549.1:c35543-35295	HGNBFLAO_00085

DiscRep_SUB:FEATURE_LOCATION_CONFLICT::Coding region xref gene does not exist
plasmid_files/MG700549.1_results/PROKKA_06292018:CDS	hypothetical protein	MG700549.1:c35854-35675	HGNBFLAO_00086

DiscRep_SUB:FEATURE_LOCATION_CONFLICT::Coding region xref gene does not exist
plasmid_files/MG700549.1_results/PROKKA_06292018:CDS	hypothetical protein	MG700549.1:c36224-35796	HGNBFLAO_00087

DiscRep_SUB:FEATURE_LOCATION_CONFLICT::Coding region xref gene does not exist
plasmid_files/MG700549.1_results/PROKKA_06292018:CDS	hypothetical protein	MG700549.1:36238-36513	HGNBFLAO_00088

DiscRep_SUB:FEATURE_LOCATION_CONFLICT::Coding region xref gene does not exist
plasmid_files/MG700549.1_results/PROKKA_06292018:CDS	Tyrosine recombinase XerC	MG700549.1:c37237-37055	HGNBFLAO_00089

DiscRep_SUB:FEATURE_LOCATION_CONFLICT::Coding region xref gene does not exist
plasmid_files/MG700549.1_results/PROKKA_06292018:CDS	hypothetical protein	MG700549.1:c37488-37237	HGNBFLAO_00090

DiscRep_SUB:FEATURE_LOCATION_CONFLICT::Coding region xref gene does not exist
plasmid_files/MG700549.1_results/PROKKA_06292018:CDS	hypothetical protein	MG700549.1:c37964-37575	HGNBFLAO_00091

DiscRep_SUB:FEATURE_LOCATION_CONFLICT::Coding region xref gene does not exist
plasmid_files/MG700549.1_results/PROKKA_06292018:CDS	hypothetical protein	MG700549.1:c38759-38115	HGNBFLAO_00092

DiscRep_SUB:FEATURE_LOCATION_CONFLICT::Coding region xref gene does not exist
plasmid_files/MG700549.1_results/PROKKA_06292018:CDS	hypothetical protein	MG700549.1:38869-39786	HGNBFLAO_00093

DiscRep_SUB:FEATURE_LOCATION_CONFLICT::Coding region xref gene does not exist
plasmid_files/MG700549.1_results/PROKKA_06292018:CDS	hypothetical protein	MG700549.1:39898-40260	HGNBFLAO_00094

DiscRep_SUB:FEATURE_LOCATION_CONFLICT::Coding region xref gene does not exist
plasmid_files/MG700549.1_results/PROKKA_06292018:CDS	hypothetical protein	MG700549.1:40223-41926	HGNBFLAO_00095

DiscRep_SUB:FEATURE_LOCATION_CONFLICT::Coding region xref gene does not exist
plasmid_files/MG700549.1_results/PROKKA_06292018:CDS	hypothetical protein	MG700549.1:41994-42233	HGNBFLAO_00096

DiscRep_SUB:FEATURE_LOCATION_CONFLICT::Coding region xref gene does not exist
plasmid_files/MG700549.1_results/PROKKA_06292018:CDS	hypothetical protein	MG700549.1:42549-42842	HGNBFLAO_00097

DiscRep_SUB:FEATURE_LOCATION_CONFLICT::Coding region xref gene does not exist
plasmid_files/MG700549.1_results/PROKKA_06292018:CDS	hypothetical protein	MG700549.1:42821-43153	HGNBFLAO_00098

DiscRep_SUB:FEATURE_LOCATION_CONFLICT::Coding region xref gene does not exist
plasmid_files/MG700549.1_results/PROKKA_06292018:CDS	Insertion sequence IS5376 putative ATP-binding protein	MG700549.1:43234-43785	HGNBFLAO_00099

DiscRep_SUB:FEATURE_LOCATION_CONFLICT::Coding region xref gene does not exist
plasmid_files/MG700549.1_results/PROKKA_06292018:CDS	hypothetical protein	MG700549.1:43825-44019	HGNBFLAO_00100

DiscRep_SUB:FEATURE_LOCATION_CONFLICT::Coding region xref gene does not exist
plasmid_files/MG700549.1_results/PROKKA_06292018:CDS	Carbapenem-hydrolyzing beta-lactamase KPC	MG700549.1:44071-44574	HGNBFLAO_00101

DiscRep_SUB:FEATURE_LOCATION_CONFLICT::Coding region xref gene does not exist
plasmid_files/MG700549.1_results/PROKKA_06292018:CDS	hypothetical protein	MG700549.1:c44964-44383	HGNBFLAO_00102

DiscRep_SUB:FEATURE_LOCATION_CONFLICT::Coding region xref gene does not exist
plasmid_files/MG700549.1_results/PROKKA_06292018:CDS	hypothetical protein	MG700549.1:c45754-45197	HGNBFLAO_00103

DiscRep_SUB:FEATURE_LOCATION_CONFLICT::Coding region xref gene does not exist
plasmid_files/MG700549.1_results/PROKKA_06292018:CDS	hypothetical protein	MG700549.1:c46586-45744	HGNBFLAO_00104

DiscRep_SUB:FEATURE_LOCATION_CONFLICT::Coding region xref gene does not exist
plasmid_files/MG700549.1_results/PROKKA_06292018:CDS	hypothetical protein	MG700549.1:c47442-46888	HGNBFLAO_00105

DiscRep_SUB:FEATURE_LOCATION_CONFLICT::Coding region xref gene does not exist
plasmid_files/MG700549.1_results/PROKKA_06292018:CDS	hypothetical protein	MG700549.1:47450-47785	HGNBFLAO_00106

DiscRep_SUB:FEATURE_LOCATION_CONFLICT::Coding region xref gene does not exist
plasmid_files/MG700549.1_results/PROKKA_06292018:CDS	hypothetical protein	MG700549.1:47797-47988	HGNBFLAO_00107

DiscRep_SUB:FEATURE_LOCATION_CONFLICT::Coding region xref gene does not exist
plasmid_files/MG700549.1_results/PROKKA_06292018:CDS	hypothetical protein	MG700549.1:48079-48330	HGNBFLAO_00108

DiscRep_SUB:FEATURE_LOCATION_CONFLICT::Coding region xref gene does not exist
plasmid_files/MG700549.1_results/PROKKA_06292018:CDS	hypothetical protein	MG700549.1:48462-48830	HGNBFLAO_00109

DiscRep_SUB:FEATURE_LOCATION_CONFLICT::Coding region xref gene does not exist
plasmid_files/MG700549.1_results/PROKKA_06292018:CDS	hypothetical protein	MG700549.1:c49061-48945	HGNBFLAO_00110

DiscRep_SUB:FEATURE_LOCATION_CONFLICT::Coding region xref gene does not exist
plasmid_files/MG700549.1_results/PROKKA_06292018:CDS	hypothetical protein	MG700549.1:c49834-49475	HGNBFLAO_00111

DiscRep_SUB:FEATURE_LOCATION_CONFLICT::Coding region xref gene does not exist
plasmid_files/MG700549.1_results/PROKKA_06292018:CDS	hypothetical protein	MG700549.1:c50413-50090	HGNBFLAO_00112

DiscRep_SUB:FEATURE_LOCATION_CONFLICT::Coding region xref gene does not exist
plasmid_files/MG700549.1_results/PROKKA_06292018:CDS	hypothetical protein	MG700549.1:c50953-50726	HGNBFLAO_00113

DiscRep_SUB:FEATURE_LOCATION_CONFLICT::Coding region xref gene does not exist
plasmid_files/MG700549.1_results/PROKKA_06292018:CDS	hypothetical protein	MG700549.1:50955-51224	HGNBFLAO_00114

DiscRep_SUB:FEATURE_LOCATION_CONFLICT::Coding region xref gene does not exist
plasmid_files/MG700549.1_results/PROKKA_06292018:CDS	hypothetical protein	MG700549.1:c51592-51209	HGNBFLAO_00115

DiscRep_SUB:FEATURE_LOCATION_CONFLICT::Coding region xref gene does not exist
plasmid_files/MG700549.1_results/PROKKA_06292018:CDS	hypothetical protein	MG700549.1:51708-52256	HGNBFLAO_00116

DiscRep_SUB:FEATURE_LOCATION_CONFLICT::Coding region xref gene does not exist
plasmid_files/MG700549.1_results/PROKKA_06292018:CDS	hypothetical protein	MG700549.1:c52980-52699	HGNBFLAO_00117

DiscRep_SUB:FEATURE_LOCATION_CONFLICT::Coding region xref gene does not exist
plasmid_files/MG700549.1_results/PROKKA_06292018:CDS	hypothetical protein	MG700549.1:c53573-52986	HGNBFLAO_00118

DiscRep_SUB:FEATURE_LOCATION_CONFLICT::Coding region xref gene does not exist
plasmid_files/MG700549.1_results/PROKKA_06292018:CDS	hypothetical protein	MG700549.1:53646-53891	HGNBFLAO_00119

DiscRep_SUB:FEATURE_LOCATION_CONFLICT::Coding region xref gene does not exist
plasmid_files/MG700549.1_results/PROKKA_06292018:CDS	hypothetical protein	MG700549.1:53888-54157	HGNBFLAO_00120

DiscRep_SUB:FEATURE_LOCATION_CONFLICT::Coding region xref gene does not exist
plasmid_files/MG700549.1_results/PROKKA_06292018:CDS	hypothetical protein	MG700549.1:54154-54339	HGNBFLAO_00121

DiscRep_SUB:FEATURE_LOCATION_CONFLICT::Coding region xref gene does not exist
plasmid_files/MG700549.1_results/PROKKA_06292018:CDS	hypothetical protein	MG700549.1:c54704-54576	HGNBFLAO_00122

DiscRep_SUB:FEATURE_LOCATION_CONFLICT::Coding region xref gene does not exist
plasmid_files/MG700549.1_results/PROKKA_06292018:CDS	hypothetical protein	MG700549.1:55091-55243	HGNBFLAO_00123

DiscRep_SUB:FEATURE_LOCATION_CONFLICT::Coding region xref gene does not exist
plasmid_files/MG700549.1_results/PROKKA_06292018:CDS	hypothetical protein	MG700549.1:55501-56202	HGNBFLAO_00124

DiscRep_SUB:FEATURE_LOCATION_CONFLICT::Coding region xref gene does not exist
plasmid_files/MG700549.1_results/PROKKA_06292018:CDS	Beta-lactamase OXA-18	MG700549.1:56421-56756	HGNBFLAO_00125

DiscRep_SUB:FEATURE_LOCATION_CONFLICT::Coding region xref gene does not exist
plasmid_files/MG700549.1_results/PROKKA_06292018:CDS	Beta-lactamase OXA-18	MG700549.1:56879-57247	HGNBFLAO_00126

DiscRep_SUB:FEATURE_LOCATION_CONFLICT::Coding region xref gene does not exist
plasmid_files/MG700549.1_results/PROKKA_06292018:CDS	Transposon Tn3 resolvase	MG700549.1:57586-57765	HGNBFLAO_00127

DiscRep_SUB:FEATURE_LOCATION_CONFLICT::Coding region xref gene does not exist
plasmid_files/MG700549.1_results/PROKKA_06292018:CDS	Beta-lactamase TEM	MG700549.1:57857-58807	HGNBFLAO_00128

DiscRep_SUB:FEATURE_LOCATION_CONFLICT::Coding region xref gene does not exist
plasmid_files/MG700549.1_results/PROKKA_06292018:CDS	hypothetical protein	MG700549.1:c59327-59079	HGNBFLAO_00129

DiscRep_SUB:FEATURE_LOCATION_CONFLICT::Coding region xref gene does not exist
plasmid_files/MG700549.1_results/PROKKA_06292018:CDS	hypothetical protein	MG700549.1:59415-59612	HGNBFLAO_00130

DiscRep_SUB:FEATURE_LOCATION_CONFLICT::Coding region xref gene does not exist
plasmid_files/MG700549.1_results/PROKKA_06292018:CDS	hypothetical protein	MG700549.1:c59894-59667	HGNBFLAO_00131

DiscRep_SUB:FEATURE_LOCATION_CONFLICT::Coding region xref gene does not exist
plasmid_files/MG700549.1_results/PROKKA_06292018:CDS	hypothetical protein	MG700549.1:c60645-60325	HGNBFLAO_00132

DiscRep_SUB:FEATURE_LOCATION_CONFLICT::Coding region xref gene does not exist
plasmid_files/MG700549.1_results/PROKKA_06292018:CDS	putative signaling protein	MG700549.1:c61426-60815	HGNBFLAO_00133

DiscRep_SUB:FEATURE_LOCATION_CONFLICT::Coding region xref gene does not exist
plasmid_files/MG700549.1_results/PROKKA_06292018:CDS	hypothetical protein	MG700549.1:c61659-61423	HGNBFLAO_00134

DiscRep_SUB:FEATURE_LOCATION_CONFLICT::Coding region xref gene does not exist
plasmid_files/MG700549.1_results/PROKKA_06292018:CDS	Mercuric reductase	MG700549.1:c62249-61656	HGNBFLAO_00135

DiscRep_SUB:FEATURE_LOCATION_CONFLICT::Coding region xref gene does not exist
plasmid_files/MG700549.1_results/PROKKA_06292018:CDS	Mercuric reductase	MG700549.1:c62442-62242	HGNBFLAO_00136

DiscRep_SUB:FEATURE_LOCATION_CONFLICT::Coding region xref gene does not exist
plasmid_files/MG700549.1_results/PROKKA_06292018:CDS	Mercuric reductase	MG700549.1:c62903-62439	HGNBFLAO_00137

DiscRep_SUB:FEATURE_LOCATION_CONFLICT::Coding region xref gene does not exist
plasmid_files/MG700549.1_results/PROKKA_06292018:CDS	Mercuric reductase	MG700549.1:c63479-62940	HGNBFLAO_00138

DiscRep_SUB:FEATURE_LOCATION_CONFLICT::Coding region xref gene does not exist
plasmid_files/MG700549.1_results/PROKKA_06292018:CDS	hypothetical protein	MG700549.1:63635-63982	HGNBFLAO_00139

DiscRep_SUB:FEATURE_LOCATION_CONFLICT::Coding region xref gene does not exist
plasmid_files/MG700549.1_results/PROKKA_06292018:CDS	hypothetical protein	MG700549.1:64048-64242	HGNBFLAO_00140

DiscRep_SUB:FEATURE_LOCATION_CONFLICT::Coding region xref gene does not exist
plasmid_files/MG700549.1_results/PROKKA_06292018:CDS	hypothetical protein	MG700549.1:c64998-64564	HGNBFLAO_00141

DiscRep_SUB:FEATURE_LOCATION_CONFLICT::Coding region xref gene does not exist
plasmid_files/MG700549.1_results/PROKKA_06292018:CDS	hypothetical protein	MG700549.1:c65413-65258	HGNBFLAO_00142

DiscRep_SUB:FEATURE_LOCATION_CONFLICT::Coding region xref gene does not exist
plasmid_files/MG700549.1_results/PROKKA_06292018:CDS	hypothetical protein	MG700549.1:c65799-65656	HGNBFLAO_00143

DiscRep_SUB:FEATURE_LOCATION_CONFLICT::Coding region xref gene does not exist
plasmid_files/MG700549.1_results/PROKKA_06292018:CDS	tRNA(fMet)-specific endonuclease VapC	MG700549.1:c66013-65873	HGNBFLAO_00144

DiscRep_SUB:FEATURE_LOCATION_CONFLICT::Coding region xref gene does not exist
plasmid_files/MG700549.1_results/PROKKA_06292018:CDS	hypothetical protein	MG700549.1:c66290-66027	HGNBFLAO_00145

DiscRep_SUB:FEATURE_LOCATION_CONFLICT::Coding region xref gene does not exist
plasmid_files/MG700549.1_results/PROKKA_06292018:CDS	hypothetical protein	MG700549.1:c66442-66287	HGNBFLAO_00146

DiscRep_SUB:FEATURE_LOCATION_CONFLICT::Coding region xref gene does not exist
plasmid_files/MG700549.1_results/PROKKA_06292018:CDS	hypothetical protein	MG700549.1:67418-67726	HGNBFLAO_00147

DiscRep_SUB:FEATURE_LOCATION_CONFLICT::Coding region xref gene does not exist
plasmid_files/MG700549.1_results/PROKKA_06292018:CDS	hypothetical protein	MG700549.1:67836-68081	HGNBFLAO_00148

DiscRep_SUB:FEATURE_LOCATION_CONFLICT::Coding region xref gene does not exist
plasmid_files/MG700549.1_results/PROKKA_06292018:CDS	hypothetical protein	MG700549.1:68149-68307	HGNBFLAO_00149

DiscRep_SUB:FEATURE_LOCATION_CONFLICT::Coding region xref gene does not exist
plasmid_files/MG700549.1_results/PROKKA_06292018:CDS	hypothetical protein	MG700549.1:68511-68837	HGNBFLAO_00150

DiscRep_SUB:FEATURE_LOCATION_CONFLICT::Coding region xref gene does not exist
plasmid_files/MG700549.1_results/PROKKA_06292018:CDS	hypothetical protein	MG700549.1:68928-69095	HGNBFLAO_00151

DiscRep_SUB:FEATURE_LOCATION_CONFLICT::Coding region xref gene does not exist
plasmid_files/MG700549.1_results/PROKKA_06292018:CDS	Tyrosine recombinase XerD	MG700549.1:69437-69595	HGNBFLAO_00152

DiscRep_SUB:FEATURE_LOCATION_CONFLICT::Coding region xref gene does not exist
plasmid_files/MG700549.1_results/PROKKA_06292018:CDS	hypothetical protein	MG700549.1:69621-69896	HGNBFLAO_00153

DiscRep_SUB:FEATURE_LOCATION_CONFLICT::Coding region xref gene does not exist
plasmid_files/MG700549.1_results/PROKKA_06292018:CDS	hypothetical protein	MG700549.1:c70118-69825	HGNBFLAO_00154

DiscRep_SUB:FEATURE_LOCATION_CONFLICT::Coding region xref gene does not exist
plasmid_files/MG700549.1_results/PROKKA_06292018:CDS	hypothetical protein	MG700549.1:c70721-70494	HGNBFLAO_00155

DiscRep_SUB:FEATURE_LOCATION_CONFLICT::Coding region xref gene does not exist
plasmid_files/MG700549.1_results/PROKKA_06292018:CDS	hypothetical protein	MG700549.1:c71173-70934	HGNBFLAO_00156

DiscRep_SUB:FEATURE_LOCATION_CONFLICT::Coding region xref gene does not exist
plasmid_files/MG700549.1_results/PROKKA_06292018:CDS	hypothetical protein	MG700549.1:c71693-71469	HGNBFLAO_00157

DiscRep_SUB:FEATURE_LOCATION_CONFLICT::Coding region xref gene does not exist
plasmid_files/MG700549.1_results/PROKKA_06292018:CDS	hypothetical protein	MG700549.1:c72115-71768	HGNBFLAO_00158

DiscRep_SUB:FEATURE_LOCATION_CONFLICT::Coding region xref gene does not exist
plasmid_files/MG700549.1_results/PROKKA_06292018:CDS	hypothetical protein	MG700549.1:c72449-72213	HGNBFLAO_00159

DiscRep_SUB:FEATURE_LOCATION_CONFLICT::Coding region xref gene does not exist
plasmid_files/MG700549.1_results/PROKKA_06292018:CDS	hypothetical protein	MG700549.1:c72653-72558	HGNBFLAO_00160

DiscRep_SUB:FEATURE_LOCATION_CONFLICT::Coding region xref gene does not exist
plasmid_files/MG700549.1_results/PROKKA_06292018:CDS	hypothetical protein	MG700549.1:c73017-72640	HGNBFLAO_00161

DiscRep_SUB:FEATURE_LOCATION_CONFLICT::Coding region xref gene does not exist
plasmid_files/MG700549.1_results/PROKKA_06292018:CDS	hypothetical protein	MG700549.1:c73553-73104	HGNBFLAO_00162

DiscRep_SUB:FEATURE_LOCATION_CONFLICT::Coding region xref gene does not exist
plasmid_files/MG700549.1_results/PROKKA_06292018:CDS	hypothetical protein	MG700549.1:c73984-73550	HGNBFLAO_00163

DiscRep_SUB:FEATURE_LOCATION_CONFLICT::Coding region xref gene does not exist
plasmid_files/MG700549.1_results/PROKKA_06292018:CDS	hypothetical protein	MG700549.1:c74403-73975	HGNBFLAO_00164

DiscRep_SUB:FEATURE_LOCATION_CONFLICT::Coding region xref gene does not exist
plasmid_files/MG700549.1_results/PROKKA_06292018:CDS	hypothetical protein	MG700549.1:c74783-74400	HGNBFLAO_00165

DiscRep_SUB:FEATURE_LOCATION_CONFLICT::Coding region xref gene does not exist
plasmid_files/MG700549.1_results/PROKKA_06292018:CDS	hypothetical protein	MG700549.1:c74964-74788	HGNBFLAO_00166

DiscRep_SUB:FEATURE_LOCATION_CONFLICT::Coding region xref gene does not exist
plasmid_files/MG700549.1_results/PROKKA_06292018:CDS	hypothetical protein	MG700549.1:c75425-74925	HGNBFLAO_00167

DiscRep_SUB:FEATURE_LOCATION_CONFLICT::Coding region xref gene does not exist
plasmid_files/MG700549.1_results/PROKKA_06292018:CDS	hypothetical protein	MG700549.1:c75716-75450	HGNBFLAO_00168

DiscRep_SUB:FEATURE_LOCATION_CONFLICT::Coding region xref gene does not exist
plasmid_files/MG700549.1_results/PROKKA_06292018:CDS	hypothetical protein	MG700549.1:c76112-75795	HGNBFLAO_00169

DiscRep_SUB:FEATURE_LOCATION_CONFLICT::Coding region xref gene does not exist
plasmid_files/MG700549.1_results/PROKKA_06292018:CDS	hypothetical protein	MG700549.1:c76422-76051	HGNBFLAO_00170

DiscRep_SUB:FEATURE_LOCATION_CONFLICT::Coding region xref gene does not exist
plasmid_files/MG700549.1_results/PROKKA_06292018:CDS	hypothetical protein	MG700549.1:c77107-76769	HGNBFLAO_00171

DiscRep_SUB:FEATURE_LOCATION_CONFLICT::Coding region xref gene does not exist
plasmid_files/MG700549.1_results/PROKKA_06292018:CDS	hypothetical protein	MG700549.1:c78411-77104	HGNBFLAO_00172

DiscRep_SUB:FEATURE_LOCATION_CONFLICT::Coding region xref gene does not exist
plasmid_files/MG700549.1_results/PROKKA_06292018:CDS	hypothetical protein	MG700549.1:c78754-78509	HGNBFLAO_00173

DiscRep_SUB:FEATURE_LOCATION_CONFLICT::Coding region xref gene does not exist
plasmid_files/MG700549.1_results/PROKKA_06292018:CDS	hypothetical protein	MG700549.1:c79124-78846	HGNBFLAO_00174

DiscRep_SUB:FEATURE_LOCATION_CONFLICT::Coding region xref gene does not exist
plasmid_files/MG700549.1_results/PROKKA_06292018:CDS	hypothetical protein	MG700549.1:c79998-79744	HGNBFLAO_00175

DiscRep_SUB:FEATURE_LOCATION_CONFLICT::Coding region xref gene does not exist
plasmid_files/MG700549.1_results/PROKKA_06292018:CDS	hypothetical protein	MG700549.1:80063-80296	HGNBFLAO_00176

DiscRep_SUB:FEATURE_LOCATION_CONFLICT::Coding region xref gene does not exist
plasmid_files/MG700549.1_results/PROKKA_06292018:CDS	hypothetical protein	MG700549.1:c80555-80370	HGNBFLAO_00177

DiscRep_SUB:FEATURE_LOCATION_CONFLICT::Coding region xref gene does not exist
plasmid_files/MG700549.1_results/PROKKA_06292018:CDS	Virulence regulon transcriptional activator VirB	MG700549.1:c81342-80692	HGNBFLAO_00178

DiscRep_SUB:FEATURE_LOCATION_CONFLICT::Coding region xref gene does not exist
plasmid_files/MG700549.1_results/PROKKA_06292018:CDS	Plasmid partition protein A	MG700549.1:c81844-81419	HGNBFLAO_00179

DiscRep_SUB:FEATURE_LOCATION_CONFLICT::Coding region xref gene does not exist
plasmid_files/MG700549.1_results/PROKKA_06292018:CDS	Plasmid partition protein A	MG700549.1:c82537-82187	HGNBFLAO_00180

DiscRep_SUB:FEATURE_LOCATION_CONFLICT::Coding region xref gene does not exist
plasmid_files/MG700549.1_results/PROKKA_06292018:CDS	Replication protein RepA	MG700549.1:c83160-82858	HGNBFLAO_00181

DiscRep_SUB:FEATURE_LOCATION_CONFLICT::Coding region xref gene does not exist
plasmid_files/MG700549.1_results/PROKKA_06292018:CDS	Replication protein RepA	MG700549.1:c83753-83151	HGNBFLAO_00182

DiscRep_SUB:FEATURE_LOCATION_CONFLICT::Coding region xref gene does not exist
plasmid_files/MG700549.1_results/PROKKA_06292018:CDS	Protein UmuC	MG700549.1:c84505-84152	HGNBFLAO_00183

DiscRep_SUB:FEATURE_LOCATION_CONFLICT::Coding region xref gene does not exist
plasmid_files/MG700549.1_results/PROKKA_06292018:CDS	hypothetical protein	MG700549.1:84649-84927	HGNBFLAO_00184

DiscRep_SUB:FEATURE_LOCATION_CONFLICT::Coding region xref gene does not exist
plasmid_files/MG700549.1_results/PROKKA_06292018:CDS	hypothetical protein	MG700549.1:84924-85190	HGNBFLAO_00185

DiscRep_SUB:FEATURE_LOCATION_CONFLICT::Coding region xref gene does not exist
plasmid_files/MG700549.1_results/PROKKA_06292018:CDS	Protein UmuC	MG700549.1:c85711-85241	HGNBFLAO_00186

DiscRep_SUB:FEATURE_LOCATION_CONFLICT::Coding region xref gene does not exist
plasmid_files/MG700549.1_results/PROKKA_06292018:CDS	hypothetical protein	MG700549.1:c85836-85738	HGNBFLAO_00187

DiscRep_SUB:FEATURE_LOCATION_CONFLICT::Coding region xref gene does not exist
plasmid_files/MG700549.1_results/PROKKA_06292018:CDS	Plasmid segregation protein ParM	MG700549.1:86068-86325	HGNBFLAO_00188

DiscRep_SUB:FEATURE_LOCATION_CONFLICT::Coding region xref gene does not exist
plasmid_files/MG700549.1_results/PROKKA_06292018:CDS	Plasmid segregation protein ParM	MG700549.1:86271-86870	HGNBFLAO_00189

DiscRep_SUB:FEATURE_LOCATION_CONFLICT::Coding region xref gene does not exist
plasmid_files/MG700549.1_results/PROKKA_06292018:CDS	hypothetical protein	MG700549.1:87036-87227	HGNBFLAO_00190

DiscRep_SUB:FEATURE_LOCATION_CONFLICT::Coding region xref gene does not exist
plasmid_files/MG700549.1_results/PROKKA_06292018:CDS	hypothetical protein	MG700549.1:87206-87667	HGNBFLAO_00191

DiscRep_SUB:FEATURE_LOCATION_CONFLICT::Coding region xref gene does not exist
plasmid_files/MG700549.1_results/PROKKA_06292018:CDS	hypothetical protein	MG700549.1:87760-87972	HGNBFLAO_00192

DiscRep_SUB:FEATURE_LOCATION_CONFLICT::Coding region xref gene does not exist
plasmid_files/MG700549.1_results/PROKKA_06292018:CDS	hypothetical protein	MG700549.1:88420-88908	HGNBFLAO_00193

DiscRep_SUB:FEATURE_LOCATION_CONFLICT::Coding region xref gene does not exist
plasmid_files/MG700549.1_results/PROKKA_06292018:CDS	DNA adenine methyltransferase YhdJ	MG700549.1:88887-89120	HGNBFLAO_00194

DiscRep_SUB:FEATURE_LOCATION_CONFLICT::Coding region xref gene does not exist
plasmid_files/MG700549.1_results/PROKKA_06292018:CDS	hypothetical protein	MG700549.1:89120-89341	HGNBFLAO_00195

DiscRep_SUB:FEATURE_LOCATION_CONFLICT::Coding region xref gene does not exist
plasmid_files/MG700549.1_results/PROKKA_06292018:CDS	hypothetical protein	MG700549.1:89351-89590	HGNBFLAO_00196

DiscRep_SUB:FEATURE_LOCATION_CONFLICT::Coding region xref gene does not exist
plasmid_files/MG700549.1_results/PROKKA_06292018:CDS	hypothetical protein	MG700549.1:89614-90009	HGNBFLAO_00197

DiscRep_SUB:FEATURE_LOCATION_CONFLICT::Coding region xref gene does not exist
plasmid_files/MG700549.1_results/PROKKA_06292018:CDS	hypothetical protein	MG700549.1:89996-90523	HGNBFLAO_00198

DiscRep_SUB:FEATURE_LOCATION_CONFLICT::Coding region xref gene does not exist
plasmid_files/MG700549.1_results/PROKKA_06292018:CDS	hypothetical protein	MG700549.1:91255-91479	HGNBFLAO_00199

DiscRep_SUB:FEATURE_LOCATION_CONFLICT::Coding region xref gene does not exist
plasmid_files/MG700549.1_results/PROKKA_06292018:CDS	hypothetical protein	MG700549.1:91716-92030	HGNBFLAO_00200

DiscRep_SUB:FEATURE_LOCATION_CONFLICT::Coding region xref gene does not exist
plasmid_files/MG700549.1_results/PROKKA_06292018:CDS	hypothetical protein	MG700549.1:92262-92627	HGNBFLAO_00201

DiscRep_SUB:FEATURE_LOCATION_CONFLICT::Coding region xref gene does not exist
plasmid_files/MG700549.1_results/PROKKA_06292018:CDS	hypothetical protein	MG700549.1:c92793-92596	HGNBFLAO_00202

DiscRep_SUB:FEATURE_LOCATION_CONFLICT::Coding region xref gene does not exist
plasmid_files/MG700549.1_results/PROKKA_06292018:CDS	hypothetical protein	MG700549.1:93080-93232	HGNBFLAO_00203

DiscRep_SUB:FEATURE_LOCATION_CONFLICT::Coding region xref gene does not exist
plasmid_files/MG700549.1_results/PROKKA_06292018:CDS	hypothetical protein	MG700549.1:c93803-93501	HGNBFLAO_00204

DiscRep_SUB:FEATURE_LOCATION_CONFLICT::Coding region xref gene does not exist
plasmid_files/MG700549.1_results/PROKKA_06292018:CDS	hypothetical protein	MG700549.1:94586-94717	HGNBFLAO_00205

DiscRep_SUB:FEATURE_LOCATION_CONFLICT::Coding region xref gene does not exist
plasmid_files/MG700549.1_results/PROKKA_06292018:CDS	hypothetical protein	MG700549.1:95119-95439	HGNBFLAO_00206

DiscRep_SUB:FEATURE_LOCATION_CONFLICT::Coding region xref gene does not exist
plasmid_files/MG700549.1_results/PROKKA_06292018:CDS	hypothetical protein	MG700549.1:95586-95759	HGNBFLAO_00207

DiscRep_SUB:FEATURE_LOCATION_CONFLICT::Coding region xref gene does not exist
plasmid_files/MG700549.1_results/PROKKA_06292018:CDS	hypothetical protein	MG700549.1:95756-95857	HGNBFLAO_00208

DiscRep_SUB:FEATURE_LOCATION_CONFLICT::Coding region xref gene does not exist
plasmid_files/MG700549.1_results/PROKKA_06292018:CDS	hypothetical protein	MG700549.1:95971-96225	HGNBFLAO_00209

DiscRep_SUB:FEATURE_LOCATION_CONFLICT::Coding region xref gene does not exist
plasmid_files/MG700549.1_results/PROKKA_06292018:CDS	hypothetical protein	MG700549.1:96204-96497	HGNBFLAO_00210

DiscRep_SUB:FEATURE_LOCATION_CONFLICT::Coding region xref gene does not exist
plasmid_files/MG700549.1_results/PROKKA_06292018:CDS	Single-stranded DNA-binding protein	MG700549.1:97477-97752	HGNBFLAO_00211

DiscRep_ALL:OVERLAPPING_CDS::15 coding regions overlap another coding region with a similar or identical name.
DiscRep_SUB:OVERLAPPING_CDS::15 coding regions overlap another coding region with a similar or identical name that do not have the appropriate note text
plasmid_files/MG700549.1_results/PROKKA_06292018:CDS	Multifunctional conjugation protein TraI	MG700549.1:22212-22466	HGNBFLAO_00054
plasmid_files/MG700549.1_results/PROKKA_06292018:CDS	Multifunctional conjugation protein TraI	MG700549.1:22463-22720	HGNBFLAO_00055
plasmid_files/MG700549.1_results/PROKKA_06292018:CDS	Multifunctional conjugation protein TraI	MG700549.1:22830-23165	HGNBFLAO_00056
plasmid_files/MG700549.1_results/PROKKA_06292018:CDS	Multifunctional conjugation protein TraI	MG700549.1:23111-23485	HGNBFLAO_00057
plasmid_files/MG700549.1_results/PROKKA_06292018:CDS	Multifunctional conjugation protein TraI	MG700549.1:23485-23598	HGNBFLAO_00058
plasmid_files/MG700549.1_results/PROKKA_06292018:CDS	Multifunctional conjugation protein TraI	MG700549.1:25128-25406	HGNBFLAO_00061
plasmid_files/MG700549.1_results/PROKKA_06292018:CDS	Multifunctional conjugation protein TraI	MG700549.1:25346-25801	HGNBFLAO_00062
plasmid_files/MG700549.1_results/PROKKA_06292018:CDS	Multifunctional conjugation protein TraI	MG700549.1:25759-26076	HGNBFLAO_00063
plasmid_files/MG700549.1_results/PROKKA_06292018:CDS	Mercuric reductase	MG700549.1:c62249-61656	HGNBFLAO_00135
plasmid_files/MG700549.1_results/PROKKA_06292018:CDS	Mercuric reductase	MG700549.1:c62442-62242	HGNBFLAO_00136
plasmid_files/MG700549.1_results/PROKKA_06292018:CDS	Mercuric reductase	MG700549.1:c62903-62439	HGNBFLAO_00137
plasmid_files/MG700549.1_results/PROKKA_06292018:CDS	Replication protein RepA	MG700549.1:c83160-82858	HGNBFLAO_00181
plasmid_files/MG700549.1_results/PROKKA_06292018:CDS	Replication protein RepA	MG700549.1:c83753-83151	HGNBFLAO_00182
plasmid_files/MG700549.1_results/PROKKA_06292018:CDS	Plasmid segregation protein ParM	MG700549.1:86068-86325	HGNBFLAO_00188
plasmid_files/MG700549.1_results/PROKKA_06292018:CDS	Plasmid segregation protein ParM	MG700549.1:86271-86870	HGNBFLAO_00189

DiscRep_ALL:DISC_QUALITY_SCORES::Quality scores are missing on all sequences.

DiscRep_ALL:ONCALLER_COMMENT_PRESENT::1 comment descriptors were found (all same)
plasmid_files/MG700549.1_results/PROKKA_06292018:MG700549.1:Annotated using prokka 1.14-dev from https://github.com/tseemann/prokka

DiscRep_ALL:SHORT_PROT_SEQUENCES::17 protein sequences are shorter than 50 aa.
plasmid_files/MG700549.1_results/PROKKA_06292018:MG700549.1_10 (length 47)
plasmid_files/MG700549.1_results/PROKKA_06292018:MG700549.1_15 (length 49)
plasmid_files/MG700549.1_results/PROKKA_06292018:MG700549.1_17 (length 48)
plasmid_files/MG700549.1_results/PROKKA_06292018:MG700549.1_43 (length 49)
plasmid_files/MG700549.1_results/PROKKA_06292018:MG700549.1_44 (length 48)
plasmid_files/MG700549.1_results/PROKKA_06292018:MG700549.1_58 (length 37)
plasmid_files/MG700549.1_results/PROKKA_06292018:MG700549.1_66 (length 44)
plasmid_files/MG700549.1_results/PROKKA_06292018:MG700549.1_71 (length 37)
plasmid_files/MG700549.1_results/PROKKA_06292018:MG700549.1_76 (length 38)
plasmid_files/MG700549.1_results/PROKKA_06292018:MG700549.1_110 (length 38)
plasmid_files/MG700549.1_results/PROKKA_06292018:MG700549.1_122 (length 42)
plasmid_files/MG700549.1_results/PROKKA_06292018:MG700549.1_143 (length 47)
plasmid_files/MG700549.1_results/PROKKA_06292018:MG700549.1_144 (length 46)
plasmid_files/MG700549.1_results/PROKKA_06292018:MG700549.1_160 (length 31)
plasmid_files/MG700549.1_results/PROKKA_06292018:MG700549.1_187 (length 32)
plasmid_files/MG700549.1_results/PROKKA_06292018:MG700549.1_205 (length 43)
plasmid_files/MG700549.1_results/PROKKA_06292018:MG700549.1_208 (length 33)

DiscRep_ALL:MISSING_GENOMEASSEMBLY_COMMENTS::1 bioseqs are missing GenomeAssembly structured comments
plasmid_files/MG700549.1_results/PROKKA_06292018:MG700549.1 (length 97971, 175 other)

DiscRep_ALL:MOLTYPE_NOT_MRNA::1 molecule types are not set as mRNA.
plasmid_files/MG700549.1_results/PROKKA_06292018:MG700549.1 (length 97971, 175 other)

DiscRep_ALL:TECHNIQUE_NOT_TSA::1 technique are not set as TSA
plasmid_files/MG700549.1_results/PROKKA_06292018:MG700549.1 (length 97971, 175 other)

DiscRep_ALL:MISSING_STRUCTURED_COMMENT::1 sequences do not include structured comments.
plasmid_files/MG700549.1_results/PROKKA_06292018:MG700549.1 (length 97971, 175 other)

DiscRep_ALL:MISSING_PROJECT::212 sequences do not include project.
plasmid_files/MG700549.1_results/PROKKA_06292018:MG700549.1 (length 97971, 175 other)
plasmid_files/MG700549.1_results/PROKKA_06292018:MG700549.1_1 (length 113)
plasmid_files/MG700549.1_results/PROKKA_06292018:MG700549.1_2 (length 87)
plasmid_files/MG700549.1_results/PROKKA_06292018:MG700549.1_3 (length 196)
plasmid_files/MG700549.1_results/PROKKA_06292018:MG700549.1_4 (length 92)
plasmid_files/MG700549.1_results/PROKKA_06292018:MG700549.1_5 (length 159)
plasmid_files/MG700549.1_results/PROKKA_06292018:MG700549.1_6 (length 58)
plasmid_files/MG700549.1_results/PROKKA_06292018:MG700549.1_7 (length 241)
plasmid_files/MG700549.1_results/PROKKA_06292018:MG700549.1_8 (length 59)
plasmid_files/MG700549.1_results/PROKKA_06292018:MG700549.1_9 (length 60)
plasmid_files/MG700549.1_results/PROKKA_06292018:MG700549.1_10 (length 47)
plasmid_files/MG700549.1_results/PROKKA_06292018:MG700549.1_11 (length 83)
plasmid_files/MG700549.1_results/PROKKA_06292018:MG700549.1_12 (length 128)
plasmid_files/MG700549.1_results/PROKKA_06292018:MG700549.1_13 (length 113)
plasmid_files/MG700549.1_results/PROKKA_06292018:MG700549.1_14 (length 102)
plasmid_files/MG700549.1_results/PROKKA_06292018:MG700549.1_15 (length 49)
plasmid_files/MG700549.1_results/PROKKA_06292018:MG700549.1_16 (length 60)
plasmid_files/MG700549.1_results/PROKKA_06292018:MG700549.1_17 (length 48)
plasmid_files/MG700549.1_results/PROKKA_06292018:MG700549.1_18 (length 121)
plasmid_files/MG700549.1_results/PROKKA_06292018:MG700549.1_19 (length 70)
plasmid_files/MG700549.1_results/PROKKA_06292018:MG700549.1_20 (length 97)
plasmid_files/MG700549.1_results/PROKKA_06292018:MG700549.1_21 (length 222)
plasmid_files/MG700549.1_results/PROKKA_06292018:MG700549.1_22 (length 133)
plasmid_files/MG700549.1_results/PROKKA_06292018:MG700549.1_23 (length 71)
plasmid_files/MG700549.1_results/PROKKA_06292018:MG700549.1_24 (length 83)
plasmid_files/MG700549.1_results/PROKKA_06292018:MG700549.1_25 (length 78)
plasmid_files/MG700549.1_results/PROKKA_06292018:MG700549.1_26 (length 52)
plasmid_files/MG700549.1_results/PROKKA_06292018:MG700549.1_27 (length 81)
plasmid_files/MG700549.1_results/PROKKA_06292018:MG700549.1_28 (length 97)
plasmid_files/MG700549.1_results/PROKKA_06292018:MG700549.1_29 (length 160)
plasmid_files/MG700549.1_results/PROKKA_06292018:MG700549.1_30 (length 61)
plasmid_files/MG700549.1_results/PROKKA_06292018:MG700549.1_31 (length 94)
plasmid_files/MG700549.1_results/PROKKA_06292018:MG700549.1_32 (length 77)
plasmid_files/MG700549.1_results/PROKKA_06292018:MG700549.1_33 (length 110)
plasmid_files/MG700549.1_results/PROKKA_06292018:MG700549.1_34 (length 116)
plasmid_files/MG700549.1_results/PROKKA_06292018:MG700549.1_35 (length 54)
plasmid_files/MG700549.1_results/PROKKA_06292018:MG700549.1_36 (length 151)
plasmid_files/MG700549.1_results/PROKKA_06292018:MG700549.1_37 (length 140)
plasmid_files/MG700549.1_results/PROKKA_06292018:MG700549.1_38 (length 161)
plasmid_files/MG700549.1_results/PROKKA_06292018:MG700549.1_39 (length 109)
plasmid_files/MG700549.1_results/PROKKA_06292018:MG700549.1_40 (length 94)
plasmid_files/MG700549.1_results/PROKKA_06292018:MG700549.1_41 (length 292)
plasmid_files/MG700549.1_results/PROKKA_06292018:MG700549.1_42 (length 70)
plasmid_files/MG700549.1_results/PROKKA_06292018:MG700549.1_43 (length 49)
plasmid_files/MG700549.1_results/PROKKA_06292018:MG700549.1_44 (length 48)
plasmid_files/MG700549.1_results/PROKKA_06292018:MG700549.1_45 (length 155)
plasmid_files/MG700549.1_results/PROKKA_06292018:MG700549.1_46 (length 171)
plasmid_files/MG700549.1_results/PROKKA_06292018:MG700549.1_47 (length 97)
plasmid_files/MG700549.1_results/PROKKA_06292018:MG700549.1_48 (length 124)
plasmid_files/MG700549.1_results/PROKKA_06292018:MG700549.1_49 (length 73)
plasmid_files/MG700549.1_results/PROKKA_06292018:MG700549.1_50 (length 137)
plasmid_files/MG700549.1_results/PROKKA_06292018:MG700549.1_51 (length 63)
plasmid_files/MG700549.1_results/PROKKA_06292018:MG700549.1_52 (length 83)
plasmid_files/MG700549.1_results/PROKKA_06292018:MG700549.1_53 (length 196)
plasmid_files/MG700549.1_results/PROKKA_06292018:MG700549.1_54 (length 84)
plasmid_files/MG700549.1_results/PROKKA_06292018:MG700549.1_55 (length 85)
plasmid_files/MG700549.1_results/PROKKA_06292018:MG700549.1_56 (length 111)
plasmid_files/MG700549.1_results/PROKKA_06292018:MG700549.1_57 (length 124)
plasmid_files/MG700549.1_results/PROKKA_06292018:MG700549.1_58 (length 37)
plasmid_files/MG700549.1_results/PROKKA_06292018:MG700549.1_59 (length 72)
plasmid_files/MG700549.1_results/PROKKA_06292018:MG700549.1_60 (length 184)
plasmid_files/MG700549.1_results/PROKKA_06292018:MG700549.1_61 (length 92)
plasmid_files/MG700549.1_results/PROKKA_06292018:MG700549.1_62 (length 151)
plasmid_files/MG700549.1_results/PROKKA_06292018:MG700549.1_63 (length 105)
plasmid_files/MG700549.1_results/PROKKA_06292018:MG700549.1_64 (length 55)
plasmid_files/MG700549.1_results/PROKKA_06292018:MG700549.1_65 (length 80)
plasmid_files/MG700549.1_results/PROKKA_06292018:MG700549.1_66 (length 44)
plasmid_files/MG700549.1_results/PROKKA_06292018:MG700549.1_67 (length 156)
plasmid_files/MG700549.1_results/PROKKA_06292018:MG700549.1_68 (length 72)
plasmid_files/MG700549.1_results/PROKKA_06292018:MG700549.1_69 (length 73)
plasmid_files/MG700549.1_results/PROKKA_06292018:MG700549.1_70 (length 88)
plasmid_files/MG700549.1_results/PROKKA_06292018:MG700549.1_71 (length 37)
plasmid_files/MG700549.1_results/PROKKA_06292018:MG700549.1_72 (length 62)
plasmid_files/MG700549.1_results/PROKKA_06292018:MG700549.1_73 (length 65)
plasmid_files/MG700549.1_results/PROKKA_06292018:MG700549.1_74 (length 79)
plasmid_files/MG700549.1_results/PROKKA_06292018:MG700549.1_75 (length 63)
plasmid_files/MG700549.1_results/PROKKA_06292018:MG700549.1_76 (length 38)
plasmid_files/MG700549.1_results/PROKKA_06292018:MG700549.1_77 (length 58)
plasmid_files/MG700549.1_results/PROKKA_06292018:MG700549.1_78 (length 82)
plasmid_files/MG700549.1_results/PROKKA_06292018:MG700549.1_79 (length 83)
plasmid_files/MG700549.1_results/PROKKA_06292018:MG700549.1_80 (length 101)
plasmid_files/MG700549.1_results/PROKKA_06292018:MG700549.1_81 (length 100)
plasmid_files/MG700549.1_results/PROKKA_06292018:MG700549.1_82 (length 91)
plasmid_files/MG700549.1_results/PROKKA_06292018:MG700549.1_83 (length 105)
plasmid_files/MG700549.1_results/PROKKA_06292018:MG700549.1_84 (length 151)
plasmid_files/MG700549.1_results/PROKKA_06292018:MG700549.1_85 (length 82)
plasmid_files/MG700549.1_results/PROKKA_06292018:MG700549.1_86 (length 59)
plasmid_files/MG700549.1_results/PROKKA_06292018:MG700549.1_87 (length 142)
plasmid_files/MG700549.1_results/PROKKA_06292018:MG700549.1_88 (length 91)
plasmid_files/MG700549.1_results/PROKKA_06292018:MG700549.1_89 (length 60)
plasmid_files/MG700549.1_results/PROKKA_06292018:MG700549.1_90 (length 83)
plasmid_files/MG700549.1_results/PROKKA_06292018:MG700549.1_91 (length 129)
plasmid_files/MG700549.1_results/PROKKA_06292018:MG700549.1_92 (length 214)
plasmid_files/MG700549.1_results/PROKKA_06292018:MG700549.1_93 (length 305)
plasmid_files/MG700549.1_results/PROKKA_06292018:MG700549.1_94 (length 120)
plasmid_files/MG700549.1_results/PROKKA_06292018:MG700549.1_95 (length 567)
plasmid_files/MG700549.1_results/PROKKA_06292018:MG700549.1_96 (length 79)
plasmid_files/MG700549.1_results/PROKKA_06292018:MG700549.1_97 (length 97)
plasmid_files/MG700549.1_results/PROKKA_06292018:MG700549.1_98 (length 110)
plasmid_files/MG700549.1_results/PROKKA_06292018:MG700549.1_99 (length 183)
plasmid_files/MG700549.1_results/PROKKA_06292018:MG700549.1_100 (length 64)
plasmid_files/MG700549.1_results/PROKKA_06292018:MG700549.1_101 (length 167)
plasmid_files/MG700549.1_results/PROKKA_06292018:MG700549.1_102 (length 193)
plasmid_files/MG700549.1_results/PROKKA_06292018:MG700549.1_103 (length 185)
plasmid_files/MG700549.1_results/PROKKA_06292018:MG700549.1_104 (length 280)
plasmid_files/MG700549.1_results/PROKKA_06292018:MG700549.1_105 (length 184)
plasmid_files/MG700549.1_results/PROKKA_06292018:MG700549.1_106 (length 111)
plasmid_files/MG700549.1_results/PROKKA_06292018:MG700549.1_107 (length 63)
plasmid_files/MG700549.1_results/PROKKA_06292018:MG700549.1_108 (length 83)
plasmid_files/MG700549.1_results/PROKKA_06292018:MG700549.1_109 (length 122)
plasmid_files/MG700549.1_results/PROKKA_06292018:MG700549.1_110 (length 38)
plasmid_files/MG700549.1_results/PROKKA_06292018:MG700549.1_111 (length 119)
plasmid_files/MG700549.1_results/PROKKA_06292018:MG700549.1_112 (length 107)
plasmid_files/MG700549.1_results/PROKKA_06292018:MG700549.1_113 (length 75)
plasmid_files/MG700549.1_results/PROKKA_06292018:MG700549.1_114 (length 89)
plasmid_files/MG700549.1_results/PROKKA_06292018:MG700549.1_115 (length 127)
plasmid_files/MG700549.1_results/PROKKA_06292018:MG700549.1_116 (length 182)
plasmid_files/MG700549.1_results/PROKKA_06292018:MG700549.1_117 (length 93)
plasmid_files/MG700549.1_results/PROKKA_06292018:MG700549.1_118 (length 195)
plasmid_files/MG700549.1_results/PROKKA_06292018:MG700549.1_119 (length 81)
plasmid_files/MG700549.1_results/PROKKA_06292018:MG700549.1_120 (length 89)
plasmid_files/MG700549.1_results/PROKKA_06292018:MG700549.1_121 (length 61)
plasmid_files/MG700549.1_results/PROKKA_06292018:MG700549.1_122 (length 42)
plasmid_files/MG700549.1_results/PROKKA_06292018:MG700549.1_123 (length 50)
plasmid_files/MG700549.1_results/PROKKA_06292018:MG700549.1_124 (length 233)
plasmid_files/MG700549.1_results/PROKKA_06292018:MG700549.1_125 (length 111)
plasmid_files/MG700549.1_results/PROKKA_06292018:MG700549.1_126 (length 122)
plasmid_files/MG700549.1_results/PROKKA_06292018:MG700549.1_127 (length 59)
plasmid_files/MG700549.1_results/PROKKA_06292018:MG700549.1_128 (length 316)
plasmid_files/MG700549.1_results/PROKKA_06292018:MG700549.1_129 (length 82)
plasmid_files/MG700549.1_results/PROKKA_06292018:MG700549.1_130 (length 65)
plasmid_files/MG700549.1_results/PROKKA_06292018:MG700549.1_131 (length 75)
plasmid_files/MG700549.1_results/PROKKA_06292018:MG700549.1_132 (length 106)
plasmid_files/MG700549.1_results/PROKKA_06292018:MG700549.1_133 (length 203)
plasmid_files/MG700549.1_results/PROKKA_06292018:MG700549.1_134 (length 78)
plasmid_files/MG700549.1_results/PROKKA_06292018:MG700549.1_135 (length 197)
plasmid_files/MG700549.1_results/PROKKA_06292018:MG700549.1_136 (length 66)
plasmid_files/MG700549.1_results/PROKKA_06292018:MG700549.1_137 (length 154)
plasmid_files/MG700549.1_results/PROKKA_06292018:MG700549.1_138 (length 179)
plasmid_files/MG700549.1_results/PROKKA_06292018:MG700549.1_139 (length 115)
plasmid_files/MG700549.1_results/PROKKA_06292018:MG700549.1_140 (length 64)
plasmid_files/MG700549.1_results/PROKKA_06292018:MG700549.1_141 (length 144)
plasmid_files/MG700549.1_results/PROKKA_06292018:MG700549.1_142 (length 51)
plasmid_files/MG700549.1_results/PROKKA_06292018:MG700549.1_143 (length 47)
plasmid_files/MG700549.1_results/PROKKA_06292018:MG700549.1_144 (length 46)
plasmid_files/MG700549.1_results/PROKKA_06292018:MG700549.1_145 (length 87)
plasmid_files/MG700549.1_results/PROKKA_06292018:MG700549.1_146 (length 51)
plasmid_files/MG700549.1_results/PROKKA_06292018:MG700549.1_147 (length 102)
plasmid_files/MG700549.1_results/PROKKA_06292018:MG700549.1_148 (length 81)
plasmid_files/MG700549.1_results/PROKKA_06292018:MG700549.1_149 (length 52)
plasmid_files/MG700549.1_results/PROKKA_06292018:MG700549.1_150 (length 108)
plasmid_files/MG700549.1_results/PROKKA_06292018:MG700549.1_151 (length 55)
plasmid_files/MG700549.1_results/PROKKA_06292018:MG700549.1_152 (length 52)
plasmid_files/MG700549.1_results/PROKKA_06292018:MG700549.1_153 (length 91)
plasmid_files/MG700549.1_results/PROKKA_06292018:MG700549.1_154 (length 97)
plasmid_files/MG700549.1_results/PROKKA_06292018:MG700549.1_155 (length 75)
plasmid_files/MG700549.1_results/PROKKA_06292018:MG700549.1_156 (length 79)
plasmid_files/MG700549.1_results/PROKKA_06292018:MG700549.1_157 (length 74)
plasmid_files/MG700549.1_results/PROKKA_06292018:MG700549.1_158 (length 115)
plasmid_files/MG700549.1_results/PROKKA_06292018:MG700549.1_159 (length 78)
plasmid_files/MG700549.1_results/PROKKA_06292018:MG700549.1_160 (length 31)
plasmid_files/MG700549.1_results/PROKKA_06292018:MG700549.1_161 (length 125)
plasmid_files/MG700549.1_results/PROKKA_06292018:MG700549.1_162 (length 149)
plasmid_files/MG700549.1_results/PROKKA_06292018:MG700549.1_163 (length 144)
plasmid_files/MG700549.1_results/PROKKA_06292018:MG700549.1_164 (length 142)
plasmid_files/MG700549.1_results/PROKKA_06292018:MG700549.1_165 (length 127)
plasmid_files/MG700549.1_results/PROKKA_06292018:MG700549.1_166 (length 58)
plasmid_files/MG700549.1_results/PROKKA_06292018:MG700549.1_167 (length 166)
plasmid_files/MG700549.1_results/PROKKA_06292018:MG700549.1_168 (length 88)
plasmid_files/MG700549.1_results/PROKKA_06292018:MG700549.1_169 (length 105)
plasmid_files/MG700549.1_results/PROKKA_06292018:MG700549.1_170 (length 123)
plasmid_files/MG700549.1_results/PROKKA_06292018:MG700549.1_171 (length 112)
plasmid_files/MG700549.1_results/PROKKA_06292018:MG700549.1_172 (length 435)
plasmid_files/MG700549.1_results/PROKKA_06292018:MG700549.1_173 (length 81)
plasmid_files/MG700549.1_results/PROKKA_06292018:MG700549.1_174 (length 92)
plasmid_files/MG700549.1_results/PROKKA_06292018:MG700549.1_175 (length 84)
plasmid_files/MG700549.1_results/PROKKA_06292018:MG700549.1_176 (length 77)
plasmid_files/MG700549.1_results/PROKKA_06292018:MG700549.1_177 (length 61)
plasmid_files/MG700549.1_results/PROKKA_06292018:MG700549.1_178 (length 216)
plasmid_files/MG700549.1_results/PROKKA_06292018:MG700549.1_179 (length 141)
plasmid_files/MG700549.1_results/PROKKA_06292018:MG700549.1_180 (length 116)
plasmid_files/MG700549.1_results/PROKKA_06292018:MG700549.1_181 (length 100)
plasmid_files/MG700549.1_results/PROKKA_06292018:MG700549.1_182 (length 200)
plasmid_files/MG700549.1_results/PROKKA_06292018:MG700549.1_183 (length 117)
plasmid_files/MG700549.1_results/PROKKA_06292018:MG700549.1_184 (length 92)
plasmid_files/MG700549.1_results/PROKKA_06292018:MG700549.1_185 (length 88)
plasmid_files/MG700549.1_results/PROKKA_06292018:MG700549.1_186 (length 156)
plasmid_files/MG700549.1_results/PROKKA_06292018:MG700549.1_187 (length 32)
plasmid_files/MG700549.1_results/PROKKA_06292018:MG700549.1_188 (length 85)
plasmid_files/MG700549.1_results/PROKKA_06292018:MG700549.1_189 (length 199)
plasmid_files/MG700549.1_results/PROKKA_06292018:MG700549.1_190 (length 63)
plasmid_files/MG700549.1_results/PROKKA_06292018:MG700549.1_191 (length 153)
plasmid_files/MG700549.1_results/PROKKA_06292018:MG700549.1_192 (length 70)
plasmid_files/MG700549.1_results/PROKKA_06292018:MG700549.1_193 (length 162)
plasmid_files/MG700549.1_results/PROKKA_06292018:MG700549.1_194 (length 77)
plasmid_files/MG700549.1_results/PROKKA_06292018:MG700549.1_195 (length 73)
plasmid_files/MG700549.1_results/PROKKA_06292018:MG700549.1_196 (length 79)
plasmid_files/MG700549.1_results/PROKKA_06292018:MG700549.1_197 (length 131)
plasmid_files/MG700549.1_results/PROKKA_06292018:MG700549.1_198 (length 175)
plasmid_files/MG700549.1_results/PROKKA_06292018:MG700549.1_199 (length 74)
plasmid_files/MG700549.1_results/PROKKA_06292018:MG700549.1_200 (length 104)
plasmid_files/MG700549.1_results/PROKKA_06292018:MG700549.1_201 (length 121)
plasmid_files/MG700549.1_results/PROKKA_06292018:MG700549.1_202 (length 65)
plasmid_files/MG700549.1_results/PROKKA_06292018:MG700549.1_203 (length 50)
plasmid_files/MG700549.1_results/PROKKA_06292018:MG700549.1_204 (length 100)
plasmid_files/MG700549.1_results/PROKKA_06292018:MG700549.1_205 (length 43)
plasmid_files/MG700549.1_results/PROKKA_06292018:MG700549.1_206 (length 106)
plasmid_files/MG700549.1_results/PROKKA_06292018:MG700549.1_207 (length 57)
plasmid_files/MG700549.1_results/PROKKA_06292018:MG700549.1_208 (length 33)
plasmid_files/MG700549.1_results/PROKKA_06292018:MG700549.1_209 (length 84)
plasmid_files/MG700549.1_results/PROKKA_06292018:MG700549.1_210 (length 97)
plasmid_files/MG700549.1_results/PROKKA_06292018:MG700549.1_211 (length 91)

DiscRep_ALL:DISC_INCONSISTENT_MOLINFO_TECH::Molinfo Technique Report (some missing, all same)
DiscRep_SUB:DISC_INCONSISTENT_MOLINFO_TECH::technique (all missing)
DiscRep_SUB:DISC_INCONSISTENT_MOLINFO_TECH::1 Molinfos are missing field technique
plasmid_files/MG700549.1_results/PROKKA_06292018:MG700549.1 (length 97971, 175 other)

