[10:02:37] This is prokka 1.14-dev
[10:02:37] Written by Torsten Seemann <torsten.seemann@gmail.com>
[10:02:37] Homepage is https://github.com/tseemann/prokka
[10:02:37] Local time is Fri Jun 29 10:02:37 2018
[10:02:37] You are christian
[10:02:37] Operating system is linux
[10:02:37] You have BioPerl 1.007002
[10:02:37] System has 20 cores.
[10:02:37] Will use maximum of 20 cores.
[10:02:37] Annotating as >>> Bacteria <<<
[10:02:37] Generating locus_tag from 'plasmid_files/CP022275.1.fasta' contents.
[10:02:37] Setting --locustag PMECGDNJ from MD5 96ec0d7333460f74b5e9a425a99772fd
[10:02:37] Creating new output folder: plasmid_files/CP022275.1_results
[10:02:37] Running: mkdir -p plasmid_files\/CP022275\.1_results
[10:02:37] Using filename prefix: PROKKA_06292018.XXX
[10:02:37] Setting HMMER_NCPU=1
[10:02:37] Writing log to: plasmid_files/CP022275.1_results/PROKKA_06292018.log
[10:02:37] Command: /home/christian/install/prokka/bin/prokka plasmid_files/CP022275.1.fasta --outdir plasmid_files/CP022275.1_results --cpus 20
[10:02:37] Appending to PATH: /home/christian/install/prokka/bin/../binaries/linux
[10:02:37] Appending to PATH: /home/christian/install/prokka/bin/../binaries/linux/../common
[10:02:37] Appending to PATH: /home/christian/install/prokka/bin
[10:02:37] Looking for 'aragorn' - found /home/christian/install/prokka/bin/../binaries/linux/aragorn
[10:02:37] Determined aragorn version is 1.2
[10:02:37] Looking for 'blastp' - found /usr/bin/blastp
[10:02:37] Determined blastp version is 2.2
[10:02:37] Looking for 'cmpress' - found /usr/local/bin/cmpress
[10:02:37] Determined cmpress version is 1.1
[10:02:37] Looking for 'cmscan' - found /usr/local/bin/cmscan
[10:02:37] Determined cmscan version is 1.1
[10:02:37] Looking for 'egrep' - found /bin/egrep
[10:02:37] Looking for 'find' - found /usr/bin/find
[10:02:37] Looking for 'grep' - found /bin/grep
[10:02:37] Looking for 'hmmpress' - found /usr/local/bin/hmmpress
[10:02:38] Determined hmmpress version is 3.1
[10:02:38] Looking for 'hmmscan' - found /usr/local/bin/hmmscan
[10:02:38] Determined hmmscan version is 3.1
[10:02:38] Looking for 'java' - found /usr/bin/java
[10:02:38] Looking for 'less' - found /usr/bin/less
[10:02:38] Looking for 'makeblastdb' - found /usr/bin/makeblastdb
[10:02:38] Determined makeblastdb version is 2.2
[10:02:38] Looking for 'minced' - found /home/christian/install/prokka/bin/../binaries/linux/../common/minced
[10:02:38] Determined minced version is 2.0
[10:02:38] Looking for 'parallel' - found /usr/bin/parallel
[10:02:38] Determined parallel version is 20141022
[10:02:38] Looking for 'prodigal' - found /usr/local/bin/prodigal
[10:02:38] Determined prodigal version is 2.6
[10:02:38] Looking for 'prokka-genbank_to_fasta_db' - found /home/christian/install/prokka/bin/prokka-genbank_to_fasta_db
[10:02:38] Looking for 'sed' - found /bin/sed
[10:02:38] Looking for 'tbl2asn' - found /home/christian/install/prokka/bin/../binaries/linux/tbl2asn
[10:02:38] Determined tbl2asn version is 25.6
[10:02:38] Using genetic code table 11.
[10:02:38] Loading and checking input file: plasmid_files/CP022275.1.fasta
[10:02:38] Wrote 1 contigs totalling 144825 bp.
[10:02:38] Predicting tRNAs and tmRNAs
[10:02:38] Running: aragorn -l -gc11  -w plasmid_files\/CP022275\.1_results\/PROKKA_06292018\.fna
[10:02:38] Found 0 tRNAs
[10:02:38] Predicting Ribosomal RNAs
[10:02:38] You need either Barrnap or RNAmmer installed to predict rRNAs!
[10:02:38] Skipping ncRNA search, enable with --rfam if desired.
[10:02:38] Total of 0 tRNA + rRNA features
[10:02:38] Searching for CRISPR repeats
[10:02:38] Found 0 CRISPRs
[10:02:38] Predicting coding sequences
[10:02:38] Contigs total 144825 bp, so using single mode
[10:02:38] Running: prodigal -i plasmid_files\/CP022275\.1_results\/PROKKA_06292018\.fna -c -m -g 11 -p single -f sco -q
[10:02:38] Found 158 CDS
[10:02:38] Connecting features back to sequences
[10:02:38] Not using genus-specific database. Try --usegenus to enable it.
[10:02:38] Annotating CDS, please be patient.
[10:02:38] Will use 20 CPUs for similarity searching.
[10:02:38] There are still 158 unannotated CDS left (started with 158)
[10:02:38] Will use blast to search against /home/christian/install/prokka/db/kingdom/Bacteria/sprot with 20 CPUs
[10:02:38] Running: cat plasmid_files\/CP022275\.1_results\/sprot\.faa | parallel --gnu --plain -j 20 --block 1027 --recstart '>' --pipe blastp -query - -db /home/christian/install/prokka/db/kingdom/Bacteria/sprot -evalue 1e-06 -num_threads 1 -num_descriptions 1 -num_alignments 1 -seg no > plasmid_files\/CP022275\.1_results\/sprot\.blast 2> /dev/null
[10:02:40] Modify product: UPF0401 protein YkfF => hypothetical protein
[10:02:40] Modify product: Uncharacterized protein SP_1053 => putative protein
[10:02:40] Cleaned 2 /product names
[10:02:40] Deleting unwanted file: plasmid_files/CP022275.1_results/sprot.faa
[10:02:40] Deleting unwanted file: plasmid_files/CP022275.1_results/sprot.blast
[10:02:40] There are still 110 unannotated CDS left (started with 158)
[10:02:40] Will use hmmer3 to search against /home/christian/install/prokka/db/hmm/HAMAP.hmm with 20 CPUs
[10:02:40] Running: cat plasmid_files\/CP022275\.1_results\/HAMAP\.hmm\.faa | parallel --gnu --plain -j 20 --block 636 --recstart '>' --pipe hmmscan --noali --notextw --acc -E 1e-06 --cpu 1 /home/christian/install/prokka/db/hmm/HAMAP.hmm /dev/stdin > plasmid_files\/CP022275\.1_results\/HAMAP\.hmm\.hmmer3 2> /dev/null
[10:02:40] Deleting unwanted file: plasmid_files/CP022275.1_results/HAMAP.hmm.faa
[10:02:40] Deleting unwanted file: plasmid_files/CP022275.1_results/HAMAP.hmm.hmmer3
[10:02:40] Labelling remaining 109 proteins as 'hypothetical protein'
[10:02:40] Possible /pseudo 'Protein TraC' at CP022275.1 position 128689
[10:02:40] Found 39 unique /gene codes.
[10:02:40] Fixed 3 duplicate /gene - klcA_1 klcA_2 klcA_3
[10:02:40] Fixed 2 duplicate /gene - traC_1 traC_2
[10:02:40] Fixed 3 duplicate /gene - umuC_1 umuC_2 umuC_3
[10:02:40] Fixed 2 duplicate /gene - pinR_1 pinR_2
[10:02:40] Fixed 2 duplicate /gene - umuD_1 umuD_2
[10:02:40] Fixed 2 duplicate /gene - yhdJ_1 yhdJ_2
[10:02:40] Fixed 6 colliding /gene names.
[10:02:40] Adding /locus_tag identifiers
[10:02:40] Assigned 158 locus_tags to CDS and RNA features.
[10:02:40] Writing outputs to plasmid_files/CP022275.1_results/
[10:02:41] Generating annotation statistics file
[10:02:41] Generating Genbank and Sequin files
[10:02:41] Running: tbl2asn -V b -a r10k -l paired-ends -M n -N 1 -y 'Annotated using prokka 1.14-dev from https://github.com/tseemann/prokka' -Z plasmid_files\/CP022275\.1_results\/PROKKA_06292018\.err -i plasmid_files\/CP022275\.1_results\/PROKKA_06292018\.fsa 2> /dev/null
[10:02:41] Deleting unwanted file: plasmid_files/CP022275.1_results/errorsummary.val
[10:02:41] Deleting unwanted file: plasmid_files/CP022275.1_results/PROKKA_06292018.dr
[10:02:41] Deleting unwanted file: plasmid_files/CP022275.1_results/PROKKA_06292018.fixedproducts
[10:02:41] Deleting unwanted file: plasmid_files/CP022275.1_results/PROKKA_06292018.ecn
[10:02:41] Deleting unwanted file: plasmid_files/CP022275.1_results/PROKKA_06292018.val
[10:02:41] Repairing broken .GBK output that tbl2asn produces...
[10:02:41] Running: sed 's/COORDINATES: profile/COORDINATES:profile/' < plasmid_files\/CP022275\.1_results\/PROKKA_06292018\.gbf > plasmid_files\/CP022275\.1_results\/PROKKA_06292018\.gbk
[10:02:41] Deleting unwanted file: plasmid_files/CP022275.1_results/PROKKA_06292018.gbf
[10:02:41] Output files:
[10:02:41] plasmid_files/CP022275.1_results/PROKKA_06292018.sqn
[10:02:41] plasmid_files/CP022275.1_results/PROKKA_06292018.fsa
[10:02:41] plasmid_files/CP022275.1_results/PROKKA_06292018.tbl
[10:02:41] plasmid_files/CP022275.1_results/PROKKA_06292018.log
[10:02:41] plasmid_files/CP022275.1_results/PROKKA_06292018.gff
[10:02:41] plasmid_files/CP022275.1_results/PROKKA_06292018.txt
[10:02:41] plasmid_files/CP022275.1_results/PROKKA_06292018.gbk
[10:02:41] plasmid_files/CP022275.1_results/PROKKA_06292018.faa
[10:02:41] plasmid_files/CP022275.1_results/PROKKA_06292018.fna
[10:02:41] plasmid_files/CP022275.1_results/PROKKA_06292018.tsv
[10:02:41] plasmid_files/CP022275.1_results/PROKKA_06292018.ffn
[10:02:41] plasmid_files/CP022275.1_results/PROKKA_06292018.err
[10:02:41] Annotation finished successfully.
[10:02:41] Walltime used: 0.07 minutes
[10:02:41] If you use this result please cite the Prokka paper:
[10:02:41] Seemann T (2014) Prokka: rapid prokaryotic genome annotation. Bioinformatics. 30(14):2068-9.
[10:02:41] Type 'prokka --citation' for more details.
[10:02:41] Thank you, come again.
