Discrepancy Report Results

Summary
FATAL: MISSING_PROTEIN_ID:61 proteins have invalid IDs.
DISC_SOURCE_QUALS_ASNDISC:strain (all present, all unique)
DISC_SOURCE_QUALS_ASNDISC:taxname (all present, all unique)
DISC_FEATURE_COUNT:CDS: 61 present
DISC_COUNT_NUCLEOTIDES:1 nucleotide Bioseqs are present
FEATURE_LOCATION_CONFLICT:61 features have inconsistent gene locations.
DISC_QUALITY_SCORES:Quality scores are missing on all sequences.
ONCALLER_COMMENT_PRESENT:1 comment descriptors were found (all same)
SHORT_PROT_SEQUENCES:1 protein sequences are shorter than 50 aa.
MISSING_GENOMEASSEMBLY_COMMENTS:1 bioseqs are missing GenomeAssembly structured comments
MOLTYPE_NOT_MRNA:1 molecule types are not set as mRNA.
TECHNIQUE_NOT_TSA:1 technique are not set as TSA
MISSING_STRUCTURED_COMMENT:1 sequences do not include structured comments.
MISSING_PROJECT:62 sequences do not include project.
DISC_INCONSISTENT_MOLINFO_TECH:Molinfo Technique Report (some missing, all same)


Detailed Report

FATAL: DiscRep_ALL:MISSING_PROTEIN_ID::61 proteins have invalid IDs.
plasmid_files/CP026389.1_results/PROKKA_06292018:CP026389.1_1 (length 828)
plasmid_files/CP026389.1_results/PROKKA_06292018:CP026389.1_2 (length 237)
plasmid_files/CP026389.1_results/PROKKA_06292018:CP026389.1_3 (length 75)
plasmid_files/CP026389.1_results/PROKKA_06292018:CP026389.1_4 (length 346)
plasmid_files/CP026389.1_results/PROKKA_06292018:CP026389.1_5 (length 232)
plasmid_files/CP026389.1_results/PROKKA_06292018:CP026389.1_6 (length 294)
plasmid_files/CP026389.1_results/PROKKA_06292018:CP026389.1_7 (length 386)
plasmid_files/CP026389.1_results/PROKKA_06292018:CP026389.1_8 (length 331)
plasmid_files/CP026389.1_results/PROKKA_06292018:CP026389.1_9 (length 177)
plasmid_files/CP026389.1_results/PROKKA_06292018:CP026389.1_10 (length 65)
plasmid_files/CP026389.1_results/PROKKA_06292018:CP026389.1_11 (length 218)
plasmid_files/CP026389.1_results/PROKKA_06292018:CP026389.1_12 (length 715)
plasmid_files/CP026389.1_results/PROKKA_06292018:CP026389.1_13 (length 439)
plasmid_files/CP026389.1_results/PROKKA_06292018:CP026389.1_14 (length 293)
plasmid_files/CP026389.1_results/PROKKA_06292018:CP026389.1_15 (length 234)
plasmid_files/CP026389.1_results/PROKKA_06292018:CP026389.1_16 (length 142)
plasmid_files/CP026389.1_results/PROKKA_06292018:CP026389.1_17 (length 121)
plasmid_files/CP026389.1_results/PROKKA_06292018:CP026389.1_18 (length 1078)
plasmid_files/CP026389.1_results/PROKKA_06292018:CP026389.1_19 (length 509)
plasmid_files/CP026389.1_results/PROKKA_06292018:CP026389.1_20 (length 138)
plasmid_files/CP026389.1_results/PROKKA_06292018:CP026389.1_21 (length 139)
plasmid_files/CP026389.1_results/PROKKA_06292018:CP026389.1_22 (length 238)
plasmid_files/CP026389.1_results/PROKKA_06292018:CP026389.1_23 (length 122)
plasmid_files/CP026389.1_results/PROKKA_06292018:CP026389.1_24 (length 114)
plasmid_files/CP026389.1_results/PROKKA_06292018:CP026389.1_25 (length 106)
plasmid_files/CP026389.1_results/PROKKA_06292018:CP026389.1_26 (length 59)
plasmid_files/CP026389.1_results/PROKKA_06292018:CP026389.1_27 (length 169)
plasmid_files/CP026389.1_results/PROKKA_06292018:CP026389.1_28 (length 35)
plasmid_files/CP026389.1_results/PROKKA_06292018:CP026389.1_29 (length 110)
plasmid_files/CP026389.1_results/PROKKA_06292018:CP026389.1_30 (length 94)
plasmid_files/CP026389.1_results/PROKKA_06292018:CP026389.1_31 (length 119)
plasmid_files/CP026389.1_results/PROKKA_06292018:CP026389.1_32 (length 98)
plasmid_files/CP026389.1_results/PROKKA_06292018:CP026389.1_33 (length 181)
plasmid_files/CP026389.1_results/PROKKA_06292018:CP026389.1_34 (length 51)
plasmid_files/CP026389.1_results/PROKKA_06292018:CP026389.1_35 (length 79)
plasmid_files/CP026389.1_results/PROKKA_06292018:CP026389.1_36 (length 134)
plasmid_files/CP026389.1_results/PROKKA_06292018:CP026389.1_37 (length 141)
plasmid_files/CP026389.1_results/PROKKA_06292018:CP026389.1_38 (length 146)
plasmid_files/CP026389.1_results/PROKKA_06292018:CP026389.1_39 (length 421)
plasmid_files/CP026389.1_results/PROKKA_06292018:CP026389.1_40 (length 263)
plasmid_files/CP026389.1_results/PROKKA_06292018:CP026389.1_41 (length 113)
plasmid_files/CP026389.1_results/PROKKA_06292018:CP026389.1_42 (length 239)
plasmid_files/CP026389.1_results/PROKKA_06292018:CP026389.1_43 (length 592)
plasmid_files/CP026389.1_results/PROKKA_06292018:CP026389.1_44 (length 189)
plasmid_files/CP026389.1_results/PROKKA_06292018:CP026389.1_45 (length 337)
plasmid_files/CP026389.1_results/PROKKA_06292018:CP026389.1_46 (length 157)
plasmid_files/CP026389.1_results/PROKKA_06292018:CP026389.1_47 (length 94)
plasmid_files/CP026389.1_results/PROKKA_06292018:CP026389.1_48 (length 254)
plasmid_files/CP026389.1_results/PROKKA_06292018:CP026389.1_49 (length 402)
plasmid_files/CP026389.1_results/PROKKA_06292018:CP026389.1_50 (length 477)
plasmid_files/CP026389.1_results/PROKKA_06292018:CP026389.1_51 (length 88)
plasmid_files/CP026389.1_results/PROKKA_06292018:CP026389.1_52 (length 68)
plasmid_files/CP026389.1_results/PROKKA_06292018:CP026389.1_53 (length 215)
plasmid_files/CP026389.1_results/PROKKA_06292018:CP026389.1_54 (length 103)
plasmid_files/CP026389.1_results/PROKKA_06292018:CP026389.1_55 (length 104)
plasmid_files/CP026389.1_results/PROKKA_06292018:CP026389.1_56 (length 114)
plasmid_files/CP026389.1_results/PROKKA_06292018:CP026389.1_57 (length 101)
plasmid_files/CP026389.1_results/PROKKA_06292018:CP026389.1_58 (length 244)
plasmid_files/CP026389.1_results/PROKKA_06292018:CP026389.1_59 (length 93)
plasmid_files/CP026389.1_results/PROKKA_06292018:CP026389.1_60 (length 97)
plasmid_files/CP026389.1_results/PROKKA_06292018:CP026389.1_61 (length 105)

DiscRep_ALL:DISC_SOURCE_QUALS_ASNDISC::strain (all present, all unique)
DiscRep_SUB:DISC_SOURCE_QUALS_ASNDISC::1 sources have unique values for strain
DiscRep_ALL:DISC_SOURCE_QUALS_ASNDISC::taxname (all present, all unique)
DiscRep_SUB:DISC_SOURCE_QUALS_ASNDISC::1 sources have unique values for taxname
DiscRep_ALL:DISC_FEATURE_COUNT::CDS: 61 present
DiscRep_ALL:DISC_COUNT_NUCLEOTIDES::1 nucleotide Bioseqs are present
plasmid_files/CP026389.1_results/PROKKA_06292018:CP026389.1 (length 50333)

DiscRep_ALL:FEATURE_LOCATION_CONFLICT::61 features have inconsistent gene locations.
DiscRep_SUB:FEATURE_LOCATION_CONFLICT::Coding region xref gene does not exist
plasmid_files/CP026389.1_results/PROKKA_06292018:CDS	Type IV secretion system protein virB4	CP026389.1:64-2550	AOLCAHDO_00001

DiscRep_SUB:FEATURE_LOCATION_CONFLICT::Coding region xref gene does not exist
plasmid_files/CP026389.1_results/PROKKA_06292018:CDS	Type IV secretion system protein virB5	CP026389.1:2568-3281	AOLCAHDO_00002

DiscRep_SUB:FEATURE_LOCATION_CONFLICT::Coding region xref gene does not exist
plasmid_files/CP026389.1_results/PROKKA_06292018:CDS	hypothetical protein	CP026389.1:3289-3516	AOLCAHDO_00003

DiscRep_SUB:FEATURE_LOCATION_CONFLICT::Coding region xref gene does not exist
plasmid_files/CP026389.1_results/PROKKA_06292018:CDS	Type IV secretion system protein VirB6	CP026389.1:3532-4572	AOLCAHDO_00004

DiscRep_SUB:FEATURE_LOCATION_CONFLICT::Coding region xref gene does not exist
plasmid_files/CP026389.1_results/PROKKA_06292018:CDS	Type IV secretion system protein virB8	CP026389.1:4791-5489	AOLCAHDO_00005

DiscRep_SUB:FEATURE_LOCATION_CONFLICT::Coding region xref gene does not exist
plasmid_files/CP026389.1_results/PROKKA_06292018:CDS	Type IV secretion system protein virB9	CP026389.1:5500-6384	AOLCAHDO_00006

DiscRep_SUB:FEATURE_LOCATION_CONFLICT::Coding region xref gene does not exist
plasmid_files/CP026389.1_results/PROKKA_06292018:CDS	Protein virB10	CP026389.1:6384-7544	AOLCAHDO_00007

DiscRep_SUB:FEATURE_LOCATION_CONFLICT::Coding region xref gene does not exist
plasmid_files/CP026389.1_results/PROKKA_06292018:CDS	Type IV secretion system protein VirB11	CP026389.1:7586-8581	AOLCAHDO_00008

DiscRep_SUB:FEATURE_LOCATION_CONFLICT::Coding region xref gene does not exist
plasmid_files/CP026389.1_results/PROKKA_06292018:CDS	Phospholipase D	CP026389.1:8581-9114	AOLCAHDO_00009

DiscRep_SUB:FEATURE_LOCATION_CONFLICT::Coding region xref gene does not exist
plasmid_files/CP026389.1_results/PROKKA_06292018:CDS	hypothetical protein	CP026389.1:9842-10039	AOLCAHDO_00010

DiscRep_SUB:FEATURE_LOCATION_CONFLICT::Coding region xref gene does not exist
plasmid_files/CP026389.1_results/PROKKA_06292018:CDS	hypothetical protein	CP026389.1:10086-10742	AOLCAHDO_00011

DiscRep_SUB:FEATURE_LOCATION_CONFLICT::Coding region xref gene does not exist
plasmid_files/CP026389.1_results/PROKKA_06292018:CDS	hypothetical protein	CP026389.1:c12813-10666	AOLCAHDO_00012

DiscRep_SUB:FEATURE_LOCATION_CONFLICT::Coding region xref gene does not exist
plasmid_files/CP026389.1_results/PROKKA_06292018:CDS	hypothetical protein	CP026389.1:13132-14451	AOLCAHDO_00013

DiscRep_SUB:FEATURE_LOCATION_CONFLICT::Coding region xref gene does not exist
plasmid_files/CP026389.1_results/PROKKA_06292018:CDS	Carbapenem-hydrolyzing beta-lactamase KPC	CP026389.1:c15582-14701	AOLCAHDO_00014

DiscRep_SUB:FEATURE_LOCATION_CONFLICT::Coding region xref gene does not exist
plasmid_files/CP026389.1_results/PROKKA_06292018:CDS	hypothetical protein	CP026389.1:c16811-16107	AOLCAHDO_00015

DiscRep_SUB:FEATURE_LOCATION_CONFLICT::Coding region xref gene does not exist
plasmid_files/CP026389.1_results/PROKKA_06292018:CDS	hypothetical protein	CP026389.1:16946-17374	AOLCAHDO_00016

DiscRep_SUB:FEATURE_LOCATION_CONFLICT::Coding region xref gene does not exist
plasmid_files/CP026389.1_results/PROKKA_06292018:CDS	hypothetical protein	CP026389.1:c17749-17384	AOLCAHDO_00017

DiscRep_SUB:FEATURE_LOCATION_CONFLICT::Coding region xref gene does not exist
plasmid_files/CP026389.1_results/PROKKA_06292018:CDS	Multifunctional conjugation protein TraI	CP026389.1:c20985-17749	AOLCAHDO_00018

DiscRep_SUB:FEATURE_LOCATION_CONFLICT::Coding region xref gene does not exist
plasmid_files/CP026389.1_results/PROKKA_06292018:CDS	Coupling protein TraD	CP026389.1:c22514-20985	AOLCAHDO_00019

DiscRep_SUB:FEATURE_LOCATION_CONFLICT::Coding region xref gene does not exist
plasmid_files/CP026389.1_results/PROKKA_06292018:CDS	hypothetical protein	CP026389.1:c22932-22516	AOLCAHDO_00020

DiscRep_SUB:FEATURE_LOCATION_CONFLICT::Coding region xref gene does not exist
plasmid_files/CP026389.1_results/PROKKA_06292018:CDS	hypothetical protein	CP026389.1:23423-23842	AOLCAHDO_00021

DiscRep_SUB:FEATURE_LOCATION_CONFLICT::Coding region xref gene does not exist
plasmid_files/CP026389.1_results/PROKKA_06292018:CDS	hypothetical protein	CP026389.1:23851-24567	AOLCAHDO_00022

DiscRep_SUB:FEATURE_LOCATION_CONFLICT::Coding region xref gene does not exist
plasmid_files/CP026389.1_results/PROKKA_06292018:CDS	hypothetical protein	CP026389.1:24569-24937	AOLCAHDO_00023

DiscRep_SUB:FEATURE_LOCATION_CONFLICT::Coding region xref gene does not exist
plasmid_files/CP026389.1_results/PROKKA_06292018:CDS	hypothetical protein	CP026389.1:25119-25463	AOLCAHDO_00024

DiscRep_SUB:FEATURE_LOCATION_CONFLICT::Coding region xref gene does not exist
plasmid_files/CP026389.1_results/PROKKA_06292018:CDS	hypothetical protein	CP026389.1:c25894-25574	AOLCAHDO_00025

DiscRep_SUB:FEATURE_LOCATION_CONFLICT::Coding region xref gene does not exist
plasmid_files/CP026389.1_results/PROKKA_06292018:CDS	hypothetical protein	CP026389.1:c26128-25949	AOLCAHDO_00026

DiscRep_SUB:FEATURE_LOCATION_CONFLICT::Coding region xref gene does not exist
plasmid_files/CP026389.1_results/PROKKA_06292018:CDS	hypothetical protein	CP026389.1:c27364-26855	AOLCAHDO_00027

DiscRep_SUB:FEATURE_LOCATION_CONFLICT::Coding region xref gene does not exist
plasmid_files/CP026389.1_results/PROKKA_06292018:CDS	hypothetical protein	CP026389.1:c28239-28132	AOLCAHDO_00028

DiscRep_SUB:FEATURE_LOCATION_CONFLICT::Coding region xref gene does not exist
plasmid_files/CP026389.1_results/PROKKA_06292018:CDS	hypothetical protein	CP026389.1:c29049-28717	AOLCAHDO_00029

DiscRep_SUB:FEATURE_LOCATION_CONFLICT::Coding region xref gene does not exist
plasmid_files/CP026389.1_results/PROKKA_06292018:CDS	hypothetical protein	CP026389.1:c29542-29258	AOLCAHDO_00030

DiscRep_SUB:FEATURE_LOCATION_CONFLICT::Coding region xref gene does not exist
plasmid_files/CP026389.1_results/PROKKA_06292018:CDS	hypothetical protein	CP026389.1:c29970-29611	AOLCAHDO_00031

DiscRep_SUB:FEATURE_LOCATION_CONFLICT::Coding region xref gene does not exist
plasmid_files/CP026389.1_results/PROKKA_06292018:CDS	hypothetical protein	CP026389.1:c30263-29967	AOLCAHDO_00032

DiscRep_SUB:FEATURE_LOCATION_CONFLICT::Coding region xref gene does not exist
plasmid_files/CP026389.1_results/PROKKA_06292018:CDS	hypothetical protein	CP026389.1:c30921-30376	AOLCAHDO_00033

DiscRep_SUB:FEATURE_LOCATION_CONFLICT::Coding region xref gene does not exist
plasmid_files/CP026389.1_results/PROKKA_06292018:CDS	hypothetical protein	CP026389.1:c31076-30921	AOLCAHDO_00034

DiscRep_SUB:FEATURE_LOCATION_CONFLICT::Coding region xref gene does not exist
plasmid_files/CP026389.1_results/PROKKA_06292018:CDS	hypothetical protein	CP026389.1:c31388-31149	AOLCAHDO_00035

DiscRep_SUB:FEATURE_LOCATION_CONFLICT::Coding region xref gene does not exist
plasmid_files/CP026389.1_results/PROKKA_06292018:CDS	hypothetical protein	CP026389.1:c31802-31398	AOLCAHDO_00036

DiscRep_SUB:FEATURE_LOCATION_CONFLICT::Coding region xref gene does not exist
plasmid_files/CP026389.1_results/PROKKA_06292018:CDS	Antirestriction protein KlcA	CP026389.1:c32285-31860	AOLCAHDO_00037

DiscRep_SUB:FEATURE_LOCATION_CONFLICT::Coding region xref gene does not exist
plasmid_files/CP026389.1_results/PROKKA_06292018:CDS	Protein UmuD	CP026389.1:32700-33140	AOLCAHDO_00038

DiscRep_SUB:FEATURE_LOCATION_CONFLICT::Coding region xref gene does not exist
plasmid_files/CP026389.1_results/PROKKA_06292018:CDS	Protein UmuC	CP026389.1:33128-34393	AOLCAHDO_00039

DiscRep_SUB:FEATURE_LOCATION_CONFLICT::Coding region xref gene does not exist
plasmid_files/CP026389.1_results/PROKKA_06292018:CDS	hypothetical protein	CP026389.1:34544-35335	AOLCAHDO_00040

DiscRep_SUB:FEATURE_LOCATION_CONFLICT::Coding region xref gene does not exist
plasmid_files/CP026389.1_results/PROKKA_06292018:CDS	hypothetical protein	CP026389.1:c35691-35350	AOLCAHDO_00041

DiscRep_SUB:FEATURE_LOCATION_CONFLICT::Coding region xref gene does not exist
plasmid_files/CP026389.1_results/PROKKA_06292018:CDS	Replication initiation protein	CP026389.1:36251-36970	AOLCAHDO_00042

DiscRep_SUB:FEATURE_LOCATION_CONFLICT::Coding region xref gene does not exist
plasmid_files/CP026389.1_results/PROKKA_06292018:CDS	hypothetical protein	CP026389.1:c38559-36781	AOLCAHDO_00043

DiscRep_SUB:FEATURE_LOCATION_CONFLICT::Coding region xref gene does not exist
plasmid_files/CP026389.1_results/PROKKA_06292018:CDS	DNA-invertase hin	CP026389.1:c39496-38927	AOLCAHDO_00044

DiscRep_SUB:FEATURE_LOCATION_CONFLICT::Coding region xref gene does not exist
plasmid_files/CP026389.1_results/PROKKA_06292018:CDS	Tyrosine recombinase XerD	CP026389.1:c40902-39889	AOLCAHDO_00045

DiscRep_SUB:FEATURE_LOCATION_CONFLICT::Coding region xref gene does not exist
plasmid_files/CP026389.1_results/PROKKA_06292018:CDS	Dihydrofolate reductase type 1	CP026389.1:41058-41531	AOLCAHDO_00046

DiscRep_SUB:FEATURE_LOCATION_CONFLICT::Coding region xref gene does not exist
plasmid_files/CP026389.1_results/PROKKA_06292018:CDS	hypothetical protein	CP026389.1:c41982-41698	AOLCAHDO_00047

DiscRep_SUB:FEATURE_LOCATION_CONFLICT::Coding region xref gene does not exist
plasmid_files/CP026389.1_results/PROKKA_06292018:CDS	hypothetical protein	CP026389.1:42161-42925	AOLCAHDO_00048

DiscRep_SUB:FEATURE_LOCATION_CONFLICT::Coding region xref gene does not exist
plasmid_files/CP026389.1_results/PROKKA_06292018:CDS	Type-2 restriction enzyme EcoRII	CP026389.1:43192-44400	AOLCAHDO_00049

DiscRep_SUB:FEATURE_LOCATION_CONFLICT::Coding region xref gene does not exist
plasmid_files/CP026389.1_results/PROKKA_06292018:CDS	DNA-cytosine methyltransferase	CP026389.1:c45867-44434	AOLCAHDO_00050

DiscRep_SUB:FEATURE_LOCATION_CONFLICT::Coding region xref gene does not exist
plasmid_files/CP026389.1_results/PROKKA_06292018:CDS	hypothetical protein	CP026389.1:45972-46238	AOLCAHDO_00051

DiscRep_SUB:FEATURE_LOCATION_CONFLICT::Coding region xref gene does not exist
plasmid_files/CP026389.1_results/PROKKA_06292018:CDS	hypothetical protein	CP026389.1:c46455-46249	AOLCAHDO_00052

DiscRep_SUB:FEATURE_LOCATION_CONFLICT::Coding region xref gene does not exist
plasmid_files/CP026389.1_results/PROKKA_06292018:CDS	hypothetical protein	CP026389.1:c47107-46460	AOLCAHDO_00053

DiscRep_SUB:FEATURE_LOCATION_CONFLICT::Coding region xref gene does not exist
plasmid_files/CP026389.1_results/PROKKA_06292018:CDS	hypothetical protein	CP026389.1:c47468-47157	AOLCAHDO_00054

DiscRep_SUB:FEATURE_LOCATION_CONFLICT::Coding region xref gene does not exist
plasmid_files/CP026389.1_results/PROKKA_06292018:CDS	hypothetical protein	CP026389.1:c47818-47504	AOLCAHDO_00055

DiscRep_SUB:FEATURE_LOCATION_CONFLICT::Coding region xref gene does not exist
plasmid_files/CP026389.1_results/PROKKA_06292018:CDS	hypothetical protein	CP026389.1:c48159-47815	AOLCAHDO_00056

DiscRep_SUB:FEATURE_LOCATION_CONFLICT::Coding region xref gene does not exist
plasmid_files/CP026389.1_results/PROKKA_06292018:CDS	Trans-acting regulatory protein HvrA	CP026389.1:c48480-48175	AOLCAHDO_00057

DiscRep_SUB:FEATURE_LOCATION_CONFLICT::Coding region xref gene does not exist
plasmid_files/CP026389.1_results/PROKKA_06292018:CDS	Type IV secretion system protein virB1	CP026389.1:48589-49323	AOLCAHDO_00058

DiscRep_SUB:FEATURE_LOCATION_CONFLICT::Coding region xref gene does not exist
plasmid_files/CP026389.1_results/PROKKA_06292018:CDS	hypothetical protein	CP026389.1:49332-49613	AOLCAHDO_00059

DiscRep_SUB:FEATURE_LOCATION_CONFLICT::Coding region xref gene does not exist
plasmid_files/CP026389.1_results/PROKKA_06292018:CDS	hypothetical protein	CP026389.1:49623-49916	AOLCAHDO_00060

DiscRep_SUB:FEATURE_LOCATION_CONFLICT::Coding region xref gene does not exist
plasmid_files/CP026389.1_results/PROKKA_06292018:CDS	hypothetical protein	CP026389.1:49966-50283	AOLCAHDO_00061

DiscRep_ALL:DISC_QUALITY_SCORES::Quality scores are missing on all sequences.

DiscRep_ALL:ONCALLER_COMMENT_PRESENT::1 comment descriptors were found (all same)
plasmid_files/CP026389.1_results/PROKKA_06292018:CP026389.1:Annotated using prokka 1.14-dev from https://github.com/tseemann/prokka

DiscRep_ALL:SHORT_PROT_SEQUENCES::1 protein sequences are shorter than 50 aa.
plasmid_files/CP026389.1_results/PROKKA_06292018:CP026389.1_28 (length 35)

DiscRep_ALL:MISSING_GENOMEASSEMBLY_COMMENTS::1 bioseqs are missing GenomeAssembly structured comments
plasmid_files/CP026389.1_results/PROKKA_06292018:CP026389.1 (length 50333)

DiscRep_ALL:MOLTYPE_NOT_MRNA::1 molecule types are not set as mRNA.
plasmid_files/CP026389.1_results/PROKKA_06292018:CP026389.1 (length 50333)

DiscRep_ALL:TECHNIQUE_NOT_TSA::1 technique are not set as TSA
plasmid_files/CP026389.1_results/PROKKA_06292018:CP026389.1 (length 50333)

DiscRep_ALL:MISSING_STRUCTURED_COMMENT::1 sequences do not include structured comments.
plasmid_files/CP026389.1_results/PROKKA_06292018:CP026389.1 (length 50333)

DiscRep_ALL:MISSING_PROJECT::62 sequences do not include project.
plasmid_files/CP026389.1_results/PROKKA_06292018:CP026389.1 (length 50333)
plasmid_files/CP026389.1_results/PROKKA_06292018:CP026389.1_1 (length 828)
plasmid_files/CP026389.1_results/PROKKA_06292018:CP026389.1_2 (length 237)
plasmid_files/CP026389.1_results/PROKKA_06292018:CP026389.1_3 (length 75)
plasmid_files/CP026389.1_results/PROKKA_06292018:CP026389.1_4 (length 346)
plasmid_files/CP026389.1_results/PROKKA_06292018:CP026389.1_5 (length 232)
plasmid_files/CP026389.1_results/PROKKA_06292018:CP026389.1_6 (length 294)
plasmid_files/CP026389.1_results/PROKKA_06292018:CP026389.1_7 (length 386)
plasmid_files/CP026389.1_results/PROKKA_06292018:CP026389.1_8 (length 331)
plasmid_files/CP026389.1_results/PROKKA_06292018:CP026389.1_9 (length 177)
plasmid_files/CP026389.1_results/PROKKA_06292018:CP026389.1_10 (length 65)
plasmid_files/CP026389.1_results/PROKKA_06292018:CP026389.1_11 (length 218)
plasmid_files/CP026389.1_results/PROKKA_06292018:CP026389.1_12 (length 715)
plasmid_files/CP026389.1_results/PROKKA_06292018:CP026389.1_13 (length 439)
plasmid_files/CP026389.1_results/PROKKA_06292018:CP026389.1_14 (length 293)
plasmid_files/CP026389.1_results/PROKKA_06292018:CP026389.1_15 (length 234)
plasmid_files/CP026389.1_results/PROKKA_06292018:CP026389.1_16 (length 142)
plasmid_files/CP026389.1_results/PROKKA_06292018:CP026389.1_17 (length 121)
plasmid_files/CP026389.1_results/PROKKA_06292018:CP026389.1_18 (length 1078)
plasmid_files/CP026389.1_results/PROKKA_06292018:CP026389.1_19 (length 509)
plasmid_files/CP026389.1_results/PROKKA_06292018:CP026389.1_20 (length 138)
plasmid_files/CP026389.1_results/PROKKA_06292018:CP026389.1_21 (length 139)
plasmid_files/CP026389.1_results/PROKKA_06292018:CP026389.1_22 (length 238)
plasmid_files/CP026389.1_results/PROKKA_06292018:CP026389.1_23 (length 122)
plasmid_files/CP026389.1_results/PROKKA_06292018:CP026389.1_24 (length 114)
plasmid_files/CP026389.1_results/PROKKA_06292018:CP026389.1_25 (length 106)
plasmid_files/CP026389.1_results/PROKKA_06292018:CP026389.1_26 (length 59)
plasmid_files/CP026389.1_results/PROKKA_06292018:CP026389.1_27 (length 169)
plasmid_files/CP026389.1_results/PROKKA_06292018:CP026389.1_28 (length 35)
plasmid_files/CP026389.1_results/PROKKA_06292018:CP026389.1_29 (length 110)
plasmid_files/CP026389.1_results/PROKKA_06292018:CP026389.1_30 (length 94)
plasmid_files/CP026389.1_results/PROKKA_06292018:CP026389.1_31 (length 119)
plasmid_files/CP026389.1_results/PROKKA_06292018:CP026389.1_32 (length 98)
plasmid_files/CP026389.1_results/PROKKA_06292018:CP026389.1_33 (length 181)
plasmid_files/CP026389.1_results/PROKKA_06292018:CP026389.1_34 (length 51)
plasmid_files/CP026389.1_results/PROKKA_06292018:CP026389.1_35 (length 79)
plasmid_files/CP026389.1_results/PROKKA_06292018:CP026389.1_36 (length 134)
plasmid_files/CP026389.1_results/PROKKA_06292018:CP026389.1_37 (length 141)
plasmid_files/CP026389.1_results/PROKKA_06292018:CP026389.1_38 (length 146)
plasmid_files/CP026389.1_results/PROKKA_06292018:CP026389.1_39 (length 421)
plasmid_files/CP026389.1_results/PROKKA_06292018:CP026389.1_40 (length 263)
plasmid_files/CP026389.1_results/PROKKA_06292018:CP026389.1_41 (length 113)
plasmid_files/CP026389.1_results/PROKKA_06292018:CP026389.1_42 (length 239)
plasmid_files/CP026389.1_results/PROKKA_06292018:CP026389.1_43 (length 592)
plasmid_files/CP026389.1_results/PROKKA_06292018:CP026389.1_44 (length 189)
plasmid_files/CP026389.1_results/PROKKA_06292018:CP026389.1_45 (length 337)
plasmid_files/CP026389.1_results/PROKKA_06292018:CP026389.1_46 (length 157)
plasmid_files/CP026389.1_results/PROKKA_06292018:CP026389.1_47 (length 94)
plasmid_files/CP026389.1_results/PROKKA_06292018:CP026389.1_48 (length 254)
plasmid_files/CP026389.1_results/PROKKA_06292018:CP026389.1_49 (length 402)
plasmid_files/CP026389.1_results/PROKKA_06292018:CP026389.1_50 (length 477)
plasmid_files/CP026389.1_results/PROKKA_06292018:CP026389.1_51 (length 88)
plasmid_files/CP026389.1_results/PROKKA_06292018:CP026389.1_52 (length 68)
plasmid_files/CP026389.1_results/PROKKA_06292018:CP026389.1_53 (length 215)
plasmid_files/CP026389.1_results/PROKKA_06292018:CP026389.1_54 (length 103)
plasmid_files/CP026389.1_results/PROKKA_06292018:CP026389.1_55 (length 104)
plasmid_files/CP026389.1_results/PROKKA_06292018:CP026389.1_56 (length 114)
plasmid_files/CP026389.1_results/PROKKA_06292018:CP026389.1_57 (length 101)
plasmid_files/CP026389.1_results/PROKKA_06292018:CP026389.1_58 (length 244)
plasmid_files/CP026389.1_results/PROKKA_06292018:CP026389.1_59 (length 93)
plasmid_files/CP026389.1_results/PROKKA_06292018:CP026389.1_60 (length 97)
plasmid_files/CP026389.1_results/PROKKA_06292018:CP026389.1_61 (length 105)

DiscRep_ALL:DISC_INCONSISTENT_MOLINFO_TECH::Molinfo Technique Report (some missing, all same)
DiscRep_SUB:DISC_INCONSISTENT_MOLINFO_TECH::technique (all missing)
DiscRep_SUB:DISC_INCONSISTENT_MOLINFO_TECH::1 Molinfos are missing field technique
plasmid_files/CP026389.1_results/PROKKA_06292018:CP026389.1 (length 50333)

