[09:56:05] This is prokka 1.14-dev
[09:56:05] Written by Torsten Seemann <torsten.seemann@gmail.com>
[09:56:05] Homepage is https://github.com/tseemann/prokka
[09:56:05] Local time is Fri Jun 29 09:56:05 2018
[09:56:05] You are christian
[09:56:05] Operating system is linux
[09:56:05] You have BioPerl 1.007002
[09:56:05] System has 20 cores.
[09:56:05] Will use maximum of 20 cores.
[09:56:05] Annotating as >>> Bacteria <<<
[09:56:05] Generating locus_tag from 'plasmid_files/AF481906.1.fasta' contents.
[09:56:05] Setting --locustag ALDOLGCK from MD5 a5d850c4969e1df567f31fc750f22f37
[09:56:05] Creating new output folder: plasmid_files/AF481906.1_results
[09:56:05] Running: mkdir -p plasmid_files\/AF481906\.1_results
[09:56:05] Using filename prefix: PROKKA_06292018.XXX
[09:56:05] Setting HMMER_NCPU=1
[09:56:05] Writing log to: plasmid_files/AF481906.1_results/PROKKA_06292018.log
[09:56:05] Command: /home/christian/install/prokka/bin/prokka plasmid_files/AF481906.1.fasta --outdir plasmid_files/AF481906.1_results --cpus 20
[09:56:05] Appending to PATH: /home/christian/install/prokka/bin/../binaries/linux
[09:56:05] Appending to PATH: /home/christian/install/prokka/bin/../binaries/linux/../common
[09:56:05] Appending to PATH: /home/christian/install/prokka/bin
[09:56:05] Looking for 'aragorn' - found /home/christian/install/prokka/bin/../binaries/linux/aragorn
[09:56:05] Determined aragorn version is 1.2
[09:56:05] Looking for 'blastp' - found /usr/bin/blastp
[09:56:05] Determined blastp version is 2.2
[09:56:05] Looking for 'cmpress' - found /usr/local/bin/cmpress
[09:56:05] Determined cmpress version is 1.1
[09:56:05] Looking for 'cmscan' - found /usr/local/bin/cmscan
[09:56:05] Determined cmscan version is 1.1
[09:56:05] Looking for 'egrep' - found /bin/egrep
[09:56:05] Looking for 'find' - found /usr/bin/find
[09:56:05] Looking for 'grep' - found /bin/grep
[09:56:05] Looking for 'hmmpress' - found /usr/local/bin/hmmpress
[09:56:05] Determined hmmpress version is 3.1
[09:56:05] Looking for 'hmmscan' - found /usr/local/bin/hmmscan
[09:56:05] Determined hmmscan version is 3.1
[09:56:05] Looking for 'java' - found /usr/bin/java
[09:56:05] Looking for 'less' - found /usr/bin/less
[09:56:05] Looking for 'makeblastdb' - found /usr/bin/makeblastdb
[09:56:05] Determined makeblastdb version is 2.2
[09:56:05] Looking for 'minced' - found /home/christian/install/prokka/bin/../binaries/linux/../common/minced
[09:56:05] Determined minced version is 2.0
[09:56:05] Looking for 'parallel' - found /usr/bin/parallel
[09:56:05] Determined parallel version is 20141022
[09:56:05] Looking for 'prodigal' - found /usr/local/bin/prodigal
[09:56:05] Determined prodigal version is 2.6
[09:56:05] Looking for 'prokka-genbank_to_fasta_db' - found /home/christian/install/prokka/bin/prokka-genbank_to_fasta_db
[09:56:05] Looking for 'sed' - found /bin/sed
[09:56:05] Looking for 'tbl2asn' - found /home/christian/install/prokka/bin/../binaries/linux/tbl2asn
[09:56:05] Determined tbl2asn version is 25.6
[09:56:05] Using genetic code table 11.
[09:56:05] Loading and checking input file: plasmid_files/AF481906.1.fasta
[09:56:05] Wrote 1 contigs totalling 5228 bp.
[09:56:05] Predicting tRNAs and tmRNAs
[09:56:05] Running: aragorn -l -gc11  -w plasmid_files\/AF481906\.1_results\/PROKKA_06292018\.fna
[09:56:05] Found 0 tRNAs
[09:56:05] Predicting Ribosomal RNAs
[09:56:05] You need either Barrnap or RNAmmer installed to predict rRNAs!
[09:56:05] Skipping ncRNA search, enable with --rfam if desired.
[09:56:05] Total of 0 tRNA + rRNA features
[09:56:05] Searching for CRISPR repeats
[09:56:06] Found 0 CRISPRs
[09:56:06] Predicting coding sequences
[09:56:06] Contigs total 5228 bp, so using meta mode
[09:56:06] Running: prodigal -i plasmid_files\/AF481906\.1_results\/PROKKA_06292018\.fna -c -m -g 11 -p meta -f sco -q
[09:56:06] Found 5 CDS
[09:56:06] Connecting features back to sequences
[09:56:06] Not using genus-specific database. Try --usegenus to enable it.
[09:56:06] Annotating CDS, please be patient.
[09:56:06] Will use 20 CPUs for similarity searching.
[09:56:06] There are still 5 unannotated CDS left (started with 5)
[09:56:06] Will use blast to search against /home/christian/install/prokka/db/kingdom/Bacteria/sprot with 20 CPUs
[09:56:06] Running: cat plasmid_files\/AF481906\.1_results\/sprot\.faa | parallel --gnu --plain -j 20 --block 37 --recstart '>' --pipe blastp -query - -db /home/christian/install/prokka/db/kingdom/Bacteria/sprot -evalue 1e-06 -num_threads 1 -num_descriptions 1 -num_alignments 1 -seg no > plasmid_files\/AF481906\.1_results\/sprot\.blast 2> /dev/null
[09:56:06] Deleting unwanted file: plasmid_files/AF481906.1_results/sprot.faa
[09:56:06] Deleting unwanted file: plasmid_files/AF481906.1_results/sprot.blast
[09:56:06] There are still 3 unannotated CDS left (started with 5)
[09:56:06] Will use hmmer3 to search against /home/christian/install/prokka/db/hmm/HAMAP.hmm with 20 CPUs
[09:56:06] Running: cat plasmid_files\/AF481906\.1_results\/HAMAP\.hmm\.faa | parallel --gnu --plain -j 20 --block 23 --recstart '>' --pipe hmmscan --noali --notextw --acc -E 1e-06 --cpu 1 /home/christian/install/prokka/db/hmm/HAMAP.hmm /dev/stdin > plasmid_files\/AF481906\.1_results\/HAMAP\.hmm\.hmmer3 2> /dev/null
[09:56:06] Deleting unwanted file: plasmid_files/AF481906.1_results/HAMAP.hmm.faa
[09:56:06] Deleting unwanted file: plasmid_files/AF481906.1_results/HAMAP.hmm.hmmer3
[09:56:06] Labelling remaining 3 proteins as 'hypothetical protein'
[09:56:06] Found 1 unique /gene codes.
[09:56:06] Fixed 0 colliding /gene names.
[09:56:06] Adding /locus_tag identifiers
[09:56:06] Assigned 5 locus_tags to CDS and RNA features.
[09:56:06] Writing outputs to plasmid_files/AF481906.1_results/
[09:56:06] Generating annotation statistics file
[09:56:06] Generating Genbank and Sequin files
[09:56:06] Running: tbl2asn -V b -a r10k -l paired-ends -M n -N 1 -y 'Annotated using prokka 1.14-dev from https://github.com/tseemann/prokka' -Z plasmid_files\/AF481906\.1_results\/PROKKA_06292018\.err -i plasmid_files\/AF481906\.1_results\/PROKKA_06292018\.fsa 2> /dev/null
[09:56:07] Deleting unwanted file: plasmid_files/AF481906.1_results/errorsummary.val
[09:56:07] Deleting unwanted file: plasmid_files/AF481906.1_results/PROKKA_06292018.dr
[09:56:07] Deleting unwanted file: plasmid_files/AF481906.1_results/PROKKA_06292018.fixedproducts
[09:56:07] Deleting unwanted file: plasmid_files/AF481906.1_results/PROKKA_06292018.ecn
[09:56:07] Deleting unwanted file: plasmid_files/AF481906.1_results/PROKKA_06292018.val
[09:56:07] Repairing broken .GBK output that tbl2asn produces...
[09:56:07] Running: sed 's/COORDINATES: profile/COORDINATES:profile/' < plasmid_files\/AF481906\.1_results\/PROKKA_06292018\.gbf > plasmid_files\/AF481906\.1_results\/PROKKA_06292018\.gbk
[09:56:07] Deleting unwanted file: plasmid_files/AF481906.1_results/PROKKA_06292018.gbf
[09:56:07] Output files:
[09:56:07] plasmid_files/AF481906.1_results/PROKKA_06292018.sqn
[09:56:07] plasmid_files/AF481906.1_results/PROKKA_06292018.fsa
[09:56:07] plasmid_files/AF481906.1_results/PROKKA_06292018.tbl
[09:56:07] plasmid_files/AF481906.1_results/PROKKA_06292018.log
[09:56:07] plasmid_files/AF481906.1_results/PROKKA_06292018.gff
[09:56:07] plasmid_files/AF481906.1_results/PROKKA_06292018.txt
[09:56:07] plasmid_files/AF481906.1_results/PROKKA_06292018.gbk
[09:56:07] plasmid_files/AF481906.1_results/PROKKA_06292018.faa
[09:56:07] plasmid_files/AF481906.1_results/PROKKA_06292018.fna
[09:56:07] plasmid_files/AF481906.1_results/PROKKA_06292018.tsv
[09:56:07] plasmid_files/AF481906.1_results/PROKKA_06292018.ffn
[09:56:07] plasmid_files/AF481906.1_results/PROKKA_06292018.err
[09:56:07] Annotation finished successfully.
[09:56:07] Walltime used: 0.03 minutes
[09:56:07] If you use this result please cite the Prokka paper:
[09:56:07] Seemann T (2014) Prokka: rapid prokaryotic genome annotation. Bioinformatics. 30(14):2068-9.
[09:56:07] Type 'prokka --citation' for more details.
[09:56:07] Thank you, come again.
