Discrepancy Report Results

Summary
FATAL: MISSING_PROTEIN_ID:60 proteins have invalid IDs.
DISC_SOURCE_QUALS_ASNDISC:strain (all present, all unique)
DISC_SOURCE_QUALS_ASNDISC:taxname (all present, all unique)
DISC_FEATURE_COUNT:CDS: 60 present
DISC_COUNT_NUCLEOTIDES:1 nucleotide Bioseqs are present
FEATURE_LOCATION_CONFLICT:60 features have inconsistent gene locations.
DISC_QUALITY_SCORES:Quality scores are missing on all sequences.
ONCALLER_COMMENT_PRESENT:1 comment descriptors were found (all same)
MISSING_GENOMEASSEMBLY_COMMENTS:1 bioseqs are missing GenomeAssembly structured comments
MOLTYPE_NOT_MRNA:1 molecule types are not set as mRNA.
TECHNIQUE_NOT_TSA:1 technique are not set as TSA
MISSING_STRUCTURED_COMMENT:1 sequences do not include structured comments.
MISSING_PROJECT:61 sequences do not include project.
DISC_INCONSISTENT_MOLINFO_TECH:Molinfo Technique Report (some missing, all same)


Detailed Report

FATAL: DiscRep_ALL:MISSING_PROTEIN_ID::60 proteins have invalid IDs.
plasmid_files/KY271414.1_results/PROKKA_06292018:KY271414.1_1 (length 239)
plasmid_files/KY271414.1_results/PROKKA_06292018:KY271414.1_2 (length 113)
plasmid_files/KY271414.1_results/PROKKA_06292018:KY271414.1_3 (length 263)
plasmid_files/KY271414.1_results/PROKKA_06292018:KY271414.1_4 (length 421)
plasmid_files/KY271414.1_results/PROKKA_06292018:KY271414.1_5 (length 146)
plasmid_files/KY271414.1_results/PROKKA_06292018:KY271414.1_6 (length 141)
plasmid_files/KY271414.1_results/PROKKA_06292018:KY271414.1_7 (length 134)
plasmid_files/KY271414.1_results/PROKKA_06292018:KY271414.1_8 (length 79)
plasmid_files/KY271414.1_results/PROKKA_06292018:KY271414.1_9 (length 51)
plasmid_files/KY271414.1_results/PROKKA_06292018:KY271414.1_10 (length 181)
plasmid_files/KY271414.1_results/PROKKA_06292018:KY271414.1_11 (length 98)
plasmid_files/KY271414.1_results/PROKKA_06292018:KY271414.1_12 (length 119)
plasmid_files/KY271414.1_results/PROKKA_06292018:KY271414.1_13 (length 94)
plasmid_files/KY271414.1_results/PROKKA_06292018:KY271414.1_14 (length 110)
plasmid_files/KY271414.1_results/PROKKA_06292018:KY271414.1_15 (length 169)
plasmid_files/KY271414.1_results/PROKKA_06292018:KY271414.1_16 (length 59)
plasmid_files/KY271414.1_results/PROKKA_06292018:KY271414.1_17 (length 114)
plasmid_files/KY271414.1_results/PROKKA_06292018:KY271414.1_18 (length 122)
plasmid_files/KY271414.1_results/PROKKA_06292018:KY271414.1_19 (length 238)
plasmid_files/KY271414.1_results/PROKKA_06292018:KY271414.1_20 (length 128)
plasmid_files/KY271414.1_results/PROKKA_06292018:KY271414.1_21 (length 138)
plasmid_files/KY271414.1_results/PROKKA_06292018:KY271414.1_22 (length 509)
plasmid_files/KY271414.1_results/PROKKA_06292018:KY271414.1_23 (length 1078)
plasmid_files/KY271414.1_results/PROKKA_06292018:KY271414.1_24 (length 132)
plasmid_files/KY271414.1_results/PROKKA_06292018:KY271414.1_25 (length 85)
plasmid_files/KY271414.1_results/PROKKA_06292018:KY271414.1_26 (length 234)
plasmid_files/KY271414.1_results/PROKKA_06292018:KY271414.1_27 (length 420)
plasmid_files/KY271414.1_results/PROKKA_06292018:KY271414.1_28 (length 72)
plasmid_files/KY271414.1_results/PROKKA_06292018:KY271414.1_29 (length 185)
plasmid_files/KY271414.1_results/PROKKA_06292018:KY271414.1_30 (length 286)
plasmid_files/KY271414.1_results/PROKKA_06292018:KY271414.1_31 (length 293)
plasmid_files/KY271414.1_results/PROKKA_06292018:KY271414.1_32 (length 185)
plasmid_files/KY271414.1_results/PROKKA_06292018:KY271414.1_33 (length 166)
plasmid_files/KY271414.1_results/PROKKA_06292018:KY271414.1_34 (length 965)
plasmid_files/KY271414.1_results/PROKKA_06292018:KY271414.1_35 (length 221)
plasmid_files/KY271414.1_results/PROKKA_06292018:KY271414.1_36 (length 59)
plasmid_files/KY271414.1_results/PROKKA_06292018:KY271414.1_37 (length 331)
plasmid_files/KY271414.1_results/PROKKA_06292018:KY271414.1_38 (length 386)
plasmid_files/KY271414.1_results/PROKKA_06292018:KY271414.1_39 (length 294)
plasmid_files/KY271414.1_results/PROKKA_06292018:KY271414.1_40 (length 232)
plasmid_files/KY271414.1_results/PROKKA_06292018:KY271414.1_41 (length 346)
plasmid_files/KY271414.1_results/PROKKA_06292018:KY271414.1_42 (length 75)
plasmid_files/KY271414.1_results/PROKKA_06292018:KY271414.1_43 (length 237)
plasmid_files/KY271414.1_results/PROKKA_06292018:KY271414.1_44 (length 866)
plasmid_files/KY271414.1_results/PROKKA_06292018:KY271414.1_45 (length 105)
plasmid_files/KY271414.1_results/PROKKA_06292018:KY271414.1_46 (length 97)
plasmid_files/KY271414.1_results/PROKKA_06292018:KY271414.1_47 (length 93)
plasmid_files/KY271414.1_results/PROKKA_06292018:KY271414.1_48 (length 245)
plasmid_files/KY271414.1_results/PROKKA_06292018:KY271414.1_49 (length 101)
plasmid_files/KY271414.1_results/PROKKA_06292018:KY271414.1_50 (length 114)
plasmid_files/KY271414.1_results/PROKKA_06292018:KY271414.1_51 (length 104)
plasmid_files/KY271414.1_results/PROKKA_06292018:KY271414.1_52 (length 103)
plasmid_files/KY271414.1_results/PROKKA_06292018:KY271414.1_53 (length 224)
plasmid_files/KY271414.1_results/PROKKA_06292018:KY271414.1_54 (length 84)
plasmid_files/KY271414.1_results/PROKKA_06292018:KY271414.1_55 (length 68)
plasmid_files/KY271414.1_results/PROKKA_06292018:KY271414.1_56 (length 477)
plasmid_files/KY271414.1_results/PROKKA_06292018:KY271414.1_57 (length 402)
plasmid_files/KY271414.1_results/PROKKA_06292018:KY271414.1_58 (length 189)
plasmid_files/KY271414.1_results/PROKKA_06292018:KY271414.1_59 (length 241)
plasmid_files/KY271414.1_results/PROKKA_06292018:KY271414.1_60 (length 491)

DiscRep_ALL:DISC_SOURCE_QUALS_ASNDISC::strain (all present, all unique)
DiscRep_SUB:DISC_SOURCE_QUALS_ASNDISC::1 sources have unique values for strain
DiscRep_ALL:DISC_SOURCE_QUALS_ASNDISC::taxname (all present, all unique)
DiscRep_SUB:DISC_SOURCE_QUALS_ASNDISC::1 sources have unique values for taxname
DiscRep_ALL:DISC_FEATURE_COUNT::CDS: 60 present
DiscRep_ALL:DISC_COUNT_NUCLEOTIDES::1 nucleotide Bioseqs are present
plasmid_files/KY271414.1_results/PROKKA_06292018:KY271414.1 (length 52848, 22 other)

DiscRep_ALL:FEATURE_LOCATION_CONFLICT::60 features have inconsistent gene locations.
DiscRep_SUB:FEATURE_LOCATION_CONFLICT::Coding region xref gene does not exist
plasmid_files/KY271414.1_results/PROKKA_06292018:CDS	Replication initiation protein	KY271414.1:c1066-347	GGFIIJKL_00001

DiscRep_SUB:FEATURE_LOCATION_CONFLICT::Coding region xref gene does not exist
plasmid_files/KY271414.1_results/PROKKA_06292018:CDS	hypothetical protein	KY271414.1:1626-1967	GGFIIJKL_00002

DiscRep_SUB:FEATURE_LOCATION_CONFLICT::Coding region xref gene does not exist
plasmid_files/KY271414.1_results/PROKKA_06292018:CDS	hypothetical protein	KY271414.1:c2773-1982	GGFIIJKL_00003

DiscRep_SUB:FEATURE_LOCATION_CONFLICT::Coding region xref gene does not exist
plasmid_files/KY271414.1_results/PROKKA_06292018:CDS	Protein UmuC	KY271414.1:c4189-2924	GGFIIJKL_00004

DiscRep_SUB:FEATURE_LOCATION_CONFLICT::Coding region xref gene does not exist
plasmid_files/KY271414.1_results/PROKKA_06292018:CDS	Protein UmuD	KY271414.1:c4617-4177	GGFIIJKL_00005

DiscRep_SUB:FEATURE_LOCATION_CONFLICT::Coding region xref gene does not exist
plasmid_files/KY271414.1_results/PROKKA_06292018:CDS	Antirestriction protein KlcA	KY271414.1:5033-5458	GGFIIJKL_00006

DiscRep_SUB:FEATURE_LOCATION_CONFLICT::Coding region xref gene does not exist
plasmid_files/KY271414.1_results/PROKKA_06292018:CDS	hypothetical protein	KY271414.1:5516-5920	GGFIIJKL_00007

DiscRep_SUB:FEATURE_LOCATION_CONFLICT::Coding region xref gene does not exist
plasmid_files/KY271414.1_results/PROKKA_06292018:CDS	hypothetical protein	KY271414.1:5930-6169	GGFIIJKL_00008

DiscRep_SUB:FEATURE_LOCATION_CONFLICT::Coding region xref gene does not exist
plasmid_files/KY271414.1_results/PROKKA_06292018:CDS	hypothetical protein	KY271414.1:6241-6396	GGFIIJKL_00009

DiscRep_SUB:FEATURE_LOCATION_CONFLICT::Coding region xref gene does not exist
plasmid_files/KY271414.1_results/PROKKA_06292018:CDS	hypothetical protein	KY271414.1:6396-6941	GGFIIJKL_00010

DiscRep_SUB:FEATURE_LOCATION_CONFLICT::Coding region xref gene does not exist
plasmid_files/KY271414.1_results/PROKKA_06292018:CDS	hypothetical protein	KY271414.1:7054-7350	GGFIIJKL_00011

DiscRep_SUB:FEATURE_LOCATION_CONFLICT::Coding region xref gene does not exist
plasmid_files/KY271414.1_results/PROKKA_06292018:CDS	hypothetical protein	KY271414.1:7347-7706	GGFIIJKL_00012

DiscRep_SUB:FEATURE_LOCATION_CONFLICT::Coding region xref gene does not exist
plasmid_files/KY271414.1_results/PROKKA_06292018:CDS	hypothetical protein	KY271414.1:7775-8059	GGFIIJKL_00013

DiscRep_SUB:FEATURE_LOCATION_CONFLICT::Coding region xref gene does not exist
plasmid_files/KY271414.1_results/PROKKA_06292018:CDS	hypothetical protein	KY271414.1:8268-8600	GGFIIJKL_00014

DiscRep_SUB:FEATURE_LOCATION_CONFLICT::Coding region xref gene does not exist
plasmid_files/KY271414.1_results/PROKKA_06292018:CDS	hypothetical protein	KY271414.1:9845-10354	GGFIIJKL_00015

DiscRep_SUB:FEATURE_LOCATION_CONFLICT::Coding region xref gene does not exist
plasmid_files/KY271414.1_results/PROKKA_06292018:CDS	hypothetical protein	KY271414.1:11186-11365	GGFIIJKL_00016

DiscRep_SUB:FEATURE_LOCATION_CONFLICT::Coding region xref gene does not exist
plasmid_files/KY271414.1_results/PROKKA_06292018:CDS	hypothetical protein	KY271414.1:c12171-11827	GGFIIJKL_00017

DiscRep_SUB:FEATURE_LOCATION_CONFLICT::Coding region xref gene does not exist
plasmid_files/KY271414.1_results/PROKKA_06292018:CDS	hypothetical protein	KY271414.1:c12740-12372	GGFIIJKL_00018

DiscRep_SUB:FEATURE_LOCATION_CONFLICT::Coding region xref gene does not exist
plasmid_files/KY271414.1_results/PROKKA_06292018:CDS	hypothetical protein	KY271414.1:c13458-12742	GGFIIJKL_00019

DiscRep_SUB:FEATURE_LOCATION_CONFLICT::Coding region xref gene does not exist
plasmid_files/KY271414.1_results/PROKKA_06292018:CDS	hypothetical protein	KY271414.1:c13853-13467	GGFIIJKL_00020

DiscRep_SUB:FEATURE_LOCATION_CONFLICT::Coding region xref gene does not exist
plasmid_files/KY271414.1_results/PROKKA_06292018:CDS	hypothetical protein	KY271414.1:14442-14858	GGFIIJKL_00021

DiscRep_SUB:FEATURE_LOCATION_CONFLICT::Coding region xref gene does not exist
plasmid_files/KY271414.1_results/PROKKA_06292018:CDS	Coupling protein TraD	KY271414.1:14860-16389	GGFIIJKL_00022

DiscRep_SUB:FEATURE_LOCATION_CONFLICT::Coding region xref gene does not exist
plasmid_files/KY271414.1_results/PROKKA_06292018:CDS	Multifunctional conjugation protein TraI	KY271414.1:16389-19625	GGFIIJKL_00023

DiscRep_SUB:FEATURE_LOCATION_CONFLICT::Coding region xref gene does not exist
plasmid_files/KY271414.1_results/PROKKA_06292018:CDS	hypothetical protein	KY271414.1:19625-20023	GGFIIJKL_00024

DiscRep_SUB:FEATURE_LOCATION_CONFLICT::Coding region xref gene does not exist
plasmid_files/KY271414.1_results/PROKKA_06292018:CDS	hypothetical protein	KY271414.1:20087-20344	GGFIIJKL_00025

DiscRep_SUB:FEATURE_LOCATION_CONFLICT::Coding region xref gene does not exist
plasmid_files/KY271414.1_results/PROKKA_06292018:CDS	hypothetical protein	KY271414.1:20391-21095	GGFIIJKL_00026

DiscRep_SUB:FEATURE_LOCATION_CONFLICT::Coding region xref gene does not exist
plasmid_files/KY271414.1_results/PROKKA_06292018:CDS	hypothetical protein	KY271414.1:c22493-21231	GGFIIJKL_00027

DiscRep_SUB:FEATURE_LOCATION_CONFLICT::Coding region xref gene does not exist
plasmid_files/KY271414.1_results/PROKKA_06292018:CDS	hypothetical protein	KY271414.1:c22893-22675	GGFIIJKL_00028

DiscRep_SUB:FEATURE_LOCATION_CONFLICT::Coding region xref gene does not exist
plasmid_files/KY271414.1_results/PROKKA_06292018:CDS	Transposon Tn3 resolvase	KY271414.1:23057-23614	GGFIIJKL_00029

DiscRep_SUB:FEATURE_LOCATION_CONFLICT::Coding region xref gene does not exist
plasmid_files/KY271414.1_results/PROKKA_06292018:CDS	Beta-lactamase TEM	KY271414.1:23797-24657	GGFIIJKL_00030

DiscRep_SUB:FEATURE_LOCATION_CONFLICT::Coding region xref gene does not exist
plasmid_files/KY271414.1_results/PROKKA_06292018:CDS	Carbapenem-hydrolyzing beta-lactamase KPC	KY271414.1:24916-25797	GGFIIJKL_00031

DiscRep_SUB:FEATURE_LOCATION_CONFLICT::Coding region xref gene does not exist
plasmid_files/KY271414.1_results/PROKKA_06292018:CDS	hypothetical protein	KY271414.1:c26604-26047	GGFIIJKL_00032

DiscRep_SUB:FEATURE_LOCATION_CONFLICT::Coding region xref gene does not exist
plasmid_files/KY271414.1_results/PROKKA_06292018:CDS	Serine recombinase PinR	KY271414.1:c27257-26757	GGFIIJKL_00033

DiscRep_SUB:FEATURE_LOCATION_CONFLICT::Coding region xref gene does not exist
plasmid_files/KY271414.1_results/PROKKA_06292018:CDS	hypothetical protein	KY271414.1:27456-30353	GGFIIJKL_00034

DiscRep_SUB:FEATURE_LOCATION_CONFLICT::Coding region xref gene does not exist
plasmid_files/KY271414.1_results/PROKKA_06292018:CDS	hypothetical protein	KY271414.1:c31034-30369	GGFIIJKL_00035

DiscRep_SUB:FEATURE_LOCATION_CONFLICT::Coding region xref gene does not exist
plasmid_files/KY271414.1_results/PROKKA_06292018:CDS	hypothetical protein	KY271414.1:c31490-31311	GGFIIJKL_00036

DiscRep_SUB:FEATURE_LOCATION_CONFLICT::Coding region xref gene does not exist
plasmid_files/KY271414.1_results/PROKKA_06292018:CDS	Type IV secretion system protein VirB11	KY271414.1:c32485-31490	GGFIIJKL_00037

DiscRep_SUB:FEATURE_LOCATION_CONFLICT::Coding region xref gene does not exist
plasmid_files/KY271414.1_results/PROKKA_06292018:CDS	Protein virB10	KY271414.1:c33687-32527	GGFIIJKL_00038

DiscRep_SUB:FEATURE_LOCATION_CONFLICT::Coding region xref gene does not exist
plasmid_files/KY271414.1_results/PROKKA_06292018:CDS	Type IV secretion system protein virB9	KY271414.1:c34571-33687	GGFIIJKL_00039

DiscRep_SUB:FEATURE_LOCATION_CONFLICT::Coding region xref gene does not exist
plasmid_files/KY271414.1_results/PROKKA_06292018:CDS	Type IV secretion system protein virB8	KY271414.1:c35280-34582	GGFIIJKL_00040

DiscRep_SUB:FEATURE_LOCATION_CONFLICT::Coding region xref gene does not exist
plasmid_files/KY271414.1_results/PROKKA_06292018:CDS	Type IV secretion system protein VirB6	KY271414.1:c36539-35499	GGFIIJKL_00041

DiscRep_SUB:FEATURE_LOCATION_CONFLICT::Coding region xref gene does not exist
plasmid_files/KY271414.1_results/PROKKA_06292018:CDS	hypothetical protein	KY271414.1:c36782-36555	GGFIIJKL_00042

DiscRep_SUB:FEATURE_LOCATION_CONFLICT::Coding region xref gene does not exist
plasmid_files/KY271414.1_results/PROKKA_06292018:CDS	Type IV secretion system protein virB5	KY271414.1:c37503-36790	GGFIIJKL_00043

DiscRep_SUB:FEATURE_LOCATION_CONFLICT::Coding region xref gene does not exist
plasmid_files/KY271414.1_results/PROKKA_06292018:CDS	Type IV secretion system protein virB4	KY271414.1:c40121-37521	GGFIIJKL_00044

DiscRep_SUB:FEATURE_LOCATION_CONFLICT::Coding region xref gene does not exist
plasmid_files/KY271414.1_results/PROKKA_06292018:CDS	hypothetical protein	KY271414.1:c40438-40121	GGFIIJKL_00045

DiscRep_SUB:FEATURE_LOCATION_CONFLICT::Coding region xref gene does not exist
plasmid_files/KY271414.1_results/PROKKA_06292018:CDS	hypothetical protein	KY271414.1:c40782-40489	GGFIIJKL_00046

DiscRep_SUB:FEATURE_LOCATION_CONFLICT::Coding region xref gene does not exist
plasmid_files/KY271414.1_results/PROKKA_06292018:CDS	hypothetical protein	KY271414.1:c41073-40792	GGFIIJKL_00047

DiscRep_SUB:FEATURE_LOCATION_CONFLICT::Coding region xref gene does not exist
plasmid_files/KY271414.1_results/PROKKA_06292018:CDS	Type IV secretion system protein virB1	KY271414.1:c41819-41082	GGFIIJKL_00048

DiscRep_SUB:FEATURE_LOCATION_CONFLICT::Coding region xref gene does not exist
plasmid_files/KY271414.1_results/PROKKA_06292018:CDS	Trans-acting regulatory protein HvrA	KY271414.1:41928-42233	GGFIIJKL_00049

DiscRep_SUB:FEATURE_LOCATION_CONFLICT::Coding region xref gene does not exist
plasmid_files/KY271414.1_results/PROKKA_06292018:CDS	hypothetical protein	KY271414.1:42249-42593	GGFIIJKL_00050

DiscRep_SUB:FEATURE_LOCATION_CONFLICT::Coding region xref gene does not exist
plasmid_files/KY271414.1_results/PROKKA_06292018:CDS	hypothetical protein	KY271414.1:42590-42904	GGFIIJKL_00051

DiscRep_SUB:FEATURE_LOCATION_CONFLICT::Coding region xref gene does not exist
plasmid_files/KY271414.1_results/PROKKA_06292018:CDS	hypothetical protein	KY271414.1:42940-43251	GGFIIJKL_00052

DiscRep_SUB:FEATURE_LOCATION_CONFLICT::Coding region xref gene does not exist
plasmid_files/KY271414.1_results/PROKKA_06292018:CDS	hypothetical protein	KY271414.1:c44283-43609	GGFIIJKL_00053

DiscRep_SUB:FEATURE_LOCATION_CONFLICT::Coding region xref gene does not exist
plasmid_files/KY271414.1_results/PROKKA_06292018:CDS	hypothetical protein	KY271414.1:44589-44843	GGFIIJKL_00054

DiscRep_SUB:FEATURE_LOCATION_CONFLICT::Coding region xref gene does not exist
plasmid_files/KY271414.1_results/PROKKA_06292018:CDS	hypothetical protein	KY271414.1:44848-45054	GGFIIJKL_00055

DiscRep_SUB:FEATURE_LOCATION_CONFLICT::Coding region xref gene does not exist
plasmid_files/KY271414.1_results/PROKKA_06292018:CDS	DNA-cytosine methyltransferase	KY271414.1:45436-46869	GGFIIJKL_00056

DiscRep_SUB:FEATURE_LOCATION_CONFLICT::Coding region xref gene does not exist
plasmid_files/KY271414.1_results/PROKKA_06292018:CDS	Type-2 restriction enzyme EcoRII	KY271414.1:c48111-46903	GGFIIJKL_00057

DiscRep_SUB:FEATURE_LOCATION_CONFLICT::Coding region xref gene does not exist
plasmid_files/KY271414.1_results/PROKKA_06292018:CDS	DNA-invertase hin	KY271414.1:48357-48926	GGFIIJKL_00058

DiscRep_SUB:FEATURE_LOCATION_CONFLICT::Coding region xref gene does not exist
plasmid_files/KY271414.1_results/PROKKA_06292018:CDS	hypothetical protein	KY271414.1:c49797-49072	GGFIIJKL_00059

DiscRep_SUB:FEATURE_LOCATION_CONFLICT::Coding region xref gene does not exist
plasmid_files/KY271414.1_results/PROKKA_06292018:CDS	Protein translocase subunit SecA	KY271414.1:c51604-50129	GGFIIJKL_00060

DiscRep_ALL:DISC_QUALITY_SCORES::Quality scores are missing on all sequences.

DiscRep_ALL:ONCALLER_COMMENT_PRESENT::1 comment descriptors were found (all same)
plasmid_files/KY271414.1_results/PROKKA_06292018:KY271414.1:Annotated using prokka 1.14-dev from https://github.com/tseemann/prokka

DiscRep_ALL:MISSING_GENOMEASSEMBLY_COMMENTS::1 bioseqs are missing GenomeAssembly structured comments
plasmid_files/KY271414.1_results/PROKKA_06292018:KY271414.1 (length 52848, 22 other)

DiscRep_ALL:MOLTYPE_NOT_MRNA::1 molecule types are not set as mRNA.
plasmid_files/KY271414.1_results/PROKKA_06292018:KY271414.1 (length 52848, 22 other)

DiscRep_ALL:TECHNIQUE_NOT_TSA::1 technique are not set as TSA
plasmid_files/KY271414.1_results/PROKKA_06292018:KY271414.1 (length 52848, 22 other)

DiscRep_ALL:MISSING_STRUCTURED_COMMENT::1 sequences do not include structured comments.
plasmid_files/KY271414.1_results/PROKKA_06292018:KY271414.1 (length 52848, 22 other)

DiscRep_ALL:MISSING_PROJECT::61 sequences do not include project.
plasmid_files/KY271414.1_results/PROKKA_06292018:KY271414.1 (length 52848, 22 other)
plasmid_files/KY271414.1_results/PROKKA_06292018:KY271414.1_1 (length 239)
plasmid_files/KY271414.1_results/PROKKA_06292018:KY271414.1_2 (length 113)
plasmid_files/KY271414.1_results/PROKKA_06292018:KY271414.1_3 (length 263)
plasmid_files/KY271414.1_results/PROKKA_06292018:KY271414.1_4 (length 421)
plasmid_files/KY271414.1_results/PROKKA_06292018:KY271414.1_5 (length 146)
plasmid_files/KY271414.1_results/PROKKA_06292018:KY271414.1_6 (length 141)
plasmid_files/KY271414.1_results/PROKKA_06292018:KY271414.1_7 (length 134)
plasmid_files/KY271414.1_results/PROKKA_06292018:KY271414.1_8 (length 79)
plasmid_files/KY271414.1_results/PROKKA_06292018:KY271414.1_9 (length 51)
plasmid_files/KY271414.1_results/PROKKA_06292018:KY271414.1_10 (length 181)
plasmid_files/KY271414.1_results/PROKKA_06292018:KY271414.1_11 (length 98)
plasmid_files/KY271414.1_results/PROKKA_06292018:KY271414.1_12 (length 119)
plasmid_files/KY271414.1_results/PROKKA_06292018:KY271414.1_13 (length 94)
plasmid_files/KY271414.1_results/PROKKA_06292018:KY271414.1_14 (length 110)
plasmid_files/KY271414.1_results/PROKKA_06292018:KY271414.1_15 (length 169)
plasmid_files/KY271414.1_results/PROKKA_06292018:KY271414.1_16 (length 59)
plasmid_files/KY271414.1_results/PROKKA_06292018:KY271414.1_17 (length 114)
plasmid_files/KY271414.1_results/PROKKA_06292018:KY271414.1_18 (length 122)
plasmid_files/KY271414.1_results/PROKKA_06292018:KY271414.1_19 (length 238)
plasmid_files/KY271414.1_results/PROKKA_06292018:KY271414.1_20 (length 128)
plasmid_files/KY271414.1_results/PROKKA_06292018:KY271414.1_21 (length 138)
plasmid_files/KY271414.1_results/PROKKA_06292018:KY271414.1_22 (length 509)
plasmid_files/KY271414.1_results/PROKKA_06292018:KY271414.1_23 (length 1078)
plasmid_files/KY271414.1_results/PROKKA_06292018:KY271414.1_24 (length 132)
plasmid_files/KY271414.1_results/PROKKA_06292018:KY271414.1_25 (length 85)
plasmid_files/KY271414.1_results/PROKKA_06292018:KY271414.1_26 (length 234)
plasmid_files/KY271414.1_results/PROKKA_06292018:KY271414.1_27 (length 420)
plasmid_files/KY271414.1_results/PROKKA_06292018:KY271414.1_28 (length 72)
plasmid_files/KY271414.1_results/PROKKA_06292018:KY271414.1_29 (length 185)
plasmid_files/KY271414.1_results/PROKKA_06292018:KY271414.1_30 (length 286)
plasmid_files/KY271414.1_results/PROKKA_06292018:KY271414.1_31 (length 293)
plasmid_files/KY271414.1_results/PROKKA_06292018:KY271414.1_32 (length 185)
plasmid_files/KY271414.1_results/PROKKA_06292018:KY271414.1_33 (length 166)
plasmid_files/KY271414.1_results/PROKKA_06292018:KY271414.1_34 (length 965)
plasmid_files/KY271414.1_results/PROKKA_06292018:KY271414.1_35 (length 221)
plasmid_files/KY271414.1_results/PROKKA_06292018:KY271414.1_36 (length 59)
plasmid_files/KY271414.1_results/PROKKA_06292018:KY271414.1_37 (length 331)
plasmid_files/KY271414.1_results/PROKKA_06292018:KY271414.1_38 (length 386)
plasmid_files/KY271414.1_results/PROKKA_06292018:KY271414.1_39 (length 294)
plasmid_files/KY271414.1_results/PROKKA_06292018:KY271414.1_40 (length 232)
plasmid_files/KY271414.1_results/PROKKA_06292018:KY271414.1_41 (length 346)
plasmid_files/KY271414.1_results/PROKKA_06292018:KY271414.1_42 (length 75)
plasmid_files/KY271414.1_results/PROKKA_06292018:KY271414.1_43 (length 237)
plasmid_files/KY271414.1_results/PROKKA_06292018:KY271414.1_44 (length 866)
plasmid_files/KY271414.1_results/PROKKA_06292018:KY271414.1_45 (length 105)
plasmid_files/KY271414.1_results/PROKKA_06292018:KY271414.1_46 (length 97)
plasmid_files/KY271414.1_results/PROKKA_06292018:KY271414.1_47 (length 93)
plasmid_files/KY271414.1_results/PROKKA_06292018:KY271414.1_48 (length 245)
plasmid_files/KY271414.1_results/PROKKA_06292018:KY271414.1_49 (length 101)
plasmid_files/KY271414.1_results/PROKKA_06292018:KY271414.1_50 (length 114)
plasmid_files/KY271414.1_results/PROKKA_06292018:KY271414.1_51 (length 104)
plasmid_files/KY271414.1_results/PROKKA_06292018:KY271414.1_52 (length 103)
plasmid_files/KY271414.1_results/PROKKA_06292018:KY271414.1_53 (length 224)
plasmid_files/KY271414.1_results/PROKKA_06292018:KY271414.1_54 (length 84)
plasmid_files/KY271414.1_results/PROKKA_06292018:KY271414.1_55 (length 68)
plasmid_files/KY271414.1_results/PROKKA_06292018:KY271414.1_56 (length 477)
plasmid_files/KY271414.1_results/PROKKA_06292018:KY271414.1_57 (length 402)
plasmid_files/KY271414.1_results/PROKKA_06292018:KY271414.1_58 (length 189)
plasmid_files/KY271414.1_results/PROKKA_06292018:KY271414.1_59 (length 241)
plasmid_files/KY271414.1_results/PROKKA_06292018:KY271414.1_60 (length 491)

DiscRep_ALL:DISC_INCONSISTENT_MOLINFO_TECH::Molinfo Technique Report (some missing, all same)
DiscRep_SUB:DISC_INCONSISTENT_MOLINFO_TECH::technique (all missing)
DiscRep_SUB:DISC_INCONSISTENT_MOLINFO_TECH::1 Molinfos are missing field technique
plasmid_files/KY271414.1_results/PROKKA_06292018:KY271414.1 (length 52848, 22 other)

