Discrepancy Report Results

Summary
FATAL: MISSING_PROTEIN_ID:13 proteins have invalid IDs.
DISC_SOURCE_QUALS_ASNDISC:strain (all present, all unique)
DISC_SOURCE_QUALS_ASNDISC:taxname (all present, all unique)
DISC_FEATURE_COUNT:CDS: 13 present
DISC_COUNT_NUCLEOTIDES:1 nucleotide Bioseqs are present
FEATURE_LOCATION_CONFLICT:13 features have inconsistent gene locations.
DISC_QUALITY_SCORES:Quality scores are missing on all sequences.
ONCALLER_COMMENT_PRESENT:1 comment descriptors were found (all same)
MISSING_GENOMEASSEMBLY_COMMENTS:1 bioseqs are missing GenomeAssembly structured comments
MOLTYPE_NOT_MRNA:1 molecule types are not set as mRNA.
TECHNIQUE_NOT_TSA:1 technique are not set as TSA
MISSING_STRUCTURED_COMMENT:1 sequences do not include structured comments.
MISSING_PROJECT:14 sequences do not include project.
DISC_INCONSISTENT_MOLINFO_TECH:Molinfo Technique Report (some missing, all same)


Detailed Report

FATAL: DiscRep_ALL:MISSING_PROTEIN_ID::13 proteins have invalid IDs.
plasmid_files/KU295135.1_results/PROKKA_06292018:KU295135.1_1 (length 216)
plasmid_files/KU295135.1_results/PROKKA_06292018:KU295135.1_2 (length 316)
plasmid_files/KU295135.1_results/PROKKA_06292018:KU295135.1_3 (length 185)
plasmid_files/KU295135.1_results/PROKKA_06292018:KU295135.1_4 (length 324)
plasmid_files/KU295135.1_results/PROKKA_06292018:KU295135.1_5 (length 571)
plasmid_files/KU295135.1_results/PROKKA_06292018:KU295135.1_6 (length 1009)
plasmid_files/KU295135.1_results/PROKKA_06292018:KU295135.1_7 (length 341)
plasmid_files/KU295135.1_results/PROKKA_06292018:KU295135.1_8 (length 259)
plasmid_files/KU295135.1_results/PROKKA_06292018:KU295135.1_9 (length 293)
plasmid_files/KU295135.1_results/PROKKA_06292018:KU295135.1_10 (length 439)
plasmid_files/KU295135.1_results/PROKKA_06292018:KU295135.1_11 (length 79)
plasmid_files/KU295135.1_results/PROKKA_06292018:KU295135.1_12 (length 85)
plasmid_files/KU295135.1_results/PROKKA_06292018:KU295135.1_13 (length 142)

DiscRep_ALL:DISC_SOURCE_QUALS_ASNDISC::strain (all present, all unique)
DiscRep_SUB:DISC_SOURCE_QUALS_ASNDISC::1 sources have unique values for strain
DiscRep_ALL:DISC_SOURCE_QUALS_ASNDISC::taxname (all present, all unique)
DiscRep_SUB:DISC_SOURCE_QUALS_ASNDISC::1 sources have unique values for taxname
DiscRep_ALL:DISC_FEATURE_COUNT::CDS: 13 present
DiscRep_ALL:DISC_COUNT_NUCLEOTIDES::1 nucleotide Bioseqs are present
plasmid_files/KU295135.1_results/PROKKA_06292018:KU295135.1 (length 16346, 1 other)

DiscRep_ALL:FEATURE_LOCATION_CONFLICT::13 features have inconsistent gene locations.
DiscRep_SUB:FEATURE_LOCATION_CONFLICT::Coding region xref gene does not exist
plasmid_files/KU295135.1_results/PROKKA_06292018:CDS	hypothetical protein	KU295135.1:1-651	GBANCIBC_00001

DiscRep_SUB:FEATURE_LOCATION_CONFLICT::Coding region xref gene does not exist
plasmid_files/KU295135.1_results/PROKKA_06292018:CDS	Beta-lactamase TEM	KU295135.1:c2344-1394	GBANCIBC_00002

DiscRep_SUB:FEATURE_LOCATION_CONFLICT::Coding region xref gene does not exist
plasmid_files/KU295135.1_results/PROKKA_06292018:CDS	Transposon Tn3 resolvase	KU295135.1:c2993-2436	GBANCIBC_00003

DiscRep_SUB:FEATURE_LOCATION_CONFLICT::Coding region xref gene does not exist
plasmid_files/KU295135.1_results/PROKKA_06292018:CDS	hypothetical protein	KU295135.1:3157-4131	GBANCIBC_00004

DiscRep_SUB:FEATURE_LOCATION_CONFLICT::Coding region xref gene does not exist
plasmid_files/KU295135.1_results/PROKKA_06292018:CDS	Tyrosine recombinase XerD	KU295135.1:c5822-4107	GBANCIBC_00005

DiscRep_SUB:FEATURE_LOCATION_CONFLICT::Coding region xref gene does not exist
plasmid_files/KU295135.1_results/PROKKA_06292018:CDS	hypothetical protein	KU295135.1:5932-8961	GBANCIBC_00006

DiscRep_SUB:FEATURE_LOCATION_CONFLICT::Coding region xref gene does not exist
plasmid_files/KU295135.1_results/PROKKA_06292018:CDS	hypothetical protein	KU295135.1:9068-10093	GBANCIBC_00007

DiscRep_SUB:FEATURE_LOCATION_CONFLICT::Coding region xref gene does not exist
plasmid_files/KU295135.1_results/PROKKA_06292018:CDS	Insertion sequence IS5376 putative ATP-binding protein	KU295135.1:10090-10869	GBANCIBC_00008

DiscRep_SUB:FEATURE_LOCATION_CONFLICT::Coding region xref gene does not exist
plasmid_files/KU295135.1_results/PROKKA_06292018:CDS	Carbapenem-hydrolyzing beta-lactamase KPC	KU295135.1:11256-12137	GBANCIBC_00009

DiscRep_SUB:FEATURE_LOCATION_CONFLICT::Coding region xref gene does not exist
plasmid_files/KU295135.1_results/PROKKA_06292018:CDS	hypothetical protein	KU295135.1:c13706-12387	GBANCIBC_00010

DiscRep_SUB:FEATURE_LOCATION_CONFLICT::Coding region xref gene does not exist
plasmid_files/KU295135.1_results/PROKKA_06292018:CDS	hypothetical protein	KU295135.1:14813-15052	GBANCIBC_00011

DiscRep_SUB:FEATURE_LOCATION_CONFLICT::Coding region xref gene does not exist
plasmid_files/KU295135.1_results/PROKKA_06292018:CDS	hypothetical protein	KU295135.1:15109-15366	GBANCIBC_00012

DiscRep_SUB:FEATURE_LOCATION_CONFLICT::Coding region xref gene does not exist
plasmid_files/KU295135.1_results/PROKKA_06292018:CDS	Toxin FitB	KU295135.1:15366-15794	GBANCIBC_00013

DiscRep_ALL:DISC_QUALITY_SCORES::Quality scores are missing on all sequences.

DiscRep_ALL:ONCALLER_COMMENT_PRESENT::1 comment descriptors were found (all same)
plasmid_files/KU295135.1_results/PROKKA_06292018:KU295135.1:Annotated using prokka 1.14-dev from https://github.com/tseemann/prokka

DiscRep_ALL:MISSING_GENOMEASSEMBLY_COMMENTS::1 bioseqs are missing GenomeAssembly structured comments
plasmid_files/KU295135.1_results/PROKKA_06292018:KU295135.1 (length 16346, 1 other)

DiscRep_ALL:MOLTYPE_NOT_MRNA::1 molecule types are not set as mRNA.
plasmid_files/KU295135.1_results/PROKKA_06292018:KU295135.1 (length 16346, 1 other)

DiscRep_ALL:TECHNIQUE_NOT_TSA::1 technique are not set as TSA
plasmid_files/KU295135.1_results/PROKKA_06292018:KU295135.1 (length 16346, 1 other)

DiscRep_ALL:MISSING_STRUCTURED_COMMENT::1 sequences do not include structured comments.
plasmid_files/KU295135.1_results/PROKKA_06292018:KU295135.1 (length 16346, 1 other)

DiscRep_ALL:MISSING_PROJECT::14 sequences do not include project.
plasmid_files/KU295135.1_results/PROKKA_06292018:KU295135.1 (length 16346, 1 other)
plasmid_files/KU295135.1_results/PROKKA_06292018:KU295135.1_1 (length 216)
plasmid_files/KU295135.1_results/PROKKA_06292018:KU295135.1_2 (length 316)
plasmid_files/KU295135.1_results/PROKKA_06292018:KU295135.1_3 (length 185)
plasmid_files/KU295135.1_results/PROKKA_06292018:KU295135.1_4 (length 324)
plasmid_files/KU295135.1_results/PROKKA_06292018:KU295135.1_5 (length 571)
plasmid_files/KU295135.1_results/PROKKA_06292018:KU295135.1_6 (length 1009)
plasmid_files/KU295135.1_results/PROKKA_06292018:KU295135.1_7 (length 341)
plasmid_files/KU295135.1_results/PROKKA_06292018:KU295135.1_8 (length 259)
plasmid_files/KU295135.1_results/PROKKA_06292018:KU295135.1_9 (length 293)
plasmid_files/KU295135.1_results/PROKKA_06292018:KU295135.1_10 (length 439)
plasmid_files/KU295135.1_results/PROKKA_06292018:KU295135.1_11 (length 79)
plasmid_files/KU295135.1_results/PROKKA_06292018:KU295135.1_12 (length 85)
plasmid_files/KU295135.1_results/PROKKA_06292018:KU295135.1_13 (length 142)

DiscRep_ALL:DISC_INCONSISTENT_MOLINFO_TECH::Molinfo Technique Report (some missing, all same)
DiscRep_SUB:DISC_INCONSISTENT_MOLINFO_TECH::technique (all missing)
DiscRep_SUB:DISC_INCONSISTENT_MOLINFO_TECH::1 Molinfos are missing field technique
plasmid_files/KU295135.1_results/PROKKA_06292018:KU295135.1 (length 16346, 1 other)

