Discrepancy Report Results

Summary
FATAL: MISSING_PROTEIN_ID:54 proteins have invalid IDs.
DISC_SOURCE_QUALS_ASNDISC:strain (all present, all unique)
DISC_SOURCE_QUALS_ASNDISC:taxname (all present, all unique)
DISC_FEATURE_COUNT:CDS: 54 present
DISC_COUNT_NUCLEOTIDES:1 nucleotide Bioseqs are present
FEATURE_LOCATION_CONFLICT:54 features have inconsistent gene locations.
DISC_QUALITY_SCORES:Quality scores are missing on all sequences.
ONCALLER_COMMENT_PRESENT:1 comment descriptors were found (all same)
SHORT_PROT_SEQUENCES:1 protein sequences are shorter than 50 aa.
MISSING_GENOMEASSEMBLY_COMMENTS:1 bioseqs are missing GenomeAssembly structured comments
MOLTYPE_NOT_MRNA:1 molecule types are not set as mRNA.
TECHNIQUE_NOT_TSA:1 technique are not set as TSA
MISSING_STRUCTURED_COMMENT:1 sequences do not include structured comments.
MISSING_PROJECT:55 sequences do not include project.
DISC_INCONSISTENT_MOLINFO_TECH:Molinfo Technique Report (some missing, all same)


Detailed Report

FATAL: DiscRep_ALL:MISSING_PROTEIN_ID::54 proteins have invalid IDs.
plasmid_files/MF344555.1_results/PROKKA_06292018:MF344555.1_1 (length 295)
plasmid_files/MF344555.1_results/PROKKA_06292018:MF344555.1_2 (length 147)
plasmid_files/MF344555.1_results/PROKKA_06292018:MF344555.1_3 (length 118)
plasmid_files/MF344555.1_results/PROKKA_06292018:MF344555.1_4 (length 325)
plasmid_files/MF344555.1_results/PROKKA_06292018:MF344555.1_5 (length 93)
plasmid_files/MF344555.1_results/PROKKA_06292018:MF344555.1_6 (length 220)
plasmid_files/MF344555.1_results/PROKKA_06292018:MF344555.1_7 (length 1002)
plasmid_files/MF344555.1_results/PROKKA_06292018:MF344555.1_8 (length 185)
plasmid_files/MF344555.1_results/PROKKA_06292018:MF344555.1_9 (length 137)
plasmid_files/MF344555.1_results/PROKKA_06292018:MF344555.1_10 (length 124)
plasmid_files/MF344555.1_results/PROKKA_06292018:MF344555.1_11 (length 216)
plasmid_files/MF344555.1_results/PROKKA_06292018:MF344555.1_12 (length 293)
plasmid_files/MF344555.1_results/PROKKA_06292018:MF344555.1_13 (length 326)
plasmid_files/MF344555.1_results/PROKKA_06292018:MF344555.1_14 (length 98)
plasmid_files/MF344555.1_results/PROKKA_06292018:MF344555.1_15 (length 51)
plasmid_files/MF344555.1_results/PROKKA_06292018:MF344555.1_16 (length 110)
plasmid_files/MF344555.1_results/PROKKA_06292018:MF344555.1_17 (length 86)
plasmid_files/MF344555.1_results/PROKKA_06292018:MF344555.1_18 (length 272)
plasmid_files/MF344555.1_results/PROKKA_06292018:MF344555.1_19 (length 77)
plasmid_files/MF344555.1_results/PROKKA_06292018:MF344555.1_20 (length 89)
plasmid_files/MF344555.1_results/PROKKA_06292018:MF344555.1_21 (length 151)
plasmid_files/MF344555.1_results/PROKKA_06292018:MF344555.1_22 (length 69)
plasmid_files/MF344555.1_results/PROKKA_06292018:MF344555.1_23 (length 773)
plasmid_files/MF344555.1_results/PROKKA_06292018:MF344555.1_24 (length 115)
plasmid_files/MF344555.1_results/PROKKA_06292018:MF344555.1_25 (length 118)
plasmid_files/MF344555.1_results/PROKKA_06292018:MF344555.1_26 (length 218)
plasmid_files/MF344555.1_results/PROKKA_06292018:MF344555.1_27 (length 257)
plasmid_files/MF344555.1_results/PROKKA_06292018:MF344555.1_28 (length 156)
plasmid_files/MF344555.1_results/PROKKA_06292018:MF344555.1_29 (length 106)
plasmid_files/MF344555.1_results/PROKKA_06292018:MF344555.1_30 (length 67)
plasmid_files/MF344555.1_results/PROKKA_06292018:MF344555.1_31 (length 112)
plasmid_files/MF344555.1_results/PROKKA_06292018:MF344555.1_32 (length 131)
plasmid_files/MF344555.1_results/PROKKA_06292018:MF344555.1_33 (length 611)
plasmid_files/MF344555.1_results/PROKKA_06292018:MF344555.1_34 (length 347)
plasmid_files/MF344555.1_results/PROKKA_06292018:MF344555.1_35 (length 403)
plasmid_files/MF344555.1_results/PROKKA_06292018:MF344555.1_36 (length 309)
plasmid_files/MF344555.1_results/PROKKA_06292018:MF344555.1_37 (length 242)
plasmid_files/MF344555.1_results/PROKKA_06292018:MF344555.1_38 (length 351)
plasmid_files/MF344555.1_results/PROKKA_06292018:MF344555.1_39 (length 85)
plasmid_files/MF344555.1_results/PROKKA_06292018:MF344555.1_40 (length 249)
plasmid_files/MF344555.1_results/PROKKA_06292018:MF344555.1_41 (length 919)
plasmid_files/MF344555.1_results/PROKKA_06292018:MF344555.1_42 (length 96)
plasmid_files/MF344555.1_results/PROKKA_06292018:MF344555.1_43 (length 214)
plasmid_files/MF344555.1_results/PROKKA_06292018:MF344555.1_44 (length 75)
plasmid_files/MF344555.1_results/PROKKA_06292018:MF344555.1_45 (length 163)
plasmid_files/MF344555.1_results/PROKKA_06292018:MF344555.1_46 (length 386)
plasmid_files/MF344555.1_results/PROKKA_06292018:MF344555.1_47 (length 182)
plasmid_files/MF344555.1_results/PROKKA_06292018:MF344555.1_48 (length 85)
plasmid_files/MF344555.1_results/PROKKA_06292018:MF344555.1_49 (length 49)
plasmid_files/MF344555.1_results/PROKKA_06292018:MF344555.1_50 (length 113)
plasmid_files/MF344555.1_results/PROKKA_06292018:MF344555.1_51 (length 79)
plasmid_files/MF344555.1_results/PROKKA_06292018:MF344555.1_52 (length 88)
plasmid_files/MF344555.1_results/PROKKA_06292018:MF344555.1_53 (length 180)
plasmid_files/MF344555.1_results/PROKKA_06292018:MF344555.1_54 (length 171)

DiscRep_ALL:DISC_SOURCE_QUALS_ASNDISC::strain (all present, all unique)
DiscRep_SUB:DISC_SOURCE_QUALS_ASNDISC::1 sources have unique values for strain
DiscRep_ALL:DISC_SOURCE_QUALS_ASNDISC::taxname (all present, all unique)
DiscRep_SUB:DISC_SOURCE_QUALS_ASNDISC::1 sources have unique values for taxname
DiscRep_ALL:DISC_FEATURE_COUNT::CDS: 54 present
DiscRep_ALL:DISC_COUNT_NUCLEOTIDES::1 nucleotide Bioseqs are present
plasmid_files/MF344555.1_results/PROKKA_06292018:MF344555.1 (length 41874)

DiscRep_ALL:FEATURE_LOCATION_CONFLICT::54 features have inconsistent gene locations.
DiscRep_SUB:FEATURE_LOCATION_CONFLICT::Coding region xref gene does not exist
plasmid_files/MF344555.1_results/PROKKA_06292018:CDS	PI protein	MF344555.1:1-888	LGFGMMMM_00001

DiscRep_SUB:FEATURE_LOCATION_CONFLICT::Coding region xref gene does not exist
plasmid_files/MF344555.1_results/PROKKA_06292018:CDS	hypothetical protein	MF344555.1:897-1340	LGFGMMMM_00002

DiscRep_SUB:FEATURE_LOCATION_CONFLICT::Coding region xref gene does not exist
plasmid_files/MF344555.1_results/PROKKA_06292018:CDS	hypothetical protein	MF344555.1:1514-1870	LGFGMMMM_00003

DiscRep_SUB:FEATURE_LOCATION_CONFLICT::Coding region xref gene does not exist
plasmid_files/MF344555.1_results/PROKKA_06292018:CDS	hypothetical protein	MF344555.1:c2844-1867	LGFGMMMM_00004

DiscRep_SUB:FEATURE_LOCATION_CONFLICT::Coding region xref gene does not exist
plasmid_files/MF344555.1_results/PROKKA_06292018:CDS	hypothetical protein	MF344555.1:c3150-2869	LGFGMMMM_00005

DiscRep_SUB:FEATURE_LOCATION_CONFLICT::Coding region xref gene does not exist
plasmid_files/MF344555.1_results/PROKKA_06292018:CDS	Iron-sulfur cluster carrier protein	MF344555.1:c3909-3247	LGFGMMMM_00006

DiscRep_SUB:FEATURE_LOCATION_CONFLICT::Coding region xref gene does not exist
plasmid_files/MF344555.1_results/PROKKA_06292018:CDS	hypothetical protein	MF344555.1:c7246-4238	LGFGMMMM_00007

DiscRep_SUB:FEATURE_LOCATION_CONFLICT::Coding region xref gene does not exist
plasmid_files/MF344555.1_results/PROKKA_06292018:CDS	Transposon Tn3 resolvase	MF344555.1:7409-7966	LGFGMMMM_00008

DiscRep_SUB:FEATURE_LOCATION_CONFLICT::Coding region xref gene does not exist
plasmid_files/MF344555.1_results/PROKKA_06292018:CDS	hypothetical protein	MF344555.1:c8415-8002	LGFGMMMM_00009

DiscRep_SUB:FEATURE_LOCATION_CONFLICT::Coding region xref gene does not exist
plasmid_files/MF344555.1_results/PROKKA_06292018:CDS	hypothetical protein	MF344555.1:c8802-8428	LGFGMMMM_00010

DiscRep_SUB:FEATURE_LOCATION_CONFLICT::Coding region xref gene does not exist
plasmid_files/MF344555.1_results/PROKKA_06292018:CDS	Beta-lactamase TEM	MF344555.1:9144-9794	LGFGMMMM_00011

DiscRep_SUB:FEATURE_LOCATION_CONFLICT::Coding region xref gene does not exist
plasmid_files/MF344555.1_results/PROKKA_06292018:CDS	Carbapenem-hydrolyzing beta-lactamase KPC	MF344555.1:9889-10770	LGFGMMMM_00012

DiscRep_SUB:FEATURE_LOCATION_CONFLICT::Coding region xref gene does not exist
plasmid_files/MF344555.1_results/PROKKA_06292018:CDS	hypothetical protein	MF344555.1:c12000-11020	LGFGMMMM_00013

DiscRep_SUB:FEATURE_LOCATION_CONFLICT::Coding region xref gene does not exist
plasmid_files/MF344555.1_results/PROKKA_06292018:CDS	hypothetical protein	MF344555.1:c12301-12005	LGFGMMMM_00014

DiscRep_SUB:FEATURE_LOCATION_CONFLICT::Coding region xref gene does not exist
plasmid_files/MF344555.1_results/PROKKA_06292018:CDS	hypothetical protein	MF344555.1:c12502-12347	LGFGMMMM_00015

DiscRep_SUB:FEATURE_LOCATION_CONFLICT::Coding region xref gene does not exist
plasmid_files/MF344555.1_results/PROKKA_06292018:CDS	Antirestriction protein KlcA	MF344555.1:c12962-12630	LGFGMMMM_00016

DiscRep_SUB:FEATURE_LOCATION_CONFLICT::Coding region xref gene does not exist
plasmid_files/MF344555.1_results/PROKKA_06292018:CDS	hypothetical protein	MF344555.1:c14243-13983	LGFGMMMM_00017

DiscRep_SUB:FEATURE_LOCATION_CONFLICT::Coding region xref gene does not exist
plasmid_files/MF344555.1_results/PROKKA_06292018:CDS	hypothetical protein	MF344555.1:c15172-14354	LGFGMMMM_00018

DiscRep_SUB:FEATURE_LOCATION_CONFLICT::Coding region xref gene does not exist
plasmid_files/MF344555.1_results/PROKKA_06292018:CDS	hypothetical protein	MF344555.1:c15408-15175	LGFGMMMM_00019

DiscRep_SUB:FEATURE_LOCATION_CONFLICT::Coding region xref gene does not exist
plasmid_files/MF344555.1_results/PROKKA_06292018:CDS	hypothetical protein	MF344555.1:c15889-15620	LGFGMMMM_00020

DiscRep_SUB:FEATURE_LOCATION_CONFLICT::Coding region xref gene does not exist
plasmid_files/MF344555.1_results/PROKKA_06292018:CDS	DNA-binding protein H-NS	MF344555.1:c16393-15938	LGFGMMMM_00021

DiscRep_SUB:FEATURE_LOCATION_CONFLICT::Coding region xref gene does not exist
plasmid_files/MF344555.1_results/PROKKA_06292018:CDS	Hemolysin expression-modulating protein Hha	MF344555.1:c16621-16412	LGFGMMMM_00022

DiscRep_SUB:FEATURE_LOCATION_CONFLICT::Coding region xref gene does not exist
plasmid_files/MF344555.1_results/PROKKA_06292018:CDS	DNA topoisomerase 3	MF344555.1:c18942-16621	LGFGMMMM_00023

DiscRep_SUB:FEATURE_LOCATION_CONFLICT::Coding region xref gene does not exist
plasmid_files/MF344555.1_results/PROKKA_06292018:CDS	hypothetical protein	MF344555.1:c19291-18944	LGFGMMMM_00024

DiscRep_SUB:FEATURE_LOCATION_CONFLICT::Coding region xref gene does not exist
plasmid_files/MF344555.1_results/PROKKA_06292018:CDS	hypothetical protein	MF344555.1:c19601-19245	LGFGMMMM_00025

DiscRep_SUB:FEATURE_LOCATION_CONFLICT::Coding region xref gene does not exist
plasmid_files/MF344555.1_results/PROKKA_06292018:CDS	hypothetical protein	MF344555.1:c20260-19604	LGFGMMMM_00026

DiscRep_SUB:FEATURE_LOCATION_CONFLICT::Coding region xref gene does not exist
plasmid_files/MF344555.1_results/PROKKA_06292018:CDS	hypothetical protein	MF344555.1:c21045-20272	LGFGMMMM_00027

DiscRep_SUB:FEATURE_LOCATION_CONFLICT::Coding region xref gene does not exist
plasmid_files/MF344555.1_results/PROKKA_06292018:CDS	Endonuclease YhcR	MF344555.1:c21530-21060	LGFGMMMM_00028

DiscRep_SUB:FEATURE_LOCATION_CONFLICT::Coding region xref gene does not exist
plasmid_files/MF344555.1_results/PROKKA_06292018:CDS	hypothetical protein	MF344555.1:c21847-21527	LGFGMMMM_00029

DiscRep_SUB:FEATURE_LOCATION_CONFLICT::Coding region xref gene does not exist
plasmid_files/MF344555.1_results/PROKKA_06292018:CDS	hypothetical protein	MF344555.1:c22071-21868	LGFGMMMM_00030

DiscRep_SUB:FEATURE_LOCATION_CONFLICT::Coding region xref gene does not exist
plasmid_files/MF344555.1_results/PROKKA_06292018:CDS	hypothetical protein	MF344555.1:c22478-22140	LGFGMMMM_00031

DiscRep_SUB:FEATURE_LOCATION_CONFLICT::Coding region xref gene does not exist
plasmid_files/MF344555.1_results/PROKKA_06292018:CDS	hypothetical protein	MF344555.1:c22878-22483	LGFGMMMM_00032

DiscRep_SUB:FEATURE_LOCATION_CONFLICT::Coding region xref gene does not exist
plasmid_files/MF344555.1_results/PROKKA_06292018:CDS	Protein VirD4	MF344555.1:c24710-22875	LGFGMMMM_00033

DiscRep_SUB:FEATURE_LOCATION_CONFLICT::Coding region xref gene does not exist
plasmid_files/MF344555.1_results/PROKKA_06292018:CDS	Type IV secretion system protein PtlH	MF344555.1:c25756-24713	LGFGMMMM_00034

DiscRep_SUB:FEATURE_LOCATION_CONFLICT::Coding region xref gene does not exist
plasmid_files/MF344555.1_results/PROKKA_06292018:CDS	Type IV secretion system protein virB10	MF344555.1:c26979-25768	LGFGMMMM_00035

DiscRep_SUB:FEATURE_LOCATION_CONFLICT::Coding region xref gene does not exist
plasmid_files/MF344555.1_results/PROKKA_06292018:CDS	Type IV secretion system protein virB9	MF344555.1:c27905-26976	LGFGMMMM_00036

DiscRep_SUB:FEATURE_LOCATION_CONFLICT::Coding region xref gene does not exist
plasmid_files/MF344555.1_results/PROKKA_06292018:CDS	Type IV secretion system protein virB8	MF344555.1:c28638-27910	LGFGMMMM_00037

DiscRep_SUB:FEATURE_LOCATION_CONFLICT::Coding region xref gene does not exist
plasmid_files/MF344555.1_results/PROKKA_06292018:CDS	hypothetical protein	MF344555.1:c29933-28878	LGFGMMMM_00038

DiscRep_SUB:FEATURE_LOCATION_CONFLICT::Coding region xref gene does not exist
plasmid_files/MF344555.1_results/PROKKA_06292018:CDS	hypothetical protein	MF344555.1:c30202-29945	LGFGMMMM_00039

DiscRep_SUB:FEATURE_LOCATION_CONFLICT::Coding region xref gene does not exist
plasmid_files/MF344555.1_results/PROKKA_06292018:CDS	hypothetical protein	MF344555.1:c30961-30212	LGFGMMMM_00040

DiscRep_SUB:FEATURE_LOCATION_CONFLICT::Coding region xref gene does not exist
plasmid_files/MF344555.1_results/PROKKA_06292018:CDS	Type IV secretion system protein virB4	MF344555.1:c33728-30969	LGFGMMMM_00041

DiscRep_SUB:FEATURE_LOCATION_CONFLICT::Coding region xref gene does not exist
plasmid_files/MF344555.1_results/PROKKA_06292018:CDS	hypothetical protein	MF344555.1:c34040-33750	LGFGMMMM_00042

DiscRep_SUB:FEATURE_LOCATION_CONFLICT::Coding region xref gene does not exist
plasmid_files/MF344555.1_results/PROKKA_06292018:CDS	Type IV secretion system protein virB1	MF344555.1:c34668-34024	LGFGMMMM_00043

DiscRep_SUB:FEATURE_LOCATION_CONFLICT::Coding region xref gene does not exist
plasmid_files/MF344555.1_results/PROKKA_06292018:CDS	hypothetical protein	MF344555.1:c34941-34714	LGFGMMMM_00044

DiscRep_SUB:FEATURE_LOCATION_CONFLICT::Coding region xref gene does not exist
plasmid_files/MF344555.1_results/PROKKA_06292018:CDS	Transcription antitermination protein RfaH	MF344555.1:c35383-34892	LGFGMMMM_00045

DiscRep_SUB:FEATURE_LOCATION_CONFLICT::Coding region xref gene does not exist
plasmid_files/MF344555.1_results/PROKKA_06292018:CDS	hypothetical protein	MF344555.1:c36899-35739	LGFGMMMM_00046

DiscRep_SUB:FEATURE_LOCATION_CONFLICT::Coding region xref gene does not exist
plasmid_files/MF344555.1_results/PROKKA_06292018:CDS	hypothetical protein	MF344555.1:c37450-36902	LGFGMMMM_00047

DiscRep_SUB:FEATURE_LOCATION_CONFLICT::Coding region xref gene does not exist
plasmid_files/MF344555.1_results/PROKKA_06292018:CDS	hypothetical protein	MF344555.1:c38035-37778	LGFGMMMM_00048

DiscRep_SUB:FEATURE_LOCATION_CONFLICT::Coding region xref gene does not exist
plasmid_files/MF344555.1_results/PROKKA_06292018:CDS	hypothetical protein	MF344555.1:c38200-38051	LGFGMMMM_00049

DiscRep_SUB:FEATURE_LOCATION_CONFLICT::Coding region xref gene does not exist
plasmid_files/MF344555.1_results/PROKKA_06292018:CDS	hypothetical protein	MF344555.1:c38619-38278	LGFGMMMM_00050

DiscRep_SUB:FEATURE_LOCATION_CONFLICT::Coding region xref gene does not exist
plasmid_files/MF344555.1_results/PROKKA_06292018:CDS	hypothetical protein	MF344555.1:c38955-38716	LGFGMMMM_00051

DiscRep_SUB:FEATURE_LOCATION_CONFLICT::Coding region xref gene does not exist
plasmid_files/MF344555.1_results/PROKKA_06292018:CDS	hypothetical protein	MF344555.1:c39214-38948	LGFGMMMM_00052

DiscRep_SUB:FEATURE_LOCATION_CONFLICT::Coding region xref gene does not exist
plasmid_files/MF344555.1_results/PROKKA_06292018:CDS	hypothetical protein	MF344555.1:c39768-39226	LGFGMMMM_00053

DiscRep_SUB:FEATURE_LOCATION_CONFLICT::Coding region xref gene does not exist
plasmid_files/MF344555.1_results/PROKKA_06292018:CDS	Chaperone protein DnaJ	MF344555.1:c40327-39812	LGFGMMMM_00054

DiscRep_ALL:DISC_QUALITY_SCORES::Quality scores are missing on all sequences.

DiscRep_ALL:ONCALLER_COMMENT_PRESENT::1 comment descriptors were found (all same)
plasmid_files/MF344555.1_results/PROKKA_06292018:MF344555.1:Annotated using prokka 1.14-dev from https://github.com/tseemann/prokka

DiscRep_ALL:SHORT_PROT_SEQUENCES::1 protein sequences are shorter than 50 aa.
plasmid_files/MF344555.1_results/PROKKA_06292018:MF344555.1_49 (length 49)

DiscRep_ALL:MISSING_GENOMEASSEMBLY_COMMENTS::1 bioseqs are missing GenomeAssembly structured comments
plasmid_files/MF344555.1_results/PROKKA_06292018:MF344555.1 (length 41874)

DiscRep_ALL:MOLTYPE_NOT_MRNA::1 molecule types are not set as mRNA.
plasmid_files/MF344555.1_results/PROKKA_06292018:MF344555.1 (length 41874)

DiscRep_ALL:TECHNIQUE_NOT_TSA::1 technique are not set as TSA
plasmid_files/MF344555.1_results/PROKKA_06292018:MF344555.1 (length 41874)

DiscRep_ALL:MISSING_STRUCTURED_COMMENT::1 sequences do not include structured comments.
plasmid_files/MF344555.1_results/PROKKA_06292018:MF344555.1 (length 41874)

DiscRep_ALL:MISSING_PROJECT::55 sequences do not include project.
plasmid_files/MF344555.1_results/PROKKA_06292018:MF344555.1 (length 41874)
plasmid_files/MF344555.1_results/PROKKA_06292018:MF344555.1_1 (length 295)
plasmid_files/MF344555.1_results/PROKKA_06292018:MF344555.1_2 (length 147)
plasmid_files/MF344555.1_results/PROKKA_06292018:MF344555.1_3 (length 118)
plasmid_files/MF344555.1_results/PROKKA_06292018:MF344555.1_4 (length 325)
plasmid_files/MF344555.1_results/PROKKA_06292018:MF344555.1_5 (length 93)
plasmid_files/MF344555.1_results/PROKKA_06292018:MF344555.1_6 (length 220)
plasmid_files/MF344555.1_results/PROKKA_06292018:MF344555.1_7 (length 1002)
plasmid_files/MF344555.1_results/PROKKA_06292018:MF344555.1_8 (length 185)
plasmid_files/MF344555.1_results/PROKKA_06292018:MF344555.1_9 (length 137)
plasmid_files/MF344555.1_results/PROKKA_06292018:MF344555.1_10 (length 124)
plasmid_files/MF344555.1_results/PROKKA_06292018:MF344555.1_11 (length 216)
plasmid_files/MF344555.1_results/PROKKA_06292018:MF344555.1_12 (length 293)
plasmid_files/MF344555.1_results/PROKKA_06292018:MF344555.1_13 (length 326)
plasmid_files/MF344555.1_results/PROKKA_06292018:MF344555.1_14 (length 98)
plasmid_files/MF344555.1_results/PROKKA_06292018:MF344555.1_15 (length 51)
plasmid_files/MF344555.1_results/PROKKA_06292018:MF344555.1_16 (length 110)
plasmid_files/MF344555.1_results/PROKKA_06292018:MF344555.1_17 (length 86)
plasmid_files/MF344555.1_results/PROKKA_06292018:MF344555.1_18 (length 272)
plasmid_files/MF344555.1_results/PROKKA_06292018:MF344555.1_19 (length 77)
plasmid_files/MF344555.1_results/PROKKA_06292018:MF344555.1_20 (length 89)
plasmid_files/MF344555.1_results/PROKKA_06292018:MF344555.1_21 (length 151)
plasmid_files/MF344555.1_results/PROKKA_06292018:MF344555.1_22 (length 69)
plasmid_files/MF344555.1_results/PROKKA_06292018:MF344555.1_23 (length 773)
plasmid_files/MF344555.1_results/PROKKA_06292018:MF344555.1_24 (length 115)
plasmid_files/MF344555.1_results/PROKKA_06292018:MF344555.1_25 (length 118)
plasmid_files/MF344555.1_results/PROKKA_06292018:MF344555.1_26 (length 218)
plasmid_files/MF344555.1_results/PROKKA_06292018:MF344555.1_27 (length 257)
plasmid_files/MF344555.1_results/PROKKA_06292018:MF344555.1_28 (length 156)
plasmid_files/MF344555.1_results/PROKKA_06292018:MF344555.1_29 (length 106)
plasmid_files/MF344555.1_results/PROKKA_06292018:MF344555.1_30 (length 67)
plasmid_files/MF344555.1_results/PROKKA_06292018:MF344555.1_31 (length 112)
plasmid_files/MF344555.1_results/PROKKA_06292018:MF344555.1_32 (length 131)
plasmid_files/MF344555.1_results/PROKKA_06292018:MF344555.1_33 (length 611)
plasmid_files/MF344555.1_results/PROKKA_06292018:MF344555.1_34 (length 347)
plasmid_files/MF344555.1_results/PROKKA_06292018:MF344555.1_35 (length 403)
plasmid_files/MF344555.1_results/PROKKA_06292018:MF344555.1_36 (length 309)
plasmid_files/MF344555.1_results/PROKKA_06292018:MF344555.1_37 (length 242)
plasmid_files/MF344555.1_results/PROKKA_06292018:MF344555.1_38 (length 351)
plasmid_files/MF344555.1_results/PROKKA_06292018:MF344555.1_39 (length 85)
plasmid_files/MF344555.1_results/PROKKA_06292018:MF344555.1_40 (length 249)
plasmid_files/MF344555.1_results/PROKKA_06292018:MF344555.1_41 (length 919)
plasmid_files/MF344555.1_results/PROKKA_06292018:MF344555.1_42 (length 96)
plasmid_files/MF344555.1_results/PROKKA_06292018:MF344555.1_43 (length 214)
plasmid_files/MF344555.1_results/PROKKA_06292018:MF344555.1_44 (length 75)
plasmid_files/MF344555.1_results/PROKKA_06292018:MF344555.1_45 (length 163)
plasmid_files/MF344555.1_results/PROKKA_06292018:MF344555.1_46 (length 386)
plasmid_files/MF344555.1_results/PROKKA_06292018:MF344555.1_47 (length 182)
plasmid_files/MF344555.1_results/PROKKA_06292018:MF344555.1_48 (length 85)
plasmid_files/MF344555.1_results/PROKKA_06292018:MF344555.1_49 (length 49)
plasmid_files/MF344555.1_results/PROKKA_06292018:MF344555.1_50 (length 113)
plasmid_files/MF344555.1_results/PROKKA_06292018:MF344555.1_51 (length 79)
plasmid_files/MF344555.1_results/PROKKA_06292018:MF344555.1_52 (length 88)
plasmid_files/MF344555.1_results/PROKKA_06292018:MF344555.1_53 (length 180)
plasmid_files/MF344555.1_results/PROKKA_06292018:MF344555.1_54 (length 171)

DiscRep_ALL:DISC_INCONSISTENT_MOLINFO_TECH::Molinfo Technique Report (some missing, all same)
DiscRep_SUB:DISC_INCONSISTENT_MOLINFO_TECH::technique (all missing)
DiscRep_SUB:DISC_INCONSISTENT_MOLINFO_TECH::1 Molinfos are missing field technique
plasmid_files/MF344555.1_results/PROKKA_06292018:MF344555.1 (length 41874)

