Discrepancy Report Results

Summary
FATAL: MISSING_PROTEIN_ID:130 proteins have invalid IDs.
DISC_SOURCE_QUALS_ASNDISC:strain (all present, all unique)
DISC_SOURCE_QUALS_ASNDISC:taxname (all present, all unique)
DISC_FEATURE_COUNT:CDS: 130 present
DISC_COUNT_NUCLEOTIDES:1 nucleotide Bioseqs are present
FEATURE_LOCATION_CONFLICT:130 features have inconsistent gene locations.
SUSPECT_PRODUCT_NAMES:1 product_names contain suspect phrase or characters
	May contain database identifier more appropriate in note; remove from product name
		1 features Three or more numbers together
DISC_QUALITY_SCORES:Quality scores are missing on all sequences.
ONCALLER_COMMENT_PRESENT:1 comment descriptors were found (all same)
SHORT_PROT_SEQUENCES:2 protein sequences are shorter than 50 aa.
MISSING_GENOMEASSEMBLY_COMMENTS:1 bioseqs are missing GenomeAssembly structured comments
MOLTYPE_NOT_MRNA:1 molecule types are not set as mRNA.
TECHNIQUE_NOT_TSA:1 technique are not set as TSA
MISSING_STRUCTURED_COMMENT:1 sequences do not include structured comments.
MISSING_PROJECT:131 sequences do not include project.
DISC_INCONSISTENT_MOLINFO_TECH:Molinfo Technique Report (some missing, all same)


Detailed Report

FATAL: DiscRep_ALL:MISSING_PROTEIN_ID::130 proteins have invalid IDs.
plasmid_files/CP023928.1_results/PROKKA_06292018:CP023928.1_1 (length 194)
plasmid_files/CP023928.1_results/PROKKA_06292018:CP023928.1_2 (length 770)
plasmid_files/CP023928.1_results/PROKKA_06292018:CP023928.1_3 (length 229)
plasmid_files/CP023928.1_results/PROKKA_06292018:CP023928.1_4 (length 243)
plasmid_files/CP023928.1_results/PROKKA_06292018:CP023928.1_5 (length 182)
plasmid_files/CP023928.1_results/PROKKA_06292018:CP023928.1_6 (length 949)
plasmid_files/CP023928.1_results/PROKKA_06292018:CP023928.1_7 (length 455)
plasmid_files/CP023928.1_results/PROKKA_06292018:CP023928.1_8 (length 147)
plasmid_files/CP023928.1_results/PROKKA_06292018:CP023928.1_9 (length 185)
plasmid_files/CP023928.1_results/PROKKA_06292018:CP023928.1_10 (length 79)
plasmid_files/CP023928.1_results/PROKKA_06292018:CP023928.1_11 (length 250)
plasmid_files/CP023928.1_results/PROKKA_06292018:CP023928.1_12 (length 108)
plasmid_files/CP023928.1_results/PROKKA_06292018:CP023928.1_13 (length 88)
plasmid_files/CP023928.1_results/PROKKA_06292018:CP023928.1_14 (length 84)
plasmid_files/CP023928.1_results/PROKKA_06292018:CP023928.1_15 (length 651)
plasmid_files/CP023928.1_results/PROKKA_06292018:CP023928.1_16 (length 212)
plasmid_files/CP023928.1_results/PROKKA_06292018:CP023928.1_17 (length 329)
plasmid_files/CP023928.1_results/PROKKA_06292018:CP023928.1_18 (length 129)
plasmid_files/CP023928.1_results/PROKKA_06292018:CP023928.1_19 (length 208)
plasmid_files/CP023928.1_results/PROKKA_06292018:CP023928.1_20 (length 129)
plasmid_files/CP023928.1_results/PROKKA_06292018:CP023928.1_21 (length 879)
plasmid_files/CP023928.1_results/PROKKA_06292018:CP023928.1_22 (length 130)
plasmid_files/CP023928.1_results/PROKKA_06292018:CP023928.1_23 (length 80)
plasmid_files/CP023928.1_results/PROKKA_06292018:CP023928.1_24 (length 103)
plasmid_files/CP023928.1_results/PROKKA_06292018:CP023928.1_25 (length 72)
plasmid_files/CP023928.1_results/PROKKA_06292018:CP023928.1_26 (length 136)
plasmid_files/CP023928.1_results/PROKKA_06292018:CP023928.1_27 (length 190)
plasmid_files/CP023928.1_results/PROKKA_06292018:CP023928.1_28 (length 474)
plasmid_files/CP023928.1_results/PROKKA_06292018:CP023928.1_29 (length 246)
plasmid_files/CP023928.1_results/PROKKA_06292018:CP023928.1_30 (length 188)
plasmid_files/CP023928.1_results/PROKKA_06292018:CP023928.1_31 (length 101)
plasmid_files/CP023928.1_results/PROKKA_06292018:CP023928.1_32 (length 122)
plasmid_files/CP023928.1_results/PROKKA_06292018:CP023928.1_33 (length 128)
plasmid_files/CP023928.1_results/PROKKA_06292018:CP023928.1_34 (length 228)
plasmid_files/CP023928.1_results/PROKKA_06292018:CP023928.1_35 (length 132)
plasmid_files/CP023928.1_results/PROKKA_06292018:CP023928.1_36 (length 161)
plasmid_files/CP023928.1_results/PROKKA_06292018:CP023928.1_37 (length 104)
plasmid_files/CP023928.1_results/PROKKA_06292018:CP023928.1_38 (length 273)
plasmid_files/CP023928.1_results/PROKKA_06292018:CP023928.1_39 (length 277)
plasmid_files/CP023928.1_results/PROKKA_06292018:CP023928.1_40 (length 48)
plasmid_files/CP023928.1_results/PROKKA_06292018:CP023928.1_41 (length 115)
plasmid_files/CP023928.1_results/PROKKA_06292018:CP023928.1_42 (length 117)
plasmid_files/CP023928.1_results/PROKKA_06292018:CP023928.1_43 (length 116)
plasmid_files/CP023928.1_results/PROKKA_06292018:CP023928.1_44 (length 90)
plasmid_files/CP023928.1_results/PROKKA_06292018:CP023928.1_45 (length 118)
plasmid_files/CP023928.1_results/PROKKA_06292018:CP023928.1_46 (length 240)
plasmid_files/CP023928.1_results/PROKKA_06292018:CP023928.1_47 (length 143)
plasmid_files/CP023928.1_results/PROKKA_06292018:CP023928.1_48 (length 669)
plasmid_files/CP023928.1_results/PROKKA_06292018:CP023928.1_49 (length 80)
plasmid_files/CP023928.1_results/PROKKA_06292018:CP023928.1_50 (length 170)
plasmid_files/CP023928.1_results/PROKKA_06292018:CP023928.1_51 (length 106)
plasmid_files/CP023928.1_results/PROKKA_06292018:CP023928.1_52 (length 187)
plasmid_files/CP023928.1_results/PROKKA_06292018:CP023928.1_53 (length 451)
plasmid_files/CP023928.1_results/PROKKA_06292018:CP023928.1_54 (length 76)
plasmid_files/CP023928.1_results/PROKKA_06292018:CP023928.1_55 (length 75)
plasmid_files/CP023928.1_results/PROKKA_06292018:CP023928.1_56 (length 105)
plasmid_files/CP023928.1_results/PROKKA_06292018:CP023928.1_57 (length 84)
plasmid_files/CP023928.1_results/PROKKA_06292018:CP023928.1_58 (length 63)
plasmid_files/CP023928.1_results/PROKKA_06292018:CP023928.1_59 (length 168)
plasmid_files/CP023928.1_results/PROKKA_06292018:CP023928.1_60 (length 142)
plasmid_files/CP023928.1_results/PROKKA_06292018:CP023928.1_61 (length 255)
plasmid_files/CP023928.1_results/PROKKA_06292018:CP023928.1_62 (length 139)
plasmid_files/CP023928.1_results/PROKKA_06292018:CP023928.1_63 (length 73)
plasmid_files/CP023928.1_results/PROKKA_06292018:CP023928.1_64 (length 233)
plasmid_files/CP023928.1_results/PROKKA_06292018:CP023928.1_65 (length 76)
plasmid_files/CP023928.1_results/PROKKA_06292018:CP023928.1_66 (length 223)
plasmid_files/CP023928.1_results/PROKKA_06292018:CP023928.1_67 (length 323)
plasmid_files/CP023928.1_results/PROKKA_06292018:CP023928.1_68 (length 143)
plasmid_files/CP023928.1_results/PROKKA_06292018:CP023928.1_69 (length 423)
plasmid_files/CP023928.1_results/PROKKA_06292018:CP023928.1_70 (length 298)
plasmid_files/CP023928.1_results/PROKKA_06292018:CP023928.1_71 (length 401)
plasmid_files/CP023928.1_results/PROKKA_06292018:CP023928.1_72 (length 324)
plasmid_files/CP023928.1_results/PROKKA_06292018:CP023928.1_73 (length 110)
plasmid_files/CP023928.1_results/PROKKA_06292018:CP023928.1_74 (length 57)
plasmid_files/CP023928.1_results/PROKKA_06292018:CP023928.1_75 (length 675)
plasmid_files/CP023928.1_results/PROKKA_06292018:CP023928.1_76 (length 438)
plasmid_files/CP023928.1_results/PROKKA_06292018:CP023928.1_77 (length 1085)
plasmid_files/CP023928.1_results/PROKKA_06292018:CP023928.1_78 (length 422)
plasmid_files/CP023928.1_results/PROKKA_06292018:CP023928.1_79 (length 157)
plasmid_files/CP023928.1_results/PROKKA_06292018:CP023928.1_80 (length 82)
plasmid_files/CP023928.1_results/PROKKA_06292018:CP023928.1_81 (length 260)
plasmid_files/CP023928.1_results/PROKKA_06292018:CP023928.1_82 (length 110)
plasmid_files/CP023928.1_results/PROKKA_06292018:CP023928.1_83 (length 132)
plasmid_files/CP023928.1_results/PROKKA_06292018:CP023928.1_84 (length 109)
plasmid_files/CP023928.1_results/PROKKA_06292018:CP023928.1_85 (length 102)
plasmid_files/CP023928.1_results/PROKKA_06292018:CP023928.1_86 (length 83)
plasmid_files/CP023928.1_results/PROKKA_06292018:CP023928.1_87 (length 76)
plasmid_files/CP023928.1_results/PROKKA_06292018:CP023928.1_88 (length 138)
plasmid_files/CP023928.1_results/PROKKA_06292018:CP023928.1_89 (length 236)
plasmid_files/CP023928.1_results/PROKKA_06292018:CP023928.1_90 (length 91)
plasmid_files/CP023928.1_results/PROKKA_06292018:CP023928.1_91 (length 125)
plasmid_files/CP023928.1_results/PROKKA_06292018:CP023928.1_92 (length 140)
plasmid_files/CP023928.1_results/PROKKA_06292018:CP023928.1_93 (length 564)
plasmid_files/CP023928.1_results/PROKKA_06292018:CP023928.1_94 (length 120)
plasmid_files/CP023928.1_results/PROKKA_06292018:CP023928.1_95 (length 78)
plasmid_files/CP023928.1_results/PROKKA_06292018:CP023928.1_96 (length 235)
plasmid_files/CP023928.1_results/PROKKA_06292018:CP023928.1_97 (length 422)
plasmid_files/CP023928.1_results/PROKKA_06292018:CP023928.1_98 (length 136)
plasmid_files/CP023928.1_results/PROKKA_06292018:CP023928.1_99 (length 286)
plasmid_files/CP023928.1_results/PROKKA_06292018:CP023928.1_100 (length 83)
plasmid_files/CP023928.1_results/PROKKA_06292018:CP023928.1_101 (length 88)
plasmid_files/CP023928.1_results/PROKKA_06292018:CP023928.1_102 (length 234)
plasmid_files/CP023928.1_results/PROKKA_06292018:CP023928.1_103 (length 965)
plasmid_files/CP023928.1_results/PROKKA_06292018:CP023928.1_104 (length 206)
plasmid_files/CP023928.1_results/PROKKA_06292018:CP023928.1_105 (length 119)
plasmid_files/CP023928.1_results/PROKKA_06292018:CP023928.1_106 (length 38)
plasmid_files/CP023928.1_results/PROKKA_06292018:CP023928.1_107 (length 119)
plasmid_files/CP023928.1_results/PROKKA_06292018:CP023928.1_108 (length 70)
plasmid_files/CP023928.1_results/PROKKA_06292018:CP023928.1_109 (length 394)
plasmid_files/CP023928.1_results/PROKKA_06292018:CP023928.1_110 (length 439)
plasmid_files/CP023928.1_results/PROKKA_06292018:CP023928.1_111 (length 293)
plasmid_files/CP023928.1_results/PROKKA_06292018:CP023928.1_112 (length 79)
plasmid_files/CP023928.1_results/PROKKA_06292018:CP023928.1_113 (length 259)
plasmid_files/CP023928.1_results/PROKKA_06292018:CP023928.1_114 (length 341)
plasmid_files/CP023928.1_results/PROKKA_06292018:CP023928.1_115 (length 1009)
plasmid_files/CP023928.1_results/PROKKA_06292018:CP023928.1_116 (length 571)
plasmid_files/CP023928.1_results/PROKKA_06292018:CP023928.1_117 (length 51)
plasmid_files/CP023928.1_results/PROKKA_06292018:CP023928.1_118 (length 330)
plasmid_files/CP023928.1_results/PROKKA_06292018:CP023928.1_119 (length 203)
plasmid_files/CP023928.1_results/PROKKA_06292018:CP023928.1_120 (length 187)
plasmid_files/CP023928.1_results/PROKKA_06292018:CP023928.1_121 (length 285)
plasmid_files/CP023928.1_results/PROKKA_06292018:CP023928.1_122 (length 83)
plasmid_files/CP023928.1_results/PROKKA_06292018:CP023928.1_123 (length 186)
plasmid_files/CP023928.1_results/PROKKA_06292018:CP023928.1_124 (length 102)
plasmid_files/CP023928.1_results/PROKKA_06292018:CP023928.1_125 (length 216)
plasmid_files/CP023928.1_results/PROKKA_06292018:CP023928.1_126 (length 214)
plasmid_files/CP023928.1_results/PROKKA_06292018:CP023928.1_127 (length 198)
plasmid_files/CP023928.1_results/PROKKA_06292018:CP023928.1_128 (length 197)
plasmid_files/CP023928.1_results/PROKKA_06292018:CP023928.1_129 (length 241)
plasmid_files/CP023928.1_results/PROKKA_06292018:CP023928.1_130 (length 992)

DiscRep_ALL:DISC_SOURCE_QUALS_ASNDISC::strain (all present, all unique)
DiscRep_SUB:DISC_SOURCE_QUALS_ASNDISC::1 sources have unique values for strain
DiscRep_ALL:DISC_SOURCE_QUALS_ASNDISC::taxname (all present, all unique)
DiscRep_SUB:DISC_SOURCE_QUALS_ASNDISC::1 sources have unique values for taxname
DiscRep_ALL:DISC_FEATURE_COUNT::CDS: 130 present
DiscRep_ALL:DISC_COUNT_NUCLEOTIDES::1 nucleotide Bioseqs are present
plasmid_files/CP023928.1_results/PROKKA_06292018:CP023928.1 (length 113639)

DiscRep_ALL:FEATURE_LOCATION_CONFLICT::130 features have inconsistent gene locations.
DiscRep_SUB:FEATURE_LOCATION_CONFLICT::Coding region xref gene does not exist
plasmid_files/CP023928.1_results/PROKKA_06292018:CDS	hypothetical protein	CP023928.1:273-857	FECAKGFF_00001

DiscRep_SUB:FEATURE_LOCATION_CONFLICT::Coding region xref gene does not exist
plasmid_files/CP023928.1_results/PROKKA_06292018:CDS	Coupling protein TraD	CP023928.1:c4588-2276	FECAKGFF_00002

DiscRep_SUB:FEATURE_LOCATION_CONFLICT::Coding region xref gene does not exist
plasmid_files/CP023928.1_results/PROKKA_06292018:CDS	hypothetical protein	CP023928.1:c5406-4717	FECAKGFF_00003

DiscRep_SUB:FEATURE_LOCATION_CONFLICT::Coding region xref gene does not exist
plasmid_files/CP023928.1_results/PROKKA_06292018:CDS	Lipoprotein YlpA	CP023928.1:c6329-5598	FECAKGFF_00004

DiscRep_SUB:FEATURE_LOCATION_CONFLICT::Coding region xref gene does not exist
plasmid_files/CP023928.1_results/PROKKA_06292018:CDS	Protein TraS	CP023928.1:c7061-6513	FECAKGFF_00005

DiscRep_SUB:FEATURE_LOCATION_CONFLICT::Coding region xref gene does not exist
plasmid_files/CP023928.1_results/PROKKA_06292018:CDS	hypothetical protein	CP023928.1:c9923-7074	FECAKGFF_00006

DiscRep_SUB:FEATURE_LOCATION_CONFLICT::Coding region xref gene does not exist
plasmid_files/CP023928.1_results/PROKKA_06292018:CDS	hypothetical protein	CP023928.1:c11290-9923	FECAKGFF_00007

DiscRep_SUB:FEATURE_LOCATION_CONFLICT::Coding region xref gene does not exist
plasmid_files/CP023928.1_results/PROKKA_06292018:CDS	hypothetical protein	CP023928.1:c11723-11280	FECAKGFF_00008

DiscRep_SUB:FEATURE_LOCATION_CONFLICT::Coding region xref gene does not exist
plasmid_files/CP023928.1_results/PROKKA_06292018:CDS	hypothetical protein	CP023928.1:c12326-11769	FECAKGFF_00009

DiscRep_SUB:FEATURE_LOCATION_CONFLICT::Coding region xref gene does not exist
plasmid_files/CP023928.1_results/PROKKA_06292018:CDS	Protein TraQ	CP023928.1:c12537-12298	FECAKGFF_00010

DiscRep_SUB:FEATURE_LOCATION_CONFLICT::Coding region xref gene does not exist
plasmid_files/CP023928.1_results/PROKKA_06292018:CDS	hypothetical protein	CP023928.1:c13300-12548	FECAKGFF_00011

DiscRep_SUB:FEATURE_LOCATION_CONFLICT::Coding region xref gene does not exist
plasmid_files/CP023928.1_results/PROKKA_06292018:CDS	hypothetical protein	CP023928.1:c13647-13321	FECAKGFF_00012

DiscRep_SUB:FEATURE_LOCATION_CONFLICT::Coding region xref gene does not exist
plasmid_files/CP023928.1_results/PROKKA_06292018:CDS	hypothetical protein	CP023928.1:c13926-13660	FECAKGFF_00013

DiscRep_SUB:FEATURE_LOCATION_CONFLICT::Coding region xref gene does not exist
plasmid_files/CP023928.1_results/PROKKA_06292018:CDS	hypothetical protein	CP023928.1:c14140-13886	FECAKGFF_00014

DiscRep_SUB:FEATURE_LOCATION_CONFLICT::Coding region xref gene does not exist
plasmid_files/CP023928.1_results/PROKKA_06292018:CDS	hypothetical protein	CP023928.1:c16127-14172	FECAKGFF_00015

DiscRep_SUB:FEATURE_LOCATION_CONFLICT::Coding region xref gene does not exist
plasmid_files/CP023928.1_results/PROKKA_06292018:CDS	hypothetical protein	CP023928.1:c16824-16186	FECAKGFF_00016

DiscRep_SUB:FEATURE_LOCATION_CONFLICT::Coding region xref gene does not exist
plasmid_files/CP023928.1_results/PROKKA_06292018:CDS	hypothetical protein	CP023928.1:c17826-16837	FECAKGFF_00017

DiscRep_SUB:FEATURE_LOCATION_CONFLICT::Coding region xref gene does not exist
plasmid_files/CP023928.1_results/PROKKA_06292018:CDS	hypothetical protein	CP023928.1:c18212-17823	FECAKGFF_00018

DiscRep_SUB:FEATURE_LOCATION_CONFLICT::Coding region xref gene does not exist
plasmid_files/CP023928.1_results/PROKKA_06292018:CDS	hypothetical protein	CP023928.1:c18880-18254	FECAKGFF_00019

DiscRep_SUB:FEATURE_LOCATION_CONFLICT::Coding region xref gene does not exist
plasmid_files/CP023928.1_results/PROKKA_06292018:CDS	hypothetical protein	CP023928.1:c19269-18880	FECAKGFF_00020

DiscRep_SUB:FEATURE_LOCATION_CONFLICT::Coding region xref gene does not exist
plasmid_files/CP023928.1_results/PROKKA_06292018:CDS	Protein TraC	CP023928.1:c21908-19269	FECAKGFF_00021

DiscRep_SUB:FEATURE_LOCATION_CONFLICT::Coding region xref gene does not exist
plasmid_files/CP023928.1_results/PROKKA_06292018:CDS	hypothetical protein	CP023928.1:c22372-21980	FECAKGFF_00022

DiscRep_SUB:FEATURE_LOCATION_CONFLICT::Coding region xref gene does not exist
plasmid_files/CP023928.1_results/PROKKA_06292018:CDS	hypothetical protein	CP023928.1:c22628-22386	FECAKGFF_00023

DiscRep_SUB:FEATURE_LOCATION_CONFLICT::Coding region xref gene does not exist
plasmid_files/CP023928.1_results/PROKKA_06292018:CDS	hypothetical protein	CP023928.1:c23600-23289	FECAKGFF_00024

DiscRep_SUB:FEATURE_LOCATION_CONFLICT::Coding region xref gene does not exist
plasmid_files/CP023928.1_results/PROKKA_06292018:CDS	hypothetical protein	CP023928.1:c23819-23601	FECAKGFF_00025

DiscRep_SUB:FEATURE_LOCATION_CONFLICT::Coding region xref gene does not exist
plasmid_files/CP023928.1_results/PROKKA_06292018:CDS	hypothetical protein	CP023928.1:c24335-23925	FECAKGFF_00026

DiscRep_SUB:FEATURE_LOCATION_CONFLICT::Coding region xref gene does not exist
plasmid_files/CP023928.1_results/PROKKA_06292018:CDS	Protein TraV	CP023928.1:c25039-24467	FECAKGFF_00027

DiscRep_SUB:FEATURE_LOCATION_CONFLICT::Coding region xref gene does not exist
plasmid_files/CP023928.1_results/PROKKA_06292018:CDS	hypothetical protein	CP023928.1:c26589-25165	FECAKGFF_00028

DiscRep_SUB:FEATURE_LOCATION_CONFLICT::Coding region xref gene does not exist
plasmid_files/CP023928.1_results/PROKKA_06292018:CDS	hypothetical protein	CP023928.1:c27329-26589	FECAKGFF_00029

DiscRep_SUB:FEATURE_LOCATION_CONFLICT::Coding region xref gene does not exist
plasmid_files/CP023928.1_results/PROKKA_06292018:CDS	hypothetical protein	CP023928.1:c27882-27316	FECAKGFF_00030

DiscRep_SUB:FEATURE_LOCATION_CONFLICT::Coding region xref gene does not exist
plasmid_files/CP023928.1_results/PROKKA_06292018:CDS	hypothetical protein	CP023928.1:c28207-27902	FECAKGFF_00031

DiscRep_SUB:FEATURE_LOCATION_CONFLICT::Coding region xref gene does not exist
plasmid_files/CP023928.1_results/PROKKA_06292018:CDS	Pilin	CP023928.1:c28589-28221	FECAKGFF_00032

DiscRep_SUB:FEATURE_LOCATION_CONFLICT::Coding region xref gene does not exist
plasmid_files/CP023928.1_results/PROKKA_06292018:CDS	Relaxosome protein TraY	CP023928.1:c29029-28643	FECAKGFF_00033

DiscRep_SUB:FEATURE_LOCATION_CONFLICT::Coding region xref gene does not exist
plasmid_files/CP023928.1_results/PROKKA_06292018:CDS	Protein TraJ	CP023928.1:c29794-29108	FECAKGFF_00034

DiscRep_SUB:FEATURE_LOCATION_CONFLICT::Coding region xref gene does not exist
plasmid_files/CP023928.1_results/PROKKA_06292018:CDS	Relaxosome protein TraM	CP023928.1:c30366-29968	FECAKGFF_00035

DiscRep_SUB:FEATURE_LOCATION_CONFLICT::Coding region xref gene does not exist
plasmid_files/CP023928.1_results/PROKKA_06292018:CDS	hypothetical protein	CP023928.1:30788-31273	FECAKGFF_00036

DiscRep_SUB:FEATURE_LOCATION_CONFLICT::Coding region xref gene does not exist
plasmid_files/CP023928.1_results/PROKKA_06292018:CDS	hypothetical protein	CP023928.1:c31620-31306	FECAKGFF_00037

DiscRep_SUB:FEATURE_LOCATION_CONFLICT::Coding region xref gene does not exist
plasmid_files/CP023928.1_results/PROKKA_06292018:CDS	hypothetical protein	CP023928.1:c32489-31668	FECAKGFF_00038

DiscRep_SUB:FEATURE_LOCATION_CONFLICT::Coding region xref gene does not exist
plasmid_files/CP023928.1_results/PROKKA_06292018:CDS	hypothetical protein	CP023928.1:c34142-33309	FECAKGFF_00039

DiscRep_SUB:FEATURE_LOCATION_CONFLICT::Coding region xref gene does not exist
plasmid_files/CP023928.1_results/PROKKA_06292018:CDS	hypothetical protein	CP023928.1:c34339-34193	FECAKGFF_00040

DiscRep_SUB:FEATURE_LOCATION_CONFLICT::Coding region xref gene does not exist
plasmid_files/CP023928.1_results/PROKKA_06292018:CDS	hypothetical protein	CP023928.1:c34781-34434	FECAKGFF_00041

DiscRep_SUB:FEATURE_LOCATION_CONFLICT::Coding region xref gene does not exist
plasmid_files/CP023928.1_results/PROKKA_06292018:CDS	hypothetical protein	CP023928.1:c35191-34838	FECAKGFF_00042

DiscRep_SUB:FEATURE_LOCATION_CONFLICT::Coding region xref gene does not exist
plasmid_files/CP023928.1_results/PROKKA_06292018:CDS	hypothetical protein	CP023928.1:c36171-35821	FECAKGFF_00043

DiscRep_SUB:FEATURE_LOCATION_CONFLICT::Coding region xref gene does not exist
plasmid_files/CP023928.1_results/PROKKA_06292018:CDS	hypothetical protein	CP023928.1:c36440-36168	FECAKGFF_00044

DiscRep_SUB:FEATURE_LOCATION_CONFLICT::Coding region xref gene does not exist
plasmid_files/CP023928.1_results/PROKKA_06292018:CDS	hypothetical protein	CP023928.1:c36844-36488	FECAKGFF_00045

DiscRep_SUB:FEATURE_LOCATION_CONFLICT::Coding region xref gene does not exist
plasmid_files/CP023928.1_results/PROKKA_06292018:CDS	hypothetical protein	CP023928.1:c38007-37285	FECAKGFF_00046

DiscRep_SUB:FEATURE_LOCATION_CONFLICT::Coding region xref gene does not exist
plasmid_files/CP023928.1_results/PROKKA_06292018:CDS	Protein PsiB	CP023928.1:c38435-38004	FECAKGFF_00047

DiscRep_SUB:FEATURE_LOCATION_CONFLICT::Coding region xref gene does not exist
plasmid_files/CP023928.1_results/PROKKA_06292018:CDS	Chromosome-partitioning protein Spo0J	CP023928.1:c40490-38481	FECAKGFF_00048

DiscRep_SUB:FEATURE_LOCATION_CONFLICT::Coding region xref gene does not exist
plasmid_files/CP023928.1_results/PROKKA_06292018:CDS	hypothetical protein	CP023928.1:c40801-40559	FECAKGFF_00049

DiscRep_SUB:FEATURE_LOCATION_CONFLICT::Coding region xref gene does not exist
plasmid_files/CP023928.1_results/PROKKA_06292018:CDS	Single-stranded DNA-binding protein	CP023928.1:c41361-40849	FECAKGFF_00050

DiscRep_SUB:FEATURE_LOCATION_CONFLICT::Coding region xref gene does not exist
plasmid_files/CP023928.1_results/PROKKA_06292018:CDS	hypothetical protein	CP023928.1:41977-42297	FECAKGFF_00051

DiscRep_SUB:FEATURE_LOCATION_CONFLICT::Coding region xref gene does not exist
plasmid_files/CP023928.1_results/PROKKA_06292018:CDS	hypothetical protein	CP023928.1:c42755-42192	FECAKGFF_00052

DiscRep_SUB:FEATURE_LOCATION_CONFLICT::Coding region xref gene does not exist
plasmid_files/CP023928.1_results/PROKKA_06292018:CDS	hypothetical protein	CP023928.1:c44158-42803	FECAKGFF_00053

DiscRep_SUB:FEATURE_LOCATION_CONFLICT::Coding region xref gene does not exist
plasmid_files/CP023928.1_results/PROKKA_06292018:CDS	hypothetical protein	CP023928.1:c44440-44210	FECAKGFF_00054

DiscRep_SUB:FEATURE_LOCATION_CONFLICT::Coding region xref gene does not exist
plasmid_files/CP023928.1_results/PROKKA_06292018:CDS	hypothetical protein	CP023928.1:c44759-44532	FECAKGFF_00055

DiscRep_SUB:FEATURE_LOCATION_CONFLICT::Coding region xref gene does not exist
plasmid_files/CP023928.1_results/PROKKA_06292018:CDS	hypothetical protein	CP023928.1:c45860-45543	FECAKGFF_00056

DiscRep_SUB:FEATURE_LOCATION_CONFLICT::Coding region xref gene does not exist
plasmid_files/CP023928.1_results/PROKKA_06292018:CDS	DNA polymerase III subunit theta	CP023928.1:c46149-45895	FECAKGFF_00057

DiscRep_SUB:FEATURE_LOCATION_CONFLICT::Coding region xref gene does not exist
plasmid_files/CP023928.1_results/PROKKA_06292018:CDS	hypothetical protein	CP023928.1:c46528-46337	FECAKGFF_00058

DiscRep_SUB:FEATURE_LOCATION_CONFLICT::Coding region xref gene does not exist
plasmid_files/CP023928.1_results/PROKKA_06292018:CDS	hypothetical protein	CP023928.1:c47077-46571	FECAKGFF_00059

DiscRep_SUB:FEATURE_LOCATION_CONFLICT::Coding region xref gene does not exist
plasmid_files/CP023928.1_results/PROKKA_06292018:CDS	Antirestriction protein KlcA	CP023928.1:c47548-47120	FECAKGFF_00060

DiscRep_SUB:FEATURE_LOCATION_CONFLICT::Coding region xref gene does not exist
plasmid_files/CP023928.1_results/PROKKA_06292018:CDS	hypothetical protein	CP023928.1:c48995-48228	FECAKGFF_00061

DiscRep_SUB:FEATURE_LOCATION_CONFLICT::Coding region xref gene does not exist
plasmid_files/CP023928.1_results/PROKKA_06292018:CDS	hypothetical protein	CP023928.1:c49468-49049	FECAKGFF_00062

DiscRep_SUB:FEATURE_LOCATION_CONFLICT::Coding region xref gene does not exist
plasmid_files/CP023928.1_results/PROKKA_06292018:CDS	hypothetical protein	CP023928.1:c49699-49478	FECAKGFF_00063

DiscRep_SUB:FEATURE_LOCATION_CONFLICT::Coding region xref gene does not exist
plasmid_files/CP023928.1_results/PROKKA_06292018:CDS	DNA adenine methyltransferase YhdJ	CP023928.1:c50400-49699	FECAKGFF_00064

DiscRep_SUB:FEATURE_LOCATION_CONFLICT::Coding region xref gene does not exist
plasmid_files/CP023928.1_results/PROKKA_06292018:CDS	hypothetical protein	CP023928.1:c51067-50837	FECAKGFF_00065

DiscRep_SUB:FEATURE_LOCATION_CONFLICT::Coding region xref gene does not exist
plasmid_files/CP023928.1_results/PROKKA_06292018:CDS	hypothetical protein	CP023928.1:c51799-51128	FECAKGFF_00066

DiscRep_SUB:FEATURE_LOCATION_CONFLICT::Coding region xref gene does not exist
plasmid_files/CP023928.1_results/PROKKA_06292018:CDS	Plasmid segregation protein ParM	CP023928.1:c52773-51802	FECAKGFF_00067

DiscRep_SUB:FEATURE_LOCATION_CONFLICT::Coding region xref gene does not exist
plasmid_files/CP023928.1_results/PROKKA_06292018:CDS	Protein UmuD	CP023928.1:53005-53436	FECAKGFF_00068

DiscRep_SUB:FEATURE_LOCATION_CONFLICT::Coding region xref gene does not exist
plasmid_files/CP023928.1_results/PROKKA_06292018:CDS	Protein UmuC	CP023928.1:53436-54707	FECAKGFF_00069

DiscRep_SUB:FEATURE_LOCATION_CONFLICT::Coding region xref gene does not exist
plasmid_files/CP023928.1_results/PROKKA_06292018:CDS	Replication protein RepA	CP023928.1:55108-56004	FECAKGFF_00070

DiscRep_SUB:FEATURE_LOCATION_CONFLICT::Coding region xref gene does not exist
plasmid_files/CP023928.1_results/PROKKA_06292018:CDS	Plasmid partition protein A	CP023928.1:56326-57531	FECAKGFF_00071

DiscRep_SUB:FEATURE_LOCATION_CONFLICT::Coding region xref gene does not exist
plasmid_files/CP023928.1_results/PROKKA_06292018:CDS	Virulence regulon transcriptional activator VirB	CP023928.1:57528-58502	FECAKGFF_00072

DiscRep_SUB:FEATURE_LOCATION_CONFLICT::Coding region xref gene does not exist
plasmid_files/CP023928.1_results/PROKKA_06292018:CDS	hypothetical protein	CP023928.1:58879-59211	FECAKGFF_00073

DiscRep_SUB:FEATURE_LOCATION_CONFLICT::Coding region xref gene does not exist
plasmid_files/CP023928.1_results/PROKKA_06292018:CDS	hypothetical protein	CP023928.1:59213-59386	FECAKGFF_00074

DiscRep_SUB:FEATURE_LOCATION_CONFLICT::Coding region xref gene does not exist
plasmid_files/CP023928.1_results/PROKKA_06292018:CDS	Type I restriction enzyme EcoKI M protein	CP023928.1:59763-61790	FECAKGFF_00075

DiscRep_SUB:FEATURE_LOCATION_CONFLICT::Coding region xref gene does not exist
plasmid_files/CP023928.1_results/PROKKA_06292018:CDS	hypothetical protein	CP023928.1:61787-63103	FECAKGFF_00076

DiscRep_SUB:FEATURE_LOCATION_CONFLICT::Coding region xref gene does not exist
plasmid_files/CP023928.1_results/PROKKA_06292018:CDS	Type-1 restriction enzyme R protein	CP023928.1:63104-66361	FECAKGFF_00077

DiscRep_SUB:FEATURE_LOCATION_CONFLICT::Coding region xref gene does not exist
plasmid_files/CP023928.1_results/PROKKA_06292018:CDS	hypothetical protein	CP023928.1:66366-67634	FECAKGFF_00078

DiscRep_SUB:FEATURE_LOCATION_CONFLICT::Coding region xref gene does not exist
plasmid_files/CP023928.1_results/PROKKA_06292018:CDS	hypothetical protein	CP023928.1:67754-68227	FECAKGFF_00079

DiscRep_SUB:FEATURE_LOCATION_CONFLICT::Coding region xref gene does not exist
plasmid_files/CP023928.1_results/PROKKA_06292018:CDS	hypothetical protein	CP023928.1:68927-69175	FECAKGFF_00080

DiscRep_SUB:FEATURE_LOCATION_CONFLICT::Coding region xref gene does not exist
plasmid_files/CP023928.1_results/PROKKA_06292018:CDS	Tyrosine recombinase XerD	CP023928.1:c70223-69441	FECAKGFF_00081

DiscRep_SUB:FEATURE_LOCATION_CONFLICT::Coding region xref gene does not exist
plasmid_files/CP023928.1_results/PROKKA_06292018:CDS	hypothetical protein	CP023928.1:c70555-70223	FECAKGFF_00082

DiscRep_SUB:FEATURE_LOCATION_CONFLICT::Coding region xref gene does not exist
plasmid_files/CP023928.1_results/PROKKA_06292018:CDS	hypothetical protein	CP023928.1:c70960-70562	FECAKGFF_00083

DiscRep_SUB:FEATURE_LOCATION_CONFLICT::Coding region xref gene does not exist
plasmid_files/CP023928.1_results/PROKKA_06292018:CDS	hypothetical protein	CP023928.1:c71315-70986	FECAKGFF_00084

DiscRep_SUB:FEATURE_LOCATION_CONFLICT::Coding region xref gene does not exist
plasmid_files/CP023928.1_results/PROKKA_06292018:CDS	hypothetical protein	CP023928.1:c71651-71343	FECAKGFF_00085

DiscRep_SUB:FEATURE_LOCATION_CONFLICT::Coding region xref gene does not exist
plasmid_files/CP023928.1_results/PROKKA_06292018:CDS	hypothetical protein	CP023928.1:c71948-71697	FECAKGFF_00086

DiscRep_SUB:FEATURE_LOCATION_CONFLICT::Coding region xref gene does not exist
plasmid_files/CP023928.1_results/PROKKA_06292018:CDS	Antitoxin VapB	CP023928.1:72556-72786	FECAKGFF_00087

DiscRep_SUB:FEATURE_LOCATION_CONFLICT::Coding region xref gene does not exist
plasmid_files/CP023928.1_results/PROKKA_06292018:CDS	tRNA(fMet)-specific endonuclease VapC	CP023928.1:72783-73199	FECAKGFF_00088

DiscRep_SUB:FEATURE_LOCATION_CONFLICT::Coding region xref gene does not exist
plasmid_files/CP023928.1_results/PROKKA_06292018:CDS	DNA replication and repair protein RecF	CP023928.1:73273-73983	FECAKGFF_00089

DiscRep_SUB:FEATURE_LOCATION_CONFLICT::Coding region xref gene does not exist
plasmid_files/CP023928.1_results/PROKKA_06292018:CDS	hypothetical protein	CP023928.1:74017-74292	FECAKGFF_00090

DiscRep_SUB:FEATURE_LOCATION_CONFLICT::Coding region xref gene does not exist
plasmid_files/CP023928.1_results/PROKKA_06292018:CDS	hypothetical protein	CP023928.1:74337-74714	FECAKGFF_00091

DiscRep_SUB:FEATURE_LOCATION_CONFLICT::Coding region xref gene does not exist
plasmid_files/CP023928.1_results/PROKKA_06292018:CDS	Mercuric transport protein MerC	CP023928.1:74876-75298	FECAKGFF_00092

DiscRep_SUB:FEATURE_LOCATION_CONFLICT::Coding region xref gene does not exist
plasmid_files/CP023928.1_results/PROKKA_06292018:CDS	Mercuric reductase	CP023928.1:75350-77044	FECAKGFF_00093

DiscRep_SUB:FEATURE_LOCATION_CONFLICT::Coding region xref gene does not exist
plasmid_files/CP023928.1_results/PROKKA_06292018:CDS	HTH-type transcriptional activator mta	CP023928.1:77062-77424	FECAKGFF_00094

DiscRep_SUB:FEATURE_LOCATION_CONFLICT::Coding region xref gene does not exist
plasmid_files/CP023928.1_results/PROKKA_06292018:CDS	hypothetical protein	CP023928.1:77421-77657	FECAKGFF_00095

DiscRep_SUB:FEATURE_LOCATION_CONFLICT::Coding region xref gene does not exist
plasmid_files/CP023928.1_results/PROKKA_06292018:CDS	putative signaling protein	CP023928.1:77654-78361	FECAKGFF_00096

DiscRep_SUB:FEATURE_LOCATION_CONFLICT::Coding region xref gene does not exist
plasmid_files/CP023928.1_results/PROKKA_06292018:CDS	Transposon Tn7 transposition protein TnsB	CP023928.1:78436-79704	FECAKGFF_00097

DiscRep_SUB:FEATURE_LOCATION_CONFLICT::Coding region xref gene does not exist
plasmid_files/CP023928.1_results/PROKKA_06292018:CDS	hypothetical protein	CP023928.1:79751-80161	FECAKGFF_00098

DiscRep_SUB:FEATURE_LOCATION_CONFLICT::Coding region xref gene does not exist
plasmid_files/CP023928.1_results/PROKKA_06292018:CDS	Beta-lactamase TEM	CP023928.1:c81132-80272	FECAKGFF_00099

DiscRep_SUB:FEATURE_LOCATION_CONFLICT::Coding region xref gene does not exist
plasmid_files/CP023928.1_results/PROKKA_06292018:CDS	Transposon Tn3 resolvase	CP023928.1:c81566-81315	FECAKGFF_00100

DiscRep_SUB:FEATURE_LOCATION_CONFLICT::Coding region xref gene does not exist
plasmid_files/CP023928.1_results/PROKKA_06292018:CDS	Beta-lactamase OXA-18	CP023928.1:c82098-81832	FECAKGFF_00101

DiscRep_SUB:FEATURE_LOCATION_CONFLICT::Coding region xref gene does not exist
plasmid_files/CP023928.1_results/PROKKA_06292018:CDS	hypothetical protein	CP023928.1:c83580-82876	FECAKGFF_00102

DiscRep_SUB:FEATURE_LOCATION_CONFLICT::Coding region xref gene does not exist
plasmid_files/CP023928.1_results/PROKKA_06292018:CDS	hypothetical protein	CP023928.1:83653-86550	FECAKGFF_00103

DiscRep_SUB:FEATURE_LOCATION_CONFLICT::Coding region xref gene does not exist
plasmid_files/CP023928.1_results/PROKKA_06292018:CDS	Putative transposon Tn552 DNA-invertase bin3	CP023928.1:86639-87259	FECAKGFF_00104

DiscRep_SUB:FEATURE_LOCATION_CONFLICT::Coding region xref gene does not exist
plasmid_files/CP023928.1_results/PROKKA_06292018:CDS	hypothetical protein	CP023928.1:87409-87768	FECAKGFF_00105

DiscRep_SUB:FEATURE_LOCATION_CONFLICT::Coding region xref gene does not exist
plasmid_files/CP023928.1_results/PROKKA_06292018:CDS	hypothetical protein	CP023928.1:88182-88298	FECAKGFF_00106

DiscRep_SUB:FEATURE_LOCATION_CONFLICT::Coding region xref gene does not exist
plasmid_files/CP023928.1_results/PROKKA_06292018:CDS	hypothetical protein	CP023928.1:c88784-88425	FECAKGFF_00107

DiscRep_SUB:FEATURE_LOCATION_CONFLICT::Coding region xref gene does not exist
plasmid_files/CP023928.1_results/PROKKA_06292018:CDS	hypothetical protein	CP023928.1:c89168-88956	FECAKGFF_00108

DiscRep_SUB:FEATURE_LOCATION_CONFLICT::Coding region xref gene does not exist
plasmid_files/CP023928.1_results/PROKKA_06292018:CDS	hypothetical protein	CP023928.1:89288-90472	FECAKGFF_00109

DiscRep_SUB:FEATURE_LOCATION_CONFLICT::Coding region xref gene does not exist
plasmid_files/CP023928.1_results/PROKKA_06292018:CDS	hypothetical protein	CP023928.1:90749-92068	FECAKGFF_00110

DiscRep_SUB:FEATURE_LOCATION_CONFLICT::Coding region xref gene does not exist
plasmid_files/CP023928.1_results/PROKKA_06292018:CDS	Carbapenem-hydrolyzing beta-lactamase KPC	CP023928.1:c93199-92318	FECAKGFF_00111

DiscRep_SUB:FEATURE_LOCATION_CONFLICT::Coding region xref gene does not exist
plasmid_files/CP023928.1_results/PROKKA_06292018:CDS	hypothetical protein	CP023928.1:c93490-93251	FECAKGFF_00112

DiscRep_SUB:FEATURE_LOCATION_CONFLICT::Coding region xref gene does not exist
plasmid_files/CP023928.1_results/PROKKA_06292018:CDS	Insertion sequence IS5376 putative ATP-binding protein	CP023928.1:c94266-93487	FECAKGFF_00113

DiscRep_SUB:FEATURE_LOCATION_CONFLICT::Coding region xref gene does not exist
plasmid_files/CP023928.1_results/PROKKA_06292018:CDS	hypothetical protein	CP023928.1:c95288-94263	FECAKGFF_00114

DiscRep_SUB:FEATURE_LOCATION_CONFLICT::Coding region xref gene does not exist
plasmid_files/CP023928.1_results/PROKKA_06292018:CDS	hypothetical protein	CP023928.1:c98424-95395	FECAKGFF_00115

DiscRep_SUB:FEATURE_LOCATION_CONFLICT::Coding region xref gene does not exist
plasmid_files/CP023928.1_results/PROKKA_06292018:CDS	Tyrosine recombinase XerD	CP023928.1:98534-100249	FECAKGFF_00116

DiscRep_SUB:FEATURE_LOCATION_CONFLICT::Coding region xref gene does not exist
plasmid_files/CP023928.1_results/PROKKA_06292018:CDS	hypothetical protein	CP023928.1:100544-100699	FECAKGFF_00117

DiscRep_SUB:FEATURE_LOCATION_CONFLICT::Coding region xref gene does not exist
plasmid_files/CP023928.1_results/PROKKA_06292018:CDS	hypothetical protein	CP023928.1:100748-101740	FECAKGFF_00118

DiscRep_SUB:FEATURE_LOCATION_CONFLICT::Coding region xref gene does not exist
plasmid_files/CP023928.1_results/PROKKA_06292018:CDS	hypothetical protein	CP023928.1:c102748-102137	FECAKGFF_00119

DiscRep_SUB:FEATURE_LOCATION_CONFLICT::Coding region xref gene does not exist
plasmid_files/CP023928.1_results/PROKKA_06292018:CDS	RNA chaperone ProQ	CP023928.1:c103295-102732	FECAKGFF_00120

DiscRep_SUB:FEATURE_LOCATION_CONFLICT::Coding region xref gene does not exist
plasmid_files/CP023928.1_results/PROKKA_06292018:CDS	hypothetical protein	CP023928.1:c105371-104514	FECAKGFF_00121

DiscRep_SUB:FEATURE_LOCATION_CONFLICT::Coding region xref gene does not exist
plasmid_files/CP023928.1_results/PROKKA_06292018:CDS	hypothetical protein	CP023928.1:c105924-105673	FECAKGFF_00122

DiscRep_SUB:FEATURE_LOCATION_CONFLICT::Coding region xref gene does not exist
plasmid_files/CP023928.1_results/PROKKA_06292018:CDS	Phospholipase D	CP023928.1:c106620-106060	FECAKGFF_00123

DiscRep_SUB:FEATURE_LOCATION_CONFLICT::Coding region xref gene does not exist
plasmid_files/CP023928.1_results/PROKKA_06292018:CDS	hypothetical protein	CP023928.1:c107023-106715	FECAKGFF_00124

DiscRep_SUB:FEATURE_LOCATION_CONFLICT::Coding region xref gene does not exist
plasmid_files/CP023928.1_results/PROKKA_06292018:CDS	hypothetical protein	CP023928.1:c107670-107020	FECAKGFF_00125

DiscRep_SUB:FEATURE_LOCATION_CONFLICT::Coding region xref gene does not exist
plasmid_files/CP023928.1_results/PROKKA_06292018:CDS	hypothetical protein	CP023928.1:c108370-107726	FECAKGFF_00126

DiscRep_SUB:FEATURE_LOCATION_CONFLICT::Coding region xref gene does not exist
plasmid_files/CP023928.1_results/PROKKA_06292018:CDS	hypothetical protein	CP023928.1:c109016-108420	FECAKGFF_00127

DiscRep_SUB:FEATURE_LOCATION_CONFLICT::Coding region xref gene does not exist
plasmid_files/CP023928.1_results/PROKKA_06292018:CDS	Fertility inhibition protein	CP023928.1:c109776-109183	FECAKGFF_00128

DiscRep_SUB:FEATURE_LOCATION_CONFLICT::Coding region xref gene does not exist
plasmid_files/CP023928.1_results/PROKKA_06292018:CDS	hypothetical protein	CP023928.1:c110573-109848	FECAKGFF_00129

DiscRep_SUB:FEATURE_LOCATION_CONFLICT::Coding region xref gene does not exist
plasmid_files/CP023928.1_results/PROKKA_06292018:CDS	Multifunctional conjugation protein TraI	CP023928.1:c113632-110654	FECAKGFF_00130

DiscRep_ALL:SUSPECT_PRODUCT_NAMES::1 product_names contain suspect phrase or characters
DiscRep_SUB:SUSPECT_PRODUCT_NAMES::May contain database identifier more appropriate in note; remove from product name
DiscRep_SUB:SUSPECT_PRODUCT_NAMES::1 features Three or more numbers together
plasmid_files/CP023928.1_results/PROKKA_06292018:CDS	Putative transposon Tn552 DNA-invertase bin3	CP023928.1:86639-87259	FECAKGFF_00104

DiscRep_ALL:DISC_QUALITY_SCORES::Quality scores are missing on all sequences.

DiscRep_ALL:ONCALLER_COMMENT_PRESENT::1 comment descriptors were found (all same)
plasmid_files/CP023928.1_results/PROKKA_06292018:CP023928.1:Annotated using prokka 1.14-dev from https://github.com/tseemann/prokka

DiscRep_ALL:SHORT_PROT_SEQUENCES::2 protein sequences are shorter than 50 aa.
plasmid_files/CP023928.1_results/PROKKA_06292018:CP023928.1_40 (length 48)
plasmid_files/CP023928.1_results/PROKKA_06292018:CP023928.1_106 (length 38)

DiscRep_ALL:MISSING_GENOMEASSEMBLY_COMMENTS::1 bioseqs are missing GenomeAssembly structured comments
plasmid_files/CP023928.1_results/PROKKA_06292018:CP023928.1 (length 113639)

DiscRep_ALL:MOLTYPE_NOT_MRNA::1 molecule types are not set as mRNA.
plasmid_files/CP023928.1_results/PROKKA_06292018:CP023928.1 (length 113639)

DiscRep_ALL:TECHNIQUE_NOT_TSA::1 technique are not set as TSA
plasmid_files/CP023928.1_results/PROKKA_06292018:CP023928.1 (length 113639)

DiscRep_ALL:MISSING_STRUCTURED_COMMENT::1 sequences do not include structured comments.
plasmid_files/CP023928.1_results/PROKKA_06292018:CP023928.1 (length 113639)

DiscRep_ALL:MISSING_PROJECT::131 sequences do not include project.
plasmid_files/CP023928.1_results/PROKKA_06292018:CP023928.1 (length 113639)
plasmid_files/CP023928.1_results/PROKKA_06292018:CP023928.1_1 (length 194)
plasmid_files/CP023928.1_results/PROKKA_06292018:CP023928.1_2 (length 770)
plasmid_files/CP023928.1_results/PROKKA_06292018:CP023928.1_3 (length 229)
plasmid_files/CP023928.1_results/PROKKA_06292018:CP023928.1_4 (length 243)
plasmid_files/CP023928.1_results/PROKKA_06292018:CP023928.1_5 (length 182)
plasmid_files/CP023928.1_results/PROKKA_06292018:CP023928.1_6 (length 949)
plasmid_files/CP023928.1_results/PROKKA_06292018:CP023928.1_7 (length 455)
plasmid_files/CP023928.1_results/PROKKA_06292018:CP023928.1_8 (length 147)
plasmid_files/CP023928.1_results/PROKKA_06292018:CP023928.1_9 (length 185)
plasmid_files/CP023928.1_results/PROKKA_06292018:CP023928.1_10 (length 79)
plasmid_files/CP023928.1_results/PROKKA_06292018:CP023928.1_11 (length 250)
plasmid_files/CP023928.1_results/PROKKA_06292018:CP023928.1_12 (length 108)
plasmid_files/CP023928.1_results/PROKKA_06292018:CP023928.1_13 (length 88)
plasmid_files/CP023928.1_results/PROKKA_06292018:CP023928.1_14 (length 84)
plasmid_files/CP023928.1_results/PROKKA_06292018:CP023928.1_15 (length 651)
plasmid_files/CP023928.1_results/PROKKA_06292018:CP023928.1_16 (length 212)
plasmid_files/CP023928.1_results/PROKKA_06292018:CP023928.1_17 (length 329)
plasmid_files/CP023928.1_results/PROKKA_06292018:CP023928.1_18 (length 129)
plasmid_files/CP023928.1_results/PROKKA_06292018:CP023928.1_19 (length 208)
plasmid_files/CP023928.1_results/PROKKA_06292018:CP023928.1_20 (length 129)
plasmid_files/CP023928.1_results/PROKKA_06292018:CP023928.1_21 (length 879)
plasmid_files/CP023928.1_results/PROKKA_06292018:CP023928.1_22 (length 130)
plasmid_files/CP023928.1_results/PROKKA_06292018:CP023928.1_23 (length 80)
plasmid_files/CP023928.1_results/PROKKA_06292018:CP023928.1_24 (length 103)
plasmid_files/CP023928.1_results/PROKKA_06292018:CP023928.1_25 (length 72)
plasmid_files/CP023928.1_results/PROKKA_06292018:CP023928.1_26 (length 136)
plasmid_files/CP023928.1_results/PROKKA_06292018:CP023928.1_27 (length 190)
plasmid_files/CP023928.1_results/PROKKA_06292018:CP023928.1_28 (length 474)
plasmid_files/CP023928.1_results/PROKKA_06292018:CP023928.1_29 (length 246)
plasmid_files/CP023928.1_results/PROKKA_06292018:CP023928.1_30 (length 188)
plasmid_files/CP023928.1_results/PROKKA_06292018:CP023928.1_31 (length 101)
plasmid_files/CP023928.1_results/PROKKA_06292018:CP023928.1_32 (length 122)
plasmid_files/CP023928.1_results/PROKKA_06292018:CP023928.1_33 (length 128)
plasmid_files/CP023928.1_results/PROKKA_06292018:CP023928.1_34 (length 228)
plasmid_files/CP023928.1_results/PROKKA_06292018:CP023928.1_35 (length 132)
plasmid_files/CP023928.1_results/PROKKA_06292018:CP023928.1_36 (length 161)
plasmid_files/CP023928.1_results/PROKKA_06292018:CP023928.1_37 (length 104)
plasmid_files/CP023928.1_results/PROKKA_06292018:CP023928.1_38 (length 273)
plasmid_files/CP023928.1_results/PROKKA_06292018:CP023928.1_39 (length 277)
plasmid_files/CP023928.1_results/PROKKA_06292018:CP023928.1_40 (length 48)
plasmid_files/CP023928.1_results/PROKKA_06292018:CP023928.1_41 (length 115)
plasmid_files/CP023928.1_results/PROKKA_06292018:CP023928.1_42 (length 117)
plasmid_files/CP023928.1_results/PROKKA_06292018:CP023928.1_43 (length 116)
plasmid_files/CP023928.1_results/PROKKA_06292018:CP023928.1_44 (length 90)
plasmid_files/CP023928.1_results/PROKKA_06292018:CP023928.1_45 (length 118)
plasmid_files/CP023928.1_results/PROKKA_06292018:CP023928.1_46 (length 240)
plasmid_files/CP023928.1_results/PROKKA_06292018:CP023928.1_47 (length 143)
plasmid_files/CP023928.1_results/PROKKA_06292018:CP023928.1_48 (length 669)
plasmid_files/CP023928.1_results/PROKKA_06292018:CP023928.1_49 (length 80)
plasmid_files/CP023928.1_results/PROKKA_06292018:CP023928.1_50 (length 170)
plasmid_files/CP023928.1_results/PROKKA_06292018:CP023928.1_51 (length 106)
plasmid_files/CP023928.1_results/PROKKA_06292018:CP023928.1_52 (length 187)
plasmid_files/CP023928.1_results/PROKKA_06292018:CP023928.1_53 (length 451)
plasmid_files/CP023928.1_results/PROKKA_06292018:CP023928.1_54 (length 76)
plasmid_files/CP023928.1_results/PROKKA_06292018:CP023928.1_55 (length 75)
plasmid_files/CP023928.1_results/PROKKA_06292018:CP023928.1_56 (length 105)
plasmid_files/CP023928.1_results/PROKKA_06292018:CP023928.1_57 (length 84)
plasmid_files/CP023928.1_results/PROKKA_06292018:CP023928.1_58 (length 63)
plasmid_files/CP023928.1_results/PROKKA_06292018:CP023928.1_59 (length 168)
plasmid_files/CP023928.1_results/PROKKA_06292018:CP023928.1_60 (length 142)
plasmid_files/CP023928.1_results/PROKKA_06292018:CP023928.1_61 (length 255)
plasmid_files/CP023928.1_results/PROKKA_06292018:CP023928.1_62 (length 139)
plasmid_files/CP023928.1_results/PROKKA_06292018:CP023928.1_63 (length 73)
plasmid_files/CP023928.1_results/PROKKA_06292018:CP023928.1_64 (length 233)
plasmid_files/CP023928.1_results/PROKKA_06292018:CP023928.1_65 (length 76)
plasmid_files/CP023928.1_results/PROKKA_06292018:CP023928.1_66 (length 223)
plasmid_files/CP023928.1_results/PROKKA_06292018:CP023928.1_67 (length 323)
plasmid_files/CP023928.1_results/PROKKA_06292018:CP023928.1_68 (length 143)
plasmid_files/CP023928.1_results/PROKKA_06292018:CP023928.1_69 (length 423)
plasmid_files/CP023928.1_results/PROKKA_06292018:CP023928.1_70 (length 298)
plasmid_files/CP023928.1_results/PROKKA_06292018:CP023928.1_71 (length 401)
plasmid_files/CP023928.1_results/PROKKA_06292018:CP023928.1_72 (length 324)
plasmid_files/CP023928.1_results/PROKKA_06292018:CP023928.1_73 (length 110)
plasmid_files/CP023928.1_results/PROKKA_06292018:CP023928.1_74 (length 57)
plasmid_files/CP023928.1_results/PROKKA_06292018:CP023928.1_75 (length 675)
plasmid_files/CP023928.1_results/PROKKA_06292018:CP023928.1_76 (length 438)
plasmid_files/CP023928.1_results/PROKKA_06292018:CP023928.1_77 (length 1085)
plasmid_files/CP023928.1_results/PROKKA_06292018:CP023928.1_78 (length 422)
plasmid_files/CP023928.1_results/PROKKA_06292018:CP023928.1_79 (length 157)
plasmid_files/CP023928.1_results/PROKKA_06292018:CP023928.1_80 (length 82)
plasmid_files/CP023928.1_results/PROKKA_06292018:CP023928.1_81 (length 260)
plasmid_files/CP023928.1_results/PROKKA_06292018:CP023928.1_82 (length 110)
plasmid_files/CP023928.1_results/PROKKA_06292018:CP023928.1_83 (length 132)
plasmid_files/CP023928.1_results/PROKKA_06292018:CP023928.1_84 (length 109)
plasmid_files/CP023928.1_results/PROKKA_06292018:CP023928.1_85 (length 102)
plasmid_files/CP023928.1_results/PROKKA_06292018:CP023928.1_86 (length 83)
plasmid_files/CP023928.1_results/PROKKA_06292018:CP023928.1_87 (length 76)
plasmid_files/CP023928.1_results/PROKKA_06292018:CP023928.1_88 (length 138)
plasmid_files/CP023928.1_results/PROKKA_06292018:CP023928.1_89 (length 236)
plasmid_files/CP023928.1_results/PROKKA_06292018:CP023928.1_90 (length 91)
plasmid_files/CP023928.1_results/PROKKA_06292018:CP023928.1_91 (length 125)
plasmid_files/CP023928.1_results/PROKKA_06292018:CP023928.1_92 (length 140)
plasmid_files/CP023928.1_results/PROKKA_06292018:CP023928.1_93 (length 564)
plasmid_files/CP023928.1_results/PROKKA_06292018:CP023928.1_94 (length 120)
plasmid_files/CP023928.1_results/PROKKA_06292018:CP023928.1_95 (length 78)
plasmid_files/CP023928.1_results/PROKKA_06292018:CP023928.1_96 (length 235)
plasmid_files/CP023928.1_results/PROKKA_06292018:CP023928.1_97 (length 422)
plasmid_files/CP023928.1_results/PROKKA_06292018:CP023928.1_98 (length 136)
plasmid_files/CP023928.1_results/PROKKA_06292018:CP023928.1_99 (length 286)
plasmid_files/CP023928.1_results/PROKKA_06292018:CP023928.1_100 (length 83)
plasmid_files/CP023928.1_results/PROKKA_06292018:CP023928.1_101 (length 88)
plasmid_files/CP023928.1_results/PROKKA_06292018:CP023928.1_102 (length 234)
plasmid_files/CP023928.1_results/PROKKA_06292018:CP023928.1_103 (length 965)
plasmid_files/CP023928.1_results/PROKKA_06292018:CP023928.1_104 (length 206)
plasmid_files/CP023928.1_results/PROKKA_06292018:CP023928.1_105 (length 119)
plasmid_files/CP023928.1_results/PROKKA_06292018:CP023928.1_106 (length 38)
plasmid_files/CP023928.1_results/PROKKA_06292018:CP023928.1_107 (length 119)
plasmid_files/CP023928.1_results/PROKKA_06292018:CP023928.1_108 (length 70)
plasmid_files/CP023928.1_results/PROKKA_06292018:CP023928.1_109 (length 394)
plasmid_files/CP023928.1_results/PROKKA_06292018:CP023928.1_110 (length 439)
plasmid_files/CP023928.1_results/PROKKA_06292018:CP023928.1_111 (length 293)
plasmid_files/CP023928.1_results/PROKKA_06292018:CP023928.1_112 (length 79)
plasmid_files/CP023928.1_results/PROKKA_06292018:CP023928.1_113 (length 259)
plasmid_files/CP023928.1_results/PROKKA_06292018:CP023928.1_114 (length 341)
plasmid_files/CP023928.1_results/PROKKA_06292018:CP023928.1_115 (length 1009)
plasmid_files/CP023928.1_results/PROKKA_06292018:CP023928.1_116 (length 571)
plasmid_files/CP023928.1_results/PROKKA_06292018:CP023928.1_117 (length 51)
plasmid_files/CP023928.1_results/PROKKA_06292018:CP023928.1_118 (length 330)
plasmid_files/CP023928.1_results/PROKKA_06292018:CP023928.1_119 (length 203)
plasmid_files/CP023928.1_results/PROKKA_06292018:CP023928.1_120 (length 187)
plasmid_files/CP023928.1_results/PROKKA_06292018:CP023928.1_121 (length 285)
plasmid_files/CP023928.1_results/PROKKA_06292018:CP023928.1_122 (length 83)
plasmid_files/CP023928.1_results/PROKKA_06292018:CP023928.1_123 (length 186)
plasmid_files/CP023928.1_results/PROKKA_06292018:CP023928.1_124 (length 102)
plasmid_files/CP023928.1_results/PROKKA_06292018:CP023928.1_125 (length 216)
plasmid_files/CP023928.1_results/PROKKA_06292018:CP023928.1_126 (length 214)
plasmid_files/CP023928.1_results/PROKKA_06292018:CP023928.1_127 (length 198)
plasmid_files/CP023928.1_results/PROKKA_06292018:CP023928.1_128 (length 197)
plasmid_files/CP023928.1_results/PROKKA_06292018:CP023928.1_129 (length 241)
plasmid_files/CP023928.1_results/PROKKA_06292018:CP023928.1_130 (length 992)

DiscRep_ALL:DISC_INCONSISTENT_MOLINFO_TECH::Molinfo Technique Report (some missing, all same)
DiscRep_SUB:DISC_INCONSISTENT_MOLINFO_TECH::technique (all missing)
DiscRep_SUB:DISC_INCONSISTENT_MOLINFO_TECH::1 Molinfos are missing field technique
plasmid_files/CP023928.1_results/PROKKA_06292018:CP023928.1 (length 113639)

