Discrepancy Report Results

Summary
FATAL: MISSING_PROTEIN_ID:12 proteins have invalid IDs.
DISC_SOURCE_QUALS_ASNDISC:strain (all present, all unique)
DISC_SOURCE_QUALS_ASNDISC:taxname (all present, all unique)
DISC_FEATURE_COUNT:CDS: 12 present
DISC_COUNT_NUCLEOTIDES:1 nucleotide Bioseqs are present
FEATURE_LOCATION_CONFLICT:12 features have inconsistent gene locations.
DISC_QUALITY_SCORES:Quality scores are missing on all sequences.
ONCALLER_COMMENT_PRESENT:1 comment descriptors were found (all same)
MISSING_GENOMEASSEMBLY_COMMENTS:1 bioseqs are missing GenomeAssembly structured comments
MOLTYPE_NOT_MRNA:1 molecule types are not set as mRNA.
TECHNIQUE_NOT_TSA:1 technique are not set as TSA
MISSING_STRUCTURED_COMMENT:1 sequences do not include structured comments.
MISSING_PROJECT:13 sequences do not include project.
DISC_INCONSISTENT_MOLINFO_TECH:Molinfo Technique Report (some missing, all same)


Detailed Report

FATAL: DiscRep_ALL:MISSING_PROTEIN_ID::12 proteins have invalid IDs.
plasmid_files/KR052100.1_results/PROKKA_06292018:KR052100.1_1 (length 424)
plasmid_files/KR052100.1_results/PROKKA_06292018:KR052100.1_2 (length 136)
plasmid_files/KR052100.1_results/PROKKA_06292018:KR052100.1_3 (length 185)
plasmid_files/KR052100.1_results/PROKKA_06292018:KR052100.1_4 (length 326)
plasmid_files/KR052100.1_results/PROKKA_06292018:KR052100.1_5 (length 216)
plasmid_files/KR052100.1_results/PROKKA_06292018:KR052100.1_6 (length 293)
plasmid_files/KR052100.1_results/PROKKA_06292018:KR052100.1_7 (length 326)
plasmid_files/KR052100.1_results/PROKKA_06292018:KR052100.1_8 (length 98)
plasmid_files/KR052100.1_results/PROKKA_06292018:KR052100.1_9 (length 51)
plasmid_files/KR052100.1_results/PROKKA_06292018:KR052100.1_10 (length 141)
plasmid_files/KR052100.1_results/PROKKA_06292018:KR052100.1_11 (length 92)
plasmid_files/KR052100.1_results/PROKKA_06292018:KR052100.1_12 (length 142)

DiscRep_ALL:DISC_SOURCE_QUALS_ASNDISC::strain (all present, all unique)
DiscRep_SUB:DISC_SOURCE_QUALS_ASNDISC::1 sources have unique values for strain
DiscRep_ALL:DISC_SOURCE_QUALS_ASNDISC::taxname (all present, all unique)
DiscRep_SUB:DISC_SOURCE_QUALS_ASNDISC::1 sources have unique values for taxname
DiscRep_ALL:DISC_FEATURE_COUNT::CDS: 12 present
DiscRep_ALL:DISC_COUNT_NUCLEOTIDES::1 nucleotide Bioseqs are present
plasmid_files/KR052100.1_results/PROKKA_06292018:KR052100.1 (length 9060)

DiscRep_ALL:FEATURE_LOCATION_CONFLICT::12 features have inconsistent gene locations.
DiscRep_SUB:FEATURE_LOCATION_CONFLICT::Coding region xref gene does not exist
plasmid_files/KR052100.1_results/PROKKA_06292018:CDS	hypothetical protein	KR052100.1:49-1323	INAMNHNL_00001

DiscRep_SUB:FEATURE_LOCATION_CONFLICT::Coding region xref gene does not exist
plasmid_files/KR052100.1_results/PROKKA_06292018:CDS	hypothetical protein	KR052100.1:c1714-1304	INAMNHNL_00002

DiscRep_SUB:FEATURE_LOCATION_CONFLICT::Coding region xref gene does not exist
plasmid_files/KR052100.1_results/PROKKA_06292018:CDS	Transposon Tn3 resolvase	KR052100.1:1877-2434	INAMNHNL_00003

DiscRep_SUB:FEATURE_LOCATION_CONFLICT::Coding region xref gene does not exist
plasmid_files/KR052100.1_results/PROKKA_06292018:CDS	hypothetical protein	KR052100.1:2557-3537	INAMNHNL_00004

DiscRep_SUB:FEATURE_LOCATION_CONFLICT::Coding region xref gene does not exist
plasmid_files/KR052100.1_results/PROKKA_06292018:CDS	Beta-lactamase TEM	KR052100.1:3612-4262	INAMNHNL_00005

DiscRep_SUB:FEATURE_LOCATION_CONFLICT::Coding region xref gene does not exist
plasmid_files/KR052100.1_results/PROKKA_06292018:CDS	Carbapenem-hydrolyzing beta-lactamase KPC	KR052100.1:4484-5365	INAMNHNL_00006

DiscRep_SUB:FEATURE_LOCATION_CONFLICT::Coding region xref gene does not exist
plasmid_files/KR052100.1_results/PROKKA_06292018:CDS	hypothetical protein	KR052100.1:c6595-5615	INAMNHNL_00007

DiscRep_SUB:FEATURE_LOCATION_CONFLICT::Coding region xref gene does not exist
plasmid_files/KR052100.1_results/PROKKA_06292018:CDS	hypothetical protein	KR052100.1:c6896-6600	INAMNHNL_00008

DiscRep_SUB:FEATURE_LOCATION_CONFLICT::Coding region xref gene does not exist
plasmid_files/KR052100.1_results/PROKKA_06292018:CDS	hypothetical protein	KR052100.1:c7097-6942	INAMNHNL_00009

DiscRep_SUB:FEATURE_LOCATION_CONFLICT::Coding region xref gene does not exist
plasmid_files/KR052100.1_results/PROKKA_06292018:CDS	Antirestriction protein KlcA	KR052100.1:c7650-7225	INAMNHNL_00010

DiscRep_SUB:FEATURE_LOCATION_CONFLICT::Coding region xref gene does not exist
plasmid_files/KR052100.1_results/PROKKA_06292018:CDS	hypothetical protein	KR052100.1:c8039-7761	INAMNHNL_00011

DiscRep_SUB:FEATURE_LOCATION_CONFLICT::Coding region xref gene does not exist
plasmid_files/KR052100.1_results/PROKKA_06292018:CDS	hypothetical protein	KR052100.1:c9001-8573	INAMNHNL_00012

DiscRep_ALL:DISC_QUALITY_SCORES::Quality scores are missing on all sequences.

DiscRep_ALL:ONCALLER_COMMENT_PRESENT::1 comment descriptors were found (all same)
plasmid_files/KR052100.1_results/PROKKA_06292018:KR052100.1:Annotated using prokka 1.14-dev from https://github.com/tseemann/prokka

DiscRep_ALL:MISSING_GENOMEASSEMBLY_COMMENTS::1 bioseqs are missing GenomeAssembly structured comments
plasmid_files/KR052100.1_results/PROKKA_06292018:KR052100.1 (length 9060)

DiscRep_ALL:MOLTYPE_NOT_MRNA::1 molecule types are not set as mRNA.
plasmid_files/KR052100.1_results/PROKKA_06292018:KR052100.1 (length 9060)

DiscRep_ALL:TECHNIQUE_NOT_TSA::1 technique are not set as TSA
plasmid_files/KR052100.1_results/PROKKA_06292018:KR052100.1 (length 9060)

DiscRep_ALL:MISSING_STRUCTURED_COMMENT::1 sequences do not include structured comments.
plasmid_files/KR052100.1_results/PROKKA_06292018:KR052100.1 (length 9060)

DiscRep_ALL:MISSING_PROJECT::13 sequences do not include project.
plasmid_files/KR052100.1_results/PROKKA_06292018:KR052100.1 (length 9060)
plasmid_files/KR052100.1_results/PROKKA_06292018:KR052100.1_1 (length 424)
plasmid_files/KR052100.1_results/PROKKA_06292018:KR052100.1_2 (length 136)
plasmid_files/KR052100.1_results/PROKKA_06292018:KR052100.1_3 (length 185)
plasmid_files/KR052100.1_results/PROKKA_06292018:KR052100.1_4 (length 326)
plasmid_files/KR052100.1_results/PROKKA_06292018:KR052100.1_5 (length 216)
plasmid_files/KR052100.1_results/PROKKA_06292018:KR052100.1_6 (length 293)
plasmid_files/KR052100.1_results/PROKKA_06292018:KR052100.1_7 (length 326)
plasmid_files/KR052100.1_results/PROKKA_06292018:KR052100.1_8 (length 98)
plasmid_files/KR052100.1_results/PROKKA_06292018:KR052100.1_9 (length 51)
plasmid_files/KR052100.1_results/PROKKA_06292018:KR052100.1_10 (length 141)
plasmid_files/KR052100.1_results/PROKKA_06292018:KR052100.1_11 (length 92)
plasmid_files/KR052100.1_results/PROKKA_06292018:KR052100.1_12 (length 142)

DiscRep_ALL:DISC_INCONSISTENT_MOLINFO_TECH::Molinfo Technique Report (some missing, all same)
DiscRep_SUB:DISC_INCONSISTENT_MOLINFO_TECH::technique (all missing)
DiscRep_SUB:DISC_INCONSISTENT_MOLINFO_TECH::1 Molinfos are missing field technique
plasmid_files/KR052100.1_results/PROKKA_06292018:KR052100.1 (length 9060)

