Discrepancy Report Results

Summary
FATAL: MISSING_PROTEIN_ID:23 proteins have invalid IDs.
DISC_SOURCE_QUALS_ASNDISC:strain (all present, all unique)
DISC_SOURCE_QUALS_ASNDISC:taxname (all present, all unique)
DISC_FEATURE_COUNT:CDS: 23 present
DISC_COUNT_NUCLEOTIDES:1 nucleotide Bioseqs are present
FEATURE_LOCATION_CONFLICT:23 features have inconsistent gene locations.
DISC_QUALITY_SCORES:Quality scores are missing on all sequences.
ONCALLER_COMMENT_PRESENT:1 comment descriptors were found (all same)
SHORT_PROT_SEQUENCES:1 protein sequences are shorter than 50 aa.
MISSING_GENOMEASSEMBLY_COMMENTS:1 bioseqs are missing GenomeAssembly structured comments
MOLTYPE_NOT_MRNA:1 molecule types are not set as mRNA.
TECHNIQUE_NOT_TSA:1 technique are not set as TSA
MISSING_STRUCTURED_COMMENT:1 sequences do not include structured comments.
MISSING_PROJECT:24 sequences do not include project.
DISC_INCONSISTENT_MOLINFO_TECH:Molinfo Technique Report (some missing, all same)


Detailed Report

FATAL: DiscRep_ALL:MISSING_PROTEIN_ID::23 proteins have invalid IDs.
plasmid_files/CP006919.1_results/PROKKA_06292018:CP006919.1_1 (length 302)
plasmid_files/CP006919.1_results/PROKKA_06292018:CP006919.1_2 (length 571)
plasmid_files/CP006919.1_results/PROKKA_06292018:CP006919.1_3 (length 1009)
plasmid_files/CP006919.1_results/PROKKA_06292018:CP006919.1_4 (length 341)
plasmid_files/CP006919.1_results/PROKKA_06292018:CP006919.1_5 (length 259)
plasmid_files/CP006919.1_results/PROKKA_06292018:CP006919.1_6 (length 293)
plasmid_files/CP006919.1_results/PROKKA_06292018:CP006919.1_7 (length 439)
plasmid_files/CP006919.1_results/PROKKA_06292018:CP006919.1_8 (length 715)
plasmid_files/CP006919.1_results/PROKKA_06292018:CP006919.1_9 (length 139)
plasmid_files/CP006919.1_results/PROKKA_06292018:CP006919.1_10 (length 87)
plasmid_files/CP006919.1_results/PROKKA_06292018:CP006919.1_11 (length 99)
plasmid_files/CP006919.1_results/PROKKA_06292018:CP006919.1_12 (length 125)
plasmid_files/CP006919.1_results/PROKKA_06292018:CP006919.1_13 (length 59)
plasmid_files/CP006919.1_results/PROKKA_06292018:CP006919.1_14 (length 176)
plasmid_files/CP006919.1_results/PROKKA_06292018:CP006919.1_15 (length 243)
plasmid_files/CP006919.1_results/PROKKA_06292018:CP006919.1_16 (length 654)
plasmid_files/CP006919.1_results/PROKKA_06292018:CP006919.1_17 (length 42)
plasmid_files/CP006919.1_results/PROKKA_06292018:CP006919.1_18 (length 85)
plasmid_files/CP006919.1_results/PROKKA_06292018:CP006919.1_19 (length 561)
plasmid_files/CP006919.1_results/PROKKA_06292018:CP006919.1_20 (length 234)
plasmid_files/CP006919.1_results/PROKKA_06292018:CP006919.1_21 (length 85)
plasmid_files/CP006919.1_results/PROKKA_06292018:CP006919.1_22 (length 201)
plasmid_files/CP006919.1_results/PROKKA_06292018:CP006919.1_23 (length 185)

DiscRep_ALL:DISC_SOURCE_QUALS_ASNDISC::strain (all present, all unique)
DiscRep_SUB:DISC_SOURCE_QUALS_ASNDISC::1 sources have unique values for strain
DiscRep_ALL:DISC_SOURCE_QUALS_ASNDISC::taxname (all present, all unique)
DiscRep_SUB:DISC_SOURCE_QUALS_ASNDISC::1 sources have unique values for taxname
DiscRep_ALL:DISC_FEATURE_COUNT::CDS: 23 present
DiscRep_ALL:DISC_COUNT_NUCLEOTIDES::1 nucleotide Bioseqs are present
plasmid_files/CP006919.1_results/PROKKA_06292018:CP006919.1 (length 25284)

DiscRep_ALL:FEATURE_LOCATION_CONFLICT::23 features have inconsistent gene locations.
DiscRep_SUB:FEATURE_LOCATION_CONFLICT::Coding region xref gene does not exist
plasmid_files/CP006919.1_results/PROKKA_06292018:CDS	hypothetical protein	CP006919.1:1-909	DKEFGFPF_00001

DiscRep_SUB:FEATURE_LOCATION_CONFLICT::Coding region xref gene does not exist
plasmid_files/CP006919.1_results/PROKKA_06292018:CDS	Tyrosine recombinase XerD	CP006919.1:c2667-952	DKEFGFPF_00002

DiscRep_SUB:FEATURE_LOCATION_CONFLICT::Coding region xref gene does not exist
plasmid_files/CP006919.1_results/PROKKA_06292018:CDS	hypothetical protein	CP006919.1:2777-5806	DKEFGFPF_00003

DiscRep_SUB:FEATURE_LOCATION_CONFLICT::Coding region xref gene does not exist
plasmid_files/CP006919.1_results/PROKKA_06292018:CDS	hypothetical protein	CP006919.1:5913-6938	DKEFGFPF_00004

DiscRep_SUB:FEATURE_LOCATION_CONFLICT::Coding region xref gene does not exist
plasmid_files/CP006919.1_results/PROKKA_06292018:CDS	Insertion sequence IS5376 putative ATP-binding protein	CP006919.1:6935-7714	DKEFGFPF_00005

DiscRep_SUB:FEATURE_LOCATION_CONFLICT::Coding region xref gene does not exist
plasmid_files/CP006919.1_results/PROKKA_06292018:CDS	Carbapenem-hydrolyzing beta-lactamase KPC	CP006919.1:8101-8982	DKEFGFPF_00006

DiscRep_SUB:FEATURE_LOCATION_CONFLICT::Coding region xref gene does not exist
plasmid_files/CP006919.1_results/PROKKA_06292018:CDS	hypothetical protein	CP006919.1:c10551-9232	DKEFGFPF_00007

DiscRep_SUB:FEATURE_LOCATION_CONFLICT::Coding region xref gene does not exist
plasmid_files/CP006919.1_results/PROKKA_06292018:CDS	hypothetical protein	CP006919.1:10870-13017	DKEFGFPF_00008

DiscRep_SUB:FEATURE_LOCATION_CONFLICT::Coding region xref gene does not exist
plasmid_files/CP006919.1_results/PROKKA_06292018:CDS	hypothetical protein	CP006919.1:13094-13513	DKEFGFPF_00009

DiscRep_SUB:FEATURE_LOCATION_CONFLICT::Coding region xref gene does not exist
plasmid_files/CP006919.1_results/PROKKA_06292018:CDS	hypothetical protein	CP006919.1:13819-14082	DKEFGFPF_00010

DiscRep_SUB:FEATURE_LOCATION_CONFLICT::Coding region xref gene does not exist
plasmid_files/CP006919.1_results/PROKKA_06292018:CDS	hypothetical protein	CP006919.1:14072-14371	DKEFGFPF_00011

DiscRep_SUB:FEATURE_LOCATION_CONFLICT::Coding region xref gene does not exist
plasmid_files/CP006919.1_results/PROKKA_06292018:CDS	hypothetical protein	CP006919.1:c14810-14433	DKEFGFPF_00012

DiscRep_SUB:FEATURE_LOCATION_CONFLICT::Coding region xref gene does not exist
plasmid_files/CP006919.1_results/PROKKA_06292018:CDS	Regulatory protein rop	CP006919.1:14879-15058	DKEFGFPF_00013

DiscRep_SUB:FEATURE_LOCATION_CONFLICT::Coding region xref gene does not exist
plasmid_files/CP006919.1_results/PROKKA_06292018:CDS	hypothetical protein	CP006919.1:c15616-15086	DKEFGFPF_00014

DiscRep_SUB:FEATURE_LOCATION_CONFLICT::Coding region xref gene does not exist
plasmid_files/CP006919.1_results/PROKKA_06292018:CDS	hypothetical protein	CP006919.1:c16354-15623	DKEFGFPF_00015

DiscRep_SUB:FEATURE_LOCATION_CONFLICT::Coding region xref gene does not exist
plasmid_files/CP006919.1_results/PROKKA_06292018:CDS	hypothetical protein	CP006919.1:c18318-16354	DKEFGFPF_00016

DiscRep_SUB:FEATURE_LOCATION_CONFLICT::Coding region xref gene does not exist
plasmid_files/CP006919.1_results/PROKKA_06292018:CDS	hypothetical protein	CP006919.1:c19158-19030	DKEFGFPF_00017

DiscRep_SUB:FEATURE_LOCATION_CONFLICT::Coding region xref gene does not exist
plasmid_files/CP006919.1_results/PROKKA_06292018:CDS	Cloacin immunity protein	CP006919.1:c20290-20033	DKEFGFPF_00018

DiscRep_SUB:FEATURE_LOCATION_CONFLICT::Coding region xref gene does not exist
plasmid_files/CP006919.1_results/PROKKA_06292018:CDS	Colicin-E3	CP006919.1:c21985-20300	DKEFGFPF_00019

DiscRep_SUB:FEATURE_LOCATION_CONFLICT::Coding region xref gene does not exist
plasmid_files/CP006919.1_results/PROKKA_06292018:CDS	hypothetical protein	CP006919.1:c23425-22721	DKEFGFPF_00020

DiscRep_SUB:FEATURE_LOCATION_CONFLICT::Coding region xref gene does not exist
plasmid_files/CP006919.1_results/PROKKA_06292018:CDS	Streptomycin 3''-adenylyltransferase	CP006919.1:c23694-23437	DKEFGFPF_00021

DiscRep_SUB:FEATURE_LOCATION_CONFLICT::Coding region xref gene does not exist
plasmid_files/CP006919.1_results/PROKKA_06292018:CDS	Aminoglycoside N(6')-acetyltransferase type 1	CP006919.1:c24381-23776	DKEFGFPF_00022

DiscRep_SUB:FEATURE_LOCATION_CONFLICT::Coding region xref gene does not exist
plasmid_files/CP006919.1_results/PROKKA_06292018:CDS	Transposon Tn3 resolvase	CP006919.1:c25121-24564	DKEFGFPF_00023

DiscRep_ALL:DISC_QUALITY_SCORES::Quality scores are missing on all sequences.

DiscRep_ALL:ONCALLER_COMMENT_PRESENT::1 comment descriptors were found (all same)
plasmid_files/CP006919.1_results/PROKKA_06292018:CP006919.1:Annotated using prokka 1.14-dev from https://github.com/tseemann/prokka

DiscRep_ALL:SHORT_PROT_SEQUENCES::1 protein sequences are shorter than 50 aa.
plasmid_files/CP006919.1_results/PROKKA_06292018:CP006919.1_17 (length 42)

DiscRep_ALL:MISSING_GENOMEASSEMBLY_COMMENTS::1 bioseqs are missing GenomeAssembly structured comments
plasmid_files/CP006919.1_results/PROKKA_06292018:CP006919.1 (length 25284)

DiscRep_ALL:MOLTYPE_NOT_MRNA::1 molecule types are not set as mRNA.
plasmid_files/CP006919.1_results/PROKKA_06292018:CP006919.1 (length 25284)

DiscRep_ALL:TECHNIQUE_NOT_TSA::1 technique are not set as TSA
plasmid_files/CP006919.1_results/PROKKA_06292018:CP006919.1 (length 25284)

DiscRep_ALL:MISSING_STRUCTURED_COMMENT::1 sequences do not include structured comments.
plasmid_files/CP006919.1_results/PROKKA_06292018:CP006919.1 (length 25284)

DiscRep_ALL:MISSING_PROJECT::24 sequences do not include project.
plasmid_files/CP006919.1_results/PROKKA_06292018:CP006919.1 (length 25284)
plasmid_files/CP006919.1_results/PROKKA_06292018:CP006919.1_1 (length 302)
plasmid_files/CP006919.1_results/PROKKA_06292018:CP006919.1_2 (length 571)
plasmid_files/CP006919.1_results/PROKKA_06292018:CP006919.1_3 (length 1009)
plasmid_files/CP006919.1_results/PROKKA_06292018:CP006919.1_4 (length 341)
plasmid_files/CP006919.1_results/PROKKA_06292018:CP006919.1_5 (length 259)
plasmid_files/CP006919.1_results/PROKKA_06292018:CP006919.1_6 (length 293)
plasmid_files/CP006919.1_results/PROKKA_06292018:CP006919.1_7 (length 439)
plasmid_files/CP006919.1_results/PROKKA_06292018:CP006919.1_8 (length 715)
plasmid_files/CP006919.1_results/PROKKA_06292018:CP006919.1_9 (length 139)
plasmid_files/CP006919.1_results/PROKKA_06292018:CP006919.1_10 (length 87)
plasmid_files/CP006919.1_results/PROKKA_06292018:CP006919.1_11 (length 99)
plasmid_files/CP006919.1_results/PROKKA_06292018:CP006919.1_12 (length 125)
plasmid_files/CP006919.1_results/PROKKA_06292018:CP006919.1_13 (length 59)
plasmid_files/CP006919.1_results/PROKKA_06292018:CP006919.1_14 (length 176)
plasmid_files/CP006919.1_results/PROKKA_06292018:CP006919.1_15 (length 243)
plasmid_files/CP006919.1_results/PROKKA_06292018:CP006919.1_16 (length 654)
plasmid_files/CP006919.1_results/PROKKA_06292018:CP006919.1_17 (length 42)
plasmid_files/CP006919.1_results/PROKKA_06292018:CP006919.1_18 (length 85)
plasmid_files/CP006919.1_results/PROKKA_06292018:CP006919.1_19 (length 561)
plasmid_files/CP006919.1_results/PROKKA_06292018:CP006919.1_20 (length 234)
plasmid_files/CP006919.1_results/PROKKA_06292018:CP006919.1_21 (length 85)
plasmid_files/CP006919.1_results/PROKKA_06292018:CP006919.1_22 (length 201)
plasmid_files/CP006919.1_results/PROKKA_06292018:CP006919.1_23 (length 185)

DiscRep_ALL:DISC_INCONSISTENT_MOLINFO_TECH::Molinfo Technique Report (some missing, all same)
DiscRep_SUB:DISC_INCONSISTENT_MOLINFO_TECH::technique (all missing)
DiscRep_SUB:DISC_INCONSISTENT_MOLINFO_TECH::1 Molinfos are missing field technique
plasmid_files/CP006919.1_results/PROKKA_06292018:CP006919.1 (length 25284)

