Discrepancy Report Results

Summary
FATAL: MISSING_PROTEIN_ID:173 proteins have invalid IDs.
DISC_SOURCE_QUALS_ASNDISC:strain (all present, all unique)
DISC_SOURCE_QUALS_ASNDISC:taxname (all present, all unique)
DISC_FEATURE_COUNT:CDS: 173 present
DISC_COUNT_NUCLEOTIDES:1 nucleotide Bioseqs are present
FEATURE_LOCATION_CONFLICT:173 features have inconsistent gene locations.
OVERLAPPING_CDS:2 coding regions overlap another coding region with a similar or identical name.
SUSPECT_PRODUCT_NAMES:2 product_names contain suspect phrase or characters
	May contain database identifier more appropriate in note; remove from product name
		2 features Three or more numbers together
DISC_QUALITY_SCORES:Quality scores are missing on all sequences.
ONCALLER_COMMENT_PRESENT:1 comment descriptors were found (all same)
SHORT_PROT_SEQUENCES:5 protein sequences are shorter than 50 aa.
MISSING_GENOMEASSEMBLY_COMMENTS:1 bioseqs are missing GenomeAssembly structured comments
MOLTYPE_NOT_MRNA:1 molecule types are not set as mRNA.
TECHNIQUE_NOT_TSA:1 technique are not set as TSA
MISSING_STRUCTURED_COMMENT:1 sequences do not include structured comments.
MISSING_PROJECT:174 sequences do not include project.
DISC_INCONSISTENT_MOLINFO_TECH:Molinfo Technique Report (some missing, all same)


Detailed Report

FATAL: DiscRep_ALL:MISSING_PROTEIN_ID::173 proteins have invalid IDs.
plasmid_files/CP025458.1_results/PROKKA_06292018:CP025458.1_1 (length 176)
plasmid_files/CP025458.1_results/PROKKA_06292018:CP025458.1_2 (length 314)
plasmid_files/CP025458.1_results/PROKKA_06292018:CP025458.1_3 (length 130)
plasmid_files/CP025458.1_results/PROKKA_06292018:CP025458.1_4 (length 173)
plasmid_files/CP025458.1_results/PROKKA_06292018:CP025458.1_5 (length 67)
plasmid_files/CP025458.1_results/PROKKA_06292018:CP025458.1_6 (length 334)
plasmid_files/CP025458.1_results/PROKKA_06292018:CP025458.1_7 (length 259)
plasmid_files/CP025458.1_results/PROKKA_06292018:CP025458.1_8 (length 85)
plasmid_files/CP025458.1_results/PROKKA_06292018:CP025458.1_9 (length 31)
plasmid_files/CP025458.1_results/PROKKA_06292018:CP025458.1_10 (length 91)
plasmid_files/CP025458.1_results/PROKKA_06292018:CP025458.1_11 (length 240)
plasmid_files/CP025458.1_results/PROKKA_06292018:CP025458.1_12 (length 203)
plasmid_files/CP025458.1_results/PROKKA_06292018:CP025458.1_13 (length 401)
plasmid_files/CP025458.1_results/PROKKA_06292018:CP025458.1_14 (length 324)
plasmid_files/CP025458.1_results/PROKKA_06292018:CP025458.1_15 (length 423)
plasmid_files/CP025458.1_results/PROKKA_06292018:CP025458.1_16 (length 143)
plasmid_files/CP025458.1_results/PROKKA_06292018:CP025458.1_17 (length 495)
plasmid_files/CP025458.1_results/PROKKA_06292018:CP025458.1_18 (length 323)
plasmid_files/CP025458.1_results/PROKKA_06292018:CP025458.1_19 (length 223)
plasmid_files/CP025458.1_results/PROKKA_06292018:CP025458.1_20 (length 76)
plasmid_files/CP025458.1_results/PROKKA_06292018:CP025458.1_21 (length 233)
plasmid_files/CP025458.1_results/PROKKA_06292018:CP025458.1_22 (length 73)
plasmid_files/CP025458.1_results/PROKKA_06292018:CP025458.1_23 (length 139)
plasmid_files/CP025458.1_results/PROKKA_06292018:CP025458.1_24 (length 255)
plasmid_files/CP025458.1_results/PROKKA_06292018:CP025458.1_25 (length 142)
plasmid_files/CP025458.1_results/PROKKA_06292018:CP025458.1_26 (length 168)
plasmid_files/CP025458.1_results/PROKKA_06292018:CP025458.1_27 (length 63)
plasmid_files/CP025458.1_results/PROKKA_06292018:CP025458.1_28 (length 84)
plasmid_files/CP025458.1_results/PROKKA_06292018:CP025458.1_29 (length 106)
plasmid_files/CP025458.1_results/PROKKA_06292018:CP025458.1_30 (length 75)
plasmid_files/CP025458.1_results/PROKKA_06292018:CP025458.1_31 (length 76)
plasmid_files/CP025458.1_results/PROKKA_06292018:CP025458.1_32 (length 451)
plasmid_files/CP025458.1_results/PROKKA_06292018:CP025458.1_33 (length 187)
plasmid_files/CP025458.1_results/PROKKA_06292018:CP025458.1_34 (length 109)
plasmid_files/CP025458.1_results/PROKKA_06292018:CP025458.1_35 (length 180)
plasmid_files/CP025458.1_results/PROKKA_06292018:CP025458.1_36 (length 82)
plasmid_files/CP025458.1_results/PROKKA_06292018:CP025458.1_37 (length 685)
plasmid_files/CP025458.1_results/PROKKA_06292018:CP025458.1_38 (length 143)
plasmid_files/CP025458.1_results/PROKKA_06292018:CP025458.1_39 (length 242)
plasmid_files/CP025458.1_results/PROKKA_06292018:CP025458.1_40 (length 108)
plasmid_files/CP025458.1_results/PROKKA_06292018:CP025458.1_41 (length 124)
plasmid_files/CP025458.1_results/PROKKA_06292018:CP025458.1_42 (length 52)
plasmid_files/CP025458.1_results/PROKKA_06292018:CP025458.1_43 (length 90)
plasmid_files/CP025458.1_results/PROKKA_06292018:CP025458.1_44 (length 116)
plasmid_files/CP025458.1_results/PROKKA_06292018:CP025458.1_45 (length 105)
plasmid_files/CP025458.1_results/PROKKA_06292018:CP025458.1_46 (length 118)
plasmid_files/CP025458.1_results/PROKKA_06292018:CP025458.1_47 (length 70)
plasmid_files/CP025458.1_results/PROKKA_06292018:CP025458.1_48 (length 74)
plasmid_files/CP025458.1_results/PROKKA_06292018:CP025458.1_49 (length 106)
plasmid_files/CP025458.1_results/PROKKA_06292018:CP025458.1_50 (length 92)
plasmid_files/CP025458.1_results/PROKKA_06292018:CP025458.1_51 (length 234)
plasmid_files/CP025458.1_results/PROKKA_06292018:CP025458.1_52 (length 316)
plasmid_files/CP025458.1_results/PROKKA_06292018:CP025458.1_53 (length 203)
plasmid_files/CP025458.1_results/PROKKA_06292018:CP025458.1_54 (length 131)
plasmid_files/CP025458.1_results/PROKKA_06292018:CP025458.1_55 (length 135)
plasmid_files/CP025458.1_results/PROKKA_06292018:CP025458.1_56 (length 326)
plasmid_files/CP025458.1_results/PROKKA_06292018:CP025458.1_57 (length 42)
plasmid_files/CP025458.1_results/PROKKA_06292018:CP025458.1_58 (length 187)
plasmid_files/CP025458.1_results/PROKKA_06292018:CP025458.1_59 (length 234)
plasmid_files/CP025458.1_results/PROKKA_06292018:CP025458.1_60 (length 213)
plasmid_files/CP025458.1_results/PROKKA_06292018:CP025458.1_61 (length 166)
plasmid_files/CP025458.1_results/PROKKA_06292018:CP025458.1_62 (length 234)
plasmid_files/CP025458.1_results/PROKKA_06292018:CP025458.1_63 (length 245)
plasmid_files/CP025458.1_results/PROKKA_06292018:CP025458.1_64 (length 74)
plasmid_files/CP025458.1_results/PROKKA_06292018:CP025458.1_65 (length 58)
plasmid_files/CP025458.1_results/PROKKA_06292018:CP025458.1_66 (length 334)
plasmid_files/CP025458.1_results/PROKKA_06292018:CP025458.1_67 (length 584)
plasmid_files/CP025458.1_results/PROKKA_06292018:CP025458.1_68 (length 234)
plasmid_files/CP025458.1_results/PROKKA_06292018:CP025458.1_69 (length 341)
plasmid_files/CP025458.1_results/PROKKA_06292018:CP025458.1_70 (length 322)
plasmid_files/CP025458.1_results/PROKKA_06292018:CP025458.1_71 (length 291)
plasmid_files/CP025458.1_results/PROKKA_06292018:CP025458.1_72 (length 40)
plasmid_files/CP025458.1_results/PROKKA_06292018:CP025458.1_73 (length 234)
plasmid_files/CP025458.1_results/PROKKA_06292018:CP025458.1_74 (length 177)
plasmid_files/CP025458.1_results/PROKKA_06292018:CP025458.1_75 (length 71)
plasmid_files/CP025458.1_results/PROKKA_06292018:CP025458.1_76 (length 110)
plasmid_files/CP025458.1_results/PROKKA_06292018:CP025458.1_77 (length 85)
plasmid_files/CP025458.1_results/PROKKA_06292018:CP025458.1_78 (length 217)
plasmid_files/CP025458.1_results/PROKKA_06292018:CP025458.1_79 (length 285)
plasmid_files/CP025458.1_results/PROKKA_06292018:CP025458.1_80 (length 82)
plasmid_files/CP025458.1_results/PROKKA_06292018:CP025458.1_81 (length 49)
plasmid_files/CP025458.1_results/PROKKA_06292018:CP025458.1_82 (length 110)
plasmid_files/CP025458.1_results/PROKKA_06292018:CP025458.1_83 (length 199)
plasmid_files/CP025458.1_results/PROKKA_06292018:CP025458.1_84 (length 66)
plasmid_files/CP025458.1_results/PROKKA_06292018:CP025458.1_85 (length 186)
plasmid_files/CP025458.1_results/PROKKA_06292018:CP025458.1_86 (length 248)
plasmid_files/CP025458.1_results/PROKKA_06292018:CP025458.1_87 (length 234)
plasmid_files/CP025458.1_results/PROKKA_06292018:CP025458.1_88 (length 425)
plasmid_files/CP025458.1_results/PROKKA_06292018:CP025458.1_89 (length 234)
plasmid_files/CP025458.1_results/PROKKA_06292018:CP025458.1_90 (length 191)
plasmid_files/CP025458.1_results/PROKKA_06292018:CP025458.1_91 (length 234)
plasmid_files/CP025458.1_results/PROKKA_06292018:CP025458.1_92 (length 240)
plasmid_files/CP025458.1_results/PROKKA_06292018:CP025458.1_93 (length 62)
plasmid_files/CP025458.1_results/PROKKA_06292018:CP025458.1_94 (length 171)
plasmid_files/CP025458.1_results/PROKKA_06292018:CP025458.1_95 (length 286)
plasmid_files/CP025458.1_results/PROKKA_06292018:CP025458.1_96 (length 251)
plasmid_files/CP025458.1_results/PROKKA_06292018:CP025458.1_97 (length 93)
plasmid_files/CP025458.1_results/PROKKA_06292018:CP025458.1_98 (length 234)
plasmid_files/CP025458.1_results/PROKKA_06292018:CP025458.1_99 (length 47)
plasmid_files/CP025458.1_results/PROKKA_06292018:CP025458.1_100 (length 78)
plasmid_files/CP025458.1_results/PROKKA_06292018:CP025458.1_101 (length 93)
plasmid_files/CP025458.1_results/PROKKA_06292018:CP025458.1_102 (length 117)
plasmid_files/CP025458.1_results/PROKKA_06292018:CP025458.1_103 (length 320)
plasmid_files/CP025458.1_results/PROKKA_06292018:CP025458.1_104 (length 227)
plasmid_files/CP025458.1_results/PROKKA_06292018:CP025458.1_105 (length 73)
plasmid_files/CP025458.1_results/PROKKA_06292018:CP025458.1_106 (length 144)
plasmid_files/CP025458.1_results/PROKKA_06292018:CP025458.1_107 (length 275)
plasmid_files/CP025458.1_results/PROKKA_06292018:CP025458.1_108 (length 141)
plasmid_files/CP025458.1_results/PROKKA_06292018:CP025458.1_109 (length 140)
plasmid_files/CP025458.1_results/PROKKA_06292018:CP025458.1_110 (length 63)
plasmid_files/CP025458.1_results/PROKKA_06292018:CP025458.1_111 (length 555)
plasmid_files/CP025458.1_results/PROKKA_06292018:CP025458.1_112 (length 85)
plasmid_files/CP025458.1_results/PROKKA_06292018:CP025458.1_113 (length 76)
plasmid_files/CP025458.1_results/PROKKA_06292018:CP025458.1_114 (length 453)
plasmid_files/CP025458.1_results/PROKKA_06292018:CP025458.1_115 (length 187)
plasmid_files/CP025458.1_results/PROKKA_06292018:CP025458.1_116 (length 155)
plasmid_files/CP025458.1_results/PROKKA_06292018:CP025458.1_117 (length 78)
plasmid_files/CP025458.1_results/PROKKA_06292018:CP025458.1_118 (length 175)
plasmid_files/CP025458.1_results/PROKKA_06292018:CP025458.1_119 (length 77)
plasmid_files/CP025458.1_results/PROKKA_06292018:CP025458.1_120 (length 473)
plasmid_files/CP025458.1_results/PROKKA_06292018:CP025458.1_121 (length 191)
plasmid_files/CP025458.1_results/PROKKA_06292018:CP025458.1_122 (length 144)
plasmid_files/CP025458.1_results/PROKKA_06292018:CP025458.1_123 (length 239)
plasmid_files/CP025458.1_results/PROKKA_06292018:CP025458.1_124 (length 71)
plasmid_files/CP025458.1_results/PROKKA_06292018:CP025458.1_125 (length 125)
plasmid_files/CP025458.1_results/PROKKA_06292018:CP025458.1_126 (length 78)
plasmid_files/CP025458.1_results/PROKKA_06292018:CP025458.1_127 (length 98)
plasmid_files/CP025458.1_results/PROKKA_06292018:CP025458.1_128 (length 273)
plasmid_files/CP025458.1_results/PROKKA_06292018:CP025458.1_129 (length 215)
plasmid_files/CP025458.1_results/PROKKA_06292018:CP025458.1_130 (length 87)
plasmid_files/CP025458.1_results/PROKKA_06292018:CP025458.1_131 (length 228)
plasmid_files/CP025458.1_results/PROKKA_06292018:CP025458.1_132 (length 75)
plasmid_files/CP025458.1_results/PROKKA_06292018:CP025458.1_133 (length 121)
plasmid_files/CP025458.1_results/PROKKA_06292018:CP025458.1_134 (length 103)
plasmid_files/CP025458.1_results/PROKKA_06292018:CP025458.1_135 (length 188)
plasmid_files/CP025458.1_results/PROKKA_06292018:CP025458.1_136 (length 242)
plasmid_files/CP025458.1_results/PROKKA_06292018:CP025458.1_137 (length 85)
plasmid_files/CP025458.1_results/PROKKA_06292018:CP025458.1_138 (length 234)
plasmid_files/CP025458.1_results/PROKKA_06292018:CP025458.1_139 (length 143)
plasmid_files/CP025458.1_results/PROKKA_06292018:CP025458.1_140 (length 207)
plasmid_files/CP025458.1_results/PROKKA_06292018:CP025458.1_141 (length 210)
plasmid_files/CP025458.1_results/PROKKA_06292018:CP025458.1_142 (length 300)
plasmid_files/CP025458.1_results/PROKKA_06292018:CP025458.1_143 (length 253)
plasmid_files/CP025458.1_results/PROKKA_06292018:CP025458.1_144 (length 286)
plasmid_files/CP025458.1_results/PROKKA_06292018:CP025458.1_145 (length 637)
plasmid_files/CP025458.1_results/PROKKA_06292018:CP025458.1_146 (length 234)
plasmid_files/CP025458.1_results/PROKKA_06292018:CP025458.1_147 (length 133)
plasmid_files/CP025458.1_results/PROKKA_06292018:CP025458.1_148 (length 326)
plasmid_files/CP025458.1_results/PROKKA_06292018:CP025458.1_149 (length 293)
plasmid_files/CP025458.1_results/PROKKA_06292018:CP025458.1_150 (length 326)
plasmid_files/CP025458.1_results/PROKKA_06292018:CP025458.1_151 (length 98)
plasmid_files/CP025458.1_results/PROKKA_06292018:CP025458.1_152 (length 51)
plasmid_files/CP025458.1_results/PROKKA_06292018:CP025458.1_153 (length 141)
plasmid_files/CP025458.1_results/PROKKA_06292018:CP025458.1_154 (length 92)
plasmid_files/CP025458.1_results/PROKKA_06292018:CP025458.1_155 (length 186)
plasmid_files/CP025458.1_results/PROKKA_06292018:CP025458.1_156 (length 186)
plasmid_files/CP025458.1_results/PROKKA_06292018:CP025458.1_157 (length 411)
plasmid_files/CP025458.1_results/PROKKA_06292018:CP025458.1_158 (length 234)
plasmid_files/CP025458.1_results/PROKKA_06292018:CP025458.1_159 (length 396)
plasmid_files/CP025458.1_results/PROKKA_06292018:CP025458.1_160 (length 235)
plasmid_files/CP025458.1_results/PROKKA_06292018:CP025458.1_161 (length 78)
plasmid_files/CP025458.1_results/PROKKA_06292018:CP025458.1_162 (length 120)
plasmid_files/CP025458.1_results/PROKKA_06292018:CP025458.1_163 (length 564)
plasmid_files/CP025458.1_results/PROKKA_06292018:CP025458.1_164 (length 153)
plasmid_files/CP025458.1_results/PROKKA_06292018:CP025458.1_165 (length 91)
plasmid_files/CP025458.1_results/PROKKA_06292018:CP025458.1_166 (length 116)
plasmid_files/CP025458.1_results/PROKKA_06292018:CP025458.1_167 (length 144)
plasmid_files/CP025458.1_results/PROKKA_06292018:CP025458.1_168 (length 334)
plasmid_files/CP025458.1_results/PROKKA_06292018:CP025458.1_169 (length 126)
plasmid_files/CP025458.1_results/PROKKA_06292018:CP025458.1_170 (length 125)
plasmid_files/CP025458.1_results/PROKKA_06292018:CP025458.1_171 (length 340)
plasmid_files/CP025458.1_results/PROKKA_06292018:CP025458.1_172 (length 520)
plasmid_files/CP025458.1_results/PROKKA_06292018:CP025458.1_173 (length 90)

DiscRep_ALL:DISC_SOURCE_QUALS_ASNDISC::strain (all present, all unique)
DiscRep_SUB:DISC_SOURCE_QUALS_ASNDISC::1 sources have unique values for strain
DiscRep_ALL:DISC_SOURCE_QUALS_ASNDISC::taxname (all present, all unique)
DiscRep_SUB:DISC_SOURCE_QUALS_ASNDISC::1 sources have unique values for taxname
DiscRep_ALL:DISC_FEATURE_COUNT::CDS: 173 present
DiscRep_ALL:DISC_COUNT_NUCLEOTIDES::1 nucleotide Bioseqs are present
plasmid_files/CP025458.1_results/PROKKA_06292018:CP025458.1 (length 128563)

DiscRep_ALL:FEATURE_LOCATION_CONFLICT::173 features have inconsistent gene locations.
DiscRep_SUB:FEATURE_LOCATION_CONFLICT::Coding region xref gene does not exist
plasmid_files/CP025458.1_results/PROKKA_06292018:CDS	hypothetical protein	CP025458.1:130-660	LAJDAFJM_00001

DiscRep_SUB:FEATURE_LOCATION_CONFLICT::Coding region xref gene does not exist
plasmid_files/CP025458.1_results/PROKKA_06292018:CDS	hypothetical protein	CP025458.1:821-1765	LAJDAFJM_00002

DiscRep_SUB:FEATURE_LOCATION_CONFLICT::Coding region xref gene does not exist
plasmid_files/CP025458.1_results/PROKKA_06292018:CDS	hypothetical protein	CP025458.1:1802-2194	LAJDAFJM_00003

DiscRep_SUB:FEATURE_LOCATION_CONFLICT::Coding region xref gene does not exist
plasmid_files/CP025458.1_results/PROKKA_06292018:CDS	hypothetical protein	CP025458.1:2252-2773	LAJDAFJM_00004

DiscRep_SUB:FEATURE_LOCATION_CONFLICT::Coding region xref gene does not exist
plasmid_files/CP025458.1_results/PROKKA_06292018:CDS	hypothetical protein	CP025458.1:2819-3022	LAJDAFJM_00005

DiscRep_SUB:FEATURE_LOCATION_CONFLICT::Coding region xref gene does not exist
plasmid_files/CP025458.1_results/PROKKA_06292018:CDS	hypothetical protein	CP025458.1:3052-4056	LAJDAFJM_00006

DiscRep_SUB:FEATURE_LOCATION_CONFLICT::Coding region xref gene does not exist
plasmid_files/CP025458.1_results/PROKKA_06292018:CDS	Tyrosine recombinase XerD	CP025458.1:4240-5019	LAJDAFJM_00007

DiscRep_SUB:FEATURE_LOCATION_CONFLICT::Coding region xref gene does not exist
plasmid_files/CP025458.1_results/PROKKA_06292018:CDS	hypothetical protein	CP025458.1:c5322-5065	LAJDAFJM_00008

DiscRep_SUB:FEATURE_LOCATION_CONFLICT::Coding region xref gene does not exist
plasmid_files/CP025458.1_results/PROKKA_06292018:CDS	hypothetical protein	CP025458.1:c5546-5451	LAJDAFJM_00009

DiscRep_SUB:FEATURE_LOCATION_CONFLICT::Coding region xref gene does not exist
plasmid_files/CP025458.1_results/PROKKA_06292018:CDS	hypothetical protein	CP025458.1:c5882-5607	LAJDAFJM_00010

DiscRep_SUB:FEATURE_LOCATION_CONFLICT::Coding region xref gene does not exist
plasmid_files/CP025458.1_results/PROKKA_06292018:CDS	Replication initiation protein	CP025458.1:6244-6966	LAJDAFJM_00011

DiscRep_SUB:FEATURE_LOCATION_CONFLICT::Coding region xref gene does not exist
plasmid_files/CP025458.1_results/PROKKA_06292018:CDS	hypothetical protein	CP025458.1:c7662-7051	LAJDAFJM_00012

DiscRep_SUB:FEATURE_LOCATION_CONFLICT::Coding region xref gene does not exist
plasmid_files/CP025458.1_results/PROKKA_06292018:CDS	Plasmid partition protein A	CP025458.1:8076-9281	LAJDAFJM_00013

DiscRep_SUB:FEATURE_LOCATION_CONFLICT::Coding region xref gene does not exist
plasmid_files/CP025458.1_results/PROKKA_06292018:CDS	Virulence regulon transcriptional activator VirB	CP025458.1:9281-10255	LAJDAFJM_00014

DiscRep_SUB:FEATURE_LOCATION_CONFLICT::Coding region xref gene does not exist
plasmid_files/CP025458.1_results/PROKKA_06292018:CDS	Protein UmuC	CP025458.1:c11608-10337	LAJDAFJM_00015

DiscRep_SUB:FEATURE_LOCATION_CONFLICT::Coding region xref gene does not exist
plasmid_files/CP025458.1_results/PROKKA_06292018:CDS	Protein UmuD	CP025458.1:c12039-11608	LAJDAFJM_00016

DiscRep_SUB:FEATURE_LOCATION_CONFLICT::Coding region xref gene does not exist
plasmid_files/CP025458.1_results/PROKKA_06292018:CDS	Group II intron-encoded protein LtrA	CP025458.1:12446-13933	LAJDAFJM_00017

DiscRep_SUB:FEATURE_LOCATION_CONFLICT::Coding region xref gene does not exist
plasmid_files/CP025458.1_results/PROKKA_06292018:CDS	Plasmid segregation protein ParM	CP025458.1:14182-15153	LAJDAFJM_00018

DiscRep_SUB:FEATURE_LOCATION_CONFLICT::Coding region xref gene does not exist
plasmid_files/CP025458.1_results/PROKKA_06292018:CDS	hypothetical protein	CP025458.1:15156-15827	LAJDAFJM_00019

DiscRep_SUB:FEATURE_LOCATION_CONFLICT::Coding region xref gene does not exist
plasmid_files/CP025458.1_results/PROKKA_06292018:CDS	hypothetical protein	CP025458.1:15890-16120	LAJDAFJM_00020

DiscRep_SUB:FEATURE_LOCATION_CONFLICT::Coding region xref gene does not exist
plasmid_files/CP025458.1_results/PROKKA_06292018:CDS	DNA adenine methyltransferase YhdJ	CP025458.1:16557-17258	LAJDAFJM_00021

DiscRep_SUB:FEATURE_LOCATION_CONFLICT::Coding region xref gene does not exist
plasmid_files/CP025458.1_results/PROKKA_06292018:CDS	hypothetical protein	CP025458.1:17258-17479	LAJDAFJM_00022

DiscRep_SUB:FEATURE_LOCATION_CONFLICT::Coding region xref gene does not exist
plasmid_files/CP025458.1_results/PROKKA_06292018:CDS	hypothetical protein	CP025458.1:17489-17908	LAJDAFJM_00023

DiscRep_SUB:FEATURE_LOCATION_CONFLICT::Coding region xref gene does not exist
plasmid_files/CP025458.1_results/PROKKA_06292018:CDS	hypothetical protein	CP025458.1:17962-18729	LAJDAFJM_00024

DiscRep_SUB:FEATURE_LOCATION_CONFLICT::Coding region xref gene does not exist
plasmid_files/CP025458.1_results/PROKKA_06292018:CDS	Antirestriction protein KlcA	CP025458.1:19410-19838	LAJDAFJM_00025

DiscRep_SUB:FEATURE_LOCATION_CONFLICT::Coding region xref gene does not exist
plasmid_files/CP025458.1_results/PROKKA_06292018:CDS	hypothetical protein	CP025458.1:19881-20387	LAJDAFJM_00026

DiscRep_SUB:FEATURE_LOCATION_CONFLICT::Coding region xref gene does not exist
plasmid_files/CP025458.1_results/PROKKA_06292018:CDS	hypothetical protein	CP025458.1:20430-20621	LAJDAFJM_00027

DiscRep_SUB:FEATURE_LOCATION_CONFLICT::Coding region xref gene does not exist
plasmid_files/CP025458.1_results/PROKKA_06292018:CDS	DNA polymerase III subunit theta	CP025458.1:20809-21063	LAJDAFJM_00028

DiscRep_SUB:FEATURE_LOCATION_CONFLICT::Coding region xref gene does not exist
plasmid_files/CP025458.1_results/PROKKA_06292018:CDS	hypothetical protein	CP025458.1:21098-21418	LAJDAFJM_00029

DiscRep_SUB:FEATURE_LOCATION_CONFLICT::Coding region xref gene does not exist
plasmid_files/CP025458.1_results/PROKKA_06292018:CDS	hypothetical protein	CP025458.1:22098-22325	LAJDAFJM_00030

DiscRep_SUB:FEATURE_LOCATION_CONFLICT::Coding region xref gene does not exist
plasmid_files/CP025458.1_results/PROKKA_06292018:CDS	hypothetical protein	CP025458.1:22417-22647	LAJDAFJM_00031

DiscRep_SUB:FEATURE_LOCATION_CONFLICT::Coding region xref gene does not exist
plasmid_files/CP025458.1_results/PROKKA_06292018:CDS	hypothetical protein	CP025458.1:22699-24054	LAJDAFJM_00032

DiscRep_SUB:FEATURE_LOCATION_CONFLICT::Coding region xref gene does not exist
plasmid_files/CP025458.1_results/PROKKA_06292018:CDS	hypothetical protein	CP025458.1:24102-24665	LAJDAFJM_00033

DiscRep_SUB:FEATURE_LOCATION_CONFLICT::Coding region xref gene does not exist
plasmid_files/CP025458.1_results/PROKKA_06292018:CDS	hypothetical protein	CP025458.1:c24889-24560	LAJDAFJM_00034

DiscRep_SUB:FEATURE_LOCATION_CONFLICT::Coding region xref gene does not exist
plasmid_files/CP025458.1_results/PROKKA_06292018:CDS	Plasmid-derived single-stranded DNA-binding protein	CP025458.1:25498-26040	LAJDAFJM_00035

DiscRep_SUB:FEATURE_LOCATION_CONFLICT::Coding region xref gene does not exist
plasmid_files/CP025458.1_results/PROKKA_06292018:CDS	hypothetical protein	CP025458.1:26089-26337	LAJDAFJM_00036

DiscRep_SUB:FEATURE_LOCATION_CONFLICT::Coding region xref gene does not exist
plasmid_files/CP025458.1_results/PROKKA_06292018:CDS	Chromosome-partitioning protein Spo0J	CP025458.1:26407-28464	LAJDAFJM_00037

DiscRep_SUB:FEATURE_LOCATION_CONFLICT::Coding region xref gene does not exist
plasmid_files/CP025458.1_results/PROKKA_06292018:CDS	Protein PsiB	CP025458.1:28509-28940	LAJDAFJM_00038

DiscRep_SUB:FEATURE_LOCATION_CONFLICT::Coding region xref gene does not exist
plasmid_files/CP025458.1_results/PROKKA_06292018:CDS	hypothetical protein	CP025458.1:28937-29665	LAJDAFJM_00039

DiscRep_SUB:FEATURE_LOCATION_CONFLICT::Coding region xref gene does not exist
plasmid_files/CP025458.1_results/PROKKA_06292018:CDS	hypothetical protein	CP025458.1:29662-29988	LAJDAFJM_00040

DiscRep_SUB:FEATURE_LOCATION_CONFLICT::Coding region xref gene does not exist
plasmid_files/CP025458.1_results/PROKKA_06292018:CDS	hypothetical protein	CP025458.1:30044-30418	LAJDAFJM_00041

DiscRep_SUB:FEATURE_LOCATION_CONFLICT::Coding region xref gene does not exist
plasmid_files/CP025458.1_results/PROKKA_06292018:CDS	Stable plasmid inheritance protein	CP025458.1:30646-30804	LAJDAFJM_00042

DiscRep_SUB:FEATURE_LOCATION_CONFLICT::Coding region xref gene does not exist
plasmid_files/CP025458.1_results/PROKKA_06292018:CDS	hypothetical protein	CP025458.1:31497-31769	LAJDAFJM_00043

DiscRep_SUB:FEATURE_LOCATION_CONFLICT::Coding region xref gene does not exist
plasmid_files/CP025458.1_results/PROKKA_06292018:CDS	hypothetical protein	CP025458.1:31766-32116	LAJDAFJM_00044

DiscRep_SUB:FEATURE_LOCATION_CONFLICT::Coding region xref gene does not exist
plasmid_files/CP025458.1_results/PROKKA_06292018:CDS	hypothetical protein	CP025458.1:32131-32448	LAJDAFJM_00045

DiscRep_SUB:FEATURE_LOCATION_CONFLICT::Coding region xref gene does not exist
plasmid_files/CP025458.1_results/PROKKA_06292018:CDS	hypothetical protein	CP025458.1:33289-33645	LAJDAFJM_00046

DiscRep_SUB:FEATURE_LOCATION_CONFLICT::Coding region xref gene does not exist
plasmid_files/CP025458.1_results/PROKKA_06292018:CDS	hypothetical protein	CP025458.1:33706-33918	LAJDAFJM_00047

DiscRep_SUB:FEATURE_LOCATION_CONFLICT::Coding region xref gene does not exist
plasmid_files/CP025458.1_results/PROKKA_06292018:CDS	hypothetical protein	CP025458.1:33929-34153	LAJDAFJM_00048

DiscRep_SUB:FEATURE_LOCATION_CONFLICT::Coding region xref gene does not exist
plasmid_files/CP025458.1_results/PROKKA_06292018:CDS	hypothetical protein	CP025458.1:34234-34554	LAJDAFJM_00049

DiscRep_SUB:FEATURE_LOCATION_CONFLICT::Coding region xref gene does not exist
plasmid_files/CP025458.1_results/PROKKA_06292018:CDS	Antitoxin HigA1	CP025458.1:34544-34822	LAJDAFJM_00050

DiscRep_SUB:FEATURE_LOCATION_CONFLICT::Coding region xref gene does not exist
plasmid_files/CP025458.1_results/PROKKA_06292018:CDS	hypothetical protein	CP025458.1:c36212-35508	LAJDAFJM_00051

DiscRep_SUB:FEATURE_LOCATION_CONFLICT::Coding region xref gene does not exist
plasmid_files/CP025458.1_results/PROKKA_06292018:CDS	Recombination-promoting nuclease RpnA	CP025458.1:36541-37491	LAJDAFJM_00052

DiscRep_SUB:FEATURE_LOCATION_CONFLICT::Coding region xref gene does not exist
plasmid_files/CP025458.1_results/PROKKA_06292018:CDS	hypothetical protein	CP025458.1:c38099-37488	LAJDAFJM_00053

DiscRep_SUB:FEATURE_LOCATION_CONFLICT::Coding region xref gene does not exist
plasmid_files/CP025458.1_results/PROKKA_06292018:CDS	hypothetical protein	CP025458.1:c38491-38096	LAJDAFJM_00054

DiscRep_SUB:FEATURE_LOCATION_CONFLICT::Coding region xref gene does not exist
plasmid_files/CP025458.1_results/PROKKA_06292018:CDS	Ribonuclease T	CP025458.1:c38951-38544	LAJDAFJM_00055

DiscRep_SUB:FEATURE_LOCATION_CONFLICT::Coding region xref gene does not exist
plasmid_files/CP025458.1_results/PROKKA_06292018:CDS	hypothetical protein	CP025458.1:39005-39985	LAJDAFJM_00056

DiscRep_SUB:FEATURE_LOCATION_CONFLICT::Coding region xref gene does not exist
plasmid_files/CP025458.1_results/PROKKA_06292018:CDS	hypothetical protein	CP025458.1:40506-40634	LAJDAFJM_00057

DiscRep_SUB:FEATURE_LOCATION_CONFLICT::Coding region xref gene does not exist
plasmid_files/CP025458.1_results/PROKKA_06292018:CDS	Heat shock protein C	CP025458.1:40631-41194	LAJDAFJM_00058

DiscRep_SUB:FEATURE_LOCATION_CONFLICT::Coding region xref gene does not exist
plasmid_files/CP025458.1_results/PROKKA_06292018:CDS	hypothetical protein	CP025458.1:41663-42367	LAJDAFJM_00059

DiscRep_SUB:FEATURE_LOCATION_CONFLICT::Coding region xref gene does not exist
plasmid_files/CP025458.1_results/PROKKA_06292018:CDS	Chloramphenicol acetyltransferase 2	CP025458.1:c43141-42500	LAJDAFJM_00060

DiscRep_SUB:FEATURE_LOCATION_CONFLICT::Coding region xref gene does not exist
plasmid_files/CP025458.1_results/PROKKA_06292018:CDS	hypothetical protein	CP025458.1:c43791-43291	LAJDAFJM_00061

DiscRep_SUB:FEATURE_LOCATION_CONFLICT::Coding region xref gene does not exist
plasmid_files/CP025458.1_results/PROKKA_06292018:CDS	hypothetical protein	CP025458.1:43871-44575	LAJDAFJM_00062

DiscRep_SUB:FEATURE_LOCATION_CONFLICT::Coding region xref gene does not exist
plasmid_files/CP025458.1_results/PROKKA_06292018:CDS	Putative transposon Tn552 DNA-invertase bin3	CP025458.1:45207-45944	LAJDAFJM_00063

DiscRep_SUB:FEATURE_LOCATION_CONFLICT::Coding region xref gene does not exist
plasmid_files/CP025458.1_results/PROKKA_06292018:CDS	hypothetical protein	CP025458.1:45941-46165	LAJDAFJM_00064

DiscRep_SUB:FEATURE_LOCATION_CONFLICT::Coding region xref gene does not exist
plasmid_files/CP025458.1_results/PROKKA_06292018:CDS	hypothetical protein	CP025458.1:46287-46463	LAJDAFJM_00065

DiscRep_SUB:FEATURE_LOCATION_CONFLICT::Coding region xref gene does not exist
plasmid_files/CP025458.1_results/PROKKA_06292018:CDS	hypothetical protein	CP025458.1:c47649-46645	LAJDAFJM_00066

DiscRep_SUB:FEATURE_LOCATION_CONFLICT::Coding region xref gene does not exist
plasmid_files/CP025458.1_results/PROKKA_06292018:CDS	hypothetical protein	CP025458.1:c49482-47728	LAJDAFJM_00067

DiscRep_SUB:FEATURE_LOCATION_CONFLICT::Coding region xref gene does not exist
plasmid_files/CP025458.1_results/PROKKA_06292018:CDS	hypothetical protein	CP025458.1:49507-50211	LAJDAFJM_00068

DiscRep_SUB:FEATURE_LOCATION_CONFLICT::Coding region xref gene does not exist
plasmid_files/CP025458.1_results/PROKKA_06292018:CDS	Catecholate siderophore receptor Fiu	CP025458.1:c51833-50808	LAJDAFJM_00069

DiscRep_SUB:FEATURE_LOCATION_CONFLICT::Coding region xref gene does not exist
plasmid_files/CP025458.1_results/PROKKA_06292018:CDS	hypothetical protein	CP025458.1:c52930-51962	LAJDAFJM_00070

DiscRep_SUB:FEATURE_LOCATION_CONFLICT::Coding region xref gene does not exist
plasmid_files/CP025458.1_results/PROKKA_06292018:CDS	Beta-lactamase Toho-1	CP025458.1:c53840-52965	LAJDAFJM_00071

DiscRep_SUB:FEATURE_LOCATION_CONFLICT::Coding region xref gene does not exist
plasmid_files/CP025458.1_results/PROKKA_06292018:CDS	hypothetical protein	CP025458.1:c54109-53987	LAJDAFJM_00072

DiscRep_SUB:FEATURE_LOCATION_CONFLICT::Coding region xref gene does not exist
plasmid_files/CP025458.1_results/PROKKA_06292018:CDS	hypothetical protein	CP025458.1:54351-55055	LAJDAFJM_00073

DiscRep_SUB:FEATURE_LOCATION_CONFLICT::Coding region xref gene does not exist
plasmid_files/CP025458.1_results/PROKKA_06292018:CDS	hypothetical protein	CP025458.1:55133-55666	LAJDAFJM_00074

DiscRep_SUB:FEATURE_LOCATION_CONFLICT::Coding region xref gene does not exist
plasmid_files/CP025458.1_results/PROKKA_06292018:CDS	hypothetical protein	CP025458.1:55869-56084	LAJDAFJM_00075

DiscRep_SUB:FEATURE_LOCATION_CONFLICT::Coding region xref gene does not exist
plasmid_files/CP025458.1_results/PROKKA_06292018:CDS	Endoribonuclease PemK	CP025458.1:c56698-56366	LAJDAFJM_00076

DiscRep_SUB:FEATURE_LOCATION_CONFLICT::Coding region xref gene does not exist
plasmid_files/CP025458.1_results/PROKKA_06292018:CDS	Antitoxin PemI	CP025458.1:c56957-56700	LAJDAFJM_00077

DiscRep_SUB:FEATURE_LOCATION_CONFLICT::Coding region xref gene does not exist
plasmid_files/CP025458.1_results/PROKKA_06292018:CDS	hypothetical protein	CP025458.1:c57703-57050	LAJDAFJM_00078

DiscRep_SUB:FEATURE_LOCATION_CONFLICT::Coding region xref gene does not exist
plasmid_files/CP025458.1_results/PROKKA_06292018:CDS	hypothetical protein	CP025458.1:c59499-58642	LAJDAFJM_00079

DiscRep_SUB:FEATURE_LOCATION_CONFLICT::Coding region xref gene does not exist
plasmid_files/CP025458.1_results/PROKKA_06292018:CDS	hypothetical protein	CP025458.1:c60059-59811	LAJDAFJM_00080

DiscRep_SUB:FEATURE_LOCATION_CONFLICT::Coding region xref gene does not exist
plasmid_files/CP025458.1_results/PROKKA_06292018:CDS	Protein PndA	CP025458.1:c60492-60343	LAJDAFJM_00081

DiscRep_SUB:FEATURE_LOCATION_CONFLICT::Coding region xref gene does not exist
plasmid_files/CP025458.1_results/PROKKA_06292018:CDS	hypothetical protein	CP025458.1:c61129-60797	LAJDAFJM_00082

DiscRep_SUB:FEATURE_LOCATION_CONFLICT::Coding region xref gene does not exist
plasmid_files/CP025458.1_results/PROKKA_06292018:CDS	hypothetical protein	CP025458.1:c61790-61191	LAJDAFJM_00083

DiscRep_SUB:FEATURE_LOCATION_CONFLICT::Coding region xref gene does not exist
plasmid_files/CP025458.1_results/PROKKA_06292018:CDS	hypothetical protein	CP025458.1:c62376-62176	LAJDAFJM_00084

DiscRep_SUB:FEATURE_LOCATION_CONFLICT::Coding region xref gene does not exist
plasmid_files/CP025458.1_results/PROKKA_06292018:CDS	Fertility inhibition protein	CP025458.1:c63068-62508	LAJDAFJM_00085

DiscRep_SUB:FEATURE_LOCATION_CONFLICT::Coding region xref gene does not exist
plasmid_files/CP025458.1_results/PROKKA_06292018:CDS	hypothetical protein	CP025458.1:c63869-63123	LAJDAFJM_00086

DiscRep_SUB:FEATURE_LOCATION_CONFLICT::Coding region xref gene does not exist
plasmid_files/CP025458.1_results/PROKKA_06292018:CDS	hypothetical protein	CP025458.1:64114-64818	LAJDAFJM_00087

DiscRep_SUB:FEATURE_LOCATION_CONFLICT::Coding region xref gene does not exist
plasmid_files/CP025458.1_results/PROKKA_06292018:CDS	hypothetical protein	CP025458.1:64939-66216	LAJDAFJM_00088

DiscRep_SUB:FEATURE_LOCATION_CONFLICT::Coding region xref gene does not exist
plasmid_files/CP025458.1_results/PROKKA_06292018:CDS	hypothetical protein	CP025458.1:c66954-66250	LAJDAFJM_00089

DiscRep_SUB:FEATURE_LOCATION_CONFLICT::Coding region xref gene does not exist
plasmid_files/CP025458.1_results/PROKKA_06292018:CDS	hypothetical protein	CP025458.1:c67985-67410	LAJDAFJM_00090

DiscRep_SUB:FEATURE_LOCATION_CONFLICT::Coding region xref gene does not exist
plasmid_files/CP025458.1_results/PROKKA_06292018:CDS	hypothetical protein	CP025458.1:68065-68769	LAJDAFJM_00091

DiscRep_SUB:FEATURE_LOCATION_CONFLICT::Coding region xref gene does not exist
plasmid_files/CP025458.1_results/PROKKA_06292018:CDS	hypothetical protein	CP025458.1:c69437-68715	LAJDAFJM_00092

DiscRep_SUB:FEATURE_LOCATION_CONFLICT::Coding region xref gene does not exist
plasmid_files/CP025458.1_results/PROKKA_06292018:CDS	hypothetical protein	CP025458.1:c69635-69447	LAJDAFJM_00093

DiscRep_SUB:FEATURE_LOCATION_CONFLICT::Coding region xref gene does not exist
plasmid_files/CP025458.1_results/PROKKA_06292018:CDS	Transposon Tn3 resolvase	CP025458.1:69748-70263	LAJDAFJM_00094

DiscRep_SUB:FEATURE_LOCATION_CONFLICT::Coding region xref gene does not exist
plasmid_files/CP025458.1_results/PROKKA_06292018:CDS	Beta-lactamase TEM	CP025458.1:70446-71306	LAJDAFJM_00095

DiscRep_SUB:FEATURE_LOCATION_CONFLICT::Coding region xref gene does not exist
plasmid_files/CP025458.1_results/PROKKA_06292018:CDS	16S rRNA (guanine(1405)-N(7))-methyltransferase	CP025458.1:71476-72231	LAJDAFJM_00096

DiscRep_SUB:FEATURE_LOCATION_CONFLICT::Coding region xref gene does not exist
plasmid_files/CP025458.1_results/PROKKA_06292018:CDS	hypothetical protein	CP025458.1:c72593-72312	LAJDAFJM_00097

DiscRep_SUB:FEATURE_LOCATION_CONFLICT::Coding region xref gene does not exist
plasmid_files/CP025458.1_results/PROKKA_06292018:CDS	hypothetical protein	CP025458.1:c73385-72681	LAJDAFJM_00098

DiscRep_SUB:FEATURE_LOCATION_CONFLICT::Coding region xref gene does not exist
plasmid_files/CP025458.1_results/PROKKA_06292018:CDS	hypothetical protein	CP025458.1:c75065-74922	LAJDAFJM_00099

DiscRep_SUB:FEATURE_LOCATION_CONFLICT::Coding region xref gene does not exist
plasmid_files/CP025458.1_results/PROKKA_06292018:CDS	hypothetical protein	CP025458.1:c75298-75062	LAJDAFJM_00100

DiscRep_SUB:FEATURE_LOCATION_CONFLICT::Coding region xref gene does not exist
plasmid_files/CP025458.1_results/PROKKA_06292018:CDS	hypothetical protein	CP025458.1:75327-75608	LAJDAFJM_00101

DiscRep_SUB:FEATURE_LOCATION_CONFLICT::Coding region xref gene does not exist
plasmid_files/CP025458.1_results/PROKKA_06292018:CDS	Protein StbB	CP025458.1:c76084-75731	LAJDAFJM_00102

DiscRep_SUB:FEATURE_LOCATION_CONFLICT::Coding region xref gene does not exist
plasmid_files/CP025458.1_results/PROKKA_06292018:CDS	Plasmid segregation protein ParM	CP025458.1:c77046-76084	LAJDAFJM_00103

DiscRep_SUB:FEATURE_LOCATION_CONFLICT::Coding region xref gene does not exist
plasmid_files/CP025458.1_results/PROKKA_06292018:CDS	DNA adenine methyltransferase YhdJ	CP025458.1:77563-78246	LAJDAFJM_00104

DiscRep_SUB:FEATURE_LOCATION_CONFLICT::Coding region xref gene does not exist
plasmid_files/CP025458.1_results/PROKKA_06292018:CDS	hypothetical protein	CP025458.1:78247-78468	LAJDAFJM_00105

DiscRep_SUB:FEATURE_LOCATION_CONFLICT::Coding region xref gene does not exist
plasmid_files/CP025458.1_results/PROKKA_06292018:CDS	hypothetical protein	CP025458.1:78482-78916	LAJDAFJM_00106

DiscRep_SUB:FEATURE_LOCATION_CONFLICT::Coding region xref gene does not exist
plasmid_files/CP025458.1_results/PROKKA_06292018:CDS	hypothetical protein	CP025458.1:78916-79743	LAJDAFJM_00107

DiscRep_SUB:FEATURE_LOCATION_CONFLICT::Coding region xref gene does not exist
plasmid_files/CP025458.1_results/PROKKA_06292018:CDS	Antirestriction protein KlcA	CP025458.1:80161-80586	LAJDAFJM_00108

DiscRep_SUB:FEATURE_LOCATION_CONFLICT::Coding region xref gene does not exist
plasmid_files/CP025458.1_results/PROKKA_06292018:CDS	hypothetical protein	CP025458.1:80633-81055	LAJDAFJM_00109

DiscRep_SUB:FEATURE_LOCATION_CONFLICT::Coding region xref gene does not exist
plasmid_files/CP025458.1_results/PROKKA_06292018:CDS	hypothetical protein	CP025458.1:81052-81243	LAJDAFJM_00110

DiscRep_SUB:FEATURE_LOCATION_CONFLICT::Coding region xref gene does not exist
plasmid_files/CP025458.1_results/PROKKA_06292018:CDS	Group II intron-encoded protein LtrA	CP025458.1:c83224-81557	LAJDAFJM_00111

DiscRep_SUB:FEATURE_LOCATION_CONFLICT::Coding region xref gene does not exist
plasmid_files/CP025458.1_results/PROKKA_06292018:CDS	hypothetical protein	CP025458.1:c84361-84104	LAJDAFJM_00112

DiscRep_SUB:FEATURE_LOCATION_CONFLICT::Coding region xref gene does not exist
plasmid_files/CP025458.1_results/PROKKA_06292018:CDS	hypothetical protein	CP025458.1:84624-84854	LAJDAFJM_00113

DiscRep_SUB:FEATURE_LOCATION_CONFLICT::Coding region xref gene does not exist
plasmid_files/CP025458.1_results/PROKKA_06292018:CDS	hypothetical protein	CP025458.1:84906-86267	LAJDAFJM_00114

DiscRep_SUB:FEATURE_LOCATION_CONFLICT::Coding region xref gene does not exist
plasmid_files/CP025458.1_results/PROKKA_06292018:CDS	Ribosomal RNA small subunit methyltransferase A	CP025458.1:86314-86877	LAJDAFJM_00115

DiscRep_SUB:FEATURE_LOCATION_CONFLICT::Coding region xref gene does not exist
plasmid_files/CP025458.1_results/PROKKA_06292018:CDS	hypothetical protein	CP025458.1:c87430-86963	LAJDAFJM_00116

DiscRep_SUB:FEATURE_LOCATION_CONFLICT::Coding region xref gene does not exist
plasmid_files/CP025458.1_results/PROKKA_06292018:CDS	hypothetical protein	CP025458.1:c87667-87431	LAJDAFJM_00117

DiscRep_SUB:FEATURE_LOCATION_CONFLICT::Coding region xref gene does not exist
plasmid_files/CP025458.1_results/PROKKA_06292018:CDS	Plasmid-derived single-stranded DNA-binding protein	CP025458.1:87732-88259	LAJDAFJM_00118

DiscRep_SUB:FEATURE_LOCATION_CONFLICT::Coding region xref gene does not exist
plasmid_files/CP025458.1_results/PROKKA_06292018:CDS	hypothetical protein	CP025458.1:88317-88550	LAJDAFJM_00119

DiscRep_SUB:FEATURE_LOCATION_CONFLICT::Coding region xref gene does not exist
plasmid_files/CP025458.1_results/PROKKA_06292018:CDS	Chromosome-partitioning protein Spo0J	CP025458.1:88611-90032	LAJDAFJM_00120

DiscRep_SUB:FEATURE_LOCATION_CONFLICT::Coding region xref gene does not exist
plasmid_files/CP025458.1_results/PROKKA_06292018:CDS	hypothetical protein	CP025458.1:90059-90634	LAJDAFJM_00121

DiscRep_SUB:FEATURE_LOCATION_CONFLICT::Coding region xref gene does not exist
plasmid_files/CP025458.1_results/PROKKA_06292018:CDS	Protein PsiB	CP025458.1:90703-91137	LAJDAFJM_00122

DiscRep_SUB:FEATURE_LOCATION_CONFLICT::Coding region xref gene does not exist
plasmid_files/CP025458.1_results/PROKKA_06292018:CDS	hypothetical protein	CP025458.1:91134-91853	LAJDAFJM_00123

DiscRep_SUB:FEATURE_LOCATION_CONFLICT::Coding region xref gene does not exist
plasmid_files/CP025458.1_results/PROKKA_06292018:CDS	hypothetical protein	CP025458.1:c92089-91874	LAJDAFJM_00124

DiscRep_SUB:FEATURE_LOCATION_CONFLICT::Coding region xref gene does not exist
plasmid_files/CP025458.1_results/PROKKA_06292018:CDS	hypothetical protein	CP025458.1:c92906-92529	LAJDAFJM_00125

DiscRep_SUB:FEATURE_LOCATION_CONFLICT::Coding region xref gene does not exist
plasmid_files/CP025458.1_results/PROKKA_06292018:CDS	hypothetical protein	CP025458.1:c93143-92907	LAJDAFJM_00126

DiscRep_SUB:FEATURE_LOCATION_CONFLICT::Coding region xref gene does not exist
plasmid_files/CP025458.1_results/PROKKA_06292018:CDS	hypothetical protein	CP025458.1:93206-93502	LAJDAFJM_00127

DiscRep_SUB:FEATURE_LOCATION_CONFLICT::Coding region xref gene does not exist
plasmid_files/CP025458.1_results/PROKKA_06292018:CDS	hypothetical protein	CP025458.1:93613-94434	LAJDAFJM_00128

DiscRep_SUB:FEATURE_LOCATION_CONFLICT::Coding region xref gene does not exist
plasmid_files/CP025458.1_results/PROKKA_06292018:CDS	hypothetical protein	CP025458.1:c95378-94731	LAJDAFJM_00129

DiscRep_SUB:FEATURE_LOCATION_CONFLICT::Coding region xref gene does not exist
plasmid_files/CP025458.1_results/PROKKA_06292018:CDS	Relaxosome protein TraM	CP025458.1:95775-96038	LAJDAFJM_00130

DiscRep_SUB:FEATURE_LOCATION_CONFLICT::Coding region xref gene does not exist
plasmid_files/CP025458.1_results/PROKKA_06292018:CDS	Protein TraJ	CP025458.1:96229-96915	LAJDAFJM_00131

DiscRep_SUB:FEATURE_LOCATION_CONFLICT::Coding region xref gene does not exist
plasmid_files/CP025458.1_results/PROKKA_06292018:CDS	Relaxosome protein TraY	CP025458.1:97009-97236	LAJDAFJM_00132

DiscRep_SUB:FEATURE_LOCATION_CONFLICT::Coding region xref gene does not exist
plasmid_files/CP025458.1_results/PROKKA_06292018:CDS	Pilin	CP025458.1:97270-97635	LAJDAFJM_00133

DiscRep_SUB:FEATURE_LOCATION_CONFLICT::Coding region xref gene does not exist
plasmid_files/CP025458.1_results/PROKKA_06292018:CDS	hypothetical protein	CP025458.1:97650-97961	LAJDAFJM_00134

DiscRep_SUB:FEATURE_LOCATION_CONFLICT::Coding region xref gene does not exist
plasmid_files/CP025458.1_results/PROKKA_06292018:CDS	hypothetical protein	CP025458.1:97983-98549	LAJDAFJM_00135

DiscRep_SUB:FEATURE_LOCATION_CONFLICT::Coding region xref gene does not exist
plasmid_files/CP025458.1_results/PROKKA_06292018:CDS	hypothetical protein	CP025458.1:98536-99264	LAJDAFJM_00136

DiscRep_SUB:FEATURE_LOCATION_CONFLICT::Coding region xref gene does not exist
plasmid_files/CP025458.1_results/PROKKA_06292018:CDS	hypothetical protein	CP025458.1:99264-99521	LAJDAFJM_00137

DiscRep_SUB:FEATURE_LOCATION_CONFLICT::Coding region xref gene does not exist
plasmid_files/CP025458.1_results/PROKKA_06292018:CDS	hypothetical protein	CP025458.1:99533-100237	LAJDAFJM_00138

DiscRep_SUB:FEATURE_LOCATION_CONFLICT::Coding region xref gene does not exist
plasmid_files/CP025458.1_results/PROKKA_06292018:CDS	3-oxo-tetronate 4-phosphate decarboxylase	CP025458.1:c100614-100183	LAJDAFJM_00139

DiscRep_SUB:FEATURE_LOCATION_CONFLICT::Coding region xref gene does not exist
plasmid_files/CP025458.1_results/PROKKA_06292018:CDS	3-oxo-tetronate kinase	CP025458.1:c101230-100607	LAJDAFJM_00140

DiscRep_SUB:FEATURE_LOCATION_CONFLICT::Coding region xref gene does not exist
plasmid_files/CP025458.1_results/PROKKA_06292018:CDS	3-oxo-tetronate kinase	CP025458.1:c101859-101227	LAJDAFJM_00141

DiscRep_SUB:FEATURE_LOCATION_CONFLICT::Coding region xref gene does not exist
plasmid_files/CP025458.1_results/PROKKA_06292018:CDS	L-threonate dehydrogenase	CP025458.1:c102773-101871	LAJDAFJM_00142

DiscRep_SUB:FEATURE_LOCATION_CONFLICT::Coding region xref gene does not exist
plasmid_files/CP025458.1_results/PROKKA_06292018:CDS	Glycerol-3-phosphate regulon repressor	CP025458.1:103035-103796	LAJDAFJM_00143

DiscRep_SUB:FEATURE_LOCATION_CONFLICT::Coding region xref gene does not exist
plasmid_files/CP025458.1_results/PROKKA_06292018:CDS	Beta-lactamase SHV-2	CP025458.1:c104677-103817	LAJDAFJM_00144

DiscRep_SUB:FEATURE_LOCATION_CONFLICT::Coding region xref gene does not exist
plasmid_files/CP025458.1_results/PROKKA_06292018:CDS	hypothetical protein	CP025458.1:c106831-104918	LAJDAFJM_00145

DiscRep_SUB:FEATURE_LOCATION_CONFLICT::Coding region xref gene does not exist
plasmid_files/CP025458.1_results/PROKKA_06292018:CDS	hypothetical protein	CP025458.1:106882-107586	LAJDAFJM_00146

DiscRep_SUB:FEATURE_LOCATION_CONFLICT::Coding region xref gene does not exist
plasmid_files/CP025458.1_results/PROKKA_06292018:CDS	Transposon Tn3 resolvase	CP025458.1:107698-108099	LAJDAFJM_00147

DiscRep_SUB:FEATURE_LOCATION_CONFLICT::Coding region xref gene does not exist
plasmid_files/CP025458.1_results/PROKKA_06292018:CDS	hypothetical protein	CP025458.1:108222-109202	LAJDAFJM_00148

DiscRep_SUB:FEATURE_LOCATION_CONFLICT::Coding region xref gene does not exist
plasmid_files/CP025458.1_results/PROKKA_06292018:CDS	Carbapenem-hydrolyzing beta-lactamase KPC	CP025458.1:109478-110359	LAJDAFJM_00149

DiscRep_SUB:FEATURE_LOCATION_CONFLICT::Coding region xref gene does not exist
plasmid_files/CP025458.1_results/PROKKA_06292018:CDS	hypothetical protein	CP025458.1:c111589-110609	LAJDAFJM_00150

DiscRep_SUB:FEATURE_LOCATION_CONFLICT::Coding region xref gene does not exist
plasmid_files/CP025458.1_results/PROKKA_06292018:CDS	hypothetical protein	CP025458.1:c111890-111594	LAJDAFJM_00151

DiscRep_SUB:FEATURE_LOCATION_CONFLICT::Coding region xref gene does not exist
plasmid_files/CP025458.1_results/PROKKA_06292018:CDS	hypothetical protein	CP025458.1:c112091-111936	LAJDAFJM_00152

DiscRep_SUB:FEATURE_LOCATION_CONFLICT::Coding region xref gene does not exist
plasmid_files/CP025458.1_results/PROKKA_06292018:CDS	Antirestriction protein KlcA	CP025458.1:c112644-112219	LAJDAFJM_00153

DiscRep_SUB:FEATURE_LOCATION_CONFLICT::Coding region xref gene does not exist
plasmid_files/CP025458.1_results/PROKKA_06292018:CDS	hypothetical protein	CP025458.1:c113033-112755	LAJDAFJM_00154

DiscRep_SUB:FEATURE_LOCATION_CONFLICT::Coding region xref gene does not exist
plasmid_files/CP025458.1_results/PROKKA_06292018:CDS	hypothetical protein	CP025458.1:c114127-113567	LAJDAFJM_00155

DiscRep_SUB:FEATURE_LOCATION_CONFLICT::Coding region xref gene does not exist
plasmid_files/CP025458.1_results/PROKKA_06292018:CDS	DNA-invertase hin	CP025458.1:114576-115136	LAJDAFJM_00156

DiscRep_SUB:FEATURE_LOCATION_CONFLICT::Coding region xref gene does not exist
plasmid_files/CP025458.1_results/PROKKA_06292018:CDS	hypothetical protein	CP025458.1:115140-116375	LAJDAFJM_00157

DiscRep_SUB:FEATURE_LOCATION_CONFLICT::Coding region xref gene does not exist
plasmid_files/CP025458.1_results/PROKKA_06292018:CDS	hypothetical protein	CP025458.1:c116970-116266	LAJDAFJM_00158

DiscRep_SUB:FEATURE_LOCATION_CONFLICT::Coding region xref gene does not exist
plasmid_files/CP025458.1_results/PROKKA_06292018:CDS	Transposon Tn7 transposition protein TnsB	CP025458.1:c118207-117017	LAJDAFJM_00159

DiscRep_SUB:FEATURE_LOCATION_CONFLICT::Coding region xref gene does not exist
plasmid_files/CP025458.1_results/PROKKA_06292018:CDS	putative signaling protein	CP025458.1:c118989-118282	LAJDAFJM_00160

DiscRep_SUB:FEATURE_LOCATION_CONFLICT::Coding region xref gene does not exist
plasmid_files/CP025458.1_results/PROKKA_06292018:CDS	hypothetical protein	CP025458.1:c119222-118986	LAJDAFJM_00161

DiscRep_SUB:FEATURE_LOCATION_CONFLICT::Coding region xref gene does not exist
plasmid_files/CP025458.1_results/PROKKA_06292018:CDS	HTH-type transcriptional activator mta	CP025458.1:c119581-119219	LAJDAFJM_00162

DiscRep_SUB:FEATURE_LOCATION_CONFLICT::Coding region xref gene does not exist
plasmid_files/CP025458.1_results/PROKKA_06292018:CDS	Mercuric reductase	CP025458.1:c121293-119599	LAJDAFJM_00163

DiscRep_SUB:FEATURE_LOCATION_CONFLICT::Coding region xref gene does not exist
plasmid_files/CP025458.1_results/PROKKA_06292018:CDS	Mercuric transport protein MerC	CP025458.1:c121806-121345	LAJDAFJM_00164

DiscRep_SUB:FEATURE_LOCATION_CONFLICT::Coding region xref gene does not exist
plasmid_files/CP025458.1_results/PROKKA_06292018:CDS	Mercuric transport protein periplasmic component	CP025458.1:c122078-121803	LAJDAFJM_00165

DiscRep_SUB:FEATURE_LOCATION_CONFLICT::Coding region xref gene does not exist
plasmid_files/CP025458.1_results/PROKKA_06292018:CDS	Mercuric transport protein MerT	CP025458.1:c122442-122092	LAJDAFJM_00166

DiscRep_SUB:FEATURE_LOCATION_CONFLICT::Coding region xref gene does not exist
plasmid_files/CP025458.1_results/PROKKA_06292018:CDS	Mercuric resistance operon regulatory protein	CP025458.1:122514-122948	LAJDAFJM_00167

DiscRep_SUB:FEATURE_LOCATION_CONFLICT::Coding region xref gene does not exist
plasmid_files/CP025458.1_results/PROKKA_06292018:CDS	hypothetical protein	CP025458.1:123027-124031	LAJDAFJM_00168

DiscRep_SUB:FEATURE_LOCATION_CONFLICT::Coding region xref gene does not exist
plasmid_files/CP025458.1_results/PROKKA_06292018:CDS	hypothetical protein	CP025458.1:c124610-124230	LAJDAFJM_00169

DiscRep_SUB:FEATURE_LOCATION_CONFLICT::Coding region xref gene does not exist
plasmid_files/CP025458.1_results/PROKKA_06292018:CDS	hypothetical protein	CP025458.1:c124989-124612	LAJDAFJM_00170

DiscRep_SUB:FEATURE_LOCATION_CONFLICT::Coding region xref gene does not exist
plasmid_files/CP025458.1_results/PROKKA_06292018:CDS	hypothetical protein	CP025458.1:c126587-125565	LAJDAFJM_00171

DiscRep_SUB:FEATURE_LOCATION_CONFLICT::Coding region xref gene does not exist
plasmid_files/CP025458.1_results/PROKKA_06292018:CDS	DNA replication and repair protein RecF	CP025458.1:c128134-126572	LAJDAFJM_00172

DiscRep_SUB:FEATURE_LOCATION_CONFLICT::Coding region xref gene does not exist
plasmid_files/CP025458.1_results/PROKKA_06292018:CDS	tRNA(fMet)-specific endonuclease VapC	CP025458.1:c128480-128208	LAJDAFJM_00173

DiscRep_ALL:OVERLAPPING_CDS::2 coding regions overlap another coding region with a similar or identical name.
DiscRep_SUB:OVERLAPPING_CDS::2 coding regions overlap another coding region with a similar or identical name that do not have the appropriate note text
plasmid_files/CP025458.1_results/PROKKA_06292018:CDS	3-oxo-tetronate kinase	CP025458.1:c101230-100607	LAJDAFJM_00140
plasmid_files/CP025458.1_results/PROKKA_06292018:CDS	3-oxo-tetronate kinase	CP025458.1:c101859-101227	LAJDAFJM_00141

DiscRep_ALL:SUSPECT_PRODUCT_NAMES::2 product_names contain suspect phrase or characters
DiscRep_SUB:SUSPECT_PRODUCT_NAMES::May contain database identifier more appropriate in note; remove from product name
DiscRep_SUB:SUSPECT_PRODUCT_NAMES::2 features Three or more numbers together
plasmid_files/CP025458.1_results/PROKKA_06292018:CDS	Putative transposon Tn552 DNA-invertase bin3	CP025458.1:45207-45944	LAJDAFJM_00063
plasmid_files/CP025458.1_results/PROKKA_06292018:CDS	16S rRNA (guanine(1405)-N(7))-methyltransferase	CP025458.1:71476-72231	LAJDAFJM_00096

DiscRep_ALL:DISC_QUALITY_SCORES::Quality scores are missing on all sequences.

DiscRep_ALL:ONCALLER_COMMENT_PRESENT::1 comment descriptors were found (all same)
plasmid_files/CP025458.1_results/PROKKA_06292018:CP025458.1:Annotated using prokka 1.14-dev from https://github.com/tseemann/prokka

DiscRep_ALL:SHORT_PROT_SEQUENCES::5 protein sequences are shorter than 50 aa.
plasmid_files/CP025458.1_results/PROKKA_06292018:CP025458.1_9 (length 31)
plasmid_files/CP025458.1_results/PROKKA_06292018:CP025458.1_57 (length 42)
plasmid_files/CP025458.1_results/PROKKA_06292018:CP025458.1_72 (length 40)
plasmid_files/CP025458.1_results/PROKKA_06292018:CP025458.1_81 (length 49)
plasmid_files/CP025458.1_results/PROKKA_06292018:CP025458.1_99 (length 47)

DiscRep_ALL:MISSING_GENOMEASSEMBLY_COMMENTS::1 bioseqs are missing GenomeAssembly structured comments
plasmid_files/CP025458.1_results/PROKKA_06292018:CP025458.1 (length 128563)

DiscRep_ALL:MOLTYPE_NOT_MRNA::1 molecule types are not set as mRNA.
plasmid_files/CP025458.1_results/PROKKA_06292018:CP025458.1 (length 128563)

DiscRep_ALL:TECHNIQUE_NOT_TSA::1 technique are not set as TSA
plasmid_files/CP025458.1_results/PROKKA_06292018:CP025458.1 (length 128563)

DiscRep_ALL:MISSING_STRUCTURED_COMMENT::1 sequences do not include structured comments.
plasmid_files/CP025458.1_results/PROKKA_06292018:CP025458.1 (length 128563)

DiscRep_ALL:MISSING_PROJECT::174 sequences do not include project.
plasmid_files/CP025458.1_results/PROKKA_06292018:CP025458.1 (length 128563)
plasmid_files/CP025458.1_results/PROKKA_06292018:CP025458.1_1 (length 176)
plasmid_files/CP025458.1_results/PROKKA_06292018:CP025458.1_2 (length 314)
plasmid_files/CP025458.1_results/PROKKA_06292018:CP025458.1_3 (length 130)
plasmid_files/CP025458.1_results/PROKKA_06292018:CP025458.1_4 (length 173)
plasmid_files/CP025458.1_results/PROKKA_06292018:CP025458.1_5 (length 67)
plasmid_files/CP025458.1_results/PROKKA_06292018:CP025458.1_6 (length 334)
plasmid_files/CP025458.1_results/PROKKA_06292018:CP025458.1_7 (length 259)
plasmid_files/CP025458.1_results/PROKKA_06292018:CP025458.1_8 (length 85)
plasmid_files/CP025458.1_results/PROKKA_06292018:CP025458.1_9 (length 31)
plasmid_files/CP025458.1_results/PROKKA_06292018:CP025458.1_10 (length 91)
plasmid_files/CP025458.1_results/PROKKA_06292018:CP025458.1_11 (length 240)
plasmid_files/CP025458.1_results/PROKKA_06292018:CP025458.1_12 (length 203)
plasmid_files/CP025458.1_results/PROKKA_06292018:CP025458.1_13 (length 401)
plasmid_files/CP025458.1_results/PROKKA_06292018:CP025458.1_14 (length 324)
plasmid_files/CP025458.1_results/PROKKA_06292018:CP025458.1_15 (length 423)
plasmid_files/CP025458.1_results/PROKKA_06292018:CP025458.1_16 (length 143)
plasmid_files/CP025458.1_results/PROKKA_06292018:CP025458.1_17 (length 495)
plasmid_files/CP025458.1_results/PROKKA_06292018:CP025458.1_18 (length 323)
plasmid_files/CP025458.1_results/PROKKA_06292018:CP025458.1_19 (length 223)
plasmid_files/CP025458.1_results/PROKKA_06292018:CP025458.1_20 (length 76)
plasmid_files/CP025458.1_results/PROKKA_06292018:CP025458.1_21 (length 233)
plasmid_files/CP025458.1_results/PROKKA_06292018:CP025458.1_22 (length 73)
plasmid_files/CP025458.1_results/PROKKA_06292018:CP025458.1_23 (length 139)
plasmid_files/CP025458.1_results/PROKKA_06292018:CP025458.1_24 (length 255)
plasmid_files/CP025458.1_results/PROKKA_06292018:CP025458.1_25 (length 142)
plasmid_files/CP025458.1_results/PROKKA_06292018:CP025458.1_26 (length 168)
plasmid_files/CP025458.1_results/PROKKA_06292018:CP025458.1_27 (length 63)
plasmid_files/CP025458.1_results/PROKKA_06292018:CP025458.1_28 (length 84)
plasmid_files/CP025458.1_results/PROKKA_06292018:CP025458.1_29 (length 106)
plasmid_files/CP025458.1_results/PROKKA_06292018:CP025458.1_30 (length 75)
plasmid_files/CP025458.1_results/PROKKA_06292018:CP025458.1_31 (length 76)
plasmid_files/CP025458.1_results/PROKKA_06292018:CP025458.1_32 (length 451)
plasmid_files/CP025458.1_results/PROKKA_06292018:CP025458.1_33 (length 187)
plasmid_files/CP025458.1_results/PROKKA_06292018:CP025458.1_34 (length 109)
plasmid_files/CP025458.1_results/PROKKA_06292018:CP025458.1_35 (length 180)
plasmid_files/CP025458.1_results/PROKKA_06292018:CP025458.1_36 (length 82)
plasmid_files/CP025458.1_results/PROKKA_06292018:CP025458.1_37 (length 685)
plasmid_files/CP025458.1_results/PROKKA_06292018:CP025458.1_38 (length 143)
plasmid_files/CP025458.1_results/PROKKA_06292018:CP025458.1_39 (length 242)
plasmid_files/CP025458.1_results/PROKKA_06292018:CP025458.1_40 (length 108)
plasmid_files/CP025458.1_results/PROKKA_06292018:CP025458.1_41 (length 124)
plasmid_files/CP025458.1_results/PROKKA_06292018:CP025458.1_42 (length 52)
plasmid_files/CP025458.1_results/PROKKA_06292018:CP025458.1_43 (length 90)
plasmid_files/CP025458.1_results/PROKKA_06292018:CP025458.1_44 (length 116)
plasmid_files/CP025458.1_results/PROKKA_06292018:CP025458.1_45 (length 105)
plasmid_files/CP025458.1_results/PROKKA_06292018:CP025458.1_46 (length 118)
plasmid_files/CP025458.1_results/PROKKA_06292018:CP025458.1_47 (length 70)
plasmid_files/CP025458.1_results/PROKKA_06292018:CP025458.1_48 (length 74)
plasmid_files/CP025458.1_results/PROKKA_06292018:CP025458.1_49 (length 106)
plasmid_files/CP025458.1_results/PROKKA_06292018:CP025458.1_50 (length 92)
plasmid_files/CP025458.1_results/PROKKA_06292018:CP025458.1_51 (length 234)
plasmid_files/CP025458.1_results/PROKKA_06292018:CP025458.1_52 (length 316)
plasmid_files/CP025458.1_results/PROKKA_06292018:CP025458.1_53 (length 203)
plasmid_files/CP025458.1_results/PROKKA_06292018:CP025458.1_54 (length 131)
plasmid_files/CP025458.1_results/PROKKA_06292018:CP025458.1_55 (length 135)
plasmid_files/CP025458.1_results/PROKKA_06292018:CP025458.1_56 (length 326)
plasmid_files/CP025458.1_results/PROKKA_06292018:CP025458.1_57 (length 42)
plasmid_files/CP025458.1_results/PROKKA_06292018:CP025458.1_58 (length 187)
plasmid_files/CP025458.1_results/PROKKA_06292018:CP025458.1_59 (length 234)
plasmid_files/CP025458.1_results/PROKKA_06292018:CP025458.1_60 (length 213)
plasmid_files/CP025458.1_results/PROKKA_06292018:CP025458.1_61 (length 166)
plasmid_files/CP025458.1_results/PROKKA_06292018:CP025458.1_62 (length 234)
plasmid_files/CP025458.1_results/PROKKA_06292018:CP025458.1_63 (length 245)
plasmid_files/CP025458.1_results/PROKKA_06292018:CP025458.1_64 (length 74)
plasmid_files/CP025458.1_results/PROKKA_06292018:CP025458.1_65 (length 58)
plasmid_files/CP025458.1_results/PROKKA_06292018:CP025458.1_66 (length 334)
plasmid_files/CP025458.1_results/PROKKA_06292018:CP025458.1_67 (length 584)
plasmid_files/CP025458.1_results/PROKKA_06292018:CP025458.1_68 (length 234)
plasmid_files/CP025458.1_results/PROKKA_06292018:CP025458.1_69 (length 341)
plasmid_files/CP025458.1_results/PROKKA_06292018:CP025458.1_70 (length 322)
plasmid_files/CP025458.1_results/PROKKA_06292018:CP025458.1_71 (length 291)
plasmid_files/CP025458.1_results/PROKKA_06292018:CP025458.1_72 (length 40)
plasmid_files/CP025458.1_results/PROKKA_06292018:CP025458.1_73 (length 234)
plasmid_files/CP025458.1_results/PROKKA_06292018:CP025458.1_74 (length 177)
plasmid_files/CP025458.1_results/PROKKA_06292018:CP025458.1_75 (length 71)
plasmid_files/CP025458.1_results/PROKKA_06292018:CP025458.1_76 (length 110)
plasmid_files/CP025458.1_results/PROKKA_06292018:CP025458.1_77 (length 85)
plasmid_files/CP025458.1_results/PROKKA_06292018:CP025458.1_78 (length 217)
plasmid_files/CP025458.1_results/PROKKA_06292018:CP025458.1_79 (length 285)
plasmid_files/CP025458.1_results/PROKKA_06292018:CP025458.1_80 (length 82)
plasmid_files/CP025458.1_results/PROKKA_06292018:CP025458.1_81 (length 49)
plasmid_files/CP025458.1_results/PROKKA_06292018:CP025458.1_82 (length 110)
plasmid_files/CP025458.1_results/PROKKA_06292018:CP025458.1_83 (length 199)
plasmid_files/CP025458.1_results/PROKKA_06292018:CP025458.1_84 (length 66)
plasmid_files/CP025458.1_results/PROKKA_06292018:CP025458.1_85 (length 186)
plasmid_files/CP025458.1_results/PROKKA_06292018:CP025458.1_86 (length 248)
plasmid_files/CP025458.1_results/PROKKA_06292018:CP025458.1_87 (length 234)
plasmid_files/CP025458.1_results/PROKKA_06292018:CP025458.1_88 (length 425)
plasmid_files/CP025458.1_results/PROKKA_06292018:CP025458.1_89 (length 234)
plasmid_files/CP025458.1_results/PROKKA_06292018:CP025458.1_90 (length 191)
plasmid_files/CP025458.1_results/PROKKA_06292018:CP025458.1_91 (length 234)
plasmid_files/CP025458.1_results/PROKKA_06292018:CP025458.1_92 (length 240)
plasmid_files/CP025458.1_results/PROKKA_06292018:CP025458.1_93 (length 62)
plasmid_files/CP025458.1_results/PROKKA_06292018:CP025458.1_94 (length 171)
plasmid_files/CP025458.1_results/PROKKA_06292018:CP025458.1_95 (length 286)
plasmid_files/CP025458.1_results/PROKKA_06292018:CP025458.1_96 (length 251)
plasmid_files/CP025458.1_results/PROKKA_06292018:CP025458.1_97 (length 93)
plasmid_files/CP025458.1_results/PROKKA_06292018:CP025458.1_98 (length 234)
plasmid_files/CP025458.1_results/PROKKA_06292018:CP025458.1_99 (length 47)
plasmid_files/CP025458.1_results/PROKKA_06292018:CP025458.1_100 (length 78)
plasmid_files/CP025458.1_results/PROKKA_06292018:CP025458.1_101 (length 93)
plasmid_files/CP025458.1_results/PROKKA_06292018:CP025458.1_102 (length 117)
plasmid_files/CP025458.1_results/PROKKA_06292018:CP025458.1_103 (length 320)
plasmid_files/CP025458.1_results/PROKKA_06292018:CP025458.1_104 (length 227)
plasmid_files/CP025458.1_results/PROKKA_06292018:CP025458.1_105 (length 73)
plasmid_files/CP025458.1_results/PROKKA_06292018:CP025458.1_106 (length 144)
plasmid_files/CP025458.1_results/PROKKA_06292018:CP025458.1_107 (length 275)
plasmid_files/CP025458.1_results/PROKKA_06292018:CP025458.1_108 (length 141)
plasmid_files/CP025458.1_results/PROKKA_06292018:CP025458.1_109 (length 140)
plasmid_files/CP025458.1_results/PROKKA_06292018:CP025458.1_110 (length 63)
plasmid_files/CP025458.1_results/PROKKA_06292018:CP025458.1_111 (length 555)
plasmid_files/CP025458.1_results/PROKKA_06292018:CP025458.1_112 (length 85)
plasmid_files/CP025458.1_results/PROKKA_06292018:CP025458.1_113 (length 76)
plasmid_files/CP025458.1_results/PROKKA_06292018:CP025458.1_114 (length 453)
plasmid_files/CP025458.1_results/PROKKA_06292018:CP025458.1_115 (length 187)
plasmid_files/CP025458.1_results/PROKKA_06292018:CP025458.1_116 (length 155)
plasmid_files/CP025458.1_results/PROKKA_06292018:CP025458.1_117 (length 78)
plasmid_files/CP025458.1_results/PROKKA_06292018:CP025458.1_118 (length 175)
plasmid_files/CP025458.1_results/PROKKA_06292018:CP025458.1_119 (length 77)
plasmid_files/CP025458.1_results/PROKKA_06292018:CP025458.1_120 (length 473)
plasmid_files/CP025458.1_results/PROKKA_06292018:CP025458.1_121 (length 191)
plasmid_files/CP025458.1_results/PROKKA_06292018:CP025458.1_122 (length 144)
plasmid_files/CP025458.1_results/PROKKA_06292018:CP025458.1_123 (length 239)
plasmid_files/CP025458.1_results/PROKKA_06292018:CP025458.1_124 (length 71)
plasmid_files/CP025458.1_results/PROKKA_06292018:CP025458.1_125 (length 125)
plasmid_files/CP025458.1_results/PROKKA_06292018:CP025458.1_126 (length 78)
plasmid_files/CP025458.1_results/PROKKA_06292018:CP025458.1_127 (length 98)
plasmid_files/CP025458.1_results/PROKKA_06292018:CP025458.1_128 (length 273)
plasmid_files/CP025458.1_results/PROKKA_06292018:CP025458.1_129 (length 215)
plasmid_files/CP025458.1_results/PROKKA_06292018:CP025458.1_130 (length 87)
plasmid_files/CP025458.1_results/PROKKA_06292018:CP025458.1_131 (length 228)
plasmid_files/CP025458.1_results/PROKKA_06292018:CP025458.1_132 (length 75)
plasmid_files/CP025458.1_results/PROKKA_06292018:CP025458.1_133 (length 121)
plasmid_files/CP025458.1_results/PROKKA_06292018:CP025458.1_134 (length 103)
plasmid_files/CP025458.1_results/PROKKA_06292018:CP025458.1_135 (length 188)
plasmid_files/CP025458.1_results/PROKKA_06292018:CP025458.1_136 (length 242)
plasmid_files/CP025458.1_results/PROKKA_06292018:CP025458.1_137 (length 85)
plasmid_files/CP025458.1_results/PROKKA_06292018:CP025458.1_138 (length 234)
plasmid_files/CP025458.1_results/PROKKA_06292018:CP025458.1_139 (length 143)
plasmid_files/CP025458.1_results/PROKKA_06292018:CP025458.1_140 (length 207)
plasmid_files/CP025458.1_results/PROKKA_06292018:CP025458.1_141 (length 210)
plasmid_files/CP025458.1_results/PROKKA_06292018:CP025458.1_142 (length 300)
plasmid_files/CP025458.1_results/PROKKA_06292018:CP025458.1_143 (length 253)
plasmid_files/CP025458.1_results/PROKKA_06292018:CP025458.1_144 (length 286)
plasmid_files/CP025458.1_results/PROKKA_06292018:CP025458.1_145 (length 637)
plasmid_files/CP025458.1_results/PROKKA_06292018:CP025458.1_146 (length 234)
plasmid_files/CP025458.1_results/PROKKA_06292018:CP025458.1_147 (length 133)
plasmid_files/CP025458.1_results/PROKKA_06292018:CP025458.1_148 (length 326)
plasmid_files/CP025458.1_results/PROKKA_06292018:CP025458.1_149 (length 293)
plasmid_files/CP025458.1_results/PROKKA_06292018:CP025458.1_150 (length 326)
plasmid_files/CP025458.1_results/PROKKA_06292018:CP025458.1_151 (length 98)
plasmid_files/CP025458.1_results/PROKKA_06292018:CP025458.1_152 (length 51)
plasmid_files/CP025458.1_results/PROKKA_06292018:CP025458.1_153 (length 141)
plasmid_files/CP025458.1_results/PROKKA_06292018:CP025458.1_154 (length 92)
plasmid_files/CP025458.1_results/PROKKA_06292018:CP025458.1_155 (length 186)
plasmid_files/CP025458.1_results/PROKKA_06292018:CP025458.1_156 (length 186)
plasmid_files/CP025458.1_results/PROKKA_06292018:CP025458.1_157 (length 411)
plasmid_files/CP025458.1_results/PROKKA_06292018:CP025458.1_158 (length 234)
plasmid_files/CP025458.1_results/PROKKA_06292018:CP025458.1_159 (length 396)
plasmid_files/CP025458.1_results/PROKKA_06292018:CP025458.1_160 (length 235)
plasmid_files/CP025458.1_results/PROKKA_06292018:CP025458.1_161 (length 78)
plasmid_files/CP025458.1_results/PROKKA_06292018:CP025458.1_162 (length 120)
plasmid_files/CP025458.1_results/PROKKA_06292018:CP025458.1_163 (length 564)
plasmid_files/CP025458.1_results/PROKKA_06292018:CP025458.1_164 (length 153)
plasmid_files/CP025458.1_results/PROKKA_06292018:CP025458.1_165 (length 91)
plasmid_files/CP025458.1_results/PROKKA_06292018:CP025458.1_166 (length 116)
plasmid_files/CP025458.1_results/PROKKA_06292018:CP025458.1_167 (length 144)
plasmid_files/CP025458.1_results/PROKKA_06292018:CP025458.1_168 (length 334)
plasmid_files/CP025458.1_results/PROKKA_06292018:CP025458.1_169 (length 126)
plasmid_files/CP025458.1_results/PROKKA_06292018:CP025458.1_170 (length 125)
plasmid_files/CP025458.1_results/PROKKA_06292018:CP025458.1_171 (length 340)
plasmid_files/CP025458.1_results/PROKKA_06292018:CP025458.1_172 (length 520)
plasmid_files/CP025458.1_results/PROKKA_06292018:CP025458.1_173 (length 90)

DiscRep_ALL:DISC_INCONSISTENT_MOLINFO_TECH::Molinfo Technique Report (some missing, all same)
DiscRep_SUB:DISC_INCONSISTENT_MOLINFO_TECH::technique (all missing)
DiscRep_SUB:DISC_INCONSISTENT_MOLINFO_TECH::1 Molinfos are missing field technique
plasmid_files/CP025458.1_results/PROKKA_06292018:CP025458.1 (length 128563)

