Discrepancy Report Results

Summary
FATAL: MISSING_PROTEIN_ID:189 proteins have invalid IDs.
DISC_SOURCE_QUALS_ASNDISC:strain (all present, all unique)
DISC_SOURCE_QUALS_ASNDISC:taxname (all present, all unique)
DISC_FEATURE_COUNT:CDS: 189 present
DISC_FEATURE_COUNT:tRNA: 1 present
DISC_COUNT_NUCLEOTIDES:1 nucleotide Bioseqs are present
FEATURE_LOCATION_CONFLICT:190 features have inconsistent gene locations.
SUSPECT_PRODUCT_NAMES:2 product_names contain suspect phrase or characters
	May contain database identifier more appropriate in note; remove from product name
		2 features Three or more numbers together
DISC_QUALITY_SCORES:Quality scores are missing on all sequences.
ONCALLER_COMMENT_PRESENT:1 comment descriptors were found (all same)
SHORT_PROT_SEQUENCES:5 protein sequences are shorter than 50 aa.
MISSING_GENOMEASSEMBLY_COMMENTS:1 bioseqs are missing GenomeAssembly structured comments
MOLTYPE_NOT_MRNA:1 molecule types are not set as mRNA.
TECHNIQUE_NOT_TSA:1 technique are not set as TSA
MISSING_STRUCTURED_COMMENT:1 sequences do not include structured comments.
MISSING_PROJECT:190 sequences do not include project.
DISC_INCONSISTENT_MOLINFO_TECH:Molinfo Technique Report (some missing, all same)


Detailed Report

FATAL: DiscRep_ALL:MISSING_PROTEIN_ID::189 proteins have invalid IDs.
plasmid_files/CP028582.1_results/PROKKA_06292018:CP028582.1_1 (length 285)
plasmid_files/CP028582.1_results/PROKKA_06292018:CP028582.1_2 (length 217)
plasmid_files/CP028582.1_results/PROKKA_06292018:CP028582.1_3 (length 85)
plasmid_files/CP028582.1_results/PROKKA_06292018:CP028582.1_4 (length 110)
plasmid_files/CP028582.1_results/PROKKA_06292018:CP028582.1_5 (length 86)
plasmid_files/CP028582.1_results/PROKKA_06292018:CP028582.1_6 (length 201)
plasmid_files/CP028582.1_results/PROKKA_06292018:CP028582.1_7 (length 234)
plasmid_files/CP028582.1_results/PROKKA_06292018:CP028582.1_8 (length 40)
plasmid_files/CP028582.1_results/PROKKA_06292018:CP028582.1_9 (length 291)
plasmid_files/CP028582.1_results/PROKKA_06292018:CP028582.1_10 (length 322)
plasmid_files/CP028582.1_results/PROKKA_06292018:CP028582.1_11 (length 341)
plasmid_files/CP028582.1_results/PROKKA_06292018:CP028582.1_12 (length 234)
plasmid_files/CP028582.1_results/PROKKA_06292018:CP028582.1_13 (length 337)
plasmid_files/CP028582.1_results/PROKKA_06292018:CP028582.1_14 (length 199)
plasmid_files/CP028582.1_results/PROKKA_06292018:CP028582.1_15 (length 150)
plasmid_files/CP028582.1_results/PROKKA_06292018:CP028582.1_16 (length 177)
plasmid_files/CP028582.1_results/PROKKA_06292018:CP028582.1_17 (length 281)
plasmid_files/CP028582.1_results/PROKKA_06292018:CP028582.1_18 (length 115)
plasmid_files/CP028582.1_results/PROKKA_06292018:CP028582.1_19 (length 279)
plasmid_files/CP028582.1_results/PROKKA_06292018:CP028582.1_20 (length 166)
plasmid_files/CP028582.1_results/PROKKA_06292018:CP028582.1_21 (length 254)
plasmid_files/CP028582.1_results/PROKKA_06292018:CP028582.1_22 (length 404)
plasmid_files/CP028582.1_results/PROKKA_06292018:CP028582.1_23 (length 477)
plasmid_files/CP028582.1_results/PROKKA_06292018:CP028582.1_24 (length 88)
plasmid_files/CP028582.1_results/PROKKA_06292018:CP028582.1_25 (length 68)
plasmid_files/CP028582.1_results/PROKKA_06292018:CP028582.1_26 (length 215)
plasmid_files/CP028582.1_results/PROKKA_06292018:CP028582.1_27 (length 103)
plasmid_files/CP028582.1_results/PROKKA_06292018:CP028582.1_28 (length 104)
plasmid_files/CP028582.1_results/PROKKA_06292018:CP028582.1_29 (length 114)
plasmid_files/CP028582.1_results/PROKKA_06292018:CP028582.1_30 (length 101)
plasmid_files/CP028582.1_results/PROKKA_06292018:CP028582.1_31 (length 244)
plasmid_files/CP028582.1_results/PROKKA_06292018:CP028582.1_32 (length 93)
plasmid_files/CP028582.1_results/PROKKA_06292018:CP028582.1_33 (length 97)
plasmid_files/CP028582.1_results/PROKKA_06292018:CP028582.1_34 (length 105)
plasmid_files/CP028582.1_results/PROKKA_06292018:CP028582.1_35 (length 866)
plasmid_files/CP028582.1_results/PROKKA_06292018:CP028582.1_36 (length 237)
plasmid_files/CP028582.1_results/PROKKA_06292018:CP028582.1_37 (length 75)
plasmid_files/CP028582.1_results/PROKKA_06292018:CP028582.1_38 (length 346)
plasmid_files/CP028582.1_results/PROKKA_06292018:CP028582.1_39 (length 232)
plasmid_files/CP028582.1_results/PROKKA_06292018:CP028582.1_40 (length 294)
plasmid_files/CP028582.1_results/PROKKA_06292018:CP028582.1_41 (length 386)
plasmid_files/CP028582.1_results/PROKKA_06292018:CP028582.1_42 (length 331)
plasmid_files/CP028582.1_results/PROKKA_06292018:CP028582.1_43 (length 177)
plasmid_files/CP028582.1_results/PROKKA_06292018:CP028582.1_44 (length 164)
plasmid_files/CP028582.1_results/PROKKA_06292018:CP028582.1_45 (length 305)
plasmid_files/CP028582.1_results/PROKKA_06292018:CP028582.1_46 (length 234)
plasmid_files/CP028582.1_results/PROKKA_06292018:CP028582.1_47 (length 124)
plasmid_files/CP028582.1_results/PROKKA_06292018:CP028582.1_48 (length 119)
plasmid_files/CP028582.1_results/PROKKA_06292018:CP028582.1_49 (length 107)
plasmid_files/CP028582.1_results/PROKKA_06292018:CP028582.1_50 (length 242)
plasmid_files/CP028582.1_results/PROKKA_06292018:CP028582.1_51 (length 143)
plasmid_files/CP028582.1_results/PROKKA_06292018:CP028582.1_52 (length 432)
plasmid_files/CP028582.1_results/PROKKA_06292018:CP028582.1_53 (length 220)
plasmid_files/CP028582.1_results/PROKKA_06292018:CP028582.1_54 (length 76)
plasmid_files/CP028582.1_results/PROKKA_06292018:CP028582.1_55 (length 100)
plasmid_files/CP028582.1_results/PROKKA_06292018:CP028582.1_56 (length 50)
plasmid_files/CP028582.1_results/PROKKA_06292018:CP028582.1_57 (length 86)
plasmid_files/CP028582.1_results/PROKKA_06292018:CP028582.1_58 (length 78)
plasmid_files/CP028582.1_results/PROKKA_06292018:CP028582.1_59 (length 63)
plasmid_files/CP028582.1_results/PROKKA_06292018:CP028582.1_60 (length 168)
plasmid_files/CP028582.1_results/PROKKA_06292018:CP028582.1_61 (length 259)
plasmid_files/CP028582.1_results/PROKKA_06292018:CP028582.1_62 (length 139)
plasmid_files/CP028582.1_results/PROKKA_06292018:CP028582.1_63 (length 73)
plasmid_files/CP028582.1_results/PROKKA_06292018:CP028582.1_64 (length 225)
plasmid_files/CP028582.1_results/PROKKA_06292018:CP028582.1_65 (length 223)
plasmid_files/CP028582.1_results/PROKKA_06292018:CP028582.1_66 (length 140)
plasmid_files/CP028582.1_results/PROKKA_06292018:CP028582.1_67 (length 423)
plasmid_files/CP028582.1_results/PROKKA_06292018:CP028582.1_68 (length 323)
plasmid_files/CP028582.1_results/PROKKA_06292018:CP028582.1_69 (length 401)
plasmid_files/CP028582.1_results/PROKKA_06292018:CP028582.1_70 (length 210)
plasmid_files/CP028582.1_results/PROKKA_06292018:CP028582.1_71 (length 66)
plasmid_files/CP028582.1_results/PROKKA_06292018:CP028582.1_72 (length 316)
plasmid_files/CP028582.1_results/PROKKA_06292018:CP028582.1_73 (length 203)
plasmid_files/CP028582.1_results/PROKKA_06292018:CP028582.1_74 (length 131)
plasmid_files/CP028582.1_results/PROKKA_06292018:CP028582.1_75 (length 135)
plasmid_files/CP028582.1_results/PROKKA_06292018:CP028582.1_76 (length 326)
plasmid_files/CP028582.1_results/PROKKA_06292018:CP028582.1_77 (length 136)
plasmid_files/CP028582.1_results/PROKKA_06292018:CP028582.1_78 (length 42)
plasmid_files/CP028582.1_results/PROKKA_06292018:CP028582.1_79 (length 187)
plasmid_files/CP028582.1_results/PROKKA_06292018:CP028582.1_80 (length 234)
plasmid_files/CP028582.1_results/PROKKA_06292018:CP028582.1_81 (length 213)
plasmid_files/CP028582.1_results/PROKKA_06292018:CP028582.1_82 (length 166)
plasmid_files/CP028582.1_results/PROKKA_06292018:CP028582.1_83 (length 234)
plasmid_files/CP028582.1_results/PROKKA_06292018:CP028582.1_84 (length 163)
plasmid_files/CP028582.1_results/PROKKA_06292018:CP028582.1_85 (length 245)
plasmid_files/CP028582.1_results/PROKKA_06292018:CP028582.1_86 (length 74)
plasmid_files/CP028582.1_results/PROKKA_06292018:CP028582.1_87 (length 58)
plasmid_files/CP028582.1_results/PROKKA_06292018:CP028582.1_88 (length 334)
plasmid_files/CP028582.1_results/PROKKA_06292018:CP028582.1_89 (length 144)
plasmid_files/CP028582.1_results/PROKKA_06292018:CP028582.1_90 (length 116)
plasmid_files/CP028582.1_results/PROKKA_06292018:CP028582.1_91 (length 91)
plasmid_files/CP028582.1_results/PROKKA_06292018:CP028582.1_92 (length 140)
plasmid_files/CP028582.1_results/PROKKA_06292018:CP028582.1_93 (length 564)
plasmid_files/CP028582.1_results/PROKKA_06292018:CP028582.1_94 (length 120)
plasmid_files/CP028582.1_results/PROKKA_06292018:CP028582.1_95 (length 78)
plasmid_files/CP028582.1_results/PROKKA_06292018:CP028582.1_96 (length 235)
plasmid_files/CP028582.1_results/PROKKA_06292018:CP028582.1_97 (length 396)
plasmid_files/CP028582.1_results/PROKKA_06292018:CP028582.1_98 (length 234)
plasmid_files/CP028582.1_results/PROKKA_06292018:CP028582.1_99 (length 133)
plasmid_files/CP028582.1_results/PROKKA_06292018:CP028582.1_100 (length 366)
plasmid_files/CP028582.1_results/PROKKA_06292018:CP028582.1_101 (length 355)
plasmid_files/CP028582.1_results/PROKKA_06292018:CP028582.1_102 (length 52)
plasmid_files/CP028582.1_results/PROKKA_06292018:CP028582.1_103 (length 90)
plasmid_files/CP028582.1_results/PROKKA_06292018:CP028582.1_104 (length 116)
plasmid_files/CP028582.1_results/PROKKA_06292018:CP028582.1_105 (length 105)
plasmid_files/CP028582.1_results/PROKKA_06292018:CP028582.1_106 (length 118)
plasmid_files/CP028582.1_results/PROKKA_06292018:CP028582.1_107 (length 70)
plasmid_files/CP028582.1_results/PROKKA_06292018:CP028582.1_108 (length 74)
plasmid_files/CP028582.1_results/PROKKA_06292018:CP028582.1_109 (length 106)
plasmid_files/CP028582.1_results/PROKKA_06292018:CP028582.1_110 (length 92)
plasmid_files/CP028582.1_results/PROKKA_06292018:CP028582.1_111 (length 35)
plasmid_files/CP028582.1_results/PROKKA_06292018:CP028582.1_112 (length 273)
plasmid_files/CP028582.1_results/PROKKA_06292018:CP028582.1_113 (length 104)
plasmid_files/CP028582.1_results/PROKKA_06292018:CP028582.1_114 (length 161)
plasmid_files/CP028582.1_results/PROKKA_06292018:CP028582.1_115 (length 127)
plasmid_files/CP028582.1_results/PROKKA_06292018:CP028582.1_116 (length 245)
plasmid_files/CP028582.1_results/PROKKA_06292018:CP028582.1_117 (length 72)
plasmid_files/CP028582.1_results/PROKKA_06292018:CP028582.1_118 (length 122)
plasmid_files/CP028582.1_results/PROKKA_06292018:CP028582.1_119 (length 101)
plasmid_files/CP028582.1_results/PROKKA_06292018:CP028582.1_120 (length 128)
plasmid_files/CP028582.1_results/PROKKA_06292018:CP028582.1_121 (length 234)
plasmid_files/CP028582.1_results/PROKKA_06292018:CP028582.1_122 (length 191)
plasmid_files/CP028582.1_results/PROKKA_06292018:CP028582.1_123 (length 234)
plasmid_files/CP028582.1_results/PROKKA_06292018:CP028582.1_124 (length 938)
plasmid_files/CP028582.1_results/PROKKA_06292018:CP028582.1_125 (length 173)
plasmid_files/CP028582.1_results/PROKKA_06292018:CP028582.1_126 (length 244)
plasmid_files/CP028582.1_results/PROKKA_06292018:CP028582.1_127 (length 245)
plasmid_files/CP028582.1_results/PROKKA_06292018:CP028582.1_128 (length 738)
plasmid_files/CP028582.1_results/PROKKA_06292018:CP028582.1_129 (length 1711)
plasmid_files/CP028582.1_results/PROKKA_06292018:CP028582.1_130 (length 234)
plasmid_files/CP028582.1_results/PROKKA_06292018:CP028582.1_131 (length 322)
plasmid_files/CP028582.1_results/PROKKA_06292018:CP028582.1_132 (length 293)
plasmid_files/CP028582.1_results/PROKKA_06292018:CP028582.1_133 (length 357)
plasmid_files/CP028582.1_results/PROKKA_06292018:CP028582.1_134 (length 124)
plasmid_files/CP028582.1_results/PROKKA_06292018:CP028582.1_135 (length 108)
plasmid_files/CP028582.1_results/PROKKA_06292018:CP028582.1_136 (length 242)
plasmid_files/CP028582.1_results/PROKKA_06292018:CP028582.1_137 (length 143)
plasmid_files/CP028582.1_results/PROKKA_06292018:CP028582.1_138 (length 685)
plasmid_files/CP028582.1_results/PROKKA_06292018:CP028582.1_139 (length 82)
plasmid_files/CP028582.1_results/PROKKA_06292018:CP028582.1_140 (length 180)
plasmid_files/CP028582.1_results/PROKKA_06292018:CP028582.1_141 (length 109)
plasmid_files/CP028582.1_results/PROKKA_06292018:CP028582.1_142 (length 187)
plasmid_files/CP028582.1_results/PROKKA_06292018:CP028582.1_143 (length 451)
plasmid_files/CP028582.1_results/PROKKA_06292018:CP028582.1_144 (length 76)
plasmid_files/CP028582.1_results/PROKKA_06292018:CP028582.1_145 (length 75)
plasmid_files/CP028582.1_results/PROKKA_06292018:CP028582.1_146 (length 106)
plasmid_files/CP028582.1_results/PROKKA_06292018:CP028582.1_147 (length 84)
plasmid_files/CP028582.1_results/PROKKA_06292018:CP028582.1_148 (length 63)
plasmid_files/CP028582.1_results/PROKKA_06292018:CP028582.1_149 (length 168)
plasmid_files/CP028582.1_results/PROKKA_06292018:CP028582.1_150 (length 142)
plasmid_files/CP028582.1_results/PROKKA_06292018:CP028582.1_151 (length 255)
plasmid_files/CP028582.1_results/PROKKA_06292018:CP028582.1_152 (length 139)
plasmid_files/CP028582.1_results/PROKKA_06292018:CP028582.1_153 (length 73)
plasmid_files/CP028582.1_results/PROKKA_06292018:CP028582.1_154 (length 233)
plasmid_files/CP028582.1_results/PROKKA_06292018:CP028582.1_155 (length 76)
plasmid_files/CP028582.1_results/PROKKA_06292018:CP028582.1_156 (length 223)
plasmid_files/CP028582.1_results/PROKKA_06292018:CP028582.1_157 (length 323)
plasmid_files/CP028582.1_results/PROKKA_06292018:CP028582.1_158 (length 495)
plasmid_files/CP028582.1_results/PROKKA_06292018:CP028582.1_159 (length 143)
plasmid_files/CP028582.1_results/PROKKA_06292018:CP028582.1_160 (length 423)
plasmid_files/CP028582.1_results/PROKKA_06292018:CP028582.1_161 (length 324)
plasmid_files/CP028582.1_results/PROKKA_06292018:CP028582.1_162 (length 401)
plasmid_files/CP028582.1_results/PROKKA_06292018:CP028582.1_163 (length 194)
plasmid_files/CP028582.1_results/PROKKA_06292018:CP028582.1_164 (length 288)
plasmid_files/CP028582.1_results/PROKKA_06292018:CP028582.1_165 (length 91)
plasmid_files/CP028582.1_results/PROKKA_06292018:CP028582.1_166 (length 31)
plasmid_files/CP028582.1_results/PROKKA_06292018:CP028582.1_167 (length 85)
plasmid_files/CP028582.1_results/PROKKA_06292018:CP028582.1_168 (length 259)
plasmid_files/CP028582.1_results/PROKKA_06292018:CP028582.1_169 (length 334)
plasmid_files/CP028582.1_results/PROKKA_06292018:CP028582.1_170 (length 67)
plasmid_files/CP028582.1_results/PROKKA_06292018:CP028582.1_171 (length 173)
plasmid_files/CP028582.1_results/PROKKA_06292018:CP028582.1_172 (length 130)
plasmid_files/CP028582.1_results/PROKKA_06292018:CP028582.1_173 (length 314)
plasmid_files/CP028582.1_results/PROKKA_06292018:CP028582.1_174 (length 76)
plasmid_files/CP028582.1_results/PROKKA_06292018:CP028582.1_175 (length 133)
plasmid_files/CP028582.1_results/PROKKA_06292018:CP028582.1_176 (length 520)
plasmid_files/CP028582.1_results/PROKKA_06292018:CP028582.1_177 (length 340)
plasmid_files/CP028582.1_results/PROKKA_06292018:CP028582.1_178 (length 125)
plasmid_files/CP028582.1_results/PROKKA_06292018:CP028582.1_179 (length 117)
plasmid_files/CP028582.1_results/PROKKA_06292018:CP028582.1_180 (length 334)
plasmid_files/CP028582.1_results/PROKKA_06292018:CP028582.1_181 (length 988)
plasmid_files/CP028582.1_results/PROKKA_06292018:CP028582.1_182 (length 234)
plasmid_files/CP028582.1_results/PROKKA_06292018:CP028582.1_183 (length 248)
plasmid_files/CP028582.1_results/PROKKA_06292018:CP028582.1_184 (length 186)
plasmid_files/CP028582.1_results/PROKKA_06292018:CP028582.1_185 (length 66)
plasmid_files/CP028582.1_results/PROKKA_06292018:CP028582.1_186 (length 199)
plasmid_files/CP028582.1_results/PROKKA_06292018:CP028582.1_187 (length 110)
plasmid_files/CP028582.1_results/PROKKA_06292018:CP028582.1_188 (length 49)
plasmid_files/CP028582.1_results/PROKKA_06292018:CP028582.1_189 (length 82)

DiscRep_ALL:DISC_SOURCE_QUALS_ASNDISC::strain (all present, all unique)
DiscRep_SUB:DISC_SOURCE_QUALS_ASNDISC::1 sources have unique values for strain
DiscRep_ALL:DISC_SOURCE_QUALS_ASNDISC::taxname (all present, all unique)
DiscRep_SUB:DISC_SOURCE_QUALS_ASNDISC::1 sources have unique values for taxname
DiscRep_ALL:DISC_FEATURE_COUNT::CDS: 189 present
DiscRep_ALL:DISC_FEATURE_COUNT::tRNA: 1 present
DiscRep_ALL:DISC_COUNT_NUCLEOTIDES::1 nucleotide Bioseqs are present
plasmid_files/CP028582.1_results/PROKKA_06292018:CP028582.1 (length 149258)

DiscRep_ALL:FEATURE_LOCATION_CONFLICT::190 features have inconsistent gene locations.
DiscRep_SUB:FEATURE_LOCATION_CONFLICT::Coding region xref gene does not exist
plasmid_files/CP028582.1_results/PROKKA_06292018:CDS	hypothetical protein	CP028582.1:1-858	NEEDMJED_00001

DiscRep_SUB:FEATURE_LOCATION_CONFLICT::Coding region xref gene does not exist
plasmid_files/CP028582.1_results/PROKKA_06292018:CDS	hypothetical protein	CP028582.1:1797-2450	NEEDMJED_00002

DiscRep_SUB:FEATURE_LOCATION_CONFLICT::Coding region xref gene does not exist
plasmid_files/CP028582.1_results/PROKKA_06292018:CDS	Antitoxin PemI	CP028582.1:2543-2800	NEEDMJED_00003

DiscRep_SUB:FEATURE_LOCATION_CONFLICT::Coding region xref gene does not exist
plasmid_files/CP028582.1_results/PROKKA_06292018:CDS	Endoribonuclease PemK	CP028582.1:2802-3134	NEEDMJED_00004

DiscRep_SUB:FEATURE_LOCATION_CONFLICT::Coding region xref gene does not exist
plasmid_files/CP028582.1_results/PROKKA_06292018:CDS	hypothetical protein	CP028582.1:3577-3837	NEEDMJED_00005

DiscRep_SUB:FEATURE_LOCATION_CONFLICT::Coding region xref gene does not exist
plasmid_files/CP028582.1_results/PROKKA_06292018:CDS	hypothetical protein	CP028582.1:c4439-3834	NEEDMJED_00006

DiscRep_SUB:FEATURE_LOCATION_CONFLICT::Coding region xref gene does not exist
plasmid_files/CP028582.1_results/PROKKA_06292018:CDS	hypothetical protein	CP028582.1:c5149-4445	NEEDMJED_00007

DiscRep_SUB:FEATURE_LOCATION_CONFLICT::Coding region xref gene does not exist
plasmid_files/CP028582.1_results/PROKKA_06292018:CDS	hypothetical protein	CP028582.1:5391-5513	NEEDMJED_00008

DiscRep_SUB:FEATURE_LOCATION_CONFLICT::Coding region xref gene does not exist
plasmid_files/CP028582.1_results/PROKKA_06292018:CDS	Beta-lactamase Toho-1	CP028582.1:5660-6535	NEEDMJED_00009

DiscRep_SUB:FEATURE_LOCATION_CONFLICT::Coding region xref gene does not exist
plasmid_files/CP028582.1_results/PROKKA_06292018:CDS	hypothetical protein	CP028582.1:6570-7538	NEEDMJED_00010

DiscRep_SUB:FEATURE_LOCATION_CONFLICT::Coding region xref gene does not exist
plasmid_files/CP028582.1_results/PROKKA_06292018:CDS	Catecholate siderophore receptor Fiu	CP028582.1:7667-8692	NEEDMJED_00011

DiscRep_SUB:FEATURE_LOCATION_CONFLICT::Coding region xref gene does not exist
plasmid_files/CP028582.1_results/PROKKA_06292018:CDS	hypothetical protein	CP028582.1:c9993-9289	NEEDMJED_00012

DiscRep_SUB:FEATURE_LOCATION_CONFLICT::Coding region xref gene does not exist
plasmid_files/CP028582.1_results/PROKKA_06292018:CDS	Tyrosine recombinase XerD	CP028582.1:c11552-10539	NEEDMJED_00013

DiscRep_SUB:FEATURE_LOCATION_CONFLICT::Coding region xref gene does not exist
plasmid_files/CP028582.1_results/PROKKA_06292018:CDS	Aminoglycoside N(6')-acetyltransferase type 1	CP028582.1:11799-12398	NEEDMJED_00014

DiscRep_SUB:FEATURE_LOCATION_CONFLICT::Coding region xref gene does not exist
plasmid_files/CP028582.1_results/PROKKA_06292018:CDS	hypothetical protein	CP028582.1:12495-12947	NEEDMJED_00015

DiscRep_SUB:FEATURE_LOCATION_CONFLICT::Coding region xref gene does not exist
plasmid_files/CP028582.1_results/PROKKA_06292018:CDS	Dihydrofolate reductase type 1	CP028582.1:13020-13553	NEEDMJED_00016

DiscRep_SUB:FEATURE_LOCATION_CONFLICT::Coding region xref gene does not exist
plasmid_files/CP028582.1_results/PROKKA_06292018:CDS	Streptomycin 3''-adenylyltransferase	CP028582.1:13734-14579	NEEDMJED_00017

DiscRep_SUB:FEATURE_LOCATION_CONFLICT::Coding region xref gene does not exist
plasmid_files/CP028582.1_results/PROKKA_06292018:CDS	Multidrug transporter EmrE	CP028582.1:14696-15043	NEEDMJED_00018

DiscRep_SUB:FEATURE_LOCATION_CONFLICT::Coding region xref gene does not exist
plasmid_files/CP028582.1_results/PROKKA_06292018:CDS	Dihydropteroate synthase	CP028582.1:15037-15876	NEEDMJED_00019

DiscRep_SUB:FEATURE_LOCATION_CONFLICT::Coding region xref gene does not exist
plasmid_files/CP028582.1_results/PROKKA_06292018:CDS	hypothetical protein	CP028582.1:16004-16504	NEEDMJED_00020

DiscRep_SUB:FEATURE_LOCATION_CONFLICT::Coding region xref gene does not exist
plasmid_files/CP028582.1_results/PROKKA_06292018:CDS	hypothetical protein	CP028582.1:17011-17775	NEEDMJED_00021

DiscRep_SUB:FEATURE_LOCATION_CONFLICT::Coding region xref gene does not exist
plasmid_files/CP028582.1_results/PROKKA_06292018:CDS	Type-2 restriction enzyme EcoRII	CP028582.1:18036-19250	NEEDMJED_00022

DiscRep_SUB:FEATURE_LOCATION_CONFLICT::Coding region xref gene does not exist
plasmid_files/CP028582.1_results/PROKKA_06292018:CDS	DNA-cytosine methyltransferase	CP028582.1:c20717-19284	NEEDMJED_00023

DiscRep_SUB:FEATURE_LOCATION_CONFLICT::Coding region xref gene does not exist
plasmid_files/CP028582.1_results/PROKKA_06292018:CDS	hypothetical protein	CP028582.1:20822-21088	NEEDMJED_00024

DiscRep_SUB:FEATURE_LOCATION_CONFLICT::Coding region xref gene does not exist
plasmid_files/CP028582.1_results/PROKKA_06292018:CDS	hypothetical protein	CP028582.1:c21305-21099	NEEDMJED_00025

DiscRep_SUB:FEATURE_LOCATION_CONFLICT::Coding region xref gene does not exist
plasmid_files/CP028582.1_results/PROKKA_06292018:CDS	hypothetical protein	CP028582.1:c21957-21310	NEEDMJED_00026

DiscRep_SUB:FEATURE_LOCATION_CONFLICT::Coding region xref gene does not exist
plasmid_files/CP028582.1_results/PROKKA_06292018:CDS	hypothetical protein	CP028582.1:c22318-22007	NEEDMJED_00027

DiscRep_SUB:FEATURE_LOCATION_CONFLICT::Coding region xref gene does not exist
plasmid_files/CP028582.1_results/PROKKA_06292018:CDS	hypothetical protein	CP028582.1:c22668-22354	NEEDMJED_00028

DiscRep_SUB:FEATURE_LOCATION_CONFLICT::Coding region xref gene does not exist
plasmid_files/CP028582.1_results/PROKKA_06292018:CDS	hypothetical protein	CP028582.1:c23009-22665	NEEDMJED_00029

DiscRep_SUB:FEATURE_LOCATION_CONFLICT::Coding region xref gene does not exist
plasmid_files/CP028582.1_results/PROKKA_06292018:CDS	Trans-acting regulatory protein HvrA	CP028582.1:c23330-23025	NEEDMJED_00030

DiscRep_SUB:FEATURE_LOCATION_CONFLICT::Coding region xref gene does not exist
plasmid_files/CP028582.1_results/PROKKA_06292018:CDS	Type IV secretion system protein virB1	CP028582.1:23439-24173	NEEDMJED_00031

DiscRep_SUB:FEATURE_LOCATION_CONFLICT::Coding region xref gene does not exist
plasmid_files/CP028582.1_results/PROKKA_06292018:CDS	hypothetical protein	CP028582.1:24182-24463	NEEDMJED_00032

DiscRep_SUB:FEATURE_LOCATION_CONFLICT::Coding region xref gene does not exist
plasmid_files/CP028582.1_results/PROKKA_06292018:CDS	hypothetical protein	CP028582.1:24473-24766	NEEDMJED_00033

DiscRep_SUB:FEATURE_LOCATION_CONFLICT::Coding region xref gene does not exist
plasmid_files/CP028582.1_results/PROKKA_06292018:CDS	hypothetical protein	CP028582.1:24816-25133	NEEDMJED_00034

DiscRep_SUB:FEATURE_LOCATION_CONFLICT::Coding region xref gene does not exist
plasmid_files/CP028582.1_results/PROKKA_06292018:CDS	Type IV secretion system protein virB4	CP028582.1:25133-27733	NEEDMJED_00035

DiscRep_SUB:FEATURE_LOCATION_CONFLICT::Coding region xref gene does not exist
plasmid_files/CP028582.1_results/PROKKA_06292018:CDS	Type IV secretion system protein virB5	CP028582.1:27751-28464	NEEDMJED_00036

DiscRep_SUB:FEATURE_LOCATION_CONFLICT::Coding region xref gene does not exist
plasmid_files/CP028582.1_results/PROKKA_06292018:CDS	hypothetical protein	CP028582.1:28472-28699	NEEDMJED_00037

DiscRep_SUB:FEATURE_LOCATION_CONFLICT::Coding region xref gene does not exist
plasmid_files/CP028582.1_results/PROKKA_06292018:CDS	Type IV secretion system protein VirB6	CP028582.1:28715-29755	NEEDMJED_00038

DiscRep_SUB:FEATURE_LOCATION_CONFLICT::Coding region xref gene does not exist
plasmid_files/CP028582.1_results/PROKKA_06292018:CDS	Type IV secretion system protein virB8	CP028582.1:29974-30672	NEEDMJED_00039

DiscRep_SUB:FEATURE_LOCATION_CONFLICT::Coding region xref gene does not exist
plasmid_files/CP028582.1_results/PROKKA_06292018:CDS	Type IV secretion system protein virB9	CP028582.1:30683-31567	NEEDMJED_00040

DiscRep_SUB:FEATURE_LOCATION_CONFLICT::Coding region xref gene does not exist
plasmid_files/CP028582.1_results/PROKKA_06292018:CDS	Protein virB10	CP028582.1:31567-32727	NEEDMJED_00041

DiscRep_SUB:FEATURE_LOCATION_CONFLICT::Coding region xref gene does not exist
plasmid_files/CP028582.1_results/PROKKA_06292018:CDS	Type IV secretion system protein VirB11	CP028582.1:32769-33764	NEEDMJED_00042

DiscRep_SUB:FEATURE_LOCATION_CONFLICT::Coding region xref gene does not exist
plasmid_files/CP028582.1_results/PROKKA_06292018:CDS	Phospholipase D	CP028582.1:33764-34297	NEEDMJED_00043

DiscRep_SUB:FEATURE_LOCATION_CONFLICT::Coding region xref gene does not exist
plasmid_files/CP028582.1_results/PROKKA_06292018:CDS	hypothetical protein	CP028582.1:c34965-34471	NEEDMJED_00044

DiscRep_SUB:FEATURE_LOCATION_CONFLICT::Coding region xref gene does not exist
plasmid_files/CP028582.1_results/PROKKA_06292018:CDS	hypothetical protein	CP028582.1:c36138-35221	NEEDMJED_00045

DiscRep_SUB:FEATURE_LOCATION_CONFLICT::Coding region xref gene does not exist
plasmid_files/CP028582.1_results/PROKKA_06292018:CDS	hypothetical protein	CP028582.1:c36848-36144	NEEDMJED_00046

DiscRep_SUB:FEATURE_LOCATION_CONFLICT::Coding region xref gene does not exist
plasmid_files/CP028582.1_results/PROKKA_06292018:CDS	hypothetical protein	CP028582.1:c37348-36974	NEEDMJED_00047

DiscRep_SUB:FEATURE_LOCATION_CONFLICT::Coding region xref gene does not exist
plasmid_files/CP028582.1_results/PROKKA_06292018:CDS	hypothetical protein	CP028582.1:c38333-37974	NEEDMJED_00048

DiscRep_SUB:FEATURE_LOCATION_CONFLICT::Coding region xref gene does not exist
plasmid_files/CP028582.1_results/PROKKA_06292018:CDS	hypothetical protein	CP028582.1:c38718-38395	NEEDMJED_00049

DiscRep_SUB:FEATURE_LOCATION_CONFLICT::Coding region xref gene does not exist
plasmid_files/CP028582.1_results/PROKKA_06292018:CDS	hypothetical protein	CP028582.1:c39443-38715	NEEDMJED_00050

DiscRep_SUB:FEATURE_LOCATION_CONFLICT::Coding region xref gene does not exist
plasmid_files/CP028582.1_results/PROKKA_06292018:CDS	Protein PsiB	CP028582.1:c39871-39440	NEEDMJED_00051

DiscRep_SUB:FEATURE_LOCATION_CONFLICT::Coding region xref gene does not exist
plasmid_files/CP028582.1_results/PROKKA_06292018:CDS	hypothetical protein	CP028582.1:c41212-39914	NEEDMJED_00052

DiscRep_SUB:FEATURE_LOCATION_CONFLICT::Coding region xref gene does not exist
plasmid_files/CP028582.1_results/PROKKA_06292018:CDS	Chromosome-partitioning protein Spo0J	CP028582.1:c41923-41261	NEEDMJED_00053

DiscRep_SUB:FEATURE_LOCATION_CONFLICT::Coding region xref gene does not exist
plasmid_files/CP028582.1_results/PROKKA_06292018:CDS	hypothetical protein	CP028582.1:c42224-41994	NEEDMJED_00054

DiscRep_SUB:FEATURE_LOCATION_CONFLICT::Coding region xref gene does not exist
plasmid_files/CP028582.1_results/PROKKA_06292018:CDS	hypothetical protein	CP028582.1:42509-42811	NEEDMJED_00055

DiscRep_SUB:FEATURE_LOCATION_CONFLICT::Coding region xref gene does not exist
plasmid_files/CP028582.1_results/PROKKA_06292018:CDS	hypothetical protein	CP028582.1:c43167-43015	NEEDMJED_00056

DiscRep_SUB:FEATURE_LOCATION_CONFLICT::Coding region xref gene does not exist
plasmid_files/CP028582.1_results/PROKKA_06292018:CDS	DNA polymerase III subunit theta	CP028582.1:c43462-43202	NEEDMJED_00057

DiscRep_SUB:FEATURE_LOCATION_CONFLICT::Coding region xref gene does not exist
plasmid_files/CP028582.1_results/PROKKA_06292018:CDS	hypothetical protein	CP028582.1:c43646-43410	NEEDMJED_00058

DiscRep_SUB:FEATURE_LOCATION_CONFLICT::Coding region xref gene does not exist
plasmid_files/CP028582.1_results/PROKKA_06292018:CDS	hypothetical protein	CP028582.1:c43840-43649	NEEDMJED_00059

DiscRep_SUB:FEATURE_LOCATION_CONFLICT::Coding region xref gene does not exist
plasmid_files/CP028582.1_results/PROKKA_06292018:CDS	hypothetical protein	CP028582.1:c44389-43883	NEEDMJED_00060

DiscRep_SUB:FEATURE_LOCATION_CONFLICT::Coding region xref gene does not exist
plasmid_files/CP028582.1_results/PROKKA_06292018:CDS	hypothetical protein	CP028582.1:c45573-44794	NEEDMJED_00061

DiscRep_SUB:FEATURE_LOCATION_CONFLICT::Coding region xref gene does not exist
plasmid_files/CP028582.1_results/PROKKA_06292018:CDS	hypothetical protein	CP028582.1:c46046-45627	NEEDMJED_00062

DiscRep_SUB:FEATURE_LOCATION_CONFLICT::Coding region xref gene does not exist
plasmid_files/CP028582.1_results/PROKKA_06292018:CDS	hypothetical protein	CP028582.1:c46278-46057	NEEDMJED_00063

DiscRep_SUB:FEATURE_LOCATION_CONFLICT::Coding region xref gene does not exist
plasmid_files/CP028582.1_results/PROKKA_06292018:CDS	DNA adenine methyltransferase YhdJ	CP028582.1:c46955-46278	NEEDMJED_00064

DiscRep_SUB:FEATURE_LOCATION_CONFLICT::Coding region xref gene does not exist
plasmid_files/CP028582.1_results/PROKKA_06292018:CDS	Putative SOS response-associated peptidase YedK	CP028582.1:47314-47985	NEEDMJED_00065

DiscRep_SUB:FEATURE_LOCATION_CONFLICT::Coding region xref gene does not exist
plasmid_files/CP028582.1_results/PROKKA_06292018:CDS	Protein UmuD	CP028582.1:48165-48587	NEEDMJED_00066

DiscRep_SUB:FEATURE_LOCATION_CONFLICT::Coding region xref gene does not exist
plasmid_files/CP028582.1_results/PROKKA_06292018:CDS	Protein UmuC	CP028582.1:48587-49858	NEEDMJED_00067

DiscRep_SUB:FEATURE_LOCATION_CONFLICT::Coding region xref gene does not exist
plasmid_files/CP028582.1_results/PROKKA_06292018:CDS	Virulence regulon transcriptional activator VirB	CP028582.1:c50965-49994	NEEDMJED_00068

DiscRep_SUB:FEATURE_LOCATION_CONFLICT::Coding region xref gene does not exist
plasmid_files/CP028582.1_results/PROKKA_06292018:CDS	Plasmid partition protein A	CP028582.1:c52167-50962	NEEDMJED_00069

DiscRep_SUB:FEATURE_LOCATION_CONFLICT::Coding region xref gene does not exist
plasmid_files/CP028582.1_results/PROKKA_06292018:CDS	Putative transposon Tn552 DNA-invertase bin3	CP028582.1:52530-53162	NEEDMJED_00070

DiscRep_SUB:FEATURE_LOCATION_CONFLICT::Coding region xref gene does not exist
plasmid_files/CP028582.1_results/PROKKA_06292018:CDS	hypothetical protein	CP028582.1:53216-53416	NEEDMJED_00071

DiscRep_SUB:FEATURE_LOCATION_CONFLICT::Coding region xref gene does not exist
plasmid_files/CP028582.1_results/PROKKA_06292018:CDS	Recombination-promoting nuclease RpnA	CP028582.1:53563-54513	NEEDMJED_00072

DiscRep_SUB:FEATURE_LOCATION_CONFLICT::Coding region xref gene does not exist
plasmid_files/CP028582.1_results/PROKKA_06292018:CDS	hypothetical protein	CP028582.1:c55121-54510	NEEDMJED_00073

DiscRep_SUB:FEATURE_LOCATION_CONFLICT::Coding region xref gene does not exist
plasmid_files/CP028582.1_results/PROKKA_06292018:CDS	hypothetical protein	CP028582.1:c55513-55118	NEEDMJED_00074

DiscRep_SUB:FEATURE_LOCATION_CONFLICT::Coding region xref gene does not exist
plasmid_files/CP028582.1_results/PROKKA_06292018:CDS	Ribonuclease T	CP028582.1:c55973-55566	NEEDMJED_00075

DiscRep_SUB:FEATURE_LOCATION_CONFLICT::Coding region xref gene does not exist
plasmid_files/CP028582.1_results/PROKKA_06292018:CDS	hypothetical protein	CP028582.1:56027-57007	NEEDMJED_00076

DiscRep_SUB:FEATURE_LOCATION_CONFLICT::Coding region xref gene does not exist
plasmid_files/CP028582.1_results/PROKKA_06292018:CDS	hypothetical protein	CP028582.1:57121-57531	NEEDMJED_00077

DiscRep_SUB:FEATURE_LOCATION_CONFLICT::Coding region xref gene does not exist
plasmid_files/CP028582.1_results/PROKKA_06292018:CDS	hypothetical protein	CP028582.1:57528-57656	NEEDMJED_00078

DiscRep_SUB:FEATURE_LOCATION_CONFLICT::Coding region xref gene does not exist
plasmid_files/CP028582.1_results/PROKKA_06292018:CDS	Heat shock protein C	CP028582.1:57653-58216	NEEDMJED_00079

DiscRep_SUB:FEATURE_LOCATION_CONFLICT::Coding region xref gene does not exist
plasmid_files/CP028582.1_results/PROKKA_06292018:CDS	hypothetical protein	CP028582.1:58685-59389	NEEDMJED_00080

DiscRep_SUB:FEATURE_LOCATION_CONFLICT::Coding region xref gene does not exist
plasmid_files/CP028582.1_results/PROKKA_06292018:CDS	Chloramphenicol acetyltransferase 2	CP028582.1:c60163-59522	NEEDMJED_00081

DiscRep_SUB:FEATURE_LOCATION_CONFLICT::Coding region xref gene does not exist
plasmid_files/CP028582.1_results/PROKKA_06292018:CDS	hypothetical protein	CP028582.1:c60813-60313	NEEDMJED_00082

DiscRep_SUB:FEATURE_LOCATION_CONFLICT::Coding region xref gene does not exist
plasmid_files/CP028582.1_results/PROKKA_06292018:CDS	hypothetical protein	CP028582.1:60893-61597	NEEDMJED_00083

DiscRep_SUB:FEATURE_LOCATION_CONFLICT::Coding region xref gene does not exist
plasmid_files/CP028582.1_results/PROKKA_06292018:CDS	hypothetical protein	CP028582.1:c62122-61631	NEEDMJED_00084

DiscRep_SUB:FEATURE_LOCATION_CONFLICT::Coding region xref gene does not exist
plasmid_files/CP028582.1_results/PROKKA_06292018:CDS	Putative transposon Tn552 DNA-invertase bin3	CP028582.1:62229-62966	NEEDMJED_00085

DiscRep_SUB:FEATURE_LOCATION_CONFLICT::Coding region xref gene does not exist
plasmid_files/CP028582.1_results/PROKKA_06292018:CDS	hypothetical protein	CP028582.1:62963-63187	NEEDMJED_00086

DiscRep_SUB:FEATURE_LOCATION_CONFLICT::Coding region xref gene does not exist
plasmid_files/CP028582.1_results/PROKKA_06292018:CDS	hypothetical protein	CP028582.1:63309-63485	NEEDMJED_00087

DiscRep_SUB:FEATURE_LOCATION_CONFLICT::Coding region xref gene does not exist
plasmid_files/CP028582.1_results/PROKKA_06292018:CDS	hypothetical protein	CP028582.1:c64671-63667	NEEDMJED_00088

DiscRep_SUB:FEATURE_LOCATION_CONFLICT::Coding region xref gene does not exist
plasmid_files/CP028582.1_results/PROKKA_06292018:CDS	Mercuric resistance operon regulatory protein	CP028582.1:c65184-64750	NEEDMJED_00089

DiscRep_SUB:FEATURE_LOCATION_CONFLICT::Coding region xref gene does not exist
plasmid_files/CP028582.1_results/PROKKA_06292018:CDS	Mercuric transport protein MerT	CP028582.1:65256-65606	NEEDMJED_00090

DiscRep_SUB:FEATURE_LOCATION_CONFLICT::Coding region xref gene does not exist
plasmid_files/CP028582.1_results/PROKKA_06292018:CDS	Mercuric transport protein periplasmic component	CP028582.1:65620-65895	NEEDMJED_00091

DiscRep_SUB:FEATURE_LOCATION_CONFLICT::Coding region xref gene does not exist
plasmid_files/CP028582.1_results/PROKKA_06292018:CDS	Mercuric transport protein MerC	CP028582.1:65931-66353	NEEDMJED_00092

DiscRep_SUB:FEATURE_LOCATION_CONFLICT::Coding region xref gene does not exist
plasmid_files/CP028582.1_results/PROKKA_06292018:CDS	Mercuric reductase	CP028582.1:66405-68099	NEEDMJED_00093

DiscRep_SUB:FEATURE_LOCATION_CONFLICT::Coding region xref gene does not exist
plasmid_files/CP028582.1_results/PROKKA_06292018:CDS	HTH-type transcriptional activator mta	CP028582.1:68117-68479	NEEDMJED_00094

DiscRep_SUB:FEATURE_LOCATION_CONFLICT::Coding region xref gene does not exist
plasmid_files/CP028582.1_results/PROKKA_06292018:CDS	hypothetical protein	CP028582.1:68476-68712	NEEDMJED_00095

DiscRep_SUB:FEATURE_LOCATION_CONFLICT::Coding region xref gene does not exist
plasmid_files/CP028582.1_results/PROKKA_06292018:CDS	putative signaling protein	CP028582.1:68709-69416	NEEDMJED_00096

DiscRep_SUB:FEATURE_LOCATION_CONFLICT::Coding region xref gene does not exist
plasmid_files/CP028582.1_results/PROKKA_06292018:CDS	Transposon Tn7 transposition protein TnsB	CP028582.1:69491-70681	NEEDMJED_00097

DiscRep_SUB:FEATURE_LOCATION_CONFLICT::Coding region xref gene does not exist
plasmid_files/CP028582.1_results/PROKKA_06292018:CDS	hypothetical protein	CP028582.1:70728-71432	NEEDMJED_00098

DiscRep_SUB:FEATURE_LOCATION_CONFLICT::Coding region xref gene does not exist
plasmid_files/CP028582.1_results/PROKKA_06292018:CDS	Transposon Tn3 resolvase	CP028582.1:71544-71945	NEEDMJED_00099

DiscRep_SUB:FEATURE_LOCATION_CONFLICT::Coding region xref gene does not exist
plasmid_files/CP028582.1_results/PROKKA_06292018:CDS	hypothetical protein	CP028582.1:72068-73168	NEEDMJED_00100

DiscRep_SUB:FEATURE_LOCATION_CONFLICT::Coding region xref gene does not exist
plasmid_files/CP028582.1_results/PROKKA_06292018:CDS	hypothetical protein	CP028582.1:c74075-73008	NEEDMJED_00101

DiscRep_SUB:FEATURE_LOCATION_CONFLICT::Coding region xref gene does not exist
plasmid_files/CP028582.1_results/PROKKA_06292018:CDS	Stable plasmid inheritance protein	CP028582.1:74147-74305	NEEDMJED_00102

DiscRep_SUB:FEATURE_LOCATION_CONFLICT::Coding region xref gene does not exist
plasmid_files/CP028582.1_results/PROKKA_06292018:CDS	hypothetical protein	CP028582.1:74998-75270	NEEDMJED_00103

DiscRep_SUB:FEATURE_LOCATION_CONFLICT::Coding region xref gene does not exist
plasmid_files/CP028582.1_results/PROKKA_06292018:CDS	hypothetical protein	CP028582.1:75267-75617	NEEDMJED_00104

DiscRep_SUB:FEATURE_LOCATION_CONFLICT::Coding region xref gene does not exist
plasmid_files/CP028582.1_results/PROKKA_06292018:CDS	hypothetical protein	CP028582.1:75632-75949	NEEDMJED_00105

DiscRep_SUB:FEATURE_LOCATION_CONFLICT::Coding region xref gene does not exist
plasmid_files/CP028582.1_results/PROKKA_06292018:CDS	hypothetical protein	CP028582.1:76790-77146	NEEDMJED_00106

DiscRep_SUB:FEATURE_LOCATION_CONFLICT::Coding region xref gene does not exist
plasmid_files/CP028582.1_results/PROKKA_06292018:CDS	hypothetical protein	CP028582.1:77207-77419	NEEDMJED_00107

DiscRep_SUB:FEATURE_LOCATION_CONFLICT::Coding region xref gene does not exist
plasmid_files/CP028582.1_results/PROKKA_06292018:CDS	hypothetical protein	CP028582.1:77430-77654	NEEDMJED_00108

DiscRep_SUB:FEATURE_LOCATION_CONFLICT::Coding region xref gene does not exist
plasmid_files/CP028582.1_results/PROKKA_06292018:CDS	hypothetical protein	CP028582.1:77735-78055	NEEDMJED_00109

DiscRep_SUB:FEATURE_LOCATION_CONFLICT::Coding region xref gene does not exist
plasmid_files/CP028582.1_results/PROKKA_06292018:CDS	Antitoxin HigA1	CP028582.1:78045-78323	NEEDMJED_00110

DiscRep_SUB:FEATURE_LOCATION_CONFLICT::Coding region xref gene does not exist
plasmid_files/CP028582.1_results/PROKKA_06292018:CDS	Antitoxin HigA	CP028582.1:78324-78431	NEEDMJED_00111

DiscRep_SUB:FEATURE_LOCATION_CONFLICT::Coding region xref gene does not exist
plasmid_files/CP028582.1_results/PROKKA_06292018:CDS	hypothetical protein	CP028582.1:79260-80081	NEEDMJED_00112

DiscRep_SUB:FEATURE_LOCATION_CONFLICT::Coding region xref gene does not exist
plasmid_files/CP028582.1_results/PROKKA_06292018:CDS	hypothetical protein	CP028582.1:80129-80443	NEEDMJED_00113

DiscRep_SUB:FEATURE_LOCATION_CONFLICT::Coding region xref gene does not exist
plasmid_files/CP028582.1_results/PROKKA_06292018:CDS	hypothetical protein	CP028582.1:c80961-80476	NEEDMJED_00114

DiscRep_SUB:FEATURE_LOCATION_CONFLICT::Coding region xref gene does not exist
plasmid_files/CP028582.1_results/PROKKA_06292018:CDS	Relaxosome protein TraM	CP028582.1:81385-81768	NEEDMJED_00115

DiscRep_SUB:FEATURE_LOCATION_CONFLICT::Coding region xref gene does not exist
plasmid_files/CP028582.1_results/PROKKA_06292018:CDS	Protein TraJ	CP028582.1:81968-82705	NEEDMJED_00116

DiscRep_SUB:FEATURE_LOCATION_CONFLICT::Coding region xref gene does not exist
plasmid_files/CP028582.1_results/PROKKA_06292018:CDS	Relaxosome protein TraY	CP028582.1:82808-83026	NEEDMJED_00117

DiscRep_SUB:FEATURE_LOCATION_CONFLICT::Coding region xref gene does not exist
plasmid_files/CP028582.1_results/PROKKA_06292018:CDS	Pilin	CP028582.1:83088-83456	NEEDMJED_00118

DiscRep_SUB:FEATURE_LOCATION_CONFLICT::Coding region xref gene does not exist
plasmid_files/CP028582.1_results/PROKKA_06292018:CDS	hypothetical protein	CP028582.1:83470-83775	NEEDMJED_00119

DiscRep_SUB:FEATURE_LOCATION_CONFLICT::Coding region xref gene does not exist
plasmid_files/CP028582.1_results/PROKKA_06292018:CDS	hypothetical protein	CP028582.1:83795-84181	NEEDMJED_00120

DiscRep_SUB:FEATURE_LOCATION_CONFLICT::Coding region xref gene does not exist
plasmid_files/CP028582.1_results/PROKKA_06292018:CDS	hypothetical protein	CP028582.1:c84919-84215	NEEDMJED_00121

DiscRep_SUB:FEATURE_LOCATION_CONFLICT::Coding region xref gene does not exist
plasmid_files/CP028582.1_results/PROKKA_06292018:CDS	hypothetical protein	CP028582.1:84999-85574	NEEDMJED_00122

DiscRep_SUB:FEATURE_LOCATION_CONFLICT::Coding region xref gene does not exist
plasmid_files/CP028582.1_results/PROKKA_06292018:CDS	hypothetical protein	CP028582.1:86030-86734	NEEDMJED_00123

DiscRep_SUB:FEATURE_LOCATION_CONFLICT::Coding region xref gene does not exist
plasmid_files/CP028582.1_results/PROKKA_06292018:CDS	hypothetical protein	CP028582.1:87811-90627	NEEDMJED_00125

DiscRep_SUB:FEATURE_LOCATION_CONFLICT::Coding region xref gene does not exist
plasmid_files/CP028582.1_results/PROKKA_06292018:CDS	Protein TraS	CP028582.1:90660-91181	NEEDMJED_00126

DiscRep_SUB:FEATURE_LOCATION_CONFLICT::Coding region xref gene does not exist
plasmid_files/CP028582.1_results/PROKKA_06292018:CDS	Lipoprotein YlpA	CP028582.1:91203-91937	NEEDMJED_00127

DiscRep_SUB:FEATURE_LOCATION_CONFLICT::Coding region xref gene does not exist
plasmid_files/CP028582.1_results/PROKKA_06292018:CDS	hypothetical protein	CP028582.1:92140-92877	NEEDMJED_00128

DiscRep_SUB:FEATURE_LOCATION_CONFLICT::Coding region xref gene does not exist
plasmid_files/CP028582.1_results/PROKKA_06292018:CDS	Coupling protein TraD	CP028582.1:92928-95144	NEEDMJED_00129

DiscRep_SUB:FEATURE_LOCATION_CONFLICT::Coding region xref gene does not exist
plasmid_files/CP028582.1_results/PROKKA_06292018:CDS	Multifunctional conjugation protein TraI	CP028582.1:95144-100279	NEEDMJED_00130

DiscRep_SUB:FEATURE_LOCATION_CONFLICT::Coding region xref gene does not exist
plasmid_files/CP028582.1_results/PROKKA_06292018:CDS	hypothetical protein	CP028582.1:c101017-100313	NEEDMJED_00131

DiscRep_SUB:FEATURE_LOCATION_CONFLICT::Coding region xref gene does not exist
plasmid_files/CP028582.1_results/PROKKA_06292018:CDS	hypothetical protein	CP028582.1:101068-102036	NEEDMJED_00132

DiscRep_SUB:FEATURE_LOCATION_CONFLICT::Coding region xref gene does not exist
plasmid_files/CP028582.1_results/PROKKA_06292018:CDS	Carbapenem-hydrolyzing beta-lactamase KPC	CP028582.1:c103167-102286	NEEDMJED_00133

DiscRep_SUB:FEATURE_LOCATION_CONFLICT::Coding region xref gene does not exist
plasmid_files/CP028582.1_results/PROKKA_06292018:CDS	hypothetical protein	CP028582.1:103517-104590	NEEDMJED_00134

DiscRep_SUB:FEATURE_LOCATION_CONFLICT::Coding region xref gene does not exist
plasmid_files/CP028582.1_results/PROKKA_06292018:CDS	hypothetical protein	CP028582.1:c105148-104774	NEEDMJED_00135

DiscRep_SUB:FEATURE_LOCATION_CONFLICT::Coding region xref gene does not exist
plasmid_files/CP028582.1_results/PROKKA_06292018:CDS	hypothetical protein	CP028582.1:c105530-105204	NEEDMJED_00136

DiscRep_SUB:FEATURE_LOCATION_CONFLICT::Coding region xref gene does not exist
plasmid_files/CP028582.1_results/PROKKA_06292018:CDS	hypothetical protein	CP028582.1:c106255-105527	NEEDMJED_00137

DiscRep_SUB:FEATURE_LOCATION_CONFLICT::Coding region xref gene does not exist
plasmid_files/CP028582.1_results/PROKKA_06292018:CDS	Protein PsiB	CP028582.1:c106683-106252	NEEDMJED_00138

DiscRep_SUB:FEATURE_LOCATION_CONFLICT::Coding region xref gene does not exist
plasmid_files/CP028582.1_results/PROKKA_06292018:CDS	Chromosome-partitioning protein Spo0J	CP028582.1:c108785-106728	NEEDMJED_00139

DiscRep_SUB:FEATURE_LOCATION_CONFLICT::Coding region xref gene does not exist
plasmid_files/CP028582.1_results/PROKKA_06292018:CDS	hypothetical protein	CP028582.1:c109103-108855	NEEDMJED_00140

DiscRep_SUB:FEATURE_LOCATION_CONFLICT::Coding region xref gene does not exist
plasmid_files/CP028582.1_results/PROKKA_06292018:CDS	Plasmid-derived single-stranded DNA-binding protein	CP028582.1:c109694-109152	NEEDMJED_00141

DiscRep_SUB:FEATURE_LOCATION_CONFLICT::Coding region xref gene does not exist
plasmid_files/CP028582.1_results/PROKKA_06292018:CDS	hypothetical protein	CP028582.1:110303-110632	NEEDMJED_00142

DiscRep_SUB:FEATURE_LOCATION_CONFLICT::Coding region xref gene does not exist
plasmid_files/CP028582.1_results/PROKKA_06292018:CDS	hypothetical protein	CP028582.1:c111090-110527	NEEDMJED_00143

DiscRep_SUB:FEATURE_LOCATION_CONFLICT::Coding region xref gene does not exist
plasmid_files/CP028582.1_results/PROKKA_06292018:CDS	hypothetical protein	CP028582.1:c112493-111138	NEEDMJED_00144

DiscRep_SUB:FEATURE_LOCATION_CONFLICT::Coding region xref gene does not exist
plasmid_files/CP028582.1_results/PROKKA_06292018:CDS	hypothetical protein	CP028582.1:c112775-112545	NEEDMJED_00145

DiscRep_SUB:FEATURE_LOCATION_CONFLICT::Coding region xref gene does not exist
plasmid_files/CP028582.1_results/PROKKA_06292018:CDS	hypothetical protein	CP028582.1:c113094-112867	NEEDMJED_00146

DiscRep_SUB:FEATURE_LOCATION_CONFLICT::Coding region xref gene does not exist
plasmid_files/CP028582.1_results/PROKKA_06292018:CDS	hypothetical protein	CP028582.1:c114094-113774	NEEDMJED_00147

DiscRep_SUB:FEATURE_LOCATION_CONFLICT::Coding region xref gene does not exist
plasmid_files/CP028582.1_results/PROKKA_06292018:CDS	DNA polymerase III subunit theta	CP028582.1:c114383-114129	NEEDMJED_00148

DiscRep_SUB:FEATURE_LOCATION_CONFLICT::Coding region xref gene does not exist
plasmid_files/CP028582.1_results/PROKKA_06292018:CDS	hypothetical protein	CP028582.1:c114762-114571	NEEDMJED_00149

DiscRep_SUB:FEATURE_LOCATION_CONFLICT::Coding region xref gene does not exist
plasmid_files/CP028582.1_results/PROKKA_06292018:CDS	hypothetical protein	CP028582.1:c115311-114805	NEEDMJED_00150

DiscRep_SUB:FEATURE_LOCATION_CONFLICT::Coding region xref gene does not exist
plasmid_files/CP028582.1_results/PROKKA_06292018:CDS	Antirestriction protein KlcA	CP028582.1:c115782-115354	NEEDMJED_00151

DiscRep_SUB:FEATURE_LOCATION_CONFLICT::Coding region xref gene does not exist
plasmid_files/CP028582.1_results/PROKKA_06292018:CDS	hypothetical protein	CP028582.1:c117230-116463	NEEDMJED_00152

DiscRep_SUB:FEATURE_LOCATION_CONFLICT::Coding region xref gene does not exist
plasmid_files/CP028582.1_results/PROKKA_06292018:CDS	hypothetical protein	CP028582.1:c117703-117284	NEEDMJED_00153

DiscRep_SUB:FEATURE_LOCATION_CONFLICT::Coding region xref gene does not exist
plasmid_files/CP028582.1_results/PROKKA_06292018:CDS	hypothetical protein	CP028582.1:c117934-117713	NEEDMJED_00154

DiscRep_SUB:FEATURE_LOCATION_CONFLICT::Coding region xref gene does not exist
plasmid_files/CP028582.1_results/PROKKA_06292018:CDS	DNA adenine methyltransferase YhdJ	CP028582.1:c118635-117934	NEEDMJED_00155

DiscRep_SUB:FEATURE_LOCATION_CONFLICT::Coding region xref gene does not exist
plasmid_files/CP028582.1_results/PROKKA_06292018:CDS	hypothetical protein	CP028582.1:c119302-119072	NEEDMJED_00156

DiscRep_SUB:FEATURE_LOCATION_CONFLICT::Coding region xref gene does not exist
plasmid_files/CP028582.1_results/PROKKA_06292018:CDS	hypothetical protein	CP028582.1:c120036-119365	NEEDMJED_00157

DiscRep_SUB:FEATURE_LOCATION_CONFLICT::Coding region xref gene does not exist
plasmid_files/CP028582.1_results/PROKKA_06292018:CDS	Plasmid segregation protein ParM	CP028582.1:c121010-120039	NEEDMJED_00158

DiscRep_SUB:FEATURE_LOCATION_CONFLICT::Coding region xref gene does not exist
plasmid_files/CP028582.1_results/PROKKA_06292018:CDS	Group II intron-encoded protein LtrA	CP028582.1:c122746-121259	NEEDMJED_00159

DiscRep_SUB:FEATURE_LOCATION_CONFLICT::Coding region xref gene does not exist
plasmid_files/CP028582.1_results/PROKKA_06292018:CDS	Protein UmuD	CP028582.1:123153-123584	NEEDMJED_00160

DiscRep_SUB:FEATURE_LOCATION_CONFLICT::Coding region xref gene does not exist
plasmid_files/CP028582.1_results/PROKKA_06292018:CDS	Protein UmuC	CP028582.1:123584-124855	NEEDMJED_00161

DiscRep_SUB:FEATURE_LOCATION_CONFLICT::Coding region xref gene does not exist
plasmid_files/CP028582.1_results/PROKKA_06292018:CDS	Virulence regulon transcriptional activator VirB	CP028582.1:c125911-124937	NEEDMJED_00162

DiscRep_SUB:FEATURE_LOCATION_CONFLICT::Coding region xref gene does not exist
plasmid_files/CP028582.1_results/PROKKA_06292018:CDS	Plasmid partition protein A	CP028582.1:c127116-125911	NEEDMJED_00163

DiscRep_SUB:FEATURE_LOCATION_CONFLICT::Coding region xref gene does not exist
plasmid_files/CP028582.1_results/PROKKA_06292018:CDS	hypothetical protein	CP028582.1:127616-128200	NEEDMJED_00164

DiscRep_SUB:FEATURE_LOCATION_CONFLICT::Coding region xref gene does not exist
plasmid_files/CP028582.1_results/PROKKA_06292018:CDS	Replication initiation protein	CP028582.1:c129092-128226	NEEDMJED_00165

DiscRep_SUB:FEATURE_LOCATION_CONFLICT::Coding region xref gene does not exist
plasmid_files/CP028582.1_results/PROKKA_06292018:CDS	hypothetical protein	CP028582.1:129310-129585	NEEDMJED_00166

DiscRep_SUB:FEATURE_LOCATION_CONFLICT::Coding region xref gene does not exist
plasmid_files/CP028582.1_results/PROKKA_06292018:CDS	hypothetical protein	CP028582.1:129646-129741	NEEDMJED_00167

DiscRep_SUB:FEATURE_LOCATION_CONFLICT::Coding region xref gene does not exist
plasmid_files/CP028582.1_results/PROKKA_06292018:CDS	hypothetical protein	CP028582.1:129870-130127	NEEDMJED_00168

DiscRep_SUB:FEATURE_LOCATION_CONFLICT::Coding region xref gene does not exist
plasmid_files/CP028582.1_results/PROKKA_06292018:CDS	Tyrosine recombinase XerD	CP028582.1:c130952-130173	NEEDMJED_00169

DiscRep_SUB:FEATURE_LOCATION_CONFLICT::Coding region xref gene does not exist
plasmid_files/CP028582.1_results/PROKKA_06292018:CDS	hypothetical protein	CP028582.1:c132140-131136	NEEDMJED_00170

DiscRep_SUB:FEATURE_LOCATION_CONFLICT::Coding region xref gene does not exist
plasmid_files/CP028582.1_results/PROKKA_06292018:CDS	hypothetical protein	CP028582.1:c132373-132170	NEEDMJED_00171

DiscRep_SUB:FEATURE_LOCATION_CONFLICT::Coding region xref gene does not exist
plasmid_files/CP028582.1_results/PROKKA_06292018:CDS	hypothetical protein	CP028582.1:c132940-132419	NEEDMJED_00172

DiscRep_SUB:FEATURE_LOCATION_CONFLICT::Coding region xref gene does not exist
plasmid_files/CP028582.1_results/PROKKA_06292018:CDS	hypothetical protein	CP028582.1:c133390-132998	NEEDMJED_00173

DiscRep_SUB:FEATURE_LOCATION_CONFLICT::Coding region xref gene does not exist
plasmid_files/CP028582.1_results/PROKKA_06292018:CDS	hypothetical protein	CP028582.1:c134371-133427	NEEDMJED_00174

DiscRep_SUB:FEATURE_LOCATION_CONFLICT::Coding region xref gene does not exist
plasmid_files/CP028582.1_results/PROKKA_06292018:CDS	Antitoxin VapB	CP028582.1:134950-135180	NEEDMJED_00175

DiscRep_SUB:FEATURE_LOCATION_CONFLICT::Coding region xref gene does not exist
plasmid_files/CP028582.1_results/PROKKA_06292018:CDS	tRNA(fMet)-specific endonuclease VapC	CP028582.1:135192-135593	NEEDMJED_00176

DiscRep_SUB:FEATURE_LOCATION_CONFLICT::Coding region xref gene does not exist
plasmid_files/CP028582.1_results/PROKKA_06292018:CDS	DNA replication and repair protein RecF	CP028582.1:135667-137229	NEEDMJED_00177

DiscRep_SUB:FEATURE_LOCATION_CONFLICT::Coding region xref gene does not exist
plasmid_files/CP028582.1_results/PROKKA_06292018:CDS	hypothetical protein	CP028582.1:137214-138236	NEEDMJED_00178

DiscRep_SUB:FEATURE_LOCATION_CONFLICT::Coding region xref gene does not exist
plasmid_files/CP028582.1_results/PROKKA_06292018:CDS	hypothetical protein	CP028582.1:138812-139189	NEEDMJED_00179

DiscRep_SUB:FEATURE_LOCATION_CONFLICT::Coding region xref gene does not exist
plasmid_files/CP028582.1_results/PROKKA_06292018:CDS	hypothetical protein	CP028582.1:139218-139571	NEEDMJED_00180

DiscRep_SUB:FEATURE_LOCATION_CONFLICT::Coding region xref gene does not exist
plasmid_files/CP028582.1_results/PROKKA_06292018:CDS	hypothetical protein	CP028582.1:c140774-139770	NEEDMJED_00181

DiscRep_SUB:FEATURE_LOCATION_CONFLICT::Coding region xref gene does not exist
plasmid_files/CP028582.1_results/PROKKA_06292018:CDS	hypothetical protein	CP028582.1:c143819-140853	NEEDMJED_00182

DiscRep_SUB:FEATURE_LOCATION_CONFLICT::Coding region xref gene does not exist
plasmid_files/CP028582.1_results/PROKKA_06292018:CDS	hypothetical protein	CP028582.1:c144644-143940	NEEDMJED_00183

DiscRep_SUB:FEATURE_LOCATION_CONFLICT::Coding region xref gene does not exist
plasmid_files/CP028582.1_results/PROKKA_06292018:CDS	hypothetical protein	CP028582.1:144889-145635	NEEDMJED_00184

DiscRep_SUB:FEATURE_LOCATION_CONFLICT::Coding region xref gene does not exist
plasmid_files/CP028582.1_results/PROKKA_06292018:CDS	Fertility inhibition protein	CP028582.1:145690-146250	NEEDMJED_00185

DiscRep_SUB:FEATURE_LOCATION_CONFLICT::Coding region xref gene does not exist
plasmid_files/CP028582.1_results/PROKKA_06292018:CDS	hypothetical protein	CP028582.1:146382-146582	NEEDMJED_00186

DiscRep_SUB:FEATURE_LOCATION_CONFLICT::Coding region xref gene does not exist
plasmid_files/CP028582.1_results/PROKKA_06292018:CDS	hypothetical protein	CP028582.1:146968-147567	NEEDMJED_00187

DiscRep_SUB:FEATURE_LOCATION_CONFLICT::Coding region xref gene does not exist
plasmid_files/CP028582.1_results/PROKKA_06292018:CDS	hypothetical protein	CP028582.1:147629-147961	NEEDMJED_00188

DiscRep_SUB:FEATURE_LOCATION_CONFLICT::Coding region xref gene does not exist
plasmid_files/CP028582.1_results/PROKKA_06292018:CDS	Protein PndA	CP028582.1:148266-148415	NEEDMJED_00189

DiscRep_SUB:FEATURE_LOCATION_CONFLICT::Coding region xref gene does not exist
plasmid_files/CP028582.1_results/PROKKA_06292018:CDS	hypothetical protein	CP028582.1:148699-148947	NEEDMJED_00190

DiscRep_SUB:FEATURE_LOCATION_CONFLICT::RNA feature xref gene does not exist
plasmid_files/CP028582.1_results/PROKKA_06292018:tRNA	Thr	CP028582.1:c87262-87191	NEEDMJED_00124

DiscRep_ALL:SUSPECT_PRODUCT_NAMES::2 product_names contain suspect phrase or characters
DiscRep_SUB:SUSPECT_PRODUCT_NAMES::May contain database identifier more appropriate in note; remove from product name
DiscRep_SUB:SUSPECT_PRODUCT_NAMES::2 features Three or more numbers together
plasmid_files/CP028582.1_results/PROKKA_06292018:CDS	Putative transposon Tn552 DNA-invertase bin3	CP028582.1:52530-53162	NEEDMJED_00070
plasmid_files/CP028582.1_results/PROKKA_06292018:CDS	Putative transposon Tn552 DNA-invertase bin3	CP028582.1:62229-62966	NEEDMJED_00085

DiscRep_ALL:DISC_QUALITY_SCORES::Quality scores are missing on all sequences.

DiscRep_ALL:ONCALLER_COMMENT_PRESENT::1 comment descriptors were found (all same)
plasmid_files/CP028582.1_results/PROKKA_06292018:CP028582.1:Annotated using prokka 1.14-dev from https://github.com/tseemann/prokka

DiscRep_ALL:SHORT_PROT_SEQUENCES::5 protein sequences are shorter than 50 aa.
plasmid_files/CP028582.1_results/PROKKA_06292018:CP028582.1_8 (length 40)
plasmid_files/CP028582.1_results/PROKKA_06292018:CP028582.1_78 (length 42)
plasmid_files/CP028582.1_results/PROKKA_06292018:CP028582.1_111 (length 35)
plasmid_files/CP028582.1_results/PROKKA_06292018:CP028582.1_166 (length 31)
plasmid_files/CP028582.1_results/PROKKA_06292018:CP028582.1_188 (length 49)

DiscRep_ALL:MISSING_GENOMEASSEMBLY_COMMENTS::1 bioseqs are missing GenomeAssembly structured comments
plasmid_files/CP028582.1_results/PROKKA_06292018:CP028582.1 (length 149258)

DiscRep_ALL:MOLTYPE_NOT_MRNA::1 molecule types are not set as mRNA.
plasmid_files/CP028582.1_results/PROKKA_06292018:CP028582.1 (length 149258)

DiscRep_ALL:TECHNIQUE_NOT_TSA::1 technique are not set as TSA
plasmid_files/CP028582.1_results/PROKKA_06292018:CP028582.1 (length 149258)

DiscRep_ALL:MISSING_STRUCTURED_COMMENT::1 sequences do not include structured comments.
plasmid_files/CP028582.1_results/PROKKA_06292018:CP028582.1 (length 149258)

DiscRep_ALL:MISSING_PROJECT::190 sequences do not include project.
plasmid_files/CP028582.1_results/PROKKA_06292018:CP028582.1 (length 149258)
plasmid_files/CP028582.1_results/PROKKA_06292018:CP028582.1_1 (length 285)
plasmid_files/CP028582.1_results/PROKKA_06292018:CP028582.1_2 (length 217)
plasmid_files/CP028582.1_results/PROKKA_06292018:CP028582.1_3 (length 85)
plasmid_files/CP028582.1_results/PROKKA_06292018:CP028582.1_4 (length 110)
plasmid_files/CP028582.1_results/PROKKA_06292018:CP028582.1_5 (length 86)
plasmid_files/CP028582.1_results/PROKKA_06292018:CP028582.1_6 (length 201)
plasmid_files/CP028582.1_results/PROKKA_06292018:CP028582.1_7 (length 234)
plasmid_files/CP028582.1_results/PROKKA_06292018:CP028582.1_8 (length 40)
plasmid_files/CP028582.1_results/PROKKA_06292018:CP028582.1_9 (length 291)
plasmid_files/CP028582.1_results/PROKKA_06292018:CP028582.1_10 (length 322)
plasmid_files/CP028582.1_results/PROKKA_06292018:CP028582.1_11 (length 341)
plasmid_files/CP028582.1_results/PROKKA_06292018:CP028582.1_12 (length 234)
plasmid_files/CP028582.1_results/PROKKA_06292018:CP028582.1_13 (length 337)
plasmid_files/CP028582.1_results/PROKKA_06292018:CP028582.1_14 (length 199)
plasmid_files/CP028582.1_results/PROKKA_06292018:CP028582.1_15 (length 150)
plasmid_files/CP028582.1_results/PROKKA_06292018:CP028582.1_16 (length 177)
plasmid_files/CP028582.1_results/PROKKA_06292018:CP028582.1_17 (length 281)
plasmid_files/CP028582.1_results/PROKKA_06292018:CP028582.1_18 (length 115)
plasmid_files/CP028582.1_results/PROKKA_06292018:CP028582.1_19 (length 279)
plasmid_files/CP028582.1_results/PROKKA_06292018:CP028582.1_20 (length 166)
plasmid_files/CP028582.1_results/PROKKA_06292018:CP028582.1_21 (length 254)
plasmid_files/CP028582.1_results/PROKKA_06292018:CP028582.1_22 (length 404)
plasmid_files/CP028582.1_results/PROKKA_06292018:CP028582.1_23 (length 477)
plasmid_files/CP028582.1_results/PROKKA_06292018:CP028582.1_24 (length 88)
plasmid_files/CP028582.1_results/PROKKA_06292018:CP028582.1_25 (length 68)
plasmid_files/CP028582.1_results/PROKKA_06292018:CP028582.1_26 (length 215)
plasmid_files/CP028582.1_results/PROKKA_06292018:CP028582.1_27 (length 103)
plasmid_files/CP028582.1_results/PROKKA_06292018:CP028582.1_28 (length 104)
plasmid_files/CP028582.1_results/PROKKA_06292018:CP028582.1_29 (length 114)
plasmid_files/CP028582.1_results/PROKKA_06292018:CP028582.1_30 (length 101)
plasmid_files/CP028582.1_results/PROKKA_06292018:CP028582.1_31 (length 244)
plasmid_files/CP028582.1_results/PROKKA_06292018:CP028582.1_32 (length 93)
plasmid_files/CP028582.1_results/PROKKA_06292018:CP028582.1_33 (length 97)
plasmid_files/CP028582.1_results/PROKKA_06292018:CP028582.1_34 (length 105)
plasmid_files/CP028582.1_results/PROKKA_06292018:CP028582.1_35 (length 866)
plasmid_files/CP028582.1_results/PROKKA_06292018:CP028582.1_36 (length 237)
plasmid_files/CP028582.1_results/PROKKA_06292018:CP028582.1_37 (length 75)
plasmid_files/CP028582.1_results/PROKKA_06292018:CP028582.1_38 (length 346)
plasmid_files/CP028582.1_results/PROKKA_06292018:CP028582.1_39 (length 232)
plasmid_files/CP028582.1_results/PROKKA_06292018:CP028582.1_40 (length 294)
plasmid_files/CP028582.1_results/PROKKA_06292018:CP028582.1_41 (length 386)
plasmid_files/CP028582.1_results/PROKKA_06292018:CP028582.1_42 (length 331)
plasmid_files/CP028582.1_results/PROKKA_06292018:CP028582.1_43 (length 177)
plasmid_files/CP028582.1_results/PROKKA_06292018:CP028582.1_44 (length 164)
plasmid_files/CP028582.1_results/PROKKA_06292018:CP028582.1_45 (length 305)
plasmid_files/CP028582.1_results/PROKKA_06292018:CP028582.1_46 (length 234)
plasmid_files/CP028582.1_results/PROKKA_06292018:CP028582.1_47 (length 124)
plasmid_files/CP028582.1_results/PROKKA_06292018:CP028582.1_48 (length 119)
plasmid_files/CP028582.1_results/PROKKA_06292018:CP028582.1_49 (length 107)
plasmid_files/CP028582.1_results/PROKKA_06292018:CP028582.1_50 (length 242)
plasmid_files/CP028582.1_results/PROKKA_06292018:CP028582.1_51 (length 143)
plasmid_files/CP028582.1_results/PROKKA_06292018:CP028582.1_52 (length 432)
plasmid_files/CP028582.1_results/PROKKA_06292018:CP028582.1_53 (length 220)
plasmid_files/CP028582.1_results/PROKKA_06292018:CP028582.1_54 (length 76)
plasmid_files/CP028582.1_results/PROKKA_06292018:CP028582.1_55 (length 100)
plasmid_files/CP028582.1_results/PROKKA_06292018:CP028582.1_56 (length 50)
plasmid_files/CP028582.1_results/PROKKA_06292018:CP028582.1_57 (length 86)
plasmid_files/CP028582.1_results/PROKKA_06292018:CP028582.1_58 (length 78)
plasmid_files/CP028582.1_results/PROKKA_06292018:CP028582.1_59 (length 63)
plasmid_files/CP028582.1_results/PROKKA_06292018:CP028582.1_60 (length 168)
plasmid_files/CP028582.1_results/PROKKA_06292018:CP028582.1_61 (length 259)
plasmid_files/CP028582.1_results/PROKKA_06292018:CP028582.1_62 (length 139)
plasmid_files/CP028582.1_results/PROKKA_06292018:CP028582.1_63 (length 73)
plasmid_files/CP028582.1_results/PROKKA_06292018:CP028582.1_64 (length 225)
plasmid_files/CP028582.1_results/PROKKA_06292018:CP028582.1_65 (length 223)
plasmid_files/CP028582.1_results/PROKKA_06292018:CP028582.1_66 (length 140)
plasmid_files/CP028582.1_results/PROKKA_06292018:CP028582.1_67 (length 423)
plasmid_files/CP028582.1_results/PROKKA_06292018:CP028582.1_68 (length 323)
plasmid_files/CP028582.1_results/PROKKA_06292018:CP028582.1_69 (length 401)
plasmid_files/CP028582.1_results/PROKKA_06292018:CP028582.1_70 (length 210)
plasmid_files/CP028582.1_results/PROKKA_06292018:CP028582.1_71 (length 66)
plasmid_files/CP028582.1_results/PROKKA_06292018:CP028582.1_72 (length 316)
plasmid_files/CP028582.1_results/PROKKA_06292018:CP028582.1_73 (length 203)
plasmid_files/CP028582.1_results/PROKKA_06292018:CP028582.1_74 (length 131)
plasmid_files/CP028582.1_results/PROKKA_06292018:CP028582.1_75 (length 135)
plasmid_files/CP028582.1_results/PROKKA_06292018:CP028582.1_76 (length 326)
plasmid_files/CP028582.1_results/PROKKA_06292018:CP028582.1_77 (length 136)
plasmid_files/CP028582.1_results/PROKKA_06292018:CP028582.1_78 (length 42)
plasmid_files/CP028582.1_results/PROKKA_06292018:CP028582.1_79 (length 187)
plasmid_files/CP028582.1_results/PROKKA_06292018:CP028582.1_80 (length 234)
plasmid_files/CP028582.1_results/PROKKA_06292018:CP028582.1_81 (length 213)
plasmid_files/CP028582.1_results/PROKKA_06292018:CP028582.1_82 (length 166)
plasmid_files/CP028582.1_results/PROKKA_06292018:CP028582.1_83 (length 234)
plasmid_files/CP028582.1_results/PROKKA_06292018:CP028582.1_84 (length 163)
plasmid_files/CP028582.1_results/PROKKA_06292018:CP028582.1_85 (length 245)
plasmid_files/CP028582.1_results/PROKKA_06292018:CP028582.1_86 (length 74)
plasmid_files/CP028582.1_results/PROKKA_06292018:CP028582.1_87 (length 58)
plasmid_files/CP028582.1_results/PROKKA_06292018:CP028582.1_88 (length 334)
plasmid_files/CP028582.1_results/PROKKA_06292018:CP028582.1_89 (length 144)
plasmid_files/CP028582.1_results/PROKKA_06292018:CP028582.1_90 (length 116)
plasmid_files/CP028582.1_results/PROKKA_06292018:CP028582.1_91 (length 91)
plasmid_files/CP028582.1_results/PROKKA_06292018:CP028582.1_92 (length 140)
plasmid_files/CP028582.1_results/PROKKA_06292018:CP028582.1_93 (length 564)
plasmid_files/CP028582.1_results/PROKKA_06292018:CP028582.1_94 (length 120)
plasmid_files/CP028582.1_results/PROKKA_06292018:CP028582.1_95 (length 78)
plasmid_files/CP028582.1_results/PROKKA_06292018:CP028582.1_96 (length 235)
plasmid_files/CP028582.1_results/PROKKA_06292018:CP028582.1_97 (length 396)
plasmid_files/CP028582.1_results/PROKKA_06292018:CP028582.1_98 (length 234)
plasmid_files/CP028582.1_results/PROKKA_06292018:CP028582.1_99 (length 133)
plasmid_files/CP028582.1_results/PROKKA_06292018:CP028582.1_100 (length 366)
plasmid_files/CP028582.1_results/PROKKA_06292018:CP028582.1_101 (length 355)
plasmid_files/CP028582.1_results/PROKKA_06292018:CP028582.1_102 (length 52)
plasmid_files/CP028582.1_results/PROKKA_06292018:CP028582.1_103 (length 90)
plasmid_files/CP028582.1_results/PROKKA_06292018:CP028582.1_104 (length 116)
plasmid_files/CP028582.1_results/PROKKA_06292018:CP028582.1_105 (length 105)
plasmid_files/CP028582.1_results/PROKKA_06292018:CP028582.1_106 (length 118)
plasmid_files/CP028582.1_results/PROKKA_06292018:CP028582.1_107 (length 70)
plasmid_files/CP028582.1_results/PROKKA_06292018:CP028582.1_108 (length 74)
plasmid_files/CP028582.1_results/PROKKA_06292018:CP028582.1_109 (length 106)
plasmid_files/CP028582.1_results/PROKKA_06292018:CP028582.1_110 (length 92)
plasmid_files/CP028582.1_results/PROKKA_06292018:CP028582.1_111 (length 35)
plasmid_files/CP028582.1_results/PROKKA_06292018:CP028582.1_112 (length 273)
plasmid_files/CP028582.1_results/PROKKA_06292018:CP028582.1_113 (length 104)
plasmid_files/CP028582.1_results/PROKKA_06292018:CP028582.1_114 (length 161)
plasmid_files/CP028582.1_results/PROKKA_06292018:CP028582.1_115 (length 127)
plasmid_files/CP028582.1_results/PROKKA_06292018:CP028582.1_116 (length 245)
plasmid_files/CP028582.1_results/PROKKA_06292018:CP028582.1_117 (length 72)
plasmid_files/CP028582.1_results/PROKKA_06292018:CP028582.1_118 (length 122)
plasmid_files/CP028582.1_results/PROKKA_06292018:CP028582.1_119 (length 101)
plasmid_files/CP028582.1_results/PROKKA_06292018:CP028582.1_120 (length 128)
plasmid_files/CP028582.1_results/PROKKA_06292018:CP028582.1_121 (length 234)
plasmid_files/CP028582.1_results/PROKKA_06292018:CP028582.1_122 (length 191)
plasmid_files/CP028582.1_results/PROKKA_06292018:CP028582.1_123 (length 234)
plasmid_files/CP028582.1_results/PROKKA_06292018:CP028582.1_124 (length 938)
plasmid_files/CP028582.1_results/PROKKA_06292018:CP028582.1_125 (length 173)
plasmid_files/CP028582.1_results/PROKKA_06292018:CP028582.1_126 (length 244)
plasmid_files/CP028582.1_results/PROKKA_06292018:CP028582.1_127 (length 245)
plasmid_files/CP028582.1_results/PROKKA_06292018:CP028582.1_128 (length 738)
plasmid_files/CP028582.1_results/PROKKA_06292018:CP028582.1_129 (length 1711)
plasmid_files/CP028582.1_results/PROKKA_06292018:CP028582.1_130 (length 234)
plasmid_files/CP028582.1_results/PROKKA_06292018:CP028582.1_131 (length 322)
plasmid_files/CP028582.1_results/PROKKA_06292018:CP028582.1_132 (length 293)
plasmid_files/CP028582.1_results/PROKKA_06292018:CP028582.1_133 (length 357)
plasmid_files/CP028582.1_results/PROKKA_06292018:CP028582.1_134 (length 124)
plasmid_files/CP028582.1_results/PROKKA_06292018:CP028582.1_135 (length 108)
plasmid_files/CP028582.1_results/PROKKA_06292018:CP028582.1_136 (length 242)
plasmid_files/CP028582.1_results/PROKKA_06292018:CP028582.1_137 (length 143)
plasmid_files/CP028582.1_results/PROKKA_06292018:CP028582.1_138 (length 685)
plasmid_files/CP028582.1_results/PROKKA_06292018:CP028582.1_139 (length 82)
plasmid_files/CP028582.1_results/PROKKA_06292018:CP028582.1_140 (length 180)
plasmid_files/CP028582.1_results/PROKKA_06292018:CP028582.1_141 (length 109)
plasmid_files/CP028582.1_results/PROKKA_06292018:CP028582.1_142 (length 187)
plasmid_files/CP028582.1_results/PROKKA_06292018:CP028582.1_143 (length 451)
plasmid_files/CP028582.1_results/PROKKA_06292018:CP028582.1_144 (length 76)
plasmid_files/CP028582.1_results/PROKKA_06292018:CP028582.1_145 (length 75)
plasmid_files/CP028582.1_results/PROKKA_06292018:CP028582.1_146 (length 106)
plasmid_files/CP028582.1_results/PROKKA_06292018:CP028582.1_147 (length 84)
plasmid_files/CP028582.1_results/PROKKA_06292018:CP028582.1_148 (length 63)
plasmid_files/CP028582.1_results/PROKKA_06292018:CP028582.1_149 (length 168)
plasmid_files/CP028582.1_results/PROKKA_06292018:CP028582.1_150 (length 142)
plasmid_files/CP028582.1_results/PROKKA_06292018:CP028582.1_151 (length 255)
plasmid_files/CP028582.1_results/PROKKA_06292018:CP028582.1_152 (length 139)
plasmid_files/CP028582.1_results/PROKKA_06292018:CP028582.1_153 (length 73)
plasmid_files/CP028582.1_results/PROKKA_06292018:CP028582.1_154 (length 233)
plasmid_files/CP028582.1_results/PROKKA_06292018:CP028582.1_155 (length 76)
plasmid_files/CP028582.1_results/PROKKA_06292018:CP028582.1_156 (length 223)
plasmid_files/CP028582.1_results/PROKKA_06292018:CP028582.1_157 (length 323)
plasmid_files/CP028582.1_results/PROKKA_06292018:CP028582.1_158 (length 495)
plasmid_files/CP028582.1_results/PROKKA_06292018:CP028582.1_159 (length 143)
plasmid_files/CP028582.1_results/PROKKA_06292018:CP028582.1_160 (length 423)
plasmid_files/CP028582.1_results/PROKKA_06292018:CP028582.1_161 (length 324)
plasmid_files/CP028582.1_results/PROKKA_06292018:CP028582.1_162 (length 401)
plasmid_files/CP028582.1_results/PROKKA_06292018:CP028582.1_163 (length 194)
plasmid_files/CP028582.1_results/PROKKA_06292018:CP028582.1_164 (length 288)
plasmid_files/CP028582.1_results/PROKKA_06292018:CP028582.1_165 (length 91)
plasmid_files/CP028582.1_results/PROKKA_06292018:CP028582.1_166 (length 31)
plasmid_files/CP028582.1_results/PROKKA_06292018:CP028582.1_167 (length 85)
plasmid_files/CP028582.1_results/PROKKA_06292018:CP028582.1_168 (length 259)
plasmid_files/CP028582.1_results/PROKKA_06292018:CP028582.1_169 (length 334)
plasmid_files/CP028582.1_results/PROKKA_06292018:CP028582.1_170 (length 67)
plasmid_files/CP028582.1_results/PROKKA_06292018:CP028582.1_171 (length 173)
plasmid_files/CP028582.1_results/PROKKA_06292018:CP028582.1_172 (length 130)
plasmid_files/CP028582.1_results/PROKKA_06292018:CP028582.1_173 (length 314)
plasmid_files/CP028582.1_results/PROKKA_06292018:CP028582.1_174 (length 76)
plasmid_files/CP028582.1_results/PROKKA_06292018:CP028582.1_175 (length 133)
plasmid_files/CP028582.1_results/PROKKA_06292018:CP028582.1_176 (length 520)
plasmid_files/CP028582.1_results/PROKKA_06292018:CP028582.1_177 (length 340)
plasmid_files/CP028582.1_results/PROKKA_06292018:CP028582.1_178 (length 125)
plasmid_files/CP028582.1_results/PROKKA_06292018:CP028582.1_179 (length 117)
plasmid_files/CP028582.1_results/PROKKA_06292018:CP028582.1_180 (length 334)
plasmid_files/CP028582.1_results/PROKKA_06292018:CP028582.1_181 (length 988)
plasmid_files/CP028582.1_results/PROKKA_06292018:CP028582.1_182 (length 234)
plasmid_files/CP028582.1_results/PROKKA_06292018:CP028582.1_183 (length 248)
plasmid_files/CP028582.1_results/PROKKA_06292018:CP028582.1_184 (length 186)
plasmid_files/CP028582.1_results/PROKKA_06292018:CP028582.1_185 (length 66)
plasmid_files/CP028582.1_results/PROKKA_06292018:CP028582.1_186 (length 199)
plasmid_files/CP028582.1_results/PROKKA_06292018:CP028582.1_187 (length 110)
plasmid_files/CP028582.1_results/PROKKA_06292018:CP028582.1_188 (length 49)
plasmid_files/CP028582.1_results/PROKKA_06292018:CP028582.1_189 (length 82)

DiscRep_ALL:DISC_INCONSISTENT_MOLINFO_TECH::Molinfo Technique Report (some missing, all same)
DiscRep_SUB:DISC_INCONSISTENT_MOLINFO_TECH::technique (all missing)
DiscRep_SUB:DISC_INCONSISTENT_MOLINFO_TECH::1 Molinfos are missing field technique
plasmid_files/CP028582.1_results/PROKKA_06292018:CP028582.1 (length 149258)

