Discrepancy Report Results

Summary
FATAL: MISSING_PROTEIN_ID:136 proteins have invalid IDs.
DISC_SOURCE_QUALS_ASNDISC:strain (all present, all unique)
DISC_SOURCE_QUALS_ASNDISC:taxname (all present, all unique)
DISC_FEATURE_COUNT:CDS: 136 present
DISC_COUNT_NUCLEOTIDES:1 nucleotide Bioseqs are present
FEATURE_LOCATION_CONFLICT:136 features have inconsistent gene locations.
DISC_QUALITY_SCORES:Quality scores are missing on all sequences.
ONCALLER_COMMENT_PRESENT:1 comment descriptors were found (all same)
SHORT_PROT_SEQUENCES:2 protein sequences are shorter than 50 aa.
MISSING_GENOMEASSEMBLY_COMMENTS:1 bioseqs are missing GenomeAssembly structured comments
MOLTYPE_NOT_MRNA:1 molecule types are not set as mRNA.
TECHNIQUE_NOT_TSA:1 technique are not set as TSA
MISSING_STRUCTURED_COMMENT:1 sequences do not include structured comments.
MISSING_PROJECT:137 sequences do not include project.
DISC_INCONSISTENT_MOLINFO_TECH:Molinfo Technique Report (some missing, all same)


Detailed Report

FATAL: DiscRep_ALL:MISSING_PROTEIN_ID::136 proteins have invalid IDs.
plasmid_files/CP003224.1_results/PROKKA_06292018:CP003224.1_1 (length 91)
plasmid_files/CP003224.1_results/PROKKA_06292018:CP003224.1_2 (length 31)
plasmid_files/CP003224.1_results/PROKKA_06292018:CP003224.1_3 (length 85)
plasmid_files/CP003224.1_results/PROKKA_06292018:CP003224.1_4 (length 259)
plasmid_files/CP003224.1_results/PROKKA_06292018:CP003224.1_5 (length 334)
plasmid_files/CP003224.1_results/PROKKA_06292018:CP003224.1_6 (length 67)
plasmid_files/CP003224.1_results/PROKKA_06292018:CP003224.1_7 (length 173)
plasmid_files/CP003224.1_results/PROKKA_06292018:CP003224.1_8 (length 130)
plasmid_files/CP003224.1_results/PROKKA_06292018:CP003224.1_9 (length 314)
plasmid_files/CP003224.1_results/PROKKA_06292018:CP003224.1_10 (length 91)
plasmid_files/CP003224.1_results/PROKKA_06292018:CP003224.1_11 (length 76)
plasmid_files/CP003224.1_results/PROKKA_06292018:CP003224.1_12 (length 138)
plasmid_files/CP003224.1_results/PROKKA_06292018:CP003224.1_13 (length 520)
plasmid_files/CP003224.1_results/PROKKA_06292018:CP003224.1_14 (length 340)
plasmid_files/CP003224.1_results/PROKKA_06292018:CP003224.1_15 (length 91)
plasmid_files/CP003224.1_results/PROKKA_06292018:CP003224.1_16 (length 125)
plasmid_files/CP003224.1_results/PROKKA_06292018:CP003224.1_17 (length 117)
plasmid_files/CP003224.1_results/PROKKA_06292018:CP003224.1_18 (length 334)
plasmid_files/CP003224.1_results/PROKKA_06292018:CP003224.1_19 (length 144)
plasmid_files/CP003224.1_results/PROKKA_06292018:CP003224.1_20 (length 116)
plasmid_files/CP003224.1_results/PROKKA_06292018:CP003224.1_21 (length 91)
plasmid_files/CP003224.1_results/PROKKA_06292018:CP003224.1_22 (length 153)
plasmid_files/CP003224.1_results/PROKKA_06292018:CP003224.1_23 (length 564)
plasmid_files/CP003224.1_results/PROKKA_06292018:CP003224.1_24 (length 120)
plasmid_files/CP003224.1_results/PROKKA_06292018:CP003224.1_25 (length 78)
plasmid_files/CP003224.1_results/PROKKA_06292018:CP003224.1_26 (length 235)
plasmid_files/CP003224.1_results/PROKKA_06292018:CP003224.1_27 (length 422)
plasmid_files/CP003224.1_results/PROKKA_06292018:CP003224.1_28 (length 234)
plasmid_files/CP003224.1_results/PROKKA_06292018:CP003224.1_29 (length 133)
plasmid_files/CP003224.1_results/PROKKA_06292018:CP003224.1_30 (length 326)
plasmid_files/CP003224.1_results/PROKKA_06292018:CP003224.1_31 (length 293)
plasmid_files/CP003224.1_results/PROKKA_06292018:CP003224.1_32 (length 326)
plasmid_files/CP003224.1_results/PROKKA_06292018:CP003224.1_33 (length 98)
plasmid_files/CP003224.1_results/PROKKA_06292018:CP003224.1_34 (length 51)
plasmid_files/CP003224.1_results/PROKKA_06292018:CP003224.1_35 (length 141)
plasmid_files/CP003224.1_results/PROKKA_06292018:CP003224.1_36 (length 92)
plasmid_files/CP003224.1_results/PROKKA_06292018:CP003224.1_37 (length 186)
plasmid_files/CP003224.1_results/PROKKA_06292018:CP003224.1_38 (length 186)
plasmid_files/CP003224.1_results/PROKKA_06292018:CP003224.1_39 (length 988)
plasmid_files/CP003224.1_results/PROKKA_06292018:CP003224.1_40 (length 64)
plasmid_files/CP003224.1_results/PROKKA_06292018:CP003224.1_41 (length 157)
plasmid_files/CP003224.1_results/PROKKA_06292018:CP003224.1_42 (length 104)
plasmid_files/CP003224.1_results/PROKKA_06292018:CP003224.1_43 (length 167)
plasmid_files/CP003224.1_results/PROKKA_06292018:CP003224.1_44 (length 110)
plasmid_files/CP003224.1_results/PROKKA_06292018:CP003224.1_45 (length 317)
plasmid_files/CP003224.1_results/PROKKA_06292018:CP003224.1_46 (length 647)
plasmid_files/CP003224.1_results/PROKKA_06292018:CP003224.1_47 (length 297)
plasmid_files/CP003224.1_results/PROKKA_06292018:CP003224.1_48 (length 413)
plasmid_files/CP003224.1_results/PROKKA_06292018:CP003224.1_49 (length 285)
plasmid_files/CP003224.1_results/PROKKA_06292018:CP003224.1_50 (length 83)
plasmid_files/CP003224.1_results/PROKKA_06292018:CP003224.1_51 (length 126)
plasmid_files/CP003224.1_results/PROKKA_06292018:CP003224.1_52 (length 234)
plasmid_files/CP003224.1_results/PROKKA_06292018:CP003224.1_53 (length 286)
plasmid_files/CP003224.1_results/PROKKA_06292018:CP003224.1_54 (length 102)
plasmid_files/CP003224.1_results/PROKKA_06292018:CP003224.1_55 (length 216)
plasmid_files/CP003224.1_results/PROKKA_06292018:CP003224.1_56 (length 214)
plasmid_files/CP003224.1_results/PROKKA_06292018:CP003224.1_57 (length 198)
plasmid_files/CP003224.1_results/PROKKA_06292018:CP003224.1_58 (length 197)
plasmid_files/CP003224.1_results/PROKKA_06292018:CP003224.1_59 (length 241)
plasmid_files/CP003224.1_results/PROKKA_06292018:CP003224.1_60 (length 1752)
plasmid_files/CP003224.1_results/PROKKA_06292018:CP003224.1_61 (length 759)
plasmid_files/CP003224.1_results/PROKKA_06292018:CP003224.1_62 (length 229)
plasmid_files/CP003224.1_results/PROKKA_06292018:CP003224.1_63 (length 243)
plasmid_files/CP003224.1_results/PROKKA_06292018:CP003224.1_64 (length 177)
plasmid_files/CP003224.1_results/PROKKA_06292018:CP003224.1_65 (length 949)
plasmid_files/CP003224.1_results/PROKKA_06292018:CP003224.1_66 (length 455)
plasmid_files/CP003224.1_results/PROKKA_06292018:CP003224.1_67 (length 147)
plasmid_files/CP003224.1_results/PROKKA_06292018:CP003224.1_68 (length 185)
plasmid_files/CP003224.1_results/PROKKA_06292018:CP003224.1_69 (length 79)
plasmid_files/CP003224.1_results/PROKKA_06292018:CP003224.1_70 (length 250)
plasmid_files/CP003224.1_results/PROKKA_06292018:CP003224.1_71 (length 108)
plasmid_files/CP003224.1_results/PROKKA_06292018:CP003224.1_72 (length 82)
plasmid_files/CP003224.1_results/PROKKA_06292018:CP003224.1_73 (length 84)
plasmid_files/CP003224.1_results/PROKKA_06292018:CP003224.1_74 (length 651)
plasmid_files/CP003224.1_results/PROKKA_06292018:CP003224.1_75 (length 212)
plasmid_files/CP003224.1_results/PROKKA_06292018:CP003224.1_76 (length 329)
plasmid_files/CP003224.1_results/PROKKA_06292018:CP003224.1_77 (length 133)
plasmid_files/CP003224.1_results/PROKKA_06292018:CP003224.1_78 (length 211)
plasmid_files/CP003224.1_results/PROKKA_06292018:CP003224.1_79 (length 129)
plasmid_files/CP003224.1_results/PROKKA_06292018:CP003224.1_80 (length 879)
plasmid_files/CP003224.1_results/PROKKA_06292018:CP003224.1_81 (length 130)
plasmid_files/CP003224.1_results/PROKKA_06292018:CP003224.1_82 (length 134)
plasmid_files/CP003224.1_results/PROKKA_06292018:CP003224.1_83 (length 103)
plasmid_files/CP003224.1_results/PROKKA_06292018:CP003224.1_84 (length 72)
plasmid_files/CP003224.1_results/PROKKA_06292018:CP003224.1_85 (length 194)
plasmid_files/CP003224.1_results/PROKKA_06292018:CP003224.1_86 (length 474)
plasmid_files/CP003224.1_results/PROKKA_06292018:CP003224.1_87 (length 246)
plasmid_files/CP003224.1_results/PROKKA_06292018:CP003224.1_88 (length 188)
plasmid_files/CP003224.1_results/PROKKA_06292018:CP003224.1_89 (length 101)
plasmid_files/CP003224.1_results/PROKKA_06292018:CP003224.1_90 (length 122)
plasmid_files/CP003224.1_results/PROKKA_06292018:CP003224.1_91 (length 245)
plasmid_files/CP003224.1_results/PROKKA_06292018:CP003224.1_92 (length 127)
plasmid_files/CP003224.1_results/PROKKA_06292018:CP003224.1_93 (length 161)
plasmid_files/CP003224.1_results/PROKKA_06292018:CP003224.1_94 (length 104)
plasmid_files/CP003224.1_results/PROKKA_06292018:CP003224.1_95 (length 273)
plasmid_files/CP003224.1_results/PROKKA_06292018:CP003224.1_96 (length 35)
plasmid_files/CP003224.1_results/PROKKA_06292018:CP003224.1_97 (length 92)
plasmid_files/CP003224.1_results/PROKKA_06292018:CP003224.1_98 (length 106)
plasmid_files/CP003224.1_results/PROKKA_06292018:CP003224.1_99 (length 74)
plasmid_files/CP003224.1_results/PROKKA_06292018:CP003224.1_100 (length 70)
plasmid_files/CP003224.1_results/PROKKA_06292018:CP003224.1_101 (length 118)
plasmid_files/CP003224.1_results/PROKKA_06292018:CP003224.1_102 (length 105)
plasmid_files/CP003224.1_results/PROKKA_06292018:CP003224.1_103 (length 116)
plasmid_files/CP003224.1_results/PROKKA_06292018:CP003224.1_104 (length 90)
plasmid_files/CP003224.1_results/PROKKA_06292018:CP003224.1_105 (length 52)
plasmid_files/CP003224.1_results/PROKKA_06292018:CP003224.1_106 (length 124)
plasmid_files/CP003224.1_results/PROKKA_06292018:CP003224.1_107 (length 108)
plasmid_files/CP003224.1_results/PROKKA_06292018:CP003224.1_108 (length 242)
plasmid_files/CP003224.1_results/PROKKA_06292018:CP003224.1_109 (length 143)
plasmid_files/CP003224.1_results/PROKKA_06292018:CP003224.1_110 (length 685)
plasmid_files/CP003224.1_results/PROKKA_06292018:CP003224.1_111 (length 82)
plasmid_files/CP003224.1_results/PROKKA_06292018:CP003224.1_112 (length 180)
plasmid_files/CP003224.1_results/PROKKA_06292018:CP003224.1_113 (length 109)
plasmid_files/CP003224.1_results/PROKKA_06292018:CP003224.1_114 (length 187)
plasmid_files/CP003224.1_results/PROKKA_06292018:CP003224.1_115 (length 451)
plasmid_files/CP003224.1_results/PROKKA_06292018:CP003224.1_116 (length 76)
plasmid_files/CP003224.1_results/PROKKA_06292018:CP003224.1_117 (length 75)
plasmid_files/CP003224.1_results/PROKKA_06292018:CP003224.1_118 (length 106)
plasmid_files/CP003224.1_results/PROKKA_06292018:CP003224.1_119 (length 84)
plasmid_files/CP003224.1_results/PROKKA_06292018:CP003224.1_120 (length 63)
plasmid_files/CP003224.1_results/PROKKA_06292018:CP003224.1_121 (length 168)
plasmid_files/CP003224.1_results/PROKKA_06292018:CP003224.1_122 (length 142)
plasmid_files/CP003224.1_results/PROKKA_06292018:CP003224.1_123 (length 255)
plasmid_files/CP003224.1_results/PROKKA_06292018:CP003224.1_124 (length 139)
plasmid_files/CP003224.1_results/PROKKA_06292018:CP003224.1_125 (length 73)
plasmid_files/CP003224.1_results/PROKKA_06292018:CP003224.1_126 (length 233)
plasmid_files/CP003224.1_results/PROKKA_06292018:CP003224.1_127 (length 76)
plasmid_files/CP003224.1_results/PROKKA_06292018:CP003224.1_128 (length 223)
plasmid_files/CP003224.1_results/PROKKA_06292018:CP003224.1_129 (length 323)
plasmid_files/CP003224.1_results/PROKKA_06292018:CP003224.1_130 (length 495)
plasmid_files/CP003224.1_results/PROKKA_06292018:CP003224.1_131 (length 143)
plasmid_files/CP003224.1_results/PROKKA_06292018:CP003224.1_132 (length 423)
plasmid_files/CP003224.1_results/PROKKA_06292018:CP003224.1_133 (length 324)
plasmid_files/CP003224.1_results/PROKKA_06292018:CP003224.1_134 (length 401)
plasmid_files/CP003224.1_results/PROKKA_06292018:CP003224.1_135 (length 194)
plasmid_files/CP003224.1_results/PROKKA_06292018:CP003224.1_136 (length 240)

DiscRep_ALL:DISC_SOURCE_QUALS_ASNDISC::strain (all present, all unique)
DiscRep_SUB:DISC_SOURCE_QUALS_ASNDISC::1 sources have unique values for strain
DiscRep_ALL:DISC_SOURCE_QUALS_ASNDISC::taxname (all present, all unique)
DiscRep_SUB:DISC_SOURCE_QUALS_ASNDISC::1 sources have unique values for taxname
DiscRep_ALL:DISC_FEATURE_COUNT::CDS: 136 present
DiscRep_ALL:DISC_COUNT_NUCLEOTIDES::1 nucleotide Bioseqs are present
plasmid_files/CP003224.1_results/PROKKA_06292018:CP003224.1 (length 111195)

DiscRep_ALL:FEATURE_LOCATION_CONFLICT::136 features have inconsistent gene locations.
DiscRep_SUB:FEATURE_LOCATION_CONFLICT::Coding region xref gene does not exist
plasmid_files/CP003224.1_results/PROKKA_06292018:CDS	hypothetical protein	CP003224.1:362-637	IOBHAKOI_00001

DiscRep_SUB:FEATURE_LOCATION_CONFLICT::Coding region xref gene does not exist
plasmid_files/CP003224.1_results/PROKKA_06292018:CDS	hypothetical protein	CP003224.1:698-793	IOBHAKOI_00002

DiscRep_SUB:FEATURE_LOCATION_CONFLICT::Coding region xref gene does not exist
plasmid_files/CP003224.1_results/PROKKA_06292018:CDS	hypothetical protein	CP003224.1:922-1179	IOBHAKOI_00003

DiscRep_SUB:FEATURE_LOCATION_CONFLICT::Coding region xref gene does not exist
plasmid_files/CP003224.1_results/PROKKA_06292018:CDS	Tyrosine recombinase XerD	CP003224.1:c2004-1225	IOBHAKOI_00004

DiscRep_SUB:FEATURE_LOCATION_CONFLICT::Coding region xref gene does not exist
plasmid_files/CP003224.1_results/PROKKA_06292018:CDS	hypothetical protein	CP003224.1:c3192-2188	IOBHAKOI_00005

DiscRep_SUB:FEATURE_LOCATION_CONFLICT::Coding region xref gene does not exist
plasmid_files/CP003224.1_results/PROKKA_06292018:CDS	hypothetical protein	CP003224.1:c3425-3222	IOBHAKOI_00006

DiscRep_SUB:FEATURE_LOCATION_CONFLICT::Coding region xref gene does not exist
plasmid_files/CP003224.1_results/PROKKA_06292018:CDS	hypothetical protein	CP003224.1:c3992-3471	IOBHAKOI_00007

DiscRep_SUB:FEATURE_LOCATION_CONFLICT::Coding region xref gene does not exist
plasmid_files/CP003224.1_results/PROKKA_06292018:CDS	hypothetical protein	CP003224.1:c4442-4050	IOBHAKOI_00008

DiscRep_SUB:FEATURE_LOCATION_CONFLICT::Coding region xref gene does not exist
plasmid_files/CP003224.1_results/PROKKA_06292018:CDS	hypothetical protein	CP003224.1:c5423-4479	IOBHAKOI_00009

DiscRep_SUB:FEATURE_LOCATION_CONFLICT::Coding region xref gene does not exist
plasmid_files/CP003224.1_results/PROKKA_06292018:CDS	hypothetical protein	CP003224.1:5557-5832	IOBHAKOI_00010

DiscRep_SUB:FEATURE_LOCATION_CONFLICT::Coding region xref gene does not exist
plasmid_files/CP003224.1_results/PROKKA_06292018:CDS	Antitoxin VapB	CP003224.1:6002-6232	IOBHAKOI_00011

DiscRep_SUB:FEATURE_LOCATION_CONFLICT::Coding region xref gene does not exist
plasmid_files/CP003224.1_results/PROKKA_06292018:CDS	tRNA(fMet)-specific endonuclease VapC	CP003224.1:6229-6645	IOBHAKOI_00012

DiscRep_SUB:FEATURE_LOCATION_CONFLICT::Coding region xref gene does not exist
plasmid_files/CP003224.1_results/PROKKA_06292018:CDS	DNA replication and repair protein RecF	CP003224.1:6719-8281	IOBHAKOI_00013

DiscRep_SUB:FEATURE_LOCATION_CONFLICT::Coding region xref gene does not exist
plasmid_files/CP003224.1_results/PROKKA_06292018:CDS	hypothetical protein	CP003224.1:8266-9288	IOBHAKOI_00014

DiscRep_SUB:FEATURE_LOCATION_CONFLICT::Coding region xref gene does not exist
plasmid_files/CP003224.1_results/PROKKA_06292018:CDS	hypothetical protein	CP003224.1:9544-9819	IOBHAKOI_00015

DiscRep_SUB:FEATURE_LOCATION_CONFLICT::Coding region xref gene does not exist
plasmid_files/CP003224.1_results/PROKKA_06292018:CDS	hypothetical protein	CP003224.1:9864-10241	IOBHAKOI_00016

DiscRep_SUB:FEATURE_LOCATION_CONFLICT::Coding region xref gene does not exist
plasmid_files/CP003224.1_results/PROKKA_06292018:CDS	hypothetical protein	CP003224.1:10270-10623	IOBHAKOI_00017

DiscRep_SUB:FEATURE_LOCATION_CONFLICT::Coding region xref gene does not exist
plasmid_files/CP003224.1_results/PROKKA_06292018:CDS	hypothetical protein	CP003224.1:c11826-10822	IOBHAKOI_00018

DiscRep_SUB:FEATURE_LOCATION_CONFLICT::Coding region xref gene does not exist
plasmid_files/CP003224.1_results/PROKKA_06292018:CDS	Mercuric resistance operon regulatory protein	CP003224.1:c12339-11905	IOBHAKOI_00019

DiscRep_SUB:FEATURE_LOCATION_CONFLICT::Coding region xref gene does not exist
plasmid_files/CP003224.1_results/PROKKA_06292018:CDS	Mercuric transport protein MerT	CP003224.1:12411-12761	IOBHAKOI_00020

DiscRep_SUB:FEATURE_LOCATION_CONFLICT::Coding region xref gene does not exist
plasmid_files/CP003224.1_results/PROKKA_06292018:CDS	Mercuric transport protein periplasmic component	CP003224.1:12775-13050	IOBHAKOI_00021

DiscRep_SUB:FEATURE_LOCATION_CONFLICT::Coding region xref gene does not exist
plasmid_files/CP003224.1_results/PROKKA_06292018:CDS	Mercuric transport protein MerC	CP003224.1:13047-13508	IOBHAKOI_00022

DiscRep_SUB:FEATURE_LOCATION_CONFLICT::Coding region xref gene does not exist
plasmid_files/CP003224.1_results/PROKKA_06292018:CDS	Mercuric reductase	CP003224.1:13560-15254	IOBHAKOI_00023

DiscRep_SUB:FEATURE_LOCATION_CONFLICT::Coding region xref gene does not exist
plasmid_files/CP003224.1_results/PROKKA_06292018:CDS	HTH-type transcriptional activator mta	CP003224.1:15272-15634	IOBHAKOI_00024

DiscRep_SUB:FEATURE_LOCATION_CONFLICT::Coding region xref gene does not exist
plasmid_files/CP003224.1_results/PROKKA_06292018:CDS	hypothetical protein	CP003224.1:15631-15867	IOBHAKOI_00025

DiscRep_SUB:FEATURE_LOCATION_CONFLICT::Coding region xref gene does not exist
plasmid_files/CP003224.1_results/PROKKA_06292018:CDS	putative signaling protein	CP003224.1:15864-16571	IOBHAKOI_00026

DiscRep_SUB:FEATURE_LOCATION_CONFLICT::Coding region xref gene does not exist
plasmid_files/CP003224.1_results/PROKKA_06292018:CDS	Transposon Tn7 transposition protein TnsB	CP003224.1:16646-17914	IOBHAKOI_00027

DiscRep_SUB:FEATURE_LOCATION_CONFLICT::Coding region xref gene does not exist
plasmid_files/CP003224.1_results/PROKKA_06292018:CDS	hypothetical protein	CP003224.1:17961-18665	IOBHAKOI_00028

DiscRep_SUB:FEATURE_LOCATION_CONFLICT::Coding region xref gene does not exist
plasmid_files/CP003224.1_results/PROKKA_06292018:CDS	Transposon Tn3 resolvase	CP003224.1:18777-19178	IOBHAKOI_00029

DiscRep_SUB:FEATURE_LOCATION_CONFLICT::Coding region xref gene does not exist
plasmid_files/CP003224.1_results/PROKKA_06292018:CDS	hypothetical protein	CP003224.1:19301-20281	IOBHAKOI_00030

DiscRep_SUB:FEATURE_LOCATION_CONFLICT::Coding region xref gene does not exist
plasmid_files/CP003224.1_results/PROKKA_06292018:CDS	Carbapenem-hydrolyzing beta-lactamase KPC	CP003224.1:20557-21438	IOBHAKOI_00031

DiscRep_SUB:FEATURE_LOCATION_CONFLICT::Coding region xref gene does not exist
plasmid_files/CP003224.1_results/PROKKA_06292018:CDS	hypothetical protein	CP003224.1:c22668-21688	IOBHAKOI_00032

DiscRep_SUB:FEATURE_LOCATION_CONFLICT::Coding region xref gene does not exist
plasmid_files/CP003224.1_results/PROKKA_06292018:CDS	hypothetical protein	CP003224.1:c22969-22673	IOBHAKOI_00033

DiscRep_SUB:FEATURE_LOCATION_CONFLICT::Coding region xref gene does not exist
plasmid_files/CP003224.1_results/PROKKA_06292018:CDS	hypothetical protein	CP003224.1:c23170-23015	IOBHAKOI_00034

DiscRep_SUB:FEATURE_LOCATION_CONFLICT::Coding region xref gene does not exist
plasmid_files/CP003224.1_results/PROKKA_06292018:CDS	Antirestriction protein KlcA	CP003224.1:c23723-23298	IOBHAKOI_00035

DiscRep_SUB:FEATURE_LOCATION_CONFLICT::Coding region xref gene does not exist
plasmid_files/CP003224.1_results/PROKKA_06292018:CDS	hypothetical protein	CP003224.1:c24112-23834	IOBHAKOI_00036

DiscRep_SUB:FEATURE_LOCATION_CONFLICT::Coding region xref gene does not exist
plasmid_files/CP003224.1_results/PROKKA_06292018:CDS	hypothetical protein	CP003224.1:c25206-24646	IOBHAKOI_00037

DiscRep_SUB:FEATURE_LOCATION_CONFLICT::Coding region xref gene does not exist
plasmid_files/CP003224.1_results/PROKKA_06292018:CDS	DNA-invertase hin	CP003224.1:25655-26215	IOBHAKOI_00038

DiscRep_SUB:FEATURE_LOCATION_CONFLICT::Coding region xref gene does not exist
plasmid_files/CP003224.1_results/PROKKA_06292018:CDS	hypothetical protein	CP003224.1:26219-29185	IOBHAKOI_00039

DiscRep_SUB:FEATURE_LOCATION_CONFLICT::Coding region xref gene does not exist
plasmid_files/CP003224.1_results/PROKKA_06292018:CDS	hypothetical protein	CP003224.1:29327-29521	IOBHAKOI_00040

DiscRep_SUB:FEATURE_LOCATION_CONFLICT::Coding region xref gene does not exist
plasmid_files/CP003224.1_results/PROKKA_06292018:CDS	hypothetical protein	CP003224.1:c30196-29723	IOBHAKOI_00041

DiscRep_SUB:FEATURE_LOCATION_CONFLICT::Coding region xref gene does not exist
plasmid_files/CP003224.1_results/PROKKA_06292018:CDS	hypothetical protein	CP003224.1:c30600-30286	IOBHAKOI_00042

DiscRep_SUB:FEATURE_LOCATION_CONFLICT::Coding region xref gene does not exist
plasmid_files/CP003224.1_results/PROKKA_06292018:CDS	hypothetical protein	CP003224.1:c31119-30616	IOBHAKOI_00043

DiscRep_SUB:FEATURE_LOCATION_CONFLICT::Coding region xref gene does not exist
plasmid_files/CP003224.1_results/PROKKA_06292018:CDS	hypothetical protein	CP003224.1:c31464-31132	IOBHAKOI_00044

DiscRep_SUB:FEATURE_LOCATION_CONFLICT::Coding region xref gene does not exist
plasmid_files/CP003224.1_results/PROKKA_06292018:CDS	hypothetical protein	CP003224.1:c32803-31850	IOBHAKOI_00045

DiscRep_SUB:FEATURE_LOCATION_CONFLICT::Coding region xref gene does not exist
plasmid_files/CP003224.1_results/PROKKA_06292018:CDS	hypothetical protein	CP003224.1:c34759-32816	IOBHAKOI_00046

DiscRep_SUB:FEATURE_LOCATION_CONFLICT::Coding region xref gene does not exist
plasmid_files/CP003224.1_results/PROKKA_06292018:CDS	hypothetical protein	CP003224.1:c35656-34763	IOBHAKOI_00047

DiscRep_SUB:FEATURE_LOCATION_CONFLICT::Coding region xref gene does not exist
plasmid_files/CP003224.1_results/PROKKA_06292018:CDS	tRNA1(Val) (adenine(37)-N6)-methyltransferase	CP003224.1:c36905-35664	IOBHAKOI_00048

DiscRep_SUB:FEATURE_LOCATION_CONFLICT::Coding region xref gene does not exist
plasmid_files/CP003224.1_results/PROKKA_06292018:CDS	hypothetical protein	CP003224.1:c39079-38222	IOBHAKOI_00049

DiscRep_SUB:FEATURE_LOCATION_CONFLICT::Coding region xref gene does not exist
plasmid_files/CP003224.1_results/PROKKA_06292018:CDS	hypothetical protein	CP003224.1:c39632-39381	IOBHAKOI_00050

DiscRep_SUB:FEATURE_LOCATION_CONFLICT::Coding region xref gene does not exist
plasmid_files/CP003224.1_results/PROKKA_06292018:CDS	Phospholipase D	CP003224.1:c40148-39768	IOBHAKOI_00051

DiscRep_SUB:FEATURE_LOCATION_CONFLICT::Coding region xref gene does not exist
plasmid_files/CP003224.1_results/PROKKA_06292018:CDS	hypothetical protein	CP003224.1:c41186-40482	IOBHAKOI_00052

DiscRep_SUB:FEATURE_LOCATION_CONFLICT::Coding region xref gene does not exist
plasmid_files/CP003224.1_results/PROKKA_06292018:CDS	Beta-lactamase TEM	CP003224.1:41723-42583	IOBHAKOI_00053

DiscRep_SUB:FEATURE_LOCATION_CONFLICT::Coding region xref gene does not exist
plasmid_files/CP003224.1_results/PROKKA_06292018:CDS	hypothetical protein	CP003224.1:c43124-42816	IOBHAKOI_00054

DiscRep_SUB:FEATURE_LOCATION_CONFLICT::Coding region xref gene does not exist
plasmid_files/CP003224.1_results/PROKKA_06292018:CDS	hypothetical protein	CP003224.1:c43771-43121	IOBHAKOI_00055

DiscRep_SUB:FEATURE_LOCATION_CONFLICT::Coding region xref gene does not exist
plasmid_files/CP003224.1_results/PROKKA_06292018:CDS	hypothetical protein	CP003224.1:c44471-43827	IOBHAKOI_00056

DiscRep_SUB:FEATURE_LOCATION_CONFLICT::Coding region xref gene does not exist
plasmid_files/CP003224.1_results/PROKKA_06292018:CDS	hypothetical protein	CP003224.1:c45117-44521	IOBHAKOI_00057

DiscRep_SUB:FEATURE_LOCATION_CONFLICT::Coding region xref gene does not exist
plasmid_files/CP003224.1_results/PROKKA_06292018:CDS	Fertility inhibition protein	CP003224.1:c45877-45284	IOBHAKOI_00058

DiscRep_SUB:FEATURE_LOCATION_CONFLICT::Coding region xref gene does not exist
plasmid_files/CP003224.1_results/PROKKA_06292018:CDS	hypothetical protein	CP003224.1:c46674-45949	IOBHAKOI_00059

DiscRep_SUB:FEATURE_LOCATION_CONFLICT::Coding region xref gene does not exist
plasmid_files/CP003224.1_results/PROKKA_06292018:CDS	Multifunctional conjugation protein TraI	CP003224.1:c52012-46754	IOBHAKOI_00060

DiscRep_SUB:FEATURE_LOCATION_CONFLICT::Coding region xref gene does not exist
plasmid_files/CP003224.1_results/PROKKA_06292018:CDS	Coupling protein TraD	CP003224.1:c54291-52012	IOBHAKOI_00061

DiscRep_SUB:FEATURE_LOCATION_CONFLICT::Coding region xref gene does not exist
plasmid_files/CP003224.1_results/PROKKA_06292018:CDS	hypothetical protein	CP003224.1:c55107-54418	IOBHAKOI_00062

DiscRep_SUB:FEATURE_LOCATION_CONFLICT::Coding region xref gene does not exist
plasmid_files/CP003224.1_results/PROKKA_06292018:CDS	Lipoprotein YlpA	CP003224.1:c56031-55300	IOBHAKOI_00063

DiscRep_SUB:FEATURE_LOCATION_CONFLICT::Coding region xref gene does not exist
plasmid_files/CP003224.1_results/PROKKA_06292018:CDS	Protein TraS	CP003224.1:c56750-56217	IOBHAKOI_00064

DiscRep_SUB:FEATURE_LOCATION_CONFLICT::Coding region xref gene does not exist
plasmid_files/CP003224.1_results/PROKKA_06292018:CDS	hypothetical protein	CP003224.1:c59602-56753	IOBHAKOI_00065

DiscRep_SUB:FEATURE_LOCATION_CONFLICT::Coding region xref gene does not exist
plasmid_files/CP003224.1_results/PROKKA_06292018:CDS	hypothetical protein	CP003224.1:c60969-59602	IOBHAKOI_00066

DiscRep_SUB:FEATURE_LOCATION_CONFLICT::Coding region xref gene does not exist
plasmid_files/CP003224.1_results/PROKKA_06292018:CDS	hypothetical protein	CP003224.1:c61402-60959	IOBHAKOI_00067

DiscRep_SUB:FEATURE_LOCATION_CONFLICT::Coding region xref gene does not exist
plasmid_files/CP003224.1_results/PROKKA_06292018:CDS	hypothetical protein	CP003224.1:c62005-61448	IOBHAKOI_00068

DiscRep_SUB:FEATURE_LOCATION_CONFLICT::Coding region xref gene does not exist
plasmid_files/CP003224.1_results/PROKKA_06292018:CDS	Protein TraQ	CP003224.1:c62216-61977	IOBHAKOI_00069

DiscRep_SUB:FEATURE_LOCATION_CONFLICT::Coding region xref gene does not exist
plasmid_files/CP003224.1_results/PROKKA_06292018:CDS	hypothetical protein	CP003224.1:c62979-62227	IOBHAKOI_00070

DiscRep_SUB:FEATURE_LOCATION_CONFLICT::Coding region xref gene does not exist
plasmid_files/CP003224.1_results/PROKKA_06292018:CDS	hypothetical protein	CP003224.1:c63326-63000	IOBHAKOI_00071

DiscRep_SUB:FEATURE_LOCATION_CONFLICT::Coding region xref gene does not exist
plasmid_files/CP003224.1_results/PROKKA_06292018:CDS	hypothetical protein	CP003224.1:c63587-63339	IOBHAKOI_00072

DiscRep_SUB:FEATURE_LOCATION_CONFLICT::Coding region xref gene does not exist
plasmid_files/CP003224.1_results/PROKKA_06292018:CDS	hypothetical protein	CP003224.1:c63819-63565	IOBHAKOI_00073

DiscRep_SUB:FEATURE_LOCATION_CONFLICT::Coding region xref gene does not exist
plasmid_files/CP003224.1_results/PROKKA_06292018:CDS	hypothetical protein	CP003224.1:c65806-63851	IOBHAKOI_00074

DiscRep_SUB:FEATURE_LOCATION_CONFLICT::Coding region xref gene does not exist
plasmid_files/CP003224.1_results/PROKKA_06292018:CDS	hypothetical protein	CP003224.1:c66503-65865	IOBHAKOI_00075

DiscRep_SUB:FEATURE_LOCATION_CONFLICT::Coding region xref gene does not exist
plasmid_files/CP003224.1_results/PROKKA_06292018:CDS	hypothetical protein	CP003224.1:c67505-66516	IOBHAKOI_00076

DiscRep_SUB:FEATURE_LOCATION_CONFLICT::Coding region xref gene does not exist
plasmid_files/CP003224.1_results/PROKKA_06292018:CDS	hypothetical protein	CP003224.1:c67903-67502	IOBHAKOI_00077

DiscRep_SUB:FEATURE_LOCATION_CONFLICT::Coding region xref gene does not exist
plasmid_files/CP003224.1_results/PROKKA_06292018:CDS	hypothetical protein	CP003224.1:c68573-67938	IOBHAKOI_00078

DiscRep_SUB:FEATURE_LOCATION_CONFLICT::Coding region xref gene does not exist
plasmid_files/CP003224.1_results/PROKKA_06292018:CDS	hypothetical protein	CP003224.1:c68962-68573	IOBHAKOI_00079

DiscRep_SUB:FEATURE_LOCATION_CONFLICT::Coding region xref gene does not exist
plasmid_files/CP003224.1_results/PROKKA_06292018:CDS	Protein TraC	CP003224.1:c71601-68962	IOBHAKOI_00080

DiscRep_SUB:FEATURE_LOCATION_CONFLICT::Coding region xref gene does not exist
plasmid_files/CP003224.1_results/PROKKA_06292018:CDS	hypothetical protein	CP003224.1:c72065-71673	IOBHAKOI_00081

DiscRep_SUB:FEATURE_LOCATION_CONFLICT::Coding region xref gene does not exist
plasmid_files/CP003224.1_results/PROKKA_06292018:CDS	hypothetical protein	CP003224.1:c72852-72448	IOBHAKOI_00082

DiscRep_SUB:FEATURE_LOCATION_CONFLICT::Coding region xref gene does not exist
plasmid_files/CP003224.1_results/PROKKA_06292018:CDS	hypothetical protein	CP003224.1:c73230-72919	IOBHAKOI_00083

DiscRep_SUB:FEATURE_LOCATION_CONFLICT::Coding region xref gene does not exist
plasmid_files/CP003224.1_results/PROKKA_06292018:CDS	hypothetical protein	CP003224.1:c73449-73231	IOBHAKOI_00084

DiscRep_SUB:FEATURE_LOCATION_CONFLICT::Coding region xref gene does not exist
plasmid_files/CP003224.1_results/PROKKA_06292018:CDS	Protein TraV	CP003224.1:c74356-73772	IOBHAKOI_00085

DiscRep_SUB:FEATURE_LOCATION_CONFLICT::Coding region xref gene does not exist
plasmid_files/CP003224.1_results/PROKKA_06292018:CDS	hypothetical protein	CP003224.1:c75852-74428	IOBHAKOI_00086

DiscRep_SUB:FEATURE_LOCATION_CONFLICT::Coding region xref gene does not exist
plasmid_files/CP003224.1_results/PROKKA_06292018:CDS	hypothetical protein	CP003224.1:c76592-75852	IOBHAKOI_00087

DiscRep_SUB:FEATURE_LOCATION_CONFLICT::Coding region xref gene does not exist
plasmid_files/CP003224.1_results/PROKKA_06292018:CDS	hypothetical protein	CP003224.1:c77145-76579	IOBHAKOI_00088

DiscRep_SUB:FEATURE_LOCATION_CONFLICT::Coding region xref gene does not exist
plasmid_files/CP003224.1_results/PROKKA_06292018:CDS	hypothetical protein	CP003224.1:c77470-77165	IOBHAKOI_00089

DiscRep_SUB:FEATURE_LOCATION_CONFLICT::Coding region xref gene does not exist
plasmid_files/CP003224.1_results/PROKKA_06292018:CDS	Pilin	CP003224.1:c77852-77484	IOBHAKOI_00090

DiscRep_SUB:FEATURE_LOCATION_CONFLICT::Coding region xref gene does not exist
plasmid_files/CP003224.1_results/PROKKA_06292018:CDS	Protein TraJ	CP003224.1:c78972-78235	IOBHAKOI_00091

DiscRep_SUB:FEATURE_LOCATION_CONFLICT::Coding region xref gene does not exist
plasmid_files/CP003224.1_results/PROKKA_06292018:CDS	Relaxosome protein TraM	CP003224.1:c79555-79172	IOBHAKOI_00092

DiscRep_SUB:FEATURE_LOCATION_CONFLICT::Coding region xref gene does not exist
plasmid_files/CP003224.1_results/PROKKA_06292018:CDS	hypothetical protein	CP003224.1:79979-80464	IOBHAKOI_00093

DiscRep_SUB:FEATURE_LOCATION_CONFLICT::Coding region xref gene does not exist
plasmid_files/CP003224.1_results/PROKKA_06292018:CDS	hypothetical protein	CP003224.1:c80811-80497	IOBHAKOI_00094

DiscRep_SUB:FEATURE_LOCATION_CONFLICT::Coding region xref gene does not exist
plasmid_files/CP003224.1_results/PROKKA_06292018:CDS	hypothetical protein	CP003224.1:c81680-80859	IOBHAKOI_00095

DiscRep_SUB:FEATURE_LOCATION_CONFLICT::Coding region xref gene does not exist
plasmid_files/CP003224.1_results/PROKKA_06292018:CDS	Antitoxin HigA	CP003224.1:c82616-82509	IOBHAKOI_00096

DiscRep_SUB:FEATURE_LOCATION_CONFLICT::Coding region xref gene does not exist
plasmid_files/CP003224.1_results/PROKKA_06292018:CDS	Antitoxin HigA1	CP003224.1:c82895-82617	IOBHAKOI_00097

DiscRep_SUB:FEATURE_LOCATION_CONFLICT::Coding region xref gene does not exist
plasmid_files/CP003224.1_results/PROKKA_06292018:CDS	hypothetical protein	CP003224.1:c83205-82885	IOBHAKOI_00098

DiscRep_SUB:FEATURE_LOCATION_CONFLICT::Coding region xref gene does not exist
plasmid_files/CP003224.1_results/PROKKA_06292018:CDS	hypothetical protein	CP003224.1:c83510-83286	IOBHAKOI_00099

DiscRep_SUB:FEATURE_LOCATION_CONFLICT::Coding region xref gene does not exist
plasmid_files/CP003224.1_results/PROKKA_06292018:CDS	hypothetical protein	CP003224.1:c83733-83521	IOBHAKOI_00100

DiscRep_SUB:FEATURE_LOCATION_CONFLICT::Coding region xref gene does not exist
plasmid_files/CP003224.1_results/PROKKA_06292018:CDS	hypothetical protein	CP003224.1:c84150-83794	IOBHAKOI_00101

DiscRep_SUB:FEATURE_LOCATION_CONFLICT::Coding region xref gene does not exist
plasmid_files/CP003224.1_results/PROKKA_06292018:CDS	hypothetical protein	CP003224.1:c85309-84992	IOBHAKOI_00102

DiscRep_SUB:FEATURE_LOCATION_CONFLICT::Coding region xref gene does not exist
plasmid_files/CP003224.1_results/PROKKA_06292018:CDS	hypothetical protein	CP003224.1:c85674-85324	IOBHAKOI_00103

DiscRep_SUB:FEATURE_LOCATION_CONFLICT::Coding region xref gene does not exist
plasmid_files/CP003224.1_results/PROKKA_06292018:CDS	hypothetical protein	CP003224.1:c85943-85671	IOBHAKOI_00104

DiscRep_SUB:FEATURE_LOCATION_CONFLICT::Coding region xref gene does not exist
plasmid_files/CP003224.1_results/PROKKA_06292018:CDS	Stable plasmid inheritance protein	CP003224.1:c86794-86636	IOBHAKOI_00105

DiscRep_SUB:FEATURE_LOCATION_CONFLICT::Coding region xref gene does not exist
plasmid_files/CP003224.1_results/PROKKA_06292018:CDS	hypothetical protein	CP003224.1:c87396-87022	IOBHAKOI_00106

DiscRep_SUB:FEATURE_LOCATION_CONFLICT::Coding region xref gene does not exist
plasmid_files/CP003224.1_results/PROKKA_06292018:CDS	hypothetical protein	CP003224.1:c87778-87452	IOBHAKOI_00107

DiscRep_SUB:FEATURE_LOCATION_CONFLICT::Coding region xref gene does not exist
plasmid_files/CP003224.1_results/PROKKA_06292018:CDS	hypothetical protein	CP003224.1:c88503-87775	IOBHAKOI_00108

DiscRep_SUB:FEATURE_LOCATION_CONFLICT::Coding region xref gene does not exist
plasmid_files/CP003224.1_results/PROKKA_06292018:CDS	Protein PsiB	CP003224.1:c88931-88500	IOBHAKOI_00109

DiscRep_SUB:FEATURE_LOCATION_CONFLICT::Coding region xref gene does not exist
plasmid_files/CP003224.1_results/PROKKA_06292018:CDS	Chromosome-partitioning protein Spo0J	CP003224.1:c91033-88976	IOBHAKOI_00110

DiscRep_SUB:FEATURE_LOCATION_CONFLICT::Coding region xref gene does not exist
plasmid_files/CP003224.1_results/PROKKA_06292018:CDS	hypothetical protein	CP003224.1:c91351-91103	IOBHAKOI_00111

DiscRep_SUB:FEATURE_LOCATION_CONFLICT::Coding region xref gene does not exist
plasmid_files/CP003224.1_results/PROKKA_06292018:CDS	Plasmid-derived single-stranded DNA-binding protein	CP003224.1:c91942-91400	IOBHAKOI_00112

DiscRep_SUB:FEATURE_LOCATION_CONFLICT::Coding region xref gene does not exist
plasmid_files/CP003224.1_results/PROKKA_06292018:CDS	hypothetical protein	CP003224.1:92550-92879	IOBHAKOI_00113

DiscRep_SUB:FEATURE_LOCATION_CONFLICT::Coding region xref gene does not exist
plasmid_files/CP003224.1_results/PROKKA_06292018:CDS	hypothetical protein	CP003224.1:c93337-92774	IOBHAKOI_00114

DiscRep_SUB:FEATURE_LOCATION_CONFLICT::Coding region xref gene does not exist
plasmid_files/CP003224.1_results/PROKKA_06292018:CDS	hypothetical protein	CP003224.1:c94740-93385	IOBHAKOI_00115

DiscRep_SUB:FEATURE_LOCATION_CONFLICT::Coding region xref gene does not exist
plasmid_files/CP003224.1_results/PROKKA_06292018:CDS	hypothetical protein	CP003224.1:c95022-94792	IOBHAKOI_00116

DiscRep_SUB:FEATURE_LOCATION_CONFLICT::Coding region xref gene does not exist
plasmid_files/CP003224.1_results/PROKKA_06292018:CDS	hypothetical protein	CP003224.1:c95341-95114	IOBHAKOI_00117

DiscRep_SUB:FEATURE_LOCATION_CONFLICT::Coding region xref gene does not exist
plasmid_files/CP003224.1_results/PROKKA_06292018:CDS	hypothetical protein	CP003224.1:c96341-96021	IOBHAKOI_00118

DiscRep_SUB:FEATURE_LOCATION_CONFLICT::Coding region xref gene does not exist
plasmid_files/CP003224.1_results/PROKKA_06292018:CDS	DNA polymerase III subunit theta	CP003224.1:c96630-96376	IOBHAKOI_00119

DiscRep_SUB:FEATURE_LOCATION_CONFLICT::Coding region xref gene does not exist
plasmid_files/CP003224.1_results/PROKKA_06292018:CDS	hypothetical protein	CP003224.1:c97009-96818	IOBHAKOI_00120

DiscRep_SUB:FEATURE_LOCATION_CONFLICT::Coding region xref gene does not exist
plasmid_files/CP003224.1_results/PROKKA_06292018:CDS	hypothetical protein	CP003224.1:c97558-97052	IOBHAKOI_00121

DiscRep_SUB:FEATURE_LOCATION_CONFLICT::Coding region xref gene does not exist
plasmid_files/CP003224.1_results/PROKKA_06292018:CDS	Antirestriction protein KlcA	CP003224.1:c98029-97601	IOBHAKOI_00122

DiscRep_SUB:FEATURE_LOCATION_CONFLICT::Coding region xref gene does not exist
plasmid_files/CP003224.1_results/PROKKA_06292018:CDS	hypothetical protein	CP003224.1:c99477-98710	IOBHAKOI_00123

DiscRep_SUB:FEATURE_LOCATION_CONFLICT::Coding region xref gene does not exist
plasmid_files/CP003224.1_results/PROKKA_06292018:CDS	hypothetical protein	CP003224.1:c99950-99531	IOBHAKOI_00124

DiscRep_SUB:FEATURE_LOCATION_CONFLICT::Coding region xref gene does not exist
plasmid_files/CP003224.1_results/PROKKA_06292018:CDS	hypothetical protein	CP003224.1:c100181-99960	IOBHAKOI_00125

DiscRep_SUB:FEATURE_LOCATION_CONFLICT::Coding region xref gene does not exist
plasmid_files/CP003224.1_results/PROKKA_06292018:CDS	DNA adenine methyltransferase YhdJ	CP003224.1:c100882-100181	IOBHAKOI_00126

DiscRep_SUB:FEATURE_LOCATION_CONFLICT::Coding region xref gene does not exist
plasmid_files/CP003224.1_results/PROKKA_06292018:CDS	hypothetical protein	CP003224.1:c101549-101319	IOBHAKOI_00127

DiscRep_SUB:FEATURE_LOCATION_CONFLICT::Coding region xref gene does not exist
plasmid_files/CP003224.1_results/PROKKA_06292018:CDS	hypothetical protein	CP003224.1:c102283-101612	IOBHAKOI_00128

DiscRep_SUB:FEATURE_LOCATION_CONFLICT::Coding region xref gene does not exist
plasmid_files/CP003224.1_results/PROKKA_06292018:CDS	Plasmid segregation protein ParM	CP003224.1:c103257-102286	IOBHAKOI_00129

DiscRep_SUB:FEATURE_LOCATION_CONFLICT::Coding region xref gene does not exist
plasmid_files/CP003224.1_results/PROKKA_06292018:CDS	Group II intron-encoded protein LtrA	CP003224.1:c104993-103506	IOBHAKOI_00130

DiscRep_SUB:FEATURE_LOCATION_CONFLICT::Coding region xref gene does not exist
plasmid_files/CP003224.1_results/PROKKA_06292018:CDS	Protein UmuD	CP003224.1:105400-105831	IOBHAKOI_00131

DiscRep_SUB:FEATURE_LOCATION_CONFLICT::Coding region xref gene does not exist
plasmid_files/CP003224.1_results/PROKKA_06292018:CDS	Protein UmuC	CP003224.1:105831-107102	IOBHAKOI_00132

DiscRep_SUB:FEATURE_LOCATION_CONFLICT::Coding region xref gene does not exist
plasmid_files/CP003224.1_results/PROKKA_06292018:CDS	Virulence regulon transcriptional activator VirB	CP003224.1:c108158-107184	IOBHAKOI_00133

DiscRep_SUB:FEATURE_LOCATION_CONFLICT::Coding region xref gene does not exist
plasmid_files/CP003224.1_results/PROKKA_06292018:CDS	Plasmid partition protein A	CP003224.1:c109363-108158	IOBHAKOI_00134

DiscRep_SUB:FEATURE_LOCATION_CONFLICT::Coding region xref gene does not exist
plasmid_files/CP003224.1_results/PROKKA_06292018:CDS	hypothetical protein	CP003224.1:109863-110447	IOBHAKOI_00135

DiscRep_SUB:FEATURE_LOCATION_CONFLICT::Coding region xref gene does not exist
plasmid_files/CP003224.1_results/PROKKA_06292018:CDS	Replication initiation protein	CP003224.1:c111195-110473	IOBHAKOI_00136

DiscRep_ALL:DISC_QUALITY_SCORES::Quality scores are missing on all sequences.

DiscRep_ALL:ONCALLER_COMMENT_PRESENT::1 comment descriptors were found (all same)
plasmid_files/CP003224.1_results/PROKKA_06292018:CP003224.1:Annotated using prokka 1.14-dev from https://github.com/tseemann/prokka

DiscRep_ALL:SHORT_PROT_SEQUENCES::2 protein sequences are shorter than 50 aa.
plasmid_files/CP003224.1_results/PROKKA_06292018:CP003224.1_2 (length 31)
plasmid_files/CP003224.1_results/PROKKA_06292018:CP003224.1_96 (length 35)

DiscRep_ALL:MISSING_GENOMEASSEMBLY_COMMENTS::1 bioseqs are missing GenomeAssembly structured comments
plasmid_files/CP003224.1_results/PROKKA_06292018:CP003224.1 (length 111195)

DiscRep_ALL:MOLTYPE_NOT_MRNA::1 molecule types are not set as mRNA.
plasmid_files/CP003224.1_results/PROKKA_06292018:CP003224.1 (length 111195)

DiscRep_ALL:TECHNIQUE_NOT_TSA::1 technique are not set as TSA
plasmid_files/CP003224.1_results/PROKKA_06292018:CP003224.1 (length 111195)

DiscRep_ALL:MISSING_STRUCTURED_COMMENT::1 sequences do not include structured comments.
plasmid_files/CP003224.1_results/PROKKA_06292018:CP003224.1 (length 111195)

DiscRep_ALL:MISSING_PROJECT::137 sequences do not include project.
plasmid_files/CP003224.1_results/PROKKA_06292018:CP003224.1 (length 111195)
plasmid_files/CP003224.1_results/PROKKA_06292018:CP003224.1_1 (length 91)
plasmid_files/CP003224.1_results/PROKKA_06292018:CP003224.1_2 (length 31)
plasmid_files/CP003224.1_results/PROKKA_06292018:CP003224.1_3 (length 85)
plasmid_files/CP003224.1_results/PROKKA_06292018:CP003224.1_4 (length 259)
plasmid_files/CP003224.1_results/PROKKA_06292018:CP003224.1_5 (length 334)
plasmid_files/CP003224.1_results/PROKKA_06292018:CP003224.1_6 (length 67)
plasmid_files/CP003224.1_results/PROKKA_06292018:CP003224.1_7 (length 173)
plasmid_files/CP003224.1_results/PROKKA_06292018:CP003224.1_8 (length 130)
plasmid_files/CP003224.1_results/PROKKA_06292018:CP003224.1_9 (length 314)
plasmid_files/CP003224.1_results/PROKKA_06292018:CP003224.1_10 (length 91)
plasmid_files/CP003224.1_results/PROKKA_06292018:CP003224.1_11 (length 76)
plasmid_files/CP003224.1_results/PROKKA_06292018:CP003224.1_12 (length 138)
plasmid_files/CP003224.1_results/PROKKA_06292018:CP003224.1_13 (length 520)
plasmid_files/CP003224.1_results/PROKKA_06292018:CP003224.1_14 (length 340)
plasmid_files/CP003224.1_results/PROKKA_06292018:CP003224.1_15 (length 91)
plasmid_files/CP003224.1_results/PROKKA_06292018:CP003224.1_16 (length 125)
plasmid_files/CP003224.1_results/PROKKA_06292018:CP003224.1_17 (length 117)
plasmid_files/CP003224.1_results/PROKKA_06292018:CP003224.1_18 (length 334)
plasmid_files/CP003224.1_results/PROKKA_06292018:CP003224.1_19 (length 144)
plasmid_files/CP003224.1_results/PROKKA_06292018:CP003224.1_20 (length 116)
plasmid_files/CP003224.1_results/PROKKA_06292018:CP003224.1_21 (length 91)
plasmid_files/CP003224.1_results/PROKKA_06292018:CP003224.1_22 (length 153)
plasmid_files/CP003224.1_results/PROKKA_06292018:CP003224.1_23 (length 564)
plasmid_files/CP003224.1_results/PROKKA_06292018:CP003224.1_24 (length 120)
plasmid_files/CP003224.1_results/PROKKA_06292018:CP003224.1_25 (length 78)
plasmid_files/CP003224.1_results/PROKKA_06292018:CP003224.1_26 (length 235)
plasmid_files/CP003224.1_results/PROKKA_06292018:CP003224.1_27 (length 422)
plasmid_files/CP003224.1_results/PROKKA_06292018:CP003224.1_28 (length 234)
plasmid_files/CP003224.1_results/PROKKA_06292018:CP003224.1_29 (length 133)
plasmid_files/CP003224.1_results/PROKKA_06292018:CP003224.1_30 (length 326)
plasmid_files/CP003224.1_results/PROKKA_06292018:CP003224.1_31 (length 293)
plasmid_files/CP003224.1_results/PROKKA_06292018:CP003224.1_32 (length 326)
plasmid_files/CP003224.1_results/PROKKA_06292018:CP003224.1_33 (length 98)
plasmid_files/CP003224.1_results/PROKKA_06292018:CP003224.1_34 (length 51)
plasmid_files/CP003224.1_results/PROKKA_06292018:CP003224.1_35 (length 141)
plasmid_files/CP003224.1_results/PROKKA_06292018:CP003224.1_36 (length 92)
plasmid_files/CP003224.1_results/PROKKA_06292018:CP003224.1_37 (length 186)
plasmid_files/CP003224.1_results/PROKKA_06292018:CP003224.1_38 (length 186)
plasmid_files/CP003224.1_results/PROKKA_06292018:CP003224.1_39 (length 988)
plasmid_files/CP003224.1_results/PROKKA_06292018:CP003224.1_40 (length 64)
plasmid_files/CP003224.1_results/PROKKA_06292018:CP003224.1_41 (length 157)
plasmid_files/CP003224.1_results/PROKKA_06292018:CP003224.1_42 (length 104)
plasmid_files/CP003224.1_results/PROKKA_06292018:CP003224.1_43 (length 167)
plasmid_files/CP003224.1_results/PROKKA_06292018:CP003224.1_44 (length 110)
plasmid_files/CP003224.1_results/PROKKA_06292018:CP003224.1_45 (length 317)
plasmid_files/CP003224.1_results/PROKKA_06292018:CP003224.1_46 (length 647)
plasmid_files/CP003224.1_results/PROKKA_06292018:CP003224.1_47 (length 297)
plasmid_files/CP003224.1_results/PROKKA_06292018:CP003224.1_48 (length 413)
plasmid_files/CP003224.1_results/PROKKA_06292018:CP003224.1_49 (length 285)
plasmid_files/CP003224.1_results/PROKKA_06292018:CP003224.1_50 (length 83)
plasmid_files/CP003224.1_results/PROKKA_06292018:CP003224.1_51 (length 126)
plasmid_files/CP003224.1_results/PROKKA_06292018:CP003224.1_52 (length 234)
plasmid_files/CP003224.1_results/PROKKA_06292018:CP003224.1_53 (length 286)
plasmid_files/CP003224.1_results/PROKKA_06292018:CP003224.1_54 (length 102)
plasmid_files/CP003224.1_results/PROKKA_06292018:CP003224.1_55 (length 216)
plasmid_files/CP003224.1_results/PROKKA_06292018:CP003224.1_56 (length 214)
plasmid_files/CP003224.1_results/PROKKA_06292018:CP003224.1_57 (length 198)
plasmid_files/CP003224.1_results/PROKKA_06292018:CP003224.1_58 (length 197)
plasmid_files/CP003224.1_results/PROKKA_06292018:CP003224.1_59 (length 241)
plasmid_files/CP003224.1_results/PROKKA_06292018:CP003224.1_60 (length 1752)
plasmid_files/CP003224.1_results/PROKKA_06292018:CP003224.1_61 (length 759)
plasmid_files/CP003224.1_results/PROKKA_06292018:CP003224.1_62 (length 229)
plasmid_files/CP003224.1_results/PROKKA_06292018:CP003224.1_63 (length 243)
plasmid_files/CP003224.1_results/PROKKA_06292018:CP003224.1_64 (length 177)
plasmid_files/CP003224.1_results/PROKKA_06292018:CP003224.1_65 (length 949)
plasmid_files/CP003224.1_results/PROKKA_06292018:CP003224.1_66 (length 455)
plasmid_files/CP003224.1_results/PROKKA_06292018:CP003224.1_67 (length 147)
plasmid_files/CP003224.1_results/PROKKA_06292018:CP003224.1_68 (length 185)
plasmid_files/CP003224.1_results/PROKKA_06292018:CP003224.1_69 (length 79)
plasmid_files/CP003224.1_results/PROKKA_06292018:CP003224.1_70 (length 250)
plasmid_files/CP003224.1_results/PROKKA_06292018:CP003224.1_71 (length 108)
plasmid_files/CP003224.1_results/PROKKA_06292018:CP003224.1_72 (length 82)
plasmid_files/CP003224.1_results/PROKKA_06292018:CP003224.1_73 (length 84)
plasmid_files/CP003224.1_results/PROKKA_06292018:CP003224.1_74 (length 651)
plasmid_files/CP003224.1_results/PROKKA_06292018:CP003224.1_75 (length 212)
plasmid_files/CP003224.1_results/PROKKA_06292018:CP003224.1_76 (length 329)
plasmid_files/CP003224.1_results/PROKKA_06292018:CP003224.1_77 (length 133)
plasmid_files/CP003224.1_results/PROKKA_06292018:CP003224.1_78 (length 211)
plasmid_files/CP003224.1_results/PROKKA_06292018:CP003224.1_79 (length 129)
plasmid_files/CP003224.1_results/PROKKA_06292018:CP003224.1_80 (length 879)
plasmid_files/CP003224.1_results/PROKKA_06292018:CP003224.1_81 (length 130)
plasmid_files/CP003224.1_results/PROKKA_06292018:CP003224.1_82 (length 134)
plasmid_files/CP003224.1_results/PROKKA_06292018:CP003224.1_83 (length 103)
plasmid_files/CP003224.1_results/PROKKA_06292018:CP003224.1_84 (length 72)
plasmid_files/CP003224.1_results/PROKKA_06292018:CP003224.1_85 (length 194)
plasmid_files/CP003224.1_results/PROKKA_06292018:CP003224.1_86 (length 474)
plasmid_files/CP003224.1_results/PROKKA_06292018:CP003224.1_87 (length 246)
plasmid_files/CP003224.1_results/PROKKA_06292018:CP003224.1_88 (length 188)
plasmid_files/CP003224.1_results/PROKKA_06292018:CP003224.1_89 (length 101)
plasmid_files/CP003224.1_results/PROKKA_06292018:CP003224.1_90 (length 122)
plasmid_files/CP003224.1_results/PROKKA_06292018:CP003224.1_91 (length 245)
plasmid_files/CP003224.1_results/PROKKA_06292018:CP003224.1_92 (length 127)
plasmid_files/CP003224.1_results/PROKKA_06292018:CP003224.1_93 (length 161)
plasmid_files/CP003224.1_results/PROKKA_06292018:CP003224.1_94 (length 104)
plasmid_files/CP003224.1_results/PROKKA_06292018:CP003224.1_95 (length 273)
plasmid_files/CP003224.1_results/PROKKA_06292018:CP003224.1_96 (length 35)
plasmid_files/CP003224.1_results/PROKKA_06292018:CP003224.1_97 (length 92)
plasmid_files/CP003224.1_results/PROKKA_06292018:CP003224.1_98 (length 106)
plasmid_files/CP003224.1_results/PROKKA_06292018:CP003224.1_99 (length 74)
plasmid_files/CP003224.1_results/PROKKA_06292018:CP003224.1_100 (length 70)
plasmid_files/CP003224.1_results/PROKKA_06292018:CP003224.1_101 (length 118)
plasmid_files/CP003224.1_results/PROKKA_06292018:CP003224.1_102 (length 105)
plasmid_files/CP003224.1_results/PROKKA_06292018:CP003224.1_103 (length 116)
plasmid_files/CP003224.1_results/PROKKA_06292018:CP003224.1_104 (length 90)
plasmid_files/CP003224.1_results/PROKKA_06292018:CP003224.1_105 (length 52)
plasmid_files/CP003224.1_results/PROKKA_06292018:CP003224.1_106 (length 124)
plasmid_files/CP003224.1_results/PROKKA_06292018:CP003224.1_107 (length 108)
plasmid_files/CP003224.1_results/PROKKA_06292018:CP003224.1_108 (length 242)
plasmid_files/CP003224.1_results/PROKKA_06292018:CP003224.1_109 (length 143)
plasmid_files/CP003224.1_results/PROKKA_06292018:CP003224.1_110 (length 685)
plasmid_files/CP003224.1_results/PROKKA_06292018:CP003224.1_111 (length 82)
plasmid_files/CP003224.1_results/PROKKA_06292018:CP003224.1_112 (length 180)
plasmid_files/CP003224.1_results/PROKKA_06292018:CP003224.1_113 (length 109)
plasmid_files/CP003224.1_results/PROKKA_06292018:CP003224.1_114 (length 187)
plasmid_files/CP003224.1_results/PROKKA_06292018:CP003224.1_115 (length 451)
plasmid_files/CP003224.1_results/PROKKA_06292018:CP003224.1_116 (length 76)
plasmid_files/CP003224.1_results/PROKKA_06292018:CP003224.1_117 (length 75)
plasmid_files/CP003224.1_results/PROKKA_06292018:CP003224.1_118 (length 106)
plasmid_files/CP003224.1_results/PROKKA_06292018:CP003224.1_119 (length 84)
plasmid_files/CP003224.1_results/PROKKA_06292018:CP003224.1_120 (length 63)
plasmid_files/CP003224.1_results/PROKKA_06292018:CP003224.1_121 (length 168)
plasmid_files/CP003224.1_results/PROKKA_06292018:CP003224.1_122 (length 142)
plasmid_files/CP003224.1_results/PROKKA_06292018:CP003224.1_123 (length 255)
plasmid_files/CP003224.1_results/PROKKA_06292018:CP003224.1_124 (length 139)
plasmid_files/CP003224.1_results/PROKKA_06292018:CP003224.1_125 (length 73)
plasmid_files/CP003224.1_results/PROKKA_06292018:CP003224.1_126 (length 233)
plasmid_files/CP003224.1_results/PROKKA_06292018:CP003224.1_127 (length 76)
plasmid_files/CP003224.1_results/PROKKA_06292018:CP003224.1_128 (length 223)
plasmid_files/CP003224.1_results/PROKKA_06292018:CP003224.1_129 (length 323)
plasmid_files/CP003224.1_results/PROKKA_06292018:CP003224.1_130 (length 495)
plasmid_files/CP003224.1_results/PROKKA_06292018:CP003224.1_131 (length 143)
plasmid_files/CP003224.1_results/PROKKA_06292018:CP003224.1_132 (length 423)
plasmid_files/CP003224.1_results/PROKKA_06292018:CP003224.1_133 (length 324)
plasmid_files/CP003224.1_results/PROKKA_06292018:CP003224.1_134 (length 401)
plasmid_files/CP003224.1_results/PROKKA_06292018:CP003224.1_135 (length 194)
plasmid_files/CP003224.1_results/PROKKA_06292018:CP003224.1_136 (length 240)

DiscRep_ALL:DISC_INCONSISTENT_MOLINFO_TECH::Molinfo Technique Report (some missing, all same)
DiscRep_SUB:DISC_INCONSISTENT_MOLINFO_TECH::technique (all missing)
DiscRep_SUB:DISC_INCONSISTENT_MOLINFO_TECH::1 Molinfos are missing field technique
plasmid_files/CP003224.1_results/PROKKA_06292018:CP003224.1 (length 111195)

