Discrepancy Report Results

Summary
FATAL: MISSING_PROTEIN_ID:156 proteins have invalid IDs.
DISC_SOURCE_QUALS_ASNDISC:strain (all present, all unique)
DISC_SOURCE_QUALS_ASNDISC:taxname (all present, all unique)
DISC_FEATURE_COUNT:CDS: 156 present
DISC_COUNT_NUCLEOTIDES:1 nucleotide Bioseqs are present
FEATURE_LOCATION_CONFLICT:156 features have inconsistent gene locations.
OVERLAPPING_CDS:2 coding regions overlap another coding region with a similar or identical name.
SUSPECT_PRODUCT_NAMES:1 product_names contain suspect phrase or characters
	May contain database identifier more appropriate in note; remove from product name
		1 features Three or more numbers together
DISC_QUALITY_SCORES:Quality scores are missing on all sequences.
ONCALLER_COMMENT_PRESENT:1 comment descriptors were found (all same)
SHORT_PROT_SEQUENCES:2 protein sequences are shorter than 50 aa.
MISSING_GENOMEASSEMBLY_COMMENTS:1 bioseqs are missing GenomeAssembly structured comments
MOLTYPE_NOT_MRNA:1 molecule types are not set as mRNA.
TECHNIQUE_NOT_TSA:1 technique are not set as TSA
MISSING_STRUCTURED_COMMENT:1 sequences do not include structured comments.
MISSING_PROJECT:157 sequences do not include project.
DISC_INCONSISTENT_MOLINFO_TECH:Molinfo Technique Report (some missing, all same)


Detailed Report

FATAL: DiscRep_ALL:MISSING_PROTEIN_ID::156 proteins have invalid IDs.
plasmid_files/CP028796.1_results/PROKKA_06292018:CP028796.1_1 (length 285)
plasmid_files/CP028796.1_results/PROKKA_06292018:CP028796.1_2 (length 189)
plasmid_files/CP028796.1_results/PROKKA_06292018:CP028796.1_3 (length 85)
plasmid_files/CP028796.1_results/PROKKA_06292018:CP028796.1_4 (length 110)
plasmid_files/CP028796.1_results/PROKKA_06292018:CP028796.1_5 (length 86)
plasmid_files/CP028796.1_results/PROKKA_06292018:CP028796.1_6 (length 177)
plasmid_files/CP028796.1_results/PROKKA_06292018:CP028796.1_7 (length 234)
plasmid_files/CP028796.1_results/PROKKA_06292018:CP028796.1_8 (length 291)
plasmid_files/CP028796.1_results/PROKKA_06292018:CP028796.1_9 (length 322)
plasmid_files/CP028796.1_results/PROKKA_06292018:CP028796.1_10 (length 341)
plasmid_files/CP028796.1_results/PROKKA_06292018:CP028796.1_11 (length 234)
plasmid_files/CP028796.1_results/PROKKA_06292018:CP028796.1_12 (length 191)
plasmid_files/CP028796.1_results/PROKKA_06292018:CP028796.1_13 (length 234)
plasmid_files/CP028796.1_results/PROKKA_06292018:CP028796.1_14 (length 240)
plasmid_files/CP028796.1_results/PROKKA_06292018:CP028796.1_15 (length 62)
plasmid_files/CP028796.1_results/PROKKA_06292018:CP028796.1_16 (length 171)
plasmid_files/CP028796.1_results/PROKKA_06292018:CP028796.1_17 (length 286)
plasmid_files/CP028796.1_results/PROKKA_06292018:CP028796.1_18 (length 251)
plasmid_files/CP028796.1_results/PROKKA_06292018:CP028796.1_19 (length 93)
plasmid_files/CP028796.1_results/PROKKA_06292018:CP028796.1_20 (length 234)
plasmid_files/CP028796.1_results/PROKKA_06292018:CP028796.1_21 (length 47)
plasmid_files/CP028796.1_results/PROKKA_06292018:CP028796.1_22 (length 78)
plasmid_files/CP028796.1_results/PROKKA_06292018:CP028796.1_23 (length 93)
plasmid_files/CP028796.1_results/PROKKA_06292018:CP028796.1_24 (length 117)
plasmid_files/CP028796.1_results/PROKKA_06292018:CP028796.1_25 (length 320)
plasmid_files/CP028796.1_results/PROKKA_06292018:CP028796.1_26 (length 141)
plasmid_files/CP028796.1_results/PROKKA_06292018:CP028796.1_27 (length 227)
plasmid_files/CP028796.1_results/PROKKA_06292018:CP028796.1_28 (length 73)
plasmid_files/CP028796.1_results/PROKKA_06292018:CP028796.1_29 (length 144)
plasmid_files/CP028796.1_results/PROKKA_06292018:CP028796.1_30 (length 258)
plasmid_files/CP028796.1_results/PROKKA_06292018:CP028796.1_31 (length 141)
plasmid_files/CP028796.1_results/PROKKA_06292018:CP028796.1_32 (length 140)
plasmid_files/CP028796.1_results/PROKKA_06292018:CP028796.1_33 (length 63)
plasmid_files/CP028796.1_results/PROKKA_06292018:CP028796.1_34 (length 555)
plasmid_files/CP028796.1_results/PROKKA_06292018:CP028796.1_35 (length 85)
plasmid_files/CP028796.1_results/PROKKA_06292018:CP028796.1_36 (length 76)
plasmid_files/CP028796.1_results/PROKKA_06292018:CP028796.1_37 (length 453)
plasmid_files/CP028796.1_results/PROKKA_06292018:CP028796.1_38 (length 187)
plasmid_files/CP028796.1_results/PROKKA_06292018:CP028796.1_39 (length 153)
plasmid_files/CP028796.1_results/PROKKA_06292018:CP028796.1_40 (length 78)
plasmid_files/CP028796.1_results/PROKKA_06292018:CP028796.1_41 (length 175)
plasmid_files/CP028796.1_results/PROKKA_06292018:CP028796.1_42 (length 77)
plasmid_files/CP028796.1_results/PROKKA_06292018:CP028796.1_43 (length 473)
plasmid_files/CP028796.1_results/PROKKA_06292018:CP028796.1_44 (length 153)
plasmid_files/CP028796.1_results/PROKKA_06292018:CP028796.1_45 (length 144)
plasmid_files/CP028796.1_results/PROKKA_06292018:CP028796.1_46 (length 239)
plasmid_files/CP028796.1_results/PROKKA_06292018:CP028796.1_47 (length 71)
plasmid_files/CP028796.1_results/PROKKA_06292018:CP028796.1_48 (length 52)
plasmid_files/CP028796.1_results/PROKKA_06292018:CP028796.1_49 (length 125)
plasmid_files/CP028796.1_results/PROKKA_06292018:CP028796.1_50 (length 78)
plasmid_files/CP028796.1_results/PROKKA_06292018:CP028796.1_51 (length 98)
plasmid_files/CP028796.1_results/PROKKA_06292018:CP028796.1_52 (length 273)
plasmid_files/CP028796.1_results/PROKKA_06292018:CP028796.1_53 (length 215)
plasmid_files/CP028796.1_results/PROKKA_06292018:CP028796.1_54 (length 87)
plasmid_files/CP028796.1_results/PROKKA_06292018:CP028796.1_55 (length 228)
plasmid_files/CP028796.1_results/PROKKA_06292018:CP028796.1_56 (length 75)
plasmid_files/CP028796.1_results/PROKKA_06292018:CP028796.1_57 (length 121)
plasmid_files/CP028796.1_results/PROKKA_06292018:CP028796.1_58 (length 103)
plasmid_files/CP028796.1_results/PROKKA_06292018:CP028796.1_59 (length 188)
plasmid_files/CP028796.1_results/PROKKA_06292018:CP028796.1_60 (length 242)
plasmid_files/CP028796.1_results/PROKKA_06292018:CP028796.1_61 (length 85)
plasmid_files/CP028796.1_results/PROKKA_06292018:CP028796.1_62 (length 234)
plasmid_files/CP028796.1_results/PROKKA_06292018:CP028796.1_63 (length 143)
plasmid_files/CP028796.1_results/PROKKA_06292018:CP028796.1_64 (length 207)
plasmid_files/CP028796.1_results/PROKKA_06292018:CP028796.1_65 (length 210)
plasmid_files/CP028796.1_results/PROKKA_06292018:CP028796.1_66 (length 300)
plasmid_files/CP028796.1_results/PROKKA_06292018:CP028796.1_67 (length 253)
plasmid_files/CP028796.1_results/PROKKA_06292018:CP028796.1_68 (length 286)
plasmid_files/CP028796.1_results/PROKKA_06292018:CP028796.1_69 (length 637)
plasmid_files/CP028796.1_results/PROKKA_06292018:CP028796.1_70 (length 234)
plasmid_files/CP028796.1_results/PROKKA_06292018:CP028796.1_71 (length 133)
plasmid_files/CP028796.1_results/PROKKA_06292018:CP028796.1_72 (length 326)
plasmid_files/CP028796.1_results/PROKKA_06292018:CP028796.1_73 (length 293)
plasmid_files/CP028796.1_results/PROKKA_06292018:CP028796.1_74 (length 326)
plasmid_files/CP028796.1_results/PROKKA_06292018:CP028796.1_75 (length 98)
plasmid_files/CP028796.1_results/PROKKA_06292018:CP028796.1_76 (length 51)
plasmid_files/CP028796.1_results/PROKKA_06292018:CP028796.1_77 (length 141)
plasmid_files/CP028796.1_results/PROKKA_06292018:CP028796.1_78 (length 92)
plasmid_files/CP028796.1_results/PROKKA_06292018:CP028796.1_79 (length 186)
plasmid_files/CP028796.1_results/PROKKA_06292018:CP028796.1_80 (length 186)
plasmid_files/CP028796.1_results/PROKKA_06292018:CP028796.1_81 (length 411)
plasmid_files/CP028796.1_results/PROKKA_06292018:CP028796.1_82 (length 234)
plasmid_files/CP028796.1_results/PROKKA_06292018:CP028796.1_83 (length 396)
plasmid_files/CP028796.1_results/PROKKA_06292018:CP028796.1_84 (length 235)
plasmid_files/CP028796.1_results/PROKKA_06292018:CP028796.1_85 (length 78)
plasmid_files/CP028796.1_results/PROKKA_06292018:CP028796.1_86 (length 120)
plasmid_files/CP028796.1_results/PROKKA_06292018:CP028796.1_87 (length 564)
plasmid_files/CP028796.1_results/PROKKA_06292018:CP028796.1_88 (length 153)
plasmid_files/CP028796.1_results/PROKKA_06292018:CP028796.1_89 (length 91)
plasmid_files/CP028796.1_results/PROKKA_06292018:CP028796.1_90 (length 116)
plasmid_files/CP028796.1_results/PROKKA_06292018:CP028796.1_91 (length 144)
plasmid_files/CP028796.1_results/PROKKA_06292018:CP028796.1_92 (length 334)
plasmid_files/CP028796.1_results/PROKKA_06292018:CP028796.1_93 (length 126)
plasmid_files/CP028796.1_results/PROKKA_06292018:CP028796.1_94 (length 125)
plasmid_files/CP028796.1_results/PROKKA_06292018:CP028796.1_95 (length 340)
plasmid_files/CP028796.1_results/PROKKA_06292018:CP028796.1_96 (length 520)
plasmid_files/CP028796.1_results/PROKKA_06292018:CP028796.1_97 (length 138)
plasmid_files/CP028796.1_results/PROKKA_06292018:CP028796.1_98 (length 76)
plasmid_files/CP028796.1_results/PROKKA_06292018:CP028796.1_99 (length 91)
plasmid_files/CP028796.1_results/PROKKA_06292018:CP028796.1_100 (length 314)
plasmid_files/CP028796.1_results/PROKKA_06292018:CP028796.1_101 (length 130)
plasmid_files/CP028796.1_results/PROKKA_06292018:CP028796.1_102 (length 173)
plasmid_files/CP028796.1_results/PROKKA_06292018:CP028796.1_103 (length 67)
plasmid_files/CP028796.1_results/PROKKA_06292018:CP028796.1_104 (length 334)
plasmid_files/CP028796.1_results/PROKKA_06292018:CP028796.1_105 (length 259)
plasmid_files/CP028796.1_results/PROKKA_06292018:CP028796.1_106 (length 85)
plasmid_files/CP028796.1_results/PROKKA_06292018:CP028796.1_107 (length 91)
plasmid_files/CP028796.1_results/PROKKA_06292018:CP028796.1_108 (length 240)
plasmid_files/CP028796.1_results/PROKKA_06292018:CP028796.1_109 (length 203)
plasmid_files/CP028796.1_results/PROKKA_06292018:CP028796.1_110 (length 401)
plasmid_files/CP028796.1_results/PROKKA_06292018:CP028796.1_111 (length 324)
plasmid_files/CP028796.1_results/PROKKA_06292018:CP028796.1_112 (length 423)
plasmid_files/CP028796.1_results/PROKKA_06292018:CP028796.1_113 (length 143)
plasmid_files/CP028796.1_results/PROKKA_06292018:CP028796.1_114 (length 494)
plasmid_files/CP028796.1_results/PROKKA_06292018:CP028796.1_115 (length 323)
plasmid_files/CP028796.1_results/PROKKA_06292018:CP028796.1_116 (length 223)
plasmid_files/CP028796.1_results/PROKKA_06292018:CP028796.1_117 (length 76)
plasmid_files/CP028796.1_results/PROKKA_06292018:CP028796.1_118 (length 233)
plasmid_files/CP028796.1_results/PROKKA_06292018:CP028796.1_119 (length 73)
plasmid_files/CP028796.1_results/PROKKA_06292018:CP028796.1_120 (length 139)
plasmid_files/CP028796.1_results/PROKKA_06292018:CP028796.1_121 (length 255)
plasmid_files/CP028796.1_results/PROKKA_06292018:CP028796.1_122 (length 142)
plasmid_files/CP028796.1_results/PROKKA_06292018:CP028796.1_123 (length 168)
plasmid_files/CP028796.1_results/PROKKA_06292018:CP028796.1_124 (length 63)
plasmid_files/CP028796.1_results/PROKKA_06292018:CP028796.1_125 (length 84)
plasmid_files/CP028796.1_results/PROKKA_06292018:CP028796.1_126 (length 106)
plasmid_files/CP028796.1_results/PROKKA_06292018:CP028796.1_127 (length 75)
plasmid_files/CP028796.1_results/PROKKA_06292018:CP028796.1_128 (length 76)
plasmid_files/CP028796.1_results/PROKKA_06292018:CP028796.1_129 (length 451)
plasmid_files/CP028796.1_results/PROKKA_06292018:CP028796.1_130 (length 187)
plasmid_files/CP028796.1_results/PROKKA_06292018:CP028796.1_131 (length 109)
plasmid_files/CP028796.1_results/PROKKA_06292018:CP028796.1_132 (length 180)
plasmid_files/CP028796.1_results/PROKKA_06292018:CP028796.1_133 (length 82)
plasmid_files/CP028796.1_results/PROKKA_06292018:CP028796.1_134 (length 685)
plasmid_files/CP028796.1_results/PROKKA_06292018:CP028796.1_135 (length 143)
plasmid_files/CP028796.1_results/PROKKA_06292018:CP028796.1_136 (length 242)
plasmid_files/CP028796.1_results/PROKKA_06292018:CP028796.1_137 (length 108)
plasmid_files/CP028796.1_results/PROKKA_06292018:CP028796.1_138 (length 124)
plasmid_files/CP028796.1_results/PROKKA_06292018:CP028796.1_139 (length 52)
plasmid_files/CP028796.1_results/PROKKA_06292018:CP028796.1_140 (length 90)
plasmid_files/CP028796.1_results/PROKKA_06292018:CP028796.1_141 (length 116)
plasmid_files/CP028796.1_results/PROKKA_06292018:CP028796.1_142 (length 105)
plasmid_files/CP028796.1_results/PROKKA_06292018:CP028796.1_143 (length 118)
plasmid_files/CP028796.1_results/PROKKA_06292018:CP028796.1_144 (length 70)
plasmid_files/CP028796.1_results/PROKKA_06292018:CP028796.1_145 (length 74)
plasmid_files/CP028796.1_results/PROKKA_06292018:CP028796.1_146 (length 77)
plasmid_files/CP028796.1_results/PROKKA_06292018:CP028796.1_147 (length 92)
plasmid_files/CP028796.1_results/PROKKA_06292018:CP028796.1_148 (length 104)
plasmid_files/CP028796.1_results/PROKKA_06292018:CP028796.1_149 (length 234)
plasmid_files/CP028796.1_results/PROKKA_06292018:CP028796.1_150 (length 248)
plasmid_files/CP028796.1_results/PROKKA_06292018:CP028796.1_151 (length 186)
plasmid_files/CP028796.1_results/PROKKA_06292018:CP028796.1_152 (length 66)
plasmid_files/CP028796.1_results/PROKKA_06292018:CP028796.1_153 (length 199)
plasmid_files/CP028796.1_results/PROKKA_06292018:CP028796.1_154 (length 110)
plasmid_files/CP028796.1_results/PROKKA_06292018:CP028796.1_155 (length 49)
plasmid_files/CP028796.1_results/PROKKA_06292018:CP028796.1_156 (length 82)

DiscRep_ALL:DISC_SOURCE_QUALS_ASNDISC::strain (all present, all unique)
DiscRep_SUB:DISC_SOURCE_QUALS_ASNDISC::1 sources have unique values for strain
DiscRep_ALL:DISC_SOURCE_QUALS_ASNDISC::taxname (all present, all unique)
DiscRep_SUB:DISC_SOURCE_QUALS_ASNDISC::1 sources have unique values for taxname
DiscRep_ALL:DISC_FEATURE_COUNT::CDS: 156 present
DiscRep_ALL:DISC_COUNT_NUCLEOTIDES::1 nucleotide Bioseqs are present
plasmid_files/CP028796.1_results/PROKKA_06292018:CP028796.1 (length 112467)

DiscRep_ALL:FEATURE_LOCATION_CONFLICT::156 features have inconsistent gene locations.
DiscRep_SUB:FEATURE_LOCATION_CONFLICT::Coding region xref gene does not exist
plasmid_files/CP028796.1_results/PROKKA_06292018:CDS	hypothetical protein	CP028796.1:1-858	DJBLEPFP_00001

DiscRep_SUB:FEATURE_LOCATION_CONFLICT::Coding region xref gene does not exist
plasmid_files/CP028796.1_results/PROKKA_06292018:CDS	hypothetical protein	CP028796.1:1881-2450	DJBLEPFP_00002

DiscRep_SUB:FEATURE_LOCATION_CONFLICT::Coding region xref gene does not exist
plasmid_files/CP028796.1_results/PROKKA_06292018:CDS	Antitoxin PemI	CP028796.1:2543-2800	DJBLEPFP_00003

DiscRep_SUB:FEATURE_LOCATION_CONFLICT::Coding region xref gene does not exist
plasmid_files/CP028796.1_results/PROKKA_06292018:CDS	Endoribonuclease PemK	CP028796.1:2802-3134	DJBLEPFP_00004

DiscRep_SUB:FEATURE_LOCATION_CONFLICT::Coding region xref gene does not exist
plasmid_files/CP028796.1_results/PROKKA_06292018:CDS	hypothetical protein	CP028796.1:3577-3837	DJBLEPFP_00005

DiscRep_SUB:FEATURE_LOCATION_CONFLICT::Coding region xref gene does not exist
plasmid_files/CP028796.1_results/PROKKA_06292018:CDS	hypothetical protein	CP028796.1:c4367-3834	DJBLEPFP_00006

DiscRep_SUB:FEATURE_LOCATION_CONFLICT::Coding region xref gene does not exist
plasmid_files/CP028796.1_results/PROKKA_06292018:CDS	hypothetical protein	CP028796.1:c5149-4445	DJBLEPFP_00007

DiscRep_SUB:FEATURE_LOCATION_CONFLICT::Coding region xref gene does not exist
plasmid_files/CP028796.1_results/PROKKA_06292018:CDS	Beta-lactamase Toho-1	CP028796.1:5660-6535	DJBLEPFP_00008

DiscRep_SUB:FEATURE_LOCATION_CONFLICT::Coding region xref gene does not exist
plasmid_files/CP028796.1_results/PROKKA_06292018:CDS	hypothetical protein	CP028796.1:6570-7538	DJBLEPFP_00009

DiscRep_SUB:FEATURE_LOCATION_CONFLICT::Coding region xref gene does not exist
plasmid_files/CP028796.1_results/PROKKA_06292018:CDS	Catecholate siderophore receptor Fiu	CP028796.1:7667-8692	DJBLEPFP_00010

DiscRep_SUB:FEATURE_LOCATION_CONFLICT::Coding region xref gene does not exist
plasmid_files/CP028796.1_results/PROKKA_06292018:CDS	hypothetical protein	CP028796.1:c9993-9289	DJBLEPFP_00011

DiscRep_SUB:FEATURE_LOCATION_CONFLICT::Coding region xref gene does not exist
plasmid_files/CP028796.1_results/PROKKA_06292018:CDS	hypothetical protein	CP028796.1:c11024-10449	DJBLEPFP_00012

DiscRep_SUB:FEATURE_LOCATION_CONFLICT::Coding region xref gene does not exist
plasmid_files/CP028796.1_results/PROKKA_06292018:CDS	hypothetical protein	CP028796.1:11104-11808	DJBLEPFP_00013

DiscRep_SUB:FEATURE_LOCATION_CONFLICT::Coding region xref gene does not exist
plasmid_files/CP028796.1_results/PROKKA_06292018:CDS	hypothetical protein	CP028796.1:c12476-11754	DJBLEPFP_00014

DiscRep_SUB:FEATURE_LOCATION_CONFLICT::Coding region xref gene does not exist
plasmid_files/CP028796.1_results/PROKKA_06292018:CDS	hypothetical protein	CP028796.1:c12674-12486	DJBLEPFP_00015

DiscRep_SUB:FEATURE_LOCATION_CONFLICT::Coding region xref gene does not exist
plasmid_files/CP028796.1_results/PROKKA_06292018:CDS	Transposon Tn3 resolvase	CP028796.1:12787-13302	DJBLEPFP_00016

DiscRep_SUB:FEATURE_LOCATION_CONFLICT::Coding region xref gene does not exist
plasmid_files/CP028796.1_results/PROKKA_06292018:CDS	Beta-lactamase TEM	CP028796.1:13485-14345	DJBLEPFP_00017

DiscRep_SUB:FEATURE_LOCATION_CONFLICT::Coding region xref gene does not exist
plasmid_files/CP028796.1_results/PROKKA_06292018:CDS	16S rRNA (guanine(1405)-N(7))-methyltransferase	CP028796.1:14515-15270	DJBLEPFP_00018

DiscRep_SUB:FEATURE_LOCATION_CONFLICT::Coding region xref gene does not exist
plasmid_files/CP028796.1_results/PROKKA_06292018:CDS	hypothetical protein	CP028796.1:c15632-15351	DJBLEPFP_00019

DiscRep_SUB:FEATURE_LOCATION_CONFLICT::Coding region xref gene does not exist
plasmid_files/CP028796.1_results/PROKKA_06292018:CDS	hypothetical protein	CP028796.1:c16424-15720	DJBLEPFP_00020

DiscRep_SUB:FEATURE_LOCATION_CONFLICT::Coding region xref gene does not exist
plasmid_files/CP028796.1_results/PROKKA_06292018:CDS	hypothetical protein	CP028796.1:c18104-17961	DJBLEPFP_00021

DiscRep_SUB:FEATURE_LOCATION_CONFLICT::Coding region xref gene does not exist
plasmid_files/CP028796.1_results/PROKKA_06292018:CDS	hypothetical protein	CP028796.1:c18337-18101	DJBLEPFP_00022

DiscRep_SUB:FEATURE_LOCATION_CONFLICT::Coding region xref gene does not exist
plasmid_files/CP028796.1_results/PROKKA_06292018:CDS	hypothetical protein	CP028796.1:18366-18647	DJBLEPFP_00023

DiscRep_SUB:FEATURE_LOCATION_CONFLICT::Coding region xref gene does not exist
plasmid_files/CP028796.1_results/PROKKA_06292018:CDS	Protein StbB	CP028796.1:c19123-18770	DJBLEPFP_00024

DiscRep_SUB:FEATURE_LOCATION_CONFLICT::Coding region xref gene does not exist
plasmid_files/CP028796.1_results/PROKKA_06292018:CDS	Plasmid segregation protein ParM	CP028796.1:c20085-19123	DJBLEPFP_00025

DiscRep_SUB:FEATURE_LOCATION_CONFLICT::Coding region xref gene does not exist
plasmid_files/CP028796.1_results/PROKKA_06292018:CDS	hypothetical protein	CP028796.1:20100-20525	DJBLEPFP_00026

DiscRep_SUB:FEATURE_LOCATION_CONFLICT::Coding region xref gene does not exist
plasmid_files/CP028796.1_results/PROKKA_06292018:CDS	DNA adenine methyltransferase YhdJ	CP028796.1:20602-21285	DJBLEPFP_00027

DiscRep_SUB:FEATURE_LOCATION_CONFLICT::Coding region xref gene does not exist
plasmid_files/CP028796.1_results/PROKKA_06292018:CDS	hypothetical protein	CP028796.1:21286-21507	DJBLEPFP_00028

DiscRep_SUB:FEATURE_LOCATION_CONFLICT::Coding region xref gene does not exist
plasmid_files/CP028796.1_results/PROKKA_06292018:CDS	hypothetical protein	CP028796.1:21521-21955	DJBLEPFP_00029

DiscRep_SUB:FEATURE_LOCATION_CONFLICT::Coding region xref gene does not exist
plasmid_files/CP028796.1_results/PROKKA_06292018:CDS	hypothetical protein	CP028796.1:22006-22782	DJBLEPFP_00030

DiscRep_SUB:FEATURE_LOCATION_CONFLICT::Coding region xref gene does not exist
plasmid_files/CP028796.1_results/PROKKA_06292018:CDS	Antirestriction protein KlcA	CP028796.1:23200-23625	DJBLEPFP_00031

DiscRep_SUB:FEATURE_LOCATION_CONFLICT::Coding region xref gene does not exist
plasmid_files/CP028796.1_results/PROKKA_06292018:CDS	hypothetical protein	CP028796.1:23672-24094	DJBLEPFP_00032

DiscRep_SUB:FEATURE_LOCATION_CONFLICT::Coding region xref gene does not exist
plasmid_files/CP028796.1_results/PROKKA_06292018:CDS	hypothetical protein	CP028796.1:24091-24282	DJBLEPFP_00033

DiscRep_SUB:FEATURE_LOCATION_CONFLICT::Coding region xref gene does not exist
plasmid_files/CP028796.1_results/PROKKA_06292018:CDS	Group II intron-encoded protein LtrA	CP028796.1:c26263-24596	DJBLEPFP_00034

DiscRep_SUB:FEATURE_LOCATION_CONFLICT::Coding region xref gene does not exist
plasmid_files/CP028796.1_results/PROKKA_06292018:CDS	hypothetical protein	CP028796.1:c27400-27143	DJBLEPFP_00035

DiscRep_SUB:FEATURE_LOCATION_CONFLICT::Coding region xref gene does not exist
plasmid_files/CP028796.1_results/PROKKA_06292018:CDS	hypothetical protein	CP028796.1:27663-27893	DJBLEPFP_00036

DiscRep_SUB:FEATURE_LOCATION_CONFLICT::Coding region xref gene does not exist
plasmid_files/CP028796.1_results/PROKKA_06292018:CDS	hypothetical protein	CP028796.1:27945-29306	DJBLEPFP_00037

DiscRep_SUB:FEATURE_LOCATION_CONFLICT::Coding region xref gene does not exist
plasmid_files/CP028796.1_results/PROKKA_06292018:CDS	Ribosomal RNA small subunit methyltransferase A	CP028796.1:29353-29916	DJBLEPFP_00038

DiscRep_SUB:FEATURE_LOCATION_CONFLICT::Coding region xref gene does not exist
plasmid_files/CP028796.1_results/PROKKA_06292018:CDS	hypothetical protein	CP028796.1:c30463-30002	DJBLEPFP_00039

DiscRep_SUB:FEATURE_LOCATION_CONFLICT::Coding region xref gene does not exist
plasmid_files/CP028796.1_results/PROKKA_06292018:CDS	hypothetical protein	CP028796.1:c30700-30464	DJBLEPFP_00040

DiscRep_SUB:FEATURE_LOCATION_CONFLICT::Coding region xref gene does not exist
plasmid_files/CP028796.1_results/PROKKA_06292018:CDS	Plasmid-derived single-stranded DNA-binding protein	CP028796.1:30765-31292	DJBLEPFP_00041

DiscRep_SUB:FEATURE_LOCATION_CONFLICT::Coding region xref gene does not exist
plasmid_files/CP028796.1_results/PROKKA_06292018:CDS	hypothetical protein	CP028796.1:31350-31583	DJBLEPFP_00042

DiscRep_SUB:FEATURE_LOCATION_CONFLICT::Coding region xref gene does not exist
plasmid_files/CP028796.1_results/PROKKA_06292018:CDS	Chromosome-partitioning protein Spo0J	CP028796.1:31644-33065	DJBLEPFP_00043

DiscRep_SUB:FEATURE_LOCATION_CONFLICT::Coding region xref gene does not exist
plasmid_files/CP028796.1_results/PROKKA_06292018:CDS	hypothetical protein	CP028796.1:33206-33667	DJBLEPFP_00044

DiscRep_SUB:FEATURE_LOCATION_CONFLICT::Coding region xref gene does not exist
plasmid_files/CP028796.1_results/PROKKA_06292018:CDS	Protein PsiB	CP028796.1:33736-34170	DJBLEPFP_00045

DiscRep_SUB:FEATURE_LOCATION_CONFLICT::Coding region xref gene does not exist
plasmid_files/CP028796.1_results/PROKKA_06292018:CDS	hypothetical protein	CP028796.1:34167-34886	DJBLEPFP_00046

DiscRep_SUB:FEATURE_LOCATION_CONFLICT::Coding region xref gene does not exist
plasmid_files/CP028796.1_results/PROKKA_06292018:CDS	hypothetical protein	CP028796.1:c35122-34907	DJBLEPFP_00047

DiscRep_SUB:FEATURE_LOCATION_CONFLICT::Coding region xref gene does not exist
plasmid_files/CP028796.1_results/PROKKA_06292018:CDS	Stable plasmid inheritance protein	CP028796.1:35166-35324	DJBLEPFP_00048

DiscRep_SUB:FEATURE_LOCATION_CONFLICT::Coding region xref gene does not exist
plasmid_files/CP028796.1_results/PROKKA_06292018:CDS	hypothetical protein	CP028796.1:c35939-35562	DJBLEPFP_00049

DiscRep_SUB:FEATURE_LOCATION_CONFLICT::Coding region xref gene does not exist
plasmid_files/CP028796.1_results/PROKKA_06292018:CDS	hypothetical protein	CP028796.1:c36176-35940	DJBLEPFP_00050

DiscRep_SUB:FEATURE_LOCATION_CONFLICT::Coding region xref gene does not exist
plasmid_files/CP028796.1_results/PROKKA_06292018:CDS	hypothetical protein	CP028796.1:36239-36535	DJBLEPFP_00051

DiscRep_SUB:FEATURE_LOCATION_CONFLICT::Coding region xref gene does not exist
plasmid_files/CP028796.1_results/PROKKA_06292018:CDS	hypothetical protein	CP028796.1:36646-37467	DJBLEPFP_00052

DiscRep_SUB:FEATURE_LOCATION_CONFLICT::Coding region xref gene does not exist
plasmid_files/CP028796.1_results/PROKKA_06292018:CDS	hypothetical protein	CP028796.1:c38411-37764	DJBLEPFP_00053

DiscRep_SUB:FEATURE_LOCATION_CONFLICT::Coding region xref gene does not exist
plasmid_files/CP028796.1_results/PROKKA_06292018:CDS	Relaxosome protein TraM	CP028796.1:38808-39071	DJBLEPFP_00054

DiscRep_SUB:FEATURE_LOCATION_CONFLICT::Coding region xref gene does not exist
plasmid_files/CP028796.1_results/PROKKA_06292018:CDS	Protein TraJ	CP028796.1:39262-39948	DJBLEPFP_00055

DiscRep_SUB:FEATURE_LOCATION_CONFLICT::Coding region xref gene does not exist
plasmid_files/CP028796.1_results/PROKKA_06292018:CDS	Relaxosome protein TraY	CP028796.1:40042-40269	DJBLEPFP_00056

DiscRep_SUB:FEATURE_LOCATION_CONFLICT::Coding region xref gene does not exist
plasmid_files/CP028796.1_results/PROKKA_06292018:CDS	Pilin	CP028796.1:40303-40668	DJBLEPFP_00057

DiscRep_SUB:FEATURE_LOCATION_CONFLICT::Coding region xref gene does not exist
plasmid_files/CP028796.1_results/PROKKA_06292018:CDS	hypothetical protein	CP028796.1:40683-40994	DJBLEPFP_00058

DiscRep_SUB:FEATURE_LOCATION_CONFLICT::Coding region xref gene does not exist
plasmid_files/CP028796.1_results/PROKKA_06292018:CDS	hypothetical protein	CP028796.1:41016-41582	DJBLEPFP_00059

DiscRep_SUB:FEATURE_LOCATION_CONFLICT::Coding region xref gene does not exist
plasmid_files/CP028796.1_results/PROKKA_06292018:CDS	hypothetical protein	CP028796.1:41569-42297	DJBLEPFP_00060

DiscRep_SUB:FEATURE_LOCATION_CONFLICT::Coding region xref gene does not exist
plasmid_files/CP028796.1_results/PROKKA_06292018:CDS	hypothetical protein	CP028796.1:42297-42554	DJBLEPFP_00061

DiscRep_SUB:FEATURE_LOCATION_CONFLICT::Coding region xref gene does not exist
plasmid_files/CP028796.1_results/PROKKA_06292018:CDS	hypothetical protein	CP028796.1:42566-43270	DJBLEPFP_00062

DiscRep_SUB:FEATURE_LOCATION_CONFLICT::Coding region xref gene does not exist
plasmid_files/CP028796.1_results/PROKKA_06292018:CDS	3-oxo-tetronate 4-phosphate decarboxylase	CP028796.1:c43647-43216	DJBLEPFP_00063

DiscRep_SUB:FEATURE_LOCATION_CONFLICT::Coding region xref gene does not exist
plasmid_files/CP028796.1_results/PROKKA_06292018:CDS	3-oxo-tetronate kinase	CP028796.1:c44263-43640	DJBLEPFP_00064

DiscRep_SUB:FEATURE_LOCATION_CONFLICT::Coding region xref gene does not exist
plasmid_files/CP028796.1_results/PROKKA_06292018:CDS	3-oxo-tetronate kinase	CP028796.1:c44892-44260	DJBLEPFP_00065

DiscRep_SUB:FEATURE_LOCATION_CONFLICT::Coding region xref gene does not exist
plasmid_files/CP028796.1_results/PROKKA_06292018:CDS	L-threonate dehydrogenase	CP028796.1:c45806-44904	DJBLEPFP_00066

DiscRep_SUB:FEATURE_LOCATION_CONFLICT::Coding region xref gene does not exist
plasmid_files/CP028796.1_results/PROKKA_06292018:CDS	Glycerol-3-phosphate regulon repressor	CP028796.1:46067-46828	DJBLEPFP_00067

DiscRep_SUB:FEATURE_LOCATION_CONFLICT::Coding region xref gene does not exist
plasmid_files/CP028796.1_results/PROKKA_06292018:CDS	Beta-lactamase SHV-2	CP028796.1:c47709-46849	DJBLEPFP_00068

DiscRep_SUB:FEATURE_LOCATION_CONFLICT::Coding region xref gene does not exist
plasmid_files/CP028796.1_results/PROKKA_06292018:CDS	hypothetical protein	CP028796.1:c49863-47950	DJBLEPFP_00069

DiscRep_SUB:FEATURE_LOCATION_CONFLICT::Coding region xref gene does not exist
plasmid_files/CP028796.1_results/PROKKA_06292018:CDS	hypothetical protein	CP028796.1:49914-50618	DJBLEPFP_00070

DiscRep_SUB:FEATURE_LOCATION_CONFLICT::Coding region xref gene does not exist
plasmid_files/CP028796.1_results/PROKKA_06292018:CDS	Transposon Tn3 resolvase	CP028796.1:50730-51131	DJBLEPFP_00071

DiscRep_SUB:FEATURE_LOCATION_CONFLICT::Coding region xref gene does not exist
plasmid_files/CP028796.1_results/PROKKA_06292018:CDS	hypothetical protein	CP028796.1:51254-52234	DJBLEPFP_00072

DiscRep_SUB:FEATURE_LOCATION_CONFLICT::Coding region xref gene does not exist
plasmid_files/CP028796.1_results/PROKKA_06292018:CDS	Carbapenem-hydrolyzing beta-lactamase KPC	CP028796.1:52510-53391	DJBLEPFP_00073

DiscRep_SUB:FEATURE_LOCATION_CONFLICT::Coding region xref gene does not exist
plasmid_files/CP028796.1_results/PROKKA_06292018:CDS	hypothetical protein	CP028796.1:c54621-53641	DJBLEPFP_00074

DiscRep_SUB:FEATURE_LOCATION_CONFLICT::Coding region xref gene does not exist
plasmid_files/CP028796.1_results/PROKKA_06292018:CDS	hypothetical protein	CP028796.1:c54922-54626	DJBLEPFP_00075

DiscRep_SUB:FEATURE_LOCATION_CONFLICT::Coding region xref gene does not exist
plasmid_files/CP028796.1_results/PROKKA_06292018:CDS	hypothetical protein	CP028796.1:c55123-54968	DJBLEPFP_00076

DiscRep_SUB:FEATURE_LOCATION_CONFLICT::Coding region xref gene does not exist
plasmid_files/CP028796.1_results/PROKKA_06292018:CDS	Antirestriction protein KlcA	CP028796.1:c55676-55251	DJBLEPFP_00077

DiscRep_SUB:FEATURE_LOCATION_CONFLICT::Coding region xref gene does not exist
plasmid_files/CP028796.1_results/PROKKA_06292018:CDS	hypothetical protein	CP028796.1:c56065-55787	DJBLEPFP_00078

DiscRep_SUB:FEATURE_LOCATION_CONFLICT::Coding region xref gene does not exist
plasmid_files/CP028796.1_results/PROKKA_06292018:CDS	hypothetical protein	CP028796.1:c57159-56599	DJBLEPFP_00079

DiscRep_SUB:FEATURE_LOCATION_CONFLICT::Coding region xref gene does not exist
plasmid_files/CP028796.1_results/PROKKA_06292018:CDS	DNA-invertase hin	CP028796.1:57608-58168	DJBLEPFP_00080

DiscRep_SUB:FEATURE_LOCATION_CONFLICT::Coding region xref gene does not exist
plasmid_files/CP028796.1_results/PROKKA_06292018:CDS	hypothetical protein	CP028796.1:58172-59407	DJBLEPFP_00081

DiscRep_SUB:FEATURE_LOCATION_CONFLICT::Coding region xref gene does not exist
plasmid_files/CP028796.1_results/PROKKA_06292018:CDS	hypothetical protein	CP028796.1:c60002-59298	DJBLEPFP_00082

DiscRep_SUB:FEATURE_LOCATION_CONFLICT::Coding region xref gene does not exist
plasmid_files/CP028796.1_results/PROKKA_06292018:CDS	Transposon Tn7 transposition protein TnsB	CP028796.1:c61239-60049	DJBLEPFP_00083

DiscRep_SUB:FEATURE_LOCATION_CONFLICT::Coding region xref gene does not exist
plasmid_files/CP028796.1_results/PROKKA_06292018:CDS	putative signaling protein	CP028796.1:c62021-61314	DJBLEPFP_00084

DiscRep_SUB:FEATURE_LOCATION_CONFLICT::Coding region xref gene does not exist
plasmid_files/CP028796.1_results/PROKKA_06292018:CDS	hypothetical protein	CP028796.1:c62254-62018	DJBLEPFP_00085

DiscRep_SUB:FEATURE_LOCATION_CONFLICT::Coding region xref gene does not exist
plasmid_files/CP028796.1_results/PROKKA_06292018:CDS	HTH-type transcriptional activator mta	CP028796.1:c62613-62251	DJBLEPFP_00086

DiscRep_SUB:FEATURE_LOCATION_CONFLICT::Coding region xref gene does not exist
plasmid_files/CP028796.1_results/PROKKA_06292018:CDS	Mercuric reductase	CP028796.1:c64325-62631	DJBLEPFP_00087

DiscRep_SUB:FEATURE_LOCATION_CONFLICT::Coding region xref gene does not exist
plasmid_files/CP028796.1_results/PROKKA_06292018:CDS	Mercuric transport protein MerC	CP028796.1:c64838-64377	DJBLEPFP_00088

DiscRep_SUB:FEATURE_LOCATION_CONFLICT::Coding region xref gene does not exist
plasmid_files/CP028796.1_results/PROKKA_06292018:CDS	Mercuric transport protein periplasmic component	CP028796.1:c65110-64835	DJBLEPFP_00089

DiscRep_SUB:FEATURE_LOCATION_CONFLICT::Coding region xref gene does not exist
plasmid_files/CP028796.1_results/PROKKA_06292018:CDS	Mercuric transport protein MerT	CP028796.1:c65474-65124	DJBLEPFP_00090

DiscRep_SUB:FEATURE_LOCATION_CONFLICT::Coding region xref gene does not exist
plasmid_files/CP028796.1_results/PROKKA_06292018:CDS	Mercuric resistance operon regulatory protein	CP028796.1:65546-65980	DJBLEPFP_00091

DiscRep_SUB:FEATURE_LOCATION_CONFLICT::Coding region xref gene does not exist
plasmid_files/CP028796.1_results/PROKKA_06292018:CDS	hypothetical protein	CP028796.1:66059-67063	DJBLEPFP_00092

DiscRep_SUB:FEATURE_LOCATION_CONFLICT::Coding region xref gene does not exist
plasmid_files/CP028796.1_results/PROKKA_06292018:CDS	hypothetical protein	CP028796.1:c67642-67262	DJBLEPFP_00093

DiscRep_SUB:FEATURE_LOCATION_CONFLICT::Coding region xref gene does not exist
plasmid_files/CP028796.1_results/PROKKA_06292018:CDS	hypothetical protein	CP028796.1:c68021-67644	DJBLEPFP_00094

DiscRep_SUB:FEATURE_LOCATION_CONFLICT::Coding region xref gene does not exist
plasmid_files/CP028796.1_results/PROKKA_06292018:CDS	hypothetical protein	CP028796.1:c69619-68597	DJBLEPFP_00095

DiscRep_SUB:FEATURE_LOCATION_CONFLICT::Coding region xref gene does not exist
plasmid_files/CP028796.1_results/PROKKA_06292018:CDS	DNA replication and repair protein RecF	CP028796.1:c71166-69604	DJBLEPFP_00096

DiscRep_SUB:FEATURE_LOCATION_CONFLICT::Coding region xref gene does not exist
plasmid_files/CP028796.1_results/PROKKA_06292018:CDS	tRNA(fMet)-specific endonuclease VapC	CP028796.1:c71656-71240	DJBLEPFP_00097

DiscRep_SUB:FEATURE_LOCATION_CONFLICT::Coding region xref gene does not exist
plasmid_files/CP028796.1_results/PROKKA_06292018:CDS	Antitoxin VapB	CP028796.1:c71883-71653	DJBLEPFP_00098

DiscRep_SUB:FEATURE_LOCATION_CONFLICT::Coding region xref gene does not exist
plasmid_files/CP028796.1_results/PROKKA_06292018:CDS	hypothetical protein	CP028796.1:c72328-72053	DJBLEPFP_00099

DiscRep_SUB:FEATURE_LOCATION_CONFLICT::Coding region xref gene does not exist
plasmid_files/CP028796.1_results/PROKKA_06292018:CDS	hypothetical protein	CP028796.1:72462-73406	DJBLEPFP_00100

DiscRep_SUB:FEATURE_LOCATION_CONFLICT::Coding region xref gene does not exist
plasmid_files/CP028796.1_results/PROKKA_06292018:CDS	hypothetical protein	CP028796.1:73443-73835	DJBLEPFP_00101

DiscRep_SUB:FEATURE_LOCATION_CONFLICT::Coding region xref gene does not exist
plasmid_files/CP028796.1_results/PROKKA_06292018:CDS	hypothetical protein	CP028796.1:73893-74414	DJBLEPFP_00102

DiscRep_SUB:FEATURE_LOCATION_CONFLICT::Coding region xref gene does not exist
plasmid_files/CP028796.1_results/PROKKA_06292018:CDS	hypothetical protein	CP028796.1:74460-74663	DJBLEPFP_00103

DiscRep_SUB:FEATURE_LOCATION_CONFLICT::Coding region xref gene does not exist
plasmid_files/CP028796.1_results/PROKKA_06292018:CDS	hypothetical protein	CP028796.1:74693-75697	DJBLEPFP_00104

DiscRep_SUB:FEATURE_LOCATION_CONFLICT::Coding region xref gene does not exist
plasmid_files/CP028796.1_results/PROKKA_06292018:CDS	Tyrosine recombinase XerD	CP028796.1:75881-76660	DJBLEPFP_00105

DiscRep_SUB:FEATURE_LOCATION_CONFLICT::Coding region xref gene does not exist
plasmid_files/CP028796.1_results/PROKKA_06292018:CDS	hypothetical protein	CP028796.1:c76963-76706	DJBLEPFP_00106

DiscRep_SUB:FEATURE_LOCATION_CONFLICT::Coding region xref gene does not exist
plasmid_files/CP028796.1_results/PROKKA_06292018:CDS	hypothetical protein	CP028796.1:c77523-77248	DJBLEPFP_00107

DiscRep_SUB:FEATURE_LOCATION_CONFLICT::Coding region xref gene does not exist
plasmid_files/CP028796.1_results/PROKKA_06292018:CDS	Replication initiation protein	CP028796.1:77885-78607	DJBLEPFP_00108

DiscRep_SUB:FEATURE_LOCATION_CONFLICT::Coding region xref gene does not exist
plasmid_files/CP028796.1_results/PROKKA_06292018:CDS	hypothetical protein	CP028796.1:c79303-78692	DJBLEPFP_00109

DiscRep_SUB:FEATURE_LOCATION_CONFLICT::Coding region xref gene does not exist
plasmid_files/CP028796.1_results/PROKKA_06292018:CDS	Plasmid partition protein A	CP028796.1:79717-80922	DJBLEPFP_00110

DiscRep_SUB:FEATURE_LOCATION_CONFLICT::Coding region xref gene does not exist
plasmid_files/CP028796.1_results/PROKKA_06292018:CDS	Virulence regulon transcriptional activator VirB	CP028796.1:80922-81896	DJBLEPFP_00111

DiscRep_SUB:FEATURE_LOCATION_CONFLICT::Coding region xref gene does not exist
plasmid_files/CP028796.1_results/PROKKA_06292018:CDS	Protein UmuC	CP028796.1:c83249-81978	DJBLEPFP_00112

DiscRep_SUB:FEATURE_LOCATION_CONFLICT::Coding region xref gene does not exist
plasmid_files/CP028796.1_results/PROKKA_06292018:CDS	Protein UmuD	CP028796.1:c83680-83249	DJBLEPFP_00113

DiscRep_SUB:FEATURE_LOCATION_CONFLICT::Coding region xref gene does not exist
plasmid_files/CP028796.1_results/PROKKA_06292018:CDS	Group II intron-encoded protein LtrA	CP028796.1:84090-85574	DJBLEPFP_00114

DiscRep_SUB:FEATURE_LOCATION_CONFLICT::Coding region xref gene does not exist
plasmid_files/CP028796.1_results/PROKKA_06292018:CDS	Plasmid segregation protein ParM	CP028796.1:85823-86794	DJBLEPFP_00115

DiscRep_SUB:FEATURE_LOCATION_CONFLICT::Coding region xref gene does not exist
plasmid_files/CP028796.1_results/PROKKA_06292018:CDS	hypothetical protein	CP028796.1:86797-87468	DJBLEPFP_00116

DiscRep_SUB:FEATURE_LOCATION_CONFLICT::Coding region xref gene does not exist
plasmid_files/CP028796.1_results/PROKKA_06292018:CDS	hypothetical protein	CP028796.1:87531-87761	DJBLEPFP_00117

DiscRep_SUB:FEATURE_LOCATION_CONFLICT::Coding region xref gene does not exist
plasmid_files/CP028796.1_results/PROKKA_06292018:CDS	DNA adenine methyltransferase YhdJ	CP028796.1:88198-88899	DJBLEPFP_00118

DiscRep_SUB:FEATURE_LOCATION_CONFLICT::Coding region xref gene does not exist
plasmid_files/CP028796.1_results/PROKKA_06292018:CDS	hypothetical protein	CP028796.1:88899-89120	DJBLEPFP_00119

DiscRep_SUB:FEATURE_LOCATION_CONFLICT::Coding region xref gene does not exist
plasmid_files/CP028796.1_results/PROKKA_06292018:CDS	hypothetical protein	CP028796.1:89130-89549	DJBLEPFP_00120

DiscRep_SUB:FEATURE_LOCATION_CONFLICT::Coding region xref gene does not exist
plasmid_files/CP028796.1_results/PROKKA_06292018:CDS	hypothetical protein	CP028796.1:89603-90370	DJBLEPFP_00121

DiscRep_SUB:FEATURE_LOCATION_CONFLICT::Coding region xref gene does not exist
plasmid_files/CP028796.1_results/PROKKA_06292018:CDS	Antirestriction protein KlcA	CP028796.1:91051-91479	DJBLEPFP_00122

DiscRep_SUB:FEATURE_LOCATION_CONFLICT::Coding region xref gene does not exist
plasmid_files/CP028796.1_results/PROKKA_06292018:CDS	hypothetical protein	CP028796.1:91522-92028	DJBLEPFP_00123

DiscRep_SUB:FEATURE_LOCATION_CONFLICT::Coding region xref gene does not exist
plasmid_files/CP028796.1_results/PROKKA_06292018:CDS	hypothetical protein	CP028796.1:92071-92262	DJBLEPFP_00124

DiscRep_SUB:FEATURE_LOCATION_CONFLICT::Coding region xref gene does not exist
plasmid_files/CP028796.1_results/PROKKA_06292018:CDS	DNA polymerase III subunit theta	CP028796.1:92450-92704	DJBLEPFP_00125

DiscRep_SUB:FEATURE_LOCATION_CONFLICT::Coding region xref gene does not exist
plasmid_files/CP028796.1_results/PROKKA_06292018:CDS	hypothetical protein	CP028796.1:92739-93059	DJBLEPFP_00126

DiscRep_SUB:FEATURE_LOCATION_CONFLICT::Coding region xref gene does not exist
plasmid_files/CP028796.1_results/PROKKA_06292018:CDS	hypothetical protein	CP028796.1:93739-93966	DJBLEPFP_00127

DiscRep_SUB:FEATURE_LOCATION_CONFLICT::Coding region xref gene does not exist
plasmid_files/CP028796.1_results/PROKKA_06292018:CDS	hypothetical protein	CP028796.1:94058-94288	DJBLEPFP_00128

DiscRep_SUB:FEATURE_LOCATION_CONFLICT::Coding region xref gene does not exist
plasmid_files/CP028796.1_results/PROKKA_06292018:CDS	hypothetical protein	CP028796.1:94340-95695	DJBLEPFP_00129

DiscRep_SUB:FEATURE_LOCATION_CONFLICT::Coding region xref gene does not exist
plasmid_files/CP028796.1_results/PROKKA_06292018:CDS	hypothetical protein	CP028796.1:95743-96306	DJBLEPFP_00130

DiscRep_SUB:FEATURE_LOCATION_CONFLICT::Coding region xref gene does not exist
plasmid_files/CP028796.1_results/PROKKA_06292018:CDS	hypothetical protein	CP028796.1:c96530-96201	DJBLEPFP_00131

DiscRep_SUB:FEATURE_LOCATION_CONFLICT::Coding region xref gene does not exist
plasmid_files/CP028796.1_results/PROKKA_06292018:CDS	Plasmid-derived single-stranded DNA-binding protein	CP028796.1:97139-97681	DJBLEPFP_00132

DiscRep_SUB:FEATURE_LOCATION_CONFLICT::Coding region xref gene does not exist
plasmid_files/CP028796.1_results/PROKKA_06292018:CDS	hypothetical protein	CP028796.1:97730-97978	DJBLEPFP_00133

DiscRep_SUB:FEATURE_LOCATION_CONFLICT::Coding region xref gene does not exist
plasmid_files/CP028796.1_results/PROKKA_06292018:CDS	Chromosome-partitioning protein Spo0J	CP028796.1:98048-100105	DJBLEPFP_00134

DiscRep_SUB:FEATURE_LOCATION_CONFLICT::Coding region xref gene does not exist
plasmid_files/CP028796.1_results/PROKKA_06292018:CDS	Protein PsiB	CP028796.1:100150-100581	DJBLEPFP_00135

DiscRep_SUB:FEATURE_LOCATION_CONFLICT::Coding region xref gene does not exist
plasmid_files/CP028796.1_results/PROKKA_06292018:CDS	hypothetical protein	CP028796.1:100578-101306	DJBLEPFP_00136

DiscRep_SUB:FEATURE_LOCATION_CONFLICT::Coding region xref gene does not exist
plasmid_files/CP028796.1_results/PROKKA_06292018:CDS	hypothetical protein	CP028796.1:101303-101629	DJBLEPFP_00137

DiscRep_SUB:FEATURE_LOCATION_CONFLICT::Coding region xref gene does not exist
plasmid_files/CP028796.1_results/PROKKA_06292018:CDS	hypothetical protein	CP028796.1:101685-102059	DJBLEPFP_00138

DiscRep_SUB:FEATURE_LOCATION_CONFLICT::Coding region xref gene does not exist
plasmid_files/CP028796.1_results/PROKKA_06292018:CDS	Stable plasmid inheritance protein	CP028796.1:102287-102445	DJBLEPFP_00139

DiscRep_SUB:FEATURE_LOCATION_CONFLICT::Coding region xref gene does not exist
plasmid_files/CP028796.1_results/PROKKA_06292018:CDS	hypothetical protein	CP028796.1:103138-103410	DJBLEPFP_00140

DiscRep_SUB:FEATURE_LOCATION_CONFLICT::Coding region xref gene does not exist
plasmid_files/CP028796.1_results/PROKKA_06292018:CDS	hypothetical protein	CP028796.1:103407-103757	DJBLEPFP_00141

DiscRep_SUB:FEATURE_LOCATION_CONFLICT::Coding region xref gene does not exist
plasmid_files/CP028796.1_results/PROKKA_06292018:CDS	hypothetical protein	CP028796.1:103772-104089	DJBLEPFP_00142

DiscRep_SUB:FEATURE_LOCATION_CONFLICT::Coding region xref gene does not exist
plasmid_files/CP028796.1_results/PROKKA_06292018:CDS	hypothetical protein	CP028796.1:104930-105286	DJBLEPFP_00143

DiscRep_SUB:FEATURE_LOCATION_CONFLICT::Coding region xref gene does not exist
plasmid_files/CP028796.1_results/PROKKA_06292018:CDS	hypothetical protein	CP028796.1:105347-105559	DJBLEPFP_00144

DiscRep_SUB:FEATURE_LOCATION_CONFLICT::Coding region xref gene does not exist
plasmid_files/CP028796.1_results/PROKKA_06292018:CDS	hypothetical protein	CP028796.1:105570-105794	DJBLEPFP_00145

DiscRep_SUB:FEATURE_LOCATION_CONFLICT::Coding region xref gene does not exist
plasmid_files/CP028796.1_results/PROKKA_06292018:CDS	hypothetical protein	CP028796.1:105962-106195	DJBLEPFP_00146

DiscRep_SUB:FEATURE_LOCATION_CONFLICT::Coding region xref gene does not exist
plasmid_files/CP028796.1_results/PROKKA_06292018:CDS	Antitoxin HigA1	CP028796.1:106185-106463	DJBLEPFP_00147

DiscRep_SUB:FEATURE_LOCATION_CONFLICT::Coding region xref gene does not exist
plasmid_files/CP028796.1_results/PROKKA_06292018:CDS	hypothetical protein	CP028796.1:c106800-106486	DJBLEPFP_00148

DiscRep_SUB:FEATURE_LOCATION_CONFLICT::Coding region xref gene does not exist
plasmid_files/CP028796.1_results/PROKKA_06292018:CDS	hypothetical protein	CP028796.1:c107853-107149	DJBLEPFP_00149

DiscRep_SUB:FEATURE_LOCATION_CONFLICT::Coding region xref gene does not exist
plasmid_files/CP028796.1_results/PROKKA_06292018:CDS	hypothetical protein	CP028796.1:108098-108844	DJBLEPFP_00150

DiscRep_SUB:FEATURE_LOCATION_CONFLICT::Coding region xref gene does not exist
plasmid_files/CP028796.1_results/PROKKA_06292018:CDS	Fertility inhibition protein	CP028796.1:108899-109459	DJBLEPFP_00151

DiscRep_SUB:FEATURE_LOCATION_CONFLICT::Coding region xref gene does not exist
plasmid_files/CP028796.1_results/PROKKA_06292018:CDS	hypothetical protein	CP028796.1:109591-109791	DJBLEPFP_00152

DiscRep_SUB:FEATURE_LOCATION_CONFLICT::Coding region xref gene does not exist
plasmid_files/CP028796.1_results/PROKKA_06292018:CDS	hypothetical protein	CP028796.1:110177-110776	DJBLEPFP_00153

DiscRep_SUB:FEATURE_LOCATION_CONFLICT::Coding region xref gene does not exist
plasmid_files/CP028796.1_results/PROKKA_06292018:CDS	hypothetical protein	CP028796.1:110838-111170	DJBLEPFP_00154

DiscRep_SUB:FEATURE_LOCATION_CONFLICT::Coding region xref gene does not exist
plasmid_files/CP028796.1_results/PROKKA_06292018:CDS	Protein PndA	CP028796.1:111475-111624	DJBLEPFP_00155

DiscRep_SUB:FEATURE_LOCATION_CONFLICT::Coding region xref gene does not exist
plasmid_files/CP028796.1_results/PROKKA_06292018:CDS	hypothetical protein	CP028796.1:111908-112156	DJBLEPFP_00156

DiscRep_ALL:OVERLAPPING_CDS::2 coding regions overlap another coding region with a similar or identical name.
DiscRep_SUB:OVERLAPPING_CDS::2 coding regions overlap another coding region with a similar or identical name that do not have the appropriate note text
plasmid_files/CP028796.1_results/PROKKA_06292018:CDS	3-oxo-tetronate kinase	CP028796.1:c44263-43640	DJBLEPFP_00064
plasmid_files/CP028796.1_results/PROKKA_06292018:CDS	3-oxo-tetronate kinase	CP028796.1:c44892-44260	DJBLEPFP_00065

DiscRep_ALL:SUSPECT_PRODUCT_NAMES::1 product_names contain suspect phrase or characters
DiscRep_SUB:SUSPECT_PRODUCT_NAMES::May contain database identifier more appropriate in note; remove from product name
DiscRep_SUB:SUSPECT_PRODUCT_NAMES::1 features Three or more numbers together
plasmid_files/CP028796.1_results/PROKKA_06292018:CDS	16S rRNA (guanine(1405)-N(7))-methyltransferase	CP028796.1:14515-15270	DJBLEPFP_00018

DiscRep_ALL:DISC_QUALITY_SCORES::Quality scores are missing on all sequences.

DiscRep_ALL:ONCALLER_COMMENT_PRESENT::1 comment descriptors were found (all same)
plasmid_files/CP028796.1_results/PROKKA_06292018:CP028796.1:Annotated using prokka 1.14-dev from https://github.com/tseemann/prokka

DiscRep_ALL:SHORT_PROT_SEQUENCES::2 protein sequences are shorter than 50 aa.
plasmid_files/CP028796.1_results/PROKKA_06292018:CP028796.1_21 (length 47)
plasmid_files/CP028796.1_results/PROKKA_06292018:CP028796.1_155 (length 49)

DiscRep_ALL:MISSING_GENOMEASSEMBLY_COMMENTS::1 bioseqs are missing GenomeAssembly structured comments
plasmid_files/CP028796.1_results/PROKKA_06292018:CP028796.1 (length 112467)

DiscRep_ALL:MOLTYPE_NOT_MRNA::1 molecule types are not set as mRNA.
plasmid_files/CP028796.1_results/PROKKA_06292018:CP028796.1 (length 112467)

DiscRep_ALL:TECHNIQUE_NOT_TSA::1 technique are not set as TSA
plasmid_files/CP028796.1_results/PROKKA_06292018:CP028796.1 (length 112467)

DiscRep_ALL:MISSING_STRUCTURED_COMMENT::1 sequences do not include structured comments.
plasmid_files/CP028796.1_results/PROKKA_06292018:CP028796.1 (length 112467)

DiscRep_ALL:MISSING_PROJECT::157 sequences do not include project.
plasmid_files/CP028796.1_results/PROKKA_06292018:CP028796.1 (length 112467)
plasmid_files/CP028796.1_results/PROKKA_06292018:CP028796.1_1 (length 285)
plasmid_files/CP028796.1_results/PROKKA_06292018:CP028796.1_2 (length 189)
plasmid_files/CP028796.1_results/PROKKA_06292018:CP028796.1_3 (length 85)
plasmid_files/CP028796.1_results/PROKKA_06292018:CP028796.1_4 (length 110)
plasmid_files/CP028796.1_results/PROKKA_06292018:CP028796.1_5 (length 86)
plasmid_files/CP028796.1_results/PROKKA_06292018:CP028796.1_6 (length 177)
plasmid_files/CP028796.1_results/PROKKA_06292018:CP028796.1_7 (length 234)
plasmid_files/CP028796.1_results/PROKKA_06292018:CP028796.1_8 (length 291)
plasmid_files/CP028796.1_results/PROKKA_06292018:CP028796.1_9 (length 322)
plasmid_files/CP028796.1_results/PROKKA_06292018:CP028796.1_10 (length 341)
plasmid_files/CP028796.1_results/PROKKA_06292018:CP028796.1_11 (length 234)
plasmid_files/CP028796.1_results/PROKKA_06292018:CP028796.1_12 (length 191)
plasmid_files/CP028796.1_results/PROKKA_06292018:CP028796.1_13 (length 234)
plasmid_files/CP028796.1_results/PROKKA_06292018:CP028796.1_14 (length 240)
plasmid_files/CP028796.1_results/PROKKA_06292018:CP028796.1_15 (length 62)
plasmid_files/CP028796.1_results/PROKKA_06292018:CP028796.1_16 (length 171)
plasmid_files/CP028796.1_results/PROKKA_06292018:CP028796.1_17 (length 286)
plasmid_files/CP028796.1_results/PROKKA_06292018:CP028796.1_18 (length 251)
plasmid_files/CP028796.1_results/PROKKA_06292018:CP028796.1_19 (length 93)
plasmid_files/CP028796.1_results/PROKKA_06292018:CP028796.1_20 (length 234)
plasmid_files/CP028796.1_results/PROKKA_06292018:CP028796.1_21 (length 47)
plasmid_files/CP028796.1_results/PROKKA_06292018:CP028796.1_22 (length 78)
plasmid_files/CP028796.1_results/PROKKA_06292018:CP028796.1_23 (length 93)
plasmid_files/CP028796.1_results/PROKKA_06292018:CP028796.1_24 (length 117)
plasmid_files/CP028796.1_results/PROKKA_06292018:CP028796.1_25 (length 320)
plasmid_files/CP028796.1_results/PROKKA_06292018:CP028796.1_26 (length 141)
plasmid_files/CP028796.1_results/PROKKA_06292018:CP028796.1_27 (length 227)
plasmid_files/CP028796.1_results/PROKKA_06292018:CP028796.1_28 (length 73)
plasmid_files/CP028796.1_results/PROKKA_06292018:CP028796.1_29 (length 144)
plasmid_files/CP028796.1_results/PROKKA_06292018:CP028796.1_30 (length 258)
plasmid_files/CP028796.1_results/PROKKA_06292018:CP028796.1_31 (length 141)
plasmid_files/CP028796.1_results/PROKKA_06292018:CP028796.1_32 (length 140)
plasmid_files/CP028796.1_results/PROKKA_06292018:CP028796.1_33 (length 63)
plasmid_files/CP028796.1_results/PROKKA_06292018:CP028796.1_34 (length 555)
plasmid_files/CP028796.1_results/PROKKA_06292018:CP028796.1_35 (length 85)
plasmid_files/CP028796.1_results/PROKKA_06292018:CP028796.1_36 (length 76)
plasmid_files/CP028796.1_results/PROKKA_06292018:CP028796.1_37 (length 453)
plasmid_files/CP028796.1_results/PROKKA_06292018:CP028796.1_38 (length 187)
plasmid_files/CP028796.1_results/PROKKA_06292018:CP028796.1_39 (length 153)
plasmid_files/CP028796.1_results/PROKKA_06292018:CP028796.1_40 (length 78)
plasmid_files/CP028796.1_results/PROKKA_06292018:CP028796.1_41 (length 175)
plasmid_files/CP028796.1_results/PROKKA_06292018:CP028796.1_42 (length 77)
plasmid_files/CP028796.1_results/PROKKA_06292018:CP028796.1_43 (length 473)
plasmid_files/CP028796.1_results/PROKKA_06292018:CP028796.1_44 (length 153)
plasmid_files/CP028796.1_results/PROKKA_06292018:CP028796.1_45 (length 144)
plasmid_files/CP028796.1_results/PROKKA_06292018:CP028796.1_46 (length 239)
plasmid_files/CP028796.1_results/PROKKA_06292018:CP028796.1_47 (length 71)
plasmid_files/CP028796.1_results/PROKKA_06292018:CP028796.1_48 (length 52)
plasmid_files/CP028796.1_results/PROKKA_06292018:CP028796.1_49 (length 125)
plasmid_files/CP028796.1_results/PROKKA_06292018:CP028796.1_50 (length 78)
plasmid_files/CP028796.1_results/PROKKA_06292018:CP028796.1_51 (length 98)
plasmid_files/CP028796.1_results/PROKKA_06292018:CP028796.1_52 (length 273)
plasmid_files/CP028796.1_results/PROKKA_06292018:CP028796.1_53 (length 215)
plasmid_files/CP028796.1_results/PROKKA_06292018:CP028796.1_54 (length 87)
plasmid_files/CP028796.1_results/PROKKA_06292018:CP028796.1_55 (length 228)
plasmid_files/CP028796.1_results/PROKKA_06292018:CP028796.1_56 (length 75)
plasmid_files/CP028796.1_results/PROKKA_06292018:CP028796.1_57 (length 121)
plasmid_files/CP028796.1_results/PROKKA_06292018:CP028796.1_58 (length 103)
plasmid_files/CP028796.1_results/PROKKA_06292018:CP028796.1_59 (length 188)
plasmid_files/CP028796.1_results/PROKKA_06292018:CP028796.1_60 (length 242)
plasmid_files/CP028796.1_results/PROKKA_06292018:CP028796.1_61 (length 85)
plasmid_files/CP028796.1_results/PROKKA_06292018:CP028796.1_62 (length 234)
plasmid_files/CP028796.1_results/PROKKA_06292018:CP028796.1_63 (length 143)
plasmid_files/CP028796.1_results/PROKKA_06292018:CP028796.1_64 (length 207)
plasmid_files/CP028796.1_results/PROKKA_06292018:CP028796.1_65 (length 210)
plasmid_files/CP028796.1_results/PROKKA_06292018:CP028796.1_66 (length 300)
plasmid_files/CP028796.1_results/PROKKA_06292018:CP028796.1_67 (length 253)
plasmid_files/CP028796.1_results/PROKKA_06292018:CP028796.1_68 (length 286)
plasmid_files/CP028796.1_results/PROKKA_06292018:CP028796.1_69 (length 637)
plasmid_files/CP028796.1_results/PROKKA_06292018:CP028796.1_70 (length 234)
plasmid_files/CP028796.1_results/PROKKA_06292018:CP028796.1_71 (length 133)
plasmid_files/CP028796.1_results/PROKKA_06292018:CP028796.1_72 (length 326)
plasmid_files/CP028796.1_results/PROKKA_06292018:CP028796.1_73 (length 293)
plasmid_files/CP028796.1_results/PROKKA_06292018:CP028796.1_74 (length 326)
plasmid_files/CP028796.1_results/PROKKA_06292018:CP028796.1_75 (length 98)
plasmid_files/CP028796.1_results/PROKKA_06292018:CP028796.1_76 (length 51)
plasmid_files/CP028796.1_results/PROKKA_06292018:CP028796.1_77 (length 141)
plasmid_files/CP028796.1_results/PROKKA_06292018:CP028796.1_78 (length 92)
plasmid_files/CP028796.1_results/PROKKA_06292018:CP028796.1_79 (length 186)
plasmid_files/CP028796.1_results/PROKKA_06292018:CP028796.1_80 (length 186)
plasmid_files/CP028796.1_results/PROKKA_06292018:CP028796.1_81 (length 411)
plasmid_files/CP028796.1_results/PROKKA_06292018:CP028796.1_82 (length 234)
plasmid_files/CP028796.1_results/PROKKA_06292018:CP028796.1_83 (length 396)
plasmid_files/CP028796.1_results/PROKKA_06292018:CP028796.1_84 (length 235)
plasmid_files/CP028796.1_results/PROKKA_06292018:CP028796.1_85 (length 78)
plasmid_files/CP028796.1_results/PROKKA_06292018:CP028796.1_86 (length 120)
plasmid_files/CP028796.1_results/PROKKA_06292018:CP028796.1_87 (length 564)
plasmid_files/CP028796.1_results/PROKKA_06292018:CP028796.1_88 (length 153)
plasmid_files/CP028796.1_results/PROKKA_06292018:CP028796.1_89 (length 91)
plasmid_files/CP028796.1_results/PROKKA_06292018:CP028796.1_90 (length 116)
plasmid_files/CP028796.1_results/PROKKA_06292018:CP028796.1_91 (length 144)
plasmid_files/CP028796.1_results/PROKKA_06292018:CP028796.1_92 (length 334)
plasmid_files/CP028796.1_results/PROKKA_06292018:CP028796.1_93 (length 126)
plasmid_files/CP028796.1_results/PROKKA_06292018:CP028796.1_94 (length 125)
plasmid_files/CP028796.1_results/PROKKA_06292018:CP028796.1_95 (length 340)
plasmid_files/CP028796.1_results/PROKKA_06292018:CP028796.1_96 (length 520)
plasmid_files/CP028796.1_results/PROKKA_06292018:CP028796.1_97 (length 138)
plasmid_files/CP028796.1_results/PROKKA_06292018:CP028796.1_98 (length 76)
plasmid_files/CP028796.1_results/PROKKA_06292018:CP028796.1_99 (length 91)
plasmid_files/CP028796.1_results/PROKKA_06292018:CP028796.1_100 (length 314)
plasmid_files/CP028796.1_results/PROKKA_06292018:CP028796.1_101 (length 130)
plasmid_files/CP028796.1_results/PROKKA_06292018:CP028796.1_102 (length 173)
plasmid_files/CP028796.1_results/PROKKA_06292018:CP028796.1_103 (length 67)
plasmid_files/CP028796.1_results/PROKKA_06292018:CP028796.1_104 (length 334)
plasmid_files/CP028796.1_results/PROKKA_06292018:CP028796.1_105 (length 259)
plasmid_files/CP028796.1_results/PROKKA_06292018:CP028796.1_106 (length 85)
plasmid_files/CP028796.1_results/PROKKA_06292018:CP028796.1_107 (length 91)
plasmid_files/CP028796.1_results/PROKKA_06292018:CP028796.1_108 (length 240)
plasmid_files/CP028796.1_results/PROKKA_06292018:CP028796.1_109 (length 203)
plasmid_files/CP028796.1_results/PROKKA_06292018:CP028796.1_110 (length 401)
plasmid_files/CP028796.1_results/PROKKA_06292018:CP028796.1_111 (length 324)
plasmid_files/CP028796.1_results/PROKKA_06292018:CP028796.1_112 (length 423)
plasmid_files/CP028796.1_results/PROKKA_06292018:CP028796.1_113 (length 143)
plasmid_files/CP028796.1_results/PROKKA_06292018:CP028796.1_114 (length 494)
plasmid_files/CP028796.1_results/PROKKA_06292018:CP028796.1_115 (length 323)
plasmid_files/CP028796.1_results/PROKKA_06292018:CP028796.1_116 (length 223)
plasmid_files/CP028796.1_results/PROKKA_06292018:CP028796.1_117 (length 76)
plasmid_files/CP028796.1_results/PROKKA_06292018:CP028796.1_118 (length 233)
plasmid_files/CP028796.1_results/PROKKA_06292018:CP028796.1_119 (length 73)
plasmid_files/CP028796.1_results/PROKKA_06292018:CP028796.1_120 (length 139)
plasmid_files/CP028796.1_results/PROKKA_06292018:CP028796.1_121 (length 255)
plasmid_files/CP028796.1_results/PROKKA_06292018:CP028796.1_122 (length 142)
plasmid_files/CP028796.1_results/PROKKA_06292018:CP028796.1_123 (length 168)
plasmid_files/CP028796.1_results/PROKKA_06292018:CP028796.1_124 (length 63)
plasmid_files/CP028796.1_results/PROKKA_06292018:CP028796.1_125 (length 84)
plasmid_files/CP028796.1_results/PROKKA_06292018:CP028796.1_126 (length 106)
plasmid_files/CP028796.1_results/PROKKA_06292018:CP028796.1_127 (length 75)
plasmid_files/CP028796.1_results/PROKKA_06292018:CP028796.1_128 (length 76)
plasmid_files/CP028796.1_results/PROKKA_06292018:CP028796.1_129 (length 451)
plasmid_files/CP028796.1_results/PROKKA_06292018:CP028796.1_130 (length 187)
plasmid_files/CP028796.1_results/PROKKA_06292018:CP028796.1_131 (length 109)
plasmid_files/CP028796.1_results/PROKKA_06292018:CP028796.1_132 (length 180)
plasmid_files/CP028796.1_results/PROKKA_06292018:CP028796.1_133 (length 82)
plasmid_files/CP028796.1_results/PROKKA_06292018:CP028796.1_134 (length 685)
plasmid_files/CP028796.1_results/PROKKA_06292018:CP028796.1_135 (length 143)
plasmid_files/CP028796.1_results/PROKKA_06292018:CP028796.1_136 (length 242)
plasmid_files/CP028796.1_results/PROKKA_06292018:CP028796.1_137 (length 108)
plasmid_files/CP028796.1_results/PROKKA_06292018:CP028796.1_138 (length 124)
plasmid_files/CP028796.1_results/PROKKA_06292018:CP028796.1_139 (length 52)
plasmid_files/CP028796.1_results/PROKKA_06292018:CP028796.1_140 (length 90)
plasmid_files/CP028796.1_results/PROKKA_06292018:CP028796.1_141 (length 116)
plasmid_files/CP028796.1_results/PROKKA_06292018:CP028796.1_142 (length 105)
plasmid_files/CP028796.1_results/PROKKA_06292018:CP028796.1_143 (length 118)
plasmid_files/CP028796.1_results/PROKKA_06292018:CP028796.1_144 (length 70)
plasmid_files/CP028796.1_results/PROKKA_06292018:CP028796.1_145 (length 74)
plasmid_files/CP028796.1_results/PROKKA_06292018:CP028796.1_146 (length 77)
plasmid_files/CP028796.1_results/PROKKA_06292018:CP028796.1_147 (length 92)
plasmid_files/CP028796.1_results/PROKKA_06292018:CP028796.1_148 (length 104)
plasmid_files/CP028796.1_results/PROKKA_06292018:CP028796.1_149 (length 234)
plasmid_files/CP028796.1_results/PROKKA_06292018:CP028796.1_150 (length 248)
plasmid_files/CP028796.1_results/PROKKA_06292018:CP028796.1_151 (length 186)
plasmid_files/CP028796.1_results/PROKKA_06292018:CP028796.1_152 (length 66)
plasmid_files/CP028796.1_results/PROKKA_06292018:CP028796.1_153 (length 199)
plasmid_files/CP028796.1_results/PROKKA_06292018:CP028796.1_154 (length 110)
plasmid_files/CP028796.1_results/PROKKA_06292018:CP028796.1_155 (length 49)
plasmid_files/CP028796.1_results/PROKKA_06292018:CP028796.1_156 (length 82)

DiscRep_ALL:DISC_INCONSISTENT_MOLINFO_TECH::Molinfo Technique Report (some missing, all same)
DiscRep_SUB:DISC_INCONSISTENT_MOLINFO_TECH::technique (all missing)
DiscRep_SUB:DISC_INCONSISTENT_MOLINFO_TECH::1 Molinfos are missing field technique
plasmid_files/CP028796.1_results/PROKKA_06292018:CP028796.1 (length 112467)

