Discrepancy Report Results

Summary
FATAL: MISSING_PROTEIN_ID:58 proteins have invalid IDs.
DISC_SOURCE_QUALS_ASNDISC:strain (all present, all unique)
DISC_SOURCE_QUALS_ASNDISC:taxname (all present, all unique)
DISC_FEATURE_COUNT:CDS: 58 present
DISC_COUNT_NUCLEOTIDES:1 nucleotide Bioseqs are present
FEATURE_LOCATION_CONFLICT:58 features have inconsistent gene locations.
DISC_QUALITY_SCORES:Quality scores are missing on all sequences.
ONCALLER_COMMENT_PRESENT:1 comment descriptors were found (all same)
SHORT_PROT_SEQUENCES:1 protein sequences are shorter than 50 aa.
MISSING_GENOMEASSEMBLY_COMMENTS:1 bioseqs are missing GenomeAssembly structured comments
MOLTYPE_NOT_MRNA:1 molecule types are not set as mRNA.
TECHNIQUE_NOT_TSA:1 technique are not set as TSA
MISSING_STRUCTURED_COMMENT:1 sequences do not include structured comments.
MISSING_PROJECT:59 sequences do not include project.
DISC_INCONSISTENT_MOLINFO_TECH:Molinfo Technique Report (some missing, all same)


Detailed Report

FATAL: DiscRep_ALL:MISSING_PROTEIN_ID::58 proteins have invalid IDs.
plasmid_files/KX348146.1_results/PROKKA_06292018:KX348146.1_1 (length 89)
plasmid_files/KX348146.1_results/PROKKA_06292018:KX348146.1_2 (length 82)
plasmid_files/KX348146.1_results/PROKKA_06292018:KX348146.1_3 (length 107)
plasmid_files/KX348146.1_results/PROKKA_06292018:KX348146.1_4 (length 63)
plasmid_files/KX348146.1_results/PROKKA_06292018:KX348146.1_5 (length 129)
plasmid_files/KX348146.1_results/PROKKA_06292018:KX348146.1_6 (length 64)
plasmid_files/KX348146.1_results/PROKKA_06292018:KX348146.1_7 (length 255)
plasmid_files/KX348146.1_results/PROKKA_06292018:KX348146.1_8 (length 147)
plasmid_files/KX348146.1_results/PROKKA_06292018:KX348146.1_9 (length 227)
plasmid_files/KX348146.1_results/PROKKA_06292018:KX348146.1_10 (length 83)
plasmid_files/KX348146.1_results/PROKKA_06292018:KX348146.1_11 (length 53)
plasmid_files/KX348146.1_results/PROKKA_06292018:KX348146.1_12 (length 286)
plasmid_files/KX348146.1_results/PROKKA_06292018:KX348146.1_13 (length 83)
plasmid_files/KX348146.1_results/PROKKA_06292018:KX348146.1_14 (length 88)
plasmid_files/KX348146.1_results/PROKKA_06292018:KX348146.1_15 (length 420)
plasmid_files/KX348146.1_results/PROKKA_06292018:KX348146.1_16 (length 40)
plasmid_files/KX348146.1_results/PROKKA_06292018:KX348146.1_17 (length 226)
plasmid_files/KX348146.1_results/PROKKA_06292018:KX348146.1_18 (length 263)
plasmid_files/KX348146.1_results/PROKKA_06292018:KX348146.1_19 (length 258)
plasmid_files/KX348146.1_results/PROKKA_06292018:KX348146.1_20 (length 201)
plasmid_files/KX348146.1_results/PROKKA_06292018:KX348146.1_21 (length 185)
plasmid_files/KX348146.1_results/PROKKA_06292018:KX348146.1_22 (length 302)
plasmid_files/KX348146.1_results/PROKKA_06292018:KX348146.1_23 (length 571)
plasmid_files/KX348146.1_results/PROKKA_06292018:KX348146.1_24 (length 1009)
plasmid_files/KX348146.1_results/PROKKA_06292018:KX348146.1_25 (length 341)
plasmid_files/KX348146.1_results/PROKKA_06292018:KX348146.1_26 (length 259)
plasmid_files/KX348146.1_results/PROKKA_06292018:KX348146.1_27 (length 112)
plasmid_files/KX348146.1_results/PROKKA_06292018:KX348146.1_28 (length 293)
plasmid_files/KX348146.1_results/PROKKA_06292018:KX348146.1_29 (length 439)
plasmid_files/KX348146.1_results/PROKKA_06292018:KX348146.1_30 (length 715)
plasmid_files/KX348146.1_results/PROKKA_06292018:KX348146.1_31 (length 95)
plasmid_files/KX348146.1_results/PROKKA_06292018:KX348146.1_32 (length 149)
plasmid_files/KX348146.1_results/PROKKA_06292018:KX348146.1_33 (length 297)
plasmid_files/KX348146.1_results/PROKKA_06292018:KX348146.1_34 (length 79)
plasmid_files/KX348146.1_results/PROKKA_06292018:KX348146.1_35 (length 153)
plasmid_files/KX348146.1_results/PROKKA_06292018:KX348146.1_36 (length 116)
plasmid_files/KX348146.1_results/PROKKA_06292018:KX348146.1_37 (length 228)
plasmid_files/KX348146.1_results/PROKKA_06292018:KX348146.1_38 (length 63)
plasmid_files/KX348146.1_results/PROKKA_06292018:KX348146.1_39 (length 178)
plasmid_files/KX348146.1_results/PROKKA_06292018:KX348146.1_40 (length 457)
plasmid_files/KX348146.1_results/PROKKA_06292018:KX348146.1_41 (length 277)
plasmid_files/KX348146.1_results/PROKKA_06292018:KX348146.1_42 (length 241)
plasmid_files/KX348146.1_results/PROKKA_06292018:KX348146.1_43 (length 324)
plasmid_files/KX348146.1_results/PROKKA_06292018:KX348146.1_44 (length 152)
plasmid_files/KX348146.1_results/PROKKA_06292018:KX348146.1_45 (length 270)
plasmid_files/KX348146.1_results/PROKKA_06292018:KX348146.1_46 (length 859)
plasmid_files/KX348146.1_results/PROKKA_06292018:KX348146.1_47 (length 119)
plasmid_files/KX348146.1_results/PROKKA_06292018:KX348146.1_48 (length 78)
plasmid_files/KX348146.1_results/PROKKA_06292018:KX348146.1_49 (length 115)
plasmid_files/KX348146.1_results/PROKKA_06292018:KX348146.1_50 (length 340)
plasmid_files/KX348146.1_results/PROKKA_06292018:KX348146.1_51 (length 237)
plasmid_files/KX348146.1_results/PROKKA_06292018:KX348146.1_52 (length 661)
plasmid_files/KX348146.1_results/PROKKA_06292018:KX348146.1_53 (length 275)
plasmid_files/KX348146.1_results/PROKKA_06292018:KX348146.1_54 (length 152)
plasmid_files/KX348146.1_results/PROKKA_06292018:KX348146.1_55 (length 196)
plasmid_files/KX348146.1_results/PROKKA_06292018:KX348146.1_56 (length 142)
plasmid_files/KX348146.1_results/PROKKA_06292018:KX348146.1_57 (length 122)
plasmid_files/KX348146.1_results/PROKKA_06292018:KX348146.1_58 (length 58)

DiscRep_ALL:DISC_SOURCE_QUALS_ASNDISC::strain (all present, all unique)
DiscRep_SUB:DISC_SOURCE_QUALS_ASNDISC::1 sources have unique values for strain
DiscRep_ALL:DISC_SOURCE_QUALS_ASNDISC::taxname (all present, all unique)
DiscRep_SUB:DISC_SOURCE_QUALS_ASNDISC::1 sources have unique values for taxname
DiscRep_ALL:DISC_FEATURE_COUNT::CDS: 58 present
DiscRep_ALL:DISC_COUNT_NUCLEOTIDES::1 nucleotide Bioseqs are present
plasmid_files/KX348146.1_results/PROKKA_06292018:KX348146.1 (length 49517)

DiscRep_ALL:FEATURE_LOCATION_CONFLICT::58 features have inconsistent gene locations.
DiscRep_SUB:FEATURE_LOCATION_CONFLICT::Coding region xref gene does not exist
plasmid_files/KX348146.1_results/PROKKA_06292018:CDS	hypothetical protein	KX348146.1:182-451	GLKFCOKG_00001

DiscRep_SUB:FEATURE_LOCATION_CONFLICT::Coding region xref gene does not exist
plasmid_files/KX348146.1_results/PROKKA_06292018:CDS	hypothetical protein	KX348146.1:549-797	GLKFCOKG_00002

DiscRep_SUB:FEATURE_LOCATION_CONFLICT::Coding region xref gene does not exist
plasmid_files/KX348146.1_results/PROKKA_06292018:CDS	hypothetical protein	KX348146.1:797-1120	GLKFCOKG_00003

DiscRep_SUB:FEATURE_LOCATION_CONFLICT::Coding region xref gene does not exist
plasmid_files/KX348146.1_results/PROKKA_06292018:CDS	hypothetical protein	KX348146.1:1281-1472	GLKFCOKG_00004

DiscRep_SUB:FEATURE_LOCATION_CONFLICT::Coding region xref gene does not exist
plasmid_files/KX348146.1_results/PROKKA_06292018:CDS	hypothetical protein	KX348146.1:c2112-1723	GLKFCOKG_00005

DiscRep_SUB:FEATURE_LOCATION_CONFLICT::Coding region xref gene does not exist
plasmid_files/KX348146.1_results/PROKKA_06292018:CDS	hypothetical protein	KX348146.1:2218-2412	GLKFCOKG_00006

DiscRep_SUB:FEATURE_LOCATION_CONFLICT::Coding region xref gene does not exist
plasmid_files/KX348146.1_results/PROKKA_06292018:CDS	Tyrosine recombinase XerD	KX348146.1:2728-3495	GLKFCOKG_00007

DiscRep_SUB:FEATURE_LOCATION_CONFLICT::Coding region xref gene does not exist
plasmid_files/KX348146.1_results/PROKKA_06292018:CDS	hypothetical protein	KX348146.1:3732-4175	GLKFCOKG_00008

DiscRep_SUB:FEATURE_LOCATION_CONFLICT::Coding region xref gene does not exist
plasmid_files/KX348146.1_results/PROKKA_06292018:CDS	hypothetical protein	KX348146.1:4302-4985	GLKFCOKG_00009

DiscRep_SUB:FEATURE_LOCATION_CONFLICT::Coding region xref gene does not exist
plasmid_files/KX348146.1_results/PROKKA_06292018:CDS	hypothetical protein	KX348146.1:5076-5327	GLKFCOKG_00010

DiscRep_SUB:FEATURE_LOCATION_CONFLICT::Coding region xref gene does not exist
plasmid_files/KX348146.1_results/PROKKA_06292018:CDS	hypothetical protein	KX348146.1:5403-5564	GLKFCOKG_00011

DiscRep_SUB:FEATURE_LOCATION_CONFLICT::Coding region xref gene does not exist
plasmid_files/KX348146.1_results/PROKKA_06292018:CDS	Beta-lactamase TEM	KX348146.1:c6535-5675	GLKFCOKG_00012

DiscRep_SUB:FEATURE_LOCATION_CONFLICT::Coding region xref gene does not exist
plasmid_files/KX348146.1_results/PROKKA_06292018:CDS	Transposon Tn3 resolvase	KX348146.1:c6969-6718	GLKFCOKG_00013

DiscRep_SUB:FEATURE_LOCATION_CONFLICT::Coding region xref gene does not exist
plasmid_files/KX348146.1_results/PROKKA_06292018:CDS	Beta-lactamase OXA-18	KX348146.1:c7501-7235	GLKFCOKG_00014

DiscRep_SUB:FEATURE_LOCATION_CONFLICT::Coding region xref gene does not exist
plasmid_files/KX348146.1_results/PROKKA_06292018:CDS	hypothetical protein	KX348146.1:7749-9011	GLKFCOKG_00015

DiscRep_SUB:FEATURE_LOCATION_CONFLICT::Coding region xref gene does not exist
plasmid_files/KX348146.1_results/PROKKA_06292018:CDS	hypothetical protein	KX348146.1:8992-9114	GLKFCOKG_00016

DiscRep_SUB:FEATURE_LOCATION_CONFLICT::Coding region xref gene does not exist
plasmid_files/KX348146.1_results/PROKKA_06292018:CDS	Pentapeptide repeat protein	KX348146.1:c10181-9501	GLKFCOKG_00017

DiscRep_SUB:FEATURE_LOCATION_CONFLICT::Coding region xref gene does not exist
plasmid_files/KX348146.1_results/PROKKA_06292018:CDS	Beta-lactamase OXA-18	KX348146.1:c11030-10239	GLKFCOKG_00018

DiscRep_SUB:FEATURE_LOCATION_CONFLICT::Coding region xref gene does not exist
plasmid_files/KX348146.1_results/PROKKA_06292018:CDS	Streptomycin 3''-adenylyltransferase	KX348146.1:c11866-11090	GLKFCOKG_00019

DiscRep_SUB:FEATURE_LOCATION_CONFLICT::Coding region xref gene does not exist
plasmid_files/KX348146.1_results/PROKKA_06292018:CDS	Aminoglycoside N(6')-acetyltransferase type 1	KX348146.1:c12553-11948	GLKFCOKG_00020

DiscRep_SUB:FEATURE_LOCATION_CONFLICT::Coding region xref gene does not exist
plasmid_files/KX348146.1_results/PROKKA_06292018:CDS	Transposon Tn3 resolvase	KX348146.1:c13293-12736	GLKFCOKG_00021

DiscRep_SUB:FEATURE_LOCATION_CONFLICT::Coding region xref gene does not exist
plasmid_files/KX348146.1_results/PROKKA_06292018:CDS	hypothetical protein	KX348146.1:13457-14365	GLKFCOKG_00022

DiscRep_SUB:FEATURE_LOCATION_CONFLICT::Coding region xref gene does not exist
plasmid_files/KX348146.1_results/PROKKA_06292018:CDS	Tyrosine recombinase XerD	KX348146.1:c16123-14408	GLKFCOKG_00023

DiscRep_SUB:FEATURE_LOCATION_CONFLICT::Coding region xref gene does not exist
plasmid_files/KX348146.1_results/PROKKA_06292018:CDS	hypothetical protein	KX348146.1:16233-19262	GLKFCOKG_00024

DiscRep_SUB:FEATURE_LOCATION_CONFLICT::Coding region xref gene does not exist
plasmid_files/KX348146.1_results/PROKKA_06292018:CDS	hypothetical protein	KX348146.1:19369-20394	GLKFCOKG_00025

DiscRep_SUB:FEATURE_LOCATION_CONFLICT::Coding region xref gene does not exist
plasmid_files/KX348146.1_results/PROKKA_06292018:CDS	Insertion sequence IS5376 putative ATP-binding protein	KX348146.1:20391-21170	GLKFCOKG_00026

DiscRep_SUB:FEATURE_LOCATION_CONFLICT::Coding region xref gene does not exist
plasmid_files/KX348146.1_results/PROKKA_06292018:CDS	hypothetical protein	KX348146.1:21167-21505	GLKFCOKG_00027

DiscRep_SUB:FEATURE_LOCATION_CONFLICT::Coding region xref gene does not exist
plasmid_files/KX348146.1_results/PROKKA_06292018:CDS	Carbapenem-hydrolyzing beta-lactamase KPC	KX348146.1:21557-22438	GLKFCOKG_00028

DiscRep_SUB:FEATURE_LOCATION_CONFLICT::Coding region xref gene does not exist
plasmid_files/KX348146.1_results/PROKKA_06292018:CDS	hypothetical protein	KX348146.1:c24007-22688	GLKFCOKG_00029

DiscRep_SUB:FEATURE_LOCATION_CONFLICT::Coding region xref gene does not exist
plasmid_files/KX348146.1_results/PROKKA_06292018:CDS	hypothetical protein	KX348146.1:24326-26473	GLKFCOKG_00030

DiscRep_SUB:FEATURE_LOCATION_CONFLICT::Coding region xref gene does not exist
plasmid_files/KX348146.1_results/PROKKA_06292018:CDS	hypothetical protein	KX348146.1:26833-27120	GLKFCOKG_00031

DiscRep_SUB:FEATURE_LOCATION_CONFLICT::Coding region xref gene does not exist
plasmid_files/KX348146.1_results/PROKKA_06292018:CDS	hypothetical protein	KX348146.1:27199-27648	GLKFCOKG_00032

DiscRep_SUB:FEATURE_LOCATION_CONFLICT::Coding region xref gene does not exist
plasmid_files/KX348146.1_results/PROKKA_06292018:CDS	hypothetical protein	KX348146.1:c29199-28306	GLKFCOKG_00033

DiscRep_SUB:FEATURE_LOCATION_CONFLICT::Coding region xref gene does not exist
plasmid_files/KX348146.1_results/PROKKA_06292018:CDS	hypothetical protein	KX348146.1:c29843-29604	GLKFCOKG_00034

DiscRep_SUB:FEATURE_LOCATION_CONFLICT::Coding region xref gene does not exist
plasmid_files/KX348146.1_results/PROKKA_06292018:CDS	Single-stranded DNA-binding protein	KX348146.1:c30520-30059	GLKFCOKG_00035

DiscRep_SUB:FEATURE_LOCATION_CONFLICT::Coding region xref gene does not exist
plasmid_files/KX348146.1_results/PROKKA_06292018:CDS	hypothetical protein	KX348146.1:c30912-30562	GLKFCOKG_00036

DiscRep_SUB:FEATURE_LOCATION_CONFLICT::Coding region xref gene does not exist
plasmid_files/KX348146.1_results/PROKKA_06292018:CDS	Soluble lytic murein transglycosylase	KX348146.1:c31599-30913	GLKFCOKG_00037

DiscRep_SUB:FEATURE_LOCATION_CONFLICT::Coding region xref gene does not exist
plasmid_files/KX348146.1_results/PROKKA_06292018:CDS	hypothetical protein	KX348146.1:c31787-31596	GLKFCOKG_00038

DiscRep_SUB:FEATURE_LOCATION_CONFLICT::Coding region xref gene does not exist
plasmid_files/KX348146.1_results/PROKKA_06292018:CDS	hypothetical protein	KX348146.1:c32329-31793	GLKFCOKG_00039

DiscRep_SUB:FEATURE_LOCATION_CONFLICT::Coding region xref gene does not exist
plasmid_files/KX348146.1_results/PROKKA_06292018:CDS	hypothetical protein	KX348146.1:c33683-32310	GLKFCOKG_00040

DiscRep_SUB:FEATURE_LOCATION_CONFLICT::Coding region xref gene does not exist
plasmid_files/KX348146.1_results/PROKKA_06292018:CDS	hypothetical protein	KX348146.1:c34519-33686	GLKFCOKG_00041

DiscRep_SUB:FEATURE_LOCATION_CONFLICT::Coding region xref gene does not exist
plasmid_files/KX348146.1_results/PROKKA_06292018:CDS	hypothetical protein	KX348146.1:c35249-34524	GLKFCOKG_00042

DiscRep_SUB:FEATURE_LOCATION_CONFLICT::Coding region xref gene does not exist
plasmid_files/KX348146.1_results/PROKKA_06292018:CDS	hypothetical protein	KX348146.1:c36234-35260	GLKFCOKG_00043

DiscRep_SUB:FEATURE_LOCATION_CONFLICT::Coding region xref gene does not exist
plasmid_files/KX348146.1_results/PROKKA_06292018:CDS	hypothetical protein	KX348146.1:c36738-36280	GLKFCOKG_00044

DiscRep_SUB:FEATURE_LOCATION_CONFLICT::Coding region xref gene does not exist
plasmid_files/KX348146.1_results/PROKKA_06292018:CDS	hypothetical protein	KX348146.1:c37550-36738	GLKFCOKG_00045

DiscRep_SUB:FEATURE_LOCATION_CONFLICT::Coding region xref gene does not exist
plasmid_files/KX348146.1_results/PROKKA_06292018:CDS	Type IV secretion system protein virB4	KX348146.1:c40126-37547	GLKFCOKG_00046

DiscRep_SUB:FEATURE_LOCATION_CONFLICT::Coding region xref gene does not exist
plasmid_files/KX348146.1_results/PROKKA_06292018:CDS	hypothetical protein	KX348146.1:c40497-40138	GLKFCOKG_00047

DiscRep_SUB:FEATURE_LOCATION_CONFLICT::Coding region xref gene does not exist
plasmid_files/KX348146.1_results/PROKKA_06292018:CDS	hypothetical protein	KX348146.1:40627-40863	GLKFCOKG_00048

DiscRep_SUB:FEATURE_LOCATION_CONFLICT::Coding region xref gene does not exist
plasmid_files/KX348146.1_results/PROKKA_06292018:CDS	hypothetical protein	KX348146.1:40928-41275	GLKFCOKG_00049

DiscRep_SUB:FEATURE_LOCATION_CONFLICT::Coding region xref gene does not exist
plasmid_files/KX348146.1_results/PROKKA_06292018:CDS	Type IV secretion system protein VirB11	KX348146.1:c42500-41478	GLKFCOKG_00050

DiscRep_SUB:FEATURE_LOCATION_CONFLICT::Coding region xref gene does not exist
plasmid_files/KX348146.1_results/PROKKA_06292018:CDS	hypothetical protein	KX348146.1:c43228-42515	GLKFCOKG_00051

DiscRep_SUB:FEATURE_LOCATION_CONFLICT::Coding region xref gene does not exist
plasmid_files/KX348146.1_results/PROKKA_06292018:CDS	hypothetical protein	KX348146.1:44259-46244	GLKFCOKG_00052

DiscRep_SUB:FEATURE_LOCATION_CONFLICT::Coding region xref gene does not exist
plasmid_files/KX348146.1_results/PROKKA_06292018:CDS	hypothetical protein	KX348146.1:46247-47074	GLKFCOKG_00053

DiscRep_SUB:FEATURE_LOCATION_CONFLICT::Coding region xref gene does not exist
plasmid_files/KX348146.1_results/PROKKA_06292018:CDS	hypothetical protein	KX348146.1:47071-47529	GLKFCOKG_00054

DiscRep_SUB:FEATURE_LOCATION_CONFLICT::Coding region xref gene does not exist
plasmid_files/KX348146.1_results/PROKKA_06292018:CDS	hypothetical protein	KX348146.1:47513-48103	GLKFCOKG_00055

DiscRep_SUB:FEATURE_LOCATION_CONFLICT::Coding region xref gene does not exist
plasmid_files/KX348146.1_results/PROKKA_06292018:CDS	Antirestriction protein KlcA	KX348146.1:c48563-48135	GLKFCOKG_00056

DiscRep_SUB:FEATURE_LOCATION_CONFLICT::Coding region xref gene does not exist
plasmid_files/KX348146.1_results/PROKKA_06292018:CDS	hypothetical protein	KX348146.1:c49104-48736	GLKFCOKG_00057

DiscRep_SUB:FEATURE_LOCATION_CONFLICT::Coding region xref gene does not exist
plasmid_files/KX348146.1_results/PROKKA_06292018:CDS	hypothetical protein	KX348146.1:49328-49504	GLKFCOKG_00058

DiscRep_ALL:DISC_QUALITY_SCORES::Quality scores are missing on all sequences.

DiscRep_ALL:ONCALLER_COMMENT_PRESENT::1 comment descriptors were found (all same)
plasmid_files/KX348146.1_results/PROKKA_06292018:KX348146.1:Annotated using prokka 1.14-dev from https://github.com/tseemann/prokka

DiscRep_ALL:SHORT_PROT_SEQUENCES::1 protein sequences are shorter than 50 aa.
plasmid_files/KX348146.1_results/PROKKA_06292018:KX348146.1_16 (length 40)

DiscRep_ALL:MISSING_GENOMEASSEMBLY_COMMENTS::1 bioseqs are missing GenomeAssembly structured comments
plasmid_files/KX348146.1_results/PROKKA_06292018:KX348146.1 (length 49517)

DiscRep_ALL:MOLTYPE_NOT_MRNA::1 molecule types are not set as mRNA.
plasmid_files/KX348146.1_results/PROKKA_06292018:KX348146.1 (length 49517)

DiscRep_ALL:TECHNIQUE_NOT_TSA::1 technique are not set as TSA
plasmid_files/KX348146.1_results/PROKKA_06292018:KX348146.1 (length 49517)

DiscRep_ALL:MISSING_STRUCTURED_COMMENT::1 sequences do not include structured comments.
plasmid_files/KX348146.1_results/PROKKA_06292018:KX348146.1 (length 49517)

DiscRep_ALL:MISSING_PROJECT::59 sequences do not include project.
plasmid_files/KX348146.1_results/PROKKA_06292018:KX348146.1 (length 49517)
plasmid_files/KX348146.1_results/PROKKA_06292018:KX348146.1_1 (length 89)
plasmid_files/KX348146.1_results/PROKKA_06292018:KX348146.1_2 (length 82)
plasmid_files/KX348146.1_results/PROKKA_06292018:KX348146.1_3 (length 107)
plasmid_files/KX348146.1_results/PROKKA_06292018:KX348146.1_4 (length 63)
plasmid_files/KX348146.1_results/PROKKA_06292018:KX348146.1_5 (length 129)
plasmid_files/KX348146.1_results/PROKKA_06292018:KX348146.1_6 (length 64)
plasmid_files/KX348146.1_results/PROKKA_06292018:KX348146.1_7 (length 255)
plasmid_files/KX348146.1_results/PROKKA_06292018:KX348146.1_8 (length 147)
plasmid_files/KX348146.1_results/PROKKA_06292018:KX348146.1_9 (length 227)
plasmid_files/KX348146.1_results/PROKKA_06292018:KX348146.1_10 (length 83)
plasmid_files/KX348146.1_results/PROKKA_06292018:KX348146.1_11 (length 53)
plasmid_files/KX348146.1_results/PROKKA_06292018:KX348146.1_12 (length 286)
plasmid_files/KX348146.1_results/PROKKA_06292018:KX348146.1_13 (length 83)
plasmid_files/KX348146.1_results/PROKKA_06292018:KX348146.1_14 (length 88)
plasmid_files/KX348146.1_results/PROKKA_06292018:KX348146.1_15 (length 420)
plasmid_files/KX348146.1_results/PROKKA_06292018:KX348146.1_16 (length 40)
plasmid_files/KX348146.1_results/PROKKA_06292018:KX348146.1_17 (length 226)
plasmid_files/KX348146.1_results/PROKKA_06292018:KX348146.1_18 (length 263)
plasmid_files/KX348146.1_results/PROKKA_06292018:KX348146.1_19 (length 258)
plasmid_files/KX348146.1_results/PROKKA_06292018:KX348146.1_20 (length 201)
plasmid_files/KX348146.1_results/PROKKA_06292018:KX348146.1_21 (length 185)
plasmid_files/KX348146.1_results/PROKKA_06292018:KX348146.1_22 (length 302)
plasmid_files/KX348146.1_results/PROKKA_06292018:KX348146.1_23 (length 571)
plasmid_files/KX348146.1_results/PROKKA_06292018:KX348146.1_24 (length 1009)
plasmid_files/KX348146.1_results/PROKKA_06292018:KX348146.1_25 (length 341)
plasmid_files/KX348146.1_results/PROKKA_06292018:KX348146.1_26 (length 259)
plasmid_files/KX348146.1_results/PROKKA_06292018:KX348146.1_27 (length 112)
plasmid_files/KX348146.1_results/PROKKA_06292018:KX348146.1_28 (length 293)
plasmid_files/KX348146.1_results/PROKKA_06292018:KX348146.1_29 (length 439)
plasmid_files/KX348146.1_results/PROKKA_06292018:KX348146.1_30 (length 715)
plasmid_files/KX348146.1_results/PROKKA_06292018:KX348146.1_31 (length 95)
plasmid_files/KX348146.1_results/PROKKA_06292018:KX348146.1_32 (length 149)
plasmid_files/KX348146.1_results/PROKKA_06292018:KX348146.1_33 (length 297)
plasmid_files/KX348146.1_results/PROKKA_06292018:KX348146.1_34 (length 79)
plasmid_files/KX348146.1_results/PROKKA_06292018:KX348146.1_35 (length 153)
plasmid_files/KX348146.1_results/PROKKA_06292018:KX348146.1_36 (length 116)
plasmid_files/KX348146.1_results/PROKKA_06292018:KX348146.1_37 (length 228)
plasmid_files/KX348146.1_results/PROKKA_06292018:KX348146.1_38 (length 63)
plasmid_files/KX348146.1_results/PROKKA_06292018:KX348146.1_39 (length 178)
plasmid_files/KX348146.1_results/PROKKA_06292018:KX348146.1_40 (length 457)
plasmid_files/KX348146.1_results/PROKKA_06292018:KX348146.1_41 (length 277)
plasmid_files/KX348146.1_results/PROKKA_06292018:KX348146.1_42 (length 241)
plasmid_files/KX348146.1_results/PROKKA_06292018:KX348146.1_43 (length 324)
plasmid_files/KX348146.1_results/PROKKA_06292018:KX348146.1_44 (length 152)
plasmid_files/KX348146.1_results/PROKKA_06292018:KX348146.1_45 (length 270)
plasmid_files/KX348146.1_results/PROKKA_06292018:KX348146.1_46 (length 859)
plasmid_files/KX348146.1_results/PROKKA_06292018:KX348146.1_47 (length 119)
plasmid_files/KX348146.1_results/PROKKA_06292018:KX348146.1_48 (length 78)
plasmid_files/KX348146.1_results/PROKKA_06292018:KX348146.1_49 (length 115)
plasmid_files/KX348146.1_results/PROKKA_06292018:KX348146.1_50 (length 340)
plasmid_files/KX348146.1_results/PROKKA_06292018:KX348146.1_51 (length 237)
plasmid_files/KX348146.1_results/PROKKA_06292018:KX348146.1_52 (length 661)
plasmid_files/KX348146.1_results/PROKKA_06292018:KX348146.1_53 (length 275)
plasmid_files/KX348146.1_results/PROKKA_06292018:KX348146.1_54 (length 152)
plasmid_files/KX348146.1_results/PROKKA_06292018:KX348146.1_55 (length 196)
plasmid_files/KX348146.1_results/PROKKA_06292018:KX348146.1_56 (length 142)
plasmid_files/KX348146.1_results/PROKKA_06292018:KX348146.1_57 (length 122)
plasmid_files/KX348146.1_results/PROKKA_06292018:KX348146.1_58 (length 58)

DiscRep_ALL:DISC_INCONSISTENT_MOLINFO_TECH::Molinfo Technique Report (some missing, all same)
DiscRep_SUB:DISC_INCONSISTENT_MOLINFO_TECH::technique (all missing)
DiscRep_SUB:DISC_INCONSISTENT_MOLINFO_TECH::1 Molinfos are missing field technique
plasmid_files/KX348146.1_results/PROKKA_06292018:KX348146.1 (length 49517)

