Discrepancy Report Results

Summary
FATAL: MISSING_PROTEIN_ID:12 proteins have invalid IDs.
DISC_SOURCE_QUALS_ASNDISC:strain (all present, all unique)
DISC_SOURCE_QUALS_ASNDISC:taxname (all present, all unique)
DISC_FEATURE_COUNT:CDS: 12 present
DISC_COUNT_NUCLEOTIDES:1 nucleotide Bioseqs are present
FEATURE_LOCATION_CONFLICT:12 features have inconsistent gene locations.
DISC_QUALITY_SCORES:Quality scores are missing on all sequences.
ONCALLER_COMMENT_PRESENT:1 comment descriptors were found (all same)
MISSING_GENOMEASSEMBLY_COMMENTS:1 bioseqs are missing GenomeAssembly structured comments
MOLTYPE_NOT_MRNA:1 molecule types are not set as mRNA.
TECHNIQUE_NOT_TSA:1 technique are not set as TSA
MISSING_STRUCTURED_COMMENT:1 sequences do not include structured comments.
MISSING_PROJECT:13 sequences do not include project.
DISC_INCONSISTENT_MOLINFO_TECH:Molinfo Technique Report (some missing, all same)


Detailed Report

FATAL: DiscRep_ALL:MISSING_PROTEIN_ID::12 proteins have invalid IDs.
plasmid_files/KC355363.1_results/PROKKA_06292018:KC355363.1_1 (length 186)
plasmid_files/KC355363.1_results/PROKKA_06292018:KC355363.1_2 (length 92)
plasmid_files/KC355363.1_results/PROKKA_06292018:KC355363.1_3 (length 141)
plasmid_files/KC355363.1_results/PROKKA_06292018:KC355363.1_4 (length 51)
plasmid_files/KC355363.1_results/PROKKA_06292018:KC355363.1_5 (length 98)
plasmid_files/KC355363.1_results/PROKKA_06292018:KC355363.1_6 (length 326)
plasmid_files/KC355363.1_results/PROKKA_06292018:KC355363.1_7 (length 293)
plasmid_files/KC355363.1_results/PROKKA_06292018:KC355363.1_8 (length 160)
plasmid_files/KC355363.1_results/PROKKA_06292018:KC355363.1_9 (length 326)
plasmid_files/KC355363.1_results/PROKKA_06292018:KC355363.1_10 (length 185)
plasmid_files/KC355363.1_results/PROKKA_06292018:KC355363.1_11 (length 1001)
plasmid_files/KC355363.1_results/PROKKA_06292018:KC355363.1_12 (length 189)

DiscRep_ALL:DISC_SOURCE_QUALS_ASNDISC::strain (all present, all unique)
DiscRep_SUB:DISC_SOURCE_QUALS_ASNDISC::1 sources have unique values for strain
DiscRep_ALL:DISC_SOURCE_QUALS_ASNDISC::taxname (all present, all unique)
DiscRep_SUB:DISC_SOURCE_QUALS_ASNDISC::1 sources have unique values for taxname
DiscRep_ALL:DISC_FEATURE_COUNT::CDS: 12 present
DiscRep_ALL:DISC_COUNT_NUCLEOTIDES::1 nucleotide Bioseqs are present
plasmid_files/KC355363.1_results/PROKKA_06292018:KC355363.1 (length 11467)

DiscRep_ALL:FEATURE_LOCATION_CONFLICT::12 features have inconsistent gene locations.
DiscRep_SUB:FEATURE_LOCATION_CONFLICT::Coding region xref gene does not exist
plasmid_files/KC355363.1_results/PROKKA_06292018:CDS	hypothetical protein	KC355363.1:535-1095	ABIOHBLG_00001

DiscRep_SUB:FEATURE_LOCATION_CONFLICT::Coding region xref gene does not exist
plasmid_files/KC355363.1_results/PROKKA_06292018:CDS	hypothetical protein	KC355363.1:1629-1907	ABIOHBLG_00002

DiscRep_SUB:FEATURE_LOCATION_CONFLICT::Coding region xref gene does not exist
plasmid_files/KC355363.1_results/PROKKA_06292018:CDS	Antirestriction protein KlcA	KC355363.1:2018-2443	ABIOHBLG_00003

DiscRep_SUB:FEATURE_LOCATION_CONFLICT::Coding region xref gene does not exist
plasmid_files/KC355363.1_results/PROKKA_06292018:CDS	hypothetical protein	KC355363.1:2571-2726	ABIOHBLG_00004

DiscRep_SUB:FEATURE_LOCATION_CONFLICT::Coding region xref gene does not exist
plasmid_files/KC355363.1_results/PROKKA_06292018:CDS	hypothetical protein	KC355363.1:2772-3068	ABIOHBLG_00005

DiscRep_SUB:FEATURE_LOCATION_CONFLICT::Coding region xref gene does not exist
plasmid_files/KC355363.1_results/PROKKA_06292018:CDS	hypothetical protein	KC355363.1:3073-4053	ABIOHBLG_00006

DiscRep_SUB:FEATURE_LOCATION_CONFLICT::Coding region xref gene does not exist
plasmid_files/KC355363.1_results/PROKKA_06292018:CDS	Carbapenem-hydrolyzing beta-lactamase KPC	KC355363.1:c5184-4303	ABIOHBLG_00007

DiscRep_SUB:FEATURE_LOCATION_CONFLICT::Coding region xref gene does not exist
plasmid_files/KC355363.1_results/PROKKA_06292018:CDS	Beta-lactamase TEM	KC355363.1:c5888-5406	ABIOHBLG_00008

DiscRep_SUB:FEATURE_LOCATION_CONFLICT::Coding region xref gene does not exist
plasmid_files/KC355363.1_results/PROKKA_06292018:CDS	hypothetical protein	KC355363.1:c7111-6131	ABIOHBLG_00009

DiscRep_SUB:FEATURE_LOCATION_CONFLICT::Coding region xref gene does not exist
plasmid_files/KC355363.1_results/PROKKA_06292018:CDS	Transposon Tn3 resolvase	KC355363.1:c7791-7234	ABIOHBLG_00010

DiscRep_SUB:FEATURE_LOCATION_CONFLICT::Coding region xref gene does not exist
plasmid_files/KC355363.1_results/PROKKA_06292018:CDS	hypothetical protein	KC355363.1:7955-10960	ABIOHBLG_00011

DiscRep_SUB:FEATURE_LOCATION_CONFLICT::Coding region xref gene does not exist
plasmid_files/KC355363.1_results/PROKKA_06292018:CDS	hypothetical protein	KC355363.1:c11453-10884	ABIOHBLG_00012

DiscRep_ALL:DISC_QUALITY_SCORES::Quality scores are missing on all sequences.

DiscRep_ALL:ONCALLER_COMMENT_PRESENT::1 comment descriptors were found (all same)
plasmid_files/KC355363.1_results/PROKKA_06292018:KC355363.1:Annotated using prokka 1.14-dev from https://github.com/tseemann/prokka

DiscRep_ALL:MISSING_GENOMEASSEMBLY_COMMENTS::1 bioseqs are missing GenomeAssembly structured comments
plasmid_files/KC355363.1_results/PROKKA_06292018:KC355363.1 (length 11467)

DiscRep_ALL:MOLTYPE_NOT_MRNA::1 molecule types are not set as mRNA.
plasmid_files/KC355363.1_results/PROKKA_06292018:KC355363.1 (length 11467)

DiscRep_ALL:TECHNIQUE_NOT_TSA::1 technique are not set as TSA
plasmid_files/KC355363.1_results/PROKKA_06292018:KC355363.1 (length 11467)

DiscRep_ALL:MISSING_STRUCTURED_COMMENT::1 sequences do not include structured comments.
plasmid_files/KC355363.1_results/PROKKA_06292018:KC355363.1 (length 11467)

DiscRep_ALL:MISSING_PROJECT::13 sequences do not include project.
plasmid_files/KC355363.1_results/PROKKA_06292018:KC355363.1 (length 11467)
plasmid_files/KC355363.1_results/PROKKA_06292018:KC355363.1_1 (length 186)
plasmid_files/KC355363.1_results/PROKKA_06292018:KC355363.1_2 (length 92)
plasmid_files/KC355363.1_results/PROKKA_06292018:KC355363.1_3 (length 141)
plasmid_files/KC355363.1_results/PROKKA_06292018:KC355363.1_4 (length 51)
plasmid_files/KC355363.1_results/PROKKA_06292018:KC355363.1_5 (length 98)
plasmid_files/KC355363.1_results/PROKKA_06292018:KC355363.1_6 (length 326)
plasmid_files/KC355363.1_results/PROKKA_06292018:KC355363.1_7 (length 293)
plasmid_files/KC355363.1_results/PROKKA_06292018:KC355363.1_8 (length 160)
plasmid_files/KC355363.1_results/PROKKA_06292018:KC355363.1_9 (length 326)
plasmid_files/KC355363.1_results/PROKKA_06292018:KC355363.1_10 (length 185)
plasmid_files/KC355363.1_results/PROKKA_06292018:KC355363.1_11 (length 1001)
plasmid_files/KC355363.1_results/PROKKA_06292018:KC355363.1_12 (length 189)

DiscRep_ALL:DISC_INCONSISTENT_MOLINFO_TECH::Molinfo Technique Report (some missing, all same)
DiscRep_SUB:DISC_INCONSISTENT_MOLINFO_TECH::technique (all missing)
DiscRep_SUB:DISC_INCONSISTENT_MOLINFO_TECH::1 Molinfos are missing field technique
plasmid_files/KC355363.1_results/PROKKA_06292018:KC355363.1 (length 11467)

