[10:09:28] This is prokka 1.14-dev
[10:09:28] Written by Torsten Seemann <torsten.seemann@gmail.com>
[10:09:28] Homepage is https://github.com/tseemann/prokka
[10:09:28] Local time is Fri Jun 29 10:09:28 2018
[10:09:28] You are christian
[10:09:28] Operating system is linux
[10:09:28] You have BioPerl 1.007002
[10:09:28] System has 20 cores.
[10:09:28] Will use maximum of 20 cores.
[10:09:28] Annotating as >>> Bacteria <<<
[10:09:28] Generating locus_tag from 'plasmid_files/KC355363.1.fasta' contents.
[10:09:28] Setting --locustag ABIOHBLG from MD5 ab281b50ab01bac681e363d6e58e51aa
[10:09:28] Creating new output folder: plasmid_files/KC355363.1_results
[10:09:28] Running: mkdir -p plasmid_files\/KC355363\.1_results
[10:09:28] Using filename prefix: PROKKA_06292018.XXX
[10:09:28] Setting HMMER_NCPU=1
[10:09:28] Writing log to: plasmid_files/KC355363.1_results/PROKKA_06292018.log
[10:09:28] Command: /home/christian/install/prokka/bin/prokka plasmid_files/KC355363.1.fasta --outdir plasmid_files/KC355363.1_results --cpus 20
[10:09:28] Appending to PATH: /home/christian/install/prokka/bin/../binaries/linux
[10:09:28] Appending to PATH: /home/christian/install/prokka/bin/../binaries/linux/../common
[10:09:28] Appending to PATH: /home/christian/install/prokka/bin
[10:09:28] Looking for 'aragorn' - found /home/christian/install/prokka/bin/../binaries/linux/aragorn
[10:09:28] Determined aragorn version is 1.2
[10:09:28] Looking for 'blastp' - found /usr/bin/blastp
[10:09:28] Determined blastp version is 2.2
[10:09:28] Looking for 'cmpress' - found /usr/local/bin/cmpress
[10:09:28] Determined cmpress version is 1.1
[10:09:28] Looking for 'cmscan' - found /usr/local/bin/cmscan
[10:09:28] Determined cmscan version is 1.1
[10:09:28] Looking for 'egrep' - found /bin/egrep
[10:09:28] Looking for 'find' - found /usr/bin/find
[10:09:28] Looking for 'grep' - found /bin/grep
[10:09:28] Looking for 'hmmpress' - found /usr/local/bin/hmmpress
[10:09:28] Determined hmmpress version is 3.1
[10:09:28] Looking for 'hmmscan' - found /usr/local/bin/hmmscan
[10:09:28] Determined hmmscan version is 3.1
[10:09:28] Looking for 'java' - found /usr/bin/java
[10:09:28] Looking for 'less' - found /usr/bin/less
[10:09:28] Looking for 'makeblastdb' - found /usr/bin/makeblastdb
[10:09:28] Determined makeblastdb version is 2.2
[10:09:28] Looking for 'minced' - found /home/christian/install/prokka/bin/../binaries/linux/../common/minced
[10:09:28] Determined minced version is 2.0
[10:09:28] Looking for 'parallel' - found /usr/bin/parallel
[10:09:28] Determined parallel version is 20141022
[10:09:28] Looking for 'prodigal' - found /usr/local/bin/prodigal
[10:09:28] Determined prodigal version is 2.6
[10:09:28] Looking for 'prokka-genbank_to_fasta_db' - found /home/christian/install/prokka/bin/prokka-genbank_to_fasta_db
[10:09:28] Looking for 'sed' - found /bin/sed
[10:09:28] Looking for 'tbl2asn' - found /home/christian/install/prokka/bin/../binaries/linux/tbl2asn
[10:09:28] Determined tbl2asn version is 25.6
[10:09:28] Using genetic code table 11.
[10:09:28] Loading and checking input file: plasmid_files/KC355363.1.fasta
[10:09:28] Wrote 1 contigs totalling 11467 bp.
[10:09:28] Predicting tRNAs and tmRNAs
[10:09:28] Running: aragorn -l -gc11  -w plasmid_files\/KC355363\.1_results\/PROKKA_06292018\.fna
[10:09:28] Found 0 tRNAs
[10:09:28] Predicting Ribosomal RNAs
[10:09:28] You need either Barrnap or RNAmmer installed to predict rRNAs!
[10:09:28] Skipping ncRNA search, enable with --rfam if desired.
[10:09:28] Total of 0 tRNA + rRNA features
[10:09:28] Searching for CRISPR repeats
[10:09:28] Found 0 CRISPRs
[10:09:28] Predicting coding sequences
[10:09:28] Contigs total 11467 bp, so using meta mode
[10:09:28] Running: prodigal -i plasmid_files\/KC355363\.1_results\/PROKKA_06292018\.fna -c -m -g 11 -p meta -f sco -q
[10:09:29] Found 12 CDS
[10:09:29] Connecting features back to sequences
[10:09:29] Not using genus-specific database. Try --usegenus to enable it.
[10:09:29] Annotating CDS, please be patient.
[10:09:29] Will use 20 CPUs for similarity searching.
[10:09:29] There are still 12 unannotated CDS left (started with 12)
[10:09:29] Will use blast to search against /home/christian/install/prokka/db/kingdom/Bacteria/sprot with 20 CPUs
[10:09:29] Running: cat plasmid_files\/KC355363\.1_results\/sprot\.faa | parallel --gnu --plain -j 20 --block 77 --recstart '>' --pipe blastp -query - -db /home/christian/install/prokka/db/kingdom/Bacteria/sprot -evalue 1e-06 -num_threads 1 -num_descriptions 1 -num_alignments 1 -seg no > plasmid_files\/KC355363\.1_results\/sprot\.blast 2> /dev/null
[10:09:29] Deleting unwanted file: plasmid_files/KC355363.1_results/sprot.faa
[10:09:29] Deleting unwanted file: plasmid_files/KC355363.1_results/sprot.blast
[10:09:29] There are still 8 unannotated CDS left (started with 12)
[10:09:29] Will use hmmer3 to search against /home/christian/install/prokka/db/hmm/HAMAP.hmm with 20 CPUs
[10:09:29] Running: cat plasmid_files\/KC355363\.1_results\/HAMAP\.hmm\.faa | parallel --gnu --plain -j 20 --block 57 --recstart '>' --pipe hmmscan --noali --notextw --acc -E 1e-06 --cpu 1 /home/christian/install/prokka/db/hmm/HAMAP.hmm /dev/stdin > plasmid_files\/KC355363\.1_results\/HAMAP\.hmm\.hmmer3 2> /dev/null
[10:09:29] Deleting unwanted file: plasmid_files/KC355363.1_results/HAMAP.hmm.faa
[10:09:29] Deleting unwanted file: plasmid_files/KC355363.1_results/HAMAP.hmm.hmmer3
[10:09:29] Labelling remaining 8 proteins as 'hypothetical protein'
[10:09:29] Found 3 unique /gene codes.
[10:09:29] Fixed 2 duplicate /gene - bla_1 bla_2
[10:09:29] Fixed 1 colliding /gene names.
[10:09:29] Adding /locus_tag identifiers
[10:09:29] Assigned 12 locus_tags to CDS and RNA features.
[10:09:29] Writing outputs to plasmid_files/KC355363.1_results/
[10:09:29] Generating annotation statistics file
[10:09:29] Generating Genbank and Sequin files
[10:09:29] Running: tbl2asn -V b -a r10k -l paired-ends -M n -N 1 -y 'Annotated using prokka 1.14-dev from https://github.com/tseemann/prokka' -Z plasmid_files\/KC355363\.1_results\/PROKKA_06292018\.err -i plasmid_files\/KC355363\.1_results\/PROKKA_06292018\.fsa 2> /dev/null
[10:09:30] Deleting unwanted file: plasmid_files/KC355363.1_results/errorsummary.val
[10:09:30] Deleting unwanted file: plasmid_files/KC355363.1_results/PROKKA_06292018.dr
[10:09:30] Deleting unwanted file: plasmid_files/KC355363.1_results/PROKKA_06292018.fixedproducts
[10:09:30] Deleting unwanted file: plasmid_files/KC355363.1_results/PROKKA_06292018.ecn
[10:09:30] Deleting unwanted file: plasmid_files/KC355363.1_results/PROKKA_06292018.val
[10:09:30] Repairing broken .GBK output that tbl2asn produces...
[10:09:30] Running: sed 's/COORDINATES: profile/COORDINATES:profile/' < plasmid_files\/KC355363\.1_results\/PROKKA_06292018\.gbf > plasmid_files\/KC355363\.1_results\/PROKKA_06292018\.gbk
[10:09:30] Deleting unwanted file: plasmid_files/KC355363.1_results/PROKKA_06292018.gbf
[10:09:30] Output files:
[10:09:30] plasmid_files/KC355363.1_results/PROKKA_06292018.sqn
[10:09:30] plasmid_files/KC355363.1_results/PROKKA_06292018.fsa
[10:09:30] plasmid_files/KC355363.1_results/PROKKA_06292018.tbl
[10:09:30] plasmid_files/KC355363.1_results/PROKKA_06292018.log
[10:09:30] plasmid_files/KC355363.1_results/PROKKA_06292018.gff
[10:09:30] plasmid_files/KC355363.1_results/PROKKA_06292018.txt
[10:09:30] plasmid_files/KC355363.1_results/PROKKA_06292018.gbk
[10:09:30] plasmid_files/KC355363.1_results/PROKKA_06292018.faa
[10:09:30] plasmid_files/KC355363.1_results/PROKKA_06292018.fna
[10:09:30] plasmid_files/KC355363.1_results/PROKKA_06292018.tsv
[10:09:30] plasmid_files/KC355363.1_results/PROKKA_06292018.ffn
[10:09:30] plasmid_files/KC355363.1_results/PROKKA_06292018.err
[10:09:30] Annotation finished successfully.
[10:09:30] Walltime used: 0.03 minutes
[10:09:30] If you use this result please cite the Prokka paper:
[10:09:30] Seemann T (2014) Prokka: rapid prokaryotic genome annotation. Bioinformatics. 30(14):2068-9.
[10:09:30] Type 'prokka --citation' for more details.
[10:09:30] Thank you, come again.
