Discrepancy Report Results

Summary
FATAL: MISSING_PROTEIN_ID:129 proteins have invalid IDs.
DISC_SOURCE_QUALS_ASNDISC:strain (all present, all unique)
DISC_SOURCE_QUALS_ASNDISC:taxname (all present, all unique)
DISC_FEATURE_COUNT:CDS: 129 present
DISC_COUNT_NUCLEOTIDES:1 nucleotide Bioseqs are present
FEATURE_LOCATION_CONFLICT:129 features have inconsistent gene locations.
SUSPECT_PRODUCT_NAMES:1 product_names contain suspect phrase or characters
	May contain database identifier more appropriate in note; remove from product name
		1 features Three or more numbers together
DISC_QUALITY_SCORES:Quality scores are missing on all sequences.
ONCALLER_COMMENT_PRESENT:1 comment descriptors were found (all same)
SHORT_PROT_SEQUENCES:2 protein sequences are shorter than 50 aa.
MISSING_GENOMEASSEMBLY_COMMENTS:1 bioseqs are missing GenomeAssembly structured comments
MOLTYPE_NOT_MRNA:1 molecule types are not set as mRNA.
TECHNIQUE_NOT_TSA:1 technique are not set as TSA
MISSING_STRUCTURED_COMMENT:1 sequences do not include structured comments.
MISSING_PROJECT:130 sequences do not include project.
DISC_INCONSISTENT_MOLINFO_TECH:Molinfo Technique Report (some missing, all same)


Detailed Report

FATAL: DiscRep_ALL:MISSING_PROTEIN_ID::129 proteins have invalid IDs.
plasmid_files/CP022693.1_results/PROKKA_06292018:CP022693.1_1 (length 298)
plasmid_files/CP022693.1_results/PROKKA_06292018:CP022693.1_2 (length 401)
plasmid_files/CP022693.1_results/PROKKA_06292018:CP022693.1_3 (length 324)
plasmid_files/CP022693.1_results/PROKKA_06292018:CP022693.1_4 (length 110)
plasmid_files/CP022693.1_results/PROKKA_06292018:CP022693.1_5 (length 57)
plasmid_files/CP022693.1_results/PROKKA_06292018:CP022693.1_6 (length 675)
plasmid_files/CP022693.1_results/PROKKA_06292018:CP022693.1_7 (length 438)
plasmid_files/CP022693.1_results/PROKKA_06292018:CP022693.1_8 (length 1085)
plasmid_files/CP022693.1_results/PROKKA_06292018:CP022693.1_9 (length 422)
plasmid_files/CP022693.1_results/PROKKA_06292018:CP022693.1_10 (length 157)
plasmid_files/CP022693.1_results/PROKKA_06292018:CP022693.1_11 (length 82)
plasmid_files/CP022693.1_results/PROKKA_06292018:CP022693.1_12 (length 260)
plasmid_files/CP022693.1_results/PROKKA_06292018:CP022693.1_13 (length 110)
plasmid_files/CP022693.1_results/PROKKA_06292018:CP022693.1_14 (length 132)
plasmid_files/CP022693.1_results/PROKKA_06292018:CP022693.1_15 (length 109)
plasmid_files/CP022693.1_results/PROKKA_06292018:CP022693.1_16 (length 102)
plasmid_files/CP022693.1_results/PROKKA_06292018:CP022693.1_17 (length 83)
plasmid_files/CP022693.1_results/PROKKA_06292018:CP022693.1_18 (length 76)
plasmid_files/CP022693.1_results/PROKKA_06292018:CP022693.1_19 (length 138)
plasmid_files/CP022693.1_results/PROKKA_06292018:CP022693.1_20 (length 236)
plasmid_files/CP022693.1_results/PROKKA_06292018:CP022693.1_21 (length 91)
plasmid_files/CP022693.1_results/PROKKA_06292018:CP022693.1_22 (length 125)
plasmid_files/CP022693.1_results/PROKKA_06292018:CP022693.1_23 (length 140)
plasmid_files/CP022693.1_results/PROKKA_06292018:CP022693.1_24 (length 564)
plasmid_files/CP022693.1_results/PROKKA_06292018:CP022693.1_25 (length 120)
plasmid_files/CP022693.1_results/PROKKA_06292018:CP022693.1_26 (length 78)
plasmid_files/CP022693.1_results/PROKKA_06292018:CP022693.1_27 (length 235)
plasmid_files/CP022693.1_results/PROKKA_06292018:CP022693.1_28 (length 422)
plasmid_files/CP022693.1_results/PROKKA_06292018:CP022693.1_29 (length 136)
plasmid_files/CP022693.1_results/PROKKA_06292018:CP022693.1_30 (length 286)
plasmid_files/CP022693.1_results/PROKKA_06292018:CP022693.1_31 (length 83)
plasmid_files/CP022693.1_results/PROKKA_06292018:CP022693.1_32 (length 119)
plasmid_files/CP022693.1_results/PROKKA_06292018:CP022693.1_33 (length 234)
plasmid_files/CP022693.1_results/PROKKA_06292018:CP022693.1_34 (length 965)
plasmid_files/CP022693.1_results/PROKKA_06292018:CP022693.1_35 (length 206)
plasmid_files/CP022693.1_results/PROKKA_06292018:CP022693.1_36 (length 119)
plasmid_files/CP022693.1_results/PROKKA_06292018:CP022693.1_37 (length 38)
plasmid_files/CP022693.1_results/PROKKA_06292018:CP022693.1_38 (length 119)
plasmid_files/CP022693.1_results/PROKKA_06292018:CP022693.1_39 (length 70)
plasmid_files/CP022693.1_results/PROKKA_06292018:CP022693.1_40 (length 394)
plasmid_files/CP022693.1_results/PROKKA_06292018:CP022693.1_41 (length 439)
plasmid_files/CP022693.1_results/PROKKA_06292018:CP022693.1_42 (length 293)
plasmid_files/CP022693.1_results/PROKKA_06292018:CP022693.1_43 (length 79)
plasmid_files/CP022693.1_results/PROKKA_06292018:CP022693.1_44 (length 259)
plasmid_files/CP022693.1_results/PROKKA_06292018:CP022693.1_45 (length 341)
plasmid_files/CP022693.1_results/PROKKA_06292018:CP022693.1_46 (length 1009)
plasmid_files/CP022693.1_results/PROKKA_06292018:CP022693.1_47 (length 571)
plasmid_files/CP022693.1_results/PROKKA_06292018:CP022693.1_48 (length 51)
plasmid_files/CP022693.1_results/PROKKA_06292018:CP022693.1_49 (length 330)
plasmid_files/CP022693.1_results/PROKKA_06292018:CP022693.1_50 (length 203)
plasmid_files/CP022693.1_results/PROKKA_06292018:CP022693.1_51 (length 187)
plasmid_files/CP022693.1_results/PROKKA_06292018:CP022693.1_52 (length 285)
plasmid_files/CP022693.1_results/PROKKA_06292018:CP022693.1_53 (length 83)
plasmid_files/CP022693.1_results/PROKKA_06292018:CP022693.1_54 (length 186)
plasmid_files/CP022693.1_results/PROKKA_06292018:CP022693.1_55 (length 102)
plasmid_files/CP022693.1_results/PROKKA_06292018:CP022693.1_56 (length 216)
plasmid_files/CP022693.1_results/PROKKA_06292018:CP022693.1_57 (length 214)
plasmid_files/CP022693.1_results/PROKKA_06292018:CP022693.1_58 (length 73)
plasmid_files/CP022693.1_results/PROKKA_06292018:CP022693.1_59 (length 197)
plasmid_files/CP022693.1_results/PROKKA_06292018:CP022693.1_60 (length 241)
plasmid_files/CP022693.1_results/PROKKA_06292018:CP022693.1_61 (length 1753)
plasmid_files/CP022693.1_results/PROKKA_06292018:CP022693.1_62 (length 770)
plasmid_files/CP022693.1_results/PROKKA_06292018:CP022693.1_63 (length 229)
plasmid_files/CP022693.1_results/PROKKA_06292018:CP022693.1_64 (length 243)
plasmid_files/CP022693.1_results/PROKKA_06292018:CP022693.1_65 (length 182)
plasmid_files/CP022693.1_results/PROKKA_06292018:CP022693.1_66 (length 949)
plasmid_files/CP022693.1_results/PROKKA_06292018:CP022693.1_67 (length 455)
plasmid_files/CP022693.1_results/PROKKA_06292018:CP022693.1_68 (length 147)
plasmid_files/CP022693.1_results/PROKKA_06292018:CP022693.1_69 (length 185)
plasmid_files/CP022693.1_results/PROKKA_06292018:CP022693.1_70 (length 79)
plasmid_files/CP022693.1_results/PROKKA_06292018:CP022693.1_71 (length 250)
plasmid_files/CP022693.1_results/PROKKA_06292018:CP022693.1_72 (length 108)
plasmid_files/CP022693.1_results/PROKKA_06292018:CP022693.1_73 (length 88)
plasmid_files/CP022693.1_results/PROKKA_06292018:CP022693.1_74 (length 84)
plasmid_files/CP022693.1_results/PROKKA_06292018:CP022693.1_75 (length 651)
plasmid_files/CP022693.1_results/PROKKA_06292018:CP022693.1_76 (length 212)
plasmid_files/CP022693.1_results/PROKKA_06292018:CP022693.1_77 (length 329)
plasmid_files/CP022693.1_results/PROKKA_06292018:CP022693.1_78 (length 129)
plasmid_files/CP022693.1_results/PROKKA_06292018:CP022693.1_79 (length 208)
plasmid_files/CP022693.1_results/PROKKA_06292018:CP022693.1_80 (length 129)
plasmid_files/CP022693.1_results/PROKKA_06292018:CP022693.1_81 (length 879)
plasmid_files/CP022693.1_results/PROKKA_06292018:CP022693.1_82 (length 130)
plasmid_files/CP022693.1_results/PROKKA_06292018:CP022693.1_83 (length 80)
plasmid_files/CP022693.1_results/PROKKA_06292018:CP022693.1_84 (length 103)
plasmid_files/CP022693.1_results/PROKKA_06292018:CP022693.1_85 (length 72)
plasmid_files/CP022693.1_results/PROKKA_06292018:CP022693.1_86 (length 136)
plasmid_files/CP022693.1_results/PROKKA_06292018:CP022693.1_87 (length 190)
plasmid_files/CP022693.1_results/PROKKA_06292018:CP022693.1_88 (length 474)
plasmid_files/CP022693.1_results/PROKKA_06292018:CP022693.1_89 (length 246)
plasmid_files/CP022693.1_results/PROKKA_06292018:CP022693.1_90 (length 188)
plasmid_files/CP022693.1_results/PROKKA_06292018:CP022693.1_91 (length 101)
plasmid_files/CP022693.1_results/PROKKA_06292018:CP022693.1_92 (length 122)
plasmid_files/CP022693.1_results/PROKKA_06292018:CP022693.1_93 (length 128)
plasmid_files/CP022693.1_results/PROKKA_06292018:CP022693.1_94 (length 228)
plasmid_files/CP022693.1_results/PROKKA_06292018:CP022693.1_95 (length 132)
plasmid_files/CP022693.1_results/PROKKA_06292018:CP022693.1_96 (length 161)
plasmid_files/CP022693.1_results/PROKKA_06292018:CP022693.1_97 (length 104)
plasmid_files/CP022693.1_results/PROKKA_06292018:CP022693.1_98 (length 273)
plasmid_files/CP022693.1_results/PROKKA_06292018:CP022693.1_99 (length 277)
plasmid_files/CP022693.1_results/PROKKA_06292018:CP022693.1_100 (length 48)
plasmid_files/CP022693.1_results/PROKKA_06292018:CP022693.1_101 (length 115)
plasmid_files/CP022693.1_results/PROKKA_06292018:CP022693.1_102 (length 117)
plasmid_files/CP022693.1_results/PROKKA_06292018:CP022693.1_103 (length 116)
plasmid_files/CP022693.1_results/PROKKA_06292018:CP022693.1_104 (length 90)
plasmid_files/CP022693.1_results/PROKKA_06292018:CP022693.1_105 (length 118)
plasmid_files/CP022693.1_results/PROKKA_06292018:CP022693.1_106 (length 240)
plasmid_files/CP022693.1_results/PROKKA_06292018:CP022693.1_107 (length 143)
plasmid_files/CP022693.1_results/PROKKA_06292018:CP022693.1_108 (length 669)
plasmid_files/CP022693.1_results/PROKKA_06292018:CP022693.1_109 (length 80)
plasmid_files/CP022693.1_results/PROKKA_06292018:CP022693.1_110 (length 170)
plasmid_files/CP022693.1_results/PROKKA_06292018:CP022693.1_111 (length 109)
plasmid_files/CP022693.1_results/PROKKA_06292018:CP022693.1_112 (length 187)
plasmid_files/CP022693.1_results/PROKKA_06292018:CP022693.1_113 (length 451)
plasmid_files/CP022693.1_results/PROKKA_06292018:CP022693.1_114 (length 76)
plasmid_files/CP022693.1_results/PROKKA_06292018:CP022693.1_115 (length 75)
plasmid_files/CP022693.1_results/PROKKA_06292018:CP022693.1_116 (length 105)
plasmid_files/CP022693.1_results/PROKKA_06292018:CP022693.1_117 (length 84)
plasmid_files/CP022693.1_results/PROKKA_06292018:CP022693.1_118 (length 63)
plasmid_files/CP022693.1_results/PROKKA_06292018:CP022693.1_119 (length 168)
plasmid_files/CP022693.1_results/PROKKA_06292018:CP022693.1_120 (length 142)
plasmid_files/CP022693.1_results/PROKKA_06292018:CP022693.1_121 (length 255)
plasmid_files/CP022693.1_results/PROKKA_06292018:CP022693.1_122 (length 139)
plasmid_files/CP022693.1_results/PROKKA_06292018:CP022693.1_123 (length 73)
plasmid_files/CP022693.1_results/PROKKA_06292018:CP022693.1_124 (length 233)
plasmid_files/CP022693.1_results/PROKKA_06292018:CP022693.1_125 (length 76)
plasmid_files/CP022693.1_results/PROKKA_06292018:CP022693.1_126 (length 223)
plasmid_files/CP022693.1_results/PROKKA_06292018:CP022693.1_127 (length 323)
plasmid_files/CP022693.1_results/PROKKA_06292018:CP022693.1_128 (length 143)
plasmid_files/CP022693.1_results/PROKKA_06292018:CP022693.1_129 (length 423)

DiscRep_ALL:DISC_SOURCE_QUALS_ASNDISC::strain (all present, all unique)
DiscRep_SUB:DISC_SOURCE_QUALS_ASNDISC::1 sources have unique values for strain
DiscRep_ALL:DISC_SOURCE_QUALS_ASNDISC::taxname (all present, all unique)
DiscRep_SUB:DISC_SOURCE_QUALS_ASNDISC::1 sources have unique values for taxname
DiscRep_ALL:DISC_FEATURE_COUNT::CDS: 129 present
DiscRep_ALL:DISC_COUNT_NUCLEOTIDES::1 nucleotide Bioseqs are present
plasmid_files/CP022693.1_results/PROKKA_06292018:CP022693.1 (length 113639)

DiscRep_ALL:FEATURE_LOCATION_CONFLICT::129 features have inconsistent gene locations.
DiscRep_SUB:FEATURE_LOCATION_CONFLICT::Coding region xref gene does not exist
plasmid_files/CP022693.1_results/PROKKA_06292018:CDS	Replication protein RepA	CP022693.1:51-947	BEOFLCJP_00001

DiscRep_SUB:FEATURE_LOCATION_CONFLICT::Coding region xref gene does not exist
plasmid_files/CP022693.1_results/PROKKA_06292018:CDS	Plasmid partition protein A	CP022693.1:1269-2474	BEOFLCJP_00002

DiscRep_SUB:FEATURE_LOCATION_CONFLICT::Coding region xref gene does not exist
plasmid_files/CP022693.1_results/PROKKA_06292018:CDS	Virulence regulon transcriptional activator VirB	CP022693.1:2471-3445	BEOFLCJP_00003

DiscRep_SUB:FEATURE_LOCATION_CONFLICT::Coding region xref gene does not exist
plasmid_files/CP022693.1_results/PROKKA_06292018:CDS	hypothetical protein	CP022693.1:3822-4154	BEOFLCJP_00004

DiscRep_SUB:FEATURE_LOCATION_CONFLICT::Coding region xref gene does not exist
plasmid_files/CP022693.1_results/PROKKA_06292018:CDS	hypothetical protein	CP022693.1:4156-4329	BEOFLCJP_00005

DiscRep_SUB:FEATURE_LOCATION_CONFLICT::Coding region xref gene does not exist
plasmid_files/CP022693.1_results/PROKKA_06292018:CDS	Type I restriction enzyme EcoKI M protein	CP022693.1:4706-6733	BEOFLCJP_00006

DiscRep_SUB:FEATURE_LOCATION_CONFLICT::Coding region xref gene does not exist
plasmid_files/CP022693.1_results/PROKKA_06292018:CDS	hypothetical protein	CP022693.1:6730-8046	BEOFLCJP_00007

DiscRep_SUB:FEATURE_LOCATION_CONFLICT::Coding region xref gene does not exist
plasmid_files/CP022693.1_results/PROKKA_06292018:CDS	Type-1 restriction enzyme R protein	CP022693.1:8047-11304	BEOFLCJP_00008

DiscRep_SUB:FEATURE_LOCATION_CONFLICT::Coding region xref gene does not exist
plasmid_files/CP022693.1_results/PROKKA_06292018:CDS	hypothetical protein	CP022693.1:11309-12577	BEOFLCJP_00009

DiscRep_SUB:FEATURE_LOCATION_CONFLICT::Coding region xref gene does not exist
plasmid_files/CP022693.1_results/PROKKA_06292018:CDS	hypothetical protein	CP022693.1:12697-13170	BEOFLCJP_00010

DiscRep_SUB:FEATURE_LOCATION_CONFLICT::Coding region xref gene does not exist
plasmid_files/CP022693.1_results/PROKKA_06292018:CDS	hypothetical protein	CP022693.1:13870-14118	BEOFLCJP_00011

DiscRep_SUB:FEATURE_LOCATION_CONFLICT::Coding region xref gene does not exist
plasmid_files/CP022693.1_results/PROKKA_06292018:CDS	Tyrosine recombinase XerD	CP022693.1:c15166-14384	BEOFLCJP_00012

DiscRep_SUB:FEATURE_LOCATION_CONFLICT::Coding region xref gene does not exist
plasmid_files/CP022693.1_results/PROKKA_06292018:CDS	hypothetical protein	CP022693.1:c15498-15166	BEOFLCJP_00013

DiscRep_SUB:FEATURE_LOCATION_CONFLICT::Coding region xref gene does not exist
plasmid_files/CP022693.1_results/PROKKA_06292018:CDS	hypothetical protein	CP022693.1:c15903-15505	BEOFLCJP_00014

DiscRep_SUB:FEATURE_LOCATION_CONFLICT::Coding region xref gene does not exist
plasmid_files/CP022693.1_results/PROKKA_06292018:CDS	hypothetical protein	CP022693.1:c16258-15929	BEOFLCJP_00015

DiscRep_SUB:FEATURE_LOCATION_CONFLICT::Coding region xref gene does not exist
plasmid_files/CP022693.1_results/PROKKA_06292018:CDS	hypothetical protein	CP022693.1:c16594-16286	BEOFLCJP_00016

DiscRep_SUB:FEATURE_LOCATION_CONFLICT::Coding region xref gene does not exist
plasmid_files/CP022693.1_results/PROKKA_06292018:CDS	hypothetical protein	CP022693.1:c16891-16640	BEOFLCJP_00017

DiscRep_SUB:FEATURE_LOCATION_CONFLICT::Coding region xref gene does not exist
plasmid_files/CP022693.1_results/PROKKA_06292018:CDS	Antitoxin VapB	CP022693.1:17499-17729	BEOFLCJP_00018

DiscRep_SUB:FEATURE_LOCATION_CONFLICT::Coding region xref gene does not exist
plasmid_files/CP022693.1_results/PROKKA_06292018:CDS	tRNA(fMet)-specific endonuclease VapC	CP022693.1:17726-18142	BEOFLCJP_00019

DiscRep_SUB:FEATURE_LOCATION_CONFLICT::Coding region xref gene does not exist
plasmid_files/CP022693.1_results/PROKKA_06292018:CDS	DNA replication and repair protein RecF	CP022693.1:18216-18926	BEOFLCJP_00020

DiscRep_SUB:FEATURE_LOCATION_CONFLICT::Coding region xref gene does not exist
plasmid_files/CP022693.1_results/PROKKA_06292018:CDS	hypothetical protein	CP022693.1:18960-19235	BEOFLCJP_00021

DiscRep_SUB:FEATURE_LOCATION_CONFLICT::Coding region xref gene does not exist
plasmid_files/CP022693.1_results/PROKKA_06292018:CDS	hypothetical protein	CP022693.1:19280-19657	BEOFLCJP_00022

DiscRep_SUB:FEATURE_LOCATION_CONFLICT::Coding region xref gene does not exist
plasmid_files/CP022693.1_results/PROKKA_06292018:CDS	Mercuric transport protein MerC	CP022693.1:19819-20241	BEOFLCJP_00023

DiscRep_SUB:FEATURE_LOCATION_CONFLICT::Coding region xref gene does not exist
plasmid_files/CP022693.1_results/PROKKA_06292018:CDS	Mercuric reductase	CP022693.1:20293-21987	BEOFLCJP_00024

DiscRep_SUB:FEATURE_LOCATION_CONFLICT::Coding region xref gene does not exist
plasmid_files/CP022693.1_results/PROKKA_06292018:CDS	HTH-type transcriptional activator mta	CP022693.1:22005-22367	BEOFLCJP_00025

DiscRep_SUB:FEATURE_LOCATION_CONFLICT::Coding region xref gene does not exist
plasmid_files/CP022693.1_results/PROKKA_06292018:CDS	hypothetical protein	CP022693.1:22364-22600	BEOFLCJP_00026

DiscRep_SUB:FEATURE_LOCATION_CONFLICT::Coding region xref gene does not exist
plasmid_files/CP022693.1_results/PROKKA_06292018:CDS	putative signaling protein	CP022693.1:22597-23304	BEOFLCJP_00027

DiscRep_SUB:FEATURE_LOCATION_CONFLICT::Coding region xref gene does not exist
plasmid_files/CP022693.1_results/PROKKA_06292018:CDS	Transposon Tn7 transposition protein TnsB	CP022693.1:23379-24647	BEOFLCJP_00028

DiscRep_SUB:FEATURE_LOCATION_CONFLICT::Coding region xref gene does not exist
plasmid_files/CP022693.1_results/PROKKA_06292018:CDS	hypothetical protein	CP022693.1:24694-25104	BEOFLCJP_00029

DiscRep_SUB:FEATURE_LOCATION_CONFLICT::Coding region xref gene does not exist
plasmid_files/CP022693.1_results/PROKKA_06292018:CDS	Beta-lactamase TEM	CP022693.1:c26075-25215	BEOFLCJP_00030

DiscRep_SUB:FEATURE_LOCATION_CONFLICT::Coding region xref gene does not exist
plasmid_files/CP022693.1_results/PROKKA_06292018:CDS	Transposon Tn3 resolvase	CP022693.1:c26509-26258	BEOFLCJP_00031

DiscRep_SUB:FEATURE_LOCATION_CONFLICT::Coding region xref gene does not exist
plasmid_files/CP022693.1_results/PROKKA_06292018:CDS	Beta-lactamase OXA-18	CP022693.1:c27134-26775	BEOFLCJP_00032

DiscRep_SUB:FEATURE_LOCATION_CONFLICT::Coding region xref gene does not exist
plasmid_files/CP022693.1_results/PROKKA_06292018:CDS	hypothetical protein	CP022693.1:c28523-27819	BEOFLCJP_00033

DiscRep_SUB:FEATURE_LOCATION_CONFLICT::Coding region xref gene does not exist
plasmid_files/CP022693.1_results/PROKKA_06292018:CDS	hypothetical protein	CP022693.1:28596-31493	BEOFLCJP_00034

DiscRep_SUB:FEATURE_LOCATION_CONFLICT::Coding region xref gene does not exist
plasmid_files/CP022693.1_results/PROKKA_06292018:CDS	Putative transposon Tn552 DNA-invertase bin3	CP022693.1:31582-32202	BEOFLCJP_00035

DiscRep_SUB:FEATURE_LOCATION_CONFLICT::Coding region xref gene does not exist
plasmid_files/CP022693.1_results/PROKKA_06292018:CDS	hypothetical protein	CP022693.1:32352-32711	BEOFLCJP_00036

DiscRep_SUB:FEATURE_LOCATION_CONFLICT::Coding region xref gene does not exist
plasmid_files/CP022693.1_results/PROKKA_06292018:CDS	hypothetical protein	CP022693.1:33125-33241	BEOFLCJP_00037

DiscRep_SUB:FEATURE_LOCATION_CONFLICT::Coding region xref gene does not exist
plasmid_files/CP022693.1_results/PROKKA_06292018:CDS	hypothetical protein	CP022693.1:c33727-33368	BEOFLCJP_00038

DiscRep_SUB:FEATURE_LOCATION_CONFLICT::Coding region xref gene does not exist
plasmid_files/CP022693.1_results/PROKKA_06292018:CDS	hypothetical protein	CP022693.1:c34111-33899	BEOFLCJP_00039

DiscRep_SUB:FEATURE_LOCATION_CONFLICT::Coding region xref gene does not exist
plasmid_files/CP022693.1_results/PROKKA_06292018:CDS	hypothetical protein	CP022693.1:34231-35415	BEOFLCJP_00040

DiscRep_SUB:FEATURE_LOCATION_CONFLICT::Coding region xref gene does not exist
plasmid_files/CP022693.1_results/PROKKA_06292018:CDS	hypothetical protein	CP022693.1:35692-37011	BEOFLCJP_00041

DiscRep_SUB:FEATURE_LOCATION_CONFLICT::Coding region xref gene does not exist
plasmid_files/CP022693.1_results/PROKKA_06292018:CDS	Carbapenem-hydrolyzing beta-lactamase KPC	CP022693.1:c38142-37261	BEOFLCJP_00042

DiscRep_SUB:FEATURE_LOCATION_CONFLICT::Coding region xref gene does not exist
plasmid_files/CP022693.1_results/PROKKA_06292018:CDS	hypothetical protein	CP022693.1:c38433-38194	BEOFLCJP_00043

DiscRep_SUB:FEATURE_LOCATION_CONFLICT::Coding region xref gene does not exist
plasmid_files/CP022693.1_results/PROKKA_06292018:CDS	Insertion sequence IS5376 putative ATP-binding protein	CP022693.1:c39209-38430	BEOFLCJP_00044

DiscRep_SUB:FEATURE_LOCATION_CONFLICT::Coding region xref gene does not exist
plasmid_files/CP022693.1_results/PROKKA_06292018:CDS	hypothetical protein	CP022693.1:c40231-39206	BEOFLCJP_00045

DiscRep_SUB:FEATURE_LOCATION_CONFLICT::Coding region xref gene does not exist
plasmid_files/CP022693.1_results/PROKKA_06292018:CDS	hypothetical protein	CP022693.1:c43367-40338	BEOFLCJP_00046

DiscRep_SUB:FEATURE_LOCATION_CONFLICT::Coding region xref gene does not exist
plasmid_files/CP022693.1_results/PROKKA_06292018:CDS	Tyrosine recombinase XerD	CP022693.1:43477-45192	BEOFLCJP_00047

DiscRep_SUB:FEATURE_LOCATION_CONFLICT::Coding region xref gene does not exist
plasmid_files/CP022693.1_results/PROKKA_06292018:CDS	hypothetical protein	CP022693.1:45487-45642	BEOFLCJP_00048

DiscRep_SUB:FEATURE_LOCATION_CONFLICT::Coding region xref gene does not exist
plasmid_files/CP022693.1_results/PROKKA_06292018:CDS	hypothetical protein	CP022693.1:45691-46683	BEOFLCJP_00049

DiscRep_SUB:FEATURE_LOCATION_CONFLICT::Coding region xref gene does not exist
plasmid_files/CP022693.1_results/PROKKA_06292018:CDS	hypothetical protein	CP022693.1:c47691-47080	BEOFLCJP_00050

DiscRep_SUB:FEATURE_LOCATION_CONFLICT::Coding region xref gene does not exist
plasmid_files/CP022693.1_results/PROKKA_06292018:CDS	RNA chaperone ProQ	CP022693.1:c48238-47675	BEOFLCJP_00051

DiscRep_SUB:FEATURE_LOCATION_CONFLICT::Coding region xref gene does not exist
plasmid_files/CP022693.1_results/PROKKA_06292018:CDS	hypothetical protein	CP022693.1:c50314-49457	BEOFLCJP_00052

DiscRep_SUB:FEATURE_LOCATION_CONFLICT::Coding region xref gene does not exist
plasmid_files/CP022693.1_results/PROKKA_06292018:CDS	hypothetical protein	CP022693.1:c50867-50616	BEOFLCJP_00053

DiscRep_SUB:FEATURE_LOCATION_CONFLICT::Coding region xref gene does not exist
plasmid_files/CP022693.1_results/PROKKA_06292018:CDS	Phospholipase D	CP022693.1:c51563-51003	BEOFLCJP_00054

DiscRep_SUB:FEATURE_LOCATION_CONFLICT::Coding region xref gene does not exist
plasmid_files/CP022693.1_results/PROKKA_06292018:CDS	hypothetical protein	CP022693.1:c51966-51658	BEOFLCJP_00055

DiscRep_SUB:FEATURE_LOCATION_CONFLICT::Coding region xref gene does not exist
plasmid_files/CP022693.1_results/PROKKA_06292018:CDS	hypothetical protein	CP022693.1:c52613-51963	BEOFLCJP_00056

DiscRep_SUB:FEATURE_LOCATION_CONFLICT::Coding region xref gene does not exist
plasmid_files/CP022693.1_results/PROKKA_06292018:CDS	hypothetical protein	CP022693.1:c53313-52669	BEOFLCJP_00057

DiscRep_SUB:FEATURE_LOCATION_CONFLICT::Coding region xref gene does not exist
plasmid_files/CP022693.1_results/PROKKA_06292018:CDS	hypothetical protein	CP022693.1:c53584-53363	BEOFLCJP_00058

DiscRep_SUB:FEATURE_LOCATION_CONFLICT::Coding region xref gene does not exist
plasmid_files/CP022693.1_results/PROKKA_06292018:CDS	Fertility inhibition protein	CP022693.1:c54719-54126	BEOFLCJP_00059

DiscRep_SUB:FEATURE_LOCATION_CONFLICT::Coding region xref gene does not exist
plasmid_files/CP022693.1_results/PROKKA_06292018:CDS	hypothetical protein	CP022693.1:c55516-54791	BEOFLCJP_00060

DiscRep_SUB:FEATURE_LOCATION_CONFLICT::Coding region xref gene does not exist
plasmid_files/CP022693.1_results/PROKKA_06292018:CDS	Multifunctional conjugation protein TraI	CP022693.1:c60858-55597	BEOFLCJP_00061

DiscRep_SUB:FEATURE_LOCATION_CONFLICT::Coding region xref gene does not exist
plasmid_files/CP022693.1_results/PROKKA_06292018:CDS	Coupling protein TraD	CP022693.1:c63170-60858	BEOFLCJP_00062

DiscRep_SUB:FEATURE_LOCATION_CONFLICT::Coding region xref gene does not exist
plasmid_files/CP022693.1_results/PROKKA_06292018:CDS	hypothetical protein	CP022693.1:c63988-63299	BEOFLCJP_00063

DiscRep_SUB:FEATURE_LOCATION_CONFLICT::Coding region xref gene does not exist
plasmid_files/CP022693.1_results/PROKKA_06292018:CDS	Lipoprotein YlpA	CP022693.1:c64911-64180	BEOFLCJP_00064

DiscRep_SUB:FEATURE_LOCATION_CONFLICT::Coding region xref gene does not exist
plasmid_files/CP022693.1_results/PROKKA_06292018:CDS	Protein TraS	CP022693.1:c65643-65095	BEOFLCJP_00065

DiscRep_SUB:FEATURE_LOCATION_CONFLICT::Coding region xref gene does not exist
plasmid_files/CP022693.1_results/PROKKA_06292018:CDS	hypothetical protein	CP022693.1:c68505-65656	BEOFLCJP_00066

DiscRep_SUB:FEATURE_LOCATION_CONFLICT::Coding region xref gene does not exist
plasmid_files/CP022693.1_results/PROKKA_06292018:CDS	hypothetical protein	CP022693.1:c69872-68505	BEOFLCJP_00067

DiscRep_SUB:FEATURE_LOCATION_CONFLICT::Coding region xref gene does not exist
plasmid_files/CP022693.1_results/PROKKA_06292018:CDS	hypothetical protein	CP022693.1:c70305-69862	BEOFLCJP_00068

DiscRep_SUB:FEATURE_LOCATION_CONFLICT::Coding region xref gene does not exist
plasmid_files/CP022693.1_results/PROKKA_06292018:CDS	hypothetical protein	CP022693.1:c70908-70351	BEOFLCJP_00069

DiscRep_SUB:FEATURE_LOCATION_CONFLICT::Coding region xref gene does not exist
plasmid_files/CP022693.1_results/PROKKA_06292018:CDS	Protein TraQ	CP022693.1:c71119-70880	BEOFLCJP_00070

DiscRep_SUB:FEATURE_LOCATION_CONFLICT::Coding region xref gene does not exist
plasmid_files/CP022693.1_results/PROKKA_06292018:CDS	hypothetical protein	CP022693.1:c71882-71130	BEOFLCJP_00071

DiscRep_SUB:FEATURE_LOCATION_CONFLICT::Coding region xref gene does not exist
plasmid_files/CP022693.1_results/PROKKA_06292018:CDS	hypothetical protein	CP022693.1:c72229-71903	BEOFLCJP_00072

DiscRep_SUB:FEATURE_LOCATION_CONFLICT::Coding region xref gene does not exist
plasmid_files/CP022693.1_results/PROKKA_06292018:CDS	hypothetical protein	CP022693.1:c72508-72242	BEOFLCJP_00073

DiscRep_SUB:FEATURE_LOCATION_CONFLICT::Coding region xref gene does not exist
plasmid_files/CP022693.1_results/PROKKA_06292018:CDS	hypothetical protein	CP022693.1:c72722-72468	BEOFLCJP_00074

DiscRep_SUB:FEATURE_LOCATION_CONFLICT::Coding region xref gene does not exist
plasmid_files/CP022693.1_results/PROKKA_06292018:CDS	hypothetical protein	CP022693.1:c74709-72754	BEOFLCJP_00075

DiscRep_SUB:FEATURE_LOCATION_CONFLICT::Coding region xref gene does not exist
plasmid_files/CP022693.1_results/PROKKA_06292018:CDS	hypothetical protein	CP022693.1:c75406-74768	BEOFLCJP_00076

DiscRep_SUB:FEATURE_LOCATION_CONFLICT::Coding region xref gene does not exist
plasmid_files/CP022693.1_results/PROKKA_06292018:CDS	hypothetical protein	CP022693.1:c76408-75419	BEOFLCJP_00077

DiscRep_SUB:FEATURE_LOCATION_CONFLICT::Coding region xref gene does not exist
plasmid_files/CP022693.1_results/PROKKA_06292018:CDS	hypothetical protein	CP022693.1:c76794-76405	BEOFLCJP_00078

DiscRep_SUB:FEATURE_LOCATION_CONFLICT::Coding region xref gene does not exist
plasmid_files/CP022693.1_results/PROKKA_06292018:CDS	hypothetical protein	CP022693.1:c77462-76836	BEOFLCJP_00079

DiscRep_SUB:FEATURE_LOCATION_CONFLICT::Coding region xref gene does not exist
plasmid_files/CP022693.1_results/PROKKA_06292018:CDS	hypothetical protein	CP022693.1:c77851-77462	BEOFLCJP_00080

DiscRep_SUB:FEATURE_LOCATION_CONFLICT::Coding region xref gene does not exist
plasmid_files/CP022693.1_results/PROKKA_06292018:CDS	Protein TraC	CP022693.1:c80490-77851	BEOFLCJP_00081

DiscRep_SUB:FEATURE_LOCATION_CONFLICT::Coding region xref gene does not exist
plasmid_files/CP022693.1_results/PROKKA_06292018:CDS	hypothetical protein	CP022693.1:c80954-80562	BEOFLCJP_00082

DiscRep_SUB:FEATURE_LOCATION_CONFLICT::Coding region xref gene does not exist
plasmid_files/CP022693.1_results/PROKKA_06292018:CDS	hypothetical protein	CP022693.1:c81210-80968	BEOFLCJP_00083

DiscRep_SUB:FEATURE_LOCATION_CONFLICT::Coding region xref gene does not exist
plasmid_files/CP022693.1_results/PROKKA_06292018:CDS	hypothetical protein	CP022693.1:c82182-81871	BEOFLCJP_00084

DiscRep_SUB:FEATURE_LOCATION_CONFLICT::Coding region xref gene does not exist
plasmid_files/CP022693.1_results/PROKKA_06292018:CDS	hypothetical protein	CP022693.1:c82401-82183	BEOFLCJP_00085

DiscRep_SUB:FEATURE_LOCATION_CONFLICT::Coding region xref gene does not exist
plasmid_files/CP022693.1_results/PROKKA_06292018:CDS	hypothetical protein	CP022693.1:c82917-82507	BEOFLCJP_00086

DiscRep_SUB:FEATURE_LOCATION_CONFLICT::Coding region xref gene does not exist
plasmid_files/CP022693.1_results/PROKKA_06292018:CDS	Protein TraV	CP022693.1:c83621-83049	BEOFLCJP_00087

DiscRep_SUB:FEATURE_LOCATION_CONFLICT::Coding region xref gene does not exist
plasmid_files/CP022693.1_results/PROKKA_06292018:CDS	hypothetical protein	CP022693.1:c85171-83747	BEOFLCJP_00088

DiscRep_SUB:FEATURE_LOCATION_CONFLICT::Coding region xref gene does not exist
plasmid_files/CP022693.1_results/PROKKA_06292018:CDS	hypothetical protein	CP022693.1:c85911-85171	BEOFLCJP_00089

DiscRep_SUB:FEATURE_LOCATION_CONFLICT::Coding region xref gene does not exist
plasmid_files/CP022693.1_results/PROKKA_06292018:CDS	hypothetical protein	CP022693.1:c86464-85898	BEOFLCJP_00090

DiscRep_SUB:FEATURE_LOCATION_CONFLICT::Coding region xref gene does not exist
plasmid_files/CP022693.1_results/PROKKA_06292018:CDS	hypothetical protein	CP022693.1:c86789-86484	BEOFLCJP_00091

DiscRep_SUB:FEATURE_LOCATION_CONFLICT::Coding region xref gene does not exist
plasmid_files/CP022693.1_results/PROKKA_06292018:CDS	Pilin	CP022693.1:c87171-86803	BEOFLCJP_00092

DiscRep_SUB:FEATURE_LOCATION_CONFLICT::Coding region xref gene does not exist
plasmid_files/CP022693.1_results/PROKKA_06292018:CDS	Relaxosome protein TraY	CP022693.1:c87611-87225	BEOFLCJP_00093

DiscRep_SUB:FEATURE_LOCATION_CONFLICT::Coding region xref gene does not exist
plasmid_files/CP022693.1_results/PROKKA_06292018:CDS	Protein TraJ	CP022693.1:c88376-87690	BEOFLCJP_00094

DiscRep_SUB:FEATURE_LOCATION_CONFLICT::Coding region xref gene does not exist
plasmid_files/CP022693.1_results/PROKKA_06292018:CDS	Relaxosome protein TraM	CP022693.1:c88948-88550	BEOFLCJP_00095

DiscRep_SUB:FEATURE_LOCATION_CONFLICT::Coding region xref gene does not exist
plasmid_files/CP022693.1_results/PROKKA_06292018:CDS	hypothetical protein	CP022693.1:89370-89855	BEOFLCJP_00096

DiscRep_SUB:FEATURE_LOCATION_CONFLICT::Coding region xref gene does not exist
plasmid_files/CP022693.1_results/PROKKA_06292018:CDS	hypothetical protein	CP022693.1:c90202-89888	BEOFLCJP_00097

DiscRep_SUB:FEATURE_LOCATION_CONFLICT::Coding region xref gene does not exist
plasmid_files/CP022693.1_results/PROKKA_06292018:CDS	hypothetical protein	CP022693.1:c91071-90250	BEOFLCJP_00098

DiscRep_SUB:FEATURE_LOCATION_CONFLICT::Coding region xref gene does not exist
plasmid_files/CP022693.1_results/PROKKA_06292018:CDS	hypothetical protein	CP022693.1:c92724-91891	BEOFLCJP_00099

DiscRep_SUB:FEATURE_LOCATION_CONFLICT::Coding region xref gene does not exist
plasmid_files/CP022693.1_results/PROKKA_06292018:CDS	hypothetical protein	CP022693.1:c92921-92775	BEOFLCJP_00100

DiscRep_SUB:FEATURE_LOCATION_CONFLICT::Coding region xref gene does not exist
plasmid_files/CP022693.1_results/PROKKA_06292018:CDS	hypothetical protein	CP022693.1:c93363-93016	BEOFLCJP_00101

DiscRep_SUB:FEATURE_LOCATION_CONFLICT::Coding region xref gene does not exist
plasmid_files/CP022693.1_results/PROKKA_06292018:CDS	hypothetical protein	CP022693.1:c93773-93420	BEOFLCJP_00102

DiscRep_SUB:FEATURE_LOCATION_CONFLICT::Coding region xref gene does not exist
plasmid_files/CP022693.1_results/PROKKA_06292018:CDS	hypothetical protein	CP022693.1:c94753-94403	BEOFLCJP_00103

DiscRep_SUB:FEATURE_LOCATION_CONFLICT::Coding region xref gene does not exist
plasmid_files/CP022693.1_results/PROKKA_06292018:CDS	hypothetical protein	CP022693.1:c95022-94750	BEOFLCJP_00104

DiscRep_SUB:FEATURE_LOCATION_CONFLICT::Coding region xref gene does not exist
plasmid_files/CP022693.1_results/PROKKA_06292018:CDS	hypothetical protein	CP022693.1:c95426-95070	BEOFLCJP_00105

DiscRep_SUB:FEATURE_LOCATION_CONFLICT::Coding region xref gene does not exist
plasmid_files/CP022693.1_results/PROKKA_06292018:CDS	hypothetical protein	CP022693.1:c96589-95867	BEOFLCJP_00106

DiscRep_SUB:FEATURE_LOCATION_CONFLICT::Coding region xref gene does not exist
plasmid_files/CP022693.1_results/PROKKA_06292018:CDS	Protein PsiB	CP022693.1:c97017-96586	BEOFLCJP_00107

DiscRep_SUB:FEATURE_LOCATION_CONFLICT::Coding region xref gene does not exist
plasmid_files/CP022693.1_results/PROKKA_06292018:CDS	Chromosome-partitioning protein Spo0J	CP022693.1:c99072-97063	BEOFLCJP_00108

DiscRep_SUB:FEATURE_LOCATION_CONFLICT::Coding region xref gene does not exist
plasmid_files/CP022693.1_results/PROKKA_06292018:CDS	hypothetical protein	CP022693.1:c99383-99141	BEOFLCJP_00109

DiscRep_SUB:FEATURE_LOCATION_CONFLICT::Coding region xref gene does not exist
plasmid_files/CP022693.1_results/PROKKA_06292018:CDS	Single-stranded DNA-binding protein	CP022693.1:c99943-99431	BEOFLCJP_00110

DiscRep_SUB:FEATURE_LOCATION_CONFLICT::Coding region xref gene does not exist
plasmid_files/CP022693.1_results/PROKKA_06292018:CDS	hypothetical protein	CP022693.1:100550-100879	BEOFLCJP_00111

DiscRep_SUB:FEATURE_LOCATION_CONFLICT::Coding region xref gene does not exist
plasmid_files/CP022693.1_results/PROKKA_06292018:CDS	hypothetical protein	CP022693.1:c101337-100774	BEOFLCJP_00112

DiscRep_SUB:FEATURE_LOCATION_CONFLICT::Coding region xref gene does not exist
plasmid_files/CP022693.1_results/PROKKA_06292018:CDS	hypothetical protein	CP022693.1:c102740-101385	BEOFLCJP_00113

DiscRep_SUB:FEATURE_LOCATION_CONFLICT::Coding region xref gene does not exist
plasmid_files/CP022693.1_results/PROKKA_06292018:CDS	hypothetical protein	CP022693.1:c103022-102792	BEOFLCJP_00114

DiscRep_SUB:FEATURE_LOCATION_CONFLICT::Coding region xref gene does not exist
plasmid_files/CP022693.1_results/PROKKA_06292018:CDS	hypothetical protein	CP022693.1:c103341-103114	BEOFLCJP_00115

DiscRep_SUB:FEATURE_LOCATION_CONFLICT::Coding region xref gene does not exist
plasmid_files/CP022693.1_results/PROKKA_06292018:CDS	hypothetical protein	CP022693.1:c104442-104125	BEOFLCJP_00116

DiscRep_SUB:FEATURE_LOCATION_CONFLICT::Coding region xref gene does not exist
plasmid_files/CP022693.1_results/PROKKA_06292018:CDS	DNA polymerase III subunit theta	CP022693.1:c104731-104477	BEOFLCJP_00117

DiscRep_SUB:FEATURE_LOCATION_CONFLICT::Coding region xref gene does not exist
plasmid_files/CP022693.1_results/PROKKA_06292018:CDS	hypothetical protein	CP022693.1:c105110-104919	BEOFLCJP_00118

DiscRep_SUB:FEATURE_LOCATION_CONFLICT::Coding region xref gene does not exist
plasmid_files/CP022693.1_results/PROKKA_06292018:CDS	hypothetical protein	CP022693.1:c105659-105153	BEOFLCJP_00119

DiscRep_SUB:FEATURE_LOCATION_CONFLICT::Coding region xref gene does not exist
plasmid_files/CP022693.1_results/PROKKA_06292018:CDS	Antirestriction protein KlcA	CP022693.1:c106130-105702	BEOFLCJP_00120

DiscRep_SUB:FEATURE_LOCATION_CONFLICT::Coding region xref gene does not exist
plasmid_files/CP022693.1_results/PROKKA_06292018:CDS	hypothetical protein	CP022693.1:c107577-106810	BEOFLCJP_00121

DiscRep_SUB:FEATURE_LOCATION_CONFLICT::Coding region xref gene does not exist
plasmid_files/CP022693.1_results/PROKKA_06292018:CDS	hypothetical protein	CP022693.1:c108050-107631	BEOFLCJP_00122

DiscRep_SUB:FEATURE_LOCATION_CONFLICT::Coding region xref gene does not exist
plasmid_files/CP022693.1_results/PROKKA_06292018:CDS	hypothetical protein	CP022693.1:c108281-108060	BEOFLCJP_00123

DiscRep_SUB:FEATURE_LOCATION_CONFLICT::Coding region xref gene does not exist
plasmid_files/CP022693.1_results/PROKKA_06292018:CDS	DNA adenine methyltransferase YhdJ	CP022693.1:c108982-108281	BEOFLCJP_00124

DiscRep_SUB:FEATURE_LOCATION_CONFLICT::Coding region xref gene does not exist
plasmid_files/CP022693.1_results/PROKKA_06292018:CDS	hypothetical protein	CP022693.1:c109649-109419	BEOFLCJP_00125

DiscRep_SUB:FEATURE_LOCATION_CONFLICT::Coding region xref gene does not exist
plasmid_files/CP022693.1_results/PROKKA_06292018:CDS	hypothetical protein	CP022693.1:c110381-109710	BEOFLCJP_00126

DiscRep_SUB:FEATURE_LOCATION_CONFLICT::Coding region xref gene does not exist
plasmid_files/CP022693.1_results/PROKKA_06292018:CDS	Plasmid segregation protein ParM	CP022693.1:c111355-110384	BEOFLCJP_00127

DiscRep_SUB:FEATURE_LOCATION_CONFLICT::Coding region xref gene does not exist
plasmid_files/CP022693.1_results/PROKKA_06292018:CDS	Protein UmuD	CP022693.1:111587-112018	BEOFLCJP_00128

DiscRep_SUB:FEATURE_LOCATION_CONFLICT::Coding region xref gene does not exist
plasmid_files/CP022693.1_results/PROKKA_06292018:CDS	Protein UmuC	CP022693.1:112018-113289	BEOFLCJP_00129

DiscRep_ALL:SUSPECT_PRODUCT_NAMES::1 product_names contain suspect phrase or characters
DiscRep_SUB:SUSPECT_PRODUCT_NAMES::May contain database identifier more appropriate in note; remove from product name
DiscRep_SUB:SUSPECT_PRODUCT_NAMES::1 features Three or more numbers together
plasmid_files/CP022693.1_results/PROKKA_06292018:CDS	Putative transposon Tn552 DNA-invertase bin3	CP022693.1:31582-32202	BEOFLCJP_00035

DiscRep_ALL:DISC_QUALITY_SCORES::Quality scores are missing on all sequences.

DiscRep_ALL:ONCALLER_COMMENT_PRESENT::1 comment descriptors were found (all same)
plasmid_files/CP022693.1_results/PROKKA_06292018:CP022693.1:Annotated using prokka 1.14-dev from https://github.com/tseemann/prokka

DiscRep_ALL:SHORT_PROT_SEQUENCES::2 protein sequences are shorter than 50 aa.
plasmid_files/CP022693.1_results/PROKKA_06292018:CP022693.1_37 (length 38)
plasmid_files/CP022693.1_results/PROKKA_06292018:CP022693.1_100 (length 48)

DiscRep_ALL:MISSING_GENOMEASSEMBLY_COMMENTS::1 bioseqs are missing GenomeAssembly structured comments
plasmid_files/CP022693.1_results/PROKKA_06292018:CP022693.1 (length 113639)

DiscRep_ALL:MOLTYPE_NOT_MRNA::1 molecule types are not set as mRNA.
plasmid_files/CP022693.1_results/PROKKA_06292018:CP022693.1 (length 113639)

DiscRep_ALL:TECHNIQUE_NOT_TSA::1 technique are not set as TSA
plasmid_files/CP022693.1_results/PROKKA_06292018:CP022693.1 (length 113639)

DiscRep_ALL:MISSING_STRUCTURED_COMMENT::1 sequences do not include structured comments.
plasmid_files/CP022693.1_results/PROKKA_06292018:CP022693.1 (length 113639)

DiscRep_ALL:MISSING_PROJECT::130 sequences do not include project.
plasmid_files/CP022693.1_results/PROKKA_06292018:CP022693.1 (length 113639)
plasmid_files/CP022693.1_results/PROKKA_06292018:CP022693.1_1 (length 298)
plasmid_files/CP022693.1_results/PROKKA_06292018:CP022693.1_2 (length 401)
plasmid_files/CP022693.1_results/PROKKA_06292018:CP022693.1_3 (length 324)
plasmid_files/CP022693.1_results/PROKKA_06292018:CP022693.1_4 (length 110)
plasmid_files/CP022693.1_results/PROKKA_06292018:CP022693.1_5 (length 57)
plasmid_files/CP022693.1_results/PROKKA_06292018:CP022693.1_6 (length 675)
plasmid_files/CP022693.1_results/PROKKA_06292018:CP022693.1_7 (length 438)
plasmid_files/CP022693.1_results/PROKKA_06292018:CP022693.1_8 (length 1085)
plasmid_files/CP022693.1_results/PROKKA_06292018:CP022693.1_9 (length 422)
plasmid_files/CP022693.1_results/PROKKA_06292018:CP022693.1_10 (length 157)
plasmid_files/CP022693.1_results/PROKKA_06292018:CP022693.1_11 (length 82)
plasmid_files/CP022693.1_results/PROKKA_06292018:CP022693.1_12 (length 260)
plasmid_files/CP022693.1_results/PROKKA_06292018:CP022693.1_13 (length 110)
plasmid_files/CP022693.1_results/PROKKA_06292018:CP022693.1_14 (length 132)
plasmid_files/CP022693.1_results/PROKKA_06292018:CP022693.1_15 (length 109)
plasmid_files/CP022693.1_results/PROKKA_06292018:CP022693.1_16 (length 102)
plasmid_files/CP022693.1_results/PROKKA_06292018:CP022693.1_17 (length 83)
plasmid_files/CP022693.1_results/PROKKA_06292018:CP022693.1_18 (length 76)
plasmid_files/CP022693.1_results/PROKKA_06292018:CP022693.1_19 (length 138)
plasmid_files/CP022693.1_results/PROKKA_06292018:CP022693.1_20 (length 236)
plasmid_files/CP022693.1_results/PROKKA_06292018:CP022693.1_21 (length 91)
plasmid_files/CP022693.1_results/PROKKA_06292018:CP022693.1_22 (length 125)
plasmid_files/CP022693.1_results/PROKKA_06292018:CP022693.1_23 (length 140)
plasmid_files/CP022693.1_results/PROKKA_06292018:CP022693.1_24 (length 564)
plasmid_files/CP022693.1_results/PROKKA_06292018:CP022693.1_25 (length 120)
plasmid_files/CP022693.1_results/PROKKA_06292018:CP022693.1_26 (length 78)
plasmid_files/CP022693.1_results/PROKKA_06292018:CP022693.1_27 (length 235)
plasmid_files/CP022693.1_results/PROKKA_06292018:CP022693.1_28 (length 422)
plasmid_files/CP022693.1_results/PROKKA_06292018:CP022693.1_29 (length 136)
plasmid_files/CP022693.1_results/PROKKA_06292018:CP022693.1_30 (length 286)
plasmid_files/CP022693.1_results/PROKKA_06292018:CP022693.1_31 (length 83)
plasmid_files/CP022693.1_results/PROKKA_06292018:CP022693.1_32 (length 119)
plasmid_files/CP022693.1_results/PROKKA_06292018:CP022693.1_33 (length 234)
plasmid_files/CP022693.1_results/PROKKA_06292018:CP022693.1_34 (length 965)
plasmid_files/CP022693.1_results/PROKKA_06292018:CP022693.1_35 (length 206)
plasmid_files/CP022693.1_results/PROKKA_06292018:CP022693.1_36 (length 119)
plasmid_files/CP022693.1_results/PROKKA_06292018:CP022693.1_37 (length 38)
plasmid_files/CP022693.1_results/PROKKA_06292018:CP022693.1_38 (length 119)
plasmid_files/CP022693.1_results/PROKKA_06292018:CP022693.1_39 (length 70)
plasmid_files/CP022693.1_results/PROKKA_06292018:CP022693.1_40 (length 394)
plasmid_files/CP022693.1_results/PROKKA_06292018:CP022693.1_41 (length 439)
plasmid_files/CP022693.1_results/PROKKA_06292018:CP022693.1_42 (length 293)
plasmid_files/CP022693.1_results/PROKKA_06292018:CP022693.1_43 (length 79)
plasmid_files/CP022693.1_results/PROKKA_06292018:CP022693.1_44 (length 259)
plasmid_files/CP022693.1_results/PROKKA_06292018:CP022693.1_45 (length 341)
plasmid_files/CP022693.1_results/PROKKA_06292018:CP022693.1_46 (length 1009)
plasmid_files/CP022693.1_results/PROKKA_06292018:CP022693.1_47 (length 571)
plasmid_files/CP022693.1_results/PROKKA_06292018:CP022693.1_48 (length 51)
plasmid_files/CP022693.1_results/PROKKA_06292018:CP022693.1_49 (length 330)
plasmid_files/CP022693.1_results/PROKKA_06292018:CP022693.1_50 (length 203)
plasmid_files/CP022693.1_results/PROKKA_06292018:CP022693.1_51 (length 187)
plasmid_files/CP022693.1_results/PROKKA_06292018:CP022693.1_52 (length 285)
plasmid_files/CP022693.1_results/PROKKA_06292018:CP022693.1_53 (length 83)
plasmid_files/CP022693.1_results/PROKKA_06292018:CP022693.1_54 (length 186)
plasmid_files/CP022693.1_results/PROKKA_06292018:CP022693.1_55 (length 102)
plasmid_files/CP022693.1_results/PROKKA_06292018:CP022693.1_56 (length 216)
plasmid_files/CP022693.1_results/PROKKA_06292018:CP022693.1_57 (length 214)
plasmid_files/CP022693.1_results/PROKKA_06292018:CP022693.1_58 (length 73)
plasmid_files/CP022693.1_results/PROKKA_06292018:CP022693.1_59 (length 197)
plasmid_files/CP022693.1_results/PROKKA_06292018:CP022693.1_60 (length 241)
plasmid_files/CP022693.1_results/PROKKA_06292018:CP022693.1_61 (length 1753)
plasmid_files/CP022693.1_results/PROKKA_06292018:CP022693.1_62 (length 770)
plasmid_files/CP022693.1_results/PROKKA_06292018:CP022693.1_63 (length 229)
plasmid_files/CP022693.1_results/PROKKA_06292018:CP022693.1_64 (length 243)
plasmid_files/CP022693.1_results/PROKKA_06292018:CP022693.1_65 (length 182)
plasmid_files/CP022693.1_results/PROKKA_06292018:CP022693.1_66 (length 949)
plasmid_files/CP022693.1_results/PROKKA_06292018:CP022693.1_67 (length 455)
plasmid_files/CP022693.1_results/PROKKA_06292018:CP022693.1_68 (length 147)
plasmid_files/CP022693.1_results/PROKKA_06292018:CP022693.1_69 (length 185)
plasmid_files/CP022693.1_results/PROKKA_06292018:CP022693.1_70 (length 79)
plasmid_files/CP022693.1_results/PROKKA_06292018:CP022693.1_71 (length 250)
plasmid_files/CP022693.1_results/PROKKA_06292018:CP022693.1_72 (length 108)
plasmid_files/CP022693.1_results/PROKKA_06292018:CP022693.1_73 (length 88)
plasmid_files/CP022693.1_results/PROKKA_06292018:CP022693.1_74 (length 84)
plasmid_files/CP022693.1_results/PROKKA_06292018:CP022693.1_75 (length 651)
plasmid_files/CP022693.1_results/PROKKA_06292018:CP022693.1_76 (length 212)
plasmid_files/CP022693.1_results/PROKKA_06292018:CP022693.1_77 (length 329)
plasmid_files/CP022693.1_results/PROKKA_06292018:CP022693.1_78 (length 129)
plasmid_files/CP022693.1_results/PROKKA_06292018:CP022693.1_79 (length 208)
plasmid_files/CP022693.1_results/PROKKA_06292018:CP022693.1_80 (length 129)
plasmid_files/CP022693.1_results/PROKKA_06292018:CP022693.1_81 (length 879)
plasmid_files/CP022693.1_results/PROKKA_06292018:CP022693.1_82 (length 130)
plasmid_files/CP022693.1_results/PROKKA_06292018:CP022693.1_83 (length 80)
plasmid_files/CP022693.1_results/PROKKA_06292018:CP022693.1_84 (length 103)
plasmid_files/CP022693.1_results/PROKKA_06292018:CP022693.1_85 (length 72)
plasmid_files/CP022693.1_results/PROKKA_06292018:CP022693.1_86 (length 136)
plasmid_files/CP022693.1_results/PROKKA_06292018:CP022693.1_87 (length 190)
plasmid_files/CP022693.1_results/PROKKA_06292018:CP022693.1_88 (length 474)
plasmid_files/CP022693.1_results/PROKKA_06292018:CP022693.1_89 (length 246)
plasmid_files/CP022693.1_results/PROKKA_06292018:CP022693.1_90 (length 188)
plasmid_files/CP022693.1_results/PROKKA_06292018:CP022693.1_91 (length 101)
plasmid_files/CP022693.1_results/PROKKA_06292018:CP022693.1_92 (length 122)
plasmid_files/CP022693.1_results/PROKKA_06292018:CP022693.1_93 (length 128)
plasmid_files/CP022693.1_results/PROKKA_06292018:CP022693.1_94 (length 228)
plasmid_files/CP022693.1_results/PROKKA_06292018:CP022693.1_95 (length 132)
plasmid_files/CP022693.1_results/PROKKA_06292018:CP022693.1_96 (length 161)
plasmid_files/CP022693.1_results/PROKKA_06292018:CP022693.1_97 (length 104)
plasmid_files/CP022693.1_results/PROKKA_06292018:CP022693.1_98 (length 273)
plasmid_files/CP022693.1_results/PROKKA_06292018:CP022693.1_99 (length 277)
plasmid_files/CP022693.1_results/PROKKA_06292018:CP022693.1_100 (length 48)
plasmid_files/CP022693.1_results/PROKKA_06292018:CP022693.1_101 (length 115)
plasmid_files/CP022693.1_results/PROKKA_06292018:CP022693.1_102 (length 117)
plasmid_files/CP022693.1_results/PROKKA_06292018:CP022693.1_103 (length 116)
plasmid_files/CP022693.1_results/PROKKA_06292018:CP022693.1_104 (length 90)
plasmid_files/CP022693.1_results/PROKKA_06292018:CP022693.1_105 (length 118)
plasmid_files/CP022693.1_results/PROKKA_06292018:CP022693.1_106 (length 240)
plasmid_files/CP022693.1_results/PROKKA_06292018:CP022693.1_107 (length 143)
plasmid_files/CP022693.1_results/PROKKA_06292018:CP022693.1_108 (length 669)
plasmid_files/CP022693.1_results/PROKKA_06292018:CP022693.1_109 (length 80)
plasmid_files/CP022693.1_results/PROKKA_06292018:CP022693.1_110 (length 170)
plasmid_files/CP022693.1_results/PROKKA_06292018:CP022693.1_111 (length 109)
plasmid_files/CP022693.1_results/PROKKA_06292018:CP022693.1_112 (length 187)
plasmid_files/CP022693.1_results/PROKKA_06292018:CP022693.1_113 (length 451)
plasmid_files/CP022693.1_results/PROKKA_06292018:CP022693.1_114 (length 76)
plasmid_files/CP022693.1_results/PROKKA_06292018:CP022693.1_115 (length 75)
plasmid_files/CP022693.1_results/PROKKA_06292018:CP022693.1_116 (length 105)
plasmid_files/CP022693.1_results/PROKKA_06292018:CP022693.1_117 (length 84)
plasmid_files/CP022693.1_results/PROKKA_06292018:CP022693.1_118 (length 63)
plasmid_files/CP022693.1_results/PROKKA_06292018:CP022693.1_119 (length 168)
plasmid_files/CP022693.1_results/PROKKA_06292018:CP022693.1_120 (length 142)
plasmid_files/CP022693.1_results/PROKKA_06292018:CP022693.1_121 (length 255)
plasmid_files/CP022693.1_results/PROKKA_06292018:CP022693.1_122 (length 139)
plasmid_files/CP022693.1_results/PROKKA_06292018:CP022693.1_123 (length 73)
plasmid_files/CP022693.1_results/PROKKA_06292018:CP022693.1_124 (length 233)
plasmid_files/CP022693.1_results/PROKKA_06292018:CP022693.1_125 (length 76)
plasmid_files/CP022693.1_results/PROKKA_06292018:CP022693.1_126 (length 223)
plasmid_files/CP022693.1_results/PROKKA_06292018:CP022693.1_127 (length 323)
plasmid_files/CP022693.1_results/PROKKA_06292018:CP022693.1_128 (length 143)
plasmid_files/CP022693.1_results/PROKKA_06292018:CP022693.1_129 (length 423)

DiscRep_ALL:DISC_INCONSISTENT_MOLINFO_TECH::Molinfo Technique Report (some missing, all same)
DiscRep_SUB:DISC_INCONSISTENT_MOLINFO_TECH::technique (all missing)
DiscRep_SUB:DISC_INCONSISTENT_MOLINFO_TECH::1 Molinfos are missing field technique
plasmid_files/CP022693.1_results/PROKKA_06292018:CP022693.1 (length 113639)

