Discrepancy Report Results

Summary
FATAL: MISSING_PROTEIN_ID:149 proteins have invalid IDs.
DISC_SOURCE_QUALS_ASNDISC:strain (all present, all unique)
DISC_SOURCE_QUALS_ASNDISC:taxname (all present, all unique)
DISC_FEATURE_COUNT:CDS: 149 present
DISC_COUNT_NUCLEOTIDES:1 nucleotide Bioseqs are present
FEATURE_LOCATION_CONFLICT:149 features have inconsistent gene locations.
OVERLAPPING_CDS:2 coding regions overlap another coding region with a similar or identical name.
SUSPECT_PRODUCT_NAMES:1 product_names contain suspect phrase or characters
	May contain database identifier more appropriate in note; remove from product name
		1 features Three or more numbers together
DISC_QUALITY_SCORES:Quality scores are missing on all sequences.
ONCALLER_COMMENT_PRESENT:1 comment descriptors were found (all same)
SHORT_PROT_SEQUENCES:2 protein sequences are shorter than 50 aa.
MISSING_GENOMEASSEMBLY_COMMENTS:1 bioseqs are missing GenomeAssembly structured comments
MOLTYPE_NOT_MRNA:1 molecule types are not set as mRNA.
TECHNIQUE_NOT_TSA:1 technique are not set as TSA
MISSING_STRUCTURED_COMMENT:1 sequences do not include structured comments.
MISSING_PROJECT:150 sequences do not include project.
DISC_INCONSISTENT_MOLINFO_TECH:Molinfo Technique Report (some missing, all same)


Detailed Report

FATAL: DiscRep_ALL:MISSING_PROTEIN_ID::149 proteins have invalid IDs.
plasmid_files/CP011981.1_results/PROKKA_06292018:CP011981.1_1 (length 285)
plasmid_files/CP011981.1_results/PROKKA_06292018:CP011981.1_2 (length 187)
plasmid_files/CP011981.1_results/PROKKA_06292018:CP011981.1_3 (length 203)
plasmid_files/CP011981.1_results/PROKKA_06292018:CP011981.1_4 (length 318)
plasmid_files/CP011981.1_results/PROKKA_06292018:CP011981.1_5 (length 51)
plasmid_files/CP011981.1_results/PROKKA_06292018:CP011981.1_6 (length 571)
plasmid_files/CP011981.1_results/PROKKA_06292018:CP011981.1_7 (length 1009)
plasmid_files/CP011981.1_results/PROKKA_06292018:CP011981.1_8 (length 341)
plasmid_files/CP011981.1_results/PROKKA_06292018:CP011981.1_9 (length 259)
plasmid_files/CP011981.1_results/PROKKA_06292018:CP011981.1_10 (length 79)
plasmid_files/CP011981.1_results/PROKKA_06292018:CP011981.1_11 (length 293)
plasmid_files/CP011981.1_results/PROKKA_06292018:CP011981.1_12 (length 439)
plasmid_files/CP011981.1_results/PROKKA_06292018:CP011981.1_13 (length 394)
plasmid_files/CP011981.1_results/PROKKA_06292018:CP011981.1_14 (length 70)
plasmid_files/CP011981.1_results/PROKKA_06292018:CP011981.1_15 (length 119)
plasmid_files/CP011981.1_results/PROKKA_06292018:CP011981.1_16 (length 38)
plasmid_files/CP011981.1_results/PROKKA_06292018:CP011981.1_17 (length 136)
plasmid_files/CP011981.1_results/PROKKA_06292018:CP011981.1_18 (length 206)
plasmid_files/CP011981.1_results/PROKKA_06292018:CP011981.1_19 (length 965)
plasmid_files/CP011981.1_results/PROKKA_06292018:CP011981.1_20 (length 234)
plasmid_files/CP011981.1_results/PROKKA_06292018:CP011981.1_21 (length 106)
plasmid_files/CP011981.1_results/PROKKA_06292018:CP011981.1_22 (length 275)
plasmid_files/CP011981.1_results/PROKKA_06292018:CP011981.1_23 (length 287)
plasmid_files/CP011981.1_results/PROKKA_06292018:CP011981.1_24 (length 275)
plasmid_files/CP011981.1_results/PROKKA_06292018:CP011981.1_25 (length 336)
plasmid_files/CP011981.1_results/PROKKA_06292018:CP011981.1_26 (length 289)
plasmid_files/CP011981.1_results/PROKKA_06292018:CP011981.1_27 (length 211)
plasmid_files/CP011981.1_results/PROKKA_06292018:CP011981.1_28 (length 326)
plasmid_files/CP011981.1_results/PROKKA_06292018:CP011981.1_29 (length 125)
plasmid_files/CP011981.1_results/PROKKA_06292018:CP011981.1_30 (length 87)
plasmid_files/CP011981.1_results/PROKKA_06292018:CP011981.1_31 (length 74)
plasmid_files/CP011981.1_results/PROKKA_06292018:CP011981.1_32 (length 93)
plasmid_files/CP011981.1_results/PROKKA_06292018:CP011981.1_33 (length 189)
plasmid_files/CP011981.1_results/PROKKA_06292018:CP011981.1_34 (length 931)
plasmid_files/CP011981.1_results/PROKKA_06292018:CP011981.1_35 (length 142)
plasmid_files/CP011981.1_results/PROKKA_06292018:CP011981.1_36 (length 249)
plasmid_files/CP011981.1_results/PROKKA_06292018:CP011981.1_37 (length 329)
plasmid_files/CP011981.1_results/PROKKA_06292018:CP011981.1_38 (length 101)
plasmid_files/CP011981.1_results/PROKKA_06292018:CP011981.1_39 (length 241)
plasmid_files/CP011981.1_results/PROKKA_06292018:CP011981.1_40 (length 452)
plasmid_files/CP011981.1_results/PROKKA_06292018:CP011981.1_41 (length 41)
plasmid_files/CP011981.1_results/PROKKA_06292018:CP011981.1_42 (length 160)
plasmid_files/CP011981.1_results/PROKKA_06292018:CP011981.1_43 (length 88)
plasmid_files/CP011981.1_results/PROKKA_06292018:CP011981.1_44 (length 84)
plasmid_files/CP011981.1_results/PROKKA_06292018:CP011981.1_45 (length 85)
plasmid_files/CP011981.1_results/PROKKA_06292018:CP011981.1_46 (length 326)
plasmid_files/CP011981.1_results/PROKKA_06292018:CP011981.1_47 (length 122)
plasmid_files/CP011981.1_results/PROKKA_06292018:CP011981.1_48 (length 164)
plasmid_files/CP011981.1_results/PROKKA_06292018:CP011981.1_49 (length 191)
plasmid_files/CP011981.1_results/PROKKA_06292018:CP011981.1_50 (length 89)
plasmid_files/CP011981.1_results/PROKKA_06292018:CP011981.1_51 (length 83)
plasmid_files/CP011981.1_results/PROKKA_06292018:CP011981.1_52 (length 102)
plasmid_files/CP011981.1_results/PROKKA_06292018:CP011981.1_53 (length 109)
plasmid_files/CP011981.1_results/PROKKA_06292018:CP011981.1_54 (length 147)
plasmid_files/CP011981.1_results/PROKKA_06292018:CP011981.1_55 (length 110)
plasmid_files/CP011981.1_results/PROKKA_06292018:CP011981.1_56 (length 260)
plasmid_files/CP011981.1_results/PROKKA_06292018:CP011981.1_57 (length 157)
plasmid_files/CP011981.1_results/PROKKA_06292018:CP011981.1_58 (length 422)
plasmid_files/CP011981.1_results/PROKKA_06292018:CP011981.1_59 (length 1085)
plasmid_files/CP011981.1_results/PROKKA_06292018:CP011981.1_60 (length 438)
plasmid_files/CP011981.1_results/PROKKA_06292018:CP011981.1_61 (length 675)
plasmid_files/CP011981.1_results/PROKKA_06292018:CP011981.1_62 (length 57)
plasmid_files/CP011981.1_results/PROKKA_06292018:CP011981.1_63 (length 110)
plasmid_files/CP011981.1_results/PROKKA_06292018:CP011981.1_64 (length 324)
plasmid_files/CP011981.1_results/PROKKA_06292018:CP011981.1_65 (length 401)
plasmid_files/CP011981.1_results/PROKKA_06292018:CP011981.1_66 (length 298)
plasmid_files/CP011981.1_results/PROKKA_06292018:CP011981.1_67 (length 423)
plasmid_files/CP011981.1_results/PROKKA_06292018:CP011981.1_68 (length 143)
plasmid_files/CP011981.1_results/PROKKA_06292018:CP011981.1_69 (length 323)
plasmid_files/CP011981.1_results/PROKKA_06292018:CP011981.1_70 (length 223)
plasmid_files/CP011981.1_results/PROKKA_06292018:CP011981.1_71 (length 76)
plasmid_files/CP011981.1_results/PROKKA_06292018:CP011981.1_72 (length 233)
plasmid_files/CP011981.1_results/PROKKA_06292018:CP011981.1_73 (length 73)
plasmid_files/CP011981.1_results/PROKKA_06292018:CP011981.1_74 (length 139)
plasmid_files/CP011981.1_results/PROKKA_06292018:CP011981.1_75 (length 254)
plasmid_files/CP011981.1_results/PROKKA_06292018:CP011981.1_76 (length 142)
plasmid_files/CP011981.1_results/PROKKA_06292018:CP011981.1_77 (length 168)
plasmid_files/CP011981.1_results/PROKKA_06292018:CP011981.1_78 (length 63)
plasmid_files/CP011981.1_results/PROKKA_06292018:CP011981.1_79 (length 84)
plasmid_files/CP011981.1_results/PROKKA_06292018:CP011981.1_80 (length 105)
plasmid_files/CP011981.1_results/PROKKA_06292018:CP011981.1_81 (length 58)
plasmid_files/CP011981.1_results/PROKKA_06292018:CP011981.1_82 (length 75)
plasmid_files/CP011981.1_results/PROKKA_06292018:CP011981.1_83 (length 76)
plasmid_files/CP011981.1_results/PROKKA_06292018:CP011981.1_84 (length 451)
plasmid_files/CP011981.1_results/PROKKA_06292018:CP011981.1_85 (length 187)
plasmid_files/CP011981.1_results/PROKKA_06292018:CP011981.1_86 (length 106)
plasmid_files/CP011981.1_results/PROKKA_06292018:CP011981.1_87 (length 123)
plasmid_files/CP011981.1_results/PROKKA_06292018:CP011981.1_88 (length 180)
plasmid_files/CP011981.1_results/PROKKA_06292018:CP011981.1_89 (length 82)
plasmid_files/CP011981.1_results/PROKKA_06292018:CP011981.1_90 (length 678)
plasmid_files/CP011981.1_results/PROKKA_06292018:CP011981.1_91 (length 143)
plasmid_files/CP011981.1_results/PROKKA_06292018:CP011981.1_92 (length 242)
plasmid_files/CP011981.1_results/PROKKA_06292018:CP011981.1_93 (length 108)
plasmid_files/CP011981.1_results/PROKKA_06292018:CP011981.1_94 (length 124)
plasmid_files/CP011981.1_results/PROKKA_06292018:CP011981.1_95 (length 359)
plasmid_files/CP011981.1_results/PROKKA_06292018:CP011981.1_96 (length 53)
plasmid_files/CP011981.1_results/PROKKA_06292018:CP011981.1_97 (length 90)
plasmid_files/CP011981.1_results/PROKKA_06292018:CP011981.1_98 (length 116)
plasmid_files/CP011981.1_results/PROKKA_06292018:CP011981.1_99 (length 118)
plasmid_files/CP011981.1_results/PROKKA_06292018:CP011981.1_100 (length 70)
plasmid_files/CP011981.1_results/PROKKA_06292018:CP011981.1_101 (length 74)
plasmid_files/CP011981.1_results/PROKKA_06292018:CP011981.1_102 (length 116)
plasmid_files/CP011981.1_results/PROKKA_06292018:CP011981.1_103 (length 92)
plasmid_files/CP011981.1_results/PROKKA_06292018:CP011981.1_104 (length 206)
plasmid_files/CP011981.1_results/PROKKA_06292018:CP011981.1_105 (length 273)
plasmid_files/CP011981.1_results/PROKKA_06292018:CP011981.1_106 (length 104)
plasmid_files/CP011981.1_results/PROKKA_06292018:CP011981.1_107 (length 161)
plasmid_files/CP011981.1_results/PROKKA_06292018:CP011981.1_108 (length 130)
plasmid_files/CP011981.1_results/PROKKA_06292018:CP011981.1_109 (length 231)
plasmid_files/CP011981.1_results/PROKKA_06292018:CP011981.1_110 (length 122)
plasmid_files/CP011981.1_results/PROKKA_06292018:CP011981.1_111 (length 101)
plasmid_files/CP011981.1_results/PROKKA_06292018:CP011981.1_112 (length 188)
plasmid_files/CP011981.1_results/PROKKA_06292018:CP011981.1_113 (length 246)
plasmid_files/CP011981.1_results/PROKKA_06292018:CP011981.1_114 (length 474)
plasmid_files/CP011981.1_results/PROKKA_06292018:CP011981.1_115 (length 198)
plasmid_files/CP011981.1_results/PROKKA_06292018:CP011981.1_116 (length 185)
plasmid_files/CP011981.1_results/PROKKA_06292018:CP011981.1_117 (length 136)
plasmid_files/CP011981.1_results/PROKKA_06292018:CP011981.1_118 (length 72)
plasmid_files/CP011981.1_results/PROKKA_06292018:CP011981.1_119 (length 105)
plasmid_files/CP011981.1_results/PROKKA_06292018:CP011981.1_120 (length 134)
plasmid_files/CP011981.1_results/PROKKA_06292018:CP011981.1_121 (length 130)
plasmid_files/CP011981.1_results/PROKKA_06292018:CP011981.1_122 (length 879)
plasmid_files/CP011981.1_results/PROKKA_06292018:CP011981.1_123 (length 129)
plasmid_files/CP011981.1_results/PROKKA_06292018:CP011981.1_124 (length 208)
plasmid_files/CP011981.1_results/PROKKA_06292018:CP011981.1_125 (length 330)
plasmid_files/CP011981.1_results/PROKKA_06292018:CP011981.1_126 (length 212)
plasmid_files/CP011981.1_results/PROKKA_06292018:CP011981.1_127 (length 668)
plasmid_files/CP011981.1_results/PROKKA_06292018:CP011981.1_128 (length 78)
plasmid_files/CP011981.1_results/PROKKA_06292018:CP011981.1_129 (length 61)
plasmid_files/CP011981.1_results/PROKKA_06292018:CP011981.1_130 (length 108)
plasmid_files/CP011981.1_results/PROKKA_06292018:CP011981.1_131 (length 250)
plasmid_files/CP011981.1_results/PROKKA_06292018:CP011981.1_132 (length 79)
plasmid_files/CP011981.1_results/PROKKA_06292018:CP011981.1_133 (length 190)
plasmid_files/CP011981.1_results/PROKKA_06292018:CP011981.1_134 (length 142)
plasmid_files/CP011981.1_results/PROKKA_06292018:CP011981.1_135 (length 456)
plasmid_files/CP011981.1_results/PROKKA_06292018:CP011981.1_136 (length 949)
plasmid_files/CP011981.1_results/PROKKA_06292018:CP011981.1_137 (length 176)
plasmid_files/CP011981.1_results/PROKKA_06292018:CP011981.1_138 (length 243)
plasmid_files/CP011981.1_results/PROKKA_06292018:CP011981.1_139 (length 769)
plasmid_files/CP011981.1_results/PROKKA_06292018:CP011981.1_140 (length 1683)
plasmid_files/CP011981.1_results/PROKKA_06292018:CP011981.1_141 (length 84)
plasmid_files/CP011981.1_results/PROKKA_06292018:CP011981.1_142 (length 241)
plasmid_files/CP011981.1_results/PROKKA_06292018:CP011981.1_143 (length 198)
plasmid_files/CP011981.1_results/PROKKA_06292018:CP011981.1_144 (length 115)
plasmid_files/CP011981.1_results/PROKKA_06292018:CP011981.1_145 (length 181)
plasmid_files/CP011981.1_results/PROKKA_06292018:CP011981.1_146 (length 773)
plasmid_files/CP011981.1_results/PROKKA_06292018:CP011981.1_147 (length 92)
plasmid_files/CP011981.1_results/PROKKA_06292018:CP011981.1_148 (length 186)
plasmid_files/CP011981.1_results/PROKKA_06292018:CP011981.1_149 (length 92)

DiscRep_ALL:DISC_SOURCE_QUALS_ASNDISC::strain (all present, all unique)
DiscRep_SUB:DISC_SOURCE_QUALS_ASNDISC::1 sources have unique values for strain
DiscRep_ALL:DISC_SOURCE_QUALS_ASNDISC::taxname (all present, all unique)
DiscRep_SUB:DISC_SOURCE_QUALS_ASNDISC::1 sources have unique values for taxname
DiscRep_ALL:DISC_FEATURE_COUNT::CDS: 149 present
DiscRep_ALL:DISC_COUNT_NUCLEOTIDES::1 nucleotide Bioseqs are present
plasmid_files/CP011981.1_results/PROKKA_06292018:CP011981.1 (length 130552)

DiscRep_ALL:FEATURE_LOCATION_CONFLICT::149 features have inconsistent gene locations.
DiscRep_SUB:FEATURE_LOCATION_CONFLICT::Coding region xref gene does not exist
plasmid_files/CP011981.1_results/PROKKA_06292018:CDS	hypothetical protein	CP011981.1:1-858	PACDGBLG_00001

DiscRep_SUB:FEATURE_LOCATION_CONFLICT::Coding region xref gene does not exist
plasmid_files/CP011981.1_results/PROKKA_06292018:CDS	RNA chaperone ProQ	CP011981.1:2077-2640	PACDGBLG_00002

DiscRep_SUB:FEATURE_LOCATION_CONFLICT::Coding region xref gene does not exist
plasmid_files/CP011981.1_results/PROKKA_06292018:CDS	hypothetical protein	CP011981.1:2624-3235	PACDGBLG_00003

DiscRep_SUB:FEATURE_LOCATION_CONFLICT::Coding region xref gene does not exist
plasmid_files/CP011981.1_results/PROKKA_06292018:CDS	hypothetical protein	CP011981.1:c4588-3632	PACDGBLG_00004

DiscRep_SUB:FEATURE_LOCATION_CONFLICT::Coding region xref gene does not exist
plasmid_files/CP011981.1_results/PROKKA_06292018:CDS	hypothetical protein	CP011981.1:c4828-4673	PACDGBLG_00005

DiscRep_SUB:FEATURE_LOCATION_CONFLICT::Coding region xref gene does not exist
plasmid_files/CP011981.1_results/PROKKA_06292018:CDS	Tyrosine recombinase XerD	CP011981.1:c6838-5123	PACDGBLG_00006

DiscRep_SUB:FEATURE_LOCATION_CONFLICT::Coding region xref gene does not exist
plasmid_files/CP011981.1_results/PROKKA_06292018:CDS	hypothetical protein	CP011981.1:6948-9977	PACDGBLG_00007

DiscRep_SUB:FEATURE_LOCATION_CONFLICT::Coding region xref gene does not exist
plasmid_files/CP011981.1_results/PROKKA_06292018:CDS	hypothetical protein	CP011981.1:10084-11109	PACDGBLG_00008

DiscRep_SUB:FEATURE_LOCATION_CONFLICT::Coding region xref gene does not exist
plasmid_files/CP011981.1_results/PROKKA_06292018:CDS	Insertion sequence IS5376 putative ATP-binding protein	CP011981.1:11106-11885	PACDGBLG_00009

DiscRep_SUB:FEATURE_LOCATION_CONFLICT::Coding region xref gene does not exist
plasmid_files/CP011981.1_results/PROKKA_06292018:CDS	hypothetical protein	CP011981.1:11882-12121	PACDGBLG_00010

DiscRep_SUB:FEATURE_LOCATION_CONFLICT::Coding region xref gene does not exist
plasmid_files/CP011981.1_results/PROKKA_06292018:CDS	Carbapenem-hydrolyzing beta-lactamase KPC	CP011981.1:12173-13054	PACDGBLG_00011

DiscRep_SUB:FEATURE_LOCATION_CONFLICT::Coding region xref gene does not exist
plasmid_files/CP011981.1_results/PROKKA_06292018:CDS	hypothetical protein	CP011981.1:c14623-13304	PACDGBLG_00012

DiscRep_SUB:FEATURE_LOCATION_CONFLICT::Coding region xref gene does not exist
plasmid_files/CP011981.1_results/PROKKA_06292018:CDS	hypothetical protein	CP011981.1:c16084-14900	PACDGBLG_00013

DiscRep_SUB:FEATURE_LOCATION_CONFLICT::Coding region xref gene does not exist
plasmid_files/CP011981.1_results/PROKKA_06292018:CDS	hypothetical protein	CP011981.1:16204-16416	PACDGBLG_00014

DiscRep_SUB:FEATURE_LOCATION_CONFLICT::Coding region xref gene does not exist
plasmid_files/CP011981.1_results/PROKKA_06292018:CDS	hypothetical protein	CP011981.1:16588-16947	PACDGBLG_00015

DiscRep_SUB:FEATURE_LOCATION_CONFLICT::Coding region xref gene does not exist
plasmid_files/CP011981.1_results/PROKKA_06292018:CDS	hypothetical protein	CP011981.1:c17190-17074	PACDGBLG_00016

DiscRep_SUB:FEATURE_LOCATION_CONFLICT::Coding region xref gene does not exist
plasmid_files/CP011981.1_results/PROKKA_06292018:CDS	hypothetical protein	CP011981.1:c18014-17604	PACDGBLG_00017

DiscRep_SUB:FEATURE_LOCATION_CONFLICT::Coding region xref gene does not exist
plasmid_files/CP011981.1_results/PROKKA_06292018:CDS	Putative transposon Tn552 DNA-invertase bin3	CP011981.1:c18733-18113	PACDGBLG_00018

DiscRep_SUB:FEATURE_LOCATION_CONFLICT::Coding region xref gene does not exist
plasmid_files/CP011981.1_results/PROKKA_06292018:CDS	hypothetical protein	CP011981.1:c21719-18822	PACDGBLG_00019

DiscRep_SUB:FEATURE_LOCATION_CONFLICT::Coding region xref gene does not exist
plasmid_files/CP011981.1_results/PROKKA_06292018:CDS	hypothetical protein	CP011981.1:21792-22496	PACDGBLG_00020

DiscRep_SUB:FEATURE_LOCATION_CONFLICT::Coding region xref gene does not exist
plasmid_files/CP011981.1_results/PROKKA_06292018:CDS	hypothetical protein	CP011981.1:c23010-22690	PACDGBLG_00021

DiscRep_SUB:FEATURE_LOCATION_CONFLICT::Coding region xref gene does not exist
plasmid_files/CP011981.1_results/PROKKA_06292018:CDS	Glutamine transport ATP-binding protein GlnQ	CP011981.1:23352-24179	PACDGBLG_00022

DiscRep_SUB:FEATURE_LOCATION_CONFLICT::Coding region xref gene does not exist
plasmid_files/CP011981.1_results/PROKKA_06292018:CDS	putative phosphite transport system-binding protein PtxB	CP011981.1:24176-25039	PACDGBLG_00023

DiscRep_SUB:FEATURE_LOCATION_CONFLICT::Coding region xref gene does not exist
plasmid_files/CP011981.1_results/PROKKA_06292018:CDS	Phosphate-import permease protein PhnE	CP011981.1:25048-25875	PACDGBLG_00024

DiscRep_SUB:FEATURE_LOCATION_CONFLICT::Coding region xref gene does not exist
plasmid_files/CP011981.1_results/PROKKA_06292018:CDS	Phosphonate dehydrogenase	CP011981.1:25884-26894	PACDGBLG_00025

DiscRep_SUB:FEATURE_LOCATION_CONFLICT::Coding region xref gene does not exist
plasmid_files/CP011981.1_results/PROKKA_06292018:CDS	HTH-type transcriptional activator CmpR	CP011981.1:26888-27757	PACDGBLG_00026

DiscRep_SUB:FEATURE_LOCATION_CONFLICT::Coding region xref gene does not exist
plasmid_files/CP011981.1_results/PROKKA_06292018:CDS	hypothetical protein	CP011981.1:27865-28500	PACDGBLG_00027

DiscRep_SUB:FEATURE_LOCATION_CONFLICT::Coding region xref gene does not exist
plasmid_files/CP011981.1_results/PROKKA_06292018:CDS	hypothetical protein	CP011981.1:c29946-28966	PACDGBLG_00028

DiscRep_SUB:FEATURE_LOCATION_CONFLICT::Coding region xref gene does not exist
plasmid_files/CP011981.1_results/PROKKA_06292018:CDS	hypothetical protein	CP011981.1:c30582-30205	PACDGBLG_00029

DiscRep_SUB:FEATURE_LOCATION_CONFLICT::Coding region xref gene does not exist
plasmid_files/CP011981.1_results/PROKKA_06292018:CDS	hypothetical protein	CP011981.1:c31411-31148	PACDGBLG_00030

DiscRep_SUB:FEATURE_LOCATION_CONFLICT::Coding region xref gene does not exist
plasmid_files/CP011981.1_results/PROKKA_06292018:CDS	hypothetical protein	CP011981.1:31465-31689	PACDGBLG_00031

DiscRep_SUB:FEATURE_LOCATION_CONFLICT::Coding region xref gene does not exist
plasmid_files/CP011981.1_results/PROKKA_06292018:CDS	hypothetical protein	CP011981.1:31933-32214	PACDGBLG_00032

DiscRep_SUB:FEATURE_LOCATION_CONFLICT::Coding region xref gene does not exist
plasmid_files/CP011981.1_results/PROKKA_06292018:CDS	Spore protein SP21	CP011981.1:32249-32818	PACDGBLG_00033

DiscRep_SUB:FEATURE_LOCATION_CONFLICT::Coding region xref gene does not exist
plasmid_files/CP011981.1_results/PROKKA_06292018:CDS	ATP-dependent Clp protease ATP-binding subunit ClpC	CP011981.1:32933-35728	PACDGBLG_00034

DiscRep_SUB:FEATURE_LOCATION_CONFLICT::Coding region xref gene does not exist
plasmid_files/CP011981.1_results/PROKKA_06292018:CDS	hypothetical protein	CP011981.1:c36036-35608	PACDGBLG_00035

DiscRep_SUB:FEATURE_LOCATION_CONFLICT::Coding region xref gene does not exist
plasmid_files/CP011981.1_results/PROKKA_06292018:CDS	hypothetical protein	CP011981.1:36163-36912	PACDGBLG_00036

DiscRep_SUB:FEATURE_LOCATION_CONFLICT::Coding region xref gene does not exist
plasmid_files/CP011981.1_results/PROKKA_06292018:CDS	Protease HtpX	CP011981.1:36872-37861	PACDGBLG_00037

DiscRep_SUB:FEATURE_LOCATION_CONFLICT::Coding region xref gene does not exist
plasmid_files/CP011981.1_results/PROKKA_06292018:CDS	hypothetical protein	CP011981.1:38176-38481	PACDGBLG_00038

DiscRep_SUB:FEATURE_LOCATION_CONFLICT::Coding region xref gene does not exist
plasmid_files/CP011981.1_results/PROKKA_06292018:CDS	hypothetical protein	CP011981.1:38478-39203	PACDGBLG_00039

DiscRep_SUB:FEATURE_LOCATION_CONFLICT::Coding region xref gene does not exist
plasmid_files/CP011981.1_results/PROKKA_06292018:CDS	hypothetical protein	CP011981.1:c41062-39704	PACDGBLG_00040

DiscRep_SUB:FEATURE_LOCATION_CONFLICT::Coding region xref gene does not exist
plasmid_files/CP011981.1_results/PROKKA_06292018:CDS	hypothetical protein	CP011981.1:c41265-41140	PACDGBLG_00041

DiscRep_SUB:FEATURE_LOCATION_CONFLICT::Coding region xref gene does not exist
plasmid_files/CP011981.1_results/PROKKA_06292018:CDS	hypothetical protein	CP011981.1:c41744-41262	PACDGBLG_00042

DiscRep_SUB:FEATURE_LOCATION_CONFLICT::Coding region xref gene does not exist
plasmid_files/CP011981.1_results/PROKKA_06292018:CDS	hypothetical protein	CP011981.1:c41998-41732	PACDGBLG_00043

DiscRep_SUB:FEATURE_LOCATION_CONFLICT::Coding region xref gene does not exist
plasmid_files/CP011981.1_results/PROKKA_06292018:CDS	hypothetical protein	CP011981.1:c42428-42174	PACDGBLG_00044

DiscRep_SUB:FEATURE_LOCATION_CONFLICT::Coding region xref gene does not exist
plasmid_files/CP011981.1_results/PROKKA_06292018:CDS	hypothetical protein	CP011981.1:c42761-42504	PACDGBLG_00045

DiscRep_SUB:FEATURE_LOCATION_CONFLICT::Coding region xref gene does not exist
plasmid_files/CP011981.1_results/PROKKA_06292018:CDS	hypothetical protein	CP011981.1:c44098-43118	PACDGBLG_00046

DiscRep_SUB:FEATURE_LOCATION_CONFLICT::Coding region xref gene does not exist
plasmid_files/CP011981.1_results/PROKKA_06292018:CDS	hypothetical protein	CP011981.1:c44615-44247	PACDGBLG_00047

DiscRep_SUB:FEATURE_LOCATION_CONFLICT::Coding region xref gene does not exist
plasmid_files/CP011981.1_results/PROKKA_06292018:CDS	hypothetical protein	CP011981.1:c45153-44659	PACDGBLG_00048

DiscRep_SUB:FEATURE_LOCATION_CONFLICT::Coding region xref gene does not exist
plasmid_files/CP011981.1_results/PROKKA_06292018:CDS	hypothetical protein	CP011981.1:c45759-45184	PACDGBLG_00049

DiscRep_SUB:FEATURE_LOCATION_CONFLICT::Coding region xref gene does not exist
plasmid_files/CP011981.1_results/PROKKA_06292018:CDS	hypothetical protein	CP011981.1:c46016-45747	PACDGBLG_00050

DiscRep_SUB:FEATURE_LOCATION_CONFLICT::Coding region xref gene does not exist
plasmid_files/CP011981.1_results/PROKKA_06292018:CDS	hypothetical protein	CP011981.1:46632-46883	PACDGBLG_00051

DiscRep_SUB:FEATURE_LOCATION_CONFLICT::Coding region xref gene does not exist
plasmid_files/CP011981.1_results/PROKKA_06292018:CDS	hypothetical protein	CP011981.1:46929-47237	PACDGBLG_00052

DiscRep_SUB:FEATURE_LOCATION_CONFLICT::Coding region xref gene does not exist
plasmid_files/CP011981.1_results/PROKKA_06292018:CDS	hypothetical protein	CP011981.1:47265-47594	PACDGBLG_00053

DiscRep_SUB:FEATURE_LOCATION_CONFLICT::Coding region xref gene does not exist
plasmid_files/CP011981.1_results/PROKKA_06292018:CDS	hypothetical protein	CP011981.1:47575-48018	PACDGBLG_00054

DiscRep_SUB:FEATURE_LOCATION_CONFLICT::Coding region xref gene does not exist
plasmid_files/CP011981.1_results/PROKKA_06292018:CDS	hypothetical protein	CP011981.1:48025-48357	PACDGBLG_00055

DiscRep_SUB:FEATURE_LOCATION_CONFLICT::Coding region xref gene does not exist
plasmid_files/CP011981.1_results/PROKKA_06292018:CDS	Tyrosine recombinase XerD	CP011981.1:48357-49139	PACDGBLG_00056

DiscRep_SUB:FEATURE_LOCATION_CONFLICT::Coding region xref gene does not exist
plasmid_files/CP011981.1_results/PROKKA_06292018:CDS	hypothetical protein	CP011981.1:c50826-50353	PACDGBLG_00057

DiscRep_SUB:FEATURE_LOCATION_CONFLICT::Coding region xref gene does not exist
plasmid_files/CP011981.1_results/PROKKA_06292018:CDS	hypothetical protein	CP011981.1:c52214-50946	PACDGBLG_00058

DiscRep_SUB:FEATURE_LOCATION_CONFLICT::Coding region xref gene does not exist
plasmid_files/CP011981.1_results/PROKKA_06292018:CDS	Type-1 restriction enzyme R protein	CP011981.1:c55476-52219	PACDGBLG_00059

DiscRep_SUB:FEATURE_LOCATION_CONFLICT::Coding region xref gene does not exist
plasmid_files/CP011981.1_results/PROKKA_06292018:CDS	hypothetical protein	CP011981.1:c56793-55477	PACDGBLG_00060

DiscRep_SUB:FEATURE_LOCATION_CONFLICT::Coding region xref gene does not exist
plasmid_files/CP011981.1_results/PROKKA_06292018:CDS	Type I restriction enzyme EcoKI M protein	CP011981.1:c58817-56790	PACDGBLG_00061

DiscRep_SUB:FEATURE_LOCATION_CONFLICT::Coding region xref gene does not exist
plasmid_files/CP011981.1_results/PROKKA_06292018:CDS	hypothetical protein	CP011981.1:c59367-59194	PACDGBLG_00062

DiscRep_SUB:FEATURE_LOCATION_CONFLICT::Coding region xref gene does not exist
plasmid_files/CP011981.1_results/PROKKA_06292018:CDS	hypothetical protein	CP011981.1:c59701-59369	PACDGBLG_00063

DiscRep_SUB:FEATURE_LOCATION_CONFLICT::Coding region xref gene does not exist
plasmid_files/CP011981.1_results/PROKKA_06292018:CDS	Virulence regulon transcriptional activator VirB	CP011981.1:c61052-60078	PACDGBLG_00064

DiscRep_SUB:FEATURE_LOCATION_CONFLICT::Coding region xref gene does not exist
plasmid_files/CP011981.1_results/PROKKA_06292018:CDS	Plasmid partition protein A	CP011981.1:c62254-61049	PACDGBLG_00065

DiscRep_SUB:FEATURE_LOCATION_CONFLICT::Coding region xref gene does not exist
plasmid_files/CP011981.1_results/PROKKA_06292018:CDS	Replication protein RepA	CP011981.1:c63472-62576	PACDGBLG_00066

DiscRep_SUB:FEATURE_LOCATION_CONFLICT::Coding region xref gene does not exist
plasmid_files/CP011981.1_results/PROKKA_06292018:CDS	Protein UmuC	CP011981.1:c65144-63873	PACDGBLG_00067

DiscRep_SUB:FEATURE_LOCATION_CONFLICT::Coding region xref gene does not exist
plasmid_files/CP011981.1_results/PROKKA_06292018:CDS	Protein UmuD	CP011981.1:c65575-65144	PACDGBLG_00068

DiscRep_SUB:FEATURE_LOCATION_CONFLICT::Coding region xref gene does not exist
plasmid_files/CP011981.1_results/PROKKA_06292018:CDS	Plasmid segregation protein ParM	CP011981.1:65807-66778	PACDGBLG_00069

DiscRep_SUB:FEATURE_LOCATION_CONFLICT::Coding region xref gene does not exist
plasmid_files/CP011981.1_results/PROKKA_06292018:CDS	hypothetical protein	CP011981.1:66781-67452	PACDGBLG_00070

DiscRep_SUB:FEATURE_LOCATION_CONFLICT::Coding region xref gene does not exist
plasmid_files/CP011981.1_results/PROKKA_06292018:CDS	hypothetical protein	CP011981.1:67513-67743	PACDGBLG_00071

DiscRep_SUB:FEATURE_LOCATION_CONFLICT::Coding region xref gene does not exist
plasmid_files/CP011981.1_results/PROKKA_06292018:CDS	DNA adenine methyltransferase YhdJ	CP011981.1:68180-68881	PACDGBLG_00072

DiscRep_SUB:FEATURE_LOCATION_CONFLICT::Coding region xref gene does not exist
plasmid_files/CP011981.1_results/PROKKA_06292018:CDS	hypothetical protein	CP011981.1:68881-69102	PACDGBLG_00073

DiscRep_SUB:FEATURE_LOCATION_CONFLICT::Coding region xref gene does not exist
plasmid_files/CP011981.1_results/PROKKA_06292018:CDS	hypothetical protein	CP011981.1:69112-69531	PACDGBLG_00074

DiscRep_SUB:FEATURE_LOCATION_CONFLICT::Coding region xref gene does not exist
plasmid_files/CP011981.1_results/PROKKA_06292018:CDS	hypothetical protein	CP011981.1:69588-70352	PACDGBLG_00075

DiscRep_SUB:FEATURE_LOCATION_CONFLICT::Coding region xref gene does not exist
plasmid_files/CP011981.1_results/PROKKA_06292018:CDS	Antirestriction protein KlcA	CP011981.1:71032-71460	PACDGBLG_00076

DiscRep_SUB:FEATURE_LOCATION_CONFLICT::Coding region xref gene does not exist
plasmid_files/CP011981.1_results/PROKKA_06292018:CDS	hypothetical protein	CP011981.1:71503-72009	PACDGBLG_00077

DiscRep_SUB:FEATURE_LOCATION_CONFLICT::Coding region xref gene does not exist
plasmid_files/CP011981.1_results/PROKKA_06292018:CDS	hypothetical protein	CP011981.1:72052-72243	PACDGBLG_00078

DiscRep_SUB:FEATURE_LOCATION_CONFLICT::Coding region xref gene does not exist
plasmid_files/CP011981.1_results/PROKKA_06292018:CDS	DNA polymerase III subunit theta	CP011981.1:72431-72685	PACDGBLG_00079

DiscRep_SUB:FEATURE_LOCATION_CONFLICT::Coding region xref gene does not exist
plasmid_files/CP011981.1_results/PROKKA_06292018:CDS	hypothetical protein	CP011981.1:72720-73037	PACDGBLG_00080

DiscRep_SUB:FEATURE_LOCATION_CONFLICT::Coding region xref gene does not exist
plasmid_files/CP011981.1_results/PROKKA_06292018:CDS	hypothetical protein	CP011981.1:73345-73521	PACDGBLG_00081

DiscRep_SUB:FEATURE_LOCATION_CONFLICT::Coding region xref gene does not exist
plasmid_files/CP011981.1_results/PROKKA_06292018:CDS	hypothetical protein	CP011981.1:73821-74048	PACDGBLG_00082

DiscRep_SUB:FEATURE_LOCATION_CONFLICT::Coding region xref gene does not exist
plasmid_files/CP011981.1_results/PROKKA_06292018:CDS	hypothetical protein	CP011981.1:74140-74370	PACDGBLG_00083

DiscRep_SUB:FEATURE_LOCATION_CONFLICT::Coding region xref gene does not exist
plasmid_files/CP011981.1_results/PROKKA_06292018:CDS	hypothetical protein	CP011981.1:74422-75777	PACDGBLG_00084

DiscRep_SUB:FEATURE_LOCATION_CONFLICT::Coding region xref gene does not exist
plasmid_files/CP011981.1_results/PROKKA_06292018:CDS	hypothetical protein	CP011981.1:75825-76388	PACDGBLG_00085

DiscRep_SUB:FEATURE_LOCATION_CONFLICT::Coding region xref gene does not exist
plasmid_files/CP011981.1_results/PROKKA_06292018:CDS	hypothetical protein	CP011981.1:c76603-76283	PACDGBLG_00086

DiscRep_SUB:FEATURE_LOCATION_CONFLICT::Coding region xref gene does not exist
plasmid_files/CP011981.1_results/PROKKA_06292018:CDS	hypothetical protein	CP011981.1:c76943-76572	PACDGBLG_00087

DiscRep_SUB:FEATURE_LOCATION_CONFLICT::Coding region xref gene does not exist
plasmid_files/CP011981.1_results/PROKKA_06292018:CDS	Plasmid-derived single-stranded DNA-binding protein	CP011981.1:77162-77704	PACDGBLG_00088

DiscRep_SUB:FEATURE_LOCATION_CONFLICT::Coding region xref gene does not exist
plasmid_files/CP011981.1_results/PROKKA_06292018:CDS	hypothetical protein	CP011981.1:77753-78001	PACDGBLG_00089

DiscRep_SUB:FEATURE_LOCATION_CONFLICT::Coding region xref gene does not exist
plasmid_files/CP011981.1_results/PROKKA_06292018:CDS	Chromosome-partitioning protein Spo0J	CP011981.1:78071-80107	PACDGBLG_00090

DiscRep_SUB:FEATURE_LOCATION_CONFLICT::Coding region xref gene does not exist
plasmid_files/CP011981.1_results/PROKKA_06292018:CDS	Protein PsiB	CP011981.1:80174-80605	PACDGBLG_00091

DiscRep_SUB:FEATURE_LOCATION_CONFLICT::Coding region xref gene does not exist
plasmid_files/CP011981.1_results/PROKKA_06292018:CDS	hypothetical protein	CP011981.1:80602-81330	PACDGBLG_00092

DiscRep_SUB:FEATURE_LOCATION_CONFLICT::Coding region xref gene does not exist
plasmid_files/CP011981.1_results/PROKKA_06292018:CDS	hypothetical protein	CP011981.1:81327-81653	PACDGBLG_00093

DiscRep_SUB:FEATURE_LOCATION_CONFLICT::Coding region xref gene does not exist
plasmid_files/CP011981.1_results/PROKKA_06292018:CDS	hypothetical protein	CP011981.1:81709-82083	PACDGBLG_00094

DiscRep_SUB:FEATURE_LOCATION_CONFLICT::Coding region xref gene does not exist
plasmid_files/CP011981.1_results/PROKKA_06292018:CDS	hypothetical protein	CP011981.1:c83340-82261	PACDGBLG_00095

DiscRep_SUB:FEATURE_LOCATION_CONFLICT::Coding region xref gene does not exist
plasmid_files/CP011981.1_results/PROKKA_06292018:CDS	Stable plasmid inheritance protein	CP011981.1:83412-83573	PACDGBLG_00096

DiscRep_SUB:FEATURE_LOCATION_CONFLICT::Coding region xref gene does not exist
plasmid_files/CP011981.1_results/PROKKA_06292018:CDS	hypothetical protein	CP011981.1:84273-84545	PACDGBLG_00097

DiscRep_SUB:FEATURE_LOCATION_CONFLICT::Coding region xref gene does not exist
plasmid_files/CP011981.1_results/PROKKA_06292018:CDS	hypothetical protein	CP011981.1:84542-84892	PACDGBLG_00098

DiscRep_SUB:FEATURE_LOCATION_CONFLICT::Coding region xref gene does not exist
plasmid_files/CP011981.1_results/PROKKA_06292018:CDS	hypothetical protein	CP011981.1:85528-85884	PACDGBLG_00099

DiscRep_SUB:FEATURE_LOCATION_CONFLICT::Coding region xref gene does not exist
plasmid_files/CP011981.1_results/PROKKA_06292018:CDS	hypothetical protein	CP011981.1:85945-86157	PACDGBLG_00100

DiscRep_SUB:FEATURE_LOCATION_CONFLICT::Coding region xref gene does not exist
plasmid_files/CP011981.1_results/PROKKA_06292018:CDS	hypothetical protein	CP011981.1:86168-86392	PACDGBLG_00101

DiscRep_SUB:FEATURE_LOCATION_CONFLICT::Coding region xref gene does not exist
plasmid_files/CP011981.1_results/PROKKA_06292018:CDS	hypothetical protein	CP011981.1:86443-86793	PACDGBLG_00102

DiscRep_SUB:FEATURE_LOCATION_CONFLICT::Coding region xref gene does not exist
plasmid_files/CP011981.1_results/PROKKA_06292018:CDS	Antitoxin HigA1	CP011981.1:86783-87061	PACDGBLG_00103

DiscRep_SUB:FEATURE_LOCATION_CONFLICT::Coding region xref gene does not exist
plasmid_files/CP011981.1_results/PROKKA_06292018:CDS	hypothetical protein	CP011981.1:c87586-86966	PACDGBLG_00104

DiscRep_SUB:FEATURE_LOCATION_CONFLICT::Coding region xref gene does not exist
plasmid_files/CP011981.1_results/PROKKA_06292018:CDS	hypothetical protein	CP011981.1:88309-89130	PACDGBLG_00105

DiscRep_SUB:FEATURE_LOCATION_CONFLICT::Coding region xref gene does not exist
plasmid_files/CP011981.1_results/PROKKA_06292018:CDS	hypothetical protein	CP011981.1:89178-89492	PACDGBLG_00106

DiscRep_SUB:FEATURE_LOCATION_CONFLICT::Coding region xref gene does not exist
plasmid_files/CP011981.1_results/PROKKA_06292018:CDS	hypothetical protein	CP011981.1:c90010-89525	PACDGBLG_00107

DiscRep_SUB:FEATURE_LOCATION_CONFLICT::Coding region xref gene does not exist
plasmid_files/CP011981.1_results/PROKKA_06292018:CDS	Relaxosome protein TraM	CP011981.1:90444-90836	PACDGBLG_00108

DiscRep_SUB:FEATURE_LOCATION_CONFLICT::Coding region xref gene does not exist
plasmid_files/CP011981.1_results/PROKKA_06292018:CDS	Protein TraJ	CP011981.1:91050-91745	PACDGBLG_00109

DiscRep_SUB:FEATURE_LOCATION_CONFLICT::Coding region xref gene does not exist
plasmid_files/CP011981.1_results/PROKKA_06292018:CDS	Pilin	CP011981.1:92254-92622	PACDGBLG_00110

DiscRep_SUB:FEATURE_LOCATION_CONFLICT::Coding region xref gene does not exist
plasmid_files/CP011981.1_results/PROKKA_06292018:CDS	hypothetical protein	CP011981.1:92636-92941	PACDGBLG_00111

DiscRep_SUB:FEATURE_LOCATION_CONFLICT::Coding region xref gene does not exist
plasmid_files/CP011981.1_results/PROKKA_06292018:CDS	hypothetical protein	CP011981.1:92961-93527	PACDGBLG_00112

DiscRep_SUB:FEATURE_LOCATION_CONFLICT::Coding region xref gene does not exist
plasmid_files/CP011981.1_results/PROKKA_06292018:CDS	hypothetical protein	CP011981.1:93514-94254	PACDGBLG_00113

DiscRep_SUB:FEATURE_LOCATION_CONFLICT::Coding region xref gene does not exist
plasmid_files/CP011981.1_results/PROKKA_06292018:CDS	hypothetical protein	CP011981.1:94254-95678	PACDGBLG_00114

DiscRep_SUB:FEATURE_LOCATION_CONFLICT::Coding region xref gene does not exist
plasmid_files/CP011981.1_results/PROKKA_06292018:CDS	hypothetical protein	CP011981.1:95671-96267	PACDGBLG_00115

DiscRep_SUB:FEATURE_LOCATION_CONFLICT::Coding region xref gene does not exist
plasmid_files/CP011981.1_results/PROKKA_06292018:CDS	Protein TraV	CP011981.1:96302-96859	PACDGBLG_00116

DiscRep_SUB:FEATURE_LOCATION_CONFLICT::Coding region xref gene does not exist
plasmid_files/CP011981.1_results/PROKKA_06292018:CDS	hypothetical protein	CP011981.1:96991-97401	PACDGBLG_00117

DiscRep_SUB:FEATURE_LOCATION_CONFLICT::Coding region xref gene does not exist
plasmid_files/CP011981.1_results/PROKKA_06292018:CDS	hypothetical protein	CP011981.1:97720-97938	PACDGBLG_00118

DiscRep_SUB:FEATURE_LOCATION_CONFLICT::Coding region xref gene does not exist
plasmid_files/CP011981.1_results/PROKKA_06292018:CDS	hypothetical protein	CP011981.1:97939-98256	PACDGBLG_00119

DiscRep_SUB:FEATURE_LOCATION_CONFLICT::Coding region xref gene does not exist
plasmid_files/CP011981.1_results/PROKKA_06292018:CDS	hypothetical protein	CP011981.1:98323-98727	PACDGBLG_00120

DiscRep_SUB:FEATURE_LOCATION_CONFLICT::Coding region xref gene does not exist
plasmid_files/CP011981.1_results/PROKKA_06292018:CDS	hypothetical protein	CP011981.1:99029-99421	PACDGBLG_00121

DiscRep_SUB:FEATURE_LOCATION_CONFLICT::Coding region xref gene does not exist
plasmid_files/CP011981.1_results/PROKKA_06292018:CDS	Protein TraC	CP011981.1:99493-102132	PACDGBLG_00122

DiscRep_SUB:FEATURE_LOCATION_CONFLICT::Coding region xref gene does not exist
plasmid_files/CP011981.1_results/PROKKA_06292018:CDS	hypothetical protein	CP011981.1:102132-102521	PACDGBLG_00123

DiscRep_SUB:FEATURE_LOCATION_CONFLICT::Coding region xref gene does not exist
plasmid_files/CP011981.1_results/PROKKA_06292018:CDS	hypothetical protein	CP011981.1:102521-103147	PACDGBLG_00124

DiscRep_SUB:FEATURE_LOCATION_CONFLICT::Coding region xref gene does not exist
plasmid_files/CP011981.1_results/PROKKA_06292018:CDS	hypothetical protein	CP011981.1:103158-104150	PACDGBLG_00125

DiscRep_SUB:FEATURE_LOCATION_CONFLICT::Coding region xref gene does not exist
plasmid_files/CP011981.1_results/PROKKA_06292018:CDS	hypothetical protein	CP011981.1:104163-104801	PACDGBLG_00126

DiscRep_SUB:FEATURE_LOCATION_CONFLICT::Coding region xref gene does not exist
plasmid_files/CP011981.1_results/PROKKA_06292018:CDS	hypothetical protein	CP011981.1:104798-106804	PACDGBLG_00127

DiscRep_SUB:FEATURE_LOCATION_CONFLICT::Coding region xref gene does not exist
plasmid_files/CP011981.1_results/PROKKA_06292018:CDS	hypothetical protein	CP011981.1:106836-107072	PACDGBLG_00128

DiscRep_SUB:FEATURE_LOCATION_CONFLICT::Coding region xref gene does not exist
plasmid_files/CP011981.1_results/PROKKA_06292018:CDS	hypothetical protein	CP011981.1:107069-107254	PACDGBLG_00129

DiscRep_SUB:FEATURE_LOCATION_CONFLICT::Coding region xref gene does not exist
plasmid_files/CP011981.1_results/PROKKA_06292018:CDS	hypothetical protein	CP011981.1:107300-107626	PACDGBLG_00130

DiscRep_SUB:FEATURE_LOCATION_CONFLICT::Coding region xref gene does not exist
plasmid_files/CP011981.1_results/PROKKA_06292018:CDS	hypothetical protein	CP011981.1:107647-108399	PACDGBLG_00131

DiscRep_SUB:FEATURE_LOCATION_CONFLICT::Coding region xref gene does not exist
plasmid_files/CP011981.1_results/PROKKA_06292018:CDS	Protein TraQ	CP011981.1:108410-108649	PACDGBLG_00132

DiscRep_SUB:FEATURE_LOCATION_CONFLICT::Coding region xref gene does not exist
plasmid_files/CP011981.1_results/PROKKA_06292018:CDS	hypothetical protein	CP011981.1:108621-109193	PACDGBLG_00133

DiscRep_SUB:FEATURE_LOCATION_CONFLICT::Coding region xref gene does not exist
plasmid_files/CP011981.1_results/PROKKA_06292018:CDS	hypothetical protein	CP011981.1:109186-109614	PACDGBLG_00134

DiscRep_SUB:FEATURE_LOCATION_CONFLICT::Coding region xref gene does not exist
plasmid_files/CP011981.1_results/PROKKA_06292018:CDS	hypothetical protein	CP011981.1:109601-110971	PACDGBLG_00135

DiscRep_SUB:FEATURE_LOCATION_CONFLICT::Coding region xref gene does not exist
plasmid_files/CP011981.1_results/PROKKA_06292018:CDS	hypothetical protein	CP011981.1:110971-113820	PACDGBLG_00136

DiscRep_SUB:FEATURE_LOCATION_CONFLICT::Coding region xref gene does not exist
plasmid_files/CP011981.1_results/PROKKA_06292018:CDS	Protein TraS	CP011981.1:113823-114353	PACDGBLG_00137

DiscRep_SUB:FEATURE_LOCATION_CONFLICT::Coding region xref gene does not exist
plasmid_files/CP011981.1_results/PROKKA_06292018:CDS	Lipoprotein YlpA	CP011981.1:114543-115274	PACDGBLG_00138

DiscRep_SUB:FEATURE_LOCATION_CONFLICT::Coding region xref gene does not exist
plasmid_files/CP011981.1_results/PROKKA_06292018:CDS	Coupling protein TraD	CP011981.1:115634-117943	PACDGBLG_00139

DiscRep_SUB:FEATURE_LOCATION_CONFLICT::Coding region xref gene does not exist
plasmid_files/CP011981.1_results/PROKKA_06292018:CDS	Multifunctional conjugation protein TraI	CP011981.1:117943-122994	PACDGBLG_00140

DiscRep_SUB:FEATURE_LOCATION_CONFLICT::Coding region xref gene does not exist
plasmid_files/CP011981.1_results/PROKKA_06292018:CDS	Multifunctional conjugation protein TraI	CP011981.1:122949-123203	PACDGBLG_00141

DiscRep_SUB:FEATURE_LOCATION_CONFLICT::Coding region xref gene does not exist
plasmid_files/CP011981.1_results/PROKKA_06292018:CDS	hypothetical protein	CP011981.1:123283-124008	PACDGBLG_00142

DiscRep_SUB:FEATURE_LOCATION_CONFLICT::Coding region xref gene does not exist
plasmid_files/CP011981.1_results/PROKKA_06292018:CDS	Fertility inhibition protein	CP011981.1:124166-124762	PACDGBLG_00143

DiscRep_SUB:FEATURE_LOCATION_CONFLICT::Coding region xref gene does not exist
plasmid_files/CP011981.1_results/PROKKA_06292018:CDS	hypothetical protein	CP011981.1:124782-125129	PACDGBLG_00144

DiscRep_SUB:FEATURE_LOCATION_CONFLICT::Coding region xref gene does not exist
plasmid_files/CP011981.1_results/PROKKA_06292018:CDS	hypothetical protein	CP011981.1:c125889-125344	PACDGBLG_00145

DiscRep_SUB:FEATURE_LOCATION_CONFLICT::Coding region xref gene does not exist
plasmid_files/CP011981.1_results/PROKKA_06292018:CDS	Pyocin-S2	CP011981.1:126246-128567	PACDGBLG_00146

DiscRep_SUB:FEATURE_LOCATION_CONFLICT::Coding region xref gene does not exist
plasmid_files/CP011981.1_results/PROKKA_06292018:CDS	Colicin-E9 immunity protein	CP011981.1:128569-128847	PACDGBLG_00147

DiscRep_SUB:FEATURE_LOCATION_CONFLICT::Coding region xref gene does not exist
plasmid_files/CP011981.1_results/PROKKA_06292018:CDS	Phospholipase D	CP011981.1:129107-129667	PACDGBLG_00148

DiscRep_SUB:FEATURE_LOCATION_CONFLICT::Coding region xref gene does not exist
plasmid_files/CP011981.1_results/PROKKA_06292018:CDS	hypothetical protein	CP011981.1:129988-130266	PACDGBLG_00149

DiscRep_ALL:OVERLAPPING_CDS::2 coding regions overlap another coding region with a similar or identical name.
DiscRep_SUB:OVERLAPPING_CDS::2 coding regions overlap another coding region with a similar or identical name that do not have the appropriate note text
plasmid_files/CP011981.1_results/PROKKA_06292018:CDS	Multifunctional conjugation protein TraI	CP011981.1:117943-122994	PACDGBLG_00140
plasmid_files/CP011981.1_results/PROKKA_06292018:CDS	Multifunctional conjugation protein TraI	CP011981.1:122949-123203	PACDGBLG_00141

DiscRep_ALL:SUSPECT_PRODUCT_NAMES::1 product_names contain suspect phrase or characters
DiscRep_SUB:SUSPECT_PRODUCT_NAMES::May contain database identifier more appropriate in note; remove from product name
DiscRep_SUB:SUSPECT_PRODUCT_NAMES::1 features Three or more numbers together
plasmid_files/CP011981.1_results/PROKKA_06292018:CDS	Putative transposon Tn552 DNA-invertase bin3	CP011981.1:c18733-18113	PACDGBLG_00018

DiscRep_ALL:DISC_QUALITY_SCORES::Quality scores are missing on all sequences.

DiscRep_ALL:ONCALLER_COMMENT_PRESENT::1 comment descriptors were found (all same)
plasmid_files/CP011981.1_results/PROKKA_06292018:CP011981.1:Annotated using prokka 1.14-dev from https://github.com/tseemann/prokka

DiscRep_ALL:SHORT_PROT_SEQUENCES::2 protein sequences are shorter than 50 aa.
plasmid_files/CP011981.1_results/PROKKA_06292018:CP011981.1_16 (length 38)
plasmid_files/CP011981.1_results/PROKKA_06292018:CP011981.1_41 (length 41)

DiscRep_ALL:MISSING_GENOMEASSEMBLY_COMMENTS::1 bioseqs are missing GenomeAssembly structured comments
plasmid_files/CP011981.1_results/PROKKA_06292018:CP011981.1 (length 130552)

DiscRep_ALL:MOLTYPE_NOT_MRNA::1 molecule types are not set as mRNA.
plasmid_files/CP011981.1_results/PROKKA_06292018:CP011981.1 (length 130552)

DiscRep_ALL:TECHNIQUE_NOT_TSA::1 technique are not set as TSA
plasmid_files/CP011981.1_results/PROKKA_06292018:CP011981.1 (length 130552)

DiscRep_ALL:MISSING_STRUCTURED_COMMENT::1 sequences do not include structured comments.
plasmid_files/CP011981.1_results/PROKKA_06292018:CP011981.1 (length 130552)

DiscRep_ALL:MISSING_PROJECT::150 sequences do not include project.
plasmid_files/CP011981.1_results/PROKKA_06292018:CP011981.1 (length 130552)
plasmid_files/CP011981.1_results/PROKKA_06292018:CP011981.1_1 (length 285)
plasmid_files/CP011981.1_results/PROKKA_06292018:CP011981.1_2 (length 187)
plasmid_files/CP011981.1_results/PROKKA_06292018:CP011981.1_3 (length 203)
plasmid_files/CP011981.1_results/PROKKA_06292018:CP011981.1_4 (length 318)
plasmid_files/CP011981.1_results/PROKKA_06292018:CP011981.1_5 (length 51)
plasmid_files/CP011981.1_results/PROKKA_06292018:CP011981.1_6 (length 571)
plasmid_files/CP011981.1_results/PROKKA_06292018:CP011981.1_7 (length 1009)
plasmid_files/CP011981.1_results/PROKKA_06292018:CP011981.1_8 (length 341)
plasmid_files/CP011981.1_results/PROKKA_06292018:CP011981.1_9 (length 259)
plasmid_files/CP011981.1_results/PROKKA_06292018:CP011981.1_10 (length 79)
plasmid_files/CP011981.1_results/PROKKA_06292018:CP011981.1_11 (length 293)
plasmid_files/CP011981.1_results/PROKKA_06292018:CP011981.1_12 (length 439)
plasmid_files/CP011981.1_results/PROKKA_06292018:CP011981.1_13 (length 394)
plasmid_files/CP011981.1_results/PROKKA_06292018:CP011981.1_14 (length 70)
plasmid_files/CP011981.1_results/PROKKA_06292018:CP011981.1_15 (length 119)
plasmid_files/CP011981.1_results/PROKKA_06292018:CP011981.1_16 (length 38)
plasmid_files/CP011981.1_results/PROKKA_06292018:CP011981.1_17 (length 136)
plasmid_files/CP011981.1_results/PROKKA_06292018:CP011981.1_18 (length 206)
plasmid_files/CP011981.1_results/PROKKA_06292018:CP011981.1_19 (length 965)
plasmid_files/CP011981.1_results/PROKKA_06292018:CP011981.1_20 (length 234)
plasmid_files/CP011981.1_results/PROKKA_06292018:CP011981.1_21 (length 106)
plasmid_files/CP011981.1_results/PROKKA_06292018:CP011981.1_22 (length 275)
plasmid_files/CP011981.1_results/PROKKA_06292018:CP011981.1_23 (length 287)
plasmid_files/CP011981.1_results/PROKKA_06292018:CP011981.1_24 (length 275)
plasmid_files/CP011981.1_results/PROKKA_06292018:CP011981.1_25 (length 336)
plasmid_files/CP011981.1_results/PROKKA_06292018:CP011981.1_26 (length 289)
plasmid_files/CP011981.1_results/PROKKA_06292018:CP011981.1_27 (length 211)
plasmid_files/CP011981.1_results/PROKKA_06292018:CP011981.1_28 (length 326)
plasmid_files/CP011981.1_results/PROKKA_06292018:CP011981.1_29 (length 125)
plasmid_files/CP011981.1_results/PROKKA_06292018:CP011981.1_30 (length 87)
plasmid_files/CP011981.1_results/PROKKA_06292018:CP011981.1_31 (length 74)
plasmid_files/CP011981.1_results/PROKKA_06292018:CP011981.1_32 (length 93)
plasmid_files/CP011981.1_results/PROKKA_06292018:CP011981.1_33 (length 189)
plasmid_files/CP011981.1_results/PROKKA_06292018:CP011981.1_34 (length 931)
plasmid_files/CP011981.1_results/PROKKA_06292018:CP011981.1_35 (length 142)
plasmid_files/CP011981.1_results/PROKKA_06292018:CP011981.1_36 (length 249)
plasmid_files/CP011981.1_results/PROKKA_06292018:CP011981.1_37 (length 329)
plasmid_files/CP011981.1_results/PROKKA_06292018:CP011981.1_38 (length 101)
plasmid_files/CP011981.1_results/PROKKA_06292018:CP011981.1_39 (length 241)
plasmid_files/CP011981.1_results/PROKKA_06292018:CP011981.1_40 (length 452)
plasmid_files/CP011981.1_results/PROKKA_06292018:CP011981.1_41 (length 41)
plasmid_files/CP011981.1_results/PROKKA_06292018:CP011981.1_42 (length 160)
plasmid_files/CP011981.1_results/PROKKA_06292018:CP011981.1_43 (length 88)
plasmid_files/CP011981.1_results/PROKKA_06292018:CP011981.1_44 (length 84)
plasmid_files/CP011981.1_results/PROKKA_06292018:CP011981.1_45 (length 85)
plasmid_files/CP011981.1_results/PROKKA_06292018:CP011981.1_46 (length 326)
plasmid_files/CP011981.1_results/PROKKA_06292018:CP011981.1_47 (length 122)
plasmid_files/CP011981.1_results/PROKKA_06292018:CP011981.1_48 (length 164)
plasmid_files/CP011981.1_results/PROKKA_06292018:CP011981.1_49 (length 191)
plasmid_files/CP011981.1_results/PROKKA_06292018:CP011981.1_50 (length 89)
plasmid_files/CP011981.1_results/PROKKA_06292018:CP011981.1_51 (length 83)
plasmid_files/CP011981.1_results/PROKKA_06292018:CP011981.1_52 (length 102)
plasmid_files/CP011981.1_results/PROKKA_06292018:CP011981.1_53 (length 109)
plasmid_files/CP011981.1_results/PROKKA_06292018:CP011981.1_54 (length 147)
plasmid_files/CP011981.1_results/PROKKA_06292018:CP011981.1_55 (length 110)
plasmid_files/CP011981.1_results/PROKKA_06292018:CP011981.1_56 (length 260)
plasmid_files/CP011981.1_results/PROKKA_06292018:CP011981.1_57 (length 157)
plasmid_files/CP011981.1_results/PROKKA_06292018:CP011981.1_58 (length 422)
plasmid_files/CP011981.1_results/PROKKA_06292018:CP011981.1_59 (length 1085)
plasmid_files/CP011981.1_results/PROKKA_06292018:CP011981.1_60 (length 438)
plasmid_files/CP011981.1_results/PROKKA_06292018:CP011981.1_61 (length 675)
plasmid_files/CP011981.1_results/PROKKA_06292018:CP011981.1_62 (length 57)
plasmid_files/CP011981.1_results/PROKKA_06292018:CP011981.1_63 (length 110)
plasmid_files/CP011981.1_results/PROKKA_06292018:CP011981.1_64 (length 324)
plasmid_files/CP011981.1_results/PROKKA_06292018:CP011981.1_65 (length 401)
plasmid_files/CP011981.1_results/PROKKA_06292018:CP011981.1_66 (length 298)
plasmid_files/CP011981.1_results/PROKKA_06292018:CP011981.1_67 (length 423)
plasmid_files/CP011981.1_results/PROKKA_06292018:CP011981.1_68 (length 143)
plasmid_files/CP011981.1_results/PROKKA_06292018:CP011981.1_69 (length 323)
plasmid_files/CP011981.1_results/PROKKA_06292018:CP011981.1_70 (length 223)
plasmid_files/CP011981.1_results/PROKKA_06292018:CP011981.1_71 (length 76)
plasmid_files/CP011981.1_results/PROKKA_06292018:CP011981.1_72 (length 233)
plasmid_files/CP011981.1_results/PROKKA_06292018:CP011981.1_73 (length 73)
plasmid_files/CP011981.1_results/PROKKA_06292018:CP011981.1_74 (length 139)
plasmid_files/CP011981.1_results/PROKKA_06292018:CP011981.1_75 (length 254)
plasmid_files/CP011981.1_results/PROKKA_06292018:CP011981.1_76 (length 142)
plasmid_files/CP011981.1_results/PROKKA_06292018:CP011981.1_77 (length 168)
plasmid_files/CP011981.1_results/PROKKA_06292018:CP011981.1_78 (length 63)
plasmid_files/CP011981.1_results/PROKKA_06292018:CP011981.1_79 (length 84)
plasmid_files/CP011981.1_results/PROKKA_06292018:CP011981.1_80 (length 105)
plasmid_files/CP011981.1_results/PROKKA_06292018:CP011981.1_81 (length 58)
plasmid_files/CP011981.1_results/PROKKA_06292018:CP011981.1_82 (length 75)
plasmid_files/CP011981.1_results/PROKKA_06292018:CP011981.1_83 (length 76)
plasmid_files/CP011981.1_results/PROKKA_06292018:CP011981.1_84 (length 451)
plasmid_files/CP011981.1_results/PROKKA_06292018:CP011981.1_85 (length 187)
plasmid_files/CP011981.1_results/PROKKA_06292018:CP011981.1_86 (length 106)
plasmid_files/CP011981.1_results/PROKKA_06292018:CP011981.1_87 (length 123)
plasmid_files/CP011981.1_results/PROKKA_06292018:CP011981.1_88 (length 180)
plasmid_files/CP011981.1_results/PROKKA_06292018:CP011981.1_89 (length 82)
plasmid_files/CP011981.1_results/PROKKA_06292018:CP011981.1_90 (length 678)
plasmid_files/CP011981.1_results/PROKKA_06292018:CP011981.1_91 (length 143)
plasmid_files/CP011981.1_results/PROKKA_06292018:CP011981.1_92 (length 242)
plasmid_files/CP011981.1_results/PROKKA_06292018:CP011981.1_93 (length 108)
plasmid_files/CP011981.1_results/PROKKA_06292018:CP011981.1_94 (length 124)
plasmid_files/CP011981.1_results/PROKKA_06292018:CP011981.1_95 (length 359)
plasmid_files/CP011981.1_results/PROKKA_06292018:CP011981.1_96 (length 53)
plasmid_files/CP011981.1_results/PROKKA_06292018:CP011981.1_97 (length 90)
plasmid_files/CP011981.1_results/PROKKA_06292018:CP011981.1_98 (length 116)
plasmid_files/CP011981.1_results/PROKKA_06292018:CP011981.1_99 (length 118)
plasmid_files/CP011981.1_results/PROKKA_06292018:CP011981.1_100 (length 70)
plasmid_files/CP011981.1_results/PROKKA_06292018:CP011981.1_101 (length 74)
plasmid_files/CP011981.1_results/PROKKA_06292018:CP011981.1_102 (length 116)
plasmid_files/CP011981.1_results/PROKKA_06292018:CP011981.1_103 (length 92)
plasmid_files/CP011981.1_results/PROKKA_06292018:CP011981.1_104 (length 206)
plasmid_files/CP011981.1_results/PROKKA_06292018:CP011981.1_105 (length 273)
plasmid_files/CP011981.1_results/PROKKA_06292018:CP011981.1_106 (length 104)
plasmid_files/CP011981.1_results/PROKKA_06292018:CP011981.1_107 (length 161)
plasmid_files/CP011981.1_results/PROKKA_06292018:CP011981.1_108 (length 130)
plasmid_files/CP011981.1_results/PROKKA_06292018:CP011981.1_109 (length 231)
plasmid_files/CP011981.1_results/PROKKA_06292018:CP011981.1_110 (length 122)
plasmid_files/CP011981.1_results/PROKKA_06292018:CP011981.1_111 (length 101)
plasmid_files/CP011981.1_results/PROKKA_06292018:CP011981.1_112 (length 188)
plasmid_files/CP011981.1_results/PROKKA_06292018:CP011981.1_113 (length 246)
plasmid_files/CP011981.1_results/PROKKA_06292018:CP011981.1_114 (length 474)
plasmid_files/CP011981.1_results/PROKKA_06292018:CP011981.1_115 (length 198)
plasmid_files/CP011981.1_results/PROKKA_06292018:CP011981.1_116 (length 185)
plasmid_files/CP011981.1_results/PROKKA_06292018:CP011981.1_117 (length 136)
plasmid_files/CP011981.1_results/PROKKA_06292018:CP011981.1_118 (length 72)
plasmid_files/CP011981.1_results/PROKKA_06292018:CP011981.1_119 (length 105)
plasmid_files/CP011981.1_results/PROKKA_06292018:CP011981.1_120 (length 134)
plasmid_files/CP011981.1_results/PROKKA_06292018:CP011981.1_121 (length 130)
plasmid_files/CP011981.1_results/PROKKA_06292018:CP011981.1_122 (length 879)
plasmid_files/CP011981.1_results/PROKKA_06292018:CP011981.1_123 (length 129)
plasmid_files/CP011981.1_results/PROKKA_06292018:CP011981.1_124 (length 208)
plasmid_files/CP011981.1_results/PROKKA_06292018:CP011981.1_125 (length 330)
plasmid_files/CP011981.1_results/PROKKA_06292018:CP011981.1_126 (length 212)
plasmid_files/CP011981.1_results/PROKKA_06292018:CP011981.1_127 (length 668)
plasmid_files/CP011981.1_results/PROKKA_06292018:CP011981.1_128 (length 78)
plasmid_files/CP011981.1_results/PROKKA_06292018:CP011981.1_129 (length 61)
plasmid_files/CP011981.1_results/PROKKA_06292018:CP011981.1_130 (length 108)
plasmid_files/CP011981.1_results/PROKKA_06292018:CP011981.1_131 (length 250)
plasmid_files/CP011981.1_results/PROKKA_06292018:CP011981.1_132 (length 79)
plasmid_files/CP011981.1_results/PROKKA_06292018:CP011981.1_133 (length 190)
plasmid_files/CP011981.1_results/PROKKA_06292018:CP011981.1_134 (length 142)
plasmid_files/CP011981.1_results/PROKKA_06292018:CP011981.1_135 (length 456)
plasmid_files/CP011981.1_results/PROKKA_06292018:CP011981.1_136 (length 949)
plasmid_files/CP011981.1_results/PROKKA_06292018:CP011981.1_137 (length 176)
plasmid_files/CP011981.1_results/PROKKA_06292018:CP011981.1_138 (length 243)
plasmid_files/CP011981.1_results/PROKKA_06292018:CP011981.1_139 (length 769)
plasmid_files/CP011981.1_results/PROKKA_06292018:CP011981.1_140 (length 1683)
plasmid_files/CP011981.1_results/PROKKA_06292018:CP011981.1_141 (length 84)
plasmid_files/CP011981.1_results/PROKKA_06292018:CP011981.1_142 (length 241)
plasmid_files/CP011981.1_results/PROKKA_06292018:CP011981.1_143 (length 198)
plasmid_files/CP011981.1_results/PROKKA_06292018:CP011981.1_144 (length 115)
plasmid_files/CP011981.1_results/PROKKA_06292018:CP011981.1_145 (length 181)
plasmid_files/CP011981.1_results/PROKKA_06292018:CP011981.1_146 (length 773)
plasmid_files/CP011981.1_results/PROKKA_06292018:CP011981.1_147 (length 92)
plasmid_files/CP011981.1_results/PROKKA_06292018:CP011981.1_148 (length 186)
plasmid_files/CP011981.1_results/PROKKA_06292018:CP011981.1_149 (length 92)

DiscRep_ALL:DISC_INCONSISTENT_MOLINFO_TECH::Molinfo Technique Report (some missing, all same)
DiscRep_SUB:DISC_INCONSISTENT_MOLINFO_TECH::technique (all missing)
DiscRep_SUB:DISC_INCONSISTENT_MOLINFO_TECH::1 Molinfos are missing field technique
plasmid_files/CP011981.1_results/PROKKA_06292018:CP011981.1 (length 130552)

