[10:15:06] This is prokka 1.14-dev
[10:15:06] Written by Torsten Seemann <torsten.seemann@gmail.com>
[10:15:06] Homepage is https://github.com/tseemann/prokka
[10:15:06] Local time is Fri Jun 29 10:15:06 2018
[10:15:06] You are christian
[10:15:06] Operating system is linux
[10:15:06] You have BioPerl 1.007002
[10:15:06] System has 20 cores.
[10:15:06] Will use maximum of 20 cores.
[10:15:06] Annotating as >>> Bacteria <<<
[10:15:06] Generating locus_tag from 'plasmid_files/MF072963.1.fasta' contents.
[10:15:06] Setting --locustag IBOAFLGI from MD5 2b8af502848049e37b69901e71690648
[10:15:06] Creating new output folder: plasmid_files/MF072963.1_results
[10:15:06] Running: mkdir -p plasmid_files\/MF072963\.1_results
[10:15:06] Using filename prefix: PROKKA_06292018.XXX
[10:15:06] Setting HMMER_NCPU=1
[10:15:06] Writing log to: plasmid_files/MF072963.1_results/PROKKA_06292018.log
[10:15:06] Command: /home/christian/install/prokka/bin/prokka plasmid_files/MF072963.1.fasta --outdir plasmid_files/MF072963.1_results --cpus 20
[10:15:06] Appending to PATH: /home/christian/install/prokka/bin/../binaries/linux
[10:15:06] Appending to PATH: /home/christian/install/prokka/bin/../binaries/linux/../common
[10:15:06] Appending to PATH: /home/christian/install/prokka/bin
[10:15:06] Looking for 'aragorn' - found /home/christian/install/prokka/bin/../binaries/linux/aragorn
[10:15:06] Determined aragorn version is 1.2
[10:15:06] Looking for 'blastp' - found /usr/bin/blastp
[10:15:06] Determined blastp version is 2.2
[10:15:06] Looking for 'cmpress' - found /usr/local/bin/cmpress
[10:15:06] Determined cmpress version is 1.1
[10:15:06] Looking for 'cmscan' - found /usr/local/bin/cmscan
[10:15:06] Determined cmscan version is 1.1
[10:15:06] Looking for 'egrep' - found /bin/egrep
[10:15:06] Looking for 'find' - found /usr/bin/find
[10:15:06] Looking for 'grep' - found /bin/grep
[10:15:06] Looking for 'hmmpress' - found /usr/local/bin/hmmpress
[10:15:06] Determined hmmpress version is 3.1
[10:15:06] Looking for 'hmmscan' - found /usr/local/bin/hmmscan
[10:15:06] Determined hmmscan version is 3.1
[10:15:06] Looking for 'java' - found /usr/bin/java
[10:15:06] Looking for 'less' - found /usr/bin/less
[10:15:06] Looking for 'makeblastdb' - found /usr/bin/makeblastdb
[10:15:06] Determined makeblastdb version is 2.2
[10:15:06] Looking for 'minced' - found /home/christian/install/prokka/bin/../binaries/linux/../common/minced
[10:15:06] Determined minced version is 2.0
[10:15:06] Looking for 'parallel' - found /usr/bin/parallel
[10:15:07] Determined parallel version is 20141022
[10:15:07] Looking for 'prodigal' - found /usr/local/bin/prodigal
[10:15:07] Determined prodigal version is 2.6
[10:15:07] Looking for 'prokka-genbank_to_fasta_db' - found /home/christian/install/prokka/bin/prokka-genbank_to_fasta_db
[10:15:07] Looking for 'sed' - found /bin/sed
[10:15:07] Looking for 'tbl2asn' - found /home/christian/install/prokka/bin/../binaries/linux/tbl2asn
[10:15:07] Determined tbl2asn version is 25.6
[10:15:07] Using genetic code table 11.
[10:15:07] Loading and checking input file: plasmid_files/MF072963.1.fasta
[10:15:07] Wrote 1 contigs totalling 42763 bp.
[10:15:07] Predicting tRNAs and tmRNAs
[10:15:07] Running: aragorn -l -gc11  -w plasmid_files\/MF072963\.1_results\/PROKKA_06292018\.fna
[10:15:07] Found 0 tRNAs
[10:15:07] Predicting Ribosomal RNAs
[10:15:07] You need either Barrnap or RNAmmer installed to predict rRNAs!
[10:15:07] Skipping ncRNA search, enable with --rfam if desired.
[10:15:07] Total of 0 tRNA + rRNA features
[10:15:07] Searching for CRISPR repeats
[10:15:07] Found 0 CRISPRs
[10:15:07] Predicting coding sequences
[10:15:07] Contigs total 42763 bp, so using meta mode
[10:15:07] Running: prodigal -i plasmid_files\/MF072963\.1_results\/PROKKA_06292018\.fna -c -m -g 11 -p meta -f sco -q
[10:15:07] Found 55 CDS
[10:15:07] Connecting features back to sequences
[10:15:07] Not using genus-specific database. Try --usegenus to enable it.
[10:15:07] Annotating CDS, please be patient.
[10:15:07] Will use 20 CPUs for similarity searching.
[10:15:07] There are still 55 unannotated CDS left (started with 55)
[10:15:07] Will use blast to search against /home/christian/install/prokka/db/kingdom/Bacteria/sprot with 20 CPUs
[10:15:07] Running: cat plasmid_files\/MF072963\.1_results\/sprot\.faa | parallel --gnu --plain -j 20 --block 324 --recstart '>' --pipe blastp -query - -db /home/christian/install/prokka/db/kingdom/Bacteria/sprot -evalue 1e-06 -num_threads 1 -num_descriptions 1 -num_alignments 1 -seg no > plasmid_files\/MF072963\.1_results\/sprot\.blast 2> /dev/null
[10:15:08] Deleting unwanted file: plasmid_files/MF072963.1_results/sprot.faa
[10:15:08] Deleting unwanted file: plasmid_files/MF072963.1_results/sprot.blast
[10:15:08] There are still 39 unannotated CDS left (started with 55)
[10:15:08] Will use hmmer3 to search against /home/christian/install/prokka/db/hmm/HAMAP.hmm with 20 CPUs
[10:15:08] Running: cat plasmid_files\/MF072963\.1_results\/HAMAP\.hmm\.faa | parallel --gnu --plain -j 20 --block 187 --recstart '>' --pipe hmmscan --noali --notextw --acc -E 1e-06 --cpu 1 /home/christian/install/prokka/db/hmm/HAMAP.hmm /dev/stdin > plasmid_files\/MF072963\.1_results\/HAMAP\.hmm\.hmmer3 2> /dev/null
[10:15:08] Deleting unwanted file: plasmid_files/MF072963.1_results/HAMAP.hmm.faa
[10:15:08] Deleting unwanted file: plasmid_files/MF072963.1_results/HAMAP.hmm.hmmer3
[10:15:08] Labelling remaining 39 proteins as 'hypothetical protein'
[10:15:08] Found 14 unique /gene codes.
[10:15:08] Fixed 0 colliding /gene names.
[10:15:08] Adding /locus_tag identifiers
[10:15:08] Assigned 55 locus_tags to CDS and RNA features.
[10:15:08] Writing outputs to plasmid_files/MF072963.1_results/
[10:15:08] Generating annotation statistics file
[10:15:08] Generating Genbank and Sequin files
[10:15:08] Running: tbl2asn -V b -a r10k -l paired-ends -M n -N 1 -y 'Annotated using prokka 1.14-dev from https://github.com/tseemann/prokka' -Z plasmid_files\/MF072963\.1_results\/PROKKA_06292018\.err -i plasmid_files\/MF072963\.1_results\/PROKKA_06292018\.fsa 2> /dev/null
[10:15:09] Deleting unwanted file: plasmid_files/MF072963.1_results/errorsummary.val
[10:15:09] Deleting unwanted file: plasmid_files/MF072963.1_results/PROKKA_06292018.dr
[10:15:09] Deleting unwanted file: plasmid_files/MF072963.1_results/PROKKA_06292018.fixedproducts
[10:15:09] Deleting unwanted file: plasmid_files/MF072963.1_results/PROKKA_06292018.ecn
[10:15:09] Deleting unwanted file: plasmid_files/MF072963.1_results/PROKKA_06292018.val
[10:15:09] Repairing broken .GBK output that tbl2asn produces...
[10:15:09] Running: sed 's/COORDINATES: profile/COORDINATES:profile/' < plasmid_files\/MF072963\.1_results\/PROKKA_06292018\.gbf > plasmid_files\/MF072963\.1_results\/PROKKA_06292018\.gbk
[10:15:09] Deleting unwanted file: plasmid_files/MF072963.1_results/PROKKA_06292018.gbf
[10:15:09] Output files:
[10:15:09] plasmid_files/MF072963.1_results/PROKKA_06292018.sqn
[10:15:09] plasmid_files/MF072963.1_results/PROKKA_06292018.fsa
[10:15:09] plasmid_files/MF072963.1_results/PROKKA_06292018.tbl
[10:15:09] plasmid_files/MF072963.1_results/PROKKA_06292018.log
[10:15:09] plasmid_files/MF072963.1_results/PROKKA_06292018.gff
[10:15:09] plasmid_files/MF072963.1_results/PROKKA_06292018.txt
[10:15:09] plasmid_files/MF072963.1_results/PROKKA_06292018.gbk
[10:15:09] plasmid_files/MF072963.1_results/PROKKA_06292018.faa
[10:15:09] plasmid_files/MF072963.1_results/PROKKA_06292018.fna
[10:15:09] plasmid_files/MF072963.1_results/PROKKA_06292018.tsv
[10:15:09] plasmid_files/MF072963.1_results/PROKKA_06292018.ffn
[10:15:09] plasmid_files/MF072963.1_results/PROKKA_06292018.err
[10:15:09] Annotation finished successfully.
[10:15:09] Walltime used: 0.05 minutes
[10:15:09] If you use this result please cite the Prokka paper:
[10:15:09] Seemann T (2014) Prokka: rapid prokaryotic genome annotation. Bioinformatics. 30(14):2068-9.
[10:15:09] Type 'prokka --citation' for more details.
[10:15:09] Share and enjoy!
