Discrepancy Report Results

Summary
FATAL: MISSING_PROTEIN_ID:103 proteins have invalid IDs.
DISC_SOURCE_QUALS_ASNDISC:strain (all present, all unique)
DISC_SOURCE_QUALS_ASNDISC:taxname (all present, all unique)
DISC_FEATURE_COUNT:CDS: 103 present
DISC_COUNT_NUCLEOTIDES:1 nucleotide Bioseqs are present
FEATURE_LOCATION_CONFLICT:103 features have inconsistent gene locations.
SUSPECT_PRODUCT_NAMES:1 product_names contain suspect phrase or characters
	May contain database identifier more appropriate in note; remove from product name
		1 features Three or more numbers together
DISC_QUALITY_SCORES:Quality scores are missing on all sequences.
ONCALLER_COMMENT_PRESENT:1 comment descriptors were found (all same)
SHORT_PROT_SEQUENCES:2 protein sequences are shorter than 50 aa.
MISSING_GENOMEASSEMBLY_COMMENTS:1 bioseqs are missing GenomeAssembly structured comments
MOLTYPE_NOT_MRNA:1 molecule types are not set as mRNA.
TECHNIQUE_NOT_TSA:1 technique are not set as TSA
MISSING_STRUCTURED_COMMENT:1 sequences do not include structured comments.
MISSING_PROJECT:104 sequences do not include project.
DISC_INCONSISTENT_MOLINFO_TECH:Molinfo Technique Report (some missing, all same)


Detailed Report

FATAL: DiscRep_ALL:MISSING_PROTEIN_ID::103 proteins have invalid IDs.
plasmid_files/CP028554.1_results/PROKKA_06292018:CP028554.1_1 (length 339)
plasmid_files/CP028554.1_results/PROKKA_06292018:CP028554.1_2 (length 232)
plasmid_files/CP028554.1_results/PROKKA_06292018:CP028554.1_3 (length 243)
plasmid_files/CP028554.1_results/PROKKA_06292018:CP028554.1_4 (length 92)
plasmid_files/CP028554.1_results/PROKKA_06292018:CP028554.1_5 (length 203)
plasmid_files/CP028554.1_results/PROKKA_06292018:CP028554.1_6 (length 317)
plasmid_files/CP028554.1_results/PROKKA_06292018:CP028554.1_7 (length 88)
plasmid_files/CP028554.1_results/PROKKA_06292018:CP028554.1_8 (length 206)
plasmid_files/CP028554.1_results/PROKKA_06292018:CP028554.1_9 (length 477)
plasmid_files/CP028554.1_results/PROKKA_06292018:CP028554.1_10 (length 402)
plasmid_files/CP028554.1_results/PROKKA_06292018:CP028554.1_11 (length 56)
plasmid_files/CP028554.1_results/PROKKA_06292018:CP028554.1_12 (length 917)
plasmid_files/CP028554.1_results/PROKKA_06292018:CP028554.1_13 (length 198)
plasmid_files/CP028554.1_results/PROKKA_06292018:CP028554.1_14 (length 172)
plasmid_files/CP028554.1_results/PROKKA_06292018:CP028554.1_15 (length 215)
plasmid_files/CP028554.1_results/PROKKA_06292018:CP028554.1_16 (length 91)
plasmid_files/CP028554.1_results/PROKKA_06292018:CP028554.1_17 (length 66)
plasmid_files/CP028554.1_results/PROKKA_06292018:CP028554.1_18 (length 423)
plasmid_files/CP028554.1_results/PROKKA_06292018:CP028554.1_19 (length 153)
plasmid_files/CP028554.1_results/PROKKA_06292018:CP028554.1_20 (length 81)
plasmid_files/CP028554.1_results/PROKKA_06292018:CP028554.1_21 (length 76)
plasmid_files/CP028554.1_results/PROKKA_06292018:CP028554.1_22 (length 233)
plasmid_files/CP028554.1_results/PROKKA_06292018:CP028554.1_23 (length 73)
plasmid_files/CP028554.1_results/PROKKA_06292018:CP028554.1_24 (length 136)
plasmid_files/CP028554.1_results/PROKKA_06292018:CP028554.1_25 (length 255)
plasmid_files/CP028554.1_results/PROKKA_06292018:CP028554.1_26 (length 142)
plasmid_files/CP028554.1_results/PROKKA_06292018:CP028554.1_27 (length 168)
plasmid_files/CP028554.1_results/PROKKA_06292018:CP028554.1_28 (length 63)
plasmid_files/CP028554.1_results/PROKKA_06292018:CP028554.1_29 (length 105)
plasmid_files/CP028554.1_results/PROKKA_06292018:CP028554.1_30 (length 106)
plasmid_files/CP028554.1_results/PROKKA_06292018:CP028554.1_31 (length 185)
plasmid_files/CP028554.1_results/PROKKA_06292018:CP028554.1_32 (length 82)
plasmid_files/CP028554.1_results/PROKKA_06292018:CP028554.1_33 (length 666)
plasmid_files/CP028554.1_results/PROKKA_06292018:CP028554.1_34 (length 143)
plasmid_files/CP028554.1_results/PROKKA_06292018:CP028554.1_35 (length 242)
plasmid_files/CP028554.1_results/PROKKA_06292018:CP028554.1_36 (length 107)
plasmid_files/CP028554.1_results/PROKKA_06292018:CP028554.1_37 (length 43)
plasmid_files/CP028554.1_results/PROKKA_06292018:CP028554.1_38 (length 75)
plasmid_files/CP028554.1_results/PROKKA_06292018:CP028554.1_39 (length 76)
plasmid_files/CP028554.1_results/PROKKA_06292018:CP028554.1_40 (length 291)
plasmid_files/CP028554.1_results/PROKKA_06292018:CP028554.1_41 (length 112)
plasmid_files/CP028554.1_results/PROKKA_06292018:CP028554.1_42 (length 115)
plasmid_files/CP028554.1_results/PROKKA_06292018:CP028554.1_43 (length 41)
plasmid_files/CP028554.1_results/PROKKA_06292018:CP028554.1_44 (length 76)
plasmid_files/CP028554.1_results/PROKKA_06292018:CP028554.1_45 (length 277)
plasmid_files/CP028554.1_results/PROKKA_06292018:CP028554.1_46 (length 180)
plasmid_files/CP028554.1_results/PROKKA_06292018:CP028554.1_47 (length 140)
plasmid_files/CP028554.1_results/PROKKA_06292018:CP028554.1_48 (length 130)
plasmid_files/CP028554.1_results/PROKKA_06292018:CP028554.1_49 (length 233)
plasmid_files/CP028554.1_results/PROKKA_06292018:CP028554.1_50 (length 122)
plasmid_files/CP028554.1_results/PROKKA_06292018:CP028554.1_51 (length 101)
plasmid_files/CP028554.1_results/PROKKA_06292018:CP028554.1_52 (length 188)
plasmid_files/CP028554.1_results/PROKKA_06292018:CP028554.1_53 (length 244)
plasmid_files/CP028554.1_results/PROKKA_06292018:CP028554.1_54 (length 473)
plasmid_files/CP028554.1_results/PROKKA_06292018:CP028554.1_55 (length 144)
plasmid_files/CP028554.1_results/PROKKA_06292018:CP028554.1_56 (length 194)
plasmid_files/CP028554.1_results/PROKKA_06292018:CP028554.1_57 (length 92)
plasmid_files/CP028554.1_results/PROKKA_06292018:CP028554.1_58 (length 62)
plasmid_files/CP028554.1_results/PROKKA_06292018:CP028554.1_59 (length 133)
plasmid_files/CP028554.1_results/PROKKA_06292018:CP028554.1_60 (length 99)
plasmid_files/CP028554.1_results/PROKKA_06292018:CP028554.1_61 (length 127)
plasmid_files/CP028554.1_results/PROKKA_06292018:CP028554.1_62 (length 879)
plasmid_files/CP028554.1_results/PROKKA_06292018:CP028554.1_63 (length 130)
plasmid_files/CP028554.1_results/PROKKA_06292018:CP028554.1_64 (length 208)
plasmid_files/CP028554.1_results/PROKKA_06292018:CP028554.1_65 (length 330)
plasmid_files/CP028554.1_results/PROKKA_06292018:CP028554.1_66 (length 215)
plasmid_files/CP028554.1_results/PROKKA_06292018:CP028554.1_67 (length 127)
plasmid_files/CP028554.1_results/PROKKA_06292018:CP028554.1_68 (length 651)
plasmid_files/CP028554.1_results/PROKKA_06292018:CP028554.1_69 (length 86)
plasmid_files/CP028554.1_results/PROKKA_06292018:CP028554.1_70 (length 203)
plasmid_files/CP028554.1_results/PROKKA_06292018:CP028554.1_71 (length 80)
plasmid_files/CP028554.1_results/PROKKA_06292018:CP028554.1_72 (length 108)
plasmid_files/CP028554.1_results/PROKKA_06292018:CP028554.1_73 (length 250)
plasmid_files/CP028554.1_results/PROKKA_06292018:CP028554.1_74 (length 78)
plasmid_files/CP028554.1_results/PROKKA_06292018:CP028554.1_75 (length 186)
plasmid_files/CP028554.1_results/PROKKA_06292018:CP028554.1_76 (length 456)
plasmid_files/CP028554.1_results/PROKKA_06292018:CP028554.1_77 (length 959)
plasmid_files/CP028554.1_results/PROKKA_06292018:CP028554.1_78 (length 222)
plasmid_files/CP028554.1_results/PROKKA_06292018:CP028554.1_79 (length 243)
plasmid_files/CP028554.1_results/PROKKA_06292018:CP028554.1_80 (length 230)
plasmid_files/CP028554.1_results/PROKKA_06292018:CP028554.1_81 (length 772)
plasmid_files/CP028554.1_results/PROKKA_06292018:CP028554.1_82 (length 1752)
plasmid_files/CP028554.1_results/PROKKA_06292018:CP028554.1_83 (length 239)
plasmid_files/CP028554.1_results/PROKKA_06292018:CP028554.1_84 (length 196)
plasmid_files/CP028554.1_results/PROKKA_06292018:CP028554.1_85 (length 263)
plasmid_files/CP028554.1_results/PROKKA_06292018:CP028554.1_86 (length 107)
plasmid_files/CP028554.1_results/PROKKA_06292018:CP028554.1_87 (length 1001)
plasmid_files/CP028554.1_results/PROKKA_06292018:CP028554.1_88 (length 185)
plasmid_files/CP028554.1_results/PROKKA_06292018:CP028554.1_89 (length 326)
plasmid_files/CP028554.1_results/PROKKA_06292018:CP028554.1_90 (length 160)
plasmid_files/CP028554.1_results/PROKKA_06292018:CP028554.1_91 (length 293)
plasmid_files/CP028554.1_results/PROKKA_06292018:CP028554.1_92 (length 326)
plasmid_files/CP028554.1_results/PROKKA_06292018:CP028554.1_93 (length 98)
plasmid_files/CP028554.1_results/PROKKA_06292018:CP028554.1_94 (length 51)
plasmid_files/CP028554.1_results/PROKKA_06292018:CP028554.1_95 (length 141)
plasmid_files/CP028554.1_results/PROKKA_06292018:CP028554.1_96 (length 92)
plasmid_files/CP028554.1_results/PROKKA_06292018:CP028554.1_97 (length 186)
plasmid_files/CP028554.1_results/PROKKA_06292018:CP028554.1_98 (length 186)
plasmid_files/CP028554.1_results/PROKKA_06292018:CP028554.1_99 (length 988)
plasmid_files/CP028554.1_results/PROKKA_06292018:CP028554.1_100 (length 122)
plasmid_files/CP028554.1_results/PROKKA_06292018:CP028554.1_101 (length 102)
plasmid_files/CP028554.1_results/PROKKA_06292018:CP028554.1_102 (length 185)
plasmid_files/CP028554.1_results/PROKKA_06292018:CP028554.1_103 (length 84)

DiscRep_ALL:DISC_SOURCE_QUALS_ASNDISC::strain (all present, all unique)
DiscRep_SUB:DISC_SOURCE_QUALS_ASNDISC::1 sources have unique values for strain
DiscRep_ALL:DISC_SOURCE_QUALS_ASNDISC::taxname (all present, all unique)
DiscRep_SUB:DISC_SOURCE_QUALS_ASNDISC::1 sources have unique values for taxname
DiscRep_ALL:DISC_FEATURE_COUNT::CDS: 103 present
DiscRep_ALL:DISC_COUNT_NUCLEOTIDES::1 nucleotide Bioseqs are present
plasmid_files/CP028554.1_results/PROKKA_06292018:CP028554.1 (length 89738)

DiscRep_ALL:FEATURE_LOCATION_CONFLICT::103 features have inconsistent gene locations.
DiscRep_SUB:FEATURE_LOCATION_CONFLICT::Coding region xref gene does not exist
plasmid_files/CP028554.1_results/PROKKA_06292018:CDS	Replication initiation protein	CP028554.1:1-1020	FNGCKOFL_00001

DiscRep_SUB:FEATURE_LOCATION_CONFLICT::Coding region xref gene does not exist
plasmid_files/CP028554.1_results/PROKKA_06292018:CDS	hypothetical protein	CP028554.1:2334-3032	FNGCKOFL_00002

DiscRep_SUB:FEATURE_LOCATION_CONFLICT::Coding region xref gene does not exist
plasmid_files/CP028554.1_results/PROKKA_06292018:CDS	hypothetical protein	CP028554.1:3327-4058	FNGCKOFL_00003

DiscRep_SUB:FEATURE_LOCATION_CONFLICT::Coding region xref gene does not exist
plasmid_files/CP028554.1_results/PROKKA_06292018:CDS	hypothetical protein	CP028554.1:4096-4374	FNGCKOFL_00004

DiscRep_SUB:FEATURE_LOCATION_CONFLICT::Coding region xref gene does not exist
plasmid_files/CP028554.1_results/PROKKA_06292018:CDS	hypothetical protein	CP028554.1:4692-5303	FNGCKOFL_00005

DiscRep_SUB:FEATURE_LOCATION_CONFLICT::Coding region xref gene does not exist
plasmid_files/CP028554.1_results/PROKKA_06292018:CDS	Recombination-promoting nuclease RpnA	CP028554.1:c6253-5300	FNGCKOFL_00006

DiscRep_SUB:FEATURE_LOCATION_CONFLICT::Coding region xref gene does not exist
plasmid_files/CP028554.1_results/PROKKA_06292018:CDS	hypothetical protein	CP028554.1:c6640-6374	FNGCKOFL_00007

DiscRep_SUB:FEATURE_LOCATION_CONFLICT::Coding region xref gene does not exist
plasmid_files/CP028554.1_results/PROKKA_06292018:CDS	Putative transposon Tn552 DNA-invertase bin3	CP028554.1:c7280-6660	FNGCKOFL_00008

DiscRep_SUB:FEATURE_LOCATION_CONFLICT::Coding region xref gene does not exist
plasmid_files/CP028554.1_results/PROKKA_06292018:CDS	DNA-cytosine methyltransferase	CP028554.1:7659-9092	FNGCKOFL_00009

DiscRep_SUB:FEATURE_LOCATION_CONFLICT::Coding region xref gene does not exist
plasmid_files/CP028554.1_results/PROKKA_06292018:CDS	Type-2 restriction enzyme EcoRII	CP028554.1:c10335-9127	FNGCKOFL_00010

DiscRep_SUB:FEATURE_LOCATION_CONFLICT::Coding region xref gene does not exist
plasmid_files/CP028554.1_results/PROKKA_06292018:CDS	hypothetical protein	CP028554.1:10415-10585	FNGCKOFL_00011

DiscRep_SUB:FEATURE_LOCATION_CONFLICT::Coding region xref gene does not exist
plasmid_files/CP028554.1_results/PROKKA_06292018:CDS	hypothetical protein	CP028554.1:10649-13402	FNGCKOFL_00012

DiscRep_SUB:FEATURE_LOCATION_CONFLICT::Coding region xref gene does not exist
plasmid_files/CP028554.1_results/PROKKA_06292018:CDS	Serine recombinase PinR	CP028554.1:c14104-13508	FNGCKOFL_00013

DiscRep_SUB:FEATURE_LOCATION_CONFLICT::Coding region xref gene does not exist
plasmid_files/CP028554.1_results/PROKKA_06292018:CDS	hypothetical protein	CP028554.1:14644-15162	FNGCKOFL_00014

DiscRep_SUB:FEATURE_LOCATION_CONFLICT::Coding region xref gene does not exist
plasmid_files/CP028554.1_results/PROKKA_06292018:CDS	Iron-sulfur cluster carrier protein	CP028554.1:15508-16155	FNGCKOFL_00015

DiscRep_SUB:FEATURE_LOCATION_CONFLICT::Coding region xref gene does not exist
plasmid_files/CP028554.1_results/PROKKA_06292018:CDS	hypothetical protein	CP028554.1:16146-16421	FNGCKOFL_00016

DiscRep_SUB:FEATURE_LOCATION_CONFLICT::Coding region xref gene does not exist
plasmid_files/CP028554.1_results/PROKKA_06292018:CDS	hypothetical protein	CP028554.1:c16822-16622	FNGCKOFL_00017

DiscRep_SUB:FEATURE_LOCATION_CONFLICT::Coding region xref gene does not exist
plasmid_files/CP028554.1_results/PROKKA_06292018:CDS	Protein UmuC	CP028554.1:c18195-16924	FNGCKOFL_00018

DiscRep_SUB:FEATURE_LOCATION_CONFLICT::Coding region xref gene does not exist
plasmid_files/CP028554.1_results/PROKKA_06292018:CDS	Protein UmuD	CP028554.1:c18668-18207	FNGCKOFL_00019

DiscRep_SUB:FEATURE_LOCATION_CONFLICT::Coding region xref gene does not exist
plasmid_files/CP028554.1_results/PROKKA_06292018:CDS	hypothetical protein	CP028554.1:c18898-18653	FNGCKOFL_00020

DiscRep_SUB:FEATURE_LOCATION_CONFLICT::Coding region xref gene does not exist
plasmid_files/CP028554.1_results/PROKKA_06292018:CDS	hypothetical protein	CP028554.1:19102-19332	FNGCKOFL_00021

DiscRep_SUB:FEATURE_LOCATION_CONFLICT::Coding region xref gene does not exist
plasmid_files/CP028554.1_results/PROKKA_06292018:CDS	DNA adenine methyltransferase YhdJ	CP028554.1:19768-20469	FNGCKOFL_00022

DiscRep_SUB:FEATURE_LOCATION_CONFLICT::Coding region xref gene does not exist
plasmid_files/CP028554.1_results/PROKKA_06292018:CDS	hypothetical protein	CP028554.1:20469-20690	FNGCKOFL_00023

DiscRep_SUB:FEATURE_LOCATION_CONFLICT::Coding region xref gene does not exist
plasmid_files/CP028554.1_results/PROKKA_06292018:CDS	hypothetical protein	CP028554.1:20737-21147	FNGCKOFL_00024

DiscRep_SUB:FEATURE_LOCATION_CONFLICT::Coding region xref gene does not exist
plasmid_files/CP028554.1_results/PROKKA_06292018:CDS	hypothetical protein	CP028554.1:21199-21966	FNGCKOFL_00025

DiscRep_SUB:FEATURE_LOCATION_CONFLICT::Coding region xref gene does not exist
plasmid_files/CP028554.1_results/PROKKA_06292018:CDS	Antirestriction protein KlcA	CP028554.1:22405-22833	FNGCKOFL_00026

DiscRep_SUB:FEATURE_LOCATION_CONFLICT::Coding region xref gene does not exist
plasmid_files/CP028554.1_results/PROKKA_06292018:CDS	hypothetical protein	CP028554.1:22878-23384	FNGCKOFL_00027

DiscRep_SUB:FEATURE_LOCATION_CONFLICT::Coding region xref gene does not exist
plasmid_files/CP028554.1_results/PROKKA_06292018:CDS	hypothetical protein	CP028554.1:23427-23618	FNGCKOFL_00028

DiscRep_SUB:FEATURE_LOCATION_CONFLICT::Coding region xref gene does not exist
plasmid_files/CP028554.1_results/PROKKA_06292018:CDS	DNA polymerase III subunit theta	CP028554.1:23765-24082	FNGCKOFL_00029

DiscRep_SUB:FEATURE_LOCATION_CONFLICT::Coding region xref gene does not exist
plasmid_files/CP028554.1_results/PROKKA_06292018:CDS	hypothetical protein	CP028554.1:24107-24427	FNGCKOFL_00030

DiscRep_SUB:FEATURE_LOCATION_CONFLICT::Coding region xref gene does not exist
plasmid_files/CP028554.1_results/PROKKA_06292018:CDS	Plasmid-derived single-stranded DNA-binding protein	CP028554.1:25072-25629	FNGCKOFL_00031

DiscRep_SUB:FEATURE_LOCATION_CONFLICT::Coding region xref gene does not exist
plasmid_files/CP028554.1_results/PROKKA_06292018:CDS	hypothetical protein	CP028554.1:25678-25926	FNGCKOFL_00032

DiscRep_SUB:FEATURE_LOCATION_CONFLICT::Coding region xref gene does not exist
plasmid_files/CP028554.1_results/PROKKA_06292018:CDS	Chromosome-partitioning protein Spo0J	CP028554.1:25997-27997	FNGCKOFL_00033

DiscRep_SUB:FEATURE_LOCATION_CONFLICT::Coding region xref gene does not exist
plasmid_files/CP028554.1_results/PROKKA_06292018:CDS	Protein PsiB	CP028554.1:28041-28472	FNGCKOFL_00034

DiscRep_SUB:FEATURE_LOCATION_CONFLICT::Coding region xref gene does not exist
plasmid_files/CP028554.1_results/PROKKA_06292018:CDS	hypothetical protein	CP028554.1:28469-29197	FNGCKOFL_00035

DiscRep_SUB:FEATURE_LOCATION_CONFLICT::Coding region xref gene does not exist
plasmid_files/CP028554.1_results/PROKKA_06292018:CDS	hypothetical protein	CP028554.1:29194-29517	FNGCKOFL_00036

DiscRep_SUB:FEATURE_LOCATION_CONFLICT::Coding region xref gene does not exist
plasmid_files/CP028554.1_results/PROKKA_06292018:CDS	hypothetical protein	CP028554.1:c29639-29508	FNGCKOFL_00037

DiscRep_SUB:FEATURE_LOCATION_CONFLICT::Coding region xref gene does not exist
plasmid_files/CP028554.1_results/PROKKA_06292018:CDS	hypothetical protein	CP028554.1:30313-30540	FNGCKOFL_00038

DiscRep_SUB:FEATURE_LOCATION_CONFLICT::Coding region xref gene does not exist
plasmid_files/CP028554.1_results/PROKKA_06292018:CDS	hypothetical protein	CP028554.1:30633-30863	FNGCKOFL_00039

DiscRep_SUB:FEATURE_LOCATION_CONFLICT::Coding region xref gene does not exist
plasmid_files/CP028554.1_results/PROKKA_06292018:CDS	hypothetical protein	CP028554.1:30912-31787	FNGCKOFL_00040

DiscRep_SUB:FEATURE_LOCATION_CONFLICT::Coding region xref gene does not exist
plasmid_files/CP028554.1_results/PROKKA_06292018:CDS	hypothetical protein	CP028554.1:32607-32945	FNGCKOFL_00041

DiscRep_SUB:FEATURE_LOCATION_CONFLICT::Coding region xref gene does not exist
plasmid_files/CP028554.1_results/PROKKA_06292018:CDS	hypothetical protein	CP028554.1:33000-33347	FNGCKOFL_00042

DiscRep_SUB:FEATURE_LOCATION_CONFLICT::Coding region xref gene does not exist
plasmid_files/CP028554.1_results/PROKKA_06292018:CDS	hypothetical protein	CP028554.1:33344-33469	FNGCKOFL_00043

DiscRep_SUB:FEATURE_LOCATION_CONFLICT::Coding region xref gene does not exist
plasmid_files/CP028554.1_results/PROKKA_06292018:CDS	hypothetical protein	CP028554.1:33438-33668	FNGCKOFL_00044

DiscRep_SUB:FEATURE_LOCATION_CONFLICT::Coding region xref gene does not exist
plasmid_files/CP028554.1_results/PROKKA_06292018:CDS	hypothetical protein	CP028554.1:33715-34548	FNGCKOFL_00045

DiscRep_SUB:FEATURE_LOCATION_CONFLICT::Coding region xref gene does not exist
plasmid_files/CP028554.1_results/PROKKA_06292018:CDS	Antirestriction protein KlcA	CP028554.1:35197-35739	FNGCKOFL_00046

DiscRep_SUB:FEATURE_LOCATION_CONFLICT::Coding region xref gene does not exist
plasmid_files/CP028554.1_results/PROKKA_06292018:CDS	hypothetical protein	CP028554.1:c36184-35762	FNGCKOFL_00047

DiscRep_SUB:FEATURE_LOCATION_CONFLICT::Coding region xref gene does not exist
plasmid_files/CP028554.1_results/PROKKA_06292018:CDS	Relaxosome protein TraM	CP028554.1:36690-37082	FNGCKOFL_00048

DiscRep_SUB:FEATURE_LOCATION_CONFLICT::Coding region xref gene does not exist
plasmid_files/CP028554.1_results/PROKKA_06292018:CDS	hypothetical protein	CP028554.1:37320-38021	FNGCKOFL_00049

DiscRep_SUB:FEATURE_LOCATION_CONFLICT::Coding region xref gene does not exist
plasmid_files/CP028554.1_results/PROKKA_06292018:CDS	Pilin	CP028554.1:38408-38776	FNGCKOFL_00050

DiscRep_SUB:FEATURE_LOCATION_CONFLICT::Coding region xref gene does not exist
plasmid_files/CP028554.1_results/PROKKA_06292018:CDS	hypothetical protein	CP028554.1:38790-39095	FNGCKOFL_00051

DiscRep_SUB:FEATURE_LOCATION_CONFLICT::Coding region xref gene does not exist
plasmid_files/CP028554.1_results/PROKKA_06292018:CDS	hypothetical protein	CP028554.1:39111-39677	FNGCKOFL_00052

DiscRep_SUB:FEATURE_LOCATION_CONFLICT::Coding region xref gene does not exist
plasmid_files/CP028554.1_results/PROKKA_06292018:CDS	hypothetical protein	CP028554.1:39664-40398	FNGCKOFL_00053

DiscRep_SUB:FEATURE_LOCATION_CONFLICT::Coding region xref gene does not exist
plasmid_files/CP028554.1_results/PROKKA_06292018:CDS	hypothetical protein	CP028554.1:40398-41819	FNGCKOFL_00054

DiscRep_SUB:FEATURE_LOCATION_CONFLICT::Coding region xref gene does not exist
plasmid_files/CP028554.1_results/PROKKA_06292018:CDS	hypothetical protein	CP028554.1:41812-42246	FNGCKOFL_00055

DiscRep_SUB:FEATURE_LOCATION_CONFLICT::Coding region xref gene does not exist
plasmid_files/CP028554.1_results/PROKKA_06292018:CDS	Protein TraV	CP028554.1:42280-42864	FNGCKOFL_00056

DiscRep_SUB:FEATURE_LOCATION_CONFLICT::Coding region xref gene does not exist
plasmid_files/CP028554.1_results/PROKKA_06292018:CDS	hypothetical protein	CP028554.1:43192-43470	FNGCKOFL_00057

DiscRep_SUB:FEATURE_LOCATION_CONFLICT::Coding region xref gene does not exist
plasmid_files/CP028554.1_results/PROKKA_06292018:CDS	hypothetical protein	CP028554.1:43477-43665	FNGCKOFL_00058

DiscRep_SUB:FEATURE_LOCATION_CONFLICT::Coding region xref gene does not exist
plasmid_files/CP028554.1_results/PROKKA_06292018:CDS	hypothetical protein	CP028554.1:43749-44150	FNGCKOFL_00059

DiscRep_SUB:FEATURE_LOCATION_CONFLICT::Coding region xref gene does not exist
plasmid_files/CP028554.1_results/PROKKA_06292018:CDS	hypothetical protein	CP028554.1:44147-44446	FNGCKOFL_00060

DiscRep_SUB:FEATURE_LOCATION_CONFLICT::Coding region xref gene does not exist
plasmid_files/CP028554.1_results/PROKKA_06292018:CDS	hypothetical protein	CP028554.1:44534-44917	FNGCKOFL_00061

DiscRep_SUB:FEATURE_LOCATION_CONFLICT::Coding region xref gene does not exist
plasmid_files/CP028554.1_results/PROKKA_06292018:CDS	Protein TraC	CP028554.1:45010-47649	FNGCKOFL_00062

DiscRep_SUB:FEATURE_LOCATION_CONFLICT::Coding region xref gene does not exist
plasmid_files/CP028554.1_results/PROKKA_06292018:CDS	hypothetical protein	CP028554.1:47649-48041	FNGCKOFL_00063

DiscRep_SUB:FEATURE_LOCATION_CONFLICT::Coding region xref gene does not exist
plasmid_files/CP028554.1_results/PROKKA_06292018:CDS	hypothetical protein	CP028554.1:48038-48664	FNGCKOFL_00064

DiscRep_SUB:FEATURE_LOCATION_CONFLICT::Coding region xref gene does not exist
plasmid_files/CP028554.1_results/PROKKA_06292018:CDS	hypothetical protein	CP028554.1:48675-49667	FNGCKOFL_00065

DiscRep_SUB:FEATURE_LOCATION_CONFLICT::Coding region xref gene does not exist
plasmid_files/CP028554.1_results/PROKKA_06292018:CDS	hypothetical protein	CP028554.1:49680-50327	FNGCKOFL_00066

DiscRep_SUB:FEATURE_LOCATION_CONFLICT::Coding region xref gene does not exist
plasmid_files/CP028554.1_results/PROKKA_06292018:CDS	hypothetical protein	CP028554.1:50324-50707	FNGCKOFL_00067

DiscRep_SUB:FEATURE_LOCATION_CONFLICT::Coding region xref gene does not exist
plasmid_files/CP028554.1_results/PROKKA_06292018:CDS	hypothetical protein	CP028554.1:50704-52659	FNGCKOFL_00068

DiscRep_SUB:FEATURE_LOCATION_CONFLICT::Coding region xref gene does not exist
plasmid_files/CP028554.1_results/PROKKA_06292018:CDS	hypothetical protein	CP028554.1:52691-52951	FNGCKOFL_00069

DiscRep_SUB:FEATURE_LOCATION_CONFLICT::Coding region xref gene does not exist
plasmid_files/CP028554.1_results/PROKKA_06292018:CDS	hypothetical protein	CP028554.1:52944-53555	FNGCKOFL_00070

DiscRep_SUB:FEATURE_LOCATION_CONFLICT::Coding region xref gene does not exist
plasmid_files/CP028554.1_results/PROKKA_06292018:CDS	hypothetical protein	CP028554.1:53545-53787	FNGCKOFL_00071

DiscRep_SUB:FEATURE_LOCATION_CONFLICT::Coding region xref gene does not exist
plasmid_files/CP028554.1_results/PROKKA_06292018:CDS	hypothetical protein	CP028554.1:53833-54159	FNGCKOFL_00072

DiscRep_SUB:FEATURE_LOCATION_CONFLICT::Coding region xref gene does not exist
plasmid_files/CP028554.1_results/PROKKA_06292018:CDS	hypothetical protein	CP028554.1:54180-54932	FNGCKOFL_00073

DiscRep_SUB:FEATURE_LOCATION_CONFLICT::Coding region xref gene does not exist
plasmid_files/CP028554.1_results/PROKKA_06292018:CDS	Protein TraQ	CP028554.1:54943-55179	FNGCKOFL_00074

DiscRep_SUB:FEATURE_LOCATION_CONFLICT::Coding region xref gene does not exist
plasmid_files/CP028554.1_results/PROKKA_06292018:CDS	hypothetical protein	CP028554.1:55154-55714	FNGCKOFL_00075

DiscRep_SUB:FEATURE_LOCATION_CONFLICT::Coding region xref gene does not exist
plasmid_files/CP028554.1_results/PROKKA_06292018:CDS	hypothetical protein	CP028554.1:55701-57071	FNGCKOFL_00076

DiscRep_SUB:FEATURE_LOCATION_CONFLICT::Coding region xref gene does not exist
plasmid_files/CP028554.1_results/PROKKA_06292018:CDS	hypothetical protein	CP028554.1:57071-59950	FNGCKOFL_00077

DiscRep_SUB:FEATURE_LOCATION_CONFLICT::Coding region xref gene does not exist
plasmid_files/CP028554.1_results/PROKKA_06292018:CDS	Protein TraS	CP028554.1:59967-60635	FNGCKOFL_00078

DiscRep_SUB:FEATURE_LOCATION_CONFLICT::Coding region xref gene does not exist
plasmid_files/CP028554.1_results/PROKKA_06292018:CDS	Lipoprotein YlpA	CP028554.1:60988-61719	FNGCKOFL_00079

DiscRep_SUB:FEATURE_LOCATION_CONFLICT::Coding region xref gene does not exist
plasmid_files/CP028554.1_results/PROKKA_06292018:CDS	hypothetical protein	CP028554.1:61911-62603	FNGCKOFL_00080

DiscRep_SUB:FEATURE_LOCATION_CONFLICT::Coding region xref gene does not exist
plasmid_files/CP028554.1_results/PROKKA_06292018:CDS	Coupling protein TraD	CP028554.1:62722-65040	FNGCKOFL_00081

DiscRep_SUB:FEATURE_LOCATION_CONFLICT::Coding region xref gene does not exist
plasmid_files/CP028554.1_results/PROKKA_06292018:CDS	Multifunctional conjugation protein TraI	CP028554.1:65040-70298	FNGCKOFL_00082

DiscRep_SUB:FEATURE_LOCATION_CONFLICT::Coding region xref gene does not exist
plasmid_files/CP028554.1_results/PROKKA_06292018:CDS	hypothetical protein	CP028554.1:70387-71106	FNGCKOFL_00083

DiscRep_SUB:FEATURE_LOCATION_CONFLICT::Coding region xref gene does not exist
plasmid_files/CP028554.1_results/PROKKA_06292018:CDS	Fertility inhibition protein	CP028554.1:71263-71853	FNGCKOFL_00084

DiscRep_SUB:FEATURE_LOCATION_CONFLICT::Coding region xref gene does not exist
plasmid_files/CP028554.1_results/PROKKA_06292018:CDS	hypothetical protein	CP028554.1:72003-72794	FNGCKOFL_00085

DiscRep_SUB:FEATURE_LOCATION_CONFLICT::Coding region xref gene does not exist
plasmid_files/CP028554.1_results/PROKKA_06292018:CDS	hypothetical protein	CP028554.1:72924-73247	FNGCKOFL_00086

DiscRep_SUB:FEATURE_LOCATION_CONFLICT::Coding region xref gene does not exist
plasmid_files/CP028554.1_results/PROKKA_06292018:CDS	hypothetical protein	CP028554.1:c76249-73244	FNGCKOFL_00087

DiscRep_SUB:FEATURE_LOCATION_CONFLICT::Coding region xref gene does not exist
plasmid_files/CP028554.1_results/PROKKA_06292018:CDS	Transposon Tn3 resolvase	CP028554.1:76412-76969	FNGCKOFL_00088

DiscRep_SUB:FEATURE_LOCATION_CONFLICT::Coding region xref gene does not exist
plasmid_files/CP028554.1_results/PROKKA_06292018:CDS	hypothetical protein	CP028554.1:77092-78072	FNGCKOFL_00089

DiscRep_SUB:FEATURE_LOCATION_CONFLICT::Coding region xref gene does not exist
plasmid_files/CP028554.1_results/PROKKA_06292018:CDS	Beta-lactamase TEM	CP028554.1:78315-78797	FNGCKOFL_00090

DiscRep_SUB:FEATURE_LOCATION_CONFLICT::Coding region xref gene does not exist
plasmid_files/CP028554.1_results/PROKKA_06292018:CDS	Carbapenem-hydrolyzing beta-lactamase KPC	CP028554.1:78892-79773	FNGCKOFL_00091

DiscRep_SUB:FEATURE_LOCATION_CONFLICT::Coding region xref gene does not exist
plasmid_files/CP028554.1_results/PROKKA_06292018:CDS	hypothetical protein	CP028554.1:c81003-80023	FNGCKOFL_00092

DiscRep_SUB:FEATURE_LOCATION_CONFLICT::Coding region xref gene does not exist
plasmid_files/CP028554.1_results/PROKKA_06292018:CDS	hypothetical protein	CP028554.1:c81304-81008	FNGCKOFL_00093

DiscRep_SUB:FEATURE_LOCATION_CONFLICT::Coding region xref gene does not exist
plasmid_files/CP028554.1_results/PROKKA_06292018:CDS	hypothetical protein	CP028554.1:c81505-81350	FNGCKOFL_00094

DiscRep_SUB:FEATURE_LOCATION_CONFLICT::Coding region xref gene does not exist
plasmid_files/CP028554.1_results/PROKKA_06292018:CDS	Antirestriction protein KlcA	CP028554.1:c82058-81633	FNGCKOFL_00095

DiscRep_SUB:FEATURE_LOCATION_CONFLICT::Coding region xref gene does not exist
plasmid_files/CP028554.1_results/PROKKA_06292018:CDS	hypothetical protein	CP028554.1:c82447-82169	FNGCKOFL_00096

DiscRep_SUB:FEATURE_LOCATION_CONFLICT::Coding region xref gene does not exist
plasmid_files/CP028554.1_results/PROKKA_06292018:CDS	hypothetical protein	CP028554.1:c83541-82981	FNGCKOFL_00097

DiscRep_SUB:FEATURE_LOCATION_CONFLICT::Coding region xref gene does not exist
plasmid_files/CP028554.1_results/PROKKA_06292018:CDS	DNA-invertase hin	CP028554.1:83990-84550	FNGCKOFL_00098

DiscRep_SUB:FEATURE_LOCATION_CONFLICT::Coding region xref gene does not exist
plasmid_files/CP028554.1_results/PROKKA_06292018:CDS	hypothetical protein	CP028554.1:84554-87520	FNGCKOFL_00099

DiscRep_SUB:FEATURE_LOCATION_CONFLICT::Coding region xref gene does not exist
plasmid_files/CP028554.1_results/PROKKA_06292018:CDS	hypothetical protein	CP028554.1:87718-88086	FNGCKOFL_00100

DiscRep_SUB:FEATURE_LOCATION_CONFLICT::Coding region xref gene does not exist
plasmid_files/CP028554.1_results/PROKKA_06292018:CDS	hypothetical protein	CP028554.1:88083-88391	FNGCKOFL_00101

DiscRep_SUB:FEATURE_LOCATION_CONFLICT::Coding region xref gene does not exist
plasmid_files/CP028554.1_results/PROKKA_06292018:CDS	Phospholipase D	CP028554.1:88486-89043	FNGCKOFL_00102

DiscRep_SUB:FEATURE_LOCATION_CONFLICT::Coding region xref gene does not exist
plasmid_files/CP028554.1_results/PROKKA_06292018:CDS	hypothetical protein	CP028554.1:89176-89430	FNGCKOFL_00103

DiscRep_ALL:SUSPECT_PRODUCT_NAMES::1 product_names contain suspect phrase or characters
DiscRep_SUB:SUSPECT_PRODUCT_NAMES::May contain database identifier more appropriate in note; remove from product name
DiscRep_SUB:SUSPECT_PRODUCT_NAMES::1 features Three or more numbers together
plasmid_files/CP028554.1_results/PROKKA_06292018:CDS	Putative transposon Tn552 DNA-invertase bin3	CP028554.1:c7280-6660	FNGCKOFL_00008

DiscRep_ALL:DISC_QUALITY_SCORES::Quality scores are missing on all sequences.

DiscRep_ALL:ONCALLER_COMMENT_PRESENT::1 comment descriptors were found (all same)
plasmid_files/CP028554.1_results/PROKKA_06292018:CP028554.1:Annotated using prokka 1.14-dev from https://github.com/tseemann/prokka

DiscRep_ALL:SHORT_PROT_SEQUENCES::2 protein sequences are shorter than 50 aa.
plasmid_files/CP028554.1_results/PROKKA_06292018:CP028554.1_37 (length 43)
plasmid_files/CP028554.1_results/PROKKA_06292018:CP028554.1_43 (length 41)

DiscRep_ALL:MISSING_GENOMEASSEMBLY_COMMENTS::1 bioseqs are missing GenomeAssembly structured comments
plasmid_files/CP028554.1_results/PROKKA_06292018:CP028554.1 (length 89738)

DiscRep_ALL:MOLTYPE_NOT_MRNA::1 molecule types are not set as mRNA.
plasmid_files/CP028554.1_results/PROKKA_06292018:CP028554.1 (length 89738)

DiscRep_ALL:TECHNIQUE_NOT_TSA::1 technique are not set as TSA
plasmid_files/CP028554.1_results/PROKKA_06292018:CP028554.1 (length 89738)

DiscRep_ALL:MISSING_STRUCTURED_COMMENT::1 sequences do not include structured comments.
plasmid_files/CP028554.1_results/PROKKA_06292018:CP028554.1 (length 89738)

DiscRep_ALL:MISSING_PROJECT::104 sequences do not include project.
plasmid_files/CP028554.1_results/PROKKA_06292018:CP028554.1 (length 89738)
plasmid_files/CP028554.1_results/PROKKA_06292018:CP028554.1_1 (length 339)
plasmid_files/CP028554.1_results/PROKKA_06292018:CP028554.1_2 (length 232)
plasmid_files/CP028554.1_results/PROKKA_06292018:CP028554.1_3 (length 243)
plasmid_files/CP028554.1_results/PROKKA_06292018:CP028554.1_4 (length 92)
plasmid_files/CP028554.1_results/PROKKA_06292018:CP028554.1_5 (length 203)
plasmid_files/CP028554.1_results/PROKKA_06292018:CP028554.1_6 (length 317)
plasmid_files/CP028554.1_results/PROKKA_06292018:CP028554.1_7 (length 88)
plasmid_files/CP028554.1_results/PROKKA_06292018:CP028554.1_8 (length 206)
plasmid_files/CP028554.1_results/PROKKA_06292018:CP028554.1_9 (length 477)
plasmid_files/CP028554.1_results/PROKKA_06292018:CP028554.1_10 (length 402)
plasmid_files/CP028554.1_results/PROKKA_06292018:CP028554.1_11 (length 56)
plasmid_files/CP028554.1_results/PROKKA_06292018:CP028554.1_12 (length 917)
plasmid_files/CP028554.1_results/PROKKA_06292018:CP028554.1_13 (length 198)
plasmid_files/CP028554.1_results/PROKKA_06292018:CP028554.1_14 (length 172)
plasmid_files/CP028554.1_results/PROKKA_06292018:CP028554.1_15 (length 215)
plasmid_files/CP028554.1_results/PROKKA_06292018:CP028554.1_16 (length 91)
plasmid_files/CP028554.1_results/PROKKA_06292018:CP028554.1_17 (length 66)
plasmid_files/CP028554.1_results/PROKKA_06292018:CP028554.1_18 (length 423)
plasmid_files/CP028554.1_results/PROKKA_06292018:CP028554.1_19 (length 153)
plasmid_files/CP028554.1_results/PROKKA_06292018:CP028554.1_20 (length 81)
plasmid_files/CP028554.1_results/PROKKA_06292018:CP028554.1_21 (length 76)
plasmid_files/CP028554.1_results/PROKKA_06292018:CP028554.1_22 (length 233)
plasmid_files/CP028554.1_results/PROKKA_06292018:CP028554.1_23 (length 73)
plasmid_files/CP028554.1_results/PROKKA_06292018:CP028554.1_24 (length 136)
plasmid_files/CP028554.1_results/PROKKA_06292018:CP028554.1_25 (length 255)
plasmid_files/CP028554.1_results/PROKKA_06292018:CP028554.1_26 (length 142)
plasmid_files/CP028554.1_results/PROKKA_06292018:CP028554.1_27 (length 168)
plasmid_files/CP028554.1_results/PROKKA_06292018:CP028554.1_28 (length 63)
plasmid_files/CP028554.1_results/PROKKA_06292018:CP028554.1_29 (length 105)
plasmid_files/CP028554.1_results/PROKKA_06292018:CP028554.1_30 (length 106)
plasmid_files/CP028554.1_results/PROKKA_06292018:CP028554.1_31 (length 185)
plasmid_files/CP028554.1_results/PROKKA_06292018:CP028554.1_32 (length 82)
plasmid_files/CP028554.1_results/PROKKA_06292018:CP028554.1_33 (length 666)
plasmid_files/CP028554.1_results/PROKKA_06292018:CP028554.1_34 (length 143)
plasmid_files/CP028554.1_results/PROKKA_06292018:CP028554.1_35 (length 242)
plasmid_files/CP028554.1_results/PROKKA_06292018:CP028554.1_36 (length 107)
plasmid_files/CP028554.1_results/PROKKA_06292018:CP028554.1_37 (length 43)
plasmid_files/CP028554.1_results/PROKKA_06292018:CP028554.1_38 (length 75)
plasmid_files/CP028554.1_results/PROKKA_06292018:CP028554.1_39 (length 76)
plasmid_files/CP028554.1_results/PROKKA_06292018:CP028554.1_40 (length 291)
plasmid_files/CP028554.1_results/PROKKA_06292018:CP028554.1_41 (length 112)
plasmid_files/CP028554.1_results/PROKKA_06292018:CP028554.1_42 (length 115)
plasmid_files/CP028554.1_results/PROKKA_06292018:CP028554.1_43 (length 41)
plasmid_files/CP028554.1_results/PROKKA_06292018:CP028554.1_44 (length 76)
plasmid_files/CP028554.1_results/PROKKA_06292018:CP028554.1_45 (length 277)
plasmid_files/CP028554.1_results/PROKKA_06292018:CP028554.1_46 (length 180)
plasmid_files/CP028554.1_results/PROKKA_06292018:CP028554.1_47 (length 140)
plasmid_files/CP028554.1_results/PROKKA_06292018:CP028554.1_48 (length 130)
plasmid_files/CP028554.1_results/PROKKA_06292018:CP028554.1_49 (length 233)
plasmid_files/CP028554.1_results/PROKKA_06292018:CP028554.1_50 (length 122)
plasmid_files/CP028554.1_results/PROKKA_06292018:CP028554.1_51 (length 101)
plasmid_files/CP028554.1_results/PROKKA_06292018:CP028554.1_52 (length 188)
plasmid_files/CP028554.1_results/PROKKA_06292018:CP028554.1_53 (length 244)
plasmid_files/CP028554.1_results/PROKKA_06292018:CP028554.1_54 (length 473)
plasmid_files/CP028554.1_results/PROKKA_06292018:CP028554.1_55 (length 144)
plasmid_files/CP028554.1_results/PROKKA_06292018:CP028554.1_56 (length 194)
plasmid_files/CP028554.1_results/PROKKA_06292018:CP028554.1_57 (length 92)
plasmid_files/CP028554.1_results/PROKKA_06292018:CP028554.1_58 (length 62)
plasmid_files/CP028554.1_results/PROKKA_06292018:CP028554.1_59 (length 133)
plasmid_files/CP028554.1_results/PROKKA_06292018:CP028554.1_60 (length 99)
plasmid_files/CP028554.1_results/PROKKA_06292018:CP028554.1_61 (length 127)
plasmid_files/CP028554.1_results/PROKKA_06292018:CP028554.1_62 (length 879)
plasmid_files/CP028554.1_results/PROKKA_06292018:CP028554.1_63 (length 130)
plasmid_files/CP028554.1_results/PROKKA_06292018:CP028554.1_64 (length 208)
plasmid_files/CP028554.1_results/PROKKA_06292018:CP028554.1_65 (length 330)
plasmid_files/CP028554.1_results/PROKKA_06292018:CP028554.1_66 (length 215)
plasmid_files/CP028554.1_results/PROKKA_06292018:CP028554.1_67 (length 127)
plasmid_files/CP028554.1_results/PROKKA_06292018:CP028554.1_68 (length 651)
plasmid_files/CP028554.1_results/PROKKA_06292018:CP028554.1_69 (length 86)
plasmid_files/CP028554.1_results/PROKKA_06292018:CP028554.1_70 (length 203)
plasmid_files/CP028554.1_results/PROKKA_06292018:CP028554.1_71 (length 80)
plasmid_files/CP028554.1_results/PROKKA_06292018:CP028554.1_72 (length 108)
plasmid_files/CP028554.1_results/PROKKA_06292018:CP028554.1_73 (length 250)
plasmid_files/CP028554.1_results/PROKKA_06292018:CP028554.1_74 (length 78)
plasmid_files/CP028554.1_results/PROKKA_06292018:CP028554.1_75 (length 186)
plasmid_files/CP028554.1_results/PROKKA_06292018:CP028554.1_76 (length 456)
plasmid_files/CP028554.1_results/PROKKA_06292018:CP028554.1_77 (length 959)
plasmid_files/CP028554.1_results/PROKKA_06292018:CP028554.1_78 (length 222)
plasmid_files/CP028554.1_results/PROKKA_06292018:CP028554.1_79 (length 243)
plasmid_files/CP028554.1_results/PROKKA_06292018:CP028554.1_80 (length 230)
plasmid_files/CP028554.1_results/PROKKA_06292018:CP028554.1_81 (length 772)
plasmid_files/CP028554.1_results/PROKKA_06292018:CP028554.1_82 (length 1752)
plasmid_files/CP028554.1_results/PROKKA_06292018:CP028554.1_83 (length 239)
plasmid_files/CP028554.1_results/PROKKA_06292018:CP028554.1_84 (length 196)
plasmid_files/CP028554.1_results/PROKKA_06292018:CP028554.1_85 (length 263)
plasmid_files/CP028554.1_results/PROKKA_06292018:CP028554.1_86 (length 107)
plasmid_files/CP028554.1_results/PROKKA_06292018:CP028554.1_87 (length 1001)
plasmid_files/CP028554.1_results/PROKKA_06292018:CP028554.1_88 (length 185)
plasmid_files/CP028554.1_results/PROKKA_06292018:CP028554.1_89 (length 326)
plasmid_files/CP028554.1_results/PROKKA_06292018:CP028554.1_90 (length 160)
plasmid_files/CP028554.1_results/PROKKA_06292018:CP028554.1_91 (length 293)
plasmid_files/CP028554.1_results/PROKKA_06292018:CP028554.1_92 (length 326)
plasmid_files/CP028554.1_results/PROKKA_06292018:CP028554.1_93 (length 98)
plasmid_files/CP028554.1_results/PROKKA_06292018:CP028554.1_94 (length 51)
plasmid_files/CP028554.1_results/PROKKA_06292018:CP028554.1_95 (length 141)
plasmid_files/CP028554.1_results/PROKKA_06292018:CP028554.1_96 (length 92)
plasmid_files/CP028554.1_results/PROKKA_06292018:CP028554.1_97 (length 186)
plasmid_files/CP028554.1_results/PROKKA_06292018:CP028554.1_98 (length 186)
plasmid_files/CP028554.1_results/PROKKA_06292018:CP028554.1_99 (length 988)
plasmid_files/CP028554.1_results/PROKKA_06292018:CP028554.1_100 (length 122)
plasmid_files/CP028554.1_results/PROKKA_06292018:CP028554.1_101 (length 102)
plasmid_files/CP028554.1_results/PROKKA_06292018:CP028554.1_102 (length 185)
plasmid_files/CP028554.1_results/PROKKA_06292018:CP028554.1_103 (length 84)

DiscRep_ALL:DISC_INCONSISTENT_MOLINFO_TECH::Molinfo Technique Report (some missing, all same)
DiscRep_SUB:DISC_INCONSISTENT_MOLINFO_TECH::technique (all missing)
DiscRep_SUB:DISC_INCONSISTENT_MOLINFO_TECH::1 Molinfos are missing field technique
plasmid_files/CP028554.1_results/PROKKA_06292018:CP028554.1 (length 89738)

